[INFO] Scanning for projects...
[INFO] Inspecting build with total of 5 modules...
[INFO] Installing Nexus Staging features:
[INFO]   ... total of 5 executions of maven-deploy-plugin replaced with nexus-staging-maven-plugin
[INFO] ------------------------------------------------------------------------
[INFO] Reactor Build Order:
[INFO] 
[INFO] Google Cloud Pub/Sub Lite Parent                                   [pom]
[INFO] proto-google-cloud-pubsublite-v1                                   [jar]
[INFO] grpc-google-cloud-pubsublite-v1                                    [jar]
[INFO] Google Cloud Pub/Sub Lite                                          [jar]
[INFO] Pub/Sub Lite IO                                                    [jar]
[INFO] 
[INFO] ----------< com.google.cloud:google-cloud-pubsublite-parent >-----------
[INFO] Building Google Cloud Pub/Sub Lite Parent 0.16.2-SNAPSHOT          [1/5]
[INFO] --------------------------------[ pom ]---------------------------------
[INFO] 
[INFO] --- maven-clean-plugin:2.5:clean (default-clean) @ google-cloud-pubsublite-parent ---
[INFO] Deleting /home/gabsko/breaking-updates/target
[INFO] 
[INFO] --- flatten-maven-plugin:1.2.7:clean (flatten.clean) @ google-cloud-pubsublite-parent ---
[INFO] Deleting /home/gabsko/breaking-updates/.flattened-pom.xml
[INFO] 
[INFO] --- maven-enforcer-plugin:3.0.0-M3:enforce (enforce) @ google-cloud-pubsublite-parent ---
[INFO] Adding ignore: module-info
[INFO] Adding ignore: META-INF/versions/*/module-info
[INFO] 
[INFO] --- maven-checkstyle-plugin:3.1.2:check (checkstyle) @ google-cloud-pubsublite-parent ---
[INFO] Starting audit...
Audit done.
[INFO] You have 0 Checkstyle violations.
[INFO] 
[INFO] --- jacoco-maven-plugin:0.8.7:prepare-agent (default) @ google-cloud-pubsublite-parent ---
[INFO] argLine set to -javaagent:/home/gabsko/.m2/repository/org/jacoco/org.jacoco.agent/0.8.7/org.jacoco.agent-0.8.7-runtime.jar=destfile=/home/gabsko/breaking-updates/target/jacoco.exec
[INFO] 
[INFO] --- build-helper-maven-plugin:3.2.0:add-resource (add-main-proto-resources) @ google-cloud-pubsublite-parent ---
[INFO] 
[INFO] --- flatten-maven-plugin:1.2.7:flatten (flatten) @ google-cloud-pubsublite-parent ---
[INFO] Generating flattened POM of project com.google.cloud:google-cloud-pubsublite-parent:pom:0.16.2-SNAPSHOT...
[INFO] 
[INFO] --- build-helper-maven-plugin:3.2.0:add-test-resource (add-test-proto-resources) @ google-cloud-pubsublite-parent ---
[INFO] 
[INFO] --- jacoco-maven-plugin:0.8.7:report (report) @ google-cloud-pubsublite-parent ---
[INFO] Skipping JaCoCo execution due to missing execution data file.
[INFO] 
[INFO] --------< com.google.api.grpc:proto-google-cloud-pubsublite-v1 >--------
[INFO] Building proto-google-cloud-pubsublite-v1 0.16.2-SNAPSHOT          [2/5]
[INFO] --------------------------------[ jar ]---------------------------------
[INFO] 
[INFO] --- maven-clean-plugin:2.5:clean (default-clean) @ proto-google-cloud-pubsublite-v1 ---
[INFO] Deleting /home/gabsko/breaking-updates/proto-google-cloud-pubsublite-v1/target
[INFO] 
[INFO] --- flatten-maven-plugin:1.2.7:clean (flatten.clean) @ proto-google-cloud-pubsublite-v1 ---
[INFO] Deleting /home/gabsko/breaking-updates/proto-google-cloud-pubsublite-v1/.flattened-pom.xml
[INFO] 
[INFO] --- maven-enforcer-plugin:3.0.0-M3:enforce (enforce) @ proto-google-cloud-pubsublite-v1 ---
[INFO] Adding ignore: module-info
[INFO] Adding ignore: META-INF/versions/*/module-info
[INFO] 
[INFO] --- maven-checkstyle-plugin:3.1.2:check (checkstyle) @ proto-google-cloud-pubsublite-v1 ---
[INFO] 
[INFO] --- jacoco-maven-plugin:0.8.7:prepare-agent (default) @ proto-google-cloud-pubsublite-v1 ---
[INFO] argLine set to -javaagent:/home/gabsko/.m2/repository/org/jacoco/org.jacoco.agent/0.8.7/org.jacoco.agent-0.8.7-runtime.jar=destfile=/home/gabsko/breaking-updates/proto-google-cloud-pubsublite-v1/target/jacoco.exec
[INFO] 
[INFO] --- build-helper-maven-plugin:3.2.0:add-resource (add-main-proto-resources) @ proto-google-cloud-pubsublite-v1 ---
[INFO] 
[INFO] --- maven-resources-plugin:2.6:resources (default-resources) @ proto-google-cloud-pubsublite-v1 ---
[INFO] Using 'UTF-8' encoding to copy filtered resources.
[INFO] skip non existing resourceDirectory /home/gabsko/breaking-updates/proto-google-cloud-pubsublite-v1/src/main/resources
[INFO] Copying 6 resources
[INFO] 
[INFO] --- flatten-maven-plugin:1.2.7:flatten (flatten) @ proto-google-cloud-pubsublite-v1 ---
[INFO] Generating flattened POM of project com.google.api.grpc:proto-google-cloud-pubsublite-v1:jar:0.16.2-SNAPSHOT...
[INFO] 
[INFO] --- maven-compiler-plugin:3.8.1:compile (default-compile) @ proto-google-cloud-pubsublite-v1 ---
[INFO] Changes detected - recompiling the module!
[INFO] Compiling 144 source files to /home/gabsko/breaking-updates/proto-google-cloud-pubsublite-v1/target/classes
[WARNING] bootstrap class path not set in conjunction with -source 8
[WARNING] No processor claimed any of these annotations: javax.annotation.Generated
[WARNING] /home/gabsko/breaking-updates/proto-google-cloud-pubsublite-v1/src/main/java/com/google/cloud/pubsublite/proto/ReservationName.java:[157,18] [EqualsGetClass] Prefer instanceof to getClass when implementing Object#equals.
    (see https://errorprone.info/bugpattern/EqualsGetClass)
[WARNING] /home/gabsko/breaking-updates/proto-google-cloud-pubsublite-v1/src/main/java/com/google/cloud/pubsublite/proto/FlowControlRequest.java:[312,17] [ReferenceEquality] Comparison using reference equality instead of value equality
    (see https://errorprone.info/bugpattern/ReferenceEquality)
  Did you mean 'return this.equals(DEFAULT_INSTANCE) ? new Builder() : new Builder().mergeFrom(this);'?
[WARNING] /home/gabsko/breaking-updates/proto-google-cloud-pubsublite-v1/src/main/java/com/google/cloud/pubsublite/proto/FlowControlRequest.java:[447,17] [ReferenceEquality] Comparison using reference equality instead of value equality
    (see https://errorprone.info/bugpattern/ReferenceEquality)
  Did you mean 'if (Objects.equals(other, com.google.cloud.pubsublite.proto.FlowControlRequest.getDefaultInstance()))' or 'if (other.equals(com.google.cloud.pubsublite.proto.FlowControlRequest.getDefaultInstance()))'?
[WARNING] /home/gabsko/breaking-updates/proto-google-cloud-pubsublite-v1/src/main/java/com/google/cloud/pubsublite/proto/CommitCursorResponse.java:[248,17] [ReferenceEquality] Comparison using reference equality instead of value equality
    (see https://errorprone.info/bugpattern/ReferenceEquality)
  Did you mean 'return this.equals(DEFAULT_INSTANCE) ? new Builder() : new Builder().mergeFrom(this);'?
[WARNING] /home/gabsko/breaking-updates/proto-google-cloud-pubsublite-v1/src/main/java/com/google/cloud/pubsublite/proto/CommitCursorResponse.java:[376,17] [ReferenceEquality] Comparison using reference equality instead of value equality
    (see https://errorprone.info/bugpattern/ReferenceEquality)
  Did you mean 'if (Objects.equals(other, com.google.cloud.pubsublite.proto.CommitCursorResponse.getDefaultInstance()))' or 'if (other.equals(com.google.cloud.pubsublite.proto.CommitCursorResponse.getDefaultInstance()))'?
[WARNING] /home/gabsko/breaking-updates/proto-google-cloud-pubsublite-v1/src/main/java/com/google/cloud/pubsublite/proto/AttributeValues.java:[407,11] [UnusedVariable] The local variable 'from_bitField0_' is never read.
    (see https://errorprone.info/bugpattern/UnusedVariable)
  Did you mean to remove this line?
[WARNING] /home/gabsko/breaking-updates/proto-google-cloud-pubsublite-v1/src/main/java/com/google/cloud/pubsublite/proto/AttributeValues.java:[148,14] [MissingOverride] getValuesCount implements method in AttributeValuesOrBuilder; expected @Override
    (see https://errorprone.info/bugpattern/MissingOverride)
  Did you mean '@Override public int getValuesCount() {'?
[WARNING] /home/gabsko/breaking-updates/proto-google-cloud-pubsublite-v1/src/main/java/com/google/cloud/pubsublite/proto/AttributeValues.java:[163,41] [MissingOverride] getValues implements method in AttributeValuesOrBuilder; expected @Override
    (see https://errorprone.info/bugpattern/MissingOverride)
  Did you mean '@Override public com.google.protobuf.ByteString getValues(int index) {'?
[WARNING] /home/gabsko/breaking-updates/proto-google-cloud-pubsublite-v1/src/main/java/com/google/cloud/pubsublite/proto/AttributeValues.java:[325,17] [ReferenceEquality] Comparison using reference equality instead of value equality
    (see https://errorprone.info/bugpattern/ReferenceEquality)
  Did you mean 'return this.equals(DEFAULT_INSTANCE) ? new Builder() : new Builder().mergeFrom(this);'?
[WARNING] /home/gabsko/breaking-updates/proto-google-cloud-pubsublite-v1/src/main/java/com/google/cloud/pubsublite/proto/AttributeValues.java:[461,17] [ReferenceEquality] Comparison using reference equality instead of value equality
    (see https://errorprone.info/bugpattern/ReferenceEquality)
  Did you mean 'if (Objects.equals(other, com.google.cloud.pubsublite.proto.AttributeValues.getDefaultInstance()))' or 'if (other.equals(com.google.cloud.pubsublite.proto.AttributeValues.getDefaultInstance()))'?
[WARNING] /home/gabsko/breaking-updates/proto-google-cloud-pubsublite-v1/src/main/java/com/google/cloud/pubsublite/proto/AttributeValues.java:[525,59] [MissingOverride] getValuesList implements method in AttributeValuesOrBuilder; expected @Override
    (see https://errorprone.info/bugpattern/MissingOverride)
  Did you mean '@Override public java.util.List<com.google.protobuf.ByteString> getValuesList() {'?
[WARNING] /home/gabsko/breaking-updates/proto-google-cloud-pubsublite-v1/src/main/java/com/google/cloud/pubsublite/proto/AttributeValues.java:[541,16] [MissingOverride] getValuesCount implements method in AttributeValuesOrBuilder; expected @Override
    (see https://errorprone.info/bugpattern/MissingOverride)
  Did you mean '@Override public int getValuesCount() {'?
[WARNING] /home/gabsko/breaking-updates/proto-google-cloud-pubsublite-v1/src/main/java/com/google/cloud/pubsublite/proto/AttributeValues.java:[556,43] [MissingOverride] getValues implements method in AttributeValuesOrBuilder; expected @Override
    (see https://errorprone.info/bugpattern/MissingOverride)
  Did you mean '@Override public com.google.protobuf.ByteString getValues(int index) {'?
[WARNING] /home/gabsko/breaking-updates/proto-google-cloud-pubsublite-v1/src/main/java/com/google/cloud/pubsublite/proto/MessageResponse.java:[445,11] [UnusedVariable] The local variable 'from_bitField0_' is never read.
    (see https://errorprone.info/bugpattern/UnusedVariable)
  Did you mean to remove this line?
[WARNING] /home/gabsko/breaking-updates/proto-google-cloud-pubsublite-v1/src/main/java/com/google/cloud/pubsublite/proto/MessageResponse.java:[352,17] [ReferenceEquality] Comparison using reference equality instead of value equality
    (see https://errorprone.info/bugpattern/ReferenceEquality)
  Did you mean 'return this.equals(DEFAULT_INSTANCE) ? new Builder() : new Builder().mergeFrom(this);'?
[WARNING] /home/gabsko/breaking-updates/proto-google-cloud-pubsublite-v1/src/main/java/com/google/cloud/pubsublite/proto/MessageResponse.java:[503,17] [ReferenceEquality] Comparison using reference equality instead of value equality
    (see https://errorprone.info/bugpattern/ReferenceEquality)
  Did you mean 'if (Objects.equals(other, com.google.cloud.pubsublite.proto.MessageResponse.getDefaultInstance()))' or 'if (other.equals(com.google.cloud.pubsublite.proto.MessageResponse.getDefaultInstance()))'?
[WARNING] /home/gabsko/breaking-updates/proto-google-cloud-pubsublite-v1/src/main/java/com/google/cloud/pubsublite/proto/MessageResponse.java:[590,79] [MissingOverride] getMessagesList implements method in MessageResponseOrBuilder; expected @Override
    (see https://errorprone.info/bugpattern/MissingOverride)
  Did you mean '@Override public java.util.List<com.google.cloud.pubsublite.proto.SequencedMessage> getMessagesList() {'?
[WARNING] /home/gabsko/breaking-updates/proto-google-cloud-pubsublite-v1/src/main/java/com/google/cloud/pubsublite/proto/MessageResponse.java:[606,16] [MissingOverride] getMessagesCount implements method in MessageResponseOrBuilder; expected @Override
    (see https://errorprone.info/bugpattern/MissingOverride)
  Did you mean '@Override public int getMessagesCount() {'?
[WARNING] /home/gabsko/breaking-updates/proto-google-cloud-pubsublite-v1/src/main/java/com/google/cloud/pubsublite/proto/MessageResponse.java:[622,63] [MissingOverride] getMessages implements method in MessageResponseOrBuilder; expected @Override
    (see https://errorprone.info/bugpattern/MissingOverride)
  Did you mean '@Override public com.google.cloud.pubsublite.proto.SequencedMessage getMessages(int index) {'?
[WARNING] /home/gabsko/breaking-updates/proto-google-cloud-pubsublite-v1/src/main/java/com/google/cloud/pubsublite/proto/MessageResponse.java:[837,72] [MissingOverride] getMessagesOrBuilder implements method in MessageResponseOrBuilder; expected @Override
    (see https://errorprone.info/bugpattern/MissingOverride)
  Did you mean '@Override public com.google.cloud.pubsublite.proto.SequencedMessageOrBuilder getMessagesOrBuilder('?
[WARNING] /home/gabsko/breaking-updates/proto-google-cloud-pubsublite-v1/src/main/java/com/google/cloud/pubsublite/proto/MessageResponse.java:[855,9] [MissingOverride] getMessagesOrBuilderList implements method in MessageResponseOrBuilder; expected @Override
    (see https://errorprone.info/bugpattern/MissingOverride)
  Did you mean '@Override public java.util.List<? extends com.google.cloud.pubsublite.proto.SequencedMessageOrBuilder>'?
[WARNING] /home/gabsko/breaking-updates/proto-google-cloud-pubsublite-v1/src/main/java/com/google/cloud/pubsublite/proto/SequencedMessage.java:[513,17] [ReferenceEquality] Comparison using reference equality instead of value equality
    (see https://errorprone.info/bugpattern/ReferenceEquality)
  Did you mean 'return this.equals(DEFAULT_INSTANCE) ? new Builder() : new Builder().mergeFrom(this);'?
[WARNING] /home/gabsko/breaking-updates/proto-google-cloud-pubsublite-v1/src/main/java/com/google/cloud/pubsublite/proto/SequencedMessage.java:[677,17] [ReferenceEquality] Comparison using reference equality instead of value equality
    (see https://errorprone.info/bugpattern/ReferenceEquality)
  Did you mean 'if (Objects.equals(other, com.google.cloud.pubsublite.proto.SequencedMessage.getDefaultInstance()))' or 'if (other.equals(com.google.cloud.pubsublite.proto.SequencedMessage.getDefaultInstance()))'?
[WARNING] /home/gabsko/breaking-updates/proto-google-cloud-pubsublite-v1/src/main/java/com/google/cloud/pubsublite/proto/SequencedMessage.java:[738,20] [MissingOverride] hasCursor implements method in SequencedMessageOrBuilder; expected @Override
    (see https://errorprone.info/bugpattern/MissingOverride)
  Did you mean '@Override public boolean hasCursor() {'?
[WARNING] /home/gabsko/breaking-updates/proto-google-cloud-pubsublite-v1/src/main/java/com/google/cloud/pubsublite/proto/SequencedMessage.java:[752,53] [MissingOverride] getCursor implements method in SequencedMessageOrBuilder; expected @Override
    (see https://errorprone.info/bugpattern/MissingOverride)
  Did you mean '@Override public com.google.cloud.pubsublite.proto.Cursor getCursor() {'?
[WARNING] /home/gabsko/breaking-updates/proto-google-cloud-pubsublite-v1/src/main/java/com/google/cloud/pubsublite/proto/SequencedMessage.java:[871,62] [MissingOverride] getCursorOrBuilder implements method in SequencedMessageOrBuilder; expected @Override
    (see https://errorprone.info/bugpattern/MissingOverride)
  Did you mean '@Override public com.google.cloud.pubsublite.proto.CursorOrBuilder getCursorOrBuilder() {'?
[WARNING] /home/gabsko/breaking-updates/proto-google-cloud-pubsublite-v1/src/main/java/com/google/cloud/pubsublite/proto/SequencedMessage.java:[924,20] [MissingOverride] hasPublishTime implements method in SequencedMessageOrBuilder; expected @Override
    (see https://errorprone.info/bugpattern/MissingOverride)
  Did you mean '@Override public boolean hasPublishTime() {'?
[WARNING] /home/gabsko/breaking-updates/proto-google-cloud-pubsublite-v1/src/main/java/com/google/cloud/pubsublite/proto/SequencedMessage.java:[939,42] [MissingOverride] getPublishTime implements method in SequencedMessageOrBuilder; expected @Override
    (see https://errorprone.info/bugpattern/MissingOverride)
  Did you mean '@Override public com.google.protobuf.Timestamp getPublishTime() {'?
[WARNING] /home/gabsko/breaking-updates/proto-google-cloud-pubsublite-v1/src/main/java/com/google/cloud/pubsublite/proto/SequencedMessage.java:[1064,51] [MissingOverride] getPublishTimeOrBuilder implements method in SequencedMessageOrBuilder; expected @Override
    (see https://errorprone.info/bugpattern/MissingOverride)
  Did you mean '@Override public com.google.protobuf.TimestampOrBuilder getPublishTimeOrBuilder() {'?
[WARNING] /home/gabsko/breaking-updates/proto-google-cloud-pubsublite-v1/src/main/java/com/google/cloud/pubsublite/proto/SequencedMessage.java:[1117,20] [MissingOverride] hasMessage implements method in SequencedMessageOrBuilder; expected @Override
    (see https://errorprone.info/bugpattern/MissingOverride)
  Did you mean '@Override public boolean hasMessage() {'?
[WARNING] /home/gabsko/breaking-updates/proto-google-cloud-pubsublite-v1/src/main/java/com/google/cloud/pubsublite/proto/SequencedMessage.java:[1131,60] [MissingOverride] getMessage implements method in SequencedMessageOrBuilder; expected @Override
    (see https://errorprone.info/bugpattern/MissingOverride)
  Did you mean '@Override public com.google.cloud.pubsublite.proto.PubSubMessage getMessage() {'?
[WARNING] /home/gabsko/breaking-updates/proto-google-cloud-pubsublite-v1/src/main/java/com/google/cloud/pubsublite/proto/SequencedMessage.java:[1251,69] [MissingOverride] getMessageOrBuilder implements method in SequencedMessageOrBuilder; expected @Override
    (see https://errorprone.info/bugpattern/MissingOverride)
  Did you mean '@Override public com.google.cloud.pubsublite.proto.PubSubMessageOrBuilder getMessageOrBuilder() {'?
[WARNING] /home/gabsko/breaking-updates/proto-google-cloud-pubsublite-v1/src/main/java/com/google/cloud/pubsublite/proto/Cursor.java:[279,17] [ReferenceEquality] Comparison using reference equality instead of value equality
    (see https://errorprone.info/bugpattern/ReferenceEquality)
  Did you mean 'return this.equals(DEFAULT_INSTANCE) ? new Builder() : new Builder().mergeFrom(this);'?
[WARNING] /home/gabsko/breaking-updates/proto-google-cloud-pubsublite-v1/src/main/java/com/google/cloud/pubsublite/proto/Cursor.java:[410,17] [ReferenceEquality] Comparison using reference equality instead of value equality
    (see https://errorprone.info/bugpattern/ReferenceEquality)
  Did you mean 'if (Objects.equals(other, com.google.cloud.pubsublite.proto.Cursor.getDefaultInstance())) return this;' or 'if (other.equals(com.google.cloud.pubsublite.proto.Cursor.getDefaultInstance())) return this;'?
[WARNING] /home/gabsko/breaking-updates/proto-google-cloud-pubsublite-v1/src/main/java/com/google/cloud/pubsublite/proto/PubSubMessage.java:[662,11] [UnusedVariable] The local variable 'from_bitField0_' is never read.
    (see https://errorprone.info/bugpattern/UnusedVariable)
  Did you mean to remove this line?
[WARNING] /home/gabsko/breaking-updates/proto-google-cloud-pubsublite-v1/src/main/java/com/google/cloud/pubsublite/proto/PubSubMessage.java:[230,14] [MissingOverride] getAttributesCount implements method in PubSubMessageOrBuilder; expected @Override
    (see https://errorprone.info/bugpattern/MissingOverride)
  Did you mean '@Override public int getAttributesCount() {'?
[WARNING] /home/gabsko/breaking-updates/proto-google-cloud-pubsublite-v1/src/main/java/com/google/cloud/pubsublite/proto/PubSubMessage.java:[253,7] [InlineMeSuggester] Recommends annotating a deprecated, inlineable API with @InlineMe.
    (see https://errorprone.info/bugpattern/InlineMeSuggester)
  Did you mean '@InlineMe(replacement = "this.getAttributesMap()")'?
[WARNING] /home/gabsko/breaking-updates/proto-google-cloud-pubsublite-v1/src/main/java/com/google/cloud/pubsublite/proto/PubSubMessage.java:[551,17] [ReferenceEquality] Comparison using reference equality instead of value equality
    (see https://errorprone.info/bugpattern/ReferenceEquality)
  Did you mean 'return this.equals(DEFAULT_INSTANCE) ? new Builder() : new Builder().mergeFrom(this);'?
[WARNING] /home/gabsko/breaking-updates/proto-google-cloud-pubsublite-v1/src/main/java/com/google/cloud/pubsublite/proto/PubSubMessage.java:[578,44] [MissingOverride] internalGetMapField overrides method in Builder; expected @Override
    (see https://errorprone.info/bugpattern/MissingOverride)
  Did you mean '@Override @SuppressWarnings({"rawtypes"})'?
[WARNING] /home/gabsko/breaking-updates/proto-google-cloud-pubsublite-v1/src/main/java/com/google/cloud/pubsublite/proto/PubSubMessage.java:[588,44] [MissingOverride] internalGetMutableMapField overrides method in Builder; expected @Override
    (see https://errorprone.info/bugpattern/MissingOverride)
  Did you mean '@Override @SuppressWarnings({"rawtypes"})'?
[WARNING] /home/gabsko/breaking-updates/proto-google-cloud-pubsublite-v1/src/main/java/com/google/cloud/pubsublite/proto/PubSubMessage.java:[720,17] [ReferenceEquality] Comparison using reference equality instead of value equality
    (see https://errorprone.info/bugpattern/ReferenceEquality)
  Did you mean 'if (Objects.equals(other, com.google.cloud.pubsublite.proto.PubSubMessage.getDefaultInstance()))' or 'if (other.equals(com.google.cloud.pubsublite.proto.PubSubMessage.getDefaultInstance()))'?
[WARNING] /home/gabsko/breaking-updates/proto-google-cloud-pubsublite-v1/src/main/java/com/google/cloud/pubsublite/proto/PubSubMessage.java:[722,26] [ReferenceEquality] Comparison using reference equality instead of value equality
    (see https://errorprone.info/bugpattern/ReferenceEquality)
  Did you mean 'if (!other.getKey().equals(com.google.protobuf.ByteString.EMPTY)) {'?
[WARNING] /home/gabsko/breaking-updates/proto-google-cloud-pubsublite-v1/src/main/java/com/google/cloud/pubsublite/proto/PubSubMessage.java:[725,27] [ReferenceEquality] Comparison using reference equality instead of value equality
    (see https://errorprone.info/bugpattern/ReferenceEquality)
  Did you mean 'if (!other.getData().equals(com.google.protobuf.ByteString.EMPTY)) {'?
[WARNING] /home/gabsko/breaking-updates/proto-google-cloud-pubsublite-v1/src/main/java/com/google/cloud/pubsublite/proto/PubSubMessage.java:[908,16] [MissingOverride] getAttributesCount implements method in PubSubMessageOrBuilder; expected @Override
    (see https://errorprone.info/bugpattern/MissingOverride)
  Did you mean '@Override public int getAttributesCount() {'?
[WARNING] /home/gabsko/breaking-updates/proto-google-cloud-pubsublite-v1/src/main/java/com/google/cloud/pubsublite/proto/PubSubMessage.java:[931,9] [InlineMeSuggester] Recommends annotating a deprecated, inlineable API with @InlineMe.
    (see https://errorprone.info/bugpattern/InlineMeSuggester)
  Did you mean '@InlineMe(replacement = "this.getAttributesMap()")'?
[WARNING] /home/gabsko/breaking-updates/proto-google-cloud-pubsublite-v1/src/main/java/com/google/cloud/pubsublite/proto/PubSubMessage.java:[1068,20] [MissingOverride] hasEventTime implements method in PubSubMessageOrBuilder; expected @Override
    (see https://errorprone.info/bugpattern/MissingOverride)
  Did you mean '@Override public boolean hasEventTime() {'?
[WARNING] /home/gabsko/breaking-updates/proto-google-cloud-pubsublite-v1/src/main/java/com/google/cloud/pubsublite/proto/PubSubMessage.java:[1082,42] [MissingOverride] getEventTime implements method in PubSubMessageOrBuilder; expected @Override
    (see https://errorprone.info/bugpattern/MissingOverride)
  Did you mean '@Override public com.google.protobuf.Timestamp getEventTime() {'?
[WARNING] /home/gabsko/breaking-updates/proto-google-cloud-pubsublite-v1/src/main/java/com/google/cloud/pubsublite/proto/PubSubMessage.java:[1197,51] [MissingOverride] getEventTimeOrBuilder implements method in PubSubMessageOrBuilder; expected @Override
    (see https://errorprone.info/bugpattern/MissingOverride)
  Did you mean '@Override public com.google.protobuf.TimestampOrBuilder getEventTimeOrBuilder() {'?
[WARNING] /home/gabsko/breaking-updates/proto-google-cloud-pubsublite-v1/src/main/java/com/google/cloud/pubsublite/proto/Topic.java:[711,21] [ReferenceEquality] Comparison using reference equality instead of value equality
    (see https://errorprone.info/bugpattern/ReferenceEquality)
  Did you mean 'return this.equals(DEFAULT_INSTANCE) ? new Builder() : new Builder().mergeFrom(this);'?
[WARNING] /home/gabsko/breaking-updates/proto-google-cloud-pubsublite-v1/src/main/java/com/google/cloud/pubsublite/proto/Topic.java:[855,15] [ReferenceEquality] Comparison using reference equality instead of value equality
    (see https://errorprone.info/bugpattern/ReferenceEquality)
  Did you mean 'if (Objects.equals(other, com.google.cloud.pubsublite.proto.Topic.PartitionConfig.Capacity' or 'if (other.equals(com.google.cloud.pubsublite.proto.Topic.PartitionConfig.Capacity'?
[WARNING] /home/gabsko/breaking-updates/proto-google-cloud-pubsublite-v1/src/main/java/com/google/cloud/pubsublite/proto/Topic.java:[1081,35] [InlineMeSuggester] Recommends annotating a deprecated, inlineable API with @InlineMe.
    (see https://errorprone.info/bugpattern/InlineMeSuggester)
  Did you mean '@InlineMe(replacement = "DimensionCase.forNumber(value)", imports = {"com.google.cloud.pubsublite.proto.Topic.PartitionConfig.DimensionCase"})'?
[WARNING] /home/gabsko/breaking-updates/proto-google-cloud-pubsublite-v1/src/main/java/com/google/cloud/pubsublite/proto/Topic.java:[1098,18] [MissingOverride] getNumber implements method in EnumLite; expected @Override
    (see https://errorprone.info/bugpattern/MissingOverride)
  Did you mean '@Override public int getNumber() {'?
[WARNING] /home/gabsko/breaking-updates/proto-google-cloud-pubsublite-v1/src/main/java/com/google/cloud/pubsublite/proto/Topic.java:[1103,26] [MissingOverride] getDimensionCase implements method in PartitionConfigOrBuilder; expected @Override
    (see https://errorprone.info/bugpattern/MissingOverride)
  Did you mean '@Override public DimensionCase getDimensionCase() {'?
[WARNING] /home/gabsko/breaking-updates/proto-google-cloud-pubsublite-v1/src/main/java/com/google/cloud/pubsublite/proto/Topic.java:[1422,19] [ReferenceEquality] Comparison using reference equality instead of value equality
    (see https://errorprone.info/bugpattern/ReferenceEquality)
  Did you mean 'return this.equals(DEFAULT_INSTANCE) ? new Builder() : new Builder().mergeFrom(this);'?
[WARNING] /home/gabsko/breaking-updates/proto-google-cloud-pubsublite-v1/src/main/java/com/google/cloud/pubsublite/proto/Topic.java:[1570,19] [ReferenceEquality] Comparison using reference equality instead of value equality
    (see https://errorprone.info/bugpattern/ReferenceEquality)
  Did you mean 'if (Objects.equals(other, com.google.cloud.pubsublite.proto.Topic.PartitionConfig.getDefaultInstance()))' or 'if (other.equals(com.google.cloud.pubsublite.proto.Topic.PartitionConfig.getDefaultInstance()))'?
[WARNING] /home/gabsko/breaking-updates/proto-google-cloud-pubsublite-v1/src/main/java/com/google/cloud/pubsublite/proto/Topic.java:[1624,28] [MissingOverride] getDimensionCase implements method in PartitionConfigOrBuilder; expected @Override
    (see https://errorprone.info/bugpattern/MissingOverride)
  Did you mean '@Override public DimensionCase getDimensionCase() {'?
[WARNING] /home/gabsko/breaking-updates/proto-google-cloud-pubsublite-v1/src/main/java/com/google/cloud/pubsublite/proto/Topic.java:[2475,19] [ReferenceEquality] Comparison using reference equality instead of value equality
    (see https://errorprone.info/bugpattern/ReferenceEquality)
  Did you mean 'return this.equals(DEFAULT_INSTANCE) ? new Builder() : new Builder().mergeFrom(this);'?
[WARNING] /home/gabsko/breaking-updates/proto-google-cloud-pubsublite-v1/src/main/java/com/google/cloud/pubsublite/proto/Topic.java:[2621,19] [ReferenceEquality] Comparison using reference equality instead of value equality
    (see https://errorprone.info/bugpattern/ReferenceEquality)
  Did you mean 'if (Objects.equals(other, com.google.cloud.pubsublite.proto.Topic.RetentionConfig.getDefaultInstance()))' or 'if (other.equals(com.google.cloud.pubsublite.proto.Topic.RetentionConfig.getDefaultInstance()))'?
[WARNING] /home/gabsko/breaking-updates/proto-google-cloud-pubsublite-v1/src/main/java/com/google/cloud/pubsublite/proto/Topic.java:[2739,22] [MissingOverride] hasPeriod implements method in RetentionConfigOrBuilder; expected @Override
    (see https://errorprone.info/bugpattern/MissingOverride)
  Did you mean '@Override public boolean hasPeriod() {'?
[WARNING] /home/gabsko/breaking-updates/proto-google-cloud-pubsublite-v1/src/main/java/com/google/cloud/pubsublite/proto/Topic.java:[2755,43] [MissingOverride] getPeriod implements method in RetentionConfigOrBuilder; expected @Override
    (see https://errorprone.info/bugpattern/MissingOverride)
  Did you mean '@Override public com.google.protobuf.Duration getPeriod() {'?
[WARNING] /home/gabsko/breaking-updates/proto-google-cloud-pubsublite-v1/src/main/java/com/google/cloud/pubsublite/proto/Topic.java:[2882,52] [MissingOverride] getPeriodOrBuilder implements method in RetentionConfigOrBuilder; expected @Override
    (see https://errorprone.info/bugpattern/MissingOverride)
  Did you mean '@Override public com.google.protobuf.DurationOrBuilder getPeriodOrBuilder() {'?
[WARNING] /home/gabsko/breaking-updates/proto-google-cloud-pubsublite-v1/src/main/java/com/google/cloud/pubsublite/proto/Topic.java:[3301,19] [ReferenceEquality] Comparison using reference equality instead of value equality
    (see https://errorprone.info/bugpattern/ReferenceEquality)
  Did you mean 'return this.equals(DEFAULT_INSTANCE) ? new Builder() : new Builder().mergeFrom(this);'?
[WARNING] /home/gabsko/breaking-updates/proto-google-cloud-pubsublite-v1/src/main/java/com/google/cloud/pubsublite/proto/Topic.java:[3436,19] [ReferenceEquality] Comparison using reference equality instead of value equality
    (see https://errorprone.info/bugpattern/ReferenceEquality)
  Did you mean 'if (Objects.equals(other, com.google.cloud.pubsublite.proto.Topic.ReservationConfig.getDefaultInstance()))' or 'if (other.equals(com.google.cloud.pubsublite.proto.Topic.ReservationConfig.getDefaultInstance()))'?
[WARNING] /home/gabsko/breaking-updates/proto-google-cloud-pubsublite-v1/src/main/java/com/google/cloud/pubsublite/proto/Topic.java:[3486,31] [MissingOverride] getThroughputReservation implements method in ReservationConfigOrBuilder; expected @Override
    (see https://errorprone.info/bugpattern/MissingOverride)
  Did you mean '@Override public java.lang.String getThroughputReservation() {'?
[WARNING] /home/gabsko/breaking-updates/proto-google-cloud-pubsublite-v1/src/main/java/com/google/cloud/pubsublite/proto/Topic.java:[3510,45] [MissingOverride] getThroughputReservationBytes implements method in ReservationConfigOrBuilder; expected @Override
    (see https://errorprone.info/bugpattern/MissingOverride)
  Did you mean '@Override public com.google.protobuf.ByteString getThroughputReservationBytes() {'?
[WARNING] /home/gabsko/breaking-updates/proto-google-cloud-pubsublite-v1/src/main/java/com/google/cloud/pubsublite/proto/Topic.java:[4032,17] [ReferenceEquality] Comparison using reference equality instead of value equality
    (see https://errorprone.info/bugpattern/ReferenceEquality)
  Did you mean 'return this.equals(DEFAULT_INSTANCE) ? new Builder() : new Builder().mergeFrom(this);'?
[WARNING] /home/gabsko/breaking-updates/proto-google-cloud-pubsublite-v1/src/main/java/com/google/cloud/pubsublite/proto/Topic.java:[4196,17] [ReferenceEquality] Comparison using reference equality instead of value equality
    (see https://errorprone.info/bugpattern/ReferenceEquality)
  Did you mean 'if (Objects.equals(other, com.google.cloud.pubsublite.proto.Topic.getDefaultInstance())) return this;' or 'if (other.equals(com.google.cloud.pubsublite.proto.Topic.getDefaultInstance())) return this;'?
[WARNING] /home/gabsko/breaking-updates/proto-google-cloud-pubsublite-v1/src/main/java/com/google/cloud/pubsublite/proto/Topic.java:[4253,29] [MissingOverride] getName implements method in TopicOrBuilder; expected @Override
    (see https://errorprone.info/bugpattern/MissingOverride)
  Did you mean '@Override public java.lang.String getName() {'?
[WARNING] /home/gabsko/breaking-updates/proto-google-cloud-pubsublite-v1/src/main/java/com/google/cloud/pubsublite/proto/Topic.java:[4277,43] [MissingOverride] getNameBytes implements method in TopicOrBuilder; expected @Override
    (see https://errorprone.info/bugpattern/MissingOverride)
  Did you mean '@Override public com.google.protobuf.ByteString getNameBytes() {'?
[WARNING] /home/gabsko/breaking-updates/proto-google-cloud-pubsublite-v1/src/main/java/com/google/cloud/pubsublite/proto/Topic.java:[4372,20] [MissingOverride] hasPartitionConfig implements method in TopicOrBuilder; expected @Override
    (see https://errorprone.info/bugpattern/MissingOverride)
  Did you mean '@Override public boolean hasPartitionConfig() {'?
[WARNING] /home/gabsko/breaking-updates/proto-google-cloud-pubsublite-v1/src/main/java/com/google/cloud/pubsublite/proto/Topic.java:[4386,68] [MissingOverride] getPartitionConfig implements method in TopicOrBuilder; expected @Override
    (see https://errorprone.info/bugpattern/MissingOverride)
  Did you mean '@Override public com.google.cloud.pubsublite.proto.Topic.PartitionConfig getPartitionConfig() {'?
[WARNING] /home/gabsko/breaking-updates/proto-google-cloud-pubsublite-v1/src/main/java/com/google/cloud/pubsublite/proto/Topic.java:[4510,9] [MissingOverride] getPartitionConfigOrBuilder implements method in TopicOrBuilder; expected @Override
    (see https://errorprone.info/bugpattern/MissingOverride)
  Did you mean '@Override public com.google.cloud.pubsublite.proto.Topic.PartitionConfigOrBuilder'?
[WARNING] /home/gabsko/breaking-updates/proto-google-cloud-pubsublite-v1/src/main/java/com/google/cloud/pubsublite/proto/Topic.java:[4562,20] [MissingOverride] hasRetentionConfig implements method in TopicOrBuilder; expected @Override
    (see https://errorprone.info/bugpattern/MissingOverride)
  Did you mean '@Override public boolean hasRetentionConfig() {'?
[WARNING] /home/gabsko/breaking-updates/proto-google-cloud-pubsublite-v1/src/main/java/com/google/cloud/pubsublite/proto/Topic.java:[4576,68] [MissingOverride] getRetentionConfig implements method in TopicOrBuilder; expected @Override
    (see https://errorprone.info/bugpattern/MissingOverride)
  Did you mean '@Override public com.google.cloud.pubsublite.proto.Topic.RetentionConfig getRetentionConfig() {'?
[WARNING] /home/gabsko/breaking-updates/proto-google-cloud-pubsublite-v1/src/main/java/com/google/cloud/pubsublite/proto/Topic.java:[4700,9] [MissingOverride] getRetentionConfigOrBuilder implements method in TopicOrBuilder; expected @Override
    (see https://errorprone.info/bugpattern/MissingOverride)
  Did you mean '@Override public com.google.cloud.pubsublite.proto.Topic.RetentionConfigOrBuilder'?
[WARNING] /home/gabsko/breaking-updates/proto-google-cloud-pubsublite-v1/src/main/java/com/google/cloud/pubsublite/proto/Topic.java:[4752,20] [MissingOverride] hasReservationConfig implements method in TopicOrBuilder; expected @Override
    (see https://errorprone.info/bugpattern/MissingOverride)
  Did you mean '@Override public boolean hasReservationConfig() {'?
[WARNING] /home/gabsko/breaking-updates/proto-google-cloud-pubsublite-v1/src/main/java/com/google/cloud/pubsublite/proto/Topic.java:[4766,70] [MissingOverride] getReservationConfig implements method in TopicOrBuilder; expected @Override
    (see https://errorprone.info/bugpattern/MissingOverride)
  Did you mean '@Override public com.google.cloud.pubsublite.proto.Topic.ReservationConfig getReservationConfig() {'?
[WARNING] /home/gabsko/breaking-updates/proto-google-cloud-pubsublite-v1/src/main/java/com/google/cloud/pubsublite/proto/Topic.java:[4891,9] [MissingOverride] getReservationConfigOrBuilder implements method in TopicOrBuilder; expected @Override
    (see https://errorprone.info/bugpattern/MissingOverride)
  Did you mean '@Override public com.google.cloud.pubsublite.proto.Topic.ReservationConfigOrBuilder'?
[WARNING] /home/gabsko/breaking-updates/proto-google-cloud-pubsublite-v1/src/main/java/com/google/cloud/pubsublite/proto/Subscription.java:[351,24] [MissingOverride] getNumber implements method in ProtocolMessageEnum; expected @Override
    (see https://errorprone.info/bugpattern/MissingOverride)
  Did you mean '@Override public final int getNumber() {'?
[WARNING] /home/gabsko/breaking-updates/proto-google-cloud-pubsublite-v1/src/main/java/com/google/cloud/pubsublite/proto/Subscription.java:[365,41] [InlineMeSuggester] Recommends annotating a deprecated, inlineable API with @InlineMe.
    (see https://errorprone.info/bugpattern/InlineMeSuggester)
  Did you mean '@InlineMe(replacement = "DeliveryRequirement.forNumber(value)", imports = {"com.google.cloud.pubsublite.proto.Subscription.DeliveryConfig.DeliveryRequirement"})'?
[WARNING] /home/gabsko/breaking-updates/proto-google-cloud-pubsublite-v1/src/main/java/com/google/cloud/pubsublite/proto/Subscription.java:[370,10] [MissingSummary] A summary fragment is required; consider using the value of the @return block as a summary fragment instead.
    (see https://google.github.io/styleguide/javaguide.html#s7.2-summary-fragment)
  Did you mean '*Returns the enum associated with the given numeric wire value.'?
[WARNING] /home/gabsko/breaking-updates/proto-google-cloud-pubsublite-v1/src/main/java/com/google/cloud/pubsublite/proto/Subscription.java:[394,44] [MissingOverride] findValueByNumber implements method in EnumLiteMap; expected @Override
    (see https://errorprone.info/bugpattern/MissingOverride)
  Did you mean '@Override public DeliveryRequirement findValueByNumber(int number) {'?
[WARNING] /home/gabsko/breaking-updates/proto-google-cloud-pubsublite-v1/src/main/java/com/google/cloud/pubsublite/proto/Subscription.java:[399,72] [MissingOverride] getValueDescriptor implements method in ProtocolMessageEnum; expected @Override
    (see https://errorprone.info/bugpattern/MissingOverride)
  Did you mean '@Override public final com.google.protobuf.Descriptors.EnumValueDescriptor getValueDescriptor() {'?
[WARNING] /home/gabsko/breaking-updates/proto-google-cloud-pubsublite-v1/src/main/java/com/google/cloud/pubsublite/proto/Subscription.java:[407,67] [MissingOverride] getDescriptorForType implements method in ProtocolMessageEnum; expected @Override
    (see https://errorprone.info/bugpattern/MissingOverride)
  Did you mean '@Override public final com.google.protobuf.Descriptors.EnumDescriptor getDescriptorForType() {'?
[WARNING] /home/gabsko/breaking-updates/proto-google-cloud-pubsublite-v1/src/main/java/com/google/cloud/pubsublite/proto/Subscription.java:[642,19] [ReferenceEquality] Comparison using reference equality instead of value equality
    (see https://errorprone.info/bugpattern/ReferenceEquality)
  Did you mean 'return this.equals(DEFAULT_INSTANCE) ? new Builder() : new Builder().mergeFrom(this);'?
[WARNING] /home/gabsko/breaking-updates/proto-google-cloud-pubsublite-v1/src/main/java/com/google/cloud/pubsublite/proto/Subscription.java:[780,13] [ReferenceEquality] Comparison using reference equality instead of value equality
    (see https://errorprone.info/bugpattern/ReferenceEquality)
  Did you mean 'if (Objects.equals(other, com.google.cloud.pubsublite.proto.Subscription.DeliveryConfig.getDefaultInstance()))' or 'if (other.equals(com.google.cloud.pubsublite.proto.Subscription.DeliveryConfig.getDefaultInstance()))'?
[WARNING] /home/gabsko/breaking-updates/proto-google-cloud-pubsublite-v1/src/main/java/com/google/cloud/pubsublite/proto/Subscription.java:[1307,17] [ReferenceEquality] Comparison using reference equality instead of value equality
    (see https://errorprone.info/bugpattern/ReferenceEquality)
  Did you mean 'return this.equals(DEFAULT_INSTANCE) ? new Builder() : new Builder().mergeFrom(this);'?
[WARNING] /home/gabsko/breaking-updates/proto-google-cloud-pubsublite-v1/src/main/java/com/google/cloud/pubsublite/proto/Subscription.java:[1452,17] [ReferenceEquality] Comparison using reference equality instead of value equality
    (see https://errorprone.info/bugpattern/ReferenceEquality)
  Did you mean 'if (Objects.equals(other, com.google.cloud.pubsublite.proto.Subscription.getDefaultInstance())) return this;' or 'if (other.equals(com.google.cloud.pubsublite.proto.Subscription.getDefaultInstance())) return this;'?
[WARNING] /home/gabsko/breaking-updates/proto-google-cloud-pubsublite-v1/src/main/java/com/google/cloud/pubsublite/proto/Subscription.java:[1507,29] [MissingOverride] getName implements method in SubscriptionOrBuilder; expected @Override
    (see https://errorprone.info/bugpattern/MissingOverride)
  Did you mean '@Override public java.lang.String getName() {'?
[WARNING] /home/gabsko/breaking-updates/proto-google-cloud-pubsublite-v1/src/main/java/com/google/cloud/pubsublite/proto/Subscription.java:[1531,43] [MissingOverride] getNameBytes implements method in SubscriptionOrBuilder; expected @Override
    (see https://errorprone.info/bugpattern/MissingOverride)
  Did you mean '@Override public com.google.protobuf.ByteString getNameBytes() {'?
[WARNING] /home/gabsko/breaking-updates/proto-google-cloud-pubsublite-v1/src/main/java/com/google/cloud/pubsublite/proto/Subscription.java:[1623,29] [MissingOverride] getTopic implements method in SubscriptionOrBuilder; expected @Override
    (see https://errorprone.info/bugpattern/MissingOverride)
  Did you mean '@Override public java.lang.String getTopic() {'?
[WARNING] /home/gabsko/breaking-updates/proto-google-cloud-pubsublite-v1/src/main/java/com/google/cloud/pubsublite/proto/Subscription.java:[1647,43] [MissingOverride] getTopicBytes implements method in SubscriptionOrBuilder; expected @Override
    (see https://errorprone.info/bugpattern/MissingOverride)
  Did you mean '@Override public com.google.protobuf.ByteString getTopicBytes() {'?
[WARNING] /home/gabsko/breaking-updates/proto-google-cloud-pubsublite-v1/src/main/java/com/google/cloud/pubsublite/proto/Subscription.java:[1742,20] [MissingOverride] hasDeliveryConfig implements method in SubscriptionOrBuilder; expected @Override
    (see https://errorprone.info/bugpattern/MissingOverride)
  Did you mean '@Override public boolean hasDeliveryConfig() {'?
[WARNING] /home/gabsko/breaking-updates/proto-google-cloud-pubsublite-v1/src/main/java/com/google/cloud/pubsublite/proto/Subscription.java:[1756,74] [MissingOverride] getDeliveryConfig implements method in SubscriptionOrBuilder; expected @Override
    (see https://errorprone.info/bugpattern/MissingOverride)
  Did you mean '@Override public com.google.cloud.pubsublite.proto.Subscription.DeliveryConfig getDeliveryConfig() {'?
[WARNING] /home/gabsko/breaking-updates/proto-google-cloud-pubsublite-v1/src/main/java/com/google/cloud/pubsublite/proto/Subscription.java:[1881,9] [MissingOverride] getDeliveryConfigOrBuilder implements method in SubscriptionOrBuilder; expected @Override
    (see https://errorprone.info/bugpattern/MissingOverride)
  Did you mean '@Override public com.google.cloud.pubsublite.proto.Subscription.DeliveryConfigOrBuilder'?
[WARNING] /home/gabsko/breaking-updates/proto-google-cloud-pubsublite-v1/src/main/java/com/google/cloud/pubsublite/proto/PartitionAssignmentAck.java:[252,17] [ReferenceEquality] Comparison using reference equality instead of value equality
    (see https://errorprone.info/bugpattern/ReferenceEquality)
  Did you mean 'return this.equals(DEFAULT_INSTANCE) ? new Builder() : new Builder().mergeFrom(this);'?
[WARNING] /home/gabsko/breaking-updates/proto-google-cloud-pubsublite-v1/src/main/java/com/google/cloud/pubsublite/proto/PartitionAssignmentAck.java:[384,17] [ReferenceEquality] Comparison using reference equality instead of value equality
    (see https://errorprone.info/bugpattern/ReferenceEquality)
  Did you mean 'if (Objects.equals(other, com.google.cloud.pubsublite.proto.PartitionAssignmentAck.getDefaultInstance()))' or 'if (other.equals(com.google.cloud.pubsublite.proto.PartitionAssignmentAck.getDefaultInstance()))'?
[WARNING] /home/gabsko/breaking-updates/proto-google-cloud-pubsublite-v1/src/main/java/com/google/cloud/pubsublite/proto/SubscribeResponse.java:[182,32] [InlineMeSuggester] Recommends annotating a deprecated, inlineable API with @InlineMe.
    (see https://errorprone.info/bugpattern/InlineMeSuggester)
  Did you mean '@InlineMe(replacement = "ResponseCase.forNumber(value)", imports = {"com.google.cloud.pubsublite.proto.SubscribeResponse.ResponseCase"})'?
[INFO] 
[INFO] --- build-helper-maven-plugin:3.2.0:add-test-resource (add-test-proto-resources) @ proto-google-cloud-pubsublite-v1 ---
[INFO] 
[INFO] --- maven-resources-plugin:2.6:testResources (default-testResources) @ proto-google-cloud-pubsublite-v1 ---
[INFO] Using 'UTF-8' encoding to copy filtered resources.
[INFO] skip non existing resourceDirectory /home/gabsko/breaking-updates/proto-google-cloud-pubsublite-v1/src/test/resources
[INFO] skip non existing resourceDirectory /home/gabsko/breaking-updates/proto-google-cloud-pubsublite-v1/src/test/proto
[INFO] 
[INFO] --- maven-compiler-plugin:3.8.1:testCompile (default-testCompile) @ proto-google-cloud-pubsublite-v1 ---
[INFO] No sources to compile
[INFO] 
[INFO] --- maven-surefire-plugin:3.0.0-M5:test (default-test) @ proto-google-cloud-pubsublite-v1 ---
[INFO] No tests to run.
[INFO] 
[INFO] --- jacoco-maven-plugin:0.8.7:report (report) @ proto-google-cloud-pubsublite-v1 ---
[INFO] Skipping JaCoCo execution due to missing execution data file.
[INFO] 
[INFO] --------< com.google.api.grpc:grpc-google-cloud-pubsublite-v1 >---------
[INFO] Building grpc-google-cloud-pubsublite-v1 0.16.2-SNAPSHOT           [3/5]
[INFO] --------------------------------[ jar ]---------------------------------
[INFO] 
[INFO] --- maven-clean-plugin:2.5:clean (default-clean) @ grpc-google-cloud-pubsublite-v1 ---
[INFO] Deleting /home/gabsko/breaking-updates/grpc-google-cloud-pubsublite-v1/target
[INFO] 
[INFO] --- flatten-maven-plugin:1.2.7:clean (flatten.clean) @ grpc-google-cloud-pubsublite-v1 ---
[INFO] Deleting /home/gabsko/breaking-updates/grpc-google-cloud-pubsublite-v1/.flattened-pom.xml
[INFO] 
[INFO] --- maven-enforcer-plugin:3.0.0-M3:enforce (enforce) @ grpc-google-cloud-pubsublite-v1 ---
[INFO] Adding ignore: module-info
[INFO] Adding ignore: META-INF/versions/*/module-info
[INFO] 
[INFO] --- maven-checkstyle-plugin:3.1.2:check (checkstyle) @ grpc-google-cloud-pubsublite-v1 ---
[INFO] 
[INFO] --- jacoco-maven-plugin:0.8.7:prepare-agent (default) @ grpc-google-cloud-pubsublite-v1 ---
[INFO] argLine set to -javaagent:/home/gabsko/.m2/repository/org/jacoco/org.jacoco.agent/0.8.7/org.jacoco.agent-0.8.7-runtime.jar=destfile=/home/gabsko/breaking-updates/grpc-google-cloud-pubsublite-v1/target/jacoco.exec
[INFO] 
[INFO] --- build-helper-maven-plugin:3.2.0:add-resource (add-main-proto-resources) @ grpc-google-cloud-pubsublite-v1 ---
[INFO] 
[INFO] --- maven-resources-plugin:2.6:resources (default-resources) @ grpc-google-cloud-pubsublite-v1 ---
[INFO] Using 'UTF-8' encoding to copy filtered resources.
[INFO] skip non existing resourceDirectory /home/gabsko/breaking-updates/grpc-google-cloud-pubsublite-v1/src/main/resources
[INFO] skip non existing resourceDirectory /home/gabsko/breaking-updates/grpc-google-cloud-pubsublite-v1/src/main/proto
[INFO] 
[INFO] --- flatten-maven-plugin:1.2.7:flatten (flatten) @ grpc-google-cloud-pubsublite-v1 ---
[INFO] Generating flattened POM of project com.google.api.grpc:grpc-google-cloud-pubsublite-v1:jar:0.16.2-SNAPSHOT...
[INFO] 
[INFO] --- maven-compiler-plugin:3.8.1:compile (default-compile) @ grpc-google-cloud-pubsublite-v1 ---
[INFO] Changes detected - recompiling the module!
[INFO] Compiling 6 source files to /home/gabsko/breaking-updates/grpc-google-cloud-pubsublite-v1/target/classes
[WARNING] bootstrap class path not set in conjunction with -source 8
[WARNING] No processor claimed any of these annotations: javax.annotation.Generated,io.grpc.stub.annotations.RpcMethod
[INFO] 
[INFO] --- build-helper-maven-plugin:3.2.0:add-test-resource (add-test-proto-resources) @ grpc-google-cloud-pubsublite-v1 ---
[INFO] 
[INFO] --- maven-resources-plugin:2.6:testResources (default-testResources) @ grpc-google-cloud-pubsublite-v1 ---
[INFO] Using 'UTF-8' encoding to copy filtered resources.
[INFO] skip non existing resourceDirectory /home/gabsko/breaking-updates/grpc-google-cloud-pubsublite-v1/src/test/resources
[INFO] skip non existing resourceDirectory /home/gabsko/breaking-updates/grpc-google-cloud-pubsublite-v1/src/test/proto
[INFO] 
[INFO] --- maven-compiler-plugin:3.8.1:testCompile (default-testCompile) @ grpc-google-cloud-pubsublite-v1 ---
[INFO] No sources to compile
[INFO] 
[INFO] --- maven-surefire-plugin:3.0.0-M5:test (default-test) @ grpc-google-cloud-pubsublite-v1 ---
[INFO] No tests to run.
[INFO] 
[INFO] --- jacoco-maven-plugin:0.8.7:report (report) @ grpc-google-cloud-pubsublite-v1 ---
[INFO] Skipping JaCoCo execution due to missing execution data file.
[INFO] 
[INFO] --------------< com.google.cloud:google-cloud-pubsublite >--------------
[INFO] Building Google Cloud Pub/Sub Lite 0.16.2-SNAPSHOT                 [4/5]
[INFO] --------------------------------[ jar ]---------------------------------
[INFO] 
[INFO] --- maven-clean-plugin:2.5:clean (default-clean) @ google-cloud-pubsublite ---
[INFO] Deleting /home/gabsko/breaking-updates/google-cloud-pubsublite/target
[INFO] 
[INFO] --- flatten-maven-plugin:1.2.7:clean (flatten.clean) @ google-cloud-pubsublite ---
[INFO] Deleting /home/gabsko/breaking-updates/google-cloud-pubsublite/.flattened-pom.xml
[INFO] 
[INFO] --- maven-enforcer-plugin:3.0.0-M3:enforce (enforce) @ google-cloud-pubsublite ---
[INFO] Adding ignore: module-info
[INFO] Adding ignore: META-INF/versions/*/module-info
[INFO] 
[INFO] --- maven-checkstyle-plugin:3.1.2:check (checkstyle) @ google-cloud-pubsublite ---
[INFO] Starting audit...
Audit done.
[INFO] You have 0 Checkstyle violations.
[INFO] 
[INFO] --- jacoco-maven-plugin:0.8.7:prepare-agent (default) @ google-cloud-pubsublite ---
[INFO] argLine set to -javaagent:/home/gabsko/.m2/repository/org/jacoco/org.jacoco.agent/0.8.7/org.jacoco.agent-0.8.7-runtime.jar=destfile=/home/gabsko/breaking-updates/google-cloud-pubsublite/target/jacoco.exec
[INFO] 
[INFO] --- build-helper-maven-plugin:3.2.0:add-resource (add-main-proto-resources) @ google-cloud-pubsublite ---
[INFO] 
[INFO] --- maven-resources-plugin:2.6:resources (default-resources) @ google-cloud-pubsublite ---
[INFO] Using 'UTF-8' encoding to copy filtered resources.
[INFO] skip non existing resourceDirectory /home/gabsko/breaking-updates/google-cloud-pubsublite/src/main/resources
[INFO] skip non existing resourceDirectory /home/gabsko/breaking-updates/google-cloud-pubsublite/src/main/proto
[INFO] 
[INFO] --- flatten-maven-plugin:1.2.7:flatten (flatten) @ google-cloud-pubsublite ---
[INFO] Generating flattened POM of project com.google.cloud:google-cloud-pubsublite:jar:0.16.2-SNAPSHOT...
[INFO] 
[INFO] --- maven-compiler-plugin:3.8.1:compile (default-compile) @ google-cloud-pubsublite ---
[INFO] Changes detected - recompiling the module!
[INFO] Compiling 168 source files to /home/gabsko/breaking-updates/google-cloud-pubsublite/target/classes
[WARNING] bootstrap class path not set in conjunction with -source 8
[WARNING] No processor claimed any of these annotations: com.google.auto.value.AutoOneOf,com.google.api.core.BetaApi,com.google.auto.value.AutoValue.Builder,com.google.errorprone.annotations.concurrent.LockMethod,com.google.errorprone.annotations.CheckReturnValue,com.google.errorprone.annotations.concurrent.GuardedBy,javax.annotation.concurrent.ThreadSafe,javax.annotation.concurrent.GuardedBy,com.google.errorprone.annotations.concurrent.UnlockMethod,javax.annotation.ParametersAreNonnullByDefault,javax.annotation.Generated,com.google.auto.value.AutoValue,com.google.common.annotations.VisibleForTesting,javax.annotation.Nullable
[WARNING] No processor claimed any of these annotations: javax.annotation.Generated
[WARNING] /home/gabsko/breaking-updates/google-cloud-pubsublite/src/main/java/com/google/cloud/pubsublite/Constants.java:[29,11] setJittered(boolean) in com.google.api.gax.retrying.RetrySettings.Builder has been deprecated
[WARNING] /home/gabsko/breaking-updates/google-cloud-pubsublite/src/main/java/com/google/cloud/pubsublite/CloudRegionOrZone.java:[24,17] serializable class com.google.cloud.pubsublite.CloudRegionOrZone has no definition of serialVersionUID
[WARNING] /home/gabsko/breaking-updates/google-cloud-pubsublite/src/main/java/com/google/cloud/pubsublite/SubscriptionPath.java:[33,17] serializable class com.google.cloud.pubsublite.SubscriptionPath has no definition of serialVersionUID
[WARNING] /home/gabsko/breaking-updates/google-cloud-pubsublite/src/main/java/com/google/cloud/pubsublite/Offset.java:[24,17] serializable class com.google.cloud.pubsublite.Offset has no definition of serialVersionUID
[WARNING] /home/gabsko/breaking-updates/google-cloud-pubsublite/src/main/java/com/google/cloud/pubsublite/internal/CheckedApiException.java:[28,8] serializable class com.google.cloud.pubsublite.internal.CheckedApiException has no definition of serialVersionUID
[WARNING] /home/gabsko/breaking-updates/google-cloud-pubsublite/src/main/java/com/google/cloud/pubsublite/v1/CursorServiceSettings.java:[148,18] toBuilder() in com.google.cloud.pubsublite.v1.CursorServiceSettings overrides <B>toBuilder() in com.google.api.gax.rpc.ClientSettings
  return type requires unchecked conversion from com.google.cloud.pubsublite.v1.CursorServiceSettings.Builder to B
[WARNING] /home/gabsko/breaking-updates/google-cloud-pubsublite/src/main/java/com/google/cloud/pubsublite/v1/CursorServiceSettings.java:[191,12] static method should be qualified by type name, com.google.api.gax.rpc.ClientSettings.Builder, instead of by an expression
[WARNING] /home/gabsko/breaking-updates/google-cloud-pubsublite/src/main/java/com/google/cloud/pubsublite/v1/stub/CursorServiceStubSettings.java:[413,38] build() in com.google.cloud.pubsublite.v1.stub.CursorServiceStubSettings.Builder overrides <B>build() in com.google.api.gax.rpc.StubSettings.Builder
  return type requires unchecked conversion from com.google.cloud.pubsublite.v1.stub.CursorServiceStubSettings to com.google.api.gax.rpc.StubSettings<B>
[WARNING] /home/gabsko/breaking-updates/google-cloud-pubsublite/src/main/java/com/google/cloud/pubsublite/v1/stub/CursorServiceStubSettings.java:[382,12] static method should be qualified by type name, com.google.api.gax.rpc.StubSettings.Builder, instead of by an expression
[WARNING] /home/gabsko/breaking-updates/google-cloud-pubsublite/src/main/java/com/google/cloud/pubsublite/ProjectIdOrNumber.java:[23,17] serializable class com.google.cloud.pubsublite.ProjectIdOrNumber has no definition of serialVersionUID
[WARNING] /home/gabsko/breaking-updates/google-cloud-pubsublite/src/main/java/com/google/cloud/pubsublite/SubscriptionName.java:[27,17] serializable class com.google.cloud.pubsublite.SubscriptionName has no definition of serialVersionUID
[WARNING] /home/gabsko/breaking-updates/google-cloud-pubsublite/src/main/java/com/google/cloud/pubsublite/LocationPath.java:[28,17] serializable class com.google.cloud.pubsublite.LocationPath has no definition of serialVersionUID
[WARNING] /home/gabsko/breaking-updates/google-cloud-pubsublite/src/main/java/com/google/cloud/pubsublite/ProjectId.java:[26,17] serializable class com.google.cloud.pubsublite.ProjectId has no definition of serialVersionUID
[WARNING] /home/gabsko/breaking-updates/google-cloud-pubsublite/src/main/java/com/google/cloud/pubsublite/ProjectNumber.java:[31,17] serializable class com.google.cloud.pubsublite.ProjectNumber has no definition of serialVersionUID
[WARNING] /home/gabsko/breaking-updates/google-cloud-pubsublite/src/main/java/com/google/cloud/pubsublite/ProjectPath.java:[27,17] serializable class com.google.cloud.pubsublite.ProjectPath has no definition of serialVersionUID
[WARNING] /home/gabsko/breaking-updates/google-cloud-pubsublite/src/main/java/com/google/cloud/pubsublite/TopicPath.java:[33,17] serializable class com.google.cloud.pubsublite.TopicPath has no definition of serialVersionUID
[WARNING] /home/gabsko/breaking-updates/google-cloud-pubsublite/src/main/java/com/google/cloud/pubsublite/internal/ExtractStatus.java:[84,39] <I,O>rethrowAsRuntime(com.google.cloud.pubsublite.internal.ExtractStatus.StatusFunction<I,O>) in com.google.cloud.pubsublite.internal.ExtractStatus is potentially ambiguous with <I>rethrowAsRuntime(com.google.cloud.pubsublite.internal.ExtractStatus.StatusConsumer<I>) in com.google.cloud.pubsublite.internal.ExtractStatus
[WARNING] /home/gabsko/breaking-updates/google-cloud-pubsublite/src/main/java/com/google/cloud/pubsublite/ReservationPath.java:[33,17] serializable class com.google.cloud.pubsublite.ReservationPath has no definition of serialVersionUID
[WARNING] /home/gabsko/breaking-updates/google-cloud-pubsublite/src/main/java/com/google/cloud/pubsublite/ReservationName.java:[27,17] serializable class com.google.cloud.pubsublite.ReservationName has no definition of serialVersionUID
[WARNING] /home/gabsko/breaking-updates/google-cloud-pubsublite/src/main/java/com/google/cloud/pubsublite/v1/AdminServiceSettings.java:[257,18] toBuilder() in com.google.cloud.pubsublite.v1.AdminServiceSettings overrides <B>toBuilder() in com.google.api.gax.rpc.ClientSettings
  return type requires unchecked conversion from com.google.cloud.pubsublite.v1.AdminServiceSettings.Builder to B
[WARNING] /home/gabsko/breaking-updates/google-cloud-pubsublite/src/main/java/com/google/cloud/pubsublite/v1/AdminServiceSettings.java:[300,12] static method should be qualified by type name, com.google.api.gax.rpc.ClientSettings.Builder, instead of by an expression
[WARNING] /home/gabsko/breaking-updates/google-cloud-pubsublite/src/main/java/com/google/cloud/pubsublite/v1/stub/AdminServiceStubSettings.java:[1060,37] build() in com.google.cloud.pubsublite.v1.stub.AdminServiceStubSettings.Builder overrides <B>build() in com.google.api.gax.rpc.StubSettings.Builder
  return type requires unchecked conversion from com.google.cloud.pubsublite.v1.stub.AdminServiceStubSettings to com.google.api.gax.rpc.StubSettings<B>
[WARNING] /home/gabsko/breaking-updates/google-cloud-pubsublite/src/main/java/com/google/cloud/pubsublite/v1/stub/AdminServiceStubSettings.java:[941,12] static method should be qualified by type name, com.google.api.gax.rpc.StubSettings.Builder, instead of by an expression
[WARNING] /home/gabsko/breaking-updates/google-cloud-pubsublite/src/main/java/com/google/cloud/pubsublite/TopicName.java:[27,17] serializable class com.google.cloud.pubsublite.TopicName has no definition of serialVersionUID
[WARNING] /home/gabsko/breaking-updates/google-cloud-pubsublite/src/main/java/com/google/cloud/pubsublite/v1/PartitionAssignmentServiceSettings.java:[130,18] toBuilder() in com.google.cloud.pubsublite.v1.PartitionAssignmentServiceSettings overrides <B>toBuilder() in com.google.api.gax.rpc.ClientSettings
  return type requires unchecked conversion from com.google.cloud.pubsublite.v1.PartitionAssignmentServiceSettings.Builder to B
[WARNING] /home/gabsko/breaking-updates/google-cloud-pubsublite/src/main/java/com/google/cloud/pubsublite/v1/PartitionAssignmentServiceSettings.java:[174,12] static method should be qualified by type name, com.google.api.gax.rpc.ClientSettings.Builder, instead of by an expression
[WARNING] /home/gabsko/breaking-updates/google-cloud-pubsublite/src/main/java/com/google/cloud/pubsublite/v1/stub/PartitionAssignmentServiceStubSettings.java:[251,51] build() in com.google.cloud.pubsublite.v1.stub.PartitionAssignmentServiceStubSettings.Builder overrides <B>build() in com.google.api.gax.rpc.StubSettings.Builder
  return type requires unchecked conversion from com.google.cloud.pubsublite.v1.stub.PartitionAssignmentServiceStubSettings to com.google.api.gax.rpc.StubSettings<B>
[WARNING] /home/gabsko/breaking-updates/google-cloud-pubsublite/src/main/java/com/google/cloud/pubsublite/v1/stub/PartitionAssignmentServiceStubSettings.java:[236,12] static method should be qualified by type name, com.google.api.gax.rpc.StubSettings.Builder, instead of by an expression
[WARNING] /home/gabsko/breaking-updates/google-cloud-pubsublite/src/main/java/com/google/cloud/pubsublite/v1/SubscriberServiceSettings.java:[127,18] toBuilder() in com.google.cloud.pubsublite.v1.SubscriberServiceSettings overrides <B>toBuilder() in com.google.api.gax.rpc.ClientSettings
  return type requires unchecked conversion from com.google.cloud.pubsublite.v1.SubscriberServiceSettings.Builder to B
[WARNING] /home/gabsko/breaking-updates/google-cloud-pubsublite/src/main/java/com/google/cloud/pubsublite/v1/SubscriberServiceSettings.java:[170,12] static method should be qualified by type name, com.google.api.gax.rpc.ClientSettings.Builder, instead of by an expression
[WARNING] /home/gabsko/breaking-updates/google-cloud-pubsublite/src/main/java/com/google/cloud/pubsublite/v1/stub/SubscriberServiceStubSettings.java:[246,42] build() in com.google.cloud.pubsublite.v1.stub.SubscriberServiceStubSettings.Builder overrides <B>build() in com.google.api.gax.rpc.StubSettings.Builder
  return type requires unchecked conversion from com.google.cloud.pubsublite.v1.stub.SubscriberServiceStubSettings to com.google.api.gax.rpc.StubSettings<B>
[WARNING] /home/gabsko/breaking-updates/google-cloud-pubsublite/src/main/java/com/google/cloud/pubsublite/v1/stub/SubscriberServiceStubSettings.java:[232,12] static method should be qualified by type name, com.google.api.gax.rpc.StubSettings.Builder, instead of by an expression
[WARNING] /home/gabsko/breaking-updates/google-cloud-pubsublite/src/main/java/com/google/cloud/pubsublite/internal/wire/ConnectedCommitter.java:[21,1] auto-closeable resource com.google.cloud.pubsublite.internal.wire.ConnectedCommitter has a member method close() that could throw InterruptedException
[WARNING] /home/gabsko/breaking-updates/google-cloud-pubsublite/src/main/java/com/google/cloud/pubsublite/v1/PublisherServiceSettings.java:[127,18] toBuilder() in com.google.cloud.pubsublite.v1.PublisherServiceSettings overrides <B>toBuilder() in com.google.api.gax.rpc.ClientSettings
  return type requires unchecked conversion from com.google.cloud.pubsublite.v1.PublisherServiceSettings.Builder to B
[WARNING] /home/gabsko/breaking-updates/google-cloud-pubsublite/src/main/java/com/google/cloud/pubsublite/v1/PublisherServiceSettings.java:[170,12] static method should be qualified by type name, com.google.api.gax.rpc.ClientSettings.Builder, instead of by an expression
[WARNING] /home/gabsko/breaking-updates/google-cloud-pubsublite/src/main/java/com/google/cloud/pubsublite/v1/stub/PublisherServiceStubSettings.java:[244,41] build() in com.google.cloud.pubsublite.v1.stub.PublisherServiceStubSettings.Builder overrides <B>build() in com.google.api.gax.rpc.StubSettings.Builder
  return type requires unchecked conversion from com.google.cloud.pubsublite.v1.stub.PublisherServiceStubSettings to com.google.api.gax.rpc.StubSettings<B>
[WARNING] /home/gabsko/breaking-updates/google-cloud-pubsublite/src/main/java/com/google/cloud/pubsublite/v1/stub/PublisherServiceStubSettings.java:[230,12] static method should be qualified by type name, com.google.api.gax.rpc.StubSettings.Builder, instead of by an expression
[WARNING] /home/gabsko/breaking-updates/google-cloud-pubsublite/src/main/java/com/google/cloud/pubsublite/v1/TopicStatsServiceSettings.java:[143,18] toBuilder() in com.google.cloud.pubsublite.v1.TopicStatsServiceSettings overrides <B>toBuilder() in com.google.api.gax.rpc.ClientSettings
  return type requires unchecked conversion from com.google.cloud.pubsublite.v1.TopicStatsServiceSettings.Builder to B
[WARNING] /home/gabsko/breaking-updates/google-cloud-pubsublite/src/main/java/com/google/cloud/pubsublite/v1/TopicStatsServiceSettings.java:[186,12] static method should be qualified by type name, com.google.api.gax.rpc.ClientSettings.Builder, instead of by an expression
[WARNING] /home/gabsko/breaking-updates/google-cloud-pubsublite/src/main/java/com/google/cloud/pubsublite/v1/stub/TopicStatsServiceStubSettings.java:[327,42] build() in com.google.cloud.pubsublite.v1.stub.TopicStatsServiceStubSettings.Builder overrides <B>build() in com.google.api.gax.rpc.StubSettings.Builder
  return type requires unchecked conversion from com.google.cloud.pubsublite.v1.stub.TopicStatsServiceStubSettings to com.google.api.gax.rpc.StubSettings<B>
[WARNING] /home/gabsko/breaking-updates/google-cloud-pubsublite/src/main/java/com/google/cloud/pubsublite/v1/stub/TopicStatsServiceStubSettings.java:[300,12] static method should be qualified by type name, com.google.api.gax.rpc.StubSettings.Builder, instead of by an expression
[WARNING] /home/gabsko/breaking-updates/google-cloud-pubsublite/src/main/java/com/google/cloud/pubsublite/internal/PullSubscriber.java:[24,8] auto-closeable resource com.google.cloud.pubsublite.internal.PullSubscriber<T> has a member method close() that could throw InterruptedException
[WARNING] /home/gabsko/breaking-updates/google-cloud-pubsublite/src/main/java/com/google/cloud/pubsublite/internal/wire/ConnectedSubscriber.java:[21,1] auto-closeable resource com.google.cloud.pubsublite.internal.wire.ConnectedSubscriber has a member method close() that could throw InterruptedException
[WARNING] /home/gabsko/breaking-updates/google-cloud-pubsublite/src/main/java/com/google/cloud/pubsublite/internal/wire/ConnectedAssigner.java:[19,8] auto-closeable resource com.google.cloud.pubsublite.internal.wire.ConnectedAssigner has a member method close() that could throw InterruptedException
[WARNING] /home/gabsko/breaking-updates/google-cloud-pubsublite/src/main/java/com/google/cloud/pubsublite/internal/wire/BatchPublisher.java:[22,1] auto-closeable resource com.google.cloud.pubsublite.internal.wire.BatchPublisher has a member method close() that could throw InterruptedException
[WARNING] /home/gabsko/breaking-updates/google-cloud-pubsublite/src/main/java/com/google/cloud/pubsublite/internal/testing/UnitTestExamples.java:[64,18] redundant cast to T
[WARNING] /home/gabsko/breaking-updates/google-cloud-pubsublite/target/generated-sources/annotations/com/google/cloud/pubsublite/AutoOneOf_CloudRegionOrZone.java:[24,27] serializable class com.google.cloud.pubsublite.AutoOneOf_CloudRegionOrZone.Parent_ has no definition of serialVersionUID
[WARNING] /home/gabsko/breaking-updates/google-cloud-pubsublite/target/generated-sources/annotations/com/google/cloud/pubsublite/AutoOneOf_CloudRegionOrZone.java:[36,24] serializable class com.google.cloud.pubsublite.AutoOneOf_CloudRegionOrZone.Impl_region has no definition of serialVersionUID
[WARNING] /home/gabsko/breaking-updates/google-cloud-pubsublite/target/generated-sources/annotations/com/google/cloud/pubsublite/AutoOneOf_CloudRegionOrZone.java:[66,24] serializable class com.google.cloud.pubsublite.AutoOneOf_CloudRegionOrZone.Impl_zone has no definition of serialVersionUID
[WARNING] /home/gabsko/breaking-updates/google-cloud-pubsublite/target/generated-sources/annotations/com/google/cloud/pubsublite/AutoOneOf_ProjectIdOrNumber.java:[24,27] serializable class com.google.cloud.pubsublite.AutoOneOf_ProjectIdOrNumber.Parent_ has no definition of serialVersionUID
[WARNING] /home/gabsko/breaking-updates/google-cloud-pubsublite/target/generated-sources/annotations/com/google/cloud/pubsublite/AutoOneOf_ProjectIdOrNumber.java:[36,24] serializable class com.google.cloud.pubsublite.AutoOneOf_ProjectIdOrNumber.Impl_name has no definition of serialVersionUID
[WARNING] /home/gabsko/breaking-updates/google-cloud-pubsublite/target/generated-sources/annotations/com/google/cloud/pubsublite/AutoOneOf_ProjectIdOrNumber.java:[66,24] serializable class com.google.cloud.pubsublite.AutoOneOf_ProjectIdOrNumber.Impl_number has no definition of serialVersionUID
[WARNING] /home/gabsko/breaking-updates/google-cloud-pubsublite/target/generated-sources/annotations/com/google/cloud/pubsublite/AutoValue_LocationPath.java:[6,7] serializable class com.google.cloud.pubsublite.AutoValue_LocationPath has no definition of serialVersionUID
[WARNING] /home/gabsko/breaking-updates/google-cloud-pubsublite/target/generated-sources/annotations/com/google/cloud/pubsublite/AutoValue_ReservationName.java:[6,7] serializable class com.google.cloud.pubsublite.AutoValue_ReservationName has no definition of serialVersionUID
[WARNING] /home/gabsko/breaking-updates/google-cloud-pubsublite/target/generated-sources/annotations/com/google/cloud/pubsublite/AutoValue_Offset.java:[6,7] serializable class com.google.cloud.pubsublite.AutoValue_Offset has no definition of serialVersionUID
[WARNING] /home/gabsko/breaking-updates/google-cloud-pubsublite/target/generated-sources/annotations/com/google/cloud/pubsublite/AutoValue_TopicPath.java:[6,7] serializable class com.google.cloud.pubsublite.AutoValue_TopicPath has no definition of serialVersionUID
[WARNING] /home/gabsko/breaking-updates/google-cloud-pubsublite/target/generated-sources/annotations/com/google/cloud/pubsublite/AutoValue_ProjectId.java:[6,7] serializable class com.google.cloud.pubsublite.AutoValue_ProjectId has no definition of serialVersionUID
[WARNING] /home/gabsko/breaking-updates/google-cloud-pubsublite/target/generated-sources/annotations/com/google/cloud/pubsublite/AutoValue_SubscriptionPath.java:[6,7] serializable class com.google.cloud.pubsublite.AutoValue_SubscriptionPath has no definition of serialVersionUID
[WARNING] /home/gabsko/breaking-updates/google-cloud-pubsublite/target/generated-sources/annotations/com/google/cloud/pubsublite/AutoValue_ProjectPath.java:[6,7] serializable class com.google.cloud.pubsublite.AutoValue_ProjectPath has no definition of serialVersionUID
[WARNING] /home/gabsko/breaking-updates/google-cloud-pubsublite/target/generated-sources/annotations/com/google/cloud/pubsublite/AutoValue_ProjectNumber.java:[6,7] serializable class com.google.cloud.pubsublite.AutoValue_ProjectNumber has no definition of serialVersionUID
[WARNING] /home/gabsko/breaking-updates/google-cloud-pubsublite/target/generated-sources/annotations/com/google/cloud/pubsublite/AutoValue_TopicName.java:[6,7] serializable class com.google.cloud.pubsublite.AutoValue_TopicName has no definition of serialVersionUID
[WARNING] /home/gabsko/breaking-updates/google-cloud-pubsublite/target/generated-sources/annotations/com/google/cloud/pubsublite/AutoValue_SubscriptionName.java:[6,7] serializable class com.google.cloud.pubsublite.AutoValue_SubscriptionName has no definition of serialVersionUID
[WARNING] /home/gabsko/breaking-updates/google-cloud-pubsublite/target/generated-sources/annotations/com/google/cloud/pubsublite/AutoValue_ReservationPath.java:[6,7] serializable class com.google.cloud.pubsublite.AutoValue_ReservationPath has no definition of serialVersionUID
[WARNING] /home/gabsko/breaking-updates/google-cloud-pubsublite/src/main/java/com/google/cloud/pubsublite/SubscriptionPath.java:[45,17] [AutoValueFinalMethods] Make toString final in AutoValue classes, so it is clear to readers that AutoValue is not overriding them
    (see https://errorprone.info/bugpattern/AutoValueFinalMethods)
  Did you mean 'public final String toString() {'?
[WARNING] /home/gabsko/breaking-updates/google-cloud-pubsublite/src/main/java/com/google/cloud/pubsublite/v1/stub/CursorServiceStubSettings.java:[302,21] [UnusedVariable] This assignment to the local variable 'settings' is never read.
    (see https://errorprone.info/bugpattern/UnusedVariable)
  Did you mean to remove this line?
[WARNING] /home/gabsko/breaking-updates/google-cloud-pubsublite/src/main/java/com/google/cloud/pubsublite/SubscriptionName.java:[31,17] [AutoValueFinalMethods] Make toString final in AutoValue classes, so it is clear to readers that AutoValue is not overriding them
    (see https://errorprone.info/bugpattern/AutoValueFinalMethods)
  Did you mean 'public final String toString() {'?
[WARNING] /home/gabsko/breaking-updates/google-cloud-pubsublite/src/main/java/com/google/cloud/pubsublite/LocationPath.java:[38,17] [AutoValueFinalMethods] Make toString final in AutoValue classes, so it is clear to readers that AutoValue is not overriding them
    (see https://errorprone.info/bugpattern/AutoValueFinalMethods)
  Did you mean 'public final String toString() {'?
[WARNING] /home/gabsko/breaking-updates/google-cloud-pubsublite/src/main/java/com/google/cloud/pubsublite/CloudRegion.java:[45,17] [AutoValueFinalMethods] Make toString final in AutoValue classes, so it is clear to readers that AutoValue is not overriding them
    (see https://errorprone.info/bugpattern/AutoValueFinalMethods)
  Did you mean 'public final String toString() {'?
[WARNING] /home/gabsko/breaking-updates/google-cloud-pubsublite/src/main/java/com/google/cloud/pubsublite/ProjectId.java:[30,17] [AutoValueFinalMethods] Make toString final in AutoValue classes, so it is clear to readers that AutoValue is not overriding them
    (see https://errorprone.info/bugpattern/AutoValueFinalMethods)
  Did you mean 'public final String toString() {'?
[WARNING] /home/gabsko/breaking-updates/google-cloud-pubsublite/src/main/java/com/google/cloud/pubsublite/ProjectNumber.java:[36,17] [AutoValueFinalMethods] Make toString final in AutoValue classes, so it is clear to readers that AutoValue is not overriding them
    (see https://errorprone.info/bugpattern/AutoValueFinalMethods)
  Did you mean 'public final String toString() {'?
[WARNING] /home/gabsko/breaking-updates/google-cloud-pubsublite/src/main/java/com/google/cloud/pubsublite/ProjectPath.java:[31,17] [AutoValueFinalMethods] Make toString final in AutoValue classes, so it is clear to readers that AutoValue is not overriding them
    (see https://errorprone.info/bugpattern/AutoValueFinalMethods)
  Did you mean 'public final String toString() {'?
[WARNING] /home/gabsko/breaking-updates/google-cloud-pubsublite/src/main/java/com/google/cloud/pubsublite/ProjectPath.java:[53,33] [StringSplitter] String.split(String) has surprising behavior
    (see https://errorprone.info/bugpattern/StringSplitter)
  Did you mean 'List<String> splits = Splitter.on('/').splitToList(path);'?
[WARNING] /home/gabsko/breaking-updates/google-cloud-pubsublite/src/main/java/com/google/cloud/pubsublite/MessageMetadata.java:[46,35] [StringSplitter] String.split(String) has surprising behavior
    (see https://errorprone.info/bugpattern/StringSplitter)
  Did you mean 'List<String> split = Splitter.on(':').splitToList(encoded);'?
[WARNING] /home/gabsko/breaking-updates/google-cloud-pubsublite/src/main/java/com/google/cloud/pubsublite/TopicPath.java:[45,17] [AutoValueFinalMethods] Make toString final in AutoValue classes, so it is clear to readers that AutoValue is not overriding them
    (see https://errorprone.info/bugpattern/AutoValueFinalMethods)
  Did you mean 'public final String toString() {'?
[WARNING] /home/gabsko/breaking-updates/google-cloud-pubsublite/src/main/java/com/google/cloud/pubsublite/ReservationPath.java:[45,17] [AutoValueFinalMethods] Make toString final in AutoValue classes, so it is clear to readers that AutoValue is not overriding them
    (see https://errorprone.info/bugpattern/AutoValueFinalMethods)
  Did you mean 'public final String toString() {'?
[WARNING] /home/gabsko/breaking-updates/google-cloud-pubsublite/src/main/java/com/google/cloud/pubsublite/ReservationName.java:[31,17] [AutoValueFinalMethods] Make toString final in AutoValue classes, so it is clear to readers that AutoValue is not overriding them
    (see https://errorprone.info/bugpattern/AutoValueFinalMethods)
  Did you mean 'public final String toString() {'?
[WARNING] /home/gabsko/breaking-updates/google-cloud-pubsublite/src/main/java/com/google/cloud/pubsublite/v1/stub/AdminServiceStubSettings.java:[718,21] [UnusedVariable] This assignment to the local variable 'settings' is never read.
    (see https://errorprone.info/bugpattern/UnusedVariable)
  Did you mean to remove this line?
[WARNING] /home/gabsko/breaking-updates/google-cloud-pubsublite/src/main/java/com/google/cloud/pubsublite/TopicName.java:[31,17] [AutoValueFinalMethods] Make toString final in AutoValue classes, so it is clear to readers that AutoValue is not overriding them
    (see https://errorprone.info/bugpattern/AutoValueFinalMethods)
  Did you mean 'public final String toString() {'?
[WARNING] /home/gabsko/breaking-updates/google-cloud-pubsublite/src/main/java/com/google/cloud/pubsublite/v1/stub/PartitionAssignmentServiceStubSettings.java:[186,21] [UnusedVariable] This assignment to the local variable 'settings' is never read.
    (see https://errorprone.info/bugpattern/UnusedVariable)
  Did you mean to remove this line?
[WARNING] /home/gabsko/breaking-updates/google-cloud-pubsublite/src/main/java/com/google/cloud/pubsublite/v1/stub/PartitionAssignmentServiceStubSettings.java:[182,62] [UnusedVariable] The field 'RETRY_PARAM_DEFINITIONS' is never read.
    (see https://errorprone.info/bugpattern/UnusedVariable)
  Did you mean to remove this line or to remove this line?
[WARNING] /home/gabsko/breaking-updates/google-cloud-pubsublite/src/main/java/com/google/cloud/pubsublite/v1/stub/PartitionAssignmentServiceStubSettings.java:[173,9] [UnusedVariable] The field 'RETRYABLE_CODE_DEFINITIONS' is never read.
    (see https://errorprone.info/bugpattern/UnusedVariable)
  Did you mean to remove this line or to remove this line?
[WARNING] /home/gabsko/breaking-updates/google-cloud-pubsublite/src/main/java/com/google/cloud/pubsublite/cloudpubsub/SubscriberSettings.java:[88,28] [AutoValueImmutableFields] AutoValue instances should be deeply immutable. Therefore, we recommend returning ImmutableList instead. Read more at http://goo.gl/qWo9sC
    (see https://errorprone.info/bugpattern/AutoValueImmutableFields)
[WARNING] /home/gabsko/breaking-updates/google-cloud-pubsublite/src/main/java/com/google/cloud/pubsublite/v1/stub/SubscriberServiceStubSettings.java:[182,21] [UnusedVariable] This assignment to the local variable 'settings' is never read.
    (see https://errorprone.info/bugpattern/UnusedVariable)
  Did you mean to remove this line?
[WARNING] /home/gabsko/breaking-updates/google-cloud-pubsublite/src/main/java/com/google/cloud/pubsublite/v1/stub/SubscriberServiceStubSettings.java:[169,9] [UnusedVariable] The field 'RETRYABLE_CODE_DEFINITIONS' is never read.
    (see https://errorprone.info/bugpattern/UnusedVariable)
  Did you mean to remove this line or to remove this line?
[WARNING] /home/gabsko/breaking-updates/google-cloud-pubsublite/src/main/java/com/google/cloud/pubsublite/v1/stub/SubscriberServiceStubSettings.java:[178,62] [UnusedVariable] The field 'RETRY_PARAM_DEFINITIONS' is never read.
    (see https://errorprone.info/bugpattern/UnusedVariable)
  Did you mean to remove this line or to remove this line?
[WARNING] /home/gabsko/breaking-updates/google-cloud-pubsublite/src/main/java/com/google/cloud/pubsublite/internal/wire/CommitterImpl.java:[90,32] auto-closeable resource h is never referenced in body of corresponding try statement
[WARNING] /home/gabsko/breaking-updates/google-cloud-pubsublite/src/main/java/com/google/cloud/pubsublite/internal/wire/CommitterImpl.java:[102,32] auto-closeable resource h is never referenced in body of corresponding try statement
[WARNING] /home/gabsko/breaking-updates/google-cloud-pubsublite/src/main/java/com/google/cloud/pubsublite/internal/wire/CommitterImpl.java:[105,32] auto-closeable resource h is never referenced in body of corresponding try statement
[WARNING] /home/gabsko/breaking-updates/google-cloud-pubsublite/src/main/java/com/google/cloud/pubsublite/internal/wire/CommitterImpl.java:[111,32] auto-closeable resource h is never referenced in body of corresponding try statement
[WARNING] /home/gabsko/breaking-updates/google-cloud-pubsublite/src/main/java/com/google/cloud/pubsublite/internal/wire/CommitterImpl.java:[128,32] auto-closeable resource h is never referenced in body of corresponding try statement
[WARNING] /home/gabsko/breaking-updates/google-cloud-pubsublite/src/main/java/com/google/cloud/pubsublite/internal/wire/CommitterImpl.java:[136,32] auto-closeable resource h is never referenced in body of corresponding try statement
[WARNING] /home/gabsko/breaking-updates/google-cloud-pubsublite/src/main/java/com/google/cloud/pubsublite/internal/wire/CommitterImpl.java:[150,32] auto-closeable resource h is never referenced in body of corresponding try statement
[WARNING] /home/gabsko/breaking-updates/google-cloud-pubsublite/src/main/java/com/google/cloud/pubsublite/internal/wire/CommitterImpl.java:[47,24] [MissingOverride] isSatisfied implements method in Guard; expected @Override
    (see https://errorprone.info/bugpattern/MissingOverride)
  Did you mean '@Override public boolean isSatisfied() {'?
[WARNING] /home/gabsko/breaking-updates/google-cloud-pubsublite/src/main/java/com/google/cloud/pubsublite/v1/stub/GrpcAdminServiceStub.java:[289,41] [UnusedVariable] The field 'callableFactory' is never read.
    (see https://errorprone.info/bugpattern/UnusedVariable)
  Did you mean to remove this line?
[WARNING] /home/gabsko/breaking-updates/google-cloud-pubsublite/src/main/java/com/google/cloud/pubsublite/internal/BlockingPullSubscriber.java:[46,8] [MissingOverride] close implements method in Closeable; expected @Override
    (see https://errorprone.info/bugpattern/MissingOverride)
  Did you mean '@Override void close();'?
[WARNING] /home/gabsko/breaking-updates/google-cloud-pubsublite/src/main/java/com/google/cloud/pubsublite/v1/stub/PublisherServiceStubSettings.java:[180,21] [UnusedVariable] This assignment to the local variable 'settings' is never read.
    (see https://errorprone.info/bugpattern/UnusedVariable)
  Did you mean to remove this line?
[WARNING] /home/gabsko/breaking-updates/google-cloud-pubsublite/src/main/java/com/google/cloud/pubsublite/v1/stub/PublisherServiceStubSettings.java:[176,62] [UnusedVariable] The field 'RETRY_PARAM_DEFINITIONS' is never read.
    (see https://errorprone.info/bugpattern/UnusedVariable)
  Did you mean to remove this line or to remove this line?
[INFO] 
[INFO] --- build-helper-maven-plugin:3.2.0:add-test-resource (add-test-proto-resources) @ google-cloud-pubsublite ---
[INFO] 
[INFO] --- maven-resources-plugin:2.6:testResources (default-testResources) @ google-cloud-pubsublite ---
[INFO] Using 'UTF-8' encoding to copy filtered resources.
[INFO] Copying 1 resource
[INFO] skip non existing resourceDirectory /home/gabsko/breaking-updates/google-cloud-pubsublite/src/test/proto
[INFO] 
[INFO] --- maven-compiler-plugin:3.8.1:testCompile (default-testCompile) @ google-cloud-pubsublite ---
[INFO] Changes detected - recompiling the module!
[INFO] Compiling 60 source files to /home/gabsko/breaking-updates/google-cloud-pubsublite/target/test-classes
[WARNING] bootstrap class path not set in conjunction with -source 8
[WARNING] No processor claimed any of these annotations: org.junit.AfterClass,com.google.api.core.BetaApi,org.junit.BeforeClass,org.mockito.Mock,com.google.errorprone.annotations.concurrent.GuardedBy,org.junit.runner.RunWith,org.junit.Test,org.mockito.Captor,javax.annotation.Generated,org.junit.Rule,org.mockito.Spy,org.junit.After,org.junit.Before
[WARNING] /home/gabsko/breaking-updates/google-cloud-pubsublite/src/test/java/com/google/cloud/pubsublite/internal/wire/SubscriberImplTest.java:[108,5] initMocks(java.lang.Object) in org.mockito.MockitoAnnotations has been deprecated
[WARNING] /home/gabsko/breaking-updates/google-cloud-pubsublite/src/test/java/com/google/cloud/pubsublite/internal/wire/SubscriberImplTest.java:[171,5] verifyZeroInteractions(java.lang.Object...) in org.mockito.Mockito has been deprecated
[WARNING] /home/gabsko/breaking-updates/google-cloud-pubsublite/src/test/java/com/google/cloud/pubsublite/internal/wire/RoutingPublisherTest.java:[59,5] initMocks(java.lang.Object) in org.mockito.MockitoAnnotations has been deprecated
[WARNING] /home/gabsko/breaking-updates/google-cloud-pubsublite/src/test/java/com/google/cloud/pubsublite/internal/wire/ConnectedAssignerImplTest.java:[84,23] initMocks(java.lang.Object) in org.mockito.MockitoAnnotations has been deprecated
[WARNING] /home/gabsko/breaking-updates/google-cloud-pubsublite/src/test/java/com/google/cloud/pubsublite/internal/wire/ConnectedAssignerImplTest.java:[131,28] auto-closeable resource com.google.cloud.pubsublite.internal.wire.ConnectedAssigner has a member method close() that could throw InterruptedException
[WARNING] /home/gabsko/breaking-updates/google-cloud-pubsublite/src/test/java/com/google/cloud/pubsublite/internal/wire/ConnectedAssignerImplTest.java:[138,28] auto-closeable resource com.google.cloud.pubsublite.internal.wire.ConnectedAssigner has a member method close() that could throw InterruptedException
[WARNING] /home/gabsko/breaking-updates/google-cloud-pubsublite/src/test/java/com/google/cloud/pubsublite/internal/wire/ConnectedAssignerImplTest.java:[148,10] unchecked generic array creation for varargs parameter of type com.google.api.gax.rpc.ClientStream<com.google.cloud.pubsublite.proto.PartitionAssignmentRequest>[]
[WARNING] /home/gabsko/breaking-updates/google-cloud-pubsublite/src/test/java/com/google/cloud/pubsublite/internal/wire/ConnectedAssignerImplTest.java:[149,10] unchecked generic array creation for varargs parameter of type com.google.api.gax.rpc.ResponseObserver<com.google.cloud.pubsublite.proto.PartitionAssignment>[]
[WARNING] /home/gabsko/breaking-updates/google-cloud-pubsublite/src/test/java/com/google/cloud/pubsublite/internal/wire/BatchPublisherImplTest.java:[95,5] initMocks(java.lang.Object) in org.mockito.MockitoAnnotations has been deprecated
[WARNING] /home/gabsko/breaking-updates/google-cloud-pubsublite/src/test/java/com/google/cloud/pubsublite/v1/CursorServiceClientTest.java:[107,17] bidiStreamingCall(com.google.api.gax.rpc.ApiStreamObserver<ResponseT>) in com.google.api.gax.rpc.BidiStreamingCallable has been deprecated
[WARNING] /home/gabsko/breaking-updates/google-cloud-pubsublite/src/test/java/com/google/cloud/pubsublite/v1/CursorServiceClientTest.java:[128,17] bidiStreamingCall(com.google.api.gax.rpc.ApiStreamObserver<ResponseT>) in com.google.api.gax.rpc.BidiStreamingCallable has been deprecated
[WARNING] /home/gabsko/breaking-updates/google-cloud-pubsublite/src/test/java/com/google/cloud/pubsublite/internal/wire/SubscriberBuilderTest.java:[46,5] initMocks(java.lang.Object) in org.mockito.MockitoAnnotations has been deprecated
[WARNING] /home/gabsko/breaking-updates/google-cloud-pubsublite/src/test/java/com/google/cloud/pubsublite/v1/SubscriberServiceClientTest.java:[93,17] bidiStreamingCall(com.google.api.gax.rpc.ApiStreamObserver<ResponseT>) in com.google.api.gax.rpc.BidiStreamingCallable has been deprecated
[WARNING] /home/gabsko/breaking-updates/google-cloud-pubsublite/src/test/java/com/google/cloud/pubsublite/v1/SubscriberServiceClientTest.java:[114,17] bidiStreamingCall(com.google.api.gax.rpc.ApiStreamObserver<ResponseT>) in com.google.api.gax.rpc.BidiStreamingCallable has been deprecated
[WARNING] /home/gabsko/breaking-updates/google-cloud-pubsublite/src/test/java/com/google/cloud/pubsublite/cloudpubsub/MessageTransformsTest.java:[164,13] unchecked conversion
  required: com.google.cloud.pubsublite.MessageTransformer<com.google.cloud.pubsublite.SequencedMessage,com.google.pubsub.v1.PubsubMessage>
  found:    com.google.cloud.pubsublite.MessageTransformer
[WARNING] /home/gabsko/breaking-updates/google-cloud-pubsublite/src/test/java/com/google/cloud/pubsublite/cloudpubsub/internal/WrappingPublisherTest.java:[59,5] initMocks(java.lang.Object) in org.mockito.MockitoAnnotations has been deprecated
[WARNING] /home/gabsko/breaking-updates/google-cloud-pubsublite/src/test/java/com/google/cloud/pubsublite/internal/wire/SinglePartitionPublisherTest.java:[59,5] initMocks(java.lang.Object) in org.mockito.MockitoAnnotations has been deprecated
[WARNING] /home/gabsko/breaking-updates/google-cloud-pubsublite/src/test/java/com/google/cloud/pubsublite/cloudpubsub/internal/AckSetTrackerImplTest.java:[69,5] initMocks(java.lang.Object) in org.mockito.MockitoAnnotations has been deprecated
[WARNING] /home/gabsko/breaking-updates/google-cloud-pubsublite/src/test/java/com/google/cloud/pubsublite/internal/wire/AssignerImplTest.java:[92,23] initMocks(java.lang.Object) in org.mockito.MockitoAnnotations has been deprecated
[WARNING] /home/gabsko/breaking-updates/google-cloud-pubsublite/src/test/java/com/google/cloud/pubsublite/internal/DefaultRoutingPolicyTest.java:[44,44] unchecked conversion
  required: java.util.Map<java.lang.String,java.lang.Double>
  found:    java.util.Map
[WARNING] /home/gabsko/breaking-updates/google-cloud-pubsublite/src/test/java/com/google/cloud/pubsublite/v1/PartitionAssignmentServiceClientTest.java:[96,17] bidiStreamingCall(com.google.api.gax.rpc.ApiStreamObserver<ResponseT>) in com.google.api.gax.rpc.BidiStreamingCallable has been deprecated
[WARNING] /home/gabsko/breaking-updates/google-cloud-pubsublite/src/test/java/com/google/cloud/pubsublite/v1/PartitionAssignmentServiceClientTest.java:[117,17] bidiStreamingCall(com.google.api.gax.rpc.ApiStreamObserver<ResponseT>) in com.google.api.gax.rpc.BidiStreamingCallable has been deprecated
[WARNING] /home/gabsko/breaking-updates/google-cloud-pubsublite/src/test/java/com/google/cloud/pubsublite/it/ITVPCNegativeTest.java:[122,61] setScale(int) in com.google.cloud.pubsublite.proto.Topic.PartitionConfig.Builder has been deprecated
[WARNING] /home/gabsko/breaking-updates/google-cloud-pubsublite/src/test/java/com/google/cloud/pubsublite/internal/TopicStatsClientImplTest.java:[149,5] initMocks(java.lang.Object) in org.mockito.MockitoAnnotations has been deprecated
[WARNING] /home/gabsko/breaking-updates/google-cloud-pubsublite/src/test/java/com/google/cloud/pubsublite/internal/CursorClientImplTest.java:[112,5] initMocks(java.lang.Object) in org.mockito.MockitoAnnotations has been deprecated
[WARNING] /home/gabsko/breaking-updates/google-cloud-pubsublite/src/test/java/com/google/cloud/pubsublite/internal/AdminClientImplTest.java:[147,5] initMocks(java.lang.Object) in org.mockito.MockitoAnnotations has been deprecated
[WARNING] /home/gabsko/breaking-updates/google-cloud-pubsublite/src/test/java/com/google/cloud/pubsublite/cloudpubsub/internal/AssigningSubscriberTest.java:[61,5] initMocks(java.lang.Object) in org.mockito.MockitoAnnotations has been deprecated
[WARNING] /home/gabsko/breaking-updates/google-cloud-pubsublite/src/test/java/com/google/cloud/pubsublite/internal/wire/PartitionCountWatchingPublisherTest.java:[70,5] initMocks(java.lang.Object) in org.mockito.MockitoAnnotations has been deprecated
[WARNING] /home/gabsko/breaking-updates/google-cloud-pubsublite/src/test/java/com/google/cloud/pubsublite/v1/PublisherServiceClientTest.java:[92,17] bidiStreamingCall(com.google.api.gax.rpc.ApiStreamObserver<ResponseT>) in com.google.api.gax.rpc.BidiStreamingCallable has been deprecated
[WARNING] /home/gabsko/breaking-updates/google-cloud-pubsublite/src/test/java/com/google/cloud/pubsublite/v1/PublisherServiceClientTest.java:[112,17] bidiStreamingCall(com.google.api.gax.rpc.ApiStreamObserver<ResponseT>) in com.google.api.gax.rpc.BidiStreamingCallable has been deprecated
[WARNING] /home/gabsko/breaking-updates/google-cloud-pubsublite/src/test/java/com/google/cloud/pubsublite/cloudpubsub/PublisherSettingsTest.java:[61,5] initMocks(java.lang.Object) in org.mockito.MockitoAnnotations has been deprecated
[WARNING] /home/gabsko/breaking-updates/google-cloud-pubsublite/src/test/java/com/google/cloud/pubsublite/internal/wire/ConnectedSubscriberImplTest.java:[100,5] initMocks(java.lang.Object) in org.mockito.MockitoAnnotations has been deprecated
[WARNING] /home/gabsko/breaking-updates/google-cloud-pubsublite/src/test/java/com/google/cloud/pubsublite/internal/wire/PublisherImplTest.java:[98,5] initMocks(java.lang.Object) in org.mockito.MockitoAnnotations has been deprecated
[WARNING] /home/gabsko/breaking-updates/google-cloud-pubsublite/src/test/java/com/google/cloud/pubsublite/internal/wire/PublisherImplTest.java:[127,5] verifyZeroInteractions(java.lang.Object...) in org.mockito.Mockito has been deprecated
[WARNING] /home/gabsko/breaking-updates/google-cloud-pubsublite/src/test/java/com/google/cloud/pubsublite/internal/wire/PublisherImplTest.java:[180,5] verifyZeroInteractions(java.lang.Object...) in org.mockito.Mockito has been deprecated
[WARNING] /home/gabsko/breaking-updates/google-cloud-pubsublite/src/test/java/com/google/cloud/pubsublite/internal/wire/PublisherImplTest.java:[181,5] verifyZeroInteractions(java.lang.Object...) in org.mockito.Mockito has been deprecated
[WARNING] /home/gabsko/breaking-updates/google-cloud-pubsublite/src/test/java/com/google/cloud/pubsublite/internal/wire/PublisherImplTest.java:[363,53] unchecked cast
  required: java.util.Collection<com.google.cloud.pubsublite.proto.PubSubMessage>
  found:    java.lang.Iterable<capture#1 of ? extends java.lang.Object>
[WARNING] /home/gabsko/breaking-updates/google-cloud-pubsublite/src/test/java/com/google/cloud/pubsublite/cloudpubsub/internal/SinglePartitionSubscriberTest.java:[90,23] initMocks(java.lang.Object) in org.mockito.MockitoAnnotations has been deprecated
[WARNING] /home/gabsko/breaking-updates/google-cloud-pubsublite/src/test/java/com/google/cloud/pubsublite/internal/wire/ConnectedCommitterImplTest.java:[91,5] initMocks(java.lang.Object) in org.mockito.MockitoAnnotations has been deprecated
[WARNING] /home/gabsko/breaking-updates/google-cloud-pubsublite/src/test/java/com/google/cloud/pubsublite/internal/wire/ConnectedCommitterImplTest.java:[142,29] auto-closeable resource com.google.cloud.pubsublite.internal.wire.ConnectedCommitter has a member method close() that could throw InterruptedException
[WARNING] /home/gabsko/breaking-updates/google-cloud-pubsublite/src/test/java/com/google/cloud/pubsublite/internal/wire/ConnectedCommitterImplTest.java:[149,29] auto-closeable resource com.google.cloud.pubsublite.internal.wire.ConnectedCommitter has a member method close() that could throw InterruptedException
[WARNING] /home/gabsko/breaking-updates/google-cloud-pubsublite/src/test/java/com/google/cloud/pubsublite/internal/wire/ConnectedCommitterImplTest.java:[161,29] auto-closeable resource com.google.cloud.pubsublite.internal.wire.ConnectedCommitter has a member method close() that could throw InterruptedException
[WARNING] /home/gabsko/breaking-updates/google-cloud-pubsublite/src/test/java/com/google/cloud/pubsublite/internal/wire/PartitionCountWatcherImplTest.java:[54,5] initMocks(java.lang.Object) in org.mockito.MockitoAnnotations has been deprecated
[WARNING] /home/gabsko/breaking-updates/google-cloud-pubsublite/src/test/java/com/google/cloud/pubsublite/internal/wire/CommitterImplTest.java:[98,5] initMocks(java.lang.Object) in org.mockito.MockitoAnnotations has been deprecated
[WARNING] /home/gabsko/breaking-updates/google-cloud-pubsublite/src/test/java/com/google/cloud/pubsublite/internal/wire/CommitterImplTest.java:[116,5] verifyZeroInteractions(java.lang.Object...) in org.mockito.Mockito has been deprecated
[WARNING] /home/gabsko/breaking-updates/google-cloud-pubsublite/src/test/java/com/google/cloud/pubsublite/v1/MockTopicStatsServiceImpl.java:[43,17] [JdkObsolete] It is very rare for LinkedList to out-perform ArrayList or ArrayDeque. Avoid it unless you're willing to invest a lot of time into benchmarking. Caveat: LinkedList supports null elements, but ArrayDeque does not.
    (see https://errorprone.info/bugpattern/JdkObsolete)
  Did you mean 'responses = new ArrayDeque<>();'?
[WARNING] /home/gabsko/breaking-updates/google-cloud-pubsublite/src/test/java/com/google/cloud/pubsublite/v1/MockTopicStatsServiceImpl.java:[55,22] [JdkObsolete] It is very rare for LinkedList to out-perform ArrayList or ArrayDeque. Avoid it unless you're willing to invest a lot of time into benchmarking. Caveat: LinkedList supports null elements, but ArrayDeque does not.
    (see https://errorprone.info/bugpattern/JdkObsolete)
  Did you mean 'this.responses = new ArrayDeque<Object>(responses);'?
[WARNING] /home/gabsko/breaking-updates/google-cloud-pubsublite/src/test/java/com/google/cloud/pubsublite/v1/MockTopicStatsServiceImpl.java:[64,17] [JdkObsolete] It is very rare for LinkedList to out-perform ArrayList or ArrayDeque. Avoid it unless you're willing to invest a lot of time into benchmarking. Caveat: LinkedList supports null elements, but ArrayDeque does not.
    (see https://errorprone.info/bugpattern/JdkObsolete)
  Did you mean 'responses = new ArrayDeque<>();'?
[WARNING] /home/gabsko/breaking-updates/google-cloud-pubsublite/src/test/java/com/google/cloud/pubsublite/internal/wire/ConnectedAssignerImplTest.java:[131,28] auto-closeable resource assigner is never referenced in body of corresponding try statement
[WARNING] /home/gabsko/breaking-updates/google-cloud-pubsublite/src/test/java/com/google/cloud/pubsublite/internal/wire/ConnectedAssignerImplTest.java:[138,28] auto-closeable resource assigner is never referenced in body of corresponding try statement
[WARNING] /home/gabsko/breaking-updates/google-cloud-pubsublite/src/test/java/com/google/cloud/pubsublite/internal/wire/ConnectedAssignerImplTest.java:[89,57] [VariableNameSameAsType] Variable named ResponseObserver has the type ResponseObserver<PartitionAssignment>. Calling methods using "ResponseObserver.something" are difficult to distinguish between static and instance methods.
    (see https://errorprone.info/bugpattern/VariableNameSameAsType)
[WARNING] /home/gabsko/breaking-updates/google-cloud-pubsublite/src/test/java/com/google/cloud/pubsublite/internal/wire/BatchPublisherImplTest.java:[154,29] auto-closeable resource publisher is never referenced in body of corresponding try statement
[WARNING] /home/gabsko/breaking-updates/google-cloud-pubsublite/src/test/java/com/google/cloud/pubsublite/internal/wire/BatchPublisherImplTest.java:[170,29] auto-closeable resource publisher is never referenced in body of corresponding try statement
[WARNING] /home/gabsko/breaking-updates/google-cloud-pubsublite/src/test/java/com/google/cloud/pubsublite/internal/wire/BatchPublisherImplTest.java:[180,29] auto-closeable resource publisher is never referenced in body of corresponding try statement
[WARNING] /home/gabsko/breaking-updates/google-cloud-pubsublite/src/test/java/com/google/cloud/pubsublite/internal/wire/BatchPublisherImplTest.java:[100,53] [VariableNameSameAsType] Variable named ResponseObserver has the type ResponseObserver<PublishResponse>. Calling methods using "ResponseObserver.something" are difficult to distinguish between static and instance methods.
    (see https://errorprone.info/bugpattern/VariableNameSameAsType)
[WARNING] /home/gabsko/breaking-updates/google-cloud-pubsublite/src/test/java/com/google/cloud/pubsublite/v1/CursorServiceClientTest.java:[133,43] [UnusedVariable] The local variable 'actualResponses' is never read.
    (see https://errorprone.info/bugpattern/UnusedVariable)
  Did you mean to remove this line or 'responseObserver.future().get();'?
[WARNING] /home/gabsko/breaking-updates/google-cloud-pubsublite/src/test/java/com/google/cloud/pubsublite/v1/MockCursorServiceImpl.java:[43,17] [JdkObsolete] It is very rare for LinkedList to out-perform ArrayList or ArrayDeque. Avoid it unless you're willing to invest a lot of time into benchmarking. Caveat: LinkedList supports null elements, but ArrayDeque does not.
    (see https://errorprone.info/bugpattern/JdkObsolete)
  Did you mean 'responses = new ArrayDeque<>();'?
[WARNING] /home/gabsko/breaking-updates/google-cloud-pubsublite/src/test/java/com/google/cloud/pubsublite/v1/MockCursorServiceImpl.java:[55,22] [JdkObsolete] It is very rare for LinkedList to out-perform ArrayList or ArrayDeque. Avoid it unless you're willing to invest a lot of time into benchmarking. Caveat: LinkedList supports null elements, but ArrayDeque does not.
    (see https://errorprone.info/bugpattern/JdkObsolete)
  Did you mean 'this.responses = new ArrayDeque<Object>(responses);'?
[WARNING] /home/gabsko/breaking-updates/google-cloud-pubsublite/src/test/java/com/google/cloud/pubsublite/v1/MockCursorServiceImpl.java:[64,17] [JdkObsolete] It is very rare for LinkedList to out-perform ArrayList or ArrayDeque. Avoid it unless you're willing to invest a lot of time into benchmarking. Caveat: LinkedList supports null elements, but ArrayDeque does not.
    (see https://errorprone.info/bugpattern/JdkObsolete)
  Did you mean 'responses = new ArrayDeque<>();'?
[WARNING] /home/gabsko/breaking-updates/google-cloud-pubsublite/src/test/java/com/google/cloud/pubsublite/internal/BlockingPullSubscriberImplTest.java:[208,28] [TruthConstantAsserts] Truth Library assert is called on a constant.
    (see https://errorprone.info/bugpattern/TruthConstantAsserts)
  Did you mean 'assertThat(count.get()).isEqualTo(1);'?
[WARNING] /home/gabsko/breaking-updates/google-cloud-pubsublite/src/test/java/com/google/cloud/pubsublite/v1/MockPartitionAssignmentServiceImpl.java:[39,17] [JdkObsolete] It is very rare for LinkedList to out-perform ArrayList or ArrayDeque. Avoid it unless you're willing to invest a lot of time into benchmarking. Caveat: LinkedList supports null elements, but ArrayDeque does not.
    (see https://errorprone.info/bugpattern/JdkObsolete)
  Did you mean 'responses = new ArrayDeque<>();'?
[WARNING] /home/gabsko/breaking-updates/google-cloud-pubsublite/src/test/java/com/google/cloud/pubsublite/v1/MockPartitionAssignmentServiceImpl.java:[51,22] [JdkObsolete] It is very rare for LinkedList to out-perform ArrayList or ArrayDeque. Avoid it unless you're willing to invest a lot of time into benchmarking. Caveat: LinkedList supports null elements, but ArrayDeque does not.
    (see https://errorprone.info/bugpattern/JdkObsolete)
  Did you mean 'this.responses = new ArrayDeque<Object>(responses);'?
[WARNING] /home/gabsko/breaking-updates/google-cloud-pubsublite/src/test/java/com/google/cloud/pubsublite/v1/MockPartitionAssignmentServiceImpl.java:[60,17] [JdkObsolete] It is very rare for LinkedList to out-perform ArrayList or ArrayDeque. Avoid it unless you're willing to invest a lot of time into benchmarking. Caveat: LinkedList supports null elements, but ArrayDeque does not.
    (see https://errorprone.info/bugpattern/JdkObsolete)
  Did you mean 'responses = new ArrayDeque<>();'?
[WARNING] /home/gabsko/breaking-updates/google-cloud-pubsublite/src/test/java/com/google/cloud/pubsublite/v1/SubscriberServiceClientTest.java:[119,31] [UnusedVariable] The local variable 'actualResponses' is never read.
    (see https://errorprone.info/bugpattern/UnusedVariable)
  Did you mean to remove this line or 'responseObserver.future().get();'?
[WARNING] /home/gabsko/breaking-updates/google-cloud-pubsublite/src/test/java/com/google/cloud/pubsublite/v1/MockSubscriberServiceImpl.java:[39,17] [JdkObsolete] It is very rare for LinkedList to out-perform ArrayList or ArrayDeque. Avoid it unless you're willing to invest a lot of time into benchmarking. Caveat: LinkedList supports null elements, but ArrayDeque does not.
    (see https://errorprone.info/bugpattern/JdkObsolete)
  Did you mean 'responses = new ArrayDeque<>();'?
[WARNING] /home/gabsko/breaking-updates/google-cloud-pubsublite/src/test/java/com/google/cloud/pubsublite/v1/MockSubscriberServiceImpl.java:[51,22] [JdkObsolete] It is very rare for LinkedList to out-perform ArrayList or ArrayDeque. Avoid it unless you're willing to invest a lot of time into benchmarking. Caveat: LinkedList supports null elements, but ArrayDeque does not.
    (see https://errorprone.info/bugpattern/JdkObsolete)
  Did you mean 'this.responses = new ArrayDeque<Object>(responses);'?
[WARNING] /home/gabsko/breaking-updates/google-cloud-pubsublite/src/test/java/com/google/cloud/pubsublite/v1/MockSubscriberServiceImpl.java:[60,17] [JdkObsolete] It is very rare for LinkedList to out-perform ArrayList or ArrayDeque. Avoid it unless you're willing to invest a lot of time into benchmarking. Caveat: LinkedList supports null elements, but ArrayDeque does not.
    (see https://errorprone.info/bugpattern/JdkObsolete)
  Did you mean 'responses = new ArrayDeque<>();'?
[WARNING] /home/gabsko/breaking-updates/google-cloud-pubsublite/src/test/java/com/google/cloud/pubsublite/cloudpubsub/MessageTransformsTest.java:[267,37] [UnnecessaryParentheses] These grouping parentheses are unnecessary; it is unlikely the code will be misinterpreted without them
    (see https://errorprone.info/bugpattern/UnnecessaryParentheses)
  Did you mean '"Unlikely to be an encoded timestamp proto.".getBytes()))'?
[WARNING] /home/gabsko/breaking-updates/google-cloud-pubsublite/src/test/java/com/google/cloud/pubsublite/cloudpubsub/MessageTransformsTest.java:[267,91] [DefaultCharset] Implicit use of the platform default charset, which can result in differing behaviour between JVM executions or incorrect behavior if the encoding of the data source doesn't match expectations.
    (see https://errorprone.info/bugpattern/DefaultCharset)
  Did you mean '("Unlikely to be an encoded timestamp proto.".getBytes(UTF_8))))' or '("Unlikely to be an encoded timestamp proto.".getBytes(Charset.defaultCharset()))))'?
[WARNING] /home/gabsko/breaking-updates/google-cloud-pubsublite/src/test/java/com/google/cloud/pubsublite/cloudpubsub/internal/AckSetTrackerImplTest.java:[89,14] [UnusedVariable] The local variable 'ignoredAck7' is never read.
    (see https://errorprone.info/bugpattern/UnusedVariable)
  Did you mean to remove this line or 'tracker.track(messageForOffset(7));'?
[WARNING] /home/gabsko/breaking-updates/google-cloud-pubsublite/src/test/java/com/google/cloud/pubsublite/internal/DefaultRoutingPolicyTest.java:[40,9] [DefaultCharset] Implicit use of the platform default charset, which can result in differing behaviour between JVM executions or incorrect behavior if the encoding of the data source doesn't match expectations.
    (see https://errorprone.info/bugpattern/DefaultCharset)
  Did you mean 'DefaultRoutingPolicyTest.class.getResource("/routing_tests.json").toURI())), UTF_8);' or 'DefaultRoutingPolicyTest.class.getResource("/routing_tests.json").toURI())), Charset.defaultCharset());'?
[WARNING] /home/gabsko/breaking-updates/google-cloud-pubsublite/src/test/java/com/google/cloud/pubsublite/v1/PartitionAssignmentServiceClientTest.java:[122,33] [UnusedVariable] The local variable 'actualResponses' is never read.
    (see https://errorprone.info/bugpattern/UnusedVariable)
  Did you mean to remove this line or 'responseObserver.future().get();'?
[WARNING] /home/gabsko/breaking-updates/google-cloud-pubsublite/src/test/java/com/google/cloud/pubsublite/it/ITVPCNegativeTest.java:[324,24] [FutureReturnValueIgnored] Return value of methods returning Future must be checked. Ignoring returned Futures suppresses exceptions thrown from the code that completes the Future.
    (see https://errorprone.info/bugpattern/FutureReturnValueIgnored)
  Did you mean to remove this line?
[WARNING] /home/gabsko/breaking-updates/google-cloud-pubsublite/src/test/java/com/google/cloud/pubsublite/internal/wire/PartitionCountWatchingPublisherTest.java:[51,28] [UnusedMethod] Private method 'path' is never used.
    (see https://errorprone.info/bugpattern/UnusedMethod)
  Did you mean to remove this line?
[WARNING] /home/gabsko/breaking-updates/google-cloud-pubsublite/src/test/java/com/google/cloud/pubsublite/internal/wire/PartitionCountWatchingPublisherTest.java:[49,36] [UnusedVariable] The field 'REGION' is never read.
    (see https://errorprone.info/bugpattern/UnusedVariable)
  Did you mean to remove this line or 'static { example(CloudRegion.class); }'?
[WARNING] /home/gabsko/breaking-updates/google-cloud-pubsublite/src/test/java/com/google/cloud/pubsublite/internal/wire/PartitionCountWatchingPublisherTest.java:[48,33] [UnusedVariable] The field 'PERIOD' is never read.
    (see https://errorprone.info/bugpattern/UnusedVariable)
  Did you mean to remove this line or 'static { Duration.ofMinutes(1); }'?
[WARNING] /home/gabsko/breaking-updates/google-cloud-pubsublite/src/test/java/com/google/cloud/pubsublite/v1/PublisherServiceClientTest.java:[117,29] [UnusedVariable] The local variable 'actualResponses' is never read.
    (see https://errorprone.info/bugpattern/UnusedVariable)
  Did you mean to remove this line or 'responseObserver.future().get();'?
[WARNING] /home/gabsko/breaking-updates/google-cloud-pubsublite/src/test/java/com/google/cloud/pubsublite/v1/MockPublisherServiceImpl.java:[39,17] [JdkObsolete] It is very rare for LinkedList to out-perform ArrayList or ArrayDeque. Avoid it unless you're willing to invest a lot of time into benchmarking. Caveat: LinkedList supports null elements, but ArrayDeque does not.
    (see https://errorprone.info/bugpattern/JdkObsolete)
  Did you mean 'responses = new ArrayDeque<>();'?
[WARNING] /home/gabsko/breaking-updates/google-cloud-pubsublite/src/test/java/com/google/cloud/pubsublite/v1/MockPublisherServiceImpl.java:[51,22] [JdkObsolete] It is very rare for LinkedList to out-perform ArrayList or ArrayDeque. Avoid it unless you're willing to invest a lot of time into benchmarking. Caveat: LinkedList supports null elements, but ArrayDeque does not.
    (see https://errorprone.info/bugpattern/JdkObsolete)
  Did you mean 'this.responses = new ArrayDeque<Object>(responses);'?
[WARNING] /home/gabsko/breaking-updates/google-cloud-pubsublite/src/test/java/com/google/cloud/pubsublite/v1/MockPublisherServiceImpl.java:[60,17] [JdkObsolete] It is very rare for LinkedList to out-perform ArrayList or ArrayDeque. Avoid it unless you're willing to invest a lot of time into benchmarking. Caveat: LinkedList supports null elements, but ArrayDeque does not.
    (see https://errorprone.info/bugpattern/JdkObsolete)
  Did you mean 'responses = new ArrayDeque<>();'?
[WARNING] /home/gabsko/breaking-updates/google-cloud-pubsublite/src/test/java/com/google/cloud/pubsublite/v1/MockAdminServiceImpl.java:[65,17] [JdkObsolete] It is very rare for LinkedList to out-perform ArrayList or ArrayDeque. Avoid it unless you're willing to invest a lot of time into benchmarking. Caveat: LinkedList supports null elements, but ArrayDeque does not.
    (see https://errorprone.info/bugpattern/JdkObsolete)
  Did you mean 'responses = new ArrayDeque<>();'?
[WARNING] /home/gabsko/breaking-updates/google-cloud-pubsublite/src/test/java/com/google/cloud/pubsublite/v1/MockAdminServiceImpl.java:[77,22] [JdkObsolete] It is very rare for LinkedList to out-perform ArrayList or ArrayDeque. Avoid it unless you're willing to invest a lot of time into benchmarking. Caveat: LinkedList supports null elements, but ArrayDeque does not.
    (see https://errorprone.info/bugpattern/JdkObsolete)
  Did you mean 'this.responses = new ArrayDeque<Object>(responses);'?
[WARNING] /home/gabsko/breaking-updates/google-cloud-pubsublite/src/test/java/com/google/cloud/pubsublite/v1/MockAdminServiceImpl.java:[86,17] [JdkObsolete] It is very rare for LinkedList to out-perform ArrayList or ArrayDeque. Avoid it unless you're willing to invest a lot of time into benchmarking. Caveat: LinkedList supports null elements, but ArrayDeque does not.
    (see https://errorprone.info/bugpattern/JdkObsolete)
  Did you mean 'responses = new ArrayDeque<>();'?
[WARNING] /home/gabsko/breaking-updates/google-cloud-pubsublite/src/test/java/com/google/cloud/pubsublite/cloudpubsub/PublisherSettingsTest.java:[57,34] [UnusedVariable] The field 'fakeWatcher' is never read.
    (see https://errorprone.info/bugpattern/UnusedVariable)
  Did you mean to remove this line?
[WARNING] /home/gabsko/breaking-updates/google-cloud-pubsublite/src/test/java/com/google/cloud/pubsublite/internal/wire/ConnectedSubscriberImplTest.java:[151,34] auto-closeable resource subscriber is never referenced in body of corresponding try statement
[WARNING] /home/gabsko/breaking-updates/google-cloud-pubsublite/src/test/java/com/google/cloud/pubsublite/internal/wire/ConnectedSubscriberImplTest.java:[158,34] auto-closeable resource subscriber is never referenced in body of corresponding try statement
[WARNING] /home/gabsko/breaking-updates/google-cloud-pubsublite/src/test/java/com/google/cloud/pubsublite/internal/wire/ConnectedSubscriberImplTest.java:[169,34] auto-closeable resource subscriber is never referenced in body of corresponding try statement
[WARNING] /home/gabsko/breaking-updates/google-cloud-pubsublite/src/test/java/com/google/cloud/pubsublite/internal/wire/ConnectedSubscriberImplTest.java:[182,34] auto-closeable resource subscriber is never referenced in body of corresponding try statement
[WARNING] /home/gabsko/breaking-updates/google-cloud-pubsublite/src/test/java/com/google/cloud/pubsublite/internal/wire/ConnectedSubscriberImplTest.java:[105,51] [VariableNameSameAsType] Variable named ResponseObserver has the type ResponseObserver<SubscribeResponse>. Calling methods using "ResponseObserver.something" are difficult to distinguish between static and instance methods.
    (see https://errorprone.info/bugpattern/VariableNameSameAsType)
[WARNING] /home/gabsko/breaking-updates/google-cloud-pubsublite/src/test/java/com/google/cloud/pubsublite/internal/CloseableMonitorTest.java:[39,32] auto-closeable resource h is never referenced in body of corresponding try statement
[WARNING] /home/gabsko/breaking-updates/google-cloud-pubsublite/src/test/java/com/google/cloud/pubsublite/internal/CloseableMonitorTest.java:[50,38] auto-closeable resource h is never referenced in body of corresponding try statement
[WARNING] /home/gabsko/breaking-updates/google-cloud-pubsublite/src/test/java/com/google/cloud/pubsublite/internal/CloseableMonitorTest.java:[55,32] auto-closeable resource h is never referenced in body of corresponding try statement
[WARNING] /home/gabsko/breaking-updates/google-cloud-pubsublite/src/test/java/com/google/cloud/pubsublite/internal/wire/ConnectedCommitterImplTest.java:[142,29] auto-closeable resource committer is never referenced in body of corresponding try statement
[WARNING] /home/gabsko/breaking-updates/google-cloud-pubsublite/src/test/java/com/google/cloud/pubsublite/internal/wire/ConnectedCommitterImplTest.java:[149,29] auto-closeable resource committer is never referenced in body of corresponding try statement
[WARNING] /home/gabsko/breaking-updates/google-cloud-pubsublite/src/test/java/com/google/cloud/pubsublite/internal/wire/ConnectedCommitterImplTest.java:[161,29] auto-closeable resource committer is never referenced in body of corresponding try statement
[WARNING] /home/gabsko/breaking-updates/google-cloud-pubsublite/src/test/java/com/google/cloud/pubsublite/internal/wire/ConnectedCommitterImplTest.java:[96,67] [VariableNameSameAsType] Variable named ResponseObserver has the type ResponseObserver<StreamingCommitCursorResponse>. Calling methods using "ResponseObserver.something" are difficult to distinguish between static and instance methods.
    (see https://errorprone.info/bugpattern/VariableNameSameAsType)
[INFO] 
[INFO] --- maven-surefire-plugin:3.0.0-M5:test (default-test) @ google-cloud-pubsublite ---
[INFO] 
[INFO] -------------------------------------------------------
[INFO]  T E S T S
[INFO] -------------------------------------------------------
[INFO] Running com.google.cloud.pubsublite.cloudpubsub.PublisherSettingsTest
[INFO] Tests run: 1, Failures: 0, Errors: 0, Skipped: 0, Time elapsed: 0.755 s - in com.google.cloud.pubsublite.cloudpubsub.PublisherSettingsTest
[INFO] Running com.google.cloud.pubsublite.cloudpubsub.SubscriberSettingsTest
Jan 07, 2023 1:03:13 AM com.google.cloud.pubsublite.internal.wire.AssignerSettings instantiate
INFO: Subscription projects/56/locations/us-central1-a/subscriptions/xyz using UUID 3e5110ff-cdef-4921-a317-3f5bbe3de8d5 for assignment.
[INFO] Tests run: 2, Failures: 0, Errors: 0, Skipped: 0, Time elapsed: 0.19 s - in com.google.cloud.pubsublite.cloudpubsub.SubscriberSettingsTest
[INFO] Running com.google.cloud.pubsublite.cloudpubsub.MessageTransformsTest
[INFO] Tests run: 11, Failures: 0, Errors: 0, Skipped: 0, Time elapsed: 0.31 s - in com.google.cloud.pubsublite.cloudpubsub.MessageTransformsTest
[INFO] Running com.google.cloud.pubsublite.cloudpubsub.internal.AssigningSubscriberTest
[INFO] Tests run: 5, Failures: 0, Errors: 0, Skipped: 0, Time elapsed: 0.109 s - in com.google.cloud.pubsublite.cloudpubsub.internal.AssigningSubscriberTest
[INFO] Running com.google.cloud.pubsublite.cloudpubsub.internal.SinglePartitionSubscriberTest
[INFO] Tests run: 7, Failures: 0, Errors: 0, Skipped: 0, Time elapsed: 0.163 s - in com.google.cloud.pubsublite.cloudpubsub.internal.SinglePartitionSubscriberTest
[INFO] Running com.google.cloud.pubsublite.cloudpubsub.internal.WrappingPublisherTest
[INFO] Tests run: 2, Failures: 0, Errors: 0, Skipped: 0, Time elapsed: 0.031 s - in com.google.cloud.pubsublite.cloudpubsub.internal.WrappingPublisherTest
[INFO] Running com.google.cloud.pubsublite.cloudpubsub.internal.AckSetTrackerImplTest
[INFO] Tests run: 3, Failures: 0, Errors: 0, Skipped: 0, Time elapsed: 0.133 s - in com.google.cloud.pubsublite.cloudpubsub.internal.AckSetTrackerImplTest
[INFO] Running com.google.cloud.pubsublite.v1.SubscriberServiceClientTest
[INFO] Tests run: 2, Failures: 0, Errors: 0, Skipped: 0, Time elapsed: 0.257 s - in com.google.cloud.pubsublite.v1.SubscriberServiceClientTest
[INFO] Running com.google.cloud.pubsublite.v1.TopicStatsServiceClientTest
[INFO] Tests run: 6, Failures: 0, Errors: 0, Skipped: 0, Time elapsed: 0.061 s - in com.google.cloud.pubsublite.v1.TopicStatsServiceClientTest
[INFO] Running com.google.cloud.pubsublite.v1.PartitionAssignmentServiceClientTest
[INFO] Tests run: 2, Failures: 0, Errors: 0, Skipped: 0, Time elapsed: 0.013 s - in com.google.cloud.pubsublite.v1.PartitionAssignmentServiceClientTest
[INFO] Running com.google.cloud.pubsublite.v1.PublisherServiceClientTest
[INFO] Tests run: 2, Failures: 0, Errors: 0, Skipped: 0, Time elapsed: 0.027 s - in com.google.cloud.pubsublite.v1.PublisherServiceClientTest
[INFO] Running com.google.cloud.pubsublite.v1.CursorServiceClientTest
[INFO] Tests run: 8, Failures: 0, Errors: 0, Skipped: 0, Time elapsed: 0.127 s - in com.google.cloud.pubsublite.v1.CursorServiceClientTest
[INFO] Running com.google.cloud.pubsublite.v1.AdminServiceClientTest
[INFO] Tests run: 66, Failures: 0, Errors: 0, Skipped: 0, Time elapsed: 0.326 s - in com.google.cloud.pubsublite.v1.AdminServiceClientTest
[INFO] Running com.google.cloud.pubsublite.MessageMetadataTest
[INFO] Tests run: 4, Failures: 0, Errors: 0, Skipped: 0, Time elapsed: 0 s - in com.google.cloud.pubsublite.MessageMetadataTest
[INFO] Running com.google.cloud.pubsublite.internal.CursorClientImplTest
[INFO] Tests run: 5, Failures: 0, Errors: 0, Skipped: 0, Time elapsed: 0.03 s - in com.google.cloud.pubsublite.internal.CursorClientImplTest
[INFO] Running com.google.cloud.pubsublite.internal.TopicStatsClientSettingsTest
[INFO] Tests run: 1, Failures: 0, Errors: 0, Skipped: 0, Time elapsed: 0.009 s - in com.google.cloud.pubsublite.internal.TopicStatsClientSettingsTest
[INFO] Running com.google.cloud.pubsublite.internal.DefaultRoutingPolicyTest
[INFO] Tests run: 1, Failures: 0, Errors: 0, Skipped: 0, Time elapsed: 0.049 s - in com.google.cloud.pubsublite.internal.DefaultRoutingPolicyTest
[INFO] Running com.google.cloud.pubsublite.internal.AdminClientImplTest
[INFO] Tests run: 39, Failures: 0, Errors: 0, Skipped: 0, Time elapsed: 0.153 s - in com.google.cloud.pubsublite.internal.AdminClientImplTest
[INFO] Running com.google.cloud.pubsublite.internal.BlockingPullSubscriberImplTest
[INFO] Tests run: 9, Failures: 0, Errors: 0, Skipped: 0, Time elapsed: 1.043 s - in com.google.cloud.pubsublite.internal.BlockingPullSubscriberImplTest
[INFO] Running com.google.cloud.pubsublite.internal.CloseableMonitorTest
[INFO] Tests run: 2, Failures: 0, Errors: 0, Skipped: 0, Time elapsed: 0 s - in com.google.cloud.pubsublite.internal.CloseableMonitorTest
[INFO] Running com.google.cloud.pubsublite.internal.CursorClientSettingsTest
[INFO] Tests run: 1, Failures: 0, Errors: 0, Skipped: 0, Time elapsed: 0 s - in com.google.cloud.pubsublite.internal.CursorClientSettingsTest
[INFO] Running com.google.cloud.pubsublite.internal.TopicStatsClientImplTest
[INFO] Tests run: 11, Failures: 0, Errors: 0, Skipped: 0, Time elapsed: 0.018 s - in com.google.cloud.pubsublite.internal.TopicStatsClientImplTest
[INFO] Running com.google.cloud.pubsublite.internal.BufferingPullSubscriberTest
[INFO] Tests run: 6, Failures: 0, Errors: 0, Skipped: 0, Time elapsed: 0.019 s - in com.google.cloud.pubsublite.internal.BufferingPullSubscriberTest
[INFO] Running com.google.cloud.pubsublite.internal.wire.ConnectedCommitterImplTest
[INFO] Tests run: 7, Failures: 0, Errors: 0, Skipped: 0, Time elapsed: 0.042 s - in com.google.cloud.pubsublite.internal.wire.ConnectedCommitterImplTest
[INFO] Running com.google.cloud.pubsublite.internal.wire.SubscriberImplTest
[ERROR] Tests run: 12, Failures: 1, Errors: 1, Skipped: 0, Time elapsed: 0.264 s <<< FAILURE! - in com.google.cloud.pubsublite.internal.wire.SubscriberImplTest
[ERROR] com.google.cloud.pubsublite.internal.wire.SubscriberImplTest.messageBatchesOutOfOrder_IsError  Time elapsed: 0.009 s  <<< FAILURE!
java.lang.AssertionError
	at com.google.cloud.pubsublite.internal.wire.SubscriberImplTest.messageBatchesOutOfOrder_IsError(SubscriberImplTest.java:212)

[ERROR] com.google.cloud.pubsublite.internal.wire.SubscriberImplTest.anyFlowAllowedAndProxies  Time elapsed: 0.016 s  <<< ERROR!
org.mockito.exceptions.misusing.UnfinishedStubbingException: 

Unfinished stubbing detected here:
-> at com.google.cloud.pubsublite.internal.wire.RetryingConnectionHelpers.whenFailed(RetryingConnectionHelpers.java:29)

E.g. thenReturn() may be missing.
Examples of correct stubbing:
    when(mock.isOk()).thenReturn(true);
    when(mock.isOk()).thenThrow(exception);
    doThrow(exception).when(mock).someVoidMethod();
Hints:
 1. missing thenReturn()
 2. you are trying to stub a final method, which is not supported
 3. you are stubbing the behaviour of another mock inside before 'thenReturn' instruction is completed

	at com.google.cloud.pubsublite.internal.wire.SubscriberImplTest.setUp(SubscriberImplTest.java:109)

[INFO] Running com.google.cloud.pubsublite.internal.wire.VersionsTest
[INFO] Tests run: 3, Failures: 0, Errors: 0, Skipped: 0, Time elapsed: 0 s - in com.google.cloud.pubsublite.internal.wire.VersionsTest
[INFO] Running com.google.cloud.pubsublite.internal.wire.ConnectedAssignerImplTest
[INFO] Tests run: 6, Failures: 0, Errors: 0, Skipped: 0, Time elapsed: 0.018 s - in com.google.cloud.pubsublite.internal.wire.ConnectedAssignerImplTest
[INFO] Running com.google.cloud.pubsublite.internal.wire.SubscriberBuilderTest
[INFO] Tests run: 2, Failures: 0, Errors: 0, Skipped: 0, Time elapsed: 0.001 s - in com.google.cloud.pubsublite.internal.wire.SubscriberBuilderTest
[INFO] Running com.google.cloud.pubsublite.internal.wire.PartitionCountWatcherImplTest
Jan 07, 2023 1:03:17 AM com.google.cloud.pubsublite.internal.wire.PartitionCountWatcherImpl pollTopicConfig
WARNING: Failed to refresh partition count
java.util.concurrent.ExecutionException: com.google.api.gax.rpc.ApiException: 
	at com.google.common.util.concurrent.AbstractFuture.getDoneValue(AbstractFuture.java:566)
	at com.google.common.util.concurrent.AbstractFuture.get(AbstractFuture.java:527)
	at com.google.common.util.concurrent.AbstractFuture$TrustedFuture.get(AbstractFuture.java:104)
	at com.google.common.util.concurrent.ForwardingFuture.get(ForwardingFuture.java:62)
	at com.google.cloud.pubsublite.internal.wire.PartitionCountWatcherImpl.pollTopicConfig(PartitionCountWatcherImpl.java:66)
	at java.base/java.util.concurrent.Executors$RunnableAdapter.call(Executors.java:515)
	at java.base/java.util.concurrent.FutureTask.runAndReset(FutureTask.java:305)
	at java.base/java.util.concurrent.ScheduledThreadPoolExecutor$ScheduledFutureTask.run(ScheduledThreadPoolExecutor.java:305)
	at java.base/java.util.concurrent.ThreadPoolExecutor.runWorker(ThreadPoolExecutor.java:1128)
	at java.base/java.util.concurrent.ThreadPoolExecutor$Worker.run(ThreadPoolExecutor.java:628)
	at java.base/java.lang.Thread.run(Thread.java:829)
Caused by: com.google.api.gax.rpc.ApiException: 
	at com.google.cloud.pubsublite.internal.CheckedApiException.<init>(CheckedApiException.java:51)
	at com.google.cloud.pubsublite.internal.CheckedApiException.<init>(CheckedApiException.java:59)
	at com.google.cloud.pubsublite.internal.CheckedApiException.<init>(CheckedApiException.java:63)
	at com.google.cloud.pubsublite.internal.wire.PartitionCountWatcherImplTest.testFirstCallFails(PartitionCountWatcherImplTest.java:61)
	at java.base/jdk.internal.reflect.NativeMethodAccessorImpl.invoke0(Native Method)
	at java.base/jdk.internal.reflect.NativeMethodAccessorImpl.invoke(NativeMethodAccessorImpl.java:62)
	at java.base/jdk.internal.reflect.DelegatingMethodAccessorImpl.invoke(DelegatingMethodAccessorImpl.java:43)
	at java.base/java.lang.reflect.Method.invoke(Method.java:566)
	at org.junit.runners.model.FrameworkMethod$1.runReflectiveCall(FrameworkMethod.java:59)
	at org.junit.internal.runners.model.ReflectiveCallable.run(ReflectiveCallable.java:12)
	at org.junit.runners.model.FrameworkMethod.invokeExplosively(FrameworkMethod.java:56)
	at org.junit.internal.runners.statements.InvokeMethod.evaluate(InvokeMethod.java:17)
	at org.junit.internal.runners.statements.RunBefores.evaluate(RunBefores.java:26)
	at org.junit.runners.ParentRunner$3.evaluate(ParentRunner.java:306)
	at org.junit.runners.BlockJUnit4ClassRunner$1.evaluate(BlockJUnit4ClassRunner.java:100)
	at org.junit.runners.ParentRunner.runLeaf(ParentRunner.java:366)
	at org.junit.runners.BlockJUnit4ClassRunner.runChild(BlockJUnit4ClassRunner.java:103)
	at org.junit.runners.BlockJUnit4ClassRunner.runChild(BlockJUnit4ClassRunner.java:63)
	at org.junit.runners.ParentRunner$4.run(ParentRunner.java:331)
	at org.junit.runners.ParentRunner$1.schedule(ParentRunner.java:79)
	at org.junit.runners.ParentRunner.runChildren(ParentRunner.java:329)
	at org.junit.runners.ParentRunner.access$100(ParentRunner.java:66)
	at org.junit.runners.ParentRunner$2.evaluate(ParentRunner.java:293)
	at org.junit.runners.ParentRunner$3.evaluate(ParentRunner.java:306)
	at org.junit.runners.ParentRunner.run(ParentRunner.java:413)
	at org.junit.runners.Suite.runChild(Suite.java:128)
	at org.junit.runners.Suite.runChild(Suite.java:27)
	at org.junit.runners.ParentRunner$4.run(ParentRunner.java:331)
	at org.junit.runners.ParentRunner$1.schedule(ParentRunner.java:79)
	at org.junit.runners.ParentRunner.runChildren(ParentRunner.java:329)
	at org.junit.runners.ParentRunner.access$100(ParentRunner.java:66)
	at org.junit.runners.ParentRunner$2.evaluate(ParentRunner.java:293)
	at org.junit.runners.ParentRunner$3.evaluate(ParentRunner.java:306)
	at org.junit.runners.ParentRunner.run(ParentRunner.java:413)
	at org.apache.maven.surefire.junitcore.JUnitCore.run(JUnitCore.java:55)
	at org.apache.maven.surefire.junitcore.JUnitCoreWrapper.createRequestAndRun(JUnitCoreWrapper.java:137)
	at org.apache.maven.surefire.junitcore.JUnitCoreWrapper.executeEager(JUnitCoreWrapper.java:107)
	at org.apache.maven.surefire.junitcore.JUnitCoreWrapper.execute(JUnitCoreWrapper.java:83)
	at org.apache.maven.surefire.junitcore.JUnitCoreWrapper.execute(JUnitCoreWrapper.java:75)
	at org.apache.maven.surefire.junitcore.JUnitCoreProvider.invoke(JUnitCoreProvider.java:157)
	at org.apache.maven.surefire.booter.ForkedBooter.runSuitesInProcess(ForkedBooter.java:428)
	at org.apache.maven.surefire.booter.ForkedBooter.execute(ForkedBooter.java:162)
	at org.apache.maven.surefire.booter.ForkedBooter.run(ForkedBooter.java:562)
	at org.apache.maven.surefire.booter.ForkedBooter.main(ForkedBooter.java:548)

Jan 07, 2023 1:03:17 AM com.google.cloud.pubsublite.internal.wire.PartitionCountWatcherImpl pollTopicConfig
WARNING: Failed to refresh partition count
java.util.concurrent.ExecutionException: com.google.cloud.pubsublite.internal.CheckedApiException: com.google.api.gax.rpc.ApiException: 
	at com.google.common.util.concurrent.AbstractFuture.getDoneValue(AbstractFuture.java:566)
	at com.google.common.util.concurrent.AbstractFuture.get(AbstractFuture.java:527)
	at com.google.common.util.concurrent.AbstractFuture$TrustedFuture.get(AbstractFuture.java:104)
	at com.google.common.util.concurrent.ForwardingFuture.get(ForwardingFuture.java:62)
	at com.google.cloud.pubsublite.internal.wire.PartitionCountWatcherImpl.pollTopicConfig(PartitionCountWatcherImpl.java:66)
	at java.base/java.util.concurrent.Executors$RunnableAdapter.call(Executors.java:515)
	at java.base/java.util.concurrent.FutureTask.runAndReset(FutureTask.java:305)
	at java.base/java.util.concurrent.ScheduledThreadPoolExecutor$ScheduledFutureTask.run(ScheduledThreadPoolExecutor.java:305)
	at java.base/java.util.concurrent.ThreadPoolExecutor.runWorker(ThreadPoolExecutor.java:1128)
	at java.base/java.util.concurrent.ThreadPoolExecutor$Worker.run(ThreadPoolExecutor.java:628)
	at java.base/java.lang.Thread.run(Thread.java:829)
Caused by: com.google.cloud.pubsublite.internal.CheckedApiException: com.google.api.gax.rpc.ApiException: 
	at com.google.cloud.pubsublite.internal.wire.PartitionCountWatcherImplTest.testFailuresAfterFirstSuccessIgnored(PartitionCountWatcherImplTest.java:110)
	at java.base/jdk.internal.reflect.NativeMethodAccessorImpl.invoke0(Native Method)
	at java.base/jdk.internal.reflect.NativeMethodAccessorImpl.invoke(NativeMethodAccessorImpl.java:62)
	at java.base/jdk.internal.reflect.DelegatingMethodAccessorImpl.invoke(DelegatingMethodAccessorImpl.java:43)
	at java.base/java.lang.reflect.Method.invoke(Method.java:566)
	at org.junit.runners.model.FrameworkMethod$1.runReflectiveCall(FrameworkMethod.java:59)
	at org.junit.internal.runners.model.ReflectiveCallable.run(ReflectiveCallable.java:12)
	at org.junit.runners.model.FrameworkMethod.invokeExplosively(FrameworkMethod.java:56)
	at org.junit.internal.runners.statements.InvokeMethod.evaluate(InvokeMethod.java:17)
	at org.junit.internal.runners.statements.RunBefores.evaluate(RunBefores.java:26)
	at org.junit.runners.ParentRunner$3.evaluate(ParentRunner.java:306)
	at org.junit.runners.BlockJUnit4ClassRunner$1.evaluate(BlockJUnit4ClassRunner.java:100)
	at org.junit.runners.ParentRunner.runLeaf(ParentRunner.java:366)
	at org.junit.runners.BlockJUnit4ClassRunner.runChild(BlockJUnit4ClassRunner.java:103)
	at org.junit.runners.BlockJUnit4ClassRunner.runChild(BlockJUnit4ClassRunner.java:63)
	at org.junit.runners.ParentRunner$4.run(ParentRunner.java:331)
	at org.junit.runners.ParentRunner$1.schedule(ParentRunner.java:79)
	at org.junit.runners.ParentRunner.runChildren(ParentRunner.java:329)
	at org.junit.runners.ParentRunner.access$100(ParentRunner.java:66)
	at org.junit.runners.ParentRunner$2.evaluate(ParentRunner.java:293)
	at org.junit.runners.ParentRunner$3.evaluate(ParentRunner.java:306)
	at org.junit.runners.ParentRunner.run(ParentRunner.java:413)
	at org.junit.runners.Suite.runChild(Suite.java:128)
	at org.junit.runners.Suite.runChild(Suite.java:27)
	at org.junit.runners.ParentRunner$4.run(ParentRunner.java:331)
	at org.junit.runners.ParentRunner$1.schedule(ParentRunner.java:79)
	at org.junit.runners.ParentRunner.runChildren(ParentRunner.java:329)
	at org.junit.runners.ParentRunner.access$100(ParentRunner.java:66)
	at org.junit.runners.ParentRunner$2.evaluate(ParentRunner.java:293)
	at org.junit.runners.ParentRunner$3.evaluate(ParentRunner.java:306)
	at org.junit.runners.ParentRunner.run(ParentRunner.java:413)
	at org.apache.maven.surefire.junitcore.JUnitCore.run(JUnitCore.java:55)
	at org.apache.maven.surefire.junitcore.JUnitCoreWrapper.createRequestAndRun(JUnitCoreWrapper.java:137)
	at org.apache.maven.surefire.junitcore.JUnitCoreWrapper.executeEager(JUnitCoreWrapper.java:107)
	at org.apache.maven.surefire.junitcore.JUnitCoreWrapper.execute(JUnitCoreWrapper.java:83)
	at org.apache.maven.surefire.junitcore.JUnitCoreWrapper.execute(JUnitCoreWrapper.java:75)
	at org.apache.maven.surefire.junitcore.JUnitCoreProvider.invoke(JUnitCoreProvider.java:157)
	at org.apache.maven.surefire.booter.ForkedBooter.runSuitesInProcess(ForkedBooter.java:428)
	at org.apache.maven.surefire.booter.ForkedBooter.execute(ForkedBooter.java:162)
	at org.apache.maven.surefire.booter.ForkedBooter.run(ForkedBooter.java:562)
	at org.apache.maven.surefire.booter.ForkedBooter.main(ForkedBooter.java:548)
Caused by: com.google.api.gax.rpc.ApiException: 
	at com.google.cloud.pubsublite.internal.CheckedApiException.<init>(CheckedApiException.java:51)
	at com.google.cloud.pubsublite.internal.CheckedApiException.<init>(CheckedApiException.java:59)
	at com.google.cloud.pubsublite.internal.CheckedApiException.<init>(CheckedApiException.java:63)
	... 41 more

[INFO] Tests run: 6, Failures: 0, Errors: 0, Skipped: 0, Time elapsed: 8.036 s - in com.google.cloud.pubsublite.internal.wire.PartitionCountWatcherImplTest
[INFO] Running com.google.cloud.pubsublite.internal.wire.PubsubContextTest
[INFO] Tests run: 2, Failures: 0, Errors: 0, Skipped: 0, Time elapsed: 0.006 s - in com.google.cloud.pubsublite.internal.wire.PubsubContextTest
[INFO] Running com.google.cloud.pubsublite.internal.wire.RoutingPublisherTest
[INFO] Tests run: 4, Failures: 0, Errors: 0, Skipped: 0, Time elapsed: 0.022 s - in com.google.cloud.pubsublite.internal.wire.RoutingPublisherTest
[INFO] Running com.google.cloud.pubsublite.internal.wire.SerialBatcherTest
[INFO] Tests run: 6, Failures: 0, Errors: 0, Skipped: 0, Time elapsed: 0 s - in com.google.cloud.pubsublite.internal.wire.SerialBatcherTest
[INFO] Running com.google.cloud.pubsublite.internal.wire.CommitStateTest
[INFO] Tests run: 4, Failures: 0, Errors: 0, Skipped: 0, Time elapsed: 0.001 s - in com.google.cloud.pubsublite.internal.wire.CommitStateTest
[INFO] Running com.google.cloud.pubsublite.internal.wire.CommitterSettingsTest
[INFO] Tests run: 1, Failures: 0, Errors: 0, Skipped: 0, Time elapsed: 0 s - in com.google.cloud.pubsublite.internal.wire.CommitterSettingsTest
[INFO] Running com.google.cloud.pubsublite.internal.wire.FlowControlBatcherTest
[INFO] Tests run: 5, Failures: 0, Errors: 0, Skipped: 0, Time elapsed: 0 s - in com.google.cloud.pubsublite.internal.wire.FlowControlBatcherTest
[INFO] Running com.google.cloud.pubsublite.internal.wire.AssignerSettingsTest
[INFO] Tests run: 1, Failures: 0, Errors: 0, Skipped: 0, Time elapsed: 0 s - in com.google.cloud.pubsublite.internal.wire.AssignerSettingsTest
[INFO] Running com.google.cloud.pubsublite.internal.wire.BatchPublisherImplTest
[INFO] Tests run: 7, Failures: 0, Errors: 0, Skipped: 0, Time elapsed: 0.013 s - in com.google.cloud.pubsublite.internal.wire.BatchPublisherImplTest
[INFO] Running com.google.cloud.pubsublite.internal.wire.PublisherBuilderTest
[INFO] Tests run: 1, Failures: 0, Errors: 0, Skipped: 0, Time elapsed: 0.008 s - in com.google.cloud.pubsublite.internal.wire.PublisherBuilderTest
[INFO] Running com.google.cloud.pubsublite.internal.wire.SinglePartitionPublisherTest
[INFO] Tests run: 3, Failures: 0, Errors: 0, Skipped: 0, Time elapsed: 0.024 s - in com.google.cloud.pubsublite.internal.wire.SinglePartitionPublisherTest
[INFO] Running com.google.cloud.pubsublite.internal.wire.PartitionCountWatchingPublisherTest
Jan 07, 2023 1:03:25 AM com.google.cloud.pubsublite.internal.wire.PartitionCountWatchingPublisher handleConfig
WARNING: Received an unexpected decrease in partition count. Previous partition count 2, new count 1
Jan 07, 2023 1:03:25 AM com.google.cloud.pubsublite.internal.wire.PartitionCountWatchingPublisher handlePermanentError
WARNING: Encountered exception while trying to handle failure
java.lang.IllegalStateException: Expected the service InnerService [FAILED] to be TERMINATED, but the service has FAILED
	at com.google.common.util.concurrent.AbstractService.checkCurrentState(AbstractService.java:366)
	at com.google.common.util.concurrent.AbstractService.awaitTerminated(AbstractService.java:329)
	at com.google.api.core.AbstractApiService.awaitTerminated(AbstractApiService.java:104)
	at java.base/java.lang.Iterable.forEach(Iterable.java:75)
	at com.google.cloud.pubsublite.internal.wire.PartitionCountWatchingPublisher$PartitionsWithRouting.stop(PartitionCountWatchingPublisher.java:89)
	at java.base/java.util.Optional.ifPresent(Optional.java:183)
	at com.google.cloud.pubsublite.internal.wire.PartitionCountWatchingPublisher.stop(PartitionCountWatchingPublisher.java:216)
	at com.google.cloud.pubsublite.internal.wire.PartitionCountWatchingPublisher.handlePermanentError(PartitionCountWatchingPublisher.java:222)
	at com.google.cloud.pubsublite.internal.ProxyService.onPermanentError(ProxyService.java:73)
	at com.google.cloud.pubsublite.internal.wire.PartitionCountWatchingPublisher.access$100(PartitionCountWatchingPublisher.java:41)
	at com.google.cloud.pubsublite.internal.wire.PartitionCountWatchingPublisher$1.failed(PartitionCountWatchingPublisher.java:163)
	at com.google.api.core.AbstractApiService$1.failed(AbstractApiService.java:69)
	at com.google.common.util.concurrent.AbstractService$5.call(AbstractService.java:549)
	at com.google.common.util.concurrent.AbstractService$5.call(AbstractService.java:546)
	at com.google.common.util.concurrent.ListenerCallQueue$PerListenerQueue.run(ListenerCallQueue.java:205)
	at com.google.common.util.concurrent.DirectExecutor.execute(DirectExecutor.java:30)
	at com.google.common.util.concurrent.ListenerCallQueue$PerListenerQueue.dispatch(ListenerCallQueue.java:169)
	at com.google.common.util.concurrent.ListenerCallQueue.dispatch(ListenerCallQueue.java:120)
	at com.google.common.util.concurrent.AbstractService.dispatchListenerEvents(AbstractService.java:501)
	at com.google.common.util.concurrent.AbstractService.notifyFailed(AbstractService.java:464)
	at com.google.api.core.AbstractApiService$InnerService.innerNotifyFailed(AbstractApiService.java:165)
	at com.google.api.core.AbstractApiService$InnerService.access$400(AbstractApiService.java:145)
	at com.google.api.core.AbstractApiService.notifyFailed(AbstractApiService.java:142)
	at com.google.cloud.pubsublite.internal.testing.FakeApiService.fail(FakeApiService.java:31)
	at com.google.cloud.pubsublite.internal.wire.PartitionCountWatchingPublisherTest.testChildPublisherFailure(PartitionCountWatchingPublisherTest.java:151)
	at java.base/jdk.internal.reflect.NativeMethodAccessorImpl.invoke0(Native Method)
	at java.base/jdk.internal.reflect.NativeMethodAccessorImpl.invoke(NativeMethodAccessorImpl.java:62)
	at java.base/jdk.internal.reflect.DelegatingMethodAccessorImpl.invoke(DelegatingMethodAccessorImpl.java:43)
	at java.base/java.lang.reflect.Method.invoke(Method.java:566)
	at org.junit.runners.model.FrameworkMethod$1.runReflectiveCall(FrameworkMethod.java:59)
	at org.junit.internal.runners.model.ReflectiveCallable.run(ReflectiveCallable.java:12)
	at org.junit.runners.model.FrameworkMethod.invokeExplosively(FrameworkMethod.java:56)
	at org.junit.internal.runners.statements.InvokeMethod.evaluate(InvokeMethod.java:17)
	at org.junit.internal.runners.statements.RunBefores.evaluate(RunBefores.java:26)
	at org.junit.runners.ParentRunner$3.evaluate(ParentRunner.java:306)
	at org.junit.runners.BlockJUnit4ClassRunner$1.evaluate(BlockJUnit4ClassRunner.java:100)
	at org.junit.runners.ParentRunner.runLeaf(ParentRunner.java:366)
	at org.junit.runners.BlockJUnit4ClassRunner.runChild(BlockJUnit4ClassRunner.java:103)
	at org.junit.runners.BlockJUnit4ClassRunner.runChild(BlockJUnit4ClassRunner.java:63)
	at org.junit.runners.ParentRunner$4.run(ParentRunner.java:331)
	at org.junit.runners.ParentRunner$1.schedule(ParentRunner.java:79)
	at org.junit.runners.ParentRunner.runChildren(ParentRunner.java:329)
	at org.junit.runners.ParentRunner.access$100(ParentRunner.java:66)
	at org.junit.runners.ParentRunner$2.evaluate(ParentRunner.java:293)
	at org.junit.runners.ParentRunner$3.evaluate(ParentRunner.java:306)
	at org.junit.runners.ParentRunner.run(ParentRunner.java:413)
	at org.junit.runners.Suite.runChild(Suite.java:128)
	at org.junit.runners.Suite.runChild(Suite.java:27)
	at org.junit.runners.ParentRunner$4.run(ParentRunner.java:331)
	at org.junit.runners.ParentRunner$1.schedule(ParentRunner.java:79)
	at org.junit.runners.ParentRunner.runChildren(ParentRunner.java:329)
	at org.junit.runners.ParentRunner.access$100(ParentRunner.java:66)
	at org.junit.runners.ParentRunner$2.evaluate(ParentRunner.java:293)
	at org.junit.runners.ParentRunner$3.evaluate(ParentRunner.java:306)
	at org.junit.runners.ParentRunner.run(ParentRunner.java:413)
	at org.apache.maven.surefire.junitcore.JUnitCore.run(JUnitCore.java:55)
	at org.apache.maven.surefire.junitcore.JUnitCoreWrapper.createRequestAndRun(JUnitCoreWrapper.java:137)
	at org.apache.maven.surefire.junitcore.JUnitCoreWrapper.executeEager(JUnitCoreWrapper.java:107)
	at org.apache.maven.surefire.junitcore.JUnitCoreWrapper.execute(JUnitCoreWrapper.java:83)
	at org.apache.maven.surefire.junitcore.JUnitCoreWrapper.execute(JUnitCoreWrapper.java:75)
	at org.apache.maven.surefire.junitcore.JUnitCoreProvider.invoke(JUnitCoreProvider.java:157)
	at org.apache.maven.surefire.booter.ForkedBooter.runSuitesInProcess(ForkedBooter.java:428)
	at org.apache.maven.surefire.booter.ForkedBooter.execute(ForkedBooter.java:162)
	at org.apache.maven.surefire.booter.ForkedBooter.run(ForkedBooter.java:562)
	at org.apache.maven.surefire.booter.ForkedBooter.main(ForkedBooter.java:548)
Caused by: com.google.cloud.pubsublite.internal.CheckedApiException: com.google.api.gax.rpc.ApiException: 
	... 41 more
Caused by: com.google.api.gax.rpc.ApiException: 
	at com.google.cloud.pubsublite.internal.CheckedApiException.<init>(CheckedApiException.java:51)
	at com.google.cloud.pubsublite.internal.CheckedApiException.<init>(CheckedApiException.java:59)
	at com.google.cloud.pubsublite.internal.CheckedApiException.<init>(CheckedApiException.java:63)
	... 41 more

[INFO] Tests run: 11, Failures: 0, Errors: 0, Skipped: 0, Time elapsed: 0.067 s - in com.google.cloud.pubsublite.internal.wire.PartitionCountWatchingPublisherTest
[INFO] Running com.google.cloud.pubsublite.internal.wire.CommitterImplTest
[INFO] Tests run: 8, Failures: 0, Errors: 0, Skipped: 0, Time elapsed: 0.133 s - in com.google.cloud.pubsublite.internal.wire.CommitterImplTest
[INFO] Running com.google.cloud.pubsublite.internal.wire.ConnectedSubscriberImplTest
[INFO] Tests run: 11, Failures: 0, Errors: 0, Skipped: 0, Time elapsed: 0.019 s - in com.google.cloud.pubsublite.internal.wire.ConnectedSubscriberImplTest
[INFO] Running com.google.cloud.pubsublite.internal.wire.ResetSignalTest
[INFO] Tests run: 7, Failures: 0, Errors: 0, Skipped: 0, Time elapsed: 0.008 s - in com.google.cloud.pubsublite.internal.wire.ResetSignalTest
[INFO] Running com.google.cloud.pubsublite.internal.wire.PublisherImplTest
[INFO] Tests run: 10, Failures: 0, Errors: 0, Skipped: 0, Time elapsed: 1.138 s - in com.google.cloud.pubsublite.internal.wire.PublisherImplTest
[INFO] Running com.google.cloud.pubsublite.internal.wire.AssignerImplTest
[INFO] Tests run: 3, Failures: 0, Errors: 0, Skipped: 0, Time elapsed: 0.023 s - in com.google.cloud.pubsublite.internal.wire.AssignerImplTest
[INFO] 
[INFO] Results:
[INFO] 
[ERROR] Failures: 
[ERROR]   SubscriberImplTest.messageBatchesOutOfOrder_IsError:212
[ERROR] Errors: 
[ERROR]   SubscriberImplTest.setUp:109 UnfinishedStubbing 
Unfinished stubbing detected ...
[INFO] 
[ERROR] Tests run: 316, Failures: 1, Errors: 1, Skipped: 0
[INFO] 
[INFO] ------------------------------------------------------------------------
[INFO] Reactor Summary for Google Cloud Pub/Sub Lite Parent 0.16.2-SNAPSHOT:
[INFO] 
[INFO] Google Cloud Pub/Sub Lite Parent ................... SUCCESS [  0.989 s]
[INFO] proto-google-cloud-pubsublite-v1 ................... SUCCESS [ 10.673 s]
[INFO] grpc-google-cloud-pubsublite-v1 .................... SUCCESS [  1.712 s]
[INFO] Google Cloud Pub/Sub Lite .......................... FAILURE [ 24.028 s]
[INFO] Pub/Sub Lite IO .................................... SKIPPED
[INFO] ------------------------------------------------------------------------
[INFO] BUILD FAILURE
[INFO] ------------------------------------------------------------------------
[INFO] Total time:  37.915 s
[INFO] Finished at: 2023-01-07T01:03:26Z
[INFO] ------------------------------------------------------------------------
[ERROR] Failed to execute goal org.apache.maven.plugins:maven-surefire-plugin:3.0.0-M5:test (default-test) on project google-cloud-pubsublite: There are test failures.
[ERROR] 
[ERROR] Please refer to /home/gabsko/breaking-updates/google-cloud-pubsublite/target/surefire-reports for the individual test results.
[ERROR] Please refer to dump files (if any exist) [date].dump, [date]-jvmRun[N].dump and [date].dumpstream.
[ERROR] -> [Help 1]
[ERROR] 
[ERROR] To see the full stack trace of the errors, re-run Maven with the -e switch.
[ERROR] Re-run Maven using the -X switch to enable full debug logging.
[ERROR] 
[ERROR] For more information about the errors and possible solutions, please read the following articles:
[ERROR] [Help 1] http://cwiki.apache.org/confluence/display/MAVEN/MojoFailureException
[ERROR] 
[ERROR] After correcting the problems, you can resume the build with the command
[ERROR]   mvn <args> -rf :google-cloud-pubsublite
