[INFO] Scanning for projects...
[INFO] Inspecting build with total of 7 modules...
[INFO] Installing Nexus Staging features:
[INFO]   ... total of 7 executions of maven-deploy-plugin replaced with nexus-staging-maven-plugin
[INFO] ------------------------------------------------------------------------
[INFO] Reactor Build Order:
[INFO] 
[INFO] ApprovalTests.Java                                                 [pom]
[INFO] approvaltests-util                                                 [jar]
[INFO] approvaltests                                                      [jar]
[INFO] approvaltests-util-tests                                           [jar]
[INFO] approvaltests-tests                                                [jar]
[INFO] CounterDisplay                                                     [jar]
[INFO] HtmlLocker                                                         [jar]
[INFO] 
[INFO] ---------------< com.approvaltests:approvaltests-parent >---------------
[INFO] Building ApprovalTests.Java 100.0.0-SNAPSHOT                       [1/7]
[INFO] --------------------------------[ pom ]---------------------------------
[INFO] 
[INFO] --- maven-clean-plugin:2.5:clean (default-clean) @ approvaltests-parent ---
[INFO] 
[INFO] --- formatter-maven-plugin:2.16.0:format (default) @ approvaltests-parent ---
[INFO] Using 'UTF-8' encoding to format source files.
[INFO] Formatting is skipped for types: HTML, XML, JSON
[INFO] Number of files to be formatted: 0
[INFO] 
[INFO] ----------------< com.approvaltests:approvaltests-util >----------------
[INFO] Building approvaltests-util 100.0.0-SNAPSHOT                       [2/7]
[INFO] --------------------------------[ jar ]---------------------------------
[INFO] 
[INFO] --- maven-clean-plugin:2.5:clean (default-clean) @ approvaltests-util ---
[INFO] Deleting /home/gabsko/breaking-updates/approvaltests-util/target
[INFO] 
[INFO] --- formatter-maven-plugin:2.16.0:format (default) @ approvaltests-util ---
[INFO] Using 'UTF-8' encoding to format source files.
[INFO] Formatting is skipped for types: HTML, XML, JSON
[INFO] Number of files to be formatted: 258
[INFO] Successfully formatted:          0 file(s)
[INFO] Fail to format:                  0 file(s)
[INFO] Skipped:                         258 file(s)
[INFO] Read only skipped:               0 file(s)
[INFO] Approximate time taken:          1s
[INFO] 
[INFO] --- maven-resources-plugin:2.6:resources (default-resources) @ approvaltests-util ---
[INFO] Using 'UTF-8' encoding to copy filtered resources.
[INFO] Copying 258 resources
[INFO] skip non existing resourceDirectory /home/gabsko/breaking-updates/approvaltests-util/src/main/resources
[INFO] 
[INFO] --- maven-compiler-plugin:3.10.1:compile (default-compile) @ approvaltests-util ---
[INFO] Changes detected - recompiling the module!
[INFO] Compiling 258 source files to /home/gabsko/breaking-updates/approvaltests-util/target/classes
[INFO] /home/gabsko/breaking-updates/approvaltests-util/src/main/java/org/lambda/query/Queryable.java: Some input files use or override a deprecated API.
[INFO] /home/gabsko/breaking-updates/approvaltests-util/src/main/java/org/lambda/query/Queryable.java: Recompile with -Xlint:deprecation for details.
[INFO] /home/gabsko/breaking-updates/approvaltests-util/src/main/java/com/spun/util/io/xml/XmlMap.java: Some input files use unchecked or unsafe operations.
[INFO] /home/gabsko/breaking-updates/approvaltests-util/src/main/java/com/spun/util/io/xml/XmlMap.java: Recompile with -Xlint:unchecked for details.
[INFO] 
[INFO] --- maven-resources-plugin:2.6:testResources (default-testResources) @ approvaltests-util ---
[INFO] Using 'UTF-8' encoding to copy filtered resources.
[INFO] skip non existing resourceDirectory /home/gabsko/breaking-updates/approvaltests-util/src/test/resources
[INFO] 
[INFO] --- maven-compiler-plugin:3.10.1:testCompile (default-testCompile) @ approvaltests-util ---
[INFO] No sources to compile
[INFO] 
[INFO] --- maven-surefire-plugin:3.0.0-M7:test (default-test) @ approvaltests-util ---
[INFO] No tests to run.
[INFO] 
[INFO] ------------------< com.approvaltests:approvaltests >-------------------
[INFO] Building approvaltests 100.0.0-SNAPSHOT                            [3/7]
[INFO] --------------------------------[ jar ]---------------------------------
[INFO] 
[INFO] --- maven-clean-plugin:2.5:clean (default-clean) @ approvaltests ---
[INFO] Deleting /home/gabsko/breaking-updates/approvaltests/target
[INFO] 
[INFO] --- formatter-maven-plugin:2.16.0:format (default) @ approvaltests ---
[INFO] Using 'UTF-8' encoding to format source files.
[INFO] Formatting is skipped for types: HTML, XML, JSON
[INFO] Number of files to be formatted: 147
[INFO] Successfully formatted:          0 file(s)
[INFO] Fail to format:                  0 file(s)
[INFO] Skipped:                         147 file(s)
[INFO] Read only skipped:               0 file(s)
[INFO] Approximate time taken:          0s
[INFO] 
[INFO] --- maven-resources-plugin:2.6:resources (default-resources) @ approvaltests ---
[INFO] Using 'UTF-8' encoding to copy filtered resources.
[INFO] Copying 138 resources
[INFO] skip non existing resourceDirectory /home/gabsko/breaking-updates/approvaltests/src/main/resources
[INFO] 
[INFO] --- maven-compiler-plugin:3.10.1:compile (default-compile) @ approvaltests ---
[INFO] Changes detected - recompiling the module!
[INFO] Compiling 138 source files to /home/gabsko/breaking-updates/approvaltests/target/classes
[INFO] /home/gabsko/breaking-updates/approvaltests/src/main/java/org/approvaltests/strings/Printable.java: Some input files use unchecked or unsafe operations.
[INFO] /home/gabsko/breaking-updates/approvaltests/src/main/java/org/approvaltests/strings/Printable.java: Recompile with -Xlint:unchecked for details.
[INFO] 
[INFO] --- maven-resources-plugin:2.6:testResources (default-testResources) @ approvaltests ---
[INFO] Using 'UTF-8' encoding to copy filtered resources.
[INFO] Copying 1 resource
[INFO] 
[INFO] --- maven-compiler-plugin:3.10.1:testCompile (default-testCompile) @ approvaltests ---
[INFO] Changes detected - recompiling the module!
[INFO] Compiling 9 source files to /home/gabsko/breaking-updates/approvaltests/target/test-classes
[INFO] 
[INFO] --- maven-surefire-plugin:3.0.0-M7:test (default-test) @ approvaltests ---
[INFO] Using auto detected provider org.apache.maven.surefire.junitplatform.JUnitPlatformProvider
[INFO] 
[INFO] -------------------------------------------------------
[INFO]  T E S T S
[INFO] -------------------------------------------------------
[INFO] Running org.approvaltests.namer.JUnit5StackTraceNamerTest
[INFO] Running org.approvaltests.reporters.intellij.IntelliJPathResolverTest
[INFO] Running org.approvaltests.reporters.JUnitReporterTest
[INFO] Running org.approvaltests.reporters.macosx.KaleidoscopeDiffReporterTest
[INFO] Running org.approvaltests.namer.JUnit5StackTraceNamerTest$NestedTests
[WARNING] Tests run: 1, Failures: 0, Errors: 0, Skipped: 1, Time elapsed: 0.044 s - in org.approvaltests.reporters.macosx.KaleidoscopeDiffReporterTest
[INFO] Tests run: 1, Failures: 0, Errors: 0, Skipped: 0, Time elapsed: 0.049 s - in org.approvaltests.namer.JUnit5StackTraceNamerTest$NestedTests
[INFO] Tests run: 12, Failures: 0, Errors: 0, Skipped: 0, Time elapsed: 0.089 s - in org.approvaltests.namer.JUnit5StackTraceNamerTest
[Jan 6, 2023, 8:05:21 PM ~000000ms] Not valid for current environment: ".repairnator"
[Jan 6, 2023, 8:05:21 PM ~000039ms] To approve run : mv -f /home/gabsko/breaking-updates/approvaltests/./src/test/java/org/approvaltests/reporters/b.txt /home/gabsko/breaking-updates/approvaltests/./src/test/java/org/approvaltests/reporters/a.txt
[Jan 6, 2023, 8:05:21 PM ~000001ms] To approve run : mv -f /home/gabsko/breaking-updates/approvaltests/./src/test/java/org/approvaltests/reporters/b.txt /home/gabsko/breaking-updates/approvaltests/./src/test/java/org/approvaltests/reporters/a.txt
[Jan 6, 2023, 8:05:21 PM ~000000ms] To approve run : mv -f /home/gabsko/breaking-updates/approvaltests/./src/test/java/org/approvaltests/reporters/b.txt /home/gabsko/breaking-updates/approvaltests/./src/test/java/org/approvaltests/reporters/a.txt
[INFO] Tests run: 1, Failures: 0, Errors: 0, Skipped: 0, Time elapsed: 0.096 s - in org.approvaltests.reporters.intellij.IntelliJPathResolverTest
[INFO] Tests run: 3, Failures: 0, Errors: 0, Skipped: 0, Time elapsed: 0.146 s - in org.approvaltests.reporters.JUnitReporterTest
[INFO] Running org.approvaltests.namer.JUnit3StackTraceNamerTest
[INFO] Tests run: 1, Failures: 0, Errors: 0, Skipped: 0, Time elapsed: 0.01 s - in org.approvaltests.namer.JUnit3StackTraceNamerTest
[INFO] Running org.approvaltests.namer.JUnit4ParameterizedNamerTest
[INFO] Tests run: 2, Failures: 0, Errors: 0, Skipped: 0, Time elapsed: 0.006 s - in org.approvaltests.namer.JUnit4ParameterizedNamerTest
[INFO] Running org.approvaltests.namer.JUnit4StackTraceNamerTest
[INFO] Tests run: 1, Failures: 0, Errors: 0, Skipped: 0, Time elapsed: 0.003 s - in org.approvaltests.namer.JUnit4StackTraceNamerTest
[INFO] Running org.approvaltests.namer.TestNgStackTraceNamerTest
SLF4J: Failed to load class "org.slf4j.impl.StaticLoggerBinder".
SLF4J: Defaulting to no-operation (NOP) logger implementation
SLF4J: See http://www.slf4j.org/codes.html#StaticLoggerBinder for further details.

===============================================
Command line suite
Total tests run: 2, Passes: 2, Failures: 0, Skips: 0
===============================================

[INFO] Tests run: 2, Failures: 0, Errors: 0, Skipped: 0, Time elapsed: 0.091 s - in org.approvaltests.namer.TestNgStackTraceNamerTest
[INFO] 
[INFO] Results:
[INFO] 
[WARNING] Tests run: 24, Failures: 0, Errors: 0, Skipped: 1
[INFO] 
[INFO] 
[INFO] -------------< com.approvaltests:approvaltests-util-tests >-------------
[INFO] Building approvaltests-util-tests 100.0.0-SNAPSHOT                 [4/7]
[INFO] --------------------------------[ jar ]---------------------------------
[INFO] 
[INFO] --- maven-clean-plugin:2.5:clean (default-clean) @ approvaltests-util-tests ---
[INFO] Deleting /home/gabsko/breaking-updates/approvaltests-util-tests/target
[INFO] 
[INFO] --- formatter-maven-plugin:2.16.0:format (default) @ approvaltests-util-tests ---
[INFO] Using 'UTF-8' encoding to format source files.
[INFO] Formatting is skipped for types: HTML, XML, JSON
[INFO] Number of files to be formatted: 64
[INFO] Successfully formatted:          0 file(s)
[INFO] Fail to format:                  0 file(s)
[INFO] Skipped:                         64 file(s)
[INFO] Read only skipped:               0 file(s)
[INFO] Approximate time taken:          0s
[INFO] 
[INFO] --- maven-resources-plugin:2.6:resources (default-resources) @ approvaltests-util-tests ---
[INFO] Using 'UTF-8' encoding to copy filtered resources.
[INFO] skip non existing resourceDirectory /home/gabsko/breaking-updates/approvaltests-util-tests/src/main/java
[INFO] skip non existing resourceDirectory /home/gabsko/breaking-updates/approvaltests-util-tests/src/main/resources
[INFO] 
[INFO] --- maven-compiler-plugin:3.10.1:compile (default-compile) @ approvaltests-util-tests ---
[INFO] No sources to compile
[INFO] 
[INFO] --- maven-resources-plugin:2.6:testResources (default-testResources) @ approvaltests-util-tests ---
[INFO] Using 'UTF-8' encoding to copy filtered resources.
[INFO] Copying 3 resources
[INFO] 
[INFO] --- maven-compiler-plugin:3.10.1:testCompile (default-testCompile) @ approvaltests-util-tests ---
[INFO] Changes detected - recompiling the module!
[INFO] Compiling 62 source files to /home/gabsko/breaking-updates/approvaltests-util-tests/target/test-classes
[INFO] /home/gabsko/breaking-updates/approvaltests-util-tests/src/test/java/org/lambda/query/QueryableTest.java: /home/gabsko/breaking-updates/approvaltests-util-tests/src/test/java/org/lambda/query/QueryableTest.java uses unchecked or unsafe operations.
[INFO] /home/gabsko/breaking-updates/approvaltests-util-tests/src/test/java/org/lambda/query/QueryableTest.java: Recompile with -Xlint:unchecked for details.
[INFO] 
[INFO] --- maven-surefire-plugin:3.0.0-M7:test (default-test) @ approvaltests-util-tests ---
[INFO] Using auto detected provider org.apache.maven.surefire.junitplatform.JUnitPlatformProvider
[INFO] 
[INFO] -------------------------------------------------------
[INFO]  T E S T S
[INFO] -------------------------------------------------------
[INFO] Running com.spun.util.filters.MethodFilterTest
[INFO] Running com.spun.util.StringUtilsTest
[INFO] Running com.spun.util.MapTest
[INFO] Running com.spun.util.timers.LapTimerTest
[INFO] Running com.spun.util.ObjectUtilsTest
[INFO] Running com.spun.util.DatabaseUtilsTest
[INFO] Running com.spun.util.io.FileMonitorTest
[INFO] Running com.spun.util.velocity.VelocityNullArgumentTest
[INFO] Running com.spun.util.CountryTest
[INFO] Running com.spun.util.io.XMLUtilsTest
[INFO] Running com.spun.util.velocity.VelocityTest
[INFO] Running com.spun.util.ArrayUtilsTest
[INFO] Running com.spun.util.TimedObjectTest
[INFO] Running com.spun.util.velocity.VelocityInfoTest
[INFO] Running com.spun.util.GenericTest
[INFO] Running com.spun.util.SearchingFileFilterTest
[INFO] Running com.spun.util.OrderByTest
[INFO] Running com.spun.util.ClassUtilsTest
[INFO] Running com.spun.util.velocity.VelocityNullSetTest
[INFO] Running com.spun.util.NumberUtilsTest
[INFO] Running com.spun.util.database.SQLQueryUtilsTest
[INFO] Running com.spun.util.io.InternetConnectivityTest
[INFO] Running com.spun.util.WhiteSpaceStripperTest
[INFO] Running com.spun.util.markdown.table.MarkdownTableTest
[INFO] Running com.spun.util.io.FileUtilsTest
[INFO] Running com.spun.util.filters.FilterTest
[INFO] Running com.spun.util.io.CommaDelimitedFileParserTest
[INFO] Running com.spun.util.parser.CurrencyAmountTest
[INFO] Running com.spun.util.ConfigXMLFileWriterTest
[INFO] Running com.spun.util.velocity.VelocitySilentTest
[INFO] Running com.spun.util.ComparableUtilsTest
[INFO] Running org.lambda.functions.F1Test
[INFO] Running com.spun.util.velocity.VelocityTableNameTest
[INFO] Running com.spun.util.DateDifferenceTest
[INFO] Running com.spun.util.StateTest
[INFO] Running com.spun.util.io.NetUtilsTest
[WARNING] Tests run: 3, Failures: 0, Errors: 0, Skipped: 2, Time elapsed: 0.047 s - in com.spun.util.GenericTest
[INFO] Tests run: 0, Failures: 0, Errors: 0, Skipped: 0, Time elapsed: 0.043 s - in com.spun.util.velocity.VelocityNullArgumentTest
[INFO] Running com.spun.util.parser.VelocityUtilsTest
[INFO] Running com.spun.util.parser.TemplateNumberUtilsTest
[INFO] Tests run: 10, Failures: 0, Errors: 0, Skipped: 0, Time elapsed: 0.055 s - in com.spun.util.filters.FilterTest
[INFO] Running com.spun.util.parser.TemplateStringUtilsTest
[INFO] Tests run: 9, Failures: 0, Errors: 0, Skipped: 0, Time elapsed: 0.055 s - in com.spun.util.SearchingFileFilterTest
[INFO] Tests run: 0, Failures: 0, Errors: 0, Skipped: 0, Time elapsed: 0.058 s - in com.spun.util.OrderByTest
[INFO] Running com.spun.util.parser.TemplateDoubleTest
[INFO] Tests run: 1, Failures: 0, Errors: 0, Skipped: 0, Time elapsed: 0.054 s - in com.spun.util.ComparableUtilsTest
[INFO] Running com.spun.util.TupleTest
[INFO] Running com.spun.util.PhoneNumberTest
[INFO] Tests run: 0, Failures: 0, Errors: 0, Skipped: 0, Time elapsed: 0.003 s - in com.spun.util.parser.TemplateStringUtilsTest
[INFO] Running com.spun.util.logger.SimpleLoggerTest
[INFO] Tests run: 6, Failures: 0, Errors: 0, Skipped: 0, Time elapsed: 0.07 s - in com.spun.util.ClassUtilsTest
[INFO] Tests run: 0, Failures: 0, Errors: 0, Skipped: 0, Time elapsed: 0.07 s - in com.spun.util.parser.CurrencyAmountTest
[INFO] Running com.spun.util.persistence.LoaderTest
[INFO] Running com.spun.util.DateUtilsTest
[INFO] Tests run: 3, Failures: 0, Errors: 0, Skipped: 0, Time elapsed: 0.074 s - in com.spun.util.database.SQLQueryUtilsTest
[INFO] Tests run: 0, Failures: 0, Errors: 0, Skipped: 0, Time elapsed: 0.005 s - in com.spun.util.parser.TemplateDoubleTest
[INFO] Tests run: 0, Failures: 0, Errors: 0, Skipped: 0, Time elapsed: 0.077 s - in com.spun.util.io.InternetConnectivityTest
[INFO] Running com.spun.util.date.DateRangeTest
[INFO] Running org.lambda.utils.AsErrorsTest
[INFO] Tests run: 0, Failures: 0, Errors: 0, Skipped: 0, Time elapsed: 0.078 s - in com.spun.util.NumberUtilsTest
[INFO] Running org.lambda.utils.MutableTest
[INFO] Running org.lambda.utils.GridTest
[INFO] Tests run: 1, Failures: 0, Errors: 0, Skipped: 0, Time elapsed: 0.01 s - in com.spun.util.TupleTest
[INFO] Tests run: 0, Failures: 0, Errors: 0, Skipped: 0, Time elapsed: 0.088 s - in com.spun.util.io.NetUtilsTest
[INFO] Tests run: 0, Failures: 0, Errors: 0, Skipped: 0, Time elapsed: 0.087 s - in com.spun.util.ObjectUtilsTest
[INFO] Running org.lambda.query.QueryTest
[INFO] Tests run: 0, Failures: 0, Errors: 0, Skipped: 0, Time elapsed: 0.089 s - in com.spun.util.io.CommaDelimitedFileParserTest
[INFO] Running org.lambda.query.AverageTest
[INFO] Running org.lambda.query.OrderByTest
[INFO] Running org.lambda.query.QueryableTest
[INFO] Tests run: 3, Failures: 0, Errors: 0, Skipped: 0, Time elapsed: 0.004 s - in org.lambda.query.AverageTest
[INFO] Running org.lambda.functions.F2Test
[INFO] Tests run: 3, Failures: 0, Errors: 0, Skipped: 0, Time elapsed: 0.13 s - in com.spun.util.filters.MethodFilterTest
[INFO] Tests run: 1, Failures: 0, Errors: 0, Skipped: 0, Time elapsed: 0.133 s - in com.spun.util.timers.LapTimerTest
[INFO] Tests run: 0, Failures: 0, Errors: 0, Skipped: 0, Time elapsed: 0.131 s - in com.spun.util.DatabaseUtilsTest
[INFO] Tests run: 3, Failures: 0, Errors: 0, Skipped: 0, Time elapsed: 0.049 s - in org.lambda.query.QueryTest
[INFO] Tests run: 18, Failures: 0, Errors: 0, Skipped: 0, Time elapsed: 0.122 s - in com.spun.util.parser.TemplateNumberUtilsTest
[INFO] Tests run: 1, Failures: 0, Errors: 0, Skipped: 0, Time elapsed: 0.178 s - in com.spun.util.io.XMLUtilsTest
[INFO] Tests run: 1, Failures: 0, Errors: 0, Skipped: 0, Time elapsed: 0.106 s - in com.spun.util.PhoneNumberTest
[INFO] Tests run: 11, Failures: 0, Errors: 0, Skipped: 0, Time elapsed: 0.223 s - in org.lambda.functions.F1Test
[INFO] Tests run: 2, Failures: 0, Errors: 0, Skipped: 0, Time elapsed: 0.227 s - in com.spun.util.MapTest
[INFO] Tests run: 6, Failures: 0, Errors: 0, Skipped: 0, Time elapsed: 0.229 s - in com.spun.util.WhiteSpaceStripperTest
[INFO] Tests run: 0, Failures: 0, Errors: 0, Skipped: 0, Time elapsed: 0.231 s - in com.spun.util.CountryTest
[INFO] Tests run: 8, Failures: 0, Errors: 0, Skipped: 0, Time elapsed: 0.233 s - in com.spun.util.ConfigXMLFileWriterTest
[INFO] Tests run: 0, Failures: 0, Errors: 0, Skipped: 0, Time elapsed: 0.233 s - in com.spun.util.ArrayUtilsTest
[INFO] Tests run: 5, Failures: 0, Errors: 0, Skipped: 0, Time elapsed: 0.144 s - in org.lambda.utils.MutableTest
[ERROR] Tests run: 4, Failures: 2, Errors: 0, Skipped: 0, Time elapsed: 0.156 s <<< FAILURE! - in org.lambda.functions.F2Test
[ERROR] com.spun.util.logger.SimpleLoggerTest.testMarkers  Time elapsed: 0.158 s  <<< FAILURE!
org.opentest4j.AssertionFailedError: 
expected: <=> Sample.methodThatLogs() - IN
   => Sample.innerMethod() - IN
      Variable: i = '0'
   <= Sample.innerMethod() - OUT
   => Sample.innerMethod() - IN
      Variable: i = '1'
   <= Sample.innerMethod() - OUT
   => Sample.innerMethod() - IN
      Variable: i = '2'
   <= Sample.innerMethod() - OUT
<= Sample.methodThatLogs() - OUT
> but was: <=> Sample.methodThatLogs() - IN
   => Sample.innerMethod() - IN
[Jan 6, 2023, 8:05:23 PM ~000-18ms]       Event: Starting transaction [49]com.spun.util.DatabaseUtilsTest.testTransaction
[Jan 6, 2023, 8:05:23 PM ~000-29ms]       Variable: difference = '3000'
      Variable: i = '0'
   <= Sample.innerMethod() - OUT
   => Sample.innerMethod() - IN
      Variable: i = '1'
   <= Sample.innerMethod() - OUT
   => Sample.innerMethod() - IN
      Variable: i = '2'
   <= Sample.innerMethod() - OUT
<= Sample.methodThatLogs() - OUT
>
	at org.junit.jupiter.api.AssertionUtils.fail(AssertionUtils.java:55)
	at org.junit.jupiter.api.AssertionUtils.failNotEqual(AssertionUtils.java:62)
	at org.junit.jupiter.api.AssertEquals.assertEquals(AssertEquals.java:182)
	at org.junit.jupiter.api.AssertEquals.assertEquals(AssertEquals.java:177)
	at org.junit.jupiter.api.Assertions.assertEquals(Assertions.java:1141)
	at java.base/jdk.internal.reflect.NativeMethodAccessorImpl.invoke0(Native Method)
	at java.base/jdk.internal.reflect.NativeMethodAccessorImpl.invoke(NativeMethodAccessorImpl.java:62)
	at java.base/jdk.internal.reflect.DelegatingMethodAccessorImpl.invoke(DelegatingMethodAccessorImpl.java:43)
	at java.base/java.lang.reflect.Method.invoke(Method.java:566)
	at org.approvaltests.reporters.AbstractJUnitReporter.assertEquals(AbstractJUnitReporter.java:24)
	at org.approvaltests.reporters.AbstractJUnitReporter.report(AbstractJUnitReporter.java:42)
	at org.approvaltests.reporters.FirstWorkingReporter.report(FirstWorkingReporter.java:33)
	at org.approvaltests.reporters.FirstWorkingReporter.report(FirstWorkingReporter.java:33)
	at org.approvaltests.reporters.FirstWorkingReporter.report(FirstWorkingReporter.java:33)
	at org.approvaltests.approvers.FileApprover.reportFailure(FileApprover.java:47)
	at org.approvaltests.Approvals.verify(Approvals.java:210)
	at org.approvaltests.Approvals.verify(Approvals.java:173)
	at org.approvaltests.Approvals.verify(Approvals.java:181)
	at org.approvaltests.Approvals.verify(Approvals.java:48)
	at org.approvaltests.Approvals.verify(Approvals.java:57)
	at org.approvaltests.Approvals.verify(Approvals.java:52)
	at com.spun.util.logger.SimpleLoggerTest.testMarkers(SimpleLoggerTest.java:36)
	at java.base/jdk.internal.reflect.NativeMethodAccessorImpl.invoke0(Native Method)
	at java.base/jdk.internal.reflect.NativeMethodAccessorImpl.invoke(NativeMethodAccessorImpl.java:62)
	at java.base/jdk.internal.reflect.DelegatingMethodAccessorImpl.invoke(DelegatingMethodAccessorImpl.java:43)
	at java.base/java.lang.reflect.Method.invoke(Method.java:566)
	at org.junit.platform.commons.util.ReflectionUtils.invokeMethod(ReflectionUtils.java:725)
	at org.junit.jupiter.engine.execution.MethodInvocation.proceed(MethodInvocation.java:60)
	at org.junit.jupiter.engine.execution.InvocationInterceptorChain$ValidatingInvocation.proceed(InvocationInterceptorChain.java:131)
	at org.junit.jupiter.engine.extension.TimeoutExtension.intercept(TimeoutExtension.java:149)
	at org.junit.jupiter.engine.extension.TimeoutExtension.interceptTestableMethod(TimeoutExtension.java:140)
	at org.junit.jupiter.engine.extension.TimeoutExtension.interceptTestMethod(TimeoutExtension.java:84)
	at org.junit.jupiter.engine.execution.ExecutableInvoker$ReflectiveInterceptorCall.lambda$ofVoidMethod$0(ExecutableInvoker.java:115)
	at org.junit.jupiter.engine.execution.ExecutableInvoker.lambda$invoke$0(ExecutableInvoker.java:105)
	at org.junit.jupiter.engine.execution.InvocationInterceptorChain$InterceptedInvocation.proceed(InvocationInterceptorChain.java:106)
	at org.junit.jupiter.engine.execution.InvocationInterceptorChain.proceed(InvocationInterceptorChain.java:64)
	at org.junit.jupiter.engine.execution.InvocationInterceptorChain.chainAndInvoke(InvocationInterceptorChain.java:45)
	at org.junit.jupiter.engine.execution.InvocationInterceptorChain.invoke(InvocationInterceptorChain.java:37)
	at org.junit.jupiter.engine.execution.ExecutableInvoker.invoke(ExecutableInvoker.java:104)
	at org.junit.jupiter.engine.execution.ExecutableInvoker.invoke(ExecutableInvoker.java:98)
	at org.junit.jupiter.engine.descriptor.TestMethodTestDescriptor.lambda$invokeTestMethod$7(TestMethodTestDescriptor.java:214)
	at org.junit.platform.engine.support.hierarchical.ThrowableCollector.execute(ThrowableCollector.java:73)
	at org.junit.jupiter.engine.descriptor.TestMethodTestDescriptor.invokeTestMethod(TestMethodTestDescriptor.java:210)
	at org.junit.jupiter.engine.descriptor.TestMethodTestDescriptor.execute(TestMethodTestDescriptor.java:135)
	at org.junit.jupiter.engine.descriptor.TestMethodTestDescriptor.execute(TestMethodTestDescriptor.java:66)
	at org.junit.platform.engine.support.hierarchical.NodeTestTask.lambda$executeRecursively$6(NodeTestTask.java:151)
	at org.junit.platform.engine.support.hierarchical.ThrowableCollector.execute(ThrowableCollector.java:73)
	at org.junit.platform.engine.support.hierarchical.NodeTestTask.lambda$executeRecursively$8(NodeTestTask.java:141)
	at org.junit.platform.engine.support.hierarchical.Node.around(Node.java:137)
	at org.junit.platform.engine.support.hierarchical.NodeTestTask.lambda$executeRecursively$9(NodeTestTask.java:139)
	at org.junit.platform.engine.support.hierarchical.ThrowableCollector.execute(ThrowableCollector.java:73)
	at org.junit.platform.engine.support.hierarchical.NodeTestTask.executeRecursively(NodeTestTask.java:138)
	at org.junit.platform.engine.support.hierarchical.NodeTestTask.execute(NodeTestTask.java:95)
	at org.junit.platform.engine.support.hierarchical.ForkJoinPoolHierarchicalTestExecutorService$ExclusiveTask.compute(ForkJoinPoolHierarchicalTestExecutorService.java:185)
	at java.base/java.util.concurrent.RecursiveAction.exec(RecursiveAction.java:189)
	at java.base/java.util.concurrent.ForkJoinTask.doExec(ForkJoinTask.java:290)
	at java.base/java.util.concurrent.ForkJoinTask.doJoin(ForkJoinTask.java:396)
	at java.base/java.util.concurrent.ForkJoinTask.join(ForkJoinTask.java:721)
	at org.junit.platform.engine.support.hierarchical.ForkJoinPoolHierarchicalTestExecutorService.joinConcurrentTasksInReverseOrderToEnableWorkStealing(ForkJoinPoolHierarchicalTestExecutorService.java:162)
	at org.junit.platform.engine.support.hierarchical.ForkJoinPoolHierarchicalTestExecutorService.invokeAll(ForkJoinPoolHierarchicalTestExecutorService.java:136)
	at org.junit.platform.engine.support.hierarchical.NodeTestTask.lambda$executeRecursively$6(NodeTestTask.java:155)
	at org.junit.platform.engine.support.hierarchical.ThrowableCollector.execute(ThrowableCollector.java:73)
	at org.junit.platform.engine.support.hierarchical.NodeTestTask.lambda$executeRecursively$8(NodeTestTask.java:141)
	at org.junit.platform.engine.support.hierarchical.Node.around(Node.java:137)
	at org.junit.platform.engine.support.hierarchical.NodeTestTask.lambda$executeRecursively$9(NodeTestTask.java:139)
	at org.junit.platform.engine.support.hierarchical.ThrowableCollector.execute(ThrowableCollector.java:73)
	at org.junit.platform.engine.support.hierarchical.NodeTestTask.executeRecursively(NodeTestTask.java:138)
	at org.junit.platform.engine.support.hierarchical.NodeTestTask.execute(NodeTestTask.java:95)
	at org.junit.platform.engine.support.hierarchical.ForkJoinPoolHierarchicalTestExecutorService$ExclusiveTask.compute(ForkJoinPoolHierarchicalTestExecutorService.java:185)
	at java.base/java.util.concurrent.RecursiveAction.exec(RecursiveAction.java:189)
	at java.base/java.util.concurrent.ForkJoinTask.doExec(ForkJoinTask.java:290)
	at java.base/java.util.concurrent.ForkJoinPool$WorkQueue.topLevelExec(ForkJoinPool.java:1020)
	at java.base/java.util.concurrent.ForkJoinPool.scan(ForkJoinPool.java:1656)
	at java.base/java.util.concurrent.ForkJoinPool.runWorker(ForkJoinPool.java:1594)
	at java.base/java.util.concurrent.ForkJoinWorkerThread.run(ForkJoinWorkerThread.java:183)

[ERROR] com.spun.util.DateDifferenceTest.testFebruaryAndDaylightSavingsTime  Time elapsed: 0.218 s  <<< FAILURE!
org.opentest4j.AssertionFailedError: 
expected: <02/01/2010, 03/01/2010 => 28 Days, 0 Hours
02/02/2010, 03/02/2010 => 28 Days, 0 Hours
02/03/2010, 03/03/2010 => 28 Days, 0 Hours
02/04/2010, 03/04/2010 => 28 Days, 0 Hours
02/05/2010, 03/05/2010 => 28 Days, 0 Hours
02/06/2010, 03/06/2010 => 28 Days, 0 Hours
02/07/2010, 03/07/2010 => 28 Days, 0 Hours
02/08/2010, 03/08/2010 => 28 Days, 0 Hours
02/09/2010, 03/09/2010 => 28 Days, 0 Hours
02/10/2010, 03/10/2010 => 28 Days, 0 Hours
02/11/2010, 03/11/2010 => 28 Days, 0 Hours
02/12/2010, 03/12/2010 => 28 Days, 0 Hours
02/13/2010, 03/13/2010 => 28 Days, 0 Hours
02/14/2010, 03/14/2010 => 28 Days, 0 Hours
02/15/2010, 03/15/2010 => 27 Days, 23 Hours
02/16/2010, 03/16/2010 => 27 Days, 23 Hours
02/17/2010, 03/17/2010 => 27 Days, 23 Hours
02/18/2010, 03/18/2010 => 27 Days, 23 Hours
02/19/2010, 03/19/2010 => 27 Days, 23 Hours
02/20/2010, 03/20/2010 => 27 Days, 23 Hours
02/21/2010, 03/21/2010 => 27 Days, 23 Hours
02/22/2010, 03/22/2010 => 27 Days, 23 Hours
02/23/2010, 03/23/2010 => 27 Days, 23 Hours
02/24/2010, 03/24/2010 => 27 Days, 23 Hours
02/25/2010, 03/25/2010 => 27 Days, 23 Hours
02/26/2010, 03/26/2010 => 27 Days, 23 Hours
02/27/2010, 03/27/2010 => 27 Days, 23 Hours
02/28/2010, 03/28/2010 => 27 Days, 23 Hours
> but was: <02/01/2010, 03/01/2010 => 28 Days, 0 Hours
02/02/2010, 03/02/2010 => 28 Days, 0 Hours
02/03/2010, 03/03/2010 => 28 Days, 0 Hours
02/04/2010, 03/04/2010 => 28 Days, 0 Hours
02/05/2010, 03/05/2010 => 28 Days, 0 Hours
02/06/2010, 03/06/2010 => 28 Days, 0 Hours
02/07/2010, 03/07/2010 => 28 Days, 0 Hours
02/08/2010, 03/08/2010 => 28 Days, 0 Hours
02/09/2010, 03/09/2010 => 28 Days, 0 Hours
02/10/2010, 03/10/2010 => 28 Days, 0 Hours
02/11/2010, 03/11/2010 => 28 Days, 0 Hours
02/12/2010, 03/12/2010 => 28 Days, 0 Hours
02/13/2010, 03/13/2010 => 28 Days, 0 Hours
02/14/2010, 03/14/2010 => 28 Days, 0 Hours
02/15/2010, 03/15/2010 => 28 Days, 0 Hours
02/16/2010, 03/16/2010 => 28 Days, 0 Hours
02/17/2010, 03/17/2010 => 28 Days, 0 Hours
02/18/2010, 03/18/2010 => 28 Days, 0 Hours
02/19/2010, 03/19/2010 => 28 Days, 0 Hours
02/20/2010, 03/20/2010 => 28 Days, 0 Hours
02/21/2010, 03/21/2010 => 28 Days, 0 Hours
02/22/2010, 03/22/2010 => 28 Days, 0 Hours
02/23/2010, 03/23/2010 => 28 Days, 0 Hours
02/24/2010, 03/24/2010 => 28 Days, 0 Hours
02/25/2010, 03/25/2010 => 28 Days, 0 Hours
02/26/2010, 03/26/2010 => 28 Days, 0 Hours
02/27/2010, 03/27/2010 => 28 Days, 0 Hours
02/28/2010, 03/28/2010 => 28 Days, 0 Hours
>
	at org.junit.jupiter.api.AssertionUtils.fail(AssertionUtils.java:55)
	at org.junit.jupiter.api.AssertionUtils.failNotEqual(AssertionUtils.java:62)
	at org.junit.jupiter.api.AssertEquals.assertEquals(AssertEquals.java:182)
	at org.junit.jupiter.api.AssertEquals.assertEquals(AssertEquals.java:177)
	at org.junit.jupiter.api.Assertions.assertEquals(Assertions.java:1141)
	at java.base/jdk.internal.reflect.NativeMethodAccessorImpl.invoke0(Native Method)
	at java.base/jdk.internal.reflect.NativeMethodAccessorImpl.invoke(NativeMethodAccessorImpl.java:62)
	at java.base/jdk.internal.reflect.DelegatingMethodAccessorImpl.invoke(DelegatingMethodAccessorImpl.java:43)
	at java.base/java.lang.reflect.Method.invoke(Method.java:566)
	at org.approvaltests.reporters.AbstractJUnitReporter.assertEquals(AbstractJUnitReporter.java:24)
	at org.approvaltests.reporters.AbstractJUnitReporter.report(AbstractJUnitReporter.java:42)
	at org.approvaltests.reporters.FirstWorkingReporter.report(FirstWorkingReporter.java:33)
	at org.approvaltests.reporters.FirstWorkingReporter.report(FirstWorkingReporter.java:33)
	at org.approvaltests.reporters.FirstWorkingReporter.report(FirstWorkingReporter.java:33)
	at org.approvaltests.approvers.FileApprover.reportFailure(FileApprover.java:47)
	at org.approvaltests.Approvals.verify(Approvals.java:210)
	at org.approvaltests.Approvals.verify(Approvals.java:173)
	at org.approvaltests.Approvals.verify(Approvals.java:181)
	at org.approvaltests.Approvals.verify(Approvals.java:48)
	at org.approvaltests.Approvals.verify(Approvals.java:44)
	at com.spun.util.DateDifferenceTest.testFebruaryAndDaylightSavingsTime(DateDifferenceTest.java:155)
	at java.base/jdk.internal.reflect.NativeMethodAccessorImpl.invoke0(Native Method)
	at java.base/jdk.internal.reflect.NativeMethodAccessorImpl.invoke(NativeMethodAccessorImpl.java:62)
	at java.base/jdk.internal.reflect.DelegatingMethodAccessorImpl.invoke(DelegatingMethodAccessorImpl.java:43)
	at java.base/java.lang.reflect.Method.invoke(Method.java:566)
	at org.junit.platform.commons.util.ReflectionUtils.invokeMethod(ReflectionUtils.java:725)
	at org.junit.jupiter.engine.execution.MethodInvocation.proceed(MethodInvocation.java:60)
	at org.junit.jupiter.engine.execution.InvocationInterceptorChain$ValidatingInvocation.proceed(InvocationInterceptorChain.java:131)
	at org.junit.jupiter.engine.extension.TimeoutExtension.intercept(TimeoutExtension.java:149)
	at org.junit.jupiter.engine.extension.TimeoutExtension.interceptTestableMethod(TimeoutExtension.java:140)
	at org.junit.jupiter.engine.extension.TimeoutExtension.interceptTestMethod(TimeoutExtension.java:84)
	at org.junit.jupiter.engine.execution.ExecutableInvoker$ReflectiveInterceptorCall.lambda$ofVoidMethod$0(ExecutableInvoker.java:115)
	at org.junit.jupiter.engine.execution.ExecutableInvoker.lambda$invoke$0(ExecutableInvoker.java:105)
	at org.junit.jupiter.engine.execution.InvocationInterceptorChain$InterceptedInvocation.proceed(InvocationInterceptorChain.java:106)
	at org.junit.jupiter.engine.execution.InvocationInterceptorChain.proceed(InvocationInterceptorChain.java:64)
	at org.junit.jupiter.engine.execution.InvocationInterceptorChain.chainAndInvoke(InvocationInterceptorChain.java:45)
	at org.junit.jupiter.engine.execution.InvocationInterceptorChain.invoke(InvocationInterceptorChain.java:37)
	at org.junit.jupiter.engine.execution.ExecutableInvoker.invoke(ExecutableInvoker.java:104)
	at org.junit.jupiter.engine.execution.ExecutableInvoker.invoke(ExecutableInvoker.java:98)
	at org.junit.jupiter.engine.descriptor.TestMethodTestDescriptor.lambda$invokeTestMethod$7(TestMethodTestDescriptor.java:214)
	at org.junit.platform.engine.support.hierarchical.ThrowableCollector.execute(ThrowableCollector.java:73)
	at org.junit.jupiter.engine.descriptor.TestMethodTestDescriptor.invokeTestMethod(TestMethodTestDescriptor.java:210)
	at org.junit.jupiter.engine.descriptor.TestMethodTestDescriptor.execute(TestMethodTestDescriptor.java:135)
	at org.junit.jupiter.engine.descriptor.TestMethodTestDescriptor.execute(TestMethodTestDescriptor.java:66)
	at org.junit.platform.engine.support.hierarchical.NodeTestTask.lambda$executeRecursively$6(NodeTestTask.java:151)
	at org.junit.platform.engine.support.hierarchical.ThrowableCollector.execute(ThrowableCollector.java:73)
	at org.junit.platform.engine.support.hierarchical.NodeTestTask.lambda$executeRecursively$8(NodeTestTask.java:141)
	at org.junit.platform.engine.support.hierarchical.Node.around(Node.java:137)
	at org.junit.platform.engine.support.hierarchical.NodeTestTask.lambda$executeRecursively$9(NodeTestTask.java:139)
	at org.junit.platform.engine.support.hierarchical.ThrowableCollector.execute(ThrowableCollector.java:73)
	at org.junit.platform.engine.support.hierarchical.NodeTestTask.executeRecursively(NodeTestTask.java:138)
	at org.junit.platform.engine.support.hierarchical.NodeTestTask.execute(NodeTestTask.java:95)
	at org.junit.platform.engine.support.hierarchical.ForkJoinPoolHierarchicalTestExecutorService$ExclusiveTask.compute(ForkJoinPoolHierarchicalTestExecutorService.java:185)
	at java.base/java.util.concurrent.RecursiveAction.exec(RecursiveAction.java:189)
	at java.base/java.util.concurrent.ForkJoinTask.doExec(ForkJoinTask.java:290)
	at java.base/java.util.concurrent.ForkJoinTask.doJoin(ForkJoinTask.java:396)
	at java.base/java.util.concurrent.ForkJoinTask.join(ForkJoinTask.java:721)
	at org.junit.platform.engine.support.hierarchical.ForkJoinPoolHierarchicalTestExecutorService.joinConcurrentTasksInReverseOrderToEnableWorkStealing(ForkJoinPoolHierarchicalTestExecutorService.java:162)
	at org.junit.platform.engine.support.hierarchical.ForkJoinPoolHierarchicalTestExecutorService.invokeAll(ForkJoinPoolHierarchicalTestExecutorService.java:136)
	at org.junit.platform.engine.support.hierarchical.NodeTestTask.lambda$executeRecursively$6(NodeTestTask.java:155)
	at org.junit.platform.engine.support.hierarchical.ThrowableCollector.execute(ThrowableCollector.java:73)
	at org.junit.platform.engine.support.hierarchical.NodeTestTask.lambda$executeRecursively$8(NodeTestTask.java:141)
	at org.junit.platform.engine.support.hierarchical.Node.around(Node.java:137)
	at org.junit.platform.engine.support.hierarchical.NodeTestTask.lambda$executeRecursively$9(NodeTestTask.java:139)
	at org.junit.platform.engine.support.hierarchical.ThrowableCollector.execute(ThrowableCollector.java:73)
	at org.junit.platform.engine.support.hierarchical.NodeTestTask.executeRecursively(NodeTestTask.java:138)
	at org.junit.platform.engine.support.hierarchical.NodeTestTask.execute(NodeTestTask.java:95)
	at org.junit.platform.engine.support.hierarchical.ForkJoinPoolHierarchicalTestExecutorService$ExclusiveTask.compute(ForkJoinPoolHierarchicalTestExecutorService.java:185)
	at java.base/java.util.concurrent.RecursiveAction.exec(RecursiveAction.java:189)
	at java.base/java.util.concurrent.ForkJoinTask.doExec(ForkJoinTask.java:290)
	at java.base/java.util.concurrent.ForkJoinPool$WorkQueue.topLevelExec(ForkJoinPool.java:1020)
	at java.base/java.util.concurrent.ForkJoinPool.scan(ForkJoinPool.java:1656)
	at java.base/java.util.concurrent.ForkJoinPool.runWorker(ForkJoinPool.java:1594)
	at java.base/java.util.concurrent.ForkJoinWorkerThread.run(ForkJoinWorkerThread.java:183)

[INFO] Tests run: 1, Failures: 0, Errors: 0, Skipped: 0, Time elapsed: 0.259 s - in com.spun.util.StateTest
[INFO] Tests run: 6, Failures: 0, Errors: 0, Skipped: 0, Time elapsed: 0.266 s - in com.spun.util.io.FileUtilsTest
[INFO] Tests run: 2, Failures: 0, Errors: 0, Skipped: 0, Time elapsed: 0.201 s - in com.spun.util.logger.SimpleLoggerTest
[INFO] Tests run: 4, Failures: 0, Errors: 0, Skipped: 0, Time elapsed: 0.196 s - in org.lambda.utils.GridTest
[INFO] Tests run: 2, Failures: 0, Errors: 0, Skipped: 0, Time elapsed: 0.307 s - in com.spun.util.StringUtilsTest
[INFO] Tests run: 3, Failures: 0, Errors: 0, Skipped: 0, Time elapsed: 0.312 s - in com.spun.util.markdown.table.MarkdownTableTest
[INFO] Tests run: 11, Failures: 0, Errors: 0, Skipped: 0, Time elapsed: 0.239 s - in org.lambda.query.QueryableTest
[INFO] Tests run: 1, Failures: 0, Errors: 0, Skipped: 0, Time elapsed: 0.357 s - in com.spun.util.TimedObjectTest
[INFO] Tests run: 1, Failures: 0, Errors: 0, Skipped: 0, Time elapsed: 0.405 s - in org.lambda.utils.AsErrorsTest
SLF4J: Failed to load class "org.slf4j.impl.StaticLoggerBinder".
SLF4J: Defaulting to no-operation (NOP) logger implementation
SLF4J: See http://www.slf4j.org/codes.html#StaticLoggerBinder for further details.
[INFO] Tests run: 7, Failures: 0, Errors: 0, Skipped: 0, Time elapsed: 0.579 s - in com.spun.util.velocity.VelocityTableNameTest
[INFO] Tests run: 1, Failures: 0, Errors: 0, Skipped: 0, Time elapsed: 0.584 s - in com.spun.util.velocity.VelocityNullSetTest
[INFO] Tests run: 1, Failures: 0, Errors: 0, Skipped: 0, Time elapsed: 0.584 s - in com.spun.util.velocity.VelocityTest
[INFO] Tests run: 1, Failures: 0, Errors: 0, Skipped: 0, Time elapsed: 0.585 s - in com.spun.util.velocity.VelocitySilentTest
[INFO] Tests run: 5, Failures: 0, Errors: 0, Skipped: 0, Time elapsed: 0.602 s - in com.spun.util.velocity.VelocityInfoTest
[INFO] Tests run: 1, Failures: 0, Errors: 0, Skipped: 0, Time elapsed: 0.61 s - in com.spun.util.DateDifferenceTest
[INFO] Tests run: 1, Failures: 0, Errors: 0, Skipped: 0, Time elapsed: 0.538 s - in com.spun.util.persistence.LoaderTest
[INFO] Tests run: 2, Failures: 0, Errors: 0, Skipped: 0, Time elapsed: 0.571 s - in org.lambda.query.OrderByTest
[INFO] Tests run: 1, Failures: 0, Errors: 0, Skipped: 0, Time elapsed: 0.58 s - in com.spun.util.DateUtilsTest
[INFO] Tests run: 2, Failures: 0, Errors: 0, Skipped: 0, Time elapsed: 0.606 s - in com.spun.util.date.DateRangeTest
[INFO] Tests run: 1, Failures: 0, Errors: 0, Skipped: 0, Time elapsed: 0.66 s - in com.spun.util.parser.VelocityUtilsTest
[INFO] Tests run: 1, Failures: 0, Errors: 0, Skipped: 0, Time elapsed: 2.071 s - in com.spun.util.io.FileMonitorTest
[INFO] 
[INFO] Results:
[INFO] 
[ERROR] Failures: 
[ERROR]   DateDifferenceTest.testFebruaryAndDaylightSavingsTime:155 expected: <02/01/2010, 03/01/2010 => 28 Days, 0 Hours
02/02/2010, 03/02/2010 => 28 Days, 0 Hours
02/03/2010, 03/03/2010 => 28 Days, 0 Hours
02/04/2010, 03/04/2010 => 28 Days, 0 Hours
02/05/2010, 03/05/2010 => 28 Days, 0 Hours
02/06/2010, 03/06/2010 => 28 Days, 0 Hours
02/07/2010, 03/07/2010 => 28 Days, 0 Hours
02/08/2010, 03/08/2010 => 28 Days, 0 Hours
02/09/2010, 03/09/2010 => 28 Days, 0 Hours
02/10/2010, 03/10/2010 => 28 Days, 0 Hours
02/11/2010, 03/11/2010 => 28 Days, 0 Hours
02/12/2010, 03/12/2010 => 28 Days, 0 Hours
02/13/2010, 03/13/2010 => 28 Days, 0 Hours
02/14/2010, 03/14/2010 => 28 Days, 0 Hours
02/15/2010, 03/15/2010 => 27 Days, 23 Hours
02/16/2010, 03/16/2010 => 27 Days, 23 Hours
02/17/2010, 03/17/2010 => 27 Days, 23 Hours
02/18/2010, 03/18/2010 => 27 Days, 23 Hours
02/19/2010, 03/19/2010 => 27 Days, 23 Hours
02/20/2010, 03/20/2010 => 27 Days, 23 Hours
02/21/2010, 03/21/2010 => 27 Days, 23 Hours
02/22/2010, 03/22/2010 => 27 Days, 23 Hours
02/23/2010, 03/23/2010 => 27 Days, 23 Hours
02/24/2010, 03/24/2010 => 27 Days, 23 Hours
02/25/2010, 03/25/2010 => 27 Days, 23 Hours
02/26/2010, 03/26/2010 => 27 Days, 23 Hours
02/27/2010, 03/27/2010 => 27 Days, 23 Hours
02/28/2010, 03/28/2010 => 27 Days, 23 Hours
> but was: <02/01/2010, 03/01/2010 => 28 Days, 0 Hours
02/02/2010, 03/02/2010 => 28 Days, 0 Hours
02/03/2010, 03/03/2010 => 28 Days, 0 Hours
02/04/2010, 03/04/2010 => 28 Days, 0 Hours
02/05/2010, 03/05/2010 => 28 Days, 0 Hours
02/06/2010, 03/06/2010 => 28 Days, 0 Hours
02/07/2010, 03/07/2010 => 28 Days, 0 Hours
02/08/2010, 03/08/2010 => 28 Days, 0 Hours
02/09/2010, 03/09/2010 => 28 Days, 0 Hours
02/10/2010, 03/10/2010 => 28 Days, 0 Hours
02/11/2010, 03/11/2010 => 28 Days, 0 Hours
02/12/2010, 03/12/2010 => 28 Days, 0 Hours
02/13/2010, 03/13/2010 => 28 Days, 0 Hours
02/14/2010, 03/14/2010 => 28 Days, 0 Hours
02/15/2010, 03/15/2010 => 28 Days, 0 Hours
02/16/2010, 03/16/2010 => 28 Days, 0 Hours
02/17/2010, 03/17/2010 => 28 Days, 0 Hours
02/18/2010, 03/18/2010 => 28 Days, 0 Hours
02/19/2010, 03/19/2010 => 28 Days, 0 Hours
02/20/2010, 03/20/2010 => 28 Days, 0 Hours
02/21/2010, 03/21/2010 => 28 Days, 0 Hours
02/22/2010, 03/22/2010 => 28 Days, 0 Hours
02/23/2010, 03/23/2010 => 28 Days, 0 Hours
02/24/2010, 03/24/2010 => 28 Days, 0 Hours
02/25/2010, 03/25/2010 => 28 Days, 0 Hours
02/26/2010, 03/26/2010 => 28 Days, 0 Hours
02/27/2010, 03/27/2010 => 28 Days, 0 Hours
02/28/2010, 03/28/2010 => 28 Days, 0 Hours
>
[ERROR]   SimpleLoggerTest.testMarkers:36 expected: <=> Sample.methodThatLogs() - IN
   => Sample.innerMethod() - IN
      Variable: i = '0'
   <= Sample.innerMethod() - OUT
   => Sample.innerMethod() - IN
      Variable: i = '1'
   <= Sample.innerMethod() - OUT
   => Sample.innerMethod() - IN
      Variable: i = '2'
   <= Sample.innerMethod() - OUT
<= Sample.methodThatLogs() - OUT
> but was: <=> Sample.methodThatLogs() - IN
   => Sample.innerMethod() - IN
[Jan 6, 2023, 8:05:23 PM ~000-18ms]       Event: Starting transaction [49]com.spun.util.DatabaseUtilsTest.testTransaction
[Jan 6, 2023, 8:05:23 PM ~000-29ms]       Variable: difference = '3000'
      Variable: i = '0'
   <= Sample.innerMethod() - OUT
   => Sample.innerMethod() - IN
      Variable: i = '1'
   <= Sample.innerMethod() - OUT
   => Sample.innerMethod() - IN
      Variable: i = '2'
   <= Sample.innerMethod() - OUT
<= Sample.methodThatLogs() - OUT
>
[INFO] 
[ERROR] Tests run: 154, Failures: 2, Errors: 0, Skipped: 2
[INFO] 
[INFO] ------------------------------------------------------------------------
[INFO] Reactor Summary for ApprovalTests.Java 100.0.0-SNAPSHOT:
[INFO] 
[INFO] ApprovalTests.Java ................................. SUCCESS [  0.144 s]
[INFO] approvaltests-util ................................. SUCCESS [  3.634 s]
[INFO] approvaltests ...................................... SUCCESS [  1.942 s]
[INFO] approvaltests-util-tests ........................... FAILURE [  3.203 s]
[INFO] approvaltests-tests ................................ SKIPPED
[INFO] CounterDisplay ..................................... SKIPPED
[INFO] HtmlLocker ......................................... SKIPPED
[INFO] ------------------------------------------------------------------------
[INFO] BUILD FAILURE
[INFO] ------------------------------------------------------------------------
[INFO] Total time:  9.451 s
[INFO] Finished at: 2023-01-06T20:05:25Z
[INFO] ------------------------------------------------------------------------
[ERROR] Failed to execute goal org.apache.maven.plugins:maven-surefire-plugin:3.0.0-M7:test (default-test) on project approvaltests-util-tests: There are test failures.
[ERROR] 
[ERROR] Please refer to /home/gabsko/breaking-updates/approvaltests-util-tests/target/surefire-reports for the individual test results.
[ERROR] Please refer to dump files (if any exist) [date].dump, [date]-jvmRun[N].dump and [date].dumpstream.
[ERROR] -> [Help 1]
[ERROR] 
[ERROR] To see the full stack trace of the errors, re-run Maven with the -e switch.
[ERROR] Re-run Maven using the -X switch to enable full debug logging.
[ERROR] 
[ERROR] For more information about the errors and possible solutions, please read the following articles:
[ERROR] [Help 1] http://cwiki.apache.org/confluence/display/MAVEN/MojoFailureException
[ERROR] 
[ERROR] After correcting the problems, you can resume the build with the command
[ERROR]   mvn <args> -rf :approvaltests-util-tests
