[INFO] Scanning for projects...
[INFO] ------------------------------------------------------------------------
[INFO] Reactor Build Order:
[INFO] 
[INFO] Quarkus - Quinoa - Parent                                          [pom]
[INFO] Quarkus - Quinoa - Runtime                                         [jar]
[INFO] Quarkus - Quinoa - Deployment                                      [jar]
[INFO] Quarkus - Quinoa - Testing                                         [jar]
[INFO] Quarkus - Quinoa - Documentation                                   [jar]
[INFO] Quarkus - Quinoa - Integration Tests                               [jar]
[INFO] 
[INFO] ------------< io.quarkiverse.quinoa:quarkus-quinoa-parent >-------------
[INFO] Building Quarkus - Quinoa - Parent 1.0.0-SNAPSHOT                  [1/6]
[INFO] --------------------------------[ pom ]---------------------------------
[INFO] 
[INFO] --- maven-clean-plugin:3.1.0:clean (default-clean) @ quarkus-quinoa-parent ---
[INFO] Deleting /home/gabsko/breaking-updates/target
[INFO] 
[INFO] --- maven-enforcer-plugin:3.0.0-M3:enforce (enforce-java-version) @ quarkus-quinoa-parent ---
[INFO] 
[INFO] --- maven-enforcer-plugin:3.0.0-M3:enforce (enforce-maven-version) @ quarkus-quinoa-parent ---
[INFO] 
[INFO] --- buildnumber-maven-plugin:1.4:create (get-scm-revision) @ quarkus-quinoa-parent ---
[INFO] Executing: /bin/sh -c cd '/home/gabsko/breaking-updates' && 'git' 'rev-parse' '--verify' 'HEAD'
[INFO] Working directory: /home/gabsko/breaking-updates
[INFO] Storing buildNumber: c65712f02b6e858160bb44f706a16758d9a50307 at timestamp: 1673647087975
[WARNING] Cannot get the branch information from the git repository: 
Detecting the current branch failed: fatal: ref HEAD is not a symbolic ref

[INFO] Executing: /bin/sh -c cd '/home/gabsko/breaking-updates' && 'git' 'rev-parse' '--verify' 'HEAD'
[INFO] Working directory: /home/gabsko/breaking-updates
[INFO] Storing buildScmBranch: UNKNOWN
[INFO] 
[INFO] --- formatter-maven-plugin:2.17.1:format (default) @ quarkus-quinoa-parent ---
[INFO] 
[INFO] --- impsort-maven-plugin:1.6.2:sort (sort-imports) @ quarkus-quinoa-parent ---
[INFO] Processed 0 files in 00:00.001 (Already Sorted: 0, Needed Sorting: 0)
[INFO] 
[INFO] ----------------< io.quarkiverse.quinoa:quarkus-quinoa >----------------
[INFO] Building Quarkus - Quinoa - Runtime 1.0.0-SNAPSHOT                 [2/6]
[INFO] --------------------------------[ jar ]---------------------------------
[INFO] 
[INFO] --- maven-clean-plugin:3.1.0:clean (default-clean) @ quarkus-quinoa ---
[INFO] Deleting /home/gabsko/breaking-updates/runtime/target
[INFO] 
[INFO] --- maven-enforcer-plugin:3.0.0-M3:enforce (enforce-java-version) @ quarkus-quinoa ---
[INFO] 
[INFO] --- maven-enforcer-plugin:3.0.0-M3:enforce (enforce-maven-version) @ quarkus-quinoa ---
[INFO] 
[INFO] --- buildnumber-maven-plugin:1.4:create (get-scm-revision) @ quarkus-quinoa ---
[INFO] 
[INFO] --- formatter-maven-plugin:2.17.1:format (default) @ quarkus-quinoa ---
[INFO] Processed 3 files in 803ms (Formatted: 0, Unchanged: 3, Failed: 0, Readonly: 0)
[INFO] 
[INFO] --- impsort-maven-plugin:1.6.2:sort (sort-imports) @ quarkus-quinoa ---
[INFO] Processed 3 files in 00:00.193 (Already Sorted: 3, Needed Sorting: 0)
[INFO] 
[INFO] --- maven-jar-plugin:3.1.2:jar (generate-codestart-jar) @ quarkus-quinoa ---
[INFO] Building jar: /home/gabsko/breaking-updates/runtime/target/quarkus-quinoa-1.0.0-SNAPSHOT-codestarts.jar
[INFO] 
[INFO] --- maven-resources-plugin:3.2.0:resources (default-resources) @ quarkus-quinoa ---
[INFO] Using 'UTF-8' encoding to copy filtered resources.
[INFO] Using 'UTF-8' encoding to copy filtered properties files.
[INFO] Copying 1 resource
[INFO] 
[INFO] --- maven-compiler-plugin:3.8.1:compile (default-compile) @ quarkus-quinoa ---
[INFO] Changes detected - recompiling the module!
[INFO] Compiling 3 source files to /home/gabsko/breaking-updates/runtime/target/classes
[INFO] 
[INFO] --- quarkus-bootstrap-maven-plugin:2.8.2.Final:extension-descriptor (default) @ quarkus-quinoa ---
[INFO] 
[INFO] --- maven-resources-plugin:3.2.0:testResources (default-testResources) @ quarkus-quinoa ---
[INFO] Using 'UTF-8' encoding to copy filtered resources.
[INFO] Using 'UTF-8' encoding to copy filtered properties files.
[INFO] skip non existing resourceDirectory /home/gabsko/breaking-updates/runtime/src/test/resources
[INFO] 
[INFO] --- maven-compiler-plugin:3.8.1:testCompile (default-testCompile) @ quarkus-quinoa ---
[INFO] No sources to compile
[INFO] 
[INFO] --- maven-surefire-plugin:2.22.2:test (default-test) @ quarkus-quinoa ---
[INFO] No tests to run.
[INFO] 
[INFO] ----------< io.quarkiverse.quinoa:quarkus-quinoa-deployment >-----------
[INFO] Building Quarkus - Quinoa - Deployment 1.0.0-SNAPSHOT              [3/6]
[INFO] --------------------------------[ jar ]---------------------------------
[INFO] 
[INFO] --- maven-clean-plugin:3.1.0:clean (default-clean) @ quarkus-quinoa-deployment ---
[INFO] Deleting /home/gabsko/breaking-updates/deployment/target
[INFO] 
[INFO] --- maven-enforcer-plugin:3.0.0-M3:enforce (enforce-java-version) @ quarkus-quinoa-deployment ---
[INFO] 
[INFO] --- maven-enforcer-plugin:3.0.0-M3:enforce (enforce-maven-version) @ quarkus-quinoa-deployment ---
[INFO] 
[INFO] --- buildnumber-maven-plugin:1.4:create (get-scm-revision) @ quarkus-quinoa-deployment ---
[INFO] 
[INFO] --- formatter-maven-plugin:2.17.1:format (default) @ quarkus-quinoa-deployment ---
[INFO] Processed 8 files in 114ms (Formatted: 0, Unchanged: 8, Failed: 0, Readonly: 0)
[INFO] 
[INFO] --- impsort-maven-plugin:1.6.2:sort (sort-imports) @ quarkus-quinoa-deployment ---
[INFO] Processed 8 files in 00:00.123 (Already Sorted: 8, Needed Sorting: 0)
[INFO] 
[INFO] --- maven-resources-plugin:3.2.0:resources (default-resources) @ quarkus-quinoa-deployment ---
[INFO] Using 'UTF-8' encoding to copy filtered resources.
[INFO] Using 'UTF-8' encoding to copy filtered properties files.
[INFO] skip non existing resourceDirectory /home/gabsko/breaking-updates/deployment/src/main/resources
[INFO] 
[INFO] --- maven-compiler-plugin:3.8.1:compile (default-compile) @ quarkus-quinoa-deployment ---
[INFO] Changes detected - recompiling the module!
[INFO] Compiling 8 source files to /home/gabsko/breaking-updates/deployment/target/classes
[INFO] 
[INFO] --- maven-resources-plugin:3.2.0:testResources (default-testResources) @ quarkus-quinoa-deployment ---
[INFO] Using 'UTF-8' encoding to copy filtered resources.
[INFO] Using 'UTF-8' encoding to copy filtered properties files.
[INFO] skip non existing resourceDirectory /home/gabsko/breaking-updates/deployment/src/test/resources
[INFO] 
[INFO] --- maven-compiler-plugin:3.8.1:testCompile (default-testCompile) @ quarkus-quinoa-deployment ---
[INFO] No sources to compile
[INFO] 
[INFO] --- maven-surefire-plugin:2.22.2:test (default-test) @ quarkus-quinoa-deployment ---
[INFO] No tests to run.
[INFO] 
[INFO] ------------< io.quarkiverse.quinoa:quarkus-quinoa-testing >------------
[INFO] Building Quarkus - Quinoa - Testing 1.0.0-SNAPSHOT                 [4/6]
[INFO] --------------------------------[ jar ]---------------------------------
[INFO] 
[INFO] --- maven-clean-plugin:3.1.0:clean (default-clean) @ quarkus-quinoa-testing ---
[INFO] Deleting /home/gabsko/breaking-updates/testing/target
[INFO] 
[INFO] --- maven-enforcer-plugin:3.0.0-M3:enforce (enforce-java-version) @ quarkus-quinoa-testing ---
[INFO] 
[INFO] --- maven-enforcer-plugin:3.0.0-M3:enforce (enforce-maven-version) @ quarkus-quinoa-testing ---
[INFO] 
[INFO] --- buildnumber-maven-plugin:1.4:create (get-scm-revision) @ quarkus-quinoa-testing ---
[INFO] 
[INFO] --- formatter-maven-plugin:2.17.1:format (default) @ quarkus-quinoa-testing ---
[INFO] Processed 2 files in 17ms (Formatted: 0, Unchanged: 2, Failed: 0, Readonly: 0)
[INFO] 
[INFO] --- impsort-maven-plugin:1.6.2:sort (sort-imports) @ quarkus-quinoa-testing ---
[INFO] Processed 2 files in 00:00.014 (Already Sorted: 2, Needed Sorting: 0)
[INFO] 
[INFO] --- maven-resources-plugin:3.2.0:resources (default-resources) @ quarkus-quinoa-testing ---
[INFO] Using 'UTF-8' encoding to copy filtered resources.
[INFO] Using 'UTF-8' encoding to copy filtered properties files.
[INFO] skip non existing resourceDirectory /home/gabsko/breaking-updates/testing/src/main/resources
[INFO] 
[INFO] --- maven-compiler-plugin:3.8.1:compile (default-compile) @ quarkus-quinoa-testing ---
[INFO] Changes detected - recompiling the module!
[INFO] Compiling 2 source files to /home/gabsko/breaking-updates/testing/target/classes
[INFO] 
[INFO] --- maven-resources-plugin:3.2.0:testResources (default-testResources) @ quarkus-quinoa-testing ---
[INFO] Using 'UTF-8' encoding to copy filtered resources.
[INFO] Using 'UTF-8' encoding to copy filtered properties files.
[INFO] skip non existing resourceDirectory /home/gabsko/breaking-updates/testing/src/test/resources
[INFO] 
[INFO] --- maven-compiler-plugin:3.8.1:testCompile (default-testCompile) @ quarkus-quinoa-testing ---
[INFO] No sources to compile
[INFO] 
[INFO] --- maven-surefire-plugin:2.22.2:test (default-test) @ quarkus-quinoa-testing ---
[INFO] No tests to run.
[INFO] 
[INFO] -------------< io.quarkiverse.quinoa:quarkus-quinoa-docs >--------------
[INFO] Building Quarkus - Quinoa - Documentation 1.0.0-SNAPSHOT           [5/6]
[INFO] --------------------------------[ jar ]---------------------------------
[INFO] 
[INFO] --- maven-clean-plugin:3.1.0:clean (default-clean) @ quarkus-quinoa-docs ---
[INFO] Deleting /home/gabsko/breaking-updates/docs/target
[INFO] 
[INFO] --- maven-enforcer-plugin:3.0.0-M3:enforce (enforce-java-version) @ quarkus-quinoa-docs ---
[INFO] 
[INFO] --- maven-enforcer-plugin:3.0.0-M3:enforce (enforce-maven-version) @ quarkus-quinoa-docs ---
[INFO] 
[INFO] --- buildnumber-maven-plugin:1.4:create (get-scm-revision) @ quarkus-quinoa-docs ---
[INFO] 
[INFO] --- yaml-properties-maven-plugin:1.1.3:read-project-properties (default) @ quarkus-quinoa-docs ---
[INFO] 
[INFO] --- formatter-maven-plugin:2.17.1:format (default) @ quarkus-quinoa-docs ---
[INFO] 
[INFO] --- impsort-maven-plugin:1.6.2:sort (sort-imports) @ quarkus-quinoa-docs ---
[INFO] Processed 0 files in 00:00.000 (Already Sorted: 0, Needed Sorting: 0)
[INFO] 
[INFO] --- maven-resources-plugin:3.2.0:resources (default-resources) @ quarkus-quinoa-docs ---
[INFO] Using 'UTF-8' encoding to copy filtered resources.
[INFO] Using 'UTF-8' encoding to copy filtered properties files.
[INFO] skip non existing resourceDirectory /home/gabsko/breaking-updates/docs/src/main/resources
[INFO] 
[INFO] --- maven-compiler-plugin:3.8.1:compile (default-compile) @ quarkus-quinoa-docs ---
[INFO] No sources to compile
[INFO] 
[INFO] --- maven-resources-plugin:3.2.0:testResources (default-testResources) @ quarkus-quinoa-docs ---
[INFO] Using 'UTF-8' encoding to copy filtered resources.
[INFO] Using 'UTF-8' encoding to copy filtered properties files.
[INFO] skip non existing resourceDirectory /home/gabsko/breaking-updates/docs/src/test/resources
[INFO] 
[INFO] --- maven-compiler-plugin:3.8.1:testCompile (default-testCompile) @ quarkus-quinoa-docs ---
[INFO] No sources to compile
[INFO] 
[INFO] --- maven-surefire-plugin:2.22.2:test (default-test) @ quarkus-quinoa-docs ---
[INFO] No tests to run.
[INFO] 
[INFO] -------< io.quarkiverse.quinoa:quarkus-quinoa-integration-tests >-------
[INFO] Building Quarkus - Quinoa - Integration Tests 1.0.0-SNAPSHOT       [6/6]
[INFO] --------------------------------[ jar ]---------------------------------
[INFO] 
[INFO] --- maven-clean-plugin:3.1.0:clean (default-clean) @ quarkus-quinoa-integration-tests ---
[INFO] Deleting /home/gabsko/breaking-updates/integration-tests/target
[INFO] 
[INFO] --- maven-enforcer-plugin:3.0.0-M3:enforce (enforce-java-version) @ quarkus-quinoa-integration-tests ---
[INFO] 
[INFO] --- maven-enforcer-plugin:3.0.0-M3:enforce (enforce-maven-version) @ quarkus-quinoa-integration-tests ---
[INFO] 
[INFO] --- buildnumber-maven-plugin:1.4:create (get-scm-revision) @ quarkus-quinoa-integration-tests ---
[INFO] 
[INFO] --- formatter-maven-plugin:2.17.1:format (default) @ quarkus-quinoa-integration-tests ---
[INFO] Processed 9 files in 30ms (Formatted: 0, Unchanged: 9, Failed: 0, Readonly: 0)
[INFO] 
[INFO] --- impsort-maven-plugin:1.6.2:sort (sort-imports) @ quarkus-quinoa-integration-tests ---
[INFO] Processed 9 files in 00:00.019 (Already Sorted: 9, Needed Sorting: 0)
[INFO] 
[INFO] --- maven-resources-plugin:3.2.0:resources (default-resources) @ quarkus-quinoa-integration-tests ---
[INFO] Using 'UTF-8' encoding to copy filtered resources.
[INFO] Using 'UTF-8' encoding to copy filtered properties files.
[INFO] Copying 1 resource
[INFO] 
[INFO] --- maven-compiler-plugin:3.8.1:compile (default-compile) @ quarkus-quinoa-integration-tests ---
[INFO] Changes detected - recompiling the module!
[INFO] Compiling 1 source file to /home/gabsko/breaking-updates/integration-tests/target/classes
[INFO] 
[INFO] --- maven-resources-plugin:3.2.0:testResources (default-testResources) @ quarkus-quinoa-integration-tests ---
[INFO] Using 'UTF-8' encoding to copy filtered resources.
[INFO] Using 'UTF-8' encoding to copy filtered properties files.
[INFO] Copying 1 resource
[INFO] 
[INFO] --- maven-compiler-plugin:3.8.1:testCompile (default-testCompile) @ quarkus-quinoa-integration-tests ---
[INFO] Changes detected - recompiling the module!
[INFO] Compiling 8 source files to /home/gabsko/breaking-updates/integration-tests/target/test-classes
[INFO] 
[INFO] --- maven-surefire-plugin:2.22.2:test (default-test) @ quarkus-quinoa-integration-tests ---
[INFO] 
[INFO] -------------------------------------------------------
[INFO]  T E S T S
[INFO] -------------------------------------------------------
[INFO] Running io.quarkiverse.quinoa.it.QuinoaUIAngularTest
Downloading from central: https://repo.maven.apache.org/maven2/io/quarkus/quarkus-resteasy-reactive-kotlin/2.8.2.Final/quarkus-resteasy-reactive-kotlin-2.8.2.Final.jar
Progress (1): quarkus-resteasy-reactive-kotlin-2.8.2.Final.jar (2.7/32 kB)Progress (1): quarkus-resteasy-reactive-kotlin-2.8.2.Final.jar (5.5/32 kB)Progress (1): quarkus-resteasy-reactive-kotlin-2.8.2.Final.jar (8.2/32 kB)Progress (1): quarkus-resteasy-reactive-kotlin-2.8.2.Final.jar (11/32 kB) Progress (1): quarkus-resteasy-reactive-kotlin-2.8.2.Final.jar (14/32 kB)Progress (1): quarkus-resteasy-reactive-kotlin-2.8.2.Final.jar (16/32 kB)Progress (1): quarkus-resteasy-reactive-kotlin-2.8.2.Final.jar (19/32 kB)Progress (1): quarkus-resteasy-reactive-kotlin-2.8.2.Final.jar (22/32 kB)Progress (1): quarkus-resteasy-reactive-kotlin-2.8.2.Final.jar (25/32 kB)Progress (1): quarkus-resteasy-reactive-kotlin-2.8.2.Final.jar (27/32 kB)Progress (1): quarkus-resteasy-reactive-kotlin-2.8.2.Final.jar (30/32 kB)Progress (1): quarkus-resteasy-reactive-kotlin-2.8.2.Final.jar (32 kB)                                                                         Downloaded from central: https://repo.maven.apache.org/maven2/io/quarkus/quarkus-resteasy-reactive-kotlin/2.8.2.Final/quarkus-resteasy-reactive-kotlin-2.8.2.Final.jar (32 kB at 173 kB/s)
Downloading from central: https://repo.maven.apache.org/maven2/io/quarkus/quarkus-resteasy-reactive-deployment/2.8.2.Final/quarkus-resteasy-reactive-deployment-2.8.2.Final.pom
Progress (1): quarkus-resteasy-reactive-deployment-2.8.2.Final.pom (2.7/4.9 kB)Progress (1): quarkus-resteasy-reactive-deployment-2.8.2.Final.pom (4.9 kB)                                                                               Downloaded from central: https://repo.maven.apache.org/maven2/io/quarkus/quarkus-resteasy-reactive-deployment/2.8.2.Final/quarkus-resteasy-reactive-deployment-2.8.2.Final.pom (4.9 kB at 542 kB/s)
Downloading from central: https://repo.maven.apache.org/maven2/io/quarkus/quarkus-jaxrs-spi-deployment/2.8.2.Final/quarkus-jaxrs-spi-deployment-2.8.2.Final.pom
Progress (1): quarkus-jaxrs-spi-deployment-2.8.2.Final.pom (779 B)                                                                  Downloaded from central: https://repo.maven.apache.org/maven2/io/quarkus/quarkus-jaxrs-spi-deployment/2.8.2.Final/quarkus-jaxrs-spi-deployment-2.8.2.Final.pom (779 B at 19 kB/s)
Downloading from central: https://repo.maven.apache.org/maven2/io/quarkus/quarkus-jaxrs-spi-parent/2.8.2.Final/quarkus-jaxrs-spi-parent-2.8.2.Final.pom
Progress (1): quarkus-jaxrs-spi-parent-2.8.2.Final.pom (723 B)                                                              Downloaded from central: https://repo.maven.apache.org/maven2/io/quarkus/quarkus-jaxrs-spi-parent/2.8.2.Final/quarkus-jaxrs-spi-parent-2.8.2.Final.pom (723 B at 22 kB/s)
Downloading from central: https://repo.maven.apache.org/maven2/io/quarkus/quarkus-security-spi/2.8.2.Final/quarkus-security-spi-2.8.2.Final.pom
Progress (1): quarkus-security-spi-2.8.2.Final.pom (1.5 kB)                                                           Downloaded from central: https://repo.maven.apache.org/maven2/io/quarkus/quarkus-security-spi/2.8.2.Final/quarkus-security-spi-2.8.2.Final.pom (1.5 kB at 107 kB/s)
Downloading from central: https://repo.maven.apache.org/maven2/io/quarkus/quarkus-resteasy-reactive-common-deployment/2.8.2.Final/quarkus-resteasy-reactive-common-deployment-2.8.2.Final.pom
Progress (1): quarkus-resteasy-reactive-common-deployment-2.8.2.Final.pom (2.7/3.6 kB)Progress (1): quarkus-resteasy-reactive-common-deployment-2.8.2.Final.pom (3.6 kB)                                                                                      Downloaded from central: https://repo.maven.apache.org/maven2/io/quarkus/quarkus-resteasy-reactive-common-deployment/2.8.2.Final/quarkus-resteasy-reactive-common-deployment-2.8.2.Final.pom (3.6 kB at 302 kB/s)
Downloading from central: https://repo.maven.apache.org/maven2/io/quarkus/quarkus-jaxrs-spi-deployment/2.8.2.Final/quarkus-jaxrs-spi-deployment-2.8.2.Final.jar
Downloading from central: https://repo.maven.apache.org/maven2/io/quarkus/quarkus-security-spi/2.8.2.Final/quarkus-security-spi-2.8.2.Final.jar
Downloading from central: https://repo.maven.apache.org/maven2/io/quarkus/quarkus-resteasy-reactive-common-deployment/2.8.2.Final/quarkus-resteasy-reactive-common-deployment-2.8.2.Final.jar
Downloading from central: https://repo.maven.apache.org/maven2/io/quarkus/quarkus-resteasy-reactive-deployment/2.8.2.Final/quarkus-resteasy-reactive-deployment-2.8.2.Final.jar
Progress (1): quarkus-jaxrs-spi-deployment-2.8.2.Final.jar (2.7/3.3 kB)Progress (1): quarkus-jaxrs-spi-deployment-2.8.2.Final.jar (3.3 kB)                                                                       Downloaded from central: https://repo.maven.apache.org/maven2/io/quarkus/quarkus-jaxrs-spi-deployment/2.8.2.Final/quarkus-jaxrs-spi-deployment-2.8.2.Final.jar (3.3 kB at 195 kB/s)
Progress (1): quarkus-security-spi-2.8.2.Final.jar (2.7/4.6 kB)Progress (2): quarkus-security-spi-2.8.2.Final.jar (2.7/4.6 kB) | quarkus-resteasy-reactive-common-deployment-2.8.2.Final.jar (2.7/29 kB)Progress (2): quarkus-security-spi-2.8.2.Final.jar (4.6 kB) | quarkus-resteasy-reactive-common-deployment-2.8.2.Final.jar (2.7/29 kB)    Progress (2): quarkus-security-spi-2.8.2.Final.jar (4.6 kB) | quarkus-resteasy-reactive-common-deployment-2.8.2.Final.jar (5.5/29 kB)Progress (3): quarkus-security-spi-2.8.2.Final.jar (4.6 kB) | quarkus-resteasy-reactive-common-deployment-2.8.2.Final.jar (5.5/29 kB) | quarkus-resteasy-reactive-deployment-2.8.2.Final.jar (4.1/111 kB)Progress (3): quarkus-security-spi-2.8.2.Final.jar (4.6 kB) | quarkus-resteasy-reactive-common-deployment-2.8.2.Final.jar (8.2/29 kB) | quarkus-resteasy-reactive-deployment-2.8.2.Final.jar (4.1/111 kB)Progress (3): quarkus-security-spi-2.8.2.Final.jar (4.6 kB) | quarkus-resteasy-reactive-common-deployment-2.8.2.Final.jar (8.2/29 kB) | quarkus-resteasy-reactive-deployment-2.8.2.Final.jar (8.2/111 kB)Progress (3): quarkus-security-spi-2.8.2.Final.jar (4.6 kB) | quarkus-resteasy-reactive-common-deployment-2.8.2.Final.jar (11/29 kB) | quarkus-resteasy-reactive-deployment-2.8.2.Final.jar (8.2/111 kB) Progress (3): quarkus-security-spi-2.8.2.Final.jar (4.6 kB) | quarkus-resteasy-reactive-common-deployment-2.8.2.Final.jar (11/29 kB) | quarkus-resteasy-reactive-deployment-2.8.2.Final.jar (12/111 kB) Progress (3): quarkus-security-spi-2.8.2.Final.jar (4.6 kB) | quarkus-resteasy-reactive-common-deployment-2.8.2.Final.jar (14/29 kB) | quarkus-resteasy-reactive-deployment-2.8.2.Final.jar (12/111 kB)Progress (3): quarkus-security-spi-2.8.2.Final.jar (4.6 kB) | quarkus-resteasy-reactive-common-deployment-2.8.2.Final.jar (14/29 kB) | quarkus-resteasy-reactive-deployment-2.8.2.Final.jar (16/111 kB)Progress (3): quarkus-security-spi-2.8.2.Final.jar (4.6 kB) | quarkus-resteasy-reactive-common-deployment-2.8.2.Final.jar (16/29 kB) | quarkus-resteasy-reactive-deployment-2.8.2.Final.jar (16/111 kB)                                                                                                                                                                                                       Downloaded from central: https://repo.maven.apache.org/maven2/io/quarkus/quarkus-security-spi/2.8.2.Final/quarkus-security-spi-2.8.2.Final.jar (4.6 kB at 159 kB/s)
Progress (2): quarkus-resteasy-reactive-common-deployment-2.8.2.Final.jar (19/29 kB) | quarkus-resteasy-reactive-deployment-2.8.2.Final.jar (16/111 kB)Progress (2): quarkus-resteasy-reactive-common-deployment-2.8.2.Final.jar (19/29 kB) | quarkus-resteasy-reactive-deployment-2.8.2.Final.jar (20/111 kB)Progress (2): quarkus-resteasy-reactive-common-deployment-2.8.2.Final.jar (21/29 kB) | quarkus-resteasy-reactive-deployment-2.8.2.Final.jar (20/111 kB)Progress (2): quarkus-resteasy-reactive-common-deployment-2.8.2.Final.jar (21/29 kB) | quarkus-resteasy-reactive-deployment-2.8.2.Final.jar (25/111 kB)Progress (2): quarkus-resteasy-reactive-common-deployment-2.8.2.Final.jar (21/29 kB) | quarkus-resteasy-reactive-deployment-2.8.2.Final.jar (29/111 kB)Progress (2): quarkus-resteasy-reactive-common-deployment-2.8.2.Final.jar (24/29 kB) | quarkus-resteasy-reactive-deployment-2.8.2.Final.jar (29/111 kB)Progress (2): quarkus-resteasy-reactive-common-deployment-2.8.2.Final.jar (24/29 kB) | quarkus-resteasy-reactive-deployment-2.8.2.Final.jar (33/111 kB)Progress (2): quarkus-resteasy-reactive-common-deployment-2.8.2.Final.jar (27/29 kB) | quarkus-resteasy-reactive-deployment-2.8.2.Final.jar (33/111 kB)Progress (2): quarkus-resteasy-reactive-common-deployment-2.8.2.Final.jar (29 kB) | quarkus-resteasy-reactive-deployment-2.8.2.Final.jar (33/111 kB)   Progress (2): quarkus-resteasy-reactive-common-deployment-2.8.2.Final.jar (29 kB) | quarkus-resteasy-reactive-deployment-2.8.2.Final.jar (37/111 kB)Progress (2): quarkus-resteasy-reactive-common-deployment-2.8.2.Final.jar (29 kB) | quarkus-resteasy-reactive-deployment-2.8.2.Final.jar (41/111 kB)Progress (2): quarkus-resteasy-reactive-common-deployment-2.8.2.Final.jar (29 kB) | quarkus-resteasy-reactive-deployment-2.8.2.Final.jar (45/111 kB)Progress (2): quarkus-resteasy-reactive-common-deployment-2.8.2.Final.jar (29 kB) | quarkus-resteasy-reactive-deployment-2.8.2.Final.jar (49/111 kB)Progress (2): quarkus-resteasy-reactive-common-deployment-2.8.2.Final.jar (29 kB) | quarkus-resteasy-reactive-deployment-2.8.2.Final.jar (53/111 kB)Progress (2): quarkus-resteasy-reactive-common-deployment-2.8.2.Final.jar (29 kB) | quarkus-resteasy-reactive-deployment-2.8.2.Final.jar (57/111 kB)Progress (2): quarkus-resteasy-reactive-common-deployment-2.8.2.Final.jar (29 kB) | quarkus-resteasy-reactive-deployment-2.8.2.Final.jar (61/111 kB)Progress (2): quarkus-resteasy-reactive-common-deployment-2.8.2.Final.jar (29 kB) | quarkus-resteasy-reactive-deployment-2.8.2.Final.jar (66/111 kB)Progress (2): quarkus-resteasy-reactive-common-deployment-2.8.2.Final.jar (29 kB) | quarkus-resteasy-reactive-deployment-2.8.2.Final.jar (70/111 kB)Progress (2): quarkus-resteasy-reactive-common-deployment-2.8.2.Final.jar (29 kB) | quarkus-resteasy-reactive-deployment-2.8.2.Final.jar (74/111 kB)                                                                                                                                                    Downloaded from central: https://repo.maven.apache.org/maven2/io/quarkus/quarkus-resteasy-reactive-common-deployment/2.8.2.Final/quarkus-resteasy-reactive-common-deployment-2.8.2.Final.jar (29 kB at 730 kB/s)
Progress (1): quarkus-resteasy-reactive-deployment-2.8.2.Final.jar (78/111 kB)Progress (1): quarkus-resteasy-reactive-deployment-2.8.2.Final.jar (82/111 kB)Progress (1): quarkus-resteasy-reactive-deployment-2.8.2.Final.jar (86/111 kB)Progress (1): quarkus-resteasy-reactive-deployment-2.8.2.Final.jar (90/111 kB)Progress (1): quarkus-resteasy-reactive-deployment-2.8.2.Final.jar (94/111 kB)Progress (1): quarkus-resteasy-reactive-deployment-2.8.2.Final.jar (98/111 kB)Progress (1): quarkus-resteasy-reactive-deployment-2.8.2.Final.jar (102/111 kB)Progress (1): quarkus-resteasy-reactive-deployment-2.8.2.Final.jar (106/111 kB)Progress (1): quarkus-resteasy-reactive-deployment-2.8.2.Final.jar (111/111 kB)Progress (1): quarkus-resteasy-reactive-deployment-2.8.2.Final.jar (111 kB)                                                                               Downloaded from central: https://repo.maven.apache.org/maven2/io/quarkus/quarkus-resteasy-reactive-deployment/2.8.2.Final/quarkus-resteasy-reactive-deployment-2.8.2.Final.jar (111 kB at 2.3 MB/s)
Downloading from central: https://repo.maven.apache.org/maven2/io/quarkus/platform/quarkus-bom-quarkus-platform-properties/2.8.2.Final/quarkus-bom-quarkus-platform-properties-2.8.2.Final.properties
Progress (1): quarkus-bom-quarkus-platform-properties-2.8.2.Final.properties (865 B)                                                                                    Downloaded from central: https://repo.maven.apache.org/maven2/io/quarkus/platform/quarkus-bom-quarkus-platform-properties/2.8.2.Final/quarkus-bom-quarkus-platform-properties-2.8.2.Final.properties (865 B at 36 kB/s)
2023-01-13 21:58:16,068 INFO  [org.jbo.threads] (main) JBoss Threads version 3.4.2.Final
2023-01-13 21:58:16,127 INFO  [io.qua.qui.dep.PackageManager] (build-37) Running Quinoa package manager install command: npm install
2023-01-13 21:58:19,755 INFO  [io.qua.qui.dep.PackageManager] (build-37) npm WARN deprecated source-map-resolve@0.6.0: See https://github.com/lydell/source-map-resolve#deprecated
2023-01-13 21:58:25,242 INFO  [io.qua.qui.dep.PackageManager] (build-37) 
2023-01-13 21:58:25,242 INFO  [io.qua.qui.dep.PackageManager] (build-37) added 907 packages, and audited 908 packages in 9s
2023-01-13 21:58:25,242 INFO  [io.qua.qui.dep.PackageManager] (build-37) 
2023-01-13 21:58:25,242 INFO  [io.qua.qui.dep.PackageManager] (build-37) 94 packages are looking for funding
2023-01-13 21:58:25,243 INFO  [io.qua.qui.dep.PackageManager] (build-37)   run `npm fund` for details
2023-01-13 21:58:25,256 INFO  [io.qua.qui.dep.PackageManager] (build-37) 
2023-01-13 21:58:25,256 INFO  [io.qua.qui.dep.PackageManager] (build-37) 10 vulnerabilities (1 low, 2 moderate, 5 high, 2 critical)
2023-01-13 21:58:25,256 INFO  [io.qua.qui.dep.PackageManager] (build-37) 
2023-01-13 21:58:25,256 INFO  [io.qua.qui.dep.PackageManager] (build-37) To address all issues, run:
2023-01-13 21:58:25,256 INFO  [io.qua.qui.dep.PackageManager] (build-37)   npm audit fix
2023-01-13 21:58:25,256 INFO  [io.qua.qui.dep.PackageManager] (build-37) 
2023-01-13 21:58:25,257 INFO  [io.qua.qui.dep.PackageManager] (build-37) Run `npm audit` for details.
2023-01-13 21:58:25,278 INFO  [io.qua.qui.dep.PackageManager] (build-18) Running Quinoa package manager build command: npm run build
2023-01-13 21:58:25,495 INFO  [io.qua.qui.dep.PackageManager] (build-18) 
2023-01-13 21:58:25,495 INFO  [io.qua.qui.dep.PackageManager] (build-18) > quinoa-app@0.0.0 build
2023-01-13 21:58:25,495 INFO  [io.qua.qui.dep.PackageManager] (build-18) > ng build
2023-01-13 21:58:25,496 INFO  [io.qua.qui.dep.PackageManager] (build-18) 
2023-01-13 21:58:27,654 INFO  [io.qua.qui.dep.PackageManager] (build-18) - Generating browser application bundles (phase: setup)...
2023-01-13 21:58:38,490 INFO  [io.qua.qui.dep.PackageManager] (build-18) ✔ Browser application bundle generation complete.
2023-01-13 21:58:39,461 INFO  [io.qua.qui.dep.PackageManager] (build-18) ✔ Browser application bundle generation complete.
2023-01-13 21:58:39,465 INFO  [io.qua.qui.dep.PackageManager] (build-18) - Copying assets...
2023-01-13 21:58:39,476 INFO  [io.qua.qui.dep.PackageManager] (build-18) ✔ Copying assets complete.
2023-01-13 21:58:39,477 INFO  [io.qua.qui.dep.PackageManager] (build-18) - Generating index html...
2023-01-13 21:58:39,500 INFO  [io.qua.qui.dep.PackageManager] (build-18) ✔ Index html generation complete.
2023-01-13 21:58:39,504 INFO  [io.qua.qui.dep.PackageManager] (build-18) 
2023-01-13 21:58:39,505 INFO  [io.qua.qui.dep.PackageManager] (build-18) Initial Chunk Files           | Names         |  Raw Size | Estimated Transfer Size
2023-01-13 21:58:39,505 INFO  [io.qua.qui.dep.PackageManager] (build-18) main.6cc226e4b13736e7.js      | main          | 208.00 kB |                56.67 kB
2023-01-13 21:58:39,505 INFO  [io.qua.qui.dep.PackageManager] (build-18) polyfills.d97ff9b1ffef8c44.js | polyfills     |  33.02 kB |                10.64 kB
2023-01-13 21:58:39,505 INFO  [io.qua.qui.dep.PackageManager] (build-18) runtime.74c768d3725d01cd.js   | runtime       |   1.04 kB |               605 bytes
2023-01-13 21:58:39,506 INFO  [io.qua.qui.dep.PackageManager] (build-18) styles.ef46db3751d8e999.css   | styles        |   0 bytes |                       -
2023-01-13 21:58:39,506 INFO  [io.qua.qui.dep.PackageManager] (build-18) 
2023-01-13 21:58:39,506 INFO  [io.qua.qui.dep.PackageManager] (build-18) | Initial Total | 242.06 kB |                67.90 kB
2023-01-13 21:58:39,506 INFO  [io.qua.qui.dep.PackageManager] (build-18) 
2023-01-13 21:58:39,506 INFO  [io.qua.qui.dep.PackageManager] (build-18) Build at: 2023-01-13T21:58:39.502Z - Hash: 976cf98f9514da56 - Time: 11711ms
2023-01-13 21:58:39,567 INFO  [io.qua.qui.dep.QuinoaProcessor] (build-37) Quinoa Target directory: '/home/gabsko/breaking-updates/integration-tests/target/quinoa-build'
2023-01-13 21:58:39,568 INFO  [io.qua.qui.dep.QuinoaProcessor] (build-37) Quinoa generated resource: '/index.html'
2023-01-13 21:58:39,568 INFO  [io.qua.qui.dep.QuinoaProcessor] (build-37) Quinoa generated resource: '/styles.ef46db3751d8e999.css'
2023-01-13 21:58:39,569 INFO  [io.qua.qui.dep.QuinoaProcessor] (build-37) Quinoa generated resource: '/favicon.ico'
2023-01-13 21:58:39,569 INFO  [io.qua.qui.dep.QuinoaProcessor] (build-37) Quinoa generated resource: '/3rdpartylicenses.txt'
2023-01-13 21:58:39,569 INFO  [io.qua.qui.dep.QuinoaProcessor] (build-37) Quinoa generated resource: '/polyfills.d97ff9b1ffef8c44.js'
2023-01-13 21:58:39,569 INFO  [io.qua.qui.dep.QuinoaProcessor] (build-37) Quinoa generated resource: '/main.6cc226e4b13736e7.js'
2023-01-13 21:58:39,570 INFO  [io.qua.qui.dep.QuinoaProcessor] (build-37) Quinoa generated resource: '/runtime.74c768d3725d01cd.js'
[WARNING] Corrupted STDOUT by directly writing to native stream in forked JVM 1. See FAQ web page and the dump file /home/gabsko/breaking-updates/integration-tests/target/surefire-reports/2023-01-13T21-58-10_948-jvmRun1.dumpstream
2023-01-13 21:59:00,944 INFO  [io.quarkus] (main) quarkus-quinoa-integration-tests 1.0.0-SNAPSHOT on JVM (powered by Quarkus 2.8.2.Final) started in 45.278s. Listening on: http://localhost:8081
2023-01-13 21:59:00,945 INFO  [io.quarkus] (main) Profile angular activated. 
2023-01-13 21:59:00,945 INFO  [io.quarkus] (main) Installed features: [cdi, quinoa, resteasy-reactive, smallrye-context-propagation, vertx]
2023-01-13 21:59:01,456 INFO  [io.qua.qui.QuinoaUIResourceHandler] (vert.x-eventloop-thread-0) Quinoa is serving: '/'
2023-01-13 21:59:01,483 INFO  [io.qua.qui.QuinoaUIResourceHandler] (vert.x-eventloop-thread-0) Quinoa is serving: '/styles.ef46db3751d8e999.css'
2023-01-13 21:59:01,487 INFO  [io.qua.qui.QuinoaUIResourceHandler] (vert.x-eventloop-thread-0) Quinoa is serving: '/polyfills.d97ff9b1ffef8c44.js'
2023-01-13 21:59:01,488 INFO  [io.qua.qui.QuinoaUIResourceHandler] (vert.x-eventloop-thread-1) Quinoa is serving: '/runtime.74c768d3725d01cd.js'
2023-01-13 21:59:01,493 INFO  [io.qua.qui.QuinoaUIResourceHandler] (vert.x-eventloop-thread-1) Quinoa is serving: '/main.6cc226e4b13736e7.js'
[INFO] Tests run: 1, Failures: 0, Errors: 0, Skipped: 0, Time elapsed: 48.161 s - in io.quarkiverse.quinoa.it.QuinoaUIAngularTest
[INFO] Running io.quarkiverse.quinoa.it.QuinoaUILitTest
2023-01-13 21:59:01,768 INFO  [io.quarkus] (main) quarkus-quinoa-integration-tests stopped in 0.050s
2023-01-13 21:59:02,295 INFO  [io.qua.qui.dep.PackageManager] (build-16) Running Quinoa package manager install command: npm install
2023-01-13 21:59:03,972 INFO  [io.qua.qui.dep.PackageManager] (build-16) 
2023-01-13 21:59:03,973 INFO  [io.qua.qui.dep.PackageManager] (build-16) added 162 packages, and audited 163 packages in 1s
2023-01-13 21:59:03,973 INFO  [io.qua.qui.dep.PackageManager] (build-16) 
2023-01-13 21:59:03,973 INFO  [io.qua.qui.dep.PackageManager] (build-16) 26 packages are looking for funding
2023-01-13 21:59:03,973 INFO  [io.qua.qui.dep.PackageManager] (build-16)   run `npm fund` for details
2023-01-13 21:59:03,975 INFO  [io.qua.qui.dep.PackageManager] (build-16) 
2023-01-13 21:59:03,976 INFO  [io.qua.qui.dep.PackageManager] (build-16) 1 high severity vulnerability
2023-01-13 21:59:03,976 INFO  [io.qua.qui.dep.PackageManager] (build-16) 
2023-01-13 21:59:03,976 INFO  [io.qua.qui.dep.PackageManager] (build-16) To address all issues, run:
2023-01-13 21:59:03,976 INFO  [io.qua.qui.dep.PackageManager] (build-16)   npm audit fix
2023-01-13 21:59:03,976 INFO  [io.qua.qui.dep.PackageManager] (build-16) 
2023-01-13 21:59:03,976 INFO  [io.qua.qui.dep.PackageManager] (build-16) Run `npm audit` for details.
2023-01-13 21:59:04,001 INFO  [io.qua.qui.dep.PackageManager] (build-31) Running Quinoa package manager build command: npm run build
2023-01-13 21:59:04,253 INFO  [io.qua.qui.dep.PackageManager] (build-31) 
2023-01-13 21:59:04,253 INFO  [io.qua.qui.dep.PackageManager] (build-31) > quinoa-app@0.0.0 build
2023-01-13 21:59:04,253 INFO  [io.qua.qui.dep.PackageManager] (build-31) > if [[ $MODE == "dev" ]]; then webpack --mode=development; else webpack --mode=production; fi
2023-01-13 21:59:04,253 INFO  [io.qua.qui.dep.PackageManager] (build-31) 
2023-01-13 21:59:04,258 INFO  [io.qua.qui.dep.PackageManager] (build-31) sh: 1: [[: not found
2023-01-13 21:59:05,391 INFO  [io.qua.qui.dep.PackageManager] (build-31) asset simple-greeting.js 15.7 KiB [emitted] [minimized] (name: main) 1 related asset
2023-01-13 21:59:05,392 INFO  [io.qua.qui.dep.PackageManager] (build-31) asset favicon.ico 15 KiB [emitted] [from: public/favicon.ico] [copied]
2023-01-13 21:59:05,392 INFO  [io.qua.qui.dep.PackageManager] (build-31) asset index.html 381 bytes [emitted] [from: public/index.html] [copied]
2023-01-13 21:59:05,392 INFO  [io.qua.qui.dep.PackageManager] (build-31) orphan modules 16.7 KiB [orphan] 5 modules
2023-01-13 21:59:05,392 INFO  [io.qua.qui.dep.PackageManager] (build-31) ./src/simple-greeting.js + 5 modules 17.3 KiB [built] [code generated]
2023-01-13 21:59:05,392 INFO  [io.qua.qui.dep.PackageManager] (build-31) webpack 5.70.0 compiled successfully in 608 ms
2023-01-13 21:59:05,408 INFO  [io.qua.qui.dep.QuinoaProcessor] (build-16) Quinoa Target directory: '/home/gabsko/breaking-updates/integration-tests/target/quinoa-build'
2023-01-13 21:59:05,409 INFO  [io.qua.qui.dep.QuinoaProcessor] (build-16) Quinoa generated resource: '/index.html'
2023-01-13 21:59:05,409 INFO  [io.qua.qui.dep.QuinoaProcessor] (build-16) Quinoa generated resource: '/favicon.ico'
2023-01-13 21:59:05,409 INFO  [io.qua.qui.dep.QuinoaProcessor] (build-16) Quinoa generated resource: '/simple-greeting.js'
2023-01-13 21:59:05,410 INFO  [io.qua.qui.dep.QuinoaProcessor] (build-16) Quinoa generated resource: '/simple-greeting.js.LICENSE.txt'
2023-01-13 21:59:07,006 INFO  [io.quarkus] (main) quarkus-quinoa-integration-tests 1.0.0-SNAPSHOT on JVM (powered by Quarkus 2.8.2.Final) started in 5.014s. Listening on: http://localhost:8081
2023-01-13 21:59:07,006 INFO  [io.quarkus] (main) Profile lit activated. 
2023-01-13 21:59:07,006 INFO  [io.quarkus] (main) Installed features: [cdi, quinoa, resteasy-reactive, smallrye-context-propagation, vertx]
2023-01-13 21:59:07,169 INFO  [io.qua.qui.QuinoaUIResourceHandler] (vert.x-eventloop-thread-0) Quinoa is serving: '/index.html'
2023-01-13 21:59:07,192 INFO  [io.qua.qui.QuinoaUIResourceHandler] (vert.x-eventloop-thread-0) Quinoa is serving: '/simple-greeting.js'
[INFO] Tests run: 1, Failures: 0, Errors: 0, Skipped: 0, Time elapsed: 5.531 s - in io.quarkiverse.quinoa.it.QuinoaUILitTest
[INFO] Running io.quarkiverse.quinoa.it.QuinoaUIVueTest
2023-01-13 21:59:07,325 INFO  [io.quarkus] (main) quarkus-quinoa-integration-tests stopped in 0.042s
2023-01-13 21:59:07,806 INFO  [io.qua.qui.dep.PackageManager] (build-15) Running Quinoa package manager install command: yarn install
[ERROR] Tests run: 1, Failures: 0, Errors: 1, Skipped: 0, Time elapsed: 0.591 s <<< FAILURE! - in io.quarkiverse.quinoa.it.QuinoaUIVueTest
[ERROR] testUIIndex  Time elapsed: 0.009 s  <<< ERROR!
java.lang.RuntimeException: 
java.lang.RuntimeException: io.quarkus.builder.BuildException: Build failure: Build failed due to errors
	[error]: Build step io.quarkiverse.quinoa.deployment.QuinoaProcessor#prepareQuinoaDirectory threw an exception: java.lang.RuntimeException: Input/Output error while executing command.
	at io.quarkiverse.quinoa.deployment.PackageManager.exec(PackageManager.java:191)
	at io.quarkiverse.quinoa.deployment.PackageManager.install(PackageManager.java:49)
	at io.quarkiverse.quinoa.deployment.QuinoaProcessor.prepareQuinoaDirectory(QuinoaProcessor.java:91)
	at java.base/jdk.internal.reflect.NativeMethodAccessorImpl.invoke0(Native Method)
	at java.base/jdk.internal.reflect.NativeMethodAccessorImpl.invoke(NativeMethodAccessorImpl.java:62)
	at java.base/jdk.internal.reflect.DelegatingMethodAccessorImpl.invoke(DelegatingMethodAccessorImpl.java:43)
	at java.base/java.lang.reflect.Method.invoke(Method.java:566)
	at io.quarkus.deployment.ExtensionLoader$3.execute(ExtensionLoader.java:925)
	at io.quarkus.builder.BuildContext.run(BuildContext.java:277)
	at org.jboss.threads.ContextHandler$1.runWith(ContextHandler.java:18)
	at org.jboss.threads.EnhancedQueueExecutor$Task.run(EnhancedQueueExecutor.java:2449)
	at org.jboss.threads.EnhancedQueueExecutor$ThreadBody.run(EnhancedQueueExecutor.java:1478)
	at java.base/java.lang.Thread.run(Thread.java:829)
	at org.jboss.threads.JBossThread.run(JBossThread.java:501)
Caused by: java.io.IOException: Cannot run program "yarn" (in directory "/home/gabsko/breaking-updates/integration-tests/src/main/ui-vue"): error=2, No such file or directory
	at java.base/java.lang.ProcessBuilder.start(ProcessBuilder.java:1128)
	at java.base/java.lang.ProcessBuilder.start(ProcessBuilder.java:1071)
	at io.quarkiverse.quinoa.deployment.PackageManager.exec(PackageManager.java:187)
	... 13 more
Caused by: java.io.IOException: error=2, No such file or directory
	at java.base/java.lang.ProcessImpl.forkAndExec(Native Method)
	at java.base/java.lang.ProcessImpl.<init>(ProcessImpl.java:340)
	at java.base/java.lang.ProcessImpl.start(ProcessImpl.java:271)
	at java.base/java.lang.ProcessBuilder.start(ProcessBuilder.java:1107)
	... 15 more

	at io.quarkus.test.junit.QuarkusTestExtension.throwBootFailureException(QuarkusTestExtension.java:632)
	at io.quarkus.test.junit.QuarkusTestExtension.interceptTestClassConstructor(QuarkusTestExtension.java:703)
	at org.junit.jupiter.engine.execution.ExecutableInvoker.lambda$invoke$0(ExecutableInvoker.java:105)
	at org.junit.jupiter.engine.execution.InvocationInterceptorChain$InterceptedInvocation.proceed(InvocationInterceptorChain.java:106)
	at org.junit.jupiter.api.extension.InvocationInterceptor.interceptTestClassConstructor(InvocationInterceptor.java:73)
	at org.junit.jupiter.engine.execution.ExecutableInvoker.lambda$invoke$0(ExecutableInvoker.java:105)
	at org.junit.jupiter.engine.execution.InvocationInterceptorChain$InterceptedInvocation.proceed(InvocationInterceptorChain.java:106)
	at org.junit.jupiter.engine.execution.InvocationInterceptorChain.proceed(InvocationInterceptorChain.java:64)
	at org.junit.jupiter.engine.execution.InvocationInterceptorChain.chainAndInvoke(InvocationInterceptorChain.java:45)
	at org.junit.jupiter.engine.execution.InvocationInterceptorChain.invoke(InvocationInterceptorChain.java:37)
	at org.junit.jupiter.engine.execution.ExecutableInvoker.invoke(ExecutableInvoker.java:104)
	at org.junit.jupiter.engine.execution.ExecutableInvoker.invoke(ExecutableInvoker.java:77)
	at org.junit.jupiter.engine.descriptor.ClassBasedTestDescriptor.invokeTestClassConstructor(ClassBasedTestDescriptor.java:355)
	at org.junit.jupiter.engine.descriptor.ClassBasedTestDescriptor.instantiateTestClass(ClassBasedTestDescriptor.java:302)
	at org.junit.jupiter.engine.descriptor.ClassTestDescriptor.instantiateTestClass(ClassTestDescriptor.java:79)
	at org.junit.jupiter.engine.descriptor.ClassBasedTestDescriptor.instantiateAndPostProcessTestInstance(ClassBasedTestDescriptor.java:280)
	at org.junit.jupiter.engine.descriptor.ClassBasedTestDescriptor.lambda$testInstancesProvider$4(ClassBasedTestDescriptor.java:272)
	at java.base/java.util.Optional.orElseGet(Optional.java:369)
	at org.junit.jupiter.engine.descriptor.ClassBasedTestDescriptor.lambda$testInstancesProvider$5(ClassBasedTestDescriptor.java:271)
	at org.junit.jupiter.engine.execution.TestInstancesProvider.getTestInstances(TestInstancesProvider.java:31)
	at org.junit.jupiter.engine.descriptor.TestMethodTestDescriptor.lambda$prepare$0(TestMethodTestDescriptor.java:102)
	at org.junit.platform.engine.support.hierarchical.ThrowableCollector.execute(ThrowableCollector.java:73)
	at org.junit.jupiter.engine.descriptor.TestMethodTestDescriptor.prepare(TestMethodTestDescriptor.java:101)
	at org.junit.jupiter.engine.descriptor.TestMethodTestDescriptor.prepare(TestMethodTestDescriptor.java:66)
	at org.junit.platform.engine.support.hierarchical.NodeTestTask.lambda$prepare$2(NodeTestTask.java:123)
	at org.junit.platform.engine.support.hierarchical.ThrowableCollector.execute(ThrowableCollector.java:73)
	at org.junit.platform.engine.support.hierarchical.NodeTestTask.prepare(NodeTestTask.java:123)
	at org.junit.platform.engine.support.hierarchical.NodeTestTask.execute(NodeTestTask.java:90)
	at java.base/java.util.ArrayList.forEach(ArrayList.java:1541)
	at org.junit.platform.engine.support.hierarchical.SameThreadHierarchicalTestExecutorService.invokeAll(SameThreadHierarchicalTestExecutorService.java:41)
	at org.junit.platform.engine.support.hierarchical.NodeTestTask.lambda$executeRecursively$6(NodeTestTask.java:155)
	at org.junit.platform.engine.support.hierarchical.ThrowableCollector.execute(ThrowableCollector.java:73)
	at org.junit.platform.engine.support.hierarchical.NodeTestTask.lambda$executeRecursively$8(NodeTestTask.java:141)
	at org.junit.platform.engine.support.hierarchical.Node.around(Node.java:137)
	at org.junit.platform.engine.support.hierarchical.NodeTestTask.lambda$executeRecursively$9(NodeTestTask.java:139)
	at org.junit.platform.engine.support.hierarchical.ThrowableCollector.execute(ThrowableCollector.java:73)
	at org.junit.platform.engine.support.hierarchical.NodeTestTask.executeRecursively(NodeTestTask.java:138)
	at org.junit.platform.engine.support.hierarchical.NodeTestTask.execute(NodeTestTask.java:95)
	at java.base/java.util.ArrayList.forEach(ArrayList.java:1541)
	at org.junit.platform.engine.support.hierarchical.SameThreadHierarchicalTestExecutorService.invokeAll(SameThreadHierarchicalTestExecutorService.java:41)
	at org.junit.platform.engine.support.hierarchical.NodeTestTask.lambda$executeRecursively$6(NodeTestTask.java:155)
	at org.junit.platform.engine.support.hierarchical.ThrowableCollector.execute(ThrowableCollector.java:73)
	at org.junit.platform.engine.support.hierarchical.NodeTestTask.lambda$executeRecursively$8(NodeTestTask.java:141)
	at org.junit.platform.engine.support.hierarchical.Node.around(Node.java:137)
	at org.junit.platform.engine.support.hierarchical.NodeTestTask.lambda$executeRecursively$9(NodeTestTask.java:139)
	at org.junit.platform.engine.support.hierarchical.ThrowableCollector.execute(ThrowableCollector.java:73)
	at org.junit.platform.engine.support.hierarchical.NodeTestTask.executeRecursively(NodeTestTask.java:138)
	at org.junit.platform.engine.support.hierarchical.NodeTestTask.execute(NodeTestTask.java:95)
	at org.junit.platform.engine.support.hierarchical.SameThreadHierarchicalTestExecutorService.submit(SameThreadHierarchicalTestExecutorService.java:35)
	at org.junit.platform.engine.support.hierarchical.HierarchicalTestExecutor.execute(HierarchicalTestExecutor.java:57)
	at org.junit.platform.engine.support.hierarchical.HierarchicalTestEngine.execute(HierarchicalTestEngine.java:54)
	at org.junit.platform.launcher.core.EngineExecutionOrchestrator.execute(EngineExecutionOrchestrator.java:107)
	at org.junit.platform.launcher.core.EngineExecutionOrchestrator.execute(EngineExecutionOrchestrator.java:88)
	at org.junit.platform.launcher.core.EngineExecutionOrchestrator.lambda$execute$0(EngineExecutionOrchestrator.java:54)
	at org.junit.platform.launcher.core.EngineExecutionOrchestrator.withInterceptedStreams(EngineExecutionOrchestrator.java:67)
	at org.junit.platform.launcher.core.EngineExecutionOrchestrator.execute(EngineExecutionOrchestrator.java:52)
	at org.junit.platform.launcher.core.DefaultLauncher.execute(DefaultLauncher.java:114)
	at org.junit.platform.launcher.core.DefaultLauncher.execute(DefaultLauncher.java:86)
	at org.junit.platform.launcher.core.DefaultLauncherSession$DelegatingLauncher.execute(DefaultLauncherSession.java:86)
	at org.junit.platform.launcher.core.SessionPerRequestLauncher.execute(SessionPerRequestLauncher.java:53)
	at org.apache.maven.surefire.junitplatform.JUnitPlatformProvider.invokeAllTests(JUnitPlatformProvider.java:150)
	at org.apache.maven.surefire.junitplatform.JUnitPlatformProvider.invoke(JUnitPlatformProvider.java:124)
	at org.apache.maven.surefire.booter.ForkedBooter.invokeProviderInSameClassLoader(ForkedBooter.java:384)
	at org.apache.maven.surefire.booter.ForkedBooter.runSuitesInProcess(ForkedBooter.java:345)
	at org.apache.maven.surefire.booter.ForkedBooter.execute(ForkedBooter.java:126)
	at org.apache.maven.surefire.booter.ForkedBooter.main(ForkedBooter.java:418)
Caused by: java.lang.RuntimeException: io.quarkus.builder.BuildException: Build failure: Build failed due to errors
	[error]: Build step io.quarkiverse.quinoa.deployment.QuinoaProcessor#prepareQuinoaDirectory threw an exception: java.lang.RuntimeException: Input/Output error while executing command.
	at io.quarkiverse.quinoa.deployment.PackageManager.exec(PackageManager.java:191)
	at io.quarkiverse.quinoa.deployment.PackageManager.install(PackageManager.java:49)
	at io.quarkiverse.quinoa.deployment.QuinoaProcessor.prepareQuinoaDirectory(QuinoaProcessor.java:91)
	at java.base/jdk.internal.reflect.NativeMethodAccessorImpl.invoke0(Native Method)
	at java.base/jdk.internal.reflect.NativeMethodAccessorImpl.invoke(NativeMethodAccessorImpl.java:62)
	at java.base/jdk.internal.reflect.DelegatingMethodAccessorImpl.invoke(DelegatingMethodAccessorImpl.java:43)
	at java.base/java.lang.reflect.Method.invoke(Method.java:566)
	at io.quarkus.deployment.ExtensionLoader$3.execute(ExtensionLoader.java:925)
	at io.quarkus.builder.BuildContext.run(BuildContext.java:277)
	at org.jboss.threads.ContextHandler$1.runWith(ContextHandler.java:18)
	at org.jboss.threads.EnhancedQueueExecutor$Task.run(EnhancedQueueExecutor.java:2449)
	at org.jboss.threads.EnhancedQueueExecutor$ThreadBody.run(EnhancedQueueExecutor.java:1478)
	at java.base/java.lang.Thread.run(Thread.java:829)
	at org.jboss.threads.JBossThread.run(JBossThread.java:501)
Caused by: java.io.IOException: Cannot run program "yarn" (in directory "/home/gabsko/breaking-updates/integration-tests/src/main/ui-vue"): error=2, No such file or directory
	at java.base/java.lang.ProcessBuilder.start(ProcessBuilder.java:1128)
	at java.base/java.lang.ProcessBuilder.start(ProcessBuilder.java:1071)
	at io.quarkiverse.quinoa.deployment.PackageManager.exec(PackageManager.java:187)
	... 13 more
Caused by: java.io.IOException: error=2, No such file or directory
	at java.base/java.lang.ProcessImpl.forkAndExec(Native Method)
	at java.base/java.lang.ProcessImpl.<init>(ProcessImpl.java:340)
	at java.base/java.lang.ProcessImpl.start(ProcessImpl.java:271)
	at java.base/java.lang.ProcessBuilder.start(ProcessBuilder.java:1107)
	... 15 more

	at io.quarkus.runner.bootstrap.AugmentActionImpl.runAugment(AugmentActionImpl.java:330)
	at io.quarkus.runner.bootstrap.AugmentActionImpl.createInitialRuntimeApplication(AugmentActionImpl.java:252)
	at io.quarkus.runner.bootstrap.AugmentActionImpl.createInitialRuntimeApplication(AugmentActionImpl.java:60)
	at io.quarkus.test.junit.QuarkusTestExtension.doJavaStart(QuarkusTestExtension.java:225)
	at io.quarkus.test.junit.QuarkusTestExtension.ensureStarted(QuarkusTestExtension.java:609)
	at io.quarkus.test.junit.QuarkusTestExtension.beforeAll(QuarkusTestExtension.java:647)
	at org.junit.jupiter.engine.descriptor.ClassBasedTestDescriptor.lambda$invokeBeforeAllCallbacks$10(ClassBasedTestDescriptor.java:381)
	at org.junit.platform.engine.support.hierarchical.ThrowableCollector.execute(ThrowableCollector.java:73)
	at org.junit.jupiter.engine.descriptor.ClassBasedTestDescriptor.invokeBeforeAllCallbacks(ClassBasedTestDescriptor.java:381)
	at org.junit.jupiter.engine.descriptor.ClassBasedTestDescriptor.before(ClassBasedTestDescriptor.java:205)
	at org.junit.jupiter.engine.descriptor.ClassBasedTestDescriptor.before(ClassBasedTestDescriptor.java:80)
	at org.junit.platform.engine.support.hierarchical.NodeTestTask.lambda$executeRecursively$6(NodeTestTask.java:148)
	... 35 more
Caused by: io.quarkus.builder.BuildException: Build failure: Build failed due to errors
	[error]: Build step io.quarkiverse.quinoa.deployment.QuinoaProcessor#prepareQuinoaDirectory threw an exception: java.lang.RuntimeException: Input/Output error while executing command.
	at io.quarkiverse.quinoa.deployment.PackageManager.exec(PackageManager.java:191)
	at io.quarkiverse.quinoa.deployment.PackageManager.install(PackageManager.java:49)
	at io.quarkiverse.quinoa.deployment.QuinoaProcessor.prepareQuinoaDirectory(QuinoaProcessor.java:91)
	at java.base/jdk.internal.reflect.NativeMethodAccessorImpl.invoke0(Native Method)
	at java.base/jdk.internal.reflect.NativeMethodAccessorImpl.invoke(NativeMethodAccessorImpl.java:62)
	at java.base/jdk.internal.reflect.DelegatingMethodAccessorImpl.invoke(DelegatingMethodAccessorImpl.java:43)
	at java.base/java.lang.reflect.Method.invoke(Method.java:566)
	at io.quarkus.deployment.ExtensionLoader$3.execute(ExtensionLoader.java:925)
	at io.quarkus.builder.BuildContext.run(BuildContext.java:277)
	at org.jboss.threads.ContextHandler$1.runWith(ContextHandler.java:18)
	at org.jboss.threads.EnhancedQueueExecutor$Task.run(EnhancedQueueExecutor.java:2449)
	at org.jboss.threads.EnhancedQueueExecutor$ThreadBody.run(EnhancedQueueExecutor.java:1478)
	at java.base/java.lang.Thread.run(Thread.java:829)
	at org.jboss.threads.JBossThread.run(JBossThread.java:501)
Caused by: java.io.IOException: Cannot run program "yarn" (in directory "/home/gabsko/breaking-updates/integration-tests/src/main/ui-vue"): error=2, No such file or directory
	at java.base/java.lang.ProcessBuilder.start(ProcessBuilder.java:1128)
	at java.base/java.lang.ProcessBuilder.start(ProcessBuilder.java:1071)
	at io.quarkiverse.quinoa.deployment.PackageManager.exec(PackageManager.java:187)
	... 13 more
Caused by: java.io.IOException: error=2, No such file or directory
	at java.base/java.lang.ProcessImpl.forkAndExec(Native Method)
	at java.base/java.lang.ProcessImpl.<init>(ProcessImpl.java:340)
	at java.base/java.lang.ProcessImpl.start(ProcessImpl.java:271)
	at java.base/java.lang.ProcessBuilder.start(ProcessBuilder.java:1107)
	... 15 more

	at io.quarkus.builder.Execution.run(Execution.java:116)
	at io.quarkus.builder.BuildExecutionBuilder.execute(BuildExecutionBuilder.java:79)
	at io.quarkus.deployment.QuarkusAugmentor.run(QuarkusAugmentor.java:157)
	at io.quarkus.runner.bootstrap.AugmentActionImpl.runAugment(AugmentActionImpl.java:328)
	... 46 more
Caused by: java.lang.RuntimeException: Input/Output error while executing command.
	at io.quarkiverse.quinoa.deployment.PackageManager.exec(PackageManager.java:191)
	at io.quarkiverse.quinoa.deployment.PackageManager.install(PackageManager.java:49)
	at io.quarkiverse.quinoa.deployment.QuinoaProcessor.prepareQuinoaDirectory(QuinoaProcessor.java:91)
	at java.base/jdk.internal.reflect.NativeMethodAccessorImpl.invoke0(Native Method)
	at java.base/jdk.internal.reflect.NativeMethodAccessorImpl.invoke(NativeMethodAccessorImpl.java:62)
	at java.base/jdk.internal.reflect.DelegatingMethodAccessorImpl.invoke(DelegatingMethodAccessorImpl.java:43)
	at java.base/java.lang.reflect.Method.invoke(Method.java:566)
	at io.quarkus.deployment.ExtensionLoader$3.execute(ExtensionLoader.java:925)
	at io.quarkus.builder.BuildContext.run(BuildContext.java:277)
	at org.jboss.threads.ContextHandler$1.runWith(ContextHandler.java:18)
	at org.jboss.threads.EnhancedQueueExecutor$Task.run(EnhancedQueueExecutor.java:2449)
	at org.jboss.threads.EnhancedQueueExecutor$ThreadBody.run(EnhancedQueueExecutor.java:1478)
	at java.base/java.lang.Thread.run(Thread.java:829)
	at org.jboss.threads.JBossThread.run(JBossThread.java:501)
Caused by: java.io.IOException: Cannot run program "yarn" (in directory "/home/gabsko/breaking-updates/integration-tests/src/main/ui-vue"): error=2, No such file or directory
	at java.base/java.lang.ProcessBuilder.start(ProcessBuilder.java:1128)
	at java.base/java.lang.ProcessBuilder.start(ProcessBuilder.java:1071)
	at io.quarkiverse.quinoa.deployment.PackageManager.exec(PackageManager.java:187)
	... 13 more
Caused by: java.io.IOException: error=2, No such file or directory
	at java.base/java.lang.ProcessImpl.forkAndExec(Native Method)
	at java.base/java.lang.ProcessImpl.<init>(ProcessImpl.java:340)
	at java.base/java.lang.ProcessImpl.start(ProcessImpl.java:271)
	at java.base/java.lang.ProcessBuilder.start(ProcessBuilder.java:1107)
	... 15 more

[INFO] Running io.quarkiverse.quinoa.it.QuinoaUIYarnTest
2023-01-13 21:59:08,254 INFO  [org.jbo.threads] (main) JBoss Threads version 3.4.2.Final
2023-01-13 21:59:08,281 INFO  [io.qua.qui.dep.PackageManager] (build-10) Running Quinoa package manager install command: yarn install
[ERROR] Tests run: 1, Failures: 0, Errors: 1, Skipped: 0, Time elapsed: 0.433 s <<< FAILURE! - in io.quarkiverse.quinoa.it.QuinoaUIYarnTest
[ERROR] testUIIndex  Time elapsed: 0.005 s  <<< ERROR!
java.lang.RuntimeException: 
java.lang.RuntimeException: io.quarkus.builder.BuildException: Build failure: Build failed due to errors
	[error]: Build step io.quarkiverse.quinoa.deployment.QuinoaProcessor#prepareQuinoaDirectory threw an exception: java.lang.RuntimeException: Input/Output error while executing command.
	at io.quarkiverse.quinoa.deployment.PackageManager.exec(PackageManager.java:191)
	at io.quarkiverse.quinoa.deployment.PackageManager.install(PackageManager.java:49)
	at io.quarkiverse.quinoa.deployment.QuinoaProcessor.prepareQuinoaDirectory(QuinoaProcessor.java:91)
	at java.base/jdk.internal.reflect.NativeMethodAccessorImpl.invoke0(Native Method)
	at java.base/jdk.internal.reflect.NativeMethodAccessorImpl.invoke(NativeMethodAccessorImpl.java:62)
	at java.base/jdk.internal.reflect.DelegatingMethodAccessorImpl.invoke(DelegatingMethodAccessorImpl.java:43)
	at java.base/java.lang.reflect.Method.invoke(Method.java:566)
	at io.quarkus.deployment.ExtensionLoader$3.execute(ExtensionLoader.java:925)
	at io.quarkus.builder.BuildContext.run(BuildContext.java:277)
	at org.jboss.threads.ContextHandler$1.runWith(ContextHandler.java:18)
	at org.jboss.threads.EnhancedQueueExecutor$Task.run(EnhancedQueueExecutor.java:2449)
	at org.jboss.threads.EnhancedQueueExecutor$ThreadBody.run(EnhancedQueueExecutor.java:1478)
	at java.base/java.lang.Thread.run(Thread.java:829)
	at org.jboss.threads.JBossThread.run(JBossThread.java:501)
Caused by: java.io.IOException: Cannot run program "yarn" (in directory "/home/gabsko/breaking-updates/integration-tests/src/main/ui-react"): error=2, No such file or directory
	at java.base/java.lang.ProcessBuilder.start(ProcessBuilder.java:1128)
	at java.base/java.lang.ProcessBuilder.start(ProcessBuilder.java:1071)
	at io.quarkiverse.quinoa.deployment.PackageManager.exec(PackageManager.java:187)
	... 13 more
Caused by: java.io.IOException: error=2, No such file or directory
	at java.base/java.lang.ProcessImpl.forkAndExec(Native Method)
	at java.base/java.lang.ProcessImpl.<init>(ProcessImpl.java:340)
	at java.base/java.lang.ProcessImpl.start(ProcessImpl.java:271)
	at java.base/java.lang.ProcessBuilder.start(ProcessBuilder.java:1107)
	... 15 more

	at io.quarkus.test.junit.QuarkusTestExtension.throwBootFailureException(QuarkusTestExtension.java:632)
	at io.quarkus.test.junit.QuarkusTestExtension.interceptTestClassConstructor(QuarkusTestExtension.java:703)
	at org.junit.jupiter.engine.execution.ExecutableInvoker.lambda$invoke$0(ExecutableInvoker.java:105)
	at org.junit.jupiter.engine.execution.InvocationInterceptorChain$InterceptedInvocation.proceed(InvocationInterceptorChain.java:106)
	at org.junit.jupiter.api.extension.InvocationInterceptor.interceptTestClassConstructor(InvocationInterceptor.java:73)
	at org.junit.jupiter.engine.execution.ExecutableInvoker.lambda$invoke$0(ExecutableInvoker.java:105)
	at org.junit.jupiter.engine.execution.InvocationInterceptorChain$InterceptedInvocation.proceed(InvocationInterceptorChain.java:106)
	at org.junit.jupiter.engine.execution.InvocationInterceptorChain.proceed(InvocationInterceptorChain.java:64)
	at org.junit.jupiter.engine.execution.InvocationInterceptorChain.chainAndInvoke(InvocationInterceptorChain.java:45)
	at org.junit.jupiter.engine.execution.InvocationInterceptorChain.invoke(InvocationInterceptorChain.java:37)
	at org.junit.jupiter.engine.execution.ExecutableInvoker.invoke(ExecutableInvoker.java:104)
	at org.junit.jupiter.engine.execution.ExecutableInvoker.invoke(ExecutableInvoker.java:77)
	at org.junit.jupiter.engine.descriptor.ClassBasedTestDescriptor.invokeTestClassConstructor(ClassBasedTestDescriptor.java:355)
	at org.junit.jupiter.engine.descriptor.ClassBasedTestDescriptor.instantiateTestClass(ClassBasedTestDescriptor.java:302)
	at org.junit.jupiter.engine.descriptor.ClassTestDescriptor.instantiateTestClass(ClassTestDescriptor.java:79)
	at org.junit.jupiter.engine.descriptor.ClassBasedTestDescriptor.instantiateAndPostProcessTestInstance(ClassBasedTestDescriptor.java:280)
	at org.junit.jupiter.engine.descriptor.ClassBasedTestDescriptor.lambda$testInstancesProvider$4(ClassBasedTestDescriptor.java:272)
	at java.base/java.util.Optional.orElseGet(Optional.java:369)
	at org.junit.jupiter.engine.descriptor.ClassBasedTestDescriptor.lambda$testInstancesProvider$5(ClassBasedTestDescriptor.java:271)
	at org.junit.jupiter.engine.execution.TestInstancesProvider.getTestInstances(TestInstancesProvider.java:31)
	at org.junit.jupiter.engine.descriptor.TestMethodTestDescriptor.lambda$prepare$0(TestMethodTestDescriptor.java:102)
	at org.junit.platform.engine.support.hierarchical.ThrowableCollector.execute(ThrowableCollector.java:73)
	at org.junit.jupiter.engine.descriptor.TestMethodTestDescriptor.prepare(TestMethodTestDescriptor.java:101)
	at org.junit.jupiter.engine.descriptor.TestMethodTestDescriptor.prepare(TestMethodTestDescriptor.java:66)
	at org.junit.platform.engine.support.hierarchical.NodeTestTask.lambda$prepare$2(NodeTestTask.java:123)
	at org.junit.platform.engine.support.hierarchical.ThrowableCollector.execute(ThrowableCollector.java:73)
	at org.junit.platform.engine.support.hierarchical.NodeTestTask.prepare(NodeTestTask.java:123)
	at org.junit.platform.engine.support.hierarchical.NodeTestTask.execute(NodeTestTask.java:90)
	at java.base/java.util.ArrayList.forEach(ArrayList.java:1541)
	at org.junit.platform.engine.support.hierarchical.SameThreadHierarchicalTestExecutorService.invokeAll(SameThreadHierarchicalTestExecutorService.java:41)
	at org.junit.platform.engine.support.hierarchical.NodeTestTask.lambda$executeRecursively$6(NodeTestTask.java:155)
	at org.junit.platform.engine.support.hierarchical.ThrowableCollector.execute(ThrowableCollector.java:73)
	at org.junit.platform.engine.support.hierarchical.NodeTestTask.lambda$executeRecursively$8(NodeTestTask.java:141)
	at org.junit.platform.engine.support.hierarchical.Node.around(Node.java:137)
	at org.junit.platform.engine.support.hierarchical.NodeTestTask.lambda$executeRecursively$9(NodeTestTask.java:139)
	at org.junit.platform.engine.support.hierarchical.ThrowableCollector.execute(ThrowableCollector.java:73)
	at org.junit.platform.engine.support.hierarchical.NodeTestTask.executeRecursively(NodeTestTask.java:138)
	at org.junit.platform.engine.support.hierarchical.NodeTestTask.execute(NodeTestTask.java:95)
	at java.base/java.util.ArrayList.forEach(ArrayList.java:1541)
	at org.junit.platform.engine.support.hierarchical.SameThreadHierarchicalTestExecutorService.invokeAll(SameThreadHierarchicalTestExecutorService.java:41)
	at org.junit.platform.engine.support.hierarchical.NodeTestTask.lambda$executeRecursively$6(NodeTestTask.java:155)
	at org.junit.platform.engine.support.hierarchical.ThrowableCollector.execute(ThrowableCollector.java:73)
	at org.junit.platform.engine.support.hierarchical.NodeTestTask.lambda$executeRecursively$8(NodeTestTask.java:141)
	at org.junit.platform.engine.support.hierarchical.Node.around(Node.java:137)
	at org.junit.platform.engine.support.hierarchical.NodeTestTask.lambda$executeRecursively$9(NodeTestTask.java:139)
	at org.junit.platform.engine.support.hierarchical.ThrowableCollector.execute(ThrowableCollector.java:73)
	at org.junit.platform.engine.support.hierarchical.NodeTestTask.executeRecursively(NodeTestTask.java:138)
	at org.junit.platform.engine.support.hierarchical.NodeTestTask.execute(NodeTestTask.java:95)
	at org.junit.platform.engine.support.hierarchical.SameThreadHierarchicalTestExecutorService.submit(SameThreadHierarchicalTestExecutorService.java:35)
	at org.junit.platform.engine.support.hierarchical.HierarchicalTestExecutor.execute(HierarchicalTestExecutor.java:57)
	at org.junit.platform.engine.support.hierarchical.HierarchicalTestEngine.execute(HierarchicalTestEngine.java:54)
	at org.junit.platform.launcher.core.EngineExecutionOrchestrator.execute(EngineExecutionOrchestrator.java:107)
	at org.junit.platform.launcher.core.EngineExecutionOrchestrator.execute(EngineExecutionOrchestrator.java:88)
	at org.junit.platform.launcher.core.EngineExecutionOrchestrator.lambda$execute$0(EngineExecutionOrchestrator.java:54)
	at org.junit.platform.launcher.core.EngineExecutionOrchestrator.withInterceptedStreams(EngineExecutionOrchestrator.java:67)
	at org.junit.platform.launcher.core.EngineExecutionOrchestrator.execute(EngineExecutionOrchestrator.java:52)
	at org.junit.platform.launcher.core.DefaultLauncher.execute(DefaultLauncher.java:114)
	at org.junit.platform.launcher.core.DefaultLauncher.execute(DefaultLauncher.java:86)
	at org.junit.platform.launcher.core.DefaultLauncherSession$DelegatingLauncher.execute(DefaultLauncherSession.java:86)
	at org.junit.platform.launcher.core.SessionPerRequestLauncher.execute(SessionPerRequestLauncher.java:53)
	at org.apache.maven.surefire.junitplatform.JUnitPlatformProvider.invokeAllTests(JUnitPlatformProvider.java:150)
	at org.apache.maven.surefire.junitplatform.JUnitPlatformProvider.invoke(JUnitPlatformProvider.java:124)
	at org.apache.maven.surefire.booter.ForkedBooter.invokeProviderInSameClassLoader(ForkedBooter.java:384)
	at org.apache.maven.surefire.booter.ForkedBooter.runSuitesInProcess(ForkedBooter.java:345)
	at org.apache.maven.surefire.booter.ForkedBooter.execute(ForkedBooter.java:126)
	at org.apache.maven.surefire.booter.ForkedBooter.main(ForkedBooter.java:418)
Caused by: java.lang.RuntimeException: io.quarkus.builder.BuildException: Build failure: Build failed due to errors
	[error]: Build step io.quarkiverse.quinoa.deployment.QuinoaProcessor#prepareQuinoaDirectory threw an exception: java.lang.RuntimeException: Input/Output error while executing command.
	at io.quarkiverse.quinoa.deployment.PackageManager.exec(PackageManager.java:191)
	at io.quarkiverse.quinoa.deployment.PackageManager.install(PackageManager.java:49)
	at io.quarkiverse.quinoa.deployment.QuinoaProcessor.prepareQuinoaDirectory(QuinoaProcessor.java:91)
	at java.base/jdk.internal.reflect.NativeMethodAccessorImpl.invoke0(Native Method)
	at java.base/jdk.internal.reflect.NativeMethodAccessorImpl.invoke(NativeMethodAccessorImpl.java:62)
	at java.base/jdk.internal.reflect.DelegatingMethodAccessorImpl.invoke(DelegatingMethodAccessorImpl.java:43)
	at java.base/java.lang.reflect.Method.invoke(Method.java:566)
	at io.quarkus.deployment.ExtensionLoader$3.execute(ExtensionLoader.java:925)
	at io.quarkus.builder.BuildContext.run(BuildContext.java:277)
	at org.jboss.threads.ContextHandler$1.runWith(ContextHandler.java:18)
	at org.jboss.threads.EnhancedQueueExecutor$Task.run(EnhancedQueueExecutor.java:2449)
	at org.jboss.threads.EnhancedQueueExecutor$ThreadBody.run(EnhancedQueueExecutor.java:1478)
	at java.base/java.lang.Thread.run(Thread.java:829)
	at org.jboss.threads.JBossThread.run(JBossThread.java:501)
Caused by: java.io.IOException: Cannot run program "yarn" (in directory "/home/gabsko/breaking-updates/integration-tests/src/main/ui-react"): error=2, No such file or directory
	at java.base/java.lang.ProcessBuilder.start(ProcessBuilder.java:1128)
	at java.base/java.lang.ProcessBuilder.start(ProcessBuilder.java:1071)
	at io.quarkiverse.quinoa.deployment.PackageManager.exec(PackageManager.java:187)
	... 13 more
Caused by: java.io.IOException: error=2, No such file or directory
	at java.base/java.lang.ProcessImpl.forkAndExec(Native Method)
	at java.base/java.lang.ProcessImpl.<init>(ProcessImpl.java:340)
	at java.base/java.lang.ProcessImpl.start(ProcessImpl.java:271)
	at java.base/java.lang.ProcessBuilder.start(ProcessBuilder.java:1107)
	... 15 more

	at io.quarkus.runner.bootstrap.AugmentActionImpl.runAugment(AugmentActionImpl.java:330)
	at io.quarkus.runner.bootstrap.AugmentActionImpl.createInitialRuntimeApplication(AugmentActionImpl.java:252)
	at io.quarkus.runner.bootstrap.AugmentActionImpl.createInitialRuntimeApplication(AugmentActionImpl.java:60)
	at io.quarkus.test.junit.QuarkusTestExtension.doJavaStart(QuarkusTestExtension.java:225)
	at io.quarkus.test.junit.QuarkusTestExtension.ensureStarted(QuarkusTestExtension.java:609)
	at io.quarkus.test.junit.QuarkusTestExtension.beforeAll(QuarkusTestExtension.java:647)
	at org.junit.jupiter.engine.descriptor.ClassBasedTestDescriptor.lambda$invokeBeforeAllCallbacks$10(ClassBasedTestDescriptor.java:381)
	at org.junit.platform.engine.support.hierarchical.ThrowableCollector.execute(ThrowableCollector.java:73)
	at org.junit.jupiter.engine.descriptor.ClassBasedTestDescriptor.invokeBeforeAllCallbacks(ClassBasedTestDescriptor.java:381)
	at org.junit.jupiter.engine.descriptor.ClassBasedTestDescriptor.before(ClassBasedTestDescriptor.java:205)
	at org.junit.jupiter.engine.descriptor.ClassBasedTestDescriptor.before(ClassBasedTestDescriptor.java:80)
	at org.junit.platform.engine.support.hierarchical.NodeTestTask.lambda$executeRecursively$6(NodeTestTask.java:148)
	... 35 more
Caused by: io.quarkus.builder.BuildException: Build failure: Build failed due to errors
	[error]: Build step io.quarkiverse.quinoa.deployment.QuinoaProcessor#prepareQuinoaDirectory threw an exception: java.lang.RuntimeException: Input/Output error while executing command.
	at io.quarkiverse.quinoa.deployment.PackageManager.exec(PackageManager.java:191)
	at io.quarkiverse.quinoa.deployment.PackageManager.install(PackageManager.java:49)
	at io.quarkiverse.quinoa.deployment.QuinoaProcessor.prepareQuinoaDirectory(QuinoaProcessor.java:91)
	at java.base/jdk.internal.reflect.NativeMethodAccessorImpl.invoke0(Native Method)
	at java.base/jdk.internal.reflect.NativeMethodAccessorImpl.invoke(NativeMethodAccessorImpl.java:62)
	at java.base/jdk.internal.reflect.DelegatingMethodAccessorImpl.invoke(DelegatingMethodAccessorImpl.java:43)
	at java.base/java.lang.reflect.Method.invoke(Method.java:566)
	at io.quarkus.deployment.ExtensionLoader$3.execute(ExtensionLoader.java:925)
	at io.quarkus.builder.BuildContext.run(BuildContext.java:277)
	at org.jboss.threads.ContextHandler$1.runWith(ContextHandler.java:18)
	at org.jboss.threads.EnhancedQueueExecutor$Task.run(EnhancedQueueExecutor.java:2449)
	at org.jboss.threads.EnhancedQueueExecutor$ThreadBody.run(EnhancedQueueExecutor.java:1478)
	at java.base/java.lang.Thread.run(Thread.java:829)
	at org.jboss.threads.JBossThread.run(JBossThread.java:501)
Caused by: java.io.IOException: Cannot run program "yarn" (in directory "/home/gabsko/breaking-updates/integration-tests/src/main/ui-react"): error=2, No such file or directory
	at java.base/java.lang.ProcessBuilder.start(ProcessBuilder.java:1128)
	at java.base/java.lang.ProcessBuilder.start(ProcessBuilder.java:1071)
	at io.quarkiverse.quinoa.deployment.PackageManager.exec(PackageManager.java:187)
	... 13 more
Caused by: java.io.IOException: error=2, No such file or directory
	at java.base/java.lang.ProcessImpl.forkAndExec(Native Method)
	at java.base/java.lang.ProcessImpl.<init>(ProcessImpl.java:340)
	at java.base/java.lang.ProcessImpl.start(ProcessImpl.java:271)
	at java.base/java.lang.ProcessBuilder.start(ProcessBuilder.java:1107)
	... 15 more

	at io.quarkus.builder.Execution.run(Execution.java:116)
	at io.quarkus.builder.BuildExecutionBuilder.execute(BuildExecutionBuilder.java:79)
	at io.quarkus.deployment.QuarkusAugmentor.run(QuarkusAugmentor.java:157)
	at io.quarkus.runner.bootstrap.AugmentActionImpl.runAugment(AugmentActionImpl.java:328)
	... 46 more
Caused by: java.lang.RuntimeException: Input/Output error while executing command.
	at io.quarkiverse.quinoa.deployment.PackageManager.exec(PackageManager.java:191)
	at io.quarkiverse.quinoa.deployment.PackageManager.install(PackageManager.java:49)
	at io.quarkiverse.quinoa.deployment.QuinoaProcessor.prepareQuinoaDirectory(QuinoaProcessor.java:91)
	at java.base/jdk.internal.reflect.NativeMethodAccessorImpl.invoke0(Native Method)
	at java.base/jdk.internal.reflect.NativeMethodAccessorImpl.invoke(NativeMethodAccessorImpl.java:62)
	at java.base/jdk.internal.reflect.DelegatingMethodAccessorImpl.invoke(DelegatingMethodAccessorImpl.java:43)
	at java.base/java.lang.reflect.Method.invoke(Method.java:566)
	at io.quarkus.deployment.ExtensionLoader$3.execute(ExtensionLoader.java:925)
	at io.quarkus.builder.BuildContext.run(BuildContext.java:277)
	at org.jboss.threads.ContextHandler$1.runWith(ContextHandler.java:18)
	at org.jboss.threads.EnhancedQueueExecutor$Task.run(EnhancedQueueExecutor.java:2449)
	at org.jboss.threads.EnhancedQueueExecutor$ThreadBody.run(EnhancedQueueExecutor.java:1478)
	at java.base/java.lang.Thread.run(Thread.java:829)
	at org.jboss.threads.JBossThread.run(JBossThread.java:501)
Caused by: java.io.IOException: Cannot run program "yarn" (in directory "/home/gabsko/breaking-updates/integration-tests/src/main/ui-react"): error=2, No such file or directory
	at java.base/java.lang.ProcessBuilder.start(ProcessBuilder.java:1128)
	at java.base/java.lang.ProcessBuilder.start(ProcessBuilder.java:1071)
	at io.quarkiverse.quinoa.deployment.PackageManager.exec(PackageManager.java:187)
	... 13 more
Caused by: java.io.IOException: error=2, No such file or directory
	at java.base/java.lang.ProcessImpl.forkAndExec(Native Method)
	at java.base/java.lang.ProcessImpl.<init>(ProcessImpl.java:340)
	at java.base/java.lang.ProcessImpl.start(ProcessImpl.java:271)
	at java.base/java.lang.ProcessBuilder.start(ProcessBuilder.java:1107)
	... 15 more

[INFO] Running io.quarkiverse.quinoa.it.QuinoaUIReactTest
2023-01-13 21:59:08,728 INFO  [org.jbo.threads] (main) JBoss Threads version 3.4.2.Final
2023-01-13 21:59:08,752 INFO  [io.qua.qui.dep.PackageManager] (build-36) Running Quinoa package manager install command: yarn install
[ERROR] Tests run: 2, Failures: 0, Errors: 1, Skipped: 1, Time elapsed: 0.472 s <<< FAILURE! - in io.quarkiverse.quinoa.it.QuinoaUIReactTest
[ERROR] testUIIndex  Time elapsed: 0.003 s  <<< ERROR!
java.lang.RuntimeException: 
java.lang.RuntimeException: io.quarkus.builder.BuildException: Build failure: Build failed due to errors
	[error]: Build step io.quarkiverse.quinoa.deployment.QuinoaProcessor#prepareQuinoaDirectory threw an exception: java.lang.RuntimeException: Input/Output error while executing command.
	at io.quarkiverse.quinoa.deployment.PackageManager.exec(PackageManager.java:191)
	at io.quarkiverse.quinoa.deployment.PackageManager.install(PackageManager.java:49)
	at io.quarkiverse.quinoa.deployment.QuinoaProcessor.prepareQuinoaDirectory(QuinoaProcessor.java:91)
	at java.base/jdk.internal.reflect.NativeMethodAccessorImpl.invoke0(Native Method)
	at java.base/jdk.internal.reflect.NativeMethodAccessorImpl.invoke(NativeMethodAccessorImpl.java:62)
	at java.base/jdk.internal.reflect.DelegatingMethodAccessorImpl.invoke(DelegatingMethodAccessorImpl.java:43)
	at java.base/java.lang.reflect.Method.invoke(Method.java:566)
	at io.quarkus.deployment.ExtensionLoader$3.execute(ExtensionLoader.java:925)
	at io.quarkus.builder.BuildContext.run(BuildContext.java:277)
	at org.jboss.threads.ContextHandler$1.runWith(ContextHandler.java:18)
	at org.jboss.threads.EnhancedQueueExecutor$Task.run(EnhancedQueueExecutor.java:2449)
	at org.jboss.threads.EnhancedQueueExecutor$ThreadBody.run(EnhancedQueueExecutor.java:1478)
	at java.base/java.lang.Thread.run(Thread.java:829)
	at org.jboss.threads.JBossThread.run(JBossThread.java:501)
Caused by: java.io.IOException: Cannot run program "yarn" (in directory "/home/gabsko/breaking-updates/integration-tests/src/main/ui-react"): error=2, No such file or directory
	at java.base/java.lang.ProcessBuilder.start(ProcessBuilder.java:1128)
	at java.base/java.lang.ProcessBuilder.start(ProcessBuilder.java:1071)
	at io.quarkiverse.quinoa.deployment.PackageManager.exec(PackageManager.java:187)
	... 13 more
Caused by: java.io.IOException: error=2, No such file or directory
	at java.base/java.lang.ProcessImpl.forkAndExec(Native Method)
	at java.base/java.lang.ProcessImpl.<init>(ProcessImpl.java:340)
	at java.base/java.lang.ProcessImpl.start(ProcessImpl.java:271)
	at java.base/java.lang.ProcessBuilder.start(ProcessBuilder.java:1107)
	... 15 more

	at io.quarkus.test.junit.QuarkusTestExtension.throwBootFailureException(QuarkusTestExtension.java:632)
	at io.quarkus.test.junit.QuarkusTestExtension.interceptTestClassConstructor(QuarkusTestExtension.java:703)
	at org.junit.jupiter.engine.execution.ExecutableInvoker.lambda$invoke$0(ExecutableInvoker.java:105)
	at org.junit.jupiter.engine.execution.InvocationInterceptorChain$InterceptedInvocation.proceed(InvocationInterceptorChain.java:106)
	at org.junit.jupiter.api.extension.InvocationInterceptor.interceptTestClassConstructor(InvocationInterceptor.java:73)
	at org.junit.jupiter.engine.execution.ExecutableInvoker.lambda$invoke$0(ExecutableInvoker.java:105)
	at org.junit.jupiter.engine.execution.InvocationInterceptorChain$InterceptedInvocation.proceed(InvocationInterceptorChain.java:106)
	at org.junit.jupiter.engine.execution.InvocationInterceptorChain.proceed(InvocationInterceptorChain.java:64)
	at org.junit.jupiter.engine.execution.InvocationInterceptorChain.chainAndInvoke(InvocationInterceptorChain.java:45)
	at org.junit.jupiter.engine.execution.InvocationInterceptorChain.invoke(InvocationInterceptorChain.java:37)
	at org.junit.jupiter.engine.execution.ExecutableInvoker.invoke(ExecutableInvoker.java:104)
	at org.junit.jupiter.engine.execution.ExecutableInvoker.invoke(ExecutableInvoker.java:77)
	at org.junit.jupiter.engine.descriptor.ClassBasedTestDescriptor.invokeTestClassConstructor(ClassBasedTestDescriptor.java:355)
	at org.junit.jupiter.engine.descriptor.ClassBasedTestDescriptor.instantiateTestClass(ClassBasedTestDescriptor.java:302)
	at org.junit.jupiter.engine.descriptor.ClassTestDescriptor.instantiateTestClass(ClassTestDescriptor.java:79)
	at org.junit.jupiter.engine.descriptor.ClassBasedTestDescriptor.instantiateAndPostProcessTestInstance(ClassBasedTestDescriptor.java:280)
	at org.junit.jupiter.engine.descriptor.ClassBasedTestDescriptor.lambda$testInstancesProvider$4(ClassBasedTestDescriptor.java:272)
	at java.base/java.util.Optional.orElseGet(Optional.java:369)
	at org.junit.jupiter.engine.descriptor.ClassBasedTestDescriptor.lambda$testInstancesProvider$5(ClassBasedTestDescriptor.java:271)
	at org.junit.jupiter.engine.execution.TestInstancesProvider.getTestInstances(TestInstancesProvider.java:31)
	at org.junit.jupiter.engine.descriptor.TestMethodTestDescriptor.lambda$prepare$0(TestMethodTestDescriptor.java:102)
	at org.junit.platform.engine.support.hierarchical.ThrowableCollector.execute(ThrowableCollector.java:73)
	at org.junit.jupiter.engine.descriptor.TestMethodTestDescriptor.prepare(TestMethodTestDescriptor.java:101)
	at org.junit.jupiter.engine.descriptor.TestMethodTestDescriptor.prepare(TestMethodTestDescriptor.java:66)
	at org.junit.platform.engine.support.hierarchical.NodeTestTask.lambda$prepare$2(NodeTestTask.java:123)
	at org.junit.platform.engine.support.hierarchical.ThrowableCollector.execute(ThrowableCollector.java:73)
	at org.junit.platform.engine.support.hierarchical.NodeTestTask.prepare(NodeTestTask.java:123)
	at org.junit.platform.engine.support.hierarchical.NodeTestTask.execute(NodeTestTask.java:90)
	at java.base/java.util.ArrayList.forEach(ArrayList.java:1541)
	at org.junit.platform.engine.support.hierarchical.SameThreadHierarchicalTestExecutorService.invokeAll(SameThreadHierarchicalTestExecutorService.java:41)
	at org.junit.platform.engine.support.hierarchical.NodeTestTask.lambda$executeRecursively$6(NodeTestTask.java:155)
	at org.junit.platform.engine.support.hierarchical.ThrowableCollector.execute(ThrowableCollector.java:73)
	at org.junit.platform.engine.support.hierarchical.NodeTestTask.lambda$executeRecursively$8(NodeTestTask.java:141)
	at org.junit.platform.engine.support.hierarchical.Node.around(Node.java:137)
	at org.junit.platform.engine.support.hierarchical.NodeTestTask.lambda$executeRecursively$9(NodeTestTask.java:139)
	at org.junit.platform.engine.support.hierarchical.ThrowableCollector.execute(ThrowableCollector.java:73)
	at org.junit.platform.engine.support.hierarchical.NodeTestTask.executeRecursively(NodeTestTask.java:138)
	at org.junit.platform.engine.support.hierarchical.NodeTestTask.execute(NodeTestTask.java:95)
	at java.base/java.util.ArrayList.forEach(ArrayList.java:1541)
	at org.junit.platform.engine.support.hierarchical.SameThreadHierarchicalTestExecutorService.invokeAll(SameThreadHierarchicalTestExecutorService.java:41)
	at org.junit.platform.engine.support.hierarchical.NodeTestTask.lambda$executeRecursively$6(NodeTestTask.java:155)
	at org.junit.platform.engine.support.hierarchical.ThrowableCollector.execute(ThrowableCollector.java:73)
	at org.junit.platform.engine.support.hierarchical.NodeTestTask.lambda$executeRecursively$8(NodeTestTask.java:141)
	at org.junit.platform.engine.support.hierarchical.Node.around(Node.java:137)
	at org.junit.platform.engine.support.hierarchical.NodeTestTask.lambda$executeRecursively$9(NodeTestTask.java:139)
	at org.junit.platform.engine.support.hierarchical.ThrowableCollector.execute(ThrowableCollector.java:73)
	at org.junit.platform.engine.support.hierarchical.NodeTestTask.executeRecursively(NodeTestTask.java:138)
	at org.junit.platform.engine.support.hierarchical.NodeTestTask.execute(NodeTestTask.java:95)
	at org.junit.platform.engine.support.hierarchical.SameThreadHierarchicalTestExecutorService.submit(SameThreadHierarchicalTestExecutorService.java:35)
	at org.junit.platform.engine.support.hierarchical.HierarchicalTestExecutor.execute(HierarchicalTestExecutor.java:57)
	at org.junit.platform.engine.support.hierarchical.HierarchicalTestEngine.execute(HierarchicalTestEngine.java:54)
	at org.junit.platform.launcher.core.EngineExecutionOrchestrator.execute(EngineExecutionOrchestrator.java:107)
	at org.junit.platform.launcher.core.EngineExecutionOrchestrator.execute(EngineExecutionOrchestrator.java:88)
	at org.junit.platform.launcher.core.EngineExecutionOrchestrator.lambda$execute$0(EngineExecutionOrchestrator.java:54)
	at org.junit.platform.launcher.core.EngineExecutionOrchestrator.withInterceptedStreams(EngineExecutionOrchestrator.java:67)
	at org.junit.platform.launcher.core.EngineExecutionOrchestrator.execute(EngineExecutionOrchestrator.java:52)
	at org.junit.platform.launcher.core.DefaultLauncher.execute(DefaultLauncher.java:114)
	at org.junit.platform.launcher.core.DefaultLauncher.execute(DefaultLauncher.java:86)
	at org.junit.platform.launcher.core.DefaultLauncherSession$DelegatingLauncher.execute(DefaultLauncherSession.java:86)
	at org.junit.platform.launcher.core.SessionPerRequestLauncher.execute(SessionPerRequestLauncher.java:53)
	at org.apache.maven.surefire.junitplatform.JUnitPlatformProvider.invokeAllTests(JUnitPlatformProvider.java:150)
	at org.apache.maven.surefire.junitplatform.JUnitPlatformProvider.invoke(JUnitPlatformProvider.java:124)
	at org.apache.maven.surefire.booter.ForkedBooter.invokeProviderInSameClassLoader(ForkedBooter.java:384)
	at org.apache.maven.surefire.booter.ForkedBooter.runSuitesInProcess(ForkedBooter.java:345)
	at org.apache.maven.surefire.booter.ForkedBooter.execute(ForkedBooter.java:126)
	at org.apache.maven.surefire.booter.ForkedBooter.main(ForkedBooter.java:418)
Caused by: java.lang.RuntimeException: io.quarkus.builder.BuildException: Build failure: Build failed due to errors
	[error]: Build step io.quarkiverse.quinoa.deployment.QuinoaProcessor#prepareQuinoaDirectory threw an exception: java.lang.RuntimeException: Input/Output error while executing command.
	at io.quarkiverse.quinoa.deployment.PackageManager.exec(PackageManager.java:191)
	at io.quarkiverse.quinoa.deployment.PackageManager.install(PackageManager.java:49)
	at io.quarkiverse.quinoa.deployment.QuinoaProcessor.prepareQuinoaDirectory(QuinoaProcessor.java:91)
	at java.base/jdk.internal.reflect.NativeMethodAccessorImpl.invoke0(Native Method)
	at java.base/jdk.internal.reflect.NativeMethodAccessorImpl.invoke(NativeMethodAccessorImpl.java:62)
	at java.base/jdk.internal.reflect.DelegatingMethodAccessorImpl.invoke(DelegatingMethodAccessorImpl.java:43)
	at java.base/java.lang.reflect.Method.invoke(Method.java:566)
	at io.quarkus.deployment.ExtensionLoader$3.execute(ExtensionLoader.java:925)
	at io.quarkus.builder.BuildContext.run(BuildContext.java:277)
	at org.jboss.threads.ContextHandler$1.runWith(ContextHandler.java:18)
	at org.jboss.threads.EnhancedQueueExecutor$Task.run(EnhancedQueueExecutor.java:2449)
	at org.jboss.threads.EnhancedQueueExecutor$ThreadBody.run(EnhancedQueueExecutor.java:1478)
	at java.base/java.lang.Thread.run(Thread.java:829)
	at org.jboss.threads.JBossThread.run(JBossThread.java:501)
Caused by: java.io.IOException: Cannot run program "yarn" (in directory "/home/gabsko/breaking-updates/integration-tests/src/main/ui-react"): error=2, No such file or directory
	at java.base/java.lang.ProcessBuilder.start(ProcessBuilder.java:1128)
	at java.base/java.lang.ProcessBuilder.start(ProcessBuilder.java:1071)
	at io.quarkiverse.quinoa.deployment.PackageManager.exec(PackageManager.java:187)
	... 13 more
Caused by: java.io.IOException: error=2, No such file or directory
	at java.base/java.lang.ProcessImpl.forkAndExec(Native Method)
	at java.base/java.lang.ProcessImpl.<init>(ProcessImpl.java:340)
	at java.base/java.lang.ProcessImpl.start(ProcessImpl.java:271)
	at java.base/java.lang.ProcessBuilder.start(ProcessBuilder.java:1107)
	... 15 more

	at io.quarkus.runner.bootstrap.AugmentActionImpl.runAugment(AugmentActionImpl.java:330)
	at io.quarkus.runner.bootstrap.AugmentActionImpl.createInitialRuntimeApplication(AugmentActionImpl.java:252)
	at io.quarkus.runner.bootstrap.AugmentActionImpl.createInitialRuntimeApplication(AugmentActionImpl.java:60)
	at io.quarkus.test.junit.QuarkusTestExtension.doJavaStart(QuarkusTestExtension.java:225)
	at io.quarkus.test.junit.QuarkusTestExtension.ensureStarted(QuarkusTestExtension.java:609)
	at io.quarkus.test.junit.QuarkusTestExtension.beforeAll(QuarkusTestExtension.java:647)
	at org.junit.jupiter.engine.descriptor.ClassBasedTestDescriptor.lambda$invokeBeforeAllCallbacks$10(ClassBasedTestDescriptor.java:381)
	at org.junit.platform.engine.support.hierarchical.ThrowableCollector.execute(ThrowableCollector.java:73)
	at org.junit.jupiter.engine.descriptor.ClassBasedTestDescriptor.invokeBeforeAllCallbacks(ClassBasedTestDescriptor.java:381)
	at org.junit.jupiter.engine.descriptor.ClassBasedTestDescriptor.before(ClassBasedTestDescriptor.java:205)
	at org.junit.jupiter.engine.descriptor.ClassBasedTestDescriptor.before(ClassBasedTestDescriptor.java:80)
	at org.junit.platform.engine.support.hierarchical.NodeTestTask.lambda$executeRecursively$6(NodeTestTask.java:148)
	... 35 more
Caused by: io.quarkus.builder.BuildException: Build failure: Build failed due to errors
	[error]: Build step io.quarkiverse.quinoa.deployment.QuinoaProcessor#prepareQuinoaDirectory threw an exception: java.lang.RuntimeException: Input/Output error while executing command.
	at io.quarkiverse.quinoa.deployment.PackageManager.exec(PackageManager.java:191)
	at io.quarkiverse.quinoa.deployment.PackageManager.install(PackageManager.java:49)
	at io.quarkiverse.quinoa.deployment.QuinoaProcessor.prepareQuinoaDirectory(QuinoaProcessor.java:91)
	at java.base/jdk.internal.reflect.NativeMethodAccessorImpl.invoke0(Native Method)
	at java.base/jdk.internal.reflect.NativeMethodAccessorImpl.invoke(NativeMethodAccessorImpl.java:62)
	at java.base/jdk.internal.reflect.DelegatingMethodAccessorImpl.invoke(DelegatingMethodAccessorImpl.java:43)
	at java.base/java.lang.reflect.Method.invoke(Method.java:566)
	at io.quarkus.deployment.ExtensionLoader$3.execute(ExtensionLoader.java:925)
	at io.quarkus.builder.BuildContext.run(BuildContext.java:277)
	at org.jboss.threads.ContextHandler$1.runWith(ContextHandler.java:18)
	at org.jboss.threads.EnhancedQueueExecutor$Task.run(EnhancedQueueExecutor.java:2449)
	at org.jboss.threads.EnhancedQueueExecutor$ThreadBody.run(EnhancedQueueExecutor.java:1478)
	at java.base/java.lang.Thread.run(Thread.java:829)
	at org.jboss.threads.JBossThread.run(JBossThread.java:501)
Caused by: java.io.IOException: Cannot run program "yarn" (in directory "/home/gabsko/breaking-updates/integration-tests/src/main/ui-react"): error=2, No such file or directory
	at java.base/java.lang.ProcessBuilder.start(ProcessBuilder.java:1128)
	at java.base/java.lang.ProcessBuilder.start(ProcessBuilder.java:1071)
	at io.quarkiverse.quinoa.deployment.PackageManager.exec(PackageManager.java:187)
	... 13 more
Caused by: java.io.IOException: error=2, No such file or directory
	at java.base/java.lang.ProcessImpl.forkAndExec(Native Method)
	at java.base/java.lang.ProcessImpl.<init>(ProcessImpl.java:340)
	at java.base/java.lang.ProcessImpl.start(ProcessImpl.java:271)
	at java.base/java.lang.ProcessBuilder.start(ProcessBuilder.java:1107)
	... 15 more

	at io.quarkus.builder.Execution.run(Execution.java:116)
	at io.quarkus.builder.BuildExecutionBuilder.execute(BuildExecutionBuilder.java:79)
	at io.quarkus.deployment.QuarkusAugmentor.run(QuarkusAugmentor.java:157)
	at io.quarkus.runner.bootstrap.AugmentActionImpl.runAugment(AugmentActionImpl.java:328)
	... 46 more
Caused by: java.lang.RuntimeException: Input/Output error while executing command.
	at io.quarkiverse.quinoa.deployment.PackageManager.exec(PackageManager.java:191)
	at io.quarkiverse.quinoa.deployment.PackageManager.install(PackageManager.java:49)
	at io.quarkiverse.quinoa.deployment.QuinoaProcessor.prepareQuinoaDirectory(QuinoaProcessor.java:91)
	at java.base/jdk.internal.reflect.NativeMethodAccessorImpl.invoke0(Native Method)
	at java.base/jdk.internal.reflect.NativeMethodAccessorImpl.invoke(NativeMethodAccessorImpl.java:62)
	at java.base/jdk.internal.reflect.DelegatingMethodAccessorImpl.invoke(DelegatingMethodAccessorImpl.java:43)
	at java.base/java.lang.reflect.Method.invoke(Method.java:566)
	at io.quarkus.deployment.ExtensionLoader$3.execute(ExtensionLoader.java:925)
	at io.quarkus.builder.BuildContext.run(BuildContext.java:277)
	at org.jboss.threads.ContextHandler$1.runWith(ContextHandler.java:18)
	at org.jboss.threads.EnhancedQueueExecutor$Task.run(EnhancedQueueExecutor.java:2449)
	at org.jboss.threads.EnhancedQueueExecutor$ThreadBody.run(EnhancedQueueExecutor.java:1478)
	at java.base/java.lang.Thread.run(Thread.java:829)
	at org.jboss.threads.JBossThread.run(JBossThread.java:501)
Caused by: java.io.IOException: Cannot run program "yarn" (in directory "/home/gabsko/breaking-updates/integration-tests/src/main/ui-react"): error=2, No such file or directory
	at java.base/java.lang.ProcessBuilder.start(ProcessBuilder.java:1128)
	at java.base/java.lang.ProcessBuilder.start(ProcessBuilder.java:1071)
	at io.quarkiverse.quinoa.deployment.PackageManager.exec(PackageManager.java:187)
	... 13 more
Caused by: java.io.IOException: error=2, No such file or directory
	at java.base/java.lang.ProcessImpl.forkAndExec(Native Method)
	at java.base/java.lang.ProcessImpl.<init>(ProcessImpl.java:340)
	at java.base/java.lang.ProcessImpl.start(ProcessImpl.java:271)
	at java.base/java.lang.ProcessBuilder.start(ProcessBuilder.java:1107)
	... 15 more

[INFO] 
[INFO] Results:
[INFO] 
[ERROR] Errors: 
[ERROR]   QuinoaUIReactTest.testUIIndex » Runtime java.lang.RuntimeException: io.quarkus...
[ERROR]   QuinoaUIVueTest.testUIIndex » Runtime java.lang.RuntimeException: io.quarkus.b...
[ERROR]   QuinoaUIYarnTest.testUIIndex » Runtime java.lang.RuntimeException: io.quarkus....
[INFO] 
[ERROR] Tests run: 6, Failures: 0, Errors: 3, Skipped: 1
[INFO] 
[INFO] ------------------------------------------------------------------------
[INFO] Reactor Summary for Quarkus - Quinoa - Parent 1.0.0-SNAPSHOT:
[INFO] 
[INFO] Quarkus - Quinoa - Parent .......................... SUCCESS [  0.657 s]
[INFO] Quarkus - Quinoa - Runtime ......................... SUCCESS [  2.758 s]
[INFO] Quarkus - Quinoa - Deployment ...................... SUCCESS [  0.955 s]
[INFO] Quarkus - Quinoa - Testing ......................... SUCCESS [  0.260 s]
[INFO] Quarkus - Quinoa - Documentation ................... SUCCESS [  0.117 s]
[INFO] Quarkus - Quinoa - Integration Tests ............... FAILURE [ 56.965 s]
[INFO] ------------------------------------------------------------------------
[INFO] BUILD FAILURE
[INFO] ------------------------------------------------------------------------
[INFO] Total time:  01:01 min
[INFO] Finished at: 2023-01-13T21:59:09Z
[INFO] ------------------------------------------------------------------------
[ERROR] Failed to execute goal org.apache.maven.plugins:maven-surefire-plugin:2.22.2:test (default-test) on project quarkus-quinoa-integration-tests: There are test failures.
[ERROR] 
[ERROR] Please refer to /home/gabsko/breaking-updates/integration-tests/target/surefire-reports for the individual test results.
[ERROR] Please refer to dump files (if any exist) [date].dump, [date]-jvmRun[N].dump and [date].dumpstream.
[ERROR] -> [Help 1]
[ERROR] 
[ERROR] To see the full stack trace of the errors, re-run Maven with the -e switch.
[ERROR] Re-run Maven using the -X switch to enable full debug logging.
[ERROR] 
[ERROR] For more information about the errors and possible solutions, please read the following articles:
[ERROR] [Help 1] http://cwiki.apache.org/confluence/display/MAVEN/MojoFailureException
[ERROR] 
[ERROR] After correcting the problems, you can resume the build with the command
[ERROR]   mvn <args> -rf :quarkus-quinoa-integration-tests
