[INFO] Scanning for projects...
[INFO] ------------------------------------------------------------------------
[INFO] Reactor Build Order:
[INFO] 
[INFO] ProjectForge                                                       [pom]
[INFO] projectforge-common                                                [jar]
[INFO] projectforge-model                                                 [jar]
[INFO] projectforge-jcr                                                   [jar]
[INFO] projectforge-business                                              [jar]
[INFO] projectforge-rest                                                  [jar]
[INFO] projectforge-webapp                                                [jar]
[INFO] projectforge-wicket                                                [jar]
[INFO] org.projectforge.plugins                                           [pom]
[INFO] org.projectforge.plugins.datatransfer                              [jar]
[INFO] org.projectforge.plugins.memo                                      [jar]
[INFO] org.projectforge.plugins.merlin                                    [jar]
[INFO] org.projectforge.plugins.todo                                      [jar]
[INFO] org.projectforge.plugins.marketing                                 [jar]
[INFO] org.projectforge.plugins.skillmatrix                               [jar]
[INFO] org.projectforge.plugins.liquidityplanning                         [jar]
[INFO] org.projectforge.plugins.licensemanagement                         [jar]
[INFO] org.projectforge.plugins.ihk                                       [jar]
[INFO] org.projectforge.plugins.extendemployeedata                        [jar]
[INFO] projectforge-caldav                                                [jar]
[INFO] projectforge-application                                           [jar]
[INFO] 
[INFO] ----------------< org.projectforge:projectforge-parent >----------------
[INFO] Building ProjectForge 7.2.1-SNAPSHOT                              [1/21]
[INFO] --------------------------------[ pom ]---------------------------------
[INFO] 
[INFO] --- maven-clean-plugin:3.1.0:clean (default-clean) @ projectforge-parent ---
[INFO] 
[INFO] --- jacoco-maven-plugin:0.8.6:prepare-agent (agent-for-ut) @ projectforge-parent ---
[INFO] argLine set to -javaagent:/home/gabsko/.m2/repository/org/jacoco/org.jacoco.agent/0.8.6/org.jacoco.agent-0.8.6-runtime.jar=destfile=/home/gabsko/breaking-updates/../target/jacoco.exec,append=true
[INFO] 
[INFO] ----------------< org.projectforge:projectforge-common >----------------
[INFO] Building projectforge-common 7.2.1-SNAPSHOT                       [2/21]
[INFO] --------------------------------[ jar ]---------------------------------
[INFO] 
[INFO] --- maven-clean-plugin:3.1.0:clean (default-clean) @ projectforge-common ---
[INFO] Deleting /home/gabsko/breaking-updates/projectforge-common/target
[INFO] 
[INFO] --- jacoco-maven-plugin:0.8.6:prepare-agent (agent-for-ut) @ projectforge-common ---
[INFO] argLine set to -javaagent:/home/gabsko/.m2/repository/org/jacoco/org.jacoco.agent/0.8.6/org.jacoco.agent-0.8.6-runtime.jar=destfile=/home/gabsko/breaking-updates/projectforge-common/../target/jacoco.exec,append=true
[INFO] 
[INFO] --- git-commit-id-plugin:4.0.0:revision (default) @ projectforge-common ---
[INFO] dotGitDirectory /home/gabsko/breaking-updates/.git
[INFO] Collected git.branch with value 9036907e7c758f015a00740ea9d7fdfee7c5f1c0
[INFO] Collected git.commit.id.full with value 9036907e7c758f015a00740ea9d7fdfee7c5f1c0
[INFO] Collected git.commit.id.abbrev with value 9036907
[INFO] Collected git.dirty with value false
[INFO] Collected git.commit.time with value 2022-02-25T14:32:33+0000
[INFO] Collected git.build.time with value 2023-01-13T20:10:30+0000
[INFO] Collected git.build.version with value 7.2.1-SNAPSHOT
[INFO] including property git.build.version in results
[INFO] including property git.commit.id.full in results
[INFO] including property git.commit.id.abbrev in results
[INFO] including property git.branch in results
[INFO] including property git.commit.time in results
[INFO] including property git.build.time in results
[INFO] including property git.dirty in results
[INFO] Writing properties file to [/home/gabsko/breaking-updates/projectforge-common/target/classes/git.properties] (for module projectforge-common)...
[INFO] 
[INFO] --- git-commit-id-plugin:4.0.0:revision (get-the-git-infos) @ projectforge-common ---
[INFO] dotGitDirectory /home/gabsko/breaking-updates/.git
[INFO] Collected git.branch with value 9036907e7c758f015a00740ea9d7fdfee7c5f1c0
[INFO] Collected git.commit.id.full with value 9036907e7c758f015a00740ea9d7fdfee7c5f1c0
[INFO] Collected git.commit.id.abbrev with value 9036907
[INFO] Collected git.dirty with value false
[INFO] Collected git.commit.time with value 2022-02-25T14:32:33+0000
[INFO] Collected git.build.time with value 2023-01-13T20:10:31+0000
[INFO] Collected git.build.version with value 7.2.1-SNAPSHOT
[INFO] including property git.build.version in results
[INFO] including property git.commit.id.full in results
[INFO] including property git.commit.id.abbrev in results
[INFO] including property git.branch in results
[INFO] including property git.commit.time in results
[INFO] including property git.build.time in results
[INFO] including property git.dirty in results
[INFO] Reading existing properties file [/home/gabsko/breaking-updates/projectforge-common/target/classes/git.properties] (for module projectforge-common)...
[INFO] Properties file [/home/gabsko/breaking-updates/projectforge-common/target/classes/git.properties] is up-to-date (for module projectforge-common)...
[INFO] 
[INFO] --- maven-resources-plugin:3.2.0:resources (default-resources) @ projectforge-common ---
[INFO] Using 'UTF-8' encoding to copy filtered resources.
[INFO] Using 'UTF-8' encoding to copy filtered properties files.
[INFO] Copying 1 resource
[INFO] 
[INFO] --- kotlin-maven-plugin:1.6.10:compile (compile) @ projectforge-common ---
[WARNING] /home/gabsko/breaking-updates/projectforge-common/src/main/kotlin/org/projectforge/common/logging/LogEventMatcher.kt: (55, 24) The corresponding parameter in the supertype 'LogEventMatcher' is named 'event'. This may cause problems when calling this function with named arguments.
[WARNING] /home/gabsko/breaking-updates/projectforge-common/src/main/kotlin/org/projectforge/common/logging/LogQueue.kt: (72, 75) Parameter 'locale' is never used
[INFO] 
[INFO] --- maven-compiler-plugin:3.8.1:compile (java-compile) @ projectforge-common ---
[INFO] Changes detected - recompiling the module!
[INFO] Compiling 20 source files to /home/gabsko/breaking-updates/projectforge-common/target/classes
[INFO] /home/gabsko/breaking-updates/projectforge-common/src/main/java/org/projectforge/Version.java: Some input files use or override a deprecated API.
[INFO] /home/gabsko/breaking-updates/projectforge-common/src/main/java/org/projectforge/Version.java: Recompile with -Xlint:deprecation for details.
[INFO] 
[INFO] --- maven-resources-plugin:3.2.0:testResources (default-testResources) @ projectforge-common ---
[INFO] Using 'UTF-8' encoding to copy filtered resources.
[INFO] Using 'UTF-8' encoding to copy filtered properties files.
[INFO] Copying 1 resource
[INFO] 
[INFO] --- kotlin-maven-plugin:1.6.10:test-compile (test-compile) @ projectforge-common ---
[WARNING] /home/gabsko/breaking-updates/projectforge-common/src/test/kotlin/org/projectforge/common/BackupFilesPurgingTest.kt: (36, 18) 'createTempDir(String = ..., String? = ..., File? = ...): File' is deprecated. Avoid creating temporary directories in the default temp location with this function due to too wide permissions on the newly created directory. Use kotlin.io.path.createTempDirectory instead.
[WARNING] /home/gabsko/breaking-updates/projectforge-common/src/test/kotlin/org/projectforge/common/BackupFilesPurgingTest.kt: (83, 18) 'createTempDir(String = ..., String? = ..., File? = ...): File' is deprecated. Avoid creating temporary directories in the default temp location with this function due to too wide permissions on the newly created directory. Use kotlin.io.path.createTempDirectory instead.
[WARNING] /home/gabsko/breaking-updates/projectforge-common/src/test/kotlin/org/projectforge/common/development/SortAndCheckI18nPropertiesMain.kt: (277, 31) 'toLowerCase(): String' is deprecated. Use lowercase() instead.
[INFO] 
[INFO] --- maven-compiler-plugin:3.8.1:testCompile (java-test-compile) @ projectforge-common ---
[INFO] Changes detected - recompiling the module!
[INFO] Compiling 9 source files to /home/gabsko/breaking-updates/projectforge-common/target/test-classes
[INFO] /home/gabsko/breaking-updates/projectforge-common/src/test/java/org/projectforge/common/props/PropUtilsTest.java: /home/gabsko/breaking-updates/projectforge-common/src/test/java/org/projectforge/common/props/PropUtilsTest.java uses or overrides a deprecated API.
[INFO] /home/gabsko/breaking-updates/projectforge-common/src/test/java/org/projectforge/common/props/PropUtilsTest.java: Recompile with -Xlint:deprecation for details.
[INFO] 
[INFO] --- maven-surefire-plugin:3.0.0-M5:test (default-test) @ projectforge-common ---
[INFO] 
[INFO] -------------------------------------------------------
[INFO]  T E S T S
[INFO] -------------------------------------------------------
[INFO] Running org.projectforge.common.PriorityTest
[INFO] Tests run: 2, Failures: 0, Errors: 0, Skipped: 0, Time elapsed: 0.042 s - in org.projectforge.common.PriorityTest
[INFO] Running org.projectforge.common.props.PropUtilsTest
2023-01-13 20:10:45.836 ERROR   --- [           main] org.projectforge.common.props.PropUtils  : PropertyInfo not found for field 'java.lang.Integer.class' not found.
[INFO] Tests run: 5, Failures: 0, Errors: 0, Skipped: 0, Time elapsed: 1.444 s - in org.projectforge.common.props.PropUtilsTest
[INFO] Running org.projectforge.common.StringHelperTest
[INFO] Tests run: 22, Failures: 0, Errors: 0, Skipped: 0, Time elapsed: 0.021 s - in org.projectforge.common.StringHelperTest
[INFO] Running org.projectforge.common.development.SourceFileCheckerTest
[INFO] Tests run: 1, Failures: 0, Errors: 0, Skipped: 0, Time elapsed: 0.558 s - in org.projectforge.common.development.SourceFileCheckerTest
[INFO] Running org.projectforge.common.development.SourceFileHeadersTest
[ERROR] Tests run: 2, Failures: 1, Errors: 0, Skipped: 0, Time elapsed: 0.562 s <<< FAILURE! - in org.projectforge.common.development.SourceFileHeadersTest
[ERROR] org.projectforge.common.development.SourceFileHeadersTest.validateJavaKotlinCopyRightFileHeaders  Time elapsed: 0.273 s  <<< FAILURE!
org.opentest4j.AssertionFailedError: Source code file '/home/gabsko/breaking-updates/projectforge-application/src/main/kotlin/org/projectforge/config/TomcatConfiguration.kt' without valid copy right header. As a maintainer you should fix it by simply calling Java main: /home/gabsko/breaking-updates/projectforge-common/src/test/java/org/projectforge/common/development/SourceFileHeadersMain.java
	at org.projectforge.common.development.SourceFileHeadersTest.validateJavaKotlinCopyRightFileHeaders(SourceFileHeadersTest.java:48)

[INFO] Running org.projectforge.common.development.SortAndCheckI18nPropertiesTest
### Two factor authentication\n\n1. Simply scan this barcode with your smartphone.\n\
2. Your authenticator app should be opened.\n3. Done.\n\nEvery time ProjectForge requests a code, enter the displayed code in your Authenticator app.\n\nYou may setup others Authenticator apps on different devices as a backup, if you want.\n\n> 2FA are valid up to 30 days (depends on the security level of the used functionality), please use the stay-logge-in functionality on login to prevent annoying 2FA requests.\n
### Two factor authentication\n\n1. Simply scan this barcode with your smartphone.\n\
2. Your authenticator app should be opened.\n3. Done.\n\nEvery time ProjectForge requests a code, enter the displayed code in your Authenticator app.\n\nYou may setup others Authenticator apps on different devices as a backup, if you want.\n\n> 2FA are valid up to 30 days (depends on the security level of the used functionality), please use the stay-logge-in functionality on login to prevent annoying 2FA requests.\n
[INFO] Tests run: 2, Failures: 0, Errors: 0, Skipped: 0, Time elapsed: 0.003 s - in org.projectforge.common.development.SortAndCheckI18nPropertiesTest
[INFO] Running org.projectforge.common.ClassUtilsTest
[INFO] Tests run: 2, Failures: 0, Errors: 0, Skipped: 0, Time elapsed: 0.003 s - in org.projectforge.common.ClassUtilsTest
[INFO] Running org.projectforge.common.BeanHelperTest
[INFO] Tests run: 11, Failures: 0, Errors: 0, Skipped: 0, Time elapsed: 0.005 s - in org.projectforge.common.BeanHelperTest
[INFO] Running org.projectforge.common.FormatUtilsTest
[INFO] Tests run: 1, Failures: 0, Errors: 0, Skipped: 0, Time elapsed: 0.002 s - in org.projectforge.common.FormatUtilsTest
[INFO] Running org.projectforge.common.task.TaskStatusTest
[INFO] Tests run: 3, Failures: 0, Errors: 0, Skipped: 0, Time elapsed: 0.002 s - in org.projectforge.common.task.TaskStatusTest
[INFO] Running org.projectforge.common.logging.FiFoBufferTest
[INFO] Tests run: 1, Failures: 0, Errors: 0, Skipped: 0, Time elapsed: 3.227 s - in org.projectforge.common.logging.FiFoBufferTest
[INFO] Running org.projectforge.common.logging.LogEventLoggerNameMatcherTest
[INFO] Tests run: 1, Failures: 0, Errors: 0, Skipped: 0, Time elapsed: 0.512 s - in org.projectforge.common.logging.LogEventLoggerNameMatcherTest
[INFO] Running org.projectforge.common.MimeTypeTest
[INFO] Tests run: 1, Failures: 0, Errors: 0, Skipped: 0, Time elapsed: 0.001 s - in org.projectforge.common.MimeTypeTest
[INFO] Running org.projectforge.common.BackupFilesPurgingTest
[INFO] Tests run: 2, Failures: 0, Errors: 0, Skipped: 0, Time elapsed: 0.046 s - in org.projectforge.common.BackupFilesPurgingTest
[INFO] Running org.projectforge.common.CryptStreamUtilsTest
[INFO] Tests run: 1, Failures: 0, Errors: 0, Skipped: 0, Time elapsed: 0.422 s - in org.projectforge.common.CryptStreamUtilsTest
[INFO] Running org.projectforge.VersionTest
[INFO] Tests run: 3, Failures: 0, Errors: 0, Skipped: 0, Time elapsed: 0.001 s - in org.projectforge.VersionTest
[INFO] 
[INFO] Results:
[INFO] 
[ERROR] Failures: 
[ERROR]   SourceFileHeadersTest.validateJavaKotlinCopyRightFileHeaders:48 Source code file '/home/gabsko/breaking-updates/projectforge-application/src/main/kotlin/org/projectforge/config/TomcatConfiguration.kt' without valid copy right header. As a maintainer you should fix it by simply calling Java main: /home/gabsko/breaking-updates/projectforge-common/src/test/java/org/projectforge/common/development/SourceFileHeadersMain.java
[INFO] 
[ERROR] Tests run: 60, Failures: 1, Errors: 0, Skipped: 0
[INFO] 
[INFO] ------------------------------------------------------------------------
[INFO] Reactor Summary for ProjectForge 7.2.1-SNAPSHOT:
[INFO] 
[INFO] ProjectForge ....................................... SUCCESS [  0.410 s]
[INFO] projectforge-common ................................ FAILURE [ 22.043 s]
[INFO] projectforge-model ................................. SKIPPED
[INFO] projectforge-jcr ................................... SKIPPED
[INFO] projectforge-business .............................. SKIPPED
[INFO] projectforge-rest .................................. SKIPPED
[INFO] projectforge-webapp ................................ SKIPPED
[INFO] projectforge-wicket ................................ SKIPPED
[INFO] org.projectforge.plugins ........................... SKIPPED
[INFO] org.projectforge.plugins.datatransfer .............. SKIPPED
[INFO] org.projectforge.plugins.memo ...................... SKIPPED
[INFO] org.projectforge.plugins.merlin .................... SKIPPED
[INFO] org.projectforge.plugins.todo ...................... SKIPPED
[INFO] org.projectforge.plugins.marketing ................. SKIPPED
[INFO] org.projectforge.plugins.skillmatrix ............... SKIPPED
[INFO] org.projectforge.plugins.liquidityplanning ......... SKIPPED
[INFO] org.projectforge.plugins.licensemanagement ......... SKIPPED
[INFO] org.projectforge.plugins.ihk ....................... SKIPPED
[INFO] org.projectforge.plugins.extendemployeedata ........ SKIPPED
[INFO] projectforge-caldav ................................ SKIPPED
[INFO] projectforge-application ........................... SKIPPED
[INFO] ------------------------------------------------------------------------
[INFO] BUILD FAILURE
[INFO] ------------------------------------------------------------------------
[INFO] Total time:  22.711 s
[INFO] Finished at: 2023-01-13T20:10:51Z
[INFO] ------------------------------------------------------------------------
[ERROR] Failed to execute goal org.apache.maven.plugins:maven-surefire-plugin:3.0.0-M5:test (default-test) on project projectforge-common: There are test failures.
[ERROR] 
[ERROR] Please refer to /home/gabsko/breaking-updates/projectforge-common/target/surefire-reports for the individual test results.
[ERROR] Please refer to dump files (if any exist) [date].dump, [date]-jvmRun[N].dump and [date].dumpstream.
[ERROR] -> [Help 1]
[ERROR] 
[ERROR] To see the full stack trace of the errors, re-run Maven with the -e switch.
[ERROR] Re-run Maven using the -X switch to enable full debug logging.
[ERROR] 
[ERROR] For more information about the errors and possible solutions, please read the following articles:
[ERROR] [Help 1] http://cwiki.apache.org/confluence/display/MAVEN/MojoFailureException
[ERROR] 
[ERROR] After correcting the problems, you can resume the build with the command
[ERROR]   mvn <args> -rf :projectforge-common
