[INFO] Scanning for projects...
[INFO] ------------------------------------------------------------------------
[INFO] Reactor Build Order:
[INFO] 
[INFO] Ibis AdapterFramework parent                                       [pom]
[INFO] CredentialProvider                                                 [jar]
[INFO] Ibis AdapterFramework core                                         [jar]
[INFO] Ibis AdapterFramework Larva                                        [jar]
[INFO] Ibis AdapterFramework Ladybug                                      [jar]
[INFO] Ibis AdapterFramework support for Akamai                           [jar]
[INFO] Ibis AdapterFramework webapp                                       [war]
[INFO] Ibis AdapterFramework ear                                          [ear]
[INFO] Ibis AdapterFramework Test                                         [war]
[INFO] Ibis AdapterFramework example                                      [war]
[INFO] Ibis AdapterFramework support for Cmis                             [jar]
[INFO] 
[INFO] ------------< org.ibissource:ibis-adapterframework-parent >-------------
[INFO] Building Ibis AdapterFramework parent 7.8-SNAPSHOT                [1/11]
[INFO] --------------------------------[ pom ]---------------------------------
[INFO] 
[INFO] --- maven-clean-plugin:2.5:clean (default-clean) @ ibis-adapterframework-parent ---
[INFO] 
[INFO] --- flatten-maven-plugin:1.2.7:clean (clean) @ ibis-adapterframework-parent ---
[INFO] Deleting /home/gabsko/breaking-updates/.flattened-pom.xml
[INFO] 
[INFO] --- directory-maven-plugin:1.0:directory-of (find-project-root-directory) @ ibis-adapterframework-parent ---
[INFO] Directory of org.ibissource:ibis-adapterframework-parent set to: /home/gabsko/breaking-updates
[INFO] 
[INFO] --- glassfish-copyright-maven-plugin:2.4:copyright (Check-CopyRight-Notice) @ ibis-adapterframework-parent ---
[INFO] 
[INFO] --- glassfish-copyright-maven-plugin:2.4:check (Check-CopyRight-Notice) @ ibis-adapterframework-parent ---
[INFO] 
[INFO] --- flatten-maven-plugin:1.2.7:clean (clean-and-flatten) @ ibis-adapterframework-parent ---
[INFO] 
[INFO] --- flatten-maven-plugin:1.2.7:flatten (clean-and-flatten) @ ibis-adapterframework-parent ---
[INFO] Generating flattened POM of project org.ibissource:ibis-adapterframework-parent:pom:7.8-SNAPSHOT...
[INFO] 
[INFO] -----------------< org.ibissource:credentialprovider >------------------
[INFO] Building CredentialProvider 7.8-SNAPSHOT                          [2/11]
[INFO] --------------------------------[ jar ]---------------------------------
[INFO] Downloading from central: https://repo.maven.apache.org/maven2/org/apache/directory/server/apacheds-test-framework/2.0.0.AM26/apacheds-test-framework-2.0.0.AM26.jar
[INFO] Downloading from central: https://repo.maven.apache.org/maven2/org/apache/directory/server/apacheds-interceptors-admin/2.0.0.AM26/apacheds-interceptors-admin-2.0.0.AM26.jar
[INFO] Downloading from central: https://repo.maven.apache.org/maven2/org/apache/directory/server/apacheds-core/2.0.0.AM26/apacheds-core-2.0.0.AM26.jar
[INFO] Downloading from central: https://repo.maven.apache.org/maven2/org/apache/directory/server/apacheds-core-annotations/2.0.0.AM26/apacheds-core-annotations-2.0.0.AM26.jar
[INFO] Downloading from central: https://repo.maven.apache.org/maven2/org/slf4j/slf4j-jcl/1.7.30/slf4j-jcl-1.7.30.jar
[INFO] Downloaded from central: https://repo.maven.apache.org/maven2/org/slf4j/slf4j-jcl/1.7.30/slf4j-jcl-1.7.30.jar (7.0 kB at 22 kB/s)
[INFO] Downloading from central: https://repo.maven.apache.org/maven2/org/apache/directory/server/apacheds-interceptors-authn/2.0.0.AM26/apacheds-interceptors-authn-2.0.0.AM26.jar
[INFO] Downloaded from central: https://repo.maven.apache.org/maven2/org/apache/directory/server/apacheds-interceptors-admin/2.0.0.AM26/apacheds-interceptors-admin-2.0.0.AM26.jar (21 kB at 63 kB/s)
[INFO] Downloading from central: https://repo.maven.apache.org/maven2/org/apache/directory/server/apacheds-interceptors-number/2.0.0.AM26/apacheds-interceptors-number-2.0.0.AM26.jar
[INFO] Downloaded from central: https://repo.maven.apache.org/maven2/org/apache/directory/server/apacheds-test-framework/2.0.0.AM26/apacheds-test-framework-2.0.0.AM26.jar (34 kB at 103 kB/s)
[INFO] Downloading from central: https://repo.maven.apache.org/maven2/org/apache/directory/server/apacheds-interceptors-authz/2.0.0.AM26/apacheds-interceptors-authz-2.0.0.AM26.jar
[INFO] Downloaded from central: https://repo.maven.apache.org/maven2/org/apache/directory/server/apacheds-core/2.0.0.AM26/apacheds-core-2.0.0.AM26.jar (56 kB at 170 kB/s)
[INFO] Downloading from central: https://repo.maven.apache.org/maven2/org/apache/directory/server/apacheds-interceptors-changelog/2.0.0.AM26/apacheds-interceptors-changelog-2.0.0.AM26.jar
[INFO] Downloaded from central: https://repo.maven.apache.org/maven2/org/apache/directory/server/apacheds-core-annotations/2.0.0.AM26/apacheds-core-annotations-2.0.0.AM26.jar (32 kB at 97 kB/s)
[INFO] Downloading from central: https://repo.maven.apache.org/maven2/org/apache/directory/server/apacheds-interceptors-collective/2.0.0.AM26/apacheds-interceptors-collective-2.0.0.AM26.jar
[INFO] Downloaded from central: https://repo.maven.apache.org/maven2/org/apache/directory/server/apacheds-interceptors-authn/2.0.0.AM26/apacheds-interceptors-authn-2.0.0.AM26.jar (44 kB at 131 kB/s)
[INFO] Downloading from central: https://repo.maven.apache.org/maven2/org/apache/directory/server/apacheds-interceptors-event/2.0.0.AM26/apacheds-interceptors-event-2.0.0.AM26.jar
[INFO] Downloaded from central: https://repo.maven.apache.org/maven2/org/apache/directory/server/apacheds-interceptors-number/2.0.0.AM26/apacheds-interceptors-number-2.0.0.AM26.jar (12 kB at 34 kB/s)
[INFO] Downloading from central: https://repo.maven.apache.org/maven2/org/apache/directory/server/apacheds-interceptors-exception/2.0.0.AM26/apacheds-interceptors-exception-2.0.0.AM26.jar
[INFO] Downloaded from central: https://repo.maven.apache.org/maven2/org/apache/directory/server/apacheds-interceptors-changelog/2.0.0.AM26/apacheds-interceptors-changelog-2.0.0.AM26.jar (22 kB at 64 kB/s)
[INFO] Downloading from central: https://repo.maven.apache.org/maven2/org/apache/directory/server/apacheds-interceptors-journal/2.0.0.AM26/apacheds-interceptors-journal-2.0.0.AM26.jar
[INFO] Downloaded from central: https://repo.maven.apache.org/maven2/org/apache/directory/server/apacheds-interceptors-authz/2.0.0.AM26/apacheds-interceptors-authz-2.0.0.AM26.jar (66 kB at 191 kB/s)
[INFO] Downloading from central: https://repo.maven.apache.org/maven2/org/apache/directory/server/apacheds-interceptors-normalization/2.0.0.AM26/apacheds-interceptors-normalization-2.0.0.AM26.jar
[INFO] Downloaded from central: https://repo.maven.apache.org/maven2/org/apache/directory/server/apacheds-interceptors-collective/2.0.0.AM26/apacheds-interceptors-collective-2.0.0.AM26.jar (14 kB at 40 kB/s)
[INFO] Downloading from central: https://repo.maven.apache.org/maven2/org/apache/directory/server/apacheds-interceptors-operational/2.0.0.AM26/apacheds-interceptors-operational-2.0.0.AM26.jar
[INFO] Downloaded from central: https://repo.maven.apache.org/maven2/org/apache/directory/server/apacheds-interceptors-journal/2.0.0.AM26/apacheds-interceptors-journal-2.0.0.AM26.jar (14 kB at 40 kB/s)
[INFO] Downloading from central: https://repo.maven.apache.org/maven2/org/apache/directory/server/apacheds-interceptors-referral/2.0.0.AM26/apacheds-interceptors-referral-2.0.0.AM26.jar
[INFO] Downloaded from central: https://repo.maven.apache.org/maven2/org/apache/directory/server/apacheds-interceptors-event/2.0.0.AM26/apacheds-interceptors-event-2.0.0.AM26.jar (20 kB at 55 kB/s)
[INFO] Downloaded from central: https://repo.maven.apache.org/maven2/org/apache/directory/server/apacheds-interceptors-referral/2.0.0.AM26/apacheds-interceptors-referral-2.0.0.AM26.jar (11 kB at 31 kB/s)
[INFO] Downloading from central: https://repo.maven.apache.org/maven2/org/apache/directory/server/apacheds-interceptors-subtree/2.0.0.AM26/apacheds-interceptors-subtree-2.0.0.AM26.jar
[INFO] Downloading from central: https://repo.maven.apache.org/maven2/org/apache/directory/server/apacheds-interceptors-schema/2.0.0.AM26/apacheds-interceptors-schema-2.0.0.AM26.jar
[INFO] Downloaded from central: https://repo.maven.apache.org/maven2/org/apache/directory/server/apacheds-interceptors-operational/2.0.0.AM26/apacheds-interceptors-operational-2.0.0.AM26.jar (20 kB at 55 kB/s)
[INFO] Downloading from central: https://repo.maven.apache.org/maven2/org/apache/directory/server/apacheds-interceptors-trigger/2.0.0.AM26/apacheds-interceptors-trigger-2.0.0.AM26.jar
[INFO] Downloaded from central: https://repo.maven.apache.org/maven2/org/apache/directory/server/apacheds-interceptors-normalization/2.0.0.AM26/apacheds-interceptors-normalization-2.0.0.AM26.jar (16 kB at 45 kB/s)
[INFO] Downloading from central: https://repo.maven.apache.org/maven2/org/apache/directory/api/api-ldap-extras-trigger/2.0.0/api-ldap-extras-trigger-2.0.0.jar
[INFO] Downloaded from central: https://repo.maven.apache.org/maven2/org/apache/directory/server/apacheds-interceptors-exception/2.0.0.AM26/apacheds-interceptors-exception-2.0.0.AM26.jar (11 kB at 31 kB/s)
[INFO] Downloading from central: https://repo.maven.apache.org/maven2/org/apache/directory/server/apacheds-core-shared/2.0.0.AM26/apacheds-core-shared-2.0.0.AM26.jar
[INFO] Downloaded from central: https://repo.maven.apache.org/maven2/org/apache/directory/server/apacheds-interceptors-subtree/2.0.0.AM26/apacheds-interceptors-subtree-2.0.0.AM26.jar (27 kB at 72 kB/s)
[INFO] Downloading from central: https://repo.maven.apache.org/maven2/org/apache/directory/server/apacheds-ldif-partition/2.0.0.AM26/apacheds-ldif-partition-2.0.0.AM26.jar
[INFO] Downloaded from central: https://repo.maven.apache.org/maven2/org/apache/directory/api/api-ldap-extras-trigger/2.0.0/api-ldap-extras-trigger-2.0.0.jar (49 kB at 126 kB/s)
[INFO] Downloading from central: https://repo.maven.apache.org/maven2/org/apache/directory/server/apacheds-jdbm-partition/2.0.0.AM26/apacheds-jdbm-partition-2.0.0.AM26.jar
[INFO] Downloaded from central: https://repo.maven.apache.org/maven2/org/apache/directory/server/apacheds-interceptors-trigger/2.0.0.AM26/apacheds-interceptors-trigger-2.0.0.AM26.jar (48 kB at 124 kB/s)
[INFO] Downloading from central: https://repo.maven.apache.org/maven2/org/apache/directory/server/apacheds-core-avl/2.0.0.AM26/apacheds-core-avl-2.0.0.AM26.jar
[INFO] Downloaded from central: https://repo.maven.apache.org/maven2/org/apache/directory/server/apacheds-interceptors-schema/2.0.0.AM26/apacheds-interceptors-schema-2.0.0.AM26.jar (42 kB at 108 kB/s)
[INFO] Downloading from central: https://repo.maven.apache.org/maven2/org/apache/directory/server/apacheds-xdbm-partition/2.0.0.AM26/apacheds-xdbm-partition-2.0.0.AM26.jar
[INFO] Downloaded from central: https://repo.maven.apache.org/maven2/org/apache/directory/server/apacheds-ldif-partition/2.0.0.AM26/apacheds-ldif-partition-2.0.0.AM26.jar (32 kB at 82 kB/s)
[INFO] Downloading from central: https://repo.maven.apache.org/maven2/org/apache/directory/mavibot/mavibot/1.0.0-M8/mavibot-1.0.0-M8.jar
[INFO] Downloaded from central: https://repo.maven.apache.org/maven2/org/apache/directory/server/apacheds-core-shared/2.0.0.AM26/apacheds-core-shared-2.0.0.AM26.jar (53 kB at 135 kB/s)
[INFO] Downloading from central: https://repo.maven.apache.org/maven2/org/apache/directory/server/apacheds-mavibot-partition/2.0.0.AM26/apacheds-mavibot-partition-2.0.0.AM26.jar
[INFO] Downloaded from central: https://repo.maven.apache.org/maven2/org/apache/directory/server/apacheds-jdbm-partition/2.0.0.AM26/apacheds-jdbm-partition-2.0.0.AM26.jar (74 kB at 184 kB/s)
[INFO] Downloading from central: https://repo.maven.apache.org/maven2/org/apache/directory/api/api-ldap-schema-data/2.0.0/api-ldap-schema-data-2.0.0.jar
[INFO] Downloaded from central: https://repo.maven.apache.org/maven2/org/apache/directory/server/apacheds-core-avl/2.0.0.AM26/apacheds-core-avl-2.0.0.AM26.jar (62 kB at 151 kB/s)
[INFO] Downloading from central: https://repo.maven.apache.org/maven2/org/apache/directory/api/api-util/2.0.0/api-util-2.0.0.jar
[INFO] Downloaded from central: https://repo.maven.apache.org/maven2/org/apache/directory/server/apacheds-mavibot-partition/2.0.0.AM26/apacheds-mavibot-partition-2.0.0.AM26.jar (55 kB at 136 kB/s)
[INFO] Downloading from central: https://repo.maven.apache.org/maven2/org/apache/directory/server/apacheds-core-api/2.0.0.AM26/apacheds-core-api-2.0.0.AM26.jar
[INFO] Downloaded from central: https://repo.maven.apache.org/maven2/org/apache/directory/server/apacheds-xdbm-partition/2.0.0.AM26/apacheds-xdbm-partition-2.0.0.AM26.jar (187 kB at 457 kB/s)
[INFO] Downloading from central: https://repo.maven.apache.org/maven2/org/apache/directory/server/apacheds-core-constants/2.0.0.AM26/apacheds-core-constants-2.0.0.AM26.jar
[INFO] Downloaded from central: https://repo.maven.apache.org/maven2/org/apache/directory/mavibot/mavibot/1.0.0-M8/mavibot-1.0.0-M8.jar (289 kB at 697 kB/s)
[INFO] Downloading from central: https://repo.maven.apache.org/maven2/org/apache/directory/api/api-i18n/2.0.0/api-i18n-2.0.0.jar
[INFO] Downloaded from central: https://repo.maven.apache.org/maven2/org/apache/directory/api/api-util/2.0.0/api-util-2.0.0.jar (86 kB at 203 kB/s)
[INFO] Downloading from central: https://repo.maven.apache.org/maven2/org/apache/directory/api/api-asn1-api/2.0.0/api-asn1-api-2.0.0.jar
[INFO] Downloaded from central: https://repo.maven.apache.org/maven2/org/apache/directory/server/apacheds-core-constants/2.0.0.AM26/apacheds-core-constants-2.0.0.AM26.jar (11 kB at 26 kB/s)
[INFO] Downloading from central: https://repo.maven.apache.org/maven2/org/apache/directory/api/api-ldap-client-api/2.0.0/api-ldap-client-api-2.0.0.jar
[INFO] Downloaded from central: https://repo.maven.apache.org/maven2/org/apache/directory/api/api-asn1-api/2.0.0/api-asn1-api-2.0.0.jar (24 kB at 56 kB/s)
[INFO] Downloading from central: https://repo.maven.apache.org/maven2/org/apache/directory/api/api-ldap-codec-core/2.0.0/api-ldap-codec-core-2.0.0.jar
[INFO] Downloaded from central: https://repo.maven.apache.org/maven2/org/apache/directory/api/api-i18n/2.0.0/api-i18n-2.0.0.jar (87 kB at 199 kB/s)
[INFO] Downloading from central: https://repo.maven.apache.org/maven2/org/apache/directory/api/api-ldap-extras-aci/2.0.0/api-ldap-extras-aci-2.0.0.jar
[INFO] Downloaded from central: https://repo.maven.apache.org/maven2/org/apache/directory/server/apacheds-core-api/2.0.0.AM26/apacheds-core-api-2.0.0.AM26.jar (253 kB at 566 kB/s)
[INFO] Downloading from central: https://repo.maven.apache.org/maven2/org/apache/directory/api/api-ldap-extras-util/2.0.0/api-ldap-extras-util-2.0.0.jar
[INFO] Downloaded from central: https://repo.maven.apache.org/maven2/org/apache/directory/api/api-ldap-codec-core/2.0.0/api-ldap-codec-core-2.0.0.jar (315 kB at 698 kB/s)
[INFO] Downloading from central: https://repo.maven.apache.org/maven2/org/apache/mina/mina-core/2.1.3/mina-core-2.1.3.jar
[INFO] Downloaded from central: https://repo.maven.apache.org/maven2/org/apache/directory/api/api-ldap-extras-util/2.0.0/api-ldap-extras-util-2.0.0.jar (21 kB at 46 kB/s)
[INFO] Downloading from central: https://repo.maven.apache.org/maven2/org/apache/directory/server/apacheds-i18n/2.0.0.AM26/apacheds-i18n-2.0.0.AM26.jar
[INFO] Downloaded from central: https://repo.maven.apache.org/maven2/org/apache/directory/api/api-ldap-client-api/2.0.0/api-ldap-client-api-2.0.0.jar (155 kB at 342 kB/s)
[INFO] Downloading from central: https://repo.maven.apache.org/maven2/org/apache/directory/server/apacheds-protocol-kerberos/2.0.0.AM26/apacheds-protocol-kerberos-2.0.0.AM26.jar
[INFO] Downloaded from central: https://repo.maven.apache.org/maven2/org/apache/directory/api/api-ldap-extras-aci/2.0.0/api-ldap-extras-aci-2.0.0.jar (105 kB at 231 kB/s)
[INFO] Downloading from central: https://repo.maven.apache.org/maven2/org/apache/directory/server/apacheds-kerberos-codec/2.0.0.AM26/apacheds-kerberos-codec-2.0.0.AM26.jar
[INFO] Downloaded from central: https://repo.maven.apache.org/maven2/org/apache/directory/server/apacheds-i18n/2.0.0.AM26/apacheds-i18n-2.0.0.AM26.jar (45 kB at 97 kB/s)
[INFO] Downloading from central: https://repo.maven.apache.org/maven2/org/apache/directory/server/apacheds-protocol-ldap/2.0.0.AM26/apacheds-protocol-ldap-2.0.0.AM26.jar
[INFO] Downloaded from central: https://repo.maven.apache.org/maven2/org/apache/directory/server/apacheds-protocol-kerberos/2.0.0.AM26/apacheds-protocol-kerberos-2.0.0.AM26.jar (81 kB at 172 kB/s)
[INFO] Downloading from central: https://repo.maven.apache.org/maven2/org/apache/directory/jdbm/apacheds-jdbm1/2.0.0-M3/apacheds-jdbm1-2.0.0-M3.jar
[INFO] Downloaded from central: https://repo.maven.apache.org/maven2/org/apache/directory/api/api-ldap-schema-data/2.0.0/api-ldap-schema-data-2.0.0.jar (666 kB at 1.4 MB/s)
[INFO] Downloading from central: https://repo.maven.apache.org/maven2/org/apache/directory/api/api-asn1-ber/2.0.0/api-asn1-ber-2.0.0.jar
[INFO] Downloaded from central: https://repo.maven.apache.org/maven2/org/apache/mina/mina-core/2.1.3/mina-core-2.1.3.jar (667 kB at 1.4 MB/s)
[INFO] Downloading from central: https://repo.maven.apache.org/maven2/org/apache/directory/api/api-ldap-extras-codec-api/2.0.0/api-ldap-extras-codec-api-2.0.0.jar
[INFO] Downloaded from central: https://repo.maven.apache.org/maven2/org/apache/directory/api/api-asn1-ber/2.0.0/api-asn1-ber-2.0.0.jar (43 kB at 90 kB/s)
[INFO] Downloading from central: https://repo.maven.apache.org/maven2/org/apache/directory/api/api-ldap-extras-codec/2.0.0/api-ldap-extras-codec-2.0.0.jar
[INFO] Downloaded from central: https://repo.maven.apache.org/maven2/org/apache/directory/server/apacheds-kerberos-codec/2.0.0.AM26/apacheds-kerberos-codec-2.0.0.AM26.jar (681 kB at 1.4 MB/s)
[INFO] Downloading from central: https://repo.maven.apache.org/maven2/org/apache/directory/api/api-ldap-extras-sp/2.0.0/api-ldap-extras-sp-2.0.0.jar
[INFO] Downloaded from central: https://repo.maven.apache.org/maven2/org/apache/directory/api/api-ldap-extras-codec-api/2.0.0/api-ldap-extras-codec-api-2.0.0.jar (101 kB at 208 kB/s)
[INFO] Downloading from central: https://repo.maven.apache.org/maven2/org/apache/directory/server/apacheds-protocol-shared/2.0.0.AM26/apacheds-protocol-shared-2.0.0.AM26.jar
[INFO] Downloaded from central: https://repo.maven.apache.org/maven2/org/apache/directory/server/apacheds-protocol-ldap/2.0.0.AM26/apacheds-protocol-ldap-2.0.0.AM26.jar (242 kB at 494 kB/s)
[INFO] Downloading from central: https://repo.maven.apache.org/maven2/org/apache/directory/server/apacheds-server-annotations/2.0.0.AM26/apacheds-server-annotations-2.0.0.AM26.jar
[INFO] Downloaded from central: https://repo.maven.apache.org/maven2/org/apache/directory/api/api-ldap-extras-codec/2.0.0/api-ldap-extras-codec-2.0.0.jar (261 kB at 529 kB/s)
[INFO] Downloading from central: https://repo.maven.apache.org/maven2/org/apache/directory/api/api-ldap-codec-standalone/2.0.0/api-ldap-codec-standalone-2.0.0.jar
[INFO] Downloaded from central: https://repo.maven.apache.org/maven2/org/apache/directory/server/apacheds-protocol-shared/2.0.0.AM26/apacheds-protocol-shared-2.0.0.AM26.jar (33 kB at 66 kB/s)
[INFO] Downloading from central: https://repo.maven.apache.org/maven2/org/apache/directory/api/api-ldap-net-mina/2.0.0/api-ldap-net-mina-2.0.0.jar
[INFO] Downloaded from central: https://repo.maven.apache.org/maven2/org/apache/directory/server/apacheds-server-annotations/2.0.0.AM26/apacheds-server-annotations-2.0.0.AM26.jar (23 kB at 46 kB/s)
[INFO] Downloading from central: https://repo.maven.apache.org/maven2/org/apache/directory/api/api-ldap-model/2.0.0/api-ldap-model-2.0.0.jar
[INFO] Downloaded from central: https://repo.maven.apache.org/maven2/org/apache/directory/jdbm/apacheds-jdbm1/2.0.0-M3/apacheds-jdbm1-2.0.0-M3.jar (105 kB at 209 kB/s)
[INFO] Downloading from central: https://repo.maven.apache.org/maven2/org/apache/servicemix/bundles/org.apache.servicemix.bundles.antlr/2.7.7_5/org.apache.servicemix.bundles.antlr-2.7.7_5.jar
[INFO] Downloaded from central: https://repo.maven.apache.org/maven2/org/apache/directory/api/api-ldap-net-mina/2.0.0/api-ldap-net-mina-2.0.0.jar (17 kB at 34 kB/s)
[INFO] Downloaded from central: https://repo.maven.apache.org/maven2/org/apache/directory/api/api-ldap-extras-sp/2.0.0/api-ldap-extras-sp-2.0.0.jar (13 kB at 26 kB/s)
[INFO] Downloaded from central: https://repo.maven.apache.org/maven2/org/apache/directory/api/api-ldap-codec-standalone/2.0.0/api-ldap-codec-standalone-2.0.0.jar (16 kB at 30 kB/s)
[INFO] Downloaded from central: https://repo.maven.apache.org/maven2/org/apache/servicemix/bundles/org.apache.servicemix.bundles.antlr/2.7.7_5/org.apache.servicemix.bundles.antlr-2.7.7_5.jar (454 kB at 856 kB/s)
[INFO] Downloaded from central: https://repo.maven.apache.org/maven2/org/apache/directory/api/api-ldap-model/2.0.0/api-ldap-model-2.0.0.jar (1.1 MB at 2.0 MB/s)
[INFO] 
[INFO] --- maven-clean-plugin:2.5:clean (default-clean) @ credentialprovider ---
[INFO] Deleting /home/gabsko/breaking-updates/credentialProvider/target
[INFO] 
[INFO] --- flatten-maven-plugin:1.2.7:clean (clean) @ credentialprovider ---
[INFO] Deleting /home/gabsko/breaking-updates/credentialProvider/.flattened-pom.xml
[INFO] 
[INFO] --- directory-maven-plugin:1.0:directory-of (find-project-root-directory) @ credentialprovider ---
[INFO] Directory of org.ibissource:ibis-adapterframework-parent set to: /home/gabsko/breaking-updates
[INFO] 
[INFO] --- glassfish-copyright-maven-plugin:2.4:copyright (Check-CopyRight-Notice) @ credentialprovider ---
[INFO] 
[INFO] --- glassfish-copyright-maven-plugin:2.4:check (Check-CopyRight-Notice) @ credentialprovider ---
[INFO] 
[INFO] --- maven-resources-plugin:2.6:resources (default-resources) @ credentialprovider ---
[INFO] Using 'UTF-8' encoding to copy filtered resources.
[INFO] Copying 1 resource
[INFO] 
[INFO] --- flatten-maven-plugin:1.2.7:clean (clean-and-flatten) @ credentialprovider ---
[INFO] 
[INFO] --- flatten-maven-plugin:1.2.7:flatten (clean-and-flatten) @ credentialprovider ---
[INFO] Generating flattened POM of project org.ibissource:credentialprovider:jar:7.8-SNAPSHOT...
[INFO] 
[INFO] --- maven-compiler-plugin:3.8.1:compile (default-compile) @ credentialprovider ---
[INFO] Changes detected - recompiling the module!
[INFO] Compiling 31 source files to /home/gabsko/breaking-updates/credentialProvider/target/classes
[INFO] /home/gabsko/breaking-updates/credentialProvider/src/main/java/nl/nn/credentialprovider/CredentialFactory.java: Some input files use or override a deprecated API.
[INFO] /home/gabsko/breaking-updates/credentialProvider/src/main/java/nl/nn/credentialprovider/CredentialFactory.java: Recompile with -Xlint:deprecation for details.
[INFO] /home/gabsko/breaking-updates/credentialProvider/src/main/java/nl/nn/credentialprovider/CredentialFactory.java: Some input files use unchecked or unsafe operations.
[INFO] /home/gabsko/breaking-updates/credentialProvider/src/main/java/nl/nn/credentialprovider/CredentialFactory.java: Recompile with -Xlint:unchecked for details.
[INFO] 
[INFO] --- maven-resources-plugin:2.6:testResources (default-testResources) @ credentialprovider ---
[INFO] Using 'UTF-8' encoding to copy filtered resources.
[INFO] Copying 12 resources
[INFO] 
[INFO] --- maven-compiler-plugin:3.8.1:testCompile (default-testCompile) @ credentialprovider ---
[INFO] Changes detected - recompiling the module!
[INFO] Compiling 11 source files to /home/gabsko/breaking-updates/credentialProvider/target/test-classes
[INFO] /home/gabsko/breaking-updates/credentialProvider/src/test/java/org/apache/tomcat/unittest/TesterContext.java: /home/gabsko/breaking-updates/credentialProvider/src/test/java/org/apache/tomcat/unittest/TesterContext.java uses or overrides a deprecated API.
[INFO] /home/gabsko/breaking-updates/credentialProvider/src/test/java/org/apache/tomcat/unittest/TesterContext.java: Recompile with -Xlint:deprecation for details.
[INFO] 
[INFO] --- maven-surefire-plugin:2.22.2:test (default-test) @ credentialprovider ---
[INFO] 
[INFO] -------------------------------------------------------
[INFO]  T E S T S
[INFO] -------------------------------------------------------
[INFO] Running net.wedjaa.ansible.vault.crypto.VaultHandlerTest
[INFO] Tests run: 4, Failures: 0, Errors: 0, Skipped: 0, Time elapsed: 0.341 s - in net.wedjaa.ansible.vault.crypto.VaultHandlerTest
[INFO] Running nl.nn.credentialprovider.CredentialProvidingPropertySourceTest
[INFO] Tests run: 4, Failures: 0, Errors: 0, Skipped: 0, Time elapsed: 0.001 s - in nl.nn.credentialprovider.CredentialProvidingPropertySourceTest
[INFO] Running nl.nn.credentialprovider.MapCredentialsTest
[INFO] Tests run: 6, Failures: 0, Errors: 0, Skipped: 0, Time elapsed: 0.001 s - in nl.nn.credentialprovider.MapCredentialsTest
[INFO] Running nl.nn.credentialprovider.AnsibleVaultCredentialFactoryTest
[WARNING] Tests run: 7, Failures: 0, Errors: 0, Skipped: 7, Time elapsed: 0 s - in nl.nn.credentialprovider.AnsibleVaultCredentialFactoryTest
[INFO] Running nl.nn.credentialprovider.FileSystemCredentialsTest
[WARNING] Tests run: 5, Failures: 0, Errors: 0, Skipped: 5, Time elapsed: 0 s - in nl.nn.credentialprovider.FileSystemCredentialsTest
[INFO] Running nl.nn.credentialprovider.CredentialFactoryTest
[WARNING] Tests run: 1, Failures: 0, Errors: 0, Skipped: 1, Time elapsed: 0.001 s - in nl.nn.credentialprovider.CredentialFactoryTest
[INFO] Running nl.nn.credentialprovider.rolemapping.RoleGroupMapperTest
[INFO] Tests run: 4, Failures: 0, Errors: 0, Skipped: 0, Time elapsed: 4.642 s - in nl.nn.credentialprovider.rolemapping.RoleGroupMapperTest
[INFO] Running nl.nn.credentialprovider.PropertyFileCredentialFactoryTest
[WARNING] Tests run: 6, Failures: 0, Errors: 0, Skipped: 6, Time elapsed: 0.001 s - in nl.nn.credentialprovider.PropertyFileCredentialFactoryTest
[INFO] 
[INFO] Results:
[INFO] 
[WARNING] Tests run: 37, Failures: 0, Errors: 0, Skipped: 19
[INFO] 
[INFO] 
[INFO] -------------< org.ibissource:ibis-adapterframework-core >--------------
[INFO] Building Ibis AdapterFramework core 7.8-SNAPSHOT                  [3/11]
[INFO] --------------------------------[ jar ]---------------------------------
[INFO] Downloading from central: https://repo.maven.apache.org/maven2/org/apache/logging/log4j/log4j-core/2.17.2/log4j-core-2.17.2-tests.jar
[INFO] Downloading from central: https://repo.maven.apache.org/maven2/com/eclipsesource/j2v8/j2v8_win32_x86_64/4.6.0/j2v8_win32_x86_64-4.6.0.jar
[INFO] Downloading from central: https://repo.maven.apache.org/maven2/com/eclipsesource/j2v8/j2v8_win32_x86/4.6.0/j2v8_win32_x86-4.6.0.jar
[INFO] Downloading from central: https://repo.maven.apache.org/maven2/org/mockito/mockito-core/2.24.5/mockito-core-2.24.5.jar
[INFO] Downloading from central: https://repo.maven.apache.org/maven2/net/bytebuddy/byte-buddy/1.9.7/byte-buddy-1.9.7.jar
[INFO] Downloaded from central: https://repo.maven.apache.org/maven2/net/bytebuddy/byte-buddy/1.9.7/byte-buddy-1.9.7.jar (0 B at 0 B/s)
[INFO] Downloading from central: https://repo.maven.apache.org/maven2/net/bytebuddy/byte-buddy-agent/1.9.7/byte-buddy-agent-1.9.7.jar
[INFO] Downloaded from central: https://repo.maven.apache.org/maven2/net/bytebuddy/byte-buddy-agent/1.9.7/byte-buddy-agent-1.9.7.jar (0 B at 0 B/s)
[INFO] Downloading from central: https://repo.maven.apache.org/maven2/com/github/tomakehurst/wiremock/1.58/wiremock-1.58.jar
[INFO] Downloaded from central: https://repo.maven.apache.org/maven2/org/mockito/mockito-core/2.24.5/mockito-core-2.24.5.jar (577 kB at 9.2 MB/s)
[INFO] Downloading from central: https://repo.maven.apache.org/maven2/com/jayway/jsonpath/json-path/0.8.1/json-path-0.8.1.jar
[INFO] Downloaded from central: https://repo.maven.apache.org/maven2/com/github/tomakehurst/wiremock/1.58/wiremock-1.58.jar (227 kB at 3.6 MB/s)
[INFO] Downloading from central: https://repo.maven.apache.org/maven2/org/mariadb/jdbc/mariadb-java-client/2.6.2/mariadb-java-client-2.6.2.jar
[INFO] Downloaded from central: https://repo.maven.apache.org/maven2/com/jayway/jsonpath/json-path/0.8.1/json-path-0.8.1.jar (67 kB at 845 kB/s)
[INFO] Downloading from central: https://repo.maven.apache.org/maven2/com/unboundid/unboundid-ldapsdk/2.3.5/unboundid-ldapsdk-2.3.5.jar
[INFO] Downloaded from central: https://repo.maven.apache.org/maven2/org/mariadb/jdbc/mariadb-java-client/2.6.2/mariadb-java-client-2.6.2.jar (621 kB at 5.1 MB/s)
[INFO] Downloading from central: https://repo.maven.apache.org/maven2/com/networknt/json-schema-validator/1.0.31/json-schema-validator-1.0.31.jar
[INFO] Downloaded from central: https://repo.maven.apache.org/maven2/com/unboundid/unboundid-ldapsdk/2.3.5/unboundid-ldapsdk-2.3.5.jar (1.5 MB at 12 MB/s)
[INFO] Downloaded from central: https://repo.maven.apache.org/maven2/com/networknt/json-schema-validator/1.0.31/json-schema-validator-1.0.31.jar (177 kB at 1.3 MB/s)
[INFO] Downloaded from central: https://repo.maven.apache.org/maven2/com/eclipsesource/j2v8/j2v8_win32_x86_64/4.6.0/j2v8_win32_x86_64-4.6.0.jar (5.5 MB at 38 MB/s)
[INFO] Downloaded from central: https://repo.maven.apache.org/maven2/com/eclipsesource/j2v8/j2v8_win32_x86/4.6.0/j2v8_win32_x86-4.6.0.jar (3.6 MB at 23 MB/s)
[INFO] Downloaded from central: https://repo.maven.apache.org/maven2/org/apache/logging/log4j/log4j-core/2.17.2/log4j-core-2.17.2-tests.jar (1.7 MB at 9.8 MB/s)
[INFO] 
[INFO] --- maven-clean-plugin:2.5:clean (default-clean) @ ibis-adapterframework-core ---
[INFO] Deleting /home/gabsko/breaking-updates/core/target
[INFO] 
[INFO] --- flatten-maven-plugin:1.2.7:clean (clean) @ ibis-adapterframework-core ---
[INFO] Deleting /home/gabsko/breaking-updates/core/.flattened-pom.xml
[INFO] 
[INFO] --- directory-maven-plugin:1.0:directory-of (find-project-root-directory) @ ibis-adapterframework-core ---
[INFO] Directory of org.ibissource:ibis-adapterframework-parent set to: /home/gabsko/breaking-updates
[INFO] 
[INFO] --- glassfish-copyright-maven-plugin:2.4:copyright (Check-CopyRight-Notice) @ ibis-adapterframework-core ---
[INFO] 
[INFO] --- glassfish-copyright-maven-plugin:2.4:check (Check-CopyRight-Notice) @ ibis-adapterframework-core ---
[INFO] 
[INFO] --- maven-resources-plugin:2.6:resources (default-resources) @ ibis-adapterframework-core ---
[INFO] Using 'UTF-8' encoding to copy filtered resources.
[INFO] Copying 103 resources
[INFO] 
[INFO] --- flatten-maven-plugin:1.2.7:clean (clean-and-flatten) @ ibis-adapterframework-core ---
[INFO] 
[INFO] --- flatten-maven-plugin:1.2.7:flatten (clean-and-flatten) @ ibis-adapterframework-core ---
[INFO] Generating flattened POM of project org.ibissource:ibis-adapterframework-core:jar:7.8-SNAPSHOT...
[INFO] 
[INFO] --- maven-compiler-plugin:3.8.1:compile (default-compile) @ ibis-adapterframework-core ---
[INFO] Changes detected - recompiling the module!
[INFO] Compiling 959 source files to /home/gabsko/breaking-updates/core/target/classes
[INFO] /home/gabsko/breaking-updates/core/src/main/java/nl/nn/adapterframework/parameters/Parameter.java: Some input files use or override a deprecated API.
[INFO] /home/gabsko/breaking-updates/core/src/main/java/nl/nn/adapterframework/parameters/Parameter.java: Recompile with -Xlint:deprecation for details.
[INFO] /home/gabsko/breaking-updates/core/src/main/java/nl/nn/adapterframework/stream/Message.java: Some input files use unchecked or unsafe operations.
[INFO] /home/gabsko/breaking-updates/core/src/main/java/nl/nn/adapterframework/stream/Message.java: Recompile with -Xlint:unchecked for details.
[INFO] 
[INFO] --- maven-checkstyle-plugin:3.1.2:check (verify-code-style) @ ibis-adapterframework-core ---
[INFO] You have 0 Checkstyle violations.
[INFO] 
[INFO] --- maven-resources-plugin:2.6:testResources (default-testResources) @ ibis-adapterframework-core ---
[INFO] Using 'UTF-8' encoding to copy filtered resources.
[INFO] Copying 896 resources
[INFO] 
[INFO] --- maven-compiler-plugin:3.8.1:testCompile (default-testCompile) @ ibis-adapterframework-core ---
[INFO] Changes detected - recompiling the module!
[INFO] Compiling 379 source files to /home/gabsko/breaking-updates/core/target/test-classes
[INFO] /home/gabsko/breaking-updates/core/src/test/java/nl/nn/adapterframework/pipes/EtagHandlerPipeTest.java: Some input files use or override a deprecated API.
[INFO] /home/gabsko/breaking-updates/core/src/test/java/nl/nn/adapterframework/pipes/EtagHandlerPipeTest.java: Recompile with -Xlint:deprecation for details.
[INFO] /home/gabsko/breaking-updates/core/src/test/java/nl/nn/adapterframework/http/cxf/MessageContextStub.java: Some input files use unchecked or unsafe operations.
[INFO] /home/gabsko/breaking-updates/core/src/test/java/nl/nn/adapterframework/http/cxf/MessageContextStub.java: Recompile with -Xlint:unchecked for details.
[INFO] 
[INFO] --- maven-surefire-plugin:2.22.2:test (default-test) @ ibis-adapterframework-core ---
[INFO] 
[INFO] -------------------------------------------------------
[INFO]  T E S T S
[INFO] -------------------------------------------------------
[INFO] Running nl.nn.adapterframework.validation.Json2XmlValidatorTest
[WARNING] Tests run: 34, Failures: 0, Errors: 0, Skipped: 2, Time elapsed: 1.774 s - in nl.nn.adapterframework.validation.Json2XmlValidatorTest
[INFO] Running nl.nn.adapterframework.validation.AllXmlValidatorTest
[WARNING] Tests run: 32, Failures: 0, Errors: 0, Skipped: 2, Time elapsed: 0.353 s - in nl.nn.adapterframework.validation.AllXmlValidatorTest
[INFO] Running nl.nn.adapterframework.validation.XSDTest
[INFO] Tests run: 5, Failures: 0, Errors: 0, Skipped: 0, Time elapsed: 0.008 s - in nl.nn.adapterframework.validation.XSDTest
[INFO] Running nl.nn.adapterframework.validation.Json2XmlValidatorSmileyTest
[INFO] Tests run: 6, Failures: 0, Errors: 0, Skipped: 0, Time elapsed: 0.023 s - in nl.nn.adapterframework.validation.Json2XmlValidatorSmileyTest
[INFO] Running nl.nn.adapterframework.validation.SingleXmlValidatorEntityResolvingTest
[INFO] Tests run: 4, Failures: 0, Errors: 0, Skipped: 0, Time elapsed: 0.114 s - in nl.nn.adapterframework.validation.SingleXmlValidatorEntityResolvingTest
[INFO] Running nl.nn.adapterframework.validation.XmlValidatorExtraTest
[INFO] Tests run: 8, Failures: 0, Errors: 0, Skipped: 0, Time elapsed: 1.113 s - in nl.nn.adapterframework.validation.XmlValidatorExtraTest
[INFO] Running nl.nn.adapterframework.validation.SingleXmlValidatorTest
[WARNING] Tests run: 16, Failures: 0, Errors: 0, Skipped: 1, Time elapsed: 0.092 s - in nl.nn.adapterframework.validation.SingleXmlValidatorTest
[INFO] Running nl.nn.adapterframework.validation.ValidatorEntityExpansionTest
[INFO] Tests run: 8, Failures: 0, Errors: 0, Skipped: 0, Time elapsed: 0.079 s - in nl.nn.adapterframework.validation.ValidatorEntityExpansionTest
[INFO] Running nl.nn.adapterframework.validation.SingleJson2XmlValidatorTest
[WARNING] Tests run: 17, Failures: 0, Errors: 0, Skipped: 1, Time elapsed: 0.213 s - in nl.nn.adapterframework.validation.SingleJson2XmlValidatorTest
[INFO] Running nl.nn.adapterframework.scheduler.SchedulerSenderTest
[INFO] Tests run: 7, Failures: 0, Errors: 0, Skipped: 0, Time elapsed: 0.053 s - in nl.nn.adapterframework.scheduler.SchedulerSenderTest
[INFO] Running nl.nn.adapterframework.scheduler.SchedulerAdapterTest
[INFO] Tests run: 9, Failures: 0, Errors: 0, Skipped: 0, Time elapsed: 0.045 s - in nl.nn.adapterframework.scheduler.SchedulerAdapterTest
[INFO] Running nl.nn.adapterframework.scheduler.DatabaseSchedulerTest
[INFO] Tests run: 1, Failures: 0, Errors: 0, Skipped: 0, Time elapsed: 1.249 s - in nl.nn.adapterframework.scheduler.DatabaseSchedulerTest
[INFO] Running nl.nn.adapterframework.scheduler.CleanupDatabaseJobTest
[INFO] Tests run: 3, Failures: 0, Errors: 0, Skipped: 0, Time elapsed: 2.456 s - in nl.nn.adapterframework.scheduler.CleanupDatabaseJobTest
[INFO] Running nl.nn.adapterframework.scheduler.CheckReloadJobTest
[INFO] Tests run: 2, Failures: 0, Errors: 0, Skipped: 0, Time elapsed: 0.128 s - in nl.nn.adapterframework.scheduler.CheckReloadJobTest
[INFO] Running nl.nn.adapterframework.scheduler.SchedulerHelperTest
[INFO] Tests run: 13, Failures: 0, Errors: 0, Skipped: 0, Time elapsed: 0.006 s - in nl.nn.adapterframework.scheduler.SchedulerHelperTest
[INFO] Running nl.nn.adapterframework.scheduler.IbisJobDetailTest
[INFO] Tests run: 17, Failures: 0, Errors: 0, Skipped: 0, Time elapsed: 0.317 s - in nl.nn.adapterframework.scheduler.IbisJobDetailTest
[INFO] Running nl.nn.adapterframework.extensions.fxf.FxfWrapperPipeTest
[INFO] Tests run: 5, Failures: 0, Errors: 0, Skipped: 0, Time elapsed: 0.06 s - in nl.nn.adapterframework.extensions.fxf.FxfWrapperPipeTest
[INFO] Running nl.nn.adapterframework.extensions.fxf.FxfXmlValidatorTest
[INFO] Tests run: 2, Failures: 0, Errors: 0, Skipped: 0, Time elapsed: 0.061 s - in nl.nn.adapterframework.extensions.fxf.FxfXmlValidatorTest
[INFO] Running nl.nn.adapterframework.extensions.javascript.NashornTest
[INFO] Tests run: 6, Failures: 0, Errors: 0, Skipped: 0, Time elapsed: 0.687 s - in nl.nn.adapterframework.extensions.javascript.NashornTest
[INFO] Running nl.nn.adapterframework.extensions.javascript.JavascriptSenderCallbackTest
[INFO] Tests run: 6, Failures: 0, Errors: 0, Skipped: 0, Time elapsed: 0.452 s - in nl.nn.adapterframework.extensions.javascript.JavascriptSenderCallbackTest
[INFO] Running nl.nn.adapterframework.extensions.javascript.JavascriptSenderTest
[WARNING] Tests run: 42, Failures: 0, Errors: 0, Skipped: 3, Time elapsed: 0.82 s - in nl.nn.adapterframework.extensions.javascript.JavascriptSenderTest
[INFO] Running nl.nn.adapterframework.lifecycle.ServletManagerTest
[INFO] Tests run: 11, Failures: 0, Errors: 0, Skipped: 0, Time elapsed: 0.009 s - in nl.nn.adapterframework.lifecycle.ServletManagerTest
[INFO] Running nl.nn.adapterframework.ldap.LdapSenderTest
[INFO] Tests run: 6, Failures: 0, Errors: 0, Skipped: 0, Time elapsed: 0.438 s - in nl.nn.adapterframework.ldap.LdapSenderTest
[INFO] Running nl.nn.adapterframework.xslt.ParallelXsltTest
[WARNING] Tests run: 117, Failures: 0, Errors: 0, Skipped: 3, Time elapsed: 3.011 s - in nl.nn.adapterframework.xslt.ParallelXsltTest
[INFO] Running nl.nn.adapterframework.xslt.XsltSenderTest
[WARNING] Tests run: 200, Failures: 0, Errors: 0, Skipped: 5, Time elapsed: 1.041 s - in nl.nn.adapterframework.xslt.XsltSenderTest
[INFO] Running nl.nn.adapterframework.xslt.XsltPipeTest
[WARNING] Tests run: 200, Failures: 0, Errors: 0, Skipped: 7, Time elapsed: 0.976 s - in nl.nn.adapterframework.xslt.XsltPipeTest
[INFO] Running nl.nn.adapterframework.xslt.XsltExceptionTest
[INFO] Tests run: 2, Failures: 0, Errors: 0, Skipped: 0, Time elapsed: 0 s - in nl.nn.adapterframework.xslt.XsltExceptionTest
[INFO] Running nl.nn.adapterframework.soap.SoapWrapperTest
[INFO] Tests run: 11, Failures: 0, Errors: 0, Skipped: 0, Time elapsed: 0.239 s - in nl.nn.adapterframework.soap.SoapWrapperTest
[INFO] Running nl.nn.adapterframework.soap.WsdlTest
[WARNING] Tests run: 24, Failures: 0, Errors: 0, Skipped: 2, Time elapsed: 0.551 s - in nl.nn.adapterframework.soap.WsdlTest
[INFO] Running nl.nn.adapterframework.soap.WsdlGeneratorTest
[INFO] Tests run: 2, Failures: 0, Errors: 0, Skipped: 0, Time elapsed: 0.008 s - in nl.nn.adapterframework.soap.WsdlGeneratorTest
[INFO] Running nl.nn.adapterframework.soap.SoapValidatorTest
[WARNING] Tests run: 10, Failures: 0, Errors: 0, Skipped: 2, Time elapsed: 0.151 s - in nl.nn.adapterframework.soap.SoapValidatorTest
[INFO] Running nl.nn.adapterframework.processors.InputOutputSenderWrapperProcessorTest
[INFO] Tests run: 9, Failures: 0, Errors: 0, Skipped: 0, Time elapsed: 0.001 s - in nl.nn.adapterframework.processors.InputOutputSenderWrapperProcessorTest
[INFO] Running nl.nn.adapterframework.processors.InputOutputPipeProcessorTest
[INFO] Tests run: 4, Failures: 0, Errors: 0, Skipped: 0, Time elapsed: 0.001 s - in nl.nn.adapterframework.processors.InputOutputPipeProcessorTest
[INFO] Running nl.nn.adapterframework.http.WebServiceSenderTest
[INFO] Tests run: 6, Failures: 0, Errors: 0, Skipped: 0, Time elapsed: 0.325 s - in nl.nn.adapterframework.http.WebServiceSenderTest
[INFO] Running nl.nn.adapterframework.http.HttpSenderTest
[INFO] Tests run: 47, Failures: 0, Errors: 0, Skipped: 0, Time elapsed: 0.354 s - in nl.nn.adapterframework.http.HttpSenderTest
[INFO] Running nl.nn.adapterframework.http.cxf.SoapProviderTest
[INFO] Tests run: 14, Failures: 0, Errors: 0, Skipped: 0, Time elapsed: 0.248 s - in nl.nn.adapterframework.http.cxf.SoapProviderTest
[INFO] Running nl.nn.adapterframework.http.rest.ApiListenerServletTest
[INFO] Tests run: 46, Failures: 0, Errors: 0, Skipped: 0, Time elapsed: 1.174 s - in nl.nn.adapterframework.http.rest.ApiListenerServletTest
[INFO] Running nl.nn.adapterframework.http.rest.ApiServiceDispatcherTest
[INFO] Tests run: 2, Failures: 0, Errors: 0, Skipped: 0, Time elapsed: 0.044 s - in nl.nn.adapterframework.http.rest.ApiServiceDispatcherTest
[INFO] Running nl.nn.adapterframework.http.rest.OpenApiTest
[INFO] Tests run: 20, Failures: 0, Errors: 0, Skipped: 0, Time elapsed: 0.746 s - in nl.nn.adapterframework.http.rest.OpenApiTest
[INFO] Running nl.nn.adapterframework.http.rest.ContentTypeTest
[INFO] Tests run: 5, Failures: 0, Errors: 0, Skipped: 0, Time elapsed: 0.034 s - in nl.nn.adapterframework.http.rest.ContentTypeTest
[INFO] Running nl.nn.adapterframework.http.rest.ApiListenerTest
[INFO] Tests run: 13, Failures: 0, Errors: 0, Skipped: 0, Time elapsed: 0 s - in nl.nn.adapterframework.http.rest.ApiListenerTest
[INFO] Running nl.nn.adapterframework.http.rest.ApiListenerPatternsTest
[INFO] Tests run: 30, Failures: 0, Errors: 0, Skipped: 0, Time elapsed: 0 s - in nl.nn.adapterframework.http.rest.ApiListenerPatternsTest
[INFO] Running nl.nn.adapterframework.http.rest.MediaTypeTest
[INFO] Tests run: 8, Failures: 0, Errors: 0, Skipped: 0, Time elapsed: 0 s - in nl.nn.adapterframework.http.rest.MediaTypeTest
[INFO] Running nl.nn.adapterframework.http.MultipartHttpSenderTest
[INFO] Tests run: 6, Failures: 0, Errors: 0, Skipped: 0, Time elapsed: 0.107 s - in nl.nn.adapterframework.http.MultipartHttpSenderTest
[INFO] Running nl.nn.adapterframework.http.PartMessageTest
[INFO] Tests run: 5, Failures: 0, Errors: 0, Skipped: 0, Time elapsed: 0.005 s - in nl.nn.adapterframework.http.PartMessageTest
[INFO] Running nl.nn.adapterframework.http.authentication.OAuthAccessTokenManagerTest
[INFO] Tests run: 8, Failures: 0, Errors: 0, Skipped: 0, Time elapsed: 1.342 s - in nl.nn.adapterframework.http.authentication.OAuthAccessTokenManagerTest
[INFO] Running nl.nn.adapterframework.http.authentication.HttpSenderAuthenticationTest
[WARNING] Tests run: 12, Failures: 0, Errors: 0, Skipped: 1, Time elapsed: 2.424 s - in nl.nn.adapterframework.http.authentication.HttpSenderAuthenticationTest
[INFO] Running nl.nn.adapterframework.http.RestSenderTest
[INFO] Tests run: 3, Failures: 0, Errors: 0, Skipped: 0, Time elapsed: 0.101 s - in nl.nn.adapterframework.http.RestSenderTest
[INFO] Running nl.nn.adapterframework.http.HttpSenderResultTest
[INFO] Tests run: 10, Failures: 0, Errors: 0, Skipped: 0, Time elapsed: 0.037 s - in nl.nn.adapterframework.http.HttpSenderResultTest
[INFO] Running nl.nn.adapterframework.http.WebServiceSenderResultTest
[INFO] Tests run: 5, Failures: 0, Errors: 0, Skipped: 0, Time elapsed: 0.031 s - in nl.nn.adapterframework.http.WebServiceSenderResultTest
[INFO] Running nl.nn.adapterframework.http.mime.MultipartUtilsTest
[INFO] Tests run: 5, Failures: 0, Errors: 0, Skipped: 0, Time elapsed: 0 s - in nl.nn.adapterframework.http.mime.MultipartUtilsTest
[INFO] Running nl.nn.adapterframework.core.JndiContextPrefixFactoryTest
[INFO] Tests run: 3, Failures: 0, Errors: 0, Skipped: 0, Time elapsed: 0 s - in nl.nn.adapterframework.core.JndiContextPrefixFactoryTest
[INFO] Running nl.nn.adapterframework.core.ResourceTest
[WARNING] Tests run: 7, Failures: 0, Errors: 0, Skipped: 1, Time elapsed: 0 s - in nl.nn.adapterframework.core.ResourceTest
[INFO] Running nl.nn.adapterframework.core.IbisExceptionTest
[INFO] Tests run: 13, Failures: 0, Errors: 0, Skipped: 0, Time elapsed: 0.001 s - in nl.nn.adapterframework.core.IbisExceptionTest
[INFO] Running nl.nn.adapterframework.core.PipeLineSessionTest
[INFO] Tests run: 10, Failures: 0, Errors: 0, Skipped: 0, Time elapsed: 0 s - in nl.nn.adapterframework.core.PipeLineSessionTest
[INFO] Running nl.nn.adapterframework.core.PipeLineSessionBaseTest
[INFO] Tests run: 7, Failures: 0, Errors: 0, Skipped: 0, Time elapsed: 0 s - in nl.nn.adapterframework.core.PipeLineSessionBaseTest
[INFO] Running nl.nn.adapterframework.core.PipeLineTest
[INFO] Tests run: 7, Failures: 0, Errors: 0, Skipped: 0, Time elapsed: 0.135 s - in nl.nn.adapterframework.core.PipeLineTest
[INFO] Running nl.nn.adapterframework.core.SpringConfigurationXmlPropertyResolver
[INFO] Tests run: 1, Failures: 0, Errors: 0, Skipped: 0, Time elapsed: 0.094 s - in nl.nn.adapterframework.core.SpringConfigurationXmlPropertyResolver
[INFO] Running nl.nn.adapterframework.jms.JmsFacadeDocumentedEnumTest
[INFO] Tests run: 4, Failures: 0, Errors: 0, Skipped: 0, Time elapsed: 0.002 s - in nl.nn.adapterframework.jms.JmsFacadeDocumentedEnumTest
[INFO] Running nl.nn.adapterframework.jms.JmsRealmFactoryTest
[INFO] Tests run: 3, Failures: 0, Errors: 0, Skipped: 0, Time elapsed: 0 s - in nl.nn.adapterframework.jms.JmsRealmFactoryTest
[INFO] Running nl.nn.adapterframework.parameters.ParameterListTest
[INFO] Tests run: 2, Failures: 0, Errors: 0, Skipped: 0, Time elapsed: 0 s - in nl.nn.adapterframework.parameters.ParameterListTest
[INFO] Running nl.nn.adapterframework.parameters.ParameterValueListTest
[INFO] Tests run: 2, Failures: 0, Errors: 0, Skipped: 0, Time elapsed: 0 s - in nl.nn.adapterframework.parameters.ParameterValueListTest
[INFO] Running nl.nn.adapterframework.parameters.ParameterTest
[INFO] Tests run: 71, Failures: 0, Errors: 0, Skipped: 0, Time elapsed: 0.155 s - in nl.nn.adapterframework.parameters.ParameterTest
[INFO] Running nl.nn.adapterframework.webcontrol.api.ApiTestBaseTest
[INFO] Tests run: 1, Failures: 0, Errors: 0, Skipped: 0, Time elapsed: 0 s - in nl.nn.adapterframework.webcontrol.api.ApiTestBaseTest
[INFO] Running nl.nn.adapterframework.webcontrol.api.TestPipelineTest
[INFO] Tests run: 2, Failures: 0, Errors: 0, Skipped: 0, Time elapsed: 2.272 s - in nl.nn.adapterframework.webcontrol.api.TestPipelineTest
[INFO] Running nl.nn.adapterframework.webcontrol.api.TestLoggingSettings
[INFO] Tests run: 4, Failures: 0, Errors: 0, Skipped: 0, Time elapsed: 4.141 s - in nl.nn.adapterframework.webcontrol.api.TestLoggingSettings
[INFO] Running nl.nn.adapterframework.webcontrol.api.ServerStatisticsTest
[INFO] Tests run: 3, Failures: 0, Errors: 0, Skipped: 0, Time elapsed: 3.107 s - in nl.nn.adapterframework.webcontrol.api.ServerStatisticsTest
[INFO] Running nl.nn.adapterframework.webcontrol.api.ApiTestBaseTest$TestApi
[INFO] Tests run: 3, Failures: 0, Errors: 0, Skipped: 0, Time elapsed: 3.078 s - in nl.nn.adapterframework.webcontrol.api.ApiTestBaseTest$TestApi
[INFO] Running nl.nn.adapterframework.encryption.AuthenticationContextFactoryTest
[INFO] Tests run: 6, Failures: 0, Errors: 0, Skipped: 0, Time elapsed: 0.006 s - in nl.nn.adapterframework.encryption.AuthenticationContextFactoryTest
[INFO] Running nl.nn.adapterframework.encryption.PkiUtilTest
[INFO] Tests run: 2, Failures: 0, Errors: 0, Skipped: 0, Time elapsed: 0.001 s - in nl.nn.adapterframework.encryption.PkiUtilTest
[INFO] Running nl.nn.adapterframework.align.TestXml2Map
[WARNING] Tests run: 31, Failures: 0, Errors: 0, Skipped: 2, Time elapsed: 0.08 s - in nl.nn.adapterframework.align.TestXml2Map
[INFO] Running nl.nn.adapterframework.align.TestAlignXml
[INFO] Tests run: 20, Failures: 0, Errors: 0, Skipped: 0, Time elapsed: 0.079 s - in nl.nn.adapterframework.align.TestAlignXml
[INFO] Running nl.nn.adapterframework.align.TestValidations
[INFO] Tests run: 2, Failures: 0, Errors: 0, Skipped: 0, Time elapsed: 0.033 s - in nl.nn.adapterframework.align.TestValidations
[INFO] Running nl.nn.adapterframework.align.TestAlignNamespacesXml
[WARNING] Tests run: 31, Failures: 0, Errors: 0, Skipped: 1, Time elapsed: 0.114 s - in nl.nn.adapterframework.align.TestAlignNamespacesXml
[INFO] Running nl.nn.adapterframework.align.TestXmlSchema2JsonSchema
[INFO] Tests run: 31, Failures: 0, Errors: 0, Skipped: 0, Time elapsed: 0.423 s - in nl.nn.adapterframework.align.TestXmlSchema2JsonSchema
[INFO] Running nl.nn.adapterframework.align.OverridesMapTest
[INFO] Tests run: 1, Failures: 0, Errors: 0, Skipped: 0, Time elapsed: 0 s - in nl.nn.adapterframework.align.OverridesMapTest
[INFO] Running nl.nn.adapterframework.align.content.JsonElementContainerTest
[INFO] Tests run: 1, Failures: 0, Errors: 0, Skipped: 0, Time elapsed: 0 s - in nl.nn.adapterframework.align.content.JsonElementContainerTest
[INFO] Running nl.nn.adapterframework.align.TestDomTreeAligner
[WARNING] Tests run: 32, Failures: 0, Errors: 0, Skipped: 2, Time elapsed: 0.558 s - in nl.nn.adapterframework.align.TestDomTreeAligner
[INFO] Running nl.nn.adapterframework.align.TestXml2Json
[WARNING] Tests run: 32, Failures: 0, Errors: 0, Skipped: 1, Time elapsed: 0.506 s - in nl.nn.adapterframework.align.TestXml2Json
[INFO] Running nl.nn.adapterframework.align.TestJson2Xml
[INFO] Tests run: 38, Failures: 0, Errors: 0, Skipped: 0, Time elapsed: 0.859 s - in nl.nn.adapterframework.align.TestJson2Xml
[INFO] Running nl.nn.adapterframework.align.TestMap2Xml
[WARNING] Tests run: 32, Failures: 0, Errors: 0, Skipped: 12, Time elapsed: 0.081 s - in nl.nn.adapterframework.align.TestMap2Xml
[INFO] Running nl.nn.adapterframework.util.EnumUtilsTest
[INFO] Tests run: 11, Failures: 0, Errors: 0, Skipped: 0, Time elapsed: 0 s - in nl.nn.adapterframework.util.EnumUtilsTest
[INFO] Running nl.nn.adapterframework.util.XmlUtilsTest
[INFO] Tests run: 11, Failures: 0, Errors: 0, Skipped: 0, Time elapsed: 0.102 s - in nl.nn.adapterframework.util.XmlUtilsTest
[INFO] Running nl.nn.adapterframework.util.FileHandlerTest
[INFO] Tests run: 17, Failures: 0, Errors: 0, Skipped: 0, Time elapsed: 0.031 s - in nl.nn.adapterframework.util.FileHandlerTest
[INFO] Running nl.nn.adapterframework.util.XpathTest
[INFO] Tests run: 11, Failures: 0, Errors: 0, Skipped: 0, Time elapsed: 0.034 s - in nl.nn.adapterframework.util.XpathTest
[INFO] Running nl.nn.adapterframework.util.CounterTest
[INFO] Tests run: 7, Failures: 0, Errors: 0, Skipped: 0, Time elapsed: 0 s - in nl.nn.adapterframework.util.CounterTest
[INFO] Running nl.nn.adapterframework.util.XsltStreamingTest
[INFO] Tests run: 1, Failures: 0, Errors: 0, Skipped: 0, Time elapsed: 0.004 s - in nl.nn.adapterframework.util.XsltStreamingTest
[INFO] Running nl.nn.adapterframework.util.XmlParserTest
[WARNING] Tests run: 4, Failures: 0, Errors: 0, Skipped: 1, Time elapsed: 0 s - in nl.nn.adapterframework.util.XmlParserTest
[INFO] Running nl.nn.adapterframework.util.FileUtilsTest
[WARNING] Tests run: 34, Failures: 0, Errors: 0, Skipped: 1, Time elapsed: 0.001 s - in nl.nn.adapterframework.util.FileUtilsTest
[INFO] Running nl.nn.adapterframework.util.TransformerPoolTest
[INFO] Tests run: 4, Failures: 0, Errors: 0, Skipped: 0, Time elapsed: 0.006 s - in nl.nn.adapterframework.util.TransformerPoolTest
[INFO] Running nl.nn.adapterframework.util.MiscTest
[INFO] Tests run: 56, Failures: 0, Errors: 0, Skipped: 0, Time elapsed: 0.006 s - in nl.nn.adapterframework.util.MiscTest
[INFO] Running nl.nn.adapterframework.util.LockerTest
[INFO] Tests run: 27, Failures: 0, Errors: 0, Skipped: 0, Time elapsed: 9.741 s - in nl.nn.adapterframework.util.LockerTest
[INFO] Running nl.nn.adapterframework.util.StringResolverTest
[INFO] Tests run: 16, Failures: 0, Errors: 0, Skipped: 0, Time elapsed: 0 s - in nl.nn.adapterframework.util.StringResolverTest
[INFO] Running nl.nn.adapterframework.util.SizeLimitedVectorTest
[INFO] Tests run: 3, Failures: 0, Errors: 0, Skipped: 0, Time elapsed: 0 s - in nl.nn.adapterframework.util.SizeLimitedVectorTest
[INFO] Running nl.nn.adapterframework.util.MessageBrowsingFilterTest
[INFO] Tests run: 18, Failures: 0, Errors: 0, Skipped: 0, Time elapsed: 0.978 s - in nl.nn.adapterframework.util.MessageBrowsingFilterTest
[INFO] Running nl.nn.adapterframework.util.XmlBuilderTest
[INFO] Tests run: 9, Failures: 0, Errors: 0, Skipped: 0, Time elapsed: 0.002 s - in nl.nn.adapterframework.util.XmlBuilderTest
[INFO] Running nl.nn.adapterframework.util.XsdUtilsTest
[INFO] Tests run: 3, Failures: 0, Errors: 0, Skipped: 0, Time elapsed: 0 s - in nl.nn.adapterframework.util.XsdUtilsTest
[INFO] Running nl.nn.adapterframework.util.FileNameComparatorTest
[INFO] Tests run: 5, Failures: 0, Errors: 0, Skipped: 0, Time elapsed: 0 s - in nl.nn.adapterframework.util.FileNameComparatorTest
[INFO] Running nl.nn.adapterframework.util.ClassUtilsTest
[INFO] Tests run: 36, Failures: 0, Errors: 0, Skipped: 0, Time elapsed: 0 s - in nl.nn.adapterframework.util.ClassUtilsTest
[INFO] Running nl.nn.adapterframework.util.StreamUtilTest
[INFO] Tests run: 10, Failures: 0, Errors: 0, Skipped: 0, Time elapsed: 0.003 s - in nl.nn.adapterframework.util.StreamUtilTest
[INFO] Running nl.nn.adapterframework.util.TransformerPoolNamespaceUnawarenessTest
[INFO] Tests run: 10, Failures: 0, Errors: 0, Skipped: 0, Time elapsed: 0.039 s - in nl.nn.adapterframework.util.TransformerPoolNamespaceUnawarenessTest
[INFO] Running nl.nn.adapterframework.util.flow.graphviz.OptionsTest
[INFO] Tests run: 9, Failures: 0, Errors: 0, Skipped: 0, Time elapsed: 0 s - in nl.nn.adapterframework.util.flow.graphviz.OptionsTest
[INFO] Running nl.nn.adapterframework.util.flow.graphviz.GraphvizEngineTest
[INFO] Tests run: 11, Failures: 0, Errors: 0, Skipped: 0, Time elapsed: 5.188 s - in nl.nn.adapterframework.util.flow.graphviz.GraphvizEngineTest
[INFO] Running nl.nn.adapterframework.util.flow.graphviz.FormatTest
[INFO] Tests run: 8, Failures: 0, Errors: 0, Skipped: 0, Time elapsed: 0.001 s - in nl.nn.adapterframework.util.flow.graphviz.FormatTest
[INFO] Running nl.nn.adapterframework.util.flow.MermaidFlowGeneratorTest
[INFO] Tests run: 3, Failures: 0, Errors: 0, Skipped: 0, Time elapsed: 0.179 s - in nl.nn.adapterframework.util.flow.MermaidFlowGeneratorTest
[INFO] Running nl.nn.adapterframework.util.flow.FlowDiagramTest
[INFO] Tests run: 4, Failures: 0, Errors: 0, Skipped: 0, Time elapsed: 0.623 s - in nl.nn.adapterframework.util.flow.FlowDiagramTest
[INFO] Running nl.nn.adapterframework.util.MiscBinarySearchTest
[INFO] Tests run: 8, Failures: 0, Errors: 0, Skipped: 0, Time elapsed: 0 s - in nl.nn.adapterframework.util.MiscBinarySearchTest
[INFO] Running nl.nn.adapterframework.util.EntityResolvingTest
[INFO] Tests run: 4, Failures: 0, Errors: 0, Skipped: 0, Time elapsed: 0.126 s - in nl.nn.adapterframework.util.EntityResolvingTest
[INFO] Running nl.nn.adapterframework.util.AppConstantsTest
[INFO] Tests run: 22, Failures: 0, Errors: 0, Skipped: 0, Time elapsed: 0.01 s - in nl.nn.adapterframework.util.AppConstantsTest
[INFO] Running nl.nn.adapterframework.util.FilenameUtilsTest
[INFO] Tests run: 28, Failures: 0, Errors: 0, Skipped: 0, Time elapsed: 0 s - in nl.nn.adapterframework.util.FilenameUtilsTest
[INFO] Running nl.nn.adapterframework.util.CredentialFactoryTest
[INFO] Tests run: 5, Failures: 0, Errors: 0, Skipped: 0, Time elapsed: 0 s - in nl.nn.adapterframework.util.CredentialFactoryTest
[INFO] Running nl.nn.adapterframework.util.JdbcUtilTest
[INFO] Tests run: 3, Failures: 0, Errors: 0, Skipped: 0, Time elapsed: 0.01 s - in nl.nn.adapterframework.util.JdbcUtilTest
[INFO] Running nl.nn.adapterframework.util.DateUtilsTest
[ERROR] Tests run: 17, Failures: 10, Errors: 0, Skipped: 0, Time elapsed: 0.006 s <<< FAILURE! - in nl.nn.adapterframework.util.DateUtilsTest
[ERROR] testParseToDate(nl.nn.adapterframework.util.DateUtilsTest)  Time elapsed: 0.001 s  <<< FAILURE!
java.lang.AssertionError: expected:<1380924000000> but was:<1380931200000>
	at nl.nn.adapterframework.util.DateUtilsTest.testParseToDate(DateUtilsTest.java:78)

[ERROR] testFormatDate(nl.nn.adapterframework.util.DateUtilsTest)  Time elapsed: 0.002 s  <<< FAILURE!
org.junit.ComparisonFailure: expected:<2013-10-0[5 00]:00:00.000> but was:<2013-10-0[4 22]:00:00.000>
	at nl.nn.adapterframework.util.DateUtilsTest.testFormatDate(DateUtilsTest.java:64)

[ERROR] testFormatLong(nl.nn.adapterframework.util.DateUtilsTest)  Time elapsed: 0 s  <<< FAILURE!
org.junit.ComparisonFailure: expected:<2013-10-0[5 00]:00:00.000> but was:<2013-10-0[4 22]:00:00.000>
	at nl.nn.adapterframework.util.DateUtilsTest.testFormatLong(DateUtilsTest.java:58)

[ERROR] testFormatForDateDateFormat(nl.nn.adapterframework.util.DateUtilsTest)  Time elapsed: 0 s  <<< FAILURE!
org.junit.ComparisonFailure: expected:<1970-01-18 0[9]:40:00.000> but was:<1970-01-18 0[8]:40:00.000>
	at nl.nn.adapterframework.util.DateUtilsTest.testFormatForDateDateFormat(DateUtilsTest.java:71)

[ERROR] testParseAnyDate1(nl.nn.adapterframework.util.DateUtilsTest)  Time elapsed: 0.001 s  <<< FAILURE!
java.lang.AssertionError: expected:<1386630000000> but was:<1386633600000>
	at nl.nn.adapterframework.util.DateUtilsTest.testParseAnyDate1(DateUtilsTest.java:119)

[ERROR] testParseAnyDate2(nl.nn.adapterframework.util.DateUtilsTest)  Time elapsed: 0 s  <<< FAILURE!
java.lang.AssertionError: expected:<1386675703000> but was:<1386679303000>
	at nl.nn.adapterframework.util.DateUtilsTest.testParseAnyDate2(DateUtilsTest.java:125)

[ERROR] testParseAnyDate3(nl.nn.adapterframework.util.DateUtilsTest)  Time elapsed: 0 s  <<< FAILURE!
java.lang.AssertionError: expected:<907559233000> but was:<907566433000>
	at nl.nn.adapterframework.util.DateUtilsTest.testParseAnyDate3(DateUtilsTest.java:131)

[ERROR] testParseToDateFullYear(nl.nn.adapterframework.util.DateUtilsTest)  Time elapsed: 0 s  <<< FAILURE!
java.lang.AssertionError: expected:<1412460000000> but was:<1412467200000>
	at nl.nn.adapterframework.util.DateUtilsTest.testParseToDateFullYear(DateUtilsTest.java:84)

[ERROR] testParseXmlDate(nl.nn.adapterframework.util.DateUtilsTest)  Time elapsed: 0 s  <<< FAILURE!
java.lang.AssertionError: expected:<1386630000000> but was:<1386633600000>
	at nl.nn.adapterframework.util.DateUtilsTest.testParseXmlDate(DateUtilsTest.java:102)

[ERROR] testParseXmlDateTime(nl.nn.adapterframework.util.DateUtilsTest)  Time elapsed: 0 s  <<< FAILURE!
java.lang.AssertionError: expected:<1386675703000> but was:<1386679303000>
	at nl.nn.adapterframework.util.DateUtilsTest.testParseXmlDateTime(DateUtilsTest.java:108)

[INFO] Running nl.nn.adapterframework.util.MessageUtilsCharsetDetectionTest
[WARNING] Tests run: 10, Failures: 0, Errors: 0, Skipped: 1, Time elapsed: 0.021 s - in nl.nn.adapterframework.util.MessageUtilsCharsetDetectionTest
[INFO] Running nl.nn.adapterframework.util.MessageUtilsTest
[INFO] Tests run: 2, Failures: 0, Errors: 0, Skipped: 0, Time elapsed: 0 s - in nl.nn.adapterframework.util.MessageUtilsTest
[INFO] Running nl.nn.adapterframework.receivers.MessageStoreListenerTest
[INFO] Tests run: 2, Failures: 0, Errors: 0, Skipped: 0, Time elapsed: 0.108 s - in nl.nn.adapterframework.receivers.MessageStoreListenerTest
[INFO] Running nl.nn.adapterframework.receivers.MessageWrapperTest
[INFO] Tests run: 8, Failures: 0, Errors: 0, Skipped: 0, Time elapsed: 0.001 s - in nl.nn.adapterframework.receivers.MessageWrapperTest
[INFO] Running nl.nn.adapterframework.receivers.ReceiverTest
[INFO] Tests run: 5, Failures: 0, Errors: 0, Skipped: 0, Time elapsed: 7.572 s - in nl.nn.adapterframework.receivers.ReceiverTest
[INFO] Running nl.nn.adapterframework.configuration.ClassLoaderManagerTest
[INFO] Tests run: 112, Failures: 0, Errors: 0, Skipped: 0, Time elapsed: 0.318 s - in nl.nn.adapterframework.configuration.ClassLoaderManagerTest
[INFO] Running nl.nn.adapterframework.configuration.TestPropertyInheritanceWithSpring
[INFO] Tests run: 1, Failures: 0, Errors: 0, Skipped: 0, Time elapsed: 0 s - in nl.nn.adapterframework.configuration.TestPropertyInheritanceWithSpring
[INFO] Running nl.nn.adapterframework.configuration.BuildInfoValidatorTest
[INFO] Tests run: 5, Failures: 0, Errors: 0, Skipped: 0, Time elapsed: 0 s - in nl.nn.adapterframework.configuration.BuildInfoValidatorTest
[INFO] Running nl.nn.adapterframework.configuration.ApplicationMessageEventTest
[INFO] Tests run: 3, Failures: 0, Errors: 0, Skipped: 0, Time elapsed: 0.02 s - in nl.nn.adapterframework.configuration.ApplicationMessageEventTest
[INFO] Running nl.nn.adapterframework.configuration.classloaders.JarFileClassLoaderTest
[INFO] Tests run: 23, Failures: 0, Errors: 0, Skipped: 0, Time elapsed: 0.012 s - in nl.nn.adapterframework.configuration.classloaders.JarFileClassLoaderTest
[INFO] Running nl.nn.adapterframework.configuration.classloaders.DirectoryClassLoaderTest
[INFO] Tests run: 20, Failures: 0, Errors: 0, Skipped: 0, Time elapsed: 0.005 s - in nl.nn.adapterframework.configuration.classloaders.DirectoryClassLoaderTest
[INFO] Running nl.nn.adapterframework.configuration.classloaders.ResolveConfigurationFileTest
[INFO] Tests run: 10, Failures: 0, Errors: 0, Skipped: 0, Time elapsed: 0.01 s - in nl.nn.adapterframework.configuration.classloaders.ResolveConfigurationFileTest
[INFO] Running nl.nn.adapterframework.configuration.classloaders.DatabaseClassLoaderTest
[INFO] Tests run: 24, Failures: 0, Errors: 0, Skipped: 0, Time elapsed: 0.059 s - in nl.nn.adapterframework.configuration.classloaders.DatabaseClassLoaderTest
[INFO] Running nl.nn.adapterframework.configuration.classloaders.WebAppClassLoaderTest
[INFO] Tests run: 21, Failures: 0, Errors: 0, Skipped: 0, Time elapsed: 0 s - in nl.nn.adapterframework.configuration.classloaders.WebAppClassLoaderTest
[INFO] Running nl.nn.adapterframework.configuration.TestConfigurableLifeCycle
[INFO] Tests run: 5, Failures: 0, Errors: 0, Skipped: 0, Time elapsed: 0 s - in nl.nn.adapterframework.configuration.TestConfigurableLifeCycle
[INFO] Running nl.nn.adapterframework.configuration.TestApplicationWarnings
[INFO] Tests run: 3, Failures: 0, Errors: 0, Skipped: 0, Time elapsed: 0.038 s - in nl.nn.adapterframework.configuration.TestApplicationWarnings
[INFO] Running nl.nn.adapterframework.configuration.IbisContextTest
[INFO] Tests run: 5, Failures: 0, Errors: 0, Skipped: 0, Time elapsed: 0.085 s - in nl.nn.adapterframework.configuration.IbisContextTest
[INFO] Running nl.nn.adapterframework.configuration.ConfigurationUtilsTest
[INFO] Tests run: 56, Failures: 0, Errors: 0, Skipped: 0, Time elapsed: 0.527 s - in nl.nn.adapterframework.configuration.ConfigurationUtilsTest
[INFO] Running nl.nn.adapterframework.configuration.digester.ConfigurationDigesterTest
[INFO] Tests run: 5, Failures: 0, Errors: 0, Skipped: 0, Time elapsed: 0.285 s - in nl.nn.adapterframework.configuration.digester.ConfigurationDigesterTest
[INFO] Running nl.nn.adapterframework.configuration.digester.OnlyActiveFilterTest
[INFO] Tests run: 3, Failures: 0, Errors: 0, Skipped: 0, Time elapsed: 0.001 s - in nl.nn.adapterframework.configuration.digester.OnlyActiveFilterTest
[INFO] Running nl.nn.adapterframework.configuration.digester.FrankDigesterRulesTest
[INFO] Tests run: 1, Failures: 0, Errors: 0, Skipped: 0, Time elapsed: 0 s - in nl.nn.adapterframework.configuration.digester.FrankDigesterRulesTest
[INFO] Running nl.nn.adapterframework.configuration.digester.MapPropertyDescriptorsTest
[INFO] Tests run: 1, Failures: 0, Errors: 0, Skipped: 0, Time elapsed: 0.664 s - in nl.nn.adapterframework.configuration.digester.MapPropertyDescriptorsTest
[INFO] Running nl.nn.adapterframework.configuration.digester.TestAnnotationUtils
[INFO] Tests run: 13, Failures: 0, Errors: 0, Skipped: 0, Time elapsed: 0.145 s - in nl.nn.adapterframework.configuration.digester.TestAnnotationUtils
[INFO] Running nl.nn.adapterframework.configuration.digester.ValidateAttributeRuleTest
[INFO] Tests run: 14, Failures: 0, Errors: 0, Skipped: 0, Time elapsed: 0.161 s - in nl.nn.adapterframework.configuration.digester.ValidateAttributeRuleTest
[INFO] Running nl.nn.adapterframework.jmx.JmxNamingStrategyTest
[INFO] Tests run: 4, Failures: 0, Errors: 0, Skipped: 0, Time elapsed: 0 s - in nl.nn.adapterframework.jmx.JmxNamingStrategyTest
[INFO] Running nl.nn.adapterframework.jta.StatusRecordingTransactionManagerTest
[INFO] Tests run: 7, Failures: 0, Errors: 0, Skipped: 0, Time elapsed: 0.002 s - in nl.nn.adapterframework.jta.StatusRecordingTransactionManagerTest
[INFO] Running nl.nn.adapterframework.jta.btm.BtmJtaTransactionManagerTest
[WARNING] Tests run: 4, Failures: 0, Errors: 0, Skipped: 1, Time elapsed: 2.052 s - in nl.nn.adapterframework.jta.btm.BtmJtaTransactionManagerTest
[INFO] Running nl.nn.adapterframework.jta.TransactionConnectorTest
[INFO] Tests run: 18, Failures: 0, Errors: 0, Skipped: 0, Time elapsed: 0.161 s - in nl.nn.adapterframework.jta.TransactionConnectorTest
[INFO] Running nl.nn.adapterframework.senders.XsltSenderTest
[WARNING] Tests run: 21, Failures: 0, Errors: 0, Skipped: 2, Time elapsed: 0.055 s - in nl.nn.adapterframework.senders.XsltSenderTest
[INFO] Running nl.nn.adapterframework.senders.MessageStoreSenderTest
[INFO] Tests run: 2, Failures: 0, Errors: 0, Skipped: 0, Time elapsed: 0.011 s - in nl.nn.adapterframework.senders.MessageStoreSenderTest
[INFO] Running nl.nn.adapterframework.senders.MailSenderTest
[INFO] Tests run: 17, Failures: 0, Errors: 0, Skipped: 0, Time elapsed: 0.176 s - in nl.nn.adapterframework.senders.MailSenderTest
[INFO] Running nl.nn.adapterframework.senders.JsonXsltSenderTest
[INFO] Tests run: 3, Failures: 0, Errors: 0, Skipped: 0, Time elapsed: 0.012 s - in nl.nn.adapterframework.senders.JsonXsltSenderTest
[INFO] Running nl.nn.adapterframework.senders.ParallelSendersTest
[INFO] Tests run: 2, Failures: 0, Errors: 0, Skipped: 0, Time elapsed: 12.022 s - in nl.nn.adapterframework.senders.ParallelSendersTest
[INFO] Running nl.nn.adapterframework.senders.FixedResultSenderTest
[INFO] Tests run: 5, Failures: 0, Errors: 0, Skipped: 0, Time elapsed: 0 s - in nl.nn.adapterframework.senders.FixedResultSenderTest
[INFO] Running nl.nn.adapterframework.senders.EchoSenderTest
[INFO] Tests run: 1, Failures: 0, Errors: 0, Skipped: 0, Time elapsed: 0 s - in nl.nn.adapterframework.senders.EchoSenderTest
[INFO] Running nl.nn.adapterframework.logging.IbisThrowablePatternConverterTest
[INFO] Tests run: 1, Failures: 0, Errors: 0, Skipped: 0, Time elapsed: 0 s - in nl.nn.adapterframework.logging.IbisThrowablePatternConverterTest
[INFO] Running nl.nn.adapterframework.logging.IbisXmlLayoutTest
[INFO] Tests run: 6, Failures: 0, Errors: 0, Skipped: 0, Time elapsed: 0.05 s - in nl.nn.adapterframework.logging.IbisXmlLayoutTest
[INFO] Running nl.nn.adapterframework.logging.TestLogMessages
[INFO] Tests run: 11, Failures: 0, Errors: 0, Skipped: 0, Time elapsed: 0.004 s - in nl.nn.adapterframework.logging.TestLogMessages
[INFO] Running nl.nn.adapterframework.xml.NamespaceRemovingFilterTest
[INFO] Tests run: 3, Failures: 0, Errors: 0, Skipped: 0, Time elapsed: 0 s - in nl.nn.adapterframework.xml.NamespaceRemovingFilterTest
[INFO] Running nl.nn.adapterframework.xml.SkipEmptyTagsFilterTest
[INFO] Tests run: 1, Failures: 0, Errors: 0, Skipped: 0, Time elapsed: 0 s - in nl.nn.adapterframework.xml.SkipEmptyTagsFilterTest
[INFO] Running nl.nn.adapterframework.xml.ClassLoaderURIResolverTest
[INFO] Tests run: 35, Failures: 0, Errors: 0, Skipped: 0, Time elapsed: 0.015 s - in nl.nn.adapterframework.xml.ClassLoaderURIResolverTest
[INFO] Running nl.nn.adapterframework.xml.SaxExceptionTest
[INFO] Tests run: 15, Failures: 0, Errors: 0, Skipped: 0, Time elapsed: 0.001 s - in nl.nn.adapterframework.xml.SaxExceptionTest
[INFO] Running nl.nn.adapterframework.xml.ClassLoaderXmlEntityResolverTest
[WARNING] Tests run: 7, Failures: 0, Errors: 0, Skipped: 1, Time elapsed: 0.001 s - in nl.nn.adapterframework.xml.ClassLoaderXmlEntityResolverTest
[INFO] Running nl.nn.adapterframework.xml.XmlWriterTest
[INFO] Tests run: 8, Failures: 0, Errors: 0, Skipped: 0, Time elapsed: 0 s - in nl.nn.adapterframework.xml.XmlWriterTest
[INFO] Running nl.nn.adapterframework.xml.ElementPropertyResolverTest
[INFO] Tests run: 2, Failures: 0, Errors: 0, Skipped: 0, Time elapsed: 0 s - in nl.nn.adapterframework.xml.ElementPropertyResolverTest
[INFO] Running nl.nn.adapterframework.xml.NamespacedContentsRemovingFilterTest
[INFO] Tests run: 4, Failures: 0, Errors: 0, Skipped: 0, Time elapsed: 0 s - in nl.nn.adapterframework.xml.NamespacedContentsRemovingFilterTest
[INFO] Running nl.nn.adapterframework.xml.XmlPrettyPrintFilterTest
[INFO] Tests run: 3, Failures: 0, Errors: 0, Skipped: 0, Time elapsed: 0 s - in nl.nn.adapterframework.xml.XmlPrettyPrintFilterTest
[INFO] Running nl.nn.adapterframework.xml.NodeSetFilterTest
[INFO] Tests run: 11, Failures: 0, Errors: 0, Skipped: 0, Time elapsed: 0 s - in nl.nn.adapterframework.xml.NodeSetFilterTest
[INFO] Running nl.nn.adapterframework.xml.StaxParserTest
[INFO] Tests run: 3, Failures: 0, Errors: 0, Skipped: 0, Time elapsed: 0.001 s - in nl.nn.adapterframework.xml.StaxParserTest
[INFO] Running nl.nn.adapterframework.xml.ClassLoaderEntityResolverTest
[WARNING] Tests run: 6, Failures: 0, Errors: 0, Skipped: 1, Time elapsed: 0 s - in nl.nn.adapterframework.xml.ClassLoaderEntityResolverTest
[INFO] Running nl.nn.adapterframework.jdbc.ResultSetIteratingPipeTest
[INFO] Tests run: 3, Failures: 0, Errors: 0, Skipped: 0, Time elapsed: 0.253 s - in nl.nn.adapterframework.jdbc.ResultSetIteratingPipeTest
[INFO] Running nl.nn.adapterframework.jdbc.TransactionManagerTest
[INFO] Tests run: 12, Failures: 0, Errors: 0, Skipped: 0, Time elapsed: 0.054 s - in nl.nn.adapterframework.jdbc.TransactionManagerTest
[INFO] Running nl.nn.adapterframework.jdbc.FixedQuerySenderTest
[INFO] Tests run: 11, Failures: 0, Errors: 0, Skipped: 0, Time elapsed: 0.028 s - in nl.nn.adapterframework.jdbc.FixedQuerySenderTest
[INFO] Running nl.nn.adapterframework.jdbc.transformer.ToListOfMaps
[INFO] Tests run: 2, Failures: 0, Errors: 0, Skipped: 0, Time elapsed: 0 s - in nl.nn.adapterframework.jdbc.transformer.ToListOfMaps
[INFO] Running nl.nn.adapterframework.jdbc.transformer.ToJson
[INFO] Tests run: 2, Failures: 0, Errors: 0, Skipped: 0, Time elapsed: 0.001 s - in nl.nn.adapterframework.jdbc.transformer.ToJson
[INFO] Running nl.nn.adapterframework.jdbc.transformer.ToCsv
[INFO] Tests run: 2, Failures: 0, Errors: 0, Skipped: 0, Time elapsed: 0.001 s - in nl.nn.adapterframework.jdbc.transformer.ToCsv
[INFO] Running nl.nn.adapterframework.jdbc.JdbcTransactionalStorageTest
[INFO] Tests run: 24, Failures: 0, Errors: 0, Skipped: 0, Time elapsed: 0.823 s - in nl.nn.adapterframework.jdbc.JdbcTransactionalStorageTest
[INFO] Running nl.nn.adapterframework.jdbc.MessageStoreListenerTest
[INFO] Tests run: 13, Failures: 0, Errors: 0, Skipped: 0, Time elapsed: 0.087 s - in nl.nn.adapterframework.jdbc.MessageStoreListenerTest
[INFO] Running nl.nn.adapterframework.jdbc.dbms.SqlTranslatorTestOracleToH2
[WARNING] Tests run: 17, Failures: 0, Errors: 0, Skipped: 2, Time elapsed: 0.015 s - in nl.nn.adapterframework.jdbc.dbms.SqlTranslatorTestOracleToH2
[INFO] Running nl.nn.adapterframework.jdbc.dbms.DbmsSupportTest
[WARNING] Tests run: 33, Failures: 0, Errors: 0, Skipped: 2, Time elapsed: 0.04 s - in nl.nn.adapterframework.jdbc.dbms.DbmsSupportTest
[INFO] Running nl.nn.adapterframework.jdbc.dbms.SqlTranslatorTest
[INFO] Tests run: 12, Failures: 0, Errors: 0, Skipped: 0, Time elapsed: 0.001 s - in nl.nn.adapterframework.jdbc.dbms.SqlTranslatorTest
[INFO] Running nl.nn.adapterframework.jdbc.dbms.GenericDbmsSupportTest
[INFO] Tests run: 1, Failures: 0, Errors: 0, Skipped: 0, Time elapsed: 0 s - in nl.nn.adapterframework.jdbc.dbms.GenericDbmsSupportTest
[INFO] Running nl.nn.adapterframework.jdbc.dbms.TestBlobs
[WARNING] Tests run: 1, Failures: 0, Errors: 0, Skipped: 1, Time elapsed: 0 s - in nl.nn.adapterframework.jdbc.dbms.TestBlobs
[INFO] Running nl.nn.adapterframework.jdbc.dbms.SqlTranslatorTestOracleToMsSql
[INFO] Tests run: 16, Failures: 0, Errors: 0, Skipped: 0, Time elapsed: 0 s - in nl.nn.adapterframework.jdbc.dbms.SqlTranslatorTestOracleToMsSql
[INFO] Running nl.nn.adapterframework.jdbc.dbms.MsSqlServerTest
[INFO] Tests run: 4, Failures: 0, Errors: 0, Skipped: 0, Time elapsed: 0 s - in nl.nn.adapterframework.jdbc.dbms.MsSqlServerTest
[INFO] Running nl.nn.adapterframework.jdbc.dbms.H2DbmsSupportTest
[INFO] Tests run: 3, Failures: 0, Errors: 0, Skipped: 0, Time elapsed: 0 s - in nl.nn.adapterframework.jdbc.dbms.H2DbmsSupportTest
[INFO] Running nl.nn.adapterframework.jdbc.migration.MigratorTest
[INFO] Tests run: 12, Failures: 0, Errors: 0, Skipped: 0, Time elapsed: 0.333 s - in nl.nn.adapterframework.jdbc.migration.MigratorTest
[INFO] Running nl.nn.adapterframework.jdbc.JdbcTableListenerTest
[WARNING] Tests run: 45, Failures: 0, Errors: 0, Skipped: 1, Time elapsed: 8.12 s - in nl.nn.adapterframework.jdbc.JdbcTableListenerTest
[INFO] Running nl.nn.adapterframework.statistics.CounterStatisticTest
[INFO] Tests run: 4, Failures: 0, Errors: 0, Skipped: 0, Time elapsed: 0.001 s - in nl.nn.adapterframework.statistics.CounterStatisticTest
[INFO] Running nl.nn.adapterframework.statistics.StatisticsKeeperTest
[INFO] Tests run: 8, Failures: 0, Errors: 0, Skipped: 0, Time elapsed: 0.035 s - in nl.nn.adapterframework.statistics.StatisticsKeeperTest
[INFO] Running nl.nn.adapterframework.stream.MessageStreamCapTest
[INFO] Tests run: 4, Failures: 0, Errors: 0, Skipped: 0, Time elapsed: 0 s - in nl.nn.adapterframework.stream.MessageStreamCapTest
[INFO] Running nl.nn.adapterframework.stream.XmlWriterTest
[INFO] Tests run: 2, Failures: 0, Errors: 0, Skipped: 0, Time elapsed: 0 s - in nl.nn.adapterframework.stream.XmlWriterTest
[INFO] Running nl.nn.adapterframework.stream.FileMessageTest
[INFO] Tests run: 2, Failures: 0, Errors: 0, Skipped: 0, Time elapsed: 0 s - in nl.nn.adapterframework.stream.FileMessageTest
[INFO] Running nl.nn.adapterframework.stream.PathMessageTest
[INFO] Tests run: 2, Failures: 0, Errors: 0, Skipped: 0, Time elapsed: 0.001 s - in nl.nn.adapterframework.stream.PathMessageTest
[INFO] Running nl.nn.adapterframework.stream.StreamingPipeTest
[INFO] Tests run: 19, Failures: 0, Errors: 0, Skipped: 0, Time elapsed: 0.004 s - in nl.nn.adapterframework.stream.StreamingPipeTest
[INFO] Running nl.nn.adapterframework.stream.MessageOutputStreamTest
[WARNING] Tests run: 20, Failures: 0, Errors: 0, Skipped: 2, Time elapsed: 0.009 s - in nl.nn.adapterframework.stream.MessageOutputStreamTest
[INFO] Running nl.nn.adapterframework.stream.MessageTest
[INFO] Tests run: 101, Failures: 0, Errors: 0, Skipped: 0, Time elapsed: 0.094 s - in nl.nn.adapterframework.stream.MessageTest
[INFO] Running nl.nn.adapterframework.stream.xml.XmlTapTest
[INFO] Tests run: 1, Failures: 0, Errors: 0, Skipped: 0, Time elapsed: 0 s - in nl.nn.adapterframework.stream.xml.XmlTapTest
[INFO] Running nl.nn.adapterframework.stream.UrlMessageTest
[INFO] Tests run: 2, Failures: 0, Errors: 0, Skipped: 0, Time elapsed: 0 s - in nl.nn.adapterframework.stream.UrlMessageTest
[INFO] Running nl.nn.adapterframework.stream.document.DocumentBuilderTest
[INFO] Tests run: 6, Failures: 0, Errors: 0, Skipped: 0, Time elapsed: 0 s - in nl.nn.adapterframework.stream.document.DocumentBuilderTest
[INFO] Running nl.nn.adapterframework.testutil.TestQuerySenderMocks
[INFO] Tests run: 1, Failures: 0, Errors: 0, Skipped: 0, Time elapsed: 0.002 s - in nl.nn.adapterframework.testutil.TestQuerySenderMocks
[INFO] Running nl.nn.adapterframework.testutil.TestMetaInfServices
[INFO] Tests run: 5, Failures: 0, Errors: 0, Skipped: 0, Time elapsed: 0 s - in nl.nn.adapterframework.testutil.TestMetaInfServices
[INFO] Running nl.nn.adapterframework.testutil.TestAssertions
[INFO] Tests run: 5, Failures: 0, Errors: 0, Skipped: 0, Time elapsed: 0 s - in nl.nn.adapterframework.testutil.TestAssertions
[INFO] Running nl.nn.adapterframework.pipes.XmlFileElementIteratorPipeTest
[INFO] Tests run: 2, Failures: 0, Errors: 0, Skipped: 0, Time elapsed: 0.007 s - in nl.nn.adapterframework.pipes.XmlFileElementIteratorPipeTest
[INFO] Running nl.nn.adapterframework.pipes.CompareStringPipeTest
[INFO] Tests run: 10, Failures: 0, Errors: 0, Skipped: 0, Time elapsed: 0.008 s - in nl.nn.adapterframework.pipes.CompareStringPipeTest
[INFO] Running nl.nn.adapterframework.pipes.Json2XmlValidatorTest
[WARNING] Tests run: 26, Failures: 0, Errors: 0, Skipped: 1, Time elapsed: 0.083 s - in nl.nn.adapterframework.pipes.Json2XmlValidatorTest
[INFO] Running nl.nn.adapterframework.pipes.JsonXsltPipeTest
[INFO] Tests run: 20, Failures: 0, Errors: 0, Skipped: 0, Time elapsed: 0.085 s - in nl.nn.adapterframework.pipes.JsonXsltPipeTest
[INFO] Running nl.nn.adapterframework.pipes.SkipPipeTest
[INFO] Tests run: 5, Failures: 0, Errors: 0, Skipped: 0, Time elapsed: 0 s - in nl.nn.adapterframework.pipes.SkipPipeTest
[INFO] Running nl.nn.adapterframework.pipes.ConsecutiveXsltPipeTest
[INFO] Tests run: 1, Failures: 0, Errors: 0, Skipped: 0, Time elapsed: 0.004 s - in nl.nn.adapterframework.pipes.ConsecutiveXsltPipeTest
[INFO] Running nl.nn.adapterframework.pipes.RhinoPipeTest
[INFO] Tests run: 7, Failures: 0, Errors: 0, Skipped: 0, Time elapsed: 0.011 s - in nl.nn.adapterframework.pipes.RhinoPipeTest
[INFO] Running nl.nn.adapterframework.pipes.SizePipeTest
[INFO] Tests run: 2, Failures: 0, Errors: 0, Skipped: 0, Time elapsed: 0.001 s - in nl.nn.adapterframework.pipes.SizePipeTest
[INFO] Running nl.nn.adapterframework.pipes.FixedResultTest
[INFO] Tests run: 6, Failures: 0, Errors: 0, Skipped: 0, Time elapsed: 0.002 s - in nl.nn.adapterframework.pipes.FixedResultTest
[INFO] Running nl.nn.adapterframework.pipes.StreamPipeTest
[INFO] Tests run: 4, Failures: 0, Errors: 0, Skipped: 0, Time elapsed: 0.027 s - in nl.nn.adapterframework.pipes.StreamPipeTest
[INFO] Running nl.nn.adapterframework.pipes.XmlIfTest
[INFO] Tests run: 38, Failures: 0, Errors: 0, Skipped: 0, Time elapsed: 0.051 s - in nl.nn.adapterframework.pipes.XmlIfTest
[INFO] Running nl.nn.adapterframework.pipes.XmlValidatorAlternativeUseCasesTest
[INFO] Tests run: 2, Failures: 0, Errors: 0, Skipped: 0, Time elapsed: 0.004 s - in nl.nn.adapterframework.pipes.XmlValidatorAlternativeUseCasesTest
[INFO] Running nl.nn.adapterframework.pipes.PipeTestBasedXmlValidatorTest
[INFO] Tests run: 1, Failures: 0, Errors: 0, Skipped: 0, Time elapsed: 0 s - in nl.nn.adapterframework.pipes.PipeTestBasedXmlValidatorTest
[INFO] Running nl.nn.adapterframework.pipes.CleanupOldFilesPipeTest
[INFO] Tests run: 12, Failures: 0, Errors: 0, Skipped: 0, Time elapsed: 0.002 s - in nl.nn.adapterframework.pipes.CleanupOldFilesPipeTest
[INFO] Running nl.nn.adapterframework.pipes.IteratingPipeTest
[INFO] Tests run: 12, Failures: 0, Errors: 0, Skipped: 0, Time elapsed: 0.024 s - in nl.nn.adapterframework.pipes.IteratingPipeTest
[INFO] Running nl.nn.adapterframework.pipes.Base64PipeTest
[INFO] Tests run: 150, Failures: 0, Errors: 0, Skipped: 0, Time elapsed: 0.125 s - in nl.nn.adapterframework.pipes.Base64PipeTest
[INFO] Running nl.nn.adapterframework.pipes.ChecksumPipeTest
[WARNING] Tests run: 60, Failures: 0, Errors: 0, Skipped: 8, Time elapsed: 0.044 s - in nl.nn.adapterframework.pipes.ChecksumPipeTest
[INFO] Running nl.nn.adapterframework.pipes.PasswordHashPipeTest
[INFO] Tests run: 5, Failures: 0, Errors: 0, Skipped: 0, Time elapsed: 0.45 s - in nl.nn.adapterframework.pipes.PasswordHashPipeTest
[INFO] Running nl.nn.adapterframework.pipes.XmlSwitchTest
[INFO] Tests run: 20, Failures: 0, Errors: 0, Skipped: 0, Time elapsed: 0.047 s - in nl.nn.adapterframework.pipes.XmlSwitchTest
[INFO] Running nl.nn.adapterframework.pipes.TestParameterValues
[INFO] Tests run: 4, Failures: 0, Errors: 0, Skipped: 0, Time elapsed: 0 s - in nl.nn.adapterframework.pipes.TestParameterValues
[INFO] Running nl.nn.adapterframework.pipes.FilePipeTest
[INFO] Tests run: 2, Failures: 0, Errors: 0, Skipped: 0, Time elapsed: 0.001 s - in nl.nn.adapterframework.pipes.FilePipeTest
[INFO] Running nl.nn.adapterframework.pipes.EchoPipeTest
[INFO] Tests run: 1, Failures: 0, Errors: 0, Skipped: 0, Time elapsed: 0 s - in nl.nn.adapterframework.pipes.EchoPipeTest
[INFO] Running nl.nn.adapterframework.pipes.PutInSessionTest
[INFO] Tests run: 5, Failures: 0, Errors: 0, Skipped: 0, Time elapsed: 0 s - in nl.nn.adapterframework.pipes.PutInSessionTest
[INFO] Running nl.nn.adapterframework.pipes.ForEachChildElementPipeTest
[WARNING] Tests run: 240, Failures: 0, Errors: 0, Skipped: 96, Time elapsed: 0.492 s - in nl.nn.adapterframework.pipes.ForEachChildElementPipeTest
[INFO] Running nl.nn.adapterframework.pipes.SignaturePipeTest
[INFO] Tests run: 9, Failures: 0, Errors: 0, Skipped: 0, Time elapsed: 0.034 s - in nl.nn.adapterframework.pipes.SignaturePipeTest
[INFO] Running nl.nn.adapterframework.pipes.StreamLineIteratorPipeTest
[INFO] Tests run: 34, Failures: 0, Errors: 0, Skipped: 0, Time elapsed: 0.053 s - in nl.nn.adapterframework.pipes.StreamLineIteratorPipeTest
[INFO] Running nl.nn.adapterframework.pipes.CompressPipeTest
[INFO] Tests run: 25, Failures: 0, Errors: 0, Skipped: 0, Time elapsed: 0.015 s - in nl.nn.adapterframework.pipes.CompressPipeTest
[INFO] Running nl.nn.adapterframework.pipes.JsonPipeTest
[INFO] Tests run: 5, Failures: 0, Errors: 0, Skipped: 0, Time elapsed: 0.007 s - in nl.nn.adapterframework.pipes.JsonPipeTest
[INFO] Running nl.nn.adapterframework.pipes.JsonWellFormedCheckerTest
[INFO] Tests run: 3, Failures: 0, Errors: 0, Skipped: 0, Time elapsed: 0 s - in nl.nn.adapterframework.pipes.JsonWellFormedCheckerTest
[INFO] Running nl.nn.adapterframework.pipes.EscapePipeTest
[INFO] Tests run: 17, Failures: 0, Errors: 0, Skipped: 0, Time elapsed: 0.003 s - in nl.nn.adapterframework.pipes.EscapePipeTest
[INFO] Running nl.nn.adapterframework.pipes.DelayPipeTest
[INFO] Tests run: 2, Failures: 0, Errors: 0, Skipped: 0, Time elapsed: 0.997 s - in nl.nn.adapterframework.pipes.DelayPipeTest
[INFO] Running nl.nn.adapterframework.pipes.CreateRestViewPipeTest
[INFO] Tests run: 1, Failures: 0, Errors: 0, Skipped: 0, Time elapsed: 0 s - in nl.nn.adapterframework.pipes.CreateRestViewPipeTest
[INFO] Running nl.nn.adapterframework.pipes.GetFromSessionTest
[INFO] Tests run: 7, Failures: 0, Errors: 0, Skipped: 0, Time elapsed: 0 s - in nl.nn.adapterframework.pipes.GetFromSessionTest
[INFO] Running nl.nn.adapterframework.pipes.WsdlXmlValidatorMixedModeTest
[INFO] Tests run: 7, Failures: 0, Errors: 0, Skipped: 0, Time elapsed: 0.153 s - in nl.nn.adapterframework.pipes.WsdlXmlValidatorMixedModeTest
[INFO] Running nl.nn.adapterframework.pipes.CsvParserPipeTest
[INFO] Tests run: 12, Failures: 0, Errors: 0, Skipped: 0, Time elapsed: 0.015 s - in nl.nn.adapterframework.pipes.CsvParserPipeTest
[INFO] Running nl.nn.adapterframework.pipes.PgpPipeTest
[INFO] Tests run: 10, Failures: 0, Errors: 0, Skipped: 0, Time elapsed: 1.904 s - in nl.nn.adapterframework.pipes.PgpPipeTest
[INFO] Running nl.nn.adapterframework.pipes.FilenameSwitchTest
[INFO] Tests run: 8, Failures: 0, Errors: 0, Skipped: 0, Time elapsed: 0.001 s - in nl.nn.adapterframework.pipes.FilenameSwitchTest
[INFO] Running nl.nn.adapterframework.pipes.XmlSwitchNamespaceUnawarenessTest
[WARNING] Tests run: 13, Failures: 0, Errors: 0, Skipped: 1, Time elapsed: 0.027 s - in nl.nn.adapterframework.pipes.XmlSwitchNamespaceUnawarenessTest
[INFO] Running nl.nn.adapterframework.pipes.MessageSendingPipeTest
[WARNING] Tests run: 35, Failures: 0, Errors: 0, Skipped: 10, Time elapsed: 0.048 s - in nl.nn.adapterframework.pipes.MessageSendingPipeTest
[INFO] Running nl.nn.adapterframework.pipes.BytesOutputPipeTest
[INFO] Tests run: 1, Failures: 0, Errors: 0, Skipped: 0, Time elapsed: 0 s - in nl.nn.adapterframework.pipes.BytesOutputPipeTest
[INFO] Running nl.nn.adapterframework.pipes.UnzipPipeTest
[INFO] Tests run: 13, Failures: 0, Errors: 0, Skipped: 0, Time elapsed: 0.007 s - in nl.nn.adapterframework.pipes.UnzipPipeTest
[INFO] Running nl.nn.adapterframework.pipes.CounterSwitchPipeTest
[INFO] Tests run: 4, Failures: 0, Errors: 0, Skipped: 0, Time elapsed: 0 s - in nl.nn.adapterframework.pipes.CounterSwitchPipeTest
[INFO] Running nl.nn.adapterframework.pipes.CredentialCheckingPipeTest
[INFO] Tests run: 13, Failures: 0, Errors: 0, Skipped: 0, Time elapsed: 0.001 s - in nl.nn.adapterframework.pipes.CredentialCheckingPipeTest
[INFO] Running nl.nn.adapterframework.pipes.CompareIntegerPipeTest
[INFO] Tests run: 8, Failures: 0, Errors: 0, Skipped: 0, Time elapsed: 0.001 s - in nl.nn.adapterframework.pipes.CompareIntegerPipeTest
[INFO] Running nl.nn.adapterframework.pipes.UUIDGeneratorPipeTest
[INFO] Tests run: 3, Failures: 0, Errors: 0, Skipped: 0, Time elapsed: 0 s - in nl.nn.adapterframework.pipes.UUIDGeneratorPipeTest
[INFO] Running nl.nn.adapterframework.pipes.PutSystemDateInSessionTest
[INFO] Tests run: 9, Failures: 0, Errors: 0, Skipped: 0, Time elapsed: 0.572 s - in nl.nn.adapterframework.pipes.PutSystemDateInSessionTest
[INFO] Running nl.nn.adapterframework.pipes.TimeoutGuardPipeTest
[INFO] Tests run: 3, Failures: 0, Errors: 0, Skipped: 0, Time elapsed: 2.507 s - in nl.nn.adapterframework.pipes.TimeoutGuardPipeTest
[INFO] Running nl.nn.adapterframework.pipes.Text2XmlPipeTest
[INFO] Tests run: 12, Failures: 0, Errors: 0, Skipped: 0, Time elapsed: 0.016 s - in nl.nn.adapterframework.pipes.Text2XmlPipeTest
[INFO] Running nl.nn.adapterframework.pipes.TextSplitterPipeTest
[INFO] Tests run: 4, Failures: 0, Errors: 0, Skipped: 0, Time elapsed: 0 s - in nl.nn.adapterframework.pipes.TextSplitterPipeTest
[INFO] Running nl.nn.adapterframework.pipes.SoapWrapperPipeTest
[INFO] Tests run: 22, Failures: 0, Errors: 0, Skipped: 0, Time elapsed: 0.03 s - in nl.nn.adapterframework.pipes.SoapWrapperPipeTest
[INFO] Running nl.nn.adapterframework.pipes.Json2WsdlXmlValidatorTest
[INFO] Tests run: 3, Failures: 0, Errors: 0, Skipped: 0, Time elapsed: 0.052 s - in nl.nn.adapterframework.pipes.Json2WsdlXmlValidatorTest
[INFO] Running nl.nn.adapterframework.pipes.Stream2StringPipeTest
[INFO] Tests run: 2, Failures: 0, Errors: 0, Skipped: 0, Time elapsed: 0 s - in nl.nn.adapterframework.pipes.Stream2StringPipeTest
[INFO] Running nl.nn.adapterframework.pipes.ExceptionPipeTest
[INFO] Tests run: 3, Failures: 0, Errors: 0, Skipped: 0, Time elapsed: 0.001 s - in nl.nn.adapterframework.pipes.ExceptionPipeTest
[INFO] Running nl.nn.adapterframework.pipes.EtagHandlerPipeTest
[INFO] Tests run: 8, Failures: 0, Errors: 0, Skipped: 0, Time elapsed: 0 s - in nl.nn.adapterframework.pipes.EtagHandlerPipeTest
[INFO] Running nl.nn.adapterframework.pipes.WsdlXmlValidatorTest
[WARNING] Tests run: 16, Failures: 0, Errors: 0, Skipped: 1, Time elapsed: 0.129 s - in nl.nn.adapterframework.pipes.WsdlXmlValidatorTest
[INFO] Running nl.nn.adapterframework.pipes.MoveFilePipeTest
[INFO] Tests run: 19, Failures: 0, Errors: 0, Skipped: 0, Time elapsed: 0.011 s - in nl.nn.adapterframework.pipes.MoveFilePipeTest
[INFO] Running nl.nn.adapterframework.pipes.RemoveFromSessionTest
[INFO] Tests run: 5, Failures: 0, Errors: 0, Skipped: 0, Time elapsed: 0.001 s - in nl.nn.adapterframework.pipes.RemoveFromSessionTest
[INFO] Running nl.nn.adapterframework.pipes.PasswordGeneratorPipeTest
[INFO] Tests run: 2, Failures: 0, Errors: 0, Skipped: 0, Time elapsed: 0 s - in nl.nn.adapterframework.pipes.PasswordGeneratorPipeTest
[INFO] Running nl.nn.adapterframework.pipes.UploadFilePipeTest
[INFO] Tests run: 7, Failures: 0, Errors: 0, Skipped: 0, Time elapsed: 0.004 s - in nl.nn.adapterframework.pipes.UploadFilePipeTest
[INFO] Running nl.nn.adapterframework.pipes.IncreaseIntegerPipeTest
[INFO] Tests run: 5, Failures: 0, Errors: 0, Skipped: 0, Time elapsed: 0.002 s - in nl.nn.adapterframework.pipes.IncreaseIntegerPipeTest
[INFO] Running nl.nn.adapterframework.pipes.ReplacerPipeTest
[INFO] Tests run: 6, Failures: 0, Errors: 0, Skipped: 0, Time elapsed: 0.002 s - in nl.nn.adapterframework.pipes.ReplacerPipeTest
[INFO] Running nl.nn.adapterframework.pipes.XmlIfNamespaceUnawarenessTest
[INFO] Tests run: 3, Failures: 0, Errors: 0, Skipped: 0, Time elapsed: 0.005 s - in nl.nn.adapterframework.pipes.XmlIfNamespaceUnawarenessTest
[INFO] Running nl.nn.adapterframework.pipes.IsXmlIfPipeTest
[INFO] Tests run: 14, Failures: 0, Errors: 0, Skipped: 0, Time elapsed: 0.005 s - in nl.nn.adapterframework.pipes.IsXmlIfPipeTest
[INFO] Running nl.nn.adapterframework.pipes.XmlValidatorTest
[WARNING] Tests run: 52, Failures: 0, Errors: 0, Skipped: 2, Time elapsed: 0.424 s - in nl.nn.adapterframework.pipes.XmlValidatorTest
[INFO] Running nl.nn.adapterframework.pipes.HashPipeTest
[INFO] Tests run: 11, Failures: 0, Errors: 0, Skipped: 0, Time elapsed: 0.002 s - in nl.nn.adapterframework.pipes.HashPipeTest
[INFO] Running nl.nn.adapterframework.pipes.IfMultipartTest
[INFO] Tests run: 6, Failures: 0, Errors: 0, Skipped: 0, Time elapsed: 0.001 s - in nl.nn.adapterframework.pipes.IfMultipartTest
[INFO] Running nl.nn.adapterframework.filesystem.MockFileSystemPipeTest
[INFO] Tests run: 23, Failures: 0, Errors: 0, Skipped: 0, Time elapsed: 0.013 s - in nl.nn.adapterframework.filesystem.MockFileSystemPipeTest
[INFO] Running nl.nn.adapterframework.filesystem.DirectoryListenerTest
[WARNING] Tests run: 28, Failures: 0, Errors: 0, Skipped: 2, Time elapsed: 0.013 s - in nl.nn.adapterframework.filesystem.DirectoryListenerTest
[INFO] Running nl.nn.adapterframework.filesystem.MockFileSystemUtilTest
[INFO] Tests run: 8, Failures: 0, Errors: 0, Skipped: 0, Time elapsed: 0 s - in nl.nn.adapterframework.filesystem.MockFileSystemUtilTest
[INFO] Running nl.nn.adapterframework.filesystem.MockFileSystemActorTest
[INFO] Tests run: 60, Failures: 0, Errors: 0, Skipped: 0, Time elapsed: 0.049 s - in nl.nn.adapterframework.filesystem.MockFileSystemActorTest
[INFO] Running nl.nn.adapterframework.filesystem.MockFileSystemSenderTest
[INFO] Tests run: 24, Failures: 0, Errors: 0, Skipped: 0, Time elapsed: 0.004 s - in nl.nn.adapterframework.filesystem.MockFileSystemSenderTest
[INFO] Running nl.nn.adapterframework.filesystem.MockForEachAttachmentPipeTest
[INFO] Tests run: 3, Failures: 0, Errors: 0, Skipped: 0, Time elapsed: 0 s - in nl.nn.adapterframework.filesystem.MockForEachAttachmentPipeTest
[INFO] Running nl.nn.adapterframework.filesystem.LocalFileSystemUtilTest
[INFO] Tests run: 8, Failures: 0, Errors: 0, Skipped: 0, Time elapsed: 0.004 s - in nl.nn.adapterframework.filesystem.LocalFileSystemUtilTest
[INFO] Running nl.nn.adapterframework.filesystem.LocalFileSystemSenderTest
[INFO] Tests run: 26, Failures: 0, Errors: 0, Skipped: 0, Time elapsed: 0.012 s - in nl.nn.adapterframework.filesystem.LocalFileSystemSenderTest
[INFO] Running nl.nn.adapterframework.filesystem.MockFileSystemListenerTest
[WARNING] Tests run: 29, Failures: 0, Errors: 0, Skipped: 2, Time elapsed: 0.004 s - in nl.nn.adapterframework.filesystem.MockFileSystemListenerTest
[INFO] Running nl.nn.adapterframework.filesystem.LocalFileSystemActorTest
[INFO] Tests run: 63, Failures: 0, Errors: 0, Skipped: 0, Time elapsed: 0.06 s - in nl.nn.adapterframework.filesystem.LocalFileSystemActorTest
[INFO] Running nl.nn.adapterframework.filesystem.LocalFileSystemTest
[WARNING] Tests run: 49, Failures: 0, Errors: 0, Skipped: 1, Time elapsed: 0.013 s - in nl.nn.adapterframework.filesystem.LocalFileSystemTest
[INFO] Running nl.nn.adapterframework.filesystem.MailFileSystemUtilsTest
[INFO] Tests run: 7, Failures: 0, Errors: 0, Skipped: 0, Time elapsed: 0 s - in nl.nn.adapterframework.filesystem.MailFileSystemUtilsTest
[INFO] Running nl.nn.adapterframework.filesystem.LocalFileSystemListenerTest
[WARNING] Tests run: 28, Failures: 0, Errors: 0, Skipped: 2, Time elapsed: 0.004 s - in nl.nn.adapterframework.filesystem.LocalFileSystemListenerTest
[INFO] Running nl.nn.adapterframework.filesystem.MockFileSystemWithAttachmentsTest
[INFO] Tests run: 23, Failures: 0, Errors: 0, Skipped: 0, Time elapsed: 0.001 s - in nl.nn.adapterframework.filesystem.MockFileSystemWithAttachmentsTest
[INFO] Running nl.nn.adapterframework.filesystem.MockFileSystemTest
[INFO] Tests run: 46, Failures: 0, Errors: 0, Skipped: 0, Time elapsed: 0 s - in nl.nn.adapterframework.filesystem.MockFileSystemTest
[INFO] 
[INFO] Results:
[INFO] 
[ERROR] Failures: 
[ERROR]   DateUtilsTest.testFormatDate:64 expected:<2013-10-0[5 00]:00:00.000> but was:<2013-10-0[4 22]:00:00.000>
[ERROR]   DateUtilsTest.testFormatForDateDateFormat:71 expected:<1970-01-18 0[9]:40:00.000> but was:<1970-01-18 0[8]:40:00.000>
[ERROR]   DateUtilsTest.testFormatLong:58 expected:<2013-10-0[5 00]:00:00.000> but was:<2013-10-0[4 22]:00:00.000>
[ERROR]   DateUtilsTest.testParseAnyDate1:119 expected:<1386630000000> but was:<1386633600000>
[ERROR]   DateUtilsTest.testParseAnyDate2:125 expected:<1386675703000> but was:<1386679303000>
[ERROR]   DateUtilsTest.testParseAnyDate3:131 expected:<907559233000> but was:<907566433000>
[ERROR]   DateUtilsTest.testParseToDate:78 expected:<1380924000000> but was:<1380931200000>
[ERROR]   DateUtilsTest.testParseToDateFullYear:84 expected:<1412460000000> but was:<1412467200000>
[ERROR]   DateUtilsTest.testParseXmlDate:102 expected:<1386630000000> but was:<1386633600000>
[ERROR]   DateUtilsTest.testParseXmlDateTime:108 expected:<1386675703000> but was:<1386679303000>
[INFO] 
[ERROR] Tests run: 4350, Failures: 10, Errors: 0, Skipped: 190
[INFO] 
[INFO] ------------------------------------------------------------------------
[INFO] Reactor Summary for Ibis AdapterFramework parent 7.8-SNAPSHOT:
[INFO] 
[INFO] Ibis AdapterFramework parent ....................... SUCCESS [  0.526 s]
[INFO] CredentialProvider ................................. SUCCESS [  8.068 s]
[INFO] Ibis AdapterFramework core ......................... FAILURE [02:11 min]
[INFO] Ibis AdapterFramework Larva ........................ SKIPPED
[INFO] Ibis AdapterFramework Ladybug ...................... SKIPPED
[INFO] Ibis AdapterFramework support for Akamai ........... SKIPPED
[INFO] Ibis AdapterFramework webapp ....................... SKIPPED
[INFO] Ibis AdapterFramework ear .......................... SKIPPED
[INFO] Ibis AdapterFramework Test ......................... SKIPPED
[INFO] Ibis AdapterFramework example ...................... SKIPPED
[INFO] Ibis AdapterFramework support for Cmis ............. SKIPPED
[INFO] ------------------------------------------------------------------------
[INFO] BUILD FAILURE
[INFO] ------------------------------------------------------------------------
[INFO] Total time:  02:19 min
[INFO] Finished at: 2023-01-13T18:27:22Z
[INFO] ------------------------------------------------------------------------
[ERROR] Failed to execute goal org.apache.maven.plugins:maven-surefire-plugin:2.22.2:test (default-test) on project ibis-adapterframework-core: There are test failures.
[ERROR] 
[ERROR] Please refer to /home/gabsko/breaking-updates/core/target/surefire-reports for the individual test results.
[ERROR] Please refer to dump files (if any exist) [date].dump, [date]-jvmRun[N].dump and [date].dumpstream.
[ERROR] -> [Help 1]
[ERROR] 
[ERROR] To see the full stack trace of the errors, re-run Maven with the -e switch.
[ERROR] Re-run Maven using the -X switch to enable full debug logging.
[ERROR] 
[ERROR] For more information about the errors and possible solutions, please read the following articles:
[ERROR] [Help 1] http://cwiki.apache.org/confluence/display/MAVEN/MojoFailureException
[ERROR] 
[ERROR] After correcting the problems, you can resume the build with the command
[ERROR]   mvn <args> -rf :ibis-adapterframework-core
