[INFO] Scanning for projects...
[INFO] ------------------------------------------------------------------------
[INFO] Reactor Build Order:
[INFO] 
[INFO] liquigraph-parent                                                  [pom]
[INFO] liquigraph-testing                                                 [jar]
[INFO] liquigraph-core                                                    [jar]
[INFO] liquigraph-maven-plugin                                   [maven-plugin]
[INFO] liquigraph-cli                                                     [jar]
[INFO] liquigraph-spring-boot-starter                                     [jar]
[INFO] Spring Boot - Integration Example                                  [jar]
[INFO] 
[INFO] ------------------< org.liquigraph:liquigraph-parent >------------------
[INFO] Building liquigraph-parent 4.0.5-SNAPSHOT                          [1/7]
[INFO] --------------------------------[ pom ]---------------------------------
[INFO] 
[INFO] --- maven-clean-plugin:2.5:clean (default-clean) @ liquigraph-parent ---
[INFO] 
[INFO] --- maven-enforcer-plugin:1.2:enforce (enforce-maven) @ liquigraph-parent ---
[INFO] 
[INFO] --- jacoco-maven-plugin:0.8.5:prepare-agent (prepare-agent) @ liquigraph-parent ---
[INFO] argLine set to -javaagent:/home/gabsko/.m2/repository/org/jacoco/org.jacoco.agent/0.8.5/org.jacoco.agent-0.8.5-runtime.jar=destfile=/home/gabsko/breaking-updates/target/jacoco.exec -Duser.language=en -Xmx1024m
[INFO] 
[INFO] -----------------< org.liquigraph:liquigraph-testing >------------------
[INFO] Building liquigraph-testing 4.0.5-SNAPSHOT                         [2/7]
[INFO] --------------------------------[ jar ]---------------------------------
[INFO] 
[INFO] --- maven-clean-plugin:2.5:clean (default-clean) @ liquigraph-testing ---
[INFO] Deleting /home/gabsko/breaking-updates/liquigraph-testing/target
[INFO] 
[INFO] --- maven-enforcer-plugin:1.2:enforce (enforce-maven) @ liquigraph-testing ---
[INFO] 
[INFO] --- jacoco-maven-plugin:0.8.5:prepare-agent (prepare-agent) @ liquigraph-testing ---
[INFO] argLine set to -javaagent:/home/gabsko/.m2/repository/org/jacoco/org.jacoco.agent/0.8.5/org.jacoco.agent-0.8.5-runtime.jar=destfile=/home/gabsko/breaking-updates/liquigraph-testing/target/jacoco.exec -Duser.language=en -Xmx1024m
[INFO] 
[INFO] --- maven-resources-plugin:2.6:resources (default-resources) @ liquigraph-testing ---
[INFO] Using 'UTF-8' encoding to copy filtered resources.
[INFO] Copying 1 resource
[INFO] Copying 1 resource
[INFO] 
[INFO] --- maven-compiler-plugin:3.1:compile (default-compile) @ liquigraph-testing ---
[INFO] Changes detected - recompiling the module!
[INFO] Compiling 5 source files to /home/gabsko/breaking-updates/liquigraph-testing/target/classes
[INFO] 
[INFO] --- maven-resources-plugin:2.6:testResources (default-testResources) @ liquigraph-testing ---
[INFO] Using 'UTF-8' encoding to copy filtered resources.
[INFO] skip non existing resourceDirectory /home/gabsko/breaking-updates/liquigraph-testing/src/test/resources
[INFO] 
[INFO] --- maven-compiler-plugin:3.1:testCompile (default-testCompile) @ liquigraph-testing ---
[INFO] No sources to compile
[INFO] 
[INFO] --- maven-surefire-plugin:2.22.2:test (default-test) @ liquigraph-testing ---
[INFO] No tests to run.
[INFO] 
[INFO] -------------------< org.liquigraph:liquigraph-core >-------------------
[INFO] Building liquigraph-core 4.0.5-SNAPSHOT                            [3/7]
[INFO] --------------------------------[ jar ]---------------------------------
[INFO] 
[INFO] --- maven-clean-plugin:2.5:clean (default-clean) @ liquigraph-core ---
[INFO] Deleting /home/gabsko/breaking-updates/liquigraph-core/target
[INFO] 
[INFO] --- maven-enforcer-plugin:1.2:enforce (enforce-maven) @ liquigraph-core ---
[INFO] 
[INFO] --- jacoco-maven-plugin:0.8.5:prepare-agent (prepare-agent) @ liquigraph-core ---
[INFO] argLine set to -javaagent:/home/gabsko/.m2/repository/org/jacoco/org.jacoco.agent/0.8.5/org.jacoco.agent-0.8.5-runtime.jar=destfile=/home/gabsko/breaking-updates/liquigraph-core/target/jacoco.exec -Duser.language=en -Xmx1024m
[INFO] 
[INFO] --- maven-resources-plugin:2.6:resources (default-resources) @ liquigraph-core ---
[INFO] Using 'UTF-8' encoding to copy filtered resources.
[INFO] Copying 3 resources
[INFO] 
[INFO] --- maven-compiler-plugin:3.1:compile (default-compile) @ liquigraph-core ---
[INFO] Changes detected - recompiling the module!
[INFO] Compiling 73 source files to /home/gabsko/breaking-updates/liquigraph-core/target/classes
[WARNING] /home/gabsko/breaking-updates/liquigraph-core/src/main/java/org/liquigraph/core/io/ChangelogGraphReader.java: /home/gabsko/breaking-updates/liquigraph-core/src/main/java/org/liquigraph/core/io/ChangelogGraphReader.java uses unchecked or unsafe operations.
[WARNING] /home/gabsko/breaking-updates/liquigraph-core/src/main/java/org/liquigraph/core/io/ChangelogGraphReader.java: Recompile with -Xlint:unchecked for details.
[INFO] 
[INFO] --- maven-resources-plugin:2.6:testResources (default-testResources) @ liquigraph-core ---
[INFO] Using 'UTF-8' encoding to copy filtered resources.
[INFO] Copying 37 resources
[INFO] 
[INFO] --- maven-compiler-plugin:3.1:testCompile (default-testCompile) @ liquigraph-core ---
[INFO] Changes detected - recompiling the module!
[INFO] Compiling 37 source files to /home/gabsko/breaking-updates/liquigraph-core/target/test-classes
[WARNING] /home/gabsko/breaking-updates/liquigraph-core/src/test/java/org/liquigraph/core/io/ChangelogFileWriterTest.java: Some input files use or override a deprecated API.
[WARNING] /home/gabsko/breaking-updates/liquigraph-core/src/test/java/org/liquigraph/core/io/ChangelogFileWriterTest.java: Recompile with -Xlint:deprecation for details.
[WARNING] /home/gabsko/breaking-updates/liquigraph-core/src/test/java/org/liquigraph/core/io/ChangelogGraphWriterIT.java: /home/gabsko/breaking-updates/liquigraph-core/src/test/java/org/liquigraph/core/io/ChangelogGraphWriterIT.java uses unchecked or unsafe operations.
[WARNING] /home/gabsko/breaking-updates/liquigraph-core/src/test/java/org/liquigraph/core/io/ChangelogGraphWriterIT.java: Recompile with -Xlint:unchecked for details.
[INFO] 
[INFO] --- maven-surefire-plugin:2.22.2:test (default-test) @ liquigraph-core ---
[INFO] 
[INFO] -------------------------------------------------------
[INFO]  T E S T S
[INFO] -------------------------------------------------------
[INFO] Running org.liquigraph.core.model.OrQueryTest
[INFO] Tests run: 1, Failures: 0, Errors: 0, Skipped: 0, Time elapsed: 0.154 s - in org.liquigraph.core.model.OrQueryTest
[INFO] Running org.liquigraph.core.model.ChangesetTest
[INFO] Tests run: 7, Failures: 0, Errors: 0, Skipped: 0, Time elapsed: 0.001 s - in org.liquigraph.core.model.ChangesetTest
[INFO] Running org.liquigraph.core.model.ChecksumsTest
[INFO] Tests run: 1, Failures: 0, Errors: 0, Skipped: 0, Time elapsed: 0 s - in org.liquigraph.core.model.ChecksumsTest
[INFO] Running org.liquigraph.core.model.PostconditionTest
[INFO] Tests run: 1, Failures: 0, Errors: 0, Skipped: 0, Time elapsed: 0 s - in org.liquigraph.core.model.PostconditionTest
[INFO] Running org.liquigraph.core.model.AndQueryTest
[INFO] Tests run: 1, Failures: 0, Errors: 0, Skipped: 0, Time elapsed: 0 s - in org.liquigraph.core.model.AndQueryTest
[INFO] Running org.liquigraph.core.model.SimpleQueryTest
[INFO] Tests run: 1, Failures: 0, Errors: 0, Skipped: 0, Time elapsed: 0 s - in org.liquigraph.core.model.SimpleQueryTest
[INFO] Running org.liquigraph.core.model.predicates.ChangesetByIdTest
[INFO] Tests run: 5, Failures: 0, Errors: 0, Skipped: 0, Time elapsed: 0.001 s - in org.liquigraph.core.model.predicates.ChangesetByIdTest
[INFO] Running org.liquigraph.core.model.predicates.ChangesetChecksumHasChangedTest
[INFO] Tests run: 3, Failures: 0, Errors: 0, Skipped: 0, Time elapsed: 0 s - in org.liquigraph.core.model.predicates.ChangesetChecksumHasChangedTest
[INFO] Running org.liquigraph.core.model.PreconditionTest
[INFO] Tests run: 1, Failures: 0, Errors: 0, Skipped: 0, Time elapsed: 0 s - in org.liquigraph.core.model.PreconditionTest
[INFO] Running org.liquigraph.core.validation.PersistedChangesetValidatorTest
[INFO] Tests run: 4, Failures: 0, Errors: 0, Skipped: 0, Time elapsed: 0 s - in org.liquigraph.core.validation.PersistedChangesetValidatorTest
[INFO] Running org.liquigraph.core.validation.XmlSchemaValidatorTest
[ERROR] Tests run: 6, Failures: 2, Errors: 0, Skipped: 0, Time elapsed: 0.352 s <<< FAILURE! - in org.liquigraph.core.validation.XmlSchemaValidatorTest
[ERROR] parses_changelog_without_author(org.liquigraph.core.validation.XmlSchemaValidatorTest)  Time elapsed: 0.236 s  <<< FAILURE!
java.lang.AssertionError: 

Expecting:
  <["cvc-complex-type.4: Attribute 'author' must appear on element 'changeset'.",
    "cvc-complex-type.4: Attribute 'author' must appear on element 'changeset'."]>
to contain exactly (and in same order):
  <["cvc-complex-type.4: Attribute 'author' must appear on element 'changeset'."]>
but some elements were not expected:
  <["cvc-complex-type.4: Attribute 'author' must appear on element 'changeset'."]>

	at org.liquigraph.core.validation.XmlSchemaValidatorTest.parses_changelog_without_author(XmlSchemaValidatorTest.java:51)

[ERROR] parses_changelog_without_id(org.liquigraph.core.validation.XmlSchemaValidatorTest)  Time elapsed: 0.006 s  <<< FAILURE!
java.lang.AssertionError: 

Expecting:
  <["cvc-complex-type.4: Attribute 'id' must appear on element 'changeset'.",
    "cvc-complex-type.4: Attribute 'id' must appear on element 'changeset'."]>
to contain exactly (and in same order):
  <["cvc-complex-type.4: Attribute 'id' must appear on element 'changeset'."]>
but some elements were not expected:
  <["cvc-complex-type.4: Attribute 'id' must appear on element 'changeset'."]>

	at org.liquigraph.core.validation.XmlSchemaValidatorTest.parses_changelog_without_id(XmlSchemaValidatorTest.java:61)

[INFO] Running org.liquigraph.core.api.ChangelogDiffMakerTest
[INFO] Tests run: 10, Failures: 0, Errors: 0, Skipped: 0, Time elapsed: 0.012 s - in org.liquigraph.core.api.ChangelogDiffMakerTest
[INFO] Running org.liquigraph.core.configuration.ExecutionContextsTest
[INFO] Tests run: 3, Failures: 0, Errors: 0, Skipped: 0, Time elapsed: 0 s - in org.liquigraph.core.configuration.ExecutionContextsTest
[INFO] Running org.liquigraph.core.configuration.validators.MandatoryOptionValidatorTest
[INFO] Tests run: 1, Failures: 0, Errors: 0, Skipped: 0, Time elapsed: 0 s - in org.liquigraph.core.configuration.validators.MandatoryOptionValidatorTest
[INFO] Running org.liquigraph.core.configuration.validators.DatasourceConfigurationValidatorTest
[INFO] Tests run: 9, Failures: 0, Errors: 0, Skipped: 0, Time elapsed: 0.531 s - in org.liquigraph.core.configuration.validators.DatasourceConfigurationValidatorTest
[INFO] Running org.liquigraph.core.configuration.ConfigurationBuilderTest
[INFO] Tests run: 11, Failures: 0, Errors: 0, Skipped: 0, Time elapsed: 0.128 s - in org.liquigraph.core.configuration.ConfigurationBuilderTest
[INFO] Running org.liquigraph.core.configuration.ConnectionConfigurationByDataSourceTest
[INFO] Tests run: 5, Failures: 0, Errors: 0, Skipped: 0, Time elapsed: 0.019 s - in org.liquigraph.core.configuration.ConnectionConfigurationByDataSourceTest
[INFO] Running org.liquigraph.core.configuration.ConnectionConfigurationByUriTest
[INFO] Tests run: 2, Failures: 0, Errors: 0, Skipped: 0, Time elapsed: 0 s - in org.liquigraph.core.configuration.ConnectionConfigurationByUriTest
[INFO] Running org.liquigraph.core.io.ChangelogFileWriterTest
[INFO] Tests run: 4, Failures: 0, Errors: 0, Skipped: 0, Time elapsed: 0.02 s - in org.liquigraph.core.io.ChangelogFileWriterTest
[INFO] Running org.liquigraph.core.io.ConditionPrinterTest
[INFO] Tests run: 4, Failures: 0, Errors: 0, Skipped: 0, Time elapsed: 0.001 s - in org.liquigraph.core.io.ConditionPrinterTest
[INFO] Running org.liquigraph.core.io.LiquibaseMigratorTest
[INFO] Tests run: 7, Failures: 0, Errors: 0, Skipped: 0, Time elapsed: 0.261 s - in org.liquigraph.core.io.LiquibaseMigratorTest
[INFO] Running org.liquigraph.core.io.xml.SchemaDetectorTest
[INFO] Tests run: 3, Failures: 0, Errors: 0, Skipped: 0, Time elapsed: 0 s - in org.liquigraph.core.io.xml.SchemaDetectorTest
[INFO] Running org.liquigraph.core.io.xml.DomSourceValidatorFactoryTest
[INFO] Tests run: 2, Failures: 0, Errors: 0, Skipped: 0, Time elapsed: 0.001 s - in org.liquigraph.core.io.xml.DomSourceValidatorFactoryTest
[INFO] Running org.liquigraph.core.io.xml.ImplicitSchemaValidatorOfflineTest
[INFO] Tests run: 1, Failures: 0, Errors: 0, Skipped: 0, Time elapsed: 0.06 s - in org.liquigraph.core.io.xml.ImplicitSchemaValidatorOfflineTest
[INFO] Running org.liquigraph.core.io.xml.ExplicitSchemaValidatorOfflineTest
[INFO] Tests run: 1, Failures: 0, Errors: 0, Skipped: 0, Time elapsed: 0.002 s - in org.liquigraph.core.io.xml.ExplicitSchemaValidatorOfflineTest
[INFO] Running org.liquigraph.core.io.xml.ImportResolverTest
[INFO] Tests run: 5, Failures: 0, Errors: 0, Skipped: 0, Time elapsed: 0.05 s - in org.liquigraph.core.io.xml.ImportResolverTest
[INFO] Running org.liquigraph.core.io.lock.LiquigraphLockTest
[INFO] Tests run: 9, Failures: 0, Errors: 0, Skipped: 0, Time elapsed: 0.278 s - in org.liquigraph.core.io.lock.LiquigraphLockTest
[INFO] Running org.liquigraph.core.io.lock.ShutdownTaskTest
[INFO] Tests run: 1, Failures: 0, Errors: 0, Skipped: 0, Time elapsed: 0.008 s - in org.liquigraph.core.io.lock.ShutdownTaskTest
[INFO] Running org.liquigraph.core.io.lock.LockableConnectionTest
[INFO] Tests run: 5, Failures: 0, Errors: 0, Skipped: 0, Time elapsed: 0.046 s - in org.liquigraph.core.io.lock.LockableConnectionTest
[INFO] Running org.liquigraph.core.parser.ChangelogParserTest
[INFO] Tests run: 9, Failures: 0, Errors: 0, Skipped: 0, Time elapsed: 0.288 s - in org.liquigraph.core.parser.ChangelogParserTest
[INFO] 
[INFO] Results:
[INFO] 
[ERROR] Failures: 
[ERROR]   XmlSchemaValidatorTest.parses_changelog_without_author:51 
Expecting:
  <["cvc-complex-type.4: Attribute 'author' must appear on element 'changeset'.",
    "cvc-complex-type.4: Attribute 'author' must appear on element 'changeset'."]>
to contain exactly (and in same order):
  <["cvc-complex-type.4: Attribute 'author' must appear on element 'changeset'."]>
but some elements were not expected:
  <["cvc-complex-type.4: Attribute 'author' must appear on element 'changeset'."]>

[ERROR]   XmlSchemaValidatorTest.parses_changelog_without_id:61 
Expecting:
  <["cvc-complex-type.4: Attribute 'id' must appear on element 'changeset'.",
    "cvc-complex-type.4: Attribute 'id' must appear on element 'changeset'."]>
to contain exactly (and in same order):
  <["cvc-complex-type.4: Attribute 'id' must appear on element 'changeset'."]>
but some elements were not expected:
  <["cvc-complex-type.4: Attribute 'id' must appear on element 'changeset'."]>

[INFO] 
[ERROR] Tests run: 123, Failures: 2, Errors: 0, Skipped: 0
[INFO] 
[INFO] ------------------------------------------------------------------------
[INFO] Reactor Summary for liquigraph-parent 4.0.5-SNAPSHOT:
[INFO] 
[INFO] liquigraph-parent .................................. SUCCESS [  0.404 s]
[INFO] liquigraph-testing ................................. SUCCESS [  1.494 s]
[INFO] liquigraph-core .................................... FAILURE [  5.072 s]
[INFO] liquigraph-maven-plugin ............................ SKIPPED
[INFO] liquigraph-cli ..................................... SKIPPED
[INFO] liquigraph-spring-boot-starter ..................... SKIPPED
[INFO] Spring Boot - Integration Example .................. SKIPPED
[INFO] ------------------------------------------------------------------------
[INFO] BUILD FAILURE
[INFO] ------------------------------------------------------------------------
[INFO] Total time:  7.114 s
[INFO] Finished at: 2023-01-13T19:57:37Z
[INFO] ------------------------------------------------------------------------
[ERROR] Failed to execute goal org.apache.maven.plugins:maven-surefire-plugin:2.22.2:test (default-test) on project liquigraph-core: There are test failures.
[ERROR] 
[ERROR] Please refer to /home/gabsko/breaking-updates/liquigraph-core/target/surefire-reports for the individual test results.
[ERROR] Please refer to dump files (if any exist) [date].dump, [date]-jvmRun[N].dump and [date].dumpstream.
[ERROR] -> [Help 1]
[ERROR] 
[ERROR] To see the full stack trace of the errors, re-run Maven with the -e switch.
[ERROR] Re-run Maven using the -X switch to enable full debug logging.
[ERROR] 
[ERROR] For more information about the errors and possible solutions, please read the following articles:
[ERROR] [Help 1] http://cwiki.apache.org/confluence/display/MAVEN/MojoFailureException
[ERROR] 
[ERROR] After correcting the problems, you can resume the build with the command
[ERROR]   mvn <args> -rf :liquigraph-core
