[INFO] Scanning for projects...
[WARNING] 
[WARNING] Some problems were encountered while building the effective model for com.approvaltests:approvaltests-tests:jar:100.0.0-SNAPSHOT
[WARNING] 'dependencies.dependency.systemPath' for com.github.larseckart:tcr-extension:jar should not point at files within the project directory, ${project.basedir}/src/tcr-extension.jar will be unresolvable by dependent projects @ line 26, column 25
[WARNING] 
[WARNING] It is highly recommended to fix these problems because they threaten the stability of your build.
[WARNING] 
[WARNING] For this reason, future Maven versions might no longer support building such malformed projects.
[WARNING] 
[INFO] Inspecting build with total of 7 modules...
[INFO] Installing Nexus Staging features:
[INFO]   ... total of 7 executions of maven-deploy-plugin replaced with nexus-staging-maven-plugin
[INFO] ------------------------------------------------------------------------
[INFO] Reactor Build Order:
[INFO] 
[INFO] ApprovalTests.Java                                                 [pom]
[INFO] approvaltests-util                                                 [jar]
[INFO] approvaltests                                                      [jar]
[INFO] approvaltests-util-tests                                           [jar]
[INFO] approvaltests-tests                                                [jar]
[INFO] CounterDisplay                                                     [jar]
[INFO] HtmlLocker                                                         [jar]
[INFO] 
[INFO] ---------------< com.approvaltests:approvaltests-parent >---------------
[INFO] Building ApprovalTests.Java 100.0.0-SNAPSHOT                       [1/7]
[INFO] --------------------------------[ pom ]---------------------------------
[INFO] 
[INFO] --- maven-clean-plugin:2.5:clean (default-clean) @ approvaltests-parent ---
[INFO] 
[INFO] --- formatter-maven-plugin:2.16.0:format (default) @ approvaltests-parent ---
[INFO] Using 'UTF-8' encoding to format source files.
[INFO] Formatting is skipped for types: HTML, XML, JSON
[INFO] Number of files to be formatted: 0
[INFO] 
[INFO] ----------------< com.approvaltests:approvaltests-util >----------------
[INFO] Building approvaltests-util 100.0.0-SNAPSHOT                       [2/7]
[INFO] --------------------------------[ jar ]---------------------------------
[INFO] 
[INFO] --- maven-clean-plugin:2.5:clean (default-clean) @ approvaltests-util ---
[INFO] Deleting /home/gabsko/breaking-updates/approvaltests-util/target
[INFO] 
[INFO] --- formatter-maven-plugin:2.16.0:format (default) @ approvaltests-util ---
[INFO] Using 'UTF-8' encoding to format source files.
[INFO] Formatting is skipped for types: HTML, XML, JSON
[INFO] Number of files to be formatted: 260
[INFO] Successfully formatted:          0 file(s)
[INFO] Fail to format:                  0 file(s)
[INFO] Skipped:                         260 file(s)
[INFO] Read only skipped:               0 file(s)
[INFO] Approximate time taken:          1s
[INFO] 
[INFO] --- maven-resources-plugin:2.6:resources (default-resources) @ approvaltests-util ---
[INFO] Using 'UTF-8' encoding to copy filtered resources.
[INFO] Copying 260 resources
[INFO] skip non existing resourceDirectory /home/gabsko/breaking-updates/approvaltests-util/src/main/resources
[INFO] 
[INFO] --- maven-compiler-plugin:3.8.1:compile (default-compile) @ approvaltests-util ---
[INFO] Changes detected - recompiling the module!
[INFO] Compiling 260 source files to /home/gabsko/breaking-updates/approvaltests-util/target/classes
[INFO] /home/gabsko/breaking-updates/approvaltests-util/src/main/java/org/lambda/actions/implementations/A1.java: Some input files use or override a deprecated API.
[INFO] /home/gabsko/breaking-updates/approvaltests-util/src/main/java/org/lambda/actions/implementations/A1.java: Recompile with -Xlint:deprecation for details.
[INFO] /home/gabsko/breaking-updates/approvaltests-util/src/main/java/org/lambda/query/OrderBy.java: Some input files use unchecked or unsafe operations.
[INFO] /home/gabsko/breaking-updates/approvaltests-util/src/main/java/org/lambda/query/OrderBy.java: Recompile with -Xlint:unchecked for details.
[INFO] 
[INFO] --- maven-resources-plugin:2.6:testResources (default-testResources) @ approvaltests-util ---
[INFO] Using 'UTF-8' encoding to copy filtered resources.
[INFO] skip non existing resourceDirectory /home/gabsko/breaking-updates/approvaltests-util/src/test/resources
[INFO] 
[INFO] --- maven-compiler-plugin:3.8.1:testCompile (default-testCompile) @ approvaltests-util ---
[INFO] No sources to compile
[INFO] 
[INFO] --- maven-surefire-plugin:3.0.0-M5:test (default-test) @ approvaltests-util ---
[INFO] No tests to run.
[INFO] 
[INFO] ------------------< com.approvaltests:approvaltests >-------------------
[INFO] Building approvaltests 100.0.0-SNAPSHOT                            [3/7]
[INFO] --------------------------------[ jar ]---------------------------------
[INFO] 
[INFO] --- maven-clean-plugin:2.5:clean (default-clean) @ approvaltests ---
[INFO] Deleting /home/gabsko/breaking-updates/approvaltests/target
[INFO] 
[INFO] --- formatter-maven-plugin:2.16.0:format (default) @ approvaltests ---
[INFO] Using 'UTF-8' encoding to format source files.
[INFO] Formatting is skipped for types: HTML, XML, JSON
[INFO] Number of files to be formatted: 144
[INFO] Successfully formatted:          0 file(s)
[INFO] Fail to format:                  0 file(s)
[INFO] Skipped:                         144 file(s)
[INFO] Read only skipped:               0 file(s)
[INFO] Approximate time taken:          0s
[INFO] 
[INFO] --- maven-resources-plugin:2.6:resources (default-resources) @ approvaltests ---
[INFO] Using 'UTF-8' encoding to copy filtered resources.
[INFO] Copying 135 resources
[INFO] skip non existing resourceDirectory /home/gabsko/breaking-updates/approvaltests/src/main/resources
[INFO] 
[INFO] --- maven-compiler-plugin:3.8.1:compile (default-compile) @ approvaltests ---
[INFO] Changes detected - recompiling the module!
[INFO] Compiling 135 source files to /home/gabsko/breaking-updates/approvaltests/target/classes
[INFO] /home/gabsko/breaking-updates/approvaltests/src/main/java/org/approvaltests/testcommitrevert/TestCommitRevertTest.java: Some input files use or override a deprecated API.
[INFO] /home/gabsko/breaking-updates/approvaltests/src/main/java/org/approvaltests/testcommitrevert/TestCommitRevertTest.java: Recompile with -Xlint:deprecation for details.
[INFO] /home/gabsko/breaking-updates/approvaltests/src/main/java/org/approvaltests/strings/Printable.java: Some input files use unchecked or unsafe operations.
[INFO] /home/gabsko/breaking-updates/approvaltests/src/main/java/org/approvaltests/strings/Printable.java: Recompile with -Xlint:unchecked for details.
[INFO] 
[INFO] --- maven-resources-plugin:2.6:testResources (default-testResources) @ approvaltests ---
[INFO] Using 'UTF-8' encoding to copy filtered resources.
[INFO] skip non existing resourceDirectory /home/gabsko/breaking-updates/approvaltests/src/test/resources
[INFO] 
[INFO] --- maven-compiler-plugin:3.8.1:testCompile (default-testCompile) @ approvaltests ---
[INFO] Changes detected - recompiling the module!
[INFO] Compiling 9 source files to /home/gabsko/breaking-updates/approvaltests/target/test-classes
[INFO] 
[INFO] --- maven-surefire-plugin:3.0.0-M5:test (default-test) @ approvaltests ---
[INFO] 
[INFO] -------------------------------------------------------
[INFO]  T E S T S
[INFO] -------------------------------------------------------
[INFO] Running org.approvaltests.namer.JUnit5StackTraceNamerTest
[INFO] Running org.approvaltests.namer.JUnit5StackTraceNamerTest$NestedTests
[INFO] Tests run: 13, Failures: 0, Errors: 0, Skipped: 0, Time elapsed: 0.003 s - in org.approvaltests.namer.JUnit5StackTraceNamerTest$NestedTests
[INFO] Tests run: 0, Failures: 0, Errors: 0, Skipped: 0, Time elapsed: 0.178 s - in org.approvaltests.namer.JUnit5StackTraceNamerTest
[INFO] Running org.approvaltests.reporters.intellij.IntelliJPathResolverTest
[Jan 13, 2023, 2:32:00 PM ~000000ms] Not valid for current environment: "repairnator"
[INFO] Tests run: 1, Failures: 0, Errors: 0, Skipped: 0, Time elapsed: 0.024 s - in org.approvaltests.reporters.intellij.IntelliJPathResolverTest
[INFO] Running org.approvaltests.reporters.JUnitReporterTest
To approve run : mv /home/gabsko/breaking-updates/approvaltests/./src/test/java/org/approvaltests/reporters/b.txt /home/gabsko/breaking-updates/approvaltests/./src/test/java/org/approvaltests/reporters/a.txt
To approve run : mv /home/gabsko/breaking-updates/approvaltests/./src/test/java/org/approvaltests/reporters/b.txt /home/gabsko/breaking-updates/approvaltests/./src/test/java/org/approvaltests/reporters/a.txt
To approve run : mv /home/gabsko/breaking-updates/approvaltests/./src/test/java/org/approvaltests/reporters/b.txt /home/gabsko/breaking-updates/approvaltests/./src/test/java/org/approvaltests/reporters/a.txt
[INFO] Tests run: 3, Failures: 0, Errors: 0, Skipped: 0, Time elapsed: 0.053 s - in org.approvaltests.reporters.JUnitReporterTest
[INFO] Running org.approvaltests.namer.JUnit3StackTraceNamerTest
[INFO] Tests run: 1, Failures: 0, Errors: 0, Skipped: 0, Time elapsed: 0.006 s - in org.approvaltests.namer.JUnit3StackTraceNamerTest
[INFO] Running org.approvaltests.namer.JUnit4ParameterizedNamerTest
[INFO] Tests run: 2, Failures: 0, Errors: 0, Skipped: 0, Time elapsed: 0.005 s - in org.approvaltests.namer.JUnit4ParameterizedNamerTest
[INFO] Running org.approvaltests.namer.JUnit4StackTraceNamerTest
[INFO] Tests run: 1, Failures: 0, Errors: 0, Skipped: 0, Time elapsed: 0.004 s - in org.approvaltests.namer.JUnit4StackTraceNamerTest
[INFO] Running org.approvaltests.testcommitrevert.TestCommitRevertSample
Nothing to commit
[INFO] Tests run: 1, Failures: 0, Errors: 0, Skipped: 0, Time elapsed: 0.023 s - in org.approvaltests.testcommitrevert.TestCommitRevertSample
Nothing to commit
[INFO] Running org.approvaltests.namer.TestNgStackTraceNamerTest

===============================================
Command line suite
Total tests run: 2, Passes: 2, Failures: 0, Skips: 0
===============================================

[INFO] Tests run: 2, Failures: 0, Errors: 0, Skipped: 0, Time elapsed: 0.11 s - in org.approvaltests.namer.TestNgStackTraceNamerTest
[INFO] 
[INFO] Results:
[INFO] 
[INFO] Tests run: 24, Failures: 0, Errors: 0, Skipped: 0
[INFO] 
[INFO] 
[INFO] -------------< com.approvaltests:approvaltests-util-tests >-------------
[INFO] Building approvaltests-util-tests 100.0.0-SNAPSHOT                 [4/7]
[INFO] --------------------------------[ jar ]---------------------------------
[INFO] 
[INFO] --- maven-clean-plugin:2.5:clean (default-clean) @ approvaltests-util-tests ---
[INFO] Deleting /home/gabsko/breaking-updates/approvaltests-util-tests/target
[INFO] 
[INFO] --- formatter-maven-plugin:2.16.0:format (default) @ approvaltests-util-tests ---
[INFO] Using 'UTF-8' encoding to format source files.
[INFO] Formatting is skipped for types: HTML, XML, JSON
[INFO] Number of files to be formatted: 60
[INFO] Successfully formatted:          0 file(s)
[INFO] Fail to format:                  0 file(s)
[INFO] Skipped:                         60 file(s)
[INFO] Read only skipped:               0 file(s)
[INFO] Approximate time taken:          0s
[INFO] 
[INFO] --- maven-resources-plugin:2.6:resources (default-resources) @ approvaltests-util-tests ---
[INFO] Using 'UTF-8' encoding to copy filtered resources.
[INFO] skip non existing resourceDirectory /home/gabsko/breaking-updates/approvaltests-util-tests/src/main/java
[INFO] skip non existing resourceDirectory /home/gabsko/breaking-updates/approvaltests-util-tests/src/main/resources
[INFO] 
[INFO] --- maven-compiler-plugin:3.8.1:compile (default-compile) @ approvaltests-util-tests ---
[INFO] No sources to compile
[INFO] 
[INFO] --- maven-resources-plugin:2.6:testResources (default-testResources) @ approvaltests-util-tests ---
[INFO] Using 'UTF-8' encoding to copy filtered resources.
[INFO] Copying 3 resources
[INFO] 
[INFO] --- maven-compiler-plugin:3.8.1:testCompile (default-testCompile) @ approvaltests-util-tests ---
[INFO] Changes detected - recompiling the module!
[INFO] Compiling 58 source files to /home/gabsko/breaking-updates/approvaltests-util-tests/target/test-classes
[INFO] /home/gabsko/breaking-updates/approvaltests-util-tests/src/test/java/com/spun/util/DateUtilsTest.java: /home/gabsko/breaking-updates/approvaltests-util-tests/src/test/java/com/spun/util/DateUtilsTest.java uses or overrides a deprecated API.
[INFO] /home/gabsko/breaking-updates/approvaltests-util-tests/src/test/java/com/spun/util/DateUtilsTest.java: Recompile with -Xlint:deprecation for details.
[INFO] /home/gabsko/breaking-updates/approvaltests-util-tests/src/test/java/org/lambda/query/QueryableTest.java: /home/gabsko/breaking-updates/approvaltests-util-tests/src/test/java/org/lambda/query/QueryableTest.java uses unchecked or unsafe operations.
[INFO] /home/gabsko/breaking-updates/approvaltests-util-tests/src/test/java/org/lambda/query/QueryableTest.java: Recompile with -Xlint:unchecked for details.
[INFO] 
[INFO] --- maven-surefire-plugin:3.0.0-M5:test (default-test) @ approvaltests-util-tests ---
[INFO] 
[INFO] -------------------------------------------------------
[INFO]  T E S T S
[INFO] -------------------------------------------------------
[ERROR] Jan 13, 2023 2:32:01 PM org.junit.platform.launcher.core.LauncherConfigurationParameters loadClasspathResource
[ERROR] INFO: Loading JUnit Platform configuration parameters from classpath resource [file:/home/gabsko/breaking-updates/approvaltests-util-tests/target/test-classes/junit-platform.properties].
[INFO] Running com.spun.util.velocity.VelocityInfoTest
[INFO] Running com.spun.util.io.FileMonitorTest
[INFO] Running com.spun.util.velocity.VelocityTableNameTest
[INFO] Running com.spun.util.StringUtilsTest
[INFO] Running com.spun.util.velocity.VelocityNullSetTest
[INFO] Running com.spun.util.parser.VelocityUtilsTest
[INFO] Running com.spun.util.ClassUtilsTest
[INFO] Running com.spun.util.velocity.VelocityNullArgumentTest
[INFO] Running com.spun.util.filters.MethodFilterTest
[INFO] Running com.spun.util.GenericTest
[INFO] Running com.spun.util.DatabaseUtilsTest
[INFO] Running com.spun.util.database.SQLQueryUtilsTest
[INFO] Running com.spun.util.SearchingFileFilterTest
[INFO] Running com.spun.util.io.FileUtilsTest
[INFO] Running com.spun.util.io.CommaDelimitedFileParserTest
[INFO] Running com.spun.util.io.NetUtilsTest
[INFO] Running com.spun.util.io.InternetConnectivityTest
[INFO] Running com.spun.util.MapTest
[INFO] Running com.spun.util.velocity.VelocityTest
[INFO] Running com.spun.util.TimedObjectTest
[INFO] Running com.spun.util.ArrayUtilsTest
[INFO] Running com.spun.util.timers.LapTimerTest
[INFO] Running com.spun.util.velocity.VelocitySilentTest
[INFO] Running com.spun.util.parser.CurrencyAmountTest
[INFO] Running com.spun.util.OrderByTest
[INFO] Running com.spun.util.filters.FilterTest
[INFO] Running com.spun.util.StateTest
[INFO] Running com.spun.util.parser.TemplateNumberUtilsTest
[INFO] Running com.spun.util.ObjectUtilsTest
[INFO] Running com.spun.util.WhiteSpaceStripperTest
[INFO] Running com.spun.util.ConfigXMLFileWriterTest
[INFO] Running com.spun.util.DateDifferenceTest
[INFO] Running org.lambda.functions.F1Test
[INFO] Running com.spun.util.NumberUtilsTest
[INFO] Running com.spun.util.io.XMLUtilsTest
[INFO] Running com.spun.util.CountryTest
[WARNING] Tests run: 2, Failures: 0, Errors: 0, Skipped: 2, Time elapsed: 0.045 s - in com.spun.util.velocity.VelocityNullArgumentTest
[INFO] Running com.spun.util.parser.TemplateStringUtilsTest
[INFO] Tests run: 3, Failures: 0, Errors: 0, Skipped: 0, Time elapsed: 0.061 s - in com.spun.util.GenericTest
[INFO] Running com.spun.util.parser.TemplateDoubleTest
[INFO] Tests run: 19, Failures: 0, Errors: 0, Skipped: 0, Time elapsed: 0.066 s - in com.spun.util.parser.CurrencyAmountTest
[INFO] Tests run: 0, Failures: 0, Errors: 0, Skipped: 0, Time elapsed: 0.064 s - in com.spun.util.filters.FilterTest
[INFO] Running com.spun.util.TupleTest
[INFO] Running com.spun.util.PhoneNumberTest
[INFO] Tests run: 4, Failures: 0, Errors: 0, Skipped: 0, Time elapsed: 0.121 s - in com.spun.util.DatabaseUtilsTest
[INFO] Tests run: 0, Failures: 0, Errors: 0, Skipped: 0, Time elapsed: 0.009 s - in com.spun.util.parser.TemplateStringUtilsTest
[INFO] Tests run: 0, Failures: 0, Errors: 0, Skipped: 0, Time elapsed: 0.123 s - in com.spun.util.OrderByTest
[INFO] Running com.spun.util.logger.SimpleLoggerTest
[INFO] Tests run: 0, Failures: 0, Errors: 0, Skipped: 0, Time elapsed: 0.004 s - in com.spun.util.TupleTest
[INFO] Running com.spun.util.persistence.LoaderTest
[INFO] Running com.spun.util.DateUtilsTest
[INFO] Tests run: 0, Failures: 0, Errors: 0, Skipped: 0, Time elapsed: 0.075 s - in com.spun.util.SearchingFileFilterTest
[INFO] Tests run: 0, Failures: 0, Errors: 0, Skipped: 0, Time elapsed: 0.128 s - in com.spun.util.ObjectUtilsTest
[INFO] Running org.lambda.utils.AsErrorsTest
[INFO] Running com.spun.util.date.DateRangeTest
[INFO] Tests run: 0, Failures: 0, Errors: 0, Skipped: 0, Time elapsed: 0.128 s - in com.spun.util.database.SQLQueryUtilsTest
[INFO] Running org.lambda.utils.GridTest
[INFO] Running org.lambda.query.QueryTest
[INFO] Tests run: 1, Failures: 0, Errors: 0, Skipped: 0, Time elapsed: 0.047 s - in com.spun.util.parser.TemplateDoubleTest
[INFO] Running org.lambda.query.QueryableTest
[INFO] Tests run: 1, Failures: 0, Errors: 0, Skipped: 0, Time elapsed: 0.144 s - in com.spun.util.NumberUtilsTest
[INFO] Running org.lambda.query.OrderByTest
[INFO] Tests run: 0, Failures: 0, Errors: 0, Skipped: 0, Time elapsed: 0.145 s - in com.spun.util.ClassUtilsTest
[INFO] Running org.lambda.query.AverageTest
[INFO] Tests run: 9, Failures: 0, Errors: 0, Skipped: 0, Time elapsed: 0.155 s - in com.spun.util.io.InternetConnectivityTest
[INFO] Running org.lambda.functions.F2Test
[INFO] Tests run: 1, Failures: 0, Errors: 0, Skipped: 0, Time elapsed: 0.007 s - in org.lambda.query.AverageTest
[INFO] Tests run: 0, Failures: 0, Errors: 0, Skipped: 0, Time elapsed: 0.158 s - in com.spun.util.io.NetUtilsTest
[INFO] Tests run: 0, Failures: 0, Errors: 0, Skipped: 0, Time elapsed: 0.013 s - in org.lambda.query.QueryTest
[INFO] Tests run: 0, Failures: 0, Errors: 0, Skipped: 0, Time elapsed: 0.158 s - in com.spun.util.io.CommaDelimitedFileParserTest
[INFO] Tests run: 7, Failures: 0, Errors: 0, Skipped: 0, Time elapsed: 0.169 s - in com.spun.util.timers.LapTimerTest
[INFO] Tests run: 0, Failures: 0, Errors: 0, Skipped: 0, Time elapsed: 0.169 s - in com.spun.util.filters.MethodFilterTest
[INFO] Tests run: 3, Failures: 0, Errors: 0, Skipped: 0, Time elapsed: 0.034 s - in com.spun.util.DateUtilsTest
[INFO] Tests run: 12, Failures: 0, Errors: 0, Skipped: 0, Time elapsed: 0.183 s - in com.spun.util.parser.TemplateNumberUtilsTest
[INFO] Tests run: 6, Failures: 0, Errors: 0, Skipped: 0, Time elapsed: 0.057 s - in com.spun.util.PhoneNumberTest
[INFO] Tests run: 1, Failures: 0, Errors: 0, Skipped: 0, Time elapsed: 0.199 s - in com.spun.util.io.XMLUtilsTest
[INFO] Tests run: 6, Failures: 0, Errors: 0, Skipped: 0, Time elapsed: 0.232 s - in com.spun.util.WhiteSpaceStripperTest
[INFO] Tests run: 1, Failures: 0, Errors: 0, Skipped: 0, Time elapsed: 0.228 s - in com.spun.util.ConfigXMLFileWriterTest
[INFO] Tests run: 2, Failures: 0, Errors: 0, Skipped: 0, Time elapsed: 0.231 s - in com.spun.util.CountryTest
To approve run : mv /home/gabsko/breaking-updates/approvaltests-util-tests/./src/test/java/com/spun/util/MapTest.test.received.txt /home/gabsko/breaking-updates/approvaltests-util-tests/./src/test/java/com/spun/util/MapTest.test.approved.txt
[ERROR] Tests run: 5, Failures: 1, Errors: 0, Skipped: 0, Time elapsed: 0.239 s <<< FAILURE! - in com.spun.util.MapTest
[ERROR] com.spun.util.MapTest.test  Time elapsed: 0.215 s  <<< FAILURE!
org.opentest4j.AssertionFailedError: 
expected: <age : 40 
date : 2001-01-01 00:00:00.0 
name : Llewellyn 
> but was: <age : 40 
date : 2000-12-31 16:00:00.0 
name : Llewellyn 
>
	at com.spun.util.MapTest.test(MapTest.java:13)

[INFO] Tests run: 6, Failures: 0, Errors: 0, Skipped: 0, Time elapsed: 0.25 s - in com.spun.util.io.FileUtilsTest
To approve run : mv /home/gabsko/breaking-updates/approvaltests-util-tests/./src/test/java/com/spun/util/logger/SimpleLoggerTest.testMarkers.received.txt /home/gabsko/breaking-updates/approvaltests-util-tests/./src/test/java/com/spun/util/logger/SimpleLoggerTest.testMarkers.approved.txt
[ERROR] Tests run: 7, Failures: 1, Errors: 0, Skipped: 0, Time elapsed: 0.118 s <<< FAILURE! - in org.lambda.utils.GridTest
[ERROR] com.spun.util.logger.SimpleLoggerTest.testMarkers  Time elapsed: 0.116 s  <<< FAILURE!
org.opentest4j.AssertionFailedError: 
expected: <=> Sample.methodThatLogs() - IN
   => Sample.innerMethod() - IN
      Variable: i = '0'
   <= Sample.innerMethod() - OUT
   => Sample.innerMethod() - IN
      Variable: i = '1'
   <= Sample.innerMethod() - OUT
   => Sample.innerMethod() - IN
      Variable: i = '2'
   <= Sample.innerMethod() - OUT
<= Sample.methodThatLogs() - OUT
> but was: <=> Sample.methodThatLogs() - IN
   => Sample.innerMethod() - IN
[Jan 13, 2023, 6:32:01 AM ~000-81ms]       Variable: difference = '3000'
      Variable: i = '0'
   <= Sample.innerMethod() - OUT
   => Sample.innerMethod() - IN
      Variable: i = '1'
   <= Sample.innerMethod() - OUT
   => Sample.innerMethod() - IN
      Variable: i = '2'
   <= Sample.innerMethod() - OUT
<= Sample.methodThatLogs() - OUT
>
	at com.spun.util.logger.SimpleLoggerTest.testMarkers(SimpleLoggerTest.java:36)

[INFO] Tests run: 2, Failures: 0, Errors: 0, Skipped: 0, Time elapsed: 0.267 s - in com.spun.util.StateTest
[INFO] Tests run: 0, Failures: 0, Errors: 0, Skipped: 0, Time elapsed: 0.107 s - in org.lambda.functions.F2Test
[INFO] Tests run: 5, Failures: 0, Errors: 0, Skipped: 0, Time elapsed: 0.148 s - in com.spun.util.logger.SimpleLoggerTest
[INFO] Tests run: 3, Failures: 0, Errors: 0, Skipped: 0, Time elapsed: 0.292 s - in com.spun.util.ArrayUtilsTest
[INFO] Tests run: 2, Failures: 0, Errors: 0, Skipped: 0, Time elapsed: 0.294 s - in org.lambda.functions.F1Test
[INFO] Tests run: 6, Failures: 0, Errors: 0, Skipped: 0, Time elapsed: 0.16 s - in org.lambda.query.OrderByTest
[INFO] Tests run: 5, Failures: 0, Errors: 0, Skipped: 0, Time elapsed: 0.312 s - in com.spun.util.StringUtilsTest
[INFO] Tests run: 8, Failures: 0, Errors: 0, Skipped: 0, Time elapsed: 0.178 s - in com.spun.util.date.DateRangeTest
[INFO] Tests run: 2, Failures: 0, Errors: 0, Skipped: 0, Time elapsed: 0.178 s - in org.lambda.query.QueryableTest
[INFO] Tests run: 1, Failures: 0, Errors: 0, Skipped: 0, Time elapsed: 0.316 s - in org.lambda.utils.AsErrorsTest
[INFO] Tests run: 4, Failures: 0, Errors: 0, Skipped: 0, Time elapsed: 0.514 s - in com.spun.util.velocity.VelocitySilentTest
[INFO] Tests run: 1, Failures: 0, Errors: 0, Skipped: 0, Time elapsed: 0.379 s - in com.spun.util.persistence.LoaderTest
[INFO] Tests run: 2, Failures: 0, Errors: 0, Skipped: 0, Time elapsed: 0.519 s - in com.spun.util.velocity.VelocityTableNameTest
[INFO] Tests run: 2, Failures: 0, Errors: 0, Skipped: 0, Time elapsed: 0.538 s - in com.spun.util.DateDifferenceTest
[INFO] Tests run: 2, Failures: 0, Errors: 0, Skipped: 0, Time elapsed: 0.54 s - in com.spun.util.velocity.VelocityTest
[INFO] Tests run: 1, Failures: 0, Errors: 0, Skipped: 0, Time elapsed: 0.544 s - in com.spun.util.velocity.VelocityInfoTest
[INFO] Tests run: 3, Failures: 0, Errors: 0, Skipped: 0, Time elapsed: 0.551 s - in com.spun.util.velocity.VelocityNullSetTest
[INFO] Tests run: 1, Failures: 0, Errors: 0, Skipped: 0, Time elapsed: 0.561 s - in com.spun.util.parser.VelocityUtilsTest
[INFO] Tests run: 1, Failures: 0, Errors: 0, Skipped: 0, Time elapsed: 1.346 s - in com.spun.util.TimedObjectTest
[INFO] Tests run: 1, Failures: 0, Errors: 0, Skipped: 0, Time elapsed: 2.153 s - in com.spun.util.io.FileMonitorTest
[INFO] 
[INFO] Results:
[INFO] 
[ERROR] Failures: 
[ERROR]   MapTest.test:13 expected: <age : 40 
date : 2001-01-01 00:00:00.0 
name : Llewellyn 
> but was: <age : 40 
date : 2000-12-31 16:00:00.0 
name : Llewellyn 
>
[ERROR]   SimpleLoggerTest.testMarkers:36 expected: <=> Sample.methodThatLogs() - IN
   => Sample.innerMethod() - IN
      Variable: i = '0'
   <= Sample.innerMethod() - OUT
   => Sample.innerMethod() - IN
      Variable: i = '1'
   <= Sample.innerMethod() - OUT
   => Sample.innerMethod() - IN
      Variable: i = '2'
   <= Sample.innerMethod() - OUT
<= Sample.methodThatLogs() - OUT
> but was: <=> Sample.methodThatLogs() - IN
   => Sample.innerMethod() - IN
[Jan 13, 2023, 6:32:01 AM ~000-81ms]       Variable: difference = '3000'
      Variable: i = '0'
   <= Sample.innerMethod() - OUT
   => Sample.innerMethod() - IN
      Variable: i = '1'
   <= Sample.innerMethod() - OUT
   => Sample.innerMethod() - IN
      Variable: i = '2'
   <= Sample.innerMethod() - OUT
<= Sample.methodThatLogs() - OUT
>
[INFO] 
[ERROR] Tests run: 148, Failures: 2, Errors: 0, Skipped: 2
[INFO] 
[INFO] ------------------------------------------------------------------------
[INFO] Reactor Summary for ApprovalTests.Java 100.0.0-SNAPSHOT:
[INFO] 
[INFO] ApprovalTests.Java ................................. SUCCESS [  0.200 s]
[INFO] approvaltests-util ................................. SUCCESS [  3.474 s]
[INFO] approvaltests ...................................... SUCCESS [  2.006 s]
[INFO] approvaltests-util-tests ........................... FAILURE [  3.373 s]
[INFO] approvaltests-tests ................................ SKIPPED
[INFO] CounterDisplay ..................................... SKIPPED
[INFO] HtmlLocker ......................................... SKIPPED
[INFO] ------------------------------------------------------------------------
[INFO] BUILD FAILURE
[INFO] ------------------------------------------------------------------------
[INFO] Total time:  9.443 s
[INFO] Finished at: 2023-01-13T14:32:04Z
[INFO] ------------------------------------------------------------------------
[ERROR] Failed to execute goal org.apache.maven.plugins:maven-surefire-plugin:3.0.0-M5:test (default-test) on project approvaltests-util-tests: There are test failures.
[ERROR] 
[ERROR] Please refer to /home/gabsko/breaking-updates/approvaltests-util-tests/target/surefire-reports for the individual test results.
[ERROR] Please refer to dump files (if any exist) [date].dump, [date]-jvmRun[N].dump and [date].dumpstream.
[ERROR] -> [Help 1]
[ERROR] 
[ERROR] To see the full stack trace of the errors, re-run Maven with the -e switch.
[ERROR] Re-run Maven using the -X switch to enable full debug logging.
[ERROR] 
[ERROR] For more information about the errors and possible solutions, please read the following articles:
[ERROR] [Help 1] http://cwiki.apache.org/confluence/display/MAVEN/MojoFailureException
[ERROR] 
[ERROR] After correcting the problems, you can resume the build with the command
[ERROR]   mvn <args> -rf :approvaltests-util-tests
