[INFO] Scanning for projects...
[INFO] Inspecting build with total of 4 modules...
[INFO] Installing Nexus Staging features:
[INFO]   ... total of 4 executions of maven-deploy-plugin replaced with nexus-staging-maven-plugin
[INFO] ------------------------------------------------------------------------
[INFO] Reactor Build Order:
[INFO] 
[INFO] findbugs-slf4j                                                     [pom]
[INFO] findbugs-slf4j bug pattern                                         [jar]
[INFO] findbugs-slf4j test case                                           [jar]
[INFO] findbugs-slf4j sonar plugin                               [sonar-plugin]
[INFO] 
[INFO] -------------< jp.skypencil.findbugs.slf4j:findbugs-slf4j >-------------
[INFO] Building findbugs-slf4j 1.5.1-SNAPSHOT                             [1/4]
[INFO] --------------------------------[ pom ]---------------------------------
[INFO] 
[INFO] --- maven-clean-plugin:2.5:clean (default-clean) @ findbugs-slf4j ---
[INFO] 
[INFO] --------------< jp.skypencil.findbugs.slf4j:bug-pattern >---------------
[INFO] Building findbugs-slf4j bug pattern 1.5.1-SNAPSHOT                 [2/4]
[INFO] --------------------------------[ jar ]---------------------------------
[INFO] Downloading from central: https://repo.maven.apache.org/maven2/com/google/code/findbugs/bcel/2.0.2/bcel-2.0.2.jar
[INFO] Downloading from central: https://repo.maven.apache.org/maven2/com/github/spotbugs/test-harness/4.6.0/test-harness-4.6.0.jar
[INFO] Downloading from central: https://repo.maven.apache.org/maven2/com/google/code/findbugs/findbugs/2.0.2/findbugs-2.0.2.jar
[INFO] Downloading from central: https://repo.maven.apache.org/maven2/com/youdevise/test-driven-detectors4findbugs/1.0/test-driven-detectors4findbugs-1.0.jar
[INFO] Downloading from central: https://repo.maven.apache.org/maven2/com/github/spotbugs/test-harness-core/4.6.0/test-harness-core-4.6.0.jar
[INFO] Downloaded from central: https://repo.maven.apache.org/maven2/com/github/spotbugs/test-harness-core/4.6.0/test-harness-core-4.6.0.jar (11 kB at 22 kB/s)
[INFO] Downloaded from central: https://repo.maven.apache.org/maven2/com/github/spotbugs/test-harness/4.6.0/test-harness-4.6.0.jar (10 kB at 20 kB/s)
[INFO] Downloading from central: https://repo.maven.apache.org/maven2/com/google/code/findbugs/jFormatString/2.0.2/jFormatString-2.0.2.jar
[INFO] Downloading from central: https://repo.maven.apache.org/maven2/asm/asm/3.3/asm-3.3.jar
[INFO] Downloaded from central: https://repo.maven.apache.org/maven2/com/google/code/findbugs/bcel/2.0.2/bcel-2.0.2.jar (584 kB at 1.1 MB/s)
[INFO] Downloading from central: https://repo.maven.apache.org/maven2/asm/asm-tree/3.3/asm-tree-3.3.jar
[INFO] Downloaded from central: https://repo.maven.apache.org/maven2/asm/asm/3.3/asm-3.3.jar (44 kB at 79 kB/s)
[INFO] Downloading from central: https://repo.maven.apache.org/maven2/asm/asm-commons/3.3/asm-commons-3.3.jar
[INFO] Downloaded from central: https://repo.maven.apache.org/maven2/asm/asm-tree/3.3/asm-tree-3.3.jar (22 kB at 38 kB/s)
[INFO] Downloaded from central: https://repo.maven.apache.org/maven2/asm/asm-commons/3.3/asm-commons-3.3.jar (38 kB at 67 kB/s)
[INFO] Downloaded from central: https://repo.maven.apache.org/maven2/com/youdevise/test-driven-detectors4findbugs/1.0/test-driven-detectors4findbugs-1.0.jar (18 kB at 29 kB/s)
[INFO] Downloaded from central: https://repo.maven.apache.org/maven2/com/google/code/findbugs/jFormatString/2.0.2/jFormatString-2.0.2.jar (27 kB at 38 kB/s)
[INFO] Downloaded from central: https://repo.maven.apache.org/maven2/com/google/code/findbugs/findbugs/2.0.2/findbugs-2.0.2.jar (3.4 MB at 4.7 MB/s)
[INFO] 
[INFO] --- maven-clean-plugin:2.5:clean (default-clean) @ bug-pattern ---
[INFO] Deleting /home/gabsko/breaking-updates/bug-pattern/target
[INFO] 
[INFO] --- maven-resources-plugin:3.2.0:resources (default-resources) @ bug-pattern ---
[INFO] Using 'UTF-8' encoding to copy filtered resources.
[INFO] Using 'UTF-8' encoding to copy filtered properties files.
[INFO] Copying 4 resources
[INFO] 
[INFO] --- maven-compiler-plugin:3.10.1:compile (default-compile) @ bug-pattern ---
[INFO] Changes detected - recompiling the module!
[INFO] Compiling 14 source files to /home/gabsko/breaking-updates/bug-pattern/target/classes
[INFO] 
[INFO] --- build-helper-maven-plugin:3.3.0:add-test-source (add-test-source) @ bug-pattern ---
[INFO] Test Source directory: /home/gabsko/breaking-updates/bug-pattern/src/case/java added.
[INFO] 
[INFO] --- maven-resources-plugin:3.2.0:testResources (default-testResources) @ bug-pattern ---
[INFO] Using 'UTF-8' encoding to copy filtered resources.
[INFO] Using 'UTF-8' encoding to copy filtered properties files.
[INFO] skip non existing resourceDirectory /home/gabsko/breaking-updates/bug-pattern/src/test/resources
[INFO] 
[INFO] --- maven-compiler-plugin:3.10.1:testCompile (default-testCompile) @ bug-pattern ---
[INFO] Changes detected - recompiling the module!
[INFO] Compiling 9 source files to /home/gabsko/breaking-updates/bug-pattern/target/test-classes
[INFO] 
[INFO] --- maven-surefire-plugin:2.22.2:test (default-test) @ bug-pattern ---
[INFO] 
[INFO] -------------------------------------------------------
[INFO]  T E S T S
[INFO] -------------------------------------------------------
[INFO] Running jp.skypencil.findbugs.slf4j.parameter.AbstractDetectorForParameterArrayTest
SLF4J: Failed to load class "org.slf4j.impl.StaticLoggerBinder".
SLF4J: Defaulting to no-operation (NOP) logger implementation
SLF4J: See http://www.slf4j.org/codes.html#StaticLoggerBinder for further details.
[INFO] Tests run: 1, Failures: 0, Errors: 0, Skipped: 0, Time elapsed: 0.714 s - in jp.skypencil.findbugs.slf4j.parameter.AbstractDetectorForParameterArrayTest
[INFO] Running jp.skypencil.findbugs.slf4j.GettingClassFromArrayTest
pkg.GettingClassFromArray.<init> : ()V
  0 aload_0         []::[< Lpkg/GettingClassFromArray;, IP, r0 >]
  1 invokespecial   [< Lpkg/GettingClassFromArray;, IP, r0 >]::[< Lpkg/GettingClassFromArray;, IP, r0 >]
  4 return          []::[< Lpkg/GettingClassFromArray;, IP, r0 >]

pkg.GettingClassFromArray.method : ()V
  0 iconst_0        []::[< Lpkg/GettingClassFromArray;, IP, r0 >]
  1 anewarray       [< I, 0 >]::[< Lpkg/GettingClassFromArray;, IP, r0 >]
  4 invokevirtual   [< [Ljava/lang/String;, new, 0 >]::[< Lpkg/GettingClassFromArray;, IP, r0 >]
  7 pop             [< Ljava/lang/Class;, return value from java.lang.Object.getClass()Ljava/lang/Class; >]::[< Lpkg/GettingClassFromArray;, IP, r0 >]
  8 return          []::[< Lpkg/GettingClassFromArray;, IP, r0 >]

Analyzing pkg.GettingClassFromArray.<init>()

*******************************************************

Method invocation:    1: invokespecial[183](3) 1
	Invoking: java.lang.Object.<init>()
	Prototype method: class=java.lang.Object, method=public void <init>() [RuntimeVisibleAnnotations]
	Target method set: [java.lang.Object.<init>()]
Analyzing pkg.GettingClassFromArray.method()

*******************************************************

Method invocation:    4: invokevirtual[182](3) 3
	Invoking: java.lang.Object.getClass()
	Prototype method: class=java.lang.Object, method=public final native Class getClass() [Signature: ()Ljava/lang/Class<*>;] [RuntimeVisibleAnnotations]
	Target method set: [java.lang.Object.getClass()]
[INFO] Tests run: 1, Failures: 0, Errors: 0, Skipped: 0, Time elapsed: 1.154 s - in jp.skypencil.findbugs.slf4j.GettingClassFromArrayTest
[INFO] Running jp.skypencil.findbugs.slf4j.CodepointIteratorTest
[INFO] Tests run: 2, Failures: 0, Errors: 0, Skipped: 0, Time elapsed: 0 s - in jp.skypencil.findbugs.slf4j.CodepointIteratorTest
[INFO] Running jp.skypencil.findbugs.slf4j.IllegalPassedClassDetectorTest
[ERROR] Tests run: 1, Failures: 1, Errors: 0, Skipped: 0, Time elapsed: 0.004 s <<< FAILURE! - in jp.skypencil.findbugs.slf4j.IllegalPassedClassDetectorTest
[ERROR] testFindClass  Time elapsed: 0.004 s  <<< FAILURE!
org.opentest4j.AssertionFailedError: Unexpected exception type thrown ==> expected: <org.apache.bcel.classfile.ClassFormatException> but was: <java.lang.NullPointerException>
	at jp.skypencil.findbugs.slf4j.IllegalPassedClassDetectorTest.testFindClass(IllegalPassedClassDetectorTest.java:12)
Caused by: java.lang.NullPointerException
	at jp.skypencil.findbugs.slf4j.IllegalPassedClassDetectorTest.lambda$testFindClass$0(IllegalPassedClassDetectorTest.java:15)
	at jp.skypencil.findbugs.slf4j.IllegalPassedClassDetectorTest.testFindClass(IllegalPassedClassDetectorTest.java:12)

[INFO] Running jp.skypencil.findbugs.slf4j.WrongPlaceholderDetectorTest
[INFO] Tests run: 2, Failures: 0, Errors: 0, Skipped: 0, Time elapsed: 0.456 s - in jp.skypencil.findbugs.slf4j.WrongPlaceholderDetectorTest
[INFO] Running jp.skypencil.findbugs.slf4j.JavaTypeTest
[INFO] Tests run: 1, Failures: 0, Errors: 0, Skipped: 0, Time elapsed: 0 s - in jp.skypencil.findbugs.slf4j.JavaTypeTest
[INFO] 
[INFO] Results:
[INFO] 
[ERROR] Failures: 
[ERROR]   IllegalPassedClassDetectorTest.testFindClass:12 Unexpected exception type thrown ==> expected: <org.apache.bcel.classfile.ClassFormatException> but was: <java.lang.NullPointerException>
[INFO] 
[ERROR] Tests run: 8, Failures: 1, Errors: 0, Skipped: 0
[INFO] 
[INFO] ------------------------------------------------------------------------
[INFO] Reactor Summary for findbugs-slf4j 1.5.1-SNAPSHOT:
[INFO] 
[INFO] findbugs-slf4j ..................................... SUCCESS [  0.078 s]
[INFO] findbugs-slf4j bug pattern ......................... FAILURE [  6.081 s]
[INFO] findbugs-slf4j test case ........................... SKIPPED
[INFO] findbugs-slf4j sonar plugin ........................ SKIPPED
[INFO] ------------------------------------------------------------------------
[INFO] BUILD FAILURE
[INFO] ------------------------------------------------------------------------
[INFO] Total time:  6.763 s
[INFO] Finished at: 2023-01-16T16:15:36Z
[INFO] ------------------------------------------------------------------------
[ERROR] Failed to execute goal org.apache.maven.plugins:maven-surefire-plugin:2.22.2:test (default-test) on project bug-pattern: There are test failures.
[ERROR] 
[ERROR] Please refer to /home/gabsko/breaking-updates/bug-pattern/target/surefire-reports for the individual test results.
[ERROR] Please refer to dump files (if any exist) [date].dump, [date]-jvmRun[N].dump and [date].dumpstream.
[ERROR] -> [Help 1]
[ERROR] 
[ERROR] To see the full stack trace of the errors, re-run Maven with the -e switch.
[ERROR] Re-run Maven using the -X switch to enable full debug logging.
[ERROR] 
[ERROR] For more information about the errors and possible solutions, please read the following articles:
[ERROR] [Help 1] http://cwiki.apache.org/confluence/display/MAVEN/MojoFailureException
[ERROR] 
[ERROR] After correcting the problems, you can resume the build with the command
[ERROR]   mvn <args> -rf :bug-pattern
