[INFO] Scanning for projects...
[INFO] ------------------------------------------------------------------------
[INFO] Reactor Build Order:
[INFO] 
[INFO] demo-java                                                          [pom]
[INFO] best-practice                                                      [jar]
[INFO] common resources                                                   [pom]
[INFO] appium-examples                                                    [jar]
[INFO] w3c-examples-example                                               [jar]
[INFO] w3c-examples-testng                                                [jar]
[INFO] appium-junit4-cucumber-examples                                    [jar]
[INFO] selenium-testng-best-practice                                      [jar]
[INFO] selenium-testng-examples                                           [jar]
[INFO] selenium-junit4-examples                                           [jar]
[INFO] selenium-examples                                                  [jar]
[INFO] selenium-cucumber-examples                                         [jar]
[INFO] 
[INFO] ----------------------< com.saucelabs:demo-java >-----------------------
[INFO] Building demo-java 1.0-SNAPSHOT                                   [1/12]
[INFO] --------------------------------[ pom ]---------------------------------
[INFO] 
[INFO] --- maven-clean-plugin:2.5:clean (default-clean) @ demo-java ---
[INFO] 
[INFO] --------------------< com.saucelabs:best-practice >---------------------
[INFO] Building best-practice 1.0-SNAPSHOT                               [2/12]
[INFO] --------------------------------[ jar ]---------------------------------
[INFO] 
[INFO] --- maven-clean-plugin:2.5:clean (default-clean) @ best-practice ---
[INFO] 
[INFO] --- maven-resources-plugin:2.6:resources (default-resources) @ best-practice ---
[WARNING] Using platform encoding (UTF-8 actually) to copy filtered resources, i.e. build is platform dependent!
[INFO] skip non existing resourceDirectory /home/gabsko/breaking-updates/best-practice/src/main/resources
[INFO] 
[INFO] --- maven-compiler-plugin:3.0:compile (default-compile) @ best-practice ---
[INFO] No sources to compile
[INFO] 
[INFO] --- maven-resources-plugin:2.6:testResources (default-testResources) @ best-practice ---
[WARNING] Using platform encoding (UTF-8 actually) to copy filtered resources, i.e. build is platform dependent!
[INFO] skip non existing resourceDirectory /home/gabsko/breaking-updates/best-practice/src/test/resources
[INFO] 
[INFO] --- maven-compiler-plugin:3.0:testCompile (default-testCompile) @ best-practice ---
[INFO] Changes detected - recompiling the module!
[WARNING] File encoding has not been set, using platform encoding UTF-8, i.e. build is platform dependent!
[INFO] Compiling 14 source files to /home/gabsko/breaking-updates/best-practice/target/test-classes
[WARNING] /home/gabsko/breaking-updates/best-practice/src/test/java/com/saucedemo/tests/RealDeviceWebTests.java: Some input files use unchecked or unsafe operations.
[WARNING] /home/gabsko/breaking-updates/best-practice/src/test/java/com/saucedemo/tests/RealDeviceWebTests.java: Recompile with -Xlint:unchecked for details.
[INFO] 
[INFO] --- maven-surefire-plugin:3.0.0-M4:test (default-test) @ best-practice ---
[INFO] 
[INFO] -------------------------------------------------------
[INFO]  T E S T S
[INFO] -------------------------------------------------------
[INFO] Running com.saucedemo.tests.RealDeviceWebTests
Jan 18, 2023 10:22:35 AM org.openqa.selenium.remote.ErrorCodes toStatus
INFO: HTTP Status: '401' -> incorrect JSON status mapping for 'unknown error' (500 expected)
Jan 18, 2023 10:22:35 AM org.openqa.selenium.remote.ErrorCodes toStatus
INFO: HTTP Status: '401' -> incorrect JSON status mapping for 'unknown error' (500 expected)
Jan 18, 2023 10:22:35 AM org.openqa.selenium.remote.ErrorCodes toStatus
INFO: HTTP Status: '401' -> incorrect JSON status mapping for 'unknown error' (500 expected)
Jan 18, 2023 10:22:35 AM org.openqa.selenium.remote.ErrorCodes toStatus
INFO: HTTP Status: '401' -> incorrect JSON status mapping for 'unknown error' (500 expected)
Jan 18, 2023 10:22:35 AM org.openqa.selenium.remote.ErrorCodes toStatus
INFO: HTTP Status: '401' -> incorrect JSON status mapping for 'unknown error' (500 expected)
Jan 18, 2023 10:22:35 AM org.openqa.selenium.remote.ErrorCodes toStatus
INFO: HTTP Status: '401' -> incorrect JSON status mapping for 'unknown error' (500 expected)
Jan 18, 2023 10:22:35 AM org.openqa.selenium.remote.ErrorCodes toStatus
INFO: HTTP Status: '401' -> incorrect JSON status mapping for 'unknown error' (500 expected)
Jan 18, 2023 10:22:35 AM org.openqa.selenium.remote.ErrorCodes toStatus
INFO: HTTP Status: '401' -> incorrect JSON status mapping for 'unknown error' (500 expected)
Jan 18, 2023 10:22:35 AM org.openqa.selenium.remote.ErrorCodes toStatus
INFO: HTTP Status: '401' -> incorrect JSON status mapping for 'unknown error' (500 expected)
Jan 18, 2023 10:22:35 AM org.openqa.selenium.remote.ErrorCodes toStatus
INFO: HTTP Status: '401' -> incorrect JSON status mapping for 'unknown error' (500 expected)
Jan 18, 2023 10:22:35 AM org.openqa.selenium.remote.ErrorCodes toStatus
INFO: HTTP Status: '401' -> incorrect JSON status mapping for 'unknown error' (500 expected)
Jan 18, 2023 10:22:35 AM org.openqa.selenium.remote.ErrorCodes toStatus
INFO: HTTP Status: '401' -> incorrect JSON status mapping for 'unknown error' (500 expected)
Jan 18, 2023 10:22:35 AM org.openqa.selenium.remote.ErrorCodes toStatus
INFO: HTTP Status: '401' -> incorrect JSON status mapping for 'unknown error' (500 expected)
Jan 18, 2023 10:22:35 AM org.openqa.selenium.remote.ErrorCodes toStatus
INFO: HTTP Status: '401' -> incorrect JSON status mapping for 'unknown error' (500 expected)
Jan 18, 2023 10:22:35 AM org.openqa.selenium.remote.ErrorCodes toStatus
INFO: HTTP Status: '401' -> incorrect JSON status mapping for 'unknown error' (500 expected)
[ERROR] Tests run: 15, Failures: 0, Errors: 15, Skipped: 0, Time elapsed: 2.306 s <<< FAILURE! - in com.saucedemo.tests.RealDeviceWebTests
[ERROR] com.saucedemo.tests.RealDeviceWebTests.loginWorks[4]  Time elapsed: 2.302 s  <<< ERROR!
org.openqa.selenium.SessionNotCreatedException: 
Unable to create a new remote session. Please check the server log for more details. Original error: failed serving request POST /wd/hub/session: Unauthorized
Build info: version: '3.141.59', revision: 'e82be7d358', time: '2018-11-14T08:17:03'
System info: host: 'repairnator', ip: '127.0.1.1', os.name: 'Linux', os.arch: 'amd64', os.version: '5.4.0-113-generic', java.version: '11.0.17'
Driver info: driver.version: IOSDriver
remote stacktrace: 
Build info: version: '3.141.59', revision: 'e82be7d358', time: '2018-11-14T08:17:03'
System info: host: 'repairnator', ip: '127.0.1.1', os.name: 'Linux', os.arch: 'amd64', os.version: '5.4.0-113-generic', java.version: '11.0.17'
Driver info: driver.version: IOSDriver
	at com.saucedemo.tests.RealDeviceWebTests.setUp(RealDeviceWebTests.java:62)
Caused by: java.lang.reflect.InvocationTargetException
	at com.saucedemo.tests.RealDeviceWebTests.setUp(RealDeviceWebTests.java:62)
Caused by: org.openqa.selenium.WebDriverException: 
failed serving request POST /wd/hub/session: Unauthorized
Build info: version: '3.141.59', revision: 'e82be7d358', time: '2018-11-14T08:17:03'
System info: host: 'repairnator', ip: '127.0.1.1', os.name: 'Linux', os.arch: 'amd64', os.version: '5.4.0-113-generic', java.version: '11.0.17'
Driver info: driver.version: IOSDriver
remote stacktrace: 
	at com.saucedemo.tests.RealDeviceWebTests.setUp(RealDeviceWebTests.java:62)

[ERROR] com.saucedemo.tests.RealDeviceWebTests.invalidCredentials[3]  Time elapsed: 2.304 s  <<< ERROR!
org.openqa.selenium.SessionNotCreatedException: 
Unable to create a new remote session. Please check the server log for more details. Original error: failed serving request POST /wd/hub/session: Unauthorized
Build info: version: '3.141.59', revision: 'e82be7d358', time: '2018-11-14T08:17:03'
System info: host: 'repairnator', ip: '127.0.1.1', os.name: 'Linux', os.arch: 'amd64', os.version: '5.4.0-113-generic', java.version: '11.0.17'
Driver info: driver.version: IOSDriver
remote stacktrace: 
Build info: version: '3.141.59', revision: 'e82be7d358', time: '2018-11-14T08:17:03'
System info: host: 'repairnator', ip: '127.0.1.1', os.name: 'Linux', os.arch: 'amd64', os.version: '5.4.0-113-generic', java.version: '11.0.17'
Driver info: driver.version: IOSDriver
	at com.saucedemo.tests.RealDeviceWebTests.setUp(RealDeviceWebTests.java:62)
Caused by: java.lang.reflect.InvocationTargetException
	at com.saucedemo.tests.RealDeviceWebTests.setUp(RealDeviceWebTests.java:62)
Caused by: org.openqa.selenium.WebDriverException: 
failed serving request POST /wd/hub/session: Unauthorized
Build info: version: '3.141.59', revision: 'e82be7d358', time: '2018-11-14T08:17:03'
System info: host: 'repairnator', ip: '127.0.1.1', os.name: 'Linux', os.arch: 'amd64', os.version: '5.4.0-113-generic', java.version: '11.0.17'
Driver info: driver.version: IOSDriver
remote stacktrace: 
	at com.saucedemo.tests.RealDeviceWebTests.setUp(RealDeviceWebTests.java:62)

[ERROR] com.saucedemo.tests.RealDeviceWebTests.lockedOutUser[4]  Time elapsed: 2.297 s  <<< ERROR!
org.openqa.selenium.SessionNotCreatedException: 
Unable to create a new remote session. Please check the server log for more details. Original error: failed serving request POST /wd/hub/session: Unauthorized
Build info: version: '3.141.59', revision: 'e82be7d358', time: '2018-11-14T08:17:03'
System info: host: 'repairnator', ip: '127.0.1.1', os.name: 'Linux', os.arch: 'amd64', os.version: '5.4.0-113-generic', java.version: '11.0.17'
Driver info: driver.version: IOSDriver
remote stacktrace: 
Build info: version: '3.141.59', revision: 'e82be7d358', time: '2018-11-14T08:17:03'
System info: host: 'repairnator', ip: '127.0.1.1', os.name: 'Linux', os.arch: 'amd64', os.version: '5.4.0-113-generic', java.version: '11.0.17'
Driver info: driver.version: IOSDriver
	at com.saucedemo.tests.RealDeviceWebTests.setUp(RealDeviceWebTests.java:62)
Caused by: java.lang.reflect.InvocationTargetException
	at com.saucedemo.tests.RealDeviceWebTests.setUp(RealDeviceWebTests.java:62)
Caused by: org.openqa.selenium.WebDriverException: 
failed serving request POST /wd/hub/session: Unauthorized
Build info: version: '3.141.59', revision: 'e82be7d358', time: '2018-11-14T08:17:03'
System info: host: 'repairnator', ip: '127.0.1.1', os.name: 'Linux', os.arch: 'amd64', os.version: '5.4.0-113-generic', java.version: '11.0.17'
Driver info: driver.version: IOSDriver
remote stacktrace: 
	at com.saucedemo.tests.RealDeviceWebTests.setUp(RealDeviceWebTests.java:62)

[ERROR] com.saucedemo.tests.RealDeviceWebTests.lockedOutUser[0]  Time elapsed: 2.295 s  <<< ERROR!
org.openqa.selenium.SessionNotCreatedException: 
Unable to create a new remote session. Please check the server log for more details. Original error: failed serving request POST /wd/hub/session: Unauthorized
Build info: version: '3.141.59', revision: 'e82be7d358', time: '2018-11-14T08:17:03'
System info: host: 'repairnator', ip: '127.0.1.1', os.name: 'Linux', os.arch: 'amd64', os.version: '5.4.0-113-generic', java.version: '11.0.17'
Driver info: driver.version: IOSDriver
remote stacktrace: 
Build info: version: '3.141.59', revision: 'e82be7d358', time: '2018-11-14T08:17:03'
System info: host: 'repairnator', ip: '127.0.1.1', os.name: 'Linux', os.arch: 'amd64', os.version: '5.4.0-113-generic', java.version: '11.0.17'
Driver info: driver.version: IOSDriver
	at com.saucedemo.tests.RealDeviceWebTests.setUp(RealDeviceWebTests.java:62)
Caused by: java.lang.reflect.InvocationTargetException
	at com.saucedemo.tests.RealDeviceWebTests.setUp(RealDeviceWebTests.java:62)
Caused by: org.openqa.selenium.WebDriverException: 
failed serving request POST /wd/hub/session: Unauthorized
Build info: version: '3.141.59', revision: 'e82be7d358', time: '2018-11-14T08:17:03'
System info: host: 'repairnator', ip: '127.0.1.1', os.name: 'Linux', os.arch: 'amd64', os.version: '5.4.0-113-generic', java.version: '11.0.17'
Driver info: driver.version: IOSDriver
remote stacktrace: 
	at com.saucedemo.tests.RealDeviceWebTests.setUp(RealDeviceWebTests.java:62)

[ERROR] com.saucedemo.tests.RealDeviceWebTests.lockedOutUser[1]  Time elapsed: 2.295 s  <<< ERROR!
org.openqa.selenium.SessionNotCreatedException: 
Unable to create a new remote session. Please check the server log for more details. Original error: failed serving request POST /wd/hub/session: Unauthorized
Build info: version: '3.141.59', revision: 'e82be7d358', time: '2018-11-14T08:17:03'
System info: host: 'repairnator', ip: '127.0.1.1', os.name: 'Linux', os.arch: 'amd64', os.version: '5.4.0-113-generic', java.version: '11.0.17'
Driver info: driver.version: IOSDriver
remote stacktrace: 
Build info: version: '3.141.59', revision: 'e82be7d358', time: '2018-11-14T08:17:03'
System info: host: 'repairnator', ip: '127.0.1.1', os.name: 'Linux', os.arch: 'amd64', os.version: '5.4.0-113-generic', java.version: '11.0.17'
Driver info: driver.version: IOSDriver
	at com.saucedemo.tests.RealDeviceWebTests.setUp(RealDeviceWebTests.java:62)
Caused by: java.lang.reflect.InvocationTargetException
	at com.saucedemo.tests.RealDeviceWebTests.setUp(RealDeviceWebTests.java:62)
Caused by: org.openqa.selenium.WebDriverException: 
failed serving request POST /wd/hub/session: Unauthorized
Build info: version: '3.141.59', revision: 'e82be7d358', time: '2018-11-14T08:17:03'
System info: host: 'repairnator', ip: '127.0.1.1', os.name: 'Linux', os.arch: 'amd64', os.version: '5.4.0-113-generic', java.version: '11.0.17'
Driver info: driver.version: IOSDriver
remote stacktrace: 
	at com.saucedemo.tests.RealDeviceWebTests.setUp(RealDeviceWebTests.java:62)

[ERROR] com.saucedemo.tests.RealDeviceWebTests.lockedOutUser[3]  Time elapsed: 2.295 s  <<< ERROR!
org.openqa.selenium.SessionNotCreatedException: 
Unable to create a new remote session. Please check the server log for more details. Original error: failed serving request POST /wd/hub/session: Unauthorized
Build info: version: '3.141.59', revision: 'e82be7d358', time: '2018-11-14T08:17:03'
System info: host: 'repairnator', ip: '127.0.1.1', os.name: 'Linux', os.arch: 'amd64', os.version: '5.4.0-113-generic', java.version: '11.0.17'
Driver info: driver.version: IOSDriver
remote stacktrace: 
Build info: version: '3.141.59', revision: 'e82be7d358', time: '2018-11-14T08:17:03'
System info: host: 'repairnator', ip: '127.0.1.1', os.name: 'Linux', os.arch: 'amd64', os.version: '5.4.0-113-generic', java.version: '11.0.17'
Driver info: driver.version: IOSDriver
	at com.saucedemo.tests.RealDeviceWebTests.setUp(RealDeviceWebTests.java:62)
Caused by: java.lang.reflect.InvocationTargetException
	at com.saucedemo.tests.RealDeviceWebTests.setUp(RealDeviceWebTests.java:62)
Caused by: org.openqa.selenium.WebDriverException: 
failed serving request POST /wd/hub/session: Unauthorized
Build info: version: '3.141.59', revision: 'e82be7d358', time: '2018-11-14T08:17:03'
System info: host: 'repairnator', ip: '127.0.1.1', os.name: 'Linux', os.arch: 'amd64', os.version: '5.4.0-113-generic', java.version: '11.0.17'
Driver info: driver.version: IOSDriver
remote stacktrace: 
	at com.saucedemo.tests.RealDeviceWebTests.setUp(RealDeviceWebTests.java:62)

[ERROR] com.saucedemo.tests.RealDeviceWebTests.loginWorks[2]  Time elapsed: 2.287 s  <<< ERROR!
org.openqa.selenium.SessionNotCreatedException: 
Unable to create a new remote session. Please check the server log for more details. Original error: failed serving request POST /wd/hub/session: Unauthorized
Build info: version: '3.141.59', revision: 'e82be7d358', time: '2018-11-14T08:17:03'
System info: host: 'repairnator', ip: '127.0.1.1', os.name: 'Linux', os.arch: 'amd64', os.version: '5.4.0-113-generic', java.version: '11.0.17'
Driver info: driver.version: IOSDriver
remote stacktrace: 
Build info: version: '3.141.59', revision: 'e82be7d358', time: '2018-11-14T08:17:03'
System info: host: 'repairnator', ip: '127.0.1.1', os.name: 'Linux', os.arch: 'amd64', os.version: '5.4.0-113-generic', java.version: '11.0.17'
Driver info: driver.version: IOSDriver
	at com.saucedemo.tests.RealDeviceWebTests.setUp(RealDeviceWebTests.java:62)
Caused by: java.lang.reflect.InvocationTargetException
	at com.saucedemo.tests.RealDeviceWebTests.setUp(RealDeviceWebTests.java:62)
Caused by: org.openqa.selenium.WebDriverException: 
failed serving request POST /wd/hub/session: Unauthorized
Build info: version: '3.141.59', revision: 'e82be7d358', time: '2018-11-14T08:17:03'
System info: host: 'repairnator', ip: '127.0.1.1', os.name: 'Linux', os.arch: 'amd64', os.version: '5.4.0-113-generic', java.version: '11.0.17'
Driver info: driver.version: IOSDriver
remote stacktrace: 
	at com.saucedemo.tests.RealDeviceWebTests.setUp(RealDeviceWebTests.java:62)

[ERROR] com.saucedemo.tests.RealDeviceWebTests.loginWorks[3]  Time elapsed: 2.29 s  <<< ERROR!
org.openqa.selenium.SessionNotCreatedException: 
Unable to create a new remote session. Please check the server log for more details. Original error: failed serving request POST /wd/hub/session: Unauthorized
Build info: version: '3.141.59', revision: 'e82be7d358', time: '2018-11-14T08:17:03'
System info: host: 'repairnator', ip: '127.0.1.1', os.name: 'Linux', os.arch: 'amd64', os.version: '5.4.0-113-generic', java.version: '11.0.17'
Driver info: driver.version: IOSDriver
remote stacktrace: 
Build info: version: '3.141.59', revision: 'e82be7d358', time: '2018-11-14T08:17:03'
System info: host: 'repairnator', ip: '127.0.1.1', os.name: 'Linux', os.arch: 'amd64', os.version: '5.4.0-113-generic', java.version: '11.0.17'
Driver info: driver.version: IOSDriver
	at com.saucedemo.tests.RealDeviceWebTests.setUp(RealDeviceWebTests.java:62)
Caused by: java.lang.reflect.InvocationTargetException
	at com.saucedemo.tests.RealDeviceWebTests.setUp(RealDeviceWebTests.java:62)
Caused by: org.openqa.selenium.WebDriverException: 
failed serving request POST /wd/hub/session: Unauthorized
Build info: version: '3.141.59', revision: 'e82be7d358', time: '2018-11-14T08:17:03'
System info: host: 'repairnator', ip: '127.0.1.1', os.name: 'Linux', os.arch: 'amd64', os.version: '5.4.0-113-generic', java.version: '11.0.17'
Driver info: driver.version: IOSDriver
remote stacktrace: 
	at com.saucedemo.tests.RealDeviceWebTests.setUp(RealDeviceWebTests.java:62)

[ERROR] com.saucedemo.tests.RealDeviceWebTests.loginWorks[1]  Time elapsed: 2.285 s  <<< ERROR!
org.openqa.selenium.SessionNotCreatedException: 
Unable to create a new remote session. Please check the server log for more details. Original error: failed serving request POST /wd/hub/session: Unauthorized
Build info: version: '3.141.59', revision: 'e82be7d358', time: '2018-11-14T08:17:03'
System info: host: 'repairnator', ip: '127.0.1.1', os.name: 'Linux', os.arch: 'amd64', os.version: '5.4.0-113-generic', java.version: '11.0.17'
Driver info: driver.version: IOSDriver
remote stacktrace: 
Build info: version: '3.141.59', revision: 'e82be7d358', time: '2018-11-14T08:17:03'
System info: host: 'repairnator', ip: '127.0.1.1', os.name: 'Linux', os.arch: 'amd64', os.version: '5.4.0-113-generic', java.version: '11.0.17'
Driver info: driver.version: IOSDriver
	at com.saucedemo.tests.RealDeviceWebTests.setUp(RealDeviceWebTests.java:62)
Caused by: java.lang.reflect.InvocationTargetException
	at com.saucedemo.tests.RealDeviceWebTests.setUp(RealDeviceWebTests.java:62)
Caused by: org.openqa.selenium.WebDriverException: 
failed serving request POST /wd/hub/session: Unauthorized
Build info: version: '3.141.59', revision: 'e82be7d358', time: '2018-11-14T08:17:03'
System info: host: 'repairnator', ip: '127.0.1.1', os.name: 'Linux', os.arch: 'amd64', os.version: '5.4.0-113-generic', java.version: '11.0.17'
Driver info: driver.version: IOSDriver
remote stacktrace: 
	at com.saucedemo.tests.RealDeviceWebTests.setUp(RealDeviceWebTests.java:62)

[ERROR] com.saucedemo.tests.RealDeviceWebTests.loginWorks[0]  Time elapsed: 2.284 s  <<< ERROR!
org.openqa.selenium.SessionNotCreatedException: 
Unable to create a new remote session. Please check the server log for more details. Original error: failed serving request POST /wd/hub/session: Unauthorized
Build info: version: '3.141.59', revision: 'e82be7d358', time: '2018-11-14T08:17:03'
System info: host: 'repairnator', ip: '127.0.1.1', os.name: 'Linux', os.arch: 'amd64', os.version: '5.4.0-113-generic', java.version: '11.0.17'
Driver info: driver.version: IOSDriver
remote stacktrace: 
Build info: version: '3.141.59', revision: 'e82be7d358', time: '2018-11-14T08:17:03'
System info: host: 'repairnator', ip: '127.0.1.1', os.name: 'Linux', os.arch: 'amd64', os.version: '5.4.0-113-generic', java.version: '11.0.17'
Driver info: driver.version: IOSDriver
	at com.saucedemo.tests.RealDeviceWebTests.setUp(RealDeviceWebTests.java:62)
Caused by: java.lang.reflect.InvocationTargetException
	at com.saucedemo.tests.RealDeviceWebTests.setUp(RealDeviceWebTests.java:62)
Caused by: org.openqa.selenium.WebDriverException: 
failed serving request POST /wd/hub/session: Unauthorized
Build info: version: '3.141.59', revision: 'e82be7d358', time: '2018-11-14T08:17:03'
System info: host: 'repairnator', ip: '127.0.1.1', os.name: 'Linux', os.arch: 'amd64', os.version: '5.4.0-113-generic', java.version: '11.0.17'
Driver info: driver.version: IOSDriver
remote stacktrace: 
	at com.saucedemo.tests.RealDeviceWebTests.setUp(RealDeviceWebTests.java:62)

[ERROR] com.saucedemo.tests.RealDeviceWebTests.invalidCredentials[1]  Time elapsed: 2.282 s  <<< ERROR!
org.openqa.selenium.SessionNotCreatedException: 
Unable to create a new remote session. Please check the server log for more details. Original error: failed serving request POST /wd/hub/session: Unauthorized
Build info: version: '3.141.59', revision: 'e82be7d358', time: '2018-11-14T08:17:03'
System info: host: 'repairnator', ip: '127.0.1.1', os.name: 'Linux', os.arch: 'amd64', os.version: '5.4.0-113-generic', java.version: '11.0.17'
Driver info: driver.version: IOSDriver
remote stacktrace: 
Build info: version: '3.141.59', revision: 'e82be7d358', time: '2018-11-14T08:17:03'
System info: host: 'repairnator', ip: '127.0.1.1', os.name: 'Linux', os.arch: 'amd64', os.version: '5.4.0-113-generic', java.version: '11.0.17'
Driver info: driver.version: IOSDriver
	at com.saucedemo.tests.RealDeviceWebTests.setUp(RealDeviceWebTests.java:62)
Caused by: java.lang.reflect.InvocationTargetException
	at com.saucedemo.tests.RealDeviceWebTests.setUp(RealDeviceWebTests.java:62)
Caused by: org.openqa.selenium.WebDriverException: 
failed serving request POST /wd/hub/session: Unauthorized
Build info: version: '3.141.59', revision: 'e82be7d358', time: '2018-11-14T08:17:03'
System info: host: 'repairnator', ip: '127.0.1.1', os.name: 'Linux', os.arch: 'amd64', os.version: '5.4.0-113-generic', java.version: '11.0.17'
Driver info: driver.version: IOSDriver
remote stacktrace: 
	at com.saucedemo.tests.RealDeviceWebTests.setUp(RealDeviceWebTests.java:62)

[ERROR] com.saucedemo.tests.RealDeviceWebTests.lockedOutUser[2]  Time elapsed: 2.282 s  <<< ERROR!
org.openqa.selenium.SessionNotCreatedException: 
Unable to create a new remote session. Please check the server log for more details. Original error: failed serving request POST /wd/hub/session: Unauthorized
Build info: version: '3.141.59', revision: 'e82be7d358', time: '2018-11-14T08:17:03'
System info: host: 'repairnator', ip: '127.0.1.1', os.name: 'Linux', os.arch: 'amd64', os.version: '5.4.0-113-generic', java.version: '11.0.17'
Driver info: driver.version: IOSDriver
remote stacktrace: 
Build info: version: '3.141.59', revision: 'e82be7d358', time: '2018-11-14T08:17:03'
System info: host: 'repairnator', ip: '127.0.1.1', os.name: 'Linux', os.arch: 'amd64', os.version: '5.4.0-113-generic', java.version: '11.0.17'
Driver info: driver.version: IOSDriver
	at com.saucedemo.tests.RealDeviceWebTests.setUp(RealDeviceWebTests.java:62)
Caused by: java.lang.reflect.InvocationTargetException
	at com.saucedemo.tests.RealDeviceWebTests.setUp(RealDeviceWebTests.java:62)
Caused by: org.openqa.selenium.WebDriverException: 
failed serving request POST /wd/hub/session: Unauthorized
Build info: version: '3.141.59', revision: 'e82be7d358', time: '2018-11-14T08:17:03'
System info: host: 'repairnator', ip: '127.0.1.1', os.name: 'Linux', os.arch: 'amd64', os.version: '5.4.0-113-generic', java.version: '11.0.17'
Driver info: driver.version: IOSDriver
remote stacktrace: 
	at com.saucedemo.tests.RealDeviceWebTests.setUp(RealDeviceWebTests.java:62)

[ERROR] com.saucedemo.tests.RealDeviceWebTests.invalidCredentials[0]  Time elapsed: 2.276 s  <<< ERROR!
org.openqa.selenium.SessionNotCreatedException: 
Unable to create a new remote session. Please check the server log for more details. Original error: failed serving request POST /wd/hub/session: Unauthorized
Build info: version: '3.141.59', revision: 'e82be7d358', time: '2018-11-14T08:17:03'
System info: host: 'repairnator', ip: '127.0.1.1', os.name: 'Linux', os.arch: 'amd64', os.version: '5.4.0-113-generic', java.version: '11.0.17'
Driver info: driver.version: IOSDriver
remote stacktrace: 
Build info: version: '3.141.59', revision: 'e82be7d358', time: '2018-11-14T08:17:03'
System info: host: 'repairnator', ip: '127.0.1.1', os.name: 'Linux', os.arch: 'amd64', os.version: '5.4.0-113-generic', java.version: '11.0.17'
Driver info: driver.version: IOSDriver
	at com.saucedemo.tests.RealDeviceWebTests.setUp(RealDeviceWebTests.java:62)
Caused by: java.lang.reflect.InvocationTargetException
	at com.saucedemo.tests.RealDeviceWebTests.setUp(RealDeviceWebTests.java:62)
Caused by: org.openqa.selenium.WebDriverException: 
failed serving request POST /wd/hub/session: Unauthorized
Build info: version: '3.141.59', revision: 'e82be7d358', time: '2018-11-14T08:17:03'
System info: host: 'repairnator', ip: '127.0.1.1', os.name: 'Linux', os.arch: 'amd64', os.version: '5.4.0-113-generic', java.version: '11.0.17'
Driver info: driver.version: IOSDriver
remote stacktrace: 
	at com.saucedemo.tests.RealDeviceWebTests.setUp(RealDeviceWebTests.java:62)

[ERROR] com.saucedemo.tests.RealDeviceWebTests.invalidCredentials[2]  Time elapsed: 2.282 s  <<< ERROR!
org.openqa.selenium.SessionNotCreatedException: 
Unable to create a new remote session. Please check the server log for more details. Original error: failed serving request POST /wd/hub/session: Unauthorized
Build info: version: '3.141.59', revision: 'e82be7d358', time: '2018-11-14T08:17:03'
System info: host: 'repairnator', ip: '127.0.1.1', os.name: 'Linux', os.arch: 'amd64', os.version: '5.4.0-113-generic', java.version: '11.0.17'
Driver info: driver.version: IOSDriver
remote stacktrace: 
Build info: version: '3.141.59', revision: 'e82be7d358', time: '2018-11-14T08:17:03'
System info: host: 'repairnator', ip: '127.0.1.1', os.name: 'Linux', os.arch: 'amd64', os.version: '5.4.0-113-generic', java.version: '11.0.17'
Driver info: driver.version: IOSDriver
	at com.saucedemo.tests.RealDeviceWebTests.setUp(RealDeviceWebTests.java:62)
Caused by: java.lang.reflect.InvocationTargetException
	at com.saucedemo.tests.RealDeviceWebTests.setUp(RealDeviceWebTests.java:62)
Caused by: org.openqa.selenium.WebDriverException: 
failed serving request POST /wd/hub/session: Unauthorized
Build info: version: '3.141.59', revision: 'e82be7d358', time: '2018-11-14T08:17:03'
System info: host: 'repairnator', ip: '127.0.1.1', os.name: 'Linux', os.arch: 'amd64', os.version: '5.4.0-113-generic', java.version: '11.0.17'
Driver info: driver.version: IOSDriver
remote stacktrace: 
	at com.saucedemo.tests.RealDeviceWebTests.setUp(RealDeviceWebTests.java:62)

[ERROR] com.saucedemo.tests.RealDeviceWebTests.invalidCredentials[4]  Time elapsed: 2.277 s  <<< ERROR!
org.openqa.selenium.SessionNotCreatedException: 
Unable to create a new remote session. Please check the server log for more details. Original error: failed serving request POST /wd/hub/session: Unauthorized
Build info: version: '3.141.59', revision: 'e82be7d358', time: '2018-11-14T08:17:03'
System info: host: 'repairnator', ip: '127.0.1.1', os.name: 'Linux', os.arch: 'amd64', os.version: '5.4.0-113-generic', java.version: '11.0.17'
Driver info: driver.version: IOSDriver
remote stacktrace: 
Build info: version: '3.141.59', revision: 'e82be7d358', time: '2018-11-14T08:17:03'
System info: host: 'repairnator', ip: '127.0.1.1', os.name: 'Linux', os.arch: 'amd64', os.version: '5.4.0-113-generic', java.version: '11.0.17'
Driver info: driver.version: IOSDriver
	at com.saucedemo.tests.RealDeviceWebTests.setUp(RealDeviceWebTests.java:62)
Caused by: java.lang.reflect.InvocationTargetException
	at com.saucedemo.tests.RealDeviceWebTests.setUp(RealDeviceWebTests.java:62)
Caused by: org.openqa.selenium.WebDriverException: 
failed serving request POST /wd/hub/session: Unauthorized
Build info: version: '3.141.59', revision: 'e82be7d358', time: '2018-11-14T08:17:03'
System info: host: 'repairnator', ip: '127.0.1.1', os.name: 'Linux', os.arch: 'amd64', os.version: '5.4.0-113-generic', java.version: '11.0.17'
Driver info: driver.version: IOSDriver
remote stacktrace: 
	at com.saucedemo.tests.RealDeviceWebTests.setUp(RealDeviceWebTests.java:62)

[INFO] Running com.saucedemo.tests.PerformanceTests
[ERROR] Tests run: 2, Failures: 0, Errors: 2, Skipped: 0, Time elapsed: 0.073 s <<< FAILURE! - in com.saucedemo.tests.PerformanceTests
[ERROR] com.saucedemo.tests.PerformanceTests.performanceDidntDegrade  Time elapsed: 0.072 s  <<< ERROR!
com.saucelabs.saucebindings.SauceEnvironmentVariablesNotSetException: Sauce Username was not provided
	at com.saucedemo.tests.PerformanceTests.performanceDidntDegrade(PerformanceTests.java:38)

[ERROR] com.saucedemo.tests.PerformanceTests.performanceDidntDegrade  Time elapsed: 0 s  <<< ERROR!
java.lang.NullPointerException
	at com.saucedemo.tests.PerformanceTests.tearDown(PerformanceTests.java:26)

[INFO] Running com.saucedemo.tests.DesktopTests
[ERROR] Tests run: 72, Failures: 0, Errors: 72, Skipped: 0, Time elapsed: 0.094 s <<< FAILURE! - in com.saucedemo.tests.DesktopTests
[ERROR] com.saucedemo.tests.DesktopTests.lockedOutUser[15]  Time elapsed: 0.088 s  <<< ERROR!
com.saucelabs.saucebindings.SauceEnvironmentVariablesNotSetException: Sauce Username was not provided
	at com.saucedemo.tests.DesktopTests.setUp(DesktopTests.java:73)

[ERROR] com.saucedemo.tests.DesktopTests.invalidCredentials[23]  Time elapsed: 0.091 s  <<< ERROR!
com.saucelabs.saucebindings.SauceEnvironmentVariablesNotSetException: Sauce Username was not provided
	at com.saucedemo.tests.DesktopTests.setUp(DesktopTests.java:73)

[ERROR] com.saucedemo.tests.DesktopTests.invalidCredentials[22]  Time elapsed: 0.083 s  <<< ERROR!
com.saucelabs.saucebindings.SauceEnvironmentVariablesNotSetException: Sauce Username was not provided
	at com.saucedemo.tests.DesktopTests.setUp(DesktopTests.java:73)

[ERROR] com.saucedemo.tests.DesktopTests.lockedOutUser[23]  Time elapsed: 0.093 s  <<< ERROR!
com.saucelabs.saucebindings.SauceEnvironmentVariablesNotSetException: Sauce Username was not provided
	at com.saucedemo.tests.DesktopTests.setUp(DesktopTests.java:73)

[ERROR] com.saucedemo.tests.DesktopTests.lockedOutUser[22]  Time elapsed: 0.093 s  <<< ERROR!
com.saucelabs.saucebindings.SauceEnvironmentVariablesNotSetException: Sauce Username was not provided
	at com.saucedemo.tests.DesktopTests.setUp(DesktopTests.java:73)

[ERROR] com.saucedemo.tests.DesktopTests.loginWorks[23]  Time elapsed: 0.091 s  <<< ERROR!
com.saucelabs.saucebindings.SauceEnvironmentVariablesNotSetException: Sauce Username was not provided
	at com.saucedemo.tests.DesktopTests.setUp(DesktopTests.java:73)

[ERROR] com.saucedemo.tests.DesktopTests.loginWorks[22]  Time elapsed: 0.086 s  <<< ERROR!
com.saucelabs.saucebindings.SauceEnvironmentVariablesNotSetException: Sauce Username was not provided
	at com.saucedemo.tests.DesktopTests.setUp(DesktopTests.java:73)

[ERROR] com.saucedemo.tests.DesktopTests.invalidCredentials[21]  Time elapsed: 0.086 s  <<< ERROR!
com.saucelabs.saucebindings.SauceEnvironmentVariablesNotSetException: Sauce Username was not provided
	at com.saucedemo.tests.DesktopTests.setUp(DesktopTests.java:73)

[ERROR] com.saucedemo.tests.DesktopTests.invalidCredentials[20]  Time elapsed: 0.087 s  <<< ERROR!
com.saucelabs.saucebindings.SauceEnvironmentVariablesNotSetException: Sauce Username was not provided
	at com.saucedemo.tests.DesktopTests.setUp(DesktopTests.java:73)

[ERROR] com.saucedemo.tests.DesktopTests.invalidCredentials[16]  Time elapsed: 0.09 s  <<< ERROR!
com.saucelabs.saucebindings.SauceEnvironmentVariablesNotSetException: Sauce Username was not provided
	at com.saucedemo.tests.DesktopTests.setUp(DesktopTests.java:73)

[ERROR] com.saucedemo.tests.DesktopTests.lockedOutUser[20]  Time elapsed: 0.092 s  <<< ERROR!
com.saucelabs.saucebindings.SauceEnvironmentVariablesNotSetException: Sauce Username was not provided
	at com.saucedemo.tests.DesktopTests.setUp(DesktopTests.java:73)

[ERROR] com.saucedemo.tests.DesktopTests.invalidCredentials[18]  Time elapsed: 0.091 s  <<< ERROR!
com.saucelabs.saucebindings.SauceEnvironmentVariablesNotSetException: Sauce Username was not provided
	at com.saucedemo.tests.DesktopTests.setUp(DesktopTests.java:73)

[ERROR] com.saucedemo.tests.DesktopTests.loginWorks[20]  Time elapsed: 0.089 s  <<< ERROR!
com.saucelabs.saucebindings.SauceEnvironmentVariablesNotSetException: Sauce Username was not provided
	at com.saucedemo.tests.DesktopTests.setUp(DesktopTests.java:73)

[ERROR] com.saucedemo.tests.DesktopTests.lockedOutUser[21]  Time elapsed: 0.084 s  <<< ERROR!
com.saucelabs.saucebindings.SauceEnvironmentVariablesNotSetException: Sauce Username was not provided
	at com.saucedemo.tests.DesktopTests.setUp(DesktopTests.java:73)

[ERROR] com.saucedemo.tests.DesktopTests.lockedOutUser[18]  Time elapsed: 0.077 s  <<< ERROR!
com.saucelabs.saucebindings.SauceEnvironmentVariablesNotSetException: Sauce Username was not provided
	at com.saucedemo.tests.DesktopTests.setUp(DesktopTests.java:73)

[ERROR] com.saucedemo.tests.DesktopTests.loginWorks[21]  Time elapsed: 0.083 s  <<< ERROR!
com.saucelabs.saucebindings.SauceEnvironmentVariablesNotSetException: Sauce Username was not provided
	at com.saucedemo.tests.DesktopTests.setUp(DesktopTests.java:73)

[ERROR] com.saucedemo.tests.DesktopTests.invalidCredentials[19]  Time elapsed: 0.084 s  <<< ERROR!
com.saucelabs.saucebindings.SauceEnvironmentVariablesNotSetException: Sauce Username was not provided
	at com.saucedemo.tests.DesktopTests.setUp(DesktopTests.java:73)

[ERROR] com.saucedemo.tests.DesktopTests.lockedOutUser[16]  Time elapsed: 0.084 s  <<< ERROR!
com.saucelabs.saucebindings.SauceEnvironmentVariablesNotSetException: Sauce Username was not provided
	at com.saucedemo.tests.DesktopTests.setUp(DesktopTests.java:73)

[ERROR] com.saucedemo.tests.DesktopTests.lockedOutUser[19]  Time elapsed: 0.08 s  <<< ERROR!
com.saucelabs.saucebindings.SauceEnvironmentVariablesNotSetException: Sauce Username was not provided
	at com.saucedemo.tests.DesktopTests.setUp(DesktopTests.java:73)

[ERROR] com.saucedemo.tests.DesktopTests.invalidCredentials[17]  Time elapsed: 0.081 s  <<< ERROR!
com.saucelabs.saucebindings.SauceEnvironmentVariablesNotSetException: Sauce Username was not provided
	at com.saucedemo.tests.DesktopTests.setUp(DesktopTests.java:73)

[ERROR] com.saucedemo.tests.DesktopTests.invalidCredentials[15]  Time elapsed: 0.079 s  <<< ERROR!
com.saucelabs.saucebindings.SauceEnvironmentVariablesNotSetException: Sauce Username was not provided
	at com.saucedemo.tests.DesktopTests.setUp(DesktopTests.java:73)

[ERROR] com.saucedemo.tests.DesktopTests.lockedOutUser[17]  Time elapsed: 0.074 s  <<< ERROR!
com.saucelabs.saucebindings.SauceEnvironmentVariablesNotSetException: Sauce Username was not provided
	at com.saucedemo.tests.DesktopTests.setUp(DesktopTests.java:73)

[ERROR] com.saucedemo.tests.DesktopTests.lockedOutUser[5]  Time elapsed: 0.077 s  <<< ERROR!
com.saucelabs.saucebindings.SauceEnvironmentVariablesNotSetException: Sauce Username was not provided
	at com.saucedemo.tests.DesktopTests.setUp(DesktopTests.java:73)

[ERROR] com.saucedemo.tests.DesktopTests.invalidCredentials[5]  Time elapsed: 0.082 s  <<< ERROR!
com.saucelabs.saucebindings.SauceEnvironmentVariablesNotSetException: Sauce Username was not provided
	at com.saucedemo.tests.DesktopTests.setUp(DesktopTests.java:73)

[ERROR] com.saucedemo.tests.DesktopTests.lockedOutUser[12]  Time elapsed: 0.077 s  <<< ERROR!
com.saucelabs.saucebindings.SauceEnvironmentVariablesNotSetException: Sauce Username was not provided
	at com.saucedemo.tests.DesktopTests.setUp(DesktopTests.java:73)

[ERROR] com.saucedemo.tests.DesktopTests.loginWorks[18]  Time elapsed: 0.08 s  <<< ERROR!
com.saucelabs.saucebindings.SauceEnvironmentVariablesNotSetException: Sauce Username was not provided
	at com.saucedemo.tests.DesktopTests.setUp(DesktopTests.java:73)

[ERROR] com.saucedemo.tests.DesktopTests.invalidCredentials[10]  Time elapsed: 0.072 s  <<< ERROR!
com.saucelabs.saucebindings.SauceEnvironmentVariablesNotSetException: Sauce Username was not provided
	at com.saucedemo.tests.DesktopTests.setUp(DesktopTests.java:73)

[ERROR] com.saucedemo.tests.DesktopTests.lockedOutUser[11]  Time elapsed: 0.075 s  <<< ERROR!
com.saucelabs.saucebindings.SauceEnvironmentVariablesNotSetException: Sauce Username was not provided
	at com.saucedemo.tests.DesktopTests.setUp(DesktopTests.java:73)

[ERROR] com.saucedemo.tests.DesktopTests.invalidCredentials[11]  Time elapsed: 0.079 s  <<< ERROR!
com.saucelabs.saucebindings.SauceEnvironmentVariablesNotSetException: Sauce Username was not provided
	at com.saucedemo.tests.DesktopTests.setUp(DesktopTests.java:73)

[ERROR] com.saucedemo.tests.DesktopTests.loginWorks[13]  Time elapsed: 0.077 s  <<< ERROR!
com.saucelabs.saucebindings.SauceEnvironmentVariablesNotSetException: Sauce Username was not provided
	at com.saucedemo.tests.DesktopTests.setUp(DesktopTests.java:73)

[ERROR] com.saucedemo.tests.DesktopTests.invalidCredentials[14]  Time elapsed: 0.079 s  <<< ERROR!
com.saucelabs.saucebindings.SauceEnvironmentVariablesNotSetException: Sauce Username was not provided
	at com.saucedemo.tests.DesktopTests.setUp(DesktopTests.java:73)

[ERROR] com.saucedemo.tests.DesktopTests.loginWorks[11]  Time elapsed: 0.068 s  <<< ERROR!
com.saucelabs.saucebindings.SauceEnvironmentVariablesNotSetException: Sauce Username was not provided
	at com.saucedemo.tests.DesktopTests.setUp(DesktopTests.java:73)

[ERROR] com.saucedemo.tests.DesktopTests.invalidCredentials[12]  Time elapsed: 0.074 s  <<< ERROR!
com.saucelabs.saucebindings.SauceEnvironmentVariablesNotSetException: Sauce Username was not provided
	at com.saucedemo.tests.DesktopTests.setUp(DesktopTests.java:73)

[ERROR] com.saucedemo.tests.DesktopTests.lockedOutUser[0]  Time elapsed: 0.076 s  <<< ERROR!
com.saucelabs.saucebindings.SauceEnvironmentVariablesNotSetException: Sauce Username was not provided
	at com.saucedemo.tests.DesktopTests.setUp(DesktopTests.java:73)

[ERROR] com.saucedemo.tests.DesktopTests.loginWorks[2]  Time elapsed: 0.075 s  <<< ERROR!
com.saucelabs.saucebindings.SauceEnvironmentVariablesNotSetException: Sauce Username was not provided
	at com.saucedemo.tests.DesktopTests.setUp(DesktopTests.java:73)

[ERROR] com.saucedemo.tests.DesktopTests.invalidCredentials[6]  Time elapsed: 0.072 s  <<< ERROR!
com.saucelabs.saucebindings.SauceEnvironmentVariablesNotSetException: Sauce Username was not provided
	at com.saucedemo.tests.DesktopTests.setUp(DesktopTests.java:73)

[ERROR] com.saucedemo.tests.DesktopTests.loginWorks[5]  Time elapsed: 0.075 s  <<< ERROR!
com.saucelabs.saucebindings.SauceEnvironmentVariablesNotSetException: Sauce Username was not provided
	at com.saucedemo.tests.DesktopTests.setUp(DesktopTests.java:73)

[ERROR] com.saucedemo.tests.DesktopTests.loginWorks[12]  Time elapsed: 0.066 s  <<< ERROR!
com.saucelabs.saucebindings.SauceEnvironmentVariablesNotSetException: Sauce Username was not provided
	at com.saucedemo.tests.DesktopTests.setUp(DesktopTests.java:73)

[ERROR] com.saucedemo.tests.DesktopTests.loginWorks[0]  Time elapsed: 0.075 s  <<< ERROR!
com.saucelabs.saucebindings.SauceEnvironmentVariablesNotSetException: Sauce Username was not provided
	at com.saucedemo.tests.DesktopTests.setUp(DesktopTests.java:73)

[ERROR] com.saucedemo.tests.DesktopTests.loginWorks[19]  Time elapsed: 0.066 s  <<< ERROR!
com.saucelabs.saucebindings.SauceEnvironmentVariablesNotSetException: Sauce Username was not provided
	at com.saucedemo.tests.DesktopTests.setUp(DesktopTests.java:73)

[ERROR] com.saucedemo.tests.DesktopTests.invalidCredentials[8]  Time elapsed: 0.062 s  <<< ERROR!
com.saucelabs.saucebindings.SauceEnvironmentVariablesNotSetException: Sauce Username was not provided
	at com.saucedemo.tests.DesktopTests.setUp(DesktopTests.java:73)

[ERROR] com.saucedemo.tests.DesktopTests.invalidCredentials[7]  Time elapsed: 0.067 s  <<< ERROR!
com.saucelabs.saucebindings.SauceEnvironmentVariablesNotSetException: Sauce Username was not provided
	at com.saucedemo.tests.DesktopTests.setUp(DesktopTests.java:73)

[ERROR] com.saucedemo.tests.DesktopTests.lockedOutUser[3]  Time elapsed: 0.063 s  <<< ERROR!
com.saucelabs.saucebindings.SauceEnvironmentVariablesNotSetException: Sauce Username was not provided
	at com.saucedemo.tests.DesktopTests.setUp(DesktopTests.java:73)

[ERROR] com.saucedemo.tests.DesktopTests.loginWorks[9]  Time elapsed: 0.057 s  <<< ERROR!
com.saucelabs.saucebindings.SauceEnvironmentVariablesNotSetException: Sauce Username was not provided
	at com.saucedemo.tests.DesktopTests.setUp(DesktopTests.java:73)

[ERROR] com.saucedemo.tests.DesktopTests.loginWorks[10]  Time elapsed: 0.066 s  <<< ERROR!
com.saucelabs.saucebindings.SauceEnvironmentVariablesNotSetException: Sauce Username was not provided
	at com.saucedemo.tests.DesktopTests.setUp(DesktopTests.java:73)

[ERROR] com.saucedemo.tests.DesktopTests.lockedOutUser[8]  Time elapsed: 0.065 s  <<< ERROR!
com.saucelabs.saucebindings.SauceEnvironmentVariablesNotSetException: Sauce Username was not provided
	at com.saucedemo.tests.DesktopTests.setUp(DesktopTests.java:73)

[ERROR] com.saucedemo.tests.DesktopTests.invalidCredentials[4]  Time elapsed: 0.063 s  <<< ERROR!
com.saucelabs.saucebindings.SauceEnvironmentVariablesNotSetException: Sauce Username was not provided
	at com.saucedemo.tests.DesktopTests.setUp(DesktopTests.java:73)

[ERROR] com.saucedemo.tests.DesktopTests.invalidCredentials[3]  Time elapsed: 0.066 s  <<< ERROR!
com.saucelabs.saucebindings.SauceEnvironmentVariablesNotSetException: Sauce Username was not provided
	at com.saucedemo.tests.DesktopTests.setUp(DesktopTests.java:73)

[ERROR] com.saucedemo.tests.DesktopTests.lockedOutUser[10]  Time elapsed: 0.065 s  <<< ERROR!
com.saucelabs.saucebindings.SauceEnvironmentVariablesNotSetException: Sauce Username was not provided
	at com.saucedemo.tests.DesktopTests.setUp(DesktopTests.java:73)

[ERROR] com.saucedemo.tests.DesktopTests.loginWorks[15]  Time elapsed: 0.064 s  <<< ERROR!
com.saucelabs.saucebindings.SauceEnvironmentVariablesNotSetException: Sauce Username was not provided
	at com.saucedemo.tests.DesktopTests.setUp(DesktopTests.java:73)

[ERROR] com.saucedemo.tests.DesktopTests.loginWorks[4]  Time elapsed: 0.065 s  <<< ERROR!
com.saucelabs.saucebindings.SauceEnvironmentVariablesNotSetException: Sauce Username was not provided
	at com.saucedemo.tests.DesktopTests.setUp(DesktopTests.java:73)

[ERROR] com.saucedemo.tests.DesktopTests.invalidCredentials[13]  Time elapsed: 0.065 s  <<< ERROR!
com.saucelabs.saucebindings.SauceEnvironmentVariablesNotSetException: Sauce Username was not provided
	at com.saucedemo.tests.DesktopTests.setUp(DesktopTests.java:73)

[ERROR] com.saucedemo.tests.DesktopTests.lockedOutUser[2]  Time elapsed: 0.066 s  <<< ERROR!
com.saucelabs.saucebindings.SauceEnvironmentVariablesNotSetException: Sauce Username was not provided
	at com.saucedemo.tests.DesktopTests.setUp(DesktopTests.java:73)

[ERROR] com.saucedemo.tests.DesktopTests.loginWorks[3]  Time elapsed: 0.057 s  <<< ERROR!
com.saucelabs.saucebindings.SauceEnvironmentVariablesNotSetException: Sauce Username was not provided
	at com.saucedemo.tests.DesktopTests.setUp(DesktopTests.java:73)

[ERROR] com.saucedemo.tests.DesktopTests.invalidCredentials[0]  Time elapsed: 0.056 s  <<< ERROR!
com.saucelabs.saucebindings.SauceEnvironmentVariablesNotSetException: Sauce Username was not provided
	at com.saucedemo.tests.DesktopTests.setUp(DesktopTests.java:73)

[ERROR] com.saucedemo.tests.DesktopTests.loginWorks[1]  Time elapsed: 0.059 s  <<< ERROR!
com.saucelabs.saucebindings.SauceEnvironmentVariablesNotSetException: Sauce Username was not provided
	at com.saucedemo.tests.DesktopTests.setUp(DesktopTests.java:73)

[ERROR] com.saucedemo.tests.DesktopTests.loginWorks[8]  Time elapsed: 0.065 s  <<< ERROR!
com.saucelabs.saucebindings.SauceEnvironmentVariablesNotSetException: Sauce Username was not provided
	at com.saucedemo.tests.DesktopTests.setUp(DesktopTests.java:73)

[ERROR] com.saucedemo.tests.DesktopTests.invalidCredentials[1]  Time elapsed: 0.058 s  <<< ERROR!
com.saucelabs.saucebindings.SauceEnvironmentVariablesNotSetException: Sauce Username was not provided
	at com.saucedemo.tests.DesktopTests.setUp(DesktopTests.java:73)

[ERROR] com.saucedemo.tests.DesktopTests.loginWorks[7]  Time elapsed: 0.057 s  <<< ERROR!
com.saucelabs.saucebindings.SauceEnvironmentVariablesNotSetException: Sauce Username was not provided
	at com.saucedemo.tests.DesktopTests.setUp(DesktopTests.java:73)

[ERROR] com.saucedemo.tests.DesktopTests.loginWorks[16]  Time elapsed: 0.063 s  <<< ERROR!
com.saucelabs.saucebindings.SauceEnvironmentVariablesNotSetException: Sauce Username was not provided
	at com.saucedemo.tests.DesktopTests.setUp(DesktopTests.java:73)

[ERROR] com.saucedemo.tests.DesktopTests.lockedOutUser[7]  Time elapsed: 0.06 s  <<< ERROR!
com.saucelabs.saucebindings.SauceEnvironmentVariablesNotSetException: Sauce Username was not provided
	at com.saucedemo.tests.DesktopTests.setUp(DesktopTests.java:73)

[ERROR] com.saucedemo.tests.DesktopTests.lockedOutUser[9]  Time elapsed: 0.058 s  <<< ERROR!
com.saucelabs.saucebindings.SauceEnvironmentVariablesNotSetException: Sauce Username was not provided
	at com.saucedemo.tests.DesktopTests.setUp(DesktopTests.java:73)

[ERROR] com.saucedemo.tests.DesktopTests.lockedOutUser[13]  Time elapsed: 0.053 s  <<< ERROR!
com.saucelabs.saucebindings.SauceEnvironmentVariablesNotSetException: Sauce Username was not provided
	at com.saucedemo.tests.DesktopTests.setUp(DesktopTests.java:73)

[ERROR] com.saucedemo.tests.DesktopTests.lockedOutUser[1]  Time elapsed: 0.054 s  <<< ERROR!
com.saucelabs.saucebindings.SauceEnvironmentVariablesNotSetException: Sauce Username was not provided
	at com.saucedemo.tests.DesktopTests.setUp(DesktopTests.java:73)

[ERROR] com.saucedemo.tests.DesktopTests.loginWorks[6]  Time elapsed: 0.06 s  <<< ERROR!
com.saucelabs.saucebindings.SauceEnvironmentVariablesNotSetException: Sauce Username was not provided
	at com.saucedemo.tests.DesktopTests.setUp(DesktopTests.java:73)

[ERROR] com.saucedemo.tests.DesktopTests.loginWorks[14]  Time elapsed: 0.055 s  <<< ERROR!
com.saucelabs.saucebindings.SauceEnvironmentVariablesNotSetException: Sauce Username was not provided
	at com.saucedemo.tests.DesktopTests.setUp(DesktopTests.java:73)

[ERROR] com.saucedemo.tests.DesktopTests.lockedOutUser[14]  Time elapsed: 0.062 s  <<< ERROR!
com.saucelabs.saucebindings.SauceEnvironmentVariablesNotSetException: Sauce Username was not provided
	at com.saucedemo.tests.DesktopTests.setUp(DesktopTests.java:73)

[ERROR] com.saucedemo.tests.DesktopTests.invalidCredentials[9]  Time elapsed: 0.061 s  <<< ERROR!
com.saucelabs.saucebindings.SauceEnvironmentVariablesNotSetException: Sauce Username was not provided
	at com.saucedemo.tests.DesktopTests.setUp(DesktopTests.java:73)

[ERROR] com.saucedemo.tests.DesktopTests.lockedOutUser[6]  Time elapsed: 0.052 s  <<< ERROR!
com.saucelabs.saucebindings.SauceEnvironmentVariablesNotSetException: Sauce Username was not provided
	at com.saucedemo.tests.DesktopTests.setUp(DesktopTests.java:73)

[ERROR] com.saucedemo.tests.DesktopTests.lockedOutUser[4]  Time elapsed: 0.057 s  <<< ERROR!
com.saucelabs.saucebindings.SauceEnvironmentVariablesNotSetException: Sauce Username was not provided
	at com.saucedemo.tests.DesktopTests.setUp(DesktopTests.java:73)

[ERROR] com.saucedemo.tests.DesktopTests.invalidCredentials[2]  Time elapsed: 0.055 s  <<< ERROR!
com.saucelabs.saucebindings.SauceEnvironmentVariablesNotSetException: Sauce Username was not provided
	at com.saucedemo.tests.DesktopTests.setUp(DesktopTests.java:73)

[ERROR] com.saucedemo.tests.DesktopTests.loginWorks[17]  Time elapsed: 0.059 s  <<< ERROR!
com.saucelabs.saucebindings.SauceEnvironmentVariablesNotSetException: Sauce Username was not provided
	at com.saucedemo.tests.DesktopTests.setUp(DesktopTests.java:73)

[INFO] Running com.saucedemo.tests.VisualCrossPlatformTests
[ERROR] Tests run: 6, Failures: 0, Errors: 6, Skipped: 0, Time elapsed: 2.311 s <<< FAILURE! - in com.saucedemo.tests.VisualCrossPlatformTests
[ERROR] com.saucedemo.tests.VisualCrossPlatformTests.visualFlow[Pixel XL]  Time elapsed: 2.311 s  <<< ERROR!
org.openqa.selenium.WebDriverException: 
Capabilities error: child "sauce:options" fails because [child "username" fails because ["username" is required]] (WARNING: The server did not provide any stacktrace information)
Command duration or timeout: 1.61 seconds
Build info: version: '3.141.59', revision: 'e82be7d358', time: '2018-11-14T08:17:03'
System info: host: 'repairnator', ip: '127.0.1.1', os.name: 'Linux', os.arch: 'amd64', os.version: '5.4.0-113-generic', java.version: '11.0.17'
Driver info: driver.version: RemoteWebDriver
	at com.saucedemo.tests.VisualCrossPlatformTests.setUp(VisualCrossPlatformTests.java:71)

[ERROR] com.saucedemo.tests.VisualCrossPlatformTests.visualFlow[iPhone X]  Time elapsed: 2.294 s  <<< ERROR!
org.openqa.selenium.WebDriverException: 
Capabilities error: child "sauce:options" fails because [child "username" fails because ["username" is required]] (WARNING: The server did not provide any stacktrace information)
Command duration or timeout: 1.61 seconds
Build info: version: '3.141.59', revision: 'e82be7d358', time: '2018-11-14T08:17:03'
System info: host: 'repairnator', ip: '127.0.1.1', os.name: 'Linux', os.arch: 'amd64', os.version: '5.4.0-113-generic', java.version: '11.0.17'
Driver info: driver.version: RemoteWebDriver
	at com.saucedemo.tests.VisualCrossPlatformTests.setUp(VisualCrossPlatformTests.java:71)

[ERROR] com.saucedemo.tests.VisualCrossPlatformTests.visualFlow[Galaxy Note 10+]  Time elapsed: 2.294 s  <<< ERROR!
org.openqa.selenium.WebDriverException: 
Capabilities error: child "sauce:options" fails because [child "username" fails because ["username" is required]] (WARNING: The server did not provide any stacktrace information)
Command duration or timeout: 1.60 seconds
Build info: version: '3.141.59', revision: 'e82be7d358', time: '2018-11-14T08:17:03'
System info: host: 'repairnator', ip: '127.0.1.1', os.name: 'Linux', os.arch: 'amd64', os.version: '5.4.0-113-generic', java.version: '11.0.17'
Driver info: driver.version: RemoteWebDriver
	at com.saucedemo.tests.VisualCrossPlatformTests.setUp(VisualCrossPlatformTests.java:71)

[ERROR] com.saucedemo.tests.VisualCrossPlatformTests.visualFlow[Pixel XL]  Time elapsed: 0 s  <<< ERROR!
java.lang.NullPointerException
	at com.saucedemo.tests.VisualCrossPlatformTests.afterEach(VisualCrossPlatformTests.java:76)

[ERROR] com.saucedemo.tests.VisualCrossPlatformTests.visualFlow[iPhone X]  Time elapsed: 0 s  <<< ERROR!
java.lang.NullPointerException
	at com.saucedemo.tests.VisualCrossPlatformTests.afterEach(VisualCrossPlatformTests.java:76)

[ERROR] com.saucedemo.tests.VisualCrossPlatformTests.visualFlow[Galaxy Note 10+]  Time elapsed: 0 s  <<< ERROR!
java.lang.NullPointerException
	at com.saucedemo.tests.VisualCrossPlatformTests.afterEach(VisualCrossPlatformTests.java:76)

[INFO] Running com.saucedemo.tests.EmusimWebAppTests
[ERROR] Tests run: 36, Failures: 0, Errors: 36, Skipped: 0, Time elapsed: 4.145 s <<< FAILURE! - in com.saucedemo.tests.EmusimWebAppTests
[ERROR] com.saucedemo.tests.EmusimWebAppTests.lockedOutUser[2]  Time elapsed: 3.553 s  <<< ERROR!
org.openqa.selenium.WebDriverException: 
Unable to parse remote response: Misconfigured -- Sauce Labs Authentication Error.
You used username 'null' and access key 'null' to authenticate, which are not valid Sauce Labs credentials.

The following desired capabilities were received:
{'browserName': 'Safari',
 'build': '2023-01-18 10:22:33',
 'deviceName': 'iPhone SE (2nd generation) Simulator',
 'idleTimeout': '90',
 'name': 'lockedOutUser[2]',
 'newCommandTimeout': '90',
 'platformName': 'iOS',
 'platformVersion': '14.3'}
	at com.saucedemo.tests.EmusimWebAppTests.setUp(EmusimWebAppTests.java:73)
Caused by: org.openqa.selenium.json.JsonException: 
Unable to determine type from: M. Last 1 characters read: M
Build info: version: '3.141.59', revision: 'e82be7d358', time: '2018-11-14T08:17:03'
System info: host: 'repairnator', ip: '127.0.1.1', os.name: 'Linux', os.arch: 'amd64', os.version: '5.4.0-113-generic', java.version: '11.0.17'
Driver info: driver.version: RemoteWebDriver
	at com.saucedemo.tests.EmusimWebAppTests.setUp(EmusimWebAppTests.java:73)

[ERROR] com.saucedemo.tests.EmusimWebAppTests.lockedOutUser[9]  Time elapsed: 3.676 s  <<< ERROR!
org.openqa.selenium.WebDriverException: 
Unable to parse remote response: Misconfigured -- Sauce Labs Authentication Error.
You used username 'null' and access key 'null' to authenticate, which are not valid Sauce Labs credentials.

The following desired capabilities were received:
{'browserName': 'Safari',
 'build': '2023-01-18 10:22:33',
 'deviceName': 'iPhone XS Max Simulator',
 'idleTimeout': '90',
 'name': 'lockedOutUser[9]',
 'newCommandTimeout': '90',
 'platformName': 'iOS',
 'platformVersion': '14.3'}
	at com.saucedemo.tests.EmusimWebAppTests.setUp(EmusimWebAppTests.java:73)
Caused by: org.openqa.selenium.json.JsonException: 
Unable to determine type from: M. Last 1 characters read: M
Build info: version: '3.141.59', revision: 'e82be7d358', time: '2018-11-14T08:17:03'
System info: host: 'repairnator', ip: '127.0.1.1', os.name: 'Linux', os.arch: 'amd64', os.version: '5.4.0-113-generic', java.version: '11.0.17'
Driver info: driver.version: RemoteWebDriver
	at com.saucedemo.tests.EmusimWebAppTests.setUp(EmusimWebAppTests.java:73)

[ERROR] com.saucedemo.tests.EmusimWebAppTests.invalidCredentials[10]  Time elapsed: 3.144 s  <<< ERROR!
org.openqa.selenium.WebDriverException: 
Unable to parse remote response: Misconfigured -- Sauce Labs Authentication Error.
You used username 'null' and access key 'null' to authenticate, which are not valid Sauce Labs credentials.

The following desired capabilities were received:
{'browserName': 'Safari',
 'build': '2023-01-18 10:22:33',
 'deviceName': 'iPhone XS Simulator',
 'idleTimeout': '90',
 'name': 'invalidCredentials[10]',
 'newCommandTimeout': '90',
 'platformName': 'iOS',
 'platformVersion': '14.3'}
	at com.saucedemo.tests.EmusimWebAppTests.setUp(EmusimWebAppTests.java:73)
Caused by: org.openqa.selenium.json.JsonException: 
Unable to determine type from: M. Last 1 characters read: M
Build info: version: '3.141.59', revision: 'e82be7d358', time: '2018-11-14T08:17:03'
System info: host: 'repairnator', ip: '127.0.1.1', os.name: 'Linux', os.arch: 'amd64', os.version: '5.4.0-113-generic', java.version: '11.0.17'
Driver info: driver.version: RemoteWebDriver
	at com.saucedemo.tests.EmusimWebAppTests.setUp(EmusimWebAppTests.java:73)

[ERROR] com.saucedemo.tests.EmusimWebAppTests.lockedOutUser[11]  Time elapsed: 4.102 s  <<< ERROR!
org.openqa.selenium.WebDriverException: 
Unable to parse remote response: Misconfigured -- Sauce Labs Authentication Error.
You used username 'null' and access key 'null' to authenticate, which are not valid Sauce Labs credentials.

The following desired capabilities were received:
{'browserName': 'Safari',
 'build': '2023-01-18 10:22:33',
 'deviceName': 'iPhone SE (2nd generation) Simulator',
 'idleTimeout': '90',
 'name': 'lockedOutUser[11]',
 'newCommandTimeout': '90',
 'platformName': 'iOS',
 'platformVersion': '14.3'}
	at com.saucedemo.tests.EmusimWebAppTests.setUp(EmusimWebAppTests.java:73)
Caused by: org.openqa.selenium.json.JsonException: 
Unable to determine type from: M. Last 1 characters read: M
Build info: version: '3.141.59', revision: 'e82be7d358', time: '2018-11-14T08:17:03'
System info: host: 'repairnator', ip: '127.0.1.1', os.name: 'Linux', os.arch: 'amd64', os.version: '5.4.0-113-generic', java.version: '11.0.17'
Driver info: driver.version: RemoteWebDriver
	at com.saucedemo.tests.EmusimWebAppTests.setUp(EmusimWebAppTests.java:73)

[ERROR] com.saucedemo.tests.EmusimWebAppTests.invalidCredentials[3]  Time elapsed: 3.159 s  <<< ERROR!
org.openqa.selenium.WebDriverException: 
Unable to parse remote response: Misconfigured -- Sauce Labs Authentication Error.
You used username 'null' and access key 'null' to authenticate, which are not valid Sauce Labs credentials.

The following desired capabilities were received:
{'browserName': 'Safari',
 'build': '2023-01-18 10:22:33',
 'deviceName': 'iPhone XS Max Simulator',
 'idleTimeout': '90',
 'name': 'invalidCredentials[3]',
 'newCommandTimeout': '90',
 'platformName': 'iOS',
 'platformVersion': '14.3'}
	at com.saucedemo.tests.EmusimWebAppTests.setUp(EmusimWebAppTests.java:73)
Caused by: org.openqa.selenium.json.JsonException: 
Unable to determine type from: M. Last 1 characters read: M
Build info: version: '3.141.59', revision: 'e82be7d358', time: '2018-11-14T08:17:03'
System info: host: 'repairnator', ip: '127.0.1.1', os.name: 'Linux', os.arch: 'amd64', os.version: '5.4.0-113-generic', java.version: '11.0.17'
Driver info: driver.version: RemoteWebDriver
	at com.saucedemo.tests.EmusimWebAppTests.setUp(EmusimWebAppTests.java:73)

[ERROR] com.saucedemo.tests.EmusimWebAppTests.loginWorks[9]  Time elapsed: 3.175 s  <<< ERROR!
org.openqa.selenium.WebDriverException: 
Unable to parse remote response: Misconfigured -- Sauce Labs Authentication Error.
You used username 'null' and access key 'null' to authenticate, which are not valid Sauce Labs credentials.

The following desired capabilities were received:
{'browserName': 'Safari',
 'build': '2023-01-18 10:22:33',
 'deviceName': 'iPhone XS Max Simulator',
 'idleTimeout': '90',
 'name': 'loginWorks[9]',
 'newCommandTimeout': '90',
 'platformName': 'iOS',
 'platformVersion': '14.3'}
	at com.saucedemo.tests.EmusimWebAppTests.setUp(EmusimWebAppTests.java:73)
Caused by: org.openqa.selenium.json.JsonException: 
Unable to determine type from: M. Last 1 characters read: M
Build info: version: '3.141.59', revision: 'e82be7d358', time: '2018-11-14T08:17:03'
System info: host: 'repairnator', ip: '127.0.1.1', os.name: 'Linux', os.arch: 'amd64', os.version: '5.4.0-113-generic', java.version: '11.0.17'
Driver info: driver.version: RemoteWebDriver
	at com.saucedemo.tests.EmusimWebAppTests.setUp(EmusimWebAppTests.java:73)

[ERROR] com.saucedemo.tests.EmusimWebAppTests.loginWorks[0]  Time elapsed: 3.164 s  <<< ERROR!
org.openqa.selenium.WebDriverException: 
Unable to parse remote response: Misconfigured -- Sauce Labs Authentication Error.
You used username 'null' and access key 'null' to authenticate, which are not valid Sauce Labs credentials.

The following desired capabilities were received:
{'browserName': 'Safari',
 'build': '2023-01-18 10:22:33',
 'deviceName': 'iPhone XS Max Simulator',
 'idleTimeout': '90',
 'name': 'loginWorks[0]',
 'newCommandTimeout': '90',
 'platformName': 'iOS',
 'platformVersion': '14.3'}
	at com.saucedemo.tests.EmusimWebAppTests.setUp(EmusimWebAppTests.java:73)
Caused by: org.openqa.selenium.json.JsonException: 
Unable to determine type from: M. Last 1 characters read: M
Build info: version: '3.141.59', revision: 'e82be7d358', time: '2018-11-14T08:17:03'
System info: host: 'repairnator', ip: '127.0.1.1', os.name: 'Linux', os.arch: 'amd64', os.version: '5.4.0-113-generic', java.version: '11.0.17'
Driver info: driver.version: RemoteWebDriver
	at com.saucedemo.tests.EmusimWebAppTests.setUp(EmusimWebAppTests.java:73)

[ERROR] com.saucedemo.tests.EmusimWebAppTests.invalidCredentials[5]  Time elapsed: 3.31 s  <<< ERROR!
org.openqa.selenium.WebDriverException: 
Unable to parse remote response: Misconfigured -- Sauce Labs Authentication Error.
You used username 'null' and access key 'null' to authenticate, which are not valid Sauce Labs credentials.

The following desired capabilities were received:
{'browserName': 'Safari',
 'build': '2023-01-18 10:22:33',
 'deviceName': 'iPhone SE (2nd generation) Simulator',
 'idleTimeout': '90',
 'name': 'invalidCredentials[5]',
 'newCommandTimeout': '90',
 'platformName': 'iOS',
 'platformVersion': '14.3'}
	at com.saucedemo.tests.EmusimWebAppTests.setUp(EmusimWebAppTests.java:73)
Caused by: org.openqa.selenium.json.JsonException: 
Unable to determine type from: M. Last 1 characters read: M
Build info: version: '3.141.59', revision: 'e82be7d358', time: '2018-11-14T08:17:03'
System info: host: 'repairnator', ip: '127.0.1.1', os.name: 'Linux', os.arch: 'amd64', os.version: '5.4.0-113-generic', java.version: '11.0.17'
Driver info: driver.version: RemoteWebDriver
	at com.saucedemo.tests.EmusimWebAppTests.setUp(EmusimWebAppTests.java:73)

[ERROR] com.saucedemo.tests.EmusimWebAppTests.invalidCredentials[1]  Time elapsed: 3.199 s  <<< ERROR!
org.openqa.selenium.WebDriverException: 
Unable to parse remote response: Misconfigured -- Sauce Labs Authentication Error.
You used username 'null' and access key 'null' to authenticate, which are not valid Sauce Labs credentials.

The following desired capabilities were received:
{'browserName': 'Safari',
 'build': '2023-01-18 10:22:33',
 'deviceName': 'iPhone XS Simulator',
 'idleTimeout': '90',
 'name': 'invalidCredentials[1]',
 'newCommandTimeout': '90',
 'platformName': 'iOS',
 'platformVersion': '14.3'}
	at com.saucedemo.tests.EmusimWebAppTests.setUp(EmusimWebAppTests.java:73)
Caused by: org.openqa.selenium.json.JsonException: 
Unable to determine type from: M. Last 1 characters read: M
Build info: version: '3.141.59', revision: 'e82be7d358', time: '2018-11-14T08:17:03'
System info: host: 'repairnator', ip: '127.0.1.1', os.name: 'Linux', os.arch: 'amd64', os.version: '5.4.0-113-generic', java.version: '11.0.17'
Driver info: driver.version: RemoteWebDriver
	at com.saucedemo.tests.EmusimWebAppTests.setUp(EmusimWebAppTests.java:73)

[ERROR] com.saucedemo.tests.EmusimWebAppTests.loginWorks[3]  Time elapsed: 3.04 s  <<< ERROR!
org.openqa.selenium.WebDriverException: 
Unable to parse remote response: Misconfigured -- Sauce Labs Authentication Error.
You used username 'null' and access key 'null' to authenticate, which are not valid Sauce Labs credentials.

The following desired capabilities were received:
{'browserName': 'Safari',
 'build': '2023-01-18 10:22:33',
 'deviceName': 'iPhone XS Max Simulator',
 'idleTimeout': '90',
 'name': 'loginWorks[3]',
 'newCommandTimeout': '90',
 'platformName': 'iOS',
 'platformVersion': '14.3'}
	at com.saucedemo.tests.EmusimWebAppTests.setUp(EmusimWebAppTests.java:73)
Caused by: org.openqa.selenium.json.JsonException: 
Unable to determine type from: M. Last 1 characters read: M
Build info: version: '3.141.59', revision: 'e82be7d358', time: '2018-11-14T08:17:03'
System info: host: 'repairnator', ip: '127.0.1.1', os.name: 'Linux', os.arch: 'amd64', os.version: '5.4.0-113-generic', java.version: '11.0.17'
Driver info: driver.version: RemoteWebDriver
	at com.saucedemo.tests.EmusimWebAppTests.setUp(EmusimWebAppTests.java:73)

[ERROR] com.saucedemo.tests.EmusimWebAppTests.invalidCredentials[6]  Time elapsed: 3.238 s  <<< ERROR!
org.openqa.selenium.WebDriverException: 
Unable to parse remote response: Misconfigured -- Sauce Labs Authentication Error.
You used username 'null' and access key 'null' to authenticate, which are not valid Sauce Labs credentials.

The following desired capabilities were received:
{'browserName': 'Safari',
 'build': '2023-01-18 10:22:33',
 'deviceName': 'iPhone XS Max Simulator',
 'idleTimeout': '90',
 'name': 'invalidCredentials[6]',
 'newCommandTimeout': '90',
 'platformName': 'iOS',
 'platformVersion': '14.3'}
	at com.saucedemo.tests.EmusimWebAppTests.setUp(EmusimWebAppTests.java:73)
Caused by: org.openqa.selenium.json.JsonException: 
Unable to determine type from: M. Last 1 characters read: M
Build info: version: '3.141.59', revision: 'e82be7d358', time: '2018-11-14T08:17:03'
System info: host: 'repairnator', ip: '127.0.1.1', os.name: 'Linux', os.arch: 'amd64', os.version: '5.4.0-113-generic', java.version: '11.0.17'
Driver info: driver.version: RemoteWebDriver
	at com.saucedemo.tests.EmusimWebAppTests.setUp(EmusimWebAppTests.java:73)

[ERROR] com.saucedemo.tests.EmusimWebAppTests.invalidCredentials[7]  Time elapsed: 3.107 s  <<< ERROR!
org.openqa.selenium.WebDriverException: 
Unable to parse remote response: Misconfigured -- Sauce Labs Authentication Error.
You used username 'null' and access key 'null' to authenticate, which are not valid Sauce Labs credentials.

The following desired capabilities were received:
{'browserName': 'Safari',
 'build': '2023-01-18 10:22:33',
 'deviceName': 'iPhone XS Simulator',
 'idleTimeout': '90',
 'name': 'invalidCredentials[7]',
 'newCommandTimeout': '90',
 'platformName': 'iOS',
 'platformVersion': '14.3'}
	at com.saucedemo.tests.EmusimWebAppTests.setUp(EmusimWebAppTests.java:73)
Caused by: org.openqa.selenium.json.JsonException: 
Unable to determine type from: M. Last 1 characters read: M
Build info: version: '3.141.59', revision: 'e82be7d358', time: '2018-11-14T08:17:03'
System info: host: 'repairnator', ip: '127.0.1.1', os.name: 'Linux', os.arch: 'amd64', os.version: '5.4.0-113-generic', java.version: '11.0.17'
Driver info: driver.version: RemoteWebDriver
	at com.saucedemo.tests.EmusimWebAppTests.setUp(EmusimWebAppTests.java:73)

[ERROR] com.saucedemo.tests.EmusimWebAppTests.loginWorks[11]  Time elapsed: 3.224 s  <<< ERROR!
org.openqa.selenium.WebDriverException: 
Unable to parse remote response: Misconfigured -- Sauce Labs Authentication Error.
You used username 'null' and access key 'null' to authenticate, which are not valid Sauce Labs credentials.

The following desired capabilities were received:
{'browserName': 'Safari',
 'build': '2023-01-18 10:22:33',
 'deviceName': 'iPhone SE (2nd generation) Simulator',
 'idleTimeout': '90',
 'name': 'loginWorks[11]',
 'newCommandTimeout': '90',
 'platformName': 'iOS',
 'platformVersion': '14.3'}
	at com.saucedemo.tests.EmusimWebAppTests.setUp(EmusimWebAppTests.java:73)
Caused by: org.openqa.selenium.json.JsonException: 
Unable to determine type from: M. Last 1 characters read: M
Build info: version: '3.141.59', revision: 'e82be7d358', time: '2018-11-14T08:17:03'
System info: host: 'repairnator', ip: '127.0.1.1', os.name: 'Linux', os.arch: 'amd64', os.version: '5.4.0-113-generic', java.version: '11.0.17'
Driver info: driver.version: RemoteWebDriver
	at com.saucedemo.tests.EmusimWebAppTests.setUp(EmusimWebAppTests.java:73)

[ERROR] com.saucedemo.tests.EmusimWebAppTests.invalidCredentials[8]  Time elapsed: 3.156 s  <<< ERROR!
org.openqa.selenium.WebDriverException: 
Unable to parse remote response: Misconfigured -- Sauce Labs Authentication Error.
You used username 'null' and access key 'null' to authenticate, which are not valid Sauce Labs credentials.

The following desired capabilities were received:
{'browserName': 'Safari',
 'build': '2023-01-18 10:22:33',
 'deviceName': 'iPhone SE (2nd generation) Simulator',
 'idleTimeout': '90',
 'name': 'invalidCredentials[8]',
 'newCommandTimeout': '90',
 'platformName': 'iOS',
 'platformVersion': '14.3'}
	at com.saucedemo.tests.EmusimWebAppTests.setUp(EmusimWebAppTests.java:73)
Caused by: org.openqa.selenium.json.JsonException: 
Unable to determine type from: M. Last 1 characters read: M
Build info: version: '3.141.59', revision: 'e82be7d358', time: '2018-11-14T08:17:03'
System info: host: 'repairnator', ip: '127.0.1.1', os.name: 'Linux', os.arch: 'amd64', os.version: '5.4.0-113-generic', java.version: '11.0.17'
Driver info: driver.version: RemoteWebDriver
	at com.saucedemo.tests.EmusimWebAppTests.setUp(EmusimWebAppTests.java:73)

[ERROR] com.saucedemo.tests.EmusimWebAppTests.lockedOutUser[1]  Time elapsed: 3.155 s  <<< ERROR!
org.openqa.selenium.WebDriverException: 
Unable to parse remote response: Misconfigured -- Sauce Labs Authentication Error.
You used username 'null' and access key 'null' to authenticate, which are not valid Sauce Labs credentials.

The following desired capabilities were received:
{'browserName': 'Safari',
 'build': '2023-01-18 10:22:33',
 'deviceName': 'iPhone XS Simulator',
 'idleTimeout': '90',
 'name': 'lockedOutUser[1]',
 'newCommandTimeout': '90',
 'platformName': 'iOS',
 'platformVersion': '14.3'}
	at com.saucedemo.tests.EmusimWebAppTests.setUp(EmusimWebAppTests.java:73)
Caused by: org.openqa.selenium.json.JsonException: 
Unable to determine type from: M. Last 1 characters read: M
Build info: version: '3.141.59', revision: 'e82be7d358', time: '2018-11-14T08:17:03'
System info: host: 'repairnator', ip: '127.0.1.1', os.name: 'Linux', os.arch: 'amd64', os.version: '5.4.0-113-generic', java.version: '11.0.17'
Driver info: driver.version: RemoteWebDriver
	at com.saucedemo.tests.EmusimWebAppTests.setUp(EmusimWebAppTests.java:73)

[ERROR] com.saucedemo.tests.EmusimWebAppTests.invalidCredentials[2]  Time elapsed: 3.132 s  <<< ERROR!
org.openqa.selenium.WebDriverException: 
Unable to parse remote response: Misconfigured -- Sauce Labs Authentication Error.
You used username 'null' and access key 'null' to authenticate, which are not valid Sauce Labs credentials.

The following desired capabilities were received:
{'browserName': 'Safari',
 'build': '2023-01-18 10:22:33',
 'deviceName': 'iPhone SE (2nd generation) Simulator',
 'idleTimeout': '90',
 'name': 'invalidCredentials[2]',
 'newCommandTimeout': '90',
 'platformName': 'iOS',
 'platformVersion': '14.3'}
	at com.saucedemo.tests.EmusimWebAppTests.setUp(EmusimWebAppTests.java:73)
Caused by: org.openqa.selenium.json.JsonException: 
Unable to determine type from: M. Last 1 characters read: M
Build info: version: '3.141.59', revision: 'e82be7d358', time: '2018-11-14T08:17:03'
System info: host: 'repairnator', ip: '127.0.1.1', os.name: 'Linux', os.arch: 'amd64', os.version: '5.4.0-113-generic', java.version: '11.0.17'
Driver info: driver.version: RemoteWebDriver
	at com.saucedemo.tests.EmusimWebAppTests.setUp(EmusimWebAppTests.java:73)

[ERROR] com.saucedemo.tests.EmusimWebAppTests.lockedOutUser[4]  Time elapsed: 3.611 s  <<< ERROR!
org.openqa.selenium.WebDriverException: 
Unable to parse remote response: Misconfigured -- Sauce Labs Authentication Error.
You used username 'null' and access key 'null' to authenticate, which are not valid Sauce Labs credentials.

The following desired capabilities were received:
{'browserName': 'Safari',
 'build': '2023-01-18 10:22:33',
 'deviceName': 'iPhone XS Simulator',
 'idleTimeout': '90',
 'name': 'lockedOutUser[4]',
 'newCommandTimeout': '90',
 'platformName': 'iOS',
 'platformVersion': '14.3'}
	at com.saucedemo.tests.EmusimWebAppTests.setUp(EmusimWebAppTests.java:73)
Caused by: org.openqa.selenium.json.JsonException: 
Unable to determine type from: M. Last 1 characters read: M
Build info: version: '3.141.59', revision: 'e82be7d358', time: '2018-11-14T08:17:03'
System info: host: 'repairnator', ip: '127.0.1.1', os.name: 'Linux', os.arch: 'amd64', os.version: '5.4.0-113-generic', java.version: '11.0.17'
Driver info: driver.version: RemoteWebDriver
	at com.saucedemo.tests.EmusimWebAppTests.setUp(EmusimWebAppTests.java:73)

[ERROR] com.saucedemo.tests.EmusimWebAppTests.lockedOutUser[8]  Time elapsed: 3.153 s  <<< ERROR!
org.openqa.selenium.WebDriverException: 
Unable to parse remote response: Misconfigured -- Sauce Labs Authentication Error.
You used username 'null' and access key 'null' to authenticate, which are not valid Sauce Labs credentials.

The following desired capabilities were received:
{'browserName': 'Safari',
 'build': '2023-01-18 10:22:33',
 'deviceName': 'iPhone SE (2nd generation) Simulator',
 'idleTimeout': '90',
 'name': 'lockedOutUser[8]',
 'newCommandTimeout': '90',
 'platformName': 'iOS',
 'platformVersion': '14.3'}
	at com.saucedemo.tests.EmusimWebAppTests.setUp(EmusimWebAppTests.java:73)
Caused by: org.openqa.selenium.json.JsonException: 
Unable to determine type from: M. Last 1 characters read: M
Build info: version: '3.141.59', revision: 'e82be7d358', time: '2018-11-14T08:17:03'
System info: host: 'repairnator', ip: '127.0.1.1', os.name: 'Linux', os.arch: 'amd64', os.version: '5.4.0-113-generic', java.version: '11.0.17'
Driver info: driver.version: RemoteWebDriver
	at com.saucedemo.tests.EmusimWebAppTests.setUp(EmusimWebAppTests.java:73)

[ERROR] com.saucedemo.tests.EmusimWebAppTests.loginWorks[5]  Time elapsed: 3.177 s  <<< ERROR!
org.openqa.selenium.WebDriverException: 
Unable to parse remote response: Misconfigured -- Sauce Labs Authentication Error.
You used username 'null' and access key 'null' to authenticate, which are not valid Sauce Labs credentials.

The following desired capabilities were received:
{'browserName': 'Safari',
 'build': '2023-01-18 10:22:33',
 'deviceName': 'iPhone SE (2nd generation) Simulator',
 'idleTimeout': '90',
 'name': 'loginWorks[5]',
 'newCommandTimeout': '90',
 'platformName': 'iOS',
 'platformVersion': '14.3'}
	at com.saucedemo.tests.EmusimWebAppTests.setUp(EmusimWebAppTests.java:73)
Caused by: org.openqa.selenium.json.JsonException: 
Unable to determine type from: M. Last 1 characters read: M
Build info: version: '3.141.59', revision: 'e82be7d358', time: '2018-11-14T08:17:03'
System info: host: 'repairnator', ip: '127.0.1.1', os.name: 'Linux', os.arch: 'amd64', os.version: '5.4.0-113-generic', java.version: '11.0.17'
Driver info: driver.version: RemoteWebDriver
	at com.saucedemo.tests.EmusimWebAppTests.setUp(EmusimWebAppTests.java:73)

[ERROR] com.saucedemo.tests.EmusimWebAppTests.lockedOutUser[7]  Time elapsed: 3.273 s  <<< ERROR!
org.openqa.selenium.WebDriverException: 
Unable to parse remote response: Misconfigured -- Sauce Labs Authentication Error.
You used username 'null' and access key 'null' to authenticate, which are not valid Sauce Labs credentials.

The following desired capabilities were received:
{'browserName': 'Safari',
 'build': '2023-01-18 10:22:33',
 'deviceName': 'iPhone XS Simulator',
 'idleTimeout': '90',
 'name': 'lockedOutUser[7]',
 'newCommandTimeout': '90',
 'platformName': 'iOS',
 'platformVersion': '14.3'}
	at com.saucedemo.tests.EmusimWebAppTests.setUp(EmusimWebAppTests.java:73)
Caused by: org.openqa.selenium.json.JsonException: 
Unable to determine type from: M. Last 1 characters read: M
Build info: version: '3.141.59', revision: 'e82be7d358', time: '2018-11-14T08:17:03'
System info: host: 'repairnator', ip: '127.0.1.1', os.name: 'Linux', os.arch: 'amd64', os.version: '5.4.0-113-generic', java.version: '11.0.17'
Driver info: driver.version: RemoteWebDriver
	at com.saucedemo.tests.EmusimWebAppTests.setUp(EmusimWebAppTests.java:73)

[ERROR] com.saucedemo.tests.EmusimWebAppTests.loginWorks[6]  Time elapsed: 2.951 s  <<< ERROR!
org.openqa.selenium.WebDriverException: 
Unable to parse remote response: Misconfigured -- Sauce Labs Authentication Error.
You used username 'null' and access key 'null' to authenticate, which are not valid Sauce Labs credentials.

The following desired capabilities were received:
{'browserName': 'Safari',
 'build': '2023-01-18 10:22:33',
 'deviceName': 'iPhone XS Max Simulator',
 'idleTimeout': '90',
 'name': 'loginWorks[6]',
 'newCommandTimeout': '90',
 'platformName': 'iOS',
 'platformVersion': '14.3'}
	at com.saucedemo.tests.EmusimWebAppTests.setUp(EmusimWebAppTests.java:73)
Caused by: org.openqa.selenium.json.JsonException: 
Unable to determine type from: M. Last 1 characters read: M
Build info: version: '3.141.59', revision: 'e82be7d358', time: '2018-11-14T08:17:03'
System info: host: 'repairnator', ip: '127.0.1.1', os.name: 'Linux', os.arch: 'amd64', os.version: '5.4.0-113-generic', java.version: '11.0.17'
Driver info: driver.version: RemoteWebDriver
	at com.saucedemo.tests.EmusimWebAppTests.setUp(EmusimWebAppTests.java:73)

[ERROR] com.saucedemo.tests.EmusimWebAppTests.loginWorks[10]  Time elapsed: 3.241 s  <<< ERROR!
org.openqa.selenium.WebDriverException: 
Unable to parse remote response: Misconfigured -- Sauce Labs Authentication Error.
You used username 'null' and access key 'null' to authenticate, which are not valid Sauce Labs credentials.

The following desired capabilities were received:
{'browserName': 'Safari',
 'build': '2023-01-18 10:22:33',
 'deviceName': 'iPhone XS Simulator',
 'idleTimeout': '90',
 'name': 'loginWorks[10]',
 'newCommandTimeout': '90',
 'platformName': 'iOS',
 'platformVersion': '14.3'}
	at com.saucedemo.tests.EmusimWebAppTests.setUp(EmusimWebAppTests.java:73)
Caused by: org.openqa.selenium.json.JsonException: 
Unable to determine type from: M. Last 1 characters read: M
Build info: version: '3.141.59', revision: 'e82be7d358', time: '2018-11-14T08:17:03'
System info: host: 'repairnator', ip: '127.0.1.1', os.name: 'Linux', os.arch: 'amd64', os.version: '5.4.0-113-generic', java.version: '11.0.17'
Driver info: driver.version: RemoteWebDriver
	at com.saucedemo.tests.EmusimWebAppTests.setUp(EmusimWebAppTests.java:73)

[ERROR] com.saucedemo.tests.EmusimWebAppTests.lockedOutUser[5]  Time elapsed: 3.206 s  <<< ERROR!
org.openqa.selenium.WebDriverException: 
Unable to parse remote response: Misconfigured -- Sauce Labs Authentication Error.
You used username 'null' and access key 'null' to authenticate, which are not valid Sauce Labs credentials.

The following desired capabilities were received:
{'browserName': 'Safari',
 'build': '2023-01-18 10:22:33',
 'deviceName': 'iPhone SE (2nd generation) Simulator',
 'idleTimeout': '90',
 'name': 'lockedOutUser[5]',
 'newCommandTimeout': '90',
 'platformName': 'iOS',
 'platformVersion': '14.3'}
	at com.saucedemo.tests.EmusimWebAppTests.setUp(EmusimWebAppTests.java:73)
Caused by: org.openqa.selenium.json.JsonException: 
Unable to determine type from: M. Last 1 characters read: M
Build info: version: '3.141.59', revision: 'e82be7d358', time: '2018-11-14T08:17:03'
System info: host: 'repairnator', ip: '127.0.1.1', os.name: 'Linux', os.arch: 'amd64', os.version: '5.4.0-113-generic', java.version: '11.0.17'
Driver info: driver.version: RemoteWebDriver
	at com.saucedemo.tests.EmusimWebAppTests.setUp(EmusimWebAppTests.java:73)

[ERROR] com.saucedemo.tests.EmusimWebAppTests.invalidCredentials[4]  Time elapsed: 3.157 s  <<< ERROR!
org.openqa.selenium.WebDriverException: 
Unable to parse remote response: Misconfigured -- Sauce Labs Authentication Error.
You used username 'null' and access key 'null' to authenticate, which are not valid Sauce Labs credentials.

The following desired capabilities were received:
{'browserName': 'Safari',
 'build': '2023-01-18 10:22:33',
 'deviceName': 'iPhone XS Simulator',
 'idleTimeout': '90',
 'name': 'invalidCredentials[4]',
 'newCommandTimeout': '90',
 'platformName': 'iOS',
 'platformVersion': '14.3'}
	at com.saucedemo.tests.EmusimWebAppTests.setUp(EmusimWebAppTests.java:73)
Caused by: org.openqa.selenium.json.JsonException: 
Unable to determine type from: M. Last 1 characters read: M
Build info: version: '3.141.59', revision: 'e82be7d358', time: '2018-11-14T08:17:03'
System info: host: 'repairnator', ip: '127.0.1.1', os.name: 'Linux', os.arch: 'amd64', os.version: '5.4.0-113-generic', java.version: '11.0.17'
Driver info: driver.version: RemoteWebDriver
	at com.saucedemo.tests.EmusimWebAppTests.setUp(EmusimWebAppTests.java:73)

[ERROR] com.saucedemo.tests.EmusimWebAppTests.lockedOutUser[3]  Time elapsed: 3.139 s  <<< ERROR!
org.openqa.selenium.WebDriverException: 
Unable to parse remote response: Misconfigured -- Sauce Labs Authentication Error.
You used username 'null' and access key 'null' to authenticate, which are not valid Sauce Labs credentials.

The following desired capabilities were received:
{'browserName': 'Safari',
 'build': '2023-01-18 10:22:33',
 'deviceName': 'iPhone XS Max Simulator',
 'idleTimeout': '90',
 'name': 'lockedOutUser[3]',
 'newCommandTimeout': '90',
 'platformName': 'iOS',
 'platformVersion': '14.3'}
	at com.saucedemo.tests.EmusimWebAppTests.setUp(EmusimWebAppTests.java:73)
Caused by: org.openqa.selenium.json.JsonException: 
Unable to determine type from: M. Last 1 characters read: M
Build info: version: '3.141.59', revision: 'e82be7d358', time: '2018-11-14T08:17:03'
System info: host: 'repairnator', ip: '127.0.1.1', os.name: 'Linux', os.arch: 'amd64', os.version: '5.4.0-113-generic', java.version: '11.0.17'
Driver info: driver.version: RemoteWebDriver
	at com.saucedemo.tests.EmusimWebAppTests.setUp(EmusimWebAppTests.java:73)

[ERROR] com.saucedemo.tests.EmusimWebAppTests.loginWorks[7]  Time elapsed: 3.223 s  <<< ERROR!
org.openqa.selenium.WebDriverException: 
Unable to parse remote response: Misconfigured -- Sauce Labs Authentication Error.
You used username 'null' and access key 'null' to authenticate, which are not valid Sauce Labs credentials.

The following desired capabilities were received:
{'browserName': 'Safari',
 'build': '2023-01-18 10:22:33',
 'deviceName': 'iPhone XS Simulator',
 'idleTimeout': '90',
 'name': 'loginWorks[7]',
 'newCommandTimeout': '90',
 'platformName': 'iOS',
 'platformVersion': '14.3'}
	at com.saucedemo.tests.EmusimWebAppTests.setUp(EmusimWebAppTests.java:73)
Caused by: org.openqa.selenium.json.JsonException: 
Unable to determine type from: M. Last 1 characters read: M
Build info: version: '3.141.59', revision: 'e82be7d358', time: '2018-11-14T08:17:03'
System info: host: 'repairnator', ip: '127.0.1.1', os.name: 'Linux', os.arch: 'amd64', os.version: '5.4.0-113-generic', java.version: '11.0.17'
Driver info: driver.version: RemoteWebDriver
	at com.saucedemo.tests.EmusimWebAppTests.setUp(EmusimWebAppTests.java:73)

[ERROR] com.saucedemo.tests.EmusimWebAppTests.lockedOutUser[6]  Time elapsed: 3.067 s  <<< ERROR!
org.openqa.selenium.WebDriverException: 
Unable to parse remote response: Misconfigured -- Sauce Labs Authentication Error.
You used username 'null' and access key 'null' to authenticate, which are not valid Sauce Labs credentials.

The following desired capabilities were received:
{'browserName': 'Safari',
 'build': '2023-01-18 10:22:33',
 'deviceName': 'iPhone XS Max Simulator',
 'idleTimeout': '90',
 'name': 'lockedOutUser[6]',
 'newCommandTimeout': '90',
 'platformName': 'iOS',
 'platformVersion': '14.3'}
	at com.saucedemo.tests.EmusimWebAppTests.setUp(EmusimWebAppTests.java:73)
Caused by: org.openqa.selenium.json.JsonException: 
Unable to determine type from: M. Last 1 characters read: M
Build info: version: '3.141.59', revision: 'e82be7d358', time: '2018-11-14T08:17:03'
System info: host: 'repairnator', ip: '127.0.1.1', os.name: 'Linux', os.arch: 'amd64', os.version: '5.4.0-113-generic', java.version: '11.0.17'
Driver info: driver.version: RemoteWebDriver
	at com.saucedemo.tests.EmusimWebAppTests.setUp(EmusimWebAppTests.java:73)

[ERROR] com.saucedemo.tests.EmusimWebAppTests.invalidCredentials[9]  Time elapsed: 3.237 s  <<< ERROR!
org.openqa.selenium.WebDriverException: 
Unable to parse remote response: Misconfigured -- Sauce Labs Authentication Error.
You used username 'null' and access key 'null' to authenticate, which are not valid Sauce Labs credentials.

The following desired capabilities were received:
{'browserName': 'Safari',
 'build': '2023-01-18 10:22:33',
 'deviceName': 'iPhone XS Max Simulator',
 'idleTimeout': '90',
 'name': 'invalidCredentials[9]',
 'newCommandTimeout': '90',
 'platformName': 'iOS',
 'platformVersion': '14.3'}
	at com.saucedemo.tests.EmusimWebAppTests.setUp(EmusimWebAppTests.java:73)
Caused by: org.openqa.selenium.json.JsonException: 
Unable to determine type from: M. Last 1 characters read: M
Build info: version: '3.141.59', revision: 'e82be7d358', time: '2018-11-14T08:17:03'
System info: host: 'repairnator', ip: '127.0.1.1', os.name: 'Linux', os.arch: 'amd64', os.version: '5.4.0-113-generic', java.version: '11.0.17'
Driver info: driver.version: RemoteWebDriver
	at com.saucedemo.tests.EmusimWebAppTests.setUp(EmusimWebAppTests.java:73)

[ERROR] com.saucedemo.tests.EmusimWebAppTests.loginWorks[4]  Time elapsed: 3.141 s  <<< ERROR!
org.openqa.selenium.WebDriverException: 
Unable to parse remote response: Misconfigured -- Sauce Labs Authentication Error.
You used username 'null' and access key 'null' to authenticate, which are not valid Sauce Labs credentials.

The following desired capabilities were received:
{'browserName': 'Safari',
 'build': '2023-01-18 10:22:33',
 'deviceName': 'iPhone XS Simulator',
 'idleTimeout': '90',
 'name': 'loginWorks[4]',
 'newCommandTimeout': '90',
 'platformName': 'iOS',
 'platformVersion': '14.3'}
	at com.saucedemo.tests.EmusimWebAppTests.setUp(EmusimWebAppTests.java:73)
Caused by: org.openqa.selenium.json.JsonException: 
Unable to determine type from: M. Last 1 characters read: M
Build info: version: '3.141.59', revision: 'e82be7d358', time: '2018-11-14T08:17:03'
System info: host: 'repairnator', ip: '127.0.1.1', os.name: 'Linux', os.arch: 'amd64', os.version: '5.4.0-113-generic', java.version: '11.0.17'
Driver info: driver.version: RemoteWebDriver
	at com.saucedemo.tests.EmusimWebAppTests.setUp(EmusimWebAppTests.java:73)

[ERROR] com.saucedemo.tests.EmusimWebAppTests.invalidCredentials[11]  Time elapsed: 3.117 s  <<< ERROR!
org.openqa.selenium.WebDriverException: 
Unable to parse remote response: Misconfigured -- Sauce Labs Authentication Error.
You used username 'null' and access key 'null' to authenticate, which are not valid Sauce Labs credentials.

The following desired capabilities were received:
{'browserName': 'Safari',
 'build': '2023-01-18 10:22:33',
 'deviceName': 'iPhone SE (2nd generation) Simulator',
 'idleTimeout': '90',
 'name': 'invalidCredentials[11]',
 'newCommandTimeout': '90',
 'platformName': 'iOS',
 'platformVersion': '14.3'}
	at com.saucedemo.tests.EmusimWebAppTests.setUp(EmusimWebAppTests.java:73)
Caused by: org.openqa.selenium.json.JsonException: 
Unable to determine type from: M. Last 1 characters read: M
Build info: version: '3.141.59', revision: 'e82be7d358', time: '2018-11-14T08:17:03'
System info: host: 'repairnator', ip: '127.0.1.1', os.name: 'Linux', os.arch: 'amd64', os.version: '5.4.0-113-generic', java.version: '11.0.17'
Driver info: driver.version: RemoteWebDriver
	at com.saucedemo.tests.EmusimWebAppTests.setUp(EmusimWebAppTests.java:73)

[ERROR] com.saucedemo.tests.EmusimWebAppTests.loginWorks[1]  Time elapsed: 3.261 s  <<< ERROR!
org.openqa.selenium.WebDriverException: 
Unable to parse remote response: Misconfigured -- Sauce Labs Authentication Error.
You used username 'null' and access key 'null' to authenticate, which are not valid Sauce Labs credentials.

The following desired capabilities were received:
{'browserName': 'Safari',
 'build': '2023-01-18 10:22:33',
 'deviceName': 'iPhone XS Simulator',
 'idleTimeout': '90',
 'name': 'loginWorks[1]',
 'newCommandTimeout': '90',
 'platformName': 'iOS',
 'platformVersion': '14.3'}
	at com.saucedemo.tests.EmusimWebAppTests.setUp(EmusimWebAppTests.java:73)
Caused by: org.openqa.selenium.json.JsonException: 
Unable to determine type from: M. Last 1 characters read: M
Build info: version: '3.141.59', revision: 'e82be7d358', time: '2018-11-14T08:17:03'
System info: host: 'repairnator', ip: '127.0.1.1', os.name: 'Linux', os.arch: 'amd64', os.version: '5.4.0-113-generic', java.version: '11.0.17'
Driver info: driver.version: RemoteWebDriver
	at com.saucedemo.tests.EmusimWebAppTests.setUp(EmusimWebAppTests.java:73)

[ERROR] com.saucedemo.tests.EmusimWebAppTests.lockedOutUser[10]  Time elapsed: 3.831 s  <<< ERROR!
org.openqa.selenium.WebDriverException: 
Unable to parse remote response: Misconfigured -- Sauce Labs Authentication Error.
You used username 'null' and access key 'null' to authenticate, which are not valid Sauce Labs credentials.

The following desired capabilities were received:
{'browserName': 'Safari',
 'build': '2023-01-18 10:22:33',
 'deviceName': 'iPhone XS Simulator',
 'idleTimeout': '90',
 'name': 'lockedOutUser[10]',
 'newCommandTimeout': '90',
 'platformName': 'iOS',
 'platformVersion': '14.3'}
	at com.saucedemo.tests.EmusimWebAppTests.setUp(EmusimWebAppTests.java:73)
Caused by: org.openqa.selenium.json.JsonException: 
Unable to determine type from: M. Last 1 characters read: M
Build info: version: '3.141.59', revision: 'e82be7d358', time: '2018-11-14T08:17:03'
System info: host: 'repairnator', ip: '127.0.1.1', os.name: 'Linux', os.arch: 'amd64', os.version: '5.4.0-113-generic', java.version: '11.0.17'
Driver info: driver.version: RemoteWebDriver
	at com.saucedemo.tests.EmusimWebAppTests.setUp(EmusimWebAppTests.java:73)

[ERROR] com.saucedemo.tests.EmusimWebAppTests.lockedOutUser[0]  Time elapsed: 3.11 s  <<< ERROR!
org.openqa.selenium.WebDriverException: 
Unable to parse remote response: Misconfigured -- Sauce Labs Authentication Error.
You used username 'null' and access key 'null' to authenticate, which are not valid Sauce Labs credentials.

The following desired capabilities were received:
{'browserName': 'Safari',
 'build': '2023-01-18 10:22:33',
 'deviceName': 'iPhone XS Max Simulator',
 'idleTimeout': '90',
 'name': 'lockedOutUser[0]',
 'newCommandTimeout': '90',
 'platformName': 'iOS',
 'platformVersion': '14.3'}
	at com.saucedemo.tests.EmusimWebAppTests.setUp(EmusimWebAppTests.java:73)
Caused by: org.openqa.selenium.json.JsonException: 
Unable to determine type from: M. Last 1 characters read: M
Build info: version: '3.141.59', revision: 'e82be7d358', time: '2018-11-14T08:17:03'
System info: host: 'repairnator', ip: '127.0.1.1', os.name: 'Linux', os.arch: 'amd64', os.version: '5.4.0-113-generic', java.version: '11.0.17'
Driver info: driver.version: RemoteWebDriver
	at com.saucedemo.tests.EmusimWebAppTests.setUp(EmusimWebAppTests.java:73)

[ERROR] com.saucedemo.tests.EmusimWebAppTests.loginWorks[8]  Time elapsed: 3.127 s  <<< ERROR!
org.openqa.selenium.WebDriverException: 
Unable to parse remote response: Misconfigured -- Sauce Labs Authentication Error.
You used username 'null' and access key 'null' to authenticate, which are not valid Sauce Labs credentials.

The following desired capabilities were received:
{'browserName': 'Safari',
 'build': '2023-01-18 10:22:33',
 'deviceName': 'iPhone SE (2nd generation) Simulator',
 'idleTimeout': '90',
 'name': 'loginWorks[8]',
 'newCommandTimeout': '90',
 'platformName': 'iOS',
 'platformVersion': '14.3'}
	at com.saucedemo.tests.EmusimWebAppTests.setUp(EmusimWebAppTests.java:73)
Caused by: org.openqa.selenium.json.JsonException: 
Unable to determine type from: M. Last 1 characters read: M
Build info: version: '3.141.59', revision: 'e82be7d358', time: '2018-11-14T08:17:03'
System info: host: 'repairnator', ip: '127.0.1.1', os.name: 'Linux', os.arch: 'amd64', os.version: '5.4.0-113-generic', java.version: '11.0.17'
Driver info: driver.version: RemoteWebDriver
	at com.saucedemo.tests.EmusimWebAppTests.setUp(EmusimWebAppTests.java:73)

[ERROR] com.saucedemo.tests.EmusimWebAppTests.invalidCredentials[0]  Time elapsed: 4.122 s  <<< ERROR!
org.openqa.selenium.WebDriverException: 
Unable to parse remote response: Misconfigured -- Sauce Labs Authentication Error.
You used username 'null' and access key 'null' to authenticate, which are not valid Sauce Labs credentials.

The following desired capabilities were received:
{'browserName': 'Safari',
 'build': '2023-01-18 10:22:33',
 'deviceName': 'iPhone XS Max Simulator',
 'idleTimeout': '90',
 'name': 'invalidCredentials[0]',
 'newCommandTimeout': '90',
 'platformName': 'iOS',
 'platformVersion': '14.3'}
	at com.saucedemo.tests.EmusimWebAppTests.setUp(EmusimWebAppTests.java:73)
Caused by: org.openqa.selenium.json.JsonException: 
Unable to determine type from: M. Last 1 characters read: M
Build info: version: '3.141.59', revision: 'e82be7d358', time: '2018-11-14T08:17:03'
System info: host: 'repairnator', ip: '127.0.1.1', os.name: 'Linux', os.arch: 'amd64', os.version: '5.4.0-113-generic', java.version: '11.0.17'
Driver info: driver.version: RemoteWebDriver
	at com.saucedemo.tests.EmusimWebAppTests.setUp(EmusimWebAppTests.java:73)

[ERROR] com.saucedemo.tests.EmusimWebAppTests.loginWorks[2]  Time elapsed: 3.129 s  <<< ERROR!
org.openqa.selenium.WebDriverException: 
Unable to parse remote response: Misconfigured -- Sauce Labs Authentication Error.
You used username 'null' and access key 'null' to authenticate, which are not valid Sauce Labs credentials.

The following desired capabilities were received:
{'browserName': 'Safari',
 'build': '2023-01-18 10:22:33',
 'deviceName': 'iPhone SE (2nd generation) Simulator',
 'idleTimeout': '90',
 'name': 'loginWorks[2]',
 'newCommandTimeout': '90',
 'platformName': 'iOS',
 'platformVersion': '14.3'}
	at com.saucedemo.tests.EmusimWebAppTests.setUp(EmusimWebAppTests.java:73)
Caused by: org.openqa.selenium.json.JsonException: 
Unable to determine type from: M. Last 1 characters read: M
Build info: version: '3.141.59', revision: 'e82be7d358', time: '2018-11-14T08:17:03'
System info: host: 'repairnator', ip: '127.0.1.1', os.name: 'Linux', os.arch: 'amd64', os.version: '5.4.0-113-generic', java.version: '11.0.17'
Driver info: driver.version: RemoteWebDriver
	at com.saucedemo.tests.EmusimWebAppTests.setUp(EmusimWebAppTests.java:73)

[INFO] 
[INFO] Results:
[INFO] 
[ERROR] Errors: 
[ERROR]   DesktopTests.setUp:73 » SauceEnvironmentVariablesNotSet Sauce Username was not...
[ERROR]   DesktopTests.setUp:73 » SauceEnvironmentVariablesNotSet Sauce Username was not...
[ERROR]   DesktopTests.setUp:73 » SauceEnvironmentVariablesNotSet Sauce Username was not...
[ERROR]   DesktopTests.setUp:73 » SauceEnvironmentVariablesNotSet Sauce Username was not...
[ERROR]   DesktopTests.setUp:73 » SauceEnvironmentVariablesNotSet Sauce Username was not...
[ERROR]   DesktopTests.setUp:73 » SauceEnvironmentVariablesNotSet Sauce Username was not...
[ERROR]   DesktopTests.setUp:73 » SauceEnvironmentVariablesNotSet Sauce Username was not...
[ERROR]   DesktopTests.setUp:73 » SauceEnvironmentVariablesNotSet Sauce Username was not...
[ERROR]   DesktopTests.setUp:73 » SauceEnvironmentVariablesNotSet Sauce Username was not...
[ERROR]   DesktopTests.setUp:73 » SauceEnvironmentVariablesNotSet Sauce Username was not...
[ERROR]   DesktopTests.setUp:73 » SauceEnvironmentVariablesNotSet Sauce Username was not...
[ERROR]   DesktopTests.setUp:73 » SauceEnvironmentVariablesNotSet Sauce Username was not...
[ERROR]   DesktopTests.setUp:73 » SauceEnvironmentVariablesNotSet Sauce Username was not...
[ERROR]   DesktopTests.setUp:73 » SauceEnvironmentVariablesNotSet Sauce Username was not...
[ERROR]   DesktopTests.setUp:73 » SauceEnvironmentVariablesNotSet Sauce Username was not...
[ERROR]   DesktopTests.setUp:73 » SauceEnvironmentVariablesNotSet Sauce Username was not...
[ERROR]   DesktopTests.setUp:73 » SauceEnvironmentVariablesNotSet Sauce Username was not...
[ERROR]   DesktopTests.setUp:73 » SauceEnvironmentVariablesNotSet Sauce Username was not...
[ERROR]   DesktopTests.setUp:73 » SauceEnvironmentVariablesNotSet Sauce Username was not...
[ERROR]   DesktopTests.setUp:73 » SauceEnvironmentVariablesNotSet Sauce Username was not...
[ERROR]   DesktopTests.setUp:73 » SauceEnvironmentVariablesNotSet Sauce Username was not...
[ERROR]   DesktopTests.setUp:73 » SauceEnvironmentVariablesNotSet Sauce Username was not...
[ERROR]   DesktopTests.setUp:73 » SauceEnvironmentVariablesNotSet Sauce Username was not...
[ERROR]   DesktopTests.setUp:73 » SauceEnvironmentVariablesNotSet Sauce Username was not...
[ERROR]   DesktopTests.setUp:73 » SauceEnvironmentVariablesNotSet Sauce Username was not...
[ERROR]   DesktopTests.setUp:73 » SauceEnvironmentVariablesNotSet Sauce Username was not...
[ERROR]   DesktopTests.setUp:73 » SauceEnvironmentVariablesNotSet Sauce Username was not...
[ERROR]   DesktopTests.setUp:73 » SauceEnvironmentVariablesNotSet Sauce Username was not...
[ERROR]   DesktopTests.setUp:73 » SauceEnvironmentVariablesNotSet Sauce Username was not...
[ERROR]   DesktopTests.setUp:73 » SauceEnvironmentVariablesNotSet Sauce Username was not...
[ERROR]   DesktopTests.setUp:73 » SauceEnvironmentVariablesNotSet Sauce Username was not...
[ERROR]   DesktopTests.setUp:73 » SauceEnvironmentVariablesNotSet Sauce Username was not...
[ERROR]   DesktopTests.setUp:73 » SauceEnvironmentVariablesNotSet Sauce Username was not...
[ERROR]   DesktopTests.setUp:73 » SauceEnvironmentVariablesNotSet Sauce Username was not...
[ERROR]   DesktopTests.setUp:73 » SauceEnvironmentVariablesNotSet Sauce Username was not...
[ERROR]   DesktopTests.setUp:73 » SauceEnvironmentVariablesNotSet Sauce Username was not...
[ERROR]   DesktopTests.setUp:73 » SauceEnvironmentVariablesNotSet Sauce Username was not...
[ERROR]   DesktopTests.setUp:73 » SauceEnvironmentVariablesNotSet Sauce Username was not...
[ERROR]   DesktopTests.setUp:73 » SauceEnvironmentVariablesNotSet Sauce Username was not...
[ERROR]   DesktopTests.setUp:73 » SauceEnvironmentVariablesNotSet Sauce Username was not...
[ERROR]   DesktopTests.setUp:73 » SauceEnvironmentVariablesNotSet Sauce Username was not...
[ERROR]   DesktopTests.setUp:73 » SauceEnvironmentVariablesNotSet Sauce Username was not...
[ERROR]   DesktopTests.setUp:73 » SauceEnvironmentVariablesNotSet Sauce Username was not...
[ERROR]   DesktopTests.setUp:73 » SauceEnvironmentVariablesNotSet Sauce Username was not...
[ERROR]   DesktopTests.setUp:73 » SauceEnvironmentVariablesNotSet Sauce Username was not...
[ERROR]   DesktopTests.setUp:73 » SauceEnvironmentVariablesNotSet Sauce Username was not...
[ERROR]   DesktopTests.setUp:73 » SauceEnvironmentVariablesNotSet Sauce Username was not...
[ERROR]   DesktopTests.setUp:73 » SauceEnvironmentVariablesNotSet Sauce Username was not...
[ERROR]   DesktopTests.setUp:73 » SauceEnvironmentVariablesNotSet Sauce Username was not...
[ERROR]   DesktopTests.setUp:73 » SauceEnvironmentVariablesNotSet Sauce Username was not...
[ERROR]   DesktopTests.setUp:73 » SauceEnvironmentVariablesNotSet Sauce Username was not...
[ERROR]   DesktopTests.setUp:73 » SauceEnvironmentVariablesNotSet Sauce Username was not...
[ERROR]   DesktopTests.setUp:73 » SauceEnvironmentVariablesNotSet Sauce Username was not...
[ERROR]   DesktopTests.setUp:73 » SauceEnvironmentVariablesNotSet Sauce Username was not...
[ERROR]   DesktopTests.setUp:73 » SauceEnvironmentVariablesNotSet Sauce Username was not...
[ERROR]   DesktopTests.setUp:73 » SauceEnvironmentVariablesNotSet Sauce Username was not...
[ERROR]   DesktopTests.setUp:73 » SauceEnvironmentVariablesNotSet Sauce Username was not...
[ERROR]   DesktopTests.setUp:73 » SauceEnvironmentVariablesNotSet Sauce Username was not...
[ERROR]   DesktopTests.setUp:73 » SauceEnvironmentVariablesNotSet Sauce Username was not...
[ERROR]   DesktopTests.setUp:73 » SauceEnvironmentVariablesNotSet Sauce Username was not...
[ERROR]   DesktopTests.setUp:73 » SauceEnvironmentVariablesNotSet Sauce Username was not...
[ERROR]   DesktopTests.setUp:73 » SauceEnvironmentVariablesNotSet Sauce Username was not...
[ERROR]   DesktopTests.setUp:73 » SauceEnvironmentVariablesNotSet Sauce Username was not...
[ERROR]   DesktopTests.setUp:73 » SauceEnvironmentVariablesNotSet Sauce Username was not...
[ERROR]   DesktopTests.setUp:73 » SauceEnvironmentVariablesNotSet Sauce Username was not...
[ERROR]   DesktopTests.setUp:73 » SauceEnvironmentVariablesNotSet Sauce Username was not...
[ERROR]   DesktopTests.setUp:73 » SauceEnvironmentVariablesNotSet Sauce Username was not...
[ERROR]   DesktopTests.setUp:73 » SauceEnvironmentVariablesNotSet Sauce Username was not...
[ERROR]   DesktopTests.setUp:73 » SauceEnvironmentVariablesNotSet Sauce Username was not...
[ERROR]   DesktopTests.setUp:73 » SauceEnvironmentVariablesNotSet Sauce Username was not...
[ERROR]   DesktopTests.setUp:73 » SauceEnvironmentVariablesNotSet Sauce Username was not...
[ERROR]   DesktopTests.setUp:73 » SauceEnvironmentVariablesNotSet Sauce Username was not...
[ERROR]   EmusimWebAppTests.setUp:73 » WebDriver Unable to parse remote response: Miscon...
[ERROR]   EmusimWebAppTests.setUp:73 » WebDriver Unable to parse remote response: Miscon...
[ERROR]   EmusimWebAppTests.setUp:73 » WebDriver Unable to parse remote response: Miscon...
[ERROR]   EmusimWebAppTests.setUp:73 » WebDriver Unable to parse remote response: Miscon...
[ERROR]   EmusimWebAppTests.setUp:73 » WebDriver Unable to parse remote response: Miscon...
[ERROR]   EmusimWebAppTests.setUp:73 » WebDriver Unable to parse remote response: Miscon...
[ERROR]   EmusimWebAppTests.setUp:73 » WebDriver Unable to parse remote response: Miscon...
[ERROR]   EmusimWebAppTests.setUp:73 » WebDriver Unable to parse remote response: Miscon...
[ERROR]   EmusimWebAppTests.setUp:73 » WebDriver Unable to parse remote response: Miscon...
[ERROR]   EmusimWebAppTests.setUp:73 » WebDriver Unable to parse remote response: Miscon...
[ERROR]   EmusimWebAppTests.setUp:73 » WebDriver Unable to parse remote response: Miscon...
[ERROR]   EmusimWebAppTests.setUp:73 » WebDriver Unable to parse remote response: Miscon...
[ERROR]   EmusimWebAppTests.setUp:73 » WebDriver Unable to parse remote response: Miscon...
[ERROR]   EmusimWebAppTests.setUp:73 » WebDriver Unable to parse remote response: Miscon...
[ERROR]   EmusimWebAppTests.setUp:73 » WebDriver Unable to parse remote response: Miscon...
[ERROR]   EmusimWebAppTests.setUp:73 » WebDriver Unable to parse remote response: Miscon...
[ERROR]   EmusimWebAppTests.setUp:73 » WebDriver Unable to parse remote response: Miscon...
[ERROR]   EmusimWebAppTests.setUp:73 » WebDriver Unable to parse remote response: Miscon...
[ERROR]   EmusimWebAppTests.setUp:73 » WebDriver Unable to parse remote response: Miscon...
[ERROR]   EmusimWebAppTests.setUp:73 » WebDriver Unable to parse remote response: Miscon...
[ERROR]   EmusimWebAppTests.setUp:73 » WebDriver Unable to parse remote response: Miscon...
[ERROR]   EmusimWebAppTests.setUp:73 » WebDriver Unable to parse remote response: Miscon...
[ERROR]   EmusimWebAppTests.setUp:73 » WebDriver Unable to parse remote response: Miscon...
[ERROR]   EmusimWebAppTests.setUp:73 » WebDriver Unable to parse remote response: Miscon...
[ERROR]   EmusimWebAppTests.setUp:73 » WebDriver Unable to parse remote response: Miscon...
[ERROR]   EmusimWebAppTests.setUp:73 » WebDriver Unable to parse remote response: Miscon...
[ERROR]   EmusimWebAppTests.setUp:73 » WebDriver Unable to parse remote response: Miscon...
[ERROR]   EmusimWebAppTests.setUp:73 » WebDriver Unable to parse remote response: Miscon...
[ERROR]   EmusimWebAppTests.setUp:73 » WebDriver Unable to parse remote response: Miscon...
[ERROR]   EmusimWebAppTests.setUp:73 » WebDriver Unable to parse remote response: Miscon...
[ERROR]   EmusimWebAppTests.setUp:73 » WebDriver Unable to parse remote response: Miscon...
[ERROR]   EmusimWebAppTests.setUp:73 » WebDriver Unable to parse remote response: Miscon...
[ERROR]   EmusimWebAppTests.setUp:73 » WebDriver Unable to parse remote response: Miscon...
[ERROR]   EmusimWebAppTests.setUp:73 » WebDriver Unable to parse remote response: Miscon...
[ERROR]   EmusimWebAppTests.setUp:73 » WebDriver Unable to parse remote response: Miscon...
[ERROR]   EmusimWebAppTests.setUp:73 » WebDriver Unable to parse remote response: Miscon...
[ERROR] com.saucedemo.tests.PerformanceTests.performanceDidntDegrade
[ERROR]   Run 1: PerformanceTests.performanceDidntDegrade:38 » SauceEnvironmentVariablesNotSet ...
[ERROR]   Run 2: PerformanceTests.tearDown:26 » NullPointer
[INFO] 
[ERROR]   RealDeviceWebTests.setUp:62 » SessionNotCreated Unable to create a new remote ...
[ERROR]   RealDeviceWebTests.setUp:62 » SessionNotCreated Unable to create a new remote ...
[ERROR]   RealDeviceWebTests.setUp:62 » SessionNotCreated Unable to create a new remote ...
[ERROR]   RealDeviceWebTests.setUp:62 » SessionNotCreated Unable to create a new remote ...
[ERROR]   RealDeviceWebTests.setUp:62 » SessionNotCreated Unable to create a new remote ...
[ERROR]   RealDeviceWebTests.setUp:62 » SessionNotCreated Unable to create a new remote ...
[ERROR]   RealDeviceWebTests.setUp:62 » SessionNotCreated Unable to create a new remote ...
[ERROR]   RealDeviceWebTests.setUp:62 » SessionNotCreated Unable to create a new remote ...
[ERROR]   RealDeviceWebTests.setUp:62 » SessionNotCreated Unable to create a new remote ...
[ERROR]   RealDeviceWebTests.setUp:62 » SessionNotCreated Unable to create a new remote ...
[ERROR]   RealDeviceWebTests.setUp:62 » SessionNotCreated Unable to create a new remote ...
[ERROR]   RealDeviceWebTests.setUp:62 » SessionNotCreated Unable to create a new remote ...
[ERROR]   RealDeviceWebTests.setUp:62 » SessionNotCreated Unable to create a new remote ...
[ERROR]   RealDeviceWebTests.setUp:62 » SessionNotCreated Unable to create a new remote ...
[ERROR]   RealDeviceWebTests.setUp:62 » SessionNotCreated Unable to create a new remote ...
[ERROR] com.saucedemo.tests.VisualCrossPlatformTests.visualFlow[Galaxy Note 10+]
[ERROR]   Run 1: VisualCrossPlatformTests.setUp:71 » WebDriver Capabilities error: child "sauce...
[ERROR]   Run 2: VisualCrossPlatformTests.afterEach:76 NullPointer
[INFO] 
[ERROR] com.saucedemo.tests.VisualCrossPlatformTests.visualFlow[Pixel XL]
[ERROR]   Run 1: VisualCrossPlatformTests.setUp:71 » WebDriver Capabilities error: child "sauce...
[ERROR]   Run 2: VisualCrossPlatformTests.afterEach:76 NullPointer
[INFO] 
[ERROR] com.saucedemo.tests.VisualCrossPlatformTests.visualFlow[iPhone X]
[ERROR]   Run 1: VisualCrossPlatformTests.setUp:71 » WebDriver Capabilities error: child "sauce...
[ERROR]   Run 2: VisualCrossPlatformTests.afterEach:76 NullPointer
[INFO] 
[INFO] 
[ERROR] Tests run: 127, Failures: 0, Errors: 127, Skipped: 0
[INFO] 
[INFO] ------------------------------------------------------------------------
[INFO] Reactor Summary for demo-java 1.0-SNAPSHOT:
[INFO] 
[INFO] demo-java .......................................... SUCCESS [  0.085 s]
[INFO] best-practice ...................................... FAILURE [  6.636 s]
[INFO] common resources ................................... SKIPPED
[INFO] appium-examples .................................... SKIPPED
[INFO] w3c-examples-example ............................... SKIPPED
[INFO] w3c-examples-testng ................................ SKIPPED
[INFO] appium-junit4-cucumber-examples .................... SKIPPED
[INFO] selenium-testng-best-practice ...................... SKIPPED
[INFO] selenium-testng-examples ........................... SKIPPED
[INFO] selenium-junit4-examples ........................... SKIPPED
[INFO] selenium-examples .................................. SKIPPED
[INFO] selenium-cucumber-examples ......................... SKIPPED
[INFO] ------------------------------------------------------------------------
[INFO] BUILD FAILURE
[INFO] ------------------------------------------------------------------------
[INFO] Total time:  6.802 s
[INFO] Finished at: 2023-01-18T10:22:38Z
[INFO] ------------------------------------------------------------------------
[ERROR] Failed to execute goal org.apache.maven.plugins:maven-surefire-plugin:3.0.0-M4:test (default-test) on project best-practice: There are test failures.
[ERROR] 
[ERROR] Please refer to /home/gabsko/breaking-updates/best-practice/target/surefire-reports for the individual test results.
[ERROR] Please refer to dump files (if any exist) [date].dump, [date]-jvmRun[N].dump and [date].dumpstream.
[ERROR] -> [Help 1]
[ERROR] 
[ERROR] To see the full stack trace of the errors, re-run Maven with the -e switch.
[ERROR] Re-run Maven using the -X switch to enable full debug logging.
[ERROR] 
[ERROR] For more information about the errors and possible solutions, please read the following articles:
[ERROR] [Help 1] http://cwiki.apache.org/confluence/display/MAVEN/MojoFailureException
[ERROR] 
[ERROR] After correcting the problems, you can resume the build with the command
[ERROR]   mvn <args> -rf :best-practice
