[INFO] Scanning for projects...
[INFO] ------------------------------------------------------------------------
[INFO] Reactor Build Order:
[INFO] 
[INFO] demo-java                                                          [pom]
[INFO] best-practice                                                      [jar]
[INFO] appium-examples                                                    [jar]
[INFO] appium-junit4-cucumber-examples                                    [jar]
[INFO] selenium-cucumber-examples                                         [jar]
[INFO] selenium-examples                                                  [jar]
[INFO] selenium-junit4-examples                                           [jar]
[INFO] selenium-testng-examples                                           [jar]
[INFO] 
[INFO] ----------------------< com.saucelabs:demo-java >-----------------------
[INFO] Building demo-java 1.0-SNAPSHOT                                    [1/8]
[INFO] --------------------------------[ pom ]---------------------------------
[INFO] 
[INFO] --- maven-clean-plugin:2.5:clean (default-clean) @ demo-java ---
[INFO] 
[INFO] --------------------< com.saucelabs:best-practice >---------------------
[INFO] Building best-practice 1.0-SNAPSHOT                                [2/8]
[INFO] --------------------------------[ jar ]---------------------------------
[INFO] Downloading from central: https://repo.maven.apache.org/maven2/com/saucelabs/saucebindings-junit4/1.0.1/saucebindings-junit4-1.0.1.jar
[INFO] Downloaded from central: https://repo.maven.apache.org/maven2/com/saucelabs/saucebindings-junit4/1.0.1/saucebindings-junit4-1.0.1.jar (5.6 kB at 14 kB/s)
[INFO] 
[INFO] --- maven-clean-plugin:2.5:clean (default-clean) @ best-practice ---
[INFO] 
[INFO] --- maven-resources-plugin:2.6:resources (default-resources) @ best-practice ---
[WARNING] Using platform encoding (UTF-8 actually) to copy filtered resources, i.e. build is platform dependent!
[INFO] skip non existing resourceDirectory /home/gabsko/breaking-updates/best-practice/src/main/resources
[INFO] 
[INFO] --- maven-compiler-plugin:3.0:compile (default-compile) @ best-practice ---
[INFO] No sources to compile
[INFO] 
[INFO] --- maven-resources-plugin:2.6:testResources (default-testResources) @ best-practice ---
[WARNING] Using platform encoding (UTF-8 actually) to copy filtered resources, i.e. build is platform dependent!
[INFO] skip non existing resourceDirectory /home/gabsko/breaking-updates/best-practice/src/test/resources
[INFO] 
[INFO] --- maven-compiler-plugin:3.0:testCompile (default-testCompile) @ best-practice ---
[INFO] Changes detected - recompiling the module!
[WARNING] File encoding has not been set, using platform encoding UTF-8, i.e. build is platform dependent!
[INFO] Compiling 13 source files to /home/gabsko/breaking-updates/best-practice/target/test-classes
[INFO] 
[INFO] --- maven-surefire-plugin:3.0.0-M5:test (default-test) @ best-practice ---
[INFO] 
[INFO] -------------------------------------------------------
[INFO]  T E S T S
[INFO] -------------------------------------------------------
[INFO] Running com.saucedemo.tests.RealDeviceWebTests
Jan 18, 2023 10:22:51 AM org.openqa.selenium.remote.ErrorCodes toStatus
INFO: HTTP Status: '401' -> incorrect JSON status mapping for 'unknown error' (500 expected)
Jan 18, 2023 10:22:51 AM org.openqa.selenium.remote.ErrorCodes toStatus
INFO: HTTP Status: '401' -> incorrect JSON status mapping for 'unknown error' (500 expected)
Jan 18, 2023 10:22:51 AM org.openqa.selenium.remote.ErrorCodes toStatus
INFO: HTTP Status: '401' -> incorrect JSON status mapping for 'unknown error' (500 expected)
Jan 18, 2023 10:22:51 AM org.openqa.selenium.remote.ErrorCodes toStatus
INFO: HTTP Status: '401' -> incorrect JSON status mapping for 'unknown error' (500 expected)
Jan 18, 2023 10:22:51 AM org.openqa.selenium.remote.ErrorCodes toStatus
INFO: HTTP Status: '401' -> incorrect JSON status mapping for 'unknown error' (500 expected)
Jan 18, 2023 10:22:51 AM org.openqa.selenium.remote.ErrorCodes toStatus
INFO: HTTP Status: '401' -> incorrect JSON status mapping for 'unknown error' (500 expected)
Jan 18, 2023 10:22:51 AM org.openqa.selenium.remote.ErrorCodes toStatus
INFO: HTTP Status: '401' -> incorrect JSON status mapping for 'unknown error' (500 expected)
Jan 18, 2023 10:22:51 AM org.openqa.selenium.remote.ErrorCodes toStatus
INFO: HTTP Status: '401' -> incorrect JSON status mapping for 'unknown error' (500 expected)
Jan 18, 2023 10:22:51 AM org.openqa.selenium.remote.ErrorCodes toStatus
INFO: HTTP Status: '401' -> incorrect JSON status mapping for 'unknown error' (500 expected)
Jan 18, 2023 10:22:51 AM org.openqa.selenium.remote.ErrorCodes toStatus
INFO: HTTP Status: '401' -> incorrect JSON status mapping for 'unknown error' (500 expected)
Jan 18, 2023 10:22:51 AM org.openqa.selenium.remote.ErrorCodes toStatus
INFO: HTTP Status: '401' -> incorrect JSON status mapping for 'unknown error' (500 expected)
Jan 18, 2023 10:22:51 AM org.openqa.selenium.remote.ErrorCodes toStatus
INFO: HTTP Status: '401' -> incorrect JSON status mapping for 'unknown error' (500 expected)
Jan 18, 2023 10:22:51 AM org.openqa.selenium.remote.ErrorCodes toStatus
INFO: HTTP Status: '401' -> incorrect JSON status mapping for 'unknown error' (500 expected)
Jan 18, 2023 10:22:51 AM org.openqa.selenium.remote.ErrorCodes toStatus
INFO: HTTP Status: '401' -> incorrect JSON status mapping for 'unknown error' (500 expected)
Jan 18, 2023 10:22:51 AM org.openqa.selenium.remote.ErrorCodes toStatus
INFO: HTTP Status: '401' -> incorrect JSON status mapping for 'unknown error' (500 expected)
[ERROR] Tests run: 15, Failures: 0, Errors: 15, Skipped: 0, Time elapsed: 1.988 s <<< FAILURE! - in com.saucedemo.tests.RealDeviceWebTests
[ERROR] com.saucedemo.tests.RealDeviceWebTests.invalidCredentials[1]  Time elapsed: 1.988 s  <<< ERROR!
org.openqa.selenium.SessionNotCreatedException: 
Unable to create a new remote session. Please check the server log for more details. Original error: failed serving request POST /wd/hub/session: Unauthorized
Build info: version: '3.141.59', revision: 'e82be7d358', time: '2018-11-14T08:17:03'
System info: host: 'repairnator', ip: '127.0.1.1', os.name: 'Linux', os.arch: 'amd64', os.version: '5.4.0-113-generic', java.version: '11.0.17'
Driver info: driver.version: IOSDriver
remote stacktrace: 
Build info: version: '3.141.59', revision: 'e82be7d358', time: '2018-11-14T08:17:03'
System info: host: 'repairnator', ip: '127.0.1.1', os.name: 'Linux', os.arch: 'amd64', os.version: '5.4.0-113-generic', java.version: '11.0.17'
Driver info: driver.version: IOSDriver
	at com.saucedemo.tests.RealDeviceWebTests.setUp(RealDeviceWebTests.java:58)
Caused by: java.lang.reflect.InvocationTargetException
	at com.saucedemo.tests.RealDeviceWebTests.setUp(RealDeviceWebTests.java:58)
Caused by: org.openqa.selenium.WebDriverException: 
failed serving request POST /wd/hub/session: Unauthorized
Build info: version: '3.141.59', revision: 'e82be7d358', time: '2018-11-14T08:17:03'
System info: host: 'repairnator', ip: '127.0.1.1', os.name: 'Linux', os.arch: 'amd64', os.version: '5.4.0-113-generic', java.version: '11.0.17'
Driver info: driver.version: IOSDriver
remote stacktrace: 
	at com.saucedemo.tests.RealDeviceWebTests.setUp(RealDeviceWebTests.java:58)

[ERROR] com.saucedemo.tests.RealDeviceWebTests.invalidCredentials[3]  Time elapsed: 1.983 s  <<< ERROR!
org.openqa.selenium.SessionNotCreatedException: 
Unable to create a new remote session. Please check the server log for more details. Original error: failed serving request POST /wd/hub/session: Unauthorized
Build info: version: '3.141.59', revision: 'e82be7d358', time: '2018-11-14T08:17:03'
System info: host: 'repairnator', ip: '127.0.1.1', os.name: 'Linux', os.arch: 'amd64', os.version: '5.4.0-113-generic', java.version: '11.0.17'
Driver info: driver.version: IOSDriver
remote stacktrace: 
Build info: version: '3.141.59', revision: 'e82be7d358', time: '2018-11-14T08:17:03'
System info: host: 'repairnator', ip: '127.0.1.1', os.name: 'Linux', os.arch: 'amd64', os.version: '5.4.0-113-generic', java.version: '11.0.17'
Driver info: driver.version: IOSDriver
	at com.saucedemo.tests.RealDeviceWebTests.setUp(RealDeviceWebTests.java:58)
Caused by: java.lang.reflect.InvocationTargetException
	at com.saucedemo.tests.RealDeviceWebTests.setUp(RealDeviceWebTests.java:58)
Caused by: org.openqa.selenium.WebDriverException: 
failed serving request POST /wd/hub/session: Unauthorized
Build info: version: '3.141.59', revision: 'e82be7d358', time: '2018-11-14T08:17:03'
System info: host: 'repairnator', ip: '127.0.1.1', os.name: 'Linux', os.arch: 'amd64', os.version: '5.4.0-113-generic', java.version: '11.0.17'
Driver info: driver.version: IOSDriver
remote stacktrace: 
	at com.saucedemo.tests.RealDeviceWebTests.setUp(RealDeviceWebTests.java:58)

[ERROR] com.saucedemo.tests.RealDeviceWebTests.invalidCredentials[4]  Time elapsed: 1.988 s  <<< ERROR!
org.openqa.selenium.SessionNotCreatedException: 
Unable to create a new remote session. Please check the server log for more details. Original error: failed serving request POST /wd/hub/session: Unauthorized
Build info: version: '3.141.59', revision: 'e82be7d358', time: '2018-11-14T08:17:03'
System info: host: 'repairnator', ip: '127.0.1.1', os.name: 'Linux', os.arch: 'amd64', os.version: '5.4.0-113-generic', java.version: '11.0.17'
Driver info: driver.version: IOSDriver
remote stacktrace: 
Build info: version: '3.141.59', revision: 'e82be7d358', time: '2018-11-14T08:17:03'
System info: host: 'repairnator', ip: '127.0.1.1', os.name: 'Linux', os.arch: 'amd64', os.version: '5.4.0-113-generic', java.version: '11.0.17'
Driver info: driver.version: IOSDriver
	at com.saucedemo.tests.RealDeviceWebTests.setUp(RealDeviceWebTests.java:58)
Caused by: java.lang.reflect.InvocationTargetException
	at com.saucedemo.tests.RealDeviceWebTests.setUp(RealDeviceWebTests.java:58)
Caused by: org.openqa.selenium.WebDriverException: 
failed serving request POST /wd/hub/session: Unauthorized
Build info: version: '3.141.59', revision: 'e82be7d358', time: '2018-11-14T08:17:03'
System info: host: 'repairnator', ip: '127.0.1.1', os.name: 'Linux', os.arch: 'amd64', os.version: '5.4.0-113-generic', java.version: '11.0.17'
Driver info: driver.version: IOSDriver
remote stacktrace: 
	at com.saucedemo.tests.RealDeviceWebTests.setUp(RealDeviceWebTests.java:58)

[ERROR] com.saucedemo.tests.RealDeviceWebTests.invalidCredentials[2]  Time elapsed: 1.984 s  <<< ERROR!
org.openqa.selenium.SessionNotCreatedException: 
Unable to create a new remote session. Please check the server log for more details. Original error: failed serving request POST /wd/hub/session: Unauthorized
Build info: version: '3.141.59', revision: 'e82be7d358', time: '2018-11-14T08:17:03'
System info: host: 'repairnator', ip: '127.0.1.1', os.name: 'Linux', os.arch: 'amd64', os.version: '5.4.0-113-generic', java.version: '11.0.17'
Driver info: driver.version: IOSDriver
remote stacktrace: 
Build info: version: '3.141.59', revision: 'e82be7d358', time: '2018-11-14T08:17:03'
System info: host: 'repairnator', ip: '127.0.1.1', os.name: 'Linux', os.arch: 'amd64', os.version: '5.4.0-113-generic', java.version: '11.0.17'
Driver info: driver.version: IOSDriver
	at com.saucedemo.tests.RealDeviceWebTests.setUp(RealDeviceWebTests.java:58)
Caused by: java.lang.reflect.InvocationTargetException
	at com.saucedemo.tests.RealDeviceWebTests.setUp(RealDeviceWebTests.java:58)
Caused by: org.openqa.selenium.WebDriverException: 
failed serving request POST /wd/hub/session: Unauthorized
Build info: version: '3.141.59', revision: 'e82be7d358', time: '2018-11-14T08:17:03'
System info: host: 'repairnator', ip: '127.0.1.1', os.name: 'Linux', os.arch: 'amd64', os.version: '5.4.0-113-generic', java.version: '11.0.17'
Driver info: driver.version: IOSDriver
remote stacktrace: 
	at com.saucedemo.tests.RealDeviceWebTests.setUp(RealDeviceWebTests.java:58)

[ERROR] com.saucedemo.tests.RealDeviceWebTests.lockedOutUser[4]  Time elapsed: 1.985 s  <<< ERROR!
org.openqa.selenium.SessionNotCreatedException: 
Unable to create a new remote session. Please check the server log for more details. Original error: failed serving request POST /wd/hub/session: Unauthorized
Build info: version: '3.141.59', revision: 'e82be7d358', time: '2018-11-14T08:17:03'
System info: host: 'repairnator', ip: '127.0.1.1', os.name: 'Linux', os.arch: 'amd64', os.version: '5.4.0-113-generic', java.version: '11.0.17'
Driver info: driver.version: IOSDriver
remote stacktrace: 
Build info: version: '3.141.59', revision: 'e82be7d358', time: '2018-11-14T08:17:03'
System info: host: 'repairnator', ip: '127.0.1.1', os.name: 'Linux', os.arch: 'amd64', os.version: '5.4.0-113-generic', java.version: '11.0.17'
Driver info: driver.version: IOSDriver
	at com.saucedemo.tests.RealDeviceWebTests.setUp(RealDeviceWebTests.java:58)
Caused by: java.lang.reflect.InvocationTargetException
	at com.saucedemo.tests.RealDeviceWebTests.setUp(RealDeviceWebTests.java:58)
Caused by: org.openqa.selenium.WebDriverException: 
failed serving request POST /wd/hub/session: Unauthorized
Build info: version: '3.141.59', revision: 'e82be7d358', time: '2018-11-14T08:17:03'
System info: host: 'repairnator', ip: '127.0.1.1', os.name: 'Linux', os.arch: 'amd64', os.version: '5.4.0-113-generic', java.version: '11.0.17'
Driver info: driver.version: IOSDriver
remote stacktrace: 
	at com.saucedemo.tests.RealDeviceWebTests.setUp(RealDeviceWebTests.java:58)

[ERROR] com.saucedemo.tests.RealDeviceWebTests.lockedOutUser[3]  Time elapsed: 1.983 s  <<< ERROR!
org.openqa.selenium.SessionNotCreatedException: 
Unable to create a new remote session. Please check the server log for more details. Original error: failed serving request POST /wd/hub/session: Unauthorized
Build info: version: '3.141.59', revision: 'e82be7d358', time: '2018-11-14T08:17:03'
System info: host: 'repairnator', ip: '127.0.1.1', os.name: 'Linux', os.arch: 'amd64', os.version: '5.4.0-113-generic', java.version: '11.0.17'
Driver info: driver.version: IOSDriver
remote stacktrace: 
Build info: version: '3.141.59', revision: 'e82be7d358', time: '2018-11-14T08:17:03'
System info: host: 'repairnator', ip: '127.0.1.1', os.name: 'Linux', os.arch: 'amd64', os.version: '5.4.0-113-generic', java.version: '11.0.17'
Driver info: driver.version: IOSDriver
	at com.saucedemo.tests.RealDeviceWebTests.setUp(RealDeviceWebTests.java:58)
Caused by: java.lang.reflect.InvocationTargetException
	at com.saucedemo.tests.RealDeviceWebTests.setUp(RealDeviceWebTests.java:58)
Caused by: org.openqa.selenium.WebDriverException: 
failed serving request POST /wd/hub/session: Unauthorized
Build info: version: '3.141.59', revision: 'e82be7d358', time: '2018-11-14T08:17:03'
System info: host: 'repairnator', ip: '127.0.1.1', os.name: 'Linux', os.arch: 'amd64', os.version: '5.4.0-113-generic', java.version: '11.0.17'
Driver info: driver.version: IOSDriver
remote stacktrace: 
	at com.saucedemo.tests.RealDeviceWebTests.setUp(RealDeviceWebTests.java:58)

[ERROR] com.saucedemo.tests.RealDeviceWebTests.lockedOutUser[1]  Time elapsed: 1.984 s  <<< ERROR!
org.openqa.selenium.SessionNotCreatedException: 
Unable to create a new remote session. Please check the server log for more details. Original error: failed serving request POST /wd/hub/session: Unauthorized
Build info: version: '3.141.59', revision: 'e82be7d358', time: '2018-11-14T08:17:03'
System info: host: 'repairnator', ip: '127.0.1.1', os.name: 'Linux', os.arch: 'amd64', os.version: '5.4.0-113-generic', java.version: '11.0.17'
Driver info: driver.version: IOSDriver
remote stacktrace: 
Build info: version: '3.141.59', revision: 'e82be7d358', time: '2018-11-14T08:17:03'
System info: host: 'repairnator', ip: '127.0.1.1', os.name: 'Linux', os.arch: 'amd64', os.version: '5.4.0-113-generic', java.version: '11.0.17'
Driver info: driver.version: IOSDriver
	at com.saucedemo.tests.RealDeviceWebTests.setUp(RealDeviceWebTests.java:58)
Caused by: java.lang.reflect.InvocationTargetException
	at com.saucedemo.tests.RealDeviceWebTests.setUp(RealDeviceWebTests.java:58)
Caused by: org.openqa.selenium.WebDriverException: 
failed serving request POST /wd/hub/session: Unauthorized
Build info: version: '3.141.59', revision: 'e82be7d358', time: '2018-11-14T08:17:03'
System info: host: 'repairnator', ip: '127.0.1.1', os.name: 'Linux', os.arch: 'amd64', os.version: '5.4.0-113-generic', java.version: '11.0.17'
Driver info: driver.version: IOSDriver
remote stacktrace: 
	at com.saucedemo.tests.RealDeviceWebTests.setUp(RealDeviceWebTests.java:58)

[ERROR] com.saucedemo.tests.RealDeviceWebTests.loginWorks[1]  Time elapsed: 1.986 s  <<< ERROR!
org.openqa.selenium.SessionNotCreatedException: 
Unable to create a new remote session. Please check the server log for more details. Original error: failed serving request POST /wd/hub/session: Unauthorized
Build info: version: '3.141.59', revision: 'e82be7d358', time: '2018-11-14T08:17:03'
System info: host: 'repairnator', ip: '127.0.1.1', os.name: 'Linux', os.arch: 'amd64', os.version: '5.4.0-113-generic', java.version: '11.0.17'
Driver info: driver.version: IOSDriver
remote stacktrace: 
Build info: version: '3.141.59', revision: 'e82be7d358', time: '2018-11-14T08:17:03'
System info: host: 'repairnator', ip: '127.0.1.1', os.name: 'Linux', os.arch: 'amd64', os.version: '5.4.0-113-generic', java.version: '11.0.17'
Driver info: driver.version: IOSDriver
	at com.saucedemo.tests.RealDeviceWebTests.setUp(RealDeviceWebTests.java:58)
Caused by: java.lang.reflect.InvocationTargetException
	at com.saucedemo.tests.RealDeviceWebTests.setUp(RealDeviceWebTests.java:58)
Caused by: org.openqa.selenium.WebDriverException: 
failed serving request POST /wd/hub/session: Unauthorized
Build info: version: '3.141.59', revision: 'e82be7d358', time: '2018-11-14T08:17:03'
System info: host: 'repairnator', ip: '127.0.1.1', os.name: 'Linux', os.arch: 'amd64', os.version: '5.4.0-113-generic', java.version: '11.0.17'
Driver info: driver.version: IOSDriver
remote stacktrace: 
	at com.saucedemo.tests.RealDeviceWebTests.setUp(RealDeviceWebTests.java:58)

[ERROR] com.saucedemo.tests.RealDeviceWebTests.loginWorks[3]  Time elapsed: 1.981 s  <<< ERROR!
org.openqa.selenium.SessionNotCreatedException: 
Unable to create a new remote session. Please check the server log for more details. Original error: failed serving request POST /wd/hub/session: Unauthorized
Build info: version: '3.141.59', revision: 'e82be7d358', time: '2018-11-14T08:17:03'
System info: host: 'repairnator', ip: '127.0.1.1', os.name: 'Linux', os.arch: 'amd64', os.version: '5.4.0-113-generic', java.version: '11.0.17'
Driver info: driver.version: IOSDriver
remote stacktrace: 
Build info: version: '3.141.59', revision: 'e82be7d358', time: '2018-11-14T08:17:03'
System info: host: 'repairnator', ip: '127.0.1.1', os.name: 'Linux', os.arch: 'amd64', os.version: '5.4.0-113-generic', java.version: '11.0.17'
Driver info: driver.version: IOSDriver
	at com.saucedemo.tests.RealDeviceWebTests.setUp(RealDeviceWebTests.java:58)
Caused by: java.lang.reflect.InvocationTargetException
	at com.saucedemo.tests.RealDeviceWebTests.setUp(RealDeviceWebTests.java:58)
Caused by: org.openqa.selenium.WebDriverException: 
failed serving request POST /wd/hub/session: Unauthorized
Build info: version: '3.141.59', revision: 'e82be7d358', time: '2018-11-14T08:17:03'
System info: host: 'repairnator', ip: '127.0.1.1', os.name: 'Linux', os.arch: 'amd64', os.version: '5.4.0-113-generic', java.version: '11.0.17'
Driver info: driver.version: IOSDriver
remote stacktrace: 
	at com.saucedemo.tests.RealDeviceWebTests.setUp(RealDeviceWebTests.java:58)

[ERROR] com.saucedemo.tests.RealDeviceWebTests.loginWorks[4]  Time elapsed: 1.984 s  <<< ERROR!
org.openqa.selenium.SessionNotCreatedException: 
Unable to create a new remote session. Please check the server log for more details. Original error: failed serving request POST /wd/hub/session: Unauthorized
Build info: version: '3.141.59', revision: 'e82be7d358', time: '2018-11-14T08:17:03'
System info: host: 'repairnator', ip: '127.0.1.1', os.name: 'Linux', os.arch: 'amd64', os.version: '5.4.0-113-generic', java.version: '11.0.17'
Driver info: driver.version: IOSDriver
remote stacktrace: 
Build info: version: '3.141.59', revision: 'e82be7d358', time: '2018-11-14T08:17:03'
System info: host: 'repairnator', ip: '127.0.1.1', os.name: 'Linux', os.arch: 'amd64', os.version: '5.4.0-113-generic', java.version: '11.0.17'
Driver info: driver.version: IOSDriver
	at com.saucedemo.tests.RealDeviceWebTests.setUp(RealDeviceWebTests.java:58)
Caused by: java.lang.reflect.InvocationTargetException
	at com.saucedemo.tests.RealDeviceWebTests.setUp(RealDeviceWebTests.java:58)
Caused by: org.openqa.selenium.WebDriverException: 
failed serving request POST /wd/hub/session: Unauthorized
Build info: version: '3.141.59', revision: 'e82be7d358', time: '2018-11-14T08:17:03'
System info: host: 'repairnator', ip: '127.0.1.1', os.name: 'Linux', os.arch: 'amd64', os.version: '5.4.0-113-generic', java.version: '11.0.17'
Driver info: driver.version: IOSDriver
remote stacktrace: 
	at com.saucedemo.tests.RealDeviceWebTests.setUp(RealDeviceWebTests.java:58)

[ERROR] com.saucedemo.tests.RealDeviceWebTests.lockedOutUser[2]  Time elapsed: 1.98 s  <<< ERROR!
org.openqa.selenium.SessionNotCreatedException: 
Unable to create a new remote session. Please check the server log for more details. Original error: failed serving request POST /wd/hub/session: Unauthorized
Build info: version: '3.141.59', revision: 'e82be7d358', time: '2018-11-14T08:17:03'
System info: host: 'repairnator', ip: '127.0.1.1', os.name: 'Linux', os.arch: 'amd64', os.version: '5.4.0-113-generic', java.version: '11.0.17'
Driver info: driver.version: IOSDriver
remote stacktrace: 
Build info: version: '3.141.59', revision: 'e82be7d358', time: '2018-11-14T08:17:03'
System info: host: 'repairnator', ip: '127.0.1.1', os.name: 'Linux', os.arch: 'amd64', os.version: '5.4.0-113-generic', java.version: '11.0.17'
Driver info: driver.version: IOSDriver
	at com.saucedemo.tests.RealDeviceWebTests.setUp(RealDeviceWebTests.java:58)
Caused by: java.lang.reflect.InvocationTargetException
	at com.saucedemo.tests.RealDeviceWebTests.setUp(RealDeviceWebTests.java:58)
Caused by: org.openqa.selenium.WebDriverException: 
failed serving request POST /wd/hub/session: Unauthorized
Build info: version: '3.141.59', revision: 'e82be7d358', time: '2018-11-14T08:17:03'
System info: host: 'repairnator', ip: '127.0.1.1', os.name: 'Linux', os.arch: 'amd64', os.version: '5.4.0-113-generic', java.version: '11.0.17'
Driver info: driver.version: IOSDriver
remote stacktrace: 
	at com.saucedemo.tests.RealDeviceWebTests.setUp(RealDeviceWebTests.java:58)

[ERROR] com.saucedemo.tests.RealDeviceWebTests.loginWorks[2]  Time elapsed: 1.981 s  <<< ERROR!
org.openqa.selenium.SessionNotCreatedException: 
Unable to create a new remote session. Please check the server log for more details. Original error: failed serving request POST /wd/hub/session: Unauthorized
Build info: version: '3.141.59', revision: 'e82be7d358', time: '2018-11-14T08:17:03'
System info: host: 'repairnator', ip: '127.0.1.1', os.name: 'Linux', os.arch: 'amd64', os.version: '5.4.0-113-generic', java.version: '11.0.17'
Driver info: driver.version: IOSDriver
remote stacktrace: 
Build info: version: '3.141.59', revision: 'e82be7d358', time: '2018-11-14T08:17:03'
System info: host: 'repairnator', ip: '127.0.1.1', os.name: 'Linux', os.arch: 'amd64', os.version: '5.4.0-113-generic', java.version: '11.0.17'
Driver info: driver.version: IOSDriver
	at com.saucedemo.tests.RealDeviceWebTests.setUp(RealDeviceWebTests.java:58)
Caused by: java.lang.reflect.InvocationTargetException
	at com.saucedemo.tests.RealDeviceWebTests.setUp(RealDeviceWebTests.java:58)
Caused by: org.openqa.selenium.WebDriverException: 
failed serving request POST /wd/hub/session: Unauthorized
Build info: version: '3.141.59', revision: 'e82be7d358', time: '2018-11-14T08:17:03'
System info: host: 'repairnator', ip: '127.0.1.1', os.name: 'Linux', os.arch: 'amd64', os.version: '5.4.0-113-generic', java.version: '11.0.17'
Driver info: driver.version: IOSDriver
remote stacktrace: 
	at com.saucedemo.tests.RealDeviceWebTests.setUp(RealDeviceWebTests.java:58)

[ERROR] com.saucedemo.tests.RealDeviceWebTests.invalidCredentials[0]  Time elapsed: 1.969 s  <<< ERROR!
org.openqa.selenium.SessionNotCreatedException: 
Unable to create a new remote session. Please check the server log for more details. Original error: failed serving request POST /wd/hub/session: Unauthorized
Build info: version: '3.141.59', revision: 'e82be7d358', time: '2018-11-14T08:17:03'
System info: host: 'repairnator', ip: '127.0.1.1', os.name: 'Linux', os.arch: 'amd64', os.version: '5.4.0-113-generic', java.version: '11.0.17'
Driver info: driver.version: IOSDriver
remote stacktrace: 
Build info: version: '3.141.59', revision: 'e82be7d358', time: '2018-11-14T08:17:03'
System info: host: 'repairnator', ip: '127.0.1.1', os.name: 'Linux', os.arch: 'amd64', os.version: '5.4.0-113-generic', java.version: '11.0.17'
Driver info: driver.version: IOSDriver
	at com.saucedemo.tests.RealDeviceWebTests.setUp(RealDeviceWebTests.java:58)
Caused by: java.lang.reflect.InvocationTargetException
	at com.saucedemo.tests.RealDeviceWebTests.setUp(RealDeviceWebTests.java:58)
Caused by: org.openqa.selenium.WebDriverException: 
failed serving request POST /wd/hub/session: Unauthorized
Build info: version: '3.141.59', revision: 'e82be7d358', time: '2018-11-14T08:17:03'
System info: host: 'repairnator', ip: '127.0.1.1', os.name: 'Linux', os.arch: 'amd64', os.version: '5.4.0-113-generic', java.version: '11.0.17'
Driver info: driver.version: IOSDriver
remote stacktrace: 
	at com.saucedemo.tests.RealDeviceWebTests.setUp(RealDeviceWebTests.java:58)

[ERROR] com.saucedemo.tests.RealDeviceWebTests.lockedOutUser[0]  Time elapsed: 1.966 s  <<< ERROR!
org.openqa.selenium.SessionNotCreatedException: 
Unable to create a new remote session. Please check the server log for more details. Original error: failed serving request POST /wd/hub/session: Unauthorized
Build info: version: '3.141.59', revision: 'e82be7d358', time: '2018-11-14T08:17:03'
System info: host: 'repairnator', ip: '127.0.1.1', os.name: 'Linux', os.arch: 'amd64', os.version: '5.4.0-113-generic', java.version: '11.0.17'
Driver info: driver.version: IOSDriver
remote stacktrace: 
Build info: version: '3.141.59', revision: 'e82be7d358', time: '2018-11-14T08:17:03'
System info: host: 'repairnator', ip: '127.0.1.1', os.name: 'Linux', os.arch: 'amd64', os.version: '5.4.0-113-generic', java.version: '11.0.17'
Driver info: driver.version: IOSDriver
	at com.saucedemo.tests.RealDeviceWebTests.setUp(RealDeviceWebTests.java:58)
Caused by: java.lang.reflect.InvocationTargetException
	at com.saucedemo.tests.RealDeviceWebTests.setUp(RealDeviceWebTests.java:58)
Caused by: org.openqa.selenium.WebDriverException: 
failed serving request POST /wd/hub/session: Unauthorized
Build info: version: '3.141.59', revision: 'e82be7d358', time: '2018-11-14T08:17:03'
System info: host: 'repairnator', ip: '127.0.1.1', os.name: 'Linux', os.arch: 'amd64', os.version: '5.4.0-113-generic', java.version: '11.0.17'
Driver info: driver.version: IOSDriver
remote stacktrace: 
	at com.saucedemo.tests.RealDeviceWebTests.setUp(RealDeviceWebTests.java:58)

[ERROR] com.saucedemo.tests.RealDeviceWebTests.loginWorks[0]  Time elapsed: 1.969 s  <<< ERROR!
org.openqa.selenium.SessionNotCreatedException: 
Unable to create a new remote session. Please check the server log for more details. Original error: failed serving request POST /wd/hub/session: Unauthorized
Build info: version: '3.141.59', revision: 'e82be7d358', time: '2018-11-14T08:17:03'
System info: host: 'repairnator', ip: '127.0.1.1', os.name: 'Linux', os.arch: 'amd64', os.version: '5.4.0-113-generic', java.version: '11.0.17'
Driver info: driver.version: IOSDriver
remote stacktrace: 
Build info: version: '3.141.59', revision: 'e82be7d358', time: '2018-11-14T08:17:03'
System info: host: 'repairnator', ip: '127.0.1.1', os.name: 'Linux', os.arch: 'amd64', os.version: '5.4.0-113-generic', java.version: '11.0.17'
Driver info: driver.version: IOSDriver
	at com.saucedemo.tests.RealDeviceWebTests.setUp(RealDeviceWebTests.java:58)
Caused by: java.lang.reflect.InvocationTargetException
	at com.saucedemo.tests.RealDeviceWebTests.setUp(RealDeviceWebTests.java:58)
Caused by: org.openqa.selenium.WebDriverException: 
failed serving request POST /wd/hub/session: Unauthorized
Build info: version: '3.141.59', revision: 'e82be7d358', time: '2018-11-14T08:17:03'
System info: host: 'repairnator', ip: '127.0.1.1', os.name: 'Linux', os.arch: 'amd64', os.version: '5.4.0-113-generic', java.version: '11.0.17'
Driver info: driver.version: IOSDriver
remote stacktrace: 
	at com.saucedemo.tests.RealDeviceWebTests.setUp(RealDeviceWebTests.java:58)

[INFO] Running com.saucedemo.tests.EmuSimWebAppTests
[ERROR] Tests run: 9, Failures: 0, Errors: 9, Skipped: 0, Time elapsed: 3.512 s <<< FAILURE! - in com.saucedemo.tests.EmuSimWebAppTests
[ERROR] com.saucedemo.tests.EmuSimWebAppTests.lockedOutUser[2]  Time elapsed: 2.766 s  <<< ERROR!
org.openqa.selenium.WebDriverException: 
Unable to parse remote response: Misconfigured -- Sauce Labs Authentication Error.
You used username 'null' and access key 'null' to authenticate, which are not valid Sauce Labs credentials.

The following desired capabilities were received:
{'browserName': 'Safari',
 'build': '2023-01-18 10:22:49',
 'deviceName': 'iPhone SE (2nd generation) Simulator',
 'idleTimeout': '90',
 'name': 'lockedOutUser[2]',
 'newCommandTimeout': '90',
 'platformName': 'iOS',
 'platformVersion': '14.3'}
	at com.saucedemo.tests.EmuSimWebAppTests.setUp(EmuSimWebAppTests.java:76)
Caused by: org.openqa.selenium.json.JsonException: 
Unable to determine type from: M. Last 1 characters read: M
Build info: version: '3.141.59', revision: 'e82be7d358', time: '2018-11-14T08:17:03'
System info: host: 'repairnator', ip: '127.0.1.1', os.name: 'Linux', os.arch: 'amd64', os.version: '5.4.0-113-generic', java.version: '11.0.17'
Driver info: driver.version: RemoteWebDriver
	at com.saucedemo.tests.EmuSimWebAppTests.setUp(EmuSimWebAppTests.java:76)

[ERROR] com.saucedemo.tests.EmuSimWebAppTests.invalidCredentials[2]  Time elapsed: 3.512 s  <<< ERROR!
org.openqa.selenium.WebDriverException: 
Unable to parse remote response: Misconfigured -- Sauce Labs Authentication Error.
You used username 'null' and access key 'null' to authenticate, which are not valid Sauce Labs credentials.

The following desired capabilities were received:
{'browserName': 'Safari',
 'build': '2023-01-18 10:22:49',
 'deviceName': 'iPhone SE (2nd generation) Simulator',
 'idleTimeout': '90',
 'name': 'invalidCredentials[2]',
 'newCommandTimeout': '90',
 'platformName': 'iOS',
 'platformVersion': '14.3'}
	at com.saucedemo.tests.EmuSimWebAppTests.setUp(EmuSimWebAppTests.java:76)
Caused by: org.openqa.selenium.json.JsonException: 
Unable to determine type from: M. Last 1 characters read: M
Build info: version: '3.141.59', revision: 'e82be7d358', time: '2018-11-14T08:17:03'
System info: host: 'repairnator', ip: '127.0.1.1', os.name: 'Linux', os.arch: 'amd64', os.version: '5.4.0-113-generic', java.version: '11.0.17'
Driver info: driver.version: RemoteWebDriver
	at com.saucedemo.tests.EmuSimWebAppTests.setUp(EmuSimWebAppTests.java:76)

[ERROR] com.saucedemo.tests.EmuSimWebAppTests.lockedOutUser[1]  Time elapsed: 3.181 s  <<< ERROR!
org.openqa.selenium.WebDriverException: 
Unable to parse remote response: Misconfigured -- Sauce Labs Authentication Error.
You used username 'null' and access key 'null' to authenticate, which are not valid Sauce Labs credentials.

The following desired capabilities were received:
{'browserName': 'Safari',
 'build': '2023-01-18 10:22:49',
 'deviceName': 'iPhone XS Simulator',
 'idleTimeout': '90',
 'name': 'lockedOutUser[1]',
 'newCommandTimeout': '90',
 'platformName': 'iOS',
 'platformVersion': '14.3'}
	at com.saucedemo.tests.EmuSimWebAppTests.setUp(EmuSimWebAppTests.java:76)
Caused by: org.openqa.selenium.json.JsonException: 
Unable to determine type from: M. Last 1 characters read: M
Build info: version: '3.141.59', revision: 'e82be7d358', time: '2018-11-14T08:17:03'
System info: host: 'repairnator', ip: '127.0.1.1', os.name: 'Linux', os.arch: 'amd64', os.version: '5.4.0-113-generic', java.version: '11.0.17'
Driver info: driver.version: RemoteWebDriver
	at com.saucedemo.tests.EmuSimWebAppTests.setUp(EmuSimWebAppTests.java:76)

[ERROR] com.saucedemo.tests.EmuSimWebAppTests.invalidCredentials[1]  Time elapsed: 3.081 s  <<< ERROR!
org.openqa.selenium.WebDriverException: 
Unable to parse remote response: Misconfigured -- Sauce Labs Authentication Error.
You used username 'null' and access key 'null' to authenticate, which are not valid Sauce Labs credentials.

The following desired capabilities were received:
{'browserName': 'Safari',
 'build': '2023-01-18 10:22:49',
 'deviceName': 'iPhone XS Simulator',
 'idleTimeout': '90',
 'name': 'invalidCredentials[1]',
 'newCommandTimeout': '90',
 'platformName': 'iOS',
 'platformVersion': '14.3'}
	at com.saucedemo.tests.EmuSimWebAppTests.setUp(EmuSimWebAppTests.java:76)
Caused by: org.openqa.selenium.json.JsonException: 
Unable to determine type from: M. Last 1 characters read: M
Build info: version: '3.141.59', revision: 'e82be7d358', time: '2018-11-14T08:17:03'
System info: host: 'repairnator', ip: '127.0.1.1', os.name: 'Linux', os.arch: 'amd64', os.version: '5.4.0-113-generic', java.version: '11.0.17'
Driver info: driver.version: RemoteWebDriver
	at com.saucedemo.tests.EmuSimWebAppTests.setUp(EmuSimWebAppTests.java:76)

[ERROR] com.saucedemo.tests.EmuSimWebAppTests.loginWorks[1]  Time elapsed: 2.779 s  <<< ERROR!
org.openqa.selenium.WebDriverException: 
Unable to parse remote response: Misconfigured -- Sauce Labs Authentication Error.
You used username 'null' and access key 'null' to authenticate, which are not valid Sauce Labs credentials.

The following desired capabilities were received:
{'browserName': 'Safari',
 'build': '2023-01-18 10:22:49',
 'deviceName': 'iPhone XS Simulator',
 'idleTimeout': '90',
 'name': 'loginWorks[1]',
 'newCommandTimeout': '90',
 'platformName': 'iOS',
 'platformVersion': '14.3'}
	at com.saucedemo.tests.EmuSimWebAppTests.setUp(EmuSimWebAppTests.java:76)
Caused by: org.openqa.selenium.json.JsonException: 
Unable to determine type from: M. Last 1 characters read: M
Build info: version: '3.141.59', revision: 'e82be7d358', time: '2018-11-14T08:17:03'
System info: host: 'repairnator', ip: '127.0.1.1', os.name: 'Linux', os.arch: 'amd64', os.version: '5.4.0-113-generic', java.version: '11.0.17'
Driver info: driver.version: RemoteWebDriver
	at com.saucedemo.tests.EmuSimWebAppTests.setUp(EmuSimWebAppTests.java:76)

[ERROR] com.saucedemo.tests.EmuSimWebAppTests.loginWorks[2]  Time elapsed: 2.762 s  <<< ERROR!
org.openqa.selenium.WebDriverException: 
Unable to parse remote response: Misconfigured -- Sauce Labs Authentication Error.
You used username 'null' and access key 'null' to authenticate, which are not valid Sauce Labs credentials.

The following desired capabilities were received:
{'browserName': 'Safari',
 'build': '2023-01-18 10:22:49',
 'deviceName': 'iPhone SE (2nd generation) Simulator',
 'idleTimeout': '90',
 'name': 'loginWorks[2]',
 'newCommandTimeout': '90',
 'platformName': 'iOS',
 'platformVersion': '14.3'}
	at com.saucedemo.tests.EmuSimWebAppTests.setUp(EmuSimWebAppTests.java:76)
Caused by: org.openqa.selenium.json.JsonException: 
Unable to determine type from: M. Last 1 characters read: M
Build info: version: '3.141.59', revision: 'e82be7d358', time: '2018-11-14T08:17:03'
System info: host: 'repairnator', ip: '127.0.1.1', os.name: 'Linux', os.arch: 'amd64', os.version: '5.4.0-113-generic', java.version: '11.0.17'
Driver info: driver.version: RemoteWebDriver
	at com.saucedemo.tests.EmuSimWebAppTests.setUp(EmuSimWebAppTests.java:76)

[ERROR] com.saucedemo.tests.EmuSimWebAppTests.loginWorks[0]  Time elapsed: 2.77 s  <<< ERROR!
org.openqa.selenium.WebDriverException: 
Unable to parse remote response: Misconfigured -- Sauce Labs Authentication Error.
You used username 'null' and access key 'null' to authenticate, which are not valid Sauce Labs credentials.

The following desired capabilities were received:
{'browserName': 'Safari',
 'build': '2023-01-18 10:22:49',
 'deviceName': 'iPhone XS Max Simulator',
 'idleTimeout': '90',
 'name': 'loginWorks[0]',
 'newCommandTimeout': '90',
 'platformName': 'iOS',
 'platformVersion': '14.3'}
	at com.saucedemo.tests.EmuSimWebAppTests.setUp(EmuSimWebAppTests.java:76)
Caused by: org.openqa.selenium.json.JsonException: 
Unable to determine type from: M. Last 1 characters read: M
Build info: version: '3.141.59', revision: 'e82be7d358', time: '2018-11-14T08:17:03'
System info: host: 'repairnator', ip: '127.0.1.1', os.name: 'Linux', os.arch: 'amd64', os.version: '5.4.0-113-generic', java.version: '11.0.17'
Driver info: driver.version: RemoteWebDriver
	at com.saucedemo.tests.EmuSimWebAppTests.setUp(EmuSimWebAppTests.java:76)

[ERROR] com.saucedemo.tests.EmuSimWebAppTests.lockedOutUser[0]  Time elapsed: 2.621 s  <<< ERROR!
org.openqa.selenium.WebDriverException: 
Unable to parse remote response: Misconfigured -- Sauce Labs Authentication Error.
You used username 'null' and access key 'null' to authenticate, which are not valid Sauce Labs credentials.

The following desired capabilities were received:
{'browserName': 'Safari',
 'build': '2023-01-18 10:22:49',
 'deviceName': 'iPhone XS Max Simulator',
 'idleTimeout': '90',
 'name': 'lockedOutUser[0]',
 'newCommandTimeout': '90',
 'platformName': 'iOS',
 'platformVersion': '14.3'}
	at com.saucedemo.tests.EmuSimWebAppTests.setUp(EmuSimWebAppTests.java:76)
Caused by: org.openqa.selenium.json.JsonException: 
Unable to determine type from: M. Last 1 characters read: M
Build info: version: '3.141.59', revision: 'e82be7d358', time: '2018-11-14T08:17:03'
System info: host: 'repairnator', ip: '127.0.1.1', os.name: 'Linux', os.arch: 'amd64', os.version: '5.4.0-113-generic', java.version: '11.0.17'
Driver info: driver.version: RemoteWebDriver
	at com.saucedemo.tests.EmuSimWebAppTests.setUp(EmuSimWebAppTests.java:76)

[ERROR] com.saucedemo.tests.EmuSimWebAppTests.invalidCredentials[0]  Time elapsed: 2.737 s  <<< ERROR!
org.openqa.selenium.WebDriverException: 
Unable to parse remote response: Misconfigured -- Sauce Labs Authentication Error.
You used username 'null' and access key 'null' to authenticate, which are not valid Sauce Labs credentials.

The following desired capabilities were received:
{'browserName': 'Safari',
 'build': '2023-01-18 10:22:49',
 'deviceName': 'iPhone XS Max Simulator',
 'idleTimeout': '90',
 'name': 'invalidCredentials[0]',
 'newCommandTimeout': '90',
 'platformName': 'iOS',
 'platformVersion': '14.3'}
	at com.saucedemo.tests.EmuSimWebAppTests.setUp(EmuSimWebAppTests.java:76)
Caused by: org.openqa.selenium.json.JsonException: 
Unable to determine type from: M. Last 1 characters read: M
Build info: version: '3.141.59', revision: 'e82be7d358', time: '2018-11-14T08:17:03'
System info: host: 'repairnator', ip: '127.0.1.1', os.name: 'Linux', os.arch: 'amd64', os.version: '5.4.0-113-generic', java.version: '11.0.17'
Driver info: driver.version: RemoteWebDriver
	at com.saucedemo.tests.EmuSimWebAppTests.setUp(EmuSimWebAppTests.java:76)

[INFO] Running com.saucedemo.tests.PerformanceTests
[ERROR] Tests run: 2, Failures: 0, Errors: 2, Skipped: 0, Time elapsed: 0.116 s <<< FAILURE! - in com.saucedemo.tests.PerformanceTests
[ERROR] com.saucedemo.tests.PerformanceTests.performanceDidntDegrade  Time elapsed: 0.116 s  <<< ERROR!
com.saucelabs.saucebindings.SauceEnvironmentVariablesNotSetException: Sauce Username was not provided

[ERROR] com.saucedemo.tests.PerformanceTests.performanceDidntDegrade  Time elapsed: 0 s  <<< ERROR!
java.lang.NullPointerException

[INFO] Running com.saucedemo.tests.DesktopTests
[ERROR] Tests run: 24, Failures: 0, Errors: 24, Skipped: 0, Time elapsed: 0.084 s <<< FAILURE! - in com.saucedemo.tests.DesktopTests
[ERROR] com.saucedemo.tests.DesktopTests.lockedOutUser[3]  Time elapsed: 0.083 s  <<< ERROR!
com.saucelabs.saucebindings.SauceEnvironmentVariablesNotSetException: Sauce Username was not provided

[ERROR] com.saucedemo.tests.DesktopTests.invalidCredentials[3]  Time elapsed: 0.083 s  <<< ERROR!
com.saucelabs.saucebindings.SauceEnvironmentVariablesNotSetException: Sauce Username was not provided

[ERROR] com.saucedemo.tests.DesktopTests.loginWorks[3]  Time elapsed: 0.083 s  <<< ERROR!
com.saucelabs.saucebindings.SauceEnvironmentVariablesNotSetException: Sauce Username was not provided

[ERROR] com.saucedemo.tests.DesktopTests.lockedOutUser[2]  Time elapsed: 0.083 s  <<< ERROR!
com.saucelabs.saucebindings.SauceEnvironmentVariablesNotSetException: Sauce Username was not provided

[ERROR] com.saucedemo.tests.DesktopTests.loginWorks[2]  Time elapsed: 0.082 s  <<< ERROR!
com.saucelabs.saucebindings.SauceEnvironmentVariablesNotSetException: Sauce Username was not provided

[ERROR] com.saucedemo.tests.DesktopTests.invalidCredentials[2]  Time elapsed: 0.082 s  <<< ERROR!
com.saucelabs.saucebindings.SauceEnvironmentVariablesNotSetException: Sauce Username was not provided

[ERROR] com.saucedemo.tests.DesktopTests.loginWorks[0]  Time elapsed: 0.081 s  <<< ERROR!
com.saucelabs.saucebindings.SauceEnvironmentVariablesNotSetException: Sauce Username was not provided

[ERROR] com.saucedemo.tests.DesktopTests.loginWorks[1]  Time elapsed: 0.079 s  <<< ERROR!
com.saucelabs.saucebindings.SauceEnvironmentVariablesNotSetException: Sauce Username was not provided

[ERROR] com.saucedemo.tests.DesktopTests.invalidCredentials[1]  Time elapsed: 0.076 s  <<< ERROR!
com.saucelabs.saucebindings.SauceEnvironmentVariablesNotSetException: Sauce Username was not provided

[ERROR] com.saucedemo.tests.DesktopTests.lockedOutUser[1]  Time elapsed: 0.075 s  <<< ERROR!
com.saucelabs.saucebindings.SauceEnvironmentVariablesNotSetException: Sauce Username was not provided

[ERROR] com.saucedemo.tests.DesktopTests.invalidCredentials[0]  Time elapsed: 0.075 s  <<< ERROR!
com.saucelabs.saucebindings.SauceEnvironmentVariablesNotSetException: Sauce Username was not provided

[ERROR] com.saucedemo.tests.DesktopTests.lockedOutUser[0]  Time elapsed: 0.075 s  <<< ERROR!
com.saucelabs.saucebindings.SauceEnvironmentVariablesNotSetException: Sauce Username was not provided

[ERROR] com.saucedemo.tests.DesktopTests.loginWorks[3]  Time elapsed: 0 s  <<< ERROR!
java.lang.NullPointerException

[ERROR] com.saucedemo.tests.DesktopTests.loginWorks[1]  Time elapsed: 0 s  <<< ERROR!
java.lang.NullPointerException

[ERROR] com.saucedemo.tests.DesktopTests.lockedOutUser[1]  Time elapsed: 0 s  <<< ERROR!
java.lang.NullPointerException

[ERROR] com.saucedemo.tests.DesktopTests.loginWorks[2]  Time elapsed: 0 s  <<< ERROR!
java.lang.NullPointerException

[ERROR] com.saucedemo.tests.DesktopTests.lockedOutUser[0]  Time elapsed: 0 s  <<< ERROR!
java.lang.NullPointerException

[ERROR] com.saucedemo.tests.DesktopTests.invalidCredentials[3]  Time elapsed: 0 s  <<< ERROR!
java.lang.NullPointerException

[ERROR] com.saucedemo.tests.DesktopTests.invalidCredentials[2]  Time elapsed: 0 s  <<< ERROR!
java.lang.NullPointerException

[ERROR] com.saucedemo.tests.DesktopTests.lockedOutUser[3]  Time elapsed: 0 s  <<< ERROR!
java.lang.NullPointerException

[ERROR] com.saucedemo.tests.DesktopTests.invalidCredentials[1]  Time elapsed: 0 s  <<< ERROR!
java.lang.NullPointerException

[ERROR] com.saucedemo.tests.DesktopTests.lockedOutUser[2]  Time elapsed: 0 s  <<< ERROR!
java.lang.NullPointerException

[ERROR] com.saucedemo.tests.DesktopTests.invalidCredentials[0]  Time elapsed: 0 s  <<< ERROR!
java.lang.NullPointerException

[ERROR] com.saucedemo.tests.DesktopTests.loginWorks[0]  Time elapsed: 0 s  <<< ERROR!
java.lang.NullPointerException

[INFO] Running com.saucedemo.tests.VisualCrossPlatformTests
[ERROR] Tests run: 5, Failures: 0, Errors: 5, Skipped: 0, Time elapsed: 2.047 s <<< FAILURE! - in com.saucedemo.tests.VisualCrossPlatformTests
[ERROR] com.saucedemo.tests.VisualCrossPlatformTests.visualFlow[4]  Time elapsed: 2.017 s  <<< ERROR!
org.openqa.selenium.WebDriverException: 
Capabilities error: child "sauce:options" fails because [child "username" fails because ["username" is required]] (WARNING: The server did not provide any stacktrace information)
Command duration or timeout: 1.47 seconds
Build info: version: '3.141.59', revision: 'e82be7d358', time: '2018-11-14T08:17:03'
System info: host: 'repairnator', ip: '127.0.1.1', os.name: 'Linux', os.arch: 'amd64', os.version: '5.4.0-113-generic', java.version: '11.0.17'
Driver info: driver.version: RemoteWebDriver
	at com.saucedemo.tests.VisualCrossPlatformTests.setUp(VisualCrossPlatformTests.java:80)

[ERROR] com.saucedemo.tests.VisualCrossPlatformTests.visualFlow[2]  Time elapsed: 2.019 s  <<< ERROR!
org.openqa.selenium.WebDriverException: 
Capabilities error: child "sauce:options" fails because [child "username" fails because ["username" is required]] (WARNING: The server did not provide any stacktrace information)
Command duration or timeout: 1.47 seconds
Build info: version: '3.141.59', revision: 'e82be7d358', time: '2018-11-14T08:17:03'
System info: host: 'repairnator', ip: '127.0.1.1', os.name: 'Linux', os.arch: 'amd64', os.version: '5.4.0-113-generic', java.version: '11.0.17'
Driver info: driver.version: RemoteWebDriver
	at com.saucedemo.tests.VisualCrossPlatformTests.setUp(VisualCrossPlatformTests.java:80)

[ERROR] com.saucedemo.tests.VisualCrossPlatformTests.visualFlow[0]  Time elapsed: 2.031 s  <<< ERROR!
org.openqa.selenium.WebDriverException: 
Capabilities error: child "sauce:options" fails because [child "username" fails because ["username" is required]] (WARNING: The server did not provide any stacktrace information)
Command duration or timeout: 1.48 seconds
Build info: version: '3.141.59', revision: 'e82be7d358', time: '2018-11-14T08:17:03'
System info: host: 'repairnator', ip: '127.0.1.1', os.name: 'Linux', os.arch: 'amd64', os.version: '5.4.0-113-generic', java.version: '11.0.17'
Driver info: driver.version: RemoteWebDriver
	at com.saucedemo.tests.VisualCrossPlatformTests.setUp(VisualCrossPlatformTests.java:80)

[ERROR] com.saucedemo.tests.VisualCrossPlatformTests.visualFlow[3]  Time elapsed: 2.03 s  <<< ERROR!
org.openqa.selenium.WebDriverException: 
Capabilities error: child "sauce:options" fails because [child "username" fails because ["username" is required]] (WARNING: The server did not provide any stacktrace information)
Command duration or timeout: 1.50 seconds
Build info: version: '3.141.59', revision: 'e82be7d358', time: '2018-11-14T08:17:03'
System info: host: 'repairnator', ip: '127.0.1.1', os.name: 'Linux', os.arch: 'amd64', os.version: '5.4.0-113-generic', java.version: '11.0.17'
Driver info: driver.version: RemoteWebDriver
	at com.saucedemo.tests.VisualCrossPlatformTests.setUp(VisualCrossPlatformTests.java:80)

[ERROR] com.saucedemo.tests.VisualCrossPlatformTests.visualFlow[1]  Time elapsed: 2 s  <<< ERROR!
org.openqa.selenium.WebDriverException: 
Capabilities error: child "sauce:options" fails because [child "username" fails because ["username" is required]] (WARNING: The server did not provide any stacktrace information)
Command duration or timeout: 1.47 seconds
Build info: version: '3.141.59', revision: 'e82be7d358', time: '2018-11-14T08:17:03'
System info: host: 'repairnator', ip: '127.0.1.1', os.name: 'Linux', os.arch: 'amd64', os.version: '5.4.0-113-generic', java.version: '11.0.17'
Driver info: driver.version: RemoteWebDriver
	at com.saucedemo.tests.VisualCrossPlatformTests.setUp(VisualCrossPlatformTests.java:80)

[INFO] 
[INFO] Results:
[INFO] 
[ERROR] Errors: 
[ERROR] com.saucedemo.tests.DesktopTests.invalidCredentials[0]
[ERROR]   Run 1: DesktopTests>SauceBaseTest.setup:47 » SauceEnvironmentVariablesNotSet Sauce Us...
[ERROR]   Run 2: DesktopTests.invalidCredentials[0] » NullPointer
[INFO] 
[ERROR] com.saucedemo.tests.DesktopTests.invalidCredentials[1]
[ERROR]   Run 1: DesktopTests>SauceBaseTest.setup:47 » SauceEnvironmentVariablesNotSet Sauce Us...
[ERROR]   Run 2: DesktopTests.invalidCredentials[1] » NullPointer
[INFO] 
[ERROR] com.saucedemo.tests.DesktopTests.invalidCredentials[2]
[ERROR]   Run 1: DesktopTests>SauceBaseTest.setup:47 » SauceEnvironmentVariablesNotSet Sauce Us...
[ERROR]   Run 2: DesktopTests.invalidCredentials[2] » NullPointer
[INFO] 
[ERROR] com.saucedemo.tests.DesktopTests.invalidCredentials[3]
[ERROR]   Run 1: DesktopTests>SauceBaseTest.setup:47 » SauceEnvironmentVariablesNotSet Sauce Us...
[ERROR]   Run 2: DesktopTests.invalidCredentials[3] » NullPointer
[INFO] 
[ERROR] com.saucedemo.tests.DesktopTests.lockedOutUser[0]
[ERROR]   Run 1: DesktopTests>SauceBaseTest.setup:47 » SauceEnvironmentVariablesNotSet Sauce Us...
[ERROR]   Run 2: DesktopTests.lockedOutUser[0] » NullPointer
[INFO] 
[ERROR] com.saucedemo.tests.DesktopTests.lockedOutUser[1]
[ERROR]   Run 1: DesktopTests>SauceBaseTest.setup:47 » SauceEnvironmentVariablesNotSet Sauce Us...
[ERROR]   Run 2: DesktopTests.lockedOutUser[1] » NullPointer
[INFO] 
[ERROR] com.saucedemo.tests.DesktopTests.lockedOutUser[2]
[ERROR]   Run 1: DesktopTests>SauceBaseTest.setup:47 » SauceEnvironmentVariablesNotSet Sauce Us...
[ERROR]   Run 2: DesktopTests.lockedOutUser[2] » NullPointer
[INFO] 
[ERROR] com.saucedemo.tests.DesktopTests.lockedOutUser[3]
[ERROR]   Run 1: DesktopTests>SauceBaseTest.setup:47 » SauceEnvironmentVariablesNotSet Sauce Us...
[ERROR]   Run 2: DesktopTests.lockedOutUser[3] » NullPointer
[INFO] 
[ERROR] com.saucedemo.tests.DesktopTests.loginWorks[0]
[ERROR]   Run 1: DesktopTests>SauceBaseTest.setup:47 » SauceEnvironmentVariablesNotSet Sauce Us...
[ERROR]   Run 2: DesktopTests.loginWorks[0] » NullPointer
[INFO] 
[ERROR] com.saucedemo.tests.DesktopTests.loginWorks[1]
[ERROR]   Run 1: DesktopTests>SauceBaseTest.setup:47 » SauceEnvironmentVariablesNotSet Sauce Us...
[ERROR]   Run 2: DesktopTests.loginWorks[1] » NullPointer
[INFO] 
[ERROR] com.saucedemo.tests.DesktopTests.loginWorks[2]
[ERROR]   Run 1: DesktopTests>SauceBaseTest.setup:47 » SauceEnvironmentVariablesNotSet Sauce Us...
[ERROR]   Run 2: DesktopTests.loginWorks[2] » NullPointer
[INFO] 
[ERROR] com.saucedemo.tests.DesktopTests.loginWorks[3]
[ERROR]   Run 1: DesktopTests>SauceBaseTest.setup:47 » SauceEnvironmentVariablesNotSet Sauce Us...
[ERROR]   Run 2: DesktopTests.loginWorks[3] » NullPointer
[INFO] 
[ERROR]   EmuSimWebAppTests.setUp:76 » WebDriver Unable to parse remote response: Miscon...
[ERROR]   EmuSimWebAppTests.setUp:76 » WebDriver Unable to parse remote response: Miscon...
[ERROR]   EmuSimWebAppTests.setUp:76 » WebDriver Unable to parse remote response: Miscon...
[ERROR]   EmuSimWebAppTests.setUp:76 » WebDriver Unable to parse remote response: Miscon...
[ERROR]   EmuSimWebAppTests.setUp:76 » WebDriver Unable to parse remote response: Miscon...
[ERROR]   EmuSimWebAppTests.setUp:76 » WebDriver Unable to parse remote response: Miscon...
[ERROR]   EmuSimWebAppTests.setUp:76 » WebDriver Unable to parse remote response: Miscon...
[ERROR]   EmuSimWebAppTests.setUp:76 » WebDriver Unable to parse remote response: Miscon...
[ERROR]   EmuSimWebAppTests.setUp:76 » WebDriver Unable to parse remote response: Miscon...
[ERROR] com.saucedemo.tests.PerformanceTests.performanceDidntDegrade
[ERROR]   Run 1: PerformanceTests>SauceBaseTest.setup:47 » SauceEnvironmentVariablesNotSet Sauc...
[ERROR]   Run 2: PerformanceTests.performanceDidntDegrade » NullPointer
[INFO] 
[ERROR]   RealDeviceWebTests.setUp:58 » SessionNotCreated Unable to create a new remote ...
[ERROR]   RealDeviceWebTests.setUp:58 » SessionNotCreated Unable to create a new remote ...
[ERROR]   RealDeviceWebTests.setUp:58 » SessionNotCreated Unable to create a new remote ...
[ERROR]   RealDeviceWebTests.setUp:58 » SessionNotCreated Unable to create a new remote ...
[ERROR]   RealDeviceWebTests.setUp:58 » SessionNotCreated Unable to create a new remote ...
[ERROR]   RealDeviceWebTests.setUp:58 » SessionNotCreated Unable to create a new remote ...
[ERROR]   RealDeviceWebTests.setUp:58 » SessionNotCreated Unable to create a new remote ...
[ERROR]   RealDeviceWebTests.setUp:58 » SessionNotCreated Unable to create a new remote ...
[ERROR]   RealDeviceWebTests.setUp:58 » SessionNotCreated Unable to create a new remote ...
[ERROR]   RealDeviceWebTests.setUp:58 » SessionNotCreated Unable to create a new remote ...
[ERROR]   RealDeviceWebTests.setUp:58 » SessionNotCreated Unable to create a new remote ...
[ERROR]   RealDeviceWebTests.setUp:58 » SessionNotCreated Unable to create a new remote ...
[ERROR]   RealDeviceWebTests.setUp:58 » SessionNotCreated Unable to create a new remote ...
[ERROR]   RealDeviceWebTests.setUp:58 » SessionNotCreated Unable to create a new remote ...
[ERROR]   RealDeviceWebTests.setUp:58 » SessionNotCreated Unable to create a new remote ...
[ERROR]   VisualCrossPlatformTests.setUp:80 » WebDriver Capabilities error: child "sauce...
[ERROR]   VisualCrossPlatformTests.setUp:80 » WebDriver Capabilities error: child "sauce...
[ERROR]   VisualCrossPlatformTests.setUp:80 » WebDriver Capabilities error: child "sauce...
[ERROR]   VisualCrossPlatformTests.setUp:80 » WebDriver Capabilities error: child "sauce...
[ERROR]   VisualCrossPlatformTests.setUp:80 » WebDriver Capabilities error: child "sauce...
[INFO] 
[ERROR] Tests run: 42, Failures: 0, Errors: 42, Skipped: 0
[INFO] 
[INFO] ------------------------------------------------------------------------
[INFO] Reactor Summary for demo-java 1.0-SNAPSHOT:
[INFO] 
[INFO] demo-java .......................................... SUCCESS [  0.096 s]
[INFO] best-practice ...................................... FAILURE [  6.990 s]
[INFO] appium-examples .................................... SKIPPED
[INFO] appium-junit4-cucumber-examples .................... SKIPPED
[INFO] selenium-cucumber-examples ......................... SKIPPED
[INFO] selenium-examples .................................. SKIPPED
[INFO] selenium-junit4-examples ........................... SKIPPED
[INFO] selenium-testng-examples ........................... SKIPPED
[INFO] ------------------------------------------------------------------------
[INFO] BUILD FAILURE
[INFO] ------------------------------------------------------------------------
[INFO] Total time:  7.163 s
[INFO] Finished at: 2023-01-18T10:22:53Z
[INFO] ------------------------------------------------------------------------
[ERROR] Failed to execute goal org.apache.maven.plugins:maven-surefire-plugin:3.0.0-M5:test (default-test) on project best-practice: There are test failures.
[ERROR] 
[ERROR] Please refer to /home/gabsko/breaking-updates/best-practice/target/surefire-reports for the individual test results.
[ERROR] Please refer to dump files (if any exist) [date].dump, [date]-jvmRun[N].dump and [date].dumpstream.
[ERROR] -> [Help 1]
[ERROR] 
[ERROR] To see the full stack trace of the errors, re-run Maven with the -e switch.
[ERROR] Re-run Maven using the -X switch to enable full debug logging.
[ERROR] 
[ERROR] For more information about the errors and possible solutions, please read the following articles:
[ERROR] [Help 1] http://cwiki.apache.org/confluence/display/MAVEN/MojoFailureException
[ERROR] 
[ERROR] After correcting the problems, you can resume the build with the command
[ERROR]   mvn <args> -rf :best-practice
