[INFO] Scanning for projects...
[WARNING] 
[WARNING] Some problems were encountered while building the effective model for com.sonymobile.tools.gerrit:gerrit-events:jar:2.18.3-SNAPSHOT
[WARNING] 'build.plugins.plugin.version' for org.apache.maven.plugins:maven-jar-plugin is missing. @ line 179, column 21
[WARNING] 
[WARNING] It is highly recommended to fix these problems because they threaten the stability of your build.
[WARNING] 
[WARNING] For this reason, future Maven versions might no longer support building such malformed projects.
[WARNING] 
[INFO] 
[INFO] -------------< com.sonymobile.tools.gerrit:gerrit-events >--------------
[INFO] Building Gerrit Events Client library 2.18.3-SNAPSHOT
[INFO] --------------------------------[ jar ]---------------------------------
[INFO] Downloading from central: https://repo.maven.apache.org/maven2/org/apache/maven/plugins/maven-surefire-plugin/2.16/maven-surefire-plugin-2.16.pom
[INFO] Downloaded from central: https://repo.maven.apache.org/maven2/org/apache/maven/plugins/maven-surefire-plugin/2.16/maven-surefire-plugin-2.16.pom (5.0 kB at 30 kB/s)
[INFO] Downloading from central: https://repo.maven.apache.org/maven2/org/apache/maven/plugins/maven-surefire-plugin/2.16/maven-surefire-plugin-2.16.jar
[INFO] Downloaded from central: https://repo.maven.apache.org/maven2/org/apache/maven/plugins/maven-surefire-plugin/2.16/maven-surefire-plugin-2.16.jar (34 kB at 2.0 MB/s)
[WARNING] The artifact org.apache.commons:commons-io:jar:1.3.2 has been relocated to commons-io:commons-io:jar:1.3.2: https://issues.sonatype.org/browse/MVNCENTRAL-244
[INFO] Downloading from central: https://repo.maven.apache.org/maven2/org/slf4j/slf4j-jdk14/1.6.1/slf4j-jdk14-1.6.1.jar
[INFO] Downloading from central: https://repo.maven.apache.org/maven2/org/apache/mina/mina-core/2.0.5/mina-core-2.0.5.jar
[INFO] Downloaded from central: https://repo.maven.apache.org/maven2/org/slf4j/slf4j-jdk14/1.6.1/slf4j-jdk14-1.6.1.jar (8.9 kB at 593 kB/s)
[INFO] Downloaded from central: https://repo.maven.apache.org/maven2/org/apache/mina/mina-core/2.0.5/mina-core-2.0.5.jar (646 kB at 4.3 MB/s)
[INFO] 
[INFO] --- maven-clean-plugin:2.5:clean (default-clean) @ gerrit-events ---
[INFO] Deleting /home/gabsko/breaking-updates/target
[INFO] 
[INFO] --- maven-resources-plugin:2.6:resources (default-resources) @ gerrit-events ---
[INFO] Using 'UTF-8' encoding to copy filtered resources.
[INFO] skip non existing resourceDirectory /home/gabsko/breaking-updates/src/main/resources
[INFO] 
[INFO] --- maven-compiler-plugin:3.8.0:compile (default-compile) @ gerrit-events ---
[INFO] Changes detected - recompiling the module!
[INFO] Compiling 87 source files to /home/gabsko/breaking-updates/target/classes
[INFO] /home/gabsko/breaking-updates/src/main/java/com/sonymobile/tools/gerrit/gerritevents/GerritJsonEventFactory.java: /home/gabsko/breaking-updates/src/main/java/com/sonymobile/tools/gerrit/gerritevents/GerritJsonEventFactory.java uses or overrides a deprecated API.
[INFO] /home/gabsko/breaking-updates/src/main/java/com/sonymobile/tools/gerrit/gerritevents/GerritJsonEventFactory.java: Recompile with -Xlint:deprecation for details.
[INFO] /home/gabsko/breaking-updates/src/main/java/com/sonymobile/tools/gerrit/gerritevents/GerritHandler.java: /home/gabsko/breaking-updates/src/main/java/com/sonymobile/tools/gerrit/gerritevents/GerritHandler.java uses unchecked or unsafe operations.
[INFO] /home/gabsko/breaking-updates/src/main/java/com/sonymobile/tools/gerrit/gerritevents/GerritHandler.java: Recompile with -Xlint:unchecked for details.
[INFO] 
[INFO] --- maven-checkstyle-plugin:2.11:checkstyle (compile-checkstyle) @ gerrit-events ---
[INFO] Starting audit...
Audit done.

[WARNING] Unable to locate Source XRef to link to - DISABLED
[INFO] 
[INFO] --- maven-resources-plugin:2.6:testResources (default-testResources) @ gerrit-events ---
[INFO] Using 'UTF-8' encoding to copy filtered resources.
[INFO] Copying 9 resources
[INFO] 
[INFO] --- maven-compiler-plugin:3.8.0:testCompile (default-testCompile) @ gerrit-events ---
[INFO] Changes detected - recompiling the module!
[INFO] Compiling 29 source files to /home/gabsko/breaking-updates/target/test-classes
[INFO] /home/gabsko/breaking-updates/src/test/java/com/sonymobile/tools/gerrit/gerritevents/GerritQueryHandlerTest.java: Some input files use or override a deprecated API.
[INFO] /home/gabsko/breaking-updates/src/test/java/com/sonymobile/tools/gerrit/gerritevents/GerritQueryHandlerTest.java: Recompile with -Xlint:deprecation for details.
[INFO] /home/gabsko/breaking-updates/src/test/java/com/sonymobile/tools/gerrit/gerritevents/workers/GerritEventWorkTest.java: Some input files use unchecked or unsafe operations.
[INFO] /home/gabsko/breaking-updates/src/test/java/com/sonymobile/tools/gerrit/gerritevents/workers/GerritEventWorkTest.java: Recompile with -Xlint:unchecked for details.
[INFO] 
[INFO] --- maven-surefire-plugin:2.16:test (default-test) @ gerrit-events ---
[INFO] Downloading from central: https://repo.maven.apache.org/maven2/org/apache/maven/surefire/maven-surefire-common/2.16/maven-surefire-common-2.16.pom
[INFO] Downloaded from central: https://repo.maven.apache.org/maven2/org/apache/maven/surefire/maven-surefire-common/2.16/maven-surefire-common-2.16.pom (6.1 kB at 508 kB/s)
[INFO] Downloading from central: https://repo.maven.apache.org/maven2/org/apache/maven/surefire/surefire-api/2.16/surefire-api-2.16.pom
[INFO] Downloaded from central: https://repo.maven.apache.org/maven2/org/apache/maven/surefire/surefire-api/2.16/surefire-api-2.16.pom (2.3 kB at 255 kB/s)
[INFO] Downloading from central: https://repo.maven.apache.org/maven2/org/apache/maven/surefire/surefire-booter/2.16/surefire-booter-2.16.pom
[INFO] Downloaded from central: https://repo.maven.apache.org/maven2/org/apache/maven/surefire/surefire-booter/2.16/surefire-booter-2.16.pom (2.8 kB at 315 kB/s)
[INFO] Downloading from central: https://repo.maven.apache.org/maven2/org/apache/maven/surefire/maven-surefire-common/2.16/maven-surefire-common-2.16.jar
[INFO] Downloading from central: https://repo.maven.apache.org/maven2/org/apache/maven/surefire/surefire-booter/2.16/surefire-booter-2.16.jar
[INFO] Downloading from central: https://repo.maven.apache.org/maven2/org/apache/maven/surefire/surefire-api/2.16/surefire-api-2.16.jar
[INFO] Downloaded from central: https://repo.maven.apache.org/maven2/org/apache/maven/surefire/surefire-booter/2.16/surefire-booter-2.16.jar (40 kB at 3.0 MB/s)
[INFO] Downloaded from central: https://repo.maven.apache.org/maven2/org/apache/maven/surefire/surefire-api/2.16/surefire-api-2.16.jar (149 kB at 6.2 MB/s)
[INFO] Downloaded from central: https://repo.maven.apache.org/maven2/org/apache/maven/surefire/maven-surefire-common/2.16/maven-surefire-common-2.16.jar (264 kB at 9.4 MB/s)
[WARNING] The parameter forkMode is deprecated since version 2.14. Use forkCount and reuseForks instead.
[INFO] Surefire report directory: /home/gabsko/breaking-updates/target/surefire-reports
[INFO] Downloading from central: https://repo.maven.apache.org/maven2/org/apache/maven/surefire/surefire-junit4/2.16/surefire-junit4-2.16.pom
[INFO] Downloaded from central: https://repo.maven.apache.org/maven2/org/apache/maven/surefire/surefire-junit4/2.16/surefire-junit4-2.16.pom (2.5 kB at 25 kB/s)
[INFO] Downloading from central: https://repo.maven.apache.org/maven2/org/apache/maven/surefire/surefire-providers/2.16/surefire-providers-2.16.pom
[INFO] Downloaded from central: https://repo.maven.apache.org/maven2/org/apache/maven/surefire/surefire-providers/2.16/surefire-providers-2.16.pom (2.4 kB at 25 kB/s)
[INFO] Downloading from central: https://repo.maven.apache.org/maven2/org/apache/maven/surefire/surefire-junit4/2.16/surefire-junit4-2.16.jar
[INFO] Downloaded from central: https://repo.maven.apache.org/maven2/org/apache/maven/surefire/surefire-junit4/2.16/surefire-junit4-2.16.jar (64 kB at 5.8 MB/s)

-------------------------------------------------------
 T E S T S
-------------------------------------------------------

-------------------------------------------------------
 T E S T S
-------------------------------------------------------
Running com.sonymobile.tools.gerrit.gerritevents.watchdog.StreamWatchdogTest
====This will be a long running test ca. 2 minutes=====
Generating test key-pair.
Finger print: 87:f6:48:5f:a7:e7:c7:6b:7b:e1:b6:ad:c5:fd:8b:9f
Jan 25, 2023 9:25:46 AM org.apache.sshd.common.util.SecurityUtils register
INFO: BouncyCastle not registered, using the default JCE provider
Jan 25, 2023 9:25:46 AM com.sonymobile.tools.gerrit.gerritevents.GerritHandler startQueue
INFO: ReceiveQueue started! Current pool size: 1
Jan 25, 2023 9:25:46 AM com.sonymobile.tools.gerrit.gerritevents.GerritConnection run
INFO: Starting Up 
Jan 25, 2023 9:25:46 AM org.apache.sshd.server.session.ServerSession <init>
INFO: Session created from /127.0.0.1:54796
Jan 25, 2023 9:25:46 AM org.apache.sshd.server.keyprovider.AbstractGeneratorHostKeyProvider generateKeyPair
INFO: Generating host key...
Jan 25, 2023 9:25:46 AM org.apache.sshd.common.session.AbstractSession exceptionCaught
WARNING: Exception caught
java.security.InvalidKeyException: The security strength of SHA-1 digest algorithm is not sufficient for this key size
	at java.base/sun.security.provider.DSA.checkKey(DSA.java:124)
	at java.base/sun.security.provider.DSA.engineInitSign(DSA.java:156)
	at java.base/java.security.Signature$Delegate.engineInitSign(Signature.java:1351)
	at java.base/java.security.Signature.initSign(Signature.java:636)
	at org.apache.sshd.common.signature.AbstractSignature.init(AbstractSignature.java:47)
	at org.apache.sshd.server.kex.AbstractDHGServer.next(AbstractDHGServer.java:93)
	at org.apache.sshd.server.session.ServerSession.handleMessage(ServerSession.java:166)
	at org.apache.sshd.common.session.AbstractSession.decode(AbstractSession.java:566)
	at org.apache.sshd.common.session.AbstractSession.messageReceived(AbstractSession.java:236)
	at org.apache.sshd.common.AbstractSessionIoHandler.messageReceived(AbstractSessionIoHandler.java:58)
	at org.apache.mina.core.filterchain.DefaultIoFilterChain$TailFilter.messageReceived(DefaultIoFilterChain.java:716)
	at org.apache.mina.core.filterchain.DefaultIoFilterChain.callNextMessageReceived(DefaultIoFilterChain.java:434)
	at org.apache.mina.core.filterchain.DefaultIoFilterChain.access$1200(DefaultIoFilterChain.java:46)
	at org.apache.mina.core.filterchain.DefaultIoFilterChain$EntryImpl$1.messageReceived(DefaultIoFilterChain.java:796)
	at org.apache.mina.core.filterchain.IoFilterAdapter.messageReceived(IoFilterAdapter.java:119)
	at org.apache.mina.core.filterchain.DefaultIoFilterChain.callNextMessageReceived(DefaultIoFilterChain.java:434)
	at org.apache.mina.core.filterchain.DefaultIoFilterChain.fireMessageReceived(DefaultIoFilterChain.java:426)
	at org.apache.mina.core.polling.AbstractPollingIoProcessor.read(AbstractPollingIoProcessor.java:697)
	at org.apache.mina.core.polling.AbstractPollingIoProcessor.process(AbstractPollingIoProcessor.java:651)
	at org.apache.mina.core.polling.AbstractPollingIoProcessor.process(AbstractPollingIoProcessor.java:640)
	at org.apache.mina.core.polling.AbstractPollingIoProcessor.access$600(AbstractPollingIoProcessor.java:67)
	at org.apache.mina.core.polling.AbstractPollingIoProcessor$Processor.run(AbstractPollingIoProcessor.java:1111)
	at org.apache.mina.util.NamePreservingRunnable.run(NamePreservingRunnable.java:64)
	at java.base/java.util.concurrent.ThreadPoolExecutor.runWorker(ThreadPoolExecutor.java:1128)
	at java.base/java.util.concurrent.ThreadPoolExecutor$Worker.run(ThreadPoolExecutor.java:628)
	at java.base/java.lang.Thread.run(Thread.java:829)

Jan 25, 2023 9:25:46 AM org.apache.sshd.common.session.AbstractSession$1IoSessionCloser operationComplete
INFO: Session null@null closed
Jan 25, 2023 9:25:46 AM com.sonymobile.tools.gerrit.gerritevents.GerritConnection connect
SEVERE: Could not connect to Gerrit server! Host: localhost Port: 29418
Jan 25, 2023 9:25:46 AM com.sonymobile.tools.gerrit.gerritevents.GerritConnection connect
SEVERE:  Proxy: 
Jan 25, 2023 9:25:46 AM com.sonymobile.tools.gerrit.gerritevents.GerritConnection connect
SEVERE:  User: jenkins KeyFile: /tmp/jenkins-testkey
Jan 25, 2023 9:25:46 AM com.sonymobile.tools.gerrit.gerritevents.GerritConnection connect
SEVERE: IOException: 
com.sonymobile.tools.gerrit.gerritevents.ssh.SshException: com.jcraft.jsch.JSchException: Session.connect: java.io.IOException: End of IO Stream Read
	at com.sonymobile.tools.gerrit.gerritevents.ssh.SshConnectionImpl.connect(SshConnectionImpl.java:200)
	at com.sonymobile.tools.gerrit.gerritevents.ssh.SshConnectionFactory.getConnection(SshConnectionFactory.java:140)
	at com.sonymobile.tools.gerrit.gerritevents.ssh.SshConnectionFactory.getConnection(SshConnectionFactory.java:117)
	at com.sonymobile.tools.gerrit.gerritevents.GerritConnection.connect(GerritConnection.java:498)
	at com.sonymobile.tools.gerrit.gerritevents.GerritConnection.run(GerritConnection.java:404)
	at java.base/java.lang.Thread.run(Thread.java:829)
Caused by: com.jcraft.jsch.JSchException: Session.connect: java.io.IOException: End of IO Stream Read
	at com.jcraft.jsch.Session.connect(Session.java:565)
	at com.sonymobile.tools.gerrit.gerritevents.ssh.SshConnectionImpl.connect(SshConnectionImpl.java:196)
	... 5 more

Jan 25, 2023 9:25:48 AM org.apache.sshd.server.session.ServerSession <init>
INFO: Session created from /127.0.0.1:54980
Jan 25, 2023 9:25:49 AM org.apache.sshd.common.session.AbstractSession exceptionCaught
WARNING: Exception caught
java.security.InvalidKeyException: The security strength of SHA-1 digest algorithm is not sufficient for this key size
	at java.base/sun.security.provider.DSA.checkKey(DSA.java:124)
	at java.base/sun.security.provider.DSA.engineInitSign(DSA.java:156)
	at java.base/java.security.Signature$Delegate.engineInitSign(Signature.java:1351)
	at java.base/java.security.Signature.initSign(Signature.java:636)
	at org.apache.sshd.common.signature.AbstractSignature.init(AbstractSignature.java:47)
	at org.apache.sshd.server.kex.AbstractDHGServer.next(AbstractDHGServer.java:93)
	at org.apache.sshd.server.session.ServerSession.handleMessage(ServerSession.java:166)
	at org.apache.sshd.common.session.AbstractSession.decode(AbstractSession.java:566)
	at org.apache.sshd.common.session.AbstractSession.messageReceived(AbstractSession.java:236)
	at org.apache.sshd.common.AbstractSessionIoHandler.messageReceived(AbstractSessionIoHandler.java:58)
	at org.apache.mina.core.filterchain.DefaultIoFilterChain$TailFilter.messageReceived(DefaultIoFilterChain.java:716)
	at org.apache.mina.core.filterchain.DefaultIoFilterChain.callNextMessageReceived(DefaultIoFilterChain.java:434)
	at org.apache.mina.core.filterchain.DefaultIoFilterChain.access$1200(DefaultIoFilterChain.java:46)
	at org.apache.mina.core.filterchain.DefaultIoFilterChain$EntryImpl$1.messageReceived(DefaultIoFilterChain.java:796)
	at org.apache.mina.core.filterchain.IoFilterAdapter.messageReceived(IoFilterAdapter.java:119)
	at org.apache.mina.core.filterchain.DefaultIoFilterChain.callNextMessageReceived(DefaultIoFilterChain.java:434)
	at org.apache.mina.core.filterchain.DefaultIoFilterChain.fireMessageReceived(DefaultIoFilterChain.java:426)
	at org.apache.mina.core.polling.AbstractPollingIoProcessor.read(AbstractPollingIoProcessor.java:697)
	at org.apache.mina.core.polling.AbstractPollingIoProcessor.process(AbstractPollingIoProcessor.java:651)
	at org.apache.mina.core.polling.AbstractPollingIoProcessor.process(AbstractPollingIoProcessor.java:640)
	at org.apache.mina.core.polling.AbstractPollingIoProcessor.access$600(AbstractPollingIoProcessor.java:67)
	at org.apache.mina.core.polling.AbstractPollingIoProcessor$Processor.run(AbstractPollingIoProcessor.java:1111)
	at org.apache.mina.util.NamePreservingRunnable.run(NamePreservingRunnable.java:64)
	at java.base/java.util.concurrent.ThreadPoolExecutor.runWorker(ThreadPoolExecutor.java:1128)
	at java.base/java.util.concurrent.ThreadPoolExecutor$Worker.run(ThreadPoolExecutor.java:628)
	at java.base/java.lang.Thread.run(Thread.java:829)

Jan 25, 2023 9:25:49 AM org.apache.sshd.common.session.AbstractSession$1IoSessionCloser operationComplete
INFO: Session null@null closed
Jan 25, 2023 9:25:49 AM com.sonymobile.tools.gerrit.gerritevents.GerritConnection connect
SEVERE: Could not connect to Gerrit server! Host: localhost Port: 29418
Jan 25, 2023 9:25:49 AM com.sonymobile.tools.gerrit.gerritevents.GerritConnection connect
SEVERE:  Proxy: 
Jan 25, 2023 9:25:49 AM com.sonymobile.tools.gerrit.gerritevents.GerritConnection connect
SEVERE:  User: jenkins KeyFile: /tmp/jenkins-testkey
Jan 25, 2023 9:25:49 AM com.sonymobile.tools.gerrit.gerritevents.GerritConnection connect
SEVERE: IOException: 
com.sonymobile.tools.gerrit.gerritevents.ssh.SshException: com.jcraft.jsch.JSchException: Session.connect: java.io.IOException: End of IO Stream Read
	at com.sonymobile.tools.gerrit.gerritevents.ssh.SshConnectionImpl.connect(SshConnectionImpl.java:200)
	at com.sonymobile.tools.gerrit.gerritevents.ssh.SshConnectionFactory.getConnection(SshConnectionFactory.java:140)
	at com.sonymobile.tools.gerrit.gerritevents.ssh.SshConnectionFactory.getConnection(SshConnectionFactory.java:117)
	at com.sonymobile.tools.gerrit.gerritevents.GerritConnection.connect(GerritConnection.java:498)
	at com.sonymobile.tools.gerrit.gerritevents.GerritConnection.run(GerritConnection.java:404)
	at java.base/java.lang.Thread.run(Thread.java:829)
Caused by: com.jcraft.jsch.JSchException: Session.connect: java.io.IOException: End of IO Stream Read
	at com.jcraft.jsch.Session.connect(Session.java:565)
	at com.sonymobile.tools.gerrit.gerritevents.ssh.SshConnectionImpl.connect(SshConnectionImpl.java:196)
	... 5 more

Jan 25, 2023 9:25:51 AM org.apache.sshd.server.session.ServerSession <init>
INFO: Session created from /127.0.0.1:55148
Jan 25, 2023 9:25:51 AM org.apache.sshd.common.session.AbstractSession exceptionCaught
WARNING: Exception caught
java.security.InvalidKeyException: The security strength of SHA-1 digest algorithm is not sufficient for this key size
	at java.base/sun.security.provider.DSA.checkKey(DSA.java:124)
	at java.base/sun.security.provider.DSA.engineInitSign(DSA.java:156)
	at java.base/java.security.Signature$Delegate.engineInitSign(Signature.java:1351)
	at java.base/java.security.Signature.initSign(Signature.java:636)
	at org.apache.sshd.common.signature.AbstractSignature.init(AbstractSignature.java:47)
	at org.apache.sshd.server.kex.AbstractDHGServer.next(AbstractDHGServer.java:93)
	at org.apache.sshd.server.session.ServerSession.handleMessage(ServerSession.java:166)
	at org.apache.sshd.common.session.AbstractSession.decode(AbstractSession.java:566)
	at org.apache.sshd.common.session.AbstractSession.messageReceived(AbstractSession.java:236)
	at org.apache.sshd.common.AbstractSessionIoHandler.messageReceived(AbstractSessionIoHandler.java:58)
	at org.apache.mina.core.filterchain.DefaultIoFilterChain$TailFilter.messageReceived(DefaultIoFilterChain.java:716)
	at org.apache.mina.core.filterchain.DefaultIoFilterChain.callNextMessageReceived(DefaultIoFilterChain.java:434)
	at org.apache.mina.core.filterchain.DefaultIoFilterChain.access$1200(DefaultIoFilterChain.java:46)
	at org.apache.mina.core.filterchain.DefaultIoFilterChain$EntryImpl$1.messageReceived(DefaultIoFilterChain.java:796)
	at org.apache.mina.core.filterchain.IoFilterAdapter.messageReceived(IoFilterAdapter.java:119)
	at org.apache.mina.core.filterchain.DefaultIoFilterChain.callNextMessageReceived(DefaultIoFilterChain.java:434)
	at org.apache.mina.core.filterchain.DefaultIoFilterChain.fireMessageReceived(DefaultIoFilterChain.java:426)
	at org.apache.mina.core.polling.AbstractPollingIoProcessor.read(AbstractPollingIoProcessor.java:697)
	at org.apache.mina.core.polling.AbstractPollingIoProcessor.process(AbstractPollingIoProcessor.java:651)
	at org.apache.mina.core.polling.AbstractPollingIoProcessor.process(AbstractPollingIoProcessor.java:640)
	at org.apache.mina.core.polling.AbstractPollingIoProcessor.access$600(AbstractPollingIoProcessor.java:67)
	at org.apache.mina.core.polling.AbstractPollingIoProcessor$Processor.run(AbstractPollingIoProcessor.java:1111)
	at org.apache.mina.util.NamePreservingRunnable.run(NamePreservingRunnable.java:64)
	at java.base/java.util.concurrent.ThreadPoolExecutor.runWorker(ThreadPoolExecutor.java:1128)
	at java.base/java.util.concurrent.ThreadPoolExecutor$Worker.run(ThreadPoolExecutor.java:628)
	at java.base/java.lang.Thread.run(Thread.java:829)

Jan 25, 2023 9:25:51 AM org.apache.sshd.common.session.AbstractSession$1IoSessionCloser operationComplete
INFO: Session null@null closed
Jan 25, 2023 9:25:51 AM com.sonymobile.tools.gerrit.gerritevents.GerritConnection connect
SEVERE: Could not connect to Gerrit server! Host: localhost Port: 29418
Jan 25, 2023 9:25:51 AM com.sonymobile.tools.gerrit.gerritevents.GerritConnection connect
SEVERE:  Proxy: 
Jan 25, 2023 9:25:51 AM com.sonymobile.tools.gerrit.gerritevents.GerritConnection connect
SEVERE:  User: jenkins KeyFile: /tmp/jenkins-testkey
Jan 25, 2023 9:25:51 AM com.sonymobile.tools.gerrit.gerritevents.GerritConnection connect
SEVERE: IOException: 
com.sonymobile.tools.gerrit.gerritevents.ssh.SshException: com.jcraft.jsch.JSchException: Session.connect: java.io.IOException: End of IO Stream Read
	at com.sonymobile.tools.gerrit.gerritevents.ssh.SshConnectionImpl.connect(SshConnectionImpl.java:200)
	at com.sonymobile.tools.gerrit.gerritevents.ssh.SshConnectionFactory.getConnection(SshConnectionFactory.java:140)
	at com.sonymobile.tools.gerrit.gerritevents.ssh.SshConnectionFactory.getConnection(SshConnectionFactory.java:117)
	at com.sonymobile.tools.gerrit.gerritevents.GerritConnection.connect(GerritConnection.java:498)
	at com.sonymobile.tools.gerrit.gerritevents.GerritConnection.run(GerritConnection.java:404)
	at java.base/java.lang.Thread.run(Thread.java:829)
Caused by: com.jcraft.jsch.JSchException: Session.connect: java.io.IOException: End of IO Stream Read
	at com.jcraft.jsch.Session.connect(Session.java:565)
	at com.sonymobile.tools.gerrit.gerritevents.ssh.SshConnectionImpl.connect(SshConnectionImpl.java:196)
	... 5 more

Jan 25, 2023 9:25:53 AM org.apache.sshd.server.session.ServerSession <init>
INFO: Session created from /127.0.0.1:55318
Jan 25, 2023 9:25:53 AM org.apache.sshd.common.session.AbstractSession exceptionCaught
WARNING: Exception caught
java.security.InvalidKeyException: The security strength of SHA-1 digest algorithm is not sufficient for this key size
	at java.base/sun.security.provider.DSA.checkKey(DSA.java:124)
	at java.base/sun.security.provider.DSA.engineInitSign(DSA.java:156)
	at java.base/java.security.Signature$Delegate.engineInitSign(Signature.java:1351)
	at java.base/java.security.Signature.initSign(Signature.java:636)
	at org.apache.sshd.common.signature.AbstractSignature.init(AbstractSignature.java:47)
	at org.apache.sshd.server.kex.AbstractDHGServer.next(AbstractDHGServer.java:93)
	at org.apache.sshd.server.session.ServerSession.handleMessage(ServerSession.java:166)
	at org.apache.sshd.common.session.AbstractSession.decode(AbstractSession.java:566)
	at org.apache.sshd.common.session.AbstractSession.messageReceived(AbstractSession.java:236)
	at org.apache.sshd.common.AbstractSessionIoHandler.messageReceived(AbstractSessionIoHandler.java:58)
	at org.apache.mina.core.filterchain.DefaultIoFilterChain$TailFilter.messageReceived(DefaultIoFilterChain.java:716)
	at org.apache.mina.core.filterchain.DefaultIoFilterChain.callNextMessageReceived(DefaultIoFilterChain.java:434)
	at org.apache.mina.core.filterchain.DefaultIoFilterChain.access$1200(DefaultIoFilterChain.java:46)
	at org.apache.mina.core.filterchain.DefaultIoFilterChain$EntryImpl$1.messageReceived(DefaultIoFilterChain.java:796)
	at org.apache.mina.core.filterchain.IoFilterAdapter.messageReceived(IoFilterAdapter.java:119)
	at org.apache.mina.core.filterchain.DefaultIoFilterChain.callNextMessageReceived(DefaultIoFilterChain.java:434)
	at org.apache.mina.core.filterchain.DefaultIoFilterChain.fireMessageReceived(DefaultIoFilterChain.java:426)
	at org.apache.mina.core.polling.AbstractPollingIoProcessor.read(AbstractPollingIoProcessor.java:697)
	at org.apache.mina.core.polling.AbstractPollingIoProcessor.process(AbstractPollingIoProcessor.java:651)
	at org.apache.mina.core.polling.AbstractPollingIoProcessor.process(AbstractPollingIoProcessor.java:640)
	at org.apache.mina.core.polling.AbstractPollingIoProcessor.access$600(AbstractPollingIoProcessor.java:67)
	at org.apache.mina.core.polling.AbstractPollingIoProcessor$Processor.run(AbstractPollingIoProcessor.java:1111)
	at org.apache.mina.util.NamePreservingRunnable.run(NamePreservingRunnable.java:64)
	at java.base/java.util.concurrent.ThreadPoolExecutor.runWorker(ThreadPoolExecutor.java:1128)
	at java.base/java.util.concurrent.ThreadPoolExecutor$Worker.run(ThreadPoolExecutor.java:628)
	at java.base/java.lang.Thread.run(Thread.java:829)

Jan 25, 2023 9:25:53 AM org.apache.sshd.common.session.AbstractSession$1IoSessionCloser operationComplete
INFO: Session null@null closed
Jan 25, 2023 9:25:53 AM com.sonymobile.tools.gerrit.gerritevents.GerritConnection connect
SEVERE: Could not connect to Gerrit server! Host: localhost Port: 29418
Jan 25, 2023 9:25:53 AM com.sonymobile.tools.gerrit.gerritevents.GerritConnection connect
SEVERE:  Proxy: 
Jan 25, 2023 9:25:53 AM com.sonymobile.tools.gerrit.gerritevents.GerritConnection connect
SEVERE:  User: jenkins KeyFile: /tmp/jenkins-testkey
Jan 25, 2023 9:25:53 AM com.sonymobile.tools.gerrit.gerritevents.GerritConnection connect
SEVERE: IOException: 
com.sonymobile.tools.gerrit.gerritevents.ssh.SshException: com.jcraft.jsch.JSchException: Session.connect: java.io.IOException: End of IO Stream Read
	at com.sonymobile.tools.gerrit.gerritevents.ssh.SshConnectionImpl.connect(SshConnectionImpl.java:200)
	at com.sonymobile.tools.gerrit.gerritevents.ssh.SshConnectionFactory.getConnection(SshConnectionFactory.java:140)
	at com.sonymobile.tools.gerrit.gerritevents.ssh.SshConnectionFactory.getConnection(SshConnectionFactory.java:117)
	at com.sonymobile.tools.gerrit.gerritevents.GerritConnection.connect(GerritConnection.java:498)
	at com.sonymobile.tools.gerrit.gerritevents.GerritConnection.run(GerritConnection.java:404)
	at java.base/java.lang.Thread.run(Thread.java:829)
Caused by: com.jcraft.jsch.JSchException: Session.connect: java.io.IOException: End of IO Stream Read
	at com.jcraft.jsch.Session.connect(Session.java:565)
	at com.sonymobile.tools.gerrit.gerritevents.ssh.SshConnectionImpl.connect(SshConnectionImpl.java:196)
	... 5 more

Tests run: 1, Failures: 0, Errors: 1, Skipped: 0, Time elapsed: 8.517 sec <<< FAILURE! - in com.sonymobile.tools.gerrit.gerritevents.watchdog.StreamWatchdogTest
testFullTimeoutFlow(com.sonymobile.tools.gerrit.gerritevents.watchdog.StreamWatchdogTest)  Time elapsed: 8.479 sec  <<< ERROR!
java.lang.RuntimeException: Timeout!
	at com.sonymobile.tools.gerrit.gerritevents.mock.SshdServerMock.waitForCommand(SshdServerMock.java:233)
	at com.sonymobile.tools.gerrit.gerritevents.watchdog.StreamWatchdogTest.testFullTimeoutFlow(StreamWatchdogTest.java:97)

Running com.sonymobile.tools.gerrit.gerritevents.watchdog.WatchTimeExceptionDataTest
Tests run: 5, Failures: 0, Errors: 0, Skipped: 0, Time elapsed: 0.062 sec - in com.sonymobile.tools.gerrit.gerritevents.watchdog.WatchTimeExceptionDataTest
Running com.sonymobile.tools.gerrit.gerritevents.workers.cmd.AbstractSendCommandJob2Test
WARNING: An illegal reflective access operation has occurred
WARNING: Illegal reflective access by org.powermock.reflect.internal.WhiteboxImpl (file:/home/gabsko/.m2/repository/org/powermock/powermock-reflect/2.0.0/powermock-reflect-2.0.0.jar) to method java.lang.Object.clone()
WARNING: Please consider reporting this to the maintainers of org.powermock.reflect.internal.WhiteboxImpl
WARNING: Use --illegal-access=warn to enable warnings of further illegal reflective access operations
WARNING: All illegal access operations will be denied in a future release
Tests run: 3, Failures: 0, Errors: 0, Skipped: 0, Time elapsed: 1.32 sec - in com.sonymobile.tools.gerrit.gerritevents.workers.cmd.AbstractSendCommandJob2Test
Running com.sonymobile.tools.gerrit.gerritevents.workers.cmd.AbstractSendCommandJobTest
WARNING: An illegal reflective access operation has occurred
WARNING: Illegal reflective access by org.powermock.reflect.internal.WhiteboxImpl (file:/home/gabsko/.m2/repository/org/powermock/powermock-reflect/2.0.0/powermock-reflect-2.0.0.jar) to method java.lang.Object.clone()
WARNING: Please consider reporting this to the maintainers of org.powermock.reflect.internal.WhiteboxImpl
WARNING: Use --illegal-access=warn to enable warnings of further illegal reflective access operations
WARNING: All illegal access operations will be denied in a future release
Jan 25, 2023 9:25:58 AM com.sonymobile.tools.gerrit.gerritevents.workers.cmd.AbstractSendCommandJob sendCommand
SEVERE: Could not run command test command
java.io.IOException: Error during sending command
	at com.sonymobile.tools.gerrit.gerritevents.workers.cmd.AbstractSendCommandJob.sendCommand2(AbstractSendCommandJob.java:118)
	at com.sonymobile.tools.gerrit.gerritevents.workers.cmd.AbstractSendCommandJob.sendCommand(AbstractSendCommandJob.java:79)
	at com.sonymobile.tools.gerrit.gerritevents.workers.cmd.AbstractSendCommandJobTest.testSendCommandNoConnection(AbstractSendCommandJobTest.java:99)
	at java.base/jdk.internal.reflect.NativeMethodAccessorImpl.invoke0(Native Method)
	at java.base/jdk.internal.reflect.NativeMethodAccessorImpl.invoke(NativeMethodAccessorImpl.java:62)
	at java.base/jdk.internal.reflect.DelegatingMethodAccessorImpl.invoke(DelegatingMethodAccessorImpl.java:43)
	at java.base/java.lang.reflect.Method.invoke(Method.java:566)
	at org.junit.internal.runners.TestMethod.invoke(TestMethod.java:68)
	at org.powermock.modules.junit4.internal.impl.PowerMockJUnit44RunnerDelegateImpl$PowerMockJUnit44MethodRunner.runTestMethod(PowerMockJUnit44RunnerDelegateImpl.java:326)
	at org.junit.internal.runners.MethodRoadie$2.run(MethodRoadie.java:89)
	at org.junit.internal.runners.MethodRoadie.runBeforesThenTestThenAfters(MethodRoadie.java:97)
	at org.powermock.modules.junit4.internal.impl.PowerMockJUnit44RunnerDelegateImpl$PowerMockJUnit44MethodRunner.executeTest(PowerMockJUnit44RunnerDelegateImpl.java:310)
	at org.powermock.modules.junit4.internal.impl.PowerMockJUnit47RunnerDelegateImpl$PowerMockJUnit47MethodRunner.executeTestInSuper(PowerMockJUnit47RunnerDelegateImpl.java:131)
	at org.powermock.modules.junit4.internal.impl.PowerMockJUnit47RunnerDelegateImpl$PowerMockJUnit47MethodRunner.access$100(PowerMockJUnit47RunnerDelegateImpl.java:59)
	at org.powermock.modules.junit4.internal.impl.PowerMockJUnit47RunnerDelegateImpl$PowerMockJUnit47MethodRunner$TestExecutorStatement.evaluate(PowerMockJUnit47RunnerDelegateImpl.java:147)
	at org.powermock.modules.junit4.internal.impl.PowerMockJUnit47RunnerDelegateImpl$PowerMockJUnit47MethodRunner.evaluateStatement(PowerMockJUnit47RunnerDelegateImpl.java:107)
	at org.powermock.modules.junit4.internal.impl.PowerMockJUnit47RunnerDelegateImpl$PowerMockJUnit47MethodRunner.executeTest(PowerMockJUnit47RunnerDelegateImpl.java:82)
	at org.powermock.modules.junit4.internal.impl.PowerMockJUnit44RunnerDelegateImpl$PowerMockJUnit44MethodRunner.runBeforesThenTestThenAfters(PowerMockJUnit44RunnerDelegateImpl.java:298)
	at org.junit.internal.runners.MethodRoadie.runTest(MethodRoadie.java:87)
	at org.junit.internal.runners.MethodRoadie.run(MethodRoadie.java:50)
	at org.powermock.modules.junit4.internal.impl.PowerMockJUnit44RunnerDelegateImpl.invokeTestMethod(PowerMockJUnit44RunnerDelegateImpl.java:218)
	at org.powermock.modules.junit4.internal.impl.PowerMockJUnit44RunnerDelegateImpl.runMethods(PowerMockJUnit44RunnerDelegateImpl.java:160)
	at org.powermock.modules.junit4.internal.impl.PowerMockJUnit44RunnerDelegateImpl$1.run(PowerMockJUnit44RunnerDelegateImpl.java:134)
	at org.junit.internal.runners.ClassRoadie.runUnprotected(ClassRoadie.java:34)
	at org.junit.internal.runners.ClassRoadie.runProtected(ClassRoadie.java:44)
	at org.powermock.modules.junit4.internal.impl.PowerMockJUnit44RunnerDelegateImpl.run(PowerMockJUnit44RunnerDelegateImpl.java:136)
	at org.powermock.modules.junit4.common.internal.impl.JUnit4TestSuiteChunkerImpl.run(JUnit4TestSuiteChunkerImpl.java:117)
	at org.powermock.modules.junit4.common.internal.impl.AbstractCommonPowerMockRunner.run(AbstractCommonPowerMockRunner.java:57)
	at org.powermock.modules.junit4.PowerMockRunner.run(PowerMockRunner.java:59)
	at org.apache.maven.surefire.junit4.JUnit4Provider.execute(JUnit4Provider.java:264)
	at org.apache.maven.surefire.junit4.JUnit4Provider.executeTestSet(JUnit4Provider.java:153)
	at org.apache.maven.surefire.junit4.JUnit4Provider.invoke(JUnit4Provider.java:124)
	at org.apache.maven.surefire.booter.ForkedBooter.invokeProviderInSameClassLoader(ForkedBooter.java:200)
	at org.apache.maven.surefire.booter.ForkedBooter.runSuitesInProcess(ForkedBooter.java:153)
	at org.apache.maven.surefire.booter.ForkedBooter.main(ForkedBooter.java:103)
Caused by: java.io.IOException
	at org.powermock.core.MockGateway.doMethodCall(MockGateway.java:186)
	at org.powermock.core.MockGateway.doMethodCall(MockGateway.java:168)
	at org.powermock.core.MockGateway.methodCall(MockGateway.java:145)
	at com.sonymobile.tools.gerrit.gerritevents.ssh.SshConnectionFactory.getConnection(SshConnectionFactory.java)
	at com.sonymobile.tools.gerrit.gerritevents.workers.cmd.AbstractSendCommandJob.sendCommand2(AbstractSendCommandJob.java:114)
	... 34 more

Jan 25, 2023 9:25:58 AM com.sonymobile.tools.gerrit.gerritevents.workers.cmd.AbstractSendCommandJob sendCommand
SEVERE: Could not run command test command
java.io.IOException: Error during sending command
	at com.sonymobile.tools.gerrit.gerritevents.workers.cmd.AbstractSendCommandJob.sendCommand2(AbstractSendCommandJob.java:118)
	at com.sonymobile.tools.gerrit.gerritevents.workers.cmd.AbstractSendCommandJob.sendCommand(AbstractSendCommandJob.java:79)
	at com.sonymobile.tools.gerrit.gerritevents.workers.cmd.AbstractSendCommandJobTest.testSendCommandWithError(AbstractSendCommandJobTest.java:116)
	at java.base/jdk.internal.reflect.NativeMethodAccessorImpl.invoke0(Native Method)
	at java.base/jdk.internal.reflect.NativeMethodAccessorImpl.invoke(NativeMethodAccessorImpl.java:62)
	at java.base/jdk.internal.reflect.DelegatingMethodAccessorImpl.invoke(DelegatingMethodAccessorImpl.java:43)
	at java.base/java.lang.reflect.Method.invoke(Method.java:566)
	at org.junit.internal.runners.TestMethod.invoke(TestMethod.java:68)
	at org.powermock.modules.junit4.internal.impl.PowerMockJUnit44RunnerDelegateImpl$PowerMockJUnit44MethodRunner.runTestMethod(PowerMockJUnit44RunnerDelegateImpl.java:326)
	at org.junit.internal.runners.MethodRoadie$2.run(MethodRoadie.java:89)
	at org.junit.internal.runners.MethodRoadie.runBeforesThenTestThenAfters(MethodRoadie.java:97)
	at org.powermock.modules.junit4.internal.impl.PowerMockJUnit44RunnerDelegateImpl$PowerMockJUnit44MethodRunner.executeTest(PowerMockJUnit44RunnerDelegateImpl.java:310)
	at org.powermock.modules.junit4.internal.impl.PowerMockJUnit47RunnerDelegateImpl$PowerMockJUnit47MethodRunner.executeTestInSuper(PowerMockJUnit47RunnerDelegateImpl.java:131)
	at org.powermock.modules.junit4.internal.impl.PowerMockJUnit47RunnerDelegateImpl$PowerMockJUnit47MethodRunner.access$100(PowerMockJUnit47RunnerDelegateImpl.java:59)
	at org.powermock.modules.junit4.internal.impl.PowerMockJUnit47RunnerDelegateImpl$PowerMockJUnit47MethodRunner$TestExecutorStatement.evaluate(PowerMockJUnit47RunnerDelegateImpl.java:147)
	at org.powermock.modules.junit4.internal.impl.PowerMockJUnit47RunnerDelegateImpl$PowerMockJUnit47MethodRunner.evaluateStatement(PowerMockJUnit47RunnerDelegateImpl.java:107)
	at org.powermock.modules.junit4.internal.impl.PowerMockJUnit47RunnerDelegateImpl$PowerMockJUnit47MethodRunner.executeTest(PowerMockJUnit47RunnerDelegateImpl.java:82)
	at org.powermock.modules.junit4.internal.impl.PowerMockJUnit44RunnerDelegateImpl$PowerMockJUnit44MethodRunner.runBeforesThenTestThenAfters(PowerMockJUnit44RunnerDelegateImpl.java:298)
	at org.junit.internal.runners.MethodRoadie.runTest(MethodRoadie.java:87)
	at org.junit.internal.runners.MethodRoadie.run(MethodRoadie.java:50)
	at org.powermock.modules.junit4.internal.impl.PowerMockJUnit44RunnerDelegateImpl.invokeTestMethod(PowerMockJUnit44RunnerDelegateImpl.java:218)
	at org.powermock.modules.junit4.internal.impl.PowerMockJUnit44RunnerDelegateImpl.runMethods(PowerMockJUnit44RunnerDelegateImpl.java:160)
	at org.powermock.modules.junit4.internal.impl.PowerMockJUnit44RunnerDelegateImpl$1.run(PowerMockJUnit44RunnerDelegateImpl.java:134)
	at org.junit.internal.runners.ClassRoadie.runUnprotected(ClassRoadie.java:34)
	at org.junit.internal.runners.ClassRoadie.runProtected(ClassRoadie.java:44)
	at org.powermock.modules.junit4.internal.impl.PowerMockJUnit44RunnerDelegateImpl.run(PowerMockJUnit44RunnerDelegateImpl.java:136)
	at org.powermock.modules.junit4.common.internal.impl.JUnit4TestSuiteChunkerImpl.run(JUnit4TestSuiteChunkerImpl.java:117)
	at org.powermock.modules.junit4.common.internal.impl.AbstractCommonPowerMockRunner.run(AbstractCommonPowerMockRunner.java:57)
	at org.powermock.modules.junit4.PowerMockRunner.run(PowerMockRunner.java:59)
	at org.apache.maven.surefire.junit4.JUnit4Provider.execute(JUnit4Provider.java:264)
	at org.apache.maven.surefire.junit4.JUnit4Provider.executeTestSet(JUnit4Provider.java:153)
	at org.apache.maven.surefire.junit4.JUnit4Provider.invoke(JUnit4Provider.java:124)
	at org.apache.maven.surefire.booter.ForkedBooter.invokeProviderInSameClassLoader(ForkedBooter.java:200)
	at org.apache.maven.surefire.booter.ForkedBooter.runSuitesInProcess(ForkedBooter.java:153)
	at org.apache.maven.surefire.booter.ForkedBooter.main(ForkedBooter.java:103)
Caused by: com.sonymobile.tools.gerrit.gerritevents.ssh.SshException
	at com.sonymobile.tools.gerrit.gerritevents.workers.cmd.AbstractSendCommandJob.sendCommand2(AbstractSendCommandJob.java:116)
	... 34 more

Jan 25, 2023 9:25:58 AM com.sonymobile.tools.gerrit.gerritevents.workers.cmd.AbstractSendCommandJob sendCommandStr
SEVERE: Could not run command test command
java.io.IOException: Error during sending command
	at com.sonymobile.tools.gerrit.gerritevents.workers.cmd.AbstractSendCommandJob.sendCommand2(AbstractSendCommandJob.java:118)
	at com.sonymobile.tools.gerrit.gerritevents.workers.cmd.AbstractSendCommandJob.sendCommandStr(AbstractSendCommandJob.java:96)
	at com.sonymobile.tools.gerrit.gerritevents.workers.cmd.AbstractSendCommandJobTest.testSendCommandStrNoConnection(AbstractSendCommandJobTest.java:152)
	at java.base/jdk.internal.reflect.NativeMethodAccessorImpl.invoke0(Native Method)
	at java.base/jdk.internal.reflect.NativeMethodAccessorImpl.invoke(NativeMethodAccessorImpl.java:62)
	at java.base/jdk.internal.reflect.DelegatingMethodAccessorImpl.invoke(DelegatingMethodAccessorImpl.java:43)
	at java.base/java.lang.reflect.Method.invoke(Method.java:566)
	at org.junit.internal.runners.TestMethod.invoke(TestMethod.java:68)
	at org.powermock.modules.junit4.internal.impl.PowerMockJUnit44RunnerDelegateImpl$PowerMockJUnit44MethodRunner.runTestMethod(PowerMockJUnit44RunnerDelegateImpl.java:326)
	at org.junit.internal.runners.MethodRoadie$2.run(MethodRoadie.java:89)
	at org.junit.internal.runners.MethodRoadie.runBeforesThenTestThenAfters(MethodRoadie.java:97)
	at org.powermock.modules.junit4.internal.impl.PowerMockJUnit44RunnerDelegateImpl$PowerMockJUnit44MethodRunner.executeTest(PowerMockJUnit44RunnerDelegateImpl.java:310)
	at org.powermock.modules.junit4.internal.impl.PowerMockJUnit47RunnerDelegateImpl$PowerMockJUnit47MethodRunner.executeTestInSuper(PowerMockJUnit47RunnerDelegateImpl.java:131)
	at org.powermock.modules.junit4.internal.impl.PowerMockJUnit47RunnerDelegateImpl$PowerMockJUnit47MethodRunner.access$100(PowerMockJUnit47RunnerDelegateImpl.java:59)
	at org.powermock.modules.junit4.internal.impl.PowerMockJUnit47RunnerDelegateImpl$PowerMockJUnit47MethodRunner$TestExecutorStatement.evaluate(PowerMockJUnit47RunnerDelegateImpl.java:147)
	at org.powermock.modules.junit4.internal.impl.PowerMockJUnit47RunnerDelegateImpl$PowerMockJUnit47MethodRunner.evaluateStatement(PowerMockJUnit47RunnerDelegateImpl.java:107)
	at org.powermock.modules.junit4.internal.impl.PowerMockJUnit47RunnerDelegateImpl$PowerMockJUnit47MethodRunner.executeTest(PowerMockJUnit47RunnerDelegateImpl.java:82)
	at org.powermock.modules.junit4.internal.impl.PowerMockJUnit44RunnerDelegateImpl$PowerMockJUnit44MethodRunner.runBeforesThenTestThenAfters(PowerMockJUnit44RunnerDelegateImpl.java:298)
	at org.junit.internal.runners.MethodRoadie.runTest(MethodRoadie.java:87)
	at org.junit.internal.runners.MethodRoadie.run(MethodRoadie.java:50)
	at org.powermock.modules.junit4.internal.impl.PowerMockJUnit44RunnerDelegateImpl.invokeTestMethod(PowerMockJUnit44RunnerDelegateImpl.java:218)
	at org.powermock.modules.junit4.internal.impl.PowerMockJUnit44RunnerDelegateImpl.runMethods(PowerMockJUnit44RunnerDelegateImpl.java:160)
	at org.powermock.modules.junit4.internal.impl.PowerMockJUnit44RunnerDelegateImpl$1.run(PowerMockJUnit44RunnerDelegateImpl.java:134)
	at org.junit.internal.runners.ClassRoadie.runUnprotected(ClassRoadie.java:34)
	at org.junit.internal.runners.ClassRoadie.runProtected(ClassRoadie.java:44)
	at org.powermock.modules.junit4.internal.impl.PowerMockJUnit44RunnerDelegateImpl.run(PowerMockJUnit44RunnerDelegateImpl.java:136)
	at org.powermock.modules.junit4.common.internal.impl.JUnit4TestSuiteChunkerImpl.run(JUnit4TestSuiteChunkerImpl.java:117)
	at org.powermock.modules.junit4.common.internal.impl.AbstractCommonPowerMockRunner.run(AbstractCommonPowerMockRunner.java:57)
	at org.powermock.modules.junit4.PowerMockRunner.run(PowerMockRunner.java:59)
	at org.apache.maven.surefire.junit4.JUnit4Provider.execute(JUnit4Provider.java:264)
	at org.apache.maven.surefire.junit4.JUnit4Provider.executeTestSet(JUnit4Provider.java:153)
	at org.apache.maven.surefire.junit4.JUnit4Provider.invoke(JUnit4Provider.java:124)
	at org.apache.maven.surefire.booter.ForkedBooter.invokeProviderInSameClassLoader(ForkedBooter.java:200)
	at org.apache.maven.surefire.booter.ForkedBooter.runSuitesInProcess(ForkedBooter.java:153)
	at org.apache.maven.surefire.booter.ForkedBooter.main(ForkedBooter.java:103)
Caused by: java.io.IOException
	at org.powermock.core.MockGateway.doMethodCall(MockGateway.java:186)
	at org.powermock.core.MockGateway.doMethodCall(MockGateway.java:168)
	at org.powermock.core.MockGateway.methodCall(MockGateway.java:145)
	at com.sonymobile.tools.gerrit.gerritevents.ssh.SshConnectionFactory.getConnection(SshConnectionFactory.java)
	at com.sonymobile.tools.gerrit.gerritevents.workers.cmd.AbstractSendCommandJob.sendCommand2(AbstractSendCommandJob.java:114)
	... 34 more

Jan 25, 2023 9:25:58 AM com.sonymobile.tools.gerrit.gerritevents.workers.cmd.AbstractSendCommandJob sendCommandStr
SEVERE: Could not run command test command
java.io.IOException: Error during sending command
	at com.sonymobile.tools.gerrit.gerritevents.workers.cmd.AbstractSendCommandJob.sendCommand2(AbstractSendCommandJob.java:118)
	at com.sonymobile.tools.gerrit.gerritevents.workers.cmd.AbstractSendCommandJob.sendCommandStr(AbstractSendCommandJob.java:96)
	at com.sonymobile.tools.gerrit.gerritevents.workers.cmd.AbstractSendCommandJobTest.testSendCommandStrWithError(AbstractSendCommandJobTest.java:170)
	at java.base/jdk.internal.reflect.NativeMethodAccessorImpl.invoke0(Native Method)
	at java.base/jdk.internal.reflect.NativeMethodAccessorImpl.invoke(NativeMethodAccessorImpl.java:62)
	at java.base/jdk.internal.reflect.DelegatingMethodAccessorImpl.invoke(DelegatingMethodAccessorImpl.java:43)
	at java.base/java.lang.reflect.Method.invoke(Method.java:566)
	at org.junit.internal.runners.TestMethod.invoke(TestMethod.java:68)
	at org.powermock.modules.junit4.internal.impl.PowerMockJUnit44RunnerDelegateImpl$PowerMockJUnit44MethodRunner.runTestMethod(PowerMockJUnit44RunnerDelegateImpl.java:326)
	at org.junit.internal.runners.MethodRoadie$2.run(MethodRoadie.java:89)
	at org.junit.internal.runners.MethodRoadie.runBeforesThenTestThenAfters(MethodRoadie.java:97)
	at org.powermock.modules.junit4.internal.impl.PowerMockJUnit44RunnerDelegateImpl$PowerMockJUnit44MethodRunner.executeTest(PowerMockJUnit44RunnerDelegateImpl.java:310)
	at org.powermock.modules.junit4.internal.impl.PowerMockJUnit47RunnerDelegateImpl$PowerMockJUnit47MethodRunner.executeTestInSuper(PowerMockJUnit47RunnerDelegateImpl.java:131)
	at org.powermock.modules.junit4.internal.impl.PowerMockJUnit47RunnerDelegateImpl$PowerMockJUnit47MethodRunner.access$100(PowerMockJUnit47RunnerDelegateImpl.java:59)
	at org.powermock.modules.junit4.internal.impl.PowerMockJUnit47RunnerDelegateImpl$PowerMockJUnit47MethodRunner$TestExecutorStatement.evaluate(PowerMockJUnit47RunnerDelegateImpl.java:147)
	at org.powermock.modules.junit4.internal.impl.PowerMockJUnit47RunnerDelegateImpl$PowerMockJUnit47MethodRunner.evaluateStatement(PowerMockJUnit47RunnerDelegateImpl.java:107)
	at org.powermock.modules.junit4.internal.impl.PowerMockJUnit47RunnerDelegateImpl$PowerMockJUnit47MethodRunner.executeTest(PowerMockJUnit47RunnerDelegateImpl.java:82)
	at org.powermock.modules.junit4.internal.impl.PowerMockJUnit44RunnerDelegateImpl$PowerMockJUnit44MethodRunner.runBeforesThenTestThenAfters(PowerMockJUnit44RunnerDelegateImpl.java:298)
	at org.junit.internal.runners.MethodRoadie.runTest(MethodRoadie.java:87)
	at org.junit.internal.runners.MethodRoadie.run(MethodRoadie.java:50)
	at org.powermock.modules.junit4.internal.impl.PowerMockJUnit44RunnerDelegateImpl.invokeTestMethod(PowerMockJUnit44RunnerDelegateImpl.java:218)
	at org.powermock.modules.junit4.internal.impl.PowerMockJUnit44RunnerDelegateImpl.runMethods(PowerMockJUnit44RunnerDelegateImpl.java:160)
	at org.powermock.modules.junit4.internal.impl.PowerMockJUnit44RunnerDelegateImpl$1.run(PowerMockJUnit44RunnerDelegateImpl.java:134)
	at org.junit.internal.runners.ClassRoadie.runUnprotected(ClassRoadie.java:34)
	at org.junit.internal.runners.ClassRoadie.runProtected(ClassRoadie.java:44)
	at org.powermock.modules.junit4.internal.impl.PowerMockJUnit44RunnerDelegateImpl.run(PowerMockJUnit44RunnerDelegateImpl.java:136)
	at org.powermock.modules.junit4.common.internal.impl.JUnit4TestSuiteChunkerImpl.run(JUnit4TestSuiteChunkerImpl.java:117)
	at org.powermock.modules.junit4.common.internal.impl.AbstractCommonPowerMockRunner.run(AbstractCommonPowerMockRunner.java:57)
	at org.powermock.modules.junit4.PowerMockRunner.run(PowerMockRunner.java:59)
	at org.apache.maven.surefire.junit4.JUnit4Provider.execute(JUnit4Provider.java:264)
	at org.apache.maven.surefire.junit4.JUnit4Provider.executeTestSet(JUnit4Provider.java:153)
	at org.apache.maven.surefire.junit4.JUnit4Provider.invoke(JUnit4Provider.java:124)
	at org.apache.maven.surefire.booter.ForkedBooter.invokeProviderInSameClassLoader(ForkedBooter.java:200)
	at org.apache.maven.surefire.booter.ForkedBooter.runSuitesInProcess(ForkedBooter.java:153)
	at org.apache.maven.surefire.booter.ForkedBooter.main(ForkedBooter.java:103)
Caused by: com.sonymobile.tools.gerrit.gerritevents.ssh.SshException
	at com.sonymobile.tools.gerrit.gerritevents.workers.cmd.AbstractSendCommandJob.sendCommand2(AbstractSendCommandJob.java:116)
	... 34 more

Tests run: 9, Failures: 0, Errors: 0, Skipped: 0, Time elapsed: 1.176 sec - in com.sonymobile.tools.gerrit.gerritevents.workers.cmd.AbstractSendCommandJobTest
Running com.sonymobile.tools.gerrit.gerritevents.workers.rest.AbstractRestCommandJob2Test
Creating server
Jan 25, 2023 9:25:58 AM org.eclipse.jetty.util.log.Log initialized
INFO: Logging initialized @250ms to org.eclipse.jetty.util.log.Slf4jLog
Starting server
Jan 25, 2023 9:25:58 AM org.eclipse.jetty.server.Server doStart
INFO: jetty-9.4.28.v20200408; built: 2020-04-08T17:49:39.557Z; git: ab228fde9e55e9164c738d7fa121f8ac5acd51c9; jvm 11.0.17+8-post-Ubuntu-1ubuntu218.04
Jan 25, 2023 9:25:58 AM org.eclipse.jetty.server.AbstractConnector doStart
INFO: Started ServerConnector@458c1321{HTTP/1.1, (http/1.1)}{0.0.0.0:33805}
Jan 25, 2023 9:25:58 AM org.eclipse.jetty.server.Server doStart
INFO: Started @460ms
Running job
requestContent = {"message":"Hello Gerrit","labels":{"code-review":1},"comments":{}}
JSON: {"message":"Hello Gerrit","labels":{"code-review":1},"comments":{}}
RESPONSE: <response>OK</response>

Jan 25, 2023 9:25:59 AM org.eclipse.jetty.server.AbstractConnector doStop
INFO: Stopped ServerConnector@458c1321{HTTP/1.1, (http/1.1)}{0.0.0.0:0}
Tests run: 1, Failures: 0, Errors: 0, Skipped: 0, Time elapsed: 0.723 sec - in com.sonymobile.tools.gerrit.gerritevents.workers.rest.AbstractRestCommandJob2Test
Running com.sonymobile.tools.gerrit.gerritevents.workers.rest.AbstractRestCommandJobTest
Creating server
Jan 25, 2023 9:25:59 AM org.eclipse.jetty.util.log.Log initialized
INFO: Logging initialized @238ms to org.eclipse.jetty.util.log.Slf4jLog
Starting server
Jan 25, 2023 9:25:59 AM org.eclipse.jetty.server.Server doStart
INFO: jetty-9.4.28.v20200408; built: 2020-04-08T17:49:39.557Z; git: ab228fde9e55e9164c738d7fa121f8ac5acd51c9; jvm 11.0.17+8-post-Ubuntu-1ubuntu218.04
Jan 25, 2023 9:25:59 AM org.eclipse.jetty.server.AbstractConnector doStart
INFO: Started ServerConnector@458c1321{HTTP/1.1, (http/1.1)}{0.0.0.0:35265}
Jan 25, 2023 9:25:59 AM org.eclipse.jetty.server.Server doStart
INFO: Started @516ms
Running job
requestContent = {"message":"Hello Gerrit","labels":{"code-review":1},"comments":{}}
JSON: {"message":"Hello Gerrit","labels":{"code-review":1},"comments":{}}
Jan 25, 2023 9:26:00 AM org.eclipse.jetty.server.AbstractConnector doStop
INFO: Stopped ServerConnector@458c1321{HTTP/1.1, (http/1.1)}{0.0.0.0:0}
Tests run: 1, Failures: 0, Errors: 0, Skipped: 0, Time elapsed: 0.766 sec - in com.sonymobile.tools.gerrit.gerritevents.workers.rest.AbstractRestCommandJobTest
Running com.sonymobile.tools.gerrit.gerritevents.workers.StreamEventsStringWorkTest
Tests run: 1, Failures: 0, Errors: 0, Skipped: 0, Time elapsed: 0.13 sec - in com.sonymobile.tools.gerrit.gerritevents.workers.StreamEventsStringWorkTest
Running com.sonymobile.tools.gerrit.gerritevents.workers.GerritEventWorkTest
Tests run: 1, Failures: 0, Errors: 0, Skipped: 0, Time elapsed: 0.137 sec - in com.sonymobile.tools.gerrit.gerritevents.workers.GerritEventWorkTest
Running com.sonymobile.tools.gerrit.gerritevents.GerritHandlerQueueTest
Jan 25, 2023 9:26:00 AM com.sonymobile.tools.gerrit.gerritevents.GerritHandler startQueue
INFO: ReceiveQueue started! Current pool size: 1
Jan 25, 2023 9:26:00 AM com.sonymobile.tools.gerrit.gerritevents.GerritHandler scheduleGerritWhitelistRead
INFO: config file for whitelist not found; will not filter events for processing
Jan 25, 2023 9:26:00 AM com.sonymobile.tools.gerrit.gerritevents.GerritHandler startQueue
INFO: ReceiveQueue running. Current pool size: 5. Current Queue size: 5
Jan 25, 2023 9:26:00 AM com.sonymobile.tools.gerrit.gerritevents.GerritHandler startQueue
INFO: Nr of active pool-threads: 5
Jan 25, 2023 9:26:01 AM com.sonymobile.tools.gerrit.gerritevents.GerritHandler startQueue
INFO: ReceiveQueue started! Current pool size: 1
Jan 25, 2023 9:26:01 AM com.sonymobile.tools.gerrit.gerritevents.GerritHandler startQueue
INFO: ReceiveQueue running. Current pool size: 5. Current Queue size: 0
Jan 25, 2023 9:26:01 AM com.sonymobile.tools.gerrit.gerritevents.GerritHandler startQueue
INFO: Nr of active pool-threads: 0
Jan 25, 2023 9:26:03 AM com.sonymobile.tools.gerrit.gerritevents.GerritHandler startQueue
INFO: ReceiveQueue started! Current pool size: 1
Jan 25, 2023 9:26:03 AM com.sonymobile.tools.gerrit.gerritevents.GerritHandler scheduleGerritWhitelistRead
INFO: config file for whitelist not found; will not filter events for processing
Jan 25, 2023 9:26:03 AM com.sonymobile.tools.gerrit.gerritevents.GerritHandler checkQueueSize
WARNING: The Gerrit incoming events queue contains 40 items! Something might be stuck, or your system can't process the commands fast enough. Try to increase the number of receiving worker threads. Current thread-pool size: 1
Jan 25, 2023 9:26:03 AM com.sonymobile.tools.gerrit.gerritevents.GerritHandler checkQueueSize
WARNING: The Gerrit incoming events queue contains 40 items! Something might be stuck, or your system can't process the commands fast enough. Try to increase the number of receiving worker threads. Current thread-pool size: 1
Jan 25, 2023 9:26:03 AM com.sonymobile.tools.gerrit.gerritevents.GerritHandler checkQueueSize
WARNING: The Gerrit incoming events queue contains 41 items! Something might be stuck, or your system can't process the commands fast enough. Try to increase the number of receiving worker threads. Current thread-pool size: 1
Jan 25, 2023 9:26:03 AM com.sonymobile.tools.gerrit.gerritevents.GerritHandler checkQueueSize
WARNING: The Gerrit incoming events queue contains 41 items! Something might be stuck, or your system can't process the commands fast enough. Try to increase the number of receiving worker threads. Current thread-pool size: 1
Jan 25, 2023 9:26:03 AM com.sonymobile.tools.gerrit.gerritevents.GerritHandler checkQueueSize
WARNING: The Gerrit incoming events queue contains 42 items! Something might be stuck, or your system can't process the commands fast enough. Try to increase the number of receiving worker threads. Current thread-pool size: 1
Jan 25, 2023 9:26:03 AM com.sonymobile.tools.gerrit.gerritevents.GerritHandler checkQueueSize
WARNING: The Gerrit incoming events queue contains 42 items! Something might be stuck, or your system can't process the commands fast enough. Try to increase the number of receiving worker threads. Current thread-pool size: 1
Jan 25, 2023 9:26:03 AM com.sonymobile.tools.gerrit.gerritevents.GerritHandler checkQueueSize
WARNING: The Gerrit incoming events queue contains 43 items! Something might be stuck, or your system can't process the commands fast enough. Try to increase the number of receiving worker threads. Current thread-pool size: 1
Jan 25, 2023 9:26:03 AM com.sonymobile.tools.gerrit.gerritevents.GerritHandler checkQueueSize
WARNING: The Gerrit incoming events queue contains 43 items! Something might be stuck, or your system can't process the commands fast enough. Try to increase the number of receiving worker threads. Current thread-pool size: 1
Jan 25, 2023 9:26:03 AM com.sonymobile.tools.gerrit.gerritevents.GerritHandler checkQueueSize
WARNING: The Gerrit incoming events queue contains 44 items! Something might be stuck, or your system can't process the commands fast enough. Try to increase the number of receiving worker threads. Current thread-pool size: 1
Jan 25, 2023 9:26:03 AM com.sonymobile.tools.gerrit.gerritevents.GerritHandler checkQueueSize
WARNING: The Gerrit incoming events queue contains 44 items! Something might be stuck, or your system can't process the commands fast enough. Try to increase the number of receiving worker threads. Current thread-pool size: 1
Jan 25, 2023 9:26:03 AM com.sonymobile.tools.gerrit.gerritevents.GerritHandler checkQueueSize
WARNING: The Gerrit incoming events queue contains 45 items! Something might be stuck, or your system can't process the commands fast enough. Try to increase the number of receiving worker threads. Current thread-pool size: 1
Jan 25, 2023 9:26:03 AM com.sonymobile.tools.gerrit.gerritevents.GerritHandler checkQueueSize
WARNING: The Gerrit incoming events queue contains 45 items! Something might be stuck, or your system can't process the commands fast enough. Try to increase the number of receiving worker threads. Current thread-pool size: 1
Jan 25, 2023 9:26:03 AM com.sonymobile.tools.gerrit.gerritevents.GerritHandler checkQueueSize
WARNING: The Gerrit incoming events queue contains 46 items! Something might be stuck, or your system can't process the commands fast enough. Try to increase the number of receiving worker threads. Current thread-pool size: 1
Jan 25, 2023 9:26:03 AM com.sonymobile.tools.gerrit.gerritevents.GerritHandler checkQueueSize
WARNING: The Gerrit incoming events queue contains 46 items! Something might be stuck, or your system can't process the commands fast enough. Try to increase the number of receiving worker threads. Current thread-pool size: 1
Jan 25, 2023 9:26:03 AM com.sonymobile.tools.gerrit.gerritevents.GerritHandler checkQueueSize
WARNING: The Gerrit incoming events queue contains 47 items! Something might be stuck, or your system can't process the commands fast enough. Try to increase the number of receiving worker threads. Current thread-pool size: 1
Jan 25, 2023 9:26:03 AM com.sonymobile.tools.gerrit.gerritevents.GerritHandler checkQueueSize
WARNING: The Gerrit incoming events queue contains 47 items! Something might be stuck, or your system can't process the commands fast enough. Try to increase the number of receiving worker threads. Current thread-pool size: 1
Jan 25, 2023 9:26:03 AM com.sonymobile.tools.gerrit.gerritevents.GerritHandler checkQueueSize
WARNING: The Gerrit incoming events queue contains 48 items! Something might be stuck, or your system can't process the commands fast enough. Try to increase the number of receiving worker threads. Current thread-pool size: 1
Jan 25, 2023 9:26:03 AM com.sonymobile.tools.gerrit.gerritevents.GerritHandler checkQueueSize
WARNING: The Gerrit incoming events queue contains 48 items! Something might be stuck, or your system can't process the commands fast enough. Try to increase the number of receiving worker threads. Current thread-pool size: 1
Jan 25, 2023 9:26:03 AM com.sonymobile.tools.gerrit.gerritevents.GerritHandler checkQueueSize
WARNING: The Gerrit incoming events queue contains 49 items! Something might be stuck, or your system can't process the commands fast enough. Try to increase the number of receiving worker threads. Current thread-pool size: 1
Jan 25, 2023 9:26:03 AM com.sonymobile.tools.gerrit.gerritevents.GerritHandler checkQueueSize
WARNING: The Gerrit incoming events queue contains 49 items! Something might be stuck, or your system can't process the commands fast enough. Try to increase the number of receiving worker threads. Current thread-pool size: 1
Jan 25, 2023 9:26:03 AM com.sonymobile.tools.gerrit.gerritevents.GerritHandler checkQueueSize
WARNING: The Gerrit incoming events queue contains 50 items! Something might be stuck, or your system can't process the commands fast enough. Try to increase the number of receiving worker threads. Current thread-pool size: 1
Jan 25, 2023 9:26:03 AM com.sonymobile.tools.gerrit.gerritevents.GerritHandler checkQueueSize
WARNING: The Gerrit incoming events queue contains 50 items! Something might be stuck, or your system can't process the commands fast enough. Try to increase the number of receiving worker threads. Current thread-pool size: 1
Jan 25, 2023 9:26:03 AM com.sonymobile.tools.gerrit.gerritevents.GerritHandler checkQueueSize
WARNING: The Gerrit incoming events queue contains 51 items! Something might be stuck, or your system can't process the commands fast enough. Try to increase the number of receiving worker threads. Current thread-pool size: 1
Jan 25, 2023 9:26:03 AM com.sonymobile.tools.gerrit.gerritevents.GerritHandler checkQueueSize
WARNING: The Gerrit incoming events queue contains 51 items! Something might be stuck, or your system can't process the commands fast enough. Try to increase the number of receiving worker threads. Current thread-pool size: 1
Jan 25, 2023 9:26:03 AM com.sonymobile.tools.gerrit.gerritevents.GerritHandler checkQueueSize
WARNING: The Gerrit incoming events queue contains 52 items! Something might be stuck, or your system can't process the commands fast enough. Try to increase the number of receiving worker threads. Current thread-pool size: 1
Jan 25, 2023 9:26:03 AM com.sonymobile.tools.gerrit.gerritevents.GerritHandler checkQueueSize
WARNING: The Gerrit incoming events queue contains 52 items! Something might be stuck, or your system can't process the commands fast enough. Try to increase the number of receiving worker threads. Current thread-pool size: 1
Jan 25, 2023 9:26:03 AM com.sonymobile.tools.gerrit.gerritevents.GerritHandler checkQueueSize
WARNING: The Gerrit incoming events queue contains 53 items! Something might be stuck, or your system can't process the commands fast enough. Try to increase the number of receiving worker threads. Current thread-pool size: 1
Jan 25, 2023 9:26:03 AM com.sonymobile.tools.gerrit.gerritevents.GerritHandler checkQueueSize
WARNING: The Gerrit incoming events queue contains 53 items! Something might be stuck, or your system can't process the commands fast enough. Try to increase the number of receiving worker threads. Current thread-pool size: 1
Jan 25, 2023 9:26:03 AM com.sonymobile.tools.gerrit.gerritevents.GerritHandler checkQueueSize
WARNING: The Gerrit incoming events queue contains 54 items! Something might be stuck, or your system can't process the commands fast enough. Try to increase the number of receiving worker threads. Current thread-pool size: 1
Jan 25, 2023 9:26:03 AM com.sonymobile.tools.gerrit.gerritevents.GerritHandler checkQueueSize
WARNING: The Gerrit incoming events queue contains 54 items! Something might be stuck, or your system can't process the commands fast enough. Try to increase the number of receiving worker threads. Current thread-pool size: 1
Jan 25, 2023 9:26:03 AM com.sonymobile.tools.gerrit.gerritevents.GerritHandler checkQueueSize
WARNING: The Gerrit incoming events queue contains 55 items! Something might be stuck, or your system can't process the commands fast enough. Try to increase the number of receiving worker threads. Current thread-pool size: 1
Jan 25, 2023 9:26:03 AM com.sonymobile.tools.gerrit.gerritevents.GerritHandler checkQueueSize
WARNING: The Gerrit incoming events queue contains 55 items! Something might be stuck, or your system can't process the commands fast enough. Try to increase the number of receiving worker threads. Current thread-pool size: 1
Jan 25, 2023 9:26:03 AM com.sonymobile.tools.gerrit.gerritevents.GerritHandler checkQueueSize
WARNING: The Gerrit incoming events queue contains 56 items! Something might be stuck, or your system can't process the commands fast enough. Try to increase the number of receiving worker threads. Current thread-pool size: 1
Jan 25, 2023 9:26:03 AM com.sonymobile.tools.gerrit.gerritevents.GerritHandler checkQueueSize
WARNING: The Gerrit incoming events queue contains 56 items! Something might be stuck, or your system can't process the commands fast enough. Try to increase the number of receiving worker threads. Current thread-pool size: 1
Jan 25, 2023 9:26:03 AM com.sonymobile.tools.gerrit.gerritevents.GerritHandler checkQueueSize
WARNING: The Gerrit incoming events queue contains 57 items! Something might be stuck, or your system can't process the commands fast enough. Try to increase the number of receiving worker threads. Current thread-pool size: 1
Jan 25, 2023 9:26:03 AM com.sonymobile.tools.gerrit.gerritevents.GerritHandler checkQueueSize
WARNING: The Gerrit incoming events queue contains 57 items! Something might be stuck, or your system can't process the commands fast enough. Try to increase the number of receiving worker threads. Current thread-pool size: 1
Jan 25, 2023 9:26:03 AM com.sonymobile.tools.gerrit.gerritevents.GerritHandler checkQueueSize
WARNING: The Gerrit incoming events queue contains 58 items! Something might be stuck, or your system can't process the commands fast enough. Try to increase the number of receiving worker threads. Current thread-pool size: 1
Jan 25, 2023 9:26:03 AM com.sonymobile.tools.gerrit.gerritevents.GerritHandler checkQueueSize
WARNING: The Gerrit incoming events queue contains 58 items! Something might be stuck, or your system can't process the commands fast enough. Try to increase the number of receiving worker threads. Current thread-pool size: 1
Jan 25, 2023 9:26:03 AM com.sonymobile.tools.gerrit.gerritevents.GerritHandler checkQueueSize
WARNING: The Gerrit incoming events queue contains 59 items! Something might be stuck, or your system can't process the commands fast enough. Try to increase the number of receiving worker threads. Current thread-pool size: 1
Jan 25, 2023 9:26:03 AM com.sonymobile.tools.gerrit.gerritevents.GerritHandler checkQueueSize
WARNING: The Gerrit incoming events queue contains 59 items! Something might be stuck, or your system can't process the commands fast enough. Try to increase the number of receiving worker threads. Current thread-pool size: 1
Jan 25, 2023 9:26:03 AM com.sonymobile.tools.gerrit.gerritevents.GerritHandler checkQueueSize
WARNING: The Gerrit incoming events queue contains 60 items! Something might be stuck, or your system can't process the commands fast enough. Try to increase the number of receiving worker threads. Current thread-pool size: 1
Jan 25, 2023 9:26:03 AM com.sonymobile.tools.gerrit.gerritevents.GerritHandler checkQueueSize
WARNING: The Gerrit incoming events queue contains 60 items! Something might be stuck, or your system can't process the commands fast enough. Try to increase the number of receiving worker threads. Current thread-pool size: 1
Jan 25, 2023 9:26:03 AM com.sonymobile.tools.gerrit.gerritevents.GerritHandler checkQueueSize
WARNING: The Gerrit incoming events queue contains 61 items! Something might be stuck, or your system can't process the commands fast enough. Try to increase the number of receiving worker threads. Current thread-pool size: 1
Jan 25, 2023 9:26:03 AM com.sonymobile.tools.gerrit.gerritevents.GerritHandler checkQueueSize
WARNING: The Gerrit incoming events queue contains 61 items! Something might be stuck, or your system can't process the commands fast enough. Try to increase the number of receiving worker threads. Current thread-pool size: 1
Jan 25, 2023 9:26:03 AM com.sonymobile.tools.gerrit.gerritevents.GerritHandler checkQueueSize
WARNING: The Gerrit incoming events queue contains 62 items! Something might be stuck, or your system can't process the commands fast enough. Try to increase the number of receiving worker threads. Current thread-pool size: 1
Jan 25, 2023 9:26:03 AM com.sonymobile.tools.gerrit.gerritevents.GerritHandler checkQueueSize
WARNING: The Gerrit incoming events queue contains 62 items! Something might be stuck, or your system can't process the commands fast enough. Try to increase the number of receiving worker threads. Current thread-pool size: 1
Jan 25, 2023 9:26:03 AM com.sonymobile.tools.gerrit.gerritevents.GerritHandler checkQueueSize
WARNING: The Gerrit incoming events queue contains 63 items! Something might be stuck, or your system can't process the commands fast enough. Try to increase the number of receiving worker threads. Current thread-pool size: 1
Jan 25, 2023 9:26:03 AM com.sonymobile.tools.gerrit.gerritevents.GerritHandler checkQueueSize
WARNING: The Gerrit incoming events queue contains 63 items! Something might be stuck, or your system can't process the commands fast enough. Try to increase the number of receiving worker threads. Current thread-pool size: 1
Jan 25, 2023 9:26:03 AM com.sonymobile.tools.gerrit.gerritevents.GerritHandler checkQueueSize
WARNING: The Gerrit incoming events queue contains 64 items! Something might be stuck, or your system can't process the commands fast enough. Try to increase the number of receiving worker threads. Current thread-pool size: 1
Jan 25, 2023 9:26:03 AM com.sonymobile.tools.gerrit.gerritevents.GerritHandler checkQueueSize
WARNING: The Gerrit incoming events queue contains 64 items! Something might be stuck, or your system can't process the commands fast enough. Try to increase the number of receiving worker threads. Current thread-pool size: 1
Jan 25, 2023 9:26:03 AM com.sonymobile.tools.gerrit.gerritevents.GerritHandler checkQueueSize
WARNING: The Gerrit incoming events queue contains 65 items! Something might be stuck, or your system can't process the commands fast enough. Try to increase the number of receiving worker threads. Current thread-pool size: 1
Jan 25, 2023 9:26:03 AM com.sonymobile.tools.gerrit.gerritevents.GerritHandler checkQueueSize
WARNING: The Gerrit incoming events queue contains 65 items! Something might be stuck, or your system can't process the commands fast enough. Try to increase the number of receiving worker threads. Current thread-pool size: 1
Jan 25, 2023 9:26:03 AM com.sonymobile.tools.gerrit.gerritevents.GerritHandler checkQueueSize
WARNING: The Gerrit incoming events queue contains 66 items! Something might be stuck, or your system can't process the commands fast enough. Try to increase the number of receiving worker threads. Current thread-pool size: 1
Jan 25, 2023 9:26:03 AM com.sonymobile.tools.gerrit.gerritevents.GerritHandler checkQueueSize
WARNING: The Gerrit incoming events queue contains 66 items! Something might be stuck, or your system can't process the commands fast enough. Try to increase the number of receiving worker threads. Current thread-pool size: 1
Jan 25, 2023 9:26:03 AM com.sonymobile.tools.gerrit.gerritevents.GerritHandler checkQueueSize
WARNING: The Gerrit incoming events queue contains 67 items! Something might be stuck, or your system can't process the commands fast enough. Try to increase the number of receiving worker threads. Current thread-pool size: 1
Jan 25, 2023 9:26:03 AM com.sonymobile.tools.gerrit.gerritevents.GerritHandler checkQueueSize
WARNING: The Gerrit incoming events queue contains 67 items! Something might be stuck, or your system can't process the commands fast enough. Try to increase the number of receiving worker threads. Current thread-pool size: 1
Jan 25, 2023 9:26:03 AM com.sonymobile.tools.gerrit.gerritevents.GerritHandler checkQueueSize
WARNING: The Gerrit incoming events queue contains 68 items! Something might be stuck, or your system can't process the commands fast enough. Try to increase the number of receiving worker threads. Current thread-pool size: 1
Jan 25, 2023 9:26:03 AM com.sonymobile.tools.gerrit.gerritevents.GerritHandler checkQueueSize
WARNING: The Gerrit incoming events queue contains 68 items! Something might be stuck, or your system can't process the commands fast enough. Try to increase the number of receiving worker threads. Current thread-pool size: 1
Jan 25, 2023 9:26:03 AM com.sonymobile.tools.gerrit.gerritevents.GerritHandler checkQueueSize
WARNING: The Gerrit incoming events queue contains 69 items! Something might be stuck, or your system can't process the commands fast enough. Try to increase the number of receiving worker threads. Current thread-pool size: 1
Jan 25, 2023 9:26:03 AM com.sonymobile.tools.gerrit.gerritevents.GerritHandler checkQueueSize
WARNING: The Gerrit incoming events queue contains 69 items! Something might be stuck, or your system can't process the commands fast enough. Try to increase the number of receiving worker threads. Current thread-pool size: 1
Jan 25, 2023 9:26:03 AM com.sonymobile.tools.gerrit.gerritevents.GerritHandler checkQueueSize
WARNING: The Gerrit incoming events queue contains 70 items! Something might be stuck, or your system can't process the commands fast enough. Try to increase the number of receiving worker threads. Current thread-pool size: 1
Jan 25, 2023 9:26:03 AM com.sonymobile.tools.gerrit.gerritevents.GerritHandler checkQueueSize
WARNING: The Gerrit incoming events queue contains 70 items! Something might be stuck, or your system can't process the commands fast enough. Try to increase the number of receiving worker threads. Current thread-pool size: 1
Jan 25, 2023 9:26:03 AM com.sonymobile.tools.gerrit.gerritevents.GerritHandler checkQueueSize
WARNING: The Gerrit incoming events queue contains 71 items! Something might be stuck, or your system can't process the commands fast enough. Try to increase the number of receiving worker threads. Current thread-pool size: 1
Jan 25, 2023 9:26:03 AM com.sonymobile.tools.gerrit.gerritevents.GerritHandler checkQueueSize
WARNING: The Gerrit incoming events queue contains 71 items! Something might be stuck, or your system can't process the commands fast enough. Try to increase the number of receiving worker threads. Current thread-pool size: 1
Jan 25, 2023 9:26:03 AM com.sonymobile.tools.gerrit.gerritevents.GerritHandler checkQueueSize
WARNING: The Gerrit incoming events queue contains 72 items! Something might be stuck, or your system can't process the commands fast enough. Try to increase the number of receiving worker threads. Current thread-pool size: 1
Jan 25, 2023 9:26:03 AM com.sonymobile.tools.gerrit.gerritevents.GerritHandler checkQueueSize
WARNING: The Gerrit incoming events queue contains 72 items! Something might be stuck, or your system can't process the commands fast enough. Try to increase the number of receiving worker threads. Current thread-pool size: 1
Jan 25, 2023 9:26:03 AM com.sonymobile.tools.gerrit.gerritevents.GerritHandler checkQueueSize
WARNING: The Gerrit incoming events queue contains 73 items! Something might be stuck, or your system can't process the commands fast enough. Try to increase the number of receiving worker threads. Current thread-pool size: 1
Jan 25, 2023 9:26:03 AM com.sonymobile.tools.gerrit.gerritevents.GerritHandler checkQueueSize
WARNING: The Gerrit incoming events queue contains 73 items! Something might be stuck, or your system can't process the commands fast enough. Try to increase the number of receiving worker threads. Current thread-pool size: 1
Jan 25, 2023 9:26:03 AM com.sonymobile.tools.gerrit.gerritevents.GerritHandler checkQueueSize
WARNING: The Gerrit incoming events queue contains 74 items! Something might be stuck, or your system can't process the commands fast enough. Try to increase the number of receiving worker threads. Current thread-pool size: 1
Jan 25, 2023 9:26:03 AM com.sonymobile.tools.gerrit.gerritevents.GerritHandler checkQueueSize
WARNING: The Gerrit incoming events queue contains 74 items! Something might be stuck, or your system can't process the commands fast enough. Try to increase the number of receiving worker threads. Current thread-pool size: 1
Jan 25, 2023 9:26:03 AM com.sonymobile.tools.gerrit.gerritevents.GerritHandler checkQueueSize
WARNING: The Gerrit incoming events queue contains 75 items! Something might be stuck, or your system can't process the commands fast enough. Try to increase the number of receiving worker threads. Current thread-pool size: 1
Jan 25, 2023 9:26:03 AM com.sonymobile.tools.gerrit.gerritevents.GerritHandler checkQueueSize
WARNING: The Gerrit incoming events queue contains 75 items! Something might be stuck, or your system can't process the commands fast enough. Try to increase the number of receiving worker threads. Current thread-pool size: 1
Jan 25, 2023 9:26:03 AM com.sonymobile.tools.gerrit.gerritevents.GerritHandler checkQueueSize
WARNING: The Gerrit incoming events queue contains 76 items! Something might be stuck, or your system can't process the commands fast enough. Try to increase the number of receiving worker threads. Current thread-pool size: 1
Jan 25, 2023 9:26:03 AM com.sonymobile.tools.gerrit.gerritevents.GerritHandler checkQueueSize
WARNING: The Gerrit incoming events queue contains 76 items! Something might be stuck, or your system can't process the commands fast enough. Try to increase the number of receiving worker threads. Current thread-pool size: 1
Jan 25, 2023 9:26:03 AM com.sonymobile.tools.gerrit.gerritevents.GerritHandler checkQueueSize
WARNING: The Gerrit incoming events queue contains 77 items! Something might be stuck, or your system can't process the commands fast enough. Try to increase the number of receiving worker threads. Current thread-pool size: 1
Jan 25, 2023 9:26:03 AM com.sonymobile.tools.gerrit.gerritevents.GerritHandler checkQueueSize
WARNING: The Gerrit incoming events queue contains 77 items! Something might be stuck, or your system can't process the commands fast enough. Try to increase the number of receiving worker threads. Current thread-pool size: 1
Jan 25, 2023 9:26:03 AM com.sonymobile.tools.gerrit.gerritevents.GerritHandler checkQueueSize
WARNING: The Gerrit incoming events queue contains 78 items! Something might be stuck, or your system can't process the commands fast enough. Try to increase the number of receiving worker threads. Current thread-pool size: 1
Jan 25, 2023 9:26:03 AM com.sonymobile.tools.gerrit.gerritevents.GerritHandler checkQueueSize
WARNING: The Gerrit incoming events queue contains 78 items! Something might be stuck, or your system can't process the commands fast enough. Try to increase the number of receiving worker threads. Current thread-pool size: 1
Jan 25, 2023 9:26:03 AM com.sonymobile.tools.gerrit.gerritevents.GerritHandler checkQueueSize
WARNING: The Gerrit incoming events queue contains 79 items! Something might be stuck, or your system can't process the commands fast enough. Try to increase the number of receiving worker threads. Current thread-pool size: 1
Jan 25, 2023 9:26:03 AM com.sonymobile.tools.gerrit.gerritevents.GerritHandler checkQueueSize
WARNING: The Gerrit incoming events queue contains 79 items! Something might be stuck, or your system can't process the commands fast enough. Try to increase the number of receiving worker threads. Current thread-pool size: 1
Jan 25, 2023 9:26:03 AM com.sonymobile.tools.gerrit.gerritevents.GerritHandler checkQueueSize
WARNING: The Gerrit incoming events queue contains 80 items! Something might be stuck, or your system can't process the commands fast enough. Try to increase the number of receiving worker threads. Current thread-pool size: 1
Jan 25, 2023 9:26:03 AM com.sonymobile.tools.gerrit.gerritevents.GerritHandler checkQueueSize
WARNING: The Gerrit incoming events queue contains 80 items! Something might be stuck, or your system can't process the commands fast enough. Try to increase the number of receiving worker threads. Current thread-pool size: 1
Jan 25, 2023 9:26:03 AM com.sonymobile.tools.gerrit.gerritevents.GerritHandler checkQueueSize
WARNING: The Gerrit incoming events queue contains 81 items! Something might be stuck, or your system can't process the commands fast enough. Try to increase the number of receiving worker threads. Current thread-pool size: 1
Jan 25, 2023 9:26:03 AM com.sonymobile.tools.gerrit.gerritevents.GerritHandler checkQueueSize
WARNING: The Gerrit incoming events queue contains 81 items! Something might be stuck, or your system can't process the commands fast enough. Try to increase the number of receiving worker threads. Current thread-pool size: 1
Jan 25, 2023 9:26:03 AM com.sonymobile.tools.gerrit.gerritevents.GerritHandler checkQueueSize
WARNING: The Gerrit incoming events queue contains 82 items! Something might be stuck, or your system can't process the commands fast enough. Try to increase the number of receiving worker threads. Current thread-pool size: 1
Jan 25, 2023 9:26:03 AM com.sonymobile.tools.gerrit.gerritevents.GerritHandler checkQueueSize
WARNING: The Gerrit incoming events queue contains 82 items! Something might be stuck, or your system can't process the commands fast enough. Try to increase the number of receiving worker threads. Current thread-pool size: 1
Jan 25, 2023 9:26:03 AM com.sonymobile.tools.gerrit.gerritevents.GerritHandler checkQueueSize
WARNING: The Gerrit incoming events queue contains 83 items! Something might be stuck, or your system can't process the commands fast enough. Try to increase the number of receiving worker threads. Current thread-pool size: 1
Jan 25, 2023 9:26:03 AM com.sonymobile.tools.gerrit.gerritevents.GerritHandler checkQueueSize
WARNING: The Gerrit incoming events queue contains 83 items! Something might be stuck, or your system can't process the commands fast enough. Try to increase the number of receiving worker threads. Current thread-pool size: 1
Jan 25, 2023 9:26:03 AM com.sonymobile.tools.gerrit.gerritevents.GerritHandler checkQueueSize
WARNING: The Gerrit incoming events queue contains 84 items! Something might be stuck, or your system can't process the commands fast enough. Try to increase the number of receiving worker threads. Current thread-pool size: 1
Jan 25, 2023 9:26:03 AM com.sonymobile.tools.gerrit.gerritevents.GerritHandler checkQueueSize
WARNING: The Gerrit incoming events queue contains 84 items! Something might be stuck, or your system can't process the commands fast enough. Try to increase the number of receiving worker threads. Current thread-pool size: 1
Jan 25, 2023 9:26:03 AM com.sonymobile.tools.gerrit.gerritevents.GerritHandler checkQueueSize
WARNING: The Gerrit incoming events queue contains 85 items! Something might be stuck, or your system can't process the commands fast enough. Try to increase the number of receiving worker threads. Current thread-pool size: 1
Jan 25, 2023 9:26:03 AM com.sonymobile.tools.gerrit.gerritevents.GerritHandler checkQueueSize
WARNING: The Gerrit incoming events queue contains 85 items! Something might be stuck, or your system can't process the commands fast enough. Try to increase the number of receiving worker threads. Current thread-pool size: 1
Jan 25, 2023 9:26:03 AM com.sonymobile.tools.gerrit.gerritevents.GerritHandler checkQueueSize
WARNING: The Gerrit incoming events queue contains 86 items! Something might be stuck, or your system can't process the commands fast enough. Try to increase the number of receiving worker threads. Current thread-pool size: 1
Jan 25, 2023 9:26:03 AM com.sonymobile.tools.gerrit.gerritevents.GerritHandler checkQueueSize
WARNING: The Gerrit incoming events queue contains 86 items! Something might be stuck, or your system can't process the commands fast enough. Try to increase the number of receiving worker threads. Current thread-pool size: 1
Jan 25, 2023 9:26:03 AM com.sonymobile.tools.gerrit.gerritevents.GerritHandler checkQueueSize
WARNING: The Gerrit incoming events queue contains 87 items! Something might be stuck, or your system can't process the commands fast enough. Try to increase the number of receiving worker threads. Current thread-pool size: 1
Jan 25, 2023 9:26:03 AM com.sonymobile.tools.gerrit.gerritevents.GerritHandler checkQueueSize
WARNING: The Gerrit incoming events queue contains 87 items! Something might be stuck, or your system can't process the commands fast enough. Try to increase the number of receiving worker threads. Current thread-pool size: 1
Jan 25, 2023 9:26:03 AM com.sonymobile.tools.gerrit.gerritevents.GerritHandler checkQueueSize
WARNING: The Gerrit incoming events queue contains 88 items! Something might be stuck, or your system can't process the commands fast enough. Try to increase the number of receiving worker threads. Current thread-pool size: 1
Jan 25, 2023 9:26:03 AM com.sonymobile.tools.gerrit.gerritevents.GerritHandler checkQueueSize
WARNING: The Gerrit incoming events queue contains 88 items! Something might be stuck, or your system can't process the commands fast enough. Try to increase the number of receiving worker threads. Current thread-pool size: 1
Jan 25, 2023 9:26:03 AM com.sonymobile.tools.gerrit.gerritevents.GerritHandler checkQueueSize
WARNING: The Gerrit incoming events queue contains 89 items! Something might be stuck, or your system can't process the commands fast enough. Try to increase the number of receiving worker threads. Current thread-pool size: 1
Jan 25, 2023 9:26:03 AM com.sonymobile.tools.gerrit.gerritevents.GerritHandler checkQueueSize
WARNING: The Gerrit incoming events queue contains 89 items! Something might be stuck, or your system can't process the commands fast enough. Try to increase the number of receiving worker threads. Current thread-pool size: 1
Jan 25, 2023 9:26:03 AM com.sonymobile.tools.gerrit.gerritevents.GerritHandler checkQueueSize
WARNING: The Gerrit incoming events queue contains 90 items! Something might be stuck, or your system can't process the commands fast enough. Try to increase the number of receiving worker threads. Current thread-pool size: 1
Jan 25, 2023 9:26:03 AM com.sonymobile.tools.gerrit.gerritevents.GerritHandler checkQueueSize
WARNING: The Gerrit incoming events queue contains 90 items! Something might be stuck, or your system can't process the commands fast enough. Try to increase the number of receiving worker threads. Current thread-pool size: 1
Jan 25, 2023 9:26:03 AM com.sonymobile.tools.gerrit.gerritevents.GerritHandler checkQueueSize
WARNING: The Gerrit incoming events queue contains 91 items! Something might be stuck, or your system can't process the commands fast enough. Try to increase the number of receiving worker threads. Current thread-pool size: 1
Jan 25, 2023 9:26:03 AM com.sonymobile.tools.gerrit.gerritevents.GerritHandler checkQueueSize
WARNING: The Gerrit incoming events queue contains 91 items! Something might be stuck, or your system can't process the commands fast enough. Try to increase the number of receiving worker threads. Current thread-pool size: 1
Jan 25, 2023 9:26:03 AM com.sonymobile.tools.gerrit.gerritevents.GerritHandler checkQueueSize
WARNING: The Gerrit incoming events queue contains 92 items! Something might be stuck, or your system can't process the commands fast enough. Try to increase the number of receiving worker threads. Current thread-pool size: 1
Jan 25, 2023 9:26:03 AM com.sonymobile.tools.gerrit.gerritevents.GerritHandler checkQueueSize
WARNING: The Gerrit incoming events queue contains 92 items! Something might be stuck, or your system can't process the commands fast enough. Try to increase the number of receiving worker threads. Current thread-pool size: 1
Jan 25, 2023 9:26:03 AM com.sonymobile.tools.gerrit.gerritevents.GerritHandler checkQueueSize
WARNING: The Gerrit incoming events queue contains 93 items! Something might be stuck, or your system can't process the commands fast enough. Try to increase the number of receiving worker threads. Current thread-pool size: 1
Jan 25, 2023 9:26:03 AM com.sonymobile.tools.gerrit.gerritevents.GerritHandler checkQueueSize
WARNING: The Gerrit incoming events queue contains 93 items! Something might be stuck, or your system can't process the commands fast enough. Try to increase the number of receiving worker threads. Current thread-pool size: 1
Jan 25, 2023 9:26:03 AM com.sonymobile.tools.gerrit.gerritevents.GerritHandler checkQueueSize
WARNING: The Gerrit incoming events queue contains 94 items! Something might be stuck, or your system can't process the commands fast enough. Try to increase the number of receiving worker threads. Current thread-pool size: 1
Jan 25, 2023 9:26:03 AM com.sonymobile.tools.gerrit.gerritevents.GerritHandler checkQueueSize
WARNING: The Gerrit incoming events queue contains 94 items! Something might be stuck, or your system can't process the commands fast enough. Try to increase the number of receiving worker threads. Current thread-pool size: 1
Jan 25, 2023 9:26:03 AM com.sonymobile.tools.gerrit.gerritevents.GerritHandler checkQueueSize
WARNING: The Gerrit incoming events queue contains 95 items! Something might be stuck, or your system can't process the commands fast enough. Try to increase the number of receiving worker threads. Current thread-pool size: 1
Jan 25, 2023 9:26:03 AM com.sonymobile.tools.gerrit.gerritevents.GerritHandler checkQueueSize
WARNING: The Gerrit incoming events queue contains 95 items! Something might be stuck, or your system can't process the commands fast enough. Try to increase the number of receiving worker threads. Current thread-pool size: 1
Jan 25, 2023 9:26:03 AM com.sonymobile.tools.gerrit.gerritevents.GerritHandler checkQueueSize
WARNING: The Gerrit incoming events queue contains 96 items! Something might be stuck, or your system can't process the commands fast enough. Try to increase the number of receiving worker threads. Current thread-pool size: 1
Jan 25, 2023 9:26:03 AM com.sonymobile.tools.gerrit.gerritevents.GerritHandler checkQueueSize
WARNING: The Gerrit incoming events queue contains 96 items! Something might be stuck, or your system can't process the commands fast enough. Try to increase the number of receiving worker threads. Current thread-pool size: 1
Jan 25, 2023 9:26:03 AM com.sonymobile.tools.gerrit.gerritevents.GerritHandler checkQueueSize
WARNING: The Gerrit incoming events queue contains 97 items! Something might be stuck, or your system can't process the commands fast enough. Try to increase the number of receiving worker threads. Current thread-pool size: 1
Jan 25, 2023 9:26:03 AM com.sonymobile.tools.gerrit.gerritevents.GerritHandler checkQueueSize
WARNING: The Gerrit incoming events queue contains 97 items! Something might be stuck, or your system can't process the commands fast enough. Try to increase the number of receiving worker threads. Current thread-pool size: 1
Jan 25, 2023 9:26:03 AM com.sonymobile.tools.gerrit.gerritevents.GerritHandler checkQueueSize
WARNING: The Gerrit incoming events queue contains 98 items! Something might be stuck, or your system can't process the commands fast enough. Try to increase the number of receiving worker threads. Current thread-pool size: 1
Jan 25, 2023 9:26:03 AM com.sonymobile.tools.gerrit.gerritevents.GerritHandler checkQueueSize
WARNING: The Gerrit incoming events queue contains 98 items! Something might be stuck, or your system can't process the commands fast enough. Try to increase the number of receiving worker threads. Current thread-pool size: 1
Jan 25, 2023 9:26:03 AM com.sonymobile.tools.gerrit.gerritevents.GerritHandler checkQueueSize
WARNING: The Gerrit incoming events queue contains 99 items! Something might be stuck, or your system can't process the commands fast enough. Try to increase the number of receiving worker threads. Current thread-pool size: 1
Jan 25, 2023 9:26:03 AM com.sonymobile.tools.gerrit.gerritevents.GerritHandler checkQueueSize
WARNING: The Gerrit incoming events queue contains 99 items! Something might be stuck, or your system can't process the commands fast enough. Try to increase the number of receiving worker threads. Current thread-pool size: 1
Jan 25, 2023 9:26:03 AM com.sonymobile.tools.gerrit.gerritevents.GerritHandler startQueue
INFO: ReceiveQueue running. Current pool size: 50. Current Queue size: 51
Jan 25, 2023 9:26:03 AM com.sonymobile.tools.gerrit.gerritevents.GerritHandler startQueue
INFO: Nr of active pool-threads: 50
Jan 25, 2023 9:26:03 AM com.sonymobile.tools.gerrit.gerritevents.GerritHandler startQueue
INFO: ReceiveQueue started! Current pool size: 1
Jan 25, 2023 9:26:04 AM com.sonymobile.tools.gerrit.gerritevents.GerritHandler startQueue
INFO: ReceiveQueue started! Current pool size: 1
Jan 25, 2023 9:26:04 AM com.sonymobile.tools.gerrit.gerritevents.GerritHandler scheduleGerritWhitelistRead
INFO: config file for whitelist not found; will not filter events for processing
Tests run: 5, Failures: 0, Errors: 0, Skipped: 0, Time elapsed: 3.718 sec - in com.sonymobile.tools.gerrit.gerritevents.GerritHandlerQueueTest
Running com.sonymobile.tools.gerrit.gerritevents.SshUtilTest
Tests run: 4, Failures: 0, Errors: 0, Skipped: 0, Time elapsed: 0.139 sec - in com.sonymobile.tools.gerrit.gerritevents.SshUtilTest
Running com.sonymobile.tools.gerrit.gerritevents.GerritQueryHandlerTest
WARNING: An illegal reflective access operation has occurred
WARNING: Illegal reflective access by org.powermock.reflect.internal.WhiteboxImpl (file:/home/gabsko/.m2/repository/org/powermock/powermock-reflect/2.0.0/powermock-reflect-2.0.0.jar) to method java.lang.Object.clone()
WARNING: Please consider reporting this to the maintainers of org.powermock.reflect.internal.WhiteboxImpl
WARNING: Use --illegal-access=warn to enable warnings of further illegal reflective access operations
WARNING: All illegal access operations will be denied in a future release
Tests run: 5, Failures: 0, Errors: 0, Skipped: 0, Time elapsed: 1.22 sec - in com.sonymobile.tools.gerrit.gerritevents.GerritQueryHandlerTest
Running com.sonymobile.tools.gerrit.gerritevents.dto.rest.ChangeIdTest
Tests run: 3, Failures: 0, Errors: 0, Skipped: 0, Time elapsed: 0.068 sec - in com.sonymobile.tools.gerrit.gerritevents.dto.rest.ChangeIdTest
Running com.sonymobile.tools.gerrit.gerritevents.dto.events.VoteDeletedTest
Tests run: 1, Failures: 0, Errors: 0, Skipped: 0, Time elapsed: 0.142 sec - in com.sonymobile.tools.gerrit.gerritevents.dto.events.VoteDeletedTest
Running com.sonymobile.tools.gerrit.gerritevents.dto.events.HashtagsChangedTest
Tests run: 1, Failures: 0, Errors: 0, Skipped: 0, Time elapsed: 0.124 sec - in com.sonymobile.tools.gerrit.gerritevents.dto.events.HashtagsChangedTest
Running com.sonymobile.tools.gerrit.gerritevents.dto.events.RefReplicatedTest
Tests run: 16, Failures: 0, Errors: 0, Skipped: 0, Time elapsed: 0.137 sec - in com.sonymobile.tools.gerrit.gerritevents.dto.events.RefReplicatedTest
Running com.sonymobile.tools.gerrit.gerritevents.dto.events.RefReplicationDoneTest
Tests run: 14, Failures: 0, Errors: 0, Skipped: 0, Time elapsed: 0.138 sec - in com.sonymobile.tools.gerrit.gerritevents.dto.events.RefReplicationDoneTest
Running com.sonymobile.tools.gerrit.gerritevents.dto.events.EventCreatedOnTest
2014-12-09 14:02:52
Tests run: 1, Failures: 0, Errors: 0, Skipped: 0, Time elapsed: 0.149 sec - in com.sonymobile.tools.gerrit.gerritevents.dto.events.EventCreatedOnTest
Running com.sonymobile.tools.gerrit.gerritevents.dto.attr.AccountTest
Tests run: 7, Failures: 0, Errors: 0, Skipped: 0, Time elapsed: 0.115 sec - in com.sonymobile.tools.gerrit.gerritevents.dto.attr.AccountTest
Running com.sonymobile.tools.gerrit.gerritevents.dto.attr.RefUpdatedTest
Tests run: 3, Failures: 0, Errors: 0, Skipped: 0, Time elapsed: 0.1 sec - in com.sonymobile.tools.gerrit.gerritevents.dto.attr.RefUpdatedTest
Running com.sonymobile.tools.gerrit.gerritevents.dto.attr.PatchSetTest
Tests run: 6, Failures: 0, Errors: 0, Skipped: 0, Time elapsed: 0.11 sec - in com.sonymobile.tools.gerrit.gerritevents.dto.attr.PatchSetTest
Running com.sonymobile.tools.gerrit.gerritevents.dto.attr.DeserializeProviderTest
WARNING: An illegal reflective access operation has occurred
WARNING: Illegal reflective access by com.thoughtworks.xstream.core.util.Fields (file:/home/gabsko/.m2/repository/com/thoughtworks/xstream/xstream/1.4.7/xstream-1.4.7.jar) to field java.util.TreeMap.comparator
WARNING: Please consider reporting this to the maintainers of com.thoughtworks.xstream.core.util.Fields
WARNING: Use --illegal-access=warn to enable warnings of further illegal reflective access operations
WARNING: All illegal access operations will be denied in a future release
Tests run: 1, Failures: 0, Errors: 0, Skipped: 0, Time elapsed: 0.295 sec - in com.sonymobile.tools.gerrit.gerritevents.dto.attr.DeserializeProviderTest
Running com.sonymobile.tools.gerrit.gerritevents.dto.attr.DeserializeApprovalTest
WARNING: An illegal reflective access operation has occurred
WARNING: Illegal reflective access by com.thoughtworks.xstream.core.util.Fields (file:/home/gabsko/.m2/repository/com/thoughtworks/xstream/xstream/1.4.7/xstream-1.4.7.jar) to field java.util.TreeMap.comparator
WARNING: Please consider reporting this to the maintainers of com.thoughtworks.xstream.core.util.Fields
WARNING: Use --illegal-access=warn to enable warnings of further illegal reflective access operations
WARNING: All illegal access operations will be denied in a future release
Tests run: 1, Failures: 0, Errors: 0, Skipped: 0, Time elapsed: 0.246 sec - in com.sonymobile.tools.gerrit.gerritevents.dto.attr.DeserializeApprovalTest
Running com.sonymobile.tools.gerrit.gerritevents.dto.attr.ChangeTest
Tests run: 7, Failures: 0, Errors: 0, Skipped: 0, Time elapsed: 0.126 sec - in com.sonymobile.tools.gerrit.gerritevents.dto.attr.ChangeTest
Running com.sonymobile.tools.gerrit.gerritevents.dto.GerritEventTypeTest
Tests run: 1, Failures: 0, Errors: 0, Skipped: 0, Time elapsed: 0.059 sec - in com.sonymobile.tools.gerrit.gerritevents.dto.GerritEventTypeTest
Running com.sonymobile.tools.gerrit.gerritevents.GerritHandlerTest
WARNING: An illegal reflective access operation has occurred
WARNING: Illegal reflective access by org.powermock.reflect.internal.WhiteboxImpl (file:/home/gabsko/.m2/repository/org/powermock/powermock-reflect/2.0.0/powermock-reflect-2.0.0.jar) to method java.lang.Object.clone()
WARNING: Please consider reporting this to the maintainers of org.powermock.reflect.internal.WhiteboxImpl
WARNING: Use --illegal-access=warn to enable warnings of further illegal reflective access operations
WARNING: All illegal access operations will be denied in a future release
Jan 25, 2023 9:26:11 AM com.sonymobile.tools.gerrit.gerritevents.GerritHandler startQueue
INFO: ReceiveQueue started! Current pool size: 1
Jan 25, 2023 9:26:11 AM com.sonymobile.tools.gerrit.gerritevents.GerritHandler startQueue
INFO: ReceiveQueue started! Current pool size: 1
Jan 25, 2023 9:26:11 AM com.sonymobile.tools.gerrit.gerritevents.GerritHandler startQueue
INFO: ReceiveQueue started! Current pool size: 1
Jan 25, 2023 9:26:11 AM com.sonymobile.tools.gerrit.gerritevents.GerritHandler startQueue
INFO: ReceiveQueue started! Current pool size: 1
Jan 25, 2023 9:26:11 AM com.sonymobile.tools.gerrit.gerritevents.GerritHandler startQueue
INFO: ReceiveQueue started! Current pool size: 1
Jan 25, 2023 9:26:11 AM com.sonymobile.tools.gerrit.gerritevents.GerritHandler startQueue
INFO: ReceiveQueue started! Current pool size: 1
Jan 25, 2023 9:26:11 AM com.sonymobile.tools.gerrit.gerritevents.GerritHandler startQueue
INFO: ReceiveQueue started! Current pool size: 1
Jan 25, 2023 9:26:11 AM com.sonymobile.tools.gerrit.gerritevents.GerritHandler startQueue
INFO: ReceiveQueue started! Current pool size: 1
Jan 25, 2023 9:26:11 AM com.sonymobile.tools.gerrit.gerritevents.GerritHandler startQueue
INFO: ReceiveQueue started! Current pool size: 1
Jan 25, 2023 9:26:11 AM com.sonymobile.tools.gerrit.gerritevents.GerritHandler startQueue
INFO: ReceiveQueue started! Current pool size: 1
Jan 25, 2023 9:26:11 AM com.sonymobile.tools.gerrit.gerritevents.GerritHandler startQueue
INFO: ReceiveQueue started! Current pool size: 1
Jan 25, 2023 9:26:11 AM com.sonymobile.tools.gerrit.gerritevents.GerritHandler startQueue
INFO: ReceiveQueue started! Current pool size: 1
Jan 25, 2023 9:26:11 AM com.sonymobile.tools.gerrit.gerritevents.GerritHandler startQueue
INFO: ReceiveQueue started! Current pool size: 1
Jan 25, 2023 9:26:11 AM com.sonymobile.tools.gerrit.gerritevents.GerritHandler startQueue
INFO: ReceiveQueue started! Current pool size: 1
Jan 25, 2023 9:26:11 AM com.sonymobile.tools.gerrit.gerritevents.GerritHandler startQueue
INFO: ReceiveQueue started! Current pool size: 1
Jan 25, 2023 9:26:11 AM com.sonymobile.tools.gerrit.gerritevents.GerritHandler startQueue
INFO: ReceiveQueue started! Current pool size: 1
Jan 25, 2023 9:26:11 AM com.sonymobile.tools.gerrit.gerritevents.GerritHandler startQueue
INFO: ReceiveQueue started! Current pool size: 1
Jan 25, 2023 9:26:11 AM com.sonymobile.tools.gerrit.gerritevents.GerritHandler startQueue
INFO: ReceiveQueue started! Current pool size: 1
Jan 25, 2023 9:26:11 AM com.sonymobile.tools.gerrit.gerritevents.GerritHandler startQueue
INFO: ReceiveQueue started! Current pool size: 1
Creating Listeners.....................................................................................................Done!
Waiting for listeners to be added...Running#:   100  Left#: 91798  Count#:  8111
Waiting for listeners to be added...Running#:   100  Left#: 71438  Count#: 28463
Waiting for listeners to be added...Running#:   100  Left#: 57304  Count#: 42598
Waiting for listeners to be added...Running#:   100  Left#: 42532  Count#: 57368
Waiting for listeners to be added...Running#:   100  Left#: 37265  Count#: 62635
Waiting for listeners to be added...Running#:   100  Left#: 30545  Count#: 69355
Waiting for listeners to be added...Running#:   100  Left#: 20277  Count#: 79623
Waiting for listeners to be added...Running#:   100  Left#: 10797  Count#: 89103
Waiting for listeners to be added...Running#:   100  Left#:  3044  Count#: 96856
              Listeners are added...Running#:     0  Left#:     0  Count#: 100000
Jan 25, 2023 9:26:20 AM com.sonymobile.tools.gerrit.gerritevents.GerritHandler startQueue
INFO: ReceiveQueue started! Current pool size: 1
Jan 25, 2023 9:26:20 AM com.sonymobile.tools.gerrit.gerritevents.GerritHandler startQueue
INFO: ReceiveQueue started! Current pool size: 1
Jan 25, 2023 9:26:20 AM com.sonymobile.tools.gerrit.gerritevents.GerritHandler startQueue
INFO: ReceiveQueue started! Current pool size: 1
Jan 25, 2023 9:26:20 AM com.sonymobile.tools.gerrit.gerritevents.GerritHandler startQueue
INFO: ReceiveQueue started! Current pool size: 1
Jan 25, 2023 9:26:20 AM com.sonymobile.tools.gerrit.gerritevents.GerritHandler startQueue
INFO: ReceiveQueue started! Current pool size: 1
Jan 25, 2023 9:26:20 AM com.sonymobile.tools.gerrit.gerritevents.GerritHandler startQueue
INFO: ReceiveQueue started! Current pool size: 1
Jan 25, 2023 9:26:21 AM com.sonymobile.tools.gerrit.gerritevents.GerritHandler startQueue
INFO: ReceiveQueue started! Current pool size: 1
Jan 25, 2023 9:26:21 AM com.sonymobile.tools.gerrit.gerritevents.GerritHandler startQueue
INFO: ReceiveQueue started! Current pool size: 1
Jan 25, 2023 9:26:21 AM com.sonymobile.tools.gerrit.gerritevents.GerritHandler startQueue
INFO: ReceiveQueue started! Current pool size: 1
Tests run: 28, Failures: 0, Errors: 0, Skipped: 0, Time elapsed: 11.833 sec - in com.sonymobile.tools.gerrit.gerritevents.GerritHandlerTest
Running com.sonymobile.tools.gerrit.gerritevents.GerritConnectionTest
WARNING: An illegal reflective access operation has occurred
WARNING: Illegal reflective access by org.powermock.reflect.internal.WhiteboxImpl (file:/home/gabsko/.m2/repository/org/powermock/powermock-reflect/2.0.0/powermock-reflect-2.0.0.jar) to method java.lang.Object.clone()
WARNING: Please consider reporting this to the maintainers of org.powermock.reflect.internal.WhiteboxImpl
WARNING: Use --illegal-access=warn to enable warnings of further illegal reflective access operations
WARNING: All illegal access operations will be denied in a future release
Jan 25, 2023 9:26:23 AM com.sonymobile.tools.gerrit.gerritevents.GerritConnection run
INFO: Starting Up 
INFO: Handled connection established
Jan 25, 2023 9:26:23 AM com.sonymobile.tools.gerrit.gerritevents.GerritConnection run
INFO: Ready to receive data from Gerrit: 
INFO: Posted string: Test
INFO: Posted Provider:  localhost 29418 ssh  2.5.2
INFO: Posted string: {"say":"hello"}
INFO: Posted Provider:  localhost 29418 ssh  2.5.2
Wait1: 2s...
Wait2: 2s...
INFO: Posted string: Thank You!
INFO: Posted Provider:  localhost 29418 ssh  2.5.2
INFO: Posted string: {"say":"hello"}
INFO: Posted Provider:  localhost 29418 ssh  2.5.2
INFO: Posted string: {"say":"hello again"}
INFO: Posted Provider:  localhost 29418 ssh  2.5.2
INFO: Posted string: This is a very long line.                                             It stands for a commit that contains a very huge commit message. It should be long enough to fill the buffer several times.
INFO: Posted Provider:  localhost 29418 ssh  2.5.2
INFO: Posted string: FINISH
INFO: Posted Provider:  localhost 29418 ssh  2.5.2
Jan 25, 2023 9:26:30 AM com.sonymobile.tools.gerrit.gerritevents.GerritConnection shutdown
INFO: Shutting down the ssh connection.
INFO: Posted string: hello
INFO: Posted Provider:  localhost 29418 ssh  2.5.2
Jan 25, 2023 9:26:30 AM com.sonymobile.tools.gerrit.gerritevents.GerritConnection run
SEVERE: Interrupted.
java.lang.InterruptedException: shutdown requested: true
	at com.sonymobile.tools.gerrit.gerritevents.GerritConnection.run(GerritConnection.java:445)

INFO: Handled connection down
Tests run: 6, Failures: 0, Errors: 0, Skipped: 0, Time elapsed: 8.326 sec - in com.sonymobile.tools.gerrit.gerritevents.GerritConnectionTest
Running com.sonymobile.tools.gerrit.gerritevents.GerritQueryHandlerWithPersistedConnectionTest
WARNING: An illegal reflective access operation has occurred
WARNING: Illegal reflective access by org.powermock.reflect.internal.WhiteboxImpl (file:/home/gabsko/.m2/repository/org/powermock/powermock-reflect/2.0.0/powermock-reflect-2.0.0.jar) to method java.lang.Object.clone()
WARNING: Please consider reporting this to the maintainers of org.powermock.reflect.internal.WhiteboxImpl
WARNING: Use --illegal-access=warn to enable warnings of further illegal reflective access operations
WARNING: All illegal access operations will be denied in a future release
Tests run: 1, Failures: 0, Errors: 0, Skipped: 0, Time elapsed: 1.493 sec - in com.sonymobile.tools.gerrit.gerritevents.GerritQueryHandlerWithPersistedConnectionTest

Results :

Tests in error: 
  StreamWatchdogTest.testFullTimeoutFlow:97 » Runtime Timeout!

Tests run: 133, Failures: 0, Errors: 1, Skipped: 0

[INFO] ------------------------------------------------------------------------
[INFO] BUILD FAILURE
[INFO] ------------------------------------------------------------------------
[INFO] Total time:  51.115 s
[INFO] Finished at: 2023-01-25T09:26:32Z
[INFO] ------------------------------------------------------------------------
[ERROR] Failed to execute goal org.apache.maven.plugins:maven-surefire-plugin:2.16:test (default-test) on project gerrit-events: There are test failures.
[ERROR] 
[ERROR] Please refer to /home/gabsko/breaking-updates/target/surefire-reports for the individual test results.
[ERROR] -> [Help 1]
[ERROR] 
[ERROR] To see the full stack trace of the errors, re-run Maven with the -e switch.
[ERROR] Re-run Maven using the -X switch to enable full debug logging.
[ERROR] 
[ERROR] For more information about the errors and possible solutions, please read the following articles:
[ERROR] [Help 1] http://cwiki.apache.org/confluence/display/MAVEN/MojoFailureException
