[INFO] Scanning for projects...
[INFO] ------------------------------------------------------------------------
[INFO] Detecting the operating system and CPU architecture
[INFO] ------------------------------------------------------------------------
[INFO] os.detected.name: linux
[INFO] os.detected.arch: x86_64
[INFO] os.detected.version: 5.4
[INFO] os.detected.version.major: 5
[INFO] os.detected.version.minor: 4
[INFO] os.detected.release: ubuntu
[INFO] os.detected.release.version: 18.04
[INFO] os.detected.release.like.ubuntu: true
[INFO] os.detected.release.like.debian: true
[INFO] os.detected.classifier: linux-x86_64
[INFO] ------------------------------------------------------------------------
[INFO] Reactor Build Order:
[INFO] 
[INFO] presto-root                                                        [pom]
[INFO] presto-testng-services                                             [jar]
[INFO] presto-common                                                      [jar]
[INFO] presto-spi                                                         [jar]
[INFO] presto-plugin-toolkit                                              [jar]
[INFO] presto-client                                                      [jar]
[INFO] presto-parser                                                      [jar]
[INFO] presto-geospatial-toolkit                                          [jar]
[INFO] presto-analyzer                                                    [jar]
[INFO] presto-bytecode                                                    [jar]
[INFO] presto-matching                                                    [jar]
[INFO] presto-memory-context                                              [jar]
[INFO] presto-expressions                                                 [jar]
[INFO] presto-tpch                                              [presto-plugin]
[INFO] presto-thrift-api                                                  [jar]
[INFO] presto-function-namespace-managers                       [presto-plugin]
[INFO] presto-main                                                        [jar]
[INFO] presto-resource-group-managers                           [presto-plugin]
[INFO] presto-thrift-testing-udf-server                                   [jar]
[INFO] presto-tests                                                       [jar]
[INFO] presto-atop                                              [presto-plugin]
[INFO] presto-hive-common                                                 [jar]
[INFO] presto-cache                                                       [jar]
[INFO] presto-jmx                                               [presto-plugin]
[INFO] presto-record-decoder                                              [jar]
[INFO] presto-kafka                                             [presto-plugin]
[INFO] presto-redis                                             [presto-plugin]
[INFO] presto-accumulo                                          [presto-plugin]
[INFO] presto-cassandra                                         [presto-plugin]
[INFO] presto-bigquery                                          [presto-plugin]
[INFO] presto-blackhole                                         [presto-plugin]
[INFO] presto-memory                                            [presto-plugin]
[INFO] presto-orc                                                         [jar]
[INFO] presto-benchmark                                                   [jar]
[INFO] presto-parquet                                                     [jar]
[INFO] presto-rcfile                                                      [jar]
[INFO] presto-hive-metastore                                              [jar]
[INFO] presto-tpcds                                             [presto-plugin]
[INFO] presto-testing-docker                                              [jar]
[INFO] presto-hive                                                        [jar]
[INFO] presto-hive-hadoop2                                      [presto-plugin]
[INFO] presto-iceberg                                           [presto-plugin]
[INFO] presto-i18n-functions                                    [presto-plugin]
[INFO] presto-teradata-functions                                [presto-plugin]
[INFO] presto-example-http                                      [presto-plugin]
[INFO] presto-local-file                                        [presto-plugin]
[INFO] presto-raptor                                            [presto-plugin]
[INFO] presto-base-jdbc                                                   [jar]
[INFO] presto-mysql                                             [presto-plugin]
[INFO] presto-oracle                                            [presto-plugin]
[INFO] presto-postgresql                                        [presto-plugin]
[INFO] presto-prometheus                                        [presto-plugin]
[INFO] presto-redshift                                          [presto-plugin]
[INFO] presto-sqlserver                                         [presto-plugin]
[INFO] presto-mongodb                                           [presto-plugin]
[INFO] presto-ml                                                [presto-plugin]
[INFO] presto-jdbc                                                        [jar]
[INFO] presto-cli                                                         [jar]
[INFO] presto-product-tests                                               [jar]
[INFO] presto-pinot-toolkit                                               [jar]
[INFO] presto-pinot                                             [presto-plugin]
[INFO] presto-benchmark-driver                                            [jar]
[INFO] presto-password-authenticators                           [presto-plugin]
[INFO] presto-session-property-managers                         [presto-plugin]
[INFO] presto-node-ttl-fetchers                                 [presto-plugin]
[INFO] presto-cluster-ttl-providers                             [presto-plugin]
[INFO] presto-kudu                                              [presto-plugin]
[INFO] presto-thrift-testing-server                                       [jar]
[INFO] presto-thrift-connector                                  [presto-plugin]
[INFO] presto-elasticsearch                                     [presto-plugin]
[INFO] presto-druid                                             [presto-plugin]
[INFO] presto-hive-function-namespace                           [presto-plugin]
[INFO] presto-delta                                             [presto-plugin]
[INFO] presto-hudi                                              [presto-plugin]
[INFO] presto-server                                                      [jar]
[INFO] presto-server-rpm                                                  [rpm]
[INFO] presto-docs                                                        [pom]
[INFO] presto-spark-common                                                [jar]
[INFO] presto-verifier                                                    [jar]
[INFO] presto-testing-server-launcher                                     [jar]
[INFO] presto-benchto-benchmarks                                          [jar]
[INFO] presto-proxy                                                       [jar]
[INFO] presto-benchmark-runner                                            [jar]
[INFO] presto-spark-classloader-interface                                 [jar]
[INFO] presto-spark-base                                                  [jar]
[INFO] presto-spark                                                       [jar]
[INFO] presto-spark-package                                               [jar]
[INFO] presto-spark-launcher                                              [jar]
[INFO] presto-spark-testing                                               [jar]
[INFO] presto-thrift-spec                                                 [jar]
[INFO] presto-google-sheets                                     [presto-plugin]
[INFO] presto-clickhouse                                        [presto-plugin]
[INFO] presto-grpc-api                                                    [jar]
[INFO] presto-grpc-testing-udf-server                                     [jar]
[INFO] presto-lark-sheets                                       [presto-plugin]
[INFO] presto-test-coverage                                               [jar]
[INFO] presto-native-execution                                            [jar]
[INFO] presto-router                                                      [jar]
[INFO] 
[INFO] ------------------< com.facebook.presto:presto-root >-------------------
[INFO] Building presto-root 0.277-SNAPSHOT                               [1/98]
[INFO] --------------------------------[ pom ]---------------------------------
[INFO] 
[INFO] --- maven-clean-plugin:3.0.0:clean (default-clean) @ presto-root ---
[INFO] Deleting /home/gabsko/breaking-updates/target
[INFO] 
[INFO] --- maven-enforcer-plugin:3.0.0-M2:enforce (default) @ presto-root ---
[INFO] 
[INFO] --- dependency-scope-maven-plugin:0.8:check (default) @ presto-root ---
[INFO] No test dependency scope issues found
[INFO] 
[INFO] --- license-maven-plugin:2.3:check (default) @ presto-root ---
[INFO] Checking licenses...
[INFO] 
[INFO] --- maven-checkstyle-plugin:3.0.0:check (checkstyle) @ presto-root ---
[INFO] 
[INFO] --- jacoco-maven-plugin:0.8.7:prepare-agent (default) @ presto-root ---
[INFO] argLine set to -javaagent:/home/gabsko/.m2/repository/org/jacoco/org.jacoco.agent/0.8.7/org.jacoco.agent-0.8.7-runtime.jar=destfile=/home/gabsko/breaking-updates/target/jacoco.exec
[INFO] 
[INFO] --- git-commit-id-plugin:4.0.3:revision (default) @ presto-root ---
[INFO] 
[INFO] --- maven-dependency-plugin:3.1.1:analyze-only (default) @ presto-root ---
[INFO] Skipping pom project
[INFO] 
[INFO] --- maven-dependency-plugin:3.1.1:analyze-duplicate (default) @ presto-root ---
[INFO] No duplicate dependencies found in <dependencies/> or in <dependencyManagement/>
[INFO] 
[INFO] --- maven-dependency-plugin:3.1.1:analyze-dep-mgt (default) @ presto-root ---
[INFO] Found Resolved Dependency/DependencyManagement mismatches:
[INFO] 	Ignoring Direct Dependencies.
[INFO] 	None
[INFO] 
[INFO] --- duplicate-finder-maven-plugin:1.2.1:check (default) @ presto-root ---
[INFO] Ignoring POM project!
[INFO] 
[INFO] --- modernizer-maven-plugin:1.7.1:modernizer (modernizer) @ presto-root ---
[INFO] 
[INFO] -------------< com.facebook.presto:presto-testng-services >-------------
[INFO] Building presto-testng-services 0.277-SNAPSHOT                    [2/98]
[INFO] --------------------------------[ jar ]---------------------------------
[INFO] 
[INFO] --- maven-clean-plugin:3.0.0:clean (default-clean) @ presto-testng-services ---
[INFO] Deleting /home/gabsko/breaking-updates/presto-testng-services/target
[INFO] 
[INFO] --- maven-enforcer-plugin:3.0.0-M2:enforce (default) @ presto-testng-services ---
[INFO] 
[INFO] --- dependency-scope-maven-plugin:0.8:check (default) @ presto-testng-services ---
[INFO] No test dependency scope issues found
[INFO] 
[INFO] --- license-maven-plugin:2.3:check (default) @ presto-testng-services ---
[INFO] Checking licenses...
[INFO] 
[INFO] --- maven-checkstyle-plugin:3.0.0:check (checkstyle) @ presto-testng-services ---
[INFO] 
[INFO] --- jacoco-maven-plugin:0.8.7:prepare-agent (default) @ presto-testng-services ---
[INFO] argLine set to -javaagent:/home/gabsko/.m2/repository/org/jacoco/org.jacoco.agent/0.8.7/org.jacoco.agent-0.8.7-runtime.jar=destfile=/home/gabsko/breaking-updates/presto-testng-services/target/jacoco.exec
[INFO] 
[INFO] --- git-commit-id-plugin:4.0.3:revision (default) @ presto-testng-services ---
[INFO] 
[INFO] --- maven-resources-plugin:2.6:resources (default-resources) @ presto-testng-services ---
[INFO] Using 'UTF-8' encoding to copy filtered resources.
[INFO] Copying 1 resource
[INFO] 
[INFO] --- maven-compiler-plugin:3.8.0:compile (default-compile) @ presto-testng-services ---
[INFO] Changes detected - recompiling the module!
[INFO] Compiling 3 source files to /home/gabsko/breaking-updates/presto-testng-services/target/classes
[WARNING] bootstrap class path not set in conjunction with -source 8
[INFO] 
[INFO] --- maven-resources-plugin:2.6:testResources (default-testResources) @ presto-testng-services ---
[INFO] Using 'UTF-8' encoding to copy filtered resources.
[INFO] skip non existing resourceDirectory /home/gabsko/breaking-updates/presto-testng-services/src/test/resources
[INFO] 
[INFO] --- maven-compiler-plugin:3.8.0:testCompile (default-testCompile) @ presto-testng-services ---
[INFO] Changes detected - recompiling the module!
[INFO] Compiling 1 source file to /home/gabsko/breaking-updates/presto-testng-services/target/test-classes
[WARNING] bootstrap class path not set in conjunction with -source 8
[INFO] 
[INFO] --- maven-dependency-plugin:3.1.1:analyze-only (default) @ presto-testng-services ---
[INFO] No dependency problems found
[INFO] 
[INFO] --- maven-dependency-plugin:3.1.1:analyze-duplicate (default) @ presto-testng-services ---
[INFO] No duplicate dependencies found in <dependencies/> or in <dependencyManagement/>
[INFO] 
[INFO] --- maven-dependency-plugin:3.1.1:analyze-dep-mgt (default) @ presto-testng-services ---
[INFO] Found Resolved Dependency/DependencyManagement mismatches:
[INFO] 	Ignoring Direct Dependencies.
[INFO] org.slf4j:slf4j-api:jar was excluded in DepMgt, but version 1.7.32 has been found in the dependency tree.
[INFO] org.checkerframework:checker-qual:jar was excluded in DepMgt, but version 3.20.0 has been found in the dependency tree.
[INFO] com.google.errorprone:error_prone_annotations:jar was excluded in DepMgt, but version 2.1.3 has been found in the dependency tree.
[INFO] org.codehaus.mojo:animal-sniffer-annotations:jar was excluded in DepMgt, but version 1.14 has been found in the dependency tree.
[WARNING] Potential problems found in Dependency Management 
[INFO] 
[INFO] --- duplicate-finder-maven-plugin:1.2.1:check (default) @ presto-testng-services ---
[INFO] Checking compile classpath
[INFO] Checking runtime classpath
[INFO] Checking test classpath
[INFO] 
[INFO] --- modernizer-maven-plugin:1.7.1:modernizer (modernizer) @ presto-testng-services ---
[INFO] 
[INFO] --- maven-surefire-plugin:3.0.0-M7:test (default-test) @ presto-testng-services ---
[INFO] Tests will run in random order. To reproduce ordering use flag -Dsurefire.runOrder.random.seed=20620221552857148
[INFO] Using auto detected provider org.apache.maven.surefire.testng.TestNGProvider
[INFO] 
[INFO] -------------------------------------------------------
[INFO]  T E S T S
[INFO] -------------------------------------------------------
[INFO] Running TestSuite
SLF4J: Failed to load class "org.slf4j.impl.StaticLoggerBinder".
SLF4J: Defaulting to no-operation (NOP) logger implementation
SLF4J: See http://www.slf4j.org/codes.html#StaticLoggerBinder for further details.
[INFO] Tests run: 1, Failures: 0, Errors: 0, Skipped: 0, Time elapsed: 0.64 s - in TestSuite
[INFO] 
[INFO] Results:
[INFO] 
[INFO] Tests run: 1, Failures: 0, Errors: 0, Skipped: 0
[INFO] 
[INFO] 
[INFO] -------------< com.facebook.presto:presto-testing-docker >--------------
[INFO] Building presto-testing-docker 0.277-SNAPSHOT                     [3/98]
[INFO] --------------------------------[ jar ]---------------------------------
[INFO] 
[INFO] --- maven-clean-plugin:3.0.0:clean (default-clean) @ presto-testing-docker ---
[INFO] Deleting /home/gabsko/breaking-updates/presto-testing-docker/target
[INFO] 
[INFO] --- maven-enforcer-plugin:3.0.0-M2:enforce (default) @ presto-testing-docker ---
[INFO] Ignoring requireUpperBoundDeps in com.fasterxml.jackson.core:jackson-annotations
[WARNING] Invalid bytecodeVersion for module-info.class: expected 52, but was 53
[INFO] 
[INFO] --- dependency-scope-maven-plugin:0.8:check (default) @ presto-testing-docker ---
[INFO] No test dependency scope issues found
[INFO] 
[INFO] --- license-maven-plugin:2.3:check (default) @ presto-testing-docker ---
[INFO] Checking licenses...
[INFO] 
[INFO] --- maven-checkstyle-plugin:3.0.0:check (checkstyle) @ presto-testing-docker ---
[INFO] 
[INFO] --- jacoco-maven-plugin:0.8.7:prepare-agent (default) @ presto-testing-docker ---
[INFO] argLine set to -javaagent:/home/gabsko/.m2/repository/org/jacoco/org.jacoco.agent/0.8.7/org.jacoco.agent-0.8.7-runtime.jar=destfile=/home/gabsko/breaking-updates/presto-testing-docker/target/jacoco.exec
[INFO] 
[INFO] --- git-commit-id-plugin:4.0.3:revision (default) @ presto-testing-docker ---
[INFO] 
[INFO] --- maven-resources-plugin:2.6:resources (default-resources) @ presto-testing-docker ---
[INFO] Using 'UTF-8' encoding to copy filtered resources.
[INFO] skip non existing resourceDirectory /home/gabsko/breaking-updates/presto-testing-docker/src/main/resources
[INFO] 
[INFO] --- maven-compiler-plugin:3.8.0:compile (default-compile) @ presto-testing-docker ---
[INFO] Changes detected - recompiling the module!
[INFO] Compiling 5 source files to /home/gabsko/breaking-updates/presto-testing-docker/target/classes
[WARNING] bootstrap class path not set in conjunction with -source 8
[INFO] 
[INFO] --- maven-resources-plugin:2.6:testResources (default-testResources) @ presto-testing-docker ---
[INFO] Using 'UTF-8' encoding to copy filtered resources.
[INFO] skip non existing resourceDirectory /home/gabsko/breaking-updates/presto-testing-docker/src/test/resources
[INFO] 
[INFO] --- maven-compiler-plugin:3.8.0:testCompile (default-testCompile) @ presto-testing-docker ---
[INFO] No sources to compile
[INFO] 
[INFO] --- maven-dependency-plugin:3.1.1:analyze-only (default) @ presto-testing-docker ---
[INFO] No dependency problems found
[INFO] 
[INFO] --- maven-dependency-plugin:3.1.1:analyze-duplicate (default) @ presto-testing-docker ---
[INFO] No duplicate dependencies found in <dependencies/> or in <dependencyManagement/>
[INFO] 
[INFO] --- maven-dependency-plugin:3.1.1:analyze-dep-mgt (default) @ presto-testing-docker ---
[INFO] Found Resolved Dependency/DependencyManagement mismatches:
[INFO] 	Ignoring Direct Dependencies.
[INFO] org.checkerframework:checker-qual:jar was excluded in DepMgt, but version 3.20.0 has been found in the dependency tree.
[INFO] com.google.errorprone:error_prone_annotations:jar was excluded in DepMgt, but version 2.1.3 has been found in the dependency tree.
[INFO] org.codehaus.mojo:animal-sniffer-annotations:jar was excluded in DepMgt, but version 1.14 has been found in the dependency tree.
[INFO] com.fasterxml.jackson.core:jackson-annotations:jar was excluded in DepMgt, but version 2.10.0 has been found in the dependency tree.
[INFO] junit:junit:jar was excluded in DepMgt, but version 4.12 has been found in the dependency tree.
[WARNING] Potential problems found in Dependency Management 
[INFO] 
[INFO] --- duplicate-finder-maven-plugin:1.2.1:check (default) @ presto-testing-docker ---
[INFO] Checking compile classpath
[INFO] Checking runtime classpath
[INFO] Checking test classpath
[INFO] 
[INFO] --- modernizer-maven-plugin:1.7.1:modernizer (modernizer) @ presto-testing-docker ---
[INFO] 
[INFO] --- maven-surefire-plugin:3.0.0-M7:test (default-test) @ presto-testing-docker ---
[INFO] No tests to run.
[INFO] 
[INFO] -------< com.facebook.presto:presto-spark-classloader-interface >-------
[INFO] Building presto-spark-classloader-interface 0.277-SNAPSHOT        [4/98]
[INFO] --------------------------------[ jar ]---------------------------------
[INFO] 
[INFO] --- maven-clean-plugin:3.0.0:clean (default-clean) @ presto-spark-classloader-interface ---
[INFO] Deleting /home/gabsko/breaking-updates/presto-spark-classloader-interface/target
[INFO] 
[INFO] --- maven-enforcer-plugin:3.0.0-M2:enforce (default) @ presto-spark-classloader-interface ---
[INFO] 
[INFO] --- dependency-scope-maven-plugin:0.8:check (default) @ presto-spark-classloader-interface ---
[INFO] No test dependency scope issues found
[INFO] 
[INFO] --- license-maven-plugin:2.3:check (default) @ presto-spark-classloader-interface ---
[INFO] Checking licenses...
[INFO] 
[INFO] --- maven-checkstyle-plugin:3.0.0:check (checkstyle) @ presto-spark-classloader-interface ---
[INFO] 
[INFO] --- jacoco-maven-plugin:0.8.7:prepare-agent (default) @ presto-spark-classloader-interface ---
[INFO] argLine set to -javaagent:/home/gabsko/.m2/repository/org/jacoco/org.jacoco.agent/0.8.7/org.jacoco.agent-0.8.7-runtime.jar=destfile=/home/gabsko/breaking-updates/presto-spark-classloader-interface/target/jacoco.exec
[INFO] 
[INFO] --- git-commit-id-plugin:4.0.3:revision (default) @ presto-spark-classloader-interface ---
[INFO] 
[INFO] --- maven-resources-plugin:2.6:resources (default-resources) @ presto-spark-classloader-interface ---
[INFO] Using 'UTF-8' encoding to copy filtered resources.
[INFO] skip non existing resourceDirectory /home/gabsko/breaking-updates/presto-spark-classloader-interface/src/main/resources
[INFO] 
[INFO] --- maven-compiler-plugin:3.8.0:compile (default-compile) @ presto-spark-classloader-interface ---
[INFO] Changes detected - recompiling the module!
[INFO] Compiling 33 source files to /home/gabsko/breaking-updates/presto-spark-classloader-interface/target/classes
[WARNING] bootstrap class path not set in conjunction with -source 8
[INFO] /home/gabsko/breaking-updates/presto-spark-classloader-interface/src/main/java/com/facebook/presto/spark/classloader_interface/PrestoSparkShuffleSerializer.java: /home/gabsko/breaking-updates/presto-spark-classloader-interface/src/main/java/com/facebook/presto/spark/classloader_interface/PrestoSparkShuffleSerializer.java uses unchecked or unsafe operations.
[INFO] /home/gabsko/breaking-updates/presto-spark-classloader-interface/src/main/java/com/facebook/presto/spark/classloader_interface/PrestoSparkShuffleSerializer.java: Recompile with -Xlint:unchecked for details.
[INFO] 
[INFO] --- maven-resources-plugin:2.6:testResources (default-testResources) @ presto-spark-classloader-interface ---
[INFO] Using 'UTF-8' encoding to copy filtered resources.
[INFO] skip non existing resourceDirectory /home/gabsko/breaking-updates/presto-spark-classloader-interface/src/test/resources
[INFO] 
[INFO] --- maven-compiler-plugin:3.8.0:testCompile (default-testCompile) @ presto-spark-classloader-interface ---
[INFO] No sources to compile
[INFO] 
[INFO] --- maven-dependency-plugin:3.1.1:analyze-only (default) @ presto-spark-classloader-interface ---
[INFO] No dependency problems found
[INFO] 
[INFO] --- maven-dependency-plugin:3.1.1:analyze-duplicate (default) @ presto-spark-classloader-interface ---
[INFO] No duplicate dependencies found in <dependencies/> or in <dependencyManagement/>
[INFO] 
[INFO] --- maven-dependency-plugin:3.1.1:analyze-dep-mgt (default) @ presto-spark-classloader-interface ---
[INFO] Found Resolved Dependency/DependencyManagement mismatches:
[INFO] 	Ignoring Direct Dependencies.
[INFO] 	None
[INFO] 
[INFO] --- duplicate-finder-maven-plugin:1.2.1:check (default) @ presto-spark-classloader-interface ---
[INFO] Checking compile classpath
[INFO] Checking runtime classpath
[INFO] Checking test classpath
[INFO] 
[INFO] --- modernizer-maven-plugin:1.7.1:modernizer (modernizer) @ presto-spark-classloader-interface ---
[INFO] 
[INFO] --- maven-surefire-plugin:3.0.0-M7:test (default-test) @ presto-spark-classloader-interface ---
[INFO] No tests to run.
[INFO] 
[INFO] -----------------< com.facebook.presto:presto-common >------------------
[INFO] Building presto-common 0.277-SNAPSHOT                             [5/98]
[INFO] --------------------------------[ jar ]---------------------------------
[INFO] 
[INFO] --- maven-clean-plugin:3.0.0:clean (default-clean) @ presto-common ---
[INFO] Deleting /home/gabsko/breaking-updates/presto-common/target
[INFO] 
[INFO] --- maven-enforcer-plugin:3.0.0-M2:enforce (default) @ presto-common ---
[WARNING] Invalid bytecodeVersion for module-info.class: expected 52, but was 53
[INFO] 
[INFO] --- dependency-scope-maven-plugin:0.8:check (default) @ presto-common ---
[INFO] No test dependency scope issues found
[INFO] 
[INFO] --- license-maven-plugin:2.3:check (default) @ presto-common ---
[INFO] Checking licenses...
[WARNING] Unknown file extension: /home/gabsko/breaking-updates/presto-common/src/main/java/com/facebook/presto/common/type/encoding/README
[INFO] 
[INFO] --- maven-checkstyle-plugin:3.0.0:check (checkstyle) @ presto-common ---
[INFO] 
[INFO] --- jacoco-maven-plugin:0.8.7:prepare-agent (default) @ presto-common ---
[INFO] argLine set to -javaagent:/home/gabsko/.m2/repository/org/jacoco/org.jacoco.agent/0.8.7/org.jacoco.agent-0.8.7-runtime.jar=destfile=/home/gabsko/breaking-updates/presto-common/target/jacoco.exec
[INFO] 
[INFO] --- git-commit-id-plugin:4.0.3:revision (default) @ presto-common ---
[INFO] 
[INFO] --- maven-resources-plugin:2.6:resources (default-resources) @ presto-common ---
[INFO] Using 'UTF-8' encoding to copy filtered resources.
[INFO] Copying 1 resource
[INFO] 
[INFO] --- maven-compiler-plugin:3.8.0:compile (default-compile) @ presto-common ---
[INFO] Changes detected - recompiling the module!
[INFO] Compiling 209 source files to /home/gabsko/breaking-updates/presto-common/target/classes
[WARNING] bootstrap class path not set in conjunction with -source 8
[WARNING] /home/gabsko/breaking-updates/presto-common/src/main/java/com/facebook/presto/common/array/ByteArrayUtils.java:[16,16] sun.misc.Unsafe is internal proprietary API and may be removed in a future release
[WARNING] /home/gabsko/breaking-updates/presto-common/src/main/java/com/facebook/presto/common/array/ByteArrayUtils.java:[22,23] sun.misc.Unsafe is internal proprietary API and may be removed in a future release
[WARNING] /home/gabsko/breaking-updates/presto-common/src/main/java/com/facebook/presto/common/type/UnscaledDecimal128Arithmetic.java:[19,16] sun.misc.Unsafe is internal proprietary API and may be removed in a future release
[WARNING] /home/gabsko/breaking-updates/presto-common/src/main/java/com/facebook/presto/common/array/ByteArrayUtils.java:[29,26] sun.misc.Unsafe is internal proprietary API and may be removed in a future release
[WARNING] /home/gabsko/breaking-updates/presto-common/src/main/java/com/facebook/presto/common/array/ByteArrayUtils.java:[34,27] sun.misc.Unsafe is internal proprietary API and may be removed in a future release
[WARNING] /home/gabsko/breaking-updates/presto-common/src/main/java/com/facebook/presto/common/array/ByteArrayUtils.java:[36,23] sun.misc.Unsafe is internal proprietary API and may be removed in a future release
[WARNING] /home/gabsko/breaking-updates/presto-common/src/main/java/com/facebook/presto/common/type/UnscaledDecimal128Arithmetic.java:[88,26] sun.misc.Unsafe is internal proprietary API and may be removed in a future release
[WARNING] /home/gabsko/breaking-updates/presto-common/src/main/java/com/facebook/presto/common/type/UnscaledDecimal128Arithmetic.java:[93,27] sun.misc.Unsafe is internal proprietary API and may be removed in a future release
[WARNING] /home/gabsko/breaking-updates/presto-common/src/main/java/com/facebook/presto/common/type/UnscaledDecimal128Arithmetic.java:[95,23] sun.misc.Unsafe is internal proprietary API and may be removed in a future release
[INFO] /home/gabsko/breaking-updates/presto-common/src/main/java/com/facebook/presto/common/type/TimestampType.java: Some input files use or override a deprecated API.
[INFO] /home/gabsko/breaking-updates/presto-common/src/main/java/com/facebook/presto/common/type/TimestampType.java: Recompile with -Xlint:deprecation for details.
[INFO] 
[INFO] --- maven-resources-plugin:2.6:testResources (default-testResources) @ presto-common ---
[INFO] Using 'UTF-8' encoding to copy filtered resources.
[INFO] skip non existing resourceDirectory /home/gabsko/breaking-updates/presto-common/src/test/resources
[INFO] 
[INFO] --- maven-compiler-plugin:3.8.0:testCompile (default-testCompile) @ presto-common ---
[INFO] Changes detected - recompiling the module!
[INFO] Compiling 53 source files to /home/gabsko/breaking-updates/presto-common/target/test-classes
[WARNING] bootstrap class path not set in conjunction with -source 8
[INFO] /home/gabsko/breaking-updates/presto-common/src/test/java/com/facebook/presto/common/block/TestBlockRetainedSizeBreakdown.java: /home/gabsko/breaking-updates/presto-common/src/test/java/com/facebook/presto/common/block/TestBlockRetainedSizeBreakdown.java uses or overrides a deprecated API.
[INFO] /home/gabsko/breaking-updates/presto-common/src/test/java/com/facebook/presto/common/block/TestBlockRetainedSizeBreakdown.java: Recompile with -Xlint:deprecation for details.
[INFO] 
[INFO] --- maven-dependency-plugin:3.1.1:analyze-only (default) @ presto-common ---
[INFO] No dependency problems found
[INFO] 
[INFO] --- maven-dependency-plugin:3.1.1:analyze-duplicate (default) @ presto-common ---
[INFO] No duplicate dependencies found in <dependencies/> or in <dependencyManagement/>
[INFO] 
[INFO] --- maven-dependency-plugin:3.1.1:analyze-dep-mgt (default) @ presto-common ---
[INFO] Found Resolved Dependency/DependencyManagement mismatches:
[INFO] 	Ignoring Direct Dependencies.
[INFO] org.slf4j:slf4j-api:jar was excluded in DepMgt, but version 1.7.32 has been found in the dependency tree.
[INFO] org.checkerframework:checker-qual:jar was excluded in DepMgt, but version 3.20.0 has been found in the dependency tree.
[INFO] com.google.errorprone:error_prone_annotations:jar was excluded in DepMgt, but version 2.1.3 has been found in the dependency tree.
[INFO] org.codehaus.mojo:animal-sniffer-annotations:jar was excluded in DepMgt, but version 1.14 has been found in the dependency tree.
[INFO] com.google.inject:guice:jar was excluded in DepMgt, but version 4.2.2 has been found in the dependency tree.
[INFO] com.fasterxml.jackson.datatype:jackson-datatype-jdk8:jar was excluded in DepMgt, but version 2.10.0 has been found in the dependency tree.
[INFO] com.fasterxml.jackson.datatype:jackson-datatype-guava:jar was excluded in DepMgt, but version 2.10.0 has been found in the dependency tree.
[INFO] com.fasterxml.jackson.datatype:jackson-datatype-joda:jar was excluded in DepMgt, but version 2.10.0 has been found in the dependency tree.
[INFO] com.fasterxml.jackson.dataformat:jackson-dataformat-smile:jar was excluded in DepMgt, but version 2.10.0 has been found in the dependency tree.
[WARNING] Potential problems found in Dependency Management 
[INFO] 
[INFO] --- duplicate-finder-maven-plugin:1.2.1:check (default) @ presto-common ---
[INFO] Checking compile classpath
[INFO] Checking runtime classpath
[INFO] Checking test classpath
[INFO] 
[INFO] --- modernizer-maven-plugin:1.7.1:modernizer (modernizer) @ presto-common ---
[INFO] 
[INFO] --- maven-surefire-plugin:3.0.0-M7:test (default-test) @ presto-common ---
[INFO] Tests will run in random order. To reproduce ordering use flag -Dsurefire.runOrder.random.seed=20620238287807358
[INFO] Using auto detected provider org.apache.maven.surefire.testng.TestNGProvider
[INFO] 
[INFO] -------------------------------------------------------
[INFO]  T E S T S
[INFO] -------------------------------------------------------
[INFO] Running TestSuite
SLF4J: Failed to load class "org.slf4j.impl.StaticLoggerBinder".
SLF4J: Defaulting to no-operation (NOP) logger implementation
SLF4J: See http://www.slf4j.org/codes.html#StaticLoggerBinder for further details.
[INFO] Tests run: 248, Failures: 0, Errors: 0, Skipped: 0, Time elapsed: 12.658 s - in TestSuite
[INFO] 
[INFO] Results:
[INFO] 
[INFO] Tests run: 248, Failures: 0, Errors: 0, Skipped: 0
[INFO] 
[INFO] 
[INFO] -----------------< com.facebook.presto:presto-parser >------------------
[INFO] Building presto-parser 0.277-SNAPSHOT                             [6/98]
[INFO] --------------------------------[ jar ]---------------------------------
[INFO] 
[INFO] --- maven-clean-plugin:3.0.0:clean (default-clean) @ presto-parser ---
[INFO] Deleting /home/gabsko/breaking-updates/presto-parser/target
[INFO] 
[INFO] --- maven-enforcer-plugin:3.0.0-M2:enforce (default) @ presto-parser ---
[INFO] 
[INFO] --- dependency-scope-maven-plugin:0.8:check (default) @ presto-parser ---
[INFO] No test dependency scope issues found
[INFO] 
[INFO] --- license-maven-plugin:2.3:check (default) @ presto-parser ---
[INFO] Checking licenses...
[INFO] 
[INFO] --- maven-checkstyle-plugin:3.0.0:check (checkstyle) @ presto-parser ---
[INFO] 
[INFO] --- jacoco-maven-plugin:0.8.7:prepare-agent (default) @ presto-parser ---
[INFO] argLine set to -javaagent:/home/gabsko/.m2/repository/org/jacoco/org.jacoco.agent/0.8.7/org.jacoco.agent-0.8.7-runtime.jar=destfile=/home/gabsko/breaking-updates/presto-parser/target/jacoco.exec
[INFO] 
[INFO] --- git-commit-id-plugin:4.0.3:revision (default) @ presto-parser ---
[INFO] 
[INFO] --- antlr4-maven-plugin:4.7.1:antlr4 (default) @ presto-parser ---
[INFO] ANTLR 4: Processing source directory /home/gabsko/breaking-updates/presto-parser/src/main/antlr4
[INFO] Processing grammar: com/facebook/presto/type/TypeCalculation.g4
[INFO] Processing grammar: com/facebook/presto/sql/parser/SqlBase.g4
[INFO] 
[INFO] --- maven-resources-plugin:2.6:resources (default-resources) @ presto-parser ---
[INFO] Using 'UTF-8' encoding to copy filtered resources.
[INFO] skip non existing resourceDirectory /home/gabsko/breaking-updates/presto-parser/src/main/resources
[INFO] 
[INFO] --- maven-compiler-plugin:3.8.0:compile (default-compile) @ presto-parser ---
[INFO] Changes detected - recompiling the module!
[INFO] Compiling 210 source files to /home/gabsko/breaking-updates/presto-parser/target/classes
[WARNING] bootstrap class path not set in conjunction with -source 8
[INFO] /home/gabsko/breaking-updates/presto-parser/src/main/java/com/facebook/presto/sql/parser/StatementSplitter.java: Some input files use or override a deprecated API.
[INFO] /home/gabsko/breaking-updates/presto-parser/src/main/java/com/facebook/presto/sql/parser/StatementSplitter.java: Recompile with -Xlint:deprecation for details.
[INFO] /home/gabsko/breaking-updates/presto-parser/src/main/java/com/facebook/presto/sql/tree/CreateType.java: /home/gabsko/breaking-updates/presto-parser/src/main/java/com/facebook/presto/sql/tree/CreateType.java uses unchecked or unsafe operations.
[INFO] /home/gabsko/breaking-updates/presto-parser/src/main/java/com/facebook/presto/sql/tree/CreateType.java: Recompile with -Xlint:unchecked for details.
[INFO] 
[INFO] --- maven-resources-plugin:2.6:testResources (default-testResources) @ presto-parser ---
[INFO] Using 'UTF-8' encoding to copy filtered resources.
[INFO] Copying 22 resources
[INFO] 
[INFO] --- maven-compiler-plugin:3.8.0:testCompile (default-testCompile) @ presto-parser ---
[INFO] Changes detected - recompiling the module!
[INFO] Compiling 7 source files to /home/gabsko/breaking-updates/presto-parser/target/test-classes
[WARNING] bootstrap class path not set in conjunction with -source 8
[INFO] /home/gabsko/breaking-updates/presto-parser/src/test/java/com/facebook/presto/sql/parser/TestStatementBuilder.java: Some input files use or override a deprecated API.
[INFO] /home/gabsko/breaking-updates/presto-parser/src/test/java/com/facebook/presto/sql/parser/TestStatementBuilder.java: Recompile with -Xlint:deprecation for details.
[INFO] 
[INFO] --- maven-dependency-plugin:3.1.1:analyze-only (default) @ presto-parser ---
[INFO] No dependency problems found
[INFO] 
[INFO] --- maven-dependency-plugin:3.1.1:analyze-duplicate (default) @ presto-parser ---
[INFO] No duplicate dependencies found in <dependencies/> or in <dependencyManagement/>
[INFO] 
[INFO] --- maven-dependency-plugin:3.1.1:analyze-dep-mgt (default) @ presto-parser ---
[INFO] Found Resolved Dependency/DependencyManagement mismatches:
[INFO] 	Ignoring Direct Dependencies.
[INFO] org.checkerframework:checker-qual:jar was excluded in DepMgt, but version 3.20.0 has been found in the dependency tree.
[INFO] com.google.errorprone:error_prone_annotations:jar was excluded in DepMgt, but version 2.1.3 has been found in the dependency tree.
[INFO] org.codehaus.mojo:animal-sniffer-annotations:jar was excluded in DepMgt, but version 1.14 has been found in the dependency tree.
[INFO] org.slf4j:slf4j-api:jar was excluded in DepMgt, but version 1.7.32 has been found in the dependency tree.
[WARNING] Potential problems found in Dependency Management 
[INFO] 
[INFO] --- duplicate-finder-maven-plugin:1.2.1:check (default) @ presto-parser ---
[INFO] Checking compile classpath
[INFO] Checking runtime classpath
[INFO] Checking test classpath
[INFO] 
[INFO] --- modernizer-maven-plugin:1.7.1:modernizer (modernizer) @ presto-parser ---
[INFO] 
[INFO] --- maven-surefire-plugin:3.0.0-M7:test (default-test) @ presto-parser ---
[INFO] Tests will run in random order. To reproduce ordering use flag -Dsurefire.runOrder.random.seed=20620257423426432
[INFO] Using auto detected provider org.apache.maven.surefire.testng.TestNGProvider
[INFO] 
[INFO] -------------------------------------------------------
[INFO]  T E S T S
[INFO] -------------------------------------------------------
[INFO] Running TestSuite
SLF4J: Failed to load class "org.slf4j.impl.StaticLoggerBinder".
SLF4J: Defaulting to no-operation (NOP) logger implementation
SLF4J: See http://www.slf4j.org/codes.html#StaticLoggerBinder for further details.
[INFO] Tests run: 188, Failures: 0, Errors: 0, Skipped: 0, Time elapsed: 2.123 s - in TestSuite
[INFO] 
[INFO] Results:
[INFO] 
[INFO] Tests run: 188, Failures: 0, Errors: 0, Skipped: 0
[INFO] 
[INFO] 
[INFO] ----------------< com.facebook.presto:presto-bytecode >-----------------
[INFO] Building presto-bytecode 0.277-SNAPSHOT                           [7/98]
[INFO] --------------------------------[ jar ]---------------------------------
[INFO] 
[INFO] --- maven-clean-plugin:3.0.0:clean (default-clean) @ presto-bytecode ---
[INFO] Deleting /home/gabsko/breaking-updates/presto-bytecode/target
[INFO] 
[INFO] --- maven-enforcer-plugin:3.0.0-M2:enforce (default) @ presto-bytecode ---
[WARNING] Invalid bytecodeVersion for module-info.class: expected 52, but was 53
[WARNING] Invalid bytecodeVersion for module-info.class: expected 52, but was 53
[WARNING] Invalid bytecodeVersion for module-info.class: expected 52, but was 53
[WARNING] Invalid bytecodeVersion for module-info.class: expected 52, but was 53
[INFO] 
[INFO] --- dependency-scope-maven-plugin:0.8:check (default) @ presto-bytecode ---
[INFO] No test dependency scope issues found
[INFO] 
[INFO] --- license-maven-plugin:2.3:check (default) @ presto-bytecode ---
[INFO] Checking licenses...
[INFO] 
[INFO] --- maven-checkstyle-plugin:3.0.0:check (checkstyle) @ presto-bytecode ---
[INFO] 
[INFO] --- jacoco-maven-plugin:0.8.7:prepare-agent (default) @ presto-bytecode ---
[INFO] argLine set to -javaagent:/home/gabsko/.m2/repository/org/jacoco/org.jacoco.agent/0.8.7/org.jacoco.agent-0.8.7-runtime.jar=destfile=/home/gabsko/breaking-updates/presto-bytecode/target/jacoco.exec
[INFO] 
[INFO] --- git-commit-id-plugin:4.0.3:revision (default) @ presto-bytecode ---
[INFO] 
[INFO] --- maven-resources-plugin:2.6:resources (default-resources) @ presto-bytecode ---
[INFO] Using 'UTF-8' encoding to copy filtered resources.
[INFO] skip non existing resourceDirectory /home/gabsko/breaking-updates/presto-bytecode/src/main/resources
[INFO] 
[INFO] --- maven-compiler-plugin:3.8.0:compile (default-compile) @ presto-bytecode ---
[INFO] Changes detected - recompiling the module!
[INFO] Compiling 71 source files to /home/gabsko/breaking-updates/presto-bytecode/target/classes
[WARNING] bootstrap class path not set in conjunction with -source 8
[INFO] /home/gabsko/breaking-updates/presto-bytecode/src/main/java/com/facebook/presto/bytecode/AnnotationDefinition.java: /home/gabsko/breaking-updates/presto-bytecode/src/main/java/com/facebook/presto/bytecode/AnnotationDefinition.java uses unchecked or unsafe operations.
[INFO] /home/gabsko/breaking-updates/presto-bytecode/src/main/java/com/facebook/presto/bytecode/AnnotationDefinition.java: Recompile with -Xlint:unchecked for details.
[INFO] 
[INFO] --- maven-resources-plugin:2.6:testResources (default-testResources) @ presto-bytecode ---
[INFO] Using 'UTF-8' encoding to copy filtered resources.
[INFO] skip non existing resourceDirectory /home/gabsko/breaking-updates/presto-bytecode/src/test/resources
[INFO] 
[INFO] --- maven-compiler-plugin:3.8.0:testCompile (default-testCompile) @ presto-bytecode ---
[INFO] Changes detected - recompiling the module!
[INFO] Compiling 17 source files to /home/gabsko/breaking-updates/presto-bytecode/target/test-classes
[WARNING] bootstrap class path not set in conjunction with -source 8
[INFO] 
[INFO] --- maven-dependency-plugin:3.1.1:analyze-only (default) @ presto-bytecode ---
[INFO] No dependency problems found
[INFO] 
[INFO] --- maven-dependency-plugin:3.1.1:analyze-duplicate (default) @ presto-bytecode ---
[INFO] No duplicate dependencies found in <dependencies/> or in <dependencyManagement/>
[INFO] 
[INFO] --- maven-dependency-plugin:3.1.1:analyze-dep-mgt (default) @ presto-bytecode ---
[INFO] Found Resolved Dependency/DependencyManagement mismatches:
[INFO] 	Ignoring Direct Dependencies.
[INFO] org.checkerframework:checker-qual:jar was excluded in DepMgt, but version 3.20.0 has been found in the dependency tree.
[INFO] com.google.errorprone:error_prone_annotations:jar was excluded in DepMgt, but version 2.1.3 has been found in the dependency tree.
[INFO] org.codehaus.mojo:animal-sniffer-annotations:jar was excluded in DepMgt, but version 1.14 has been found in the dependency tree.
[INFO] org.slf4j:slf4j-api:jar was excluded in DepMgt, but version 1.7.32 has been found in the dependency tree.
[WARNING] Potential problems found in Dependency Management 
[INFO] 
[INFO] --- duplicate-finder-maven-plugin:1.2.1:check (default) @ presto-bytecode ---
[INFO] Checking compile classpath
[INFO] Checking runtime classpath
[INFO] Checking test classpath
[INFO] 
[INFO] --- modernizer-maven-plugin:1.7.1:modernizer (modernizer) @ presto-bytecode ---
[INFO] 
[INFO] --- maven-surefire-plugin:3.0.0-M7:test (default-test) @ presto-bytecode ---
[INFO] Tests will run in random order. To reproduce ordering use flag -Dsurefire.runOrder.random.seed=20620262759611972
[INFO] Using auto detected provider org.apache.maven.surefire.testng.TestNGProvider
[INFO] 
[INFO] -------------------------------------------------------
[INFO]  T E S T S
[INFO] -------------------------------------------------------
[INFO] Running TestSuite
SLF4J: Failed to load class "org.slf4j.impl.StaticLoggerBinder".
SLF4J: Defaulting to no-operation (NOP) logger implementation
SLF4J: See http://www.slf4j.org/codes.html#StaticLoggerBinder for further details.
[INFO] Tests run: 43, Failures: 0, Errors: 0, Skipped: 0, Time elapsed: 1.145 s - in TestSuite
[INFO] 
[INFO] Results:
[INFO] 
[INFO] Tests run: 43, Failures: 0, Errors: 0, Skipped: 0
[INFO] 
[INFO] 
[INFO] ----------------< com.facebook.presto:presto-matching >-----------------
[INFO] Building presto-matching 0.277-SNAPSHOT                           [8/98]
[INFO] --------------------------------[ jar ]---------------------------------
[INFO] 
[INFO] --- maven-clean-plugin:3.0.0:clean (default-clean) @ presto-matching ---
[INFO] Deleting /home/gabsko/breaking-updates/presto-matching/target
[INFO] 
[INFO] --- maven-enforcer-plugin:3.0.0-M2:enforce (default) @ presto-matching ---
[INFO] 
[INFO] --- dependency-scope-maven-plugin:0.8:check (default) @ presto-matching ---
[INFO] No test dependency scope issues found
[INFO] 
[INFO] --- license-maven-plugin:2.3:check (default) @ presto-matching ---
[INFO] Checking licenses...
[INFO] 
[INFO] --- maven-checkstyle-plugin:3.0.0:check (checkstyle) @ presto-matching ---
[INFO] 
[INFO] --- jacoco-maven-plugin:0.8.7:prepare-agent (default) @ presto-matching ---
[INFO] argLine set to -javaagent:/home/gabsko/.m2/repository/org/jacoco/org.jacoco.agent/0.8.7/org.jacoco.agent-0.8.7-runtime.jar=destfile=/home/gabsko/breaking-updates/presto-matching/target/jacoco.exec
[INFO] 
[INFO] --- git-commit-id-plugin:4.0.3:revision (default) @ presto-matching ---
[INFO] 
[INFO] --- maven-resources-plugin:2.6:resources (default-resources) @ presto-matching ---
[INFO] Using 'UTF-8' encoding to copy filtered resources.
[INFO] skip non existing resourceDirectory /home/gabsko/breaking-updates/presto-matching/src/main/resources
[INFO] 
[INFO] --- maven-compiler-plugin:3.8.0:compile (default-compile) @ presto-matching ---
[INFO] Changes detected - recompiling the module!
[INFO] Compiling 15 source files to /home/gabsko/breaking-updates/presto-matching/target/classes
[WARNING] bootstrap class path not set in conjunction with -source 8
[INFO] /home/gabsko/breaking-updates/presto-matching/src/main/java/com/facebook/presto/matching/DefaultMatcher.java: Some input files use unchecked or unsafe operations.
[INFO] /home/gabsko/breaking-updates/presto-matching/src/main/java/com/facebook/presto/matching/DefaultMatcher.java: Recompile with -Xlint:unchecked for details.
[INFO] 
[INFO] --- maven-resources-plugin:2.6:testResources (default-testResources) @ presto-matching ---
[INFO] Using 'UTF-8' encoding to copy filtered resources.
[INFO] skip non existing resourceDirectory /home/gabsko/breaking-updates/presto-matching/src/test/resources
[INFO] 
[INFO] --- maven-compiler-plugin:3.8.0:testCompile (default-testCompile) @ presto-matching ---
[INFO] Changes detected - recompiling the module!
[INFO] Compiling 10 source files to /home/gabsko/breaking-updates/presto-matching/target/test-classes
[WARNING] bootstrap class path not set in conjunction with -source 8
[INFO] 
[INFO] --- maven-dependency-plugin:3.1.1:analyze-only (default) @ presto-matching ---
[INFO] No dependency problems found
[INFO] 
[INFO] --- maven-dependency-plugin:3.1.1:analyze-duplicate (default) @ presto-matching ---
[INFO] No duplicate dependencies found in <dependencies/> or in <dependencyManagement/>
[INFO] 
[INFO] --- maven-dependency-plugin:3.1.1:analyze-dep-mgt (default) @ presto-matching ---
[INFO] Found Resolved Dependency/DependencyManagement mismatches:
[INFO] 	Ignoring Direct Dependencies.
[INFO] org.checkerframework:checker-qual:jar was excluded in DepMgt, but version 3.20.0 has been found in the dependency tree.
[INFO] com.google.errorprone:error_prone_annotations:jar was excluded in DepMgt, but version 2.1.3 has been found in the dependency tree.
[INFO] org.codehaus.mojo:animal-sniffer-annotations:jar was excluded in DepMgt, but version 1.14 has been found in the dependency tree.
[INFO] org.slf4j:slf4j-api:jar was excluded in DepMgt, but version 1.7.32 has been found in the dependency tree.
[WARNING] Potential problems found in Dependency Management 
[INFO] 
[INFO] --- duplicate-finder-maven-plugin:1.2.1:check (default) @ presto-matching ---
[INFO] Checking compile classpath
[INFO] Checking runtime classpath
[INFO] Checking test classpath
[INFO] 
[INFO] --- modernizer-maven-plugin:1.7.1:modernizer (modernizer) @ presto-matching ---
[INFO] 
[INFO] --- maven-surefire-plugin:3.0.0-M7:test (default-test) @ presto-matching ---
[INFO] Tests will run in random order. To reproduce ordering use flag -Dsurefire.runOrder.random.seed=20620265999996924
[INFO] Using auto detected provider org.apache.maven.surefire.testng.TestNGProvider
[INFO] 
[INFO] -------------------------------------------------------
[INFO]  T E S T S
[INFO] -------------------------------------------------------
[INFO] Running com.facebook.presto.matching.TestMatcher
SLF4J: Failed to load class "org.slf4j.impl.StaticLoggerBinder".
SLF4J: Defaulting to no-operation (NOP) logger implementation
SLF4J: See http://www.slf4j.org/codes.html#StaticLoggerBinder for further details.
[INFO] Tests run: 10, Failures: 0, Errors: 0, Skipped: 0, Time elapsed: 0.52 s - in com.facebook.presto.matching.TestMatcher
[INFO] 
[INFO] Results:
[INFO] 
[INFO] Tests run: 10, Failures: 0, Errors: 0, Skipped: 0
[INFO] 
[INFO] 
[INFO] -------------< com.facebook.presto:presto-memory-context >--------------
[INFO] Building presto-memory-context 0.277-SNAPSHOT                     [9/98]
[INFO] --------------------------------[ jar ]---------------------------------
[INFO] 
[INFO] --- maven-clean-plugin:3.0.0:clean (default-clean) @ presto-memory-context ---
[INFO] Deleting /home/gabsko/breaking-updates/presto-memory-context/target
[INFO] 
[INFO] --- maven-enforcer-plugin:3.0.0-M2:enforce (default) @ presto-memory-context ---
[INFO] 
[INFO] --- dependency-scope-maven-plugin:0.8:check (default) @ presto-memory-context ---
[INFO] No test dependency scope issues found
[INFO] 
[INFO] --- license-maven-plugin:2.3:check (default) @ presto-memory-context ---
[INFO] Checking licenses...
[INFO] 
[INFO] --- maven-checkstyle-plugin:3.0.0:check (checkstyle) @ presto-memory-context ---
[INFO] 
[INFO] --- jacoco-maven-plugin:0.8.7:prepare-agent (default) @ presto-memory-context ---
[INFO] argLine set to -javaagent:/home/gabsko/.m2/repository/org/jacoco/org.jacoco.agent/0.8.7/org.jacoco.agent-0.8.7-runtime.jar=destfile=/home/gabsko/breaking-updates/presto-memory-context/target/jacoco.exec
[INFO] 
[INFO] --- git-commit-id-plugin:4.0.3:revision (default) @ presto-memory-context ---
[INFO] 
[INFO] --- maven-resources-plugin:2.6:resources (default-resources) @ presto-memory-context ---
[INFO] Using 'UTF-8' encoding to copy filtered resources.
[INFO] skip non existing resourceDirectory /home/gabsko/breaking-updates/presto-memory-context/src/main/resources
[INFO] 
[INFO] --- maven-compiler-plugin:3.8.0:compile (default-compile) @ presto-memory-context ---
[INFO] Changes detected - recompiling the module!
[INFO] Compiling 9 source files to /home/gabsko/breaking-updates/presto-memory-context/target/classes
[WARNING] bootstrap class path not set in conjunction with -source 8
[INFO] 
[INFO] --- maven-resources-plugin:2.6:testResources (default-testResources) @ presto-memory-context ---
[INFO] Using 'UTF-8' encoding to copy filtered resources.
[INFO] skip non existing resourceDirectory /home/gabsko/breaking-updates/presto-memory-context/src/test/resources
[INFO] 
[INFO] --- maven-compiler-plugin:3.8.0:testCompile (default-testCompile) @ presto-memory-context ---
[INFO] Changes detected - recompiling the module!
[INFO] Compiling 1 source file to /home/gabsko/breaking-updates/presto-memory-context/target/test-classes
[WARNING] bootstrap class path not set in conjunction with -source 8
[INFO] 
[INFO] --- maven-dependency-plugin:3.1.1:analyze-only (default) @ presto-memory-context ---
[INFO] No dependency problems found
[INFO] 
[INFO] --- maven-dependency-plugin:3.1.1:analyze-duplicate (default) @ presto-memory-context ---
[INFO] No duplicate dependencies found in <dependencies/> or in <dependencyManagement/>
[INFO] 
[INFO] --- maven-dependency-plugin:3.1.1:analyze-dep-mgt (default) @ presto-memory-context ---
[INFO] Found Resolved Dependency/DependencyManagement mismatches:
[INFO] 	Ignoring Direct Dependencies.
[INFO] org.checkerframework:checker-qual:jar was excluded in DepMgt, but version 3.20.0 has been found in the dependency tree.
[INFO] com.google.errorprone:error_prone_annotations:jar was excluded in DepMgt, but version 2.1.3 has been found in the dependency tree.
[INFO] org.codehaus.mojo:animal-sniffer-annotations:jar was excluded in DepMgt, but version 1.14 has been found in the dependency tree.
[INFO] org.slf4j:slf4j-api:jar was excluded in DepMgt, but version 1.7.32 has been found in the dependency tree.
[WARNING] Potential problems found in Dependency Management 
[INFO] 
[INFO] --- duplicate-finder-maven-plugin:1.2.1:check (default) @ presto-memory-context ---
[INFO] Checking compile classpath
[INFO] Checking runtime classpath
[INFO] Checking test classpath
[INFO] 
[INFO] --- modernizer-maven-plugin:1.7.1:modernizer (modernizer) @ presto-memory-context ---
[INFO] 
[INFO] --- maven-surefire-plugin:3.0.0-M7:test (default-test) @ presto-memory-context ---
[INFO] Tests will run in random order. To reproduce ordering use flag -Dsurefire.runOrder.random.seed=20620268516479163
[INFO] Using auto detected provider org.apache.maven.surefire.testng.TestNGProvider
[INFO] 
[INFO] -------------------------------------------------------
[INFO]  T E S T S
[INFO] -------------------------------------------------------
[INFO] Running TestSuite
SLF4J: Failed to load class "org.slf4j.impl.StaticLoggerBinder".
SLF4J: Defaulting to no-operation (NOP) logger implementation
SLF4J: See http://www.slf4j.org/codes.html#StaticLoggerBinder for further details.
[INFO] Tests run: 8, Failures: 0, Errors: 0, Skipped: 0, Time elapsed: 0.577 s - in TestSuite
[INFO] 
[INFO] Results:
[INFO] 
[INFO] Tests run: 8, Failures: 0, Errors: 0, Skipped: 0
[INFO] 
[INFO] 
[INFO] -------------< com.facebook.presto:presto-spark-launcher >--------------
[INFO] Building presto-spark-launcher 0.277-SNAPSHOT                    [10/98]
[INFO] --------------------------------[ jar ]---------------------------------
[INFO] 
[INFO] --- maven-clean-plugin:3.0.0:clean (default-clean) @ presto-spark-launcher ---
[INFO] Deleting /home/gabsko/breaking-updates/presto-spark-launcher/target
[INFO] 
[INFO] --- maven-enforcer-plugin:3.0.0-M2:enforce (default) @ presto-spark-launcher ---
[INFO] 
[INFO] --- dependency-scope-maven-plugin:0.8:check (default) @ presto-spark-launcher ---
[INFO] No test dependency scope issues found
[INFO] 
[INFO] --- license-maven-plugin:2.3:check (default) @ presto-spark-launcher ---
[INFO] Checking licenses...
[INFO] 
[INFO] --- maven-checkstyle-plugin:3.0.0:check (checkstyle) @ presto-spark-launcher ---
[INFO] 
[INFO] --- jacoco-maven-plugin:0.8.7:prepare-agent (default) @ presto-spark-launcher ---
[INFO] argLine set to -javaagent:/home/gabsko/.m2/repository/org/jacoco/org.jacoco.agent/0.8.7/org.jacoco.agent-0.8.7-runtime.jar=destfile=/home/gabsko/breaking-updates/presto-spark-launcher/target/jacoco.exec
[INFO] 
[INFO] --- git-commit-id-plugin:4.0.3:revision (default) @ presto-spark-launcher ---
[INFO] 
[INFO] --- maven-resources-plugin:2.6:resources (default-resources) @ presto-spark-launcher ---
[INFO] Using 'UTF-8' encoding to copy filtered resources.
[INFO] skip non existing resourceDirectory /home/gabsko/breaking-updates/presto-spark-launcher/src/main/resources
[INFO] 
[INFO] --- maven-compiler-plugin:3.8.0:compile (default-compile) @ presto-spark-launcher ---
[INFO] Changes detected - recompiling the module!
[INFO] Compiling 12 source files to /home/gabsko/breaking-updates/presto-spark-launcher/target/classes
[WARNING] bootstrap class path not set in conjunction with -source 8
[INFO] 
[INFO] --- maven-resources-plugin:2.6:testResources (default-testResources) @ presto-spark-launcher ---
[INFO] Using 'UTF-8' encoding to copy filtered resources.
[INFO] skip non existing resourceDirectory /home/gabsko/breaking-updates/presto-spark-launcher/src/test/resources
[INFO] 
[INFO] --- maven-compiler-plugin:3.8.0:testCompile (default-testCompile) @ presto-spark-launcher ---
[INFO] No sources to compile
[INFO] 
[INFO] --- maven-dependency-plugin:3.1.1:analyze-only (default) @ presto-spark-launcher ---
[INFO] No dependency problems found
[INFO] 
[INFO] --- maven-dependency-plugin:3.1.1:analyze-duplicate (default) @ presto-spark-launcher ---
[INFO] No duplicate dependencies found in <dependencies/> or in <dependencyManagement/>
[INFO] 
[INFO] --- maven-dependency-plugin:3.1.1:analyze-dep-mgt (default) @ presto-spark-launcher ---
[INFO] Found Resolved Dependency/DependencyManagement mismatches:
[INFO] 	Ignoring Direct Dependencies.
[INFO] org.checkerframework:checker-qual:jar was excluded in DepMgt, but version 3.20.0 has been found in the dependency tree.
[INFO] com.google.errorprone:error_prone_annotations:jar was excluded in DepMgt, but version 2.1.3 has been found in the dependency tree.
[INFO] org.codehaus.mojo:animal-sniffer-annotations:jar was excluded in DepMgt, but version 1.14 has been found in the dependency tree.
[WARNING] Potential problems found in Dependency Management 
[INFO] 
[INFO] --- duplicate-finder-maven-plugin:1.2.1:check (default) @ presto-spark-launcher ---
[INFO] Checking compile classpath
[INFO] Checking runtime classpath
[INFO] Checking test classpath
[INFO] 
[INFO] --- modernizer-maven-plugin:1.7.1:modernizer (modernizer) @ presto-spark-launcher ---
[INFO] 
[INFO] --- maven-surefire-plugin:3.0.0-M7:test (default-test) @ presto-spark-launcher ---
[INFO] No tests to run.
[INFO] 
[INFO] -------------------< com.facebook.presto:presto-spi >-------------------
[INFO] Building presto-spi 0.277-SNAPSHOT                               [11/98]
[INFO] --------------------------------[ jar ]---------------------------------
[INFO] 
[INFO] --- maven-clean-plugin:3.0.0:clean (default-clean) @ presto-spi ---
[INFO] Deleting /home/gabsko/breaking-updates/presto-spi/target
[INFO] 
[INFO] --- maven-enforcer-plugin:3.0.0-M2:enforce (default) @ presto-spi ---
[WARNING] Invalid bytecodeVersion for module-info.class: expected 52, but was 53
[INFO] 
[INFO] --- dependency-scope-maven-plugin:0.8:check (default) @ presto-spi ---
[INFO] No test dependency scope issues found
[INFO] 
[INFO] --- license-maven-plugin:2.3:check (default) @ presto-spi ---
[INFO] Checking licenses...
[INFO] 
[INFO] --- maven-checkstyle-plugin:3.0.0:check (checkstyle) @ presto-spi ---
[INFO] 
[INFO] --- jacoco-maven-plugin:0.8.7:prepare-agent (default) @ presto-spi ---
[INFO] argLine set to -javaagent:/home/gabsko/.m2/repository/org/jacoco/org.jacoco.agent/0.8.7/org.jacoco.agent-0.8.7-runtime.jar=destfile=/home/gabsko/breaking-updates/presto-spi/target/jacoco.exec
[INFO] 
[INFO] --- git-commit-id-plugin:4.0.3:revision (default) @ presto-spi ---
[INFO] 
[INFO] --- maven-resources-plugin:2.6:resources (default-resources) @ presto-spi ---
[INFO] Using 'UTF-8' encoding to copy filtered resources.
[INFO] skip non existing resourceDirectory /home/gabsko/breaking-updates/presto-spi/src/main/resources
[INFO] 
[INFO] --- maven-compiler-plugin:3.8.0:compile (default-compile) @ presto-spi ---
[INFO] Changes detected - recompiling the module!
[INFO] Compiling 328 source files to /home/gabsko/breaking-updates/presto-spi/target/classes
[WARNING] bootstrap class path not set in conjunction with -source 8
[WARNING] /home/gabsko/breaking-updates/presto-spi/src/main/java/com/facebook/presto/spi/page/PagesSerde.java:[38,23] sun.misc.Unsafe is internal proprietary API and may be removed in a future release
[INFO] /home/gabsko/breaking-updates/presto-spi/src/main/java/com/facebook/presto/spi/Constraint.java: Some input files use or override a deprecated API.
[INFO] /home/gabsko/breaking-updates/presto-spi/src/main/java/com/facebook/presto/spi/Constraint.java: Recompile with -Xlint:deprecation for details.
[INFO] 
[INFO] --- maven-resources-plugin:2.6:testResources (default-testResources) @ presto-spi ---
[INFO] Using 'UTF-8' encoding to copy filtered resources.
[INFO] skip non existing resourceDirectory /home/gabsko/breaking-updates/presto-spi/src/test/resources
[INFO] 
[INFO] --- maven-compiler-plugin:3.8.0:testCompile (default-testCompile) @ presto-spi ---
[INFO] Changes detected - recompiling the module!
[INFO] Compiling 19 source files to /home/gabsko/breaking-updates/presto-spi/target/test-classes
[WARNING] bootstrap class path not set in conjunction with -source 8
[INFO] /home/gabsko/breaking-updates/presto-spi/src/test/java/com/facebook/presto/spi/predicate/TestTupleDomain.java: /home/gabsko/breaking-updates/presto-spi/src/test/java/com/facebook/presto/spi/predicate/TestTupleDomain.java uses or overrides a deprecated API.
[INFO] /home/gabsko/breaking-updates/presto-spi/src/test/java/com/facebook/presto/spi/predicate/TestTupleDomain.java: Recompile with -Xlint:deprecation for details.
[INFO] 
[INFO] --- maven-dependency-plugin:3.1.1:analyze-only (default) @ presto-spi ---
[INFO] No dependency problems found
[INFO] 
[INFO] --- maven-dependency-plugin:3.1.1:analyze-duplicate (default) @ presto-spi ---
[INFO] No duplicate dependencies found in <dependencies/> or in <dependencyManagement/>
[INFO] 
[INFO] --- maven-dependency-plugin:3.1.1:analyze-dep-mgt (default) @ presto-spi ---
[INFO] Found Resolved Dependency/DependencyManagement mismatches:
[INFO] 	Ignoring Direct Dependencies.
[INFO] org.slf4j:slf4j-api:jar was excluded in DepMgt, but version 1.7.32 has been found in the dependency tree.
[INFO] org.checkerframework:checker-qual:jar was excluded in DepMgt, but version 3.20.0 has been found in the dependency tree.
[INFO] com.google.errorprone:error_prone_annotations:jar was excluded in DepMgt, but version 2.1.3 has been found in the dependency tree.
[INFO] org.codehaus.mojo:animal-sniffer-annotations:jar was excluded in DepMgt, but version 1.14 has been found in the dependency tree.
[INFO] com.google.inject:guice:jar was excluded in DepMgt, but version 4.2.2 has been found in the dependency tree.
[INFO] com.fasterxml.jackson.datatype:jackson-datatype-jdk8:jar was excluded in DepMgt, but version 2.10.0 has been found in the dependency tree.
[INFO] com.fasterxml.jackson.datatype:jackson-datatype-guava:jar was excluded in DepMgt, but version 2.10.0 has been found in the dependency tree.
[INFO] com.fasterxml.jackson.datatype:jackson-datatype-joda:jar was excluded in DepMgt, but version 2.10.0 has been found in the dependency tree.
[INFO] com.fasterxml.jackson.dataformat:jackson-dataformat-smile:jar was excluded in DepMgt, but version 2.10.0 has been found in the dependency tree.
[WARNING] Potential problems found in Dependency Management 
[INFO] 
[INFO] --- duplicate-finder-maven-plugin:1.2.1:check (default) @ presto-spi ---
[INFO] Checking compile classpath
[INFO] Checking runtime classpath
[INFO] Checking test classpath
[INFO] 
[INFO] --- modernizer-maven-plugin:1.7.1:modernizer (modernizer) @ presto-spi ---
[INFO] 
[INFO] --- maven-surefire-plugin:3.0.0-M7:test (default-test) @ presto-spi ---
[INFO] Tests will run in random order. To reproduce ordering use flag -Dsurefire.runOrder.random.seed=20620274849989895
[INFO] Using auto detected provider org.apache.maven.surefire.testng.TestNGProvider
[INFO] 
[INFO] -------------------------------------------------------
[INFO]  T E S T S
[INFO] -------------------------------------------------------
[INFO] Running TestSuite
SLF4J: Failed to load class "org.slf4j.impl.StaticLoggerBinder".
SLF4J: Defaulting to no-operation (NOP) logger implementation
SLF4J: See http://www.slf4j.org/codes.html#StaticLoggerBinder for further details.
[INFO] Tests run: 41, Failures: 0, Errors: 0, Skipped: 0, Time elapsed: 1.44 s - in TestSuite
[INFO] 
[INFO] Results:
[INFO] 
[INFO] Tests run: 41, Failures: 0, Errors: 0, Skipped: 0
[INFO] 
[INFO] 
[INFO] ----------------< com.facebook.presto:presto-analyzer >-----------------
[INFO] Building presto-analyzer 0.277-SNAPSHOT                          [12/98]
[INFO] --------------------------------[ jar ]---------------------------------
[INFO] 
[INFO] --- maven-clean-plugin:3.0.0:clean (default-clean) @ presto-analyzer ---
[INFO] Deleting /home/gabsko/breaking-updates/presto-analyzer/target
[INFO] 
[INFO] --- maven-enforcer-plugin:3.0.0-M2:enforce (default) @ presto-analyzer ---
[WARNING] Invalid bytecodeVersion for module-info.class: expected 52, but was 53
[INFO] 
[INFO] --- dependency-scope-maven-plugin:0.8:check (default) @ presto-analyzer ---
[INFO] No test dependency scope issues found
[INFO] 
[INFO] --- license-maven-plugin:2.3:check (default) @ presto-analyzer ---
[INFO] Checking licenses...
[INFO] 
[INFO] --- maven-checkstyle-plugin:3.0.0:check (checkstyle) @ presto-analyzer ---
[INFO] 
[INFO] --- jacoco-maven-plugin:0.8.7:prepare-agent (default) @ presto-analyzer ---
[INFO] argLine set to -javaagent:/home/gabsko/.m2/repository/org/jacoco/org.jacoco.agent/0.8.7/org.jacoco.agent-0.8.7-runtime.jar=destfile=/home/gabsko/breaking-updates/presto-analyzer/target/jacoco.exec
[INFO] 
[INFO] --- git-commit-id-plugin:4.0.3:revision (default) @ presto-analyzer ---
[INFO] 
[INFO] --- maven-resources-plugin:2.6:resources (default-resources) @ presto-analyzer ---
[INFO] Using 'UTF-8' encoding to copy filtered resources.
[INFO] skip non existing resourceDirectory /home/gabsko/breaking-updates/presto-analyzer/src/main/resources
[INFO] 
[INFO] --- maven-compiler-plugin:3.8.0:compile (default-compile) @ presto-analyzer ---
[INFO] Changes detected - recompiling the module!
[INFO] Compiling 12 source files to /home/gabsko/breaking-updates/presto-analyzer/target/classes
[WARNING] bootstrap class path not set in conjunction with -source 8
[INFO] 
[INFO] --- maven-resources-plugin:2.6:testResources (default-testResources) @ presto-analyzer ---
[INFO] Using 'UTF-8' encoding to copy filtered resources.
[INFO] skip non existing resourceDirectory /home/gabsko/breaking-updates/presto-analyzer/src/test/resources
[INFO] 
[INFO] --- maven-compiler-plugin:3.8.0:testCompile (default-testCompile) @ presto-analyzer ---
[INFO] No sources to compile
[INFO] 
[INFO] --- maven-dependency-plugin:3.1.1:analyze-only (default) @ presto-analyzer ---
[INFO] No dependency problems found
[INFO] 
[INFO] --- maven-dependency-plugin:3.1.1:analyze-duplicate (default) @ presto-analyzer ---
[INFO] No duplicate dependencies found in <dependencies/> or in <dependencyManagement/>
[INFO] 
[INFO] --- maven-dependency-plugin:3.1.1:analyze-dep-mgt (default) @ presto-analyzer ---
[INFO] Found Resolved Dependency/DependencyManagement mismatches:
[INFO] 	Ignoring Direct Dependencies.
[INFO] com.fasterxml.jackson.core:jackson-annotations:jar was excluded in DepMgt, but version 2.10.0 has been found in the dependency tree.
[INFO] org.checkerframework:checker-qual:jar was excluded in DepMgt, but version 3.20.0 has been found in the dependency tree.
[INFO] com.google.errorprone:error_prone_annotations:jar was excluded in DepMgt, but version 2.1.3 has been found in the dependency tree.
[INFO] org.codehaus.mojo:animal-sniffer-annotations:jar was excluded in DepMgt, but version 1.14 has been found in the dependency tree.
[WARNING] Potential problems found in Dependency Management 
[INFO] 
[INFO] --- duplicate-finder-maven-plugin:1.2.1:check (default) @ presto-analyzer ---
[INFO] Checking compile classpath
[INFO] Checking runtime classpath
[INFO] Checking test classpath
[INFO] 
[INFO] --- modernizer-maven-plugin:1.7.1:modernizer (modernizer) @ presto-analyzer ---
[INFO] 
[INFO] --- maven-surefire-plugin:3.0.0-M7:test (default-test) @ presto-analyzer ---
[INFO] No tests to run.
[INFO] 
[INFO] -------------< com.facebook.presto:presto-plugin-toolkit >--------------
[INFO] Building presto-plugin-toolkit 0.277-SNAPSHOT                    [13/98]
[INFO] --------------------------------[ jar ]---------------------------------
[INFO] 
[INFO] --- maven-clean-plugin:3.0.0:clean (default-clean) @ presto-plugin-toolkit ---
[INFO] Deleting /home/gabsko/breaking-updates/presto-plugin-toolkit/target
[INFO] 
[INFO] --- maven-enforcer-plugin:3.0.0-M2:enforce (default) @ presto-plugin-toolkit ---
[WARNING] Invalid bytecodeVersion for module-info.class: expected 52, but was 53
[WARNING] Invalid bytecodeVersion for module-info.class: expected 52, but was 53
[WARNING] Invalid bytecodeVersion for module-info.class: expected 52, but was 53
[WARNING] Invalid bytecodeVersion for module-info.class: expected 52, but was 53
[WARNING] Invalid bytecodeVersion for module-info.class: expected 52, but was 53
[WARNING] Invalid bytecodeVersion for module-info.class: expected 52, but was 53
[WARNING] Invalid bytecodeVersion for module-info.class: expected 52, but was 53
[WARNING] Invalid bytecodeVersion for module-info.class: expected 52, but was 53
[WARNING] Invalid bytecodeVersion for module-info.class: expected 52, but was 53
[INFO] 
[INFO] --- dependency-scope-maven-plugin:0.8:check (default) @ presto-plugin-toolkit ---
[INFO] No test dependency scope issues found
[INFO] 
[INFO] --- license-maven-plugin:2.3:check (default) @ presto-plugin-toolkit ---
[INFO] Checking licenses...
[INFO] 
[INFO] --- maven-checkstyle-plugin:3.0.0:check (checkstyle) @ presto-plugin-toolkit ---
[INFO] 
[INFO] --- jacoco-maven-plugin:0.8.7:prepare-agent (default) @ presto-plugin-toolkit ---
[INFO] argLine set to -javaagent:/home/gabsko/.m2/repository/org/jacoco/org.jacoco.agent/0.8.7/org.jacoco.agent-0.8.7-runtime.jar=destfile=/home/gabsko/breaking-updates/presto-plugin-toolkit/target/jacoco.exec
[INFO] 
[INFO] --- git-commit-id-plugin:4.0.3:revision (default) @ presto-plugin-toolkit ---
[INFO] 
[INFO] --- maven-resources-plugin:2.6:resources (default-resources) @ presto-plugin-toolkit ---
[INFO] Using 'UTF-8' encoding to copy filtered resources.
[INFO] skip non existing resourceDirectory /home/gabsko/breaking-updates/presto-plugin-toolkit/src/main/resources
[INFO] 
[INFO] --- maven-compiler-plugin:3.8.0:compile (default-compile) @ presto-plugin-toolkit ---
[INFO] Changes detected - recompiling the module!
[INFO] Compiling 14 source files to /home/gabsko/breaking-updates/presto-plugin-toolkit/target/classes
[WARNING] bootstrap class path not set in conjunction with -source 8
[INFO] 
[INFO] --- maven-resources-plugin:2.6:testResources (default-testResources) @ presto-plugin-toolkit ---
[INFO] Using 'UTF-8' encoding to copy filtered resources.
[INFO] Copying 4 resources
[INFO] 
[INFO] --- maven-compiler-plugin:3.8.0:testCompile (default-testCompile) @ presto-plugin-toolkit ---
[INFO] Changes detected - recompiling the module!
[INFO] Compiling 5 source files to /home/gabsko/breaking-updates/presto-plugin-toolkit/target/test-classes
[WARNING] bootstrap class path not set in conjunction with -source 8
[INFO] 
[INFO] --- maven-dependency-plugin:3.1.1:analyze-only (default) @ presto-plugin-toolkit ---
[INFO] No dependency problems found
[INFO] 
[INFO] --- maven-dependency-plugin:3.1.1:analyze-duplicate (default) @ presto-plugin-toolkit ---
[INFO] No duplicate dependencies found in <dependencies/> or in <dependencyManagement/>
[INFO] 
[INFO] --- maven-dependency-plugin:3.1.1:analyze-dep-mgt (default) @ presto-plugin-toolkit ---
[INFO] Found Resolved Dependency/DependencyManagement mismatches:
[INFO] 	Ignoring Direct Dependencies.
[INFO] org.checkerframework:checker-qual:jar was excluded in DepMgt, but version 3.20.0 has been found in the dependency tree.
[INFO] com.google.errorprone:error_prone_annotations:jar was excluded in DepMgt, but version 2.1.3 has been found in the dependency tree.
[INFO] org.codehaus.mojo:animal-sniffer-annotations:jar was excluded in DepMgt, but version 1.14 has been found in the dependency tree.
[INFO] com.fasterxml.jackson.core:jackson-core:jar was excluded in DepMgt, but version 2.10.0 has been found in the dependency tree.
[INFO] com.fasterxml.jackson.datatype:jackson-datatype-jdk8:jar was excluded in DepMgt, but version 2.10.0 has been found in the dependency tree.
[INFO] com.fasterxml.jackson.datatype:jackson-datatype-guava:jar was excluded in DepMgt, but version 2.10.0 has been found in the dependency tree.
[INFO] com.fasterxml.jackson.datatype:jackson-datatype-joda:jar was excluded in DepMgt, but version 2.10.0 has been found in the dependency tree.
[INFO] com.fasterxml.jackson.dataformat:jackson-dataformat-smile:jar was excluded in DepMgt, but version 2.10.0 has been found in the dependency tree.
[INFO] org.slf4j:slf4j-api:jar was excluded in DepMgt, but version 1.7.32 has been found in the dependency tree.
[WARNING] Potential problems found in Dependency Management 
[INFO] 
[INFO] --- duplicate-finder-maven-plugin:1.2.1:check (default) @ presto-plugin-toolkit ---
[INFO] Checking compile classpath
[INFO] Checking runtime classpath
[INFO] Checking test classpath
[INFO] 
[INFO] --- modernizer-maven-plugin:1.7.1:modernizer (modernizer) @ presto-plugin-toolkit ---
[INFO] 
[INFO] --- maven-surefire-plugin:3.0.0-M7:test (default-test) @ presto-plugin-toolkit ---
[INFO] Tests will run in random order. To reproduce ordering use flag -Dsurefire.runOrder.random.seed=20620280204930729
[INFO] Using auto detected provider org.apache.maven.surefire.testng.TestNGProvider
[INFO] 
[INFO] -------------------------------------------------------
[INFO]  T E S T S
[INFO] -------------------------------------------------------
[INFO] Running TestSuite
SLF4J: Failed to load class "org.slf4j.impl.StaticLoggerBinder".
SLF4J: Defaulting to no-operation (NOP) logger implementation
SLF4J: See http://www.slf4j.org/codes.html#StaticLoggerBinder for further details.
[INFO] Tests run: 12, Failures: 0, Errors: 0, Skipped: 0, Time elapsed: 1.522 s - in TestSuite
[INFO] 
[INFO] Results:
[INFO] 
[INFO] Tests run: 12, Failures: 0, Errors: 0, Skipped: 0
[INFO] 
[INFO] 
[INFO] -----------------< com.facebook.presto:presto-client >------------------
[INFO] Building presto-client 0.277-SNAPSHOT                            [14/98]
[INFO] --------------------------------[ jar ]---------------------------------
[INFO] 
[INFO] --- maven-clean-plugin:3.0.0:clean (default-clean) @ presto-client ---
[INFO] Deleting /home/gabsko/breaking-updates/presto-client/target
[INFO] 
[INFO] --- maven-enforcer-plugin:3.0.0-M2:enforce (default) @ presto-client ---
[WARNING] Invalid bytecodeVersion for module-info.class: expected 52, but was 53
[WARNING] Invalid bytecodeVersion for module-info.class: expected 52, but was 53
[WARNING] Invalid bytecodeVersion for module-info.class: expected 52, but was 53
[WARNING] Invalid bytecodeVersion for module-info.class: expected 52, but was 53
[WARNING] Invalid bytecodeVersion for module-info.class: expected 52, but was 53
[WARNING] Invalid bytecodeVersion for module-info.class: expected 52, but was 53
[WARNING] Invalid bytecodeVersion for module-info.class: expected 52, but was 53
[WARNING] Invalid bytecodeVersion for module-info.class: expected 52, but was 53
[WARNING] Invalid bytecodeVersion for module-info.class: expected 52, but was 53
[INFO] 
[INFO] --- dependency-scope-maven-plugin:0.8:check (default) @ presto-client ---
[INFO] No test dependency scope issues found
[INFO] 
[INFO] --- license-maven-plugin:2.3:check (default) @ presto-client ---
[INFO] Checking licenses...
[INFO] 
[INFO] --- maven-checkstyle-plugin:3.0.0:check (checkstyle) @ presto-client ---
[INFO] 
[INFO] --- jacoco-maven-plugin:0.8.7:prepare-agent (default) @ presto-client ---
[INFO] argLine set to -javaagent:/home/gabsko/.m2/repository/org/jacoco/org.jacoco.agent/0.8.7/org.jacoco.agent-0.8.7-runtime.jar=destfile=/home/gabsko/breaking-updates/presto-client/target/jacoco.exec
[INFO] 
[INFO] --- git-commit-id-plugin:4.0.3:revision (default) @ presto-client ---
[INFO] 
[INFO] --- maven-resources-plugin:2.6:resources (default-resources) @ presto-client ---
[INFO] Using 'UTF-8' encoding to copy filtered resources.
[INFO] skip non existing resourceDirectory /home/gabsko/breaking-updates/presto-client/src/main/resources
[INFO] 
[INFO] --- maven-compiler-plugin:3.8.0:compile (default-compile) @ presto-client ---
[INFO] Changes detected - recompiling the module!
[INFO] Compiling 29 source files to /home/gabsko/breaking-updates/presto-client/target/classes
[WARNING] bootstrap class path not set in conjunction with -source 8
[INFO] /home/gabsko/breaking-updates/presto-client/src/main/java/com/facebook/presto/client/FixJsonDataUtils.java: /home/gabsko/breaking-updates/presto-client/src/main/java/com/facebook/presto/client/FixJsonDataUtils.java uses unchecked or unsafe operations.
[INFO] /home/gabsko/breaking-updates/presto-client/src/main/java/com/facebook/presto/client/FixJsonDataUtils.java: Recompile with -Xlint:unchecked for details.
[INFO] 
[INFO] --- maven-resources-plugin:2.6:testResources (default-testResources) @ presto-client ---
[INFO] Using 'UTF-8' encoding to copy filtered resources.
[INFO] skip non existing resourceDirectory /home/gabsko/breaking-updates/presto-client/src/test/resources
[INFO] 
[INFO] --- maven-compiler-plugin:3.8.0:testCompile (default-testCompile) @ presto-client ---
[INFO] Changes detected - recompiling the module!
[INFO] Compiling 6 source files to /home/gabsko/breaking-updates/presto-client/target/test-classes
[WARNING] bootstrap class path not set in conjunction with -source 8
[INFO] 
[INFO] --- maven-dependency-plugin:3.1.1:analyze-only (default) @ presto-client ---
[INFO] No dependency problems found
[INFO] 
[INFO] --- maven-dependency-plugin:3.1.1:analyze-duplicate (default) @ presto-client ---
[INFO] No duplicate dependencies found in <dependencies/> or in <dependencyManagement/>
[INFO] 
[INFO] --- maven-dependency-plugin:3.1.1:analyze-dep-mgt (default) @ presto-client ---
[INFO] Found Resolved Dependency/DependencyManagement mismatches:
[INFO] 	Ignoring Direct Dependencies.
[INFO] com.google.inject:guice:jar was excluded in DepMgt, but version 4.2.2 has been found in the dependency tree.
[INFO] com.fasterxml.jackson.datatype:jackson-datatype-jdk8:jar was excluded in DepMgt, but version 2.10.0 has been found in the dependency tree.
[INFO] com.fasterxml.jackson.datatype:jackson-datatype-guava:jar was excluded in DepMgt, but version 2.10.0 has been found in the dependency tree.
[INFO] com.fasterxml.jackson.datatype:jackson-datatype-joda:jar was excluded in DepMgt, but version 2.10.0 has been found in the dependency tree.
[INFO] com.fasterxml.jackson.dataformat:jackson-dataformat-smile:jar was excluded in DepMgt, but version 2.10.0 has been found in the dependency tree.
[INFO] org.checkerframework:checker-qual:jar was excluded in DepMgt, but version 3.20.0 has been found in the dependency tree.
[INFO] com.google.errorprone:error_prone_annotations:jar was excluded in DepMgt, but version 2.1.3 has been found in the dependency tree.
[INFO] org.codehaus.mojo:animal-sniffer-annotations:jar was excluded in DepMgt, but version 1.14 has been found in the dependency tree.
[INFO] org.apache.httpcomponents:httpclient:jar was excluded in DepMgt, but version 4.5.5 has been found in the dependency tree.
[INFO] org.apache.httpcomponents:httpcore:jar was excluded in DepMgt, but version 4.4.9 has been found in the dependency tree.
[INFO] org.slf4j:slf4j-api:jar was excluded in DepMgt, but version 1.7.32 has been found in the dependency tree.
[INFO] org.ow2.asm:asm:jar was excluded in DepMgt, but version 9.0 has been found in the dependency tree.
[INFO] joda-time:joda-time:jar was excluded in DepMgt, but version 2.10.8 has been found in the dependency tree.
[WARNING] Potential problems found in Dependency Management 
[INFO] 
[INFO] --- duplicate-finder-maven-plugin:1.2.1:check (default) @ presto-client ---
[INFO] Checking compile classpath
[INFO] Checking runtime classpath
[INFO] Checking test classpath
[INFO] 
[INFO] --- modernizer-maven-plugin:1.7.1:modernizer (modernizer) @ presto-client ---
[INFO] 
[INFO] --- maven-surefire-plugin:3.0.0-M7:test (default-test) @ presto-client ---
[INFO] Tests will run in random order. To reproduce ordering use flag -Dsurefire.runOrder.random.seed=20620284246924202
[INFO] Using auto detected provider org.apache.maven.surefire.testng.TestNGProvider
[INFO] 
[INFO] -------------------------------------------------------
[INFO]  T E S T S
[INFO] -------------------------------------------------------
[INFO] Running TestSuite
SLF4J: Failed to load class "org.slf4j.impl.StaticLoggerBinder".
SLF4J: Defaulting to no-operation (NOP) logger implementation
SLF4J: See http://www.slf4j.org/codes.html#StaticLoggerBinder for further details.
[INFO] Tests run: 24, Failures: 0, Errors: 0, Skipped: 0, Time elapsed: 1.977 s - in TestSuite
[INFO] 
[INFO] Results:
[INFO] 
[INFO] Tests run: 24, Failures: 0, Errors: 0, Skipped: 0
[INFO] 
[INFO] 
[INFO] -----------< com.facebook.presto:presto-geospatial-toolkit >------------
[INFO] Building presto-geospatial-toolkit 0.277-SNAPSHOT                [15/98]
[INFO] --------------------------------[ jar ]---------------------------------
[INFO] 
[INFO] --- maven-clean-plugin:3.0.0:clean (default-clean) @ presto-geospatial-toolkit ---
[INFO] Deleting /home/gabsko/breaking-updates/presto-geospatial-toolkit/target
[INFO] 
[INFO] --- maven-enforcer-plugin:3.0.0-M2:enforce (default) @ presto-geospatial-toolkit ---
[WARNING] Invalid bytecodeVersion for module-info.class: expected 52, but was 53
[WARNING] Invalid bytecodeVersion for module-info.class: expected 52, but was 53
[WARNING] Invalid bytecodeVersion for module-info.class: expected 52, but was 53
[WARNING] Invalid bytecodeVersion for module-info.class: expected 52, but was 53
[WARNING] Invalid bytecodeVersion for module-info.class: expected 52, but was 53
[WARNING] Invalid bytecodeVersion for module-info.class: expected 52, but was 53
[WARNING] Invalid bytecodeVersion for module-info.class: expected 52, but was 53
[WARNING] Invalid bytecodeVersion for module-info.class: expected 52, but was 53
[WARNING] Invalid bytecodeVersion for module-info.class: expected 52, but was 53
[INFO] 
[INFO] --- dependency-scope-maven-plugin:0.8:check (default) @ presto-geospatial-toolkit ---
[INFO] No test dependency scope issues found
[INFO] 
[INFO] --- license-maven-plugin:2.3:check (default) @ presto-geospatial-toolkit ---
[INFO] Checking licenses...
[INFO] 
[INFO] --- maven-checkstyle-plugin:3.0.0:check (checkstyle) @ presto-geospatial-toolkit ---
[INFO] 
[INFO] --- jacoco-maven-plugin:0.8.7:prepare-agent (default) @ presto-geospatial-toolkit ---
[INFO] argLine set to -javaagent:/home/gabsko/.m2/repository/org/jacoco/org.jacoco.agent/0.8.7/org.jacoco.agent-0.8.7-runtime.jar=destfile=/home/gabsko/breaking-updates/presto-geospatial-toolkit/target/jacoco.exec
[INFO] 
[INFO] --- git-commit-id-plugin:4.0.3:revision (default) @ presto-geospatial-toolkit ---
[INFO] 
[INFO] --- maven-resources-plugin:2.6:resources (default-resources) @ presto-geospatial-toolkit ---
[INFO] Using 'UTF-8' encoding to copy filtered resources.
[INFO] skip non existing resourceDirectory /home/gabsko/breaking-updates/presto-geospatial-toolkit/src/main/resources
[INFO] 
[INFO] --- maven-compiler-plugin:3.8.0:compile (default-compile) @ presto-geospatial-toolkit ---
[INFO] Changes detected - recompiling the module!
[INFO] Compiling 12 source files to /home/gabsko/breaking-updates/presto-geospatial-toolkit/target/classes
[WARNING] bootstrap class path not set in conjunction with -source 8
[INFO] /home/gabsko/breaking-updates/presto-geospatial-toolkit/src/main/java/com/facebook/presto/geospatial/KdbTree.java: /home/gabsko/breaking-updates/presto-geospatial-toolkit/src/main/java/com/facebook/presto/geospatial/KdbTree.java uses unchecked or unsafe operations.
[INFO] /home/gabsko/breaking-updates/presto-geospatial-toolkit/src/main/java/com/facebook/presto/geospatial/KdbTree.java: Recompile with -Xlint:unchecked for details.
[INFO] 
[INFO] --- maven-resources-plugin:2.6:testResources (default-testResources) @ presto-geospatial-toolkit ---
[INFO] Using 'UTF-8' encoding to copy filtered resources.
[INFO] Copying 5 resources
[INFO] 
[INFO] --- maven-compiler-plugin:3.8.0:testCompile (default-testCompile) @ presto-geospatial-toolkit ---
[INFO] Changes detected - recompiling the module!
[INFO] Compiling 13 source files to /home/gabsko/breaking-updates/presto-geospatial-toolkit/target/test-classes
[WARNING] bootstrap class path not set in conjunction with -source 8
[INFO] 
[INFO] --- maven-dependency-plugin:3.1.1:analyze-only (default) @ presto-geospatial-toolkit ---
[INFO] No dependency problems found
[INFO] 
[INFO] --- maven-dependency-plugin:3.1.1:analyze-duplicate (default) @ presto-geospatial-toolkit ---
[INFO] No duplicate dependencies found in <dependencies/> or in <dependencyManagement/>
[INFO] 
[INFO] --- maven-dependency-plugin:3.1.1:analyze-dep-mgt (default) @ presto-geospatial-toolkit ---
[INFO] Found Resolved Dependency/DependencyManagement mismatches:
[INFO] 	Ignoring Direct Dependencies.
[INFO] com.googlecode.json-simple:json-simple:jar was excluded in DepMgt, but version 1.1.1 has been found in the dependency tree.
[INFO] org.checkerframework:checker-qual:jar was excluded in DepMgt, but version 3.20.0 has been found in the dependency tree.
[INFO] com.google.errorprone:error_prone_annotations:jar was excluded in DepMgt, but version 2.1.3 has been found in the dependency tree.
[INFO] org.codehaus.mojo:animal-sniffer-annotations:jar was excluded in DepMgt, but version 1.14 has been found in the dependency tree.
[INFO] com.google.inject:guice:jar was excluded in DepMgt, but version 4.2.2 has been found in the dependency tree.
[INFO] com.fasterxml.jackson.core:jackson-core:jar was excluded in DepMgt, but version 2.10.0 has been found in the dependency tree.
[INFO] com.fasterxml.jackson.core:jackson-databind:jar was excluded in DepMgt, but version 2.10.0 has been found in the dependency tree.
[INFO] com.fasterxml.jackson.datatype:jackson-datatype-jdk8:jar was excluded in DepMgt, but version 2.10.0 has been found in the dependency tree.
[INFO] com.fasterxml.jackson.datatype:jackson-datatype-guava:jar was excluded in DepMgt, but version 2.10.0 has been found in the dependency tree.
[INFO] com.fasterxml.jackson.datatype:jackson-datatype-joda:jar was excluded in DepMgt, but version 2.10.0 has been found in the dependency tree.
[INFO] com.fasterxml.jackson.dataformat:jackson-dataformat-smile:jar was excluded in DepMgt, but version 2.10.0 has been found in the dependency tree.
[INFO] org.slf4j:slf4j-api:jar was excluded in DepMgt, but version 1.7.32 has been found in the dependency tree.
[WARNING] Potential problems found in Dependency Management 
[INFO] 
[INFO] --- duplicate-finder-maven-plugin:1.2.1:check (default) @ presto-geospatial-toolkit ---
[INFO] Checking compile classpath
[INFO] Checking runtime classpath
[INFO] Checking test classpath
[INFO] 
[INFO] --- modernizer-maven-plugin:1.7.1:modernizer (modernizer) @ presto-geospatial-toolkit ---
[INFO] 
[INFO] --- maven-surefire-plugin:3.0.0-M7:test (default-test) @ presto-geospatial-toolkit ---
[INFO] Tests will run in random order. To reproduce ordering use flag -Dsurefire.runOrder.random.seed=20620290166114638
[INFO] Using auto detected provider org.apache.maven.surefire.testng.TestNGProvider
[INFO] 
[INFO] -------------------------------------------------------
[INFO]  T E S T S
[INFO] -------------------------------------------------------
[INFO] Running TestSuite
SLF4J: Failed to load class "org.slf4j.impl.StaticLoggerBinder".
SLF4J: Defaulting to no-operation (NOP) logger implementation
SLF4J: See http://www.slf4j.org/codes.html#StaticLoggerBinder for further details.
[ERROR] Tests run: 38, Failures: 1, Errors: 0, Skipped: 0, Time elapsed: 8.934 s <<< FAILURE! - in TestSuite
[ERROR] com.facebook.presto.geospatial.rtree.TestFlatbush.testOctagonTree  Time elapsed: 0.001 s  <<< FAILURE!
java.lang.IllegalArgumentException: xMin is greater than xMax
	at com.google.common.base.Preconditions.checkArgument(Preconditions.java:141)
	at com.facebook.presto.geospatial.Rectangle.<init>(Rectangle.java:51)
	at com.facebook.presto.geospatial.GeometryUtils.getExtent(GeometryUtils.java:154)
	at com.facebook.presto.geospatial.GeometryUtils.getExtent(GeometryUtils.java:135)
	at com.facebook.presto.geospatial.rtree.TestFlatbush$OGCGeometryWrapper.<init>(TestFlatbush.java:253)
	at com.facebook.presto.geospatial.rtree.TestFlatbush.testOctagonTree(TestFlatbush.java:165)
	at java.base/jdk.internal.reflect.NativeMethodAccessorImpl.invoke0(Native Method)
	at java.base/jdk.internal.reflect.NativeMethodAccessorImpl.invoke(NativeMethodAccessorImpl.java:62)
	at java.base/jdk.internal.reflect.DelegatingMethodAccessorImpl.invoke(DelegatingMethodAccessorImpl.java:43)
	at java.base/java.lang.reflect.Method.invoke(Method.java:566)
	at org.testng.internal.invokers.MethodInvocationHelper.invokeMethod(MethodInvocationHelper.java:135)
	at org.testng.internal.invokers.TestInvoker.invokeMethod(TestInvoker.java:673)
	at org.testng.internal.invokers.TestInvoker.invokeTestMethod(TestInvoker.java:220)
	at org.testng.internal.invokers.MethodRunner.runInSequence(MethodRunner.java:50)
	at org.testng.internal.invokers.TestInvoker$MethodInvocationAgent.invoke(TestInvoker.java:945)
	at org.testng.internal.invokers.TestInvoker.invokeTestMethods(TestInvoker.java:193)
	at org.testng.internal.invokers.TestMethodWorker.invokeTestMethods(TestMethodWorker.java:146)
	at org.testng.internal.invokers.TestMethodWorker.run(TestMethodWorker.java:128)
	at java.base/java.util.concurrent.ThreadPoolExecutor.runWorker(ThreadPoolExecutor.java:1128)
	at java.base/java.util.concurrent.ThreadPoolExecutor$Worker.run(ThreadPoolExecutor.java:628)
	at java.base/java.lang.Thread.run(Thread.java:829)

[INFO] 
[INFO] Results:
[INFO] 
[ERROR] Failures: 
[ERROR]   TestFlatbush.testOctagonTree:165 » IllegalArgument xMin is greater than xMax
[INFO] 
[ERROR] Tests run: 38, Failures: 1, Errors: 0, Skipped: 0
[INFO] 
[INFO] 
[INFO] ------------------------------------------------------------------------
[INFO] Skipping presto-expressions
[INFO] This project has been banned from the build due to previous failures.
[INFO] ------------------------------------------------------------------------
[INFO] 
[INFO] ------------------------------------------------------------------------
[INFO] Skipping presto-tpch
[INFO] This project has been banned from the build due to previous failures.
[INFO] ------------------------------------------------------------------------
[INFO] 
[INFO] ------------------------------------------------------------------------
[INFO] Skipping presto-thrift-api
[INFO] This project has been banned from the build due to previous failures.
[INFO] ------------------------------------------------------------------------
[INFO] 
[INFO] ------------------------------------------------------------------------
[INFO] Skipping presto-hive-common
[INFO] This project has been banned from the build due to previous failures.
[INFO] ------------------------------------------------------------------------
[INFO] 
[INFO] ------------------------------------------------------------------------
[INFO] Skipping presto-password-authenticators
[INFO] This project has been banned from the build due to previous failures.
[INFO] ------------------------------------------------------------------------
[INFO] 
[INFO] ------------------------------------------------------------------------
[INFO] Skipping presto-session-property-managers
[INFO] This project has been banned from the build due to previous failures.
[INFO] ------------------------------------------------------------------------
[INFO] 
[INFO] ------------------------------------------------------------------------
[INFO] Skipping presto-node-ttl-fetchers
[INFO] This project has been banned from the build due to previous failures.
[INFO] ------------------------------------------------------------------------
[INFO] 
[INFO] ------------------------------------------------------------------------
[INFO] Skipping presto-cluster-ttl-providers
[INFO] This project has been banned from the build due to previous failures.
[INFO] ------------------------------------------------------------------------
[INFO] 
[INFO] ------------------------------------------------------------------------
[INFO] Skipping presto-cli
[INFO] This project has been banned from the build due to previous failures.
[INFO] ------------------------------------------------------------------------
[INFO] 
[INFO] ------------------------------------------------------------------------
[INFO] Skipping presto-benchmark-driver
[INFO] This project has been banned from the build due to previous failures.
[INFO] ------------------------------------------------------------------------
[INFO] 
[INFO] ------------------------------------------------------------------------
[INFO] Skipping presto-spark-common
[INFO] This project has been banned from the build due to previous failures.
[INFO] ------------------------------------------------------------------------
[INFO] ------------------------------------------------------------------------
[INFO] Reactor Summary for presto-root 0.277-SNAPSHOT:
[INFO] 
[INFO] presto-root ........................................ SUCCESS [  2.161 s]
[INFO] presto-testng-services ............................. SUCCESS [  6.000 s]
[INFO] presto-common ...................................... SUCCESS [ 21.641 s]
[INFO] presto-spi ......................................... SUCCESS [  5.283 s]
[INFO] presto-plugin-toolkit .............................. SUCCESS [  3.897 s]
[INFO] presto-client ...................................... SUCCESS [  4.699 s]
[INFO] presto-parser ...................................... SUCCESS [  8.447 s]
[INFO] presto-geospatial-toolkit .......................... FAILURE [ 12.863 s]
[INFO] presto-analyzer .................................... SUCCESS [  1.462 s]
[INFO] presto-bytecode .................................... SUCCESS [  4.239 s]
[INFO] presto-matching .................................... SUCCESS [  2.588 s]
[INFO] presto-memory-context .............................. SUCCESS [  2.527 s]
[INFO] presto-expressions ................................. SKIPPED
[INFO] presto-tpch ........................................ SKIPPED
[INFO] presto-thrift-api .................................. SKIPPED
[INFO] presto-function-namespace-managers ................. SKIPPED
[INFO] presto-main ........................................ SKIPPED
[INFO] presto-resource-group-managers ..................... SKIPPED
[INFO] presto-thrift-testing-udf-server ................... SKIPPED
[INFO] presto-tests ....................................... SKIPPED
[INFO] presto-atop ........................................ SKIPPED
[INFO] presto-hive-common ................................. SKIPPED
[INFO] presto-cache ....................................... SKIPPED
[INFO] presto-jmx ......................................... SKIPPED
[INFO] presto-record-decoder .............................. SKIPPED
[INFO] presto-kafka ....................................... SKIPPED
[INFO] presto-redis ....................................... SKIPPED
[INFO] presto-accumulo .................................... SKIPPED
[INFO] presto-cassandra ................................... SKIPPED
[INFO] presto-bigquery .................................... SKIPPED
[INFO] presto-blackhole ................................... SKIPPED
[INFO] presto-memory ...................................... SKIPPED
[INFO] presto-orc ......................................... SKIPPED
[INFO] presto-benchmark ................................... SKIPPED
[INFO] presto-parquet ..................................... SKIPPED
[INFO] presto-rcfile ...................................... SKIPPED
[INFO] presto-hive-metastore .............................. SKIPPED
[INFO] presto-tpcds ....................................... SKIPPED
[INFO] presto-testing-docker .............................. SUCCESS [  3.305 s]
[INFO] presto-hive ........................................ SKIPPED
[INFO] presto-hive-hadoop2 ................................ SKIPPED
[INFO] presto-iceberg ..................................... SKIPPED
[INFO] presto-i18n-functions .............................. SKIPPED
[INFO] presto-teradata-functions .......................... SKIPPED
[INFO] presto-example-http ................................ SKIPPED
[INFO] presto-local-file .................................. SKIPPED
[INFO] presto-raptor ...................................... SKIPPED
[INFO] presto-base-jdbc ................................... SKIPPED
[INFO] presto-mysql ....................................... SKIPPED
[INFO] presto-oracle ...................................... SKIPPED
[INFO] presto-postgresql .................................. SKIPPED
[INFO] presto-prometheus .................................. SKIPPED
[INFO] presto-redshift .................................... SKIPPED
[INFO] presto-sqlserver ................................... SKIPPED
[INFO] presto-mongodb ..................................... SKIPPED
[INFO] presto-ml .......................................... SKIPPED
[INFO] presto-jdbc ........................................ SKIPPED
[INFO] presto-cli ......................................... SKIPPED
[INFO] presto-product-tests ............................... SKIPPED
[INFO] presto-pinot-toolkit ............................... SKIPPED
[INFO] presto-pinot ....................................... SKIPPED
[INFO] presto-benchmark-driver ............................ SKIPPED
[INFO] presto-password-authenticators ..................... SKIPPED
[INFO] presto-session-property-managers ................... SKIPPED
[INFO] presto-node-ttl-fetchers ........................... SKIPPED
[INFO] presto-cluster-ttl-providers ....................... SKIPPED
[INFO] presto-kudu ........................................ SKIPPED
[INFO] presto-thrift-testing-server ....................... SKIPPED
[INFO] presto-thrift-connector ............................ SKIPPED
[INFO] presto-elasticsearch ............................... SKIPPED
[INFO] presto-druid ....................................... SKIPPED
[INFO] presto-hive-function-namespace ..................... SKIPPED
[INFO] presto-delta ....................................... SKIPPED
[INFO] presto-hudi ........................................ SKIPPED
[INFO] presto-server ...................................... SKIPPED
[INFO] presto-server-rpm .................................. SKIPPED
[INFO] presto-docs ........................................ SKIPPED
[INFO] presto-spark-common ................................ SKIPPED
[INFO] presto-verifier .................................... SKIPPED
[INFO] presto-testing-server-launcher ..................... SKIPPED
[INFO] presto-benchto-benchmarks .......................... SKIPPED
[INFO] presto-proxy ....................................... SKIPPED
[INFO] presto-benchmark-runner ............................ SKIPPED
[INFO] presto-spark-classloader-interface ................. SUCCESS [  3.544 s]
[INFO] presto-spark-base .................................. SKIPPED
[INFO] presto-spark ....................................... SKIPPED
[INFO] presto-spark-package ............................... SKIPPED
[INFO] presto-spark-launcher .............................. SUCCESS [  2.003 s]
[INFO] presto-spark-testing ............................... SKIPPED
[INFO] presto-thrift-spec ................................. SKIPPED
[INFO] presto-google-sheets ............................... SKIPPED
[INFO] presto-clickhouse .................................. SKIPPED
[INFO] presto-grpc-api .................................... SKIPPED
[INFO] presto-grpc-testing-udf-server ..................... SKIPPED
[INFO] presto-lark-sheets ................................. SKIPPED
[INFO] presto-test-coverage ............................... SKIPPED
[INFO] presto-native-execution ............................ SKIPPED
[INFO] presto-router ...................................... SKIPPED
[INFO] ------------------------------------------------------------------------
[INFO] BUILD FAILURE
[INFO] ------------------------------------------------------------------------
[INFO] Total time:  01:25 min
[INFO] Finished at: 2023-01-25T08:02:51Z
[INFO] ------------------------------------------------------------------------
[ERROR] Failed to execute goal org.apache.maven.plugins:maven-surefire-plugin:3.0.0-M7:test (default-test) on project presto-geospatial-toolkit: There are test failures.
[ERROR] 
[ERROR] Please refer to /home/gabsko/breaking-updates/presto-geospatial-toolkit/target/surefire-reports for the individual test results.
[ERROR] Please refer to dump files (if any exist) [date].dump, [date]-jvmRun[N].dump and [date].dumpstream.
[ERROR] -> [Help 1]
[ERROR] 
[ERROR] To see the full stack trace of the errors, re-run Maven with the -e switch.
[ERROR] Re-run Maven using the -X switch to enable full debug logging.
[ERROR] 
[ERROR] For more information about the errors and possible solutions, please read the following articles:
[ERROR] [Help 1] http://cwiki.apache.org/confluence/display/MAVEN/MojoFailureException
[ERROR] 
[ERROR] After correcting the problems, you can resume the build with the command
[ERROR]   mvn <args> -rf :presto-geospatial-toolkit
