[INFO] Scanning for projects...
[INFO] 
[INFO] --------------------< io.cdap.plugin:google-cloud >---------------------
[INFO] Building Google Cloud Plugins 0.21.0-SNAPSHOT
[INFO] --------------------------------[ jar ]---------------------------------
[INFO] Downloading from central: https://repo.maven.apache.org/maven2/org/apache/maven/plugins/maven-surefire-plugin/2.14.1/maven-surefire-plugin-2.14.1.pom
[INFO] Downloaded from central: https://repo.maven.apache.org/maven2/org/apache/maven/plugins/maven-surefire-plugin/2.14.1/maven-surefire-plugin-2.14.1.pom (5.5 kB at 21 kB/s)
[INFO] Downloading from central: https://repo.maven.apache.org/maven2/org/apache/maven/surefire/surefire/2.14.1/surefire-2.14.1.pom
[INFO] Downloaded from central: https://repo.maven.apache.org/maven2/org/apache/maven/surefire/surefire/2.14.1/surefire-2.14.1.pom (18 kB at 655 kB/s)
[INFO] Downloading from central: https://repo.maven.apache.org/maven2/org/apache/maven/plugins/maven-surefire-plugin/2.14.1/maven-surefire-plugin-2.14.1.jar
[INFO] Downloaded from central: https://repo.maven.apache.org/maven2/org/apache/maven/plugins/maven-surefire-plugin/2.14.1/maven-surefire-plugin-2.14.1.jar (32 kB at 1.4 MB/s)
[WARNING] The POM for commons-codec:commons-codec:jar:1.15-SNAPSHOT is missing, no dependency information available
[INFO] Downloading from sonatype: https://oss.sonatype.org/content/groups/public/io/cdap/cdap/hydrator-test/6.7.0/hydrator-test-6.7.0.jar
[INFO] Downloading from sonatype: https://oss.sonatype.org/content/groups/public/io/cdap/cdap/cdap-unit-test/6.7.0/cdap-unit-test-6.7.0.jar
[INFO] Downloading from sonatype: https://oss.sonatype.org/content/groups/public/io/cdap/cdap/cdap-test/6.7.0/cdap-test-6.7.0.jar
[INFO] Downloading from sonatype: https://oss.sonatype.org/content/groups/public/io/cdap/cdap/cdap-common/6.7.0/cdap-common-6.7.0.jar
[INFO] Downloading from sonatype: https://oss.sonatype.org/content/groups/public/io/cdap/cdap/cdap-app-fabric/6.7.0/cdap-app-fabric-6.7.0.jar
[INFO] Downloaded from sonatype: https://oss.sonatype.org/content/groups/public/io/cdap/cdap/cdap-unit-test/6.7.0/cdap-unit-test-6.7.0.jar (115 kB at 107 kB/s)
[INFO] Downloading from sonatype: https://oss.sonatype.org/content/groups/public/io/cdap/cdap/cdap-data-fabric/6.7.0/cdap-data-fabric-6.7.0.jar
[INFO] Downloaded from sonatype: https://oss.sonatype.org/content/groups/public/io/cdap/cdap/cdap-test/6.7.0/cdap-test-6.7.0.jar (23 kB at 21 kB/s)
[INFO] Downloading from sonatype: https://oss.sonatype.org/content/groups/public/io/cdap/cdap/cdap-metadata-spi/6.7.0/cdap-metadata-spi-6.7.0.jar
[INFO] Downloaded from sonatype: https://oss.sonatype.org/content/groups/public/io/cdap/cdap/cdap-common/6.7.0/cdap-common-6.7.0.jar (879 kB at 795 kB/s)
[INFO] Downloading from sonatype: https://oss.sonatype.org/content/groups/public/io/cdap/cdap/cdap-elastic/6.7.0/cdap-elastic-6.7.0.jar
[INFO] Downloaded from sonatype: https://oss.sonatype.org/content/groups/public/io/cdap/cdap/hydrator-test/6.7.0/hydrator-test-6.7.0.jar (230 kB at 191 kB/s)
[INFO] Downloading from sonatype: https://oss.sonatype.org/content/groups/public/org/elasticsearch/client/elasticsearch-rest-high-level-client/6.5.3/elasticsearch-rest-high-level-client-6.5.3.jar
[INFO] Downloaded from sonatype: https://oss.sonatype.org/content/groups/public/io/cdap/cdap/cdap-app-fabric/6.7.0/cdap-app-fabric-6.7.0.jar (2.5 MB at 2.0 MB/s)
[INFO] Downloading from sonatype: https://oss.sonatype.org/content/groups/public/org/elasticsearch/elasticsearch/6.5.3/elasticsearch-6.5.3.jar
[INFO] Downloaded from sonatype: https://oss.sonatype.org/content/groups/public/org/elasticsearch/client/elasticsearch-rest-high-level-client/6.5.3/elasticsearch-rest-high-level-client-6.5.3.jar (583 kB at 354 kB/s)
[INFO] Downloading from sonatype: https://oss.sonatype.org/content/groups/public/org/elasticsearch/elasticsearch-core/6.5.3/elasticsearch-core-6.5.3.jar
[INFO] Downloaded from sonatype: https://oss.sonatype.org/content/groups/public/io/cdap/cdap/cdap-elastic/6.7.0/cdap-elastic-6.7.0.jar (41 kB at 24 kB/s)
[INFO] Downloading from sonatype: https://oss.sonatype.org/content/groups/public/org/elasticsearch/elasticsearch-secure-sm/6.5.3/elasticsearch-secure-sm-6.5.3.jar
[INFO] Downloaded from sonatype: https://oss.sonatype.org/content/groups/public/io/cdap/cdap/cdap-metadata-spi/6.7.0/cdap-metadata-spi-6.7.0.jar (37 kB at 21 kB/s)
[INFO] Downloading from sonatype: https://oss.sonatype.org/content/groups/public/org/elasticsearch/elasticsearch-x-content/6.5.3/elasticsearch-x-content-6.5.3.jar
[INFO] Downloaded from sonatype: https://oss.sonatype.org/content/groups/public/io/cdap/cdap/cdap-data-fabric/6.7.0/cdap-data-fabric-6.7.0.jar (1.0 MB at 576 kB/s)
[INFO] Downloading from sonatype: https://oss.sonatype.org/content/groups/public/org/apache/lucene/lucene-core/7.5.0/lucene-core-7.5.0.jar
[INFO] Downloaded from sonatype: https://oss.sonatype.org/content/groups/public/org/elasticsearch/elasticsearch-core/6.5.3/elasticsearch-core-6.5.3.jar (37 kB at 17 kB/s)
[INFO] Downloaded from sonatype: https://oss.sonatype.org/content/groups/public/org/elasticsearch/elasticsearch-x-content/6.5.3/elasticsearch-x-content-6.5.3.jar (113 kB at 52 kB/s)
[INFO] Downloading from sonatype: https://oss.sonatype.org/content/groups/public/org/apache/lucene/lucene-analyzers-common/7.5.0/lucene-analyzers-common-7.5.0.jar
[INFO] Downloading from sonatype: https://oss.sonatype.org/content/groups/public/org/apache/lucene/lucene-backward-codecs/7.5.0/lucene-backward-codecs-7.5.0.jar
[INFO] Downloaded from sonatype: https://oss.sonatype.org/content/groups/public/org/elasticsearch/elasticsearch-secure-sm/6.5.3/elasticsearch-secure-sm-6.5.3.jar (11 kB at 4.9 kB/s)
[INFO] Downloading from sonatype: https://oss.sonatype.org/content/groups/public/org/apache/lucene/lucene-grouping/7.5.0/lucene-grouping-7.5.0.jar
[INFO] Downloaded from sonatype: https://oss.sonatype.org/content/groups/public/org/elasticsearch/elasticsearch/6.5.3/elasticsearch-6.5.3.jar (10 MB at 4.6 MB/s)
[INFO] Downloading from sonatype: https://oss.sonatype.org/content/groups/public/org/apache/lucene/lucene-highlighter/7.5.0/lucene-highlighter-7.5.0.jar
[INFO] Downloaded from sonatype: https://oss.sonatype.org/content/groups/public/org/apache/lucene/lucene-core/7.5.0/lucene-core-7.5.0.jar (3.1 MB at 1.3 MB/s)
[INFO] Downloading from sonatype: https://oss.sonatype.org/content/groups/public/org/apache/lucene/lucene-join/7.5.0/lucene-join-7.5.0.jar
[INFO] Downloaded from sonatype: https://oss.sonatype.org/content/groups/public/org/apache/lucene/lucene-backward-codecs/7.5.0/lucene-backward-codecs-7.5.0.jar (100 kB at 38 kB/s)
[INFO] Downloading from sonatype: https://oss.sonatype.org/content/groups/public/org/apache/lucene/lucene-memory/7.5.0/lucene-memory-7.5.0.jar
[INFO] Downloaded from sonatype: https://oss.sonatype.org/content/groups/public/org/apache/lucene/lucene-analyzers-common/7.5.0/lucene-analyzers-common-7.5.0.jar (1.7 MB at 630 kB/s)
[INFO] Downloading from sonatype: https://oss.sonatype.org/content/groups/public/org/apache/lucene/lucene-misc/7.5.0/lucene-misc-7.5.0.jar
[INFO] Downloaded from sonatype: https://oss.sonatype.org/content/groups/public/org/apache/lucene/lucene-grouping/7.5.0/lucene-grouping-7.5.0.jar (87 kB at 33 kB/s)
[INFO] Downloading from sonatype: https://oss.sonatype.org/content/groups/public/org/apache/lucene/lucene-queries/7.5.0/lucene-queries-7.5.0.jar
[INFO] Downloaded from sonatype: https://oss.sonatype.org/content/groups/public/org/apache/lucene/lucene-join/7.5.0/lucene-join-7.5.0.jar (146 kB at 54 kB/s)
[INFO] Downloading from sonatype: https://oss.sonatype.org/content/groups/public/org/apache/lucene/lucene-queryparser/7.5.0/lucene-queryparser-7.5.0.jar
[INFO] Downloaded from sonatype: https://oss.sonatype.org/content/groups/public/org/apache/lucene/lucene-highlighter/7.5.0/lucene-highlighter-7.5.0.jar (207 kB at 75 kB/s)
[INFO] Downloading from sonatype: https://oss.sonatype.org/content/groups/public/org/apache/lucene/lucene-sandbox/7.5.0/lucene-sandbox-7.5.0.jar
[INFO] Downloaded from sonatype: https://oss.sonatype.org/content/groups/public/org/apache/lucene/lucene-misc/7.5.0/lucene-misc-7.5.0.jar (95 kB at 31 kB/s)
[INFO] Downloading from sonatype: https://oss.sonatype.org/content/groups/public/org/apache/lucene/lucene-spatial/7.5.0/lucene-spatial-7.5.0.jar
[INFO] Downloaded from sonatype: https://oss.sonatype.org/content/groups/public/org/apache/lucene/lucene-memory/7.5.0/lucene-memory-7.5.0.jar (51 kB at 17 kB/s)
[INFO] Downloading from sonatype: https://oss.sonatype.org/content/groups/public/org/apache/lucene/lucene-spatial-extras/7.5.0/lucene-spatial-extras-7.5.0.jar
[INFO] Downloaded from sonatype: https://oss.sonatype.org/content/groups/public/org/apache/lucene/lucene-queries/7.5.0/lucene-queries-7.5.0.jar (265 kB at 85 kB/s)
[INFO] Downloading from sonatype: https://oss.sonatype.org/content/groups/public/org/apache/lucene/lucene-spatial3d/7.5.0/lucene-spatial3d-7.5.0.jar
[INFO] Downloaded from sonatype: https://oss.sonatype.org/content/groups/public/org/apache/lucene/lucene-queryparser/7.5.0/lucene-queryparser-7.5.0.jar (382 kB at 121 kB/s)
[INFO] Downloading from sonatype: https://oss.sonatype.org/content/groups/public/org/apache/lucene/lucene-suggest/7.5.0/lucene-suggest-7.5.0.jar
[INFO] Downloaded from sonatype: https://oss.sonatype.org/content/groups/public/org/apache/lucene/lucene-sandbox/7.5.0/lucene-sandbox-7.5.0.jar (265 kB at 82 kB/s)
[INFO] Downloading from sonatype: https://oss.sonatype.org/content/groups/public/org/elasticsearch/elasticsearch-cli/6.5.3/elasticsearch-cli-6.5.3.jar
[INFO] Downloaded from sonatype: https://oss.sonatype.org/content/groups/public/org/apache/lucene/lucene-spatial/7.5.0/lucene-spatial-7.5.0.jar (14 kB at 4.1 kB/s)
[INFO] Downloading from sonatype: https://oss.sonatype.org/content/groups/public/org/elasticsearch/client/elasticsearch-rest-client/6.5.3/elasticsearch-rest-client-6.5.3.jar
[INFO] Downloaded from sonatype: https://oss.sonatype.org/content/groups/public/org/apache/lucene/lucene-spatial-extras/7.5.0/lucene-spatial-extras-7.5.0.jar (236 kB at 67 kB/s)
[INFO] Downloading from sonatype: https://oss.sonatype.org/content/groups/public/org/elasticsearch/plugin/parent-join-client/6.5.3/parent-join-client-6.5.3.jar
[INFO] Downloaded from sonatype: https://oss.sonatype.org/content/groups/public/org/apache/lucene/lucene-spatial3d/7.5.0/lucene-spatial3d-7.5.0.jar (302 kB at 85 kB/s)
[INFO] Downloading from sonatype: https://oss.sonatype.org/content/groups/public/org/elasticsearch/plugin/aggs-matrix-stats-client/6.5.3/aggs-matrix-stats-client-6.5.3.jar
[INFO] Downloaded from sonatype: https://oss.sonatype.org/content/groups/public/org/apache/lucene/lucene-suggest/7.5.0/lucene-suggest-7.5.0.jar (246 kB at 68 kB/s)
[INFO] Downloading from sonatype: https://oss.sonatype.org/content/groups/public/org/elasticsearch/plugin/rank-eval-client/6.5.3/rank-eval-client-6.5.3.jar
[INFO] Downloaded from sonatype: https://oss.sonatype.org/content/groups/public/org/elasticsearch/elasticsearch-cli/6.5.3/elasticsearch-cli-6.5.3.jar (16 kB at 4.4 kB/s)
[INFO] Downloading from sonatype: https://oss.sonatype.org/content/groups/public/org/elasticsearch/plugin/lang-mustache-client/6.5.3/lang-mustache-client-6.5.3.jar
[INFO] Downloaded from sonatype: https://oss.sonatype.org/content/groups/public/org/elasticsearch/client/elasticsearch-rest-client/6.5.3/elasticsearch-rest-client-6.5.3.jar (58 kB at 15 kB/s)
[INFO] Downloading from sonatype: https://oss.sonatype.org/content/groups/public/io/cdap/cdap/cdap-system-app-api/6.7.0/cdap-system-app-api-6.7.0.jar
[INFO] Downloaded from sonatype: https://oss.sonatype.org/content/groups/public/org/elasticsearch/plugin/rank-eval-client/6.5.3/rank-eval-client-6.5.3.jar (77 kB at 19 kB/s)
[INFO] Downloading from sonatype: https://oss.sonatype.org/content/groups/public/io/cdap/cdap/cdap-master-spi/6.7.0/cdap-master-spi-6.7.0.jar
[INFO] Downloaded from sonatype: https://oss.sonatype.org/content/groups/public/org/elasticsearch/plugin/parent-join-client/6.5.3/parent-join-client-6.5.3.jar (77 kB at 19 kB/s)
[INFO] Downloading from sonatype: https://oss.sonatype.org/content/groups/public/io/cdap/cdap/cdap-security-spi/6.7.0/cdap-security-spi-6.7.0.jar
[INFO] Downloaded from sonatype: https://oss.sonatype.org/content/groups/public/org/elasticsearch/plugin/aggs-matrix-stats-client/6.5.3/aggs-matrix-stats-client-6.5.3.jar (59 kB at 14 kB/s)
[INFO] Downloading from sonatype: https://oss.sonatype.org/content/groups/public/io/cdap/cdap/cdap-security/6.7.0/cdap-security-6.7.0.jar
[INFO] Downloaded from sonatype: https://oss.sonatype.org/content/groups/public/org/elasticsearch/plugin/lang-mustache-client/6.5.3/lang-mustache-client-6.5.3.jar (61 kB at 15 kB/s)
[INFO] Downloading from sonatype: https://oss.sonatype.org/content/groups/public/io/cdap/cdap/cdap-event-writer-spi/6.7.0/cdap-event-writer-spi-6.7.0.jar
[INFO] Downloaded from sonatype: https://oss.sonatype.org/content/groups/public/io/cdap/cdap/cdap-system-app-api/6.7.0/cdap-system-app-api-6.7.0.jar (17 kB at 3.8 kB/s)
[INFO] Downloading from sonatype: https://oss.sonatype.org/content/groups/public/org/quartz-scheduler/quartz-jobs/2.2.0/quartz-jobs-2.2.0.jar
[INFO] Downloaded from sonatype: https://oss.sonatype.org/content/groups/public/io/cdap/cdap/cdap-master-spi/6.7.0/cdap-master-spi-6.7.0.jar (19 kB at 4.2 kB/s)
[INFO] Downloading from sonatype: https://oss.sonatype.org/content/groups/public/com/ning/async-http-client/1.7.18/async-http-client-1.7.18.jar
[INFO] Downloaded from sonatype: https://oss.sonatype.org/content/groups/public/io/cdap/cdap/cdap-security-spi/6.7.0/cdap-security-spi-6.7.0.jar (21 kB at 4.4 kB/s)
[INFO] Downloading from sonatype: https://oss.sonatype.org/content/groups/public/io/cdap/twill/twill-yarn/1.0.0/twill-yarn-1.0.0.jar
[INFO] Downloaded from sonatype: https://oss.sonatype.org/content/groups/public/io/cdap/cdap/cdap-event-writer-spi/6.7.0/cdap-event-writer-spi-6.7.0.jar (10 kB at 2.2 kB/s)
[INFO] Downloading from sonatype: https://oss.sonatype.org/content/groups/public/io/cdap/cdap/cdap-client/6.7.0/cdap-client-6.7.0.jar
[INFO] Downloaded from sonatype: https://oss.sonatype.org/content/groups/public/io/cdap/cdap/cdap-security/6.7.0/cdap-security-6.7.0.jar (3.4 MB at 698 kB/s)
[INFO] Downloading from sonatype: https://oss.sonatype.org/content/groups/public/io/cdap/cdap/cdap-authentication-client/1.4.0/cdap-authentication-client-1.4.0.jar
[INFO] Downloaded from sonatype: https://oss.sonatype.org/content/groups/public/org/quartz-scheduler/quartz-jobs/2.2.0/quartz-jobs-2.2.0.jar (34 kB at 6.7 kB/s)
[INFO] Downloading from sonatype: https://oss.sonatype.org/content/groups/public/org/apache/hbase/hbase-common/1.0.1.1/hbase-common-1.0.1.1.jar
[INFO] Downloaded from sonatype: https://oss.sonatype.org/content/groups/public/com/ning/async-http-client/1.7.18/async-http-client-1.7.18.jar (501 kB at 96 kB/s)
[INFO] Downloading from sonatype: https://oss.sonatype.org/content/groups/public/org/apache/hive/hive-service/1.2.1/hive-service-1.2.1.jar
[INFO] Downloaded from sonatype: https://oss.sonatype.org/content/groups/public/io/cdap/twill/twill-yarn/1.0.0/twill-yarn-1.0.0.jar (250 kB at 47 kB/s)
[INFO] Downloading from sonatype: https://oss.sonatype.org/content/groups/public/org/apache/thrift/libfb303/0.9.2/libfb303-0.9.2.jar
[INFO] Downloaded from sonatype: https://oss.sonatype.org/content/groups/public/io/cdap/cdap/cdap-authentication-client/1.4.0/cdap-authentication-client-1.4.0.jar (12 kB at 2.3 kB/s)
[INFO] Downloading from sonatype: https://oss.sonatype.org/content/groups/public/io/cdap/cdap/cdap-app-fabric/6.7.0/cdap-app-fabric-6.7.0-tests.jar
[INFO] Downloaded from sonatype: https://oss.sonatype.org/content/groups/public/io/cdap/cdap/cdap-client/6.7.0/cdap-client-6.7.0.jar (108 kB at 20 kB/s)
[INFO] Downloading from sonatype: https://oss.sonatype.org/content/groups/public/io/cdap/cdap/cdap-common/6.7.0/cdap-common-6.7.0-tests.jar
[INFO] Downloaded from sonatype: https://oss.sonatype.org/content/groups/public/org/apache/hbase/hbase-common/1.0.1.1/hbase-common-1.0.1.1.jar (509 kB at 89 kB/s)
[INFO] Downloading from sonatype: https://oss.sonatype.org/content/groups/public/io/cdap/cdap/cdap-watchdog-api/6.7.0/cdap-watchdog-api-6.7.0.jar
[INFO] Downloaded from sonatype: https://oss.sonatype.org/content/groups/public/org/apache/thrift/libfb303/0.9.2/libfb303-0.9.2.jar (314 kB at 54 kB/s)
[INFO] Downloading from sonatype: https://oss.sonatype.org/content/groups/public/io/cdap/http/netty-http/1.7.0/netty-http-1.7.0.jar
[INFO] Downloaded from sonatype: https://oss.sonatype.org/content/groups/public/org/apache/hive/hive-service/1.2.1/hive-service-1.2.1.jar (1.9 MB at 321 kB/s)
[INFO] Downloading from sonatype: https://oss.sonatype.org/content/groups/public/com/google/inject/extensions/guice-multibindings/4.0/guice-multibindings-4.0.jar
[INFO] Downloaded from sonatype: https://oss.sonatype.org/content/groups/public/io/cdap/cdap/cdap-app-fabric/6.7.0/cdap-app-fabric-6.7.0-tests.jar (1.4 MB at 228 kB/s)
[INFO] Downloading from sonatype: https://oss.sonatype.org/content/groups/public/com/google/inject/extensions/guice-assistedinject/4.0/guice-assistedinject-4.0.jar
[INFO] Downloaded from sonatype: https://oss.sonatype.org/content/groups/public/io/cdap/cdap/cdap-common/6.7.0/cdap-common-6.7.0-tests.jar (279 kB at 44 kB/s)
[INFO] Downloading from sonatype: https://oss.sonatype.org/content/groups/public/io/cdap/twill/twill-discovery-core/1.0.0/twill-discovery-core-1.0.0.jar
[INFO] Downloaded from sonatype: https://oss.sonatype.org/content/groups/public/com/google/inject/extensions/guice-multibindings/4.0/guice-multibindings-4.0.jar (81 kB at 13 kB/s)
[INFO] Downloading from sonatype: https://oss.sonatype.org/content/groups/public/io/cdap/twill/twill-core/1.0.0/twill-core-1.0.0.jar
[INFO] Downloaded from sonatype: https://oss.sonatype.org/content/groups/public/io/cdap/cdap/cdap-watchdog-api/6.7.0/cdap-watchdog-api-6.7.0.jar (19 kB at 3.0 kB/s)
[INFO] Downloading from sonatype: https://oss.sonatype.org/content/groups/public/io/netty/netty-buffer/4.1.16.Final/netty-buffer-4.1.16.Final.jar
[INFO] Downloaded from sonatype: https://oss.sonatype.org/content/groups/public/io/cdap/http/netty-http/1.7.0/netty-http-1.7.0.jar (104 kB at 16 kB/s)
[INFO] Downloading from sonatype: https://oss.sonatype.org/content/groups/public/io/netty/netty-common/4.1.16.Final/netty-common-4.1.16.Final.jar
[INFO] Downloaded from sonatype: https://oss.sonatype.org/content/groups/public/com/google/inject/extensions/guice-assistedinject/4.0/guice-assistedinject-4.0.jar (43 kB at 6.7 kB/s)
[INFO] Downloading from sonatype: https://oss.sonatype.org/content/groups/public/io/netty/netty-codec-http/4.1.16.Final/netty-codec-http-4.1.16.Final.jar
[INFO] Downloaded from sonatype: https://oss.sonatype.org/content/groups/public/io/netty/netty-buffer/4.1.16.Final/netty-buffer-4.1.16.Final.jar (270 kB at 40 kB/s)
[INFO] Downloading from sonatype: https://oss.sonatype.org/content/groups/public/io/netty/netty-codec/4.1.16.Final/netty-codec-4.1.16.Final.jar
[INFO] Downloaded from sonatype: https://oss.sonatype.org/content/groups/public/io/netty/netty-common/4.1.16.Final/netty-common-4.1.16.Final.jar (563 kB at 83 kB/s)
[INFO] Downloading from sonatype: https://oss.sonatype.org/content/groups/public/io/netty/netty-handler/4.1.16.Final/netty-handler-4.1.16.Final.jar
[INFO] Downloaded from sonatype: https://oss.sonatype.org/content/groups/public/io/cdap/twill/twill-core/1.0.0/twill-core-1.0.0.jar (278 kB at 40 kB/s)
[INFO] Downloading from sonatype: https://oss.sonatype.org/content/groups/public/io/netty/netty-transport/4.1.16.Final/netty-transport-4.1.16.Final.jar
[INFO] Downloaded from sonatype: https://oss.sonatype.org/content/groups/public/io/netty/netty-codec-http/4.1.16.Final/netty-codec-http-4.1.16.Final.jar (549 kB at 79 kB/s)
[INFO] Downloading from sonatype: https://oss.sonatype.org/content/groups/public/io/netty/netty-resolver/4.1.16.Final/netty-resolver-4.1.16.Final.jar
[INFO] Downloaded from sonatype: https://oss.sonatype.org/content/groups/public/io/cdap/twill/twill-discovery-core/1.0.0/twill-discovery-core-1.0.0.jar (31 kB at 4.5 kB/s)
[INFO] Downloading from sonatype: https://oss.sonatype.org/content/groups/public/io/cdap/twill/twill-zookeeper/1.0.0/twill-zookeeper-1.0.0.jar
[INFO] Downloaded from sonatype: https://oss.sonatype.org/content/groups/public/io/netty/netty-codec/4.1.16.Final/netty-codec-4.1.16.Final.jar (314 kB at 43 kB/s)
[INFO] Downloading from sonatype: https://oss.sonatype.org/content/groups/public/io/cdap/common/common-http/0.13.0/common-http-0.13.0.jar
[INFO] Downloaded from sonatype: https://oss.sonatype.org/content/groups/public/io/netty/netty-handler/4.1.16.Final/netty-handler-4.1.16.Final.jar (372 kB at 51 kB/s)
[INFO] Downloading from sonatype: https://oss.sonatype.org/content/groups/public/io/cdap/common/common-io/0.13.0/common-io-0.13.0.jar
[INFO] Downloaded from sonatype: https://oss.sonatype.org/content/groups/public/io/netty/netty-transport/4.1.16.Final/netty-transport-4.1.16.Final.jar (450 kB at 61 kB/s)
[INFO] Downloading from sonatype: https://oss.sonatype.org/content/groups/public/io/cdap/common/common-lang/0.13.0/common-lang-0.13.0.jar
[INFO] Downloaded from sonatype: https://oss.sonatype.org/content/groups/public/io/netty/netty-resolver/4.1.16.Final/netty-resolver-4.1.16.Final.jar (32 kB at 4.3 kB/s)
[INFO] Downloading from sonatype: https://oss.sonatype.org/content/groups/public/io/cdap/cdap/cdap-watchdog/6.7.0/cdap-watchdog-6.7.0.jar
[INFO] Downloaded from sonatype: https://oss.sonatype.org/content/groups/public/io/cdap/twill/twill-zookeeper/1.0.0/twill-zookeeper-1.0.0.jar (141 kB at 18 kB/s)
[INFO] Downloading from sonatype: https://oss.sonatype.org/content/groups/public/io/cdap/cdap/cdap-explore/6.7.0/cdap-explore-6.7.0.jar
[INFO] Downloaded from sonatype: https://oss.sonatype.org/content/groups/public/io/cdap/common/common-io/0.13.0/common-io-0.13.0.jar (95 kB at 12 kB/s)
[INFO] Downloading from sonatype: https://oss.sonatype.org/content/groups/public/org/apache/hive/hive-jdbc/1.2.1/hive-jdbc-1.2.1.jar
[INFO] Downloaded from sonatype: https://oss.sonatype.org/content/groups/public/io/cdap/common/common-http/0.13.0/common-http-0.13.0.jar (22 kB at 2.7 kB/s)
[INFO] Downloading from sonatype: https://oss.sonatype.org/content/groups/public/org/apache/hive/hive-common/1.2.1/hive-common-1.2.1.jar
[INFO] Downloaded from sonatype: https://oss.sonatype.org/content/groups/public/io/cdap/common/common-lang/0.13.0/common-lang-0.13.0.jar (23 kB at 2.8 kB/s)
[INFO] Downloading from sonatype: https://oss.sonatype.org/content/groups/public/org/apache/hive/hive-serde/1.2.1/hive-serde-1.2.1.jar
[INFO] Downloaded from sonatype: https://oss.sonatype.org/content/groups/public/io/cdap/cdap/cdap-watchdog/6.7.0/cdap-watchdog-6.7.0.jar (474 kB at 58 kB/s)
[INFO] Downloading from sonatype: https://oss.sonatype.org/content/groups/public/org/apache/hive/hive-shims/1.2.1/hive-shims-1.2.1.jar
[INFO] Downloaded from sonatype: https://oss.sonatype.org/content/groups/public/io/cdap/cdap/cdap-explore/6.7.0/cdap-explore-6.7.0.jar (218 kB at 26 kB/s)
[INFO] Downloading from sonatype: https://oss.sonatype.org/content/groups/public/org/apache/hive/shims/hive-shims-common/1.2.1/hive-shims-common-1.2.1.jar
[INFO] Downloaded from sonatype: https://oss.sonatype.org/content/groups/public/org/apache/hive/hive-jdbc/1.2.1/hive-jdbc-1.2.1.jar (101 kB at 12 kB/s)
[INFO] Downloading from sonatype: https://oss.sonatype.org/content/groups/public/org/apache/hive/shims/hive-shims-0.20S/1.2.1/hive-shims-0.20S-1.2.1.jar
[INFO] Downloaded from sonatype: https://oss.sonatype.org/content/groups/public/org/apache/hive/hive-common/1.2.1/hive-common-1.2.1.jar (292 kB at 35 kB/s)
[INFO] Downloading from sonatype: https://oss.sonatype.org/content/groups/public/org/apache/hive/shims/hive-shims-0.23/1.2.1/hive-shims-0.23-1.2.1.jar
[INFO] Downloaded from sonatype: https://oss.sonatype.org/content/groups/public/org/apache/hive/hive-serde/1.2.1/hive-serde-1.2.1.jar (917 kB at 108 kB/s)
[INFO] Downloading from sonatype: https://oss.sonatype.org/content/groups/public/org/apache/hive/shims/hive-shims-scheduler/1.2.1/hive-shims-scheduler-1.2.1.jar
[INFO] Downloaded from sonatype: https://oss.sonatype.org/content/groups/public/org/apache/hive/hive-shims/1.2.1/hive-shims-1.2.1.jar (8.9 kB at 1.0 kB/s)
[INFO] Downloading from sonatype: https://oss.sonatype.org/content/groups/public/org/apache/hive/hive-metastore/1.2.1/hive-metastore-1.2.1.jar
[INFO] Downloaded from sonatype: https://oss.sonatype.org/content/groups/public/org/apache/hive/shims/hive-shims-common/1.2.1/hive-shims-common-1.2.1.jar (109 kB at 13 kB/s)
[INFO] Downloading from sonatype: https://oss.sonatype.org/content/groups/public/org/apache/derby/derby/10.10.2.0/derby-10.10.2.0.jar
[INFO] Downloaded from sonatype: https://oss.sonatype.org/content/groups/public/org/apache/hive/shims/hive-shims-0.20S/1.2.1/hive-shims-0.20S-1.2.1.jar (32 kB at 3.7 kB/s)
[INFO] Downloading from sonatype: https://oss.sonatype.org/content/groups/public/org/datanucleus/datanucleus-api-jdo/3.2.6/datanucleus-api-jdo-3.2.6.jar
[INFO] Downloaded from sonatype: https://oss.sonatype.org/content/groups/public/org/apache/hive/shims/hive-shims-0.23/1.2.1/hive-shims-0.23-1.2.1.jar (60 kB at 6.8 kB/s)
[INFO] Downloading from sonatype: https://oss.sonatype.org/content/groups/public/org/datanucleus/datanucleus-core/3.2.10/datanucleus-core-3.2.10.jar
[INFO] Downloaded from sonatype: https://oss.sonatype.org/content/groups/public/org/apache/derby/derby/10.10.2.0/derby-10.10.2.0.jar (0 B at 0 B/s)
[INFO] Downloading from sonatype: https://oss.sonatype.org/content/groups/public/org/datanucleus/datanucleus-rdbms/3.2.9/datanucleus-rdbms-3.2.9.jar
[INFO] Downloaded from sonatype: https://oss.sonatype.org/content/groups/public/org/apache/hive/shims/hive-shims-scheduler/1.2.1/hive-shims-scheduler-1.2.1.jar (13 kB at 1.5 kB/s)
[INFO] Downloading from sonatype: https://oss.sonatype.org/content/groups/public/io/cdap/cdap/cdap-explore-client/6.7.0/cdap-explore-client-6.7.0.jar
[INFO] Downloaded from sonatype: https://oss.sonatype.org/content/groups/public/org/datanucleus/datanucleus-api-jdo/3.2.6/datanucleus-api-jdo-3.2.6.jar (340 kB at 37 kB/s)
[INFO] Downloading from sonatype: https://oss.sonatype.org/content/groups/public/io/cdap/cdap/cdap-spark-core2_2.11/6.7.0/cdap-spark-core2_2.11-6.7.0.jar
[INFO] Downloaded from sonatype: https://oss.sonatype.org/content/groups/public/org/apache/hive/hive-metastore/1.2.1/hive-metastore-1.2.1.jar (5.5 MB at 590 kB/s)
[INFO] Downloading from sonatype: https://oss.sonatype.org/content/groups/public/io/cdap/cdap/cdap-spark-python/6.7.0/cdap-spark-python-6.7.0.jar
[INFO] Downloaded from sonatype: https://oss.sonatype.org/content/groups/public/org/datanucleus/datanucleus-core/3.2.10/datanucleus-core-3.2.10.jar (1.9 MB at 203 kB/s)
[INFO] Downloading from sonatype: https://oss.sonatype.org/content/groups/public/org/apache/spark/spark-sql_2.11/2.1.3/spark-sql_2.11-2.1.3.jar
[INFO] Downloaded from sonatype: https://oss.sonatype.org/content/groups/public/org/datanucleus/datanucleus-rdbms/3.2.9/datanucleus-rdbms-3.2.9.jar (1.8 MB at 192 kB/s)
[INFO] Downloading from sonatype: https://oss.sonatype.org/content/groups/public/org/apache/spark/spark-sketch_2.11/2.1.3/spark-sketch_2.11-2.1.3.jar
[INFO] Downloaded from sonatype: https://oss.sonatype.org/content/groups/public/io/cdap/cdap/cdap-explore-client/6.7.0/cdap-explore-client-6.7.0.jar (74 kB at 7.7 kB/s)
[INFO] Downloading from sonatype: https://oss.sonatype.org/content/groups/public/org/apache/spark/spark-catalyst_2.11/2.1.3/spark-catalyst_2.11-2.1.3.jar
[INFO] Downloaded from sonatype: https://oss.sonatype.org/content/groups/public/io/cdap/cdap/cdap-spark-core2_2.11/6.7.0/cdap-spark-core2_2.11-6.7.0.jar (1.1 MB at 109 kB/s)
[INFO] Downloading from sonatype: https://oss.sonatype.org/content/groups/public/org/apache/spark/spark-mllib_2.11/2.1.3/spark-mllib_2.11-2.1.3.jar
[INFO] Downloaded from sonatype: https://oss.sonatype.org/content/groups/public/io/cdap/cdap/cdap-spark-python/6.7.0/cdap-spark-python-6.7.0.jar (8.9 kB at 897 B/s)
[INFO] Downloading from sonatype: https://oss.sonatype.org/content/groups/public/org/apache/spark/spark-graphx_2.11/2.1.3/spark-graphx_2.11-2.1.3.jar
[INFO] Downloaded from sonatype: https://oss.sonatype.org/content/groups/public/org/apache/spark/spark-sketch_2.11/2.1.3/spark-sketch_2.11-2.1.3.jar (30 kB at 3.0 kB/s)
[INFO] Downloading from sonatype: https://oss.sonatype.org/content/groups/public/org/apache/spark/spark-mllib-local_2.11/2.1.3/spark-mllib-local_2.11-2.1.3.jar
[INFO] Downloaded from sonatype: https://oss.sonatype.org/content/groups/public/org/apache/spark/spark-catalyst_2.11/2.1.3/spark-catalyst_2.11-2.1.3.jar (7.5 MB at 715 kB/s)
[INFO] Downloading from sonatype: https://oss.sonatype.org/content/groups/public/org/scalanlp/breeze_2.11/0.12/breeze_2.11-0.12.jar
[INFO] Downloaded from sonatype: https://oss.sonatype.org/content/groups/public/org/apache/spark/spark-graphx_2.11/2.1.3/spark-graphx_2.11-2.1.3.jar (698 kB at 66 kB/s)
[INFO] Downloading from sonatype: https://oss.sonatype.org/content/groups/public/org/scalanlp/breeze-macros_2.11/0.12/breeze-macros_2.11-0.12.jar
[INFO] Downloaded from sonatype: https://oss.sonatype.org/content/groups/public/org/apache/spark/spark-mllib-local_2.11/2.1.3/spark-mllib-local_2.11-2.1.3.jar (179 kB at 17 kB/s)
[INFO] Downloading from sonatype: https://oss.sonatype.org/content/groups/public/com/github/rwl/jtransforms/2.4.0/jtransforms-2.4.0.jar
[INFO] Downloaded from sonatype: https://oss.sonatype.org/content/groups/public/org/apache/spark/spark-mllib_2.11/2.1.3/spark-mllib_2.11-2.1.3.jar (6.2 MB at 581 kB/s)
[INFO] Downloading from sonatype: https://oss.sonatype.org/content/groups/public/org/spire-math/spire_2.11/0.7.4/spire_2.11-0.7.4.jar
[INFO] Downloaded from sonatype: https://oss.sonatype.org/content/groups/public/com/github/rwl/jtransforms/2.4.0/jtransforms-2.4.0.jar (765 kB at 69 kB/s)
[INFO] Downloading from sonatype: https://oss.sonatype.org/content/groups/public/org/spire-math/spire-macros_2.11/0.7.4/spire-macros_2.11-0.7.4.jar
[INFO] Downloaded from sonatype: https://oss.sonatype.org/content/groups/public/org/scalanlp/breeze-macros_2.11/0.12/breeze-macros_2.11-0.12.jar (182 kB at 16 kB/s)
[INFO] Downloading from sonatype: https://oss.sonatype.org/content/groups/public/com/chuusai/shapeless_2.11/2.0.0/shapeless_2.11-2.0.0.jar
[INFO] Downloaded from sonatype: https://oss.sonatype.org/content/groups/public/org/spire-math/spire-macros_2.11/0.7.4/spire-macros_2.11-0.7.4.jar (87 kB at 7.6 kB/s)
[INFO] Downloading from sonatype: https://oss.sonatype.org/content/groups/public/org/jpmml/pmml-model/1.2.15/pmml-model-1.2.15.jar
[INFO] Downloaded from sonatype: https://oss.sonatype.org/content/groups/public/org/spire-math/spire_2.11/0.7.4/spire_2.11-0.7.4.jar (7.3 MB at 631 kB/s)
[INFO] Downloading from sonatype: https://oss.sonatype.org/content/groups/public/org/jpmml/pmml-schema/1.2.15/pmml-schema-1.2.15.jar
[INFO] Downloaded from sonatype: https://oss.sonatype.org/content/groups/public/org/scalanlp/breeze_2.11/0.12/breeze_2.11-0.12.jar (14 MB at 1.2 MB/s)
[INFO] Downloading from sonatype: https://oss.sonatype.org/content/groups/public/org/apache/spark/spark-repl_2.11/2.1.3/spark-repl_2.11-2.1.3.jar
[INFO] Downloaded from sonatype: https://oss.sonatype.org/content/groups/public/com/chuusai/shapeless_2.11/2.0.0/shapeless_2.11-2.0.0.jar (2.0 MB at 176 kB/s)
[INFO] Downloading from sonatype: https://oss.sonatype.org/content/groups/public/io/cdap/cdap/cdap-tms/6.7.0/cdap-tms-6.7.0.jar
[INFO] Downloaded from sonatype: https://oss.sonatype.org/content/groups/public/org/jpmml/pmml-model/1.2.15/pmml-model-1.2.15.jar (654 kB at 55 kB/s)
[INFO] Downloading from sonatype: https://oss.sonatype.org/content/groups/public/io/cdap/cdap/cdap-hbase-compat-base/6.7.0/cdap-hbase-compat-base-6.7.0.jar
[INFO] Downloaded from sonatype: https://oss.sonatype.org/content/groups/public/org/jpmml/pmml-schema/1.2.15/pmml-schema-1.2.15.jar (5.3 kB at 444 B/s)
[INFO] Downloading from sonatype: https://oss.sonatype.org/content/groups/public/io/cdap/cdap/cdap-hbase-spi/6.7.0/cdap-hbase-spi-6.7.0.jar
[INFO] Downloaded from sonatype: https://oss.sonatype.org/content/groups/public/org/apache/spark/spark-repl_2.11/2.1.3/spark-repl_2.11-2.1.3.jar (65 kB at 5.3 kB/s)
[INFO] Downloading from sonatype: https://oss.sonatype.org/content/groups/public/org/iq80/leveldb/leveldb/0.12/leveldb-0.12-uber.jar
[INFO] Downloaded from sonatype: https://oss.sonatype.org/content/groups/public/io/cdap/cdap/cdap-tms/6.7.0/cdap-tms-6.7.0.jar (242 kB at 20 kB/s)
[INFO] Downloading from sonatype: https://oss.sonatype.org/content/groups/public/io/cdap/cdap/cdap-storage-spi/6.7.0/cdap-storage-spi-6.7.0.jar
[INFO] Downloaded from sonatype: https://oss.sonatype.org/content/groups/public/org/apache/spark/spark-sql_2.11/2.1.3/spark-sql_2.11-2.1.3.jar (6.7 MB at 537 kB/s)
[INFO] Downloading from sonatype: https://oss.sonatype.org/content/groups/public/io/cdap/cdap/cdap-security/6.7.0/cdap-security-6.7.0-tests.jar
[INFO] Downloaded from sonatype: https://oss.sonatype.org/content/groups/public/io/cdap/cdap/cdap-hbase-compat-base/6.7.0/cdap-hbase-compat-base-6.7.0.jar (124 kB at 9.9 kB/s)
[INFO] Downloading from sonatype: https://oss.sonatype.org/content/groups/public/io/cdap/cdap/cdap-securestore-spi/6.7.0/cdap-securestore-spi-6.7.0.jar
[INFO] Downloaded from sonatype: https://oss.sonatype.org/content/groups/public/io/cdap/cdap/cdap-hbase-spi/6.7.0/cdap-hbase-spi-6.7.0.jar (8.5 kB at 676 B/s)
[INFO] Downloading from sonatype: https://oss.sonatype.org/content/groups/public/org/eclipse/jetty/jetty-jaspi/8.1.15.v20140411/jetty-jaspi-8.1.15.v20140411.jar
[INFO] Downloaded from sonatype: https://oss.sonatype.org/content/groups/public/org/iq80/leveldb/leveldb/0.12/leveldb-0.12-uber.jar (4.0 MB at 306 kB/s)
[INFO] Downloading from sonatype: https://oss.sonatype.org/content/groups/public/org/eclipse/jetty/jetty-plus/8.1.15.v20140411/jetty-plus-8.1.15.v20140411.jar
[INFO] Downloaded from sonatype: https://oss.sonatype.org/content/groups/public/io/cdap/cdap/cdap-storage-spi/6.7.0/cdap-storage-spi-6.7.0.jar (34 kB at 2.6 kB/s)
[INFO] Downloading from sonatype: https://oss.sonatype.org/content/groups/public/org/eclipse/jetty/orbit/javax.transaction/1.1.1.v201105210645/javax.transaction-1.1.1.v201105210645.jar
[INFO] Downloaded from sonatype: https://oss.sonatype.org/content/groups/public/io/cdap/cdap/cdap-security/6.7.0/cdap-security-6.7.0-tests.jar (166 kB at 13 kB/s)
[INFO] Downloading from sonatype: https://oss.sonatype.org/content/groups/public/org/eclipse/jetty/jetty-webapp/8.1.15.v20140411/jetty-webapp-8.1.15.v20140411.jar
[INFO] Downloaded from sonatype: https://oss.sonatype.org/content/groups/public/org/eclipse/jetty/jetty-jaspi/8.1.15.v20140411/jetty-jaspi-8.1.15.v20140411.jar (37 kB at 2.8 kB/s)
[INFO] Downloading from sonatype: https://oss.sonatype.org/content/groups/public/org/eclipse/jetty/jetty-xml/8.1.15.v20140411/jetty-xml-8.1.15.v20140411.jar
[INFO] Downloaded from sonatype: https://oss.sonatype.org/content/groups/public/io/cdap/cdap/cdap-securestore-spi/6.7.0/cdap-securestore-spi-6.7.0.jar (8.0 kB at 605 B/s)
[INFO] Downloading from sonatype: https://oss.sonatype.org/content/groups/public/org/eclipse/jetty/jetty-jndi/8.1.15.v20140411/jetty-jndi-8.1.15.v20140411.jar
[INFO] Downloaded from sonatype: https://oss.sonatype.org/content/groups/public/org/eclipse/jetty/jetty-plus/8.1.15.v20140411/jetty-plus-8.1.15.v20140411.jar (85 kB at 6.3 kB/s)
[INFO] Downloading from sonatype: https://oss.sonatype.org/content/groups/public/org/apache/geronimo/components/geronimo-jaspi/2.0.0/geronimo-jaspi-2.0.0.jar
[INFO] Downloaded from sonatype: https://oss.sonatype.org/content/groups/public/org/eclipse/jetty/orbit/javax.transaction/1.1.1.v201105210645/javax.transaction-1.1.1.v201105210645.jar (29 kB at 2.2 kB/s)
[INFO] Downloading from sonatype: https://oss.sonatype.org/content/groups/public/org/apache/xbean/xbean-reflect/3.6/xbean-reflect-3.6.jar
[INFO] Downloaded from sonatype: https://oss.sonatype.org/content/groups/public/org/eclipse/jetty/jetty-webapp/8.1.15.v20140411/jetty-webapp-8.1.15.v20140411.jar (110 kB at 8.2 kB/s)
[INFO] Downloading from sonatype: https://oss.sonatype.org/content/groups/public/org/jboss/resteasy/resteasy-servlet-initializer/3.0.8.Final/resteasy-servlet-initializer-3.0.8.Final.jar
[INFO] Downloaded from sonatype: https://oss.sonatype.org/content/groups/public/org/eclipse/jetty/jetty-xml/8.1.15.v20140411/jetty-xml-8.1.15.v20140411.jar (39 kB at 2.9 kB/s)
[INFO] Downloading from sonatype: https://oss.sonatype.org/content/groups/public/org/jboss/resteasy/resteasy-jaxrs/3.0.8.Final/resteasy-jaxrs-3.0.8.Final.jar
[INFO] Downloaded from sonatype: https://oss.sonatype.org/content/groups/public/org/eclipse/jetty/jetty-jndi/8.1.15.v20140411/jetty-jndi-8.1.15.v20140411.jar (40 kB at 2.9 kB/s)
[INFO] Downloading from sonatype: https://oss.sonatype.org/content/groups/public/org/jboss/resteasy/async-http-servlet-3.0/3.0.8.Final/async-http-servlet-3.0-3.0.8.Final.jar
[INFO] Downloaded from sonatype: https://oss.sonatype.org/content/groups/public/org/apache/xbean/xbean-reflect/3.6/xbean-reflect-3.6.jar (148 kB at 11 kB/s)
[INFO] Downloading from sonatype: https://oss.sonatype.org/content/groups/public/org/jboss/resteasy/jaxrs-api/3.0.8.Final/jaxrs-api-3.0.8.Final.jar
[INFO] Downloaded from sonatype: https://oss.sonatype.org/content/groups/public/org/jboss/resteasy/resteasy-jaxrs/3.0.8.Final/resteasy-jaxrs-3.0.8.Final.jar (822 kB at 59 kB/s)
[INFO] Downloading from sonatype: https://oss.sonatype.org/content/groups/public/org/jboss/resteasy/resteasy-guice/3.0.8.Final/resteasy-guice-3.0.8.Final.jar
[INFO] Downloaded from sonatype: https://oss.sonatype.org/content/groups/public/org/jboss/resteasy/resteasy-servlet-initializer/3.0.8.Final/resteasy-servlet-initializer-3.0.8.Final.jar (5.9 kB at 418 B/s)
[INFO] Downloading from sonatype: https://oss.sonatype.org/content/groups/public/org/apache/tephra/tephra-core/0.15.0-incubating/tephra-core-0.15.0-incubating.jar
[INFO] Downloaded from sonatype: https://oss.sonatype.org/content/groups/public/org/jboss/resteasy/async-http-servlet-3.0/3.0.8.Final/async-http-servlet-3.0-3.0.8.Final.jar (15 kB at 1.1 kB/s)
[INFO] Downloading from sonatype: https://oss.sonatype.org/content/groups/public/org/apache/twill/twill-discovery-api/0.8.0/twill-discovery-api-0.8.0.jar
[INFO] Downloaded from sonatype: https://oss.sonatype.org/content/groups/public/org/apache/geronimo/components/geronimo-jaspi/2.0.0/geronimo-jaspi-2.0.0.jar (69 kB at 4.9 kB/s)
[INFO] Downloading from sonatype: https://oss.sonatype.org/content/groups/public/org/apache/twill/twill-discovery-core/0.8.0/twill-discovery-core-0.8.0.jar
[INFO] Downloaded from sonatype: https://oss.sonatype.org/content/groups/public/org/apache/twill/twill-discovery-api/0.8.0/twill-discovery-api-0.8.0.jar (0 B at 0 B/s)
[INFO] Downloading from sonatype: https://oss.sonatype.org/content/groups/public/org/apache/twill/twill-zookeeper/0.8.0/twill-zookeeper-0.8.0.jar
[INFO] Downloaded from sonatype: https://oss.sonatype.org/content/groups/public/org/apache/twill/twill-discovery-core/0.8.0/twill-discovery-core-0.8.0.jar (0 B at 0 B/s)
[INFO] Downloading from sonatype: https://oss.sonatype.org/content/groups/public/org/apache/twill/twill-api/0.8.0/twill-api-0.8.0.jar
[INFO] Downloaded from sonatype: https://oss.sonatype.org/content/groups/public/org/jboss/resteasy/jaxrs-api/3.0.8.Final/jaxrs-api-3.0.8.Final.jar (107 kB at 7.5 kB/s)
[INFO] Downloading from sonatype: https://oss.sonatype.org/content/groups/public/com/sun/jersey/jersey-servlet/1.18/jersey-servlet-1.18.jar
[INFO] Downloaded from sonatype: https://oss.sonatype.org/content/groups/public/org/jboss/resteasy/resteasy-guice/3.0.8.Final/resteasy-guice-3.0.8.Final.jar (16 kB at 1.1 kB/s)
[INFO] Downloaded from sonatype: https://oss.sonatype.org/content/groups/public/org/apache/twill/twill-zookeeper/0.8.0/twill-zookeeper-0.8.0.jar (0 B at 0 B/s)
[INFO] Downloaded from sonatype: https://oss.sonatype.org/content/groups/public/org/apache/twill/twill-api/0.8.0/twill-api-0.8.0.jar (0 B at 0 B/s)
[INFO] Downloaded from sonatype: https://oss.sonatype.org/content/groups/public/org/apache/tephra/tephra-core/0.15.0-incubating/tephra-core-0.15.0-incubating.jar (943 kB at 64 kB/s)
[INFO] Downloaded from sonatype: https://oss.sonatype.org/content/groups/public/com/sun/jersey/jersey-servlet/1.18/jersey-servlet-1.18.jar (127 kB at 8.6 kB/s)
[INFO] 
[INFO] --- maven-clean-plugin:2.5:clean (default-clean) @ google-cloud ---
[INFO] Deleting /home/gabsko/breaking-updates/target
[INFO] 
[INFO] --- maven-resources-plugin:2.6:resources (default-resources) @ google-cloud ---
[INFO] Using 'UTF-8' encoding to copy filtered resources.
[INFO] skip non existing resourceDirectory /home/gabsko/breaking-updates/src/main/resources
[INFO] 
[INFO] --- maven-compiler-plugin:3.1:compile (default-compile) @ google-cloud ---
[INFO] Changes detected - recompiling the module!
[INFO] Compiling 177 source files to /home/gabsko/breaking-updates/target/classes
[WARNING] /home/gabsko/breaking-updates/src/main/java/io/cdap/plugin/gcp/bigquery/sink/BigQueryOutputFormat.java: Some input files use or override a deprecated API.
[WARNING] /home/gabsko/breaking-updates/src/main/java/io/cdap/plugin/gcp/bigquery/sink/BigQueryOutputFormat.java: Recompile with -Xlint:deprecation for details.
[WARNING] /home/gabsko/breaking-updates/src/main/java/io/cdap/plugin/gcp/bigquery/source/BigQueryAvroToStructuredTransformer.java: Some input files use unchecked or unsafe operations.
[WARNING] /home/gabsko/breaking-updates/src/main/java/io/cdap/plugin/gcp/bigquery/source/BigQueryAvroToStructuredTransformer.java: Recompile with -Xlint:unchecked for details.
[INFO] 
[INFO] --- maven-resources-plugin:2.6:testResources (default-testResources) @ google-cloud ---
[INFO] Using 'UTF-8' encoding to copy filtered resources.
[INFO] Copying 2 resources
[INFO] 
[INFO] --- maven-compiler-plugin:3.1:testCompile (default-testCompile) @ google-cloud ---
[INFO] Changes detected - recompiling the module!
[INFO] Compiling 69 source files to /home/gabsko/breaking-updates/target/test-classes
[WARNING] /home/gabsko/breaking-updates/src/test/java/io/cdap/plugin/gcp/spanner/sink/RecordToMutationTransformerTest.java: Some input files use or override a deprecated API.
[WARNING] /home/gabsko/breaking-updates/src/test/java/io/cdap/plugin/gcp/spanner/sink/RecordToMutationTransformerTest.java: Recompile with -Xlint:deprecation for details.
[WARNING] /home/gabsko/breaking-updates/src/test/java/io/cdap/plugin/gcp/gcs/sink/GCSOutputformatProviderTest.java: Some input files use unchecked or unsafe operations.
[WARNING] /home/gabsko/breaking-updates/src/test/java/io/cdap/plugin/gcp/gcs/sink/GCSOutputformatProviderTest.java: Recompile with -Xlint:unchecked for details.
[INFO] 
[INFO] --- maven-checkstyle-plugin:2.17:check (validate) @ google-cloud ---
[INFO] Downloading from central: https://repo.maven.apache.org/maven2/com/puppycrawl/tools/checkstyle/6.19/checkstyle-6.19.pom
[INFO] Downloaded from central: https://repo.maven.apache.org/maven2/com/puppycrawl/tools/checkstyle/6.19/checkstyle-6.19.pom (72 kB at 3.3 MB/s)
[INFO] Downloading from central: https://repo.maven.apache.org/maven2/com/puppycrawl/tools/checkstyle/6.19/checkstyle-6.19.jar
[INFO] Downloaded from central: https://repo.maven.apache.org/maven2/com/puppycrawl/tools/checkstyle/6.19/checkstyle-6.19.jar (1.2 MB at 39 MB/s)
[INFO] Starting audit...
Audit done.
[INFO] 
[INFO] --- maven-surefire-plugin:2.14.1:test (default-test) @ google-cloud ---
[INFO] Downloading from central: https://repo.maven.apache.org/maven2/org/apache/maven/surefire/maven-surefire-common/2.14.1/maven-surefire-common-2.14.1.pom
[INFO] Downloaded from central: https://repo.maven.apache.org/maven2/org/apache/maven/surefire/maven-surefire-common/2.14.1/maven-surefire-common-2.14.1.pom (5.6 kB at 512 kB/s)
[INFO] Downloading from central: https://repo.maven.apache.org/maven2/org/apache/maven/surefire/surefire-api/2.14.1/surefire-api-2.14.1.pom
[INFO] Downloaded from central: https://repo.maven.apache.org/maven2/org/apache/maven/surefire/surefire-api/2.14.1/surefire-api-2.14.1.pom (2.5 kB at 25 kB/s)
[INFO] Downloading from central: https://repo.maven.apache.org/maven2/org/apache/maven/surefire/surefire-booter/2.14.1/surefire-booter-2.14.1.pom
[INFO] Downloaded from central: https://repo.maven.apache.org/maven2/org/apache/maven/surefire/surefire-booter/2.14.1/surefire-booter-2.14.1.pom (3.0 kB at 337 kB/s)
[INFO] Downloading from central: https://repo.maven.apache.org/maven2/org/apache/maven/surefire/maven-surefire-common/2.14.1/maven-surefire-common-2.14.1.jar
[INFO] Downloading from central: https://repo.maven.apache.org/maven2/org/apache/maven/surefire/surefire-booter/2.14.1/surefire-booter-2.14.1.jar
[INFO] Downloading from central: https://repo.maven.apache.org/maven2/org/apache/maven/surefire/surefire-api/2.14.1/surefire-api-2.14.1.jar
[INFO] Downloaded from central: https://repo.maven.apache.org/maven2/org/apache/maven/surefire/maven-surefire-common/2.14.1/maven-surefire-common-2.14.1.jar (233 kB at 11 MB/s)
[INFO] Downloaded from central: https://repo.maven.apache.org/maven2/org/apache/maven/surefire/surefire-api/2.14.1/surefire-api-2.14.1.jar (156 kB at 8.2 MB/s)
[INFO] Downloaded from central: https://repo.maven.apache.org/maven2/org/apache/maven/surefire/surefire-booter/2.14.1/surefire-booter-2.14.1.jar (36 kB at 1.7 MB/s)
[INFO] Surefire report directory: /home/gabsko/breaking-updates/target/surefire-reports
[INFO] Downloading from central: https://repo.maven.apache.org/maven2/org/apache/maven/surefire/surefire-junit4/2.14.1/surefire-junit4-2.14.1.pom
[INFO] Downloaded from central: https://repo.maven.apache.org/maven2/org/apache/maven/surefire/surefire-junit4/2.14.1/surefire-junit4-2.14.1.pom (2.5 kB at 113 kB/s)
[INFO] Downloading from central: https://repo.maven.apache.org/maven2/org/apache/maven/surefire/surefire-providers/2.14.1/surefire-providers-2.14.1.pom
[INFO] Downloaded from central: https://repo.maven.apache.org/maven2/org/apache/maven/surefire/surefire-providers/2.14.1/surefire-providers-2.14.1.pom (2.4 kB at 340 kB/s)
[INFO] Downloading from central: https://repo.maven.apache.org/maven2/org/apache/maven/surefire/surefire-junit4/2.14.1/surefire-junit4-2.14.1.jar
[INFO] Downloaded from central: https://repo.maven.apache.org/maven2/org/apache/maven/surefire/surefire-junit4/2.14.1/surefire-junit4-2.14.1.jar (79 kB at 4.2 MB/s)

-------------------------------------------------------
 T E S T S
-------------------------------------------------------
Running io.cdap.plugin.gcp.bigquery.AvroToStructuredRecordTest
Tests run: 2, Failures: 0, Errors: 0, Skipped: 0, Time elapsed: 0.59 sec
Running io.cdap.plugin.gcp.bigquery.sink.BigQueryOutputFormatTest
OpenJDK 64-Bit Server VM warning: Sharing is only supported for boot loader classes because bootstrap classpath has been appended
WARNING: An illegal reflective access operation has occurred
WARNING: Illegal reflective access by org.powermock.reflect.internal.WhiteboxImpl (file:/home/gabsko/.m2/repository/org/powermock/powermock-reflect/2.0.2/powermock-reflect-2.0.2.jar) to method java.lang.Object.clone()
WARNING: Please consider reporting this to the maintainers of org.powermock.reflect.internal.WhiteboxImpl
WARNING: Use --illegal-access=warn to enable warnings of further illegal reflective access operations
WARNING: All illegal access operations will be denied in a future release
Failed to instantiate [ch.qos.logback.classic.LoggerContext]
Reported exception:
java.lang.IllegalAccessError: class javax.xml.parsers.FactoryFinder (in unnamed module @0x1e54a6b1) cannot access class jdk.xml.internal.SecuritySupport (in module java.xml) because module java.xml does not export jdk.xml.internal to unnamed module @0x1e54a6b1
	at javax.xml.parsers.FactoryFinder.<clinit>(FactoryFinder.java:69)
	at javax.xml.parsers.SAXParserFactory.newInstance(SAXParserFactory.java:147)
	at ch.qos.logback.core.joran.event.SaxEventRecorder.buildSaxParser(SaxEventRecorder.java:79)
	at ch.qos.logback.core.joran.event.SaxEventRecorder.recordEvents(SaxEventRecorder.java:57)
	at ch.qos.logback.core.joran.GenericConfigurator.doConfigure(GenericConfigurator.java:142)
	at ch.qos.logback.core.joran.GenericConfigurator.doConfigure(GenericConfigurator.java:106)
	at ch.qos.logback.core.joran.GenericConfigurator.doConfigure(GenericConfigurator.java:56)
	at ch.qos.logback.classic.util.ContextInitializer.configureByResource(ContextInitializer.java:75)
	at ch.qos.logback.classic.util.ContextInitializer.autoConfig(ContextInitializer.java:148)
	at org.slf4j.impl.StaticLoggerBinder.init(StaticLoggerBinder.java:85)
	at org.slf4j.impl.StaticLoggerBinder.<clinit>(StaticLoggerBinder.java:55)
	at org.slf4j.LoggerFactory.bind(LoggerFactory.java:128)
	at org.slf4j.LoggerFactory.performInitialization(LoggerFactory.java:107)
	at org.slf4j.LoggerFactory.getILoggerFactory(LoggerFactory.java:295)
	at org.slf4j.LoggerFactory.getLogger(LoggerFactory.java:269)
	at org.apache.commons.logging.impl.SLF4JLogFactory.getInstance(SLF4JLogFactory.java:156)
	at org.apache.commons.logging.impl.SLF4JLogFactory.getInstance(SLF4JLogFactory.java:132)
	at org.apache.commons.logging.LogFactory.getLog(LogFactory.java:655)
	at org.apache.hadoop.conf.Configuration.<clinit>(Configuration.java:178)
	at java.base/java.lang.Class.forName0(Native Method)
	at java.base/java.lang.Class.forName(Class.java:315)
	at javassist.runtime.Desc.getClassObject(Desc.java:42)
	at javassist.runtime.Desc.getClassType(Desc.java:151)
	at javassist.runtime.Desc.getType(Desc.java:121)
	at javassist.runtime.Desc.getType(Desc.java:77)
	at io.cdap.plugin.gcp.bigquery.sink.BigQueryOutputFormatTest.initMocks(BigQueryOutputFormatTest.java:70)
	at io.cdap.plugin.gcp.bigquery.sink.BigQueryOutputFormatTest.commitJobTestInsert10000BQInvocations(BigQueryOutputFormatTest.java:125)
	at java.base/jdk.internal.reflect.NativeMethodAccessorImpl.invoke0(Native Method)
	at java.base/jdk.internal.reflect.NativeMethodAccessorImpl.invoke(NativeMethodAccessorImpl.java:62)
	at java.base/jdk.internal.reflect.DelegatingMethodAccessorImpl.invoke(DelegatingMethodAccessorImpl.java:43)
	at java.base/java.lang.reflect.Method.invoke(Method.java:566)
	at org.junit.internal.runners.TestMethod.invoke(TestMethod.java:68)
	at org.powermock.modules.junit4.internal.impl.PowerMockJUnit44RunnerDelegateImpl$PowerMockJUnit44MethodRunner.runTestMethod(PowerMockJUnit44RunnerDelegateImpl.java:326)
	at org.junit.internal.runners.MethodRoadie$2.run(MethodRoadie.java:89)
	at org.junit.internal.runners.MethodRoadie.runBeforesThenTestThenAfters(MethodRoadie.java:97)
	at org.powermock.modules.junit4.internal.impl.PowerMockJUnit44RunnerDelegateImpl$PowerMockJUnit44MethodRunner.executeTest(PowerMockJUnit44RunnerDelegateImpl.java:310)
	at org.powermock.modules.junit4.internal.impl.PowerMockJUnit47RunnerDelegateImpl$PowerMockJUnit47MethodRunner.executeTestInSuper(PowerMockJUnit47RunnerDelegateImpl.java:131)
	at org.powermock.modules.junit4.internal.impl.PowerMockJUnit47RunnerDelegateImpl$PowerMockJUnit47MethodRunner.access$100(PowerMockJUnit47RunnerDelegateImpl.java:59)
	at org.powermock.modules.junit4.internal.impl.PowerMockJUnit47RunnerDelegateImpl$PowerMockJUnit47MethodRunner$TestExecutorStatement.evaluate(PowerMockJUnit47RunnerDelegateImpl.java:147)
	at org.powermock.modules.junit4.internal.impl.PowerMockJUnit47RunnerDelegateImpl$PowerMockJUnit47MethodRunner.evaluateStatement(PowerMockJUnit47RunnerDelegateImpl.java:107)
	at org.powermock.modules.junit4.internal.impl.PowerMockJUnit47RunnerDelegateImpl$PowerMockJUnit47MethodRunner.executeTest(PowerMockJUnit47RunnerDelegateImpl.java:82)
	at org.powermock.modules.junit4.internal.impl.PowerMockJUnit44RunnerDelegateImpl$PowerMockJUnit44MethodRunner.runBeforesThenTestThenAfters(PowerMockJUnit44RunnerDelegateImpl.java:298)
	at org.junit.internal.runners.MethodRoadie.runTest(MethodRoadie.java:87)
	at org.junit.internal.runners.MethodRoadie.run(MethodRoadie.java:50)
	at org.powermock.modules.junit4.internal.impl.PowerMockJUnit44RunnerDelegateImpl.invokeTestMethod(PowerMockJUnit44RunnerDelegateImpl.java:218)
	at org.powermock.modules.junit4.internal.impl.PowerMockJUnit44RunnerDelegateImpl.runMethods(PowerMockJUnit44RunnerDelegateImpl.java:160)
	at org.powermock.modules.junit4.internal.impl.PowerMockJUnit44RunnerDelegateImpl$1.run(PowerMockJUnit44RunnerDelegateImpl.java:134)
	at org.junit.internal.runners.ClassRoadie.runUnprotected(ClassRoadie.java:34)
	at org.junit.internal.runners.ClassRoadie.runProtected(ClassRoadie.java:44)
	at org.powermock.modules.junit4.internal.impl.PowerMockJUnit44RunnerDelegateImpl.run(PowerMockJUnit44RunnerDelegateImpl.java:136)
	at org.powermock.modules.junit4.common.internal.impl.JUnit4TestSuiteChunkerImpl.run(JUnit4TestSuiteChunkerImpl.java:117)
	at org.powermock.modules.junit4.common.internal.impl.AbstractCommonPowerMockRunner.run(AbstractCommonPowerMockRunner.java:57)
	at org.powermock.modules.junit4.PowerMockRunner.run(PowerMockRunner.java:59)
	at org.apache.maven.surefire.junit4.JUnit4Provider.execute(JUnit4Provider.java:264)
	at org.apache.maven.surefire.junit4.JUnit4Provider.executeTestSet(JUnit4Provider.java:153)
	at org.apache.maven.surefire.junit4.JUnit4Provider.invoke(JUnit4Provider.java:124)
	at java.base/jdk.internal.reflect.NativeMethodAccessorImpl.invoke0(Native Method)
	at java.base/jdk.internal.reflect.NativeMethodAccessorImpl.invoke(NativeMethodAccessorImpl.java:62)
	at java.base/jdk.internal.reflect.DelegatingMethodAccessorImpl.invoke(DelegatingMethodAccessorImpl.java:43)
	at java.base/java.lang.reflect.Method.invoke(Method.java:566)
	at org.apache.maven.surefire.util.ReflectionUtils.invokeMethodWithArray2(ReflectionUtils.java:208)
	at org.apache.maven.surefire.booter.ProviderFactory$ProviderProxy.invoke(ProviderFactory.java:159)
	at org.apache.maven.surefire.booter.ProviderFactory.invokeProvider(ProviderFactory.java:87)
	at org.apache.maven.surefire.booter.ForkedBooter.runSuitesInProcess(ForkedBooter.java:153)
	at org.apache.maven.surefire.booter.ForkedBooter.main(ForkedBooter.java:95)
Tests run: 3, Failures: 0, Errors: 3, Skipped: 0, Time elapsed: 5.123 sec <<< FAILURE!
commitJobTestInsert10000BQInvocations(io.cdap.plugin.gcp.bigquery.sink.BigQueryOutputFormatTest)  Time elapsed: 3.53 sec  <<< ERROR!
java.lang.NoClassDefFoundError: Could not initialize class javax.xml.parsers.FactoryFinder
	at javax.xml.parsers.DocumentBuilderFactory.newInstance(DocumentBuilderFactory.java:140)
	at org.apache.hadoop.conf.Configuration.loadResource(Configuration.java:2518)
	at org.apache.hadoop.conf.Configuration.loadResources(Configuration.java:2494)
	at org.apache.hadoop.conf.Configuration.getProps(Configuration.java:2407)
	at org.apache.hadoop.conf.Configuration.set(Configuration.java:1143)
	at org.apache.hadoop.conf.Configuration.set(Configuration.java:1115)
	at io.cdap.plugin.gcp.bigquery.sink.BigQueryOutputFormatTest.initMocks(BigQueryOutputFormatTest.java:71)
	at io.cdap.plugin.gcp.bigquery.sink.BigQueryOutputFormatTest.commitJobTestInsert10000BQInvocations(BigQueryOutputFormatTest.java:125)

commitJobTestUpdateBQInvocations(io.cdap.plugin.gcp.bigquery.sink.BigQueryOutputFormatTest)  Time elapsed: 0.866 sec  <<< ERROR!
java.lang.NoClassDefFoundError: Could not initialize class javax.xml.parsers.FactoryFinder
	at javax.xml.parsers.DocumentBuilderFactory.newInstance(DocumentBuilderFactory.java:140)
	at org.apache.hadoop.conf.Configuration.loadResource(Configuration.java:2518)
	at org.apache.hadoop.conf.Configuration.loadResources(Configuration.java:2494)
	at org.apache.hadoop.conf.Configuration.getProps(Configuration.java:2407)
	at org.apache.hadoop.conf.Configuration.set(Configuration.java:1143)
	at org.apache.hadoop.conf.Configuration.set(Configuration.java:1115)
	at io.cdap.plugin.gcp.bigquery.sink.BigQueryOutputFormatTest.initMocks(BigQueryOutputFormatTest.java:71)
	at io.cdap.plugin.gcp.bigquery.sink.BigQueryOutputFormatTest.commitJobTestUpdateBQInvocations(BigQueryOutputFormatTest.java:141)

commitJobTestInsertBQInvocations(io.cdap.plugin.gcp.bigquery.sink.BigQueryOutputFormatTest)  Time elapsed: 0.024 sec  <<< ERROR!
java.lang.NoClassDefFoundError: Could not initialize class javax.xml.parsers.FactoryFinder
	at javax.xml.parsers.DocumentBuilderFactory.newInstance(DocumentBuilderFactory.java:140)
	at org.apache.hadoop.conf.Configuration.loadResource(Configuration.java:2518)
	at org.apache.hadoop.conf.Configuration.loadResources(Configuration.java:2494)
	at org.apache.hadoop.conf.Configuration.getProps(Configuration.java:2407)
	at org.apache.hadoop.conf.Configuration.set(Configuration.java:1143)
	at org.apache.hadoop.conf.Configuration.set(Configuration.java:1115)
	at io.cdap.plugin.gcp.bigquery.sink.BigQueryOutputFormatTest.initMocks(BigQueryOutputFormatTest.java:71)
	at io.cdap.plugin.gcp.bigquery.sink.BigQueryOutputFormatTest.commitJobTestInsertBQInvocations(BigQueryOutputFormatTest.java:109)

Running io.cdap.plugin.gcp.bigquery.sink.BigQuerySinkTest
OpenJDK 64-Bit Server VM warning: Sharing is only supported for boot loader classes because bootstrap classpath has been appended
Tests run: 17, Failures: 0, Errors: 0, Skipped: 0, Time elapsed: 1.205 sec
Running io.cdap.plugin.gcp.bigquery.sink.DelegatingMultiSinkOutputCommitterTest
Tests run: 9, Failures: 0, Errors: 0, Skipped: 0, Time elapsed: 0.221 sec
Running io.cdap.plugin.gcp.bigquery.sink.BigQuerySinkCmekKeyTest
Tests run: 1, Failures: 0, Errors: 0, Skipped: 1, Time elapsed: 0.003 sec
Running io.cdap.plugin.gcp.bigquery.sink.BigQuerySinkUtilsTest
Tests run: 12, Failures: 0, Errors: 0, Skipped: 0, Time elapsed: 0.136 sec
Running io.cdap.plugin.gcp.bigquery.relational.BigQueryRelationTest
Tests run: 20, Failures: 0, Errors: 0, Skipped: 0, Time elapsed: 0.248 sec
Running io.cdap.plugin.gcp.bigquery.BigQueryRecordToJsonTest
Tests run: 4, Failures: 0, Errors: 0, Skipped: 0, Time elapsed: 0.014 sec
Running io.cdap.plugin.gcp.bigquery.util.BigQueryDataParserTest
OpenJDK 64-Bit Server VM warning: Sharing is only supported for boot loader classes because bootstrap classpath has been appended
Failed to instantiate [ch.qos.logback.classic.LoggerContext]
Reported exception:
java.lang.IllegalAccessError: class javax.xml.parsers.FactoryFinder (in unnamed module @0x8ce4320) cannot access class jdk.xml.internal.SecuritySupport (in module java.xml) because module java.xml does not export jdk.xml.internal to unnamed module @0x8ce4320
	at javax.xml.parsers.FactoryFinder.<clinit>(FactoryFinder.java:69)
	at javax.xml.parsers.SAXParserFactory.newInstance(SAXParserFactory.java:147)
	at ch.qos.logback.core.joran.event.SaxEventRecorder.buildSaxParser(SaxEventRecorder.java:79)
	at ch.qos.logback.core.joran.event.SaxEventRecorder.recordEvents(SaxEventRecorder.java:57)
	at ch.qos.logback.core.joran.GenericConfigurator.doConfigure(GenericConfigurator.java:142)
	at ch.qos.logback.core.joran.GenericConfigurator.doConfigure(GenericConfigurator.java:106)
	at ch.qos.logback.core.joran.GenericConfigurator.doConfigure(GenericConfigurator.java:56)
	at ch.qos.logback.classic.util.ContextInitializer.configureByResource(ContextInitializer.java:75)
	at ch.qos.logback.classic.util.ContextInitializer.autoConfig(ContextInitializer.java:148)
	at org.slf4j.impl.StaticLoggerBinder.init(StaticLoggerBinder.java:85)
	at org.slf4j.impl.StaticLoggerBinder.<clinit>(StaticLoggerBinder.java:55)
	at org.slf4j.LoggerFactory.bind(LoggerFactory.java:128)
	at org.slf4j.LoggerFactory.performInitialization(LoggerFactory.java:107)
	at org.slf4j.LoggerFactory.getILoggerFactory(LoggerFactory.java:295)
	at org.slf4j.LoggerFactory.getLogger(LoggerFactory.java:269)
	at org.slf4j.LoggerFactory.getLogger(LoggerFactory.java:281)
	at io.cdap.plugin.gcp.bigquery.util.BigQueryUtil.<clinit>(BigQueryUtil.java:70)
	at io.cdap.plugin.gcp.bigquery.util.BigQueryDataParser.parse(BigQueryDataParser.java:56)
	at io.cdap.plugin.gcp.bigquery.util.BigQueryDataParserTest.testParse(BigQueryDataParserTest.java:108)
	at java.base/jdk.internal.reflect.NativeMethodAccessorImpl.invoke0(Native Method)
	at java.base/jdk.internal.reflect.NativeMethodAccessorImpl.invoke(NativeMethodAccessorImpl.java:62)
	at java.base/jdk.internal.reflect.DelegatingMethodAccessorImpl.invoke(DelegatingMethodAccessorImpl.java:43)
	at java.base/java.lang.reflect.Method.invoke(Method.java:566)
	at org.junit.internal.runners.TestMethod.invoke(TestMethod.java:68)
	at org.powermock.modules.junit4.internal.impl.PowerMockJUnit44RunnerDelegateImpl$PowerMockJUnit44MethodRunner.runTestMethod(PowerMockJUnit44RunnerDelegateImpl.java:326)
	at org.junit.internal.runners.MethodRoadie$2.run(MethodRoadie.java:89)
	at org.junit.internal.runners.MethodRoadie.runBeforesThenTestThenAfters(MethodRoadie.java:97)
	at org.powermock.modules.junit4.internal.impl.PowerMockJUnit44RunnerDelegateImpl$PowerMockJUnit44MethodRunner.executeTest(PowerMockJUnit44RunnerDelegateImpl.java:310)
	at org.powermock.modules.junit4.internal.impl.PowerMockJUnit47RunnerDelegateImpl$PowerMockJUnit47MethodRunner.executeTestInSuper(PowerMockJUnit47RunnerDelegateImpl.java:131)
	at org.powermock.modules.junit4.internal.impl.PowerMockJUnit47RunnerDelegateImpl$PowerMockJUnit47MethodRunner.access$100(PowerMockJUnit47RunnerDelegateImpl.java:59)
	at org.powermock.modules.junit4.internal.impl.PowerMockJUnit47RunnerDelegateImpl$PowerMockJUnit47MethodRunner$TestExecutorStatement.evaluate(PowerMockJUnit47RunnerDelegateImpl.java:147)
	at org.powermock.modules.junit4.internal.impl.PowerMockJUnit47RunnerDelegateImpl$PowerMockJUnit47MethodRunner.evaluateStatement(PowerMockJUnit47RunnerDelegateImpl.java:107)
	at org.powermock.modules.junit4.internal.impl.PowerMockJUnit47RunnerDelegateImpl$PowerMockJUnit47MethodRunner.executeTest(PowerMockJUnit47RunnerDelegateImpl.java:82)
	at org.powermock.modules.junit4.internal.impl.PowerMockJUnit44RunnerDelegateImpl$PowerMockJUnit44MethodRunner.runBeforesThenTestThenAfters(PowerMockJUnit44RunnerDelegateImpl.java:298)
	at org.junit.internal.runners.MethodRoadie.runTest(MethodRoadie.java:87)
	at org.junit.internal.runners.MethodRoadie.run(MethodRoadie.java:50)
	at org.powermock.modules.junit4.internal.impl.PowerMockJUnit44RunnerDelegateImpl.invokeTestMethod(PowerMockJUnit44RunnerDelegateImpl.java:218)
	at org.powermock.modules.junit4.internal.impl.PowerMockJUnit44RunnerDelegateImpl.runMethods(PowerMockJUnit44RunnerDelegateImpl.java:160)
	at org.powermock.modules.junit4.internal.impl.PowerMockJUnit44RunnerDelegateImpl$1.run(PowerMockJUnit44RunnerDelegateImpl.java:134)
	at org.junit.internal.runners.ClassRoadie.runUnprotected(ClassRoadie.java:34)
	at org.junit.internal.runners.ClassRoadie.runProtected(ClassRoadie.java:44)
	at org.powermock.modules.junit4.internal.impl.PowerMockJUnit44RunnerDelegateImpl.run(PowerMockJUnit44RunnerDelegateImpl.java:136)
	at org.powermock.modules.junit4.common.internal.impl.JUnit4TestSuiteChunkerImpl.run(JUnit4TestSuiteChunkerImpl.java:117)
	at org.powermock.modules.junit4.common.internal.impl.AbstractCommonPowerMockRunner.run(AbstractCommonPowerMockRunner.java:57)
	at org.powermock.modules.junit4.PowerMockRunner.run(PowerMockRunner.java:59)
	at org.apache.maven.surefire.junit4.JUnit4Provider.execute(JUnit4Provider.java:264)
	at org.apache.maven.surefire.junit4.JUnit4Provider.executeTestSet(JUnit4Provider.java:153)
	at org.apache.maven.surefire.junit4.JUnit4Provider.invoke(JUnit4Provider.java:124)
	at java.base/jdk.internal.reflect.NativeMethodAccessorImpl.invoke0(Native Method)
	at java.base/jdk.internal.reflect.NativeMethodAccessorImpl.invoke(NativeMethodAccessorImpl.java:62)
	at java.base/jdk.internal.reflect.DelegatingMethodAccessorImpl.invoke(DelegatingMethodAccessorImpl.java:43)
	at java.base/java.lang.reflect.Method.invoke(Method.java:566)
	at org.apache.maven.surefire.util.ReflectionUtils.invokeMethodWithArray2(ReflectionUtils.java:208)
	at org.apache.maven.surefire.booter.ProviderFactory$ProviderProxy.invoke(ProviderFactory.java:159)
	at org.apache.maven.surefire.booter.ProviderFactory.invokeProvider(ProviderFactory.java:87)
	at org.apache.maven.surefire.booter.ForkedBooter.runSuitesInProcess(ForkedBooter.java:153)
	at org.apache.maven.surefire.booter.ForkedBooter.main(ForkedBooter.java:95)
Tests run: 1, Failures: 0, Errors: 0, Skipped: 0, Time elapsed: 1.509 sec
Running io.cdap.plugin.gcp.bigquery.util.BigQueryUtilTest
OpenJDK 64-Bit Server VM warning: Sharing is only supported for boot loader classes because bootstrap classpath has been appended
Failed to instantiate [ch.qos.logback.classic.LoggerContext]
Reported exception:
java.lang.IllegalAccessError: class javax.xml.parsers.FactoryFinder (in unnamed module @0x299c86f0) cannot access class jdk.xml.internal.SecuritySupport (in module java.xml) because module java.xml does not export jdk.xml.internal to unnamed module @0x299c86f0
	at javax.xml.parsers.FactoryFinder.<clinit>(FactoryFinder.java:69)
	at javax.xml.parsers.SAXParserFactory.newInstance(SAXParserFactory.java:147)
	at ch.qos.logback.core.joran.event.SaxEventRecorder.buildSaxParser(SaxEventRecorder.java:79)
	at ch.qos.logback.core.joran.event.SaxEventRecorder.recordEvents(SaxEventRecorder.java:57)
	at ch.qos.logback.core.joran.GenericConfigurator.doConfigure(GenericConfigurator.java:142)
	at ch.qos.logback.core.joran.GenericConfigurator.doConfigure(GenericConfigurator.java:106)
	at ch.qos.logback.core.joran.GenericConfigurator.doConfigure(GenericConfigurator.java:56)
	at ch.qos.logback.classic.util.ContextInitializer.configureByResource(ContextInitializer.java:75)
	at ch.qos.logback.classic.util.ContextInitializer.autoConfig(ContextInitializer.java:148)
	at org.slf4j.impl.StaticLoggerBinder.init(StaticLoggerBinder.java:85)
	at org.slf4j.impl.StaticLoggerBinder.<clinit>(StaticLoggerBinder.java:55)
	at org.slf4j.LoggerFactory.bind(LoggerFactory.java:128)
	at org.slf4j.LoggerFactory.performInitialization(LoggerFactory.java:107)
	at org.slf4j.LoggerFactory.getILoggerFactory(LoggerFactory.java:295)
	at org.slf4j.LoggerFactory.getLogger(LoggerFactory.java:269)
	at org.slf4j.LoggerFactory.getLogger(LoggerFactory.java:281)
	at io.cdap.plugin.gcp.bigquery.util.BigQueryUtil.<clinit>(BigQueryUtil.java:70)
	at io.cdap.plugin.gcp.bigquery.util.BigQueryUtilTest.testGetTableSchema(BigQueryUtilTest.java:69)
	at java.base/jdk.internal.reflect.NativeMethodAccessorImpl.invoke0(Native Method)
	at java.base/jdk.internal.reflect.NativeMethodAccessorImpl.invoke(NativeMethodAccessorImpl.java:62)
	at java.base/jdk.internal.reflect.DelegatingMethodAccessorImpl.invoke(DelegatingMethodAccessorImpl.java:43)
	at java.base/java.lang.reflect.Method.invoke(Method.java:566)
	at org.junit.internal.runners.TestMethod.invoke(TestMethod.java:68)
	at org.powermock.modules.junit4.internal.impl.PowerMockJUnit44RunnerDelegateImpl$PowerMockJUnit44MethodRunner.runTestMethod(PowerMockJUnit44RunnerDelegateImpl.java:326)
	at org.junit.internal.runners.MethodRoadie$2.run(MethodRoadie.java:89)
	at org.junit.internal.runners.MethodRoadie.runBeforesThenTestThenAfters(MethodRoadie.java:97)
	at org.powermock.modules.junit4.internal.impl.PowerMockJUnit44RunnerDelegateImpl$PowerMockJUnit44MethodRunner.executeTest(PowerMockJUnit44RunnerDelegateImpl.java:310)
	at org.powermock.modules.junit4.internal.impl.PowerMockJUnit47RunnerDelegateImpl$PowerMockJUnit47MethodRunner.executeTestInSuper(PowerMockJUnit47RunnerDelegateImpl.java:131)
	at org.powermock.modules.junit4.internal.impl.PowerMockJUnit47RunnerDelegateImpl$PowerMockJUnit47MethodRunner.access$100(PowerMockJUnit47RunnerDelegateImpl.java:59)
	at org.powermock.modules.junit4.internal.impl.PowerMockJUnit47RunnerDelegateImpl$PowerMockJUnit47MethodRunner$TestExecutorStatement.evaluate(PowerMockJUnit47RunnerDelegateImpl.java:147)
	at org.powermock.modules.junit4.internal.impl.PowerMockJUnit47RunnerDelegateImpl$PowerMockJUnit47MethodRunner.evaluateStatement(PowerMockJUnit47RunnerDelegateImpl.java:107)
	at org.powermock.modules.junit4.internal.impl.PowerMockJUnit47RunnerDelegateImpl$PowerMockJUnit47MethodRunner.executeTest(PowerMockJUnit47RunnerDelegateImpl.java:82)
	at org.powermock.modules.junit4.internal.impl.PowerMockJUnit44RunnerDelegateImpl$PowerMockJUnit44MethodRunner.runBeforesThenTestThenAfters(PowerMockJUnit44RunnerDelegateImpl.java:298)
	at org.junit.internal.runners.MethodRoadie.runTest(MethodRoadie.java:87)
	at org.junit.internal.runners.MethodRoadie.run(MethodRoadie.java:50)
	at org.powermock.modules.junit4.internal.impl.PowerMockJUnit44RunnerDelegateImpl.invokeTestMethod(PowerMockJUnit44RunnerDelegateImpl.java:218)
	at org.powermock.modules.junit4.internal.impl.PowerMockJUnit44RunnerDelegateImpl.runMethods(PowerMockJUnit44RunnerDelegateImpl.java:160)
	at org.powermock.modules.junit4.internal.impl.PowerMockJUnit44RunnerDelegateImpl$1.run(PowerMockJUnit44RunnerDelegateImpl.java:134)
	at org.junit.internal.runners.ClassRoadie.runUnprotected(ClassRoadie.java:34)
	at org.junit.internal.runners.ClassRoadie.runProtected(ClassRoadie.java:44)
	at org.powermock.modules.junit4.internal.impl.PowerMockJUnit44RunnerDelegateImpl.run(PowerMockJUnit44RunnerDelegateImpl.java:136)
	at org.powermock.modules.junit4.common.internal.impl.JUnit4TestSuiteChunkerImpl.run(JUnit4TestSuiteChunkerImpl.java:117)
	at org.powermock.modules.junit4.common.internal.impl.AbstractCommonPowerMockRunner.run(AbstractCommonPowerMockRunner.java:57)
	at org.powermock.modules.junit4.PowerMockRunner.run(PowerMockRunner.java:59)
	at org.apache.maven.surefire.junit4.JUnit4Provider.execute(JUnit4Provider.java:264)
	at org.apache.maven.surefire.junit4.JUnit4Provider.executeTestSet(JUnit4Provider.java:153)
	at org.apache.maven.surefire.junit4.JUnit4Provider.invoke(JUnit4Provider.java:124)
	at java.base/jdk.internal.reflect.NativeMethodAccessorImpl.invoke0(Native Method)
	at java.base/jdk.internal.reflect.NativeMethodAccessorImpl.invoke(NativeMethodAccessorImpl.java:62)
	at java.base/jdk.internal.reflect.DelegatingMethodAccessorImpl.invoke(DelegatingMethodAccessorImpl.java:43)
	at java.base/java.lang.reflect.Method.invoke(Method.java:566)
	at org.apache.maven.surefire.util.ReflectionUtils.invokeMethodWithArray2(ReflectionUtils.java:208)
	at org.apache.maven.surefire.booter.ProviderFactory$ProviderProxy.invoke(ProviderFactory.java:159)
	at org.apache.maven.surefire.booter.ProviderFactory.invokeProvider(ProviderFactory.java:87)
	at org.apache.maven.surefire.booter.ForkedBooter.runSuitesInProcess(ForkedBooter.java:153)
	at org.apache.maven.surefire.booter.ForkedBooter.main(ForkedBooter.java:95)
Tests run: 2, Failures: 0, Errors: 0, Skipped: 0, Time elapsed: 1.497 sec
Running io.cdap.plugin.gcp.bigquery.sqlengine.util.BigQuerySchemaValidationTest
Tests run: 1, Failures: 0, Errors: 0, Skipped: 0, Time elapsed: 0.001 sec
Running io.cdap.plugin.gcp.bigquery.sqlengine.util.BigQuerySQLEngineUtilsTest
Tests run: 1, Failures: 0, Errors: 0, Skipped: 0, Time elapsed: 0 sec
Running io.cdap.plugin.gcp.bigquery.sqlengine.BigQuerySQLEngineTest
OpenJDK 64-Bit Server VM warning: Sharing is only supported for boot loader classes because bootstrap classpath has been appended
Tests run: 6, Failures: 0, Errors: 0, Skipped: 0, Time elapsed: 1.846 sec
Running io.cdap.plugin.gcp.bigquery.sqlengine.builder.BigQueryNestedSelectSQLBuilderTest
Tests run: 3, Failures: 0, Errors: 0, Skipped: 0, Time elapsed: 0.002 sec
Running io.cdap.plugin.gcp.bigquery.sqlengine.builder.BigQuerySelectSQLBuilderTest
Tests run: 3, Failures: 0, Errors: 0, Skipped: 0, Time elapsed: 0.002 sec
Running io.cdap.plugin.gcp.bigquery.sqlengine.builder.BigQueryGroupBySQLBuilderTest
Tests run: 3, Failures: 0, Errors: 0, Skipped: 0, Time elapsed: 0.002 sec
Running io.cdap.plugin.gcp.bigquery.sqlengine.builder.BigQueryJoinSQLBuilderTest
Tests run: 21, Failures: 0, Errors: 0, Skipped: 0, Time elapsed: 0.213 sec
Running io.cdap.plugin.gcp.bigquery.sqlengine.builder.BigQueryDeduplicateSQLBuilderTest
Tests run: 8, Failures: 0, Errors: 0, Skipped: 0, Time elapsed: 0.006 sec
Running io.cdap.plugin.gcp.bigquery.sqlengine.transform.SQLEngineAvroToStructuredTransformerTest
Tests run: 4, Failures: 0, Errors: 0, Skipped: 0, Time elapsed: 0.002 sec
Running io.cdap.plugin.gcp.bigquery.sqlengine.BigQuerySQLEngineConfigTest
Tests run: 1, Failures: 0, Errors: 0, Skipped: 0, Time elapsed: 0.001 sec
Running io.cdap.plugin.gcp.bigquery.sqlengine.BigQuerySQLEngineCmekKeyTest
Tests run: 1, Failures: 0, Errors: 0, Skipped: 1, Time elapsed: 0 sec
Running io.cdap.plugin.gcp.bigquery.connector.BigQueryConnectorTest
Tests run: 1, Failures: 0, Errors: 0, Skipped: 1, Time elapsed: 0.101 sec
Running io.cdap.plugin.gcp.bigquery.connector.BigQueryPathTest
Tests run: 2, Failures: 0, Errors: 0, Skipped: 0, Time elapsed: 0.006 sec
Running io.cdap.plugin.gcp.bigquery.source.BigQuerySourceConfigTest
Tests run: 2, Failures: 0, Errors: 0, Skipped: 0, Time elapsed: 0.002 sec
Running io.cdap.plugin.gcp.bigquery.source.BigQuerySourceUtilsTest
Tests run: 1, Failures: 0, Errors: 0, Skipped: 0, Time elapsed: 0.324 sec
Running io.cdap.plugin.gcp.bigquery.source.PartitionedBigQueryInputFormatTest
OpenJDK 64-Bit Server VM warning: Sharing is only supported for boot loader classes because bootstrap classpath has been appended
Failed to instantiate [ch.qos.logback.classic.LoggerContext]
Reported exception:
java.lang.IllegalAccessError: class javax.xml.parsers.FactoryFinder (in unnamed module @0x54ce2da8) cannot access class jdk.xml.internal.SecuritySupport (in module java.xml) because module java.xml does not export jdk.xml.internal to unnamed module @0x54ce2da8
	at javax.xml.parsers.FactoryFinder.<clinit>(FactoryFinder.java:69)
	at javax.xml.parsers.SAXParserFactory.newInstance(SAXParserFactory.java:147)
	at ch.qos.logback.core.joran.event.SaxEventRecorder.buildSaxParser(SaxEventRecorder.java:79)
	at ch.qos.logback.core.joran.event.SaxEventRecorder.recordEvents(SaxEventRecorder.java:57)
	at ch.qos.logback.core.joran.GenericConfigurator.doConfigure(GenericConfigurator.java:142)
	at ch.qos.logback.core.joran.GenericConfigurator.doConfigure(GenericConfigurator.java:106)
	at ch.qos.logback.core.joran.GenericConfigurator.doConfigure(GenericConfigurator.java:56)
	at ch.qos.logback.classic.util.ContextInitializer.configureByResource(ContextInitializer.java:75)
	at ch.qos.logback.classic.util.ContextInitializer.autoConfig(ContextInitializer.java:148)
	at org.slf4j.impl.StaticLoggerBinder.init(StaticLoggerBinder.java:85)
	at org.slf4j.impl.StaticLoggerBinder.<clinit>(StaticLoggerBinder.java:55)
	at org.slf4j.LoggerFactory.bind(LoggerFactory.java:128)
	at org.slf4j.LoggerFactory.performInitialization(LoggerFactory.java:107)
	at org.slf4j.LoggerFactory.getILoggerFactory(LoggerFactory.java:295)
	at org.slf4j.LoggerFactory.getLogger(LoggerFactory.java:269)
	at org.slf4j.LoggerFactory.getLogger(LoggerFactory.java:281)
	at io.cdap.plugin.gcp.bigquery.util.BigQueryUtil.<clinit>(BigQueryUtil.java:70)
	at jdk.internal.reflect.GeneratedSerializationConstructorAccessor42.newInstance(Unknown Source)
	at java.base/java.lang.reflect.Constructor.newInstance(Constructor.java:490)
	at org.objenesis.instantiator.sun.SunReflectionFactoryInstantiator.newInstance(SunReflectionFactoryInstantiator.java:48)
	at org.objenesis.ObjenesisBase.newInstance(ObjenesisBase.java:73)
	at org.mockito.internal.creation.instance.ObjenesisInstantiator.newInstance(ObjenesisInstantiator.java:19)
	at org.mockito.internal.creation.bytebuddy.InlineByteBuddyMockMaker.createMock(InlineByteBuddyMockMaker.java:185)
	at org.mockito.internal.util.MockUtil.createMock(MockUtil.java:35)
	at org.mockito.internal.MockitoCore.mock(MockitoCore.java:69)
	at org.mockito.Mockito.mock(Mockito.java:1895)
	at org.powermock.api.mockito.internal.mockcreation.DefaultMockCreator.createMethodInvocationControl(DefaultMockCreator.java:108)
	at org.powermock.api.mockito.internal.mockcreation.DefaultMockCreator.doCreateMock(DefaultMockCreator.java:61)
	at org.powermock.api.mockito.internal.mockcreation.DefaultMockCreator.createMock(DefaultMockCreator.java:53)
	at org.powermock.api.mockito.internal.mockcreation.DefaultMockCreator.mock(DefaultMockCreator.java:40)
	at org.powermock.api.mockito.PowerMockito.mockStatic(PowerMockito.java:62)
	at io.cdap.plugin.gcp.bigquery.source.PartitionedBigQueryInputFormatTest.testGenerateQuery(PartitionedBigQueryInputFormatTest.java:64)
	at java.base/jdk.internal.reflect.NativeMethodAccessorImpl.invoke0(Native Method)
	at java.base/jdk.internal.reflect.NativeMethodAccessorImpl.invoke(NativeMethodAccessorImpl.java:62)
	at java.base/jdk.internal.reflect.DelegatingMethodAccessorImpl.invoke(DelegatingMethodAccessorImpl.java:43)
	at java.base/java.lang.reflect.Method.invoke(Method.java:566)
	at org.junit.internal.runners.TestMethod.invoke(TestMethod.java:68)
	at org.powermock.modules.junit4.internal.impl.PowerMockJUnit44RunnerDelegateImpl$PowerMockJUnit44MethodRunner.runTestMethod(PowerMockJUnit44RunnerDelegateImpl.java:326)
	at org.junit.internal.runners.MethodRoadie$2.run(MethodRoadie.java:89)
	at org.junit.internal.runners.MethodRoadie.runBeforesThenTestThenAfters(MethodRoadie.java:97)
	at org.powermock.modules.junit4.internal.impl.PowerMockJUnit44RunnerDelegateImpl$PowerMockJUnit44MethodRunner.executeTest(PowerMockJUnit44RunnerDelegateImpl.java:310)
	at org.powermock.modules.junit4.internal.impl.PowerMockJUnit47RunnerDelegateImpl$PowerMockJUnit47MethodRunner.executeTestInSuper(PowerMockJUnit47RunnerDelegateImpl.java:131)
	at org.powermock.modules.junit4.internal.impl.PowerMockJUnit47RunnerDelegateImpl$PowerMockJUnit47MethodRunner.access$100(PowerMockJUnit47RunnerDelegateImpl.java:59)
	at org.powermock.modules.junit4.internal.impl.PowerMockJUnit47RunnerDelegateImpl$PowerMockJUnit47MethodRunner$TestExecutorStatement.evaluate(PowerMockJUnit47RunnerDelegateImpl.java:147)
	at org.powermock.modules.junit4.internal.impl.PowerMockJUnit47RunnerDelegateImpl$PowerMockJUnit47MethodRunner.evaluateStatement(PowerMockJUnit47RunnerDelegateImpl.java:107)
	at org.powermock.modules.junit4.internal.impl.PowerMockJUnit47RunnerDelegateImpl$PowerMockJUnit47MethodRunner.executeTest(PowerMockJUnit47RunnerDelegateImpl.java:82)
	at org.powermock.modules.junit4.internal.impl.PowerMockJUnit44RunnerDelegateImpl$PowerMockJUnit44MethodRunner.runBeforesThenTestThenAfters(PowerMockJUnit44RunnerDelegateImpl.java:298)
	at org.junit.internal.runners.MethodRoadie.runTest(MethodRoadie.java:87)
	at org.junit.internal.runners.MethodRoadie.run(MethodRoadie.java:50)
	at org.powermock.modules.junit4.internal.impl.PowerMockJUnit44RunnerDelegateImpl.invokeTestMethod(PowerMockJUnit44RunnerDelegateImpl.java:218)
	at org.powermock.modules.junit4.internal.impl.PowerMockJUnit44RunnerDelegateImpl.runMethods(PowerMockJUnit44RunnerDelegateImpl.java:160)
	at org.powermock.modules.junit4.internal.impl.PowerMockJUnit44RunnerDelegateImpl$1.run(PowerMockJUnit44RunnerDelegateImpl.java:134)
	at org.junit.internal.runners.ClassRoadie.runUnprotected(ClassRoadie.java:34)
	at org.junit.internal.runners.ClassRoadie.runProtected(ClassRoadie.java:44)
	at org.powermock.modules.junit4.internal.impl.PowerMockJUnit44RunnerDelegateImpl.run(PowerMockJUnit44RunnerDelegateImpl.java:136)
	at org.powermock.modules.junit4.common.internal.impl.JUnit4TestSuiteChunkerImpl.run(JUnit4TestSuiteChunkerImpl.java:117)
	at org.powermock.modules.junit4.common.internal.impl.AbstractCommonPowerMockRunner.run(AbstractCommonPowerMockRunner.java:57)
	at org.powermock.modules.junit4.PowerMockRunner.run(PowerMockRunner.java:59)
	at org.apache.maven.surefire.junit4.JUnit4Provider.execute(JUnit4Provider.java:264)
	at org.apache.maven.surefire.junit4.JUnit4Provider.executeTestSet(JUnit4Provider.java:153)
	at org.apache.maven.surefire.junit4.JUnit4Provider.invoke(JUnit4Provider.java:124)
	at java.base/jdk.internal.reflect.NativeMethodAccessorImpl.invoke0(Native Method)
	at java.base/jdk.internal.reflect.NativeMethodAccessorImpl.invoke(NativeMethodAccessorImpl.java:62)
	at java.base/jdk.internal.reflect.DelegatingMethodAccessorImpl.invoke(DelegatingMethodAccessorImpl.java:43)
	at java.base/java.lang.reflect.Method.invoke(Method.java:566)
	at org.apache.maven.surefire.util.ReflectionUtils.invokeMethodWithArray2(ReflectionUtils.java:208)
	at org.apache.maven.surefire.booter.ProviderFactory$ProviderProxy.invoke(ProviderFactory.java:159)
	at org.apache.maven.surefire.booter.ProviderFactory.invokeProvider(ProviderFactory.java:87)
	at org.apache.maven.surefire.booter.ForkedBooter.runSuitesInProcess(ForkedBooter.java:153)
	at org.apache.maven.surefire.booter.ForkedBooter.main(ForkedBooter.java:95)
Tests run: 2, Failures: 0, Errors: 0, Skipped: 0, Time elapsed: 2.034 sec
Running io.cdap.plugin.gcp.bigquery.source.BigQuerySourceCmekKeyTest
Tests run: 1, Failures: 0, Errors: 0, Skipped: 1, Time elapsed: 0.001 sec
Running io.cdap.plugin.gcp.bigquery.action.BigQueryExecuteCmekKeyTest
Tests run: 1, Failures: 0, Errors: 0, Skipped: 1, Time elapsed: 0 sec
Running io.cdap.plugin.gcp.bigquery.action.BigQueryExecuteConfigTest
2023-01-24 17:49:45,867 - WARN  [main:o.m.l.Slf4jLog@76] - size : 1
Tests run: 3, Failures: 0, Errors: 0, Skipped: 0, Time elapsed: 0.012 sec
Running io.cdap.plugin.gcp.bigquery.action.BigQueryArgumentSetterConfigTest
Tests run: 2, Failures: 0, Errors: 0, Skipped: 0, Time elapsed: 0.001 sec
Running io.cdap.plugin.gcp.dataplex.sink.config.DataplexBatchSinkConfigTest
OpenJDK 64-Bit Server VM warning: Sharing is only supported for boot loader classes because bootstrap classpath has been appended
Failed to instantiate [ch.qos.logback.classic.LoggerContext]
Reported exception:
java.lang.IllegalAccessError: class javax.xml.parsers.FactoryFinder (in unnamed module @0x515f104c) cannot access class jdk.xml.internal.SecuritySupport (in module java.xml) because module java.xml does not export jdk.xml.internal to unnamed module @0x515f104c
	at javax.xml.parsers.FactoryFinder.<clinit>(FactoryFinder.java:69)
	at javax.xml.parsers.SAXParserFactory.newInstance(SAXParserFactory.java:147)
	at ch.qos.logback.core.joran.event.SaxEventRecorder.buildSaxParser(SaxEventRecorder.java:79)
	at ch.qos.logback.core.joran.event.SaxEventRecorder.recordEvents(SaxEventRecorder.java:57)
	at ch.qos.logback.core.joran.GenericConfigurator.doConfigure(GenericConfigurator.java:142)
	at ch.qos.logback.core.joran.GenericConfigurator.doConfigure(GenericConfigurator.java:106)
	at ch.qos.logback.core.joran.GenericConfigurator.doConfigure(GenericConfigurator.java:56)
	at ch.qos.logback.classic.util.ContextInitializer.configureByResource(ContextInitializer.java:75)
	at ch.qos.logback.classic.util.ContextInitializer.autoConfig(ContextInitializer.java:148)
	at org.slf4j.impl.StaticLoggerBinder.init(StaticLoggerBinder.java:85)
	at org.slf4j.impl.StaticLoggerBinder.<clinit>(StaticLoggerBinder.java:55)
	at org.slf4j.LoggerFactory.bind(LoggerFactory.java:128)
	at org.slf4j.LoggerFactory.performInitialization(LoggerFactory.java:107)
	at org.slf4j.LoggerFactory.getILoggerFactory(LoggerFactory.java:295)
	at org.slf4j.LoggerFactory.getLogger(LoggerFactory.java:269)
	at org.slf4j.LoggerFactory.getLogger(LoggerFactory.java:281)
	at io.cdap.plugin.gcp.dataplex.common.config.DataplexBaseConfig.<clinit>(DataplexBaseConfig.java:47)
	at io.cdap.plugin.gcp.dataplex.sink.config.DataplexBatchSinkConfigTest.getBuilder(DataplexBatchSinkConfigTest.java:57)
	at io.cdap.plugin.gcp.dataplex.sink.config.DataplexBatchSinkConfigTest.validateBigQueryDatasetTest(DataplexBatchSinkConfigTest.java:63)
	at java.base/jdk.internal.reflect.NativeMethodAccessorImpl.invoke0(Native Method)
	at java.base/jdk.internal.reflect.NativeMethodAccessorImpl.invoke(NativeMethodAccessorImpl.java:62)
	at java.base/jdk.internal.reflect.DelegatingMethodAccessorImpl.invoke(DelegatingMethodAccessorImpl.java:43)
	at java.base/java.lang.reflect.Method.invoke(Method.java:566)
	at org.junit.internal.runners.TestMethod.invoke(TestMethod.java:68)
	at org.powermock.modules.junit4.internal.impl.PowerMockJUnit44RunnerDelegateImpl$PowerMockJUnit44MethodRunner.runTestMethod(PowerMockJUnit44RunnerDelegateImpl.java:326)
	at org.junit.internal.runners.MethodRoadie$2.run(MethodRoadie.java:89)
	at org.junit.internal.runners.MethodRoadie.runBeforesThenTestThenAfters(MethodRoadie.java:97)
	at org.powermock.modules.junit4.internal.impl.PowerMockJUnit44RunnerDelegateImpl$PowerMockJUnit44MethodRunner.executeTest(PowerMockJUnit44RunnerDelegateImpl.java:310)
	at org.powermock.modules.junit4.internal.impl.PowerMockJUnit47RunnerDelegateImpl$PowerMockJUnit47MethodRunner.executeTestInSuper(PowerMockJUnit47RunnerDelegateImpl.java:131)
	at org.powermock.modules.junit4.internal.impl.PowerMockJUnit47RunnerDelegateImpl$PowerMockJUnit47MethodRunner.access$100(PowerMockJUnit47RunnerDelegateImpl.java:59)
	at org.powermock.modules.junit4.internal.impl.PowerMockJUnit47RunnerDelegateImpl$PowerMockJUnit47MethodRunner$TestExecutorStatement.evaluate(PowerMockJUnit47RunnerDelegateImpl.java:147)
	at org.powermock.modules.junit4.internal.impl.PowerMockJUnit47RunnerDelegateImpl$PowerMockJUnit47MethodRunner.evaluateStatement(PowerMockJUnit47RunnerDelegateImpl.java:107)
	at org.powermock.modules.junit4.internal.impl.PowerMockJUnit47RunnerDelegateImpl$PowerMockJUnit47MethodRunner.executeTest(PowerMockJUnit47RunnerDelegateImpl.java:82)
	at org.powermock.modules.junit4.internal.impl.PowerMockJUnit44RunnerDelegateImpl$PowerMockJUnit44MethodRunner.runBeforesThenTestThenAfters(PowerMockJUnit44RunnerDelegateImpl.java:298)
	at org.junit.internal.runners.MethodRoadie.runTest(MethodRoadie.java:87)
	at org.junit.internal.runners.MethodRoadie.run(MethodRoadie.java:50)
	at org.powermock.modules.junit4.internal.impl.PowerMockJUnit44RunnerDelegateImpl.invokeTestMethod(PowerMockJUnit44RunnerDelegateImpl.java:218)
	at org.powermock.modules.junit4.internal.impl.PowerMockJUnit44RunnerDelegateImpl.runMethods(PowerMockJUnit44RunnerDelegateImpl.java:160)
	at org.powermock.modules.junit4.internal.impl.PowerMockJUnit44RunnerDelegateImpl$1.run(PowerMockJUnit44RunnerDelegateImpl.java:134)
	at org.junit.internal.runners.ClassRoadie.runUnprotected(ClassRoadie.java:34)
	at org.junit.internal.runners.ClassRoadie.runProtected(ClassRoadie.java:44)
	at org.powermock.modules.junit4.internal.impl.PowerMockJUnit44RunnerDelegateImpl.run(PowerMockJUnit44RunnerDelegateImpl.java:136)
	at org.powermock.modules.junit4.common.internal.impl.JUnit4TestSuiteChunkerImpl.run(JUnit4TestSuiteChunkerImpl.java:117)
	at org.powermock.modules.junit4.common.internal.impl.AbstractCommonPowerMockRunner.run(AbstractCommonPowerMockRunner.java:57)
	at org.powermock.modules.junit4.PowerMockRunner.run(PowerMockRunner.java:59)
	at org.apache.maven.surefire.junit4.JUnit4Provider.execute(JUnit4Provider.java:264)
	at org.apache.maven.surefire.junit4.JUnit4Provider.executeTestSet(JUnit4Provider.java:153)
	at org.apache.maven.surefire.junit4.JUnit4Provider.invoke(JUnit4Provider.java:124)
	at java.base/jdk.internal.reflect.NativeMethodAccessorImpl.invoke0(Native Method)
	at java.base/jdk.internal.reflect.NativeMethodAccessorImpl.invoke(NativeMethodAccessorImpl.java:62)
	at java.base/jdk.internal.reflect.DelegatingMethodAccessorImpl.invoke(DelegatingMethodAccessorImpl.java:43)
	at java.base/java.lang.reflect.Method.invoke(Method.java:566)
	at org.apache.maven.surefire.util.ReflectionUtils.invokeMethodWithArray2(ReflectionUtils.java:208)
	at org.apache.maven.surefire.booter.ProviderFactory$ProviderProxy.invoke(ProviderFactory.java:159)
	at org.apache.maven.surefire.booter.ProviderFactory.invokeProvider(ProviderFactory.java:87)
	at org.apache.maven.surefire.booter.ForkedBooter.runSuitesInProcess(ForkedBooter.java:153)
	at org.apache.maven.surefire.booter.ForkedBooter.main(ForkedBooter.java:95)
Tests run: 35, Failures: 0, Errors: 0, Skipped: 0, Time elapsed: 6.343 sec
Running io.cdap.plugin.gcp.dataplex.sink.DataPlexOutputFormatProviderTest
Tests run: 2, Failures: 0, Errors: 0, Skipped: 0, Time elapsed: 0.586 sec
Running io.cdap.plugin.gcp.dataplex.source.config.DataplexBatchSourceConfigTest
Tests run: 9, Failures: 0, Errors: 0, Skipped: 0, Time elapsed: 0.707 sec
Running io.cdap.plugin.gcp.dataplex.source.DataplexBatchSourceTest
Tests run: 5, Failures: 0, Errors: 0, Skipped: 0, Time elapsed: 0.53 sec
Running io.cdap.plugin.gcp.common.CmekUtilsTest
Tests run: 1, Failures: 0, Errors: 0, Skipped: 0, Time elapsed: 0.005 sec
Running io.cdap.plugin.gcp.common.GCPConfigTest
Tests run: 3, Failures: 0, Errors: 0, Skipped: 0, Time elapsed: 0 sec
Running io.cdap.plugin.gcp.datastore.sink.DatastoreSinkConfigTest
Tests run: 30, Failures: 0, Errors: 0, Skipped: 0, Time elapsed: 0.199 sec
Running io.cdap.plugin.gcp.datastore.sink.RecordToEntityTransformerTest
Tests run: 16, Failures: 0, Errors: 0, Skipped: 0, Time elapsed: 0.073 sec
Running io.cdap.plugin.gcp.datastore.util.ParseKeyLiteralPositiveTest
Tests run: 7, Failures: 0, Errors: 0, Skipped: 0, Time elapsed: 0.012 sec
Running io.cdap.plugin.gcp.datastore.util.ParseKeyLiteralExceptionTest
Tests run: 7, Failures: 0, Errors: 0, Skipped: 0, Time elapsed: 0.002 sec
Running io.cdap.plugin.gcp.datastore.source.DatastoreSourceTest
Tests run: 6, Failures: 0, Errors: 0, Skipped: 0, Time elapsed: 0.01 sec
Running io.cdap.plugin.gcp.datastore.source.DatastoreSourceConfigTest
Tests run: 40, Failures: 0, Errors: 0, Skipped: 0, Time elapsed: 0.251 sec
Running io.cdap.plugin.gcp.datastore.source.EntityToRecordTransformerTest
Tests run: 14, Failures: 0, Errors: 0, Skipped: 0, Time elapsed: 0.015 sec
Running io.cdap.plugin.gcp.spanner.SpannerUtilTest
Tests run: 1, Failures: 0, Errors: 0, Skipped: 0, Time elapsed: 0.006 sec
Running io.cdap.plugin.gcp.spanner.sink.SpannerSinkConfigTest
Tests run: 4, Failures: 0, Errors: 0, Skipped: 0, Time elapsed: 0.006 sec
Running io.cdap.plugin.gcp.spanner.sink.RecordToMutationTransformerTest
Tests run: 5, Failures: 1, Errors: 0, Skipped: 0, Time elapsed: 0.025 sec <<< FAILURE!
testConvertToValueAllTypes(io.cdap.plugin.gcp.spanner.sink.RecordToMutationTransformerTest)  Time elapsed: 0.007 sec  <<< FAILURE!
java.lang.AssertionError: expected:<2023-01-24T17:49:54.641392000Z> but was:<2023-01-24T17:49:54.641000000Z>
	at org.junit.Assert.fail(Assert.java:89)
	at org.junit.Assert.failNotEquals(Assert.java:835)
	at org.junit.Assert.assertEquals(Assert.java:120)
	at org.junit.Assert.assertEquals(Assert.java:146)
	at io.cdap.plugin.gcp.spanner.sink.RecordToMutationTransformerTest.testConvertToValueAllTypes(RecordToMutationTransformerTest.java:152)

Running io.cdap.plugin.gcp.spanner.connector.SpannerConnectorTest
Tests run: 1, Failures: 0, Errors: 0, Skipped: 1, Time elapsed: 0.002 sec
Running io.cdap.plugin.gcp.spanner.source.ResultSetToRecordTransformerTest
Tests run: 2, Failures: 0, Errors: 0, Skipped: 0, Time elapsed: 0.21 sec
Running io.cdap.plugin.gcp.publisher.source.PubSubReceiverSubscriptionTest
OpenJDK 64-Bit Server VM warning: Sharing is only supported for boot loader classes because bootstrap classpath has been appended
Failed to instantiate [ch.qos.logback.classic.LoggerContext]
Reported exception:
java.lang.IllegalAccessError: class javax.xml.parsers.FactoryFinder (in unnamed module @0x2d814b25) cannot access class jdk.xml.internal.SecuritySupport (in module java.xml) because module java.xml does not export jdk.xml.internal to unnamed module @0x2d814b25
	at javax.xml.parsers.FactoryFinder.<clinit>(FactoryFinder.java:69)
	at javax.xml.parsers.SAXParserFactory.newInstance(SAXParserFactory.java:147)
	at ch.qos.logback.core.joran.event.SaxEventRecorder.buildSaxParser(SaxEventRecorder.java:79)
	at ch.qos.logback.core.joran.event.SaxEventRecorder.recordEvents(SaxEventRecorder.java:57)
	at ch.qos.logback.core.joran.GenericConfigurator.doConfigure(GenericConfigurator.java:142)
	at ch.qos.logback.core.joran.GenericConfigurator.doConfigure(GenericConfigurator.java:106)
	at ch.qos.logback.core.joran.GenericConfigurator.doConfigure(GenericConfigurator.java:56)
	at ch.qos.logback.classic.util.ContextInitializer.configureByResource(ContextInitializer.java:75)
	at ch.qos.logback.classic.util.ContextInitializer.autoConfig(ContextInitializer.java:148)
	at org.slf4j.impl.StaticLoggerBinder.init(StaticLoggerBinder.java:85)
	at org.slf4j.impl.StaticLoggerBinder.<clinit>(StaticLoggerBinder.java:55)
	at org.slf4j.LoggerFactory.bind(LoggerFactory.java:128)
	at org.slf4j.LoggerFactory.performInitialization(LoggerFactory.java:107)
	at org.slf4j.LoggerFactory.getILoggerFactory(LoggerFactory.java:295)
	at org.slf4j.LoggerFactory.getLogger(LoggerFactory.java:269)
	at org.slf4j.LoggerFactory.getLogger(LoggerFactory.java:281)
	at io.cdap.plugin.gcp.publisher.source.PubSubReceiver.<clinit>(PubSubReceiver.java:62)
	at java.base/java.lang.Class.forName0(Native Method)
	at java.base/java.lang.Class.forName(Class.java:315)
	at javassist.runtime.Desc.getClassObject(Desc.java:42)
	at javassist.runtime.Desc.getClassType(Desc.java:151)
	at javassist.runtime.Desc.getType(Desc.java:121)
	at javassist.runtime.Desc.getType(Desc.java:77)
	at io.cdap.plugin.gcp.publisher.source.PubSubReceiverSubscriptionTest.setUp(PubSubReceiverSubscriptionTest.java:78)
	at java.base/jdk.internal.reflect.NativeMethodAccessorImpl.invoke0(Native Method)
	at java.base/jdk.internal.reflect.NativeMethodAccessorImpl.invoke(NativeMethodAccessorImpl.java:62)
	at java.base/jdk.internal.reflect.DelegatingMethodAccessorImpl.invoke(DelegatingMethodAccessorImpl.java:43)
	at java.base/java.lang.reflect.Method.invoke(Method.java:566)
	at org.junit.internal.runners.MethodRoadie.runBefores(MethodRoadie.java:133)
	at org.junit.internal.runners.MethodRoadie.runBeforesThenTestThenAfters(MethodRoadie.java:96)
	at org.powermock.modules.junit4.internal.impl.PowerMockJUnit44RunnerDelegateImpl$PowerMockJUnit44MethodRunner.executeTest(PowerMockJUnit44RunnerDelegateImpl.java:310)
	at org.powermock.modules.junit4.internal.impl.PowerMockJUnit47RunnerDelegateImpl$PowerMockJUnit47MethodRunner.executeTestInSuper(PowerMockJUnit47RunnerDelegateImpl.java:131)
	at org.powermock.modules.junit4.internal.impl.PowerMockJUnit47RunnerDelegateImpl$PowerMockJUnit47MethodRunner.access$100(PowerMockJUnit47RunnerDelegateImpl.java:59)
	at org.powermock.modules.junit4.internal.impl.PowerMockJUnit47RunnerDelegateImpl$PowerMockJUnit47MethodRunner$TestExecutorStatement.evaluate(PowerMockJUnit47RunnerDelegateImpl.java:147)
	at org.powermock.modules.junit4.internal.impl.PowerMockJUnit47RunnerDelegateImpl$PowerMockJUnit47MethodRunner.evaluateStatement(PowerMockJUnit47RunnerDelegateImpl.java:107)
	at org.powermock.modules.junit4.internal.impl.PowerMockJUnit47RunnerDelegateImpl$PowerMockJUnit47MethodRunner.executeTest(PowerMockJUnit47RunnerDelegateImpl.java:82)
	at org.powermock.modules.junit4.internal.impl.PowerMockJUnit44RunnerDelegateImpl$PowerMockJUnit44MethodRunner.runBeforesThenTestThenAfters(PowerMockJUnit44RunnerDelegateImpl.java:298)
	at org.junit.internal.runners.MethodRoadie.runTest(MethodRoadie.java:87)
	at org.junit.internal.runners.MethodRoadie.run(MethodRoadie.java:50)
	at org.powermock.modules.junit4.internal.impl.PowerMockJUnit44RunnerDelegateImpl.invokeTestMethod(PowerMockJUnit44RunnerDelegateImpl.java:218)
	at org.powermock.modules.junit4.internal.impl.PowerMockJUnit44RunnerDelegateImpl.runMethods(PowerMockJUnit44RunnerDelegateImpl.java:160)
	at org.powermock.modules.junit4.internal.impl.PowerMockJUnit44RunnerDelegateImpl$1.run(PowerMockJUnit44RunnerDelegateImpl.java:134)
	at org.junit.internal.runners.ClassRoadie.runUnprotected(ClassRoadie.java:34)
	at org.junit.internal.runners.ClassRoadie.runProtected(ClassRoadie.java:44)
	at org.powermock.modules.junit4.internal.impl.PowerMockJUnit44RunnerDelegateImpl.run(PowerMockJUnit44RunnerDelegateImpl.java:136)
	at org.powermock.modules.junit4.common.internal.impl.JUnit4TestSuiteChunkerImpl.run(JUnit4TestSuiteChunkerImpl.java:117)
	at org.powermock.modules.junit4.common.internal.impl.AbstractCommonPowerMockRunner.run(AbstractCommonPowerMockRunner.java:57)
	at org.powermock.modules.junit4.PowerMockRunner.run(PowerMockRunner.java:59)
	at org.apache.maven.surefire.junit4.JUnit4Provider.execute(JUnit4Provider.java:264)
	at org.apache.maven.surefire.junit4.JUnit4Provider.executeTestSet(JUnit4Provider.java:153)
	at org.apache.maven.surefire.junit4.JUnit4Provider.invoke(JUnit4Provider.java:124)
	at java.base/jdk.internal.reflect.NativeMethodAccessorImpl.invoke0(Native Method)
	at java.base/jdk.internal.reflect.NativeMethodAccessorImpl.invoke(NativeMethodAccessorImpl.java:62)
	at java.base/jdk.internal.reflect.DelegatingMethodAccessorImpl.invoke(DelegatingMethodAccessorImpl.java:43)
	at java.base/java.lang.reflect.Method.invoke(Method.java:566)
	at org.apache.maven.surefire.util.ReflectionUtils.invokeMethodWithArray2(ReflectionUtils.java:208)
	at org.apache.maven.surefire.booter.ProviderFactory$ProviderProxy.invoke(ProviderFactory.java:159)
	at org.apache.maven.surefire.booter.ProviderFactory.invokeProvider(ProviderFactory.java:87)
	at org.apache.maven.surefire.booter.ForkedBooter.runSuitesInProcess(ForkedBooter.java:153)
	at org.apache.maven.surefire.booter.ForkedBooter.main(ForkedBooter.java:95)
Tests run: 8, Failures: 0, Errors: 0, Skipped: 0, Time elapsed: 7.05 sec
Running io.cdap.plugin.gcp.publisher.source.PubSubReceiverMessagePullingTest
OpenJDK 64-Bit Server VM warning: Sharing is only supported for boot loader classes because bootstrap classpath has been appended
Failed to instantiate [ch.qos.logback.classic.LoggerContext]
Reported exception:
java.lang.IllegalAccessError: class javax.xml.parsers.FactoryFinder (in unnamed module @0x31c80bb7) cannot access class jdk.xml.internal.SecuritySupport (in module java.xml) because module java.xml does not export jdk.xml.internal to unnamed module @0x31c80bb7
	at javax.xml.parsers.FactoryFinder.<clinit>(FactoryFinder.java:69)
	at javax.xml.parsers.SAXParserFactory.newInstance(SAXParserFactory.java:147)
	at ch.qos.logback.core.joran.event.SaxEventRecorder.buildSaxParser(SaxEventRecorder.java:79)
	at ch.qos.logback.core.joran.event.SaxEventRecorder.recordEvents(SaxEventRecorder.java:57)
	at ch.qos.logback.core.joran.GenericConfigurator.doConfigure(GenericConfigurator.java:142)
	at ch.qos.logback.core.joran.GenericConfigurator.doConfigure(GenericConfigurator.java:106)
	at ch.qos.logback.core.joran.GenericConfigurator.doConfigure(GenericConfigurator.java:56)
	at ch.qos.logback.classic.util.ContextInitializer.configureByResource(ContextInitializer.java:75)
	at ch.qos.logback.classic.util.ContextInitializer.autoConfig(ContextInitializer.java:148)
	at org.slf4j.impl.StaticLoggerBinder.init(StaticLoggerBinder.java:85)
	at org.slf4j.impl.StaticLoggerBinder.<clinit>(StaticLoggerBinder.java:55)
	at org.slf4j.LoggerFactory.bind(LoggerFactory.java:128)
	at org.slf4j.LoggerFactory.performInitialization(LoggerFactory.java:107)
	at org.slf4j.LoggerFactory.getILoggerFactory(LoggerFactory.java:295)
	at org.slf4j.LoggerFactory.getLogger(LoggerFactory.java:269)
	at org.slf4j.LoggerFactory.getLogger(LoggerFactory.java:281)
	at io.cdap.plugin.gcp.publisher.source.PubSubReceiver.<clinit>(PubSubReceiver.java:62)
	at java.base/java.lang.Class.forName0(Native Method)
	at java.base/java.lang.Class.forName(Class.java:315)
	at javassist.runtime.Desc.getClassObject(Desc.java:42)
	at javassist.runtime.Desc.getClassType(Desc.java:151)
	at javassist.runtime.Desc.getType(Desc.java:121)
	at javassist.runtime.Desc.getType(Desc.java:77)
	at io.cdap.plugin.gcp.publisher.source.PubSubReceiverMessagePullingTest.configureReceiver(PubSubReceiverMessagePullingTest.java:113)
	at io.cdap.plugin.gcp.publisher.source.PubSubReceiverMessagePullingTest.setup(PubSubReceiverMessagePullingTest.java:97)
	at java.base/jdk.internal.reflect.NativeMethodAccessorImpl.invoke0(Native Method)
	at java.base/jdk.internal.reflect.NativeMethodAccessorImpl.invoke(NativeMethodAccessorImpl.java:62)
	at java.base/jdk.internal.reflect.DelegatingMethodAccessorImpl.invoke(DelegatingMethodAccessorImpl.java:43)
	at java.base/java.lang.reflect.Method.invoke(Method.java:566)
	at org.junit.internal.runners.MethodRoadie.runBefores(MethodRoadie.java:133)
	at org.junit.internal.runners.MethodRoadie.runBeforesThenTestThenAfters(MethodRoadie.java:96)
	at org.powermock.modules.junit4.internal.impl.PowerMockJUnit44RunnerDelegateImpl$PowerMockJUnit44MethodRunner.executeTest(PowerMockJUnit44RunnerDelegateImpl.java:310)
	at org.powermock.modules.junit4.internal.impl.PowerMockJUnit47RunnerDelegateImpl$PowerMockJUnit47MethodRunner.executeTestInSuper(PowerMockJUnit47RunnerDelegateImpl.java:131)
	at org.powermock.modules.junit4.internal.impl.PowerMockJUnit47RunnerDelegateImpl$PowerMockJUnit47MethodRunner.access$100(PowerMockJUnit47RunnerDelegateImpl.java:59)
	at org.powermock.modules.junit4.internal.impl.PowerMockJUnit47RunnerDelegateImpl$PowerMockJUnit47MethodRunner$TestExecutorStatement.evaluate(PowerMockJUnit47RunnerDelegateImpl.java:147)
	at org.powermock.modules.junit4.internal.impl.PowerMockJUnit47RunnerDelegateImpl$PowerMockJUnit47MethodRunner.evaluateStatement(PowerMockJUnit47RunnerDelegateImpl.java:107)
	at org.powermock.modules.junit4.internal.impl.PowerMockJUnit47RunnerDelegateImpl$PowerMockJUnit47MethodRunner.executeTest(PowerMockJUnit47RunnerDelegateImpl.java:82)
	at org.powermock.modules.junit4.internal.impl.PowerMockJUnit44RunnerDelegateImpl$PowerMockJUnit44MethodRunner.runBeforesThenTestThenAfters(PowerMockJUnit44RunnerDelegateImpl.java:298)
	at org.junit.internal.runners.MethodRoadie.runTest(MethodRoadie.java:87)
	at org.junit.internal.runners.MethodRoadie.run(MethodRoadie.java:50)
	at org.powermock.modules.junit4.internal.impl.PowerMockJUnit44RunnerDelegateImpl.invokeTestMethod(PowerMockJUnit44RunnerDelegateImpl.java:218)
	at org.powermock.modules.junit4.internal.impl.PowerMockJUnit44RunnerDelegateImpl.runMethods(PowerMockJUnit44RunnerDelegateImpl.java:160)
	at org.powermock.modules.junit4.internal.impl.PowerMockJUnit44RunnerDelegateImpl$1.run(PowerMockJUnit44RunnerDelegateImpl.java:134)
	at org.junit.internal.runners.ClassRoadie.runUnprotected(ClassRoadie.java:34)
	at org.junit.internal.runners.ClassRoadie.runProtected(ClassRoadie.java:44)
	at org.powermock.modules.junit4.internal.impl.PowerMockJUnit44RunnerDelegateImpl.run(PowerMockJUnit44RunnerDelegateImpl.java:136)
	at org.powermock.modules.junit4.common.internal.impl.JUnit4TestSuiteChunkerImpl.run(JUnit4TestSuiteChunkerImpl.java:117)
	at org.powermock.modules.junit4.common.internal.impl.AbstractCommonPowerMockRunner.run(AbstractCommonPowerMockRunner.java:57)
	at org.powermock.modules.junit4.PowerMockRunner.run(PowerMockRunner.java:59)
	at org.apache.maven.surefire.junit4.JUnit4Provider.execute(JUnit4Provider.java:264)
	at org.apache.maven.surefire.junit4.JUnit4Provider.executeTestSet(JUnit4Provider.java:153)
	at org.apache.maven.surefire.junit4.JUnit4Provider.invoke(JUnit4Provider.java:124)
	at java.base/jdk.internal.reflect.NativeMethodAccessorImpl.invoke0(Native Method)
	at java.base/jdk.internal.reflect.NativeMethodAccessorImpl.invoke(NativeMethodAccessorImpl.java:62)
	at java.base/jdk.internal.reflect.DelegatingMethodAccessorImpl.invoke(DelegatingMethodAccessorImpl.java:43)
	at java.base/java.lang.reflect.Method.invoke(Method.java:566)
	at org.apache.maven.surefire.util.ReflectionUtils.invokeMethodWithArray2(ReflectionUtils.java:208)
	at org.apache.maven.surefire.booter.ProviderFactory$ProviderProxy.invoke(ProviderFactory.java:159)
	at org.apache.maven.surefire.booter.ProviderFactory.invokeProvider(ProviderFactory.java:87)
	at org.apache.maven.surefire.booter.ForkedBooter.runSuitesInProcess(ForkedBooter.java:153)
	at org.apache.maven.surefire.booter.ForkedBooter.main(ForkedBooter.java:95)
Tests run: 13, Failures: 0, Errors: 0, Skipped: 0, Time elapsed: 5.341 sec
Running io.cdap.plugin.gcp.publisher.source.PubSubMessageTest
Tests run: 2, Failures: 0, Errors: 0, Skipped: 0, Time elapsed: 0.01 sec
Running io.cdap.plugin.gcp.gcs.StorageClientTest
Tests run: 6, Failures: 0, Errors: 0, Skipped: 0, Time elapsed: 0.006 sec
Running io.cdap.plugin.gcp.gcs.actions.GCSActionsCmekKeyTest
Tests run: 1, Failures: 0, Errors: 0, Skipped: 1, Time elapsed: 0 sec
Running io.cdap.plugin.gcp.gcs.actions.GCSDoneFileMarkerTest
Tests run: 2, Failures: 0, Errors: 0, Skipped: 0, Time elapsed: 0.004 sec
Running io.cdap.plugin.gcp.gcs.sink.GCSBatchSinkTest
Tests run: 5, Failures: 0, Errors: 0, Skipped: 0, Time elapsed: 0.01 sec
Running io.cdap.plugin.gcp.gcs.sink.GCSOutputformatProviderTest
Tests run: 2, Failures: 0, Errors: 0, Skipped: 0, Time elapsed: 0.402 sec
Running io.cdap.plugin.gcp.gcs.sink.GCSBatchSinkCmekKeyTest
Tests run: 1, Failures: 0, Errors: 0, Skipped: 1, Time elapsed: 0 sec
Running io.cdap.plugin.gcp.gcs.FormatsTest
Tests run: 2, Failures: 0, Errors: 0, Skipped: 0, Time elapsed: 0.002 sec
Running io.cdap.plugin.gcp.gcs.GCSPathTest
Tests run: 3, Failures: 0, Errors: 0, Skipped: 0, Time elapsed: 0.005 sec
Running io.cdap.plugin.gcp.gcs.connector.GCSConnectorTest
Tests run: 1, Failures: 0, Errors: 0, Skipped: 1, Time elapsed: 0.003 sec
Running io.cdap.plugin.gcp.bigtable.sink.BigtableSinkConfigTest
Tests run: 6, Failures: 1, Errors: 0, Skipped: 0, Time elapsed: 0.201 sec <<< FAILURE!
testValidateMissingProjectId(io.cdap.plugin.gcp.bigtable.sink.BigtableSinkConfigTest)  Time elapsed: 0.195 sec  <<< FAILURE!
java.lang.AssertionError: expected:<1> but was:<0>
	at org.junit.Assert.fail(Assert.java:89)
	at org.junit.Assert.failNotEquals(Assert.java:835)
	at org.junit.Assert.assertEquals(Assert.java:647)
	at org.junit.Assert.assertEquals(Assert.java:633)
	at io.cdap.plugin.gcp.bigtable.sink.BigtableSinkConfigTest.validateConfigValidationFail(BigtableSinkConfigTest.java:116)
	at io.cdap.plugin.gcp.bigtable.sink.BigtableSinkConfigTest.testValidateMissingProjectId(BigtableSinkConfigTest.java:86)

Running io.cdap.plugin.gcp.bigtable.sink.RecordToHBaseMutationTransformerTest
Tests run: 2, Failures: 0, Errors: 0, Skipped: 0, Time elapsed: 0.032 sec
Running io.cdap.plugin.gcp.bigtable.source.BigtableSourceConfigTest
Tests run: 12, Failures: 1, Errors: 0, Skipped: 0, Time elapsed: 0.023 sec <<< FAILURE!
testValidateMissingProjectId(io.cdap.plugin.gcp.bigtable.source.BigtableSourceConfigTest)  Time elapsed: 0 sec  <<< FAILURE!
java.lang.AssertionError: expected:<1> but was:<0>
	at org.junit.Assert.fail(Assert.java:89)
	at org.junit.Assert.failNotEquals(Assert.java:835)
	at org.junit.Assert.assertEquals(Assert.java:647)
	at org.junit.Assert.assertEquals(Assert.java:633)
	at io.cdap.plugin.gcp.bigtable.source.BigtableSourceConfigTest.validateConfigValidationFail(BigtableSourceConfigTest.java:191)
	at io.cdap.plugin.gcp.bigtable.source.BigtableSourceConfigTest.validateConfigValidationFail(BigtableSourceConfigTest.java:207)
	at io.cdap.plugin.gcp.bigtable.source.BigtableSourceConfigTest.testValidateMissingProjectId(BigtableSourceConfigTest.java:95)

Running io.cdap.plugin.gcp.bigtable.source.HBaseResultToRecordTransformerTest
Tests run: 2, Failures: 0, Errors: 0, Skipped: 0, Time elapsed: 0.014 sec

Results :

Failed tests: 
  RecordToMutationTransformerTest.testConvertToValueAllTypes:152 expected:<2023-01-24T17:49:54.641392000Z> but was:<2023-01-24T17:49:54.641000000Z>
  BigtableSinkConfigTest.testValidateMissingProjectId:86->validateConfigValidationFail:116 expected:<1> but was:<0>
  BigtableSourceConfigTest.testValidateMissingProjectId:95->validateConfigValidationFail:207->validateConfigValidationFail:191 expected:<1> but was:<0>

Tests in error: 
  BigQueryOutputFormatTest.commitJobTestInsert10000BQInvocations:125->initMocks:71 » NoClassDefFound
  BigQueryOutputFormatTest.commitJobTestUpdateBQInvocations:141->initMocks:71 » NoClassDefFound
  BigQueryOutputFormatTest.commitJobTestInsertBQInvocations:109->initMocks:71 » NoClassDefFound

Tests run: 394, Failures: 3, Errors: 3, Skipped: 9

[INFO] ------------------------------------------------------------------------
[INFO] BUILD FAILURE
[INFO] ------------------------------------------------------------------------
[INFO] Total time:  01:06 min
[INFO] Finished at: 2023-01-24T17:50:08Z
[INFO] ------------------------------------------------------------------------
[ERROR] Failed to execute goal org.apache.maven.plugins:maven-surefire-plugin:2.14.1:test (default-test) on project google-cloud: There are test failures.
[ERROR] 
[ERROR] Please refer to /home/gabsko/breaking-updates/target/surefire-reports for the individual test results.
[ERROR] -> [Help 1]
[ERROR] 
[ERROR] To see the full stack trace of the errors, re-run Maven with the -e switch.
[ERROR] Re-run Maven using the -X switch to enable full debug logging.
[ERROR] 
[ERROR] For more information about the errors and possible solutions, please read the following articles:
[ERROR] [Help 1] http://cwiki.apache.org/confluence/display/MAVEN/MojoFailureException
