[INFO] Scanning for projects...
[INFO] ------------------------------------------------------------------------
[INFO] Reactor Build Order:
[INFO] 
[INFO] FluentLenium                                                       [pom]
[INFO] FluentLenium Core                                                  [jar]
[INFO] FluentLenium TestNG                                                [jar]
[INFO] FluentLenium AssertJ                                               [jar]
[INFO] FluentLenium JUnit Jupiter                                         [jar]
[INFO] FluentLenium Integration Tests                                     [jar]
[INFO] FluentLenium JUnit                                                 [jar]
[INFO] FluentLenium Spring TestNG                                         [jar]
[INFO] FluentLenium Cucumber                                              [jar]
[INFO] FluentLenium Spock                                                 [jar]
[INFO] FluentLenium Coverage Report                                       [jar]
[INFO] 
[INFO] ----------------< org.fluentlenium:fluentlenium-parent >----------------
[INFO] Building FluentLenium 4.5.2-SNAPSHOT                              [1/11]
[INFO] --------------------------------[ pom ]---------------------------------
[INFO] 
[INFO] --- maven-clean-plugin:3.1.0:clean (default-clean) @ fluentlenium-parent ---
[INFO] 
[INFO] --- flatten-maven-plugin:1.2.5:clean (flatten.clean) @ fluentlenium-parent ---
[INFO] Deleting /home/gabsko/breaking-updates/.flattened-pom.xml
[INFO] 
[INFO] --- maven-enforcer-plugin:3.0.0-M3:enforce (enforce-maven) @ fluentlenium-parent ---
[INFO] 
[INFO] --- jacoco-maven-plugin:0.8.6:prepare-agent (prepare-agent) @ fluentlenium-parent ---
[INFO] argLine set to -javaagent:/home/gabsko/.m2/repository/org/jacoco/org.jacoco.agent/0.8.6/org.jacoco.agent-0.8.6-runtime.jar=destfile=/home/gabsko/breaking-updates/target/jacoco.exec,excludes=**com.steadystate*:**com/gargoylesoftware*
[INFO] 
[INFO] --- flatten-maven-plugin:1.2.5:flatten (flatten) @ fluentlenium-parent ---
[INFO] Generating flattened POM of project org.fluentlenium:fluentlenium-parent:pom:4.5.2-SNAPSHOT...
[INFO] 
[INFO] -----------------< org.fluentlenium:fluentlenium-core >-----------------
[INFO] Building FluentLenium Core 4.5.2-SNAPSHOT                         [2/11]
[INFO] --------------------------------[ jar ]---------------------------------
[INFO] 
[INFO] --- maven-clean-plugin:3.1.0:clean (default-clean) @ fluentlenium-core ---
[INFO] Deleting /home/gabsko/breaking-updates/fluentlenium-core/target
[INFO] 
[INFO] --- flatten-maven-plugin:1.2.5:clean (flatten.clean) @ fluentlenium-core ---
[INFO] Deleting /home/gabsko/breaking-updates/fluentlenium-core/.flattened-pom.xml
[INFO] 
[INFO] --- maven-enforcer-plugin:3.0.0-M3:enforce (enforce-maven) @ fluentlenium-core ---
[INFO] 
[INFO] --- jacoco-maven-plugin:0.8.6:prepare-agent (prepare-agent) @ fluentlenium-core ---
[INFO] argLine set to -javaagent:/home/gabsko/.m2/repository/org/jacoco/org.jacoco.agent/0.8.6/org.jacoco.agent-0.8.6-runtime.jar=destfile=/home/gabsko/breaking-updates/fluentlenium-core/target/jacoco.exec,excludes=**com.steadystate*:**com/gargoylesoftware*
[INFO] 
[INFO] --- maven-resources-plugin:3.2.0:resources (default-resources) @ fluentlenium-core ---
[INFO] Using 'UTF-8' encoding to copy filtered resources.
[INFO] Using 'UTF-8' encoding to copy filtered properties files.
[INFO] Copying 2 resources
[INFO] 
[INFO] --- flatten-maven-plugin:1.2.5:flatten (flatten) @ fluentlenium-core ---
[INFO] Generating flattened POM of project org.fluentlenium:fluentlenium-core:jar:4.5.2-SNAPSHOT...
[INFO] 
[INFO] --- maven-compiler-plugin:3.8.1:compile (default-compile) @ fluentlenium-core ---
[INFO] Changes detected - recompiling the module!
[INFO] Compiling 345 source files to /home/gabsko/breaking-updates/fluentlenium-core/target/classes
[INFO] /home/gabsko/breaking-updates/fluentlenium-core/src/main/java/org/fluentlenium/utils/ReflectionUtils.java: Some input files use or override a deprecated API.
[INFO] /home/gabsko/breaking-updates/fluentlenium-core/src/main/java/org/fluentlenium/utils/ReflectionUtils.java: Recompile with -Xlint:deprecation for details.
[INFO] /home/gabsko/breaking-updates/fluentlenium-core/src/main/java/org/fluentlenium/core/domain/FluentWebElement.java: Some input files use unchecked or unsafe operations.
[INFO] /home/gabsko/breaking-updates/fluentlenium-core/src/main/java/org/fluentlenium/core/domain/FluentWebElement.java: Recompile with -Xlint:unchecked for details.
[INFO] 
[INFO] --- maven-resources-plugin:3.2.0:testResources (default-testResources) @ fluentlenium-core ---
[INFO] Using 'UTF-8' encoding to copy filtered resources.
[INFO] Using 'UTF-8' encoding to copy filtered properties files.
[INFO] Copying 14 resources
[INFO] 
[INFO] --- maven-compiler-plugin:3.8.1:testCompile (default-testCompile) @ fluentlenium-core ---
[INFO] Changes detected - recompiling the module!
[INFO] Compiling 141 source files to /home/gabsko/breaking-updates/fluentlenium-core/target/test-classes
[INFO] /home/gabsko/breaking-updates/fluentlenium-core/src/test/java/org/fluentlenium/core/performance/HtmlUnitPerformanceTimingMetricsTest.java: Some input files use or override a deprecated API.
[INFO] /home/gabsko/breaking-updates/fluentlenium-core/src/test/java/org/fluentlenium/core/performance/HtmlUnitPerformanceTimingMetricsTest.java: Recompile with -Xlint:deprecation for details.
[INFO] /home/gabsko/breaking-updates/fluentlenium-core/src/test/java/org/fluentlenium/core/proxy/ProxyHookTest.java: Some input files use unchecked or unsafe operations.
[INFO] /home/gabsko/breaking-updates/fluentlenium-core/src/test/java/org/fluentlenium/core/proxy/ProxyHookTest.java: Recompile with -Xlint:unchecked for details.
[INFO] 
[INFO] --- maven-surefire-plugin:3.0.0-M5:test (default-test) @ fluentlenium-core ---
[INFO] 
[INFO] -------------------------------------------------------
[INFO]  T E S T S
[INFO] -------------------------------------------------------
[INFO] Running org.fluentlenium.core.performance.DefaultPerformanceTimingMetricsIndividualEventsTest
[INFO] Tests run: 20, Failures: 0, Errors: 0, Skipped: 0, Time elapsed: 0.104 s - in org.fluentlenium.core.performance.DefaultPerformanceTimingMetricsIndividualEventsTest
[INFO] Running org.fluentlenium.core.performance.PerformanceTimingSpecificEventValueInTimeUnitTest
[INFO] Tests run: 20, Failures: 0, Errors: 0, Skipped: 0, Time elapsed: 0.632 s - in org.fluentlenium.core.performance.PerformanceTimingSpecificEventValueInTimeUnitTest
[INFO] Running org.fluentlenium.core.performance.PerformanceTimingSpecificEventValuesTest
[INFO] Tests run: 20, Failures: 0, Errors: 0, Skipped: 0, Time elapsed: 0.029 s - in org.fluentlenium.core.performance.PerformanceTimingSpecificEventValuesTest
[INFO] Running org.fluentlenium.configuration.WebDriversRegistryImplSpecificDriversTest
[INFO] Tests run: 7, Failures: 0, Errors: 0, Skipped: 0, Time elapsed: 0.075 s - in org.fluentlenium.configuration.WebDriversRegistryImplSpecificDriversTest
[INFO] Running org.fluentlenium.utils.ReflectionUtilsTest
[INFO] Tests run: 3, Failures: 0, Errors: 0, Skipped: 0, Time elapsed: 0.028 s - in org.fluentlenium.utils.ReflectionUtilsTest
[INFO] Running org.fluentlenium.utils.SeleniumVersionCheckerRetrieveVersionTest
[INFO] Tests run: 4, Failures: 0, Errors: 0, Skipped: 0, Time elapsed: 0.353 s - in org.fluentlenium.utils.SeleniumVersionCheckerRetrieveVersionTest
[INFO] Running org.fluentlenium.utils.UrlUtilsTest
[INFO] Tests run: 17, Failures: 0, Errors: 0, Skipped: 0, Time elapsed: 0.041 s - in org.fluentlenium.utils.UrlUtilsTest
[INFO] Running org.fluentlenium.core.inject.InjectionAnnotationsTest
[INFO] Tests run: 8, Failures: 0, Errors: 0, Skipped: 0, Time elapsed: 0.042 s - in org.fluentlenium.core.inject.InjectionAnnotationsTest
[INFO] Running org.fluentlenium.core.inject.LabelAnnotationsTest
[INFO] Tests run: 5, Failures: 0, Errors: 0, Skipped: 0, Time elapsed: 0.01 s - in org.fluentlenium.core.inject.LabelAnnotationsTest
[INFO] Running org.fluentlenium.core.ScreenshotTest
12:36:36.257 [pool-2-thread-8] INFO  FluentDriverScreenshotPersister - Created screenshot at: /tmp/junit12463097517072371605/test.jpg
[INFO] Tests run: 2, Failures: 0, Errors: 0, Skipped: 0, Time elapsed: 0.105 s - in org.fluentlenium.core.ScreenshotTest
[INFO] Running org.fluentlenium.core.events.ListenerPriorityComparatorTest
[INFO] Tests run: 3, Failures: 0, Errors: 0, Skipped: 0, Time elapsed: 0.003 s - in org.fluentlenium.core.events.ListenerPriorityComparatorTest
[INFO] Running org.fluentlenium.core.wait.TimeToChronoUnitConverterTest
[INFO] Tests run: 1, Failures: 0, Errors: 0, Skipped: 0, Time elapsed: 0.856 s - in org.fluentlenium.core.wait.TimeToChronoUnitConverterTest
[INFO] Running org.fluentlenium.core.url.UrlTemplateTest
[INFO] Tests run: 25, Failures: 0, Errors: 0, Skipped: 0, Time elapsed: 0.028 s - in org.fluentlenium.core.url.UrlTemplateTest
[INFO] Running org.fluentlenium.core.conditions.IntegerConditionsTest
[INFO] Tests run: 3, Failures: 0, Errors: 0, Skipped: 0, Time elapsed: 0.006 s - in org.fluentlenium.core.conditions.IntegerConditionsTest
[INFO] Running org.fluentlenium.core.conditions.StringConditionsImplTest
[INFO] Tests run: 21, Failures: 0, Errors: 0, Skipped: 0, Time elapsed: 0.004 s - in org.fluentlenium.core.conditions.StringConditionsImplTest
[INFO] Running org.fluentlenium.core.conditions.message.MessageProxyTest
[INFO] Tests run: 3, Failures: 0, Errors: 0, Skipped: 0, Time elapsed: 0.096 s - in org.fluentlenium.core.conditions.message.MessageProxyTest
[INFO] Running org.fluentlenium.core.performance.DefaultPerformanceTimingTest
[INFO] Tests run: 7, Failures: 0, Errors: 0, Skipped: 0, Time elapsed: 0.003 s - in org.fluentlenium.core.performance.DefaultPerformanceTimingTest
[INFO] Running org.fluentlenium.core.performance.PerformanceTimingMetricsFactoryTest
[INFO] Tests run: 3, Failures: 0, Errors: 0, Skipped: 0, Time elapsed: 0.039 s - in org.fluentlenium.core.performance.PerformanceTimingMetricsFactoryTest
[INFO] Running org.fluentlenium.core.performance.PerformanceTimingNavigationStartTest
[INFO] Tests run: 1, Failures: 0, Errors: 0, Skipped: 0, Time elapsed: 0.002 s - in org.fluentlenium.core.performance.PerformanceTimingNavigationStartTest
[INFO] Running org.fluentlenium.core.performance.DefaultPerformanceTimingMetricsTest
[INFO] Tests run: 5, Failures: 0, Errors: 0, Skipped: 0, Time elapsed: 0.356 s - in org.fluentlenium.core.performance.DefaultPerformanceTimingMetricsTest
[INFO] Running org.fluentlenium.core.performance.HtmlUnitPerformanceTimingMetricsTest
[INFO] Tests run: 6, Failures: 0, Errors: 0, Skipped: 0, Time elapsed: 0.268 s - in org.fluentlenium.core.performance.HtmlUnitPerformanceTimingMetricsTest
[INFO] Running org.fluentlenium.core.filter.AttributeFilterTest
[INFO] Tests run: 13, Failures: 0, Errors: 0, Skipped: 0, Time elapsed: 0.29 s - in org.fluentlenium.core.filter.AttributeFilterTest
[INFO] Running org.fluentlenium.core.filter.matcher.StartsWithMatcherTest
[INFO] Tests run: 4, Failures: 0, Errors: 0, Skipped: 0, Time elapsed: 0.002 s - in org.fluentlenium.core.filter.matcher.StartsWithMatcherTest
[INFO] Running org.fluentlenium.core.filter.matcher.ContainsWordMatcherTest
[INFO] Tests run: 2, Failures: 0, Errors: 0, Skipped: 0, Time elapsed: 0.002 s - in org.fluentlenium.core.filter.matcher.ContainsWordMatcherTest
[INFO] Running org.fluentlenium.core.filter.matcher.CalculateServiceTest
[INFO] Tests run: 20, Failures: 0, Errors: 0, Skipped: 0, Time elapsed: 0.004 s - in org.fluentlenium.core.filter.matcher.CalculateServiceTest
[INFO] Running org.fluentlenium.core.filter.matcher.EndsWithMatcherTest
[INFO] Tests run: 4, Failures: 0, Errors: 0, Skipped: 0, Time elapsed: 0.002 s - in org.fluentlenium.core.filter.matcher.EndsWithMatcherTest
[INFO] Running org.fluentlenium.core.filter.matcher.ContainsMatcherTest
[INFO] Tests run: 4, Failures: 0, Errors: 0, Skipped: 0, Time elapsed: 0.004 s - in org.fluentlenium.core.filter.matcher.ContainsMatcherTest
[INFO] Running org.fluentlenium.core.filter.matcher.NotStartsWithMatcherTest
[INFO] Tests run: 4, Failures: 0, Errors: 0, Skipped: 0, Time elapsed: 0.003 s - in org.fluentlenium.core.filter.matcher.NotStartsWithMatcherTest
[INFO] Running org.fluentlenium.core.filter.matcher.EqualMatcherTest
[INFO] Tests run: 4, Failures: 0, Errors: 0, Skipped: 0, Time elapsed: 0.002 s - in org.fluentlenium.core.filter.matcher.EqualMatcherTest
[INFO] Running org.fluentlenium.core.filter.matcher.NotContainsMatcherTest
[INFO] Tests run: 4, Failures: 0, Errors: 0, Skipped: 0, Time elapsed: 0.002 s - in org.fluentlenium.core.filter.matcher.NotContainsMatcherTest
[INFO] Running org.fluentlenium.core.filter.matcher.NotEndsWithMatcherTest
[INFO] Tests run: 4, Failures: 0, Errors: 0, Skipped: 0, Time elapsed: 0.003 s - in org.fluentlenium.core.filter.matcher.NotEndsWithMatcherTest
[INFO] Running org.fluentlenium.adapter.sharedwebdriver.JvmSharedWebDriverContainerTest
[INFO] Tests run: 1, Failures: 0, Errors: 0, Skipped: 0, Time elapsed: 0.02 s - in org.fluentlenium.adapter.sharedwebdriver.JvmSharedWebDriverContainerTest
[INFO] Running org.fluentlenium.adapter.sharedwebdriver.SharedWebDriverContainerTest
[INFO] Tests run: 2, Failures: 0, Errors: 0, Skipped: 0, Time elapsed: 0.014 s - in org.fluentlenium.adapter.sharedwebdriver.SharedWebDriverContainerTest
[INFO] Running org.fluentlenium.adapter.sharedwebdriver.ThreadSharedWebDriverContainerTest
[INFO] Tests run: 4, Failures: 0, Errors: 0, Skipped: 0, Time elapsed: 0.018 s - in org.fluentlenium.adapter.sharedwebdriver.ThreadSharedWebDriverContainerTest
[INFO] Running org.fluentlenium.adapter.sharedwebdriver.MethodSharedWebDriverContainerTest
[INFO] Tests run: 3, Failures: 0, Errors: 0, Skipped: 0, Time elapsed: 0.002 s - in org.fluentlenium.adapter.sharedwebdriver.MethodSharedWebDriverContainerTest
[INFO] Running org.fluentlenium.adapter.sharedwebdriver.ClassSharedWebDriverContainerTest
[INFO] Tests run: 2, Failures: 0, Errors: 0, Skipped: 0, Time elapsed: 0.003 s - in org.fluentlenium.adapter.sharedwebdriver.ClassSharedWebDriverContainerTest
[INFO] Running org.fluentlenium.adapter.DefaultSharedMutatorTest
[INFO] Tests run: 1, Failures: 0, Errors: 0, Skipped: 0, Time elapsed: 0.002 s - in org.fluentlenium.adapter.DefaultSharedMutatorTest
[INFO] Running org.fluentlenium.configuration.ConfigurationFactoryProviderTest
[INFO] Tests run: 6, Failures: 0, Errors: 0, Skipped: 0, Time elapsed: 0.008 s - in org.fluentlenium.configuration.ConfigurationFactoryProviderTest
[INFO] Running org.fluentlenium.configuration.WebDriversRegistryImplTest
[INFO] Tests run: 8, Failures: 0, Errors: 0, Skipped: 0, Time elapsed: 0.682 s - in org.fluentlenium.configuration.WebDriversRegistryImplTest
[INFO] Running org.fluentlenium.configuration.RemoteWebDriverTest
[INFO] Tests run: 5, Failures: 0, Errors: 0, Skipped: 0, Time elapsed: 0.045 s - in org.fluentlenium.configuration.RemoteWebDriverTest
[INFO] Running org.fluentlenium.configuration.ConfigurationDefaultsFactoryTest
[INFO] Tests run: 4, Failures: 0, Errors: 0, Skipped: 0, Time elapsed: 0.009 s - in org.fluentlenium.configuration.ConfigurationDefaultsFactoryTest
[INFO] Running org.fluentlenium.configuration.ComposedConfigurationTest
[INFO] Tests run: 16, Failures: 0, Errors: 0, Skipped: 0, Time elapsed: 0.016 s - in org.fluentlenium.configuration.ComposedConfigurationTest
[INFO] Running org.fluentlenium.configuration.CapabilitiesJsonParsingTest
[INFO] Tests run: 1, Failures: 0, Errors: 0, Skipped: 0, Time elapsed: 0.018 s - in org.fluentlenium.configuration.CapabilitiesJsonParsingTest
[INFO] Running org.fluentlenium.configuration.AnnotationConfigurationTest
Jan 24, 2023 12:36:39 PM org.openqa.selenium.remote.DesiredCapabilities firefox
INFO: Using `new FirefoxOptions()` is preferred to `DesiredCapabilities.firefox()`
Jan 24, 2023 12:36:39 PM org.openqa.selenium.remote.DesiredCapabilities firefox
INFO: Using `new FirefoxOptions()` is preferred to `DesiredCapabilities.firefox()`
Jan 24, 2023 12:36:39 PM org.openqa.selenium.remote.DesiredCapabilities chrome
INFO: Using `new ChromeOptions()` is preferred to `DesiredCapabilities.chrome()`
Jan 24, 2023 12:36:39 PM org.openqa.selenium.remote.DesiredCapabilities firefox
INFO: Using `new FirefoxOptions()` is preferred to `DesiredCapabilities.firefox()`
[WARNING] Tests run: 29, Failures: 0, Errors: 0, Skipped: 1, Time elapsed: 10.141 s - in org.fluentlenium.configuration.AnnotationConfigurationTest
[INFO] Running org.fluentlenium.configuration.ConfigurationDefaultsTest
[INFO] Tests run: 1, Failures: 0, Errors: 0, Skipped: 0, Time elapsed: 0.016 s - in org.fluentlenium.configuration.ConfigurationDefaultsTest
[INFO] Running org.fluentlenium.configuration.ReflectiveWebDriverFactoryTest
[INFO] Tests run: 9, Failures: 0, Errors: 0, Skipped: 0, Time elapsed: 0.045 s - in org.fluentlenium.configuration.ReflectiveWebDriverFactoryTest
[INFO] Running org.fluentlenium.configuration.CapabilitiesRegistryImplTest
[INFO] Tests run: 4, Failures: 0, Errors: 0, Skipped: 0, Time elapsed: 0.003 s - in org.fluentlenium.configuration.CapabilitiesRegistryImplTest
[INFO] Running org.fluentlenium.configuration.ProgrammaticConfigurationTest
[INFO] Tests run: 2, Failures: 0, Errors: 0, Skipped: 0, Time elapsed: 0.021 s - in org.fluentlenium.configuration.ProgrammaticConfigurationTest
[INFO] Running org.fluentlenium.configuration.CapabilitiesConfigurationPropertyRetrieverTest
Jan 24, 2023 12:36:49 PM org.openqa.selenium.remote.DesiredCapabilities firefox
INFO: Using `new FirefoxOptions()` is preferred to `DesiredCapabilities.firefox()`
Jan 24, 2023 12:36:49 PM org.openqa.selenium.remote.DesiredCapabilities firefox
INFO: Using `new FirefoxOptions()` is preferred to `DesiredCapabilities.firefox()`
[INFO] Tests run: 7, Failures: 0, Errors: 0, Skipped: 0, Time elapsed: 129.767 s - in org.fluentlenium.configuration.CapabilitiesConfigurationPropertyRetrieverTest
[INFO] Running org.fluentlenium.utils.SeleniumVersionCheckLoggingTest
12:38:59.105 [maven-surefire-plugin@NotThreadSafe] INFO  SeleniumVersionChecker - FluentLenium wasn't able to read Selenium version from your pom.xml. Skipped compatibility check. Please make sure you are using correct Selenium version - 3.141.59
12:38:59.114 [maven-surefire-plugin@NotThreadSafe] WARN  SeleniumVersionChecker - You are using incompatible Selenium version. Please change it to 3.141.59. You can find example on project main page https://github.com/FluentLenium/FluentLenium
[INFO] Tests run: 4, Failures: 0, Errors: 0, Skipped: 0, Time elapsed: 0.032 s - in org.fluentlenium.utils.SeleniumVersionCheckLoggingTest
[INFO] Running org.fluentlenium.utils.ChromiumApiTest
12:38:59.173 [main] ERROR ChromiumApi - Failed to define command via reflection
12:38:59.175 [main] ERROR ChromiumApi - Failed to define command via reflection
12:38:59.175 [main] INFO  ChromiumApi - Command "" executed with null state
12:38:59.176 [main] ERROR ChromiumApi - Failed to define command via reflection
12:38:59.177 [main] ERROR ChromiumApi - Failed to define command via reflection
12:38:59.178 [main] INFO  ChromiumApi - Command "" executed with null state
[INFO] Tests run: 4, Failures: 0, Errors: 0, Skipped: 0, Time elapsed: 0.061 s - in org.fluentlenium.utils.ChromiumApiTest
[INFO] Running org.fluentlenium.core.domain.FluentListSearchTest
[INFO] Tests run: 6, Failures: 0, Errors: 0, Skipped: 0, Time elapsed: 0.043 s - in org.fluentlenium.core.domain.FluentListSearchTest
[INFO] Running org.fluentlenium.core.domain.FluentWebElementTest
[INFO] Tests run: 43, Failures: 0, Errors: 0, Skipped: 0, Time elapsed: 0.315 s - in org.fluentlenium.core.domain.FluentWebElementTest
[INFO] Running org.fluentlenium.core.domain.FluentListImplTest
[INFO] Tests run: 27, Failures: 0, Errors: 0, Skipped: 0, Time elapsed: 0.213 s - in org.fluentlenium.core.domain.FluentListImplTest
[INFO] Running org.fluentlenium.core.domain.FluentJavascriptTest
[INFO] Tests run: 2, Failures: 0, Errors: 0, Skipped: 0, Time elapsed: 0.011 s - in org.fluentlenium.core.domain.FluentJavascriptTest
[INFO] Running org.fluentlenium.core.FluentDriverHtmlDumperTest
12:38:59.781 [main] INFO  FluentDriverHtmlDumper - Created HTML dump at: /tmp/htmldump.html7180747631369960673
12:38:59.794 [main] INFO  FluentDriverHtmlDumper - Created HTML dump at: /tmp/htmldump.html3041409732996172992
[INFO] Tests run: 2, Failures: 0, Errors: 0, Skipped: 0, Time elapsed: 0.029 s - in org.fluentlenium.core.FluentDriverHtmlDumperTest
[INFO] Running org.fluentlenium.core.FluentDriverScreenshotPersisterTest
12:38:59.804 [main] INFO  FluentDriverScreenshotPersister - Created screenshot at: /tmp/screenshot.png5714607248675726580
12:38:59.805 [main] INFO  FluentDriverScreenshotPersister - Created screenshot at: /tmp/screenshot.png1611704050544696108
[INFO] Tests run: 2, Failures: 0, Errors: 0, Skipped: 0, Time elapsed: 0.012 s - in org.fluentlenium.core.FluentDriverScreenshotPersisterTest
[INFO] Running org.fluentlenium.core.FluentDriverTest
[INFO] Tests run: 14, Failures: 0, Errors: 0, Skipped: 0, Time elapsed: 0.254 s - in org.fluentlenium.core.FluentDriverTest
[INFO] Running org.fluentlenium.core.inject.FluentInjectorHookTest
[INFO] Tests run: 9, Failures: 0, Errors: 0, Skipped: 0, Time elapsed: 0.054 s - in org.fluentlenium.core.inject.FluentInjectorHookTest
[ERROR] WARNING: An illegal reflective access operation has occurred
[ERROR] WARNING: Illegal reflective access by org.fluentlenium.utils.ReflectionUtils (file:/home/gabsko/breaking-updates/fluentlenium-core/target/classes/) to field java.lang.reflect.Proxy.serialVersionUID
[ERROR] WARNING: Please consider reporting this to the maintainers of org.fluentlenium.utils.ReflectionUtils
[ERROR] WARNING: Use --illegal-access=warn to enable warnings of further illegal reflective access operations
[ERROR] WARNING: All illegal access operations will be denied in a future release
[INFO] Running org.fluentlenium.core.inject.FluentInjectorComponentTest
[INFO] Tests run: 2, Failures: 0, Errors: 0, Skipped: 0, Time elapsed: 0.017 s - in org.fluentlenium.core.inject.FluentInjectorComponentTest
[INFO] Running org.fluentlenium.core.inject.FluentInjectorListComponentTest
[INFO] Tests run: 1, Failures: 0, Errors: 0, Skipped: 0, Time elapsed: 0.008 s - in org.fluentlenium.core.inject.FluentInjectorListComponentTest
[INFO] Running org.fluentlenium.core.inject.ElementLocatorSearchContextTest
[INFO] Tests run: 2, Failures: 0, Errors: 0, Skipped: 0, Time elapsed: 0.017 s - in org.fluentlenium.core.inject.ElementLocatorSearchContextTest
[INFO] Running org.fluentlenium.core.inject.FluentInjectorContainerTest
[INFO] Tests run: 4, Failures: 0, Errors: 0, Skipped: 0, Time elapsed: 0.011 s - in org.fluentlenium.core.inject.FluentInjectorContainerTest
[INFO] Running org.fluentlenium.core.inject.FluentElementInjectionSupportValidatorTest
[INFO] Tests run: 20, Failures: 0, Errors: 0, Skipped: 0, Time elapsed: 0.089 s - in org.fluentlenium.core.inject.FluentElementInjectionSupportValidatorTest
[INFO] Running org.fluentlenium.core.inject.UnshadowerTest
[INFO] Tests run: 1, Failures: 0, Errors: 0, Skipped: 0, Time elapsed: 0.023 s - in org.fluentlenium.core.inject.UnshadowerTest
[INFO] Running org.fluentlenium.core.inject.FluentInjectorElementTest
[INFO] Tests run: 11, Failures: 0, Errors: 0, Skipped: 0, Time elapsed: 0.024 s - in org.fluentlenium.core.inject.FluentInjectorElementTest
[INFO] Running org.fluentlenium.core.FluentDriverWaitTest
[INFO] Tests run: 2, Failures: 0, Errors: 0, Skipped: 0, Time elapsed: 0.008 s - in org.fluentlenium.core.FluentDriverWaitTest
[INFO] Running org.fluentlenium.core.switchto.FluentTargetLocatorTest
[INFO] Tests run: 9, Failures: 0, Errors: 0, Skipped: 0, Time elapsed: 0.009 s - in org.fluentlenium.core.switchto.FluentTargetLocatorTest
[INFO] Running org.fluentlenium.core.events.EventsTest
[INFO] Tests run: 5, Failures: 0, Errors: 0, Skipped: 0, Time elapsed: 0.12 s - in org.fluentlenium.core.events.EventsTest
[INFO] Running org.fluentlenium.core.hook.BaseHookTest
[INFO] Tests run: 6, Failures: 0, Errors: 0, Skipped: 0, Time elapsed: 0.022 s - in org.fluentlenium.core.hook.BaseHookTest
[INFO] Running org.fluentlenium.core.hook.wait.WaitHookOptionsTest
[INFO] Tests run: 3, Failures: 0, Errors: 0, Skipped: 0, Time elapsed: 0.029 s - in org.fluentlenium.core.hook.wait.WaitHookOptionsTest
[INFO] Running org.fluentlenium.core.hook.wait.WaitHookTest
[INFO] Tests run: 9, Failures: 0, Errors: 0, Skipped: 0, Time elapsed: 0.234 s - in org.fluentlenium.core.hook.wait.WaitHookTest
[INFO] Running org.fluentlenium.core.hook.SearchHookTest
[INFO] Tests run: 10, Failures: 0, Errors: 0, Skipped: 0, Time elapsed: 0.024 s - in org.fluentlenium.core.hook.SearchHookTest
[INFO] Running org.fluentlenium.core.hook.HookControlTest
[INFO] Tests run: 8, Failures: 0, Errors: 0, Skipped: 0, Time elapsed: 0.037 s - in org.fluentlenium.core.hook.HookControlTest
[INFO] Running org.fluentlenium.core.hook.DefaultHookChainBuilderTest
[INFO] Tests run: 3, Failures: 0, Errors: 0, Skipped: 0, Time elapsed: 0.128 s - in org.fluentlenium.core.hook.DefaultHookChainBuilderTest
[INFO] Running org.fluentlenium.core.hook.BaseFluentHookTest
[INFO] Tests run: 1, Failures: 0, Errors: 0, Skipped: 0, Time elapsed: 0.031 s - in org.fluentlenium.core.hook.BaseFluentHookTest
[INFO] Running org.fluentlenium.core.FluentPageParameterQueryTest
[INFO] Tests run: 8, Failures: 0, Errors: 0, Skipped: 0, Time elapsed: 0.009 s - in org.fluentlenium.core.FluentPageParameterQueryTest
[INFO] Running org.fluentlenium.core.FluentDriverTimeoutConfigurerTest
[INFO] Tests run: 4, Failures: 0, Errors: 0, Skipped: 0, Time elapsed: 0.003 s - in org.fluentlenium.core.FluentDriverTimeoutConfigurerTest
[INFO] Running org.fluentlenium.core.wait.FluentWaitEachElementMatcherTest
[INFO] Tests run: 18, Failures: 0, Errors: 0, Skipped: 0, Time elapsed: 0.136 s - in org.fluentlenium.core.wait.FluentWaitEachElementMatcherTest
[INFO] Running org.fluentlenium.core.wait.FluentWaitElementMatcherTest
[INFO] Tests run: 15, Failures: 0, Errors: 0, Skipped: 0, Time elapsed: 0.066 s - in org.fluentlenium.core.wait.FluentWaitElementMatcherTest
[INFO] Running org.fluentlenium.core.wait.FluentWaitRectangleMatcherTest
[INFO] Tests run: 1, Failures: 0, Errors: 0, Skipped: 0, Time elapsed: 0.009 s - in org.fluentlenium.core.wait.FluentWaitRectangleMatcherTest
[INFO] Running org.fluentlenium.core.wait.WaitForPageToLoadTest
[INFO] Tests run: 2, Failures: 0, Errors: 0, Skipped: 0, Time elapsed: 0.004 s - in org.fluentlenium.core.wait.WaitForPageToLoadTest
[INFO] Running org.fluentlenium.core.wait.FluentWaitElementListMatcherTest
[INFO] Tests run: 18, Failures: 0, Errors: 0, Skipped: 0, Time elapsed: 0.11 s - in org.fluentlenium.core.wait.FluentWaitElementListMatcherTest
[INFO] Running org.fluentlenium.core.wait.FluentWaitElementTest
[INFO] Tests run: 29, Failures: 0, Errors: 0, Skipped: 0, Time elapsed: 0.038 s - in org.fluentlenium.core.wait.FluentWaitElementTest
[INFO] Running org.fluentlenium.core.wait.FluentWaitElementListTest
[INFO] Tests run: 30, Failures: 0, Errors: 0, Skipped: 0, Time elapsed: 0.055 s - in org.fluentlenium.core.wait.FluentWaitElementListTest
[INFO] Running org.fluentlenium.core.wait.FluentWaitIntegerMatcherTest
[INFO] Tests run: 1, Failures: 0, Errors: 0, Skipped: 0, Time elapsed: 0.003 s - in org.fluentlenium.core.wait.FluentWaitIntegerMatcherTest
[INFO] Running org.fluentlenium.core.wait.FluentWaitSupplierListMatcherTest
[INFO] Tests run: 1, Failures: 0, Errors: 0, Skipped: 0, Time elapsed: 0.008 s - in org.fluentlenium.core.wait.FluentWaitSupplierListMatcherTest
[INFO] Running org.fluentlenium.core.wait.FluentWaitSupplierMatcherTest
[INFO] Tests run: 1, Failures: 0, Errors: 0, Skipped: 0, Time elapsed: 0.006 s - in org.fluentlenium.core.wait.FluentWaitSupplierMatcherTest
[INFO] Running org.fluentlenium.core.wait.FluentWaitWindowMatcherTest
[INFO] Tests run: 1, Failures: 0, Errors: 0, Skipped: 0, Time elapsed: 0.005 s - in org.fluentlenium.core.wait.FluentWaitWindowMatcherTest
[INFO] Running org.fluentlenium.core.alert.AlertTest
[INFO] Tests run: 2, Failures: 0, Errors: 0, Skipped: 0, Time elapsed: 0.002 s - in org.fluentlenium.core.alert.AlertTest
[INFO] Running org.fluentlenium.core.proxy.ProxyListenerTest
[INFO] Tests run: 2, Failures: 0, Errors: 0, Skipped: 0, Time elapsed: 0.011 s - in org.fluentlenium.core.proxy.ProxyListenerTest
[INFO] Running org.fluentlenium.core.proxy.ProxyHookTest
[INFO] Tests run: 2, Failures: 0, Errors: 0, Skipped: 0, Time elapsed: 0.003 s - in org.fluentlenium.core.proxy.ProxyHookTest
[INFO] Running org.fluentlenium.core.proxy.ProxyMessageTest
[INFO] Tests run: 2, Failures: 0, Errors: 0, Skipped: 0, Time elapsed: 0.003 s - in org.fluentlenium.core.proxy.ProxyMessageTest
[INFO] Running org.fluentlenium.core.proxy.AbstractLocatorAndInvocationHandlerTest
[WARNING] Tests run: 12, Failures: 0, Errors: 0, Skipped: 3, Time elapsed: 0.042 s - in org.fluentlenium.core.proxy.AbstractLocatorAndInvocationHandlerTest
[INFO] Running org.fluentlenium.core.proxy.ElementInstanceLocatorTest
[INFO] Tests run: 2, Failures: 0, Errors: 0, Skipped: 0, Time elapsed: 0.001 s - in org.fluentlenium.core.proxy.ElementInstanceLocatorTest
[INFO] Running org.fluentlenium.core.proxy.IndexSupplierLocatorTest
[INFO] Tests run: 6, Failures: 0, Errors: 0, Skipped: 0, Time elapsed: 0.009 s - in org.fluentlenium.core.proxy.IndexSupplierLocatorTest
[INFO] Running org.fluentlenium.core.proxy.ElementSupplierLocatorTest
[INFO] Tests run: 2, Failures: 0, Errors: 0, Skipped: 0, Time elapsed: 0.001 s - in org.fluentlenium.core.proxy.ElementSupplierLocatorTest
[INFO] Running org.fluentlenium.core.proxy.ProxiesTest
[INFO] Tests run: 16, Failures: 0, Errors: 0, Skipped: 0, Time elapsed: 0.014 s - in org.fluentlenium.core.proxy.ProxiesTest
[INFO] Running org.fluentlenium.core.proxy.ElementListInstanceLocatorTest
[INFO] Tests run: 2, Failures: 0, Errors: 0, Skipped: 0, Time elapsed: 0.001 s - in org.fluentlenium.core.proxy.ElementListInstanceLocatorTest
[INFO] Running org.fluentlenium.core.proxy.AbstractLocatorHandlerTest
[INFO] Tests run: 18, Failures: 0, Errors: 0, Skipped: 0, Time elapsed: 0.057 s - in org.fluentlenium.core.proxy.AbstractLocatorHandlerTest
[INFO] Running org.fluentlenium.core.proxy.ElementListSupplierLocatorTest
[INFO] Tests run: 2, Failures: 0, Errors: 0, Skipped: 0, Time elapsed: 0.002 s - in org.fluentlenium.core.proxy.ElementListSupplierLocatorTest
[INFO] Running org.fluentlenium.core.conditions.IntegerListConditionsTest
[INFO] Tests run: 2, Failures: 0, Errors: 0, Skipped: 0, Time elapsed: 0.019 s - in org.fluentlenium.core.conditions.IntegerListConditionsTest
[INFO] Running org.fluentlenium.core.conditions.AtLeastOneElementConditionsTest
[INFO] Tests run: 22, Failures: 0, Errors: 0, Skipped: 0, Time elapsed: 0.015 s - in org.fluentlenium.core.conditions.AtLeastOneElementConditionsTest
[INFO] Running org.fluentlenium.core.conditions.wait.WaitConditionTest
[INFO] Tests run: 7, Failures: 0, Errors: 0, Skipped: 0, Time elapsed: 3.446 s - in org.fluentlenium.core.conditions.wait.WaitConditionTest
[INFO] Running org.fluentlenium.core.conditions.RectangleConditionsTest
[INFO] Tests run: 9, Failures: 0, Errors: 0, Skipped: 0, Time elapsed: 0.024 s - in org.fluentlenium.core.conditions.RectangleConditionsTest
[INFO] Running org.fluentlenium.core.conditions.RectangleListConditionsTest
[INFO] Tests run: 2, Failures: 0, Errors: 0, Skipped: 0, Time elapsed: 0.021 s - in org.fluentlenium.core.conditions.RectangleListConditionsTest
[INFO] Running org.fluentlenium.core.conditions.WebElementConditionsTest
[INFO] Tests run: 12, Failures: 0, Errors: 0, Skipped: 0, Time elapsed: 0.01 s - in org.fluentlenium.core.conditions.WebElementConditionsTest
[INFO] Running org.fluentlenium.core.conditions.EachElementConditionsTest
[INFO] Tests run: 21, Failures: 0, Errors: 0, Skipped: 0, Time elapsed: 0.016 s - in org.fluentlenium.core.conditions.EachElementConditionsTest
[INFO] Running org.fluentlenium.core.css.CssSupportImplTest
[WARNING] Tests run: 8, Failures: 0, Errors: 0, Skipped: 2, Time elapsed: 0.041 s - in org.fluentlenium.core.css.CssSupportImplTest
[INFO] Running org.fluentlenium.core.FluentDriverWrappedCapabilitiesProviderTest
[INFO] Tests run: 1, Failures: 0, Errors: 0, Skipped: 0, Time elapsed: 0.023 s - in org.fluentlenium.core.FluentDriverWrappedCapabilitiesProviderTest
[INFO] Running org.fluentlenium.core.dom.DomTest
[INFO] Tests run: 7, Failures: 0, Errors: 0, Skipped: 0, Time elapsed: 0.009 s - in org.fluentlenium.core.dom.DomTest
[INFO] Running org.fluentlenium.core.search.NoSuchElementMessageTest
[INFO] Tests run: 6, Failures: 0, Errors: 0, Skipped: 0, Time elapsed: 0.02 s - in org.fluentlenium.core.search.NoSuchElementMessageTest
[INFO] Running org.fluentlenium.core.search.SearchTest
[INFO] Tests run: 15, Failures: 0, Errors: 0, Skipped: 0, Time elapsed: 0.018 s - in org.fluentlenium.core.search.SearchTest
[INFO] Running org.fluentlenium.core.FluentPageUrlTemplateTest
[INFO] Tests run: 15, Failures: 0, Errors: 0, Skipped: 0, Time elapsed: 0.24 s - in org.fluentlenium.core.FluentPageUrlTemplateTest
[INFO] Running org.fluentlenium.core.label.FluentLabelImplTest
[INFO] Tests run: 1, Failures: 0, Errors: 0, Skipped: 0, Time elapsed: 0.001 s - in org.fluentlenium.core.label.FluentLabelImplTest
[INFO] Running org.fluentlenium.core.action.MouseElementActionsTest
Jan 24, 2023 12:39:05 PM org.openqa.selenium.interactions.Actions moveToElement
INFO: When using the W3C Action commands, offsets are from the center of element
Jan 24, 2023 12:39:05 PM org.openqa.selenium.interactions.Actions moveToElement
INFO: When using the W3C Action commands, offsets are from the center of element
Jan 24, 2023 12:39:05 PM org.openqa.selenium.interactions.Actions moveToElement
INFO: When using the W3C Action commands, offsets are from the center of element
[INFO] Tests run: 15, Failures: 0, Errors: 0, Skipped: 0, Time elapsed: 0.035 s - in org.fluentlenium.core.action.MouseElementActionsTest
[INFO] Running org.fluentlenium.core.action.FluentJavascriptActionsTest
[INFO] Tests run: 4, Failures: 0, Errors: 0, Skipped: 0, Time elapsed: 0.006 s - in org.fluentlenium.core.action.FluentJavascriptActionsTest
[INFO] Running org.fluentlenium.core.action.FillSelectTest
[INFO] Tests run: 3, Failures: 0, Errors: 0, Skipped: 0, Time elapsed: 0.024 s - in org.fluentlenium.core.action.FillSelectTest
[INFO] Running org.fluentlenium.core.action.KeyboardElementActionsTest
[INFO] Tests run: 5, Failures: 0, Errors: 0, Skipped: 0, Time elapsed: 0.025 s - in org.fluentlenium.core.action.KeyboardElementActionsTest
[INFO] Running org.fluentlenium.core.action.WindowActionsTest
[INFO] Tests run: 15, Failures: 0, Errors: 0, Skipped: 0, Time elapsed: 0.045 s - in org.fluentlenium.core.action.WindowActionsTest
[INFO] Running org.fluentlenium.core.action.FillTest
[INFO] Tests run: 2, Failures: 0, Errors: 0, Skipped: 0, Time elapsed: 0.004 s - in org.fluentlenium.core.action.FillTest
[INFO] Running org.fluentlenium.core.action.KeyboardActionsTest
[INFO] Tests run: 4, Failures: 0, Errors: 0, Skipped: 0, Time elapsed: 0.012 s - in org.fluentlenium.core.action.KeyboardActionsTest
[INFO] Running org.fluentlenium.core.action.MouseActionsTest
[INFO] Tests run: 7, Failures: 0, Errors: 0, Skipped: 0, Time elapsed: 0.014 s - in org.fluentlenium.core.action.MouseActionsTest
[INFO] Running org.fluentlenium.core.filter.PredicateFilterTest
[INFO] Tests run: 1, Failures: 0, Errors: 0, Skipped: 0, Time elapsed: 0.003 s - in org.fluentlenium.core.filter.PredicateFilterTest
[INFO] Running org.fluentlenium.core.filter.AttributeFilterPredicateTest
[INFO] Tests run: 4, Failures: 0, Errors: 0, Skipped: 0, Time elapsed: 0.003 s - in org.fluentlenium.core.filter.AttributeFilterPredicateTest
[INFO] Running org.fluentlenium.core.FluentPageTest
[INFO] Tests run: 9, Failures: 0, Errors: 0, Skipped: 0, Time elapsed: 0.012 s - in org.fluentlenium.core.FluentPageTest
[INFO] Running org.fluentlenium.adapter.FluentAdapterTest
[INFO] Tests run: 10, Failures: 0, Errors: 0, Skipped: 0, Time elapsed: 0.125 s - in org.fluentlenium.adapter.FluentAdapterTest
[INFO] Running org.fluentlenium.adapter.FluentTestRunnerAdapterRetriesTest
[INFO] Tests run: 2, Failures: 0, Errors: 0, Skipped: 0, Time elapsed: 0.147 s - in org.fluentlenium.adapter.FluentTestRunnerAdapterRetriesTest
[INFO] Running org.fluentlenium.adapter.IsolatedTestTest
[INFO] Tests run: 1, Failures: 0, Errors: 0, Skipped: 0, Time elapsed: 0.106 s - in org.fluentlenium.adapter.IsolatedTestTest
[INFO] Running org.fluentlenium.adapter.DriverContainerTest
[INFO] Tests run: 1, Failures: 0, Errors: 0, Skipped: 0, Time elapsed: 0.002 s - in org.fluentlenium.adapter.DriverContainerTest
[INFO] Running org.fluentlenium.adapter.FluentTestRunnerAdapterTest
12:39:06.040 [main] INFO  FluentDriverScreenshotPersister - Created screenshot at: /tmp/testFailedWhenDriverAvailable12365363353456238654/FluentTestRunnerAdapter$MockitoMock$1253430188_test.png
[INFO] Tests run: 7, Failures: 0, Errors: 0, Skipped: 0, Time elapsed: 0.065 s - in org.fluentlenium.adapter.FluentTestRunnerAdapterTest
[INFO] Running org.fluentlenium.configuration.PropertiesBackendConfigurationTest
Jan 24, 2023 12:39:06 PM org.openqa.selenium.remote.DesiredCapabilities firefox
INFO: Using `new FirefoxOptions()` is preferred to `DesiredCapabilities.firefox()`
Jan 24, 2023 12:39:06 PM org.openqa.selenium.remote.DesiredCapabilities chrome
INFO: Using `new ChromeOptions()` is preferred to `DesiredCapabilities.chrome()`
[INFO] Tests run: 30, Failures: 0, Errors: 0, Skipped: 0, Time elapsed: 0.017 s - in org.fluentlenium.configuration.PropertiesBackendConfigurationTest
[INFO] 
[INFO] Results:
[INFO] 
[WARNING] Tests run: 1007, Failures: 0, Errors: 0, Skipped: 6
[INFO] 
[INFO] 
[INFO] ----------------< org.fluentlenium:fluentlenium-testng >----------------
[INFO] Building FluentLenium TestNG 4.5.2-SNAPSHOT                       [3/11]
[INFO] --------------------------------[ jar ]---------------------------------
[INFO] 
[INFO] --- maven-clean-plugin:3.1.0:clean (default-clean) @ fluentlenium-testng ---
[INFO] Deleting /home/gabsko/breaking-updates/fluentlenium-testng/target
[INFO] 
[INFO] --- flatten-maven-plugin:1.2.5:clean (flatten.clean) @ fluentlenium-testng ---
[INFO] Deleting /home/gabsko/breaking-updates/fluentlenium-testng/.flattened-pom.xml
[INFO] 
[INFO] --- maven-enforcer-plugin:3.0.0-M3:enforce (enforce-maven) @ fluentlenium-testng ---
[INFO] 
[INFO] --- jacoco-maven-plugin:0.8.6:prepare-agent (prepare-agent) @ fluentlenium-testng ---
[INFO] argLine set to -javaagent:/home/gabsko/.m2/repository/org/jacoco/org.jacoco.agent/0.8.6/org.jacoco.agent-0.8.6-runtime.jar=destfile=/home/gabsko/breaking-updates/fluentlenium-testng/target/jacoco.exec,excludes=**com.steadystate*:**com/gargoylesoftware*
[INFO] 
[INFO] --- maven-resources-plugin:3.2.0:resources (default-resources) @ fluentlenium-testng ---
[INFO] Using 'UTF-8' encoding to copy filtered resources.
[INFO] Using 'UTF-8' encoding to copy filtered properties files.
[INFO] skip non existing resourceDirectory /home/gabsko/breaking-updates/fluentlenium-testng/src/main/resources
[INFO] 
[INFO] --- flatten-maven-plugin:1.2.5:flatten (flatten) @ fluentlenium-testng ---
[INFO] Generating flattened POM of project org.fluentlenium:fluentlenium-testng:jar:4.5.2-SNAPSHOT...
[INFO] 
[INFO] --- maven-compiler-plugin:3.8.1:compile (default-compile) @ fluentlenium-testng ---
[INFO] Changes detected - recompiling the module!
[INFO] Compiling 1 source file to /home/gabsko/breaking-updates/fluentlenium-testng/target/classes
[INFO] 
[INFO] --- maven-resources-plugin:3.2.0:testResources (default-testResources) @ fluentlenium-testng ---
[INFO] Using 'UTF-8' encoding to copy filtered resources.
[INFO] Using 'UTF-8' encoding to copy filtered properties files.
[INFO] Copying 3 resources
[INFO] 
[INFO] --- maven-compiler-plugin:3.8.1:testCompile (default-testCompile) @ fluentlenium-testng ---
[INFO] Changes detected - recompiling the module!
[INFO] Compiling 18 source files to /home/gabsko/breaking-updates/fluentlenium-testng/target/test-classes
[INFO] 
[INFO] --- maven-surefire-plugin:3.0.0-M5:test (default-test) @ fluentlenium-testng ---
[INFO] 
[INFO] ---------------< org.fluentlenium:fluentlenium-assertj >----------------
[INFO] Building FluentLenium AssertJ 4.5.2-SNAPSHOT                      [4/11]
[INFO] --------------------------------[ jar ]---------------------------------
[INFO] 
[INFO] --- maven-clean-plugin:3.1.0:clean (default-clean) @ fluentlenium-assertj ---
[INFO] Deleting /home/gabsko/breaking-updates/fluentlenium-assertj/target
[INFO] 
[INFO] --- flatten-maven-plugin:1.2.5:clean (flatten.clean) @ fluentlenium-assertj ---
[INFO] Deleting /home/gabsko/breaking-updates/fluentlenium-assertj/.flattened-pom.xml
[INFO] 
[INFO] --- maven-enforcer-plugin:3.0.0-M3:enforce (enforce-maven) @ fluentlenium-assertj ---
[INFO] 
[INFO] --- jacoco-maven-plugin:0.8.6:prepare-agent (prepare-agent) @ fluentlenium-assertj ---
[INFO] argLine set to -javaagent:/home/gabsko/.m2/repository/org/jacoco/org.jacoco.agent/0.8.6/org.jacoco.agent-0.8.6-runtime.jar=destfile=/home/gabsko/breaking-updates/fluentlenium-assertj/target/jacoco.exec,excludes=**com.steadystate*:**com/gargoylesoftware*
[INFO] 
[INFO] --- maven-resources-plugin:3.2.0:resources (default-resources) @ fluentlenium-assertj ---
[INFO] Using 'UTF-8' encoding to copy filtered resources.
[INFO] Using 'UTF-8' encoding to copy filtered properties files.
[INFO] skip non existing resourceDirectory /home/gabsko/breaking-updates/fluentlenium-assertj/src/main/resources
[INFO] 
[INFO] --- flatten-maven-plugin:1.2.5:flatten (flatten) @ fluentlenium-assertj ---
[INFO] Generating flattened POM of project org.fluentlenium:fluentlenium-assertj:jar:4.5.2-SNAPSHOT...
[INFO] 
[INFO] --- maven-compiler-plugin:3.8.1:compile (default-compile) @ fluentlenium-assertj ---
[INFO] Changes detected - recompiling the module!
[INFO] Compiling 16 source files to /home/gabsko/breaking-updates/fluentlenium-assertj/target/classes
[INFO] 
[INFO] --- maven-resources-plugin:3.2.0:testResources (default-testResources) @ fluentlenium-assertj ---
[INFO] Using 'UTF-8' encoding to copy filtered resources.
[INFO] Using 'UTF-8' encoding to copy filtered properties files.
[INFO] Copying 3 resources
[INFO] 
[INFO] --- maven-compiler-plugin:3.8.1:testCompile (default-testCompile) @ fluentlenium-assertj ---
[INFO] Changes detected - recompiling the module!
[INFO] Compiling 38 source files to /home/gabsko/breaking-updates/fluentlenium-assertj/target/test-classes
[INFO] /home/gabsko/breaking-updates/fluentlenium-assertj/src/test/java/org/fluentlenium/assertj/custom/FluentListAssertTest.java: Some input files use or override a deprecated API.
[INFO] /home/gabsko/breaking-updates/fluentlenium-assertj/src/test/java/org/fluentlenium/assertj/custom/FluentListAssertTest.java: Recompile with -Xlint:deprecation for details.
[INFO] 
[INFO] --- maven-surefire-plugin:3.0.0-M5:test (default-test) @ fluentlenium-assertj ---
[INFO] 
[INFO] -------------------------------------------------------
[INFO]  T E S T S
[INFO] -------------------------------------------------------
[INFO] Running TestSuite
[ERROR] OpenJDK 64-Bit Server VM warning: Sharing is only supported for boot loader classes because bootstrap classpath has been appended
[INFO] Tests run: 142, Failures: 0, Errors: 0, Skipped: 0, Time elapsed: 4.188 s - in TestSuite
[INFO] 
[INFO] Results:
[INFO] 
[INFO] Tests run: 142, Failures: 0, Errors: 0, Skipped: 0
[INFO] 
[INFO] 
[INFO] ------------< org.fluentlenium:fluentlenium-junit-jupiter >-------------
[INFO] Building FluentLenium JUnit Jupiter 4.5.2-SNAPSHOT                [5/11]
[INFO] --------------------------------[ jar ]---------------------------------
[INFO] 
[INFO] --- maven-clean-plugin:3.1.0:clean (default-clean) @ fluentlenium-junit-jupiter ---
[INFO] Deleting /home/gabsko/breaking-updates/fluentlenium-junit-jupiter/target
[INFO] 
[INFO] --- flatten-maven-plugin:1.2.5:clean (flatten.clean) @ fluentlenium-junit-jupiter ---
[INFO] Deleting /home/gabsko/breaking-updates/fluentlenium-junit-jupiter/.flattened-pom.xml
[INFO] 
[INFO] --- maven-enforcer-plugin:3.0.0-M3:enforce (enforce-maven) @ fluentlenium-junit-jupiter ---
[INFO] 
[INFO] --- jacoco-maven-plugin:0.8.6:prepare-agent (prepare-agent) @ fluentlenium-junit-jupiter ---
[INFO] argLine set to -javaagent:/home/gabsko/.m2/repository/org/jacoco/org.jacoco.agent/0.8.6/org.jacoco.agent-0.8.6-runtime.jar=destfile=/home/gabsko/breaking-updates/fluentlenium-junit-jupiter/target/jacoco.exec,excludes=**com.steadystate*:**com/gargoylesoftware*
[INFO] 
[INFO] --- maven-resources-plugin:3.2.0:resources (default-resources) @ fluentlenium-junit-jupiter ---
[INFO] Using 'UTF-8' encoding to copy filtered resources.
[INFO] Using 'UTF-8' encoding to copy filtered properties files.
[INFO] skip non existing resourceDirectory /home/gabsko/breaking-updates/fluentlenium-junit-jupiter/src/main/resources
[INFO] 
[INFO] --- flatten-maven-plugin:1.2.5:flatten (flatten) @ fluentlenium-junit-jupiter ---
[INFO] Generating flattened POM of project org.fluentlenium:fluentlenium-junit-jupiter:jar:4.5.2-SNAPSHOT...
[INFO] 
[INFO] --- maven-compiler-plugin:3.8.1:compile (default-compile) @ fluentlenium-junit-jupiter ---
[INFO] Changes detected - recompiling the module!
[INFO] Compiling 3 source files to /home/gabsko/breaking-updates/fluentlenium-junit-jupiter/target/classes
[INFO] /home/gabsko/breaking-updates/fluentlenium-junit-jupiter/src/main/java/org/fluentlenium/adapter/junit/jupiter/MockitoExtension.java: /home/gabsko/breaking-updates/fluentlenium-junit-jupiter/src/main/java/org/fluentlenium/adapter/junit/jupiter/MockitoExtension.java uses or overrides a deprecated API.
[INFO] /home/gabsko/breaking-updates/fluentlenium-junit-jupiter/src/main/java/org/fluentlenium/adapter/junit/jupiter/MockitoExtension.java: Recompile with -Xlint:deprecation for details.
[INFO] 
[INFO] --- maven-resources-plugin:3.2.0:testResources (default-testResources) @ fluentlenium-junit-jupiter ---
[INFO] Using 'UTF-8' encoding to copy filtered resources.
[INFO] Using 'UTF-8' encoding to copy filtered properties files.
[INFO] Copying 2 resources
[INFO] 
[INFO] --- maven-compiler-plugin:3.8.1:testCompile (default-testCompile) @ fluentlenium-junit-jupiter ---
[INFO] Changes detected - recompiling the module!
[INFO] Compiling 10 source files to /home/gabsko/breaking-updates/fluentlenium-junit-jupiter/target/test-classes
[INFO] /home/gabsko/breaking-updates/fluentlenium-junit-jupiter/src/test/java/org/fluentlenium/adapter/junit/jupiter/FluentJUnitJupiterTest.java: /home/gabsko/breaking-updates/fluentlenium-junit-jupiter/src/test/java/org/fluentlenium/adapter/junit/jupiter/FluentJUnitJupiterTest.java uses or overrides a deprecated API.
[INFO] /home/gabsko/breaking-updates/fluentlenium-junit-jupiter/src/test/java/org/fluentlenium/adapter/junit/jupiter/FluentJUnitJupiterTest.java: Recompile with -Xlint:deprecation for details.
[INFO] 
[INFO] --- maven-surefire-plugin:3.0.0-M5:test (default-test) @ fluentlenium-junit-jupiter ---
[INFO] 
[INFO] -------------------------------------------------------
[INFO]  T E S T S
[INFO] -------------------------------------------------------
[INFO] Running org.fluentlenium.adapter.junit.jupiter.FluentJUnitJupiterTest
[INFO] Tests run: 4, Failures: 0, Errors: 0, Skipped: 0, Time elapsed: 2.499 s - in org.fluentlenium.adapter.junit.jupiter.FluentJUnitJupiterTest
[INFO] 
[INFO] Results:
[INFO] 
[INFO] Tests run: 4, Failures: 0, Errors: 0, Skipped: 0
[INFO] 
[INFO] 
[INFO] ----------< org.fluentlenium:fluentlenium-integration-tests >-----------
[INFO] Building FluentLenium Integration Tests 4.5.2-SNAPSHOT            [6/11]
[INFO] --------------------------------[ jar ]---------------------------------
[INFO] 
[INFO] --- maven-clean-plugin:3.1.0:clean (default-clean) @ fluentlenium-integration-tests ---
[INFO] Deleting /home/gabsko/breaking-updates/fluentlenium-integration-tests/target
[INFO] 
[INFO] --- flatten-maven-plugin:1.2.5:clean (flatten.clean) @ fluentlenium-integration-tests ---
[INFO] Deleting /home/gabsko/breaking-updates/fluentlenium-integration-tests/.flattened-pom.xml
[INFO] 
[INFO] --- maven-enforcer-plugin:3.0.0-M3:enforce (enforce-maven) @ fluentlenium-integration-tests ---
[INFO] 
[INFO] --- jacoco-maven-plugin:0.8.6:prepare-agent (prepare-agent) @ fluentlenium-integration-tests ---
[INFO] argLine set to -javaagent:/home/gabsko/.m2/repository/org/jacoco/org.jacoco.agent/0.8.6/org.jacoco.agent-0.8.6-runtime.jar=destfile=/home/gabsko/breaking-updates/fluentlenium-integration-tests/target/jacoco.exec,excludes=**com.steadystate*:**com/gargoylesoftware*
[INFO] 
[INFO] --- maven-resources-plugin:3.2.0:resources (default-resources) @ fluentlenium-integration-tests ---
[INFO] Using 'UTF-8' encoding to copy filtered resources.
[INFO] Using 'UTF-8' encoding to copy filtered properties files.
[INFO] skip non existing resourceDirectory /home/gabsko/breaking-updates/fluentlenium-integration-tests/src/main/resources
[INFO] 
[INFO] --- flatten-maven-plugin:1.2.5:flatten (flatten) @ fluentlenium-integration-tests ---
[INFO] Generating flattened POM of project org.fluentlenium:fluentlenium-integration-tests:jar:4.5.2-SNAPSHOT...
[INFO] 
[INFO] --- maven-compiler-plugin:3.8.1:compile (default-compile) @ fluentlenium-integration-tests ---
[INFO] No sources to compile
[INFO] 
[INFO] --- maven-resources-plugin:3.2.0:testResources (default-testResources) @ fluentlenium-integration-tests ---
[INFO] Using 'UTF-8' encoding to copy filtered resources.
[INFO] Using 'UTF-8' encoding to copy filtered properties files.
[INFO] Copying 14 resources
[INFO] 
[INFO] --- maven-compiler-plugin:3.8.1:testCompile (default-testCompile) @ fluentlenium-integration-tests ---
[INFO] Changes detected - recompiling the module!
[INFO] Compiling 99 source files to /home/gabsko/breaking-updates/fluentlenium-integration-tests/target/test-classes
[INFO] /home/gabsko/breaking-updates/fluentlenium-integration-tests/src/test/java/org/fluentlenium/pages/IndexPage2.java: Some input files use unchecked or unsafe operations.
[INFO] /home/gabsko/breaking-updates/fluentlenium-integration-tests/src/test/java/org/fluentlenium/pages/IndexPage2.java: Recompile with -Xlint:unchecked for details.
[INFO] 
[INFO] --- maven-surefire-plugin:3.0.0-M5:test (default-test) @ fluentlenium-integration-tests ---
[INFO] 
[INFO] -------------------------------------------------------
[INFO]  T E S T S
[INFO] -------------------------------------------------------
[INFO] Running org.fluentlenium.test.baseurl.BaseUrlDynamicTest
[INFO] Tests run: 3, Failures: 0, Errors: 0, Skipped: 0, Time elapsed: 2.276 s - in org.fluentlenium.test.baseurl.BaseUrlDynamicTest
[INFO] Running org.fluentlenium.test.baseurl.BaseUrlTest
[INFO] Tests run: 4, Failures: 0, Errors: 0, Skipped: 0, Time elapsed: 0.318 s - in org.fluentlenium.test.baseurl.BaseUrlTest
[INFO] Running org.fluentlenium.test.actions.window.WindowActionsTest
12:39:23.643 [pool-17-thread-1] INFO  WebClient - No usage of download: com.gargoylesoftware.htmlunit.WebClient$LoadJob@2ed625e9
[INFO] Tests run: 2, Failures: 0, Errors: 0, Skipped: 0, Time elapsed: 0.161 s - in org.fluentlenium.test.actions.window.WindowActionsTest
[INFO] Running org.fluentlenium.test.actions.waitandclick.WaitAndClickTest
[INFO] Tests run: 5, Failures: 0, Errors: 0, Skipped: 0, Time elapsed: 5.306 s - in org.fluentlenium.test.actions.waitandclick.WaitAndClickTest
[INFO] Running org.fluentlenium.test.actions.click.ClicksWaitHookTest
[INFO] Tests run: 2, Failures: 0, Errors: 0, Skipped: 0, Time elapsed: 0.106 s - in org.fluentlenium.test.actions.click.ClicksWaitHookTest
[INFO] Running org.fluentlenium.test.actions.click.ClicksTest
[INFO] Tests run: 2, Failures: 0, Errors: 0, Skipped: 0, Time elapsed: 0.062 s - in org.fluentlenium.test.actions.click.ClicksTest
[INFO] Running org.fluentlenium.test.actions.onlist.ActionOnListTest
[INFO] Tests run: 7, Failures: 0, Errors: 0, Skipped: 0, Time elapsed: 0.195 s - in org.fluentlenium.test.actions.onlist.ActionOnListTest
[INFO] Running org.fluentlenium.test.actions.onlist.ActionOnListWithBddTest
[INFO] Tests run: 4, Failures: 0, Errors: 0, Skipped: 0, Time elapsed: 0.109 s - in org.fluentlenium.test.actions.onlist.ActionOnListWithBddTest
[INFO] Running org.fluentlenium.test.actions.onselector.ActionOnSelectorTest
[INFO] Tests run: 9, Failures: 0, Errors: 0, Skipped: 0, Time elapsed: 0.235 s - in org.fluentlenium.test.actions.onselector.ActionOnSelectorTest
[INFO] Running org.fluentlenium.test.actions.onselector.ActionOnSelectorWithBddTest
[INFO] Tests run: 5, Failures: 0, Errors: 0, Skipped: 0, Time elapsed: 0.261 s - in org.fluentlenium.test.actions.onselector.ActionOnSelectorWithBddTest
[INFO] Running org.fluentlenium.test.actions.attributemodification.AttributeModificationTest
[INFO] Tests run: 2, Failures: 0, Errors: 0, Skipped: 0, Time elapsed: 0.054 s - in org.fluentlenium.test.actions.attributemodification.AttributeModificationTest
[INFO] Running org.fluentlenium.test.driver.DriverTest
[INFO] Tests run: 2, Failures: 0, Errors: 0, Skipped: 0, Time elapsed: 0.023 s - in org.fluentlenium.test.driver.DriverTest
[INFO] Running org.fluentlenium.test.fluentwebelement.FluentWebElementInTest
[INFO] Tests run: 1, Failures: 0, Errors: 0, Skipped: 0, Time elapsed: 0.027 s - in org.fluentlenium.test.fluentwebelement.FluentWebElementInTest
[INFO] Running org.fluentlenium.test.fluentwebelement.FluentWebElementDelegateClassInTest
[INFO] Tests run: 1, Failures: 0, Errors: 0, Skipped: 0, Time elapsed: 0.025 s - in org.fluentlenium.test.fluentwebelement.FluentWebElementDelegateClassInTest
[INFO] Running org.fluentlenium.test.fluentwebelement.StateOnElementTest
[INFO] Tests run: 7, Failures: 0, Errors: 0, Skipped: 0, Time elapsed: 0.167 s - in org.fluentlenium.test.fluentwebelement.StateOnElementTest
[INFO] Running org.fluentlenium.test.fluentwebelement.FluentWebElementSubclassInTest
[INFO] Tests run: 1, Failures: 0, Errors: 0, Skipped: 0, Time elapsed: 0.027 s - in org.fluentlenium.test.fluentwebelement.FluentWebElementSubclassInTest
[INFO] Running org.fluentlenium.test.events.EventsInvalidDriverTest
[INFO] Tests run: 1, Failures: 0, Errors: 0, Skipped: 0, Time elapsed: 0.161 s - in org.fluentlenium.test.events.EventsInvalidDriverTest
[INFO] Running org.fluentlenium.test.events.ContainerAnnotationsEventsRegistrySuperClassSetupTest
12:39:30.674 [main] INFO  EventBasedIntegrationFluentTest - About to click on something...
12:39:30.675 [main] INFO  EventBasedIntegrationFluentTest - Clicked successfully. FluentLenium is awesome! :)
[INFO] Tests run: 1, Failures: 0, Errors: 0, Skipped: 0, Time elapsed: 0.039 s - in org.fluentlenium.test.events.ContainerAnnotationsEventsRegistrySuperClassSetupTest
[INFO] Running org.fluentlenium.test.events.EventsTest
[INFO] Tests run: 4, Failures: 0, Errors: 0, Skipped: 0, Time elapsed: 0.173 s - in org.fluentlenium.test.events.EventsTest
[INFO] Running org.fluentlenium.test.events.ContainerAnnotationsEventsRegistrySetupTest
12:39:30.919 [main] INFO  ContainerAnnotationsEventsRegistrySetupTest - About to click on something...
12:39:30.921 [main] INFO  ContainerAnnotationsEventsRegistrySetupTest - Clicked successfully. FluentLenium is awesome! :)
12:39:30.921 [main] INFO  ContainerAnnotationsEventsRegistrySetupTest - Isn't it?
[INFO] Tests run: 2, Failures: 0, Errors: 0, Skipped: 0, Time elapsed: 0.05 s - in org.fluentlenium.test.events.ContainerAnnotationsEventsRegistrySetupTest
[INFO] Running org.fluentlenium.test.iframe.IframeTest
[INFO] Tests run: 4, Failures: 0, Errors: 0, Skipped: 0, Time elapsed: 0.162 s - in org.fluentlenium.test.iframe.IframeTest
[INFO] Running org.fluentlenium.test.component.ComponentsTest
[INFO] Tests run: 3, Failures: 0, Errors: 0, Skipped: 0, Time elapsed: 8.794 s - in org.fluentlenium.test.component.ComponentsTest
[INFO] Running org.fluentlenium.test.component.ElementAsTest
[INFO] Tests run: 6, Failures: 0, Errors: 0, Skipped: 0, Time elapsed: 0.157 s - in org.fluentlenium.test.component.ElementAsTest
[INFO] Running org.fluentlenium.test.injection.InjectionTest
[INFO] Tests run: 1, Failures: 0, Errors: 0, Skipped: 0, Time elapsed: 0.026 s - in org.fluentlenium.test.injection.InjectionTest
[INFO] Running org.fluentlenium.test.injection.InjectionFindTest
[INFO] Tests run: 4, Failures: 0, Errors: 0, Skipped: 0, Time elapsed: 0.064 s - in org.fluentlenium.test.injection.InjectionFindTest
[INFO] Running org.fluentlenium.test.seleniumcheck.SeleniumVersionCheckLoggingTest
[INFO] Tests run: 1, Failures: 0, Errors: 0, Skipped: 0, Time elapsed: 0.001 s - in org.fluentlenium.test.seleniumcheck.SeleniumVersionCheckLoggingTest
[INFO] Running org.fluentlenium.test.proxy.ProxyLazynessTest
[INFO] Tests run: 4, Failures: 0, Errors: 0, Skipped: 0, Time elapsed: 0.056 s - in org.fluentlenium.test.proxy.ProxyLazynessTest
[INFO] Running org.fluentlenium.test.cssinject.CssInjectTest
com.gargoylesoftware.htmlunit.DefaultCssErrorHandler@545b28fa
com.gargoylesoftware.htmlunit.DefaultCssErrorHandler@562c828e
[INFO] Tests run: 2, Failures: 0, Errors: 0, Skipped: 0, Time elapsed: 0.069 s - in org.fluentlenium.test.cssinject.CssInjectTest
[INFO] Running org.fluentlenium.test.await.WaitSizeTest
[INFO] Tests run: 9, Failures: 0, Errors: 0, Skipped: 0, Time elapsed: 13.759 s - in org.fluentlenium.test.await.WaitSizeTest
[INFO] Running org.fluentlenium.test.await.FluentLeniumFunctionalWaitTest
[INFO] Tests run: 57, Failures: 0, Errors: 0, Skipped: 0, Time elapsed: 7.283 s - in org.fluentlenium.test.await.FluentLeniumFunctionalWaitTest
[INFO] Running org.fluentlenium.test.await.negate.HappyPathsNegatedAwaitTest
[INFO] Tests run: 10, Failures: 0, Errors: 0, Skipped: 0, Time elapsed: 0.219 s - in org.fluentlenium.test.await.negate.HappyPathsNegatedAwaitTest
[INFO] Running org.fluentlenium.test.await.negate.NegatedAwaitFluentListTest
[INFO] Tests run: 7, Failures: 0, Errors: 0, Skipped: 0, Time elapsed: 3.021 s - in org.fluentlenium.test.await.negate.NegatedAwaitFluentListTest
[INFO] Running org.fluentlenium.test.await.negate.NegatedAwaitElementTest
[INFO] Tests run: 7, Failures: 0, Errors: 0, Skipped: 0, Time elapsed: 2.659 s - in org.fluentlenium.test.await.negate.NegatedAwaitElementTest
[INFO] Running org.fluentlenium.test.await.JsAwaitTest
[INFO] Tests run: 10, Failures: 0, Errors: 0, Skipped: 0, Time elapsed: 27.237 s - in org.fluentlenium.test.await.JsAwaitTest
[INFO] Running org.fluentlenium.test.await.FluentLeniumWaitTest
[INFO] Tests run: 83, Failures: 0, Errors: 0, Skipped: 0, Time elapsed: 12.039 s - in org.fluentlenium.test.await.FluentLeniumWaitTest
[INFO] Running org.fluentlenium.test.await.FluentWaitMessageWithHookTest
[INFO] Tests run: 13, Failures: 0, Errors: 0, Skipped: 0, Time elapsed: 12.216 s - in org.fluentlenium.test.await.FluentWaitMessageWithHookTest
[INFO] Running org.fluentlenium.test.await.hook.WaitHookFilteringTest
[INFO] Tests run: 1, Failures: 0, Errors: 0, Skipped: 0, Time elapsed: 0.02 s - in org.fluentlenium.test.await.hook.WaitHookFilteringTest
[INFO] Running org.fluentlenium.test.await.hook.WaitHookWithTest
[INFO] Tests run: 3, Failures: 0, Errors: 0, Skipped: 0, Time elapsed: 7.055 s - in org.fluentlenium.test.await.hook.WaitHookWithTest
[INFO] Running org.fluentlenium.test.await.hook.WaitHookAnnotationTest
[INFO] Tests run: 5, Failures: 0, Errors: 0, Skipped: 0, Time elapsed: 13.101 s - in org.fluentlenium.test.await.hook.WaitHookAnnotationTest
[INFO] Running org.fluentlenium.test.await.component.WaitComponentsListTest
[INFO] Tests run: 6, Failures: 0, Errors: 0, Skipped: 0, Time elapsed: 14.637 s - in org.fluentlenium.test.await.component.WaitComponentsListTest
[INFO] Running org.fluentlenium.test.await.FluentWaitMessageTest
[INFO] Tests run: 14, Failures: 0, Errors: 0, Skipped: 0, Time elapsed: 2.495 s - in org.fluentlenium.test.await.FluentWaitMessageTest
[INFO] Running org.fluentlenium.test.await.FluentLeniumWaitIgnoringTest
[INFO] Tests run: 6, Failures: 0, Errors: 0, Skipped: 0, Time elapsed: 0.084 s - in org.fluentlenium.test.await.FluentLeniumWaitIgnoringTest
[INFO] Running org.fluentlenium.test.await.FluentLeniumWaitElementTest
[INFO] Tests run: 45, Failures: 0, Errors: 0, Skipped: 0, Time elapsed: 15.148 s - in org.fluentlenium.test.await.FluentLeniumWaitElementTest
[INFO] Running org.fluentlenium.test.after.AfterTest
[INFO] Tests run: 1, Failures: 0, Errors: 0, Skipped: 0, Time elapsed: 0.002 s - in org.fluentlenium.test.after.AfterTest
[INFO] Running org.fluentlenium.test.htmldump.HtmlDumpPathTest
12:41:51.532 [main] INFO  FluentDriverHtmlDumper - Created HTML dump at: /tmp/tempfiles10033740537437983627/test.html
[INFO] Tests run: 1, Failures: 0, Errors: 0, Skipped: 0, Time elapsed: 0.027 s - in org.fluentlenium.test.htmldump.HtmlDumpPathTest
[INFO] Running org.fluentlenium.test.htmldump.HtmlDumpTest
12:41:51.574 [main] INFO  FluentDriverHtmlDumper - Created HTML dump at: /tmp/tempfiles6064567516903604267/test.html
[INFO] Tests run: 1, Failures: 0, Errors: 0, Skipped: 0, Time elapsed: 0.029 s - in org.fluentlenium.test.htmldump.HtmlDumpTest
[INFO] Running org.fluentlenium.test.capabilities.CapabilitiesTest
[INFO] Tests run: 1, Failures: 0, Errors: 0, Skipped: 0, Time elapsed: 0.015 s - in org.fluentlenium.test.capabilities.CapabilitiesTest
[INFO] Running org.fluentlenium.test.param.FluentListParamTest
[INFO] Tests run: 10, Failures: 0, Errors: 0, Skipped: 0, Time elapsed: 0.176 s - in org.fluentlenium.test.param.FluentListParamTest
[INFO] Running org.fluentlenium.test.param.ParamTest
[INFO] Tests run: 3, Failures: 0, Errors: 0, Skipped: 0, Time elapsed: 0.065 s - in org.fluentlenium.test.param.ParamTest
[INFO] Running org.fluentlenium.test.annotations.AnnotationsComponentsPriorityEventsTest
[INFO] Tests run: 1, Failures: 0, Errors: 0, Skipped: 0, Time elapsed: 0.023 s - in org.fluentlenium.test.annotations.AnnotationsComponentsPriorityEventsTest
[INFO] Running org.fluentlenium.test.annotations.AnnotationsComponentEventsTest
[INFO] Tests run: 3, Failures: 0, Errors: 0, Skipped: 0, Time elapsed: 0.068 s - in org.fluentlenium.test.annotations.AnnotationsComponentEventsTest
[INFO] Running org.fluentlenium.test.annotations.AnnotationsEventsTest
[INFO] Tests run: 5, Failures: 0, Errors: 0, Skipped: 0, Time elapsed: 0.225 s - in org.fluentlenium.test.annotations.AnnotationsEventsTest
[INFO] Running org.fluentlenium.test.annotations.AnnotationsPriorityEventsTest
[INFO] Tests run: 1, Failures: 0, Errors: 0, Skipped: 0, Time elapsed: 0.022 s - in org.fluentlenium.test.annotations.AnnotationsPriorityEventsTest
[INFO] Running org.fluentlenium.test.initialization.DontRunTestsWhenInitFailTest
[INFO] Tests run: 1, Failures: 0, Errors: 0, Skipped: 0, Time elapsed: 0.041 s - in org.fluentlenium.test.initialization.DontRunTestsWhenInitFailTest
[INFO] Running org.fluentlenium.test.findby.FindByOfComponentContainerTest
[INFO] Tests run: 4, Failures: 0, Errors: 0, Skipped: 0, Time elapsed: 0.081 s - in org.fluentlenium.test.findby.FindByOfComponentContainerTest
[INFO] Running org.fluentlenium.test.findby.FindByOfComponentTest
[INFO] Tests run: 4, Failures: 0, Errors: 0, Skipped: 0, Time elapsed: 0.067 s - in org.fluentlenium.test.findby.FindByOfComponentTest
[INFO] Running org.fluentlenium.test.findby.FluentSelectorTest
[INFO] Tests run: 26, Failures: 0, Errors: 0, Skipped: 0, Time elapsed: 0.576 s - in org.fluentlenium.test.findby.FluentSelectorTest
[INFO] Running org.fluentlenium.test.findby.FindByOfListTest
[INFO] Tests run: 2, Failures: 0, Errors: 0, Skipped: 0, Time elapsed: 0.041 s - in org.fluentlenium.test.findby.FindByOfListTest
[INFO] Running org.fluentlenium.test.fluentlist.SearchOnlyWithFiltersTest
[INFO] Tests run: 21, Failures: 0, Errors: 0, Skipped: 0, Time elapsed: 0.499 s - in org.fluentlenium.test.fluentlist.SearchOnlyWithFiltersTest
[INFO] Running org.fluentlenium.test.fluentlist.SearchTest
[INFO] Tests run: 9, Failures: 0, Errors: 0, Skipped: 0, Time elapsed: 0.236 s - in org.fluentlenium.test.fluentlist.SearchTest
[INFO] Running org.fluentlenium.test.fluentability.FluentabilityTest
[INFO] Tests run: 1, Failures: 0, Errors: 0, Skipped: 0, Time elapsed: 0.021 s - in org.fluentlenium.test.fluentability.FluentabilityTest
[INFO] Running org.fluentlenium.test.text.HiddenTextTest
[INFO] Tests run: 2, Failures: 0, Errors: 0, Skipped: 0, Time elapsed: 0.033 s - in org.fluentlenium.test.text.HiddenTextTest
[INFO] Running org.fluentlenium.test.page.PageInPageWithCreatePageTest
[INFO] Tests run: 1, Failures: 0, Errors: 0, Skipped: 0, Time elapsed: 0.011 s - in org.fluentlenium.test.page.PageInPageWithCreatePageTest
[INFO] Running org.fluentlenium.test.page.isat.IsAtTest
[INFO] Tests run: 7, Failures: 0, Errors: 0, Skipped: 0, Time elapsed: 0.177 s - in org.fluentlenium.test.page.isat.IsAtTest
[INFO] Running org.fluentlenium.test.page.PageUrlParameterQueryTest
[INFO] Tests run: 4, Failures: 0, Errors: 0, Skipped: 0, Time elapsed: 0.08 s - in org.fluentlenium.test.page.PageUrlParameterQueryTest
[INFO] Running org.fluentlenium.test.page.PageTest
[INFO] Tests run: 15, Failures: 0, Errors: 0, Skipped: 0, Time elapsed: 0.393 s - in org.fluentlenium.test.page.PageTest
[INFO] Running org.fluentlenium.test.page.PageWithAjaxElementTest
[INFO] Tests run: 4, Failures: 0, Errors: 0, Skipped: 0, Time elapsed: 17.103 s - in org.fluentlenium.test.page.PageWithAjaxElementTest
[INFO] Running org.fluentlenium.test.page.PageInPageWithAnnotationPageTest
[INFO] Tests run: 1, Failures: 0, Errors: 0, Skipped: 0, Time elapsed: 0.014 s - in org.fluentlenium.test.page.PageInPageWithAnnotationPageTest
[INFO] Running org.fluentlenium.test.page.gotopage.GoToTest
[INFO] Tests run: 5, Failures: 0, Errors: 0, Skipped: 0, Time elapsed: 0.051 s - in org.fluentlenium.test.page.gotopage.GoToTest
[INFO] Running org.fluentlenium.test.page.gotopage.GoToInNewTabTest
[INFO] Tests run: 1, Failures: 0, Errors: 0, Skipped: 0, Time elapsed: 0.06 s - in org.fluentlenium.test.page.gotopage.GoToInNewTabTest
[INFO] Running org.fluentlenium.test.page.SuperclassPageTest
[INFO] Tests run: 17, Failures: 0, Errors: 0, Skipped: 0, Time elapsed: 0.422 s - in org.fluentlenium.test.page.SuperclassPageTest
[INFO] Running org.fluentlenium.test.page.PageInPageTest
[INFO] Tests run: 1, Failures: 0, Errors: 0, Skipped: 0, Time elapsed: 0.01 s - in org.fluentlenium.test.page.PageInPageTest
[INFO] Running org.fluentlenium.test.page.PageAdapterTest
[INFO] Tests run: 3, Failures: 0, Errors: 0, Skipped: 0, Time elapsed: 0.038 s - in org.fluentlenium.test.page.PageAdapterTest
[INFO] Running org.fluentlenium.test.javascript.JavascriptTest
[INFO] Tests run: 8, Failures: 0, Errors: 0, Skipped: 0, Time elapsed: 0.273 s - in org.fluentlenium.test.javascript.JavascriptTest
[INFO] Running org.fluentlenium.test.count.CountTest
[INFO] Tests run: 1, Failures: 0, Errors: 0, Skipped: 0, Time elapsed: 0.062 s - in org.fluentlenium.test.count.CountTest
[INFO] Running org.fluentlenium.test.axes.AxesTest
[INFO] Tests run: 7, Failures: 0, Errors: 0, Skipped: 0, Time elapsed: 0.133 s - in org.fluentlenium.test.axes.AxesTest
[INFO] 
[INFO] Results:
[INFO] 
[INFO] Tests run: 538, Failures: 0, Errors: 0, Skipped: 0
[INFO] 
[INFO] 
[INFO] ----------------< org.fluentlenium:fluentlenium-junit >-----------------
[INFO] Building FluentLenium JUnit 4.5.2-SNAPSHOT                        [7/11]
[INFO] --------------------------------[ jar ]---------------------------------
[INFO] 
[INFO] --- maven-clean-plugin:3.1.0:clean (default-clean) @ fluentlenium-junit ---
[INFO] Deleting /home/gabsko/breaking-updates/fluentlenium-junit/target
[INFO] 
[INFO] --- flatten-maven-plugin:1.2.5:clean (flatten.clean) @ fluentlenium-junit ---
[INFO] Deleting /home/gabsko/breaking-updates/fluentlenium-junit/.flattened-pom.xml
[INFO] 
[INFO] --- maven-enforcer-plugin:3.0.0-M3:enforce (enforce-maven) @ fluentlenium-junit ---
[INFO] 
[INFO] --- jacoco-maven-plugin:0.8.6:prepare-agent (prepare-agent) @ fluentlenium-junit ---
[INFO] argLine set to -javaagent:/home/gabsko/.m2/repository/org/jacoco/org.jacoco.agent/0.8.6/org.jacoco.agent-0.8.6-runtime.jar=destfile=/home/gabsko/breaking-updates/fluentlenium-junit/target/jacoco.exec,excludes=**com.steadystate*:**com/gargoylesoftware*
[INFO] 
[INFO] --- maven-resources-plugin:3.2.0:resources (default-resources) @ fluentlenium-junit ---
[INFO] Using 'UTF-8' encoding to copy filtered resources.
[INFO] Using 'UTF-8' encoding to copy filtered properties files.
[INFO] skip non existing resourceDirectory /home/gabsko/breaking-updates/fluentlenium-junit/src/main/resources
[INFO] 
[INFO] --- flatten-maven-plugin:1.2.5:flatten (flatten) @ fluentlenium-junit ---
[INFO] Generating flattened POM of project org.fluentlenium:fluentlenium-junit:jar:4.5.2-SNAPSHOT...
[INFO] 
[INFO] --- maven-compiler-plugin:3.8.1:compile (default-compile) @ fluentlenium-junit ---
[INFO] Changes detected - recompiling the module!
[INFO] Compiling 3 source files to /home/gabsko/breaking-updates/fluentlenium-junit/target/classes
[INFO] 
[INFO] --- maven-resources-plugin:3.2.0:testResources (default-testResources) @ fluentlenium-junit ---
[INFO] Using 'UTF-8' encoding to copy filtered resources.
[INFO] Using 'UTF-8' encoding to copy filtered properties files.
[INFO] Copying 2 resources
[INFO] 
[INFO] --- maven-compiler-plugin:3.8.1:testCompile (default-testCompile) @ fluentlenium-junit ---
[INFO] Changes detected - recompiling the module!
[INFO] Compiling 18 source files to /home/gabsko/breaking-updates/fluentlenium-junit/target/test-classes
[INFO] /home/gabsko/breaking-updates/fluentlenium-junit/src/test/java/org/fluentlenium/adapter/junit/FluentTestRuleTest.java: /home/gabsko/breaking-updates/fluentlenium-junit/src/test/java/org/fluentlenium/adapter/junit/FluentTestRuleTest.java uses or overrides a deprecated API.
[INFO] /home/gabsko/breaking-updates/fluentlenium-junit/src/test/java/org/fluentlenium/adapter/junit/FluentTestRuleTest.java: Recompile with -Xlint:deprecation for details.
[INFO] 
[INFO] --- maven-surefire-plugin:3.0.0-M5:test (default-test) @ fluentlenium-junit ---
[INFO] 
[INFO] -------------------------------------------------------
[INFO]  T E S T S
[INFO] -------------------------------------------------------
[INFO] Running org.fluentlenium.adapter.junit.AfterSuccessTest
[INFO] Tests run: 1, Failures: 0, Errors: 0, Skipped: 0, Time elapsed: 1.799 s - in org.fluentlenium.adapter.junit.AfterSuccessTest
[INFO] Running org.fluentlenium.adapter.junit.AfterFailedTest
[INFO] Tests run: 1, Failures: 0, Errors: 0, Skipped: 0, Time elapsed: 0.113 s - in org.fluentlenium.adapter.junit.AfterFailedTest
[INFO] Running org.fluentlenium.adapter.junit.FluentTestRuleTest
[INFO] Tests run: 2, Failures: 0, Errors: 0, Skipped: 0, Time elapsed: 0.809 s - in org.fluentlenium.adapter.junit.FluentTestRuleTest
[INFO] 
[INFO] Results:
[INFO] 
[INFO] Tests run: 4, Failures: 0, Errors: 0, Skipped: 0
[INFO] 
[INFO] 
[INFO] ------------< org.fluentlenium:fluentlenium-spring-testng >-------------
[INFO] Building FluentLenium Spring TestNG 4.5.2-SNAPSHOT                [8/11]
[INFO] --------------------------------[ jar ]---------------------------------
[INFO] 
[INFO] --- maven-clean-plugin:3.1.0:clean (default-clean) @ fluentlenium-spring-testng ---
[INFO] Deleting /home/gabsko/breaking-updates/fluentlenium-spring-testng/target
[INFO] 
[INFO] --- flatten-maven-plugin:1.2.5:clean (flatten.clean) @ fluentlenium-spring-testng ---
[INFO] Deleting /home/gabsko/breaking-updates/fluentlenium-spring-testng/.flattened-pom.xml
[INFO] 
[INFO] --- maven-enforcer-plugin:3.0.0-M3:enforce (enforce-maven) @ fluentlenium-spring-testng ---
[INFO] 
[INFO] --- jacoco-maven-plugin:0.8.6:prepare-agent (prepare-agent) @ fluentlenium-spring-testng ---
[INFO] argLine set to -javaagent:/home/gabsko/.m2/repository/org/jacoco/org.jacoco.agent/0.8.6/org.jacoco.agent-0.8.6-runtime.jar=destfile=/home/gabsko/breaking-updates/fluentlenium-spring-testng/target/jacoco.exec,excludes=**com.steadystate*:**com/gargoylesoftware*
[INFO] 
[INFO] --- maven-resources-plugin:3.2.0:resources (default-resources) @ fluentlenium-spring-testng ---
[INFO] Using 'UTF-8' encoding to copy filtered resources.
[INFO] Using 'UTF-8' encoding to copy filtered properties files.
[INFO] skip non existing resourceDirectory /home/gabsko/breaking-updates/fluentlenium-spring-testng/src/main/resources
[INFO] 
[INFO] --- flatten-maven-plugin:1.2.5:flatten (flatten) @ fluentlenium-spring-testng ---
[INFO] Generating flattened POM of project org.fluentlenium:fluentlenium-spring-testng:jar:4.5.2-SNAPSHOT...
[INFO] 
[INFO] --- maven-compiler-plugin:3.8.1:compile (default-compile) @ fluentlenium-spring-testng ---
[INFO] Changes detected - recompiling the module!
[INFO] Compiling 4 source files to /home/gabsko/breaking-updates/fluentlenium-spring-testng/target/classes
[INFO] 
[INFO] --- maven-resources-plugin:3.2.0:testResources (default-testResources) @ fluentlenium-spring-testng ---
[INFO] Using 'UTF-8' encoding to copy filtered resources.
[INFO] Using 'UTF-8' encoding to copy filtered properties files.
[INFO] Copying 4 resources
[INFO] 
[INFO] --- maven-compiler-plugin:3.8.1:testCompile (default-testCompile) @ fluentlenium-spring-testng ---
[INFO] Changes detected - recompiling the module!
[INFO] Compiling 22 source files to /home/gabsko/breaking-updates/fluentlenium-spring-testng/target/test-classes
[INFO] 
[INFO] --- maven-surefire-plugin:3.0.0-M5:test (default-test) @ fluentlenium-spring-testng ---
[INFO] 
[INFO] -------------------------------------------------------
[INFO]  T E S T S
[INFO] -------------------------------------------------------
[INFO] Running TestSuite
12:42:20.083 [main] INFO  AbstractTestContextBootstrapper - Using TestExecutionListeners: [org.springframework.test.context.support.DirtiesContextBeforeModesTestExecutionListener@134ccb03, org.springframework.test.context.support.DependencyInjectionTestExecutionListener@7105d271, org.springframework.test.context.support.DirtiesContextTestExecutionListener@12e25b4b, org.springframework.test.context.event.EventPublishingTestExecutionListener@7072606]
12:42:20.250 [main] INFO  AbstractTestContextBootstrapper - Using TestExecutionListeners: [org.springframework.test.context.support.DirtiesContextBeforeModesTestExecutionListener@664e8bb7, org.springframework.test.context.support.DependencyInjectionTestExecutionListener@73859ca8, org.springframework.test.context.support.DirtiesContextTestExecutionListener@1a2d02d8, org.springframework.test.context.event.EventPublishingTestExecutionListener@5b1378cf]
12:42:20.269 [main] INFO  AbstractTestContextBootstrapper - Using TestExecutionListeners: [org.springframework.test.context.support.DirtiesContextBeforeModesTestExecutionListener@6b732d6, org.springframework.test.context.support.DependencyInjectionTestExecutionListener@76300346, org.springframework.test.context.support.DirtiesContextTestExecutionListener@153f6a67, org.springframework.test.context.event.EventPublishingTestExecutionListener@5b3c2e59]
12:42:20.300 [main] INFO  AbstractTestContextBootstrapper - Using TestExecutionListeners: [org.springframework.test.context.support.DirtiesContextBeforeModesTestExecutionListener@1e620fe7, org.springframework.test.context.support.DependencyInjectionTestExecutionListener@351aa7f, org.springframework.test.context.support.DirtiesContextTestExecutionListener@7a56c3c7, org.springframework.test.context.event.EventPublishingTestExecutionListener@4105b1d2]
12:42:20.315 [main] INFO  AbstractTestContextBootstrapper - Using TestExecutionListeners: [org.springframework.test.context.support.DirtiesContextBeforeModesTestExecutionListener@5f4ebecd, org.springframework.test.context.support.DependencyInjectionTestExecutionListener@4f042c70, org.springframework.test.context.support.DirtiesContextTestExecutionListener@39f826ae, org.springframework.test.context.event.EventPublishingTestExecutionListener@3c50ba07]
12:42:20.331 [main] INFO  AbstractTestContextBootstrapper - Using TestExecutionListeners: [org.springframework.test.context.support.DirtiesContextBeforeModesTestExecutionListener@10b6a807, org.springframework.test.context.support.DependencyInjectionTestExecutionListener@17c533f3, org.springframework.test.context.support.DirtiesContextTestExecutionListener@30386e95, org.springframework.test.context.event.EventPublishingTestExecutionListener@ab118b8]
12:42:20.349 [main] INFO  AbstractTestContextBootstrapper - Using TestExecutionListeners: [org.springframework.test.context.support.DirtiesContextBeforeModesTestExecutionListener@78b5b2f9, org.springframework.test.context.support.DependencyInjectionTestExecutionListener@3680cde9, org.springframework.test.context.support.DirtiesContextTestExecutionListener@5c1d1aa6, org.springframework.test.context.event.EventPublishingTestExecutionListener@6804a46a]
12:42:20.364 [main] INFO  AbstractTestContextBootstrapper - Using TestExecutionListeners: [org.springframework.test.context.support.DirtiesContextBeforeModesTestExecutionListener@30865a1, org.springframework.test.context.support.DependencyInjectionTestExecutionListener@35dc4303, org.springframework.test.context.support.DirtiesContextTestExecutionListener@5707ce70, org.springframework.test.context.event.EventPublishingTestExecutionListener@11225084]
12:42:20.379 [main] INFO  AbstractTestContextBootstrapper - Using TestExecutionListeners: [org.springframework.test.context.support.DirtiesContextBeforeModesTestExecutionListener@ee3a026, org.springframework.test.context.support.DependencyInjectionTestExecutionListener@bd62a6e, org.springframework.test.context.support.DirtiesContextTestExecutionListener@6fd458ec, org.springframework.test.context.event.EventPublishingTestExecutionListener@4a501cab]
12:42:20.400 [main] INFO  AbstractTestContextBootstrapper - Using TestExecutionListeners: [org.springframework.test.context.support.DirtiesContextBeforeModesTestExecutionListener@1933e1dc, org.springframework.test.context.support.DependencyInjectionTestExecutionListener@53963f8e, org.springframework.test.context.support.DirtiesContextTestExecutionListener@ae54cb3, org.springframework.test.context.event.EventPublishingTestExecutionListener@24a6655d]
12:42:20.413 [main] INFO  AbstractTestContextBootstrapper - Using TestExecutionListeners: [org.springframework.test.context.support.DirtiesContextBeforeModesTestExecutionListener@21c7c5f0, org.springframework.test.context.support.DependencyInjectionTestExecutionListener@75643efa, org.springframework.test.context.support.DirtiesContextTestExecutionListener@2d36a825, org.springframework.test.context.event.EventPublishingTestExecutionListener@68d751bf]
12:42:20.426 [main] INFO  AbstractTestContextBootstrapper - Using TestExecutionListeners: [org.springframework.test.context.support.DirtiesContextBeforeModesTestExecutionListener@3514d1a4, org.springframework.test.context.support.DependencyInjectionTestExecutionListener@1177049c, org.springframework.test.context.support.DirtiesContextTestExecutionListener@2c05303d, org.springframework.test.context.event.EventPublishingTestExecutionListener@32394a4b]
12:42:20.441 [main] INFO  AbstractTestContextBootstrapper - Using TestExecutionListeners: [org.springframework.test.context.support.DirtiesContextBeforeModesTestExecutionListener@396ea7ab, org.springframework.test.context.support.DependencyInjectionTestExecutionListener@44496e0c, org.springframework.test.context.support.DirtiesContextTestExecutionListener@5e9257b3, org.springframework.test.context.event.EventPublishingTestExecutionListener@315f5ffb]
12:42:20.455 [main] INFO  AbstractTestContextBootstrapper - Using TestExecutionListeners: [org.springframework.test.context.support.DirtiesContextBeforeModesTestExecutionListener@ec9f91b, org.springframework.test.context.support.DependencyInjectionTestExecutionListener@32ca397b, org.springframework.test.context.support.DirtiesContextTestExecutionListener@41c02b8c, org.springframework.test.context.event.EventPublishingTestExecutionListener@1a787480]
12:42:20.509 [main] INFO  AbstractTestContextBootstrapper - Using TestExecutionListeners: [org.springframework.test.context.support.DirtiesContextBeforeModesTestExecutionListener@2f71cdc0, org.springframework.test.context.support.DependencyInjectionTestExecutionListener@5440942, org.springframework.test.context.support.DirtiesContextTestExecutionListener@18aa9b83, org.springframework.test.context.event.EventPublishingTestExecutionListener@265b52b7]
12:42:20.535 [main] INFO  AbstractTestContextBootstrapper - Using TestExecutionListeners: [org.springframework.test.context.support.DirtiesContextBeforeModesTestExecutionListener@4cad5173, org.springframework.test.context.support.DependencyInjectionTestExecutionListener@1a9797f2, org.springframework.test.context.support.DirtiesContextTestExecutionListener@6bd721e1, org.springframework.test.context.event.EventPublishingTestExecutionListener@4ba25170]
12:42:20.597 [main] INFO  AbstractTestContextBootstrapper - Using TestExecutionListeners: [org.springframework.test.context.support.DirtiesContextBeforeModesTestExecutionListener@4c5bcc6e, org.springframework.test.context.support.DependencyInjectionTestExecutionListener@6d66f9e3, org.springframework.test.context.support.DirtiesContextTestExecutionListener@10679360, org.springframework.test.context.event.EventPublishingTestExecutionListener@11478a05]
12:42:20.626 [main] INFO  AbstractTestContextBootstrapper - Using TestExecutionListeners: [org.springframework.test.context.support.DirtiesContextBeforeModesTestExecutionListener@3ae14048, org.springframework.test.context.support.DependencyInjectionTestExecutionListener@7fda2507, org.springframework.test.context.support.DirtiesContextTestExecutionListener@3d34b11c, org.springframework.test.context.event.EventPublishingTestExecutionListener@448f656]
12:42:24.005 [TestNG-test=Surefire test-1] INFO  AbstractTestContextBootstrapper - Neither @ContextConfiguration nor @ContextHierarchy found for test class [org.fluentlenium.adapter.testng.SpringTestNGControl], using DelegatingSmartContextLoader
12:42:24.007 [TestNG-test=Surefire test-1] INFO  AbstractContextLoader - Could not detect default resource locations for test class [org.fluentlenium.adapter.testng.SpringTestNGControl]: no resource found for suffixes {-context.xml}.
12:42:24.009 [TestNG-test=Surefire test-1] INFO  AnnotationConfigContextLoaderUtils - Could not detect default configuration classes for test class [org.fluentlenium.adapter.testng.SpringTestNGControl]: SpringTestNGControl does not declare any static, non-private, non-final, nested classes annotated with @Configuration.
12:42:24.012 [TestNG-test=Surefire test-1] INFO  AbstractTestContextBootstrapper - Using TestExecutionListeners: [org.springframework.test.context.support.DirtiesContextBeforeModesTestExecutionListener@4500c704, org.springframework.test.context.support.DependencyInjectionTestExecutionListener@2e34a1e8, org.springframework.test.context.support.DirtiesContextTestExecutionListener@7453d8b2, org.springframework.test.context.event.EventPublishingTestExecutionListener@4aabbded]
12:42:24.030 [TestNG-test=Surefire test-1] INFO  AbstractTestContextBootstrapper - Neither @ContextConfiguration nor @ContextHierarchy found for test class [org.fluentlenium.adapter.testng.SpringTestNGControl], using DelegatingSmartContextLoader
12:42:24.031 [TestNG-test=Surefire test-1] INFO  AbstractContextLoader - Could not detect default resource locations for test class [org.fluentlenium.adapter.testng.SpringTestNGControl]: no resource found for suffixes {-context.xml}.
12:42:24.031 [TestNG-test=Surefire test-1] INFO  AnnotationConfigContextLoaderUtils - Could not detect default configuration classes for test class [org.fluentlenium.adapter.testng.SpringTestNGControl]: SpringTestNGControl does not declare any static, non-private, non-final, nested classes annotated with @Configuration.
12:42:24.033 [TestNG-test=Surefire test-1] INFO  AbstractTestContextBootstrapper - Using TestExecutionListeners: [org.springframework.test.context.support.DirtiesContextBeforeModesTestExecutionListener@30eff0fd, org.springframework.test.context.support.DependencyInjectionTestExecutionListener@5b9443b2, org.springframework.test.context.support.DirtiesContextTestExecutionListener@70c94823, org.springframework.test.context.event.EventPublishingTestExecutionListener@61f7061a]
12:42:24.043 [TestNG-test=Surefire test-1] INFO  AbstractTestContextBootstrapper - Neither @ContextConfiguration nor @ContextHierarchy found for test class [org.fluentlenium.adapter.testng.SpringTestNGControl], using DelegatingSmartContextLoader
12:42:24.044 [TestNG-test=Surefire test-1] INFO  AbstractContextLoader - Could not detect default resource locations for test class [org.fluentlenium.adapter.testng.SpringTestNGControl]: no resource found for suffixes {-context.xml}.
12:42:24.044 [TestNG-test=Surefire test-1] INFO  AnnotationConfigContextLoaderUtils - Could not detect default configuration classes for test class [org.fluentlenium.adapter.testng.SpringTestNGControl]: SpringTestNGControl does not declare any static, non-private, non-final, nested classes annotated with @Configuration.
12:42:24.046 [TestNG-test=Surefire test-1] INFO  AbstractTestContextBootstrapper - Using TestExecutionListeners: [org.springframework.test.context.support.DirtiesContextBeforeModesTestExecutionListener@5587504b, org.springframework.test.context.support.DependencyInjectionTestExecutionListener@787a7067, org.springframework.test.context.support.DirtiesContextTestExecutionListener@11e104f3, org.springframework.test.context.event.EventPublishingTestExecutionListener@4c825a15]
12:42:24.054 [TestNG-test=Surefire test-1] INFO  AbstractTestContextBootstrapper - Neither @ContextConfiguration nor @ContextHierarchy found for test class [org.fluentlenium.adapter.testng.SpringTestNGControl], using DelegatingSmartContextLoader
12:42:24.054 [TestNG-test=Surefire test-1] INFO  AbstractContextLoader - Could not detect default resource locations for test class [org.fluentlenium.adapter.testng.SpringTestNGControl]: no resource found for suffixes {-context.xml}.
12:42:24.055 [TestNG-test=Surefire test-1] INFO  AnnotationConfigContextLoaderUtils - Could not detect default configuration classes for test class [org.fluentlenium.adapter.testng.SpringTestNGControl]: SpringTestNGControl does not declare any static, non-private, non-final, nested classes annotated with @Configuration.
12:42:24.057 [TestNG-test=Surefire test-1] INFO  AbstractTestContextBootstrapper - Using TestExecutionListeners: [org.springframework.test.context.support.DirtiesContextBeforeModesTestExecutionListener@73f92446, org.springframework.test.context.support.DependencyInjectionTestExecutionListener@568411f9, org.springframework.test.context.support.DirtiesContextTestExecutionListener@7fbddbc7, org.springframework.test.context.event.EventPublishingTestExecutionListener@12c382eb]
12:42:24.061 [TestNG-test=Surefire test-1] INFO  AbstractTestContextBootstrapper - Neither @ContextConfiguration nor @ContextHierarchy found for test class [org.fluentlenium.adapter.testng.SpringTestNGControl], using DelegatingSmartContextLoader
12:42:24.062 [TestNG-test=Surefire test-1] INFO  AbstractContextLoader - Could not detect default resource locations for test class [org.fluentlenium.adapter.testng.SpringTestNGControl]: no resource found for suffixes {-context.xml}.
12:42:24.062 [TestNG-test=Surefire test-1] INFO  AnnotationConfigContextLoaderUtils - Could not detect default configuration classes for test class [org.fluentlenium.adapter.testng.SpringTestNGControl]: SpringTestNGControl does not declare any static, non-private, non-final, nested classes annotated with @Configuration.
12:42:24.064 [TestNG-test=Surefire test-1] INFO  AbstractTestContextBootstrapper - Using TestExecutionListeners: [org.springframework.test.context.support.DirtiesContextBeforeModesTestExecutionListener@6ca8db04, org.springframework.test.context.support.DependencyInjectionTestExecutionListener@3280ea5b, org.springframework.test.context.support.DirtiesContextTestExecutionListener@1eb3bdf1, org.springframework.test.context.event.EventPublishingTestExecutionListener@33079624]
12:42:24.074 [TestNG-test=Surefire test-1] INFO  AbstractTestContextBootstrapper - Neither @ContextConfiguration nor @ContextHierarchy found for test class [org.fluentlenium.adapter.testng.SpringTestNGControl], using DelegatingSmartContextLoader
12:42:24.074 [TestNG-test=Surefire test-1] INFO  AbstractContextLoader - Could not detect default resource locations for test class [org.fluentlenium.adapter.testng.SpringTestNGControl]: no resource found for suffixes {-context.xml}.
12:42:24.074 [TestNG-test=Surefire test-1] INFO  AnnotationConfigContextLoaderUtils - Could not detect default configuration classes for test class [org.fluentlenium.adapter.testng.SpringTestNGControl]: SpringTestNGControl does not declare any static, non-private, non-final, nested classes annotated with @Configuration.
12:42:24.076 [TestNG-test=Surefire test-1] INFO  AbstractTestContextBootstrapper - Using TestExecutionListeners: [org.springframework.test.context.support.DirtiesContextBeforeModesTestExecutionListener@17d734e3, org.springframework.test.context.support.DependencyInjectionTestExecutionListener@f905168, org.springframework.test.context.support.DirtiesContextTestExecutionListener@67088cb7, org.springframework.test.context.event.EventPublishingTestExecutionListener@550c666d]
12:42:24.080 [TestNG-test=Surefire test-1] INFO  AbstractTestContextBootstrapper - Neither @ContextConfiguration nor @ContextHierarchy found for test class [org.fluentlenium.adapter.testng.SpringTestNGControl], using DelegatingSmartContextLoader
12:42:24.081 [TestNG-test=Surefire test-1] INFO  AbstractContextLoader - Could not detect default resource locations for test class [org.fluentlenium.adapter.testng.SpringTestNGControl]: no resource found for suffixes {-context.xml}.
12:42:24.081 [TestNG-test=Surefire test-1] INFO  AnnotationConfigContextLoaderUtils - Could not detect default configuration classes for test class [org.fluentlenium.adapter.testng.SpringTestNGControl]: SpringTestNGControl does not declare any static, non-private, non-final, nested classes annotated with @Configuration.
12:42:24.083 [TestNG-test=Surefire test-1] INFO  AbstractTestContextBootstrapper - Using TestExecutionListeners: [org.springframework.test.context.support.DirtiesContextBeforeModesTestExecutionListener@5092ff72, org.springframework.test.context.support.DependencyInjectionTestExecutionListener@30e3727, org.springframework.test.context.support.DirtiesContextTestExecutionListener@1efb0067, org.springframework.test.context.event.EventPublishingTestExecutionListener@54618978]
12:42:24.086 [TestNG-test=Surefire test-1] INFO  AbstractTestContextBootstrapper - Neither @ContextConfiguration nor @ContextHierarchy found for test class [org.fluentlenium.adapter.testng.SpringTestNGControl], using DelegatingSmartContextLoader
12:42:24.087 [TestNG-test=Surefire test-1] INFO  AbstractContextLoader - Could not detect default resource locations for test class [org.fluentlenium.adapter.testng.SpringTestNGControl]: no resource found for suffixes {-context.xml}.
12:42:24.087 [TestNG-test=Surefire test-1] INFO  AnnotationConfigContextLoaderUtils - Could not detect default configuration classes for test class [org.fluentlenium.adapter.testng.SpringTestNGControl]: SpringTestNGControl does not declare any static, non-private, non-final, nested classes annotated with @Configuration.
12:42:24.089 [TestNG-test=Surefire test-1] INFO  AbstractTestContextBootstrapper - Using TestExecutionListeners: [org.springframework.test.context.support.DirtiesContextBeforeModesTestExecutionListener@59a53c12, org.springframework.test.context.support.DependencyInjectionTestExecutionListener@73457956, org.springframework.test.context.support.DirtiesContextTestExecutionListener@41386373, org.springframework.test.context.event.EventPublishingTestExecutionListener@79d62c54]
12:42:24.093 [TestNG-test=Surefire test-1] INFO  AbstractTestContextBootstrapper - Neither @ContextConfiguration nor @ContextHierarchy found for test class [org.fluentlenium.adapter.testng.SpringTestNGControl], using DelegatingSmartContextLoader
12:42:24.094 [TestNG-test=Surefire test-1] INFO  AbstractContextLoader - Could not detect default resource locations for test class [org.fluentlenium.adapter.testng.SpringTestNGControl]: no resource found for suffixes {-context.xml}.
12:42:24.094 [TestNG-test=Surefire test-1] INFO  AnnotationConfigContextLoaderUtils - Could not detect default configuration classes for test class [org.fluentlenium.adapter.testng.SpringTestNGControl]: SpringTestNGControl does not declare any static, non-private, non-final, nested classes annotated with @Configuration.
12:42:24.095 [TestNG-test=Surefire test-1] INFO  AbstractTestContextBootstrapper - Using TestExecutionListeners: [org.springframework.test.context.support.DirtiesContextBeforeModesTestExecutionListener@2e6d3d4f, org.springframework.test.context.support.DependencyInjectionTestExecutionListener@6dbec13f, org.springframework.test.context.support.DirtiesContextTestExecutionListener@fefec76, org.springframework.test.context.event.EventPublishingTestExecutionListener@7353f186]
12:42:24.099 [TestNG-test=Surefire test-1] INFO  AbstractTestContextBootstrapper - Neither @ContextConfiguration nor @ContextHierarchy found for test class [org.fluentlenium.adapter.testng.SpringTestNGControl], using DelegatingSmartContextLoader
12:42:24.099 [TestNG-test=Surefire test-1] INFO  AbstractContextLoader - Could not detect default resource locations for test class [org.fluentlenium.adapter.testng.SpringTestNGControl]: no resource found for suffixes {-context.xml}.
12:42:24.100 [TestNG-test=Surefire test-1] INFO  AnnotationConfigContextLoaderUtils - Could not detect default configuration classes for test class [org.fluentlenium.adapter.testng.SpringTestNGControl]: SpringTestNGControl does not declare any static, non-private, non-final, nested classes annotated with @Configuration.
12:42:24.101 [TestNG-test=Surefire test-1] INFO  AbstractTestContextBootstrapper - Using TestExecutionListeners: [org.springframework.test.context.support.DirtiesContextBeforeModesTestExecutionListener@b6fa39e, org.springframework.test.context.support.DependencyInjectionTestExecutionListener@1743842e, org.springframework.test.context.support.DirtiesContextTestExecutionListener@1eaa4b91, org.springframework.test.context.event.EventPublishingTestExecutionListener@53bcf0cc]
12:42:24.105 [TestNG-test=Surefire test-1] INFO  AbstractTestContextBootstrapper - Neither @ContextConfiguration nor @ContextHierarchy found for test class [org.fluentlenium.adapter.testng.SpringTestNGControl], using DelegatingSmartContextLoader
12:42:24.106 [TestNG-test=Surefire test-1] INFO  AbstractContextLoader - Could not detect default resource locations for test class [org.fluentlenium.adapter.testng.SpringTestNGControl]: no resource found for suffixes {-context.xml}.
12:42:24.106 [TestNG-test=Surefire test-1] INFO  AnnotationConfigContextLoaderUtils - Could not detect default configuration classes for test class [org.fluentlenium.adapter.testng.SpringTestNGControl]: SpringTestNGControl does not declare any static, non-private, non-final, nested classes annotated with @Configuration.
12:42:24.108 [TestNG-test=Surefire test-1] INFO  AbstractTestContextBootstrapper - Using TestExecutionListeners: [org.springframework.test.context.support.DirtiesContextBeforeModesTestExecutionListener@42759aeb, org.springframework.test.context.support.DependencyInjectionTestExecutionListener@4247ed4, org.springframework.test.context.support.DirtiesContextTestExecutionListener@24fd75ef, org.springframework.test.context.event.EventPublishingTestExecutionListener@50f3aa83]
12:42:24.112 [TestNG-test=Surefire test-1] INFO  AbstractTestContextBootstrapper - Neither @ContextConfiguration nor @ContextHierarchy found for test class [org.fluentlenium.adapter.testng.SpringTestNGControl], using DelegatingSmartContextLoader
12:42:24.113 [TestNG-test=Surefire test-1] INFO  AbstractContextLoader - Could not detect default resource locations for test class [org.fluentlenium.adapter.testng.SpringTestNGControl]: no resource found for suffixes {-context.xml}.
12:42:24.113 [TestNG-test=Surefire test-1] INFO  AnnotationConfigContextLoaderUtils - Could not detect default configuration classes for test class [org.fluentlenium.adapter.testng.SpringTestNGControl]: SpringTestNGControl does not declare any static, non-private, non-final, nested classes annotated with @Configuration.
12:42:24.115 [TestNG-test=Surefire test-1] INFO  AbstractTestContextBootstrapper - Using TestExecutionListeners: [org.springframework.test.context.support.DirtiesContextBeforeModesTestExecutionListener@351cecc2, org.springframework.test.context.support.DependencyInjectionTestExecutionListener@5eb5f733, org.springframework.test.context.support.DirtiesContextTestExecutionListener@33bcd3f6, org.springframework.test.context.event.EventPublishingTestExecutionListener@4214b90a]
12:42:24.118 [TestNG-test=Surefire test-1] INFO  AbstractTestContextBootstrapper - Neither @ContextConfiguration nor @ContextHierarchy found for test class [org.fluentlenium.adapter.testng.SpringTestNGControl], using DelegatingSmartContextLoader
12:42:24.119 [TestNG-test=Surefire test-1] INFO  AbstractContextLoader - Could not detect default resource locations for test class [org.fluentlenium.adapter.testng.SpringTestNGControl]: no resource found for suffixes {-context.xml}.
12:42:24.119 [TestNG-test=Surefire test-1] INFO  AnnotationConfigContextLoaderUtils - Could not detect default configuration classes for test class [org.fluentlenium.adapter.testng.SpringTestNGControl]: SpringTestNGControl does not declare any static, non-private, non-final, nested classes annotated with @Configuration.
12:42:24.121 [TestNG-test=Surefire test-1] INFO  AbstractTestContextBootstrapper - Using TestExecutionListeners: [org.springframework.test.context.support.DirtiesContextBeforeModesTestExecutionListener@1fa494b4, org.springframework.test.context.support.DependencyInjectionTestExecutionListener@22efb4d2, org.springframework.test.context.support.DirtiesContextTestExecutionListener@7bd9df5, org.springframework.test.context.event.EventPublishingTestExecutionListener@2c80d885]
12:42:24.124 [TestNG-test=Surefire test-1] INFO  AbstractTestContextBootstrapper - Neither @ContextConfiguration nor @ContextHierarchy found for test class [org.fluentlenium.adapter.testng.SpringTestNGControl], using DelegatingSmartContextLoader
12:42:24.125 [TestNG-test=Surefire test-1] INFO  AbstractContextLoader - Could not detect default resource locations for test class [org.fluentlenium.adapter.testng.SpringTestNGControl]: no resource found for suffixes {-context.xml}.
12:42:24.125 [TestNG-test=Surefire test-1] INFO  AnnotationConfigContextLoaderUtils - Could not detect default configuration classes for test class [org.fluentlenium.adapter.testng.SpringTestNGControl]: SpringTestNGControl does not declare any static, non-private, non-final, nested classes annotated with @Configuration.
12:42:24.126 [TestNG-test=Surefire test-1] INFO  AbstractTestContextBootstrapper - Using TestExecutionListeners: [org.springframework.test.context.support.DirtiesContextBeforeModesTestExecutionListener@2c4a130a, org.springframework.test.context.support.DependencyInjectionTestExecutionListener@2802cbd8, org.springframework.test.context.support.DirtiesContextTestExecutionListener@1513f34c, org.springframework.test.context.event.EventPublishingTestExecutionListener@65ee8a79]
12:42:24.129 [TestNG-test=Surefire test-1] INFO  AbstractTestContextBootstrapper - Neither @ContextConfiguration nor @ContextHierarchy found for test class [org.fluentlenium.adapter.testng.SpringTestNGControl], using DelegatingSmartContextLoader
12:42:24.130 [TestNG-test=Surefire test-1] INFO  AbstractContextLoader - Could not detect default resource locations for test class [org.fluentlenium.adapter.testng.SpringTestNGControl]: no resource found for suffixes {-context.xml}.
12:42:24.130 [TestNG-test=Surefire test-1] INFO  AnnotationConfigContextLoaderUtils - Could not detect default configuration classes for test class [org.fluentlenium.adapter.testng.SpringTestNGControl]: SpringTestNGControl does not declare any static, non-private, non-final, nested classes annotated with @Configuration.
12:42:24.132 [TestNG-test=Surefire test-1] INFO  AbstractTestContextBootstrapper - Using TestExecutionListeners: [org.springframework.test.context.support.DirtiesContextBeforeModesTestExecutionListener@1e6d7cd6, org.springframework.test.context.support.DependencyInjectionTestExecutionListener@781870f6, org.springframework.test.context.support.DirtiesContextTestExecutionListener@3532926a, org.springframework.test.context.event.EventPublishingTestExecutionListener@52d0ce07]
12:42:24.135 [TestNG-test=Surefire test-1] INFO  AbstractTestContextBootstrapper - Neither @ContextConfiguration nor @ContextHierarchy found for test class [org.fluentlenium.adapter.testng.SpringTestNGControl], using DelegatingSmartContextLoader
12:42:24.136 [TestNG-test=Surefire test-1] INFO  AbstractContextLoader - Could not detect default resource locations for test class [org.fluentlenium.adapter.testng.SpringTestNGControl]: no resource found for suffixes {-context.xml}.
12:42:24.136 [TestNG-test=Surefire test-1] INFO  AnnotationConfigContextLoaderUtils - Could not detect default configuration classes for test class [org.fluentlenium.adapter.testng.SpringTestNGControl]: SpringTestNGControl does not declare any static, non-private, non-final, nested classes annotated with @Configuration.
12:42:24.138 [TestNG-test=Surefire test-1] INFO  AbstractTestContextBootstrapper - Using TestExecutionListeners: [org.springframework.test.context.support.DirtiesContextBeforeModesTestExecutionListener@76f255ea, org.springframework.test.context.support.DependencyInjectionTestExecutionListener@1ba9f46b, org.springframework.test.context.support.DirtiesContextTestExecutionListener@3c062b7c, org.springframework.test.context.event.EventPublishingTestExecutionListener@7c4cd757]
12:42:24.142 [TestNG-test=Surefire test-1] INFO  AbstractTestContextBootstrapper - Neither @ContextConfiguration nor @ContextHierarchy found for test class [org.fluentlenium.adapter.testng.SpringTestNGControl], using DelegatingSmartContextLoader
12:42:24.143 [TestNG-test=Surefire test-1] INFO  AbstractContextLoader - Could not detect default resource locations for test class [org.fluentlenium.adapter.testng.SpringTestNGControl]: no resource found for suffixes {-context.xml}.
12:42:24.145 [TestNG-test=Surefire test-1] INFO  AnnotationConfigContextLoaderUtils - Could not detect default configuration classes for test class [org.fluentlenium.adapter.testng.SpringTestNGControl]: SpringTestNGControl does not declare any static, non-private, non-final, nested classes annotated with @Configuration.
12:42:24.146 [TestNG-test=Surefire test-1] INFO  AbstractTestContextBootstrapper - Using TestExecutionListeners: [org.springframework.test.context.support.DirtiesContextBeforeModesTestExecutionListener@33780f49, org.springframework.test.context.support.DependencyInjectionTestExecutionListener@37db0e60, org.springframework.test.context.support.DirtiesContextTestExecutionListener@59ade0bd, org.springframework.test.context.event.EventPublishingTestExecutionListener@50770e58]
12:42:24.151 [TestNG-test=Surefire test-1] INFO  AbstractTestContextBootstrapper - Neither @ContextConfiguration nor @ContextHierarchy found for test class [org.fluentlenium.adapter.testng.SpringTestNGControl], using DelegatingSmartContextLoader
12:42:24.151 [TestNG-test=Surefire test-1] INFO  AbstractContextLoader - Could not detect default resource locations for test class [org.fluentlenium.adapter.testng.SpringTestNGControl]: no resource found for suffixes {-context.xml}.
12:42:24.152 [TestNG-test=Surefire test-1] INFO  AnnotationConfigContextLoaderUtils - Could not detect default configuration classes for test class [org.fluentlenium.adapter.testng.SpringTestNGControl]: SpringTestNGControl does not declare any static, non-private, non-final, nested classes annotated with @Configuration.
12:42:24.153 [TestNG-test=Surefire test-1] INFO  AbstractTestContextBootstrapper - Using TestExecutionListeners: [org.springframework.test.context.support.DirtiesContextBeforeModesTestExecutionListener@39ebd279, org.springframework.test.context.support.DependencyInjectionTestExecutionListener@26904a28, org.springframework.test.context.support.DirtiesContextTestExecutionListener@5d80ec94, org.springframework.test.context.event.EventPublishingTestExecutionListener@75d0113e]
12:42:24.157 [TestNG-test=Surefire test-1] INFO  AbstractTestContextBootstrapper - Neither @ContextConfiguration nor @ContextHierarchy found for test class [org.fluentlenium.adapter.testng.SpringTestNGControl], using DelegatingSmartContextLoader
12:42:24.158 [TestNG-test=Surefire test-1] INFO  AbstractContextLoader - Could not detect default resource locations for test class [org.fluentlenium.adapter.testng.SpringTestNGControl]: no resource found for suffixes {-context.xml}.
12:42:24.158 [TestNG-test=Surefire test-1] INFO  AnnotationConfigContextLoaderUtils - Could not detect default configuration classes for test class [org.fluentlenium.adapter.testng.SpringTestNGControl]: SpringTestNGControl does not declare any static, non-private, non-final, nested classes annotated with @Configuration.
12:42:24.159 [TestNG-test=Surefire test-1] INFO  AbstractTestContextBootstrapper - Using TestExecutionListeners: [org.springframework.test.context.support.DirtiesContextBeforeModesTestExecutionListener@6d531432, org.springframework.test.context.support.DependencyInjectionTestExecutionListener@4f1c6c67, org.springframework.test.context.support.DirtiesContextTestExecutionListener@22813a80, org.springframework.test.context.event.EventPublishingTestExecutionListener@68264b50]
12:42:24.163 [TestNG-test=Surefire test-1] INFO  AbstractTestContextBootstrapper - Neither @ContextConfiguration nor @ContextHierarchy found for test class [org.fluentlenium.adapter.testng.SpringTestNGControl], using DelegatingSmartContextLoader
12:42:24.163 [TestNG-test=Surefire test-1] INFO  AbstractContextLoader - Could not detect default resource locations for test class [org.fluentlenium.adapter.testng.SpringTestNGControl]: no resource found for suffixes {-context.xml}.
12:42:24.164 [TestNG-test=Surefire test-1] INFO  AnnotationConfigContextLoaderUtils - Could not detect default configuration classes for test class [org.fluentlenium.adapter.testng.SpringTestNGControl]: SpringTestNGControl does not declare any static, non-private, non-final, nested classes annotated with @Configuration.
12:42:24.165 [TestNG-test=Surefire test-1] INFO  AbstractTestContextBootstrapper - Using TestExecutionListeners: [org.springframework.test.context.support.DirtiesContextBeforeModesTestExecutionListener@46c2ccd7, org.springframework.test.context.support.DependencyInjectionTestExecutionListener@5d309868, org.springframework.test.context.support.DirtiesContextTestExecutionListener@b7a77e4, org.springframework.test.context.event.EventPublishingTestExecutionListener@29d7ae41]
12:42:24.169 [TestNG-test=Surefire test-1] INFO  AbstractTestContextBootstrapper - Neither @ContextConfiguration nor @ContextHierarchy found for test class [org.fluentlenium.adapter.testng.SpringTestNGControl], using DelegatingSmartContextLoader
12:42:24.169 [TestNG-test=Surefire test-1] INFO  AbstractContextLoader - Could not detect default resource locations for test class [org.fluentlenium.adapter.testng.SpringTestNGControl]: no resource found for suffixes {-context.xml}.
12:42:24.170 [TestNG-test=Surefire test-1] INFO  AnnotationConfigContextLoaderUtils - Could not detect default configuration classes for test class [org.fluentlenium.adapter.testng.SpringTestNGControl]: SpringTestNGControl does not declare any static, non-private, non-final, nested classes annotated with @Configuration.
12:42:24.171 [TestNG-test=Surefire test-1] INFO  AbstractTestContextBootstrapper - Using TestExecutionListeners: [org.springframework.test.context.support.DirtiesContextBeforeModesTestExecutionListener@58648b2, org.springframework.test.context.support.DependencyInjectionTestExecutionListener@3628916d, org.springframework.test.context.support.DirtiesContextTestExecutionListener@6675ad60, org.springframework.test.context.event.EventPublishingTestExecutionListener@17a2a65e]
12:42:24.189 [TestNG-test=Surefire test-1] INFO  AbstractTestContextBootstrapper - Neither @ContextConfiguration nor @ContextHierarchy found for test class [org.fluentlenium.adapter.testng.SpringTestNGControl], using DelegatingSmartContextLoader
12:42:24.190 [TestNG-test=Surefire test-1] INFO  AbstractContextLoader - Could not detect default resource locations for test class [org.fluentlenium.adapter.testng.SpringTestNGControl]: no resource found for suffixes {-context.xml}.
12:42:24.190 [TestNG-test=Surefire test-1] INFO  AnnotationConfigContextLoaderUtils - Could not detect default configuration classes for test class [org.fluentlenium.adapter.testng.SpringTestNGControl]: SpringTestNGControl does not declare any static, non-private, non-final, nested classes annotated with @Configuration.
12:42:24.192 [TestNG-test=Surefire test-1] INFO  AbstractTestContextBootstrapper - Using TestExecutionListeners: [org.springframework.test.context.support.DirtiesContextBeforeModesTestExecutionListener@1f0d2e95, org.springframework.test.context.support.DependencyInjectionTestExecutionListener@11c594f7, org.springframework.test.context.support.DirtiesContextTestExecutionListener@51129c6a, org.springframework.test.context.event.EventPublishingTestExecutionListener@21b1ad93]
12:42:24.195 [TestNG-test=Surefire test-1] INFO  AbstractTestContextBootstrapper - Neither @ContextConfiguration nor @ContextHierarchy found for test class [org.fluentlenium.adapter.testng.SpringTestNGControl], using DelegatingSmartContextLoader
12:42:24.196 [TestNG-test=Surefire test-1] INFO  AbstractContextLoader - Could not detect default resource locations for test class [org.fluentlenium.adapter.testng.SpringTestNGControl]: no resource found for suffixes {-context.xml}.
12:42:24.196 [TestNG-test=Surefire test-1] INFO  AnnotationConfigContextLoaderUtils - Could not detect default configuration classes for test class [org.fluentlenium.adapter.testng.SpringTestNGControl]: SpringTestNGControl does not declare any static, non-private, non-final, nested classes annotated with @Configuration.
12:42:24.197 [TestNG-test=Surefire test-1] INFO  AbstractTestContextBootstrapper - Using TestExecutionListeners: [org.springframework.test.context.support.DirtiesContextBeforeModesTestExecutionListener@1a908d35, org.springframework.test.context.support.DependencyInjectionTestExecutionListener@56326053, org.springframework.test.context.support.DirtiesContextTestExecutionListener@67f8d91b, org.springframework.test.context.event.EventPublishingTestExecutionListener@199e1974]
12:42:24.201 [TestNG-test=Surefire test-1] INFO  AbstractTestContextBootstrapper - Neither @ContextConfiguration nor @ContextHierarchy found for test class [org.fluentlenium.adapter.testng.SpringTestNGControl], using DelegatingSmartContextLoader
12:42:24.201 [TestNG-test=Surefire test-1] INFO  AbstractContextLoader - Could not detect default resource locations for test class [org.fluentlenium.adapter.testng.SpringTestNGControl]: no resource found for suffixes {-context.xml}.
12:42:24.202 [TestNG-test=Surefire test-1] INFO  AnnotationConfigContextLoaderUtils - Could not detect default configuration classes for test class [org.fluentlenium.adapter.testng.SpringTestNGControl]: SpringTestNGControl does not declare any static, non-private, non-final, nested classes annotated with @Configuration.
12:42:24.203 [TestNG-test=Surefire test-1] INFO  AbstractTestContextBootstrapper - Using TestExecutionListeners: [org.springframework.test.context.support.DirtiesContextBeforeModesTestExecutionListener@1db9a2aa, org.springframework.test.context.support.DependencyInjectionTestExecutionListener@6f6a7c4a, org.springframework.test.context.support.DirtiesContextTestExecutionListener@46906709, org.springframework.test.context.event.EventPublishingTestExecutionListener@3fdbb240]
12:42:24.207 [TestNG-test=Surefire test-1] INFO  AbstractTestContextBootstrapper - Neither @ContextConfiguration nor @ContextHierarchy found for test class [org.fluentlenium.adapter.testng.SpringTestNGControl], using DelegatingSmartContextLoader
12:42:24.208 [TestNG-test=Surefire test-1] INFO  AbstractContextLoader - Could not detect default resource locations for test class [org.fluentlenium.adapter.testng.SpringTestNGControl]: no resource found for suffixes {-context.xml}.
12:42:24.208 [TestNG-test=Surefire test-1] INFO  AnnotationConfigContextLoaderUtils - Could not detect default configuration classes for test class [org.fluentlenium.adapter.testng.SpringTestNGControl]: SpringTestNGControl does not declare any static, non-private, non-final, nested classes annotated with @Configuration.
12:42:24.209 [TestNG-test=Surefire test-1] INFO  AbstractTestContextBootstrapper - Using TestExecutionListeners: [org.springframework.test.context.support.DirtiesContextBeforeModesTestExecutionListener@3c387589, org.springframework.test.context.support.DependencyInjectionTestExecutionListener@7a7cfac5, org.springframework.test.context.support.DirtiesContextTestExecutionListener@e564442, org.springframework.test.context.event.EventPublishingTestExecutionListener@71e98b5d]
12:42:24.213 [TestNG-test=Surefire test-1] INFO  AbstractTestContextBootstrapper - Neither @ContextConfiguration nor @ContextHierarchy found for test class [org.fluentlenium.adapter.testng.SpringTestNGControl], using DelegatingSmartContextLoader
12:42:24.214 [TestNG-test=Surefire test-1] INFO  AbstractContextLoader - Could not detect default resource locations for test class [org.fluentlenium.adapter.testng.SpringTestNGControl]: no resource found for suffixes {-context.xml}.
12:42:24.214 [TestNG-test=Surefire test-1] INFO  AnnotationConfigContextLoaderUtils - Could not detect default configuration classes for test class [org.fluentlenium.adapter.testng.SpringTestNGControl]: SpringTestNGControl does not declare any static, non-private, non-final, nested classes annotated with @Configuration.
12:42:24.215 [TestNG-test=Surefire test-1] INFO  AbstractTestContextBootstrapper - Using TestExecutionListeners: [org.springframework.test.context.support.DirtiesContextBeforeModesTestExecutionListener@44d034cf, org.springframework.test.context.support.DependencyInjectionTestExecutionListener@530573c3, org.springframework.test.context.support.DirtiesContextTestExecutionListener@2b978702, org.springframework.test.context.event.EventPublishingTestExecutionListener@2c521811]
12:42:24.218 [TestNG-test=Surefire test-1] INFO  AbstractTestContextBootstrapper - Neither @ContextConfiguration nor @ContextHierarchy found for test class [org.fluentlenium.adapter.testng.SpringTestNGControl], using DelegatingSmartContextLoader
12:42:24.219 [TestNG-test=Surefire test-1] INFO  AbstractContextLoader - Could not detect default resource locations for test class [org.fluentlenium.adapter.testng.SpringTestNGControl]: no resource found for suffixes {-context.xml}.
12:42:24.219 [TestNG-test=Surefire test-1] INFO  AnnotationConfigContextLoaderUtils - Could not detect default configuration classes for test class [org.fluentlenium.adapter.testng.SpringTestNGControl]: SpringTestNGControl does not declare any static, non-private, non-final, nested classes annotated with @Configuration.
12:42:24.220 [TestNG-test=Surefire test-1] INFO  AbstractTestContextBootstrapper - Using TestExecutionListeners: [org.springframework.test.context.support.DirtiesContextBeforeModesTestExecutionListener@4187fb5b, org.springframework.test.context.support.DependencyInjectionTestExecutionListener@6f58d02b, org.springframework.test.context.support.DirtiesContextTestExecutionListener@68891adf, org.springframework.test.context.event.EventPublishingTestExecutionListener@30ad7391]
12:42:24.223 [TestNG-test=Surefire test-1] INFO  AbstractTestContextBootstrapper - Neither @ContextConfiguration nor @ContextHierarchy found for test class [org.fluentlenium.adapter.testng.SpringTestNGControl], using DelegatingSmartContextLoader
12:42:24.224 [TestNG-test=Surefire test-1] INFO  AbstractContextLoader - Could not detect default resource locations for test class [org.fluentlenium.adapter.testng.SpringTestNGControl]: no resource found for suffixes {-context.xml}.
12:42:24.224 [TestNG-test=Surefire test-1] INFO  AnnotationConfigContextLoaderUtils - Could not detect default configuration classes for test class [org.fluentlenium.adapter.testng.SpringTestNGControl]: SpringTestNGControl does not declare any static, non-private, non-final, nested classes annotated with @Configuration.
12:42:24.226 [TestNG-test=Surefire test-1] INFO  AbstractTestContextBootstrapper - Using TestExecutionListeners: [org.springframework.test.context.support.DirtiesContextBeforeModesTestExecutionListener@408f2299, org.springframework.test.context.support.DependencyInjectionTestExecutionListener@3ba4bf8a, org.springframework.test.context.support.DirtiesContextTestExecutionListener@487dc671, org.springframework.test.context.event.EventPublishingTestExecutionListener@32fb3ea7]
12:42:24.229 [TestNG-test=Surefire test-1] INFO  AbstractTestContextBootstrapper - Neither @ContextConfiguration nor @ContextHierarchy found for test class [org.fluentlenium.adapter.testng.SpringTestNGControl], using DelegatingSmartContextLoader
12:42:24.230 [TestNG-test=Surefire test-1] INFO  AbstractContextLoader - Could not detect default resource locations for test class [org.fluentlenium.adapter.testng.SpringTestNGControl]: no resource found for suffixes {-context.xml}.
12:42:24.230 [TestNG-test=Surefire test-1] INFO  AnnotationConfigContextLoaderUtils - Could not detect default configuration classes for test class [org.fluentlenium.adapter.testng.SpringTestNGControl]: SpringTestNGControl does not declare any static, non-private, non-final, nested classes annotated with @Configuration.
12:42:24.232 [TestNG-test=Surefire test-1] INFO  AbstractTestContextBootstrapper - Using TestExecutionListeners: [org.springframework.test.context.support.DirtiesContextBeforeModesTestExecutionListener@14a273c0, org.springframework.test.context.support.DependencyInjectionTestExecutionListener@165c9469, org.springframework.test.context.support.DirtiesContextTestExecutionListener@28b91560, org.springframework.test.context.event.EventPublishingTestExecutionListener@6f3f1bcb]
12:42:24.235 [TestNG-test=Surefire test-1] INFO  AbstractTestContextBootstrapper - Neither @ContextConfiguration nor @ContextHierarchy found for test class [org.fluentlenium.adapter.testng.SpringTestNGControl], using DelegatingSmartContextLoader
12:42:24.236 [TestNG-test=Surefire test-1] INFO  AbstractContextLoader - Could not detect default resource locations for test class [org.fluentlenium.adapter.testng.SpringTestNGControl]: no resource found for suffixes {-context.xml}.
12:42:24.236 [TestNG-test=Surefire test-1] INFO  AnnotationConfigContextLoaderUtils - Could not detect default configuration classes for test class [org.fluentlenium.adapter.testng.SpringTestNGControl]: SpringTestNGControl does not declare any static, non-private, non-final, nested classes annotated with @Configuration.
12:42:24.237 [TestNG-test=Surefire test-1] INFO  AbstractTestContextBootstrapper - Using TestExecutionListeners: [org.springframework.test.context.support.DirtiesContextBeforeModesTestExecutionListener@6c2b3b8d, org.springframework.test.context.support.DependencyInjectionTestExecutionListener@79d11e03, org.springframework.test.context.support.DirtiesContextTestExecutionListener@2693479, org.springframework.test.context.event.EventPublishingTestExecutionListener@1fe297c2]
12:42:24.240 [TestNG-test=Surefire test-1] INFO  AbstractTestContextBootstrapper - Neither @ContextConfiguration nor @ContextHierarchy found for test class [org.fluentlenium.adapter.testng.SpringTestNGControl], using DelegatingSmartContextLoader
12:42:24.241 [TestNG-test=Surefire test-1] INFO  AbstractContextLoader - Could not detect default resource locations for test class [org.fluentlenium.adapter.testng.SpringTestNGControl]: no resource found for suffixes {-context.xml}.
12:42:24.241 [TestNG-test=Surefire test-1] INFO  AnnotationConfigContextLoaderUtils - Could not detect default configuration classes for test class [org.fluentlenium.adapter.testng.SpringTestNGControl]: SpringTestNGControl does not declare any static, non-private, non-final, nested classes annotated with @Configuration.
12:42:24.243 [TestNG-test=Surefire test-1] INFO  AbstractTestContextBootstrapper - Using TestExecutionListeners: [org.springframework.test.context.support.DirtiesContextBeforeModesTestExecutionListener@5a008039, org.springframework.test.context.support.DependencyInjectionTestExecutionListener@7a47eec6, org.springframework.test.context.support.DirtiesContextTestExecutionListener@4cbbf0f1, org.springframework.test.context.event.EventPublishingTestExecutionListener@209fa31b]
12:42:24.246 [TestNG-test=Surefire test-1] INFO  AbstractTestContextBootstrapper - Neither @ContextConfiguration nor @ContextHierarchy found for test class [org.fluentlenium.adapter.testng.SpringTestNGControl], using DelegatingSmartContextLoader
12:42:24.246 [TestNG-test=Surefire test-1] INFO  AbstractContextLoader - Could not detect default resource locations for test class [org.fluentlenium.adapter.testng.SpringTestNGControl]: no resource found for suffixes {-context.xml}.
12:42:24.247 [TestNG-test=Surefire test-1] INFO  AnnotationConfigContextLoaderUtils - Could not detect default configuration classes for test class [org.fluentlenium.adapter.testng.SpringTestNGControl]: SpringTestNGControl does not declare any static, non-private, non-final, nested classes annotated with @Configuration.
12:42:24.248 [TestNG-test=Surefire test-1] INFO  AbstractTestContextBootstrapper - Using TestExecutionListeners: [org.springframework.test.context.support.DirtiesContextBeforeModesTestExecutionListener@4122f2ca, org.springframework.test.context.support.DependencyInjectionTestExecutionListener@4cab68c5, org.springframework.test.context.support.DirtiesContextTestExecutionListener@7c918382, org.springframework.test.context.event.EventPublishingTestExecutionListener@4e689f2f]
12:42:24.252 [TestNG-test=Surefire test-1] INFO  AbstractTestContextBootstrapper - Neither @ContextConfiguration nor @ContextHierarchy found for test class [org.fluentlenium.adapter.testng.SpringTestNGControl], using DelegatingSmartContextLoader
12:42:24.252 [TestNG-test=Surefire test-1] INFO  AbstractContextLoader - Could not detect default resource locations for test class [org.fluentlenium.adapter.testng.SpringTestNGControl]: no resource found for suffixes {-context.xml}.
12:42:24.253 [TestNG-test=Surefire test-1] INFO  AnnotationConfigContextLoaderUtils - Could not detect default configuration classes for test class [org.fluentlenium.adapter.testng.SpringTestNGControl]: SpringTestNGControl does not declare any static, non-private, non-final, nested classes annotated with @Configuration.
12:42:24.254 [TestNG-test=Surefire test-1] INFO  AbstractTestContextBootstrapper - Using TestExecutionListeners: [org.springframework.test.context.support.DirtiesContextBeforeModesTestExecutionListener@c62b9c6, org.springframework.test.context.support.DependencyInjectionTestExecutionListener@1bc474f4, org.springframework.test.context.support.DirtiesContextTestExecutionListener@3429a069, org.springframework.test.context.event.EventPublishingTestExecutionListener@a0073e9]
12:42:24.257 [TestNG-test=Surefire test-1] INFO  AbstractTestContextBootstrapper - Neither @ContextConfiguration nor @ContextHierarchy found for test class [org.fluentlenium.adapter.testng.SpringTestNGControl], using DelegatingSmartContextLoader
12:42:24.258 [TestNG-test=Surefire test-1] INFO  AbstractContextLoader - Could not detect default resource locations for test class [org.fluentlenium.adapter.testng.SpringTestNGControl]: no resource found for suffixes {-context.xml}.
12:42:24.258 [TestNG-test=Surefire test-1] INFO  AnnotationConfigContextLoaderUtils - Could not detect default configuration classes for test class [org.fluentlenium.adapter.testng.SpringTestNGControl]: SpringTestNGControl does not declare any static, non-private, non-final, nested classes annotated with @Configuration.
12:42:24.260 [TestNG-test=Surefire test-1] INFO  AbstractTestContextBootstrapper - Using TestExecutionListeners: [org.springframework.test.context.support.DirtiesContextBeforeModesTestExecutionListener@6e6c7112, org.springframework.test.context.support.DependencyInjectionTestExecutionListener@6689417d, org.springframework.test.context.support.DirtiesContextTestExecutionListener@6f22a0dd, org.springframework.test.context.event.EventPublishingTestExecutionListener@6caaf06b]
12:42:24.263 [TestNG-test=Surefire test-1] INFO  AbstractTestContextBootstrapper - Neither @ContextConfiguration nor @ContextHierarchy found for test class [org.fluentlenium.adapter.testng.SpringTestNGControl], using DelegatingSmartContextLoader
12:42:24.264 [TestNG-test=Surefire test-1] INFO  AbstractContextLoader - Could not detect default resource locations for test class [org.fluentlenium.adapter.testng.SpringTestNGControl]: no resource found for suffixes {-context.xml}.
12:42:24.264 [TestNG-test=Surefire test-1] INFO  AnnotationConfigContextLoaderUtils - Could not detect default configuration classes for test class [org.fluentlenium.adapter.testng.SpringTestNGControl]: SpringTestNGControl does not declare any static, non-private, non-final, nested classes annotated with @Configuration.
12:42:24.265 [TestNG-test=Surefire test-1] INFO  AbstractTestContextBootstrapper - Using TestExecutionListeners: [org.springframework.test.context.support.DirtiesContextBeforeModesTestExecutionListener@2f8801bc, org.springframework.test.context.support.DependencyInjectionTestExecutionListener@52c1fb17, org.springframework.test.context.support.DirtiesContextTestExecutionListener@d347573, org.springframework.test.context.event.EventPublishingTestExecutionListener@1faf1e65]
12:42:24.269 [TestNG-test=Surefire test-1] INFO  AbstractTestContextBootstrapper - Neither @ContextConfiguration nor @ContextHierarchy found for test class [org.fluentlenium.adapter.testng.SpringTestNGControl], using DelegatingSmartContextLoader
12:42:24.269 [TestNG-test=Surefire test-1] INFO  AbstractContextLoader - Could not detect default resource locations for test class [org.fluentlenium.adapter.testng.SpringTestNGControl]: no resource found for suffixes {-context.xml}.
12:42:24.269 [TestNG-test=Surefire test-1] INFO  AnnotationConfigContextLoaderUtils - Could not detect default configuration classes for test class [org.fluentlenium.adapter.testng.SpringTestNGControl]: SpringTestNGControl does not declare any static, non-private, non-final, nested classes annotated with @Configuration.
12:42:24.271 [TestNG-test=Surefire test-1] INFO  AbstractTestContextBootstrapper - Using TestExecutionListeners: [org.springframework.test.context.support.DirtiesContextBeforeModesTestExecutionListener@78d1515b, org.springframework.test.context.support.DependencyInjectionTestExecutionListener@40a310fe, org.springframework.test.context.support.DirtiesContextTestExecutionListener@25bd007d, org.springframework.test.context.event.EventPublishingTestExecutionListener@7ae8ebe3]
12:42:24.425 [TestNG-test=Surefire test-1] INFO  AbstractTestContextBootstrapper - Neither @ContextConfiguration nor @ContextHierarchy found for test class [org.fluentlenium.adapter.testng.SpringTestNGControl], using DelegatingSmartContextLoader
12:42:24.426 [TestNG-test=Surefire test-1] INFO  AbstractContextLoader - Could not detect default resource locations for test class [org.fluentlenium.adapter.testng.SpringTestNGControl]: no resource found for suffixes {-context.xml}.
12:42:24.426 [TestNG-test=Surefire test-1] INFO  AnnotationConfigContextLoaderUtils - Could not detect default configuration classes for test class [org.fluentlenium.adapter.testng.SpringTestNGControl]: SpringTestNGControl does not declare any static, non-private, non-final, nested classes annotated with @Configuration.
12:42:24.428 [TestNG-test=Surefire test-1] INFO  AbstractTestContextBootstrapper - Using TestExecutionListeners: [org.springframework.test.context.support.DirtiesContextBeforeModesTestExecutionListener@5fdf386e, org.springframework.test.context.support.DependencyInjectionTestExecutionListener@64743dd0, org.springframework.test.context.support.DirtiesContextTestExecutionListener@7146b466, org.springframework.test.context.event.EventPublishingTestExecutionListener@70ce0027]
12:42:24.431 [TestNG-test=Surefire test-1] INFO  AbstractTestContextBootstrapper - Neither @ContextConfiguration nor @ContextHierarchy found for test class [org.fluentlenium.adapter.testng.SpringTestNGControl], using DelegatingSmartContextLoader
12:42:24.431 [TestNG-test=Surefire test-1] INFO  AbstractContextLoader - Could not detect default resource locations for test class [org.fluentlenium.adapter.testng.SpringTestNGControl]: no resource found for suffixes {-context.xml}.
12:42:24.431 [TestNG-test=Surefire test-1] INFO  AnnotationConfigContextLoaderUtils - Could not detect default configuration classes for test class [org.fluentlenium.adapter.testng.SpringTestNGControl]: SpringTestNGControl does not declare any static, non-private, non-final, nested classes annotated with @Configuration.
12:42:24.432 [TestNG-test=Surefire test-1] INFO  AbstractTestContextBootstrapper - Using TestExecutionListeners: [org.springframework.test.context.support.DirtiesContextBeforeModesTestExecutionListener@455ea511, org.springframework.test.context.support.DependencyInjectionTestExecutionListener@25b8311a, org.springframework.test.context.support.DirtiesContextTestExecutionListener@1b286221, org.springframework.test.context.event.EventPublishingTestExecutionListener@2c6665c0]
12:42:24.436 [TestNG-test=Surefire test-1] INFO  AbstractTestContextBootstrapper - Neither @ContextConfiguration nor @ContextHierarchy found for test class [org.fluentlenium.adapter.testng.SpringTestNGControl], using DelegatingSmartContextLoader
12:42:24.436 [TestNG-test=Surefire test-1] INFO  AbstractContextLoader - Could not detect default resource locations for test class [org.fluentlenium.adapter.testng.SpringTestNGControl]: no resource found for suffixes {-context.xml}.
12:42:24.437 [TestNG-test=Surefire test-1] INFO  AnnotationConfigContextLoaderUtils - Could not detect default configuration classes for test class [org.fluentlenium.adapter.testng.SpringTestNGControl]: SpringTestNGControl does not declare any static, non-private, non-final, nested classes annotated with @Configuration.
12:42:24.440 [TestNG-test=Surefire test-1] INFO  AbstractTestContextBootstrapper - Using TestExecutionListeners: [org.springframework.test.context.support.DirtiesContextBeforeModesTestExecutionListener@481ad727, org.springframework.test.context.support.DependencyInjectionTestExecutionListener@71af24b8, org.springframework.test.context.support.DirtiesContextTestExecutionListener@4cb5add, org.springframework.test.context.event.EventPublishingTestExecutionListener@206fdce8]
12:42:24.449 [TestNG-test=Surefire test-1] INFO  AbstractTestContextBootstrapper - Neither @ContextConfiguration nor @ContextHierarchy found for test class [org.fluentlenium.adapter.testng.SpringTestNGControl], using DelegatingSmartContextLoader
12:42:24.450 [TestNG-test=Surefire test-1] INFO  AbstractContextLoader - Could not detect default resource locations for test class [org.fluentlenium.adapter.testng.SpringTestNGControl]: no resource found for suffixes {-context.xml}.
12:42:24.450 [TestNG-test=Surefire test-1] INFO  AnnotationConfigContextLoaderUtils - Could not detect default configuration classes for test class [org.fluentlenium.adapter.testng.SpringTestNGControl]: SpringTestNGControl does not declare any static, non-private, non-final, nested classes annotated with @Configuration.
12:42:24.452 [TestNG-test=Surefire test-1] INFO  AbstractTestContextBootstrapper - Using TestExecutionListeners: [org.springframework.test.context.support.DirtiesContextBeforeModesTestExecutionListener@6b44f436, org.springframework.test.context.support.DependencyInjectionTestExecutionListener@69a0c5e9, org.springframework.test.context.support.DirtiesContextTestExecutionListener@3eb5b196, org.springframework.test.context.event.EventPublishingTestExecutionListener@e7f0658]
12:42:24.455 [TestNG-test=Surefire test-1] INFO  AbstractTestContextBootstrapper - Neither @ContextConfiguration nor @ContextHierarchy found for test class [org.fluentlenium.adapter.testng.SpringTestNGControl], using DelegatingSmartContextLoader
12:42:24.455 [TestNG-test=Surefire test-1] INFO  AbstractContextLoader - Could not detect default resource locations for test class [org.fluentlenium.adapter.testng.SpringTestNGControl]: no resource found for suffixes {-context.xml}.
12:42:24.455 [TestNG-test=Surefire test-1] INFO  AnnotationConfigContextLoaderUtils - Could not detect default configuration classes for test class [org.fluentlenium.adapter.testng.SpringTestNGControl]: SpringTestNGControl does not declare any static, non-private, non-final, nested classes annotated with @Configuration.
12:42:24.457 [TestNG-test=Surefire test-1] INFO  AbstractTestContextBootstrapper - Using TestExecutionListeners: [org.springframework.test.context.support.DirtiesContextBeforeModesTestExecutionListener@416b35b7, org.springframework.test.context.support.DependencyInjectionTestExecutionListener@7f4455e8, org.springframework.test.context.support.DirtiesContextTestExecutionListener@14ad9828, org.springframework.test.context.event.EventPublishingTestExecutionListener@28737666]
12:42:24.461 [TestNG-test=Surefire test-1] INFO  AbstractTestContextBootstrapper - Neither @ContextConfiguration nor @ContextHierarchy found for test class [org.fluentlenium.adapter.testng.SpringTestNGControl], using DelegatingSmartContextLoader
12:42:24.462 [TestNG-test=Surefire test-1] INFO  AbstractContextLoader - Could not detect default resource locations for test class [org.fluentlenium.adapter.testng.SpringTestNGControl]: no resource found for suffixes {-context.xml}.
12:42:24.462 [TestNG-test=Surefire test-1] INFO  AnnotationConfigContextLoaderUtils - Could not detect default configuration classes for test class [org.fluentlenium.adapter.testng.SpringTestNGControl]: SpringTestNGControl does not declare any static, non-private, non-final, nested classes annotated with @Configuration.
12:42:24.463 [TestNG-test=Surefire test-1] INFO  AbstractTestContextBootstrapper - Using TestExecutionListeners: [org.springframework.test.context.support.DirtiesContextBeforeModesTestExecutionListener@3f9ab232, org.springframework.test.context.support.DependencyInjectionTestExecutionListener@72b93afc, org.springframework.test.context.support.DirtiesContextTestExecutionListener@682d40c, org.springframework.test.context.event.EventPublishingTestExecutionListener@6b60d46f]
12:42:24.469 [TestNG-test=Surefire test-1] INFO  AbstractTestContextBootstrapper - Neither @ContextConfiguration nor @ContextHierarchy found for test class [org.fluentlenium.adapter.testng.SpringTestNGControl], using DelegatingSmartContextLoader
12:42:24.469 [TestNG-test=Surefire test-1] INFO  AbstractContextLoader - Could not detect default resource locations for test class [org.fluentlenium.adapter.testng.SpringTestNGControl]: no resource found for suffixes {-context.xml}.
12:42:24.469 [TestNG-test=Surefire test-1] INFO  AnnotationConfigContextLoaderUtils - Could not detect default configuration classes for test class [org.fluentlenium.adapter.testng.SpringTestNGControl]: SpringTestNGControl does not declare any static, non-private, non-final, nested classes annotated with @Configuration.
12:42:24.471 [TestNG-test=Surefire test-1] INFO  AbstractTestContextBootstrapper - Using TestExecutionListeners: [org.springframework.test.context.support.DirtiesContextBeforeModesTestExecutionListener@5b950eeb, org.springframework.test.context.support.DependencyInjectionTestExecutionListener@593e8da6, org.springframework.test.context.support.DirtiesContextTestExecutionListener@460ec422, org.springframework.test.context.event.EventPublishingTestExecutionListener@4a4c718b]
12:42:24.474 [TestNG-test=Surefire test-1] INFO  AbstractTestContextBootstrapper - Neither @ContextConfiguration nor @ContextHierarchy found for test class [org.fluentlenium.adapter.testng.SpringTestNGControl], using DelegatingSmartContextLoader
12:42:24.474 [TestNG-test=Surefire test-1] INFO  AbstractContextLoader - Could not detect default resource locations for test class [org.fluentlenium.adapter.testng.SpringTestNGControl]: no resource found for suffixes {-context.xml}.
12:42:24.475 [TestNG-test=Surefire test-1] INFO  AnnotationConfigContextLoaderUtils - Could not detect default configuration classes for test class [org.fluentlenium.adapter.testng.SpringTestNGControl]: SpringTestNGControl does not declare any static, non-private, non-final, nested classes annotated with @Configuration.
12:42:24.476 [TestNG-test=Surefire test-1] INFO  AbstractTestContextBootstrapper - Using TestExecutionListeners: [org.springframework.test.context.support.DirtiesContextBeforeModesTestExecutionListener@65d43024, org.springframework.test.context.support.DependencyInjectionTestExecutionListener@7972b4d7, org.springframework.test.context.support.DirtiesContextTestExecutionListener@5db0e1a3, org.springframework.test.context.event.EventPublishingTestExecutionListener@6e89326c]
12:42:24.481 [TestNG-test=Surefire test-1] INFO  AbstractTestContextBootstrapper - Neither @ContextConfiguration nor @ContextHierarchy found for test class [org.fluentlenium.adapter.testng.SpringTestNGControl], using DelegatingSmartContextLoader
12:42:24.482 [TestNG-test=Surefire test-1] INFO  AbstractContextLoader - Could not detect default resource locations for test class [org.fluentlenium.adapter.testng.SpringTestNGControl]: no resource found for suffixes {-context.xml}.
12:42:24.482 [TestNG-test=Surefire test-1] INFO  AnnotationConfigContextLoaderUtils - Could not detect default configuration classes for test class [org.fluentlenium.adapter.testng.SpringTestNGControl]: SpringTestNGControl does not declare any static, non-private, non-final, nested classes annotated with @Configuration.
12:42:24.483 [TestNG-test=Surefire test-1] INFO  AbstractTestContextBootstrapper - Using TestExecutionListeners: [org.springframework.test.context.support.DirtiesContextBeforeModesTestExecutionListener@3924001a, org.springframework.test.context.support.DependencyInjectionTestExecutionListener@478b8d70, org.springframework.test.context.support.DirtiesContextTestExecutionListener@e0b59e6, org.springframework.test.context.event.EventPublishingTestExecutionListener@13134638]
12:42:24.486 [TestNG-test=Surefire test-1] INFO  AbstractTestContextBootstrapper - Neither @ContextConfiguration nor @ContextHierarchy found for test class [org.fluentlenium.adapter.testng.SpringTestNGControl], using DelegatingSmartContextLoader
12:42:24.487 [TestNG-test=Surefire test-1] INFO  AbstractContextLoader - Could not detect default resource locations for test class [org.fluentlenium.adapter.testng.SpringTestNGControl]: no resource found for suffixes {-context.xml}.
12:42:24.487 [TestNG-test=Surefire test-1] INFO  AnnotationConfigContextLoaderUtils - Could not detect default configuration classes for test class [org.fluentlenium.adapter.testng.SpringTestNGControl]: SpringTestNGControl does not declare any static, non-private, non-final, nested classes annotated with @Configuration.
12:42:24.488 [TestNG-test=Surefire test-1] INFO  AbstractTestContextBootstrapper - Using TestExecutionListeners: [org.springframework.test.context.support.DirtiesContextBeforeModesTestExecutionListener@72ebc734, org.springframework.test.context.support.DependencyInjectionTestExecutionListener@7135d29a, org.springframework.test.context.support.DirtiesContextTestExecutionListener@321b5923, org.springframework.test.context.event.EventPublishingTestExecutionListener@1373d9b5]
12:42:24.491 [TestNG-test=Surefire test-1] INFO  AbstractTestContextBootstrapper - Neither @ContextConfiguration nor @ContextHierarchy found for test class [org.fluentlenium.adapter.testng.SpringTestNGControl], using DelegatingSmartContextLoader
12:42:24.492 [TestNG-test=Surefire test-1] INFO  AbstractContextLoader - Could not detect default resource locations for test class [org.fluentlenium.adapter.testng.SpringTestNGControl]: no resource found for suffixes {-context.xml}.
12:42:24.492 [TestNG-test=Surefire test-1] INFO  AnnotationConfigContextLoaderUtils - Could not detect default configuration classes for test class [org.fluentlenium.adapter.testng.SpringTestNGControl]: SpringTestNGControl does not declare any static, non-private, non-final, nested classes annotated with @Configuration.
12:42:24.493 [TestNG-test=Surefire test-1] INFO  AbstractTestContextBootstrapper - Using TestExecutionListeners: [org.springframework.test.context.support.DirtiesContextBeforeModesTestExecutionListener@6acf0e13, org.springframework.test.context.support.DependencyInjectionTestExecutionListener@31bc942b, org.springframework.test.context.support.DirtiesContextTestExecutionListener@14a064ab, org.springframework.test.context.event.EventPublishingTestExecutionListener@33b8150e]
12:42:24.495 [TestNG-test=Surefire test-1] INFO  AbstractTestContextBootstrapper - Neither @ContextConfiguration nor @ContextHierarchy found for test class [org.fluentlenium.adapter.testng.SpringTestNGControl], using DelegatingSmartContextLoader
12:42:24.496 [TestNG-test=Surefire test-1] INFO  AbstractContextLoader - Could not detect default resource locations for test class [org.fluentlenium.adapter.testng.SpringTestNGControl]: no resource found for suffixes {-context.xml}.
12:42:24.496 [TestNG-test=Surefire test-1] INFO  AnnotationConfigContextLoaderUtils - Could not detect default configuration classes for test class [org.fluentlenium.adapter.testng.SpringTestNGControl]: SpringTestNGControl does not declare any static, non-private, non-final, nested classes annotated with @Configuration.
12:42:24.497 [TestNG-test=Surefire test-1] INFO  AbstractTestContextBootstrapper - Using TestExecutionListeners: [org.springframework.test.context.support.DirtiesContextBeforeModesTestExecutionListener@630c6241, org.springframework.test.context.support.DependencyInjectionTestExecutionListener@702e4e3f, org.springframework.test.context.support.DirtiesContextTestExecutionListener@6dfdb276, org.springframework.test.context.event.EventPublishingTestExecutionListener@300bcbb0]
12:42:24.500 [TestNG-test=Surefire test-1] INFO  AbstractTestContextBootstrapper - Neither @ContextConfiguration nor @ContextHierarchy found for test class [org.fluentlenium.adapter.testng.SpringTestNGControl], using DelegatingSmartContextLoader
12:42:24.501 [TestNG-test=Surefire test-1] INFO  AbstractContextLoader - Could not detect default resource locations for test class [org.fluentlenium.adapter.testng.SpringTestNGControl]: no resource found for suffixes {-context.xml}.
12:42:24.501 [TestNG-test=Surefire test-1] INFO  AnnotationConfigContextLoaderUtils - Could not detect default configuration classes for test class [org.fluentlenium.adapter.testng.SpringTestNGControl]: SpringTestNGControl does not declare any static, non-private, non-final, nested classes annotated with @Configuration.
12:42:24.502 [TestNG-test=Surefire test-1] INFO  AbstractTestContextBootstrapper - Using TestExecutionListeners: [org.springframework.test.context.support.DirtiesContextBeforeModesTestExecutionListener@12eb15db, org.springframework.test.context.support.DependencyInjectionTestExecutionListener@18a1a271, org.springframework.test.context.support.DirtiesContextTestExecutionListener@66822af, org.springframework.test.context.event.EventPublishingTestExecutionListener@7316050]
12:42:24.505 [TestNG-test=Surefire test-1] INFO  AbstractTestContextBootstrapper - Neither @ContextConfiguration nor @ContextHierarchy found for test class [org.fluentlenium.adapter.testng.SpringTestNGControl], using DelegatingSmartContextLoader
12:42:24.506 [TestNG-test=Surefire test-1] INFO  AbstractContextLoader - Could not detect default resource locations for test class [org.fluentlenium.adapter.testng.SpringTestNGControl]: no resource found for suffixes {-context.xml}.
12:42:24.506 [TestNG-test=Surefire test-1] INFO  AnnotationConfigContextLoaderUtils - Could not detect default configuration classes for test class [org.fluentlenium.adapter.testng.SpringTestNGControl]: SpringTestNGControl does not declare any static, non-private, non-final, nested classes annotated with @Configuration.
12:42:24.507 [TestNG-test=Surefire test-1] INFO  AbstractTestContextBootstrapper - Using TestExecutionListeners: [org.springframework.test.context.support.DirtiesContextBeforeModesTestExecutionListener@7922f836, org.springframework.test.context.support.DependencyInjectionTestExecutionListener@172c97ba, org.springframework.test.context.support.DirtiesContextTestExecutionListener@6351df0d, org.springframework.test.context.event.EventPublishingTestExecutionListener@37d95f1]
12:42:24.510 [TestNG-test=Surefire test-1] INFO  AbstractTestContextBootstrapper - Neither @ContextConfiguration nor @ContextHierarchy found for test class [org.fluentlenium.adapter.testng.SpringTestNGControl], using DelegatingSmartContextLoader
12:42:24.511 [TestNG-test=Surefire test-1] INFO  AbstractContextLoader - Could not detect default resource locations for test class [org.fluentlenium.adapter.testng.SpringTestNGControl]: no resource found for suffixes {-context.xml}.
12:42:24.511 [TestNG-test=Surefire test-1] INFO  AnnotationConfigContextLoaderUtils - Could not detect default configuration classes for test class [org.fluentlenium.adapter.testng.SpringTestNGControl]: SpringTestNGControl does not declare any static, non-private, non-final, nested classes annotated with @Configuration.
12:42:24.512 [TestNG-test=Surefire test-1] INFO  AbstractTestContextBootstrapper - Using TestExecutionListeners: [org.springframework.test.context.support.DirtiesContextBeforeModesTestExecutionListener@17ef1592, org.springframework.test.context.support.DependencyInjectionTestExecutionListener@20d82d89, org.springframework.test.context.support.DirtiesContextTestExecutionListener@107bcb26, org.springframework.test.context.event.EventPublishingTestExecutionListener@508c42b8]
12:42:24.515 [TestNG-test=Surefire test-1] INFO  AbstractTestContextBootstrapper - Neither @ContextConfiguration nor @ContextHierarchy found for test class [org.fluentlenium.adapter.testng.SpringTestNGControl], using DelegatingSmartContextLoader
12:42:24.516 [TestNG-test=Surefire test-1] INFO  AbstractContextLoader - Could not detect default resource locations for test class [org.fluentlenium.adapter.testng.SpringTestNGControl]: no resource found for suffixes {-context.xml}.
12:42:24.516 [TestNG-test=Surefire test-1] INFO  AnnotationConfigContextLoaderUtils - Could not detect default configuration classes for test class [org.fluentlenium.adapter.testng.SpringTestNGControl]: SpringTestNGControl does not declare any static, non-private, non-final, nested classes annotated with @Configuration.
12:42:24.517 [TestNG-test=Surefire test-1] INFO  AbstractTestContextBootstrapper - Using TestExecutionListeners: [org.springframework.test.context.support.DirtiesContextBeforeModesTestExecutionListener@5028e5da, org.springframework.test.context.support.DependencyInjectionTestExecutionListener@b422d69, org.springframework.test.context.support.DirtiesContextTestExecutionListener@32c083fb, org.springframework.test.context.event.EventPublishingTestExecutionListener@3dc42c53]
12:42:24.635 [TestNG-test=Surefire test-1] INFO  AbstractTestContextBootstrapper - Neither @ContextConfiguration nor @ContextHierarchy found for test class [org.fluentlenium.DontRunTestsWhenInitFailTest$TestClass], using DelegatingSmartContextLoader
12:42:24.635 [TestNG-test=Surefire test-1] INFO  AbstractContextLoader - Could not detect default resource locations for test class [org.fluentlenium.DontRunTestsWhenInitFailTest$TestClass]: no resource found for suffixes {-context.xml}.
12:42:24.636 [TestNG-test=Surefire test-1] INFO  AnnotationConfigContextLoaderUtils - Could not detect default configuration classes for test class [org.fluentlenium.DontRunTestsWhenInitFailTest$TestClass]: TestClass does not declare any static, non-private, non-final, nested classes annotated with @Configuration.
12:42:24.639 [TestNG-test=Surefire test-1] INFO  AbstractTestContextBootstrapper - Using TestExecutionListeners: [org.springframework.test.context.support.DirtiesContextBeforeModesTestExecutionListener@1dd26d61, org.springframework.test.context.support.DependencyInjectionTestExecutionListener@c0bcf1c, org.springframework.test.context.support.DirtiesContextTestExecutionListener@2c947f22, org.springframework.test.context.event.EventPublishingTestExecutionListener@7e31357d]
12:42:24.656 [TestNG-test=Surefire test-1] ERROR TestContextManager - Caught exception while allowing TestExecutionListener [org.springframework.test.context.support.DependencyInjectionTestExecutionListener@c0bcf1c] to prepare test instance [org.fluentlenium.DontRunTestsWhenInitFailTest$TestClass@181cd219]
java.lang.IllegalStateException: Failed to load ApplicationContext
	at org.springframework.test.context.cache.DefaultCacheAwareContextLoaderDelegate.loadContext(DefaultCacheAwareContextLoaderDelegate.java:132)
	at org.springframework.test.context.support.DefaultTestContext.getApplicationContext(DefaultTestContext.java:123)
	at org.springframework.test.context.support.DependencyInjectionTestExecutionListener.injectDependencies(DependencyInjectionTestExecutionListener.java:118)
	at org.springframework.test.context.support.DependencyInjectionTestExecutionListener.prepareTestInstance(DependencyInjectionTestExecutionListener.java:83)
	at org.springframework.test.context.TestContextManager.prepareTestInstance(TestContextManager.java:244)
	at org.springframework.test.context.testng.AbstractTestNGSpringContextTests.springTestContextPrepareTestInstance(AbstractTestNGSpringContextTests.java:146)
	at java.base/jdk.internal.reflect.NativeMethodAccessorImpl.invoke0(Native Method)
	at java.base/jdk.internal.reflect.NativeMethodAccessorImpl.invoke(NativeMethodAccessorImpl.java:62)
	at java.base/jdk.internal.reflect.DelegatingMethodAccessorImpl.invoke(DelegatingMethodAccessorImpl.java:43)
	at java.base/java.lang.reflect.Method.invoke(Method.java:566)
	at org.testng.internal.MethodInvocationHelper.invokeMethod(MethodInvocationHelper.java:132)
	at org.testng.internal.MethodInvocationHelper.invokeMethodConsideringTimeout(MethodInvocationHelper.java:61)
	at org.testng.internal.ConfigInvoker.invokeConfigurationMethod(ConfigInvoker.java:366)
	at org.testng.internal.ConfigInvoker.invokeConfigurations(ConfigInvoker.java:320)
	at org.testng.internal.TestMethodWorker.invokeBeforeClassMethods(TestMethodWorker.java:176)
	at org.testng.internal.TestMethodWorker.run(TestMethodWorker.java:122)
	at java.base/java.util.ArrayList.forEach(ArrayList.java:1541)
	at org.testng.TestRunner.privateRun(TestRunner.java:764)
	at org.testng.TestRunner.run(TestRunner.java:585)
	at org.testng.SuiteRunner.runTest(SuiteRunner.java:384)
	at org.testng.SuiteRunner.runSequentially(SuiteRunner.java:378)
	at org.testng.SuiteRunner.privateRun(SuiteRunner.java:337)
	at org.testng.SuiteRunner.run(SuiteRunner.java:286)
	at org.testng.SuiteRunnerWorker.runSuite(SuiteRunnerWorker.java:53)
	at org.testng.SuiteRunnerWorker.run(SuiteRunnerWorker.java:96)
	at org.testng.TestNG.runSuitesSequentially(TestNG.java:1218)
	at org.testng.TestNG.runSuitesLocally(TestNG.java:1140)
	at org.testng.TestNG.runSuites(TestNG.java:1069)
	at org.testng.TestNG.run(TestNG.java:1037)
	at org.fluentlenium.DontRunTestsWhenInitFailTest.testRun(DontRunTestsWhenInitFailTest.java:63)
	at java.base/jdk.internal.reflect.NativeMethodAccessorImpl.invoke0(Native Method)
	at java.base/jdk.internal.reflect.NativeMethodAccessorImpl.invoke(NativeMethodAccessorImpl.java:62)
	at java.base/jdk.internal.reflect.DelegatingMethodAccessorImpl.invoke(DelegatingMethodAccessorImpl.java:43)
	at java.base/java.lang.reflect.Method.invoke(Method.java:566)
	at org.testng.internal.MethodInvocationHelper.invokeMethod(MethodInvocationHelper.java:132)
	at org.testng.internal.TestInvoker.invokeMethod(TestInvoker.java:599)
	at org.testng.internal.TestInvoker.invokeTestMethod(TestInvoker.java:174)
	at org.testng.internal.MethodRunner.runInSequence(MethodRunner.java:46)
	at org.testng.internal.TestInvoker$MethodInvocationAgent.invoke(TestInvoker.java:822)
	at org.testng.internal.TestInvoker.invokeTestMethods(TestInvoker.java:147)
	at org.testng.internal.TestMethodWorker.invokeTestMethods(TestMethodWorker.java:146)
	at org.testng.internal.TestMethodWorker.run(TestMethodWorker.java:128)
	at java.base/java.util.concurrent.ThreadPoolExecutor.runWorker(ThreadPoolExecutor.java:1128)
	at java.base/java.util.concurrent.ThreadPoolExecutor$Worker.run(ThreadPoolExecutor.java:628)
	at java.base/java.lang.Thread.run(Thread.java:829)
Caused by: java.lang.IllegalStateException: Neither GenericXmlContextLoader nor AnnotationConfigContextLoader was able to load an ApplicationContext from [MergedContextConfiguration@d18029e testClass = DontRunTestsWhenInitFailTest.TestClass, locations = '{}', classes = '{}', contextInitializerClasses = '[]', activeProfiles = '{}', propertySourceLocations = '{}', propertySourceProperties = '{}', contextCustomizers = set[[empty]], contextLoader = 'org.springframework.test.context.support.DelegatingSmartContextLoader', parent = [null]].
	at org.springframework.test.context.support.AbstractDelegatingSmartContextLoader.loadContext(AbstractDelegatingSmartContextLoader.java:255)
	at org.springframework.test.context.cache.DefaultCacheAwareContextLoaderDelegate.loadContextInternal(DefaultCacheAwareContextLoaderDelegate.java:99)
	at org.springframework.test.context.cache.DefaultCacheAwareContextLoaderDelegate.loadContext(DefaultCacheAwareContextLoaderDelegate.java:124)
	... 44 common frames omitted

===============================================
Command line suite
Total tests run: 2, Passes: 0, Failures: 0, Skips: 2
Configuration Failures: 3, Skips: 0
===============================================

[INFO] Tests run: 95, Failures: 0, Errors: 0, Skipped: 0, Time elapsed: 7.092 s - in TestSuite
[INFO] 
[INFO] Results:
[INFO] 
[INFO] Tests run: 95, Failures: 0, Errors: 0, Skipped: 0
[INFO] 
[INFO] 
[INFO] ---------------< org.fluentlenium:fluentlenium-cucumber >---------------
[INFO] Building FluentLenium Cucumber 4.5.2-SNAPSHOT                     [9/11]
[INFO] --------------------------------[ jar ]---------------------------------
[INFO] 
[INFO] --- maven-clean-plugin:3.1.0:clean (default-clean) @ fluentlenium-cucumber ---
[INFO] Deleting /home/gabsko/breaking-updates/fluentlenium-cucumber/target
[INFO] 
[INFO] --- flatten-maven-plugin:1.2.5:clean (flatten.clean) @ fluentlenium-cucumber ---
[INFO] Deleting /home/gabsko/breaking-updates/fluentlenium-cucumber/.flattened-pom.xml
[INFO] 
[INFO] --- maven-enforcer-plugin:3.0.0-M3:enforce (enforce-maven) @ fluentlenium-cucumber ---
[INFO] 
[INFO] --- jacoco-maven-plugin:0.8.6:prepare-agent (prepare-agent) @ fluentlenium-cucumber ---
[INFO] argLine set to -javaagent:/home/gabsko/.m2/repository/org/jacoco/org.jacoco.agent/0.8.6/org.jacoco.agent-0.8.6-runtime.jar=destfile=/home/gabsko/breaking-updates/fluentlenium-cucumber/target/jacoco.exec,excludes=**com.steadystate*:**com/gargoylesoftware*
[INFO] 
[INFO] --- maven-resources-plugin:3.2.0:resources (default-resources) @ fluentlenium-cucumber ---
[INFO] Using 'UTF-8' encoding to copy filtered resources.
[INFO] Using 'UTF-8' encoding to copy filtered properties files.
[INFO] skip non existing resourceDirectory /home/gabsko/breaking-updates/fluentlenium-cucumber/src/main/resources
[INFO] 
[INFO] --- flatten-maven-plugin:1.2.5:flatten (flatten) @ fluentlenium-cucumber ---
[INFO] Generating flattened POM of project org.fluentlenium:fluentlenium-cucumber:jar:4.5.2-SNAPSHOT...
[INFO] 
[INFO] --- maven-compiler-plugin:3.8.1:compile (default-compile) @ fluentlenium-cucumber ---
[INFO] Changes detected - recompiling the module!
[INFO] Compiling 4 source files to /home/gabsko/breaking-updates/fluentlenium-cucumber/target/classes
[INFO] /home/gabsko/breaking-updates/fluentlenium-cucumber/src/main/java/cucumber/runtime/java/fluentlenium/FluentObjectFactory.java: /home/gabsko/breaking-updates/fluentlenium-cucumber/src/main/java/cucumber/runtime/java/fluentlenium/FluentObjectFactory.java uses unchecked or unsafe operations.
[INFO] /home/gabsko/breaking-updates/fluentlenium-cucumber/src/main/java/cucumber/runtime/java/fluentlenium/FluentObjectFactory.java: Recompile with -Xlint:unchecked for details.
[INFO] 
[INFO] --- maven-resources-plugin:3.2.0:testResources (default-testResources) @ fluentlenium-cucumber ---
[INFO] Using 'UTF-8' encoding to copy filtered resources.
[INFO] Using 'UTF-8' encoding to copy filtered properties files.
[INFO] Copying 15 resources
[INFO] 
[INFO] --- maven-compiler-plugin:3.8.1:testCompile (default-testCompile) @ fluentlenium-cucumber ---
[INFO] Changes detected - recompiling the module!
[INFO] Compiling 68 source files to /home/gabsko/breaking-updates/fluentlenium-cucumber/target/test-classes
[INFO] 
[INFO] --- maven-surefire-plugin:3.0.0-M5:test (default-test) @ fluentlenium-cucumber ---
[INFO] 
[INFO] -------------------------------------------------------
[INFO]  T E S T S
[INFO] -------------------------------------------------------
[INFO] Running org.fluentlenium.adapter.cucumber.unit.FluentCucumberSharedMutatorTest
[INFO] Tests run: 2, Failures: 0, Errors: 0, Skipped: 0, Time elapsed: 0.166 s - in org.fluentlenium.adapter.cucumber.unit.FluentCucumberSharedMutatorTest
[INFO] Running org.fluentlenium.adapter.cucumber.unit.FluentObjectFactoryTest
[INFO] Tests run: 6, Failures: 0, Errors: 0, Skipped: 0, Time elapsed: 0.599 s - in org.fluentlenium.adapter.cucumber.unit.FluentObjectFactoryTest
[INFO] Running org.fluentlenium.adapter.cucumber.unit.FluentTestContainerTest
[INFO] Tests run: 3, Failures: 0, Errors: 0, Skipped: 0, Time elapsed: 0.01 s - in org.fluentlenium.adapter.cucumber.unit.FluentTestContainerTest
[INFO] 
[INFO] Results:
[INFO] 
[INFO] Tests run: 11, Failures: 0, Errors: 0, Skipped: 0
[INFO] 
[INFO] 
[INFO] ----------------< org.fluentlenium:fluentlenium-spock >-----------------
[INFO] Building FluentLenium Spock 4.5.2-SNAPSHOT                       [10/11]
[INFO] --------------------------------[ jar ]---------------------------------
[INFO] 
[INFO] --- maven-clean-plugin:3.1.0:clean (default-clean) @ fluentlenium-spock ---
[INFO] Deleting /home/gabsko/breaking-updates/fluentlenium-spock/target
[INFO] 
[INFO] --- flatten-maven-plugin:1.2.5:clean (flatten.clean) @ fluentlenium-spock ---
[INFO] Deleting /home/gabsko/breaking-updates/fluentlenium-spock/.flattened-pom.xml
[INFO] 
[INFO] --- maven-enforcer-plugin:3.0.0-M3:enforce (enforce-maven) @ fluentlenium-spock ---
[INFO] 
[INFO] --- jacoco-maven-plugin:0.8.6:prepare-agent (prepare-agent) @ fluentlenium-spock ---
[INFO] argLine set to -javaagent:/home/gabsko/.m2/repository/org/jacoco/org.jacoco.agent/0.8.6/org.jacoco.agent-0.8.6-runtime.jar=destfile=/home/gabsko/breaking-updates/fluentlenium-spock/target/jacoco.exec,excludes=**com.steadystate*:**com/gargoylesoftware*
[INFO] 
[INFO] --- gmavenplus-plugin:1.10.0:addSources (default) @ fluentlenium-spock ---
[INFO] 
[INFO] --- gmavenplus-plugin:1.10.0:addTestSources (default) @ fluentlenium-spock ---
[INFO] 
[INFO] --- build-helper-maven-plugin:3.2.0:add-source (add-groovy-sources) @ fluentlenium-spock ---
[INFO] Source directory: /home/gabsko/breaking-updates/fluentlenium-spock/src/main/groovy added.
[INFO] 
[INFO] --- maven-resources-plugin:3.2.0:resources (default-resources) @ fluentlenium-spock ---
[INFO] Using 'UTF-8' encoding to copy filtered resources.
[INFO] Using 'UTF-8' encoding to copy filtered properties files.
[INFO] skip non existing resourceDirectory /home/gabsko/breaking-updates/fluentlenium-spock/src/main/resources
[INFO] 
[INFO] --- flatten-maven-plugin:1.2.5:flatten (flatten) @ fluentlenium-spock ---
[INFO] Generating flattened POM of project org.fluentlenium:fluentlenium-spock:jar:4.5.2-SNAPSHOT...
[INFO] 
[INFO] --- maven-compiler-plugin:3.8.1:compile (default-compile) @ fluentlenium-spock ---
[INFO] Changes detected - recompiling the module!
[INFO] 
[INFO] --- gmavenplus-plugin:1.10.0:compile (default) @ fluentlenium-spock ---
[INFO] Using isolated classloader, without GMavenPlus classpath.
[INFO] Using Groovy 2.5.4 to perform compile.
[INFO] Compiled 4 files.
[INFO] 
[INFO] --- build-helper-maven-plugin:3.2.0:add-test-source (add-test-source) @ fluentlenium-spock ---
[INFO] Test Source directory: /home/gabsko/breaking-updates/fluentlenium-spock/src/test/groovy added.
[INFO] 
[INFO] --- maven-resources-plugin:3.2.0:testResources (default-testResources) @ fluentlenium-spock ---
[INFO] Using 'UTF-8' encoding to copy filtered resources.
[INFO] Using 'UTF-8' encoding to copy filtered properties files.
[INFO] Copying 4 resources
[INFO] 
[INFO] --- maven-compiler-plugin:3.8.1:testCompile (default-testCompile) @ fluentlenium-spock ---
[INFO] Changes detected - recompiling the module!
[INFO] 
[INFO] --- gmavenplus-plugin:1.10.0:compileTests (default) @ fluentlenium-spock ---
[INFO] Using isolated classloader, without GMavenPlus classpath.
[INFO] Using Groovy 2.5.4 to perform compileTests.
[INFO] Compiled 14 files.
[INFO] 
[INFO] --- maven-surefire-plugin:3.0.0-M5:test (default-test) @ fluentlenium-spock ---
[INFO] 
[INFO] -------------------------------------------------------
[INFO]  T E S T S
[INFO] -------------------------------------------------------
[INFO] Running org.fluentlenium.adapter.spock.smoketest.SmokeTestNewWebDriverSpec
[INFO] Tests run: 1, Failures: 0, Errors: 0, Skipped: 0, Time elapsed: 1.738 s - in org.fluentlenium.adapter.spock.smoketest.SmokeTestNewWebDriverSpec
[INFO] Running org.fluentlenium.adapter.spock.smoketest.SmokeTestGetWebDriverSpec
[INFO] Tests run: 1, Failures: 0, Errors: 0, Skipped: 0, Time elapsed: 0.134 s - in org.fluentlenium.adapter.spock.smoketest.SmokeTestGetWebDriverSpec
[INFO] Running org.fluentlenium.adapter.spock.BasicSpec
[INFO] Tests run: 3, Failures: 0, Errors: 0, Skipped: 0, Time elapsed: 0.071 s - in org.fluentlenium.adapter.spock.BasicSpec
[INFO] Running org.fluentlenium.adapter.spock.control.SpockControlSpec
[INFO] Tests run: 16, Failures: 0, Errors: 0, Skipped: 0, Time elapsed: 1.07 s - in org.fluentlenium.adapter.spock.control.SpockControlSpec
[INFO] Running org.fluentlenium.adapter.spock.control.SpockControlUnitSpec
[INFO] Tests run: 73, Failures: 0, Errors: 0, Skipped: 0, Time elapsed: 1.501 s - in org.fluentlenium.adapter.spock.control.SpockControlUnitSpec
[INFO] Running org.fluentlenium.adapter.spock.annotation.TestAnnotationAccessSpec
[INFO] Tests run: 4, Failures: 0, Errors: 0, Skipped: 0, Time elapsed: 0.084 s - in org.fluentlenium.adapter.spock.annotation.TestAnnotationAccessSpec
[INFO] Running org.fluentlenium.adapter.spock.page.PageSpec
[INFO] Tests run: 1, Failures: 0, Errors: 0, Skipped: 0, Time elapsed: 0.091 s - in org.fluentlenium.adapter.spock.page.PageSpec
[INFO] Running org.fluentlenium.adapter.spock.page.LocalPageSpec
[INFO] Tests run: 1, Failures: 0, Errors: 0, Skipped: 0, Time elapsed: 0.095 s - in org.fluentlenium.adapter.spock.page.LocalPageSpec
[INFO] Running org.fluentlenium.adapter.spock.description.TestDescriptionAccessSpec
[INFO] Tests run: 1, Failures: 0, Errors: 0, Skipped: 0, Time elapsed: 0.041 s - in org.fluentlenium.adapter.spock.description.TestDescriptionAccessSpec
[INFO] 
[INFO] Results:
[INFO] 
[INFO] Tests run: 101, Failures: 0, Errors: 0, Skipped: 0
[INFO] 
[INFO] 
[INFO] -----------< org.fluentlenium:fluentlenium-coverage-report >------------
[INFO] Building FluentLenium Coverage Report 4.5.2-SNAPSHOT             [11/11]
[INFO] --------------------------------[ jar ]---------------------------------
[INFO] 
[INFO] --- maven-clean-plugin:3.1.0:clean (default-clean) @ fluentlenium-coverage-report ---
[INFO] 
[INFO] --- flatten-maven-plugin:1.2.5:clean (flatten.clean) @ fluentlenium-coverage-report ---
[INFO] Deleting /home/gabsko/breaking-updates/fluentlenium-coverage-report/.flattened-pom.xml
[INFO] 
[INFO] --- maven-enforcer-plugin:3.0.0-M3:enforce (enforce-maven) @ fluentlenium-coverage-report ---
[INFO] 
[INFO] --- jacoco-maven-plugin:0.8.6:prepare-agent (prepare-agent) @ fluentlenium-coverage-report ---
[INFO] argLine set to -javaagent:/home/gabsko/.m2/repository/org/jacoco/org.jacoco.agent/0.8.6/org.jacoco.agent-0.8.6-runtime.jar=destfile=/home/gabsko/breaking-updates/fluentlenium-coverage-report/target/jacoco.exec,excludes=**com.steadystate*:**com/gargoylesoftware*
[INFO] 
[INFO] --- maven-resources-plugin:3.2.0:resources (default-resources) @ fluentlenium-coverage-report ---
[INFO] Using 'UTF-8' encoding to copy filtered resources.
[INFO] Using 'UTF-8' encoding to copy filtered properties files.
[INFO] skip non existing resourceDirectory /home/gabsko/breaking-updates/fluentlenium-coverage-report/src/main/resources
[INFO] 
[INFO] --- flatten-maven-plugin:1.2.5:flatten (flatten) @ fluentlenium-coverage-report ---
[INFO] Generating flattened POM of project org.fluentlenium:fluentlenium-coverage-report:jar:4.5.2-SNAPSHOT...
[INFO] 
[INFO] --- maven-compiler-plugin:3.8.1:compile (default-compile) @ fluentlenium-coverage-report ---
[INFO] No sources to compile
[INFO] 
[INFO] --- maven-resources-plugin:3.2.0:testResources (default-testResources) @ fluentlenium-coverage-report ---
[INFO] Using 'UTF-8' encoding to copy filtered resources.
[INFO] Using 'UTF-8' encoding to copy filtered properties files.
[INFO] skip non existing resourceDirectory /home/gabsko/breaking-updates/fluentlenium-coverage-report/src/test/resources
[INFO] 
[INFO] --- maven-compiler-plugin:3.8.1:testCompile (default-testCompile) @ fluentlenium-coverage-report ---
[INFO] No sources to compile
[INFO] 
[INFO] --- maven-surefire-plugin:3.0.0-M5:test (default-test) @ fluentlenium-coverage-report ---
[INFO] No tests to run.
[INFO] ------------------------------------------------------------------------
[INFO] Reactor Summary for FluentLenium 4.5.2-SNAPSHOT:
[INFO] 
[INFO] FluentLenium ....................................... SUCCESS [  0.761 s]
[INFO] FluentLenium Core .................................. SUCCESS [02:40 min]
[INFO] FluentLenium TestNG ................................ SUCCESS [  0.594 s]
[INFO] FluentLenium AssertJ ............................... SUCCESS [  6.197 s]
[INFO] FluentLenium JUnit Jupiter ......................... SUCCESS [  4.020 s]
[INFO] FluentLenium Integration Tests ..................... SUCCESS [02:56 min]
[INFO] FluentLenium JUnit ................................. SUCCESS [  4.444 s]
[INFO] FluentLenium Spring TestNG ......................... SUCCESS [  8.708 s]
[INFO] FluentLenium Cucumber .............................. SUCCESS [  2.347 s]
[INFO] FluentLenium Spock ................................. SUCCESS [  9.768 s]
[INFO] FluentLenium Coverage Report ....................... SUCCESS [  0.031 s]
[INFO] ------------------------------------------------------------------------
[INFO] BUILD SUCCESS
[INFO] ------------------------------------------------------------------------
[INFO] Total time:  06:13 min
[INFO] Finished at: 2023-01-24T12:42:38Z
[INFO] ------------------------------------------------------------------------
