[INFO] Scanning for projects...
[INFO] 
[INFO] -----------------------< com.juliaaano:payload >------------------------
[INFO] Building Payload 1.1.5-SNAPSHOT
[INFO] --------------------------------[ jar ]---------------------------------
[INFO] Downloading from central: https://repo.maven.apache.org/maven2/com/fasterxml/jackson/dataformat/jackson-dataformat-xml/2.10.2/jackson-dataformat-xml-2.10.2.jar
[INFO] Downloading from central: https://repo.maven.apache.org/maven2/org/eclipse/yasson/1.0.6/yasson-1.0.6.jar
[INFO] Downloading from central: https://repo.maven.apache.org/maven2/com/fasterxml/jackson/module/jackson-module-jaxb-annotations/2.10.2/jackson-module-jaxb-annotations-2.10.2.jar
[INFO] Downloading from central: https://repo.maven.apache.org/maven2/com/fasterxml/woodstox/woodstox-core/6.0.3/woodstox-core-6.0.3.jar
[INFO] Downloading from central: https://repo.maven.apache.org/maven2/org/apache/logging/log4j/log4j-slf4j-impl/2.13.0/log4j-slf4j-impl-2.13.0.jar
[INFO] Downloaded from central: https://repo.maven.apache.org/maven2/org/apache/logging/log4j/log4j-slf4j-impl/2.13.0/log4j-slf4j-impl-2.13.0.jar (24 kB at 78 kB/s)
[INFO] Downloaded from central: https://repo.maven.apache.org/maven2/com/fasterxml/jackson/dataformat/jackson-dataformat-xml/2.10.2/jackson-dataformat-xml-2.10.2.jar (109 kB at 340 kB/s)
[INFO] Downloaded from central: https://repo.maven.apache.org/maven2/org/eclipse/yasson/1.0.6/yasson-1.0.6.jar (351 kB at 1.0 MB/s)
[INFO] Downloaded from central: https://repo.maven.apache.org/maven2/com/fasterxml/jackson/module/jackson-module-jaxb-annotations/2.10.2/jackson-module-jaxb-annotations-2.10.2.jar (35 kB at 89 kB/s)
[INFO] Downloaded from central: https://repo.maven.apache.org/maven2/com/fasterxml/woodstox/woodstox-core/6.0.3/woodstox-core-6.0.3.jar (1.6 MB at 4.0 MB/s)
[INFO] 
[INFO] --- maven-clean-plugin:2.5:clean (default-clean) @ payload ---
[INFO] Deleting /home/gabsko/breaking-updates/target
[INFO] 
[INFO] --- maven-resources-plugin:2.6:resources (default-resources) @ payload ---
[INFO] Using 'UTF-8' encoding to copy filtered resources.
[INFO] Copying 2 resources
[INFO] 
[INFO] --- maven-compiler-plugin:3.1:compile (default-compile) @ payload ---
[INFO] Changes detected - recompiling the module!
[INFO] Compiling 39 source files to /home/gabsko/breaking-updates/target/classes
[INFO] 
[INFO] --- maven-resources-plugin:2.6:testResources (default-testResources) @ payload ---
[INFO] Using 'UTF-8' encoding to copy filtered resources.
[INFO] Copying 3 resources
[INFO] 
[INFO] --- maven-compiler-plugin:3.1:testCompile (default-testCompile) @ payload ---
[INFO] Changes detected - recompiling the module!
[INFO] Compiling 10 source files to /home/gabsko/breaking-updates/target/test-classes
[INFO] 
[INFO] --- maven-surefire-plugin:3.0.0-M3:test (default-test) @ payload ---
[INFO] 
[INFO] -------------------------------------------------------
[INFO]  T E S T S
[INFO] -------------------------------------------------------
[INFO] Running com.juliaaano.payload.PayloadShould
[ERROR] Tests run: 1, Failures: 0, Errors: 1, Skipped: 0, Time elapsed: 0.174 s <<< FAILURE! - in com.juliaaano.payload.PayloadShould
[ERROR] print_toString_as_raw_payload(com.juliaaano.payload.PayloadShould)  Time elapsed: 0.126 s  <<< ERROR!
java.lang.NoSuchFieldError: EMPTY_BYTE_ARRAY
	at com.juliaaano.payload.PayloadShould.print_toString_as_raw_payload(PayloadShould.java:14)

[INFO] Running com.juliaaano.payload.json.JsonProviderShould
[INFO] Tests run: 6, Failures: 0, Errors: 0, Skipped: 0, Time elapsed: 0.434 s - in com.juliaaano.payload.json.JsonProviderShould
[INFO] Running com.juliaaano.payload.MediaTypeShould
[ERROR] Tests run: 8, Failures: 0, Errors: 8, Skipped: 0, Time elapsed: 0.003 s <<< FAILURE! - in com.juliaaano.payload.MediaTypeShould
[ERROR] return_xml_from_object(com.juliaaano.payload.MediaTypeShould)  Time elapsed: 0 s  <<< ERROR!
java.lang.NoClassDefFoundError: Could not initialize class com.juliaaano.payload.MediaType
	at com.juliaaano.payload.MediaTypeShould.return_xml_from_object(MediaTypeShould.java:60)

[ERROR] return_object_from_json(com.juliaaano.payload.MediaTypeShould)  Time elapsed: 0 s  <<< ERROR!
java.lang.NoClassDefFoundError: Could not initialize class com.juliaaano.payload.MediaType
	at com.juliaaano.payload.MediaTypeShould.return_object_from_json(MediaTypeShould.java:53)

[ERROR] return_json_from_object(com.juliaaano.payload.MediaTypeShould)  Time elapsed: 0 s  <<< ERROR!
java.lang.NoClassDefFoundError: Could not initialize class com.juliaaano.payload.MediaType
	at com.juliaaano.payload.MediaTypeShould.return_json_from_object(MediaTypeShould.java:46)

[ERROR] return_object_from_xml(com.juliaaano.payload.MediaTypeShould)  Time elapsed: 0.001 s  <<< ERROR!
java.lang.NoClassDefFoundError: Could not initialize class com.juliaaano.payload.MediaType
	at com.juliaaano.payload.MediaTypeShould.return_object_from_xml(MediaTypeShould.java:67)

[ERROR] return_enum_that_matches_mediaType(com.juliaaano.payload.MediaTypeShould)  Time elapsed: 0 s  <<< ERROR!
java.lang.NoClassDefFoundError: Could not initialize class com.juliaaano.payload.MediaType
	at com.juliaaano.payload.MediaTypeShould.return_enum_that_matches_mediaType(MediaTypeShould.java:15)

[ERROR] print_mediaType_when_call_toString(com.juliaaano.payload.MediaTypeShould)  Time elapsed: 0.001 s  <<< ERROR!
java.lang.NoClassDefFoundError: Could not initialize class com.juliaaano.payload.MediaType
	at com.juliaaano.payload.MediaTypeShould.print_mediaType_when_call_toString(MediaTypeShould.java:39)

[ERROR] cache_provider_after_second_payload_call(com.juliaaano.payload.MediaTypeShould)  Time elapsed: 0 s  <<< ERROR!
java.lang.NoClassDefFoundError: Could not initialize class com.juliaaano.payload.MediaType
	at com.juliaaano.payload.MediaTypeShould.cache_provider_after_second_payload_call(MediaTypeShould.java:28)

[ERROR] throw_exception_when_invalid_contentType(com.juliaaano.payload.MediaTypeShould)  Time elapsed: 0.001 s  <<< ERROR!
java.lang.Exception: Unexpected exception, expected<com.juliaaano.payload.InvalidMediaTypeException> but was<java.lang.NoClassDefFoundError>
	at com.juliaaano.payload.MediaTypeShould.throw_exception_when_invalid_contentType(MediaTypeShould.java:22)

[INFO] Running com.juliaaano.payload.provider.sourcing.PrioritizedProviderFactorySourceShould
[ERROR] Tests run: 2, Failures: 0, Errors: 2, Skipped: 0, Time elapsed: 0.001 s <<< FAILURE! - in com.juliaaano.payload.provider.sourcing.PrioritizedProviderFactorySourceShould
[ERROR] load_xml_provider_factories_in_order(com.juliaaano.payload.provider.sourcing.PrioritizedProviderFactorySourceShould)  Time elapsed: 0 s  <<< ERROR!
java.lang.NoClassDefFoundError: Could not initialize class org.apache.logging.log4j.core.LoggerContext
	at com.juliaaano.payload.provider.sourcing.PrioritizedProviderFactorySourceShould.load_xml_provider_factories_in_order(PrioritizedProviderFactorySourceShould.java:36)

[ERROR] load_json_provider_factories_in_order(com.juliaaano.payload.provider.sourcing.PrioritizedProviderFactorySourceShould)  Time elapsed: 0.001 s  <<< ERROR!
java.lang.NoClassDefFoundError: Could not initialize class org.apache.logging.log4j.core.LoggerContext
	at com.juliaaano.payload.provider.sourcing.PrioritizedProviderFactorySourceShould.load_json_provider_factories_in_order(PrioritizedProviderFactorySourceShould.java:19)

[INFO] Running com.juliaaano.payload.provider.dispatch.RuntimeProviderFactoryShould
[INFO] Tests run: 1, Failures: 0, Errors: 0, Skipped: 0, Time elapsed: 0 s - in com.juliaaano.payload.provider.dispatch.RuntimeProviderFactoryShould
[INFO] Running com.juliaaano.payload.xml.XmlProviderShould
[INFO] Tests run: 4, Failures: 0, Errors: 0, Skipped: 0, Time elapsed: 0.212 s - in com.juliaaano.payload.xml.XmlProviderShould
[INFO] 
[INFO] Results:
[INFO] 
[ERROR] Errors: 
[ERROR]   MediaTypeShould.cache_provider_after_second_payload_call:28 NoClassDefFound Co...
[ERROR]   MediaTypeShould.print_mediaType_when_call_toString:39 NoClassDefFound Could no...
[ERROR]   MediaTypeShould.return_enum_that_matches_mediaType:15 NoClassDefFound Could no...
[ERROR]   MediaTypeShould.return_json_from_object:46 NoClassDefFound Could not initializ...
[ERROR]   MediaTypeShould.return_object_from_json:53 NoClassDefFound Could not initializ...
[ERROR]   MediaTypeShould.return_object_from_xml:67 NoClassDefFound Could not initialize...
[ERROR]   MediaTypeShould.return_xml_from_object:60 NoClassDefFound Could not initialize...
[ERROR]   MediaTypeShould.throw_exception_when_invalid_contentType »  Unexpected excepti...
[ERROR]   PayloadShould.print_toString_as_raw_payload:14 » NoSuchField EMPTY_BYTE_ARRAY
[ERROR]   PrioritizedProviderFactorySourceShould.load_json_provider_factories_in_order:19 » NoClassDefFound
[ERROR]   PrioritizedProviderFactorySourceShould.load_xml_provider_factories_in_order:36 » NoClassDefFound
[INFO] 
[ERROR] Tests run: 22, Failures: 0, Errors: 11, Skipped: 0
[INFO] 
[INFO] ------------------------------------------------------------------------
[INFO] BUILD FAILURE
[INFO] ------------------------------------------------------------------------
[INFO] Total time:  4.229 s
[INFO] Finished at: 2023-01-25T05:04:02Z
[INFO] ------------------------------------------------------------------------
[ERROR] Failed to execute goal org.apache.maven.plugins:maven-surefire-plugin:3.0.0-M3:test (default-test) on project payload: There are test failures.
[ERROR] 
[ERROR] Please refer to /home/gabsko/breaking-updates/target/surefire-reports for the individual test results.
[ERROR] Please refer to dump files (if any exist) [date].dump, [date]-jvmRun[N].dump and [date].dumpstream.
[ERROR] -> [Help 1]
[ERROR] 
[ERROR] To see the full stack trace of the errors, re-run Maven with the -e switch.
[ERROR] Re-run Maven using the -X switch to enable full debug logging.
[ERROR] 
[ERROR] For more information about the errors and possible solutions, please read the following articles:
[ERROR] [Help 1] http://cwiki.apache.org/confluence/display/MAVEN/MojoFailureException
