[INFO] Scanning for projects...
[INFO] Inspecting build with total of 10 modules...
[INFO] Installing Nexus Staging features:
[INFO]   ... total of 10 executions of maven-deploy-plugin replaced with nexus-staging-maven-plugin
[INFO] ------------------------------------------------------------------------
[INFO] Reactor Build Order:
[INFO] 
[INFO] Parent for the Google OAuth Client Library for Java                [pom]
[INFO] Google OAuth Client Library for Java                               [jar]
[INFO] Servlet and JDO extensions to the Google OAuth Client Library for Java. [jar]
[INFO] Google App Engine extensions to the Google OAuth Client Library for Java. [jar]
[INFO] Google OAuth Client Library for Java BOM                           [pom]
[INFO] Java 6 (and higher) extensions to the Google OAuth Client Library for Java. [jar]
[INFO] OAuth 2.0 verification code receiver for Google OAuth Client Library for Java. [jar]
[INFO] Example for the DailyMotion API using OAuth2.                      [jar]
[INFO] Example for obtaining OAuth2 tokens with PKCE verification using the Authorization Code Flow against Keycloak. [jar]
[INFO] Assembly for the Google OAuth Client Library for Java              [pom]
[INFO] 
[INFO] ---------< com.google.oauth-client:google-oauth-client-parent >---------
[INFO] Building Parent for the Google OAuth Client Library for Java 1.33.3 [1/10]
[INFO] --------------------------------[ pom ]---------------------------------
[INFO] 
[INFO] --- maven-clean-plugin:2.5:clean (default-clean) @ google-oauth-client-parent ---
[INFO] 
[INFO] --- maven-enforcer-plugin:3.0.0-M3:enforce (enforce-maven) @ google-oauth-client-parent ---
[INFO] 
[INFO] --- animal-sniffer-maven-plugin:1.21:check (default) @ google-oauth-client-parent ---
[INFO] Checking unresolved references to org.codehaus.mojo.signature:java17:1.0
[INFO] 
[INFO] ------------< com.google.oauth-client:google-oauth-client >-------------
[INFO] Building Google OAuth Client Library for Java 1.33.3              [2/10]
[INFO] --------------------------------[ jar ]---------------------------------
[INFO] 
[INFO] --- maven-clean-plugin:2.5:clean (default-clean) @ google-oauth-client ---
[INFO] Deleting /home/gabsko/breaking-updates/google-oauth-client/target
[INFO] 
[INFO] --- maven-enforcer-plugin:3.0.0-M3:enforce (enforce-maven) @ google-oauth-client ---
[INFO] 
[INFO] --- maven-resources-plugin:2.6:resources (default-resources) @ google-oauth-client ---
[INFO] Using 'UTF-8' encoding to copy filtered resources.
[INFO] skip non existing resourceDirectory /home/gabsko/breaking-updates/google-oauth-client/src/main/resources
[INFO] 
[INFO] --- maven-compiler-plugin:2.5.1:compile (default-compile) @ google-oauth-client ---
[INFO] Compiling 40 source files to /home/gabsko/breaking-updates/google-oauth-client/target/classes
[INFO] 
[INFO] --- maven-bundle-plugin:5.1.4:manifest (bundle-manifest) @ google-oauth-client ---
[INFO] Writing manifest: /home/gabsko/breaking-updates/google-oauth-client/target/classes/META-INF/MANIFEST.MF
[INFO] 
[INFO] --- maven-resources-plugin:2.6:testResources (default-testResources) @ google-oauth-client ---
[INFO] Using 'UTF-8' encoding to copy filtered resources.
[INFO] Copying 8 resources
[INFO] 
[INFO] --- maven-compiler-plugin:2.5.1:testCompile (default-testCompile) @ google-oauth-client ---
[INFO] Compiling 23 source files to /home/gabsko/breaking-updates/google-oauth-client/target/test-classes
[INFO] 
[INFO] --- animal-sniffer-maven-plugin:1.21:check (default) @ google-oauth-client ---
[INFO] Checking unresolved references to org.codehaus.mojo.signature:java17:1.0
[INFO] 
[INFO] --- maven-surefire-plugin:3.0.0-M6:test (default-test) @ google-oauth-client ---
[INFO] Using auto detected provider org.apache.maven.surefire.junit4.JUnit4Provider
[INFO] 
[INFO] -------------------------------------------------------
[INFO]  T E S T S
[INFO] -------------------------------------------------------
[INFO] Running com.google.api.client.auth.oauth.OAuthRsaSignerTest
[INFO] Tests run: 1, Failures: 0, Errors: 0, Skipped: 0, Time elapsed: 0.171 s - in com.google.api.client.auth.oauth.OAuthRsaSignerTest
[INFO] Running com.google.api.client.auth.oauth.OAuthHmacSignerTest
[INFO] Tests run: 1, Failures: 0, Errors: 0, Skipped: 0, Time elapsed: 0.019 s - in com.google.api.client.auth.oauth.OAuthHmacSignerTest
[INFO] Running com.google.api.client.auth.oauth.OAuthHmacSha256SignerTest
[INFO] Tests run: 4, Failures: 0, Errors: 0, Skipped: 0, Time elapsed: 0.022 s - in com.google.api.client.auth.oauth.OAuthHmacSha256SignerTest
[INFO] Running com.google.api.client.auth.oauth.OAuthParametersTest
[INFO] Tests run: 5, Failures: 0, Errors: 0, Skipped: 0, Time elapsed: 0.075 s - in com.google.api.client.auth.oauth.OAuthParametersTest
[INFO] Running com.google.api.client.auth.oauth2.ClientCredentialsTokenRequestTest
[INFO] Tests run: 2, Failures: 0, Errors: 0, Skipped: 0, Time elapsed: 0.006 s - in com.google.api.client.auth.oauth2.ClientCredentialsTokenRequestTest
[INFO] Running com.google.api.client.auth.oauth2.RefreshTokenRequestTest
[INFO] Tests run: 2, Failures: 0, Errors: 0, Skipped: 0, Time elapsed: 0 s - in com.google.api.client.auth.oauth2.RefreshTokenRequestTest
[INFO] Running com.google.api.client.auth.oauth2.BrowserClientRequestUrlTest
[INFO] Tests run: 1, Failures: 0, Errors: 0, Skipped: 0, Time elapsed: 0.004 s - in com.google.api.client.auth.oauth2.BrowserClientRequestUrlTest
[INFO] Running com.google.api.client.auth.oauth2.TokenErrorResponseTest
[INFO] Tests run: 1, Failures: 0, Errors: 0, Skipped: 0, Time elapsed: 0.01 s - in com.google.api.client.auth.oauth2.TokenErrorResponseTest
[INFO] Running com.google.api.client.auth.oauth2.TokenRequestTest
[INFO] Tests run: 4, Failures: 0, Errors: 0, Skipped: 0, Time elapsed: 0 s - in com.google.api.client.auth.oauth2.TokenRequestTest
[INFO] Running com.google.api.client.auth.oauth2.AuthorizationCodeFlowTest
[INFO] Tests run: 4, Failures: 0, Errors: 0, Skipped: 0, Time elapsed: 0.027 s - in com.google.api.client.auth.oauth2.AuthorizationCodeFlowTest
[INFO] Running com.google.api.client.auth.oauth2.ClientParametersAuthenticationTest
[INFO] Tests run: 2, Failures: 0, Errors: 0, Skipped: 0, Time elapsed: 0.002 s - in com.google.api.client.auth.oauth2.ClientParametersAuthenticationTest
[INFO] Running com.google.api.client.auth.oauth2.TokenResponseTest
[INFO] Tests run: 1, Failures: 0, Errors: 0, Skipped: 0, Time elapsed: 0 s - in com.google.api.client.auth.oauth2.TokenResponseTest
[INFO] Running com.google.api.client.auth.oauth2.PasswordTokenRequestTest
[INFO] Tests run: 2, Failures: 0, Errors: 0, Skipped: 0, Time elapsed: 0.001 s - in com.google.api.client.auth.oauth2.PasswordTokenRequestTest
[INFO] Running com.google.api.client.auth.oauth2.AuthorizationCodeTokenRequestTest
[INFO] Tests run: 2, Failures: 0, Errors: 0, Skipped: 0, Time elapsed: 0 s - in com.google.api.client.auth.oauth2.AuthorizationCodeTokenRequestTest
[INFO] Running com.google.api.client.auth.oauth2.AuthorizationCodeResponseUrlTest
[INFO] Tests run: 1, Failures: 0, Errors: 0, Skipped: 0, Time elapsed: 0.001 s - in com.google.api.client.auth.oauth2.AuthorizationCodeResponseUrlTest
[INFO] Running com.google.api.client.auth.oauth2.AuthorizationCodeRequestUrlTest
[INFO] Tests run: 1, Failures: 0, Errors: 0, Skipped: 0, Time elapsed: 0.001 s - in com.google.api.client.auth.oauth2.AuthorizationCodeRequestUrlTest
[INFO] Running com.google.api.client.auth.oauth2.CustomTokenRequestTest
[INFO] Tests run: 2, Failures: 0, Errors: 0, Skipped: 0, Time elapsed: 0.007 s - in com.google.api.client.auth.oauth2.CustomTokenRequestTest
[INFO] Running com.google.api.client.auth.oauth2.AuthorizationRequestUrlTest
[INFO] Tests run: 1, Failures: 0, Errors: 0, Skipped: 0, Time elapsed: 0.001 s - in com.google.api.client.auth.oauth2.AuthorizationRequestUrlTest
[INFO] Running com.google.api.client.auth.oauth2.CustomTokenResponseTest
[INFO] Tests run: 1, Failures: 0, Errors: 0, Skipped: 0, Time elapsed: 0.001 s - in com.google.api.client.auth.oauth2.CustomTokenResponseTest
[INFO] Running com.google.api.client.auth.oauth2.CredentialTest
[INFO] Tests run: 15, Failures: 0, Errors: 0, Skipped: 0, Time elapsed: 0.03 s - in com.google.api.client.auth.oauth2.CredentialTest
[INFO] Running com.google.api.client.auth.openidconnect.IdTokenTest
[INFO] Tests run: 7, Failures: 0, Errors: 0, Skipped: 0, Time elapsed: 0.001 s - in com.google.api.client.auth.openidconnect.IdTokenTest
[INFO] Running com.google.api.client.auth.openidconnect.IdTokenVerifierTest
Jan 25, 2023 2:11:30 AM com.google.api.client.auth.openidconnect.IdTokenVerifier verify
SEVERE: id token signature verification failed. Please see docs for IdTokenVerifier for default settings and configuration options
com.google.api.client.auth.openidconnect.IdTokenVerifier$VerificationException: Could not find PublicKey for provided keyId: 2ef77b38a1b0370487043916acbf27d74edd08b1
	at com.google.api.client.auth.openidconnect.IdTokenVerifier.verifySignature(IdTokenVerifier.java:280)
	at com.google.api.client.auth.openidconnect.IdTokenVerifier.verify(IdTokenVerifier.java:246)
	at com.google.api.client.auth.openidconnect.IdTokenVerifierTest.testVerifyServiceAccountRs256Token(IdTokenVerifierTest.java:276)
	at java.base/jdk.internal.reflect.NativeMethodAccessorImpl.invoke0(Native Method)
	at java.base/jdk.internal.reflect.NativeMethodAccessorImpl.invoke(NativeMethodAccessorImpl.java:62)
	at java.base/jdk.internal.reflect.DelegatingMethodAccessorImpl.invoke(DelegatingMethodAccessorImpl.java:43)
	at java.base/java.lang.reflect.Method.invoke(Method.java:566)
	at junit.framework.TestCase.runTest(TestCase.java:177)
	at junit.framework.TestCase.runBare(TestCase.java:142)
	at junit.framework.TestResult$1.protect(TestResult.java:122)
	at junit.framework.TestResult.runProtected(TestResult.java:142)
	at junit.framework.TestResult.run(TestResult.java:125)
	at junit.framework.TestCase.run(TestCase.java:130)
	at junit.framework.TestSuite.runTest(TestSuite.java:241)
	at junit.framework.TestSuite.run(TestSuite.java:236)
	at org.junit.internal.runners.JUnit38ClassRunner.run(JUnit38ClassRunner.java:90)
	at org.apache.maven.surefire.junit4.JUnit4Provider.execute(JUnit4Provider.java:377)
	at org.apache.maven.surefire.junit4.JUnit4Provider.executeWithRerun(JUnit4Provider.java:284)
	at org.apache.maven.surefire.junit4.JUnit4Provider.executeTestSet(JUnit4Provider.java:248)
	at org.apache.maven.surefire.junit4.JUnit4Provider.invoke(JUnit4Provider.java:167)
	at org.apache.maven.surefire.booter.ForkedBooter.runSuitesInProcess(ForkedBooter.java:456)
	at org.apache.maven.surefire.booter.ForkedBooter.execute(ForkedBooter.java:169)
	at org.apache.maven.surefire.booter.ForkedBooter.run(ForkedBooter.java:595)
	at org.apache.maven.surefire.booter.ForkedBooter.main(ForkedBooter.java:581)

[ERROR] Tests run: 10, Failures: 1, Errors: 0, Skipped: 0, Time elapsed: 0.443 s <<< FAILURE! - in com.google.api.client.auth.openidconnect.IdTokenVerifierTest
[ERROR] com.google.api.client.auth.openidconnect.IdTokenVerifierTest.testVerifyServiceAccountRs256Token  Time elapsed: 0.398 s  <<< FAILURE!
junit.framework.AssertionFailedError
	at junit.framework.Assert.fail(Assert.java:55)
	at junit.framework.Assert.assertTrue(Assert.java:22)
	at junit.framework.Assert.assertTrue(Assert.java:31)
	at junit.framework.TestCase.assertTrue(TestCase.java:200)
	at com.google.api.client.auth.openidconnect.IdTokenVerifierTest.testVerifyServiceAccountRs256Token(IdTokenVerifierTest.java:276)
	at java.base/jdk.internal.reflect.NativeMethodAccessorImpl.invoke0(Native Method)
	at java.base/jdk.internal.reflect.NativeMethodAccessorImpl.invoke(NativeMethodAccessorImpl.java:62)
	at java.base/jdk.internal.reflect.DelegatingMethodAccessorImpl.invoke(DelegatingMethodAccessorImpl.java:43)
	at java.base/java.lang.reflect.Method.invoke(Method.java:566)
	at junit.framework.TestCase.runTest(TestCase.java:177)
	at junit.framework.TestCase.runBare(TestCase.java:142)
	at junit.framework.TestResult$1.protect(TestResult.java:122)
	at junit.framework.TestResult.runProtected(TestResult.java:142)
	at junit.framework.TestResult.run(TestResult.java:125)
	at junit.framework.TestCase.run(TestCase.java:130)
	at junit.framework.TestSuite.runTest(TestSuite.java:241)
	at junit.framework.TestSuite.run(TestSuite.java:236)
	at org.junit.internal.runners.JUnit38ClassRunner.run(JUnit38ClassRunner.java:90)
	at org.apache.maven.surefire.junit4.JUnit4Provider.execute(JUnit4Provider.java:377)
	at org.apache.maven.surefire.junit4.JUnit4Provider.executeWithRerun(JUnit4Provider.java:284)
	at org.apache.maven.surefire.junit4.JUnit4Provider.executeTestSet(JUnit4Provider.java:248)
	at org.apache.maven.surefire.junit4.JUnit4Provider.invoke(JUnit4Provider.java:167)
	at org.apache.maven.surefire.booter.ForkedBooter.runSuitesInProcess(ForkedBooter.java:456)
	at org.apache.maven.surefire.booter.ForkedBooter.execute(ForkedBooter.java:169)
	at org.apache.maven.surefire.booter.ForkedBooter.run(ForkedBooter.java:595)
	at org.apache.maven.surefire.booter.ForkedBooter.main(ForkedBooter.java:581)

[INFO] 
[INFO] Results:
[INFO] 
[ERROR] Failures: 
[ERROR]   IdTokenVerifierTest.testVerifyServiceAccountRs256Token:276
[INFO] 
[ERROR] Tests run: 70, Failures: 1, Errors: 0, Skipped: 0
[INFO] 
[INFO] ------------------------------------------------------------------------
[INFO] Reactor Summary for Parent for the Google OAuth Client Library for Java 1.33.3:
[INFO] 
[INFO] Parent for the Google OAuth Client Library for Java  SUCCESS [  0.695 s]
[INFO] Google OAuth Client Library for Java ............... FAILURE [  4.474 s]
[INFO] Servlet and JDO extensions to the Google OAuth Client Library for Java. SKIPPED
[INFO] Google App Engine extensions to the Google OAuth Client Library for Java. SKIPPED
[INFO] Google OAuth Client Library for Java BOM ........... SKIPPED
[INFO] Java 6 (and higher) extensions to the Google OAuth Client Library for Java. SKIPPED
[INFO] OAuth 2.0 verification code receiver for Google OAuth Client Library for Java. SKIPPED
[INFO] Example for the DailyMotion API using OAuth2. ...... SKIPPED
[INFO] Example for obtaining OAuth2 tokens with PKCE verification using the Authorization Code Flow against Keycloak. SKIPPED
[INFO] Assembly for the Google OAuth Client Library for Java SKIPPED
[INFO] ------------------------------------------------------------------------
[INFO] BUILD FAILURE
[INFO] ------------------------------------------------------------------------
[INFO] Total time:  5.907 s
[INFO] Finished at: 2023-01-25T02:11:30Z
[INFO] ------------------------------------------------------------------------
[ERROR] Failed to execute goal org.apache.maven.plugins:maven-surefire-plugin:3.0.0-M6:test (default-test) on project google-oauth-client: There are test failures.
[ERROR] 
[ERROR] Please refer to /home/gabsko/breaking-updates/google-oauth-client/target/surefire-reports for the individual test results.
[ERROR] Please refer to dump files (if any exist) [date].dump, [date]-jvmRun[N].dump and [date].dumpstream.
[ERROR] -> [Help 1]
[ERROR] 
[ERROR] To see the full stack trace of the errors, re-run Maven with the -e switch.
[ERROR] Re-run Maven using the -X switch to enable full debug logging.
[ERROR] 
[ERROR] For more information about the errors and possible solutions, please read the following articles:
[ERROR] [Help 1] http://cwiki.apache.org/confluence/display/MAVEN/MojoFailureException
[ERROR] 
[ERROR] After correcting the problems, you can resume the build with the command
[ERROR]   mvn <args> -rf :google-oauth-client
