[INFO] Scanning for projects...
[INFO] 
[INFO] ------------< org.mybatis.dynamic-sql:mybatis-dynamic-sql >-------------
[INFO] Building MyBatis Dynamic SQL 1.3.1-SNAPSHOT
[INFO] --------------------------------[ jar ]---------------------------------
[INFO] 
[INFO] --- maven-clean-plugin:3.1.0:clean (default-clean) @ mybatis-dynamic-sql ---
[INFO] Deleting /home/gabsko/breaking-updates/target
[INFO] 
[INFO] --- maven-enforcer-plugin:3.0.0-M1:enforce (enforce-java) @ mybatis-dynamic-sql ---
[INFO] 
[INFO] --- jacoco-maven-plugin:0.8.7:prepare-agent (prepare-agent) @ mybatis-dynamic-sql ---
[INFO] argLine set to -javaagent:/home/gabsko/.m2/repository/org/jacoco/org.jacoco.agent/0.8.7/org.jacoco.agent-0.8.7-runtime.jar=destfile=/home/gabsko/breaking-updates/target/jacoco.exec
[INFO] 
[INFO] --- build-helper-maven-plugin:3.2.0:add-source (default) @ mybatis-dynamic-sql ---
[INFO] Source directory: /home/gabsko/breaking-updates/src/main/kotlin added.
[INFO] 
[INFO] --- whitespace-maven-plugin:1.0.4:trim (default) @ mybatis-dynamic-sql ---
[INFO] 
[INFO] --- maven-resources-plugin:3.2.0:resources (default-resources) @ mybatis-dynamic-sql ---
[INFO] Using 'UTF-8' encoding to copy filtered resources.
[INFO] Using 'UTF-8' encoding to copy filtered properties files.
[INFO] skip non existing resourceDirectory /home/gabsko/breaking-updates/src/main/resources
[INFO] Copying 2 resources to META-INF
[INFO] 
[INFO] --- kotlin-maven-plugin:1.5.30:compile (compile) @ mybatis-dynamic-sql ---
[INFO] 
[INFO] --- maven-compiler-plugin:3.8.1:compile (java-compile) @ mybatis-dynamic-sql ---
[INFO] Compiling 203 source files to /home/gabsko/breaking-updates/target/classes
[INFO] /home/gabsko/breaking-updates/src/main/java/org/mybatis/dynamic/sql/insert/render/DefaultInsertStatementProvider.java: /home/gabsko/breaking-updates/src/main/java/org/mybatis/dynamic/sql/insert/render/DefaultInsertStatementProvider.java uses or overrides a deprecated API.
[INFO] /home/gabsko/breaking-updates/src/main/java/org/mybatis/dynamic/sql/insert/render/DefaultInsertStatementProvider.java: Recompile with -Xlint:deprecation for details.
[INFO] 
[INFO] --- license-maven-plugin:4.1:format (default) @ mybatis-dynamic-sql ---
[INFO] Updating license headers...
[INFO] 
[INFO] --- animal-sniffer-maven-plugin:1.20:check (check-java-compat) @ mybatis-dynamic-sql ---
[INFO] Checking unresolved references to org.codehaus.mojo.signature:java18:1.0
[INFO] 
[INFO] --- maven-bundle-plugin:5.1.2:manifest (bundle-manifest) @ mybatis-dynamic-sql ---
[INFO] 
[INFO] --- maven-resources-plugin:3.2.0:testResources (default-testResources) @ mybatis-dynamic-sql ---
[INFO] Using 'UTF-8' encoding to copy filtered resources.
[INFO] Using 'UTF-8' encoding to copy filtered properties files.
[INFO] Copying 20 resources
[INFO] 
[INFO] --- kotlin-maven-plugin:1.5.30:test-compile (test-compile) @ mybatis-dynamic-sql ---
[INFO] 
[INFO] --- maven-compiler-plugin:3.8.1:testCompile (java-test-compile) @ mybatis-dynamic-sql ---
[INFO] Compiling 155 source files to /home/gabsko/breaking-updates/target/test-classes
[INFO] /home/gabsko/breaking-updates/src/test/java/examples/generated/always/spring/SpringTest.java: Some input files use or override a deprecated API.
[INFO] /home/gabsko/breaking-updates/src/test/java/examples/generated/always/spring/SpringTest.java: Recompile with -Xlint:deprecation for details.
[INFO] 
[INFO] --- maven-surefire-plugin:3.0.0-M5:test (default-test) @ mybatis-dynamic-sql ---
[INFO] 
[INFO] -------------------------------------------------------
[INFO]  T E S T S
[INFO] -------------------------------------------------------
[INFO] Running examples.simple.PersonMapperTest
[INFO] Tests run: 39, Failures: 0, Errors: 0, Skipped: 0, Time elapsed: 1.603 s - in examples.simple.PersonMapperTest
[INFO] Running examples.simple.ReusableWhereTest
[INFO] Tests run: 4, Failures: 0, Errors: 0, Skipped: 0, Time elapsed: 0.029 s - in examples.simple.ReusableWhereTest
[INFO] Running examples.array.ArrayTest
[INFO] Tests run: 2, Failures: 0, Errors: 0, Skipped: 0, Time elapsed: 0.026 s - in examples.array.ArrayTest
[INFO] Running examples.complexquery.ComplexQueryTest
[INFO] Tests run: 5, Failures: 0, Errors: 0, Skipped: 0, Time elapsed: 0.016 s - in examples.complexquery.ComplexQueryTest
[INFO] Running examples.joins.JoinMapperTest
[INFO] Tests run: 33, Failures: 0, Errors: 0, Skipped: 0, Time elapsed: 0.487 s - in examples.joins.JoinMapperTest
[INFO] Running examples.joins.ExistsTest
[INFO] Tests run: 8, Failures: 0, Errors: 0, Skipped: 0, Time elapsed: 0.105 s - in examples.joins.ExistsTest
[INFO] Running examples.joins.JoinSubQueryTest
[INFO] Tests run: 9, Failures: 0, Errors: 0, Skipped: 0, Time elapsed: 0.1 s - in examples.joins.JoinSubQueryTest
[INFO] Running examples.animal.data.AnimalDataTest
[INFO] Tests run: 92, Failures: 0, Errors: 0, Skipped: 0, Time elapsed: 0.833 s - in examples.animal.data.AnimalDataTest
[INFO] Running examples.animal.data.CommonSelectMapperTest
[INFO] Tests run: 24, Failures: 0, Errors: 0, Skipped: 0, Time elapsed: 0.118 s - in examples.animal.data.CommonSelectMapperTest
[INFO] Running examples.animal.data.LimitAndOffsetTest
[INFO] Tests run: 9, Failures: 0, Errors: 0, Skipped: 0, Time elapsed: 0.04 s - in examples.animal.data.LimitAndOffsetTest
[INFO] Running examples.animal.data.FetchFirstTest
[INFO] Tests run: 6, Failures: 0, Errors: 0, Skipped: 0, Time elapsed: 0.027 s - in examples.animal.data.FetchFirstTest
[INFO] Running examples.animal.data.SubQueryTest
[INFO] Tests run: 4, Failures: 0, Errors: 0, Skipped: 0, Time elapsed: 0.024 s - in examples.animal.data.SubQueryTest
[INFO] Running examples.animal.data.BindingTest
[INFO] Tests run: 2, Failures: 0, Errors: 0, Skipped: 0, Time elapsed: 0.006 s - in examples.animal.data.BindingTest
[INFO] Running examples.animal.data.OptionalConditionsWithPredicatesAnimalDataTest
[INFO] Tests run: 43, Failures: 0, Errors: 0, Skipped: 0, Time elapsed: 0.253 s - in examples.animal.data.OptionalConditionsWithPredicatesAnimalDataTest
[INFO] Running examples.animal.data.OptionalConditionsAnimalDataTest
[INFO] Tests run: 45, Failures: 0, Errors: 0, Skipped: 0, Time elapsed: 0.226 s - in examples.animal.data.OptionalConditionsAnimalDataTest
[INFO] Running examples.emptywhere.EmptyWhereTest
[INFO] Tests run: 25, Failures: 0, Errors: 0, Skipped: 0, Time elapsed: 0.065 s - in examples.emptywhere.EmptyWhereTest
[INFO] Running examples.groupby.GroupByTest
[INFO] Tests run: 16, Failures: 0, Errors: 0, Skipped: 0, Time elapsed: 0.061 s - in examples.groupby.GroupByTest
[INFO] Running examples.kotlin.spring.canonical.CanonicalSpringKotlinTest
[INFO] Tests run: 47, Failures: 0, Errors: 0, Skipped: 0, Time elapsed: 1.124 s - in examples.kotlin.spring.canonical.CanonicalSpringKotlinTest
[INFO] Running examples.kotlin.spring.canonical.SpringKotlinSubQueryTest
[INFO] Tests run: 3, Failures: 0, Errors: 0, Skipped: 0, Time elapsed: 0.027 s - in examples.kotlin.spring.canonical.SpringKotlinSubQueryTest
[INFO] Running examples.kotlin.spring.canonical.KotlinElementsTest
[INFO] Tests run: 61, Failures: 0, Errors: 0, Skipped: 0, Time elapsed: 0.182 s - in examples.kotlin.spring.canonical.KotlinElementsTest
[INFO] Running examples.kotlin.spring.canonical.CanonicalSpringKotlinTemplateDirectTest
[INFO] Tests run: 37, Failures: 0, Errors: 0, Skipped: 0, Time elapsed: 0.179 s - in examples.kotlin.spring.canonical.CanonicalSpringKotlinTemplateDirectTest
[INFO] Running examples.kotlin.spring.canonical.KotlinConditionsTest
[INFO] Tests run: 10, Failures: 0, Errors: 0, Skipped: 0, Time elapsed: 0.033 s - in examples.kotlin.spring.canonical.KotlinConditionsTest
[INFO] Running examples.kotlin.mybatis3.general.GeneralKotlinTest
[INFO] Tests run: 29, Failures: 0, Errors: 0, Skipped: 0, Time elapsed: 0.143 s - in examples.kotlin.mybatis3.general.GeneralKotlinTest
[INFO] Running examples.kotlin.mybatis3.joins.JoinMapperTest
[INFO] Tests run: 13, Failures: 0, Errors: 0, Skipped: 0, Time elapsed: 0.108 s - in examples.kotlin.mybatis3.joins.JoinMapperTest
[INFO] Running examples.kotlin.mybatis3.joins.ExistsTest
[INFO] Tests run: 12, Failures: 0, Errors: 0, Skipped: 0, Time elapsed: 0.065 s - in examples.kotlin.mybatis3.joins.ExistsTest
[INFO] Running examples.kotlin.mybatis3.column.comparison.ColumnComparisonTest
[INFO] Tests run: 7, Failures: 0, Errors: 0, Skipped: 0, Time elapsed: 0.159 s - in examples.kotlin.mybatis3.column.comparison.ColumnComparisonTest
[INFO] Running examples.kotlin.mybatis3.custom.render.KCustomRenderingTest
2023-01-30 15:52:21,321 WARN  o.t.u.TestcontainersConfiguration - Attempted to read Testcontainers configuration file at file:/home/gabsko/.testcontainers.properties but the file was not found. Exception message: FileNotFoundException: /home/gabsko/.testcontainers.properties (No such file or directory)
2023-01-30 15:52:51,872 ERROR o.t.d.DockerClientProviderStrategy - Could not find a valid Docker environment. Please check configuration. Attempted configurations were:
2023-01-30 15:52:51,872 ERROR o.t.d.DockerClientProviderStrategy -     UnixSocketClientProviderStrategy: failed with exception TimeoutException (Timeout waiting for result with exception). Root cause LastErrorException ([13] Permission denied)
2023-01-30 15:52:51,872 ERROR o.t.d.DockerClientProviderStrategy - As no valid configuration was found, execution cannot continue
[ERROR] Tests run: 1, Failures: 0, Errors: 1, Skipped: 0, Time elapsed: 30.65 s <<< FAILURE! - in examples.kotlin.mybatis3.custom.render.KCustomRenderingTest
[ERROR] examples.kotlin.mybatis3.custom.render.KCustomRenderingTest  Time elapsed: 30.65 s  <<< ERROR!
java.lang.IllegalStateException: Could not find a valid Docker environment. Please see logs and check configuration

[INFO] Running examples.kotlin.mybatis3.canonical.PersonMapperTest
[INFO] Tests run: 39, Failures: 0, Errors: 0, Skipped: 0, Time elapsed: 0.238 s - in examples.kotlin.mybatis3.canonical.PersonMapperTest
[INFO] Running examples.kotlin.mybatis3.canonical.GeneratedAlwaysTest
[INFO] Tests run: 4, Failures: 0, Errors: 0, Skipped: 0, Time elapsed: 0.023 s - in examples.kotlin.mybatis3.canonical.GeneratedAlwaysTest
[INFO] Running examples.kotlin.mybatis3.canonical.ReusableWhereTest
[INFO] Tests run: 5, Failures: 0, Errors: 0, Skipped: 0, Time elapsed: 0.021 s - in examples.kotlin.mybatis3.canonical.ReusableWhereTest
[INFO] Running examples.column.comparison.ColumnComparisonTest
[INFO] Tests run: 7, Failures: 0, Errors: 0, Skipped: 0, Time elapsed: 0.045 s - in examples.column.comparison.ColumnComparisonTest
[INFO] Running examples.type_conversion.TypeConversionTest
[INFO] Tests run: 2, Failures: 0, Errors: 0, Skipped: 0, Time elapsed: 0.01 s - in examples.type_conversion.TypeConversionTest
[INFO] Running examples.generated.always.spring.SpringTest
[INFO] Tests run: 12, Failures: 0, Errors: 0, Skipped: 0, Time elapsed: 0.133 s - in examples.generated.always.spring.SpringTest
[INFO] Running examples.generated.always.mybatis.PersonMapperTest
[INFO] Tests run: 2, Failures: 0, Errors: 0, Skipped: 0, Time elapsed: 0.033 s - in examples.generated.always.mybatis.PersonMapperTest
[INFO] Running examples.generated.always.mybatis.GeneratedAlwaysMapperTest
[INFO] Tests run: 12, Failures: 0, Errors: 0, Skipped: 0, Time elapsed: 0.046 s - in examples.generated.always.mybatis.GeneratedAlwaysMapperTest
[INFO] Running examples.spring.ReusableWhereTest
[INFO] Tests run: 5, Failures: 0, Errors: 0, Skipped: 0, Time elapsed: 0.032 s - in examples.spring.ReusableWhereTest
[INFO] Running examples.spring.PersonTemplateTest
[INFO] Tests run: 37, Failures: 0, Errors: 0, Skipped: 0, Time elapsed: 0.061 s - in examples.spring.PersonTemplateTest
[INFO] Running examples.custom_render.CustomRenderingTest
[ERROR] Tests run: 1, Failures: 0, Errors: 1, Skipped: 0, Time elapsed: 0.001 s <<< FAILURE! - in examples.custom_render.CustomRenderingTest
[ERROR] examples.custom_render.CustomRenderingTest  Time elapsed: 0.001 s  <<< ERROR!
java.lang.IllegalStateException: Previous attempts to find a Docker environment failed. Will not retry. Please see logs and check configuration

[INFO] Running examples.schema_supplier.SchemaSupplierTest
[INFO] Tests run: 3, Failures: 0, Errors: 0, Skipped: 0, Time elapsed: 0.016 s - in examples.schema_supplier.SchemaSupplierTest
[INFO] Running examples.paging.LimitAndOffsetTest
[INFO] Tests run: 1, Failures: 0, Errors: 0, Skipped: 0, Time elapsed: 0.009 s - in examples.paging.LimitAndOffsetTest
[INFO] Running examples.springbatch.bulkinsert.SpringBatchBulkInsertTest
2023-01-30 15:52:52,724 WARN  o.s.b.c.c.a.DefaultBatchConfigurer - No transaction manager was provided, using a DataSourceTransactionManager
[INFO] Tests run: 1, Failures: 0, Errors: 0, Skipped: 0, Time elapsed: 0.477 s - in examples.springbatch.bulkinsert.SpringBatchBulkInsertTest
[INFO] Running examples.springbatch.cursor.SpringBatchCursorTest
2023-01-30 15:52:53,105 WARN  o.s.b.c.c.a.DefaultBatchConfigurer - No transaction manager was provided, using a DataSourceTransactionManager
[INFO] Tests run: 1, Failures: 0, Errors: 0, Skipped: 0, Time elapsed: 0.083 s - in examples.springbatch.cursor.SpringBatchCursorTest
[INFO] Running examples.springbatch.paging.SpringBatchPagingTest
2023-01-30 15:52:53,193 WARN  o.s.b.c.c.a.DefaultBatchConfigurer - No transaction manager was provided, using a DataSourceTransactionManager
[INFO] Tests run: 1, Failures: 0, Errors: 0, Skipped: 0, Time elapsed: 0.149 s - in examples.springbatch.paging.SpringBatchPagingTest
[INFO] Running issues.lhg142.Issue142Test
[INFO] Tests run: 1, Failures: 0, Errors: 0, Skipped: 0, Time elapsed: 0.002 s - in issues.lhg142.Issue142Test
[INFO] Running issues.gh105.Issue105Test
[INFO] Tests run: 52, Failures: 0, Errors: 0, Skipped: 0, Time elapsed: 0.038 s - in issues.gh105.Issue105Test
[INFO] Running issues.gh100.Issue100StartAfterJoinTest
[INFO] Tests run: 7, Failures: 0, Errors: 0, Skipped: 0, Time elapsed: 0.005 s - in issues.gh100.Issue100StartAfterJoinTest
[INFO] Running issues.gh100.FromGroupByTest
[INFO] Tests run: 18, Failures: 0, Errors: 0, Skipped: 0, Time elapsed: 0.008 s - in issues.gh100.FromGroupByTest
[INFO] Running issues.gh100.Issue100Test
[INFO] Tests run: 10, Failures: 0, Errors: 0, Skipped: 0, Time elapsed: 0.004 s - in issues.gh100.Issue100Test
[INFO] Running issues.gh100.FromJoinWhereTest
[INFO] Tests run: 133, Failures: 0, Errors: 0, Skipped: 0, Time elapsed: 0.062 s - in issues.gh100.FromJoinWhereTest
[INFO] Running issues.gh324.spring.SpringTransactionTest
[INFO] Tests run: 2, Failures: 0, Errors: 0, Skipped: 0, Time elapsed: 0.049 s - in issues.gh324.spring.SpringTransactionTest
[INFO] Running issues.gh324.Issue324Test
[INFO] Tests run: 3, Failures: 0, Errors: 0, Skipped: 0, Time elapsed: 0.015 s - in issues.gh324.Issue324Test
[INFO] Running org.mybatis.dynamic.sql.BindableColumnTest
[INFO] Tests run: 1, Failures: 0, Errors: 0, Skipped: 0, Time elapsed: 0 s - in org.mybatis.dynamic.sql.BindableColumnTest
[INFO] Running org.mybatis.dynamic.sql.update.UpdateStatementTest
[INFO] Tests run: 8, Failures: 0, Errors: 0, Skipped: 0, Time elapsed: 0.009 s - in org.mybatis.dynamic.sql.update.UpdateStatementTest
[INFO] Running org.mybatis.dynamic.sql.insert.InsertStatementTest
[INFO] Tests run: 4, Failures: 0, Errors: 0, Skipped: 0, Time elapsed: 0.003 s - in org.mybatis.dynamic.sql.insert.InsertStatementTest
[INFO] Running org.mybatis.dynamic.sql.insert.GeneralInsertStatementTest
[INFO] Tests run: 4, Failures: 0, Errors: 0, Skipped: 0, Time elapsed: 0.002 s - in org.mybatis.dynamic.sql.insert.GeneralInsertStatementTest
[INFO] Running org.mybatis.dynamic.sql.where.render.CriterionRendererTest
[INFO] Tests run: 2, Failures: 0, Errors: 0, Skipped: 0, Time elapsed: 0.001 s - in org.mybatis.dynamic.sql.where.render.CriterionRendererTest
[INFO] Running org.mybatis.dynamic.sql.where.render.OptionalCriterionRenderTest
[INFO] Tests run: 16, Failures: 0, Errors: 0, Skipped: 0, Time elapsed: 0.011 s - in org.mybatis.dynamic.sql.where.render.OptionalCriterionRenderTest
[INFO] Running org.mybatis.dynamic.sql.where.render.RenderedCriterionTest
[INFO] Tests run: 1, Failures: 0, Errors: 0, Skipped: 0, Time elapsed: 0.001 s - in org.mybatis.dynamic.sql.where.render.RenderedCriterionTest
[INFO] Running org.mybatis.dynamic.sql.where.WhereModelTest
[INFO] Tests run: 1, Failures: 0, Errors: 0, Skipped: 0, Time elapsed: 0 s - in org.mybatis.dynamic.sql.where.WhereModelTest
[INFO] Running org.mybatis.dynamic.sql.where.condition.FilterAndMapTest
[INFO] Tests run: 65, Failures: 0, Errors: 0, Skipped: 0, Time elapsed: 0.031 s - in org.mybatis.dynamic.sql.where.condition.FilterAndMapTest
[INFO] Running org.mybatis.dynamic.sql.where.condition.SupplierTest
[INFO] Tests run: 46, Failures: 0, Errors: 0, Skipped: 0, Time elapsed: 0.019 s - in org.mybatis.dynamic.sql.where.condition.SupplierTest
[INFO] Running org.mybatis.dynamic.sql.util.FragmentCollectorTest
[INFO] Tests run: 1, Failures: 0, Errors: 0, Skipped: 0, Time elapsed: 0 s - in org.mybatis.dynamic.sql.util.FragmentCollectorTest
[INFO] Running org.mybatis.dynamic.sql.util.ColumnMappingVisitorTest
[INFO] Tests run: 16, Failures: 0, Errors: 0, Skipped: 0, Time elapsed: 0.008 s - in org.mybatis.dynamic.sql.util.ColumnMappingVisitorTest
[INFO] Running org.mybatis.dynamic.sql.util.kotlin.model.ModelBuilderTest
[INFO] Tests run: 2, Failures: 0, Errors: 0, Skipped: 0, Time elapsed: 0.002 s - in org.mybatis.dynamic.sql.util.kotlin.model.ModelBuilderTest
[INFO] Running org.mybatis.dynamic.sql.util.StringUtilitiesTest
[INFO] Tests run: 3, Failures: 0, Errors: 0, Skipped: 0, Time elapsed: 0.001 s - in org.mybatis.dynamic.sql.util.StringUtilitiesTest
[INFO] Running org.mybatis.dynamic.sql.util.SqlProviderAdapterTest
[INFO] Tests run: 1, Failures: 0, Errors: 0, Skipped: 0, Time elapsed: 0 s - in org.mybatis.dynamic.sql.util.SqlProviderAdapterTest
[INFO] Running org.mybatis.dynamic.sql.subselect.SubSelectTest
[INFO] Tests run: 2, Failures: 0, Errors: 0, Skipped: 0, Time elapsed: 0.002 s - in org.mybatis.dynamic.sql.subselect.SubSelectTest
[INFO] Running org.mybatis.dynamic.sql.mybatis3.CriterionRendererTest
[INFO] Tests run: 4, Failures: 0, Errors: 0, Skipped: 0, Time elapsed: 0.003 s - in org.mybatis.dynamic.sql.mybatis3.CriterionRendererTest
[INFO] Running org.mybatis.dynamic.sql.mybatis3.InsertStatementTest
[INFO] Tests run: 2, Failures: 0, Errors: 0, Skipped: 0, Time elapsed: 0.001 s - in org.mybatis.dynamic.sql.mybatis3.InsertStatementTest
[INFO] Running org.mybatis.dynamic.sql.mybatis3.UpdateStatementTest
[INFO] Tests run: 2, Failures: 0, Errors: 0, Skipped: 0, Time elapsed: 0.001 s - in org.mybatis.dynamic.sql.mybatis3.UpdateStatementTest
[INFO] Running org.mybatis.dynamic.sql.mybatis3.SelectStatementTest
[INFO] Tests run: 4, Failures: 0, Errors: 0, Skipped: 0, Time elapsed: 0.004 s - in org.mybatis.dynamic.sql.mybatis3.SelectStatementTest
[INFO] Running org.mybatis.dynamic.sql.select.SelectStatementTest
[INFO] Tests run: 21, Failures: 0, Errors: 0, Skipped: 0, Time elapsed: 0.013 s - in org.mybatis.dynamic.sql.select.SelectStatementTest
[INFO] Running org.mybatis.dynamic.sql.delete.DeleteStatementTest
[INFO] Tests run: 2, Failures: 0, Errors: 0, Skipped: 0, Time elapsed: 0.002 s - in org.mybatis.dynamic.sql.delete.DeleteStatementTest
[INFO] Running org.mybatis.dynamic.sql.SqlTableTest
[INFO] Tests run: 10, Failures: 0, Errors: 0, Skipped: 0, Time elapsed: 0.005 s - in org.mybatis.dynamic.sql.SqlTableTest
[INFO] 
[INFO] Results:
[INFO] 
[ERROR] Errors: 
[ERROR]   CustomRenderingTest » IllegalState Previous attempts to find a Docker environm...
[ERROR]   KCustomRenderingTest » IllegalState Could not find a valid Docker environment....
[INFO] 
[ERROR] Tests run: 1163, Failures: 0, Errors: 2, Skipped: 0
[INFO] 
[INFO] ------------------------------------------------------------------------
[INFO] BUILD FAILURE
[INFO] ------------------------------------------------------------------------
[INFO] Total time:  01:27 min
[INFO] Finished at: 2023-01-30T15:52:53Z
[INFO] ------------------------------------------------------------------------
[ERROR] Failed to execute goal org.apache.maven.plugins:maven-surefire-plugin:3.0.0-M5:test (default-test) on project mybatis-dynamic-sql: There are test failures.
[ERROR] 
[ERROR] Please refer to /home/gabsko/breaking-updates/target/surefire-reports for the individual test results.
[ERROR] Please refer to dump files (if any exist) [date].dump, [date]-jvmRun[N].dump and [date].dumpstream.
[ERROR] -> [Help 1]
[ERROR] 
[ERROR] To see the full stack trace of the errors, re-run Maven with the -e switch.
[ERROR] Re-run Maven using the -X switch to enable full debug logging.
[ERROR] 
[ERROR] For more information about the errors and possible solutions, please read the following articles:
[ERROR] [Help 1] http://cwiki.apache.org/confluence/display/MAVEN/MojoFailureException
