[INFO] Scanning for projects...
[INFO] ------------------------------------------------------------------------
[INFO] Detecting the operating system and CPU architecture
[INFO] ------------------------------------------------------------------------
[INFO] os.detected.name: linux
[INFO] os.detected.arch: x86_64
[INFO] os.detected.version: 5.4
[INFO] os.detected.version.major: 5
[INFO] os.detected.version.minor: 4
[INFO] os.detected.release: ubuntu
[INFO] os.detected.release.version: 18.04
[INFO] os.detected.release.like.ubuntu: true
[INFO] os.detected.release.like.debian: true
[INFO] os.detected.classifier: linux-x86_64
[INFO] ------------------------------------------------------------------------
[INFO] Reactor Build Order:
[INFO] 
[INFO] Kogito Runtimes                                                    [pom]
[INFO] Kogito :: IDE/Tools - Config                                       [jar]
[INFO] Kogito :: Runtimes Build Parent                                    [pom]
[INFO] Kogito :: Build Modules                                            [pom]
[INFO] Kogito :: Kie7 BOM                                                 [pom]
[INFO] Kogito :: BOM                                                      [pom]
[INFO] Kogito :: API                                                      [pom]
[INFO] Kogito :: API :: Events                                            [jar]
[INFO] Kogito :: API :: Timer                                             [jar]
[INFO] Kogito :: Drools                                                   [pom]
[INFO] Kogito :: Drools :: Kogito Predictive Model Markup Language :: API Dependencies [jar]
[INFO] Kogito :: API :: Public API                                        [jar]
[INFO] Kogito :: API :: Services                                          [jar]
[INFO] Kogito :: Drools :: Drools Core Static                             [jar]
[INFO] Kogito :: Drools :: Drools Core                                    [jar]
[INFO] Kogito :: Drools :: Drools Compiler                                [jar]
[INFO] Kogito :: Drools :: Kogito Drools Model                            [jar]
[INFO] Kogito :: Drools :: Kogito RuleUnits                               [jar]
[INFO] Kogito :: Drools :: Kogito Drools                                  [jar]
[INFO] Kogito :: Drools :: Kogito Decision Model Notation                 [jar]
[INFO] Kogito :: Test Utilities                                           [jar]
[INFO] Kogito :: API :: Legacy API                                        [jar]
[INFO] Kogito :: Drools :: Drools Core Dynamic                            [jar]
[INFO] Kogito :: Drools :: Kogito Predictive Model Markup Language :: Dependencies [pom]
[INFO] Kogito :: Drools :: Kogito Predictive Model Markup Language :: OpenAPI [jar]
[INFO] Kogito :: Drools :: Kogito Predictive Model Markup Language        [jar]
[INFO] Kogito :: Drools :: Drools DecisionTables                          [jar]
[INFO] Kogito :: Drools :: Kogito Scenario Simulation Runner              [jar]
[INFO] Kogito :: jBPM                                                     [pom]
[INFO] Kogito :: Process :: WorkItems                                     [jar]
[INFO] Kogito :: jBPM :: Flow                                             [jar]
[INFO] Kogito :: Process :: Protobuf Serialization                        [jar]
[INFO] Kogito :: jBPM :: Flow Builder                                     [jar]
[INFO] Kogito :: jBPM :: BPMN2                                            [jar]
[INFO] Kogito :: Codegen Modules                                          [pom]
[INFO] Kogito :: Codegen API                                              [jar]
[INFO] Kogito :: Codegen Core Library                                     [jar]
[INFO] kogito-serverless-workflow                                         [pom]
[INFO] Kogito Serverless Workflow Runtime                                 [jar]
[INFO] Kogito :: Workitems                                                [pom]
[INFO] Kogito :: Workitems :: RestWorkItem                                [jar]
[INFO] Kogito :: Workitems :: OpenApiWorkItem                             [jar]
[INFO] Kogito :: Serverless Workflow Builder                              [jar]
[INFO] Kogito :: Codegen OpenApi                                          [jar]
[INFO] Kogito :: Codegen Processes                                        [jar]
[INFO] Kogito :: Grafana API                                              [jar]
[INFO] Kogito :: Codegen Rules                                            [jar]
[INFO] Kogito :: Codegen Decisions                                        [jar]
[INFO] Kogito :: Codegen Predictions                                      [jar]
[INFO] Kogito :: Codegen Integration Tests                                [jar]
[INFO] Kogito :: Codegen Sample                                           [pom]
[INFO] Kogito :: Codegen Sample Runtime                                   [jar]
[INFO] Kogito :: Codegen Sample Generator                                 [jar]
[INFO] Kogito :: Spring Boot                                              [pom]
[INFO] Kogito :: Spring Boot :: Starter                                   [jar]
[INFO] Kogito :: Add-Ons                                                  [pom]
[INFO] Kogito :: Add-Ons :: Common                                        [pom]
[INFO] Kogito :: Add-Ons :: Cloud Events                                  [pom]
[INFO] Kogito :: Add-Ons :: CloudEvents                                   [jar]
[INFO] Kogito :: Add-Ons :: CloudEvents :: Utils                          [jar]
[INFO] Kogito :: Add-Ons :: Spring Boot                                   [pom]
[INFO] Kogito :: Add-Ons :: CloudEvents :: Spring Boot                    [pom]
[INFO] Kogito :: Add-Ons :: CloudEvents :: Spring Boot                    [jar]
[INFO] Kogito :: Maven Plugin                                    [maven-plugin]
[INFO] kogito-springboot-bom                                              [pom]
[INFO] Kogito :: Add-Ons :: CloudEvents :: Spring Boot (ITs)              [jar]
[INFO] Kogito :: Add-Ons :: Events :: Parent                              [pom]
[INFO] Kogito :: Add-Ons :: Events :: Event-Driven Decisions              [jar]
[INFO] Kogito :: Add-Ons :: Spring Boot                                   [pom]
[INFO] Kogito :: Add-Ons :: Events :: Event-Driven Decisions :: Spring Boot [jar]
[INFO] Kogito :: Add-Ons :: Events :: SprintBoot :: Kafka                 [jar]
[INFO] Kogito :: Add-Ons :: Monitoring                                    [pom]
[INFO] Kogito :: Add-Ons :: Monitoring Core Api                           [jar]
[INFO] Kogito :: Add-Ons :: Spring Boot :: Monitoring :: Parent           [pom]
[INFO] Kogito :: Add-Ons :: Monitoring Core Springboot                    [jar]
[INFO] Kogito :: Add-Ons :: Monitoring Elastic Common                     [jar]
[INFO] Kogito :: Add-Ons :: Monitoring Elastic Springboot                 [jar]
[INFO] Kogito :: Add-Ons :: Monitoring Prometheus Common                  [jar]
[INFO] Kogito :: Add-Ons :: Monitoring Prometheus Springboot              [jar]
[INFO] Kogito :: Add-Ons :: Explainability                                [jar]
[INFO] Kogito :: Add-Ons :: Explainability :: Spring Boot Addon           [jar]
[INFO] Kogito :: Add-Ons :: Jobs                                          [pom]
[INFO] Kogito :: Add-Ons :: Jobs :: API                                   [jar]
[INFO] Kogito :: Add-Ons :: Jobs :: Management Common                     [jar]
[INFO] Kogito :: Add-Ons :: Jobs :: Management SprintBoot Addon           [jar]
[INFO] Kogito :: Add-Ons :: E-Mail :: Common                              [jar]
[INFO] Kogito :: Add-Ons :: E-Mail :: Spring Boot Addon                   [jar]
[INFO] Kogito :: Add-Ons :: Process Management :: Common                  [jar]
[INFO] Kogito :: Rest Exception Handler :: Common                         [jar]
[INFO] Kogito :: Rest Exception Handler:: Spring Boot                     [jar]
[INFO] Kogito :: Add-Ons :: Process Management :: Spring Boot Addon       [jar]
[INFO] Kogito :: Add-Ons :: Process SVG :: Common                         [jar]
[INFO] Kogito :: Add-Ons :: Process SVG :: Spring Boot Addon              [jar]
[INFO] Kogito :: Add-Ons :: Task Management :: Common                     [jar]
[INFO] Kogito :: Add-Ons :: Task Management :: Spring Boot Addon          [jar]
[INFO] Kogito :: Add-Ons :: Task notification :: Spring Boot Addon        [jar]
[INFO] Kogito :: Add-Ons :: Tracing                                       [pom]
[INFO] Kogito :: Add-Ons :: TypedValue API                                [jar]
[INFO] Kogito :: Add-Ons :: Tracing :: API                                [jar]
[INFO] Kogito :: Add-Ons :: Tracing :: Common                             [jar]
[INFO] Kogito :: Add-Ons :: Tracing :: Spring Boot                        [jar]
[INFO] Kogito :: Quarkus :: Parent                                        [pom]
[INFO] Kogito :: Quarkus Extension :: BOM                                 [pom]
[INFO] Kogito :: Quarkus Extensions :: Parent                             [pom]
[INFO] Kogito :: Quarkus Extension Common                                 [pom]
[INFO] Kogito :: Quarkus Extension Common :: Runtime                      [jar]
[INFO] Kogito :: Quarkus Extension Common :: Deployment                   [jar]
[INFO] Kogito :: Quarkus Rules Extension                                  [pom]
[INFO] Kogito :: Quarkus Rules Extension :: Runtime                       [jar]
[INFO] Kogito :: Quarkus Decisions Extension                              [pom]
[INFO] Kogito :: Quarkus Decisions Extension :: Runtime                   [jar]
[INFO] Kogito :: Quarkus Predictions Extension                            [pom]
[INFO] Kogito :: Quarkus Predictions Extension :: Runtime                 [jar]
[INFO] Kogito :: Quarkus Processes Extension                              [pom]
[INFO] Kogito :: Quarkus Processes Extension :: Runtime                   [jar]
[INFO] Kogito :: Quarkus Extension                                        [pom]
[INFO] Kogito :: Quarkus Extension :: Runtime                             [jar]
[INFO] Kogito :: Quarkus Rules Extension :: Deployment                    [jar]
[INFO] Kogito :: Quarkus Decisions Extension :: Deployment                [jar]
[INFO] Kogito :: Quarkus Predictions Extension :: Deployment              [jar]
[INFO] Kogito :: Quarkus Processes Extension :: Deployment                [jar]
[INFO] Kogito :: Quarkus Extension :: Deployment                          [jar]
[INFO] Kogito :: Quarkus Extension :: Integration Tests                   [jar]
[INFO] Kogito :: Quarkus Extension :: Integration Tests (Maven devmode)   [jar]
[INFO] Kogito :: Quarkus Rules Extension :: Integration Tests             [jar]
[INFO] Kogito :: Quarkus Rules Extension :: Integration Tests (Hot Reload) [jar]
[INFO] Kogito :: Quarkus Rules Extension :: Integration Tests (KieSession API) [jar]
[INFO] Kogito :: Quarkus Decisions Extension :: Integration Tests         [jar]
[INFO] Kogito :: Quarkus Decicions Extension :: Integration Tests (Hot Reload) [jar]
[INFO] Kogito :: Quarkus Predictions Extension :: Integration Tests       [jar]
[INFO] Kogito :: Add-Ons :: Quarkus                                       [pom]
[INFO] Kogito :: Add-Ons :: Quarkus :: Cloud Events                       [pom]
[INFO] Kogito :: Add-Ons :: CloudEvents :: Quarkus                        [jar]
[INFO] Kogito :: Add-Ons :: CloudEvents :: Quarkus                        [jar]
[INFO] Kogito :: Quarkus Serverless Workflow Extension                    [pom]
[INFO] Kogito :: Quarkus Serverless Workflow Extension :: Runtime         [jar]
[INFO] Kogito :: Quarkus Workflows Extension :: Deployment                [jar]
[INFO] Kogito :: Quarkus Workflows Extension :: Integration Tests         [jar]
[INFO] Kogito :: Quarkus Processes Extension :: Integration Tests (Hot Reload) [jar]
[INFO] Kogito :: Quarkus Test List                                        [pom]
[INFO] Kogito :: Add-Ons :: CloudEvents :: Multi channel :: Quarkus       [jar]
[INFO] Kogito :: Add-Ons :: CloudEvents :: Quarkus (ITs)                  [jar]
[INFO] Kogito :: Add-Ons :: Quarkus :: Events                             [pom]
[INFO] Kogito :: Add-Ons :: Events :: Event-Driven Decisions :: Quarkus   [jar]
[INFO] Kogito :: Add-Ons :: Events :: Smallrye Messaging                  [jar]
[INFO] Kogito :: Add-Ons :: Quarkus :: Monitoring :: Parent               [pom]
[INFO] Kogito :: Add-Ons :: Monitoring Core Quarkus                       [jar]
[INFO] Kogito :: Add-Ons :: Monitoring Elastic Quarkus                    [jar]
[INFO] Kogito :: Add-Ons :: Monitoring Prometheus Quarkus                 [jar]
[INFO] Kogito :: Add-Ons :: Explainability :: Quarkus Addon               [jar]
[INFO] Kogito :: Add-Ons :: Jobs :: Management Quarkus Addon              [jar]
[INFO] Kogito :: Add-Ons :: E-Mail :: Quarkus Addon                       [jar]
[INFO] Kogito :: Add-Ons :: Quarkus :: Persistence                        [pom]
[INFO] Kogito :: Add-Ons :: Persistence :: Infinispan Health Check for Quarkus [jar]
[INFO] Kogito :: Add-Ons :: Persistence :: Kafka Streams                  [jar]
[INFO] Kogito :: Rest Exception Handler :: Quarkus                        [jar]
[INFO] Kogito :: Add-Ons :: Process Management :: Quarkus Addon           [jar]
[INFO] Kogito :: Add-Ons :: Process SVG :: Quarkus Addon                  [jar]
[INFO] Kogito :: Add-Ons :: Task Management :: Quarkus Addon              [jar]
[INFO] Kogito :: Add-Ons :: Task notification :: Quarkus Addon            [jar]
[INFO] Kogito :: Add-Ons :: Tracing :: Quarkus Addon                      [jar]
[INFO] Kogito :: Maven Archetypes                                         [pom]
[INFO] Kogito :: Maven Archetypes :: Spring Boot              [maven-archetype]
[INFO] Kogito :: Maven Archetypes :: Quarkus                  [maven-archetype]
[INFO] Kogito :: Add-Ons :: Predictions                                   [pom]
[INFO] Kogito :: Add-Ons :: Predictions :: API                            [jar]
[INFO] Kogito :: Add-Ons :: Predictions :: SMILE                          [jar]
[INFO] Kogito :: Add-Ons :: Persistence :: Parent                         [pom]
[INFO] Kogito :: Add-Ons :: Persistence :: Infinispan                     [jar]
[INFO] Kogito :: Add-Ons :: Persistence :: File System                    [jar]
[INFO] Kogito :: Add-Ons :: Persistence :: MongoDB                        [jar]
[INFO] Kogito :: Add-Ons :: Persistence :: PostgreSQL                     [jar]
[INFO] Kogito :: Add-Ons :: Persistence :: JDBC                           [jar]
[INFO] Kogito :: DB Scripts Collection                                    [pom]
[INFO] Kogito :: Add-Ons :: Deprecated                                    [pom]
[INFO] Kogito :: Add-Ons :: Deprecated :: CloudEvents                     [jar]
[INFO] Kogito :: Add-Ons :: Deprecated :: CloudEvents Common              [jar]
[INFO] Kogito :: Add-Ons :: Deprecated :: CloudEvents Quarkus             [jar]
[INFO] Kogito :: Add-Ons :: Deprecated :: CloudEvents Spring Boot         [jar]
[INFO] Kogito :: Add-Ons :: Deprecated :: Event Driven Decisions Common   [jar]
[INFO] Kogito :: Add-Ons :: Deprecated :: Event Driven Decisions Quarkus  [jar]
[INFO] Kogito :: Add-Ons :: Deprecated :: Event Driven Decisions Spring Boot [jar]
[INFO] Kogito :: Add-Ons :: Deprecated :: Knative Eventing                [jar]
[INFO] Kogito :: Add-Ons :: Deprecated :: Monitoring Common               [jar]
[INFO] Kogito :: Add-Ons :: Deprecated :: Monitoring Core Quarkus         [jar]
[INFO] Kogito :: Add-Ons :: Deprecated :: Monitoring Core Spring Boot     [jar]
[INFO] Kogito :: Add-Ons :: Deprecated :: Monitoring Prometheus Common    [jar]
[INFO] Kogito :: Add-Ons :: Deprecated :: Monitoring Prometheus Quarkus   [jar]
[INFO] Kogito :: Add-Ons :: Deprecated :: Monitoring Prometheus Spring Boot [jar]
[INFO] Kogito :: Cloud                                                    [pom]
[INFO] Kogito :: Cloud :: Kubernetes Client                               [jar]
[INFO] Kogito :: Cloud :: Work Items                                      [jar]
[INFO] Kogito :: Integration Tests                                        [pom]
[INFO] Kogito :: Integration Tests :: Quarkus :: Rules                    [jar]
[INFO] Kogito :: Integration Tests :: Quarkus :: Processes                [jar]
[INFO] Kogito :: Integration Tests :: Quarkus :: Processes :: Persistence [pom]
[INFO] Kogito :: Integration Tests :: Processes :: Persistence :: Common  [jar]
[INFO] Kogito :: Integration Tests :: Quarkus :: Processes :: Persistence :: PostgreSQL [jar]
[INFO] Kogito :: Integration Tests :: Quarkus :: Processes :: Persistence :: Infinispan [jar]
[INFO] Kogito :: Integration Tests :: Quarkus :: Processes :: Persistence :: MongoDB [jar]
[INFO] Kogito :: Integration Tests :: Quarkus :: Processes :: Persistence :: Kafka [jar]
[INFO] Kogito :: Integration Tests :: Quarkus :: Processes :: Persistence :: JDBC [jar]
[INFO] Kogito :: Integration Tests :: Quarkus :: Decisions                [jar]
[INFO] Kogito :: Integration Tests :: Quarkus :: Predictions              [jar]
[INFO] Kogito :: Integration Tests :: Quarkus :: Without REST             [jar]
[INFO] Kogito :: Integration Tests :: Spring Boot                         [jar]
[INFO] Kogito :: Integration Tests :: Maven Plugin                        [jar]
[INFO] 
[INFO] -------------------< org.kie.kogito:kogito-runtimes >-------------------
[INFO] Building Kogito Runtimes 2.0.0-SNAPSHOT                          [1/207]
[INFO] --------------------------------[ pom ]---------------------------------
[INFO] 
[INFO] --- maven-clean-plugin:3.1.0:clean (default-clean) @ kogito-runtimes ---
[INFO] Deleting /home/gabsko/breaking-updates/target
[INFO] 
[INFO] --- maven-enforcer-plugin:3.0.0-M2:enforce (enforce-java-version) @ kogito-runtimes ---
[INFO] 
[INFO] --- maven-enforcer-plugin:3.0.0-M2:enforce (enforce-maven-version) @ kogito-runtimes ---
[INFO] 
[INFO] --- buildnumber-maven-plugin:1.4:create (get-scm-revision) @ kogito-runtimes ---
[INFO] Executing: /bin/sh -c cd '/home/gabsko/breaking-updates' && 'git' 'rev-parse' '--verify' 'HEAD'
[INFO] Working directory: /home/gabsko/breaking-updates
[INFO] Storing buildNumber: 49c622f08f3803d27d0585adfdeabe93200f642e at timestamp: 1675090896840
[WARNING] Cannot get the branch information from the git repository: 
Detecting the current branch failed: fatal: ref HEAD is not a symbolic ref

[INFO] Executing: /bin/sh -c cd '/home/gabsko/breaking-updates' && 'git' 'rev-parse' '--verify' 'HEAD'
[INFO] Working directory: /home/gabsko/breaking-updates
[INFO] Storing buildScmBranch: UNKNOWN
[INFO] 
[INFO] ------------------< org.kie.kogito:kogito-ide-config >------------------
[INFO] Building Kogito :: IDE/Tools - Config 2.0.0-SNAPSHOT             [2/207]
[INFO] --------------------------------[ jar ]---------------------------------
[INFO] 
[INFO] --- maven-clean-plugin:3.1.0:clean (default-clean) @ kogito-ide-config ---
[INFO] Deleting /home/gabsko/breaking-updates/kogito-build/kogito-ide-config/target
[INFO] 
[INFO] --- maven-enforcer-plugin:3.0.0-M2:enforce (enforce-java-version) @ kogito-ide-config ---
[INFO] 
[INFO] --- maven-enforcer-plugin:3.0.0-M2:enforce (enforce-maven-version) @ kogito-ide-config ---
[INFO] 
[INFO] --- buildnumber-maven-plugin:1.4:create (get-scm-revision) @ kogito-ide-config ---
[INFO] 
[INFO] --- maven-resources-plugin:3.1.0:resources (default-resources) @ kogito-ide-config ---
[INFO] Using 'UTF-8' encoding to copy filtered resources.
[INFO] Copying 2 resources
[INFO] 
[INFO] --- maven-compiler-plugin:3.8.0-jboss-2:compile (default-compile) @ kogito-ide-config ---
[INFO] No sources to compile
[INFO] 
[INFO] --- maven-resources-plugin:3.1.0:testResources (default-testResources) @ kogito-ide-config ---
[INFO] Using 'UTF-8' encoding to copy filtered resources.
[INFO] skip non existing resourceDirectory /home/gabsko/breaking-updates/kogito-build/kogito-ide-config/src/test/resources
[INFO] 
[INFO] --- maven-compiler-plugin:3.8.0-jboss-2:testCompile (default-testCompile) @ kogito-ide-config ---
[INFO] No sources to compile
[INFO] 
[INFO] --- maven-surefire-plugin:2.22.0:test (default-test) @ kogito-ide-config ---
[INFO] No tests to run.
[INFO] 
[INFO] -----------------< org.kie.kogito:kogito-build-parent >-----------------
[INFO] Building Kogito :: Runtimes Build Parent 2.0.0-SNAPSHOT          [3/207]
[INFO] --------------------------------[ pom ]---------------------------------
[INFO] 
[INFO] --- maven-clean-plugin:3.1.0:clean (default-clean) @ kogito-build-parent ---
[INFO] Deleting /home/gabsko/breaking-updates/kogito-build/kogito-build-parent/target
[INFO] 
[INFO] --- maven-enforcer-plugin:3.0.0-M2:enforce (enforce-versions) @ kogito-build-parent ---
[INFO] 
[INFO] --- maven-enforcer-plugin:3.0.0-M2:enforce (enforce-java-version) @ kogito-build-parent ---
[INFO] 
[INFO] --- maven-enforcer-plugin:3.0.0-M2:enforce (enforce-maven-version) @ kogito-build-parent ---
[INFO] 
[INFO] --- maven-checkstyle-plugin:3.0.0:check (default) @ kogito-build-parent ---
[INFO] 
[INFO] --- buildnumber-maven-plugin:1.4:create (get-scm-revision) @ kogito-build-parent ---
[INFO] 
[INFO] --- formatter-maven-plugin:2.13.0:format (default) @ kogito-build-parent ---
[INFO] Using 'UTF-8' encoding to format source files.
[INFO] Number of files to be formatted: 0
[INFO] 
[INFO] --- impsort-maven-plugin:1.5.0:sort (default) @ kogito-build-parent ---
[INFO] Using compiler compliance level: JAVA_11
[INFO]  Total Files Processed: 0 in 00:00.001
[INFO]         Already Sorted: 0
[INFO]         Needed Sorting: 0
[INFO] 
[INFO] --------------------< org.kie.kogito:kogito-build >---------------------
[INFO] Building Kogito :: Build Modules 2.0.0-SNAPSHOT                  [4/207]
[INFO] --------------------------------[ pom ]---------------------------------
[INFO] 
[INFO] --- maven-clean-plugin:3.1.0:clean (default-clean) @ kogito-build ---
[INFO] 
[INFO] --- maven-enforcer-plugin:3.0.0-M2:enforce (enforce-java-version) @ kogito-build ---
[INFO] 
[INFO] --- maven-enforcer-plugin:3.0.0-M2:enforce (enforce-maven-version) @ kogito-build ---
[INFO] 
[INFO] --- buildnumber-maven-plugin:1.4:create (get-scm-revision) @ kogito-build ---
[INFO] 
[INFO] -------------------< org.kie.kogito:kogito-kie7-bom >-------------------
[INFO] Building Kogito :: Kie7 BOM 2.0.0-SNAPSHOT                       [5/207]
[INFO] --------------------------------[ pom ]---------------------------------
[INFO] 
[INFO] --- maven-clean-plugin:3.1.0:clean (default-clean) @ kogito-kie7-bom ---
[INFO] 
[INFO] --- maven-enforcer-plugin:3.0.0-M2:enforce (enforce-java-version) @ kogito-kie7-bom ---
[INFO] 
[INFO] --- maven-enforcer-plugin:3.0.0-M2:enforce (enforce-maven-version) @ kogito-kie7-bom ---
[INFO] 
[INFO] --- buildnumber-maven-plugin:1.4:create (get-scm-revision) @ kogito-kie7-bom ---
[INFO] 
[INFO] ---------------------< org.kie.kogito:kogito-bom >----------------------
[INFO] Building Kogito :: BOM 2.0.0-SNAPSHOT                            [6/207]
[INFO] --------------------------------[ pom ]---------------------------------
[INFO] 
[INFO] --- maven-clean-plugin:3.1.0:clean (default-clean) @ kogito-bom ---
[INFO] 
[INFO] --- maven-enforcer-plugin:3.0.0-M2:enforce (enforce-java-version) @ kogito-bom ---
[INFO] 
[INFO] --- maven-enforcer-plugin:3.0.0-M2:enforce (enforce-maven-version) @ kogito-bom ---
[INFO] 
[INFO] --- buildnumber-maven-plugin:1.4:create (get-scm-revision) @ kogito-bom ---
[INFO] 
[INFO] ------------------< org.kie.kogito:kogito-api-parent >------------------
[INFO] Building Kogito :: API 2.0.0-SNAPSHOT                            [7/207]
[INFO] --------------------------------[ pom ]---------------------------------
[INFO] 
[INFO] --- maven-clean-plugin:3.1.0:clean (default-clean) @ kogito-api-parent ---
[INFO] Deleting /home/gabsko/breaking-updates/api/target
[INFO] 
[INFO] --- maven-enforcer-plugin:3.0.0-M2:enforce (enforce-versions) @ kogito-api-parent ---
[INFO] 
[INFO] --- maven-enforcer-plugin:3.0.0-M2:enforce (enforce-java-version) @ kogito-api-parent ---
[INFO] 
[INFO] --- maven-enforcer-plugin:3.0.0-M2:enforce (enforce-maven-version) @ kogito-api-parent ---
[INFO] 
[INFO] --- maven-checkstyle-plugin:3.0.0:check (default) @ kogito-api-parent ---
[INFO] 
[INFO] --- buildnumber-maven-plugin:1.4:create (get-scm-revision) @ kogito-api-parent ---
[INFO] 
[INFO] --- formatter-maven-plugin:2.13.0:format (default) @ kogito-api-parent ---
[INFO] Using 'UTF-8' encoding to format source files.
[INFO] Number of files to be formatted: 0
[INFO] 
[INFO] --- impsort-maven-plugin:1.5.0:sort (default) @ kogito-api-parent ---
[INFO] Using compiler compliance level: JAVA_11
[INFO]  Total Files Processed: 0 in 00:00.000
[INFO]         Already Sorted: 0
[INFO]         Needed Sorting: 0
[INFO] 
[INFO] ------------------< org.kie.kogito:kogito-events-api >------------------
[INFO] Building Kogito :: API :: Events 2.0.0-SNAPSHOT                  [8/207]
[INFO] --------------------------------[ jar ]---------------------------------
[INFO] 
[INFO] --- maven-clean-plugin:3.1.0:clean (default-clean) @ kogito-events-api ---
[INFO] Deleting /home/gabsko/breaking-updates/api/kogito-events-api/target
[INFO] 
[INFO] --- maven-enforcer-plugin:3.0.0-M2:enforce (enforce-versions) @ kogito-events-api ---
[INFO] 
[INFO] --- maven-enforcer-plugin:3.0.0-M2:enforce (enforce-java-version) @ kogito-events-api ---
[INFO] 
[INFO] --- maven-enforcer-plugin:3.0.0-M2:enforce (enforce-maven-version) @ kogito-events-api ---
[INFO] 
[INFO] --- maven-checkstyle-plugin:3.0.0:check (default) @ kogito-events-api ---
[INFO] 
[INFO] --- buildnumber-maven-plugin:1.4:create (get-scm-revision) @ kogito-events-api ---
[INFO] 
[INFO] --- formatter-maven-plugin:2.13.0:format (default) @ kogito-events-api ---
[INFO] Using 'UTF-8' encoding to format source files.
[INFO] Number of files to be formatted: 20
[INFO] Successfully formatted:          0 file(s)
[INFO] Fail to format:                  0 file(s)
[INFO] Skipped:                         20 file(s)
[INFO] Read only skipped:               0 file(s)
[INFO] Approximate time taken:          0s
[INFO] 
[INFO] --- impsort-maven-plugin:1.5.0:sort (default) @ kogito-events-api ---
[INFO] Using compiler compliance level: JAVA_11
[INFO]  Total Files Processed: 20 in 00:00.270
[INFO]         Already Sorted: 20
[INFO]         Needed Sorting:  0
[INFO] 
[INFO] --- maven-resources-plugin:3.1.0:resources (default-resources) @ kogito-events-api ---
[INFO] Using 'UTF-8' encoding to copy filtered resources.
[INFO] skip non existing resourceDirectory /home/gabsko/breaking-updates/api/kogito-events-api/src/main/resources
[INFO] 
[INFO] --- maven-compiler-plugin:3.8.1:compile (default-compile) @ kogito-events-api ---
[INFO] Changes detected - recompiling the module!
[INFO] Compiling 19 source files to /home/gabsko/breaking-updates/api/kogito-events-api/target/classes
[INFO] 
[INFO] --- maven-resources-plugin:3.1.0:testResources (default-testResources) @ kogito-events-api ---
[INFO] Using 'UTF-8' encoding to copy filtered resources.
[INFO] skip non existing resourceDirectory /home/gabsko/breaking-updates/api/kogito-events-api/src/test/resources
[INFO] 
[INFO] --- maven-compiler-plugin:3.8.1:testCompile (default-testCompile) @ kogito-events-api ---
[INFO] Changes detected - recompiling the module!
[INFO] Compiling 1 source file to /home/gabsko/breaking-updates/api/kogito-events-api/target/test-classes
[INFO] 
[INFO] --- maven-surefire-plugin:3.0.0-M5:test (default-test) @ kogito-events-api ---
[INFO] 
[INFO] -------------------------------------------------------
[INFO]  T E S T S
[INFO] -------------------------------------------------------
[INFO] Running org.kie.kogito.event.CloudEventExtensionConstantsTest
[INFO] Tests run: 1, Failures: 0, Errors: 0, Skipped: 0, Time elapsed: 0.078 s - in org.kie.kogito.event.CloudEventExtensionConstantsTest
[INFO] 
[INFO] Results:
[INFO] 
[INFO] Tests run: 1, Failures: 0, Errors: 0, Skipped: 0
[INFO] 
[INFO] 
[INFO] --------------------< org.kie.kogito:kogito-timer >---------------------
[INFO] Building Kogito :: API :: Timer 2.0.0-SNAPSHOT                   [9/207]
[INFO] --------------------------------[ jar ]---------------------------------
[INFO] 
[INFO] --- maven-clean-plugin:3.1.0:clean (default-clean) @ kogito-timer ---
[INFO] Deleting /home/gabsko/breaking-updates/api/kogito-timer/target
[INFO] 
[INFO] --- maven-enforcer-plugin:3.0.0-M2:enforce (enforce-versions) @ kogito-timer ---
[INFO] 
[INFO] --- maven-enforcer-plugin:3.0.0-M2:enforce (enforce-java-version) @ kogito-timer ---
[INFO] 
[INFO] --- maven-enforcer-plugin:3.0.0-M2:enforce (enforce-maven-version) @ kogito-timer ---
[INFO] 
[INFO] --- maven-checkstyle-plugin:3.0.0:check (default) @ kogito-timer ---
[INFO] 
[INFO] --- buildnumber-maven-plugin:1.4:create (get-scm-revision) @ kogito-timer ---
[INFO] 
[INFO] --- formatter-maven-plugin:2.13.0:format (default) @ kogito-timer ---
[INFO] Using 'UTF-8' encoding to format source files.
[INFO] Number of files to be formatted: 27
[INFO] Successfully formatted:          0 file(s)
[INFO] Fail to format:                  0 file(s)
[INFO] Skipped:                         27 file(s)
[INFO] Read only skipped:               0 file(s)
[INFO] Approximate time taken:          0s
[INFO] 
[INFO] --- impsort-maven-plugin:1.5.0:sort (default) @ kogito-timer ---
[INFO] Using compiler compliance level: JAVA_11
[INFO]  Total Files Processed: 27 in 00:00.296
[INFO]         Already Sorted: 27
[INFO]         Needed Sorting:  0
[INFO] 
[INFO] --- maven-resources-plugin:3.1.0:resources (default-resources) @ kogito-timer ---
[INFO] Using 'UTF-8' encoding to copy filtered resources.
[INFO] skip non existing resourceDirectory /home/gabsko/breaking-updates/api/kogito-timer/src/main/resources
[INFO] 
[INFO] --- maven-compiler-plugin:3.8.1:compile (default-compile) @ kogito-timer ---
[INFO] Changes detected - recompiling the module!
[INFO] Compiling 27 source files to /home/gabsko/breaking-updates/api/kogito-timer/target/classes
[WARNING] /home/gabsko/breaking-updates/api/kogito-timer/src/main/java/org/kie/kogito/timer/impl/JDKTimerService.java:[117,48] unchecked cast
  required: java.util.concurrent.Callable<java.lang.Void>
  found:    org.kie.kogito.timer.impl.TimerJobInstance
[WARNING] /home/gabsko/breaking-updates/api/kogito-timer/src/main/java/org/kie/kogito/timer/impl/DefaultTimerJobInstance.java:[68,29] unchecked call to execute(T) as a member of the raw type org.kie.kogito.timer.Job
[WARNING] /home/gabsko/breaking-updates/api/kogito-timer/src/main/java/org/kie/kogito/timer/impl/CronExpression.java:[210,21] unchecked call to put(K,V) as a member of the raw type java.util.Map
[WARNING] /home/gabsko/breaking-updates/api/kogito-timer/src/main/java/org/kie/kogito/timer/impl/CronExpression.java:[211,21] unchecked call to put(K,V) as a member of the raw type java.util.Map
[WARNING] /home/gabsko/breaking-updates/api/kogito-timer/src/main/java/org/kie/kogito/timer/impl/CronExpression.java:[212,21] unchecked call to put(K,V) as a member of the raw type java.util.Map
[WARNING] /home/gabsko/breaking-updates/api/kogito-timer/src/main/java/org/kie/kogito/timer/impl/CronExpression.java:[213,21] unchecked call to put(K,V) as a member of the raw type java.util.Map
[WARNING] /home/gabsko/breaking-updates/api/kogito-timer/src/main/java/org/kie/kogito/timer/impl/CronExpression.java:[214,21] unchecked call to put(K,V) as a member of the raw type java.util.Map
[WARNING] /home/gabsko/breaking-updates/api/kogito-timer/src/main/java/org/kie/kogito/timer/impl/CronExpression.java:[215,21] unchecked call to put(K,V) as a member of the raw type java.util.Map
[WARNING] /home/gabsko/breaking-updates/api/kogito-timer/src/main/java/org/kie/kogito/timer/impl/CronExpression.java:[216,21] unchecked call to put(K,V) as a member of the raw type java.util.Map
[WARNING] /home/gabsko/breaking-updates/api/kogito-timer/src/main/java/org/kie/kogito/timer/impl/CronExpression.java:[217,21] unchecked call to put(K,V) as a member of the raw type java.util.Map
[WARNING] /home/gabsko/breaking-updates/api/kogito-timer/src/main/java/org/kie/kogito/timer/impl/CronExpression.java:[218,21] unchecked call to put(K,V) as a member of the raw type java.util.Map
[WARNING] /home/gabsko/breaking-updates/api/kogito-timer/src/main/java/org/kie/kogito/timer/impl/CronExpression.java:[219,21] unchecked call to put(K,V) as a member of the raw type java.util.Map
[WARNING] /home/gabsko/breaking-updates/api/kogito-timer/src/main/java/org/kie/kogito/timer/impl/CronExpression.java:[220,21] unchecked call to put(K,V) as a member of the raw type java.util.Map
[WARNING] /home/gabsko/breaking-updates/api/kogito-timer/src/main/java/org/kie/kogito/timer/impl/CronExpression.java:[221,21] unchecked call to put(K,V) as a member of the raw type java.util.Map
[WARNING] /home/gabsko/breaking-updates/api/kogito-timer/src/main/java/org/kie/kogito/timer/impl/CronExpression.java:[223,19] unchecked call to put(K,V) as a member of the raw type java.util.Map
[WARNING] /home/gabsko/breaking-updates/api/kogito-timer/src/main/java/org/kie/kogito/timer/impl/CronExpression.java:[224,19] unchecked call to put(K,V) as a member of the raw type java.util.Map
[WARNING] /home/gabsko/breaking-updates/api/kogito-timer/src/main/java/org/kie/kogito/timer/impl/CronExpression.java:[225,19] unchecked call to put(K,V) as a member of the raw type java.util.Map
[WARNING] /home/gabsko/breaking-updates/api/kogito-timer/src/main/java/org/kie/kogito/timer/impl/CronExpression.java:[226,19] unchecked call to put(K,V) as a member of the raw type java.util.Map
[WARNING] /home/gabsko/breaking-updates/api/kogito-timer/src/main/java/org/kie/kogito/timer/impl/CronExpression.java:[227,19] unchecked call to put(K,V) as a member of the raw type java.util.Map
[WARNING] /home/gabsko/breaking-updates/api/kogito-timer/src/main/java/org/kie/kogito/timer/impl/CronExpression.java:[228,19] unchecked call to put(K,V) as a member of the raw type java.util.Map
[WARNING] /home/gabsko/breaking-updates/api/kogito-timer/src/main/java/org/kie/kogito/timer/impl/CronExpression.java:[229,19] unchecked call to put(K,V) as a member of the raw type java.util.Map
[WARNING] /home/gabsko/breaking-updates/api/kogito-timer/src/main/java/org/kie/kogito/timer/impl/CronExpression.java:[675,20] unchecked call to add(E) as a member of the raw type java.util.TreeSet
[WARNING] /home/gabsko/breaking-updates/api/kogito-timer/src/main/java/org/kie/kogito/timer/impl/CronExpression.java:[687,20] unchecked call to add(E) as a member of the raw type java.util.TreeSet
[WARNING] /home/gabsko/breaking-updates/api/kogito-timer/src/main/java/org/kie/kogito/timer/impl/CronExpression.java:[709,20] unchecked call to add(E) as a member of the raw type java.util.TreeSet
[WARNING] /home/gabsko/breaking-updates/api/kogito-timer/src/main/java/org/kie/kogito/timer/impl/CronExpression.java:[932,24] unchecked call to add(E) as a member of the raw type java.util.TreeSet
[WARNING] /home/gabsko/breaking-updates/api/kogito-timer/src/main/java/org/kie/kogito/timer/impl/CronExpression.java:[934,24] unchecked call to add(E) as a member of the raw type java.util.TreeSet
[WARNING] /home/gabsko/breaking-updates/api/kogito-timer/src/main/java/org/kie/kogito/timer/impl/CronExpression.java:[945,20] unchecked call to add(E) as a member of the raw type java.util.TreeSet
[WARNING] /home/gabsko/breaking-updates/api/kogito-timer/src/main/java/org/kie/kogito/timer/impl/CronExpression.java:[1028,24] unchecked call to add(E) as a member of the raw type java.util.TreeSet
[WARNING] /home/gabsko/breaking-updates/api/kogito-timer/src/main/java/org/kie/kogito/timer/impl/CronExpression.java:[1038,24] unchecked call to add(E) as a member of the raw type java.util.TreeSet
[WARNING] /home/gabsko/breaking-updates/api/kogito-timer/src/main/java/org/kie/kogito/timer/impl/CronExpression.java:[1142,33] unchecked call to tailSet(E) as a member of the raw type java.util.TreeSet
[WARNING] /home/gabsko/breaking-updates/api/kogito-timer/src/main/java/org/kie/kogito/timer/impl/CronExpression.java:[1157,33] unchecked call to tailSet(E) as a member of the raw type java.util.TreeSet
[WARNING] /home/gabsko/breaking-updates/api/kogito-timer/src/main/java/org/kie/kogito/timer/impl/CronExpression.java:[1178,31] unchecked call to tailSet(E) as a member of the raw type java.util.TreeSet
[WARNING] /home/gabsko/breaking-updates/api/kogito-timer/src/main/java/org/kie/kogito/timer/impl/CronExpression.java:[1206,41] unchecked call to tailSet(E) as a member of the raw type java.util.TreeSet
[WARNING] /home/gabsko/breaking-updates/api/kogito-timer/src/main/java/org/kie/kogito/timer/impl/CronExpression.java:[1398,44] unchecked call to tailSet(E) as a member of the raw type java.util.TreeSet
[WARNING] /home/gabsko/breaking-updates/api/kogito-timer/src/main/java/org/kie/kogito/timer/impl/CronExpression.java:[1453,32] unchecked call to tailSet(E) as a member of the raw type java.util.TreeSet
[WARNING] /home/gabsko/breaking-updates/api/kogito-timer/src/main/java/org/kie/kogito/timer/impl/CronExpression.java:[1480,31] unchecked call to tailSet(E) as a member of the raw type java.util.TreeSet
[INFO] 
[INFO] --- maven-resources-plugin:3.1.0:testResources (default-testResources) @ kogito-timer ---
[INFO] Using 'UTF-8' encoding to copy filtered resources.
[INFO] skip non existing resourceDirectory /home/gabsko/breaking-updates/api/kogito-timer/src/test/resources
[INFO] 
[INFO] --- maven-compiler-plugin:3.8.1:testCompile (default-testCompile) @ kogito-timer ---
[INFO] No sources to compile
[INFO] 
[INFO] --- maven-surefire-plugin:3.0.0-M5:test (default-test) @ kogito-timer ---
[INFO] No tests to run.
[INFO] 
[INFO] -----------------------< org.kie.kogito:drools >------------------------
[INFO] Building Kogito :: Drools 2.0.0-SNAPSHOT                        [10/207]
[INFO] --------------------------------[ pom ]---------------------------------
[INFO] 
[INFO] --- maven-clean-plugin:3.1.0:clean (default-clean) @ drools ---
[INFO] Deleting /home/gabsko/breaking-updates/drools/target
[INFO] 
[INFO] --- maven-enforcer-plugin:3.0.0-M2:enforce (enforce-versions) @ drools ---
[INFO] 
[INFO] --- maven-enforcer-plugin:3.0.0-M2:enforce (enforce-java-version) @ drools ---
[INFO] 
[INFO] --- maven-enforcer-plugin:3.0.0-M2:enforce (enforce-maven-version) @ drools ---
[INFO] 
[INFO] --- maven-checkstyle-plugin:3.0.0:check (default) @ drools ---
[INFO] 
[INFO] --- buildnumber-maven-plugin:1.4:create (get-scm-revision) @ drools ---
[INFO] 
[INFO] --- formatter-maven-plugin:2.13.0:format (default) @ drools ---
[INFO] Using 'UTF-8' encoding to format source files.
[INFO] Number of files to be formatted: 0
[INFO] 
[INFO] --- impsort-maven-plugin:1.5.0:sort (default) @ drools ---
[INFO] Using compiler compliance level: JAVA_11
[INFO]  Total Files Processed: 0 in 00:00.000
[INFO]         Already Sorted: 0
[INFO]         Needed Sorting: 0
[INFO] 
[INFO] ------------< org.kie.kogito:kogito-pmml-api-dependencies >-------------
[INFO] Building Kogito :: Drools :: Kogito Predictive Model Markup Language :: API Dependencies 2.0.0-SNAPSHOT [11/207]
[INFO] --------------------------------[ jar ]---------------------------------
[INFO] 
[INFO] --- maven-clean-plugin:3.1.0:clean (default-clean) @ kogito-pmml-api-dependencies ---
[INFO] Deleting /home/gabsko/breaking-updates/drools/kogito-pmml-api-dependencies/target
[INFO] 
[INFO] --- maven-enforcer-plugin:3.0.0-M2:enforce (enforce-versions) @ kogito-pmml-api-dependencies ---
[INFO] 
[INFO] --- maven-enforcer-plugin:3.0.0-M2:enforce (enforce-java-version) @ kogito-pmml-api-dependencies ---
[INFO] 
[INFO] --- maven-enforcer-plugin:3.0.0-M2:enforce (enforce-maven-version) @ kogito-pmml-api-dependencies ---
[INFO] 
[INFO] --- maven-checkstyle-plugin:3.0.0:check (default) @ kogito-pmml-api-dependencies ---
[INFO] 
[INFO] --- buildnumber-maven-plugin:1.4:create (get-scm-revision) @ kogito-pmml-api-dependencies ---
[INFO] 
[INFO] --- formatter-maven-plugin:2.13.0:format (default) @ kogito-pmml-api-dependencies ---
[INFO] Using 'UTF-8' encoding to format source files.
[INFO] Number of files to be formatted: 0
[INFO] 
[INFO] --- impsort-maven-plugin:1.5.0:sort (default) @ kogito-pmml-api-dependencies ---
[INFO] Using compiler compliance level: JAVA_11
[INFO]  Total Files Processed: 0 in 00:00.000
[INFO]         Already Sorted: 0
[INFO]         Needed Sorting: 0
[INFO] 
[INFO] --- maven-resources-plugin:3.1.0:resources (default-resources) @ kogito-pmml-api-dependencies ---
[INFO] Using 'UTF-8' encoding to copy filtered resources.
[INFO] skip non existing resourceDirectory /home/gabsko/breaking-updates/drools/kogito-pmml-api-dependencies/src/main/resources
[INFO] 
[INFO] --- maven-compiler-plugin:3.8.1:compile (default-compile) @ kogito-pmml-api-dependencies ---
[INFO] No sources to compile
[INFO] 
[INFO] --- maven-resources-plugin:3.1.0:testResources (default-testResources) @ kogito-pmml-api-dependencies ---
[INFO] Using 'UTF-8' encoding to copy filtered resources.
[INFO] skip non existing resourceDirectory /home/gabsko/breaking-updates/drools/kogito-pmml-api-dependencies/src/test/resources
[INFO] 
[INFO] --- maven-compiler-plugin:3.8.1:testCompile (default-testCompile) @ kogito-pmml-api-dependencies ---
[INFO] No sources to compile
[INFO] 
[INFO] --- maven-surefire-plugin:3.0.0-M5:test (default-test) @ kogito-pmml-api-dependencies ---
[INFO] No tests to run.
[INFO] 
[INFO] ---------------------< org.kie.kogito:kogito-api >----------------------
[INFO] Building Kogito :: API :: Public API 2.0.0-SNAPSHOT             [12/207]
[INFO] --------------------------------[ jar ]---------------------------------
[INFO] 
[INFO] --- maven-clean-plugin:3.1.0:clean (default-clean) @ kogito-api ---
[INFO] Deleting /home/gabsko/breaking-updates/api/kogito-api/target
[INFO] 
[INFO] --- maven-enforcer-plugin:3.0.0-M2:enforce (enforce-versions) @ kogito-api ---
[INFO] 
[INFO] --- maven-enforcer-plugin:3.0.0-M2:enforce (enforce-java-version) @ kogito-api ---
[INFO] 
[INFO] --- maven-enforcer-plugin:3.0.0-M2:enforce (enforce-maven-version) @ kogito-api ---
[INFO] 
[INFO] --- maven-checkstyle-plugin:3.0.0:check (default) @ kogito-api ---
[INFO] 
[INFO] --- buildnumber-maven-plugin:1.4:create (get-scm-revision) @ kogito-api ---
[INFO] 
[INFO] --- formatter-maven-plugin:2.13.0:format (default) @ kogito-api ---
[INFO] Using 'UTF-8' encoding to format source files.
[INFO] Number of files to be formatted: 150
[INFO] Successfully formatted:          0 file(s)
[INFO] Fail to format:                  0 file(s)
[INFO] Skipped:                         150 file(s)
[INFO] Read only skipped:               0 file(s)
[INFO] Approximate time taken:          0s
[INFO] 
[INFO] --- impsort-maven-plugin:1.5.0:sort (default) @ kogito-api ---
[INFO] Using compiler compliance level: JAVA_11
[INFO]  Total Files Processed: 150 in 00:00.272
[INFO]         Already Sorted: 150
[INFO]         Needed Sorting:   0
[INFO] 
[INFO] --- maven-resources-plugin:3.1.0:resources (default-resources) @ kogito-api ---
[INFO] Using 'UTF-8' encoding to copy filtered resources.
[INFO] skip non existing resourceDirectory /home/gabsko/breaking-updates/api/kogito-api/src/main/resources
[INFO] 
[INFO] --- maven-compiler-plugin:3.8.1:compile (default-compile) @ kogito-api ---
[INFO] Changes detected - recompiling the module!
[INFO] Compiling 147 source files to /home/gabsko/breaking-updates/api/kogito-api/target/classes
[WARNING] /home/gabsko/breaking-updates/api/kogito-api/src/main/java/org/kie/kogito/internal/process/runtime/KogitoNodeInstanceContainer.java:[32,49] unchecked cast
  required: java.util.Collection<org.kie.kogito.internal.process.runtime.KogitoNodeInstance>
  found:    java.lang.Object
[WARNING] /home/gabsko/breaking-updates/api/kogito-api/src/main/java/org/kie/kogito/process/workitem/TaskMetaEntity.java:[74,47] unchecked cast
  required: org.kie.kogito.process.workitem.TaskMetaEntity<T>
  found:    java.lang.Object
[WARNING] /home/gabsko/breaking-updates/api/kogito-api/src/main/java/org/kie/kogito/logger/KogitoRuntimeLoggerFactory.java:[79,50] newInstance() in java.lang.Class has been deprecated
[INFO] 
[INFO] --- maven-resources-plugin:3.1.0:testResources (default-testResources) @ kogito-api ---
[INFO] Using 'UTF-8' encoding to copy filtered resources.
[INFO] skip non existing resourceDirectory /home/gabsko/breaking-updates/api/kogito-api/src/test/resources
[INFO] 
[INFO] --- maven-compiler-plugin:3.8.1:testCompile (default-testCompile) @ kogito-api ---
[INFO] Changes detected - recompiling the module!
[INFO] Compiling 3 source files to /home/gabsko/breaking-updates/api/kogito-api/target/test-classes
[INFO] 
[INFO] --- maven-surefire-plugin:3.0.0-M5:test (default-test) @ kogito-api ---
[INFO] 
[INFO] -------------------------------------------------------
[INFO]  T E S T S
[INFO] -------------------------------------------------------
[INFO] Running org.kie.kogito.process.workitem.PoliciesTest
[INFO] Tests run: 1, Failures: 0, Errors: 0, Skipped: 0, Time elapsed: 0.037 s - in org.kie.kogito.process.workitem.PoliciesTest
[INFO] Running org.kie.kogito.KogitoGAVTest
[INFO] Tests run: 1, Failures: 0, Errors: 0, Skipped: 0, Time elapsed: 0.173 s - in org.kie.kogito.KogitoGAVTest
[INFO] Running org.kie.kogito.decision.DecisionExecutionIdUtilsTest
[INFO] Tests run: 1, Failures: 0, Errors: 0, Skipped: 0, Time elapsed: 0.004 s - in org.kie.kogito.decision.DecisionExecutionIdUtilsTest
[INFO] 
[INFO] Results:
[INFO] 
[INFO] Tests run: 3, Failures: 0, Errors: 0, Skipped: 0
[INFO] 
[INFO] 
[INFO] -------------------< org.kie.kogito:kogito-services >-------------------
[INFO] Building Kogito :: API :: Services 2.0.0-SNAPSHOT               [13/207]
[INFO] --------------------------------[ jar ]---------------------------------
[INFO] 
[INFO] --- maven-clean-plugin:3.1.0:clean (default-clean) @ kogito-services ---
[INFO] Deleting /home/gabsko/breaking-updates/api/kogito-services/target
[INFO] 
[INFO] --- maven-enforcer-plugin:3.0.0-M2:enforce (enforce-versions) @ kogito-services ---
[INFO] 
[INFO] --- maven-enforcer-plugin:3.0.0-M2:enforce (enforce-java-version) @ kogito-services ---
[INFO] 
[INFO] --- maven-enforcer-plugin:3.0.0-M2:enforce (enforce-maven-version) @ kogito-services ---
[INFO] 
[INFO] --- maven-checkstyle-plugin:3.0.0:check (default) @ kogito-services ---
[INFO] 
[INFO] --- buildnumber-maven-plugin:1.4:create (get-scm-revision) @ kogito-services ---
[INFO] 
[INFO] --- formatter-maven-plugin:2.13.0:format (default) @ kogito-services ---
[INFO] Using 'UTF-8' encoding to format source files.
[INFO] Number of files to be formatted: 41
[INFO] Successfully formatted:          0 file(s)
[INFO] Fail to format:                  0 file(s)
[INFO] Skipped:                         41 file(s)
[INFO] Read only skipped:               0 file(s)
[INFO] Approximate time taken:          0s
[INFO] 
[INFO] --- impsort-maven-plugin:1.5.0:sort (default) @ kogito-services ---
[INFO] Using compiler compliance level: JAVA_11
[INFO]  Total Files Processed: 41 in 00:00.145
[INFO]         Already Sorted: 41
[INFO]         Needed Sorting:  0
[INFO] 
[INFO] --- maven-resources-plugin:3.1.0:resources (default-resources) @ kogito-services ---
[INFO] Using 'UTF-8' encoding to copy filtered resources.
[INFO] skip non existing resourceDirectory /home/gabsko/breaking-updates/api/kogito-services/src/main/resources
[INFO] 
[INFO] --- maven-compiler-plugin:3.8.1:compile (default-compile) @ kogito-services ---
[INFO] Changes detected - recompiling the module!
[INFO] Compiling 38 source files to /home/gabsko/breaking-updates/api/kogito-services/target/classes
[WARNING] /home/gabsko/breaking-updates/api/kogito-services/src/main/java/org/kie/kogito/services/uow/ProcessInstanceWorkUnit.java:[78,44] unchecked conversion
  required: org.kie.kogito.services.uow.ProcessInstanceWorkUnit<T>
  found:    org.kie.kogito.services.uow.ProcessInstanceWorkUnit
[WARNING] /home/gabsko/breaking-updates/api/kogito-services/src/main/java/org/kie/kogito/services/event/impl/AbstractMessageConsumer.java:[81,54] unchecked conversion
  required: org.kie.kogito.services.event.EventConsumer<M>
  found:    org.kie.kogito.services.event.EventConsumer
[INFO] 
[INFO] --- maven-resources-plugin:3.1.0:testResources (default-testResources) @ kogito-services ---
[INFO] Using 'UTF-8' encoding to copy filtered resources.
[INFO] skip non existing resourceDirectory /home/gabsko/breaking-updates/api/kogito-services/src/test/resources
[INFO] 
[INFO] --- maven-compiler-plugin:3.8.1:testCompile (default-testCompile) @ kogito-services ---
[INFO] Changes detected - recompiling the module!
[INFO] Compiling 3 source files to /home/gabsko/breaking-updates/api/kogito-services/target/test-classes
[INFO] 
[INFO] --- maven-surefire-plugin:3.0.0-M5:test (default-test) @ kogito-services ---
[INFO] 
[INFO] -------------------------------------------------------
[INFO]  T E S T S
[INFO] -------------------------------------------------------
[INFO] Running org.kie.kogito.services.event.DataEventAttrBuilderTest
[INFO] Tests run: 3, Failures: 0, Errors: 0, Skipped: 0, Time elapsed: 0.458 s - in org.kie.kogito.services.event.DataEventAttrBuilderTest
[INFO] Running org.kie.kogito.services.event.impl.ProcessInstanceEventBatchTest
[INFO] Tests run: 4, Failures: 0, Errors: 0, Skipped: 0, Time elapsed: 0.059 s - in org.kie.kogito.services.event.impl.ProcessInstanceEventBatchTest
[INFO] Running org.kie.kogito.services.uow.DefaultUnitOfWorkManagerTest
[INFO] Tests run: 6, Failures: 0, Errors: 0, Skipped: 0, Time elapsed: 0.051 s - in org.kie.kogito.services.uow.DefaultUnitOfWorkManagerTest
[INFO] 
[INFO] Results:
[INFO] 
[INFO] Tests run: 13, Failures: 0, Errors: 0, Skipped: 0
[INFO] 
[INFO] 
[INFO] -----------------< org.kie.kogito:drools-core-static >------------------
[INFO] Building Kogito :: Drools :: Drools Core Static 2.0.0-SNAPSHOT  [14/207]
[INFO] --------------------------------[ jar ]---------------------------------
[INFO] 
[INFO] --- maven-clean-plugin:3.1.0:clean (default-clean) @ drools-core-static ---
[INFO] Deleting /home/gabsko/breaking-updates/drools/drools-core-static/target
[INFO] 
[INFO] --- maven-enforcer-plugin:3.0.0-M2:enforce (enforce-versions) @ drools-core-static ---
[INFO] 
[INFO] --- maven-enforcer-plugin:3.0.0-M2:enforce (enforce-java-version) @ drools-core-static ---
[INFO] 
[INFO] --- maven-enforcer-plugin:3.0.0-M2:enforce (enforce-maven-version) @ drools-core-static ---
[INFO] 
[INFO] --- maven-checkstyle-plugin:3.0.0:check (default) @ drools-core-static ---
[INFO] 
[INFO] --- buildnumber-maven-plugin:1.4:create (get-scm-revision) @ drools-core-static ---
[INFO] 
[INFO] --- formatter-maven-plugin:2.13.0:format (default) @ drools-core-static ---
[INFO] Using 'UTF-8' encoding to format source files.
[INFO] Number of files to be formatted: 7
[INFO] Successfully formatted:          0 file(s)
[INFO] Fail to format:                  0 file(s)
[INFO] Skipped:                         7 file(s)
[INFO] Read only skipped:               0 file(s)
[INFO] Approximate time taken:          0s
[INFO] 
[INFO] --- impsort-maven-plugin:1.5.0:sort (default) @ drools-core-static ---
[INFO] Using compiler compliance level: JAVA_11
[INFO]  Total Files Processed: 7 in 00:00.019
[INFO]         Already Sorted: 7
[INFO]         Needed Sorting: 0
[INFO] 
[INFO] --- maven-resources-plugin:3.1.0:resources (default-resources) @ drools-core-static ---
[INFO] Using 'UTF-8' encoding to copy filtered resources.
[INFO] skip non existing resourceDirectory /home/gabsko/breaking-updates/drools/drools-core-static/src/main/resources
[INFO] 
[INFO] --- maven-compiler-plugin:3.8.1:compile (default-compile) @ drools-core-static ---
[INFO] Changes detected - recompiling the module!
[INFO] Compiling 6 source files to /home/gabsko/breaking-updates/drools/drools-core-static/target/classes
[WARNING] /home/gabsko/breaking-updates/drools/drools-core-static/src/main/java/org/drools/statics/SimpleInstanceCreator.java:[31,44] newInstance() in java.lang.Class has been deprecated
[WARNING] /home/gabsko/breaking-updates/drools/drools-core-static/src/main/java/org/drools/statics/StaticServiceRegistry.java:[114,34] unchecked cast
  required: T
  found:    java.lang.Object
[WARNING] /home/gabsko/breaking-updates/drools/drools-core-static/src/main/java/org/drools/statics/StaticServiceRegistry.java:[124,60] unchecked cast
  required: T
  found:    capture#1 of ?
[INFO] 
[INFO] --- maven-resources-plugin:3.1.0:testResources (default-testResources) @ drools-core-static ---
[INFO] Using 'UTF-8' encoding to copy filtered resources.
[INFO] skip non existing resourceDirectory /home/gabsko/breaking-updates/drools/drools-core-static/src/test/resources
[INFO] 
[INFO] --- maven-compiler-plugin:3.8.1:testCompile (default-testCompile) @ drools-core-static ---
[INFO] Changes detected - recompiling the module!
[INFO] Compiling 1 source file to /home/gabsko/breaking-updates/drools/drools-core-static/target/test-classes
[INFO] 
[INFO] --- maven-surefire-plugin:3.0.0-M5:test (default-test) @ drools-core-static ---
[INFO] 
[INFO] -------------------------------------------------------
[INFO]  T E S T S
[INFO] -------------------------------------------------------
[INFO] Running org.drools.statics.DummyByteArrayClassLoaderTest
[INFO] Tests run: 1, Failures: 0, Errors: 0, Skipped: 0, Time elapsed: 0.071 s - in org.drools.statics.DummyByteArrayClassLoaderTest
[INFO] 
[INFO] Results:
[INFO] 
[INFO] Tests run: 1, Failures: 0, Errors: 0, Skipped: 0
[INFO] 
[INFO] 
[INFO] ---------------------< org.kie.kogito:drools-core >---------------------
[INFO] Building Kogito :: Drools :: Drools Core 2.0.0-SNAPSHOT         [15/207]
[INFO] --------------------------------[ jar ]---------------------------------
[INFO] 
[INFO] --- maven-clean-plugin:3.1.0:clean (default-clean) @ drools-core ---
[INFO] Deleting /home/gabsko/breaking-updates/drools/drools-core/target
[INFO] 
[INFO] --- maven-enforcer-plugin:3.0.0-M2:enforce (enforce-versions) @ drools-core ---
[INFO] 
[INFO] --- maven-enforcer-plugin:3.0.0-M2:enforce (enforce-java-version) @ drools-core ---
[INFO] 
[INFO] --- maven-enforcer-plugin:3.0.0-M2:enforce (enforce-maven-version) @ drools-core ---
[INFO] 
[INFO] --- maven-checkstyle-plugin:3.0.0:check (default) @ drools-core ---
[INFO] 
[INFO] --- buildnumber-maven-plugin:1.4:create (get-scm-revision) @ drools-core ---
[INFO] 
[INFO] --- formatter-maven-plugin:2.13.0:format (default) @ drools-core ---
[INFO] Using 'UTF-8' encoding to format source files.
[INFO] Number of files to be formatted: 36
[INFO] Successfully formatted:          0 file(s)
[INFO] Fail to format:                  0 file(s)
[INFO] Skipped:                         36 file(s)
[INFO] Read only skipped:               0 file(s)
[INFO] Approximate time taken:          0s
[INFO] 
[INFO] --- impsort-maven-plugin:1.5.0:sort (default) @ drools-core ---
[INFO] Using compiler compliance level: JAVA_11
[INFO]  Total Files Processed: 36 in 00:00.093
[INFO]         Already Sorted: 36
[INFO]         Needed Sorting:  0
[INFO] 
[INFO] --- maven-resources-plugin:3.1.0:resources (default-resources) @ drools-core ---
[INFO] Using 'UTF-8' encoding to copy filtered resources.
[INFO] Copying 1 resource
[INFO] 
[INFO] --- maven-compiler-plugin:3.8.1:compile (default-compile) @ drools-core ---
[INFO] Changes detected - recompiling the module!
[INFO] Compiling 36 source files to /home/gabsko/breaking-updates/drools/drools-core/target/classes
[WARNING] unknown enum constant javax.xml.bind.annotation.XmlAccessType.NONE
  reason: class file for javax.xml.bind.annotation.XmlAccessType not found
[WARNING] unknown enum constant javax.xml.bind.annotation.XmlAccessType.NONE
[WARNING] /home/gabsko/breaking-updates/drools/drools-core/src/main/java/org/drools/core/spi/KogitoProcessContextImpl.java:[28,8] getKieRuntime() in org.kie.kogito.internal.process.runtime.KogitoProcessContext has been deprecated
[WARNING] /home/gabsko/breaking-updates/drools/drools-core/src/main/java/org/drools/core/impl/KogitoStatefulKnowledgeSessionImpl.java:[45,8] getSessionClock() in org.drools.core.impl.StatefulKnowledgeSessionImpl implements <T>getSessionClock() in org.kie.api.runtime.KieRuntime
  return type requires unchecked conversion from org.kie.api.time.SessionClock to T
[WARNING] /home/gabsko/breaking-updates/drools/drools-core/src/main/java/org/drools/core/impl/KogitoStatefulKnowledgeSessionImpl.java:[107,19] <T,K,X>shed(org.drools.core.factmodel.traits.TraitableBean<K,X>,java.lang.Class<T>) in org.drools.core.base.DefaultKnowledgeHelper implements <T,K,X>shed(org.drools.core.factmodel.traits.TraitableBean<K,X>,java.lang.Class<T>) in org.drools.core.spi.KnowledgeHelper
  return type requires unchecked conversion from org.drools.core.factmodel.traits.Thing to org.drools.core.factmodel.traits.Thing<K>
[WARNING] /home/gabsko/breaking-updates/drools/drools-core/src/main/java/org/drools/core/impl/KogitoStatefulKnowledgeSessionImpl.java:[107,19] <T,K>shed(org.drools.core.factmodel.traits.Thing<K>,java.lang.Class<T>) in org.drools.core.base.DefaultKnowledgeHelper implements <T,K>shed(org.drools.core.factmodel.traits.Thing<K>,java.lang.Class<T>) in org.drools.core.spi.KnowledgeHelper
  return type requires unchecked conversion from org.drools.core.factmodel.traits.Thing to org.drools.core.factmodel.traits.Thing<K>
[WARNING] /home/gabsko/breaking-updates/drools/drools-core/src/main/java/org/drools/core/impl/KogitoStatefulKnowledgeSessionImpl.java:[107,19] <T,K>don(K,java.util.Collection<java.lang.Class<? extends org.drools.core.factmodel.traits.Thing>>) in org.drools.core.base.DefaultKnowledgeHelper implements <T,K>don(K,java.util.Collection<java.lang.Class<? extends org.drools.core.factmodel.traits.Thing>>) in org.drools.core.spi.KnowledgeHelper
  return type requires unchecked conversion from java.lang.Object to T
[WARNING] /home/gabsko/breaking-updates/drools/drools-core/src/main/java/org/drools/core/impl/KogitoStatefulKnowledgeSessionImpl.java:[107,19] <T,K>don(K,java.util.Collection<java.lang.Class<? extends org.drools.core.factmodel.traits.Thing>>,org.kie.api.internal.runtime.beliefs.Mode...) in org.drools.core.base.DefaultKnowledgeHelper implements <T,K>don(K,java.util.Collection<java.lang.Class<? extends org.drools.core.factmodel.traits.Thing>>,org.kie.api.internal.runtime.beliefs.Mode...) in org.drools.core.spi.KnowledgeHelper
  return type requires unchecked conversion from java.lang.Object to T
[WARNING] /home/gabsko/breaking-updates/drools/drools-core/src/main/java/org/drools/core/impl/KogitoStatefulKnowledgeSessionImpl.java:[107,19] <T,K>don(K,java.util.Collection<java.lang.Class<? extends org.drools.core.factmodel.traits.Thing>>,boolean) in org.drools.core.base.DefaultKnowledgeHelper implements <T,K>don(K,java.util.Collection<java.lang.Class<? extends org.drools.core.factmodel.traits.Thing>>,boolean) in org.drools.core.spi.KnowledgeHelper
  return type requires unchecked conversion from java.lang.Object to T
[WARNING] /home/gabsko/breaking-updates/drools/drools-core/src/main/java/org/drools/core/impl/KogitoStatefulKnowledgeSessionImpl.java:[107,19] <T,K>don(org.drools.core.factmodel.traits.Thing<K>,java.lang.Class<T>) in org.drools.core.base.DefaultKnowledgeHelper implements <T,K>don(org.drools.core.factmodel.traits.Thing<K>,java.lang.Class<T>) in org.drools.core.spi.KnowledgeHelper
  return type requires unchecked conversion from java.lang.Object to T
[WARNING] /home/gabsko/breaking-updates/drools/drools-core/src/main/java/org/drools/core/impl/KogitoStatefulKnowledgeSessionImpl.java:[107,19] <T,K>don(K,java.lang.Class<T>) in org.drools.core.base.DefaultKnowledgeHelper implements <T,K>don(K,java.lang.Class<T>) in org.drools.core.spi.KnowledgeHelper
  return type requires unchecked conversion from java.lang.Object to T
[WARNING] /home/gabsko/breaking-updates/drools/drools-core/src/main/java/org/drools/core/impl/KogitoStatefulKnowledgeSessionImpl.java:[107,19] <T,K>don(K,java.lang.Class<T>,org.kie.api.internal.runtime.beliefs.Mode...) in org.drools.core.base.DefaultKnowledgeHelper implements <T,K>don(K,java.lang.Class<T>,org.kie.api.internal.runtime.beliefs.Mode...) in org.drools.core.spi.KnowledgeHelper
  return type requires unchecked conversion from java.lang.Object to T
[WARNING] /home/gabsko/breaking-updates/drools/drools-core/src/main/java/org/drools/core/impl/KogitoStatefulKnowledgeSessionImpl.java:[107,19] <T,K>don(K,java.lang.Class<T>,boolean) in org.drools.core.base.DefaultKnowledgeHelper implements <T,K>don(K,java.lang.Class<T>,boolean) in org.drools.core.spi.KnowledgeHelper
  return type requires unchecked conversion from java.lang.Object to T
[WARNING] /home/gabsko/breaking-updates/drools/drools-core/src/main/java/org/drools/core/impl/KogitoStatefulKnowledgeSessionImpl.java:[107,19] <T>getContext(java.lang.Class<T>) in org.drools.core.base.DefaultKnowledgeHelper implements <T>getContext(java.lang.Class<T>) in org.drools.core.spi.KnowledgeHelper
  return type requires unchecked conversion from java.lang.Object to T
[WARNING] /home/gabsko/breaking-updates/drools/drools-core/src/main/java/org/drools/core/impl/KogitoStatefulKnowledgeSessionImpl.java:[107,19] getChannels() in org.drools.core.base.DefaultKnowledgeHelper implements getChannels() in org.drools.core.spi.KnowledgeHelper
  return type requires unchecked conversion from java.util.Map to java.util.Map<java.lang.String,org.kie.api.runtime.Channel>
[WARNING] /home/gabsko/breaking-updates/drools/drools-core/src/main/java/org/drools/core/impl/KogitoStatefulKnowledgeSessionImpl.java:[185,19] getSessionClock() in org.drools.core.base.WrappedStatefulKnowledgeSessionForRHS implements <T>getSessionClock() in org.kie.api.runtime.KieRuntime
  return type requires unchecked conversion from org.kie.api.time.SessionClock to T
[INFO] 
[INFO] --- maven-resources-plugin:3.1.0:testResources (default-testResources) @ drools-core ---
[INFO] Using 'UTF-8' encoding to copy filtered resources.
[INFO] skip non existing resourceDirectory /home/gabsko/breaking-updates/drools/drools-core/src/test/resources
[INFO] 
[INFO] --- maven-compiler-plugin:3.8.1:testCompile (default-testCompile) @ drools-core ---
[INFO] No sources to compile
[INFO] 
[INFO] --- maven-surefire-plugin:3.0.0-M5:test (default-test) @ drools-core ---
[INFO] No tests to run.
[INFO] 
[INFO] -------------------< org.kie.kogito:drools-compiler >-------------------
[INFO] Building Kogito :: Drools :: Drools Compiler 2.0.0-SNAPSHOT     [16/207]
[INFO] --------------------------------[ jar ]---------------------------------
[INFO] 
[INFO] --- maven-clean-plugin:3.1.0:clean (default-clean) @ drools-compiler ---
[INFO] Deleting /home/gabsko/breaking-updates/drools/drools-compiler/target
[INFO] 
[INFO] --- maven-enforcer-plugin:3.0.0-M2:enforce (enforce-versions) @ drools-compiler ---
[INFO] 
[INFO] --- maven-enforcer-plugin:3.0.0-M2:enforce (enforce-java-version) @ drools-compiler ---
[INFO] 
[INFO] --- maven-enforcer-plugin:3.0.0-M2:enforce (enforce-maven-version) @ drools-compiler ---
[INFO] 
[INFO] --- maven-checkstyle-plugin:3.0.0:check (default) @ drools-compiler ---
[INFO] 
[INFO] --- buildnumber-maven-plugin:1.4:create (get-scm-revision) @ drools-compiler ---
[INFO] 
[INFO] --- formatter-maven-plugin:2.13.0:format (default) @ drools-compiler ---
[INFO] Using 'UTF-8' encoding to format source files.
[INFO] Number of files to be formatted: 3
[INFO] Successfully formatted:          0 file(s)
[INFO] Fail to format:                  0 file(s)
[INFO] Skipped:                         3 file(s)
[INFO] Read only skipped:               0 file(s)
[INFO] Approximate time taken:          0s
[INFO] 
[INFO] --- impsort-maven-plugin:1.5.0:sort (default) @ drools-compiler ---
[INFO] Using compiler compliance level: JAVA_11
[INFO]  Total Files Processed: 3 in 00:00.023
[INFO]         Already Sorted: 3
[INFO]         Needed Sorting: 0
[INFO] 
[INFO] --- maven-resources-plugin:3.1.0:resources (default-resources) @ drools-compiler ---
[INFO] Using 'UTF-8' encoding to copy filtered resources.
[INFO] skip non existing resourceDirectory /home/gabsko/breaking-updates/drools/drools-compiler/src/main/resources
[INFO] 
[INFO] --- maven-compiler-plugin:3.8.1:compile (default-compile) @ drools-compiler ---
[INFO] Changes detected - recompiling the module!
[INFO] Compiling 3 source files to /home/gabsko/breaking-updates/drools/drools-compiler/target/classes
[INFO] 
[INFO] --- maven-resources-plugin:3.1.0:testResources (default-testResources) @ drools-compiler ---
[INFO] Using 'UTF-8' encoding to copy filtered resources.
[INFO] skip non existing resourceDirectory /home/gabsko/breaking-updates/drools/drools-compiler/src/test/resources
[INFO] 
[INFO] --- maven-compiler-plugin:3.8.1:testCompile (default-testCompile) @ drools-compiler ---
[INFO] No sources to compile
[INFO] 
[INFO] --- maven-surefire-plugin:3.0.0-M5:test (default-test) @ drools-compiler ---
[INFO] No tests to run.
[INFO] 
[INFO] -----------------< org.kie.kogito:kogito-drools-model >-----------------
[INFO] Building Kogito :: Drools :: Kogito Drools Model 2.0.0-SNAPSHOT [17/207]
[INFO] --------------------------------[ jar ]---------------------------------
[INFO] 
[INFO] --- maven-clean-plugin:3.1.0:clean (default-clean) @ kogito-drools-model ---
[INFO] Deleting /home/gabsko/breaking-updates/drools/kogito-drools-model/target
[INFO] 
[INFO] --- maven-enforcer-plugin:3.0.0-M2:enforce (enforce-versions) @ kogito-drools-model ---
[INFO] 
[INFO] --- maven-enforcer-plugin:3.0.0-M2:enforce (enforce-java-version) @ kogito-drools-model ---
[INFO] 
[INFO] --- maven-enforcer-plugin:3.0.0-M2:enforce (enforce-maven-version) @ kogito-drools-model ---
[INFO] 
[INFO] --- maven-checkstyle-plugin:3.0.0:check (default) @ kogito-drools-model ---
[INFO] 
[INFO] --- buildnumber-maven-plugin:1.4:create (get-scm-revision) @ kogito-drools-model ---
[INFO] 
[INFO] --- formatter-maven-plugin:2.13.0:format (default) @ kogito-drools-model ---
[INFO] Using 'UTF-8' encoding to format source files.
[INFO] Number of files to be formatted: 0
[INFO] 
[INFO] --- impsort-maven-plugin:1.5.0:sort (default) @ kogito-drools-model ---
[INFO] Using compiler compliance level: JAVA_11
[INFO]  Total Files Processed: 0 in 00:00.000
[INFO]         Already Sorted: 0
[INFO]         Needed Sorting: 0
[INFO] 
[INFO] --- maven-resources-plugin:3.1.0:resources (default-resources) @ kogito-drools-model ---
[INFO] Using 'UTF-8' encoding to copy filtered resources.
[INFO] skip non existing resourceDirectory /home/gabsko/breaking-updates/drools/kogito-drools-model/src/main/resources
[INFO] 
[INFO] --- maven-compiler-plugin:3.8.1:compile (default-compile) @ kogito-drools-model ---
[INFO] No sources to compile
[INFO] 
[INFO] --- maven-resources-plugin:3.1.0:testResources (default-testResources) @ kogito-drools-model ---
[INFO] Using 'UTF-8' encoding to copy filtered resources.
[INFO] skip non existing resourceDirectory /home/gabsko/breaking-updates/drools/kogito-drools-model/src/test/resources
[INFO] 
[INFO] --- maven-compiler-plugin:3.8.1:testCompile (default-testCompile) @ kogito-drools-model ---
[INFO] No sources to compile
[INFO] 
[INFO] --- maven-surefire-plugin:3.0.0-M5:test (default-test) @ kogito-drools-model ---
[INFO] No tests to run.
[INFO] 
[INFO] ------------------< org.kie.kogito:kogito-ruleunits >-------------------
[INFO] Building Kogito :: Drools :: Kogito RuleUnits 2.0.0-SNAPSHOT    [18/207]
[INFO] --------------------------------[ jar ]---------------------------------
[INFO] 
[INFO] --- maven-clean-plugin:3.1.0:clean (default-clean) @ kogito-ruleunits ---
[INFO] Deleting /home/gabsko/breaking-updates/drools/kogito-ruleunits/target
[INFO] 
[INFO] --- maven-enforcer-plugin:3.0.0-M2:enforce (enforce-versions) @ kogito-ruleunits ---
[INFO] 
[INFO] --- maven-enforcer-plugin:3.0.0-M2:enforce (enforce-java-version) @ kogito-ruleunits ---
[INFO] 
[INFO] --- maven-enforcer-plugin:3.0.0-M2:enforce (enforce-maven-version) @ kogito-ruleunits ---
[INFO] 
[INFO] --- maven-checkstyle-plugin:3.0.0:check (default) @ kogito-ruleunits ---
[INFO] 
[INFO] --- buildnumber-maven-plugin:1.4:create (get-scm-revision) @ kogito-ruleunits ---
[INFO] 
[INFO] --- formatter-maven-plugin:2.13.0:format (default) @ kogito-ruleunits ---
[INFO] Using 'UTF-8' encoding to format source files.
[INFO] Number of files to be formatted: 32
[INFO] Successfully formatted:          0 file(s)
[INFO] Fail to format:                  0 file(s)
[INFO] Skipped:                         32 file(s)
[INFO] Read only skipped:               0 file(s)
[INFO] Approximate time taken:          0s
[INFO] 
[INFO] --- impsort-maven-plugin:1.5.0:sort (default) @ kogito-ruleunits ---
[INFO] Using compiler compliance level: JAVA_11
[INFO]  Total Files Processed: 32 in 00:00.060
[INFO]         Already Sorted: 32
[INFO]         Needed Sorting:  0
[INFO] 
[INFO] --- maven-resources-plugin:3.1.0:resources (default-resources) @ kogito-ruleunits ---
[INFO] Using 'UTF-8' encoding to copy filtered resources.
[INFO] Copying 1 resource
[INFO] 
[INFO] --- maven-compiler-plugin:3.8.1:compile (default-compile) @ kogito-ruleunits ---
[INFO] Changes detected - recompiling the module!
[INFO] Compiling 27 source files to /home/gabsko/breaking-updates/drools/kogito-ruleunits/target/classes
[WARNING] /home/gabsko/breaking-updates/drools/kogito-ruleunits/src/main/java/org/kie/kogito/rules/units/impl/AbstractRuleUnits.java:[32,36] unchecked cast
  required: org.kie.kogito.rules.RuleUnit<T>
  found:    org.kie.kogito.rules.RuleUnit<capture#1 of ?>
[WARNING] /home/gabsko/breaking-updates/drools/kogito-ruleunits/src/main/java/org/kie/kogito/rules/units/ReflectiveRuleUnitDescription.java:[48,21] getRuleUnitClass() in org.kie.internal.ruleunit.RuleUnitDescription has been deprecated
[WARNING] /home/gabsko/breaking-updates/drools/kogito-ruleunits/src/main/java/org/kie/kogito/rules/units/AbstractRuleUnitInstance.java:[93,32] unchecked method invocation: method subscribe in interface org.kie.kogito.rules.DataSource is applied to given types
  required: org.kie.kogito.rules.DataProcessor<T>
  found: org.kie.kogito.rules.units.EntryPointDataProcessor
[WARNING] /home/gabsko/breaking-updates/drools/kogito-ruleunits/src/main/java/org/kie/kogito/rules/units/AbstractRuleUnitInstance.java:[93,33] unchecked conversion
  required: org.kie.kogito.rules.DataProcessor<T>
  found:    org.kie.kogito.rules.units.EntryPointDataProcessor
[WARNING] /home/gabsko/breaking-updates/drools/kogito-ruleunits/src/main/java/org/kie/kogito/rules/units/SessionRuleUnitInstance.java:[28,41] unchecked method invocation: method subscribe in interface org.kie.kogito.rules.DataSource is applied to given types
  required: org.kie.kogito.rules.DataProcessor<T>
  found: org.kie.kogito.rules.units.EntryPointDataProcessor
[WARNING] /home/gabsko/breaking-updates/drools/kogito-ruleunits/src/main/java/org/kie/kogito/rules/units/SessionRuleUnitInstance.java:[28,42] unchecked conversion
  required: org.kie.kogito.rules.DataProcessor<T>
  found:    org.kie.kogito.rules.units.EntryPointDataProcessor
[WARNING] /home/gabsko/breaking-updates/drools/kogito-ruleunits/src/main/java/org/kie/kogito/rules/units/impl/RuleUnitComponentFactoryImpl.java:[41,114] unchecked cast
  required: java.lang.Class<? extends org.kie.kogito.rules.RuleUnitData>
  found:    java.lang.Class<capture#2 of ?>
[WARNING] /home/gabsko/breaking-updates/drools/kogito-ruleunits/src/main/java/org/kie/kogito/rules/units/FieldDataStore.java:[66,63] unchecked cast
  required: T
  found:    java.lang.Object
[WARNING] /home/gabsko/breaking-updates/drools/kogito-ruleunits/src/main/java/org/kie/kogito/rules/units/FieldDataStore.java:[86,28] unchecked method invocation: method add in interface java.util.List is applied to given types
  required: E
  found: org.kie.kogito.rules.DataProcessor
[WARNING] /home/gabsko/breaking-updates/drools/kogito-ruleunits/src/main/java/org/kie/kogito/rules/units/FieldDataStore.java:[86,29] unchecked conversion
  required: E
  found:    org.kie.kogito.rules.DataProcessor
[WARNING] /home/gabsko/breaking-updates/drools/kogito-ruleunits/src/main/java/org/kie/kogito/rules/units/FieldDataStore.java:[97,51] unchecked cast
  required: T
  found:    java.lang.Object
[WARNING] /home/gabsko/breaking-updates/drools/kogito-ruleunits/src/main/java/org/kie/kogito/rules/units/FieldDataStore.java:[112,41] unchecked call to insert(org.kie.kogito.rules.DataHandle,T) as a member of the raw type org.kie.kogito.rules.DataProcessor
[WARNING] /home/gabsko/breaking-updates/drools/kogito-ruleunits/src/main/java/org/kie/kogito/rules/units/ListDataStream.java:[41,42] unchecked call to insert(T) as a member of the raw type org.kie.kogito.rules.DataProcessor
[WARNING] /home/gabsko/breaking-updates/drools/kogito-ruleunits/src/main/java/org/kie/kogito/rules/units/ListDataStream.java:[47,24] unchecked call to insert(T) as a member of the raw type org.kie.kogito.rules.DataProcessor
[WARNING] /home/gabsko/breaking-updates/drools/kogito-ruleunits/src/main/java/org/kie/kogito/rules/units/ListDataStore.java:[74,28] unchecked method invocation: method add in interface java.util.List is applied to given types
  required: E
  found: org.kie.kogito.rules.DataProcessor
[WARNING] /home/gabsko/breaking-updates/drools/kogito-ruleunits/src/main/java/org/kie/kogito/rules/units/ListDataStore.java:[74,29] unchecked conversion
  required: E
  found:    org.kie.kogito.rules.DataProcessor
[WARNING] /home/gabsko/breaking-updates/drools/kogito-ruleunits/src/main/java/org/kie/kogito/rules/units/ListDataStore.java:[83,51] unchecked cast
  required: T
  found:    java.lang.Object
[WARNING] /home/gabsko/breaking-updates/drools/kogito-ruleunits/src/main/java/org/kie/kogito/rules/units/ListDataStore.java:[95,33] unchecked call to insert(org.kie.kogito.rules.DataHandle,T) as a member of the raw type org.kie.kogito.rules.DataProcessor
[INFO] 
[INFO] --- maven-resources-plugin:3.1.0:testResources (default-testResources) @ kogito-ruleunits ---
[INFO] Using 'UTF-8' encoding to copy filtered resources.
[INFO] Copying 1 resource
[INFO] 
[INFO] --- maven-compiler-plugin:3.8.1:testCompile (default-testCompile) @ kogito-ruleunits ---
[INFO] Changes detected - recompiling the module!
[INFO] Compiling 5 source files to /home/gabsko/breaking-updates/drools/kogito-ruleunits/target/test-classes
[INFO] 
[INFO] --- maven-surefire-plugin:3.0.0-M5:test (default-test) @ kogito-ruleunits ---
[INFO] 
[INFO] -------------------------------------------------------
[INFO]  T E S T S
[INFO] -------------------------------------------------------
[INFO] Running org.kie.kogito.rules.units.SingletonDataStoreTest
[INFO] Tests run: 3, Failures: 0, Errors: 0, Skipped: 0, Time elapsed: 0.04 s - in org.kie.kogito.rules.units.SingletonDataStoreTest
[INFO] Running org.kie.kogito.rules.units.ListDataStreamTest
[INFO] Tests run: 2, Failures: 0, Errors: 0, Skipped: 0, Time elapsed: 0.004 s - in org.kie.kogito.rules.units.ListDataStreamTest
[INFO] Running org.drools.core.ruleunit.RuleUnitDescriptionTest
[INFO] Tests run: 10, Failures: 0, Errors: 0, Skipped: 0, Time elapsed: 0.11 s - in org.drools.core.ruleunit.RuleUnitDescriptionTest
[INFO] 
[INFO] Results:
[INFO] 
[INFO] Tests run: 15, Failures: 0, Errors: 0, Skipped: 0
[INFO] 
[INFO] 
[INFO] --------------------< org.kie.kogito:kogito-drools >--------------------
[INFO] Building Kogito :: Drools :: Kogito Drools 2.0.0-SNAPSHOT       [19/207]
[INFO] --------------------------------[ jar ]---------------------------------
[INFO] 
[INFO] --- maven-clean-plugin:3.1.0:clean (default-clean) @ kogito-drools ---
[INFO] Deleting /home/gabsko/breaking-updates/drools/kogito-drools/target
[INFO] 
[INFO] --- maven-enforcer-plugin:3.0.0-M2:enforce (enforce-versions) @ kogito-drools ---
[INFO] 
[INFO] --- maven-enforcer-plugin:3.0.0-M2:enforce (enforce-java-version) @ kogito-drools ---
[INFO] 
[INFO] --- maven-enforcer-plugin:3.0.0-M2:enforce (enforce-maven-version) @ kogito-drools ---
[INFO] 
[INFO] --- maven-checkstyle-plugin:3.0.0:check (default) @ kogito-drools ---
[INFO] 
[INFO] --- buildnumber-maven-plugin:1.4:create (get-scm-revision) @ kogito-drools ---
[INFO] 
[INFO] --- formatter-maven-plugin:2.13.0:format (default) @ kogito-drools ---
[INFO] Using 'UTF-8' encoding to format source files.
[INFO] Number of files to be formatted: 0
[INFO] 
[INFO] --- impsort-maven-plugin:1.5.0:sort (default) @ kogito-drools ---
[INFO] Using compiler compliance level: JAVA_11
[INFO]  Total Files Processed: 0 in 00:00.000
[INFO]         Already Sorted: 0
[INFO]         Needed Sorting: 0
[INFO] 
[INFO] --- maven-resources-plugin:3.1.0:resources (default-resources) @ kogito-drools ---
[INFO] Using 'UTF-8' encoding to copy filtered resources.
[INFO] skip non existing resourceDirectory /home/gabsko/breaking-updates/drools/kogito-drools/src/main/resources
[INFO] 
[INFO] --- maven-compiler-plugin:3.8.1:compile (default-compile) @ kogito-drools ---
[INFO] No sources to compile
[INFO] 
[INFO] --- maven-resources-plugin:3.1.0:testResources (default-testResources) @ kogito-drools ---
[INFO] Using 'UTF-8' encoding to copy filtered resources.
[INFO] skip non existing resourceDirectory /home/gabsko/breaking-updates/drools/kogito-drools/src/test/resources
[INFO] 
[INFO] --- maven-compiler-plugin:3.8.1:testCompile (default-testCompile) @ kogito-drools ---
[INFO] No sources to compile
[INFO] 
[INFO] --- maven-surefire-plugin:3.0.0-M5:test (default-test) @ kogito-drools ---
[INFO] No tests to run.
[INFO] 
[INFO] ---------------------< org.kie.kogito:kogito-dmn >----------------------
[INFO] Building Kogito :: Drools :: Kogito Decision Model Notation 2.0.0-SNAPSHOT [20/207]
[INFO] --------------------------------[ jar ]---------------------------------
[INFO] 
[INFO] --- maven-clean-plugin:3.1.0:clean (default-clean) @ kogito-dmn ---
[INFO] Deleting /home/gabsko/breaking-updates/drools/kogito-dmn/target
[INFO] 
[INFO] --- maven-enforcer-plugin:3.0.0-M2:enforce (enforce-versions) @ kogito-dmn ---
[INFO] 
[INFO] --- maven-enforcer-plugin:3.0.0-M2:enforce (enforce-java-version) @ kogito-dmn ---
[INFO] 
[INFO] --- maven-enforcer-plugin:3.0.0-M2:enforce (enforce-maven-version) @ kogito-dmn ---
[INFO] 
[INFO] --- maven-checkstyle-plugin:3.0.0:check (default) @ kogito-dmn ---
[INFO] 
[INFO] --- buildnumber-maven-plugin:1.4:create (get-scm-revision) @ kogito-dmn ---
[INFO] 
[INFO] --- formatter-maven-plugin:2.13.0:format (default) @ kogito-dmn ---
[INFO] Using 'UTF-8' encoding to format source files.
[INFO] Number of files to be formatted: 19
[INFO] Successfully formatted:          0 file(s)
[INFO] Fail to format:                  0 file(s)
[INFO] Skipped:                         19 file(s)
[INFO] Read only skipped:               0 file(s)
[INFO] Approximate time taken:          0s
[INFO] 
[INFO] --- impsort-maven-plugin:1.5.0:sort (default) @ kogito-dmn ---
[INFO] Using compiler compliance level: JAVA_11
[INFO]  Total Files Processed: 19 in 00:00.046
[INFO]         Already Sorted: 19
[INFO]         Needed Sorting:  0
[INFO] 
[INFO] --- maven-resources-plugin:3.1.0:resources (default-resources) @ kogito-dmn ---
[INFO] Using 'UTF-8' encoding to copy filtered resources.
[INFO] skip non existing resourceDirectory /home/gabsko/breaking-updates/drools/kogito-dmn/src/main/resources
[INFO] 
[INFO] --- maven-compiler-plugin:3.8.1:compile (default-compile) @ kogito-dmn ---
[INFO] Changes detected - recompiling the module!
[INFO] Compiling 17 source files to /home/gabsko/breaking-updates/drools/kogito-dmn/target/classes
[WARNING] /home/gabsko/breaking-updates/drools/kogito-dmn/src/main/java/org/kie/kogito/dmn/rest/KogitoDMNDecisionResult.java:[90,16] unchecked conversion
  required: java.util.List<org.kie.dmn.api.core.DMNMessage>
  found:    java.util.List
[WARNING] /home/gabsko/breaking-updates/drools/kogito-dmn/src/main/java/org/kie/kogito/dmn/rest/KogitoDMNMessage.java:[90,19] getMessage() in org.kie.dmn.api.core.DMNMessage has been deprecated
[WARNING] /home/gabsko/breaking-updates/drools/kogito-dmn/src/main/java/org/kie/kogito/dmn/rest/KogitoDMNMessage.java:[85,21] getSeverity() in org.kie.dmn.api.core.DMNMessage has been deprecated
[WARNING] /home/gabsko/breaking-updates/drools/kogito-dmn/src/main/java/org/kie/kogito/dmn/rest/KogitoDMNMessage.java:[77,53] getSeverity() in org.kie.dmn.api.core.DMNMessage has been deprecated
[WARNING] /home/gabsko/breaking-updates/drools/kogito-dmn/src/main/java/org/kie/kogito/dmn/rest/KogitoDMNMessage.java:[78,28] getMessage() in org.kie.dmn.api.core.DMNMessage has been deprecated
[WARNING] /home/gabsko/breaking-updates/drools/kogito-dmn/src/main/java/org/kie/kogito/dmn/rest/KogitoDMNResult.java:[110,16] unchecked conversion
  required: java.util.List<org.kie.dmn.api.core.DMNMessage>
  found:    java.util.List
[INFO] 
[INFO] --- jandex-maven-plugin:1.1.0:jandex (make-index) @ kogito-dmn ---
[INFO] Saving Jandex index: /home/gabsko/breaking-updates/drools/kogito-dmn/target/classes/META-INF/jandex.idx
[INFO] 
[INFO] --- maven-resources-plugin:3.1.0:testResources (default-testResources) @ kogito-dmn ---
[INFO] Using 'UTF-8' encoding to copy filtered resources.
[INFO] Copying 2 resources
[INFO] 
[INFO] --- maven-compiler-plugin:3.8.1:testCompile (default-testCompile) @ kogito-dmn ---
[INFO] Changes detected - recompiling the module!
[INFO] Compiling 2 source files to /home/gabsko/breaking-updates/drools/kogito-dmn/target/test-classes
[INFO] 
[INFO] --- maven-surefire-plugin:3.0.0-M5:test (default-test) @ kogito-dmn ---
[INFO] 
[INFO] -------------------------------------------------------
[INFO]  T E S T S
[INFO] -------------------------------------------------------
[INFO] Running org.kie.kogito.dmn.DefaultDecisionModelResourceTest
[INFO] Tests run: 2, Failures: 0, Errors: 0, Skipped: 0, Time elapsed: 0.123 s - in org.kie.kogito.dmn.DefaultDecisionModelResourceTest
[INFO] Running org.kie.kogito.dmn.DMNKogitoTest
15:01:50.105 [main] DEBUG o.kie.kogito.dmn.DMNKogitoCallbacks - createGenericDMNRuntime with 1 model(s) for DMNRuntime initialization...
15:01:50.126 [main] DEBUG o.k.d.c.c.DMNEvaluatorCompiler - default DMNEvaluatorCompiler.
15:01:50.304 [main] DEBUG o.k.d.b.m.v.x.DiagramElementExtensionConverter - Tried to convert the extension element child ComponentsWidthsExtension, but no converter is registered for this child.
15:01:50.534 [main] DEBUG o.kie.kogito.dmn.DMNKogitoCallbacks - createGenericDMNRuntime done. DMNRuntime contains 1 DMNModel(s).
15:01:50.537 [main] DEBUG o.kie.kogito.dmn.DMNKogitoCallbacks - createGenericDMNRuntime with 1 model(s) for DMNRuntime initialization...
15:01:50.538 [main] DEBUG o.k.d.c.c.DMNEvaluatorCompiler - default DMNEvaluatorCompiler.
15:01:50.542 [main] DEBUG o.k.d.b.m.v.x.DiagramElementExtensionConverter - Tried to convert the extension element child ComponentsWidthsExtension, but no converter is registered for this child.
15:01:50.549 [main] DEBUG o.kie.kogito.dmn.DMNKogitoCallbacks - createGenericDMNRuntime done. DMNRuntime contains 1 DMNModel(s).
[INFO] Tests run: 2, Failures: 0, Errors: 0, Skipped: 0, Time elapsed: 0.448 s - in org.kie.kogito.dmn.DMNKogitoTest
[INFO] 
[INFO] Results:
[INFO] 
[INFO] Tests run: 4, Failures: 0, Errors: 0, Skipped: 0
[INFO] 
[INFO] 
[INFO] ------------------< org.kie.kogito:kogito-test-utils >------------------
[INFO] Building Kogito :: Test Utilities 2.0.0-SNAPSHOT                [21/207]
[INFO] --------------------------------[ jar ]---------------------------------
[INFO] 
[INFO] --- maven-clean-plugin:3.1.0:clean (default-clean) @ kogito-test-utils ---
[INFO] Deleting /home/gabsko/breaking-updates/kogito-test-utils/target
[INFO] 
[INFO] --- maven-enforcer-plugin:3.0.0-M2:enforce (enforce-versions) @ kogito-test-utils ---
[INFO] 
[INFO] --- maven-enforcer-plugin:3.0.0-M2:enforce (enforce-java-version) @ kogito-test-utils ---
[INFO] 
[INFO] --- maven-enforcer-plugin:3.0.0-M2:enforce (enforce-maven-version) @ kogito-test-utils ---
[INFO] 
[INFO] --- maven-checkstyle-plugin:3.0.0:check (default) @ kogito-test-utils ---
[INFO] 
[INFO] --- buildnumber-maven-plugin:1.4:create (get-scm-revision) @ kogito-test-utils ---
[INFO] 
[INFO] --- formatter-maven-plugin:2.13.0:format (default) @ kogito-test-utils ---
[INFO] Using 'UTF-8' encoding to format source files.
[INFO] Number of files to be formatted: 46
[INFO] Successfully formatted:          0 file(s)
[INFO] Fail to format:                  0 file(s)
[INFO] Skipped:                         46 file(s)
[INFO] Read only skipped:               0 file(s)
[INFO] Approximate time taken:          0s
[INFO] 
[INFO] --- impsort-maven-plugin:1.5.0:sort (default) @ kogito-test-utils ---
[INFO] Using compiler compliance level: JAVA_11
[INFO]  Total Files Processed: 46 in 00:00.079
[INFO]         Already Sorted: 46
[INFO]         Needed Sorting:  0
[INFO] 
[INFO] --- maven-resources-plugin:3.1.0:resources (default-resources) @ kogito-test-utils ---
[INFO] Using 'UTF-8' encoding to copy filtered resources.
[INFO] Copying 4 resources
[INFO] 
[INFO] --- maven-compiler-plugin:3.8.1:compile (default-compile) @ kogito-test-utils ---
[INFO] Changes detected - recompiling the module!
[INFO] Compiling 27 source files to /home/gabsko/breaking-updates/kogito-test-utils/target/classes
[WARNING] unknown enum constant org.osgi.annotation.bundle.Requirement.Resolution.OPTIONAL
  reason: class file for org.osgi.annotation.bundle.Requirement$Resolution not found
[WARNING] unknown enum constant org.osgi.annotation.bundle.Requirement.Resolution.OPTIONAL
  reason: class file for org.osgi.annotation.bundle.Requirement$Resolution not found
[WARNING] unknown enum constant org.osgi.annotation.bundle.Requirement.Resolution.OPTIONAL
  reason: class file for org.osgi.annotation.bundle.Requirement$Resolution not found
[WARNING] /home/gabsko/breaking-updates/kogito-test-utils/src/main/java/org/kie/kogito/testcontainers/quarkus/RedisQuarkusTestResource.java:[25,8] start() in org.kie.kogito.resources.ConditionalQuarkusTestResource implements start() in io.quarkus.test.common.QuarkusTestResourceLifecycleManager
  return type requires unchecked conversion from java.util.Map to java.util.Map<java.lang.String,java.lang.String>
[WARNING] /home/gabsko/breaking-updates/kogito-test-utils/src/main/java/org/kie/kogito/testcontainers/quarkus/RedisQuarkusTestResource.java:[30,14] unchecked call to ConditionalQuarkusTestResource(T) as a member of the raw type org.kie.kogito.resources.ConditionalQuarkusTestResource
[WARNING] /home/gabsko/breaking-updates/kogito-test-utils/src/main/java/org/kie/kogito/testcontainers/quarkus/RedisQuarkusTestResource.java:[38,19] start() in org.kie.kogito.resources.ConditionalQuarkusTestResource implements start() in io.quarkus.test.common.QuarkusTestResourceLifecycleManager
  return type requires unchecked conversion from java.util.Map to java.util.Map<java.lang.String,java.lang.String>
[WARNING] /home/gabsko/breaking-updates/kogito-test-utils/src/main/java/org/kie/kogito/testcontainers/springboot/RedisSpringBootTestResource.java:[30,14] unchecked call to ConditionalSpringBootTestResource(T) as a member of the raw type org.kie.kogito.resources.ConditionalSpringBootTestResource
[WARNING] /home/gabsko/breaking-updates/kogito-test-utils/src/main/java/org/kie/kogito/testcontainers/KogitoPostgreSqlContainer.java:[31,8] getLivenessCheckPortNumbers() in org.testcontainers.containers.GenericContainer implements getLivenessCheckPortNumbers() in org.testcontainers.containers.wait.strategy.WaitStrategyTarget
  return type requires unchecked conversion from java.util.Set to java.util.Set<java.lang.Integer>
[WARNING] /home/gabsko/breaking-updates/kogito-test-utils/src/main/java/org/kie/kogito/testcontainers/KogitoPostgreSqlContainer.java:[31,8] getDependencies() in org.testcontainers.containers.GenericContainer implements getDependencies() in org.testcontainers.lifecycle.Startable
  return type requires unchecked conversion from java.util.Set to java.util.Set<org.testcontainers.lifecycle.Startable>
[WARNING] /home/gabsko/breaking-updates/kogito-test-utils/src/main/java/org/kie/kogito/testcontainers/KogitoPostgreSqlContainer.java:[31,8] getPortBindings() in org.testcontainers.containers.GenericContainer implements getPortBindings() in org.testcontainers.containers.ContainerState
  return type requires unchecked conversion from java.util.List to java.util.List<java.lang.String>
[WARNING] /home/gabsko/breaking-updates/kogito-test-utils/src/main/java/org/kie/kogito/testcontainers/KogitoPostgreSqlContainer.java:[31,8] getExposedPorts() in org.testcontainers.containers.GenericContainer implements getExposedPorts() in org.testcontainers.containers.ContainerState
  return type requires unchecked conversion from java.util.List to java.util.List<java.lang.Integer>
[WARNING] /home/gabsko/breaking-updates/kogito-test-utils/src/main/java/org/kie/kogito/testcontainers/KogitoPostgreSqlContainer.java:[36,40] PostgreSQLContainer() in org.testcontainers.containers.PostgreSQLContainer has been deprecated
[WARNING] /home/gabsko/breaking-updates/kogito-test-utils/src/main/java/org/kie/kogito/testcontainers/KogitoPostgreSqlContainer.java:[37,24] unchecked call to withLogConsumer(java.util.function.Consumer<org.testcontainers.containers.output.OutputFrame>) as a member of the raw type org.testcontainers.containers.GenericContainer
[WARNING] /home/gabsko/breaking-updates/kogito-test-utils/src/main/java/org/kie/kogito/testcontainers/KogitoPostgreSqlContainer.java:[38,24] unchecked call to withLogConsumer(java.util.function.Consumer<org.testcontainers.containers.output.OutputFrame>) as a member of the raw type org.testcontainers.containers.GenericContainer
[INFO] 
[INFO] --- maven-resources-plugin:3.1.0:testResources (default-testResources) @ kogito-test-utils ---
[INFO] Using 'UTF-8' encoding to copy filtered resources.
[INFO] skip non existing resourceDirectory /home/gabsko/breaking-updates/kogito-test-utils/src/test/resources
[INFO] 
[INFO] --- maven-compiler-plugin:3.8.1:testCompile (default-testCompile) @ kogito-test-utils ---
[INFO] Changes detected - recompiling the module!
[INFO] Compiling 19 source files to /home/gabsko/breaking-updates/kogito-test-utils/target/test-classes
[WARNING] unknown enum constant org.osgi.annotation.bundle.Requirement.Resolution.OPTIONAL
  reason: class file for org.osgi.annotation.bundle.Requirement$Resolution not found
[WARNING] unknown enum constant org.osgi.annotation.bundle.Requirement.Resolution.OPTIONAL
  reason: class file for org.osgi.annotation.bundle.Requirement$Resolution not found
[WARNING] unknown enum constant org.osgi.annotation.bundle.Requirement.Resolution.OPTIONAL
  reason: class file for org.osgi.annotation.bundle.Requirement$Resolution not found
[WARNING] /home/gabsko/breaking-updates/kogito-test-utils/src/test/java/org/kie/kogito/resources/ConditionalSpringBootTestResourceTest.java:[63,81] unchecked call to ConditionalSpringBootTestResource(T,org.kie.kogito.resources.ConditionHolder) as a member of the raw type org.kie.kogito.resources.ConditionalSpringBootTestResource
[WARNING] /home/gabsko/breaking-updates/kogito-test-utils/src/test/java/org/kie/kogito/resources/ConditionalQuarkusTestResourceTest.java:[57,78] start() in org.kie.kogito.resources.ConditionalQuarkusTestResource implements start() in io.quarkus.test.common.QuarkusTestResourceLifecycleManager
  return type requires unchecked conversion from java.util.Map to java.util.Map<java.lang.String,java.lang.String>
[WARNING] /home/gabsko/breaking-updates/kogito-test-utils/src/test/java/org/kie/kogito/resources/ConditionalQuarkusTestResourceTest.java:[57,78] unchecked call to ConditionalQuarkusTestResource(T,org.kie.kogito.resources.ConditionHolder) as a member of the raw type org.kie.kogito.resources.ConditionalQuarkusTestResource
[WARNING] /home/gabsko/breaking-updates/kogito-test-utils/src/test/java/org/kie/kogito/resources/ConditionalQuarkusTestResourceTest.java:[127,38] unchecked conversion
  required: java.util.Map<java.lang.String,java.lang.String>
  found:    java.util.Map
[INFO] 
[INFO] --- maven-surefire-plugin:3.0.0-M5:test (default-test) @ kogito-test-utils ---
[INFO] 
[INFO] -------------------------------------------------------
[INFO]  T E S T S
[INFO] -------------------------------------------------------
[INFO] Running org.kie.kogito.testcontainers.KogitoKafkaContainerTest
SLF4J: Class path contains multiple SLF4J bindings.
SLF4J: Found binding in [jar:file:/home/gabsko/.m2/repository/org/jboss/slf4j/slf4j-jboss-logmanager/1.1.0.Final/slf4j-jboss-logmanager-1.1.0.Final.jar!/org/slf4j/impl/StaticLoggerBinder.class]
SLF4J: Found binding in [jar:file:/home/gabsko/.m2/repository/ch/qos/logback/logback-classic/1.1.3/logback-classic-1.1.3.jar!/org/slf4j/impl/StaticLoggerBinder.class]
SLF4J: See http://www.slf4j.org/codes.html#multiple_bindings for an explanation.
SLF4J: Actual binding is of type [org.slf4j.impl.Slf4jLoggerFactory]
[WARNING] Tests run: 3, Failures: 0, Errors: 0, Skipped: 1, Time elapsed: 0.762 s - in org.kie.kogito.testcontainers.KogitoKafkaContainerTest
[INFO] Running org.kie.kogito.testcontainers.quarkus.KafkaQuarkusTestResourceTest
[INFO] Tests run: 3, Failures: 0, Errors: 0, Skipped: 0, Time elapsed: 0.037 s - in org.kie.kogito.testcontainers.quarkus.KafkaQuarkusTestResourceTest
[INFO] Running org.kie.kogito.testcontainers.quarkus.InfinispanQuarkusTestResourceTest
[INFO] Tests run: 3, Failures: 0, Errors: 0, Skipped: 0, Time elapsed: 0.021 s - in org.kie.kogito.testcontainers.quarkus.InfinispanQuarkusTestResourceTest
[INFO] Running org.kie.kogito.testcontainers.quarkus.KeycloakQuarkusTestResourceTest
[INFO] Tests run: 3, Failures: 0, Errors: 0, Skipped: 0, Time elapsed: 0.027 s - in org.kie.kogito.testcontainers.quarkus.KeycloakQuarkusTestResourceTest
[INFO] Running org.kie.kogito.testcontainers.quarkus.MongoDBQuarkusTestResourceTest
[ERROR] Tests run: 4, Failures: 0, Errors: 1, Skipped: 0, Time elapsed: 30.525 s <<< FAILURE! - in org.kie.kogito.testcontainers.quarkus.MongoDBQuarkusTestResourceTest
[ERROR] org.kie.kogito.testcontainers.quarkus.MongoDBQuarkusTestResourceTest.shouldGetDockerImageName  Time elapsed: 30.498 s  <<< ERROR!
org.testcontainers.containers.ContainerFetchException: Can't get Docker image: RemoteDockerImage(imageName=library/mongo:4.2.3, imagePullPolicy=DefaultPullPolicy())
	at org.testcontainers.containers.GenericContainer.getDockerImageName(GenericContainer.java:1286)
	at org.kie.kogito.testcontainers.quarkus.MongoDBQuarkusTestResourceTest.shouldGetDockerImageName(MongoDBQuarkusTestResourceTest.java:52)
	at java.base/jdk.internal.reflect.NativeMethodAccessorImpl.invoke0(Native Method)
	at java.base/jdk.internal.reflect.NativeMethodAccessorImpl.invoke(NativeMethodAccessorImpl.java:62)
	at java.base/jdk.internal.reflect.DelegatingMethodAccessorImpl.invoke(DelegatingMethodAccessorImpl.java:43)
	at java.base/java.lang.reflect.Method.invoke(Method.java:566)
	at org.junit.platform.commons.util.ReflectionUtils.invokeMethod(ReflectionUtils.java:688)
	at org.junit.jupiter.engine.execution.MethodInvocation.proceed(MethodInvocation.java:60)
	at org.junit.jupiter.engine.execution.InvocationInterceptorChain$ValidatingInvocation.proceed(InvocationInterceptorChain.java:131)
	at org.junit.jupiter.engine.extension.TimeoutExtension.intercept(TimeoutExtension.java:149)
	at org.junit.jupiter.engine.extension.TimeoutExtension.interceptTestableMethod(TimeoutExtension.java:140)
	at org.junit.jupiter.engine.extension.TimeoutExtension.interceptTestMethod(TimeoutExtension.java:84)
	at org.junit.jupiter.engine.execution.ExecutableInvoker$ReflectiveInterceptorCall.lambda$ofVoidMethod$0(ExecutableInvoker.java:115)
	at org.junit.jupiter.engine.execution.ExecutableInvoker.lambda$invoke$0(ExecutableInvoker.java:105)
	at org.junit.jupiter.engine.execution.InvocationInterceptorChain$InterceptedInvocation.proceed(InvocationInterceptorChain.java:106)
	at org.junit.jupiter.engine.execution.InvocationInterceptorChain.proceed(InvocationInterceptorChain.java:64)
	at org.junit.jupiter.engine.execution.InvocationInterceptorChain.chainAndInvoke(InvocationInterceptorChain.java:45)
	at org.junit.jupiter.engine.execution.InvocationInterceptorChain.invoke(InvocationInterceptorChain.java:37)
	at org.junit.jupiter.engine.execution.ExecutableInvoker.invoke(ExecutableInvoker.java:104)
	at org.junit.jupiter.engine.execution.ExecutableInvoker.invoke(ExecutableInvoker.java:98)
	at org.junit.jupiter.engine.descriptor.TestMethodTestDescriptor.lambda$invokeTestMethod$6(TestMethodTestDescriptor.java:210)
	at org.junit.platform.engine.support.hierarchical.ThrowableCollector.execute(ThrowableCollector.java:73)
	at org.junit.jupiter.engine.descriptor.TestMethodTestDescriptor.invokeTestMethod(TestMethodTestDescriptor.java:206)
	at org.junit.jupiter.engine.descriptor.TestMethodTestDescriptor.execute(TestMethodTestDescriptor.java:131)
	at org.junit.jupiter.engine.descriptor.TestMethodTestDescriptor.execute(TestMethodTestDescriptor.java:65)
	at org.junit.platform.engine.support.hierarchical.NodeTestTask.lambda$executeRecursively$5(NodeTestTask.java:139)
	at org.junit.platform.engine.support.hierarchical.ThrowableCollector.execute(ThrowableCollector.java:73)
	at org.junit.platform.engine.support.hierarchical.NodeTestTask.lambda$executeRecursively$7(NodeTestTask.java:129)
	at org.junit.platform.engine.support.hierarchical.Node.around(Node.java:137)
	at org.junit.platform.engine.support.hierarchical.NodeTestTask.lambda$executeRecursively$8(NodeTestTask.java:127)
	at org.junit.platform.engine.support.hierarchical.ThrowableCollector.execute(ThrowableCollector.java:73)
	at org.junit.platform.engine.support.hierarchical.NodeTestTask.executeRecursively(NodeTestTask.java:126)
	at org.junit.platform.engine.support.hierarchical.NodeTestTask.execute(NodeTestTask.java:84)
	at java.base/java.util.ArrayList.forEach(ArrayList.java:1541)
	at org.junit.platform.engine.support.hierarchical.SameThreadHierarchicalTestExecutorService.invokeAll(SameThreadHierarchicalTestExecutorService.java:38)
	at org.junit.platform.engine.support.hierarchical.NodeTestTask.lambda$executeRecursively$5(NodeTestTask.java:143)
	at org.junit.platform.engine.support.hierarchical.ThrowableCollector.execute(ThrowableCollector.java:73)
	at org.junit.platform.engine.support.hierarchical.NodeTestTask.lambda$executeRecursively$7(NodeTestTask.java:129)
	at org.junit.platform.engine.support.hierarchical.Node.around(Node.java:137)
	at org.junit.platform.engine.support.hierarchical.NodeTestTask.lambda$executeRecursively$8(NodeTestTask.java:127)
	at org.junit.platform.engine.support.hierarchical.ThrowableCollector.execute(ThrowableCollector.java:73)
	at org.junit.platform.engine.support.hierarchical.NodeTestTask.executeRecursively(NodeTestTask.java:126)
	at org.junit.platform.engine.support.hierarchical.NodeTestTask.execute(NodeTestTask.java:84)
	at java.base/java.util.ArrayList.forEach(ArrayList.java:1541)
	at org.junit.platform.engine.support.hierarchical.SameThreadHierarchicalTestExecutorService.invokeAll(SameThreadHierarchicalTestExecutorService.java:38)
	at org.junit.platform.engine.support.hierarchical.NodeTestTask.lambda$executeRecursively$5(NodeTestTask.java:143)
	at org.junit.platform.engine.support.hierarchical.ThrowableCollector.execute(ThrowableCollector.java:73)
	at org.junit.platform.engine.support.hierarchical.NodeTestTask.lambda$executeRecursively$7(NodeTestTask.java:129)
	at org.junit.platform.engine.support.hierarchical.Node.around(Node.java:137)
	at org.junit.platform.engine.support.hierarchical.NodeTestTask.lambda$executeRecursively$8(NodeTestTask.java:127)
	at org.junit.platform.engine.support.hierarchical.ThrowableCollector.execute(ThrowableCollector.java:73)
	at org.junit.platform.engine.support.hierarchical.NodeTestTask.executeRecursively(NodeTestTask.java:126)
	at org.junit.platform.engine.support.hierarchical.NodeTestTask.execute(NodeTestTask.java:84)
	at org.junit.platform.engine.support.hierarchical.SameThreadHierarchicalTestExecutorService.submit(SameThreadHierarchicalTestExecutorService.java:32)
	at org.junit.platform.engine.support.hierarchical.HierarchicalTestExecutor.execute(HierarchicalTestExecutor.java:57)
	at org.junit.platform.engine.support.hierarchical.HierarchicalTestEngine.execute(HierarchicalTestEngine.java:51)
	at org.junit.platform.launcher.core.EngineExecutionOrchestrator.execute(EngineExecutionOrchestrator.java:108)
	at org.junit.platform.launcher.core.EngineExecutionOrchestrator.execute(EngineExecutionOrchestrator.java:88)
	at org.junit.platform.launcher.core.EngineExecutionOrchestrator.lambda$execute$0(EngineExecutionOrchestrator.java:54)
	at org.junit.platform.launcher.core.EngineExecutionOrchestrator.withInterceptedStreams(EngineExecutionOrchestrator.java:67)
	at org.junit.platform.launcher.core.EngineExecutionOrchestrator.execute(EngineExecutionOrchestrator.java:52)
	at org.junit.platform.launcher.core.DefaultLauncher.execute(DefaultLauncher.java:96)
	at org.junit.platform.launcher.core.DefaultLauncher.execute(DefaultLauncher.java:75)
	at org.apache.maven.surefire.junitplatform.JUnitPlatformProvider.execute(JUnitPlatformProvider.java:188)
	at org.apache.maven.surefire.junitplatform.JUnitPlatformProvider.invokeAllTests(JUnitPlatformProvider.java:154)
	at org.apache.maven.surefire.junitplatform.JUnitPlatformProvider.invoke(JUnitPlatformProvider.java:128)
	at org.apache.maven.surefire.booter.ForkedBooter.runSuitesInProcess(ForkedBooter.java:428)
	at org.apache.maven.surefire.booter.ForkedBooter.execute(ForkedBooter.java:162)
	at org.apache.maven.surefire.booter.ForkedBooter.run(ForkedBooter.java:562)
	at org.apache.maven.surefire.booter.ForkedBooter.main(ForkedBooter.java:548)
Caused by: java.lang.IllegalStateException: Could not find a valid Docker environment. Please see logs and check configuration
	at org.testcontainers.dockerclient.DockerClientProviderStrategy.lambda$getFirstValidStrategy$7(DockerClientProviderStrategy.java:215)
	at java.base/java.util.Optional.orElseThrow(Optional.java:408)
	at org.testcontainers.dockerclient.DockerClientProviderStrategy.getFirstValidStrategy(DockerClientProviderStrategy.java:207)
	at org.testcontainers.DockerClientFactory.getOrInitializeStrategy(DockerClientFactory.java:136)
	at org.testcontainers.DockerClientFactory.client(DockerClientFactory.java:178)
	at org.testcontainers.LazyDockerClient.getDockerClient(LazyDockerClient.java:14)
	at org.testcontainers.LazyDockerClient.listImagesCmd(LazyDockerClient.java:12)
	at org.testcontainers.images.LocalImagesCache.maybeInitCache(LocalImagesCache.java:68)
	at org.testcontainers.images.LocalImagesCache.get(LocalImagesCache.java:32)
	at org.testcontainers.images.AbstractImagePullPolicy.shouldPull(AbstractImagePullPolicy.java:18)
	at org.testcontainers.images.RemoteDockerImage.resolve(RemoteDockerImage.java:66)
	at org.testcontainers.images.RemoteDockerImage.resolve(RemoteDockerImage.java:27)
	at org.testcontainers.utility.LazyFuture.getResolvedValue(LazyFuture.java:17)
	at org.testcontainers.utility.LazyFuture.get(LazyFuture.java:39)
	at org.testcontainers.containers.GenericContainer.getDockerImageName(GenericContainer.java:1284)
	... 69 more

[INFO] Running org.kie.kogito.testcontainers.quarkus.RedisQuarkusTestResourceTest
[INFO] Tests run: 3, Failures: 0, Errors: 0, Skipped: 0, Time elapsed: 0.024 s - in org.kie.kogito.testcontainers.quarkus.RedisQuarkusTestResourceTest
[INFO] Running org.kie.kogito.testcontainers.InfinispanContainerTest
[INFO] Tests run: 3, Failures: 0, Errors: 0, Skipped: 0, Time elapsed: 0.13 s - in org.kie.kogito.testcontainers.InfinispanContainerTest
[INFO] Running org.kie.kogito.testcontainers.KogitoMongoDBContainerTest
[ERROR] Tests run: 3, Failures: 0, Errors: 1, Skipped: 0, Time elapsed: 0.113 s <<< FAILURE! - in org.kie.kogito.testcontainers.KogitoMongoDBContainerTest
[ERROR] org.kie.kogito.testcontainers.KogitoMongoDBContainerTest.shouldGetDockerImageName  Time elapsed: 0.004 s  <<< ERROR!
org.testcontainers.containers.ContainerFetchException: Can't get Docker image: RemoteDockerImage(imageName=library/mongo:4.2.3, imagePullPolicy=DefaultPullPolicy())
	at org.testcontainers.containers.GenericContainer.getDockerImageName(GenericContainer.java:1286)
	at org.kie.kogito.testcontainers.KogitoMongoDBContainerTest.shouldGetDockerImageName(KogitoMongoDBContainerTest.java:51)
	at java.base/jdk.internal.reflect.NativeMethodAccessorImpl.invoke0(Native Method)
	at java.base/jdk.internal.reflect.NativeMethodAccessorImpl.invoke(NativeMethodAccessorImpl.java:62)
	at java.base/jdk.internal.reflect.DelegatingMethodAccessorImpl.invoke(DelegatingMethodAccessorImpl.java:43)
	at java.base/java.lang.reflect.Method.invoke(Method.java:566)
	at org.junit.platform.commons.util.ReflectionUtils.invokeMethod(ReflectionUtils.java:688)
	at org.junit.jupiter.engine.execution.MethodInvocation.proceed(MethodInvocation.java:60)
	at org.junit.jupiter.engine.execution.InvocationInterceptorChain$ValidatingInvocation.proceed(InvocationInterceptorChain.java:131)
	at org.junit.jupiter.engine.extension.TimeoutExtension.intercept(TimeoutExtension.java:149)
	at org.junit.jupiter.engine.extension.TimeoutExtension.interceptTestableMethod(TimeoutExtension.java:140)
	at org.junit.jupiter.engine.extension.TimeoutExtension.interceptTestMethod(TimeoutExtension.java:84)
	at org.junit.jupiter.engine.execution.ExecutableInvoker$ReflectiveInterceptorCall.lambda$ofVoidMethod$0(ExecutableInvoker.java:115)
	at org.junit.jupiter.engine.execution.ExecutableInvoker.lambda$invoke$0(ExecutableInvoker.java:105)
	at org.junit.jupiter.engine.execution.InvocationInterceptorChain$InterceptedInvocation.proceed(InvocationInterceptorChain.java:106)
	at org.junit.jupiter.engine.execution.InvocationInterceptorChain.proceed(InvocationInterceptorChain.java:64)
	at org.junit.jupiter.engine.execution.InvocationInterceptorChain.chainAndInvoke(InvocationInterceptorChain.java:45)
	at org.junit.jupiter.engine.execution.InvocationInterceptorChain.invoke(InvocationInterceptorChain.java:37)
	at org.junit.jupiter.engine.execution.ExecutableInvoker.invoke(ExecutableInvoker.java:104)
	at org.junit.jupiter.engine.execution.ExecutableInvoker.invoke(ExecutableInvoker.java:98)
	at org.junit.jupiter.engine.descriptor.TestMethodTestDescriptor.lambda$invokeTestMethod$6(TestMethodTestDescriptor.java:210)
	at org.junit.platform.engine.support.hierarchical.ThrowableCollector.execute(ThrowableCollector.java:73)
	at org.junit.jupiter.engine.descriptor.TestMethodTestDescriptor.invokeTestMethod(TestMethodTestDescriptor.java:206)
	at org.junit.jupiter.engine.descriptor.TestMethodTestDescriptor.execute(TestMethodTestDescriptor.java:131)
	at org.junit.jupiter.engine.descriptor.TestMethodTestDescriptor.execute(TestMethodTestDescriptor.java:65)
	at org.junit.platform.engine.support.hierarchical.NodeTestTask.lambda$executeRecursively$5(NodeTestTask.java:139)
	at org.junit.platform.engine.support.hierarchical.ThrowableCollector.execute(ThrowableCollector.java:73)
	at org.junit.platform.engine.support.hierarchical.NodeTestTask.lambda$executeRecursively$7(NodeTestTask.java:129)
	at org.junit.platform.engine.support.hierarchical.Node.around(Node.java:137)
	at org.junit.platform.engine.support.hierarchical.NodeTestTask.lambda$executeRecursively$8(NodeTestTask.java:127)
	at org.junit.platform.engine.support.hierarchical.ThrowableCollector.execute(ThrowableCollector.java:73)
	at org.junit.platform.engine.support.hierarchical.NodeTestTask.executeRecursively(NodeTestTask.java:126)
	at org.junit.platform.engine.support.hierarchical.NodeTestTask.execute(NodeTestTask.java:84)
	at java.base/java.util.ArrayList.forEach(ArrayList.java:1541)
	at org.junit.platform.engine.support.hierarchical.SameThreadHierarchicalTestExecutorService.invokeAll(SameThreadHierarchicalTestExecutorService.java:38)
	at org.junit.platform.engine.support.hierarchical.NodeTestTask.lambda$executeRecursively$5(NodeTestTask.java:143)
	at org.junit.platform.engine.support.hierarchical.ThrowableCollector.execute(ThrowableCollector.java:73)
	at org.junit.platform.engine.support.hierarchical.NodeTestTask.lambda$executeRecursively$7(NodeTestTask.java:129)
	at org.junit.platform.engine.support.hierarchical.Node.around(Node.java:137)
	at org.junit.platform.engine.support.hierarchical.NodeTestTask.lambda$executeRecursively$8(NodeTestTask.java:127)
	at org.junit.platform.engine.support.hierarchical.ThrowableCollector.execute(ThrowableCollector.java:73)
	at org.junit.platform.engine.support.hierarchical.NodeTestTask.executeRecursively(NodeTestTask.java:126)
	at org.junit.platform.engine.support.hierarchical.NodeTestTask.execute(NodeTestTask.java:84)
	at java.base/java.util.ArrayList.forEach(ArrayList.java:1541)
	at org.junit.platform.engine.support.hierarchical.SameThreadHierarchicalTestExecutorService.invokeAll(SameThreadHierarchicalTestExecutorService.java:38)
	at org.junit.platform.engine.support.hierarchical.NodeTestTask.lambda$executeRecursively$5(NodeTestTask.java:143)
	at org.junit.platform.engine.support.hierarchical.ThrowableCollector.execute(ThrowableCollector.java:73)
	at org.junit.platform.engine.support.hierarchical.NodeTestTask.lambda$executeRecursively$7(NodeTestTask.java:129)
	at org.junit.platform.engine.support.hierarchical.Node.around(Node.java:137)
	at org.junit.platform.engine.support.hierarchical.NodeTestTask.lambda$executeRecursively$8(NodeTestTask.java:127)
	at org.junit.platform.engine.support.hierarchical.ThrowableCollector.execute(ThrowableCollector.java:73)
	at org.junit.platform.engine.support.hierarchical.NodeTestTask.executeRecursively(NodeTestTask.java:126)
	at org.junit.platform.engine.support.hierarchical.NodeTestTask.execute(NodeTestTask.java:84)
	at org.junit.platform.engine.support.hierarchical.SameThreadHierarchicalTestExecutorService.submit(SameThreadHierarchicalTestExecutorService.java:32)
	at org.junit.platform.engine.support.hierarchical.HierarchicalTestExecutor.execute(HierarchicalTestExecutor.java:57)
	at org.junit.platform.engine.support.hierarchical.HierarchicalTestEngine.execute(HierarchicalTestEngine.java:51)
	at org.junit.platform.launcher.core.EngineExecutionOrchestrator.execute(EngineExecutionOrchestrator.java:108)
	at org.junit.platform.launcher.core.EngineExecutionOrchestrator.execute(EngineExecutionOrchestrator.java:88)
	at org.junit.platform.launcher.core.EngineExecutionOrchestrator.lambda$execute$0(EngineExecutionOrchestrator.java:54)
	at org.junit.platform.launcher.core.EngineExecutionOrchestrator.withInterceptedStreams(EngineExecutionOrchestrator.java:67)
	at org.junit.platform.launcher.core.EngineExecutionOrchestrator.execute(EngineExecutionOrchestrator.java:52)
	at org.junit.platform.launcher.core.DefaultLauncher.execute(DefaultLauncher.java:96)
	at org.junit.platform.launcher.core.DefaultLauncher.execute(DefaultLauncher.java:75)
	at org.apache.maven.surefire.junitplatform.JUnitPlatformProvider.execute(JUnitPlatformProvider.java:188)
	at org.apache.maven.surefire.junitplatform.JUnitPlatformProvider.invokeAllTests(JUnitPlatformProvider.java:154)
	at org.apache.maven.surefire.junitplatform.JUnitPlatformProvider.invoke(JUnitPlatformProvider.java:128)
	at org.apache.maven.surefire.booter.ForkedBooter.runSuitesInProcess(ForkedBooter.java:428)
	at org.apache.maven.surefire.booter.ForkedBooter.execute(ForkedBooter.java:162)
	at org.apache.maven.surefire.booter.ForkedBooter.run(ForkedBooter.java:562)
	at org.apache.maven.surefire.booter.ForkedBooter.main(ForkedBooter.java:548)
Caused by: java.lang.IllegalStateException: Previous attempts to find a Docker environment failed. Will not retry. Please see logs and check configuration
	at org.testcontainers.dockerclient.DockerClientProviderStrategy.getFirstValidStrategy(DockerClientProviderStrategy.java:109)
	at org.testcontainers.DockerClientFactory.getOrInitializeStrategy(DockerClientFactory.java:136)
	at org.testcontainers.DockerClientFactory.client(DockerClientFactory.java:178)
	at org.testcontainers.LazyDockerClient.getDockerClient(LazyDockerClient.java:14)
	at org.testcontainers.LazyDockerClient.inspectImageCmd(LazyDockerClient.java:12)
	at org.testcontainers.images.LocalImagesCache.refreshCache(LocalImagesCache.java:42)
	at org.testcontainers.images.AbstractImagePullPolicy.shouldPull(AbstractImagePullPolicy.java:24)
	at org.testcontainers.images.RemoteDockerImage.resolve(RemoteDockerImage.java:66)
	at org.testcontainers.images.RemoteDockerImage.resolve(RemoteDockerImage.java:27)
	at org.testcontainers.utility.LazyFuture.getResolvedValue(LazyFuture.java:17)
	at org.testcontainers.utility.LazyFuture.get(LazyFuture.java:39)
	at org.testcontainers.containers.GenericContainer.getDockerImageName(GenericContainer.java:1284)
	at org.kie.kogito.testcontainers.KogitoMongoDBContainer$MockitoMock$242402365.getDockerImageName$accessor$WPTR6DY9(Unknown Source)
	at org.kie.kogito.testcontainers.KogitoMongoDBContainer$MockitoMock$242402365$auxiliary$oekgB4gB.call(Unknown Source)
	at org.mockito.internal.invocation.RealMethod$FromCallable$1.call(RealMethod.java:40)
	at org.mockito.internal.invocation.RealMethod$FromBehavior.invoke(RealMethod.java:62)
	at org.mockito.internal.invocation.InterceptedInvocation.callRealMethod(InterceptedInvocation.java:142)
	at org.mockito.internal.stubbing.answers.CallsRealMethods.answer(CallsRealMethods.java:45)
	at org.mockito.Answers.answer(Answers.java:99)
	at org.mockito.internal.handler.MockHandlerImpl.handle(MockHandlerImpl.java:110)
	at org.mockito.internal.handler.NullResultGuardian.handle(NullResultGuardian.java:29)
	at org.mockito.internal.handler.InvocationNotifierHandler.handle(InvocationNotifierHandler.java:34)
	at org.mockito.internal.creation.bytebuddy.MockMethodInterceptor.doIntercept(MockMethodInterceptor.java:82)
	at org.mockito.internal.creation.bytebuddy.MockMethodInterceptor.doIntercept(MockMethodInterceptor.java:56)
	at org.mockito.internal.creation.bytebuddy.MockMethodInterceptor$DispatcherDefaultingToRealMethod.interceptSuperCallable(MockMethodInterceptor.java:145)
	at org.kie.kogito.testcontainers.KogitoMongoDBContainer$MockitoMock$242402365.getDockerImageName(Unknown Source)
	... 69 more

[INFO] Running org.kie.kogito.testcontainers.KeycloakContainerTest
[INFO] Tests run: 3, Failures: 0, Errors: 0, Skipped: 0, Time elapsed: 0.108 s - in org.kie.kogito.testcontainers.KeycloakContainerTest
[INFO] Running org.kie.kogito.testcontainers.springboot.KafkaSpringBootTestResourceTest
[INFO] Tests run: 4, Failures: 0, Errors: 0, Skipped: 0, Time elapsed: 0.368 s - in org.kie.kogito.testcontainers.springboot.KafkaSpringBootTestResourceTest
[INFO] Running org.kie.kogito.testcontainers.springboot.InfinispanSpringBootTestResourceTest
[INFO] Tests run: 3, Failures: 0, Errors: 0, Skipped: 0, Time elapsed: 0.012 s - in org.kie.kogito.testcontainers.springboot.InfinispanSpringBootTestResourceTest
[INFO] Running org.kie.kogito.testcontainers.springboot.MongoDBSpringBootTestResourceTest
[ERROR] Tests run: 4, Failures: 0, Errors: 1, Skipped: 0, Time elapsed: 0.022 s <<< FAILURE! - in org.kie.kogito.testcontainers.springboot.MongoDBSpringBootTestResourceTest
[ERROR] org.kie.kogito.testcontainers.springboot.MongoDBSpringBootTestResourceTest.shouldGetDockerImageName  Time elapsed: 0.009 s  <<< ERROR!
org.testcontainers.containers.ContainerFetchException: Can't get Docker image: RemoteDockerImage(imageName=library/mongo:4.2.3, imagePullPolicy=DefaultPullPolicy())
	at org.testcontainers.containers.GenericContainer.getDockerImageName(GenericContainer.java:1286)
	at org.kie.kogito.testcontainers.springboot.MongoDBSpringBootTestResourceTest.shouldGetDockerImageName(MongoDBSpringBootTestResourceTest.java:59)
	at java.base/jdk.internal.reflect.NativeMethodAccessorImpl.invoke0(Native Method)
	at java.base/jdk.internal.reflect.NativeMethodAccessorImpl.invoke(NativeMethodAccessorImpl.java:62)
	at java.base/jdk.internal.reflect.DelegatingMethodAccessorImpl.invoke(DelegatingMethodAccessorImpl.java:43)
	at java.base/java.lang.reflect.Method.invoke(Method.java:566)
	at org.junit.platform.commons.util.ReflectionUtils.invokeMethod(ReflectionUtils.java:688)
	at org.junit.jupiter.engine.execution.MethodInvocation.proceed(MethodInvocation.java:60)
	at org.junit.jupiter.engine.execution.InvocationInterceptorChain$ValidatingInvocation.proceed(InvocationInterceptorChain.java:131)
	at org.junit.jupiter.engine.extension.TimeoutExtension.intercept(TimeoutExtension.java:149)
	at org.junit.jupiter.engine.extension.TimeoutExtension.interceptTestableMethod(TimeoutExtension.java:140)
	at org.junit.jupiter.engine.extension.TimeoutExtension.interceptTestMethod(TimeoutExtension.java:84)
	at org.junit.jupiter.engine.execution.ExecutableInvoker$ReflectiveInterceptorCall.lambda$ofVoidMethod$0(ExecutableInvoker.java:115)
	at org.junit.jupiter.engine.execution.ExecutableInvoker.lambda$invoke$0(ExecutableInvoker.java:105)
	at org.junit.jupiter.engine.execution.InvocationInterceptorChain$InterceptedInvocation.proceed(InvocationInterceptorChain.java:106)
	at org.junit.jupiter.engine.execution.InvocationInterceptorChain.proceed(InvocationInterceptorChain.java:64)
	at org.junit.jupiter.engine.execution.InvocationInterceptorChain.chainAndInvoke(InvocationInterceptorChain.java:45)
	at org.junit.jupiter.engine.execution.InvocationInterceptorChain.invoke(InvocationInterceptorChain.java:37)
	at org.junit.jupiter.engine.execution.ExecutableInvoker.invoke(ExecutableInvoker.java:104)
	at org.junit.jupiter.engine.execution.ExecutableInvoker.invoke(ExecutableInvoker.java:98)
	at org.junit.jupiter.engine.descriptor.TestMethodTestDescriptor.lambda$invokeTestMethod$6(TestMethodTestDescriptor.java:210)
	at org.junit.platform.engine.support.hierarchical.ThrowableCollector.execute(ThrowableCollector.java:73)
	at org.junit.jupiter.engine.descriptor.TestMethodTestDescriptor.invokeTestMethod(TestMethodTestDescriptor.java:206)
	at org.junit.jupiter.engine.descriptor.TestMethodTestDescriptor.execute(TestMethodTestDescriptor.java:131)
	at org.junit.jupiter.engine.descriptor.TestMethodTestDescriptor.execute(TestMethodTestDescriptor.java:65)
	at org.junit.platform.engine.support.hierarchical.NodeTestTask.lambda$executeRecursively$5(NodeTestTask.java:139)
	at org.junit.platform.engine.support.hierarchical.ThrowableCollector.execute(ThrowableCollector.java:73)
	at org.junit.platform.engine.support.hierarchical.NodeTestTask.lambda$executeRecursively$7(NodeTestTask.java:129)
	at org.junit.platform.engine.support.hierarchical.Node.around(Node.java:137)
	at org.junit.platform.engine.support.hierarchical.NodeTestTask.lambda$executeRecursively$8(NodeTestTask.java:127)
	at org.junit.platform.engine.support.hierarchical.ThrowableCollector.execute(ThrowableCollector.java:73)
	at org.junit.platform.engine.support.hierarchical.NodeTestTask.executeRecursively(NodeTestTask.java:126)
	at org.junit.platform.engine.support.hierarchical.NodeTestTask.execute(NodeTestTask.java:84)
	at java.base/java.util.ArrayList.forEach(ArrayList.java:1541)
	at org.junit.platform.engine.support.hierarchical.SameThreadHierarchicalTestExecutorService.invokeAll(SameThreadHierarchicalTestExecutorService.java:38)
	at org.junit.platform.engine.support.hierarchical.NodeTestTask.lambda$executeRecursively$5(NodeTestTask.java:143)
	at org.junit.platform.engine.support.hierarchical.ThrowableCollector.execute(ThrowableCollector.java:73)
	at org.junit.platform.engine.support.hierarchical.NodeTestTask.lambda$executeRecursively$7(NodeTestTask.java:129)
	at org.junit.platform.engine.support.hierarchical.Node.around(Node.java:137)
	at org.junit.platform.engine.support.hierarchical.NodeTestTask.lambda$executeRecursively$8(NodeTestTask.java:127)
	at org.junit.platform.engine.support.hierarchical.ThrowableCollector.execute(ThrowableCollector.java:73)
	at org.junit.platform.engine.support.hierarchical.NodeTestTask.executeRecursively(NodeTestTask.java:126)
	at org.junit.platform.engine.support.hierarchical.NodeTestTask.execute(NodeTestTask.java:84)
	at java.base/java.util.ArrayList.forEach(ArrayList.java:1541)
	at org.junit.platform.engine.support.hierarchical.SameThreadHierarchicalTestExecutorService.invokeAll(SameThreadHierarchicalTestExecutorService.java:38)
	at org.junit.platform.engine.support.hierarchical.NodeTestTask.lambda$executeRecursively$5(NodeTestTask.java:143)
	at org.junit.platform.engine.support.hierarchical.ThrowableCollector.execute(ThrowableCollector.java:73)
	at org.junit.platform.engine.support.hierarchical.NodeTestTask.lambda$executeRecursively$7(NodeTestTask.java:129)
	at org.junit.platform.engine.support.hierarchical.Node.around(Node.java:137)
	at org.junit.platform.engine.support.hierarchical.NodeTestTask.lambda$executeRecursively$8(NodeTestTask.java:127)
	at org.junit.platform.engine.support.hierarchical.ThrowableCollector.execute(ThrowableCollector.java:73)
	at org.junit.platform.engine.support.hierarchical.NodeTestTask.executeRecursively(NodeTestTask.java:126)
	at org.junit.platform.engine.support.hierarchical.NodeTestTask.execute(NodeTestTask.java:84)
	at org.junit.platform.engine.support.hierarchical.SameThreadHierarchicalTestExecutorService.submit(SameThreadHierarchicalTestExecutorService.java:32)
	at org.junit.platform.engine.support.hierarchical.HierarchicalTestExecutor.execute(HierarchicalTestExecutor.java:57)
	at org.junit.platform.engine.support.hierarchical.HierarchicalTestEngine.execute(HierarchicalTestEngine.java:51)
	at org.junit.platform.launcher.core.EngineExecutionOrchestrator.execute(EngineExecutionOrchestrator.java:108)
	at org.junit.platform.launcher.core.EngineExecutionOrchestrator.execute(EngineExecutionOrchestrator.java:88)
	at org.junit.platform.launcher.core.EngineExecutionOrchestrator.lambda$execute$0(EngineExecutionOrchestrator.java:54)
	at org.junit.platform.launcher.core.EngineExecutionOrchestrator.withInterceptedStreams(EngineExecutionOrchestrator.java:67)
	at org.junit.platform.launcher.core.EngineExecutionOrchestrator.execute(EngineExecutionOrchestrator.java:52)
	at org.junit.platform.launcher.core.DefaultLauncher.execute(DefaultLauncher.java:96)
	at org.junit.platform.launcher.core.DefaultLauncher.execute(DefaultLauncher.java:75)
	at org.apache.maven.surefire.junitplatform.JUnitPlatformProvider.execute(JUnitPlatformProvider.java:188)
	at org.apache.maven.surefire.junitplatform.JUnitPlatformProvider.invokeAllTests(JUnitPlatformProvider.java:154)
	at org.apache.maven.surefire.junitplatform.JUnitPlatformProvider.invoke(JUnitPlatformProvider.java:128)
	at org.apache.maven.surefire.booter.ForkedBooter.runSuitesInProcess(ForkedBooter.java:428)
	at org.apache.maven.surefire.booter.ForkedBooter.execute(ForkedBooter.java:162)
	at org.apache.maven.surefire.booter.ForkedBooter.run(ForkedBooter.java:562)
	at org.apache.maven.surefire.booter.ForkedBooter.main(ForkedBooter.java:548)
Caused by: java.lang.IllegalStateException: Previous attempts to find a Docker environment failed. Will not retry. Please see logs and check configuration
	at org.testcontainers.dockerclient.DockerClientProviderStrategy.getFirstValidStrategy(DockerClientProviderStrategy.java:109)
	at org.testcontainers.DockerClientFactory.getOrInitializeStrategy(DockerClientFactory.java:136)
	at org.testcontainers.DockerClientFactory.client(DockerClientFactory.java:178)
	at org.testcontainers.LazyDockerClient.getDockerClient(LazyDockerClient.java:14)
	at org.testcontainers.LazyDockerClient.inspectImageCmd(LazyDockerClient.java:12)
	at org.testcontainers.images.LocalImagesCache.refreshCache(LocalImagesCache.java:42)
	at org.testcontainers.images.AbstractImagePullPolicy.shouldPull(AbstractImagePullPolicy.java:24)
	at org.testcontainers.images.RemoteDockerImage.resolve(RemoteDockerImage.java:66)
	at org.testcontainers.images.RemoteDockerImage.resolve(RemoteDockerImage.java:27)
	at org.testcontainers.utility.LazyFuture.getResolvedValue(LazyFuture.java:17)
	at org.testcontainers.utility.LazyFuture.get(LazyFuture.java:39)
	at org.testcontainers.containers.GenericContainer.getDockerImageName(GenericContainer.java:1284)
	... 69 more

[INFO] Running org.kie.kogito.testcontainers.springboot.RedisSpringBootTestResourceTest
[INFO] Tests run: 3, Failures: 0, Errors: 0, Skipped: 0, Time elapsed: 0.015 s - in org.kie.kogito.testcontainers.springboot.RedisSpringBootTestResourceTest
[INFO] Running org.kie.kogito.testcontainers.springboot.KeycloakSpringBootTestResourceTest
[INFO] Tests run: 3, Failures: 0, Errors: 0, Skipped: 0, Time elapsed: 0.011 s - in org.kie.kogito.testcontainers.springboot.KeycloakSpringBootTestResourceTest
[INFO] Running org.kie.kogito.testcontainers.KogitoRedisSearchContainerTest
[INFO] Tests run: 3, Failures: 0, Errors: 0, Skipped: 0, Time elapsed: 0.076 s - in org.kie.kogito.testcontainers.KogitoRedisSearchContainerTest
[INFO] Running org.kie.kogito.resources.ConditionalQuarkusTestResourceTest
[INFO] Tests run: 7, Failures: 0, Errors: 0, Skipped: 0, Time elapsed: 0.02 s - in org.kie.kogito.resources.ConditionalQuarkusTestResourceTest
[INFO] Running org.kie.kogito.resources.ConditionHolderTest
[INFO] Tests run: 4, Failures: 0, Errors: 0, Skipped: 0, Time elapsed: 0.007 s - in org.kie.kogito.resources.ConditionHolderTest
[INFO] Running org.kie.kogito.resources.ConditionalSpringBootTestResourceTest
[INFO] Tests run: 6, Failures: 0, Errors: 0, Skipped: 0, Time elapsed: 0.029 s - in org.kie.kogito.resources.ConditionalSpringBootTestResourceTest
[INFO] 
[INFO] Results:
[INFO] 
[ERROR] Errors: 
[ERROR]   KogitoMongoDBContainerTest.shouldGetDockerImageName:51 » ContainerFetch Can't ...
[ERROR]   MongoDBQuarkusTestResourceTest.shouldGetDockerImageName:52 » ContainerFetch Ca...
[ERROR]   MongoDBSpringBootTestResourceTest.shouldGetDockerImageName:59 » ContainerFetch
[INFO] 
[ERROR] Tests run: 65, Failures: 0, Errors: 3, Skipped: 1
[INFO] 
[INFO] ------------------------------------------------------------------------
[INFO] Reactor Summary for Kogito Runtimes 2.0.0-SNAPSHOT:
[INFO] 
[INFO] Kogito Runtimes .................................... SUCCESS [  0.500 s]
[INFO] Kogito :: IDE/Tools - Config ....................... SUCCESS [  0.237 s]
[INFO] Kogito :: Runtimes Build Parent .................... SUCCESS [  0.771 s]
[INFO] Kogito :: Build Modules ............................ SUCCESS [  0.005 s]
[INFO] Kogito :: Kie7 BOM ................................. SUCCESS [  0.004 s]
[INFO] Kogito :: BOM ...................................... SUCCESS [  0.005 s]
[INFO] Kogito :: API ...................................... SUCCESS [  0.034 s]
[INFO] Kogito :: API :: Events ............................ SUCCESS [  2.859 s]
[INFO] Kogito :: API :: Timer ............................. SUCCESS [  0.971 s]
[INFO] Kogito :: Drools ................................... SUCCESS [  0.023 s]
[INFO] Kogito :: Drools :: Kogito Predictive Model Markup Language :: API Dependencies SUCCESS [  0.079 s]
[INFO] Kogito :: API :: Public API ........................ SUCCESS [  2.065 s]
[INFO] Kogito :: API :: Services .......................... SUCCESS [  1.857 s]
[INFO] Kogito :: Drools :: Drools Core Static ............. SUCCESS [  0.791 s]
[INFO] Kogito :: Drools :: Drools Core .................... SUCCESS [  0.535 s]
[INFO] Kogito :: Drools :: Drools Compiler ................ SUCCESS [  0.177 s]
[INFO] Kogito :: Drools :: Kogito Drools Model ............ SUCCESS [  0.040 s]
[INFO] Kogito :: Drools :: Kogito RuleUnits ............... SUCCESS [  1.329 s]
[INFO] Kogito :: Drools :: Kogito Drools .................. SUCCESS [  0.033 s]
[INFO] Kogito :: Drools :: Kogito Decision Model Notation . SUCCESS [  1.760 s]
[INFO] Kogito :: Test Utilities ........................... FAILURE [ 34.369 s]
[INFO] Kogito :: API :: Legacy API ........................ SKIPPED
[INFO] Kogito :: Drools :: Drools Core Dynamic ............ SKIPPED
[INFO] Kogito :: Drools :: Kogito Predictive Model Markup Language :: Dependencies SKIPPED
[INFO] Kogito :: Drools :: Kogito Predictive Model Markup Language :: OpenAPI SKIPPED
[INFO] Kogito :: Drools :: Kogito Predictive Model Markup Language SKIPPED
[INFO] Kogito :: Drools :: Drools DecisionTables .......... SKIPPED
[INFO] Kogito :: Drools :: Kogito Scenario Simulation Runner SKIPPED
[INFO] Kogito :: jBPM ..................................... SKIPPED
[INFO] Kogito :: Process :: WorkItems ..................... SKIPPED
[INFO] Kogito :: jBPM :: Flow ............................. SKIPPED
[INFO] Kogito :: Process :: Protobuf Serialization ........ SKIPPED
[INFO] Kogito :: jBPM :: Flow Builder ..................... SKIPPED
[INFO] Kogito :: jBPM :: BPMN2 ............................ SKIPPED
[INFO] Kogito :: Codegen Modules .......................... SKIPPED
[INFO] Kogito :: Codegen API .............................. SKIPPED
[INFO] Kogito :: Codegen Core Library ..................... SKIPPED
[INFO] kogito-serverless-workflow ......................... SKIPPED
[INFO] Kogito Serverless Workflow Runtime ................. SKIPPED
[INFO] Kogito :: Workitems ................................ SKIPPED
[INFO] Kogito :: Workitems :: RestWorkItem ................ SKIPPED
[INFO] Kogito :: Workitems :: OpenApiWorkItem ............. SKIPPED
[INFO] Kogito :: Serverless Workflow Builder .............. SKIPPED
[INFO] Kogito :: Codegen OpenApi .......................... SKIPPED
[INFO] Kogito :: Codegen Processes ........................ SKIPPED
[INFO] Kogito :: Grafana API .............................. SKIPPED
[INFO] Kogito :: Codegen Rules ............................ SKIPPED
[INFO] Kogito :: Codegen Decisions ........................ SKIPPED
[INFO] Kogito :: Codegen Predictions ...................... SKIPPED
[INFO] Kogito :: Codegen Integration Tests ................ SKIPPED
[INFO] Kogito :: Codegen Sample ........................... SKIPPED
[INFO] Kogito :: Codegen Sample Runtime ................... SKIPPED
[INFO] Kogito :: Codegen Sample Generator ................. SKIPPED
[INFO] Kogito :: Spring Boot .............................. SKIPPED
[INFO] Kogito :: Spring Boot :: Starter ................... SKIPPED
[INFO] Kogito :: Add-Ons .................................. SKIPPED
[INFO] Kogito :: Add-Ons :: Common ........................ SKIPPED
[INFO] Kogito :: Add-Ons :: Cloud Events .................. SKIPPED
[INFO] Kogito :: Add-Ons :: CloudEvents ................... SKIPPED
[INFO] Kogito :: Add-Ons :: CloudEvents :: Utils .......... SKIPPED
[INFO] Kogito :: Add-Ons :: Spring Boot ................... SKIPPED
[INFO] Kogito :: Add-Ons :: CloudEvents :: Spring Boot .... SKIPPED
[INFO] Kogito :: Add-Ons :: CloudEvents :: Spring Boot .... SKIPPED
[INFO] Kogito :: Maven Plugin ............................. SKIPPED
[INFO] kogito-springboot-bom .............................. SKIPPED
[INFO] Kogito :: Add-Ons :: CloudEvents :: Spring Boot (ITs) SKIPPED
[INFO] Kogito :: Add-Ons :: Events :: Parent .............. SKIPPED
[INFO] Kogito :: Add-Ons :: Events :: Event-Driven Decisions SKIPPED
[INFO] Kogito :: Add-Ons :: Spring Boot ................... SKIPPED
[INFO] Kogito :: Add-Ons :: Events :: Event-Driven Decisions :: Spring Boot SKIPPED
[INFO] Kogito :: Add-Ons :: Events :: SprintBoot :: Kafka . SKIPPED
[INFO] Kogito :: Add-Ons :: Monitoring .................... SKIPPED
[INFO] Kogito :: Add-Ons :: Monitoring Core Api ........... SKIPPED
[INFO] Kogito :: Add-Ons :: Spring Boot :: Monitoring :: Parent SKIPPED
[INFO] Kogito :: Add-Ons :: Monitoring Core Springboot .... SKIPPED
[INFO] Kogito :: Add-Ons :: Monitoring Elastic Common ..... SKIPPED
[INFO] Kogito :: Add-Ons :: Monitoring Elastic Springboot . SKIPPED
[INFO] Kogito :: Add-Ons :: Monitoring Prometheus Common .. SKIPPED
[INFO] Kogito :: Add-Ons :: Monitoring Prometheus Springboot SKIPPED
[INFO] Kogito :: Add-Ons :: Explainability ................ SKIPPED
[INFO] Kogito :: Add-Ons :: Explainability :: Spring Boot Addon SKIPPED
[INFO] Kogito :: Add-Ons :: Jobs .......................... SKIPPED
[INFO] Kogito :: Add-Ons :: Jobs :: API ................... SKIPPED
[INFO] Kogito :: Add-Ons :: Jobs :: Management Common ..... SKIPPED
[INFO] Kogito :: Add-Ons :: Jobs :: Management SprintBoot Addon SKIPPED
[INFO] Kogito :: Add-Ons :: E-Mail :: Common .............. SKIPPED
[INFO] Kogito :: Add-Ons :: E-Mail :: Spring Boot Addon ... SKIPPED
[INFO] Kogito :: Add-Ons :: Process Management :: Common .. SKIPPED
[INFO] Kogito :: Rest Exception Handler :: Common ......... SKIPPED
[INFO] Kogito :: Rest Exception Handler:: Spring Boot ..... SKIPPED
[INFO] Kogito :: Add-Ons :: Process Management :: Spring Boot Addon SKIPPED
[INFO] Kogito :: Add-Ons :: Process SVG :: Common ......... SKIPPED
[INFO] Kogito :: Add-Ons :: Process SVG :: Spring Boot Addon SKIPPED
[INFO] Kogito :: Add-Ons :: Task Management :: Common ..... SKIPPED
[INFO] Kogito :: Add-Ons :: Task Management :: Spring Boot Addon SKIPPED
[INFO] Kogito :: Add-Ons :: Task notification :: Spring Boot Addon SKIPPED
[INFO] Kogito :: Add-Ons :: Tracing ....................... SKIPPED
[INFO] Kogito :: Add-Ons :: TypedValue API ................ SKIPPED
[INFO] Kogito :: Add-Ons :: Tracing :: API ................ SKIPPED
[INFO] Kogito :: Add-Ons :: Tracing :: Common ............. SKIPPED
[INFO] Kogito :: Add-Ons :: Tracing :: Spring Boot ........ SKIPPED
[INFO] Kogito :: Quarkus :: Parent ........................ SKIPPED
[INFO] Kogito :: Quarkus Extension :: BOM ................. SKIPPED
[INFO] Kogito :: Quarkus Extensions :: Parent ............. SKIPPED
[INFO] Kogito :: Quarkus Extension Common ................. SKIPPED
[INFO] Kogito :: Quarkus Extension Common :: Runtime ...... SKIPPED
[INFO] Kogito :: Quarkus Extension Common :: Deployment ... SKIPPED
[INFO] Kogito :: Quarkus Rules Extension .................. SKIPPED
[INFO] Kogito :: Quarkus Rules Extension :: Runtime ....... SKIPPED
[INFO] Kogito :: Quarkus Decisions Extension .............. SKIPPED
[INFO] Kogito :: Quarkus Decisions Extension :: Runtime ... SKIPPED
[INFO] Kogito :: Quarkus Predictions Extension ............ SKIPPED
[INFO] Kogito :: Quarkus Predictions Extension :: Runtime . SKIPPED
[INFO] Kogito :: Quarkus Processes Extension .............. SKIPPED
[INFO] Kogito :: Quarkus Processes Extension :: Runtime ... SKIPPED
[INFO] Kogito :: Quarkus Extension ........................ SKIPPED
[INFO] Kogito :: Quarkus Extension :: Runtime ............. SKIPPED
[INFO] Kogito :: Quarkus Rules Extension :: Deployment .... SKIPPED
[INFO] Kogito :: Quarkus Decisions Extension :: Deployment  SKIPPED
[INFO] Kogito :: Quarkus Predictions Extension :: Deployment SKIPPED
[INFO] Kogito :: Quarkus Processes Extension :: Deployment  SKIPPED
[INFO] Kogito :: Quarkus Extension :: Deployment .......... SKIPPED
[INFO] Kogito :: Quarkus Extension :: Integration Tests ... SKIPPED
[INFO] Kogito :: Quarkus Extension :: Integration Tests (Maven devmode) SKIPPED
[INFO] Kogito :: Quarkus Rules Extension :: Integration Tests SKIPPED
[INFO] Kogito :: Quarkus Rules Extension :: Integration Tests (Hot Reload) SKIPPED
[INFO] Kogito :: Quarkus Rules Extension :: Integration Tests (KieSession API) SKIPPED
[INFO] Kogito :: Quarkus Decisions Extension :: Integration Tests SKIPPED
[INFO] Kogito :: Quarkus Decicions Extension :: Integration Tests (Hot Reload) SKIPPED
[INFO] Kogito :: Quarkus Predictions Extension :: Integration Tests SKIPPED
[INFO] Kogito :: Add-Ons :: Quarkus ....................... SKIPPED
[INFO] Kogito :: Add-Ons :: Quarkus :: Cloud Events ....... SKIPPED
[INFO] Kogito :: Add-Ons :: CloudEvents :: Quarkus ........ SKIPPED
[INFO] Kogito :: Add-Ons :: CloudEvents :: Quarkus ........ SKIPPED
[INFO] Kogito :: Quarkus Serverless Workflow Extension .... SKIPPED
[INFO] Kogito :: Quarkus Serverless Workflow Extension :: Runtime SKIPPED
[INFO] Kogito :: Quarkus Workflows Extension :: Deployment  SKIPPED
[INFO] Kogito :: Quarkus Workflows Extension :: Integration Tests SKIPPED
[INFO] Kogito :: Quarkus Processes Extension :: Integration Tests (Hot Reload) SKIPPED
[INFO] Kogito :: Quarkus Test List ........................ SKIPPED
[INFO] Kogito :: Add-Ons :: CloudEvents :: Multi channel :: Quarkus SKIPPED
[INFO] Kogito :: Add-Ons :: CloudEvents :: Quarkus (ITs) .. SKIPPED
[INFO] Kogito :: Add-Ons :: Quarkus :: Events ............. SKIPPED
[INFO] Kogito :: Add-Ons :: Events :: Event-Driven Decisions :: Quarkus SKIPPED
[INFO] Kogito :: Add-Ons :: Events :: Smallrye Messaging .. SKIPPED
[INFO] Kogito :: Add-Ons :: Quarkus :: Monitoring :: Parent SKIPPED
[INFO] Kogito :: Add-Ons :: Monitoring Core Quarkus ....... SKIPPED
[INFO] Kogito :: Add-Ons :: Monitoring Elastic Quarkus .... SKIPPED
[INFO] Kogito :: Add-Ons :: Monitoring Prometheus Quarkus . SKIPPED
[INFO] Kogito :: Add-Ons :: Explainability :: Quarkus Addon SKIPPED
[INFO] Kogito :: Add-Ons :: Jobs :: Management Quarkus Addon SKIPPED
[INFO] Kogito :: Add-Ons :: E-Mail :: Quarkus Addon ....... SKIPPED
[INFO] Kogito :: Add-Ons :: Quarkus :: Persistence ........ SKIPPED
[INFO] Kogito :: Add-Ons :: Persistence :: Infinispan Health Check for Quarkus SKIPPED
[INFO] Kogito :: Add-Ons :: Persistence :: Kafka Streams .. SKIPPED
[INFO] Kogito :: Rest Exception Handler :: Quarkus ........ SKIPPED
[INFO] Kogito :: Add-Ons :: Process Management :: Quarkus Addon SKIPPED
[INFO] Kogito :: Add-Ons :: Process SVG :: Quarkus Addon .. SKIPPED
[INFO] Kogito :: Add-Ons :: Task Management :: Quarkus Addon SKIPPED
[INFO] Kogito :: Add-Ons :: Task notification :: Quarkus Addon SKIPPED
[INFO] Kogito :: Add-Ons :: Tracing :: Quarkus Addon ...... SKIPPED
[INFO] Kogito :: Maven Archetypes ......................... SKIPPED
[INFO] Kogito :: Maven Archetypes :: Spring Boot .......... SKIPPED
[INFO] Kogito :: Maven Archetypes :: Quarkus .............. SKIPPED
[INFO] Kogito :: Add-Ons :: Predictions ................... SKIPPED
[INFO] Kogito :: Add-Ons :: Predictions :: API ............ SKIPPED
[INFO] Kogito :: Add-Ons :: Predictions :: SMILE .......... SKIPPED
[INFO] Kogito :: Add-Ons :: Persistence :: Parent ......... SKIPPED
[INFO] Kogito :: Add-Ons :: Persistence :: Infinispan ..... SKIPPED
[INFO] Kogito :: Add-Ons :: Persistence :: File System .... SKIPPED
[INFO] Kogito :: Add-Ons :: Persistence :: MongoDB ........ SKIPPED
[INFO] Kogito :: Add-Ons :: Persistence :: PostgreSQL ..... SKIPPED
[INFO] Kogito :: Add-Ons :: Persistence :: JDBC ........... SKIPPED
[INFO] Kogito :: DB Scripts Collection .................... SKIPPED
[INFO] Kogito :: Add-Ons :: Deprecated .................... SKIPPED
[INFO] Kogito :: Add-Ons :: Deprecated :: CloudEvents ..... SKIPPED
[INFO] Kogito :: Add-Ons :: Deprecated :: CloudEvents Common SKIPPED
[INFO] Kogito :: Add-Ons :: Deprecated :: CloudEvents Quarkus SKIPPED
[INFO] Kogito :: Add-Ons :: Deprecated :: CloudEvents Spring Boot SKIPPED
[INFO] Kogito :: Add-Ons :: Deprecated :: Event Driven Decisions Common SKIPPED
[INFO] Kogito :: Add-Ons :: Deprecated :: Event Driven Decisions Quarkus SKIPPED
[INFO] Kogito :: Add-Ons :: Deprecated :: Event Driven Decisions Spring Boot SKIPPED
[INFO] Kogito :: Add-Ons :: Deprecated :: Knative Eventing  SKIPPED
[INFO] Kogito :: Add-Ons :: Deprecated :: Monitoring Common SKIPPED
[INFO] Kogito :: Add-Ons :: Deprecated :: Monitoring Core Quarkus SKIPPED
[INFO] Kogito :: Add-Ons :: Deprecated :: Monitoring Core Spring Boot SKIPPED
[INFO] Kogito :: Add-Ons :: Deprecated :: Monitoring Prometheus Common SKIPPED
[INFO] Kogito :: Add-Ons :: Deprecated :: Monitoring Prometheus Quarkus SKIPPED
[INFO] Kogito :: Add-Ons :: Deprecated :: Monitoring Prometheus Spring Boot SKIPPED
[INFO] Kogito :: Cloud .................................... SKIPPED
[INFO] Kogito :: Cloud :: Kubernetes Client ............... SKIPPED
[INFO] Kogito :: Cloud :: Work Items ...................... SKIPPED
[INFO] Kogito :: Integration Tests ........................ SKIPPED
[INFO] Kogito :: Integration Tests :: Quarkus :: Rules .... SKIPPED
[INFO] Kogito :: Integration Tests :: Quarkus :: Processes  SKIPPED
[INFO] Kogito :: Integration Tests :: Quarkus :: Processes :: Persistence SKIPPED
[INFO] Kogito :: Integration Tests :: Processes :: Persistence :: Common SKIPPED
[INFO] Kogito :: Integration Tests :: Quarkus :: Processes :: Persistence :: PostgreSQL SKIPPED
[INFO] Kogito :: Integration Tests :: Quarkus :: Processes :: Persistence :: Infinispan SKIPPED
[INFO] Kogito :: Integration Tests :: Quarkus :: Processes :: Persistence :: MongoDB SKIPPED
[INFO] Kogito :: Integration Tests :: Quarkus :: Processes :: Persistence :: Kafka SKIPPED
[INFO] Kogito :: Integration Tests :: Quarkus :: Processes :: Persistence :: JDBC SKIPPED
[INFO] Kogito :: Integration Tests :: Quarkus :: Decisions  SKIPPED
[INFO] Kogito :: Integration Tests :: Quarkus :: Predictions SKIPPED
[INFO] Kogito :: Integration Tests :: Quarkus :: Without REST SKIPPED
[INFO] Kogito :: Integration Tests :: Spring Boot ......... SKIPPED
[INFO] Kogito :: Integration Tests :: Maven Plugin ........ SKIPPED
[INFO] ------------------------------------------------------------------------
[INFO] BUILD FAILURE
[INFO] ------------------------------------------------------------------------
[INFO] Total time:  49.856 s
[INFO] Finished at: 2023-01-30T15:02:24Z
[INFO] ------------------------------------------------------------------------
[ERROR] Failed to execute goal org.apache.maven.plugins:maven-surefire-plugin:3.0.0-M5:test (default-test) on project kogito-test-utils: There are test failures.
[ERROR] 
[ERROR] Please refer to /home/gabsko/breaking-updates/kogito-test-utils/target/surefire-reports for the individual test results.
[ERROR] Please refer to dump files (if any exist) [date].dump, [date]-jvmRun[N].dump and [date].dumpstream.
[ERROR] -> [Help 1]
[ERROR] 
[ERROR] To see the full stack trace of the errors, re-run Maven with the -e switch.
[ERROR] Re-run Maven using the -X switch to enable full debug logging.
[ERROR] 
[ERROR] For more information about the errors and possible solutions, please read the following articles:
[ERROR] [Help 1] http://cwiki.apache.org/confluence/display/MAVEN/MojoFailureException
[ERROR] 
[ERROR] After correcting the problems, you can resume the build with the command
[ERROR]   mvn <args> -rf :kogito-test-utils
