[INFO] Scanning for projects...
[INFO] 
[INFO] -------------------< com.baidu.xuper:xuper-java-sdk >-------------------
[INFO] Building xuper-java-sdk 0.2.1
[INFO] --------------------------------[ jar ]---------------------------------
[INFO] 
[INFO] --- maven-clean-plugin:3.1.0:clean (default-clean) @ xuper-java-sdk ---
[INFO] Deleting /home/gabsko/breaking-updates/target
[INFO] 
[INFO] --- maven-resources-plugin:3.0.2:resources (default-resources) @ xuper-java-sdk ---
[INFO] Using 'UTF-8' encoding to copy filtered resources.
[INFO] skip non existing resourceDirectory /home/gabsko/breaking-updates/src/main/resources
[INFO] 
[INFO] --- maven-compiler-plugin:3.8.0:compile (default-compile) @ xuper-java-sdk ---
[INFO] Changes detected - recompiling the module!
[INFO] Compiling 51 source files to /home/gabsko/breaking-updates/target/classes
[INFO] /home/gabsko/breaking-updates/src/main/java/com/baidu/xuper/crypto/gm/utils/Util.java: /home/gabsko/breaking-updates/src/main/java/com/baidu/xuper/crypto/gm/utils/Util.java uses or overrides a deprecated API.
[INFO] /home/gabsko/breaking-updates/src/main/java/com/baidu/xuper/crypto/gm/utils/Util.java: Recompile with -Xlint:deprecation for details.
[INFO] 
[INFO] --- maven-resources-plugin:3.0.2:testResources (default-testResources) @ xuper-java-sdk ---
[INFO] Using 'UTF-8' encoding to copy filtered resources.
[INFO] Copying 10 resources
[INFO] 
[INFO] --- maven-compiler-plugin:3.8.0:testCompile (default-testCompile) @ xuper-java-sdk ---
[INFO] Changes detected - recompiling the module!
[INFO] Compiling 9 source files to /home/gabsko/breaking-updates/target/test-classes
[INFO] 
[INFO] --- maven-surefire-plugin:2.22.1:test (default-test) @ xuper-java-sdk ---
[INFO] 
[INFO] -------------------------------------------------------
[INFO]  T E S T S
[INFO] -------------------------------------------------------
[INFO] Running com.baidu.xuper.config.ConfigTest
[INFO] Tests run: 2, Failures: 0, Errors: 0, Skipped: 0, Time elapsed: 0.022 s - in com.baidu.xuper.config.ConfigTest
[INFO] Running com.baidu.xuper.api.XuperClientTest
[ERROR] Tests run: 28, Failures: 0, Errors: 28, Skipped: 0, Time elapsed: 0.008 s <<< FAILURE! - in com.baidu.xuper.api.XuperClientTest
[ERROR] deployWasmContract(com.baidu.xuper.api.XuperClientTest)  Time elapsed: 0.001 s  <<< ERROR!
org.junit.TestCouldNotBeSkippedException: Test could not be skipped due to other failures
	at com.baidu.xuper.api.XuperClientTest.setUp(XuperClientTest.java:36)
Caused by: java.lang.NullPointerException
	at com.baidu.xuper.api.XuperClientTest.setUp(XuperClientTest.java:27)

[ERROR] deployWasmContract(com.baidu.xuper.api.XuperClientTest)  Time elapsed: 0.001 s  <<< ERROR!
java.lang.NullPointerException
	at com.baidu.xuper.api.XuperClientTest.tearDown(XuperClientTest.java:42)

[ERROR] invokeContract(com.baidu.xuper.api.XuperClientTest)  Time elapsed: 0 s  <<< ERROR!
org.junit.TestCouldNotBeSkippedException: Test could not be skipped due to other failures
	at com.baidu.xuper.api.XuperClientTest.setUp(XuperClientTest.java:36)
Caused by: java.lang.NullPointerException
	at com.baidu.xuper.api.XuperClientTest.setUp(XuperClientTest.java:27)

[ERROR] invokeContract(com.baidu.xuper.api.XuperClientTest)  Time elapsed: 0 s  <<< ERROR!
java.lang.NullPointerException
	at com.baidu.xuper.api.XuperClientTest.tearDown(XuperClientTest.java:42)

[ERROR] invokeEVMContract(com.baidu.xuper.api.XuperClientTest)  Time elapsed: 0.001 s  <<< ERROR!
org.junit.TestCouldNotBeSkippedException: Test could not be skipped due to other failures
	at com.baidu.xuper.api.XuperClientTest.setUp(XuperClientTest.java:36)
Caused by: java.lang.NullPointerException
	at com.baidu.xuper.api.XuperClientTest.setUp(XuperClientTest.java:27)

[ERROR] invokeEVMContract(com.baidu.xuper.api.XuperClientTest)  Time elapsed: 0.001 s  <<< ERROR!
java.lang.NullPointerException
	at com.baidu.xuper.api.XuperClientTest.tearDown(XuperClientTest.java:42)

[ERROR] deployEVMContract(com.baidu.xuper.api.XuperClientTest)  Time elapsed: 0 s  <<< ERROR!
org.junit.TestCouldNotBeSkippedException: Test could not be skipped due to other failures
	at com.baidu.xuper.api.XuperClientTest.setUp(XuperClientTest.java:36)
Caused by: java.lang.NullPointerException
	at com.baidu.xuper.api.XuperClientTest.setUp(XuperClientTest.java:27)

[ERROR] deployEVMContract(com.baidu.xuper.api.XuperClientTest)  Time elapsed: 0.001 s  <<< ERROR!
java.lang.NullPointerException
	at com.baidu.xuper.api.XuperClientTest.tearDown(XuperClientTest.java:42)

[ERROR] queryBlock(com.baidu.xuper.api.XuperClientTest)  Time elapsed: 0 s  <<< ERROR!
org.junit.TestCouldNotBeSkippedException: Test could not be skipped due to other failures
	at com.baidu.xuper.api.XuperClientTest.setUp(XuperClientTest.java:36)
Caused by: java.lang.NullPointerException
	at com.baidu.xuper.api.XuperClientTest.setUp(XuperClientTest.java:27)

[ERROR] queryBlock(com.baidu.xuper.api.XuperClientTest)  Time elapsed: 0 s  <<< ERROR!
java.lang.NullPointerException
	at com.baidu.xuper.api.XuperClientTest.tearDown(XuperClientTest.java:42)

[ERROR] createContractAccount(com.baidu.xuper.api.XuperClientTest)  Time elapsed: 0.001 s  <<< ERROR!
org.junit.TestCouldNotBeSkippedException: Test could not be skipped due to other failures
	at com.baidu.xuper.api.XuperClientTest.setUp(XuperClientTest.java:36)
Caused by: java.lang.NullPointerException
	at com.baidu.xuper.api.XuperClientTest.setUp(XuperClientTest.java:27)

[ERROR] createContractAccount(com.baidu.xuper.api.XuperClientTest)  Time elapsed: 0.001 s  <<< ERROR!
java.lang.NullPointerException
	at com.baidu.xuper.api.XuperClientTest.tearDown(XuperClientTest.java:42)

[ERROR] apiExample(com.baidu.xuper.api.XuperClientTest)  Time elapsed: 0 s  <<< ERROR!
org.junit.TestCouldNotBeSkippedException: Test could not be skipped due to other failures
	at com.baidu.xuper.api.XuperClientTest.setUp(XuperClientTest.java:36)
Caused by: java.lang.NullPointerException
	at com.baidu.xuper.api.XuperClientTest.setUp(XuperClientTest.java:27)

[ERROR] apiExample(com.baidu.xuper.api.XuperClientTest)  Time elapsed: 0 s  <<< ERROR!
java.lang.NullPointerException
	at com.baidu.xuper.api.XuperClientTest.tearDown(XuperClientTest.java:42)

[ERROR] queryTx(com.baidu.xuper.api.XuperClientTest)  Time elapsed: 0.001 s  <<< ERROR!
org.junit.TestCouldNotBeSkippedException: Test could not be skipped due to other failures
	at com.baidu.xuper.api.XuperClientTest.setUp(XuperClientTest.java:36)
Caused by: java.lang.NullPointerException
	at com.baidu.xuper.api.XuperClientTest.setUp(XuperClientTest.java:27)

[ERROR] queryTx(com.baidu.xuper.api.XuperClientTest)  Time elapsed: 0.001 s  <<< ERROR!
java.lang.NullPointerException
	at com.baidu.xuper.api.XuperClientTest.tearDown(XuperClientTest.java:42)

[ERROR] getBalance(com.baidu.xuper.api.XuperClientTest)  Time elapsed: 0 s  <<< ERROR!
org.junit.TestCouldNotBeSkippedException: Test could not be skipped due to other failures
	at com.baidu.xuper.api.XuperClientTest.setUp(XuperClientTest.java:36)
Caused by: java.lang.NullPointerException
	at com.baidu.xuper.api.XuperClientTest.setUp(XuperClientTest.java:27)

[ERROR] getBalance(com.baidu.xuper.api.XuperClientTest)  Time elapsed: 0.001 s  <<< ERROR!
java.lang.NullPointerException
	at com.baidu.xuper.api.XuperClientTest.tearDown(XuperClientTest.java:42)

[ERROR] getSystemStatus(com.baidu.xuper.api.XuperClientTest)  Time elapsed: 0 s  <<< ERROR!
org.junit.TestCouldNotBeSkippedException: Test could not be skipped due to other failures
	at com.baidu.xuper.api.XuperClientTest.setUp(XuperClientTest.java:36)
Caused by: java.lang.NullPointerException
	at com.baidu.xuper.api.XuperClientTest.setUp(XuperClientTest.java:27)

[ERROR] getSystemStatus(com.baidu.xuper.api.XuperClientTest)  Time elapsed: 0 s  <<< ERROR!
java.lang.NullPointerException
	at com.baidu.xuper.api.XuperClientTest.tearDown(XuperClientTest.java:42)

[ERROR] getBlockchainStatus(com.baidu.xuper.api.XuperClientTest)  Time elapsed: 0.001 s  <<< ERROR!
org.junit.TestCouldNotBeSkippedException: Test could not be skipped due to other failures
	at com.baidu.xuper.api.XuperClientTest.setUp(XuperClientTest.java:36)
Caused by: java.lang.NullPointerException
	at com.baidu.xuper.api.XuperClientTest.setUp(XuperClientTest.java:27)

[ERROR] getBlockchainStatus(com.baidu.xuper.api.XuperClientTest)  Time elapsed: 0.001 s  <<< ERROR!
java.lang.NullPointerException
	at com.baidu.xuper.api.XuperClientTest.tearDown(XuperClientTest.java:42)

[ERROR] queryEVMContract(com.baidu.xuper.api.XuperClientTest)  Time elapsed: 0 s  <<< ERROR!
org.junit.TestCouldNotBeSkippedException: Test could not be skipped due to other failures
	at com.baidu.xuper.api.XuperClientTest.setUp(XuperClientTest.java:36)
Caused by: java.lang.NullPointerException
	at com.baidu.xuper.api.XuperClientTest.setUp(XuperClientTest.java:27)

[ERROR] queryEVMContract(com.baidu.xuper.api.XuperClientTest)  Time elapsed: 0 s  <<< ERROR!
java.lang.NullPointerException
	at com.baidu.xuper.api.XuperClientTest.tearDown(XuperClientTest.java:42)

[ERROR] queryContract(com.baidu.xuper.api.XuperClientTest)  Time elapsed: 0 s  <<< ERROR!
org.junit.TestCouldNotBeSkippedException: Test could not be skipped due to other failures
	at com.baidu.xuper.api.XuperClientTest.setUp(XuperClientTest.java:36)
Caused by: java.lang.NullPointerException
	at com.baidu.xuper.api.XuperClientTest.setUp(XuperClientTest.java:27)

[ERROR] queryContract(com.baidu.xuper.api.XuperClientTest)  Time elapsed: 0.001 s  <<< ERROR!
java.lang.NullPointerException
	at com.baidu.xuper.api.XuperClientTest.tearDown(XuperClientTest.java:42)

[ERROR] transfer(com.baidu.xuper.api.XuperClientTest)  Time elapsed: 0 s  <<< ERROR!
org.junit.TestCouldNotBeSkippedException: Test could not be skipped due to other failures
	at com.baidu.xuper.api.XuperClientTest.setUp(XuperClientTest.java:36)
Caused by: java.lang.NullPointerException
	at com.baidu.xuper.api.XuperClientTest.setUp(XuperClientTest.java:27)

[ERROR] transfer(com.baidu.xuper.api.XuperClientTest)  Time elapsed: 0 s  <<< ERROR!
java.lang.NullPointerException
	at com.baidu.xuper.api.XuperClientTest.tearDown(XuperClientTest.java:42)

[INFO] Running com.baidu.xuper.api.AccountTest
XqzfpQm1omDHjCFEqXrhVwS9NkTUdZQf6
议 呀 筛 观 输 流 参 期 了 鸣 店 取
50210551550557637863614102350011077540618298843131448950312229546357208292761
hb48Y9mgRubpW3ETjt9JcHBMptWJE4G27
slab pelican other sketch make refuse label gate festival above silver can
com.baidu.xuper.crypto.xchain.sign.ECKeyPair@384ad17b
[INFO] Tests run: 6, Failures: 0, Errors: 0, Skipped: 0, Time elapsed: 0.449 s - in com.baidu.xuper.api.AccountTest
[INFO] Running com.baidu.xuper.api.AddressTransTest
[INFO] Tests run: 2, Failures: 0, Errors: 0, Skipped: 0, Time elapsed: 0 s - in com.baidu.xuper.api.AddressTransTest
[INFO] Running com.baidu.xuper.api.TxEncoderTest
[WARNING] Tests run: 5, Failures: 0, Errors: 0, Skipped: 2, Time elapsed: 0.141 s - in com.baidu.xuper.api.TxEncoderTest
[INFO] Running com.baidu.xuper.crypto.HashTest
[INFO] Tests run: 3, Failures: 0, Errors: 0, Skipped: 0, Time elapsed: 0.001 s - in com.baidu.xuper.crypto.HashTest
[INFO] Running com.baidu.xuper.crypto.ECCTest
[INFO] Tests run: 1, Failures: 0, Errors: 0, Skipped: 0, Time elapsed: 0.024 s - in com.baidu.xuper.crypto.ECCTest
[INFO] Running com.baidu.xuper.crypto.AESTest
7458c8efa73cfaba78daca0d3a3767456ed4333dd353ba581b361e333169172b6579ac625ecc3baec6b96709c56fa3f2
[INFO] Tests run: 2, Failures: 0, Errors: 0, Skipped: 0, Time elapsed: 0 s - in com.baidu.xuper.crypto.AESTest
[INFO] Running com.baidu.xuper.crypto.Base58Test
[INFO] Tests run: 2, Failures: 0, Errors: 0, Skipped: 0, Time elapsed: 0 s - in com.baidu.xuper.crypto.Base58Test
[INFO] 
[INFO] Results:
[INFO] 
[ERROR] Errors: 
[ERROR] com.baidu.xuper.api.XuperClientTest.apiExample(com.baidu.xuper.api.XuperClientTest)
[ERROR]   Run 1: XuperClientTest.apiExample » TestCouldNotBeSkipped Test could not be skipped d...
[ERROR]   Run 2: XuperClientTest.tearDown:42 NullPointer
[INFO] 
[ERROR] com.baidu.xuper.api.XuperClientTest.createContractAccount(com.baidu.xuper.api.XuperClientTest)
[ERROR]   Run 1: XuperClientTest.createContractAccount » TestCouldNotBeSkipped Test could not b...
[ERROR]   Run 2: XuperClientTest.tearDown:42 NullPointer
[INFO] 
[ERROR] com.baidu.xuper.api.XuperClientTest.deployEVMContract(com.baidu.xuper.api.XuperClientTest)
[ERROR]   Run 1: XuperClientTest.deployEVMContract » TestCouldNotBeSkipped Test could not be sk...
[ERROR]   Run 2: XuperClientTest.tearDown:42 NullPointer
[INFO] 
[ERROR] com.baidu.xuper.api.XuperClientTest.deployWasmContract(com.baidu.xuper.api.XuperClientTest)
[ERROR]   Run 1: XuperClientTest.deployWasmContract » TestCouldNotBeSkipped Test could not be s...
[ERROR]   Run 2: XuperClientTest.tearDown:42 NullPointer
[INFO] 
[ERROR] com.baidu.xuper.api.XuperClientTest.getBalance(com.baidu.xuper.api.XuperClientTest)
[ERROR]   Run 1: XuperClientTest.getBalance » TestCouldNotBeSkipped Test could not be skipped d...
[ERROR]   Run 2: XuperClientTest.tearDown:42 NullPointer
[INFO] 
[ERROR] com.baidu.xuper.api.XuperClientTest.getBlockchainStatus(com.baidu.xuper.api.XuperClientTest)
[ERROR]   Run 1: XuperClientTest.getBlockchainStatus » TestCouldNotBeSkipped Test could not be ...
[ERROR]   Run 2: XuperClientTest.tearDown:42 NullPointer
[INFO] 
[ERROR] com.baidu.xuper.api.XuperClientTest.getSystemStatus(com.baidu.xuper.api.XuperClientTest)
[ERROR]   Run 1: XuperClientTest.getSystemStatus » TestCouldNotBeSkipped Test could not be skip...
[ERROR]   Run 2: XuperClientTest.tearDown:42 NullPointer
[INFO] 
[ERROR] com.baidu.xuper.api.XuperClientTest.invokeContract(com.baidu.xuper.api.XuperClientTest)
[ERROR]   Run 1: XuperClientTest.invokeContract » TestCouldNotBeSkipped Test could not be skipp...
[ERROR]   Run 2: XuperClientTest.tearDown:42 NullPointer
[INFO] 
[ERROR] com.baidu.xuper.api.XuperClientTest.invokeEVMContract(com.baidu.xuper.api.XuperClientTest)
[ERROR]   Run 1: XuperClientTest.invokeEVMContract » TestCouldNotBeSkipped Test could not be sk...
[ERROR]   Run 2: XuperClientTest.tearDown:42 NullPointer
[INFO] 
[ERROR] com.baidu.xuper.api.XuperClientTest.queryBlock(com.baidu.xuper.api.XuperClientTest)
[ERROR]   Run 1: XuperClientTest.queryBlock » TestCouldNotBeSkipped Test could not be skipped d...
[ERROR]   Run 2: XuperClientTest.tearDown:42 NullPointer
[INFO] 
[ERROR] com.baidu.xuper.api.XuperClientTest.queryContract(com.baidu.xuper.api.XuperClientTest)
[ERROR]   Run 1: XuperClientTest.queryContract » TestCouldNotBeSkipped Test could not be skippe...
[ERROR]   Run 2: XuperClientTest.tearDown:42 NullPointer
[INFO] 
[ERROR] com.baidu.xuper.api.XuperClientTest.queryEVMContract(com.baidu.xuper.api.XuperClientTest)
[ERROR]   Run 1: XuperClientTest.queryEVMContract » TestCouldNotBeSkipped Test could not be ski...
[ERROR]   Run 2: XuperClientTest.tearDown:42 NullPointer
[INFO] 
[ERROR] com.baidu.xuper.api.XuperClientTest.queryTx(com.baidu.xuper.api.XuperClientTest)
[ERROR]   Run 1: XuperClientTest.queryTx » TestCouldNotBeSkipped Test could not be skipped due ...
[ERROR]   Run 2: XuperClientTest.tearDown:42 NullPointer
[INFO] 
[ERROR] com.baidu.xuper.api.XuperClientTest.transfer(com.baidu.xuper.api.XuperClientTest)
[ERROR]   Run 1: XuperClientTest.transfer » TestCouldNotBeSkipped Test could not be skipped due...
[ERROR]   Run 2: XuperClientTest.tearDown:42 NullPointer
[INFO] 
[INFO] 
[ERROR] Tests run: 37, Failures: 0, Errors: 14, Skipped: 2
[INFO] 
[INFO] ------------------------------------------------------------------------
[INFO] BUILD FAILURE
[INFO] ------------------------------------------------------------------------
[INFO] Total time:  7.251 s
[INFO] Finished at: 2023-01-31T00:35:33Z
[INFO] ------------------------------------------------------------------------
[ERROR] Failed to execute goal org.apache.maven.plugins:maven-surefire-plugin:2.22.1:test (default-test) on project xuper-java-sdk: There are test failures.
[ERROR] 
[ERROR] Please refer to /home/gabsko/breaking-updates/target/surefire-reports for the individual test results.
[ERROR] Please refer to dump files (if any exist) [date].dump, [date]-jvmRun[N].dump and [date].dumpstream.
[ERROR] -> [Help 1]
[ERROR] 
[ERROR] To see the full stack trace of the errors, re-run Maven with the -e switch.
[ERROR] Re-run Maven using the -X switch to enable full debug logging.
[ERROR] 
[ERROR] For more information about the errors and possible solutions, please read the following articles:
[ERROR] [Help 1] http://cwiki.apache.org/confluence/display/MAVEN/MojoFailureException
