[INFO] Scanning for projects...
[INFO] 
[INFO] ------------------< de.dentrassi.crypto:pem-keystore >------------------
[INFO] Building PEM Key Store Provider 2.2.1-SNAPSHOT
[INFO] --------------------------------[ jar ]---------------------------------
[INFO] 
[INFO] --- maven-clean-plugin:2.5:clean (default-clean) @ pem-keystore ---
[INFO] Deleting /home/gabsko/breaking-updates/target
[INFO] 
[INFO] --- maven-resources-plugin:2.6:resources (default-resources) @ pem-keystore ---
[INFO] Using 'UTF-8' encoding to copy filtered resources.
[INFO] Copying 1 resource
[INFO] 
[INFO] --- maven-compiler-plugin:3.8.1:compile (default-compile) @ pem-keystore ---
[INFO] Changes detected - recompiling the module!
[INFO] Compiling 8 source files to /home/gabsko/breaking-updates/target/classes
[INFO] /home/gabsko/breaking-updates/src/main/java/de/dentrassi/crypto/pem/PemKeyStoreProvider.java: /home/gabsko/breaking-updates/src/main/java/de/dentrassi/crypto/pem/PemKeyStoreProvider.java uses or overrides a deprecated API.
[INFO] /home/gabsko/breaking-updates/src/main/java/de/dentrassi/crypto/pem/PemKeyStoreProvider.java: Recompile with -Xlint:deprecation for details.
[INFO] 
[INFO] --- maven-resources-plugin:2.6:testResources (default-testResources) @ pem-keystore ---
[INFO] Using 'UTF-8' encoding to copy filtered resources.
[INFO] Copying 10 resources
[INFO] 
[INFO] --- maven-compiler-plugin:3.8.1:testCompile (default-testCompile) @ pem-keystore ---
[INFO] Changes detected - recompiling the module!
[INFO] Compiling 6 source files to /home/gabsko/breaking-updates/target/test-classes
[INFO] 
[INFO] --- maven-surefire-plugin:3.0.0-M3:test (default-test) @ pem-keystore ---
[INFO] 
[INFO] -------------------------------------------------------
[INFO]  T E S T S
[INFO] -------------------------------------------------------
[INFO] Running de.dentrassi.crypto.pem.PemConfigKeyStoreTest
[INFO] Tests run: 1, Failures: 0, Errors: 0, Skipped: 0, Time elapsed: 0.358 s - in de.dentrassi.crypto.pem.PemConfigKeyStoreTest
[INFO] Running de.dentrassi.crypto.pem.MutableTest
[INFO] Tests run: 8, Failures: 0, Errors: 0, Skipped: 0, Time elapsed: 0.193 s - in de.dentrassi.crypto.pem.MutableTest
[INFO] Running de.dentrassi.crypto.pem.UndertowTest
Feb 01, 2023 5:27:45 PM org.xnio.Xnio <clinit>
INFO: XNIO version 3.3.8.Final
Feb 01, 2023 5:27:45 PM org.xnio.nio.NioXnio <clinit>
INFO: XNIO NIO Implementation Version 3.3.8.Final
[ERROR] Tests run: 1, Failures: 0, Errors: 1, Skipped: 0, Time elapsed: 0.635 s <<< FAILURE! - in de.dentrassi.crypto.pem.UndertowTest
[ERROR] testTls  Time elapsed: 0.634 s  <<< ERROR!
javax.net.ssl.SSLHandshakeException: PKIX path validation failed: java.security.cert.CertPathValidatorException: validity check failed
	at de.dentrassi.crypto.pem.UndertowTest.testGet(UndertowTest.java:110)
	at de.dentrassi.crypto.pem.UndertowTest.testTls(UndertowTest.java:73)
Caused by: sun.security.validator.ValidatorException: PKIX path validation failed: java.security.cert.CertPathValidatorException: validity check failed
	at de.dentrassi.crypto.pem.UndertowTest.testGet(UndertowTest.java:110)
	at de.dentrassi.crypto.pem.UndertowTest.testTls(UndertowTest.java:73)
Caused by: java.security.cert.CertPathValidatorException: validity check failed
	at de.dentrassi.crypto.pem.UndertowTest.testGet(UndertowTest.java:110)
	at de.dentrassi.crypto.pem.UndertowTest.testTls(UndertowTest.java:73)
Caused by: java.security.cert.CertificateExpiredException: NotAfter: Thu Sep 24 08:10:13 UTC 2020
	at de.dentrassi.crypto.pem.UndertowTest.testGet(UndertowTest.java:110)
	at de.dentrassi.crypto.pem.UndertowTest.testTls(UndertowTest.java:73)

[INFO] Running de.dentrassi.crypto.pem.LetsEncryptPemCertificateTest
[INFO] Tests run: 1, Failures: 0, Errors: 0, Skipped: 0, Time elapsed: 0.016 s - in de.dentrassi.crypto.pem.LetsEncryptPemCertificateTest
[INFO] Running de.dentrassi.crypto.pem.PemUtilsTest
[INFO] Tests run: 3, Failures: 0, Errors: 0, Skipped: 0, Time elapsed: 0.035 s - in de.dentrassi.crypto.pem.PemUtilsTest
[INFO] Running de.dentrassi.crypto.pem.PemKeyStoreTest
[INFO] Tests run: 3, Failures: 0, Errors: 0, Skipped: 0, Time elapsed: 0.002 s - in de.dentrassi.crypto.pem.PemKeyStoreTest
[INFO] 
[INFO] Results:
[INFO] 
[ERROR] Errors: 
[ERROR]   UndertowTest.testTls:73->testGet:110 Â» SSLHandshake PKIX path validation faile...
[INFO] 
[ERROR] Tests run: 17, Failures: 0, Errors: 1, Skipped: 0
[INFO] 
[INFO] ------------------------------------------------------------------------
[INFO] BUILD FAILURE
[INFO] ------------------------------------------------------------------------
[INFO] Total time:  4.083 s
[INFO] Finished at: 2023-02-01T17:27:45Z
[INFO] ------------------------------------------------------------------------
[ERROR] Failed to execute goal org.apache.maven.plugins:maven-surefire-plugin:3.0.0-M3:test (default-test) on project pem-keystore: There are test failures.
[ERROR] 
[ERROR] Please refer to /home/gabsko/breaking-updates/target/surefire-reports for the individual test results.
[ERROR] Please refer to dump files (if any exist) [date].dump, [date]-jvmRun[N].dump and [date].dumpstream.
[ERROR] -> [Help 1]
[ERROR] 
[ERROR] To see the full stack trace of the errors, re-run Maven with the -e switch.
[ERROR] Re-run Maven using the -X switch to enable full debug logging.
[ERROR] 
[ERROR] For more information about the errors and possible solutions, please read the following articles:
[ERROR] [Help 1] http://cwiki.apache.org/confluence/display/MAVEN/MojoFailureException
