[INFO] Scanning for projects...
[WARNING] 
[WARNING] Some problems were encountered while building the effective model for net.snowflake:snowflake-ingest-sdk:jar:0.10.4-beta
[WARNING] 'build.plugins.plugin.version' for org.codehaus.mojo:exec-maven-plugin is missing. @ line 120, column 21
[WARNING] 
[WARNING] It is highly recommended to fix these problems because they threaten the stability of your build.
[WARNING] 
[WARNING] For this reason, future Maven versions might no longer support building such malformed projects.
[WARNING] 
[INFO] 
[INFO] -----------------< net.snowflake:snowflake-ingest-sdk >-----------------
[INFO] Building Snowflake Ingest SDK 0.10.4-beta
[INFO] --------------------------------[ jar ]---------------------------------
[INFO] Downloading from central: https://repo.maven.apache.org/maven2/org/apache/arrow/arrow-memory-netty/4.0.0/arrow-memory-netty-4.0.0.jar
[INFO] Downloaded from central: https://repo.maven.apache.org/maven2/org/apache/arrow/arrow-memory-netty/4.0.0/arrow-memory-netty-4.0.0.jar (40 kB at 136 kB/s)
[INFO] 
[INFO] --- maven-clean-plugin:2.5:clean (default-clean) @ snowflake-ingest-sdk ---
[INFO] Deleting /home/gabsko/breaking-updates/target
[INFO] 
[INFO] --- maven-resources-plugin:2.6:resources (default-resources) @ snowflake-ingest-sdk ---
[WARNING] File encoding has not been set, using platform encoding UTF-8, i.e. build is platform dependent!
[WARNING] Using platform encoding (UTF-8 actually) to copy filtered resources, i.e. build is platform dependent!
[INFO] Copying 2 resources
[INFO] 
[INFO] --- maven-compiler-plugin:2.5.1:compile (default-compile) @ snowflake-ingest-sdk ---
[WARNING] File encoding has not been set, using platform encoding UTF-8, i.e. build is platform dependent!
[INFO] Compiling 59 source files to /home/gabsko/breaking-updates/target/classes
[INFO] 
[INFO] --- maven-resources-plugin:2.6:testResources (default-testResources) @ snowflake-ingest-sdk ---
[WARNING] Using platform encoding (UTF-8 actually) to copy filtered resources, i.e. build is platform dependent!
[INFO] Copying 2 resources
[INFO] 
[INFO] --- maven-compiler-plugin:2.5.1:testCompile (default-testCompile) @ snowflake-ingest-sdk ---
[WARNING] File encoding has not been set, using platform encoding UTF-8, i.e. build is platform dependent!
[INFO] Compiling 16 source files to /home/gabsko/breaking-updates/target/test-classes
[INFO] 
[INFO] --- maven-surefire-plugin:2.19.1:test (default-test) @ snowflake-ingest-sdk ---

-------------------------------------------------------
 T E S T S
-------------------------------------------------------
Running net.snowflake.ingest.streaming.internal.RowBufferTest
[main] INFO org.apache.arrow.memory.BaseAllocator - Debug mode enabled.
[main] INFO org.apache.arrow.memory.DefaultAllocationManagerOption - allocation manager type not specified, using netty as the default type
[main] INFO org.apache.arrow.memory.CheckAllocator - Using DefaultAllocationManager at memory-netty/4.0.0/arrow-memory-netty-4.0.0.jar!/org/apache/arrow/memory/DefaultAllocationManagerFactory.class
[main] INFO net.snowflake.ingest.streaming.internal.FlushService - 
[SF_INGEST] Create 72 threads for build/upload blobs for client=client, total available processors=36
[main] INFO net.snowflake.ingest.streaming.internal.FlushService - 
[SF_INGEST] Create 72 threads for build/upload blobs for client=client, total available processors=36
[main] INFO net.snowflake.ingest.streaming.internal.FlushService - 
[SF_INGEST] Create 72 threads for build/upload blobs for client=client, total available processors=36
WARNING: An illegal reflective access operation has occurred
WARNING: Illegal reflective access by org.apache.arrow.memory.util.MemoryUtil (file:/home/gabsko/.m2/repository/org/apache/arrow/arrow-memory-core/4.0.0/arrow-memory-core-4.0.0.jar) to field java.nio.Buffer.address
WARNING: Please consider reporting this to the maintainers of org.apache.arrow.memory.util.MemoryUtil
WARNING: Use --illegal-access=warn to enable warnings of further illegal reflective access operations
WARNING: All illegal access operations will be denied in a future release
[main] INFO net.snowflake.ingest.streaming.internal.FlushService - 
[SF_INGEST] Create 72 threads for build/upload blobs for client=client, total available processors=36
[main] INFO net.snowflake.ingest.streaming.internal.FlushService - 
[SF_INGEST] Create 72 threads for build/upload blobs for client=client, total available processors=36
[main] INFO net.snowflake.ingest.streaming.internal.FlushService - 
[SF_INGEST] Create 72 threads for build/upload blobs for client=client, total available processors=36
[main] INFO net.snowflake.ingest.streaming.internal.FlushService - 
[SF_INGEST] Create 72 threads for build/upload blobs for client=client, total available processors=36
[main] INFO net.snowflake.ingest.streaming.internal.FlushService - 
[SF_INGEST] Create 72 threads for build/upload blobs for client=client, total available processors=36
[main] INFO net.snowflake.ingest.streaming.internal.FlushService - 
[SF_INGEST] Create 72 threads for build/upload blobs for client=client, total available processors=36
[main] INFO net.snowflake.ingest.streaming.internal.FlushService - 
[SF_INGEST] Create 72 threads for build/upload blobs for client=client, total available processors=36
[main] INFO net.snowflake.ingest.streaming.internal.FlushService - 
[SF_INGEST] Create 72 threads for build/upload blobs for client=client, total available processors=36
[main] INFO net.snowflake.ingest.streaming.internal.FlushService - 
[SF_INGEST] Create 72 threads for build/upload blobs for client=client, total available processors=36
[main] INFO net.snowflake.ingest.streaming.internal.FlushService - 
[SF_INGEST] Create 72 threads for build/upload blobs for client=client, total available processors=36
[main] INFO net.snowflake.ingest.streaming.internal.FlushService - 
[SF_INGEST] Create 72 threads for build/upload blobs for client=client, total available processors=36
[main] INFO net.snowflake.ingest.streaming.internal.FlushService - 
[SF_INGEST] Create 72 threads for build/upload blobs for client=client, total available processors=36
[main] INFO net.snowflake.ingest.streaming.internal.FlushService - 
[SF_INGEST] Create 72 threads for build/upload blobs for client=client, total available processors=36
[main] INFO net.snowflake.ingest.streaming.internal.FlushService - 
[SF_INGEST] Create 72 threads for build/upload blobs for client=client, total available processors=36
[main] INFO net.snowflake.ingest.streaming.internal.FlushService - 
[SF_INGEST] Create 72 threads for build/upload blobs for client=client, total available processors=36
[main] INFO net.snowflake.ingest.streaming.internal.FlushService - 
[SF_INGEST] Create 72 threads for build/upload blobs for client=client, total available processors=36
[main] INFO net.snowflake.ingest.streaming.internal.FlushService - 
[SF_INGEST] Create 72 threads for build/upload blobs for client=client, total available processors=36
[main] INFO net.snowflake.ingest.streaming.internal.FlushService - 
[SF_INGEST] Create 72 threads for build/upload blobs for client=client, total available processors=36
[main] INFO net.snowflake.ingest.streaming.internal.FlushService - 
[SF_INGEST] Create 72 threads for build/upload blobs for client=client, total available processors=36
[main] INFO net.snowflake.ingest.streaming.internal.FlushService - 
[SF_INGEST] Create 72 threads for build/upload blobs for client=client, total available processors=36
[main] INFO net.snowflake.ingest.streaming.internal.FlushService - 
[SF_INGEST] Create 72 threads for build/upload blobs for client=client, total available processors=36
[main] INFO net.snowflake.ingest.streaming.internal.FlushService - 
[SF_INGEST] Create 72 threads for build/upload blobs for client=client, total available processors=36
[main] INFO net.snowflake.ingest.streaming.internal.FlushService - 
[SF_INGEST] Create 72 threads for build/upload blobs for client=client, total available processors=36
[main] INFO net.snowflake.ingest.streaming.internal.FlushService - 
[SF_INGEST] Create 72 threads for build/upload blobs for client=client, total available processors=36
[main] INFO net.snowflake.ingest.streaming.internal.FlushService - 
[SF_INGEST] Create 72 threads for build/upload blobs for client=client, total available processors=36
[main] INFO net.snowflake.ingest.streaming.internal.FlushService - 
[SF_INGEST] Create 72 threads for build/upload blobs for client=client, total available processors=36
[main] INFO net.snowflake.ingest.streaming.internal.FlushService - 
[SF_INGEST] Create 72 threads for build/upload blobs for client=client, total available processors=36
[main] INFO net.snowflake.ingest.streaming.internal.FlushService - 
[SF_INGEST] Create 72 threads for build/upload blobs for client=client, total available processors=36
[main] INFO net.snowflake.ingest.streaming.internal.FlushService - 
[SF_INGEST] Create 72 threads for build/upload blobs for client=client, total available processors=36
[main] INFO net.snowflake.ingest.streaming.internal.FlushService - 
[SF_INGEST] Create 72 threads for build/upload blobs for client=client, total available processors=36
[main] INFO net.snowflake.ingest.streaming.internal.FlushService - 
[SF_INGEST] Create 72 threads for build/upload blobs for client=client, total available processors=36
[main] INFO net.snowflake.ingest.streaming.internal.FlushService - 
[SF_INGEST] Create 72 threads for build/upload blobs for client=client, total available processors=36
[main] INFO net.snowflake.ingest.streaming.internal.FlushService - 
[SF_INGEST] Create 72 threads for build/upload blobs for client=client, total available processors=36
[main] INFO net.snowflake.ingest.streaming.internal.FlushService - 
[SF_INGEST] Create 72 threads for build/upload blobs for client=client, total available processors=36
Tests run: 37, Failures: 0, Errors: 0, Skipped: 0, Time elapsed: 1.057 sec - in net.snowflake.ingest.streaming.internal.RowBufferTest
Running net.snowflake.ingest.streaming.internal.FlushServiceTest
[main] INFO org.apache.arrow.memory.BaseAllocator - Debug mode disabled.
[main] INFO org.apache.arrow.memory.DefaultAllocationManagerOption - allocation manager type not specified, using netty as the default type
[main] INFO org.apache.arrow.memory.CheckAllocator - Using DefaultAllocationManager at memory-netty/4.0.0/arrow-memory-netty-4.0.0.jar!/org/apache/arrow/memory/DefaultAllocationManagerFactory.class
[main] INFO net.snowflake.ingest.streaming.internal.FlushService - 
[SF_INGEST] Create 72 threads for build/upload blobs for client=null, total available processors=36
[main] INFO net.snowflake.ingest.streaming.internal.FlushService - 
[SF_INGEST] Create 72 threads for build/upload blobs for client=null, total available processors=36
[main] INFO net.snowflake.ingest.streaming.internal.FlushService - 
[SF_INGEST] Create 72 threads for build/upload blobs for client=null, total available processors=36
[main] INFO net.snowflake.ingest.streaming.internal.FlushService - 
[SF_INGEST] Create 72 threads for build/upload blobs for client=null, total available processors=36
[main] INFO net.snowflake.ingest.streaming.internal.FlushService - 
[SF_INGEST] Create 72 threads for build/upload blobs for client=null, total available processors=36
[main] WARN net.snowflake.ingest.streaming.internal.SnowflakeStreamingIngestChannelInternal - Channel has been invalidated, name=db1.schema1.table1.channel1, channel sequencer=0
[main] WARN net.snowflake.ingest.streaming.internal.SnowflakeStreamingIngestChannelInternal - Channel has been invalidated, name=db1.schema1.table1.channel1, channel sequencer=0
[main] INFO net.snowflake.ingest.streaming.internal.FlushService - 
[SF_INGEST] Create 72 threads for build/upload blobs for client=null, total available processors=36
Tests run: 8, Failures: 0, Errors: 0, Skipped: 0, Time elapsed: 2.551 sec - in net.snowflake.ingest.streaming.internal.FlushServiceTest
Running net.snowflake.ingest.streaming.internal.RegisterServiceTest
[main] INFO net.snowflake.ingest.streaming.internal.FlushService - 
[SF_INGEST] Create 72 threads for build/upload blobs for client=client, total available processors=36
[main] ERROR net.snowflake.ingest.streaming.internal.RegisterService - 
[SF_INGEST] Building or uploading blob failed=fail, exception=java.util.concurrent.ExecutionException: java.util.concurrent.TimeoutException, detail=java.util.concurrent.TimeoutException, cause=java.util.concurrent.TimeoutException, detail=null, all channels in the blob will be invalidated
[main] INFO net.snowflake.ingest.streaming.internal.FlushService - 
[SF_INGEST] Create 72 threads for build/upload blobs for client=client, total available processors=36
[main] ERROR net.snowflake.ingest.streaming.internal.RegisterService - 
[SF_INGEST] Building or uploading blob failed=fail, exception=java.util.concurrent.ExecutionException: java.lang.IndexOutOfBoundsException, detail=java.lang.IndexOutOfBoundsException, cause=java.lang.IndexOutOfBoundsException, detail=null, all channels in the blob will be invalidated
Tests run: 3, Failures: 0, Errors: 0, Skipped: 0, Time elapsed: 0 sec - in net.snowflake.ingest.streaming.internal.RegisterServiceTest
Running net.snowflake.ingest.streaming.internal.SnowflakeStreamingIngestClientTest
[main] INFO net.snowflake.ingest.streaming.internal.FlushService - 
[SF_INGEST] Create 72 threads for build/upload blobs for client=client, total available processors=36
[main] INFO net.snowflake.ingest.streaming.internal.FlushService - 
[SF_INGEST] Create 72 threads for build/upload blobs for client=client, total available processors=36
[main] INFO net.snowflake.ingest.streaming.internal.FlushService - 
[SF_INGEST] Create 72 threads for build/upload blobs for client=client, total available processors=36
[ForkJoinPool.commonPool-worker-115] ERROR net.snowflake.ingest.streaming.internal.SnowflakeStreamingIngestClientInternal - 
[SF_INGEST] Flush failed during close, exception=Simulating Error, cause=Simulating Error
[main] INFO net.snowflake.ingest.streaming.internal.FlushService - 
[SF_INGEST] Create 72 threads for build/upload blobs for client=client, total available processors=36
[main] INFO net.snowflake.ingest.streaming.internal.FlushService - 
[SF_INGEST] Create 72 threads for build/upload blobs for client=client, total available processors=36
[ForkJoinPool.commonPool-worker-115] WARN net.snowflake.ingest.streaming.internal.SnowflakeStreamingIngestClientInternal - Commit service at server side is not making progress, stop retrying for client=client.
Tests run: 18, Failures: 0, Errors: 12, Skipped: 1, Time elapsed: 5.741 sec <<< FAILURE! - in net.snowflake.ingest.streaming.internal.SnowflakeStreamingIngestClientTest
testGetChannelsStatusWithRequestError(net.snowflake.ingest.streaming.internal.SnowflakeStreamingIngestClientTest)  Time elapsed: 0.16 sec  <<< ERROR!
java.nio.file.NoSuchFileException: profile.json
	at net.snowflake.ingest.streaming.internal.SnowflakeStreamingIngestClientTest.testGetChannelsStatusWithRequestError(SnowflakeStreamingIngestClientTest.java:254)

testRegisterBlobErrorResponse(net.snowflake.ingest.streaming.internal.SnowflakeStreamingIngestClientTest)  Time elapsed: 0.002 sec  <<< ERROR!
java.nio.file.NoSuchFileException: profile.json
	at net.snowflake.ingest.streaming.internal.SnowflakeStreamingIngestClientTest.testRegisterBlobErrorResponse(SnowflakeStreamingIngestClientTest.java:377)

testRegisterBlobRequestCreationSuccess(net.snowflake.ingest.streaming.internal.SnowflakeStreamingIngestClientTest)  Time elapsed: 0 sec  <<< ERROR!
java.nio.file.NoSuchFileException: profile.json
	at net.snowflake.ingest.streaming.internal.SnowflakeStreamingIngestClientTest.testRegisterBlobRequestCreationSuccess(SnowflakeStreamingIngestClientTest.java:289)

testClientFactoryMissingURL(net.snowflake.ingest.streaming.internal.SnowflakeStreamingIngestClientTest)  Time elapsed: 0 sec  <<< ERROR!
java.nio.file.NoSuchFileException: profile.json
	at net.snowflake.ingest.streaming.internal.SnowflakeStreamingIngestClientTest.testClientFactoryMissingURL(SnowflakeStreamingIngestClientTest.java:79)

testGetChannelsStatusWithRequest(net.snowflake.ingest.streaming.internal.SnowflakeStreamingIngestClientTest)  Time elapsed: 0.002 sec  <<< ERROR!
java.nio.file.NoSuchFileException: profile.json
	at net.snowflake.ingest.streaming.internal.SnowflakeStreamingIngestClientTest.testGetChannelsStatusWithRequest(SnowflakeStreamingIngestClientTest.java:197)

testRegisterBlobSnowflakeInternalErrorResponse(net.snowflake.ingest.streaming.internal.SnowflakeStreamingIngestClientTest)  Time elapsed: 0.001 sec  <<< ERROR!
java.nio.file.NoSuchFileException: profile.json
	at net.snowflake.ingest.streaming.internal.SnowflakeStreamingIngestClientTest.testRegisterBlobSnowflakeInternalErrorResponse(SnowflakeStreamingIngestClientTest.java:424)

testRegisterBlobResponseWithInvalidChannel(net.snowflake.ingest.streaming.internal.SnowflakeStreamingIngestClientTest)  Time elapsed: 0.002 sec  <<< ERROR!
java.nio.file.NoSuchFileException: profile.json
	at net.snowflake.ingest.streaming.internal.SnowflakeStreamingIngestClientTest.testRegisterBlobResponseWithInvalidChannel(SnowflakeStreamingIngestClientTest.java:546)

testClientFactoryInvalidPrivateKey(net.snowflake.ingest.streaming.internal.SnowflakeStreamingIngestClientTest)  Time elapsed: 0.001 sec  <<< ERROR!
java.nio.file.NoSuchFileException: profile.json
	at net.snowflake.ingest.streaming.internal.SnowflakeStreamingIngestClientTest.testClientFactoryInvalidPrivateKey(SnowflakeStreamingIngestClientTest.java:112)

testClientFactoryInvalidURL(net.snowflake.ingest.streaming.internal.SnowflakeStreamingIngestClientTest)  Time elapsed: 0.001 sec  <<< ERROR!
java.nio.file.NoSuchFileException: profile.json
	at net.snowflake.ingest.streaming.internal.SnowflakeStreamingIngestClientTest.testClientFactoryInvalidURL(SnowflakeStreamingIngestClientTest.java:95)

testRegisterBlobSuccessResponse(net.snowflake.ingest.streaming.internal.SnowflakeStreamingIngestClientTest)  Time elapsed: 0.002 sec  <<< ERROR!
java.nio.file.NoSuchFileException: profile.json
	at net.snowflake.ingest.streaming.internal.SnowflakeStreamingIngestClientTest.testRegisterBlobSuccessResponse(SnowflakeStreamingIngestClientTest.java:480)

testClientFactoryMissingName(net.snowflake.ingest.streaming.internal.SnowflakeStreamingIngestClientTest)  Time elapsed: 0 sec  <<< ERROR!
java.nio.file.NoSuchFileException: profile.json
	at net.snowflake.ingest.streaming.internal.SnowflakeStreamingIngestClientTest.testClientFactoryMissingName(SnowflakeStreamingIngestClientTest.java:63)

testEncryptedPrivateKey(net.snowflake.ingest.streaming.internal.SnowflakeStreamingIngestClientTest)  Time elapsed: 0 sec  <<< ERROR!
java.nio.file.NoSuchFileException: profile.json
	at net.snowflake.ingest.streaming.internal.SnowflakeStreamingIngestClientTest.testEncryptedPrivateKey(SnowflakeStreamingIngestClientTest.java:149)

Running net.snowflake.ingest.streaming.internal.RowBufferStatsTest
Tests run: 11, Failures: 0, Errors: 0, Skipped: 0, Time elapsed: 0.011 sec - in net.snowflake.ingest.streaming.internal.RowBufferStatsTest
Running net.snowflake.ingest.streaming.internal.ChannelDataTest
Tests run: 3, Failures: 0, Errors: 0, Skipped: 0, Time elapsed: 0.001 sec - in net.snowflake.ingest.streaming.internal.ChannelDataTest
Running net.snowflake.ingest.streaming.internal.DataValidationUtilTest
Tests run: 17, Failures: 0, Errors: 0, Skipped: 0, Time elapsed: 0.425 sec - in net.snowflake.ingest.streaming.internal.DataValidationUtilTest
Running net.snowflake.ingest.streaming.internal.SnowflakeStreamingIngestChannelTest
[main] INFO net.snowflake.ingest.streaming.internal.FlushService - 
[SF_INGEST] Create 72 threads for build/upload blobs for client=client, total available processors=36
[main] INFO net.snowflake.ingest.streaming.internal.FlushService - 
[SF_INGEST] Create 72 threads for build/upload blobs for client=client, total available processors=36
[main] INFO net.snowflake.ingest.streaming.internal.FlushService - 
[SF_INGEST] Create 72 threads for build/upload blobs for client=client, total available processors=36
[main] INFO net.snowflake.ingest.streaming.internal.FlushService - 
[SF_INGEST] Create 72 threads for build/upload blobs for client=client, total available processors=36
[main] INFO net.snowflake.ingest.streaming.internal.FlushService - 
[SF_INGEST] Create 72 threads for build/upload blobs for client=client, total available processors=36
[main] INFO net.snowflake.ingest.streaming.internal.FlushService - 
[SF_INGEST] Create 72 threads for build/upload blobs for client=client, total available processors=36
[main] INFO net.snowflake.ingest.streaming.internal.FlushService - 
[SF_INGEST] Create 72 threads for build/upload blobs for client=client, total available processors=36
[main] WARN net.snowflake.ingest.streaming.internal.SnowflakeStreamingIngestChannelInternal - Channel has been invalidated, name=db.schema.table.channel, channel sequencer=0
[main] INFO net.snowflake.ingest.streaming.internal.FlushService - 
[SF_INGEST] Create 72 threads for build/upload blobs for client=client, total available processors=36
[main] INFO net.snowflake.ingest.streaming.internal.FlushService - 
[SF_INGEST] Create 72 threads for build/upload blobs for client=client, total available processors=36
Tests run: 15, Failures: 0, Errors: 4, Skipped: 0, Time elapsed: 1.036 sec <<< FAILURE! - in net.snowflake.ingest.streaming.internal.SnowflakeStreamingIngestChannelTest
testOpenChannelSuccessResponse(net.snowflake.ingest.streaming.internal.SnowflakeStreamingIngestChannelTest)  Time elapsed: 0.001 sec  <<< ERROR!
java.nio.file.NoSuchFileException: profile.json
	at net.snowflake.ingest.streaming.internal.SnowflakeStreamingIngestChannelTest.testOpenChannelSuccessResponse(SnowflakeStreamingIngestChannelTest.java:434)

testOpenChannelErrorResponse(net.snowflake.ingest.streaming.internal.SnowflakeStreamingIngestChannelTest)  Time elapsed: 0 sec  <<< ERROR!
java.nio.file.NoSuchFileException: profile.json
	at net.snowflake.ingest.streaming.internal.SnowflakeStreamingIngestChannelTest.testOpenChannelErrorResponse(SnowflakeStreamingIngestChannelTest.java:287)

testOpenChannelPostRequest(net.snowflake.ingest.streaming.internal.SnowflakeStreamingIngestChannelTest)  Time elapsed: 0.001 sec  <<< ERROR!
java.nio.file.NoSuchFileException: profile.json
	at net.snowflake.ingest.streaming.internal.SnowflakeStreamingIngestChannelTest.testOpenChannelPostRequest(SnowflakeStreamingIngestChannelTest.java:238)

testOpenChannelSnowflakeInternalErrorResponse(net.snowflake.ingest.streaming.internal.SnowflakeStreamingIngestChannelTest)  Time elapsed: 0.001 sec  <<< ERROR!
java.nio.file.NoSuchFileException: profile.json
	at net.snowflake.ingest.streaming.internal.SnowflakeStreamingIngestChannelTest.testOpenChannelSnowflakeInternalErrorResponse(SnowflakeStreamingIngestChannelTest.java:356)

Running net.snowflake.ingest.streaming.internal.StreamingIngestStageTest
Tests run: 5, Failures: 0, Errors: 0, Skipped: 0, Time elapsed: 2.381 sec - in net.snowflake.ingest.streaming.internal.StreamingIngestStageTest
Running net.snowflake.ingest.streaming.internal.SnowflakeURLTest
Tests run: 3, Failures: 0, Errors: 0, Skipped: 0, Time elapsed: 0.003 sec - in net.snowflake.ingest.streaming.internal.SnowflakeURLTest
Running net.snowflake.ingest.streaming.internal.ChannelCacheTest
[main] INFO net.snowflake.ingest.streaming.internal.FlushService - 
[SF_INGEST] Create 72 threads for build/upload blobs for client=client, total available processors=36
[main] WARN net.snowflake.ingest.streaming.internal.SnowflakeStreamingIngestChannelInternal - Channel has been invalidated, name=db.schema.table1.channel1, channel sequencer=0
[main] WARN net.snowflake.ingest.streaming.internal.SnowflakeStreamingIngestChannelInternal - Channel has been invalidated, name=db.schema.table1.channel2, channel sequencer=0
[main] WARN net.snowflake.ingest.streaming.internal.SnowflakeStreamingIngestChannelInternal - Channel has been invalidated, name=db.schema.table2.channel3, channel sequencer=0
[main] INFO net.snowflake.ingest.streaming.internal.FlushService - 
[SF_INGEST] Create 72 threads for build/upload blobs for client=client, total available processors=36
[main] INFO net.snowflake.ingest.streaming.internal.FlushService - 
[SF_INGEST] Create 72 threads for build/upload blobs for client=client, total available processors=36
[main] INFO net.snowflake.ingest.streaming.internal.FlushService - 
[SF_INGEST] Create 72 threads for build/upload blobs for client=client, total available processors=36
[main] INFO net.snowflake.ingest.streaming.internal.FlushService - 
[SF_INGEST] Create 72 threads for build/upload blobs for client=client, total available processors=36
[main] WARN net.snowflake.ingest.streaming.internal.SnowflakeStreamingIngestChannelInternal - Channel has been invalidated, name=db.schema.table.channel, channel sequencer=0
Tests run: 5, Failures: 0, Errors: 0, Skipped: 0, Time elapsed: 0.009 sec - in net.snowflake.ingest.streaming.internal.ChannelCacheTest
Running net.snowflake.ingest.connection.TestKeyRenewal
[main] INFO net.snowflake.ingest.connection.SecurityManager - Creating Token with subject ACCOUNT.USER
[main] INFO net.snowflake.ingest.connection.SecurityManager - Creating Token with issuer ACCOUNT.USER.SHA256:HQ8dRfeT5caXRbj2oQeCftC4gceedHjsZr909ibK9do=
[main] INFO net.snowflake.ingest.connection.SecurityManager - Created new JWT
[ForkJoinPool.commonPool-worker-115] WARN net.snowflake.ingest.streaming.internal.SnowflakeStreamingIngestChannelInternal - Insert throttled for 5000 ms due to JVM memory pressure, max memory=0, old total memory=1000000, old free memory=40000, new total memory=1000000, new free memory=40000.
[SecurityManager-1(101)] INFO net.snowflake.ingest.connection.SecurityManager - Creating Token with subject ACCOUNT.USER
[SecurityManager-1(101)] INFO net.snowflake.ingest.connection.SecurityManager - Creating Token with issuer ACCOUNT.USER.SHA256:HQ8dRfeT5caXRbj2oQeCftC4gceedHjsZr909ibK9do=
[SecurityManager-1(101)] INFO net.snowflake.ingest.connection.SecurityManager - Created new JWT
[SecurityManager-1(101)] INFO net.snowflake.ingest.connection.SecurityManager - Creating Token with subject ACCOUNT.USER
[SecurityManager-1(101)] INFO net.snowflake.ingest.connection.SecurityManager - Creating Token with issuer ACCOUNT.USER.SHA256:HQ8dRfeT5caXRbj2oQeCftC4gceedHjsZr909ibK9do=
[SecurityManager-1(101)] INFO net.snowflake.ingest.connection.SecurityManager - Created new JWT
Tests run: 1, Failures: 0, Errors: 0, Skipped: 0, Time elapsed: 6.238 sec - in net.snowflake.ingest.connection.TestKeyRenewal
Running net.snowflake.ingest.connection.SecurityManagerTest
[main] INFO net.snowflake.ingest.connection.SecurityManager - Creating Token with subject ACCOUNTNAME.USERNAME
[main] INFO net.snowflake.ingest.connection.SecurityManager - Creating Token with issuer ACCOUNTNAME.USERNAME.SHA256:yVUGJrOo4BN1Cza+m2zNzvQbk/4rICTydzSNvuiyy9Q=
[main] INFO net.snowflake.ingest.connection.SecurityManager - Created new JWT
[main] INFO net.snowflake.ingest.connection.SecurityManager - Creating Token with subject ACCOUNTNAME.USERNAME
[main] INFO net.snowflake.ingest.connection.SecurityManager - Creating Token with issuer ACCOUNTNAME.USERNAME.SHA256:yVUGJrOo4BN1Cza+m2zNzvQbk/4rICTydzSNvuiyy9Q=
[main] INFO net.snowflake.ingest.connection.SecurityManager - Created new JWT
[main] INFO net.snowflake.ingest.connection.SecurityManager - Creating Token with subject ACCOUNTNAME.USERNAME
[main] INFO net.snowflake.ingest.connection.SecurityManager - Creating Token with issuer ACCOUNTNAME.USERNAME.SHA256:MDcEdlQsgzIs7UBLHV6CB9GJLqqW/AqGsMcAPrWVxuA=
[main] INFO net.snowflake.ingest.connection.SecurityManager - Created new JWT
[main] INFO net.snowflake.ingest.connection.SecurityManager - Creating Token with subject ACCOUNTNAME.USERNAME
[main] INFO net.snowflake.ingest.connection.SecurityManager - Creating Token with issuer ACCOUNTNAME.USERNAME.SHA256:yVUGJrOo4BN1Cza+m2zNzvQbk/4rICTydzSNvuiyy9Q=
[main] INFO net.snowflake.ingest.connection.SecurityManager - Created new JWT
Tests run: 3, Failures: 0, Errors: 0, Skipped: 0, Time elapsed: 0.019 sec - in net.snowflake.ingest.connection.SecurityManagerTest

Results :

Tests in error: 
  SnowflakeStreamingIngestChannelTest.testOpenChannelErrorResponse:287 » NoSuchFile
  SnowflakeStreamingIngestChannelTest.testOpenChannelPostRequest:238 » NoSuchFile
  SnowflakeStreamingIngestChannelTest.testOpenChannelSnowflakeInternalErrorResponse:356 » NoSuchFile
  SnowflakeStreamingIngestChannelTest.testOpenChannelSuccessResponse:434 » NoSuchFile
  SnowflakeStreamingIngestClientTest.testClientFactoryInvalidPrivateKey:112 » NoSuchFile
  SnowflakeStreamingIngestClientTest.testClientFactoryInvalidURL:95 » NoSuchFile
  SnowflakeStreamingIngestClientTest.testClientFactoryMissingName:63 » NoSuchFile
  SnowflakeStreamingIngestClientTest.testClientFactoryMissingURL:79 » NoSuchFile
  SnowflakeStreamingIngestClientTest.testEncryptedPrivateKey:149 » NoSuchFile pr...
  SnowflakeStreamingIngestClientTest.testGetChannelsStatusWithRequest:197 » NoSuchFile
  SnowflakeStreamingIngestClientTest.testGetChannelsStatusWithRequestError:254 » NoSuchFile
  SnowflakeStreamingIngestClientTest.testRegisterBlobErrorResponse:377 » NoSuchFile
  SnowflakeStreamingIngestClientTest.testRegisterBlobRequestCreationSuccess:289 » NoSuchFile
  SnowflakeStreamingIngestClientTest.testRegisterBlobResponseWithInvalidChannel:546 » NoSuchFile
  SnowflakeStreamingIngestClientTest.testRegisterBlobSnowflakeInternalErrorResponse:424 » NoSuchFile
  SnowflakeStreamingIngestClientTest.testRegisterBlobSuccessResponse:480 » NoSuchFile

Tests run: 129, Failures: 0, Errors: 16, Skipped: 1

[INFO] ------------------------------------------------------------------------
[INFO] BUILD FAILURE
[INFO] ------------------------------------------------------------------------
[INFO] Total time:  24.222 s
[INFO] Finished at: 2023-02-02T01:19:48Z
[INFO] ------------------------------------------------------------------------
[ERROR] Failed to execute goal org.apache.maven.plugins:maven-surefire-plugin:2.19.1:test (default-test) on project snowflake-ingest-sdk: There are test failures.
[ERROR] 
[ERROR] Please refer to /home/gabsko/breaking-updates/target/surefire-reports for the individual test results.
[ERROR] -> [Help 1]
[ERROR] 
[ERROR] To see the full stack trace of the errors, re-run Maven with the -e switch.
[ERROR] Re-run Maven using the -X switch to enable full debug logging.
[ERROR] 
[ERROR] For more information about the errors and possible solutions, please read the following articles:
[ERROR] [Help 1] http://cwiki.apache.org/confluence/display/MAVEN/MojoFailureException
