[INFO] Scanning for projects...
[WARNING] The project org.togglz.benchmark:togglz-benchmarks:jar:2.9.8-SNAPSHOT uses prerequisites which is only intended for maven-plugin projects but not for non maven-plugin projects. For such purposes you should use the maven-enforcer-plugin. See https://maven.apache.org/enforcer/enforcer-rules/requireMavenVersion.html
[INFO] ------------------------------------------------------------------------
[INFO] Reactor Build Order:
[INFO] 
[INFO] Togglz                                                             [pom]
[INFO] Togglz - Core Framework                                            [jar]
[INFO] Togglz - Test Harness                                              [jar]
[INFO] Togglz - SLF4J integration                                         [jar]
[INFO] Togglz - Servlet integration                                       [jar]
[INFO] Togglz - Admin Console                                             [jar]
[INFO] Togglz - CDI integration                                           [jar]
[INFO] Togglz - Guice integration                                         [jar]
[INFO] Togglz - Spring Framework integration                              [jar]
[INFO] Togglz - Spring Web integration                                    [jar]
[INFO] Togglz - Spring Security integration                               [jar]
[INFO] Togglz - Spring Boot POM                                           [pom]
[INFO] Togglz - Spring Boot Starter                                       [jar]
[INFO] Togglz - DeltaSpike integration                                    [jar]
[INFO] Togglz - Apache Shiro integration                                  [jar]
[INFO] Togglz - Google App Engine Integration                             [jar]
[INFO] Togglz - Google Cloud Datastore Integration                        [jar]
[INFO] Togglz - MongoDB integration                                       [jar]
[INFO] Togglz - Testing Support                                           [jar]
[INFO] Togglz - JUnit integration                                         [jar]
[INFO] Togglz - Cassandra integration                                     [jar]
[INFO] Togglz - Hazelcast integration                                     [jar]
[INFO] Togglz - Apache Zookeeper Integration                              [jar]
[INFO] Togglz - DynamoDB integration                                      [jar]
[INFO] Togglz - Amazon S3 integration                                     [jar]
[INFO] Togglz - JMH benchmarks                                            [jar]
[INFO] Togglz - Slack integration                                         [jar]
[INFO] Togglz - Redis integration                                         [jar]
[INFO] Togglz - Kotlin wrapper                                            [jar]
[INFO] 
[INFO] ---------------------< org.togglz:togglz-project >----------------------
[INFO] Building Togglz 2.9.8-SNAPSHOT                                    [1/29]
[INFO] --------------------------------[ pom ]---------------------------------
[INFO] 
[INFO] --- maven-clean-plugin:2.5:clean (default-clean) @ togglz-project ---
[INFO] 
[INFO] --- maven-enforcer-plugin:1.0:enforce (enforce-maven) @ togglz-project ---
[INFO] 
[INFO] --- maven-dependency-plugin:2.8:unpack (unpack-wildfly) @ togglz-project ---
[INFO] Configured Artifact: org.wildfly:wildfly-dist:22.0.1.Final:zip
[INFO] Unpacking /home/gabsko/.m2/repository/org/wildfly/wildfly-dist/22.0.1.Final/wildfly-dist-22.0.1.Final.zip to /home/gabsko/breaking-updates/target/container with includes "" and excludes ""
[INFO] 
[INFO] -----------------------< org.togglz:togglz-core >-----------------------
[INFO] Building Togglz - Core Framework 2.9.8-SNAPSHOT                   [2/29]
[INFO] --------------------------------[ jar ]---------------------------------
[INFO] 
[INFO] --- maven-clean-plugin:2.5:clean (default-clean) @ togglz-core ---
[INFO] Deleting /home/gabsko/breaking-updates/core/target
[INFO] 
[INFO] --- maven-enforcer-plugin:1.0:enforce (enforce-maven) @ togglz-core ---
[INFO] 
[INFO] --- maven-resources-plugin:2.6:resources (default-resources) @ togglz-core ---
[INFO] Using 'UTF-8' encoding to copy filtered resources.
[INFO] Copying 3 resources
[INFO] 
[INFO] --- maven-compiler-plugin:3.8.1:compile (default-compile) @ togglz-core ---
[INFO] Changes detected - recompiling the module!
[INFO] Compiling 95 source files to /home/gabsko/breaking-updates/core/target/classes
[INFO] /home/gabsko/breaking-updates/core/src/main/java/org/togglz/core/jndi/FeatureManagerObjectFactory.java: /home/gabsko/breaking-updates/core/src/main/java/org/togglz/core/jndi/FeatureManagerObjectFactory.java uses or overrides a deprecated API.
[INFO] /home/gabsko/breaking-updates/core/src/main/java/org/togglz/core/jndi/FeatureManagerObjectFactory.java: Recompile with -Xlint:deprecation for details.
[INFO] /home/gabsko/breaking-updates/core/src/main/java/org/togglz/core/manager/FeatureManagerBuilder.java: Some input files use unchecked or unsafe operations.
[INFO] /home/gabsko/breaking-updates/core/src/main/java/org/togglz/core/manager/FeatureManagerBuilder.java: Recompile with -Xlint:unchecked for details.
[INFO] 
[INFO] --- maven-resources-plugin:2.6:testResources (default-testResources) @ togglz-core ---
[INFO] Using 'UTF-8' encoding to copy filtered resources.
[INFO] skip non existing resourceDirectory /home/gabsko/breaking-updates/core/src/test/resources
[INFO] 
[INFO] --- maven-compiler-plugin:3.8.1:testCompile (default-testCompile) @ togglz-core ---
[INFO] Changes detected - recompiling the module!
[INFO] Compiling 37 source files to /home/gabsko/breaking-updates/core/target/test-classes
[INFO] /home/gabsko/breaking-updates/core/src/test/java/org/togglz/core/repository/FeatureStateTest.java: /home/gabsko/breaking-updates/core/src/test/java/org/togglz/core/repository/FeatureStateTest.java uses or overrides a deprecated API.
[INFO] /home/gabsko/breaking-updates/core/src/test/java/org/togglz/core/repository/FeatureStateTest.java: Recompile with -Xlint:deprecation for details.
[INFO] /home/gabsko/breaking-updates/core/src/test/java/org/togglz/core/manager/EnumBasedFeatureProviderTest.java: /home/gabsko/breaking-updates/core/src/test/java/org/togglz/core/manager/EnumBasedFeatureProviderTest.java uses unchecked or unsafe operations.
[INFO] /home/gabsko/breaking-updates/core/src/test/java/org/togglz/core/manager/EnumBasedFeatureProviderTest.java: Recompile with -Xlint:unchecked for details.
[INFO] 
[INFO] --- maven-surefire-plugin:2.22.2:test (default-test) @ togglz-core ---
[INFO] 
[INFO] -------------------------------------------------------
[INFO]  T E S T S
[INFO] -------------------------------------------------------
[INFO] Running org.togglz.core.user.SingleUserProviderTest
[INFO] Tests run: 1, Failures: 0, Errors: 0, Skipped: 0, Time elapsed: 0.022 s - in org.togglz.core.user.SingleUserProviderTest
[INFO] Running org.togglz.core.context.ContextClassLoaderFeatureManagerProviderTest
[INFO] Tests run: 1, Failures: 0, Errors: 0, Skipped: 0, Time elapsed: 0.001 s - in org.togglz.core.context.ContextClassLoaderFeatureManagerProviderTest
[INFO] Running org.togglz.core.context.ThreadLocalFeatureManagerProviderTest
[INFO] Tests run: 2, Failures: 0, Errors: 0, Skipped: 0, Time elapsed: 0.015 s - in org.togglz.core.context.ThreadLocalFeatureManagerProviderTest
[INFO] Running org.togglz.core.metadata.enums.AnnotationFeatureGroupTest
[INFO] Tests run: 3, Failures: 0, Errors: 0, Skipped: 0, Time elapsed: 0.005 s - in org.togglz.core.metadata.enums.AnnotationFeatureGroupTest
[INFO] Running org.togglz.core.metadata.enums.EnumFeatureMetaDataTest
[INFO] Tests run: 4, Failures: 0, Errors: 0, Skipped: 0, Time elapsed: 0.011 s - in org.togglz.core.metadata.enums.EnumFeatureMetaDataTest
[INFO] Running org.togglz.core.repository.file.FileBasedRepositoryPerformanceTest
Feb 02, 2023 2:09:08 AM org.togglz.core.logging.Jdk14LogProvider$Jdk14Log info
INFO: Reloaded file: /tmp/FileBasedRepositoryPerformanceTest1227681563054069367.tmp
Feb 02, 2023 2:09:08 AM org.togglz.core.logging.Jdk14LogProvider$Jdk14Log info
INFO: Reloaded file: /tmp/FileBasedRepositoryPerformanceTest1227681563054069367.tmp
Time for EXISTING: 243
Time for EXISTING: 145
Time for EXISTING: 142
Time for EXISTING: 148
Time for EXISTING: 152
Time for EXISTING: 156
Feb 02, 2023 2:09:09 AM org.togglz.core.logging.Jdk14LogProvider$Jdk14Log info
INFO: Reloaded file: /tmp/FileBasedRepositoryPerformanceTest5143188283792708682.tmp
Feb 02, 2023 2:09:09 AM org.togglz.core.logging.Jdk14LogProvider$Jdk14Log info
INFO: Reloaded file: /tmp/FileBasedRepositoryPerformanceTest5143188283792708682.tmp
Time for MISSING: 127
Time for MISSING: 120
Time for MISSING: 115
Time for MISSING: 116
Time for MISSING: 112
Time for MISSING: 116
[INFO] Tests run: 2, Failures: 0, Errors: 0, Skipped: 0, Time elapsed: 1.72 s - in org.togglz.core.repository.file.FileBasedRepositoryPerformanceTest
[INFO] Running org.togglz.core.repository.file.FileBasedStateRepositoryConcurrencyTest
Feb 02, 2023 2:09:10 AM org.togglz.core.logging.Jdk14LogProvider$Jdk14Log info
INFO: Reloaded file: /tmp/FileBasedStateRepositoryConcurrencyTest2854689325454215727test
Feb 02, 2023 2:09:10 AM org.togglz.core.logging.Jdk14LogProvider$Jdk14Log info
INFO: Reloaded file: /tmp/FileBasedStateRepositoryConcurrencyTest2854689325454215727test
Feb 02, 2023 2:09:10 AM org.togglz.core.logging.Jdk14LogProvider$Jdk14Log info
INFO: Reloaded file: /tmp/FileBasedStateRepositoryConcurrencyTest2854689325454215727test
Feb 02, 2023 2:09:10 AM org.togglz.core.logging.Jdk14LogProvider$Jdk14Log info
INFO: Reloaded file: /tmp/FileBasedStateRepositoryConcurrencyTest2854689325454215727test
Feb 02, 2023 2:09:10 AM org.togglz.core.logging.Jdk14LogProvider$Jdk14Log info
INFO: Reloaded file: /tmp/FileBasedStateRepositoryConcurrencyTest2854689325454215727test
Feb 02, 2023 2:09:10 AM org.togglz.core.logging.Jdk14LogProvider$Jdk14Log info
INFO: Reloaded file: /tmp/FileBasedStateRepositoryConcurrencyTest2854689325454215727test
Feb 02, 2023 2:09:10 AM org.togglz.core.logging.Jdk14LogProvider$Jdk14Log info
INFO: Reloaded file: /tmp/FileBasedStateRepositoryConcurrencyTest2854689325454215727test
Feb 02, 2023 2:09:10 AM org.togglz.core.logging.Jdk14LogProvider$Jdk14Log info
INFO: Reloaded file: /tmp/FileBasedStateRepositoryConcurrencyTest2854689325454215727test
Feb 02, 2023 2:09:10 AM org.togglz.core.logging.Jdk14LogProvider$Jdk14Log info
INFO: Reloaded file: /tmp/FileBasedStateRepositoryConcurrencyTest2854689325454215727test
Feb 02, 2023 2:09:10 AM org.togglz.core.logging.Jdk14LogProvider$Jdk14Log info
INFO: Reloaded file: /tmp/FileBasedStateRepositoryConcurrencyTest2854689325454215727test
Feb 02, 2023 2:09:10 AM org.togglz.core.logging.Jdk14LogProvider$Jdk14Log info
INFO: Reloaded file: /tmp/FileBasedStateRepositoryConcurrencyTest2854689325454215727test
Feb 02, 2023 2:09:10 AM org.togglz.core.logging.Jdk14LogProvider$Jdk14Log info
INFO: Reloaded file: /tmp/FileBasedStateRepositoryConcurrencyTest2854689325454215727test
Feb 02, 2023 2:09:10 AM org.togglz.core.logging.Jdk14LogProvider$Jdk14Log info
INFO: Reloaded file: /tmp/FileBasedStateRepositoryConcurrencyTest2854689325454215727test
Feb 02, 2023 2:09:10 AM org.togglz.core.logging.Jdk14LogProvider$Jdk14Log info
INFO: Reloaded file: /tmp/FileBasedStateRepositoryConcurrencyTest2854689325454215727test
Feb 02, 2023 2:09:10 AM org.togglz.core.logging.Jdk14LogProvider$Jdk14Log info
INFO: Reloaded file: /tmp/FileBasedStateRepositoryConcurrencyTest2854689325454215727test
Feb 02, 2023 2:09:10 AM org.togglz.core.logging.Jdk14LogProvider$Jdk14Log info
INFO: Reloaded file: /tmp/FileBasedStateRepositoryConcurrencyTest2854689325454215727test
Feb 02, 2023 2:09:10 AM org.togglz.core.logging.Jdk14LogProvider$Jdk14Log info
INFO: Reloaded file: /tmp/FileBasedStateRepositoryConcurrencyTest2854689325454215727test
Feb 02, 2023 2:09:10 AM org.togglz.core.logging.Jdk14LogProvider$Jdk14Log info
INFO: Reloaded file: /tmp/FileBasedStateRepositoryConcurrencyTest2854689325454215727test
Feb 02, 2023 2:09:10 AM org.togglz.core.logging.Jdk14LogProvider$Jdk14Log info
INFO: Reloaded file: /tmp/FileBasedStateRepositoryConcurrencyTest2854689325454215727test
Feb 02, 2023 2:09:10 AM org.togglz.core.logging.Jdk14LogProvider$Jdk14Log info
INFO: Reloaded file: /tmp/FileBasedStateRepositoryConcurrencyTest2854689325454215727test
Feb 02, 2023 2:09:10 AM org.togglz.core.logging.Jdk14LogProvider$Jdk14Log info
INFO: Reloaded file: /tmp/FileBasedStateRepositoryConcurrencyTest2854689325454215727test
Feb 02, 2023 2:09:10 AM org.togglz.core.logging.Jdk14LogProvider$Jdk14Log info
INFO: Reloaded file: /tmp/FileBasedStateRepositoryConcurrencyTest2854689325454215727test
Feb 02, 2023 2:09:10 AM org.togglz.core.logging.Jdk14LogProvider$Jdk14Log info
INFO: Reloaded file: /tmp/FileBasedStateRepositoryConcurrencyTest2854689325454215727test
Feb 02, 2023 2:09:10 AM org.togglz.core.logging.Jdk14LogProvider$Jdk14Log info
INFO: Reloaded file: /tmp/FileBasedStateRepositoryConcurrencyTest2854689325454215727test
Feb 02, 2023 2:09:10 AM org.togglz.core.logging.Jdk14LogProvider$Jdk14Log info
INFO: Reloaded file: /tmp/FileBasedStateRepositoryConcurrencyTest2854689325454215727test
Feb 02, 2023 2:09:10 AM org.togglz.core.logging.Jdk14LogProvider$Jdk14Log info
INFO: Reloaded file: /tmp/FileBasedStateRepositoryConcurrencyTest2854689325454215727test
Feb 02, 2023 2:09:10 AM org.togglz.core.logging.Jdk14LogProvider$Jdk14Log info
INFO: Reloaded file: /tmp/FileBasedStateRepositoryConcurrencyTest2854689325454215727test
Feb 02, 2023 2:09:10 AM org.togglz.core.logging.Jdk14LogProvider$Jdk14Log info
INFO: Reloaded file: /tmp/FileBasedStateRepositoryConcurrencyTest2854689325454215727test
Feb 02, 2023 2:09:10 AM org.togglz.core.logging.Jdk14LogProvider$Jdk14Log info
INFO: Reloaded file: /tmp/FileBasedStateRepositoryConcurrencyTest2854689325454215727test
Feb 02, 2023 2:09:10 AM org.togglz.core.logging.Jdk14LogProvider$Jdk14Log info
INFO: Reloaded file: /tmp/FileBasedStateRepositoryConcurrencyTest2854689325454215727test
Feb 02, 2023 2:09:10 AM org.togglz.core.logging.Jdk14LogProvider$Jdk14Log info
INFO: Reloaded file: /tmp/FileBasedStateRepositoryConcurrencyTest2854689325454215727test
Feb 02, 2023 2:09:10 AM org.togglz.core.logging.Jdk14LogProvider$Jdk14Log info
INFO: Reloaded file: /tmp/FileBasedStateRepositoryConcurrencyTest2854689325454215727test
Feb 02, 2023 2:09:10 AM org.togglz.core.logging.Jdk14LogProvider$Jdk14Log info
INFO: Reloaded file: /tmp/FileBasedStateRepositoryConcurrencyTest2854689325454215727test
Feb 02, 2023 2:09:10 AM org.togglz.core.logging.Jdk14LogProvider$Jdk14Log info
INFO: Reloaded file: /tmp/FileBasedStateRepositoryConcurrencyTest2854689325454215727test
Feb 02, 2023 2:09:10 AM org.togglz.core.logging.Jdk14LogProvider$Jdk14Log info
INFO: Reloaded file: /tmp/FileBasedStateRepositoryConcurrencyTest2854689325454215727test
Feb 02, 2023 2:09:10 AM org.togglz.core.logging.Jdk14LogProvider$Jdk14Log info
INFO: Reloaded file: /tmp/FileBasedStateRepositoryConcurrencyTest2854689325454215727test
Feb 02, 2023 2:09:10 AM org.togglz.core.logging.Jdk14LogProvider$Jdk14Log info
INFO: Reloaded file: /tmp/FileBasedStateRepositoryConcurrencyTest2854689325454215727test
Feb 02, 2023 2:09:10 AM org.togglz.core.logging.Jdk14LogProvider$Jdk14Log info
INFO: Reloaded file: /tmp/FileBasedStateRepositoryConcurrencyTest2854689325454215727test
Feb 02, 2023 2:09:10 AM org.togglz.core.logging.Jdk14LogProvider$Jdk14Log info
INFO: Reloaded file: /tmp/FileBasedStateRepositoryConcurrencyTest2854689325454215727test
Feb 02, 2023 2:09:10 AM org.togglz.core.logging.Jdk14LogProvider$Jdk14Log info
INFO: Reloaded file: /tmp/FileBasedStateRepositoryConcurrencyTest2854689325454215727test
Feb 02, 2023 2:09:10 AM org.togglz.core.logging.Jdk14LogProvider$Jdk14Log info
INFO: Reloaded file: /tmp/FileBasedStateRepositoryConcurrencyTest2854689325454215727test
Feb 02, 2023 2:09:10 AM org.togglz.core.logging.Jdk14LogProvider$Jdk14Log info
INFO: Reloaded file: /tmp/FileBasedStateRepositoryConcurrencyTest2854689325454215727test
Feb 02, 2023 2:09:10 AM org.togglz.core.logging.Jdk14LogProvider$Jdk14Log info
INFO: Reloaded file: /tmp/FileBasedStateRepositoryConcurrencyTest2854689325454215727test
Feb 02, 2023 2:09:10 AM org.togglz.core.logging.Jdk14LogProvider$Jdk14Log info
INFO: Reloaded file: /tmp/FileBasedStateRepositoryConcurrencyTest2854689325454215727test
Feb 02, 2023 2:09:10 AM org.togglz.core.logging.Jdk14LogProvider$Jdk14Log info
INFO: Reloaded file: /tmp/FileBasedStateRepositoryConcurrencyTest2854689325454215727test
Feb 02, 2023 2:09:10 AM org.togglz.core.logging.Jdk14LogProvider$Jdk14Log info
INFO: Reloaded file: /tmp/FileBasedStateRepositoryConcurrencyTest2854689325454215727test
Feb 02, 2023 2:09:10 AM org.togglz.core.logging.Jdk14LogProvider$Jdk14Log info
INFO: Reloaded file: /tmp/FileBasedStateRepositoryConcurrencyTest2854689325454215727test
Feb 02, 2023 2:09:10 AM org.togglz.core.logging.Jdk14LogProvider$Jdk14Log info
INFO: Reloaded file: /tmp/FileBasedStateRepositoryConcurrencyTest2854689325454215727test
Feb 02, 2023 2:09:10 AM org.togglz.core.logging.Jdk14LogProvider$Jdk14Log info
INFO: Reloaded file: /tmp/FileBasedStateRepositoryConcurrencyTest2854689325454215727test
Feb 02, 2023 2:09:10 AM org.togglz.core.logging.Jdk14LogProvider$Jdk14Log info
INFO: Reloaded file: /tmp/FileBasedStateRepositoryConcurrencyTest2854689325454215727test
Feb 02, 2023 2:09:10 AM org.togglz.core.logging.Jdk14LogProvider$Jdk14Log info
INFO: Reloaded file: /tmp/FileBasedStateRepositoryConcurrencyTest2854689325454215727test
Feb 02, 2023 2:09:10 AM org.togglz.core.logging.Jdk14LogProvider$Jdk14Log info
INFO: Reloaded file: /tmp/FileBasedStateRepositoryConcurrencyTest2854689325454215727test
Feb 02, 2023 2:09:10 AM org.togglz.core.logging.Jdk14LogProvider$Jdk14Log info
INFO: Reloaded file: /tmp/FileBasedStateRepositoryConcurrencyTest2854689325454215727test
Feb 02, 2023 2:09:10 AM org.togglz.core.logging.Jdk14LogProvider$Jdk14Log info
INFO: Reloaded file: /tmp/FileBasedStateRepositoryConcurrencyTest2854689325454215727test
Feb 02, 2023 2:09:10 AM org.togglz.core.logging.Jdk14LogProvider$Jdk14Log info
INFO: Reloaded file: /tmp/FileBasedStateRepositoryConcurrencyTest2854689325454215727test
Feb 02, 2023 2:09:10 AM org.togglz.core.logging.Jdk14LogProvider$Jdk14Log info
INFO: Reloaded file: /tmp/FileBasedStateRepositoryConcurrencyTest2854689325454215727test
Feb 02, 2023 2:09:10 AM org.togglz.core.logging.Jdk14LogProvider$Jdk14Log info
INFO: Reloaded file: /tmp/FileBasedStateRepositoryConcurrencyTest2854689325454215727test
Feb 02, 2023 2:09:10 AM org.togglz.core.logging.Jdk14LogProvider$Jdk14Log info
INFO: Reloaded file: /tmp/FileBasedStateRepositoryConcurrencyTest2854689325454215727test
Feb 02, 2023 2:09:10 AM org.togglz.core.logging.Jdk14LogProvider$Jdk14Log info
INFO: Reloaded file: /tmp/FileBasedStateRepositoryConcurrencyTest2854689325454215727test
Feb 02, 2023 2:09:10 AM org.togglz.core.logging.Jdk14LogProvider$Jdk14Log info
INFO: Reloaded file: /tmp/FileBasedStateRepositoryConcurrencyTest2854689325454215727test
Feb 02, 2023 2:09:10 AM org.togglz.core.logging.Jdk14LogProvider$Jdk14Log info
INFO: Reloaded file: /tmp/FileBasedStateRepositoryConcurrencyTest2854689325454215727test
Feb 02, 2023 2:09:10 AM org.togglz.core.logging.Jdk14LogProvider$Jdk14Log info
INFO: Reloaded file: /tmp/FileBasedStateRepositoryConcurrencyTest2854689325454215727test
Feb 02, 2023 2:09:10 AM org.togglz.core.logging.Jdk14LogProvider$Jdk14Log info
INFO: Reloaded file: /tmp/FileBasedStateRepositoryConcurrencyTest2854689325454215727test
Feb 02, 2023 2:09:10 AM org.togglz.core.logging.Jdk14LogProvider$Jdk14Log info
INFO: Reloaded file: /tmp/FileBasedStateRepositoryConcurrencyTest2854689325454215727test
Feb 02, 2023 2:09:10 AM org.togglz.core.logging.Jdk14LogProvider$Jdk14Log info
INFO: Reloaded file: /tmp/FileBasedStateRepositoryConcurrencyTest2854689325454215727test
Feb 02, 2023 2:09:10 AM org.togglz.core.logging.Jdk14LogProvider$Jdk14Log info
INFO: Reloaded file: /tmp/FileBasedStateRepositoryConcurrencyTest2854689325454215727test
Feb 02, 2023 2:09:10 AM org.togglz.core.logging.Jdk14LogProvider$Jdk14Log info
INFO: Reloaded file: /tmp/FileBasedStateRepositoryConcurrencyTest2854689325454215727test
Feb 02, 2023 2:09:10 AM org.togglz.core.logging.Jdk14LogProvider$Jdk14Log info
INFO: Reloaded file: /tmp/FileBasedStateRepositoryConcurrencyTest2854689325454215727test
Feb 02, 2023 2:09:10 AM org.togglz.core.logging.Jdk14LogProvider$Jdk14Log info
INFO: Reloaded file: /tmp/FileBasedStateRepositoryConcurrencyTest2854689325454215727test
Feb 02, 2023 2:09:10 AM org.togglz.core.logging.Jdk14LogProvider$Jdk14Log info
INFO: Reloaded file: /tmp/FileBasedStateRepositoryConcurrencyTest2854689325454215727test
Feb 02, 2023 2:09:10 AM org.togglz.core.logging.Jdk14LogProvider$Jdk14Log info
INFO: Reloaded file: /tmp/FileBasedStateRepositoryConcurrencyTest2854689325454215727test
Feb 02, 2023 2:09:10 AM org.togglz.core.logging.Jdk14LogProvider$Jdk14Log info
INFO: Reloaded file: /tmp/FileBasedStateRepositoryConcurrencyTest2854689325454215727test
Feb 02, 2023 2:09:10 AM org.togglz.core.logging.Jdk14LogProvider$Jdk14Log info
INFO: Reloaded file: /tmp/FileBasedStateRepositoryConcurrencyTest2854689325454215727test
Feb 02, 2023 2:09:10 AM org.togglz.core.logging.Jdk14LogProvider$Jdk14Log info
INFO: Reloaded file: /tmp/FileBasedStateRepositoryConcurrencyTest2854689325454215727test
Feb 02, 2023 2:09:10 AM org.togglz.core.logging.Jdk14LogProvider$Jdk14Log info
INFO: Reloaded file: /tmp/FileBasedStateRepositoryConcurrencyTest2854689325454215727test
Feb 02, 2023 2:09:10 AM org.togglz.core.logging.Jdk14LogProvider$Jdk14Log info
INFO: Reloaded file: /tmp/FileBasedStateRepositoryConcurrencyTest2854689325454215727test
Feb 02, 2023 2:09:10 AM org.togglz.core.logging.Jdk14LogProvider$Jdk14Log info
INFO: Reloaded file: /tmp/FileBasedStateRepositoryConcurrencyTest2854689325454215727test
Feb 02, 2023 2:09:10 AM org.togglz.core.logging.Jdk14LogProvider$Jdk14Log info
INFO: Reloaded file: /tmp/FileBasedStateRepositoryConcurrencyTest2854689325454215727test
Feb 02, 2023 2:09:10 AM org.togglz.core.logging.Jdk14LogProvider$Jdk14Log info
INFO: Reloaded file: /tmp/FileBasedStateRepositoryConcurrencyTest2854689325454215727test
Feb 02, 2023 2:09:10 AM org.togglz.core.logging.Jdk14LogProvider$Jdk14Log info
INFO: Reloaded file: /tmp/FileBasedStateRepositoryConcurrencyTest2854689325454215727test
Feb 02, 2023 2:09:10 AM org.togglz.core.logging.Jdk14LogProvider$Jdk14Log info
INFO: Reloaded file: /tmp/FileBasedStateRepositoryConcurrencyTest2854689325454215727test
Feb 02, 2023 2:09:10 AM org.togglz.core.logging.Jdk14LogProvider$Jdk14Log info
INFO: Reloaded file: /tmp/FileBasedStateRepositoryConcurrencyTest2854689325454215727test
Feb 02, 2023 2:09:10 AM org.togglz.core.logging.Jdk14LogProvider$Jdk14Log info
INFO: Reloaded file: /tmp/FileBasedStateRepositoryConcurrencyTest2854689325454215727test
Feb 02, 2023 2:09:10 AM org.togglz.core.logging.Jdk14LogProvider$Jdk14Log info
INFO: Reloaded file: /tmp/FileBasedStateRepositoryConcurrencyTest2854689325454215727test
Feb 02, 2023 2:09:10 AM org.togglz.core.logging.Jdk14LogProvider$Jdk14Log info
INFO: Reloaded file: /tmp/FileBasedStateRepositoryConcurrencyTest2854689325454215727test
Feb 02, 2023 2:09:10 AM org.togglz.core.logging.Jdk14LogProvider$Jdk14Log info
INFO: Reloaded file: /tmp/FileBasedStateRepositoryConcurrencyTest2854689325454215727test
Feb 02, 2023 2:09:10 AM org.togglz.core.logging.Jdk14LogProvider$Jdk14Log info
INFO: Reloaded file: /tmp/FileBasedStateRepositoryConcurrencyTest2854689325454215727test
Feb 02, 2023 2:09:10 AM org.togglz.core.logging.Jdk14LogProvider$Jdk14Log info
INFO: Reloaded file: /tmp/FileBasedStateRepositoryConcurrencyTest2854689325454215727test
Feb 02, 2023 2:09:10 AM org.togglz.core.logging.Jdk14LogProvider$Jdk14Log info
INFO: Reloaded file: /tmp/FileBasedStateRepositoryConcurrencyTest2854689325454215727test
Feb 02, 2023 2:09:10 AM org.togglz.core.logging.Jdk14LogProvider$Jdk14Log info
INFO: Reloaded file: /tmp/FileBasedStateRepositoryConcurrencyTest2854689325454215727test
Feb 02, 2023 2:09:10 AM org.togglz.core.logging.Jdk14LogProvider$Jdk14Log info
INFO: Reloaded file: /tmp/FileBasedStateRepositoryConcurrencyTest2854689325454215727test
Feb 02, 2023 2:09:10 AM org.togglz.core.logging.Jdk14LogProvider$Jdk14Log info
INFO: Reloaded file: /tmp/FileBasedStateRepositoryConcurrencyTest2854689325454215727test
Feb 02, 2023 2:09:10 AM org.togglz.core.logging.Jdk14LogProvider$Jdk14Log info
INFO: Reloaded file: /tmp/FileBasedStateRepositoryConcurrencyTest2854689325454215727test
Feb 02, 2023 2:09:10 AM org.togglz.core.logging.Jdk14LogProvider$Jdk14Log info
INFO: Reloaded file: /tmp/FileBasedStateRepositoryConcurrencyTest2854689325454215727test
Feb 02, 2023 2:09:10 AM org.togglz.core.logging.Jdk14LogProvider$Jdk14Log info
INFO: Reloaded file: /tmp/FileBasedStateRepositoryConcurrencyTest2854689325454215727test
Feb 02, 2023 2:09:10 AM org.togglz.core.logging.Jdk14LogProvider$Jdk14Log info
INFO: Reloaded file: /tmp/FileBasedStateRepositoryConcurrencyTest2854689325454215727test
Feb 02, 2023 2:09:10 AM org.togglz.core.logging.Jdk14LogProvider$Jdk14Log info
INFO: Reloaded file: /tmp/FileBasedStateRepositoryConcurrencyTest2854689325454215727test
Feb 02, 2023 2:09:10 AM org.togglz.core.logging.Jdk14LogProvider$Jdk14Log info
INFO: Reloaded file: /tmp/FileBasedStateRepositoryConcurrencyTest2854689325454215727test
Feb 02, 2023 2:09:10 AM org.togglz.core.logging.Jdk14LogProvider$Jdk14Log info
INFO: Reloaded file: /tmp/FileBasedStateRepositoryConcurrencyTest2854689325454215727test
Feb 02, 2023 2:09:10 AM org.togglz.core.logging.Jdk14LogProvider$Jdk14Log info
INFO: Reloaded file: /tmp/FileBasedStateRepositoryConcurrencyTest2854689325454215727test
Feb 02, 2023 2:09:10 AM org.togglz.core.logging.Jdk14LogProvider$Jdk14Log info
INFO: Reloaded file: /tmp/FileBasedStateRepositoryConcurrencyTest2854689325454215727test
[INFO] Tests run: 1, Failures: 0, Errors: 0, Skipped: 0, Time elapsed: 0.239 s - in org.togglz.core.repository.file.FileBasedStateRepositoryConcurrencyTest
[INFO] Running org.togglz.core.repository.file.FileBasedStateRepositoryTest
Feb 02, 2023 2:09:10 AM org.togglz.core.logging.Jdk14LogProvider$Jdk14Log info
INFO: Reloaded file: /tmp/test-file-repository15876313503438328266.tmp
Feb 02, 2023 2:09:10 AM org.togglz.core.logging.Jdk14LogProvider$Jdk14Log info
INFO: Reloaded file: /tmp/test-file-repository15876313503438328266.tmp
Feb 02, 2023 2:09:10 AM org.togglz.core.logging.Jdk14LogProvider$Jdk14Log info
INFO: Reloaded file: /tmp/test-file-repository4944116068918989464.tmp
Feb 02, 2023 2:09:10 AM org.togglz.core.logging.Jdk14LogProvider$Jdk14Log info
INFO: Reloaded file: /tmp/test-file-repository8922344458651199951.tmp
Feb 02, 2023 2:09:10 AM org.togglz.core.logging.Jdk14LogProvider$Jdk14Log info
INFO: Reloaded file: /tmp/test-file-repository721390539713545996.tmp
Feb 02, 2023 2:09:10 AM org.togglz.core.logging.Jdk14LogProvider$Jdk14Log info
INFO: Reloaded file: /tmp/test-file-repository16192430602155507778.tmp
Feb 02, 2023 2:09:10 AM org.togglz.core.logging.Jdk14LogProvider$Jdk14Log info
INFO: Reloaded file: /tmp/test-file-repository14765477796797719345.tmp
Feb 02, 2023 2:09:10 AM org.togglz.core.logging.Jdk14LogProvider$Jdk14Log info
INFO: Reloaded file: /tmp/test-file-repository10004594944174134475.tmp
Feb 02, 2023 2:09:10 AM org.togglz.core.logging.Jdk14LogProvider$Jdk14Log info
INFO: Reloaded file: /tmp/test-file-repository9507266057770057030.tmp
Feb 02, 2023 2:09:10 AM org.togglz.core.logging.Jdk14LogProvider$Jdk14Log info
INFO: Reloaded file: /home/gabsko/breaking-updates/core/test.properties
[INFO] Tests run: 9, Failures: 0, Errors: 0, Skipped: 0, Time elapsed: 0.012 s - in org.togglz.core.repository.file.FileBasedStateRepositoryTest
[INFO] Running org.togglz.core.repository.composite.CompositeStateRepositoryTest
[INFO] Tests run: 7, Failures: 0, Errors: 0, Skipped: 0, Time elapsed: 0.002 s - in org.togglz.core.repository.composite.CompositeStateRepositoryTest
[INFO] Running org.togglz.core.repository.cache.CachingStateRepositoryTest
[INFO] Tests run: 6, Failures: 0, Errors: 0, Skipped: 0, Time elapsed: 0.902 s - in org.togglz.core.repository.cache.CachingStateRepositoryTest
[INFO] Running org.togglz.core.repository.util.DefaultMapSerializerTest
[INFO] Tests run: 7, Failures: 0, Errors: 0, Skipped: 0, Time elapsed: 0.004 s - in org.togglz.core.repository.util.DefaultMapSerializerTest
[INFO] Running org.togglz.core.repository.mem.InMemoryStateRepositoryTest
[INFO] Tests run: 3, Failures: 0, Errors: 0, Skipped: 0, Time elapsed: 0.001 s - in org.togglz.core.repository.mem.InMemoryStateRepositoryTest
[INFO] Running org.togglz.core.repository.FeatureStateTest
[INFO] Tests run: 2, Failures: 0, Errors: 0, Skipped: 0, Time elapsed: 0 s - in org.togglz.core.repository.FeatureStateTest
[INFO] Running org.togglz.core.repository.jdbc.SchemaUpdaterTest
[INFO] Tests run: 4, Failures: 0, Errors: 0, Skipped: 0, Time elapsed: 0.176 s - in org.togglz.core.repository.jdbc.SchemaUpdaterTest
[INFO] Running org.togglz.core.repository.jdbc.JDBCRepositoryAutoCommitTest
[INFO] Tests run: 2, Failures: 0, Errors: 0, Skipped: 0, Time elapsed: 0.028 s - in org.togglz.core.repository.jdbc.JDBCRepositoryAutoCommitTest
[INFO] Running org.togglz.core.repository.jdbc.JDBCStateRepositoryTest
[INFO] Tests run: 7, Failures: 0, Errors: 0, Skipped: 0, Time elapsed: 0.144 s - in org.togglz.core.repository.jdbc.JDBCStateRepositoryTest
[INFO] Running org.togglz.core.repository.listener.ListenableStateRepositoryTest
[INFO] Tests run: 5, Failures: 0, Errors: 0, Skipped: 0, Time elapsed: 0.013 s - in org.togglz.core.repository.listener.ListenableStateRepositoryTest
[INFO] Running org.togglz.core.util.StringsTest
[INFO] Tests run: 7, Failures: 0, Errors: 0, Skipped: 0, Time elapsed: 0.001 s - in org.togglz.core.util.StringsTest
[INFO] Running org.togglz.core.util.FeatureAnnotationsTest
[INFO] Tests run: 7, Failures: 0, Errors: 0, Skipped: 0, Time elapsed: 0.002 s - in org.togglz.core.util.FeatureAnnotationsTest
[INFO] Running org.togglz.core.util.NamedFeatureTest
[INFO] Tests run: 1, Failures: 0, Errors: 0, Skipped: 0, Time elapsed: 0.003 s - in org.togglz.core.util.NamedFeatureTest
[INFO] Running org.togglz.core.util.FeatureStateTest
[INFO] Tests run: 1, Failures: 0, Errors: 0, Skipped: 0, Time elapsed: 0.002 s - in org.togglz.core.util.FeatureStateTest
[INFO] Running org.togglz.core.util.FeatureMapTest
[INFO] Tests run: 4, Failures: 0, Errors: 0, Skipped: 0, Time elapsed: 0.017 s - in org.togglz.core.util.FeatureMapTest
[INFO] Running org.togglz.core.util.WeightedTest
[INFO] Tests run: 3, Failures: 0, Errors: 0, Skipped: 0, Time elapsed: 0 s - in org.togglz.core.util.WeightedTest
[INFO] Running org.togglz.core.logging.LoggingStateRepositoryTest
[INFO] Tests run: 4, Failures: 0, Errors: 0, Skipped: 0, Time elapsed: 0.02 s - in org.togglz.core.logging.LoggingStateRepositoryTest
[INFO] Running org.togglz.core.manager.FeatureManagerBuilderTest
[INFO] Tests run: 2, Failures: 0, Errors: 0, Skipped: 0, Time elapsed: 0.01 s - in org.togglz.core.manager.FeatureManagerBuilderTest
[INFO] Running org.togglz.core.manager.EnumBasedFeatureProviderTest
[INFO] Tests run: 18, Failures: 0, Errors: 0, Skipped: 0, Time elapsed: 0.004 s - in org.togglz.core.manager.EnumBasedFeatureProviderTest
[INFO] Running org.togglz.core.manager.PropertyFeatureProviderTest
[INFO] Tests run: 7, Failures: 0, Errors: 0, Skipped: 0, Time elapsed: 0.024 s - in org.togglz.core.manager.PropertyFeatureProviderTest
[INFO] Running org.togglz.core.manager.CompositeFeatureProviderTest
[INFO] Tests run: 2, Failures: 0, Errors: 0, Skipped: 0, Time elapsed: 0 s - in org.togglz.core.manager.CompositeFeatureProviderTest
[INFO] Running org.togglz.core.manager.DefaultFeatureManagerTest
[INFO] Tests run: 6, Failures: 0, Errors: 0, Skipped: 0, Time elapsed: 0.032 s - in org.togglz.core.manager.DefaultFeatureManagerTest
[INFO] Running org.togglz.core.activation.UsernameActivationStrategyTest
[INFO] Tests run: 5, Failures: 0, Errors: 0, Skipped: 0, Time elapsed: 0.001 s - in org.togglz.core.activation.UsernameActivationStrategyTest
[INFO] Running org.togglz.core.activation.UserRoleActivationStrategyTest
[INFO] Tests run: 10, Failures: 0, Errors: 0, Skipped: 0, Time elapsed: 0.047 s - in org.togglz.core.activation.UserRoleActivationStrategyTest
[INFO] Running org.togglz.core.activation.DefaultActivationStrategyProviderTest
[INFO] Tests run: 4, Failures: 0, Errors: 0, Skipped: 0, Time elapsed: 0.006 s - in org.togglz.core.activation.DefaultActivationStrategyProviderTest
[INFO] Running org.togglz.core.activation.ScriptEngineActivationStrategyTest
Warning: Nashorn engine is planned to be removed from a future JDK release
Warning: Nashorn engine is planned to be removed from a future JDK release
Warning: Nashorn engine is planned to be removed from a future JDK release
Warning: Nashorn engine is planned to be removed from a future JDK release
Warning: Nashorn engine is planned to be removed from a future JDK release
Warning: Nashorn engine is planned to be removed from a future JDK release
Warning: Nashorn engine is planned to be removed from a future JDK release
Warning: Nashorn engine is planned to be removed from a future JDK release
Warning: Nashorn engine is planned to be removed from a future JDK release
Warning: Nashorn engine is planned to be removed from a future JDK release
Feb 02, 2023 2:09:12 AM org.togglz.core.logging.Jdk14LogProvider$Jdk14Log error
SEVERE: Could not find script engine for: some language that doesn't exist
Warning: Nashorn engine is planned to be removed from a future JDK release
Warning: Nashorn engine is planned to be removed from a future JDK release
Warning: Nashorn engine is planned to be removed from a future JDK release
Feb 02, 2023 2:09:12 AM org.togglz.core.logging.Jdk14LogProvider$Jdk14Log error
SEVERE: Could not evaluate script for feature FEATURE: <eval>:1:1 Expected an operand but found =
 = ,;
 ^ in <eval> at line number 1 at column number 1
[INFO] Tests run: 8, Failures: 0, Errors: 0, Skipped: 0, Time elapsed: 0.395 s - in org.togglz.core.activation.ScriptEngineActivationStrategyTest
[INFO] Running org.togglz.core.activation.SystemPropertyActivationStrategyTest
[INFO] Tests run: 8, Failures: 0, Errors: 0, Skipped: 0, Time elapsed: 0 s - in org.togglz.core.activation.SystemPropertyActivationStrategyTest
[INFO] Running org.togglz.core.activation.IPActivationStrategyTest
[INFO] Tests run: 4, Failures: 0, Errors: 0, Skipped: 0, Time elapsed: 0 s - in org.togglz.core.activation.IPActivationStrategyTest
[INFO] Running org.togglz.core.activation.GradualActivationStrategyTest
Feb 02, 2023 2:09:12 AM org.togglz.core.logging.Jdk14LogProvider$Jdk14Log error
SEVERE: Invalid gradual rollout percentage for feature FEATURE: 100x
Feb 02, 2023 2:09:12 AM org.togglz.core.logging.Jdk14LogProvider$Jdk14Log error
SEVERE: Invalid gradual rollout percentage for feature FEATURE: 100x
[INFO] Tests run: 6, Failures: 0, Errors: 0, Skipped: 0, Time elapsed: 0 s - in org.togglz.core.activation.GradualActivationStrategyTest
[INFO] Running org.togglz.core.activation.ParameterBuilderTest
[INFO] Tests run: 6, Failures: 0, Errors: 0, Skipped: 0, Time elapsed: 0 s - in org.togglz.core.activation.ParameterBuilderTest
[INFO] 
[INFO] Results:
[INFO] 
[INFO] Tests run: 179, Failures: 0, Errors: 0, Skipped: 0
[INFO] 
[INFO] 
[INFO] -------------------< org.togglz:togglz-test-harness >-------------------
[INFO] Building Togglz - Test Harness 2.9.8-SNAPSHOT                     [3/29]
[INFO] --------------------------------[ jar ]---------------------------------
[INFO] 
[INFO] --- maven-clean-plugin:2.5:clean (default-clean) @ togglz-test-harness ---
[INFO] Deleting /home/gabsko/breaking-updates/test-harness/target
[INFO] 
[INFO] --- maven-enforcer-plugin:1.0:enforce (enforce-maven) @ togglz-test-harness ---
[INFO] 
[INFO] --- maven-resources-plugin:2.6:resources (default-resources) @ togglz-test-harness ---
[INFO] Using 'UTF-8' encoding to copy filtered resources.
[INFO] Copying 2 resources
[INFO] 
[INFO] --- maven-compiler-plugin:3.8.1:compile (default-compile) @ togglz-test-harness ---
[INFO] Changes detected - recompiling the module!
[INFO] Compiling 6 source files to /home/gabsko/breaking-updates/test-harness/target/classes
[INFO] 
[INFO] --- maven-resources-plugin:2.6:testResources (default-testResources) @ togglz-test-harness ---
[INFO] Using 'UTF-8' encoding to copy filtered resources.
[INFO] skip non existing resourceDirectory /home/gabsko/breaking-updates/test-harness/src/test/resources
[INFO] 
[INFO] --- maven-compiler-plugin:3.8.1:testCompile (default-testCompile) @ togglz-test-harness ---
[INFO] No sources to compile
[INFO] 
[INFO] --- maven-surefire-plugin:2.22.2:test (default-test) @ togglz-test-harness ---
[INFO] No tests to run.
[INFO] 
[INFO] ----------------------< org.togglz:togglz-slf4j >-----------------------
[INFO] Building Togglz - SLF4J integration 2.9.8-SNAPSHOT                [4/29]
[INFO] --------------------------------[ jar ]---------------------------------
[INFO] 
[INFO] --- maven-clean-plugin:2.5:clean (default-clean) @ togglz-slf4j ---
[INFO] Deleting /home/gabsko/breaking-updates/slf4j/target
[INFO] 
[INFO] --- maven-enforcer-plugin:1.0:enforce (enforce-maven) @ togglz-slf4j ---
[INFO] 
[INFO] --- maven-resources-plugin:2.6:resources (default-resources) @ togglz-slf4j ---
[INFO] Using 'UTF-8' encoding to copy filtered resources.
[INFO] Copying 1 resource
[INFO] 
[INFO] --- maven-compiler-plugin:3.8.1:compile (default-compile) @ togglz-slf4j ---
[INFO] Changes detected - recompiling the module!
[INFO] Compiling 1 source file to /home/gabsko/breaking-updates/slf4j/target/classes
[INFO] 
[INFO] --- maven-resources-plugin:2.6:testResources (default-testResources) @ togglz-slf4j ---
[INFO] Using 'UTF-8' encoding to copy filtered resources.
[INFO] skip non existing resourceDirectory /home/gabsko/breaking-updates/slf4j/src/test/resources
[INFO] 
[INFO] --- maven-compiler-plugin:3.8.1:testCompile (default-testCompile) @ togglz-slf4j ---
[INFO] No sources to compile
[INFO] 
[INFO] --- maven-surefire-plugin:2.22.2:test (default-test) @ togglz-slf4j ---
[INFO] No tests to run.
[INFO] 
[INFO] ---------------------< org.togglz:togglz-servlet >----------------------
[INFO] Building Togglz - Servlet integration 2.9.8-SNAPSHOT              [5/29]
[INFO] --------------------------------[ jar ]---------------------------------
[INFO] 
[INFO] --- maven-clean-plugin:2.5:clean (default-clean) @ togglz-servlet ---
[INFO] Deleting /home/gabsko/breaking-updates/servlet/target
[INFO] 
[INFO] --- maven-enforcer-plugin:1.0:enforce (enforce-maven) @ togglz-servlet ---
[INFO] 
[INFO] --- maven-resources-plugin:2.6:resources (default-resources) @ togglz-servlet ---
[INFO] Using 'UTF-8' encoding to copy filtered resources.
[INFO] Copying 4 resources
[INFO] 
[INFO] --- maven-compiler-plugin:3.8.1:compile (default-compile) @ togglz-servlet ---
[INFO] Changes detected - recompiling the module!
[INFO] Compiling 16 source files to /home/gabsko/breaking-updates/servlet/target/classes
[INFO] /home/gabsko/breaking-updates/servlet/src/main/java/org/togglz/servlet/spi/ServletContextBeanFinder.java: /home/gabsko/breaking-updates/servlet/src/main/java/org/togglz/servlet/spi/ServletContextBeanFinder.java uses or overrides a deprecated API.
[INFO] /home/gabsko/breaking-updates/servlet/src/main/java/org/togglz/servlet/spi/ServletContextBeanFinder.java: Recompile with -Xlint:deprecation for details.
[INFO] 
[INFO] --- maven-resources-plugin:2.6:testResources (default-testResources) @ togglz-servlet ---
[INFO] Using 'UTF-8' encoding to copy filtered resources.
[INFO] skip non existing resourceDirectory /home/gabsko/breaking-updates/servlet/src/test/resources
[INFO] 
[INFO] --- maven-compiler-plugin:3.8.1:testCompile (default-testCompile) @ togglz-servlet ---
[INFO] Changes detected - recompiling the module!
[INFO] Compiling 22 source files to /home/gabsko/breaking-updates/servlet/target/test-classes
[INFO] /home/gabsko/breaking-updates/servlet/src/test/java/org/togglz/servlet/spi/MyServletContext.java: /home/gabsko/breaking-updates/servlet/src/test/java/org/togglz/servlet/spi/MyServletContext.java uses or overrides a deprecated API.
[INFO] /home/gabsko/breaking-updates/servlet/src/test/java/org/togglz/servlet/spi/MyServletContext.java: Recompile with -Xlint:deprecation for details.
[INFO] /home/gabsko/breaking-updates/servlet/src/test/java/org/togglz/servlet/activation/QueryParameterActivationStrategyTest.java: /home/gabsko/breaking-updates/servlet/src/test/java/org/togglz/servlet/activation/QueryParameterActivationStrategyTest.java uses unchecked or unsafe operations.
[INFO] /home/gabsko/breaking-updates/servlet/src/test/java/org/togglz/servlet/activation/QueryParameterActivationStrategyTest.java: Recompile with -Xlint:unchecked for details.
[INFO] 
[INFO] --- maven-surefire-plugin:2.22.2:test (default-test) @ togglz-servlet ---
[INFO] 
[INFO] -------------------------------------------------------
[INFO]  T E S T S
[INFO] -------------------------------------------------------
[INFO] Running org.togglz.servlet.spi.ServletContextBeanFinderTest
[INFO] Tests run: 3, Failures: 0, Errors: 0, Skipped: 0, Time elapsed: 0.026 s - in org.togglz.servlet.spi.ServletContextBeanFinderTest
[INFO] Running org.togglz.servlet.activation.HeaderActivationStrategyTest
[INFO] Tests run: 5, Failures: 0, Errors: 0, Skipped: 0, Time elapsed: 0.315 s - in org.togglz.servlet.activation.HeaderActivationStrategyTest
[INFO] Running org.togglz.servlet.activation.ClientIpActivationStrategyTest
Feb 02, 2023 2:09:14 AM org.togglz.core.logging.Jdk14LogProvider$Jdk14Log warn
WARNING: Ignoring illegal IP address or CIDR range 
[INFO] Tests run: 23, Failures: 0, Errors: 0, Skipped: 0, Time elapsed: 0.102 s - in org.togglz.servlet.activation.ClientIpActivationStrategyTest
[INFO] Running org.togglz.servlet.activation.QueryParameterActivationStrategyTest
[INFO] Tests run: 15, Failures: 0, Errors: 0, Skipped: 0, Time elapsed: 0.013 s - in org.togglz.servlet.activation.QueryParameterActivationStrategyTest
[INFO] 
[INFO] Results:
[INFO] 
[INFO] Tests run: 46, Failures: 0, Errors: 0, Skipped: 0
[INFO] 
[INFO] 
[INFO] ---------------------< org.togglz:togglz-console >----------------------
[INFO] Building Togglz - Admin Console 2.9.8-SNAPSHOT                    [6/29]
[INFO] --------------------------------[ jar ]---------------------------------
[INFO] 
[INFO] --- maven-clean-plugin:2.5:clean (default-clean) @ togglz-console ---
[INFO] Deleting /home/gabsko/breaking-updates/console/target
[INFO] 
[INFO] --- maven-enforcer-plugin:1.0:enforce (enforce-maven) @ togglz-console ---
[INFO] 
[INFO] --- maven-resources-plugin:2.6:resources (default-resources) @ togglz-console ---
[INFO] Using 'UTF-8' encoding to copy filtered resources.
[INFO] Copying 18 resources
[INFO] 
[INFO] --- maven-compiler-plugin:3.8.1:compile (default-compile) @ togglz-console ---
[INFO] Changes detected - recompiling the module!
[INFO] Compiling 17 source files to /home/gabsko/breaking-updates/console/target/classes
[INFO] 
[INFO] --- maven-resources-plugin:2.6:testResources (default-testResources) @ togglz-console ---
[INFO] Using 'UTF-8' encoding to copy filtered resources.
[INFO] skip non existing resourceDirectory /home/gabsko/breaking-updates/console/src/test/resources
[INFO] 
[INFO] --- maven-compiler-plugin:3.8.1:testCompile (default-testCompile) @ togglz-console ---
[INFO] Changes detected - recompiling the module!
[INFO] Compiling 5 source files to /home/gabsko/breaking-updates/console/target/test-classes
[INFO] 
[INFO] --- maven-surefire-plugin:2.22.2:test (default-test) @ togglz-console ---
[INFO] 
[INFO] -------------------------------------------------------
[INFO]  T E S T S
[INFO] -------------------------------------------------------
[INFO] 
[INFO] Results:
[INFO] 
[INFO] Tests run: 0, Failures: 0, Errors: 0, Skipped: 0
[INFO] 
[INFO] 
[INFO] -----------------------< org.togglz:togglz-cdi >------------------------
[INFO] Building Togglz - CDI integration 2.9.8-SNAPSHOT                  [7/29]
[INFO] --------------------------------[ jar ]---------------------------------
[INFO] 
[INFO] --- maven-clean-plugin:2.5:clean (default-clean) @ togglz-cdi ---
[INFO] Deleting /home/gabsko/breaking-updates/cdi/target
[INFO] 
[INFO] --- maven-enforcer-plugin:1.0:enforce (enforce-maven) @ togglz-cdi ---
[INFO] 
[INFO] --- maven-resources-plugin:2.6:resources (default-resources) @ togglz-cdi ---
[INFO] Using 'UTF-8' encoding to copy filtered resources.
[INFO] Copying 2 resources
[INFO] 
[INFO] --- maven-compiler-plugin:3.8.1:compile (default-compile) @ togglz-cdi ---
[INFO] Changes detected - recompiling the module!
[INFO] Compiling 1 source file to /home/gabsko/breaking-updates/cdi/target/classes
[INFO] 
[INFO] --- maven-resources-plugin:2.6:testResources (default-testResources) @ togglz-cdi ---
[INFO] Using 'UTF-8' encoding to copy filtered resources.
[INFO] skip non existing resourceDirectory /home/gabsko/breaking-updates/cdi/src/test/resources
[INFO] 
[INFO] --- maven-compiler-plugin:3.8.1:testCompile (default-testCompile) @ togglz-cdi ---
[INFO] Changes detected - recompiling the module!
[INFO] Compiling 5 source files to /home/gabsko/breaking-updates/cdi/target/test-classes
[INFO] 
[INFO] --- maven-surefire-plugin:2.22.2:test (default-test) @ togglz-cdi ---
[INFO] 
[INFO] -------------------------------------------------------
[INFO]  T E S T S
[INFO] -------------------------------------------------------
[INFO] 
[INFO] Results:
[INFO] 
[INFO] Tests run: 0, Failures: 0, Errors: 0, Skipped: 0
[INFO] 
[INFO] 
[INFO] ----------------------< org.togglz:togglz-guice >-----------------------
[INFO] Building Togglz - Guice integration 2.9.8-SNAPSHOT                [8/29]
[INFO] --------------------------------[ jar ]---------------------------------
[INFO] 
[INFO] --- maven-clean-plugin:2.5:clean (default-clean) @ togglz-guice ---
[INFO] Deleting /home/gabsko/breaking-updates/guice/target
[INFO] 
[INFO] --- maven-enforcer-plugin:1.0:enforce (enforce-maven) @ togglz-guice ---
[INFO] 
[INFO] --- maven-resources-plugin:2.6:resources (default-resources) @ togglz-guice ---
[INFO] Using 'UTF-8' encoding to copy filtered resources.
[INFO] Copying 1 resource
[INFO] 
[INFO] --- maven-compiler-plugin:3.8.1:compile (default-compile) @ togglz-guice ---
[INFO] Changes detected - recompiling the module!
[INFO] Compiling 1 source file to /home/gabsko/breaking-updates/guice/target/classes
[INFO] 
[INFO] --- maven-resources-plugin:2.6:testResources (default-testResources) @ togglz-guice ---
[INFO] Using 'UTF-8' encoding to copy filtered resources.
[INFO] skip non existing resourceDirectory /home/gabsko/breaking-updates/guice/src/test/resources
[INFO] 
[INFO] --- maven-compiler-plugin:3.8.1:testCompile (default-testCompile) @ togglz-guice ---
[INFO] Changes detected - recompiling the module!
[INFO] Compiling 5 source files to /home/gabsko/breaking-updates/guice/target/test-classes
[INFO] 
[INFO] --- maven-surefire-plugin:2.22.2:test (default-test) @ togglz-guice ---
[INFO] 
[INFO] -------------------------------------------------------
[INFO]  T E S T S
[INFO] -------------------------------------------------------
[INFO] Running org.togglz.guice.GuiceIntegrationTest
Feb 02, 2023 2:09:18 AM org.jboss.threads.Version <clinit>
INFO: JBoss Threads version 2.3.0.Beta2
Feb 02, 2023 2:09:18 AM org.jboss.logmanager.JBossLoggerFinder getLogger
ERROR: The LogManager accessed before the "java.util.logging.manager" system property was set to "org.jboss.logmanager.LogManager". Results may be unexpected.
Feb 02, 2023 2:09:18 AM org.jboss.as.arquillian.container.managed.ManagedDeployableContainer startInternal
INFO: Starting container with: [/usr/lib/jvm/java-11-openjdk-amd64/bin/java, -D[Standalone], -Xms64m, -Xmx512m, -Djava.net.preferIPv4Stack=true, -Djava.awt.headless=true, -Djboss.modules.system.pkgs=org.jboss.byteman, -ea, -Djboss.home.dir=/home/gabsko/breaking-updates/target/container/wildfly-22.0.1.Final, --add-exports=java.base/sun.nio.ch=ALL-UNNAMED, --add-exports=jdk.unsupported/sun.reflect=ALL-UNNAMED, --add-exports=jdk.unsupported/sun.misc=ALL-UNNAMED, --add-modules=java.se, -Dorg.jboss.boot.log.file=/home/gabsko/breaking-updates/target/container/wildfly-22.0.1.Final/standalone/log/server.log, -Dlogging.configuration=file:/home/gabsko/breaking-updates/target/container/wildfly-22.0.1.Final/standalone/configuration/logging.properties, -jar, /home/gabsko/breaking-updates/target/container/wildfly-22.0.1.Final/jboss-modules.jar, -mp, /home/gabsko/breaking-updates/target/container/wildfly-22.0.1.Final/modules, org.jboss.as.standalone, -Djboss.home.dir=/home/gabsko/breaking-updates/target/container/wildfly-22.0.1.Final, -Djboss.server.base.dir=/home/gabsko/breaking-updates/target/container/wildfly-22.0.1.Final/standalone, -Djboss.server.log.dir=/home/gabsko/breaking-updates/target/container/wildfly-22.0.1.Final/standalone/log, -Djboss.server.config.dir=/home/gabsko/breaking-updates/target/container/wildfly-22.0.1.Final/standalone/configuration]
Feb 02, 2023 2:09:18 AM org.jboss.remoting3.EndpointImpl <clinit>
INFO: JBoss Remoting version 5.0.8.Final
Feb 02, 2023 2:09:18 AM org.xnio.Xnio <clinit>
INFO: XNIO version 3.6.5.Final
Feb 02, 2023 2:09:18 AM org.xnio.nio.NioXnio <clinit>
INFO: XNIO NIO Implementation Version 3.6.5.Final
Feb 02, 2023 2:09:18 AM org.wildfly.security.Version <clinit>
INFO: ELY00001: WildFly Elytron version 1.8.0.Final
[0m02:09:18,848 INFO  [org.jboss.modules] (main) JBoss Modules version 1.11.0.Final
[0m[0m02:09:19,200 INFO  [org.jboss.msc] (main) JBoss MSC version 1.4.12.Final
[0m[0m02:09:19,207 INFO  [org.jboss.threads] (main) JBoss Threads version 2.4.0.Final
[0m[0m02:09:19,326 INFO  [org.jboss.as] (MSC service thread 1-2) WFLYSRV0049: WildFly Full 22.0.1.Final (WildFly Core 14.0.1.Final) starting
[0m[0m02:09:19,944 INFO  [org.wildfly.security] (ServerService Thread Pool -- 16) ELY00001: WildFly Elytron version 1.14.1.Final
[0m[0m02:09:20,292 INFO  [org.jboss.as.controller.management-deprecated] (Controller Boot Thread) WFLYCTL0028: Attribute 'security-realm' in the resource at address '/core-service=management/management-interface=http-interface' is deprecated, and may be removed in a future version. See the attribute description in the output of the read-resource-description operation to learn more about the deprecation.
[0m[0m02:09:20,313 INFO  [org.jboss.as.controller.management-deprecated] (ServerService Thread Pool -- 13) WFLYCTL0028: Attribute 'security-realm' in the resource at address '/subsystem=undertow/server=default-server/https-listener=https' is deprecated, and may be removed in a future version. See the attribute description in the output of the read-resource-description operation to learn more about the deprecation.
[0m[0m02:09:20,377 INFO  [org.jboss.as.server] (Controller Boot Thread) WFLYSRV0039: Creating http management service using socket-binding (management-http)
[0m[0m02:09:20,390 INFO  [org.xnio] (MSC service thread 1-7) XNIO version 3.8.4.Final
[0m[0m02:09:20,396 INFO  [org.xnio.nio] (MSC service thread 1-7) XNIO NIO Implementation Version 3.8.4.Final
[0m[0m02:09:20,426 INFO  [org.jboss.as.connector.subsystems.datasources] (ServerService Thread Pool -- 44) WFLYJCA0004: Deploying JDBC-compliant driver class org.h2.Driver (version 1.4)
[0m[0m02:09:20,436 INFO  [org.wildfly.extension.health] (ServerService Thread Pool -- 52) WFLYHEALTH0001: Activating Base Health Subsystem
[0m[0m02:09:20,437 INFO  [org.jboss.remoting] (MSC service thread 1-8) JBoss Remoting version 5.0.20.Final
[0m[0m02:09:20,447 INFO  [org.jboss.as.clustering.infinispan] (ServerService Thread Pool -- 53) WFLYCLINF0001: Activating Infinispan subsystem.
[0m[0m02:09:20,464 INFO  [org.jboss.as.connector] (MSC service thread 1-7) WFLYJCA0009: Starting JCA Subsystem (WildFly/IronJacamar @VERSION@)
[0m[0m02:09:20,464 INFO  [org.jboss.as.jaxrs] (ServerService Thread Pool -- 55) WFLYRS0016: RESTEasy version 3.14.0.Final
[0m[0m02:09:20,458 INFO  [org.jboss.as.jsf] (ServerService Thread Pool -- 60) WFLYJSF0007: Activated the following JSF Implementations: [main]
[0m[0m02:09:20,474 INFO  [org.wildfly.extension.metrics] (ServerService Thread Pool -- 62) WFLYMETRICS0001: Activating Base Metrics Subsystem
[0m[0m02:09:20,475 INFO  [org.wildfly.extension.microprofile.config.smallrye._private] (ServerService Thread Pool -- 63) WFLYCONF0001: Activating WildFly MicroProfile Config Subsystem
[0m[0m02:09:20,475 INFO  [org.wildfly.extension.microprofile.jwt.smallrye._private] (ServerService Thread Pool -- 64) WFLYJWT0001: Activating WildFly MicroProfile JWT Subsystem
[0m[0m02:09:20,466 INFO  [org.jboss.as.connector.deployers.jdbc] (MSC service thread 1-1) WFLYJCA0018: Started Driver service with driver-name = h2
[0m[0m02:09:20,486 INFO  [org.wildfly.extension.microprofile.opentracing] (ServerService Thread Pool -- 65) WFLYTRACEXT0001: Activating MicroProfile OpenTracing Subsystem
[0m[0m02:09:20,487 INFO  [org.jboss.as.naming] (ServerService Thread Pool -- 66) WFLYNAM0001: Activating Naming Subsystem
[0m[0m02:09:20,487 INFO  [org.wildfly.extension.io] (ServerService Thread Pool -- 54) WFLYIO001: Worker 'default' has auto-configured to 72 IO threads with 576 max task threads based on your 36 available processors
[0m[0m02:09:20,512 INFO  [org.jboss.as.naming] (MSC service thread 1-8) WFLYNAM0003: Starting Naming Service
[0m[0m02:09:20,513 INFO  [org.jboss.as.mail.extension] (MSC service thread 1-7) WFLYMAIL0001: Bound mail session [java:jboss/mail/Default]
[0m[0m02:09:20,554 INFO  [org.jboss.as.security] (ServerService Thread Pool -- 72) WFLYSEC0002: Activating Security Subsystem
[0m[33m02:09:20,549 WARN  [org.jboss.as.txn] (ServerService Thread Pool -- 74) WFLYTX0013: The node-identifier attribute on the /subsystem=transactions is set to the default value. This is a danger for environments running multiple servers. Please make sure the attribute value is unique.
[0m[0m02:09:20,562 INFO  [org.jboss.as.webservices] (ServerService Thread Pool -- 76) WFLYWS0002: Activating WebServices Extension
[0m[0m02:09:20,564 INFO  [org.jboss.as.security] (MSC service thread 1-4) WFLYSEC0001: Current PicketBox version=5.0.3.Final-redhat-00007
[0m[33m02:09:20,563 WARN  [org.wildfly.extension.elytron] (MSC service thread 1-5) WFLYELY00023: KeyStore file '/home/gabsko/breaking-updates/target/container/wildfly-22.0.1.Final/standalone/configuration/application.keystore' does not exist. Used blank.
[0m[0m02:09:20,586 INFO  [org.jboss.as.ejb3] (MSC service thread 1-2) WFLYEJB0482: Strict pool mdb-strict-max-pool is using a max instance size of 144 (per class), which is derived from the number of CPUs on this host.
[0m[0m02:09:20,589 INFO  [org.wildfly.extension.undertow] (MSC service thread 1-8) WFLYUT0003: Undertow 2.2.4.Final starting
[0m[0m02:09:20,585 INFO  [org.jboss.as.ejb3] (MSC service thread 1-7) WFLYEJB0481: Strict pool slsb-strict-max-pool is using a max instance size of 576 (per class), which is derived from thread worker pool sizing.
[0m[33m02:09:20,594 WARN  [org.wildfly.extension.elytron] (MSC service thread 1-8) WFLYELY01084: KeyStore /home/gabsko/breaking-updates/target/container/wildfly-22.0.1.Final/standalone/configuration/application.keystore not found, it will be auto generated on first use with a self-signed certificate for host localhost
[0mWARNING: An illegal reflective access operation has occurred
WARNING: Illegal reflective access by org.wildfly.extension.elytron.SSLDefinitions (jar:file:/home/gabsko/breaking-updates/target/container/wildfly-22.0.1.Final/modules/system/layers/base/org/wildfly/extension/elytron/main/wildfly-elytron-integration-14.0.1.Final.jar!/) to method com.sun.net.ssl.internal.ssl.Provider.isFIPS()
WARNING: Please consider reporting this to the maintainers of org.wildfly.extension.elytron.SSLDefinitions
WARNING: Use --illegal-access=warn to enable warnings of further illegal reflective access operations
WARNING: All illegal access operations will be denied in a future release
[0m02:09:20,671 INFO  [org.wildfly.extension.undertow] (ServerService Thread Pool -- 75) WFLYUT0014: Creating file handler for path '/home/gabsko/breaking-updates/target/container/wildfly-22.0.1.Final/welcome-content' with options [directory-listing: 'false', follow-symlink: 'false', case-sensitive: 'true', safe-symlink-paths: '[]']
[0m[0m02:09:20,676 INFO  [org.wildfly.extension.undertow] (MSC service thread 1-3) WFLYUT0012: Started server default-server.
[0m[0m02:09:20,678 INFO  [org.wildfly.extension.undertow] (MSC service thread 1-1) WFLYUT0018: Host default-host starting
[0m[0m02:09:20,714 INFO  [org.wildfly.extension.undertow] (MSC service thread 1-2) WFLYUT0006: Undertow HTTP listener default listening on 127.0.0.1:8080
[0m[0m02:09:20,760 INFO  [org.jboss.as.ejb3] (MSC service thread 1-6) WFLYEJB0493: EJB subsystem suspension complete
[0m[0m02:09:20,812 INFO  [org.jboss.as.connector.subsystems.datasources] (MSC service thread 1-7) WFLYJCA0001: Bound data source [java:jboss/datasources/ExampleDS]
[0m[0m02:09:20,899 INFO  [org.jboss.as.patching] (MSC service thread 1-2) WFLYPAT0050: WildFly Full cumulative patch ID is: base, one-off patches include: none
[0m[33m02:09:20,909 WARN  [org.jboss.as.domain.management.security] (MSC service thread 1-6) WFLYDM0111: Keystore /home/gabsko/breaking-updates/target/container/wildfly-22.0.1.Final/standalone/configuration/application.keystore not found, it will be auto generated on first use with a self signed certificate for host localhost
[0m[0m02:09:20,912 INFO  [org.jboss.as.server.deployment.scanner] (MSC service thread 1-4) WFLYDS0013: Started FileSystemDeploymentService for directory /home/gabsko/breaking-updates/target/container/wildfly-22.0.1.Final/standalone/deployments
[0m[0m02:09:20,948 INFO  [org.wildfly.extension.undertow] (MSC service thread 1-6) WFLYUT0006: Undertow HTTPS listener https listening on 127.0.0.1:8443
[0m[0m02:09:20,999 INFO  [org.jboss.ws.common.management] (MSC service thread 1-4) JBWS022052: Starting JBossWS 5.4.2.Final (Apache CXF 3.3.7) 
[0m[0m02:09:21,071 INFO  [org.jboss.as.server] (Controller Boot Thread) WFLYSRV0212: Resuming server
[0m[0m02:09:21,076 INFO  [org.jboss.as] (Controller Boot Thread) WFLYSRV0025: WildFly Full 22.0.1.Final (WildFly Core 14.0.1.Final) started in 2478ms - Started 318 of 557 services (345 services are lazy, passive or on-demand)
[0m[0m02:09:21,077 INFO  [org.jboss.as] (Controller Boot Thread) WFLYSRV0060: Http management interface listening on http://127.0.0.1:9990/management
[0m[0m02:09:21,078 INFO  [org.jboss.as] (Controller Boot Thread) WFLYSRV0051: Admin console listening on http://127.0.0.1:9990
[0mSLF4J: Failed to load class "org.slf4j.impl.StaticLoggerBinder".
SLF4J: Defaulting to no-operation (NOP) logger implementation
SLF4J: See http://www.slf4j.org/codes.html#StaticLoggerBinder for further details.
[0m02:09:23,749 INFO  [org.jboss.as.repository] (management-handler-thread - 1) WFLYDR0001: Content added at location /home/gabsko/breaking-updates/target/container/wildfly-22.0.1.Final/standalone/data/content/50/7aee1f69ef85a8402bcb49d8d96ddf51479a6a/content
[0m[0m02:09:23,767 INFO  [org.jboss.as.server.deployment] (MSC service thread 1-6) WFLYSRV0027: Starting deployment of "test.war" (runtime-name: "test.war")
[0m[33m02:09:25,603 WARN  [org.jboss.weld.deployer] (MSC service thread 1-4) WFLYWELD0013: Deployment test.war contains CDI annotations but no bean archive was found (no beans.xml or class with bean defining annotations was present).
[0m[0m02:09:25,786 INFO  [org.infinispan.CONTAINER] (ServerService Thread Pool -- 78) ISPN000128: Infinispan version: Infinispan 'Corona Extra' 11.0.8.Final
[0m[0m02:09:25,825 INFO  [org.infinispan.CONFIG] (MSC service thread 1-6) ISPN000152: Passivation configured without an eviction policy being selected. Only manually evicted entities will be passivated.
[0m[0m02:09:25,826 INFO  [org.infinispan.CONFIG] (MSC service thread 1-6) ISPN000152: Passivation configured without an eviction policy being selected. Only manually evicted entities will be passivated.
[0m[0m02:09:25,882 INFO  [org.infinispan.PERSISTENCE] (ServerService Thread Pool -- 78) ISPN000556: Starting user marshaller 'org.wildfly.clustering.infinispan.spi.marshalling.InfinispanProtoStreamMarshaller'
[0m[0m02:09:25,992 INFO  [org.jboss.as.clustering.infinispan] (ServerService Thread Pool -- 78) WFLYCLINF0002: Started http-remoting-connector cache from ejb container
[0m[0m02:09:26,231 INFO  [org.wildfly.extension.undertow] (ServerService Thread Pool -- 13) WFLYUT0021: Registered web context: '/test' for server 'default-server'
[0m[0m02:09:26,287 INFO  [org.jboss.as.server] (management-handler-thread - 1) WFLYSRV0010: Deployed "test.war" (runtime-name : "test.war")
[0m[0m02:09:26,501 INFO  [org.togglz.servlet.TogglzFilter] (default task-2) Togglz started
[0m[0m02:09:26,556 INFO  [org.jboss.arquillian.testenricher.cdi.container.BeanManagerProducer] (default task-2) BeanManager not found.
[0m[0m02:09:26,643 INFO  [org.wildfly.extension.undertow] (ServerService Thread Pool -- 29) WFLYUT0022: Unregistered web context: '/test' from server 'default-server'
[0m[0m02:09:26,735 INFO  [org.jboss.as.server.deployment] (MSC service thread 1-5) WFLYSRV0028: Stopped deployment test.war (runtime-name: test.war) in 96ms
[0m[0m02:09:26,766 INFO  [org.jboss.as.repository] (management-handler-thread - 1) WFLYDR0002: Content removed from location /home/gabsko/breaking-updates/target/container/wildfly-22.0.1.Final/standalone/data/content/50/7aee1f69ef85a8402bcb49d8d96ddf51479a6a/content
[0m[0m02:09:26,766 INFO  [org.jboss.as.server] (management-handler-thread - 1) WFLYSRV0009: Undeployed "test.war" (runtime-name: "test.war")
[0m[INFO] Tests run: 1, Failures: 0, Errors: 0, Skipped: 0, Time elapsed: 8.781 s - in org.togglz.guice.GuiceIntegrationTest
[0m02:09:26,774 INFO  [org.jboss.as.server] (management-handler-thread - 1) WFLYSRV0272: Suspending server
[0m[0m02:09:26,777 INFO  [org.jboss.as.ejb3] (management-handler-thread - 1) WFLYEJB0493: EJB subsystem suspension complete
[0m[0m02:09:26,778 INFO  [org.jboss.as.server] (Management Triggered Shutdown) WFLYSRV0241: Shutting down in response to management operation 'shutdown'
[0m[0m02:09:26,783 INFO  [org.jboss.as.connector.subsystems.datasources] (MSC service thread 1-5) WFLYJCA0010: Unbound data source [java:jboss/datasources/ExampleDS]
[0m[0m02:09:26,788 INFO  [org.wildfly.extension.undertow] (MSC service thread 1-8) WFLYUT0019: Host default-host stopping
[0m[0m02:09:26,801 INFO  [org.wildfly.extension.undertow] (MSC service thread 1-6) WFLYUT0008: Undertow HTTPS listener https suspending
[0m[0m02:09:26,804 INFO  [org.wildfly.extension.undertow] (MSC service thread 1-6) WFLYUT0007: Undertow HTTPS listener https stopped, was bound to 127.0.0.1:8443
[0m[0m02:09:26,806 INFO  [org.jboss.as.mail.extension] (MSC service thread 1-3) WFLYMAIL0002: Unbound mail session [java:jboss/mail/Default]
[0m[0m02:09:26,810 INFO  [org.jboss.as.connector.deployers.jdbc] (MSC service thread 1-5) WFLYJCA0019: Stopped Driver service with driver-name = h2
[0m[0m02:09:26,814 INFO  [org.wildfly.extension.undertow] (MSC service thread 1-5) WFLYUT0008: Undertow HTTP listener default suspending
[0m[0m02:09:26,815 INFO  [org.wildfly.extension.undertow] (MSC service thread 1-5) WFLYUT0007: Undertow HTTP listener default stopped, was bound to 127.0.0.1:8080
[0m[0m02:09:26,816 INFO  [org.jboss.as.clustering.infinispan] (ServerService Thread Pool -- 38) WFLYCLINF0003: Stopped http-remoting-connector cache from ejb container
[0m[0m02:09:26,818 INFO  [org.wildfly.extension.undertow] (MSC service thread 1-3) WFLYUT0004: Undertow 2.2.4.Final stopping
[0m[0m02:09:26,819 INFO  [org.infinispan.manager.DefaultCacheManager] (ServerService Thread Pool -- 37) Stopping cache manager null on null
[0m[0m02:09:26,920 INFO  [org.jboss.as] (MSC service thread 1-5) WFLYSRV0050: WildFly Full 22.0.1.Final (WildFly Core 14.0.1.Final) stopped in 131ms
[0m[INFO] 
[INFO] Results:
[INFO] 
[INFO] Tests run: 1, Failures: 0, Errors: 0, Skipped: 0
[INFO] 
[INFO] 
[INFO] -------------------< org.togglz:togglz-spring-core >--------------------
[INFO] Building Togglz - Spring Framework integration 2.9.8-SNAPSHOT     [9/29]
[INFO] --------------------------------[ jar ]---------------------------------
[INFO] 
[INFO] --- maven-clean-plugin:2.5:clean (default-clean) @ togglz-spring-core ---
[INFO] Deleting /home/gabsko/breaking-updates/spring-core/target
[INFO] 
[INFO] --- maven-enforcer-plugin:1.0:enforce (enforce-maven) @ togglz-spring-core ---
[INFO] 
[INFO] --- maven-resources-plugin:2.6:resources (default-resources) @ togglz-spring-core ---
[INFO] Using 'UTF-8' encoding to copy filtered resources.
[INFO] Copying 3 resources
[INFO] 
[INFO] --- maven-compiler-plugin:3.8.1:compile (default-compile) @ togglz-spring-core ---
[INFO] Changes detected - recompiling the module!
[INFO] Compiling 11 source files to /home/gabsko/breaking-updates/spring-core/target/classes
[INFO] /home/gabsko/breaking-updates/spring-core/src/main/java/org/togglz/spring/manager/FeatureManagerFactory.java: /home/gabsko/breaking-updates/spring-core/src/main/java/org/togglz/spring/manager/FeatureManagerFactory.java uses unchecked or unsafe operations.
[INFO] /home/gabsko/breaking-updates/spring-core/src/main/java/org/togglz/spring/manager/FeatureManagerFactory.java: Recompile with -Xlint:unchecked for details.
[INFO] 
[INFO] --- maven-resources-plugin:2.6:testResources (default-testResources) @ togglz-spring-core ---
[INFO] Using 'UTF-8' encoding to copy filtered resources.
[INFO] skip non existing resourceDirectory /home/gabsko/breaking-updates/spring-core/src/test/resources
[INFO] 
[INFO] --- maven-compiler-plugin:3.8.1:testCompile (default-testCompile) @ togglz-spring-core ---
[INFO] Changes detected - recompiling the module!
[INFO] Compiling 4 source files to /home/gabsko/breaking-updates/spring-core/target/test-classes
[INFO] /home/gabsko/breaking-updates/spring-core/src/test/java/org/togglz/spring/activation/SpringProfileActivationStrategyTest.java: Some input files use or override a deprecated API.
[INFO] /home/gabsko/breaking-updates/spring-core/src/test/java/org/togglz/spring/activation/SpringProfileActivationStrategyTest.java: Recompile with -Xlint:deprecation for details.
[INFO] 
[INFO] --- maven-surefire-plugin:2.22.2:test (default-test) @ togglz-spring-core ---
[INFO] 
[INFO] -------------------------------------------------------
[INFO]  T E S T S
[INFO] -------------------------------------------------------
[INFO] Running org.togglz.spring.repository.ApplicationEventPublisherRepositoryTest
[INFO] Tests run: 1, Failures: 0, Errors: 0, Skipped: 0, Time elapsed: 0.351 s - in org.togglz.spring.repository.ApplicationEventPublisherRepositoryTest
[INFO] Running org.togglz.spring.activation.SpringEnvironmentPropertyActivationStrategyTest
[INFO] Tests run: 8, Failures: 0, Errors: 0, Skipped: 0, Time elapsed: 0.127 s - in org.togglz.spring.activation.SpringEnvironmentPropertyActivationStrategyTest
[INFO] Running org.togglz.spring.activation.SpringProfileActivationStrategyTest
[INFO] Tests run: 19, Failures: 0, Errors: 0, Skipped: 0, Time elapsed: 0.046 s - in org.togglz.spring.activation.SpringProfileActivationStrategyTest
[INFO] Running org.togglz.spring.listener.TogglzApplicationContextBinderApplicationListenerTest
Feb 02, 2023 2:09:28 AM org.togglz.core.logging.Jdk14LogProvider$Jdk14Log warn
WARNING: ApplicationContext already bound to current context class loader, releasing it first
[INFO] Tests run: 4, Failures: 0, Errors: 0, Skipped: 0, Time elapsed: 0.038 s - in org.togglz.spring.listener.TogglzApplicationContextBinderApplicationListenerTest
[INFO] 
[INFO] Results:
[INFO] 
[INFO] Tests run: 32, Failures: 0, Errors: 0, Skipped: 0
[INFO] 
[INFO] 
[INFO] --------------------< org.togglz:togglz-spring-web >--------------------
[INFO] Building Togglz - Spring Web integration 2.9.8-SNAPSHOT          [10/29]
[INFO] --------------------------------[ jar ]---------------------------------
[INFO] 
[INFO] --- maven-clean-plugin:2.5:clean (default-clean) @ togglz-spring-web ---
[INFO] Deleting /home/gabsko/breaking-updates/spring-web/target
[INFO] 
[INFO] --- maven-enforcer-plugin:1.0:enforce (enforce-maven) @ togglz-spring-web ---
[INFO] 
[INFO] --- maven-resources-plugin:2.6:resources (default-resources) @ togglz-spring-web ---
[INFO] Using 'UTF-8' encoding to copy filtered resources.
[INFO] Copying 1 resource
[INFO] 
[INFO] --- maven-compiler-plugin:3.8.1:compile (default-compile) @ togglz-spring-web ---
[INFO] Changes detected - recompiling the module!
[INFO] Compiling 4 source files to /home/gabsko/breaking-updates/spring-web/target/classes
[INFO] /home/gabsko/breaking-updates/spring-web/src/main/java/org/togglz/spring/web/FeatureInterceptor.java: /home/gabsko/breaking-updates/spring-web/src/main/java/org/togglz/spring/web/FeatureInterceptor.java uses or overrides a deprecated API.
[INFO] /home/gabsko/breaking-updates/spring-web/src/main/java/org/togglz/spring/web/FeatureInterceptor.java: Recompile with -Xlint:deprecation for details.
[INFO] 
[INFO] --- maven-resources-plugin:2.6:testResources (default-testResources) @ togglz-spring-web ---
[INFO] Using 'UTF-8' encoding to copy filtered resources.
[INFO] Copying 4 resources
[INFO] 
[INFO] --- maven-compiler-plugin:3.8.1:testCompile (default-testCompile) @ togglz-spring-web ---
[INFO] Changes detected - recompiling the module!
[INFO] Compiling 14 source files to /home/gabsko/breaking-updates/spring-web/target/test-classes
[INFO] 
[INFO] --- maven-surefire-plugin:2.22.2:test (default-test) @ togglz-spring-web ---
[INFO] 
[INFO] -------------------------------------------------------
[INFO]  T E S T S
[INFO] -------------------------------------------------------
[INFO] Running org.togglz.spring.web.spi.HttpServletRequestHolderFilterTest
SLF4J: Failed to load class "org.slf4j.impl.StaticLoggerBinder".
SLF4J: Defaulting to no-operation (NOP) logger implementation
SLF4J: See http://www.slf4j.org/codes.html#StaticLoggerBinder for further details.
[INFO] Tests run: 5, Failures: 0, Errors: 0, Skipped: 0, Time elapsed: 1.561 s - in org.togglz.spring.web.spi.HttpServletRequestHolderFilterTest
[INFO] Running org.togglz.spring.web.FeatureInterceptorTest
[INFO] Tests run: 15, Failures: 0, Errors: 0, Skipped: 0, Time elapsed: 0.19 s - in org.togglz.spring.web.FeatureInterceptorTest
[INFO] 
[INFO] Results:
[INFO] 
[INFO] Tests run: 20, Failures: 0, Errors: 0, Skipped: 0
[INFO] 
[INFO] 
[INFO] -----------------< org.togglz:togglz-spring-security >------------------
[INFO] Building Togglz - Spring Security integration 2.9.8-SNAPSHOT     [11/29]
[INFO] --------------------------------[ jar ]---------------------------------
[INFO] 
[INFO] --- maven-clean-plugin:2.5:clean (default-clean) @ togglz-spring-security ---
[INFO] Deleting /home/gabsko/breaking-updates/spring-security/target
[INFO] 
[INFO] --- maven-enforcer-plugin:1.0:enforce (enforce-maven) @ togglz-spring-security ---
[INFO] 
[INFO] --- maven-resources-plugin:2.6:resources (default-resources) @ togglz-spring-security ---
[INFO] Using 'UTF-8' encoding to copy filtered resources.
[INFO] Copying 1 resource
[INFO] 
[INFO] --- maven-compiler-plugin:3.8.1:compile (default-compile) @ togglz-spring-security ---
[INFO] Changes detected - recompiling the module!
[INFO] Compiling 2 source files to /home/gabsko/breaking-updates/spring-security/target/classes
[INFO] 
[INFO] --- maven-resources-plugin:2.6:testResources (default-testResources) @ togglz-spring-security ---
[INFO] Using 'UTF-8' encoding to copy filtered resources.
[INFO] skip non existing resourceDirectory /home/gabsko/breaking-updates/spring-security/src/test/resources
[INFO] 
[INFO] --- maven-compiler-plugin:3.8.1:testCompile (default-testCompile) @ togglz-spring-security ---
[INFO] Changes detected - recompiling the module!
[INFO] Compiling 1 source file to /home/gabsko/breaking-updates/spring-security/target/test-classes
[INFO] /home/gabsko/breaking-updates/spring-security/src/test/java/org/togglz/spring/security/SpringSecurityUserProviderTest.java: /home/gabsko/breaking-updates/spring-security/src/test/java/org/togglz/spring/security/SpringSecurityUserProviderTest.java uses unchecked or unsafe operations.
[INFO] /home/gabsko/breaking-updates/spring-security/src/test/java/org/togglz/spring/security/SpringSecurityUserProviderTest.java: Recompile with -Xlint:unchecked for details.
[INFO] 
[INFO] --- maven-surefire-plugin:2.22.2:test (default-test) @ togglz-spring-security ---
[INFO] 
[INFO] -------------------------------------------------------
[INFO]  T E S T S
[INFO] -------------------------------------------------------
[INFO] Running org.togglz.spring.security.SpringSecurityUserProviderTest
[INFO] Tests run: 3, Failures: 0, Errors: 0, Skipped: 0, Time elapsed: 1.171 s - in org.togglz.spring.security.SpringSecurityUserProviderTest
[INFO] 
[INFO] Results:
[INFO] 
[INFO] Tests run: 3, Failures: 0, Errors: 0, Skipped: 0
[INFO] 
[INFO] 
[INFO] -------------------< org.togglz:togglz-spring-boot >--------------------
[INFO] Building Togglz - Spring Boot POM 2.9.8-SNAPSHOT                 [12/29]
[INFO] --------------------------------[ pom ]---------------------------------
[INFO] 
[INFO] --- maven-clean-plugin:2.5:clean (default-clean) @ togglz-spring-boot ---
[INFO] 
[INFO] --- maven-enforcer-plugin:1.0:enforce (enforce-maven) @ togglz-spring-boot ---
[INFO] 
[INFO] ---------------< org.togglz:togglz-spring-boot-starter >----------------
[INFO] Building Togglz - Spring Boot Starter 2.9.8-SNAPSHOT             [13/29]
[INFO] --------------------------------[ jar ]---------------------------------
[INFO] 
[INFO] --- maven-clean-plugin:2.5:clean (default-clean) @ togglz-spring-boot-starter ---
[INFO] Deleting /home/gabsko/breaking-updates/spring-boot/starter/target
[INFO] 
[INFO] --- maven-enforcer-plugin:1.0:enforce (enforce-maven) @ togglz-spring-boot-starter ---
[INFO] 
[INFO] --- maven-resources-plugin:2.6:resources (default-resources) @ togglz-spring-boot-starter ---
[INFO] Using 'UTF-8' encoding to copy filtered resources.
[INFO] Copying 1 resource
[INFO] 
[INFO] --- maven-compiler-plugin:3.8.1:compile (default-compile) @ togglz-spring-boot-starter ---
[INFO] Changes detected - recompiling the module!
[INFO] Compiling 12 source files to /home/gabsko/breaking-updates/spring-boot/starter/target/classes
[INFO] /home/gabsko/breaking-updates/spring-boot/starter/src/main/java/org/togglz/spring/boot/actuate/autoconfigure/TogglzManagementContextConfiguration.java: /home/gabsko/breaking-updates/spring-boot/starter/src/main/java/org/togglz/spring/boot/actuate/autoconfigure/TogglzManagementContextConfiguration.java uses or overrides a deprecated API.
[INFO] /home/gabsko/breaking-updates/spring-boot/starter/src/main/java/org/togglz/spring/boot/actuate/autoconfigure/TogglzManagementContextConfiguration.java: Recompile with -Xlint:deprecation for details.
[INFO] /home/gabsko/breaking-updates/spring-boot/starter/src/main/java/org/togglz/spring/boot/actuate/autoconfigure/TogglzConsoleBaseConfiguration.java: /home/gabsko/breaking-updates/spring-boot/starter/src/main/java/org/togglz/spring/boot/actuate/autoconfigure/TogglzConsoleBaseConfiguration.java uses unchecked or unsafe operations.
[INFO] /home/gabsko/breaking-updates/spring-boot/starter/src/main/java/org/togglz/spring/boot/actuate/autoconfigure/TogglzConsoleBaseConfiguration.java: Recompile with -Xlint:unchecked for details.
[INFO] 
[INFO] --- maven-resources-plugin:2.6:testResources (default-testResources) @ togglz-spring-boot-starter ---
[INFO] Using 'UTF-8' encoding to copy filtered resources.
[INFO] Copying 1 resource
[INFO] 
[INFO] --- maven-compiler-plugin:3.8.1:testCompile (default-testCompile) @ togglz-spring-boot-starter ---
[INFO] Changes detected - recompiling the module!
[INFO] Compiling 4 source files to /home/gabsko/breaking-updates/spring-boot/starter/target/test-classes
[INFO] 
[INFO] --- maven-surefire-plugin:2.22.2:test (default-test) @ togglz-spring-boot-starter ---
[INFO] 
[INFO] -------------------------------------------------------
[INFO]  T E S T S
[INFO] -------------------------------------------------------
[INFO] Running org.togglz.spring.boot.actuate.autoconfigure.TogglzManagementContextConfigurationTest
[INFO] Tests run: 3, Failures: 0, Errors: 0, Skipped: 0, Time elapsed: 3.019 s - in org.togglz.spring.boot.actuate.autoconfigure.TogglzManagementContextConfigurationTest
[INFO] Running org.togglz.spring.boot.actuate.thymeleaf.TogglzDialectTest
[INFO] Tests run: 4, Failures: 0, Errors: 0, Skipped: 0, Time elapsed: 0.008 s - in org.togglz.spring.boot.actuate.thymeleaf.TogglzDialectTest
[INFO] Running org.togglz.spring.boot.actuate.TogglzEndpointTest
[INFO] Tests run: 5, Failures: 0, Errors: 0, Skipped: 0, Time elapsed: 0.443 s - in org.togglz.spring.boot.actuate.TogglzEndpointTest
[INFO] 
[INFO] Results:
[INFO] 
[INFO] Tests run: 12, Failures: 0, Errors: 0, Skipped: 0
[INFO] 
[INFO] 
[INFO] --------------------< org.togglz:togglz-deltaspike >--------------------
[INFO] Building Togglz - DeltaSpike integration 2.9.8-SNAPSHOT          [14/29]
[INFO] --------------------------------[ jar ]---------------------------------
[INFO] 
[INFO] --- maven-clean-plugin:2.5:clean (default-clean) @ togglz-deltaspike ---
[INFO] Deleting /home/gabsko/breaking-updates/deltaspike/target
[INFO] 
[INFO] --- maven-enforcer-plugin:1.0:enforce (enforce-maven) @ togglz-deltaspike ---
[INFO] 
[INFO] --- maven-resources-plugin:2.6:resources (default-resources) @ togglz-deltaspike ---
[INFO] Using 'UTF-8' encoding to copy filtered resources.
[INFO] Copying 1 resource
[INFO] 
[INFO] --- maven-compiler-plugin:3.8.1:compile (default-compile) @ togglz-deltaspike ---
[INFO] Changes detected - recompiling the module!
[INFO] Compiling 2 source files to /home/gabsko/breaking-updates/deltaspike/target/classes
[INFO] 
[INFO] --- maven-resources-plugin:2.6:testResources (default-testResources) @ togglz-deltaspike ---
[INFO] Using 'UTF-8' encoding to copy filtered resources.
[INFO] Copying 1 resource
[INFO] 
[INFO] --- maven-compiler-plugin:3.8.1:testCompile (default-testCompile) @ togglz-deltaspike ---
[INFO] Changes detected - recompiling the module!
[INFO] Compiling 3 source files to /home/gabsko/breaking-updates/deltaspike/target/test-classes
[INFO] 
[INFO] --- maven-surefire-plugin:2.22.2:test (default-test) @ togglz-deltaspike ---
[INFO] 
[INFO] -------------------------------------------------------
[INFO]  T E S T S
[INFO] -------------------------------------------------------
[INFO] Running org.togglz.deltaspike.activation.DeltaSpikeProjectStageActivationStrategyTest
[INFO] Tests run: 12, Failures: 0, Errors: 0, Skipped: 0, Time elapsed: 0.104 s - in org.togglz.deltaspike.activation.DeltaSpikeProjectStageActivationStrategyTest
[INFO] Running org.togglz.deltaspike.activation.DeltaSpikePropertyActivationStrategyTest
Feb 02, 2023 2:09:40 AM org.apache.deltaspike.core.util.ProjectStageProducer initProjectStage
INFO: Computed the following DeltaSpike ProjectStage: Production
[INFO] Tests run: 7, Failures: 0, Errors: 0, Skipped: 0, Time elapsed: 0.033 s - in org.togglz.deltaspike.activation.DeltaSpikePropertyActivationStrategyTest
[INFO] 
[INFO] Results:
[INFO] 
[INFO] Tests run: 19, Failures: 0, Errors: 0, Skipped: 0
[INFO] 
[INFO] 
[INFO] ----------------------< org.togglz:togglz-shiro >-----------------------
[INFO] Building Togglz - Apache Shiro integration 2.9.8-SNAPSHOT        [15/29]
[INFO] --------------------------------[ jar ]---------------------------------
[INFO] 
[INFO] --- maven-clean-plugin:2.5:clean (default-clean) @ togglz-shiro ---
[INFO] Deleting /home/gabsko/breaking-updates/shiro/target
[INFO] 
[INFO] --- maven-enforcer-plugin:1.0:enforce (enforce-maven) @ togglz-shiro ---
[INFO] 
[INFO] --- maven-resources-plugin:2.6:resources (default-resources) @ togglz-shiro ---
[INFO] Using 'UTF-8' encoding to copy filtered resources.
[INFO] skip non existing resourceDirectory /home/gabsko/breaking-updates/shiro/src/main/resources
[INFO] 
[INFO] --- maven-compiler-plugin:3.8.1:compile (default-compile) @ togglz-shiro ---
[INFO] Changes detected - recompiling the module!
[INFO] Compiling 1 source file to /home/gabsko/breaking-updates/shiro/target/classes
[INFO] 
[INFO] --- maven-resources-plugin:2.6:testResources (default-testResources) @ togglz-shiro ---
[INFO] Using 'UTF-8' encoding to copy filtered resources.
[INFO] Copying 1 resource
[INFO] 
[INFO] --- maven-compiler-plugin:3.8.1:testCompile (default-testCompile) @ togglz-shiro ---
[INFO] Changes detected - recompiling the module!
[INFO] Compiling 6 source files to /home/gabsko/breaking-updates/shiro/target/test-classes
[INFO] 
[INFO] --- maven-surefire-plugin:2.22.2:test (default-test) @ togglz-shiro ---
[INFO] 
[INFO] -------------------------------------------------------
[INFO]  T E S T S
[INFO] -------------------------------------------------------
[INFO] Running org.togglz.shiro.test.ShiroUsersTest
Feb 02, 2023 2:09:41 AM org.jboss.threads.Version <clinit>
INFO: JBoss Threads version 2.3.0.Beta2
Feb 02, 2023 2:09:41 AM org.jboss.logmanager.JBossLoggerFinder getLogger
ERROR: The LogManager accessed before the "java.util.logging.manager" system property was set to "org.jboss.logmanager.LogManager". Results may be unexpected.
Feb 02, 2023 2:09:41 AM org.jboss.as.arquillian.container.managed.ManagedDeployableContainer startInternal
INFO: Starting container with: [/usr/lib/jvm/java-11-openjdk-amd64/bin/java, -D[Standalone], -Xms64m, -Xmx512m, -Djava.net.preferIPv4Stack=true, -Djava.awt.headless=true, -Djboss.modules.system.pkgs=org.jboss.byteman, -ea, -Djboss.home.dir=/home/gabsko/breaking-updates/target/container/wildfly-22.0.1.Final, --add-exports=java.base/sun.nio.ch=ALL-UNNAMED, --add-exports=jdk.unsupported/sun.reflect=ALL-UNNAMED, --add-exports=jdk.unsupported/sun.misc=ALL-UNNAMED, --add-modules=java.se, -Dorg.jboss.boot.log.file=/home/gabsko/breaking-updates/target/container/wildfly-22.0.1.Final/standalone/log/server.log, -Dlogging.configuration=file:/home/gabsko/breaking-updates/target/container/wildfly-22.0.1.Final/standalone/configuration/logging.properties, -jar, /home/gabsko/breaking-updates/target/container/wildfly-22.0.1.Final/jboss-modules.jar, -mp, /home/gabsko/breaking-updates/target/container/wildfly-22.0.1.Final/modules, org.jboss.as.standalone, -Djboss.home.dir=/home/gabsko/breaking-updates/target/container/wildfly-22.0.1.Final, -Djboss.server.base.dir=/home/gabsko/breaking-updates/target/container/wildfly-22.0.1.Final/standalone, -Djboss.server.log.dir=/home/gabsko/breaking-updates/target/container/wildfly-22.0.1.Final/standalone/log, -Djboss.server.config.dir=/home/gabsko/breaking-updates/target/container/wildfly-22.0.1.Final/standalone/configuration]
Feb 02, 2023 2:09:41 AM org.jboss.remoting3.EndpointImpl <clinit>
INFO: JBoss Remoting version 5.0.8.Final
Feb 02, 2023 2:09:41 AM org.xnio.Xnio <clinit>
INFO: XNIO version 3.6.5.Final
Feb 02, 2023 2:09:41 AM org.xnio.nio.NioXnio <clinit>
INFO: XNIO NIO Implementation Version 3.6.5.Final
Feb 02, 2023 2:09:41 AM org.wildfly.security.Version <clinit>
INFO: ELY00001: WildFly Elytron version 1.8.0.Final
[0m02:09:42,202 INFO  [org.jboss.modules] (main) JBoss Modules version 1.11.0.Final
[0m[0m02:09:42,510 INFO  [org.jboss.msc] (main) JBoss MSC version 1.4.12.Final
[0m[0m02:09:42,516 INFO  [org.jboss.threads] (main) JBoss Threads version 2.4.0.Final
[0m[0m02:09:42,588 INFO  [org.jboss.as] (MSC service thread 1-2) WFLYSRV0049: WildFly Full 22.0.1.Final (WildFly Core 14.0.1.Final) starting
[0m[0m02:09:43,211 INFO  [org.wildfly.security] (ServerService Thread Pool -- 8) ELY00001: WildFly Elytron version 1.14.1.Final
[0m[0m02:09:43,594 INFO  [org.jboss.as.controller.management-deprecated] (Controller Boot Thread) WFLYCTL0028: Attribute 'security-realm' in the resource at address '/core-service=management/management-interface=http-interface' is deprecated, and may be removed in a future version. See the attribute description in the output of the read-resource-description operation to learn more about the deprecation.
[0m[0m02:09:43,642 INFO  [org.jboss.as.controller.management-deprecated] (ServerService Thread Pool -- 28) WFLYCTL0028: Attribute 'security-realm' in the resource at address '/subsystem=undertow/server=default-server/https-listener=https' is deprecated, and may be removed in a future version. See the attribute description in the output of the read-resource-description operation to learn more about the deprecation.
[0m[0m02:09:43,695 INFO  [org.jboss.as.server] (Controller Boot Thread) WFLYSRV0039: Creating http management service using socket-binding (management-http)
[0m[0m02:09:43,713 INFO  [org.xnio] (MSC service thread 1-4) XNIO version 3.8.4.Final
[0m[0m02:09:43,720 INFO  [org.xnio.nio] (MSC service thread 1-4) XNIO NIO Implementation Version 3.8.4.Final
[0m[0m02:09:43,752 INFO  [org.jboss.as.clustering.infinispan] (ServerService Thread Pool -- 53) WFLYCLINF0001: Activating Infinispan subsystem.
[0m[0m02:09:43,753 INFO  [org.wildfly.extension.health] (ServerService Thread Pool -- 52) WFLYHEALTH0001: Activating Base Health Subsystem
[0m[0m02:09:43,758 INFO  [org.jboss.as.jaxrs] (ServerService Thread Pool -- 55) WFLYRS0016: RESTEasy version 3.14.0.Final
[0m[0m02:09:43,760 INFO  [org.jboss.as.jsf] (ServerService Thread Pool -- 60) WFLYJSF0007: Activated the following JSF Implementations: [main]
[0m[0m02:09:43,766 INFO  [org.jboss.remoting] (MSC service thread 1-5) JBoss Remoting version 5.0.20.Final
[0m[0m02:09:43,765 INFO  [org.wildfly.extension.io] (ServerService Thread Pool -- 54) WFLYIO001: Worker 'default' has auto-configured to 72 IO threads with 576 max task threads based on your 36 available processors
[0m[0m02:09:43,772 INFO  [org.wildfly.extension.metrics] (ServerService Thread Pool -- 62) WFLYMETRICS0001: Activating Base Metrics Subsystem
[0m[0m02:09:43,772 INFO  [org.wildfly.extension.microprofile.config.smallrye._private] (ServerService Thread Pool -- 63) WFLYCONF0001: Activating WildFly MicroProfile Config Subsystem
[0m[0m02:09:43,771 INFO  [org.jboss.as.connector] (MSC service thread 1-6) WFLYJCA0009: Starting JCA Subsystem (WildFly/IronJacamar @VERSION@)
[0m[0m02:09:43,781 INFO  [org.wildfly.extension.microprofile.jwt.smallrye._private] (ServerService Thread Pool -- 64) WFLYJWT0001: Activating WildFly MicroProfile JWT Subsystem
[0m[0m02:09:43,797 INFO  [org.wildfly.extension.microprofile.opentracing] (ServerService Thread Pool -- 65) WFLYTRACEXT0001: Activating MicroProfile OpenTracing Subsystem
[0m[0m02:09:43,797 INFO  [org.jboss.as.connector.subsystems.datasources] (ServerService Thread Pool -- 44) WFLYJCA0004: Deploying JDBC-compliant driver class org.h2.Driver (version 1.4)
[0m[0m02:09:43,829 INFO  [org.jboss.as.naming] (ServerService Thread Pool -- 66) WFLYNAM0001: Activating Naming Subsystem
[0m[0m02:09:43,826 INFO  [org.jboss.as.connector.deployers.jdbc] (MSC service thread 1-4) WFLYJCA0018: Started Driver service with driver-name = h2
[0m[33m02:09:43,834 WARN  [org.jboss.as.txn] (ServerService Thread Pool -- 74) WFLYTX0013: The node-identifier attribute on the /subsystem=transactions is set to the default value. This is a danger for environments running multiple servers. Please make sure the attribute value is unique.
[0m[33m02:09:43,848 WARN  [org.wildfly.extension.elytron] (MSC service thread 1-8) WFLYELY00023: KeyStore file '/home/gabsko/breaking-updates/target/container/wildfly-22.0.1.Final/standalone/configuration/application.keystore' does not exist. Used blank.
[0m[0m02:09:43,848 INFO  [org.jboss.as.security] (ServerService Thread Pool -- 72) WFLYSEC0002: Activating Security Subsystem
[0m[0m02:09:43,850 INFO  [org.jboss.as.webservices] (ServerService Thread Pool -- 76) WFLYWS0002: Activating WebServices Extension
[0m[0m02:09:43,853 INFO  [org.jboss.as.security] (MSC service thread 1-4) WFLYSEC0001: Current PicketBox version=5.0.3.Final-redhat-00007
[0m[0m02:09:43,857 INFO  [org.jboss.as.naming] (MSC service thread 1-8) WFLYNAM0003: Starting Naming Service
[0m[33m02:09:43,858 WARN  [org.wildfly.extension.elytron] (MSC service thread 1-8) WFLYELY01084: KeyStore /home/gabsko/breaking-updates/target/container/wildfly-22.0.1.Final/standalone/configuration/application.keystore not found, it will be auto generated on first use with a self-signed certificate for host localhost
[0mWARNING: An illegal reflective access operation has occurred
WARNING: Illegal reflective access by org.wildfly.extension.elytron.SSLDefinitions (jar:file:/home/gabsko/breaking-updates/target/container/wildfly-22.0.1.Final/modules/system/layers/base/org/wildfly/extension/elytron/main/wildfly-elytron-integration-14.0.1.Final.jar!/) to method com.sun.net.ssl.internal.ssl.Provider.isFIPS()
WARNING: Please consider reporting this to the maintainers of org.wildfly.extension.elytron.SSLDefinitions
WARNING: Use --illegal-access=warn to enable warnings of further illegal reflective access operations
WARNING: All illegal access operations will be denied in a future release
[0m02:09:43,863 INFO  [org.jboss.as.mail.extension] (MSC service thread 1-5) WFLYMAIL0001: Bound mail session [java:jboss/mail/Default]
[0m[0m02:09:43,867 INFO  [org.wildfly.extension.undertow] (MSC service thread 1-6) WFLYUT0003: Undertow 2.2.4.Final starting
[0m[0m02:09:44,002 INFO  [org.wildfly.extension.undertow] (ServerService Thread Pool -- 75) WFLYUT0014: Creating file handler for path '/home/gabsko/breaking-updates/target/container/wildfly-22.0.1.Final/welcome-content' with options [directory-listing: 'false', follow-symlink: 'false', case-sensitive: 'true', safe-symlink-paths: '[]']
[0m[0m02:09:44,022 INFO  [org.jboss.as.ejb3] (MSC service thread 1-6) WFLYEJB0481: Strict pool slsb-strict-max-pool is using a max instance size of 576 (per class), which is derived from thread worker pool sizing.
[0m[0m02:09:44,022 INFO  [org.jboss.as.ejb3] (MSC service thread 1-5) WFLYEJB0482: Strict pool mdb-strict-max-pool is using a max instance size of 144 (per class), which is derived from the number of CPUs on this host.
[0m[0m02:09:44,029 INFO  [org.wildfly.extension.undertow] (MSC service thread 1-1) WFLYUT0012: Started server default-server.
[0m[0m02:09:44,031 INFO  [org.wildfly.extension.undertow] (MSC service thread 1-1) WFLYUT0018: Host default-host starting
[0m[0m02:09:44,076 INFO  [org.wildfly.extension.undertow] (MSC service thread 1-6) WFLYUT0006: Undertow HTTP listener default listening on 127.0.0.1:8080
[0m[0m02:09:44,163 INFO  [org.jboss.as.ejb3] (MSC service thread 1-3) WFLYEJB0493: EJB subsystem suspension complete
[0m[0m02:09:44,202 INFO  [org.jboss.as.connector.subsystems.datasources] (MSC service thread 1-7) WFLYJCA0001: Bound data source [java:jboss/datasources/ExampleDS]
[0m[0m02:09:44,285 INFO  [org.jboss.as.patching] (MSC service thread 1-7) WFLYPAT0050: WildFly Full cumulative patch ID is: base, one-off patches include: none
[0m[33m02:09:44,294 WARN  [org.jboss.as.domain.management.security] (MSC service thread 1-1) WFLYDM0111: Keystore /home/gabsko/breaking-updates/target/container/wildfly-22.0.1.Final/standalone/configuration/application.keystore not found, it will be auto generated on first use with a self signed certificate for host localhost
[0m[0m02:09:44,298 INFO  [org.jboss.as.server.deployment.scanner] (MSC service thread 1-6) WFLYDS0013: Started FileSystemDeploymentService for directory /home/gabsko/breaking-updates/target/container/wildfly-22.0.1.Final/standalone/deployments
[0m[0m02:09:44,325 INFO  [org.wildfly.extension.undertow] (MSC service thread 1-1) WFLYUT0006: Undertow HTTPS listener https listening on 127.0.0.1:8443
[0m[0m02:09:44,380 INFO  [org.jboss.ws.common.management] (MSC service thread 1-6) JBWS022052: Starting JBossWS 5.4.2.Final (Apache CXF 3.3.7) 
[0m[0m02:09:44,454 INFO  [org.jboss.as.server] (Controller Boot Thread) WFLYSRV0212: Resuming server
[0m[0m02:09:44,456 INFO  [org.jboss.as] (Controller Boot Thread) WFLYSRV0025: WildFly Full 22.0.1.Final (WildFly Core 14.0.1.Final) started in 2534ms - Started 318 of 557 services (345 services are lazy, passive or on-demand)
[0m[0m02:09:44,458 INFO  [org.jboss.as] (Controller Boot Thread) WFLYSRV0060: Http management interface listening on http://127.0.0.1:9990/management
[0m[0m02:09:44,458 INFO  [org.jboss.as] (Controller Boot Thread) WFLYSRV0051: Admin console listening on http://127.0.0.1:9990
[0mSLF4J: Failed to load class "org.slf4j.impl.StaticLoggerBinder".
SLF4J: Defaulting to no-operation (NOP) logger implementation
SLF4J: See http://www.slf4j.org/codes.html#StaticLoggerBinder for further details.
[0m02:09:45,050 INFO  [org.jboss.as.repository] (management-handler-thread - 1) WFLYDR0001: Content added at location /home/gabsko/breaking-updates/target/container/wildfly-22.0.1.Final/standalone/data/content/d6/79d43cfc4fa5fe512232ac18b9545389eb5f8b/content
[0m[0m02:09:45,072 INFO  [org.jboss.as.server.deployment] (MSC service thread 1-7) WFLYSRV0027: Starting deployment of "test.war" (runtime-name: "test.war")
[0m[0m02:09:45,891 INFO  [org.infinispan.CONTAINER] (ServerService Thread Pool -- 78) ISPN000128: Infinispan version: Infinispan 'Corona Extra' 11.0.8.Final
[0m[0m02:09:45,942 INFO  [org.infinispan.CONFIG] (MSC service thread 1-8) ISPN000152: Passivation configured without an eviction policy being selected. Only manually evicted entities will be passivated.
[0m[0m02:09:45,943 INFO  [org.infinispan.CONFIG] (MSC service thread 1-8) ISPN000152: Passivation configured without an eviction policy being selected. Only manually evicted entities will be passivated.
[0m[0m02:09:46,013 INFO  [org.infinispan.PERSISTENCE] (ServerService Thread Pool -- 78) ISPN000556: Starting user marshaller 'org.wildfly.clustering.infinispan.spi.marshalling.InfinispanProtoStreamMarshaller'
[0m[0m02:09:46,154 INFO  [org.jboss.as.clustering.infinispan] (ServerService Thread Pool -- 78) WFLYCLINF0002: Started http-remoting-connector cache from ejb container
[0m[0m02:09:46,238 INFO  [io.undertow.servlet] (ServerService Thread Pool -- 20) Initializing Shiro environment
[0m[0m02:09:46,238 INFO  [org.apache.shiro.web.env.EnvironmentLoader] (ServerService Thread Pool -- 20) Starting Shiro environment initialization.
[0m[0m02:09:46,273 INFO  [org.apache.shiro.web.env.EnvironmentLoader] (ServerService Thread Pool -- 20) Shiro environment initialized in 33 ms.
[0m[0m02:09:46,285 INFO  [org.wildfly.extension.undertow] (ServerService Thread Pool -- 20) WFLYUT0021: Registered web context: '/test' for server 'default-server'
[0m[0m02:09:46,334 INFO  [org.jboss.as.server] (management-handler-thread - 1) WFLYSRV0010: Deployed "test.war" (runtime-name : "test.war")
[0m[0m02:09:46,972 INFO  [org.togglz.servlet.TogglzFilter] (default task-1) Togglz started
[0m[0m02:09:47,411 INFO  [org.wildfly.extension.undertow] (ServerService Thread Pool -- 20) WFLYUT0022: Unregistered web context: '/test' from server 'default-server'
[0m[0m02:09:47,414 INFO  [io.undertow.servlet] (ServerService Thread Pool -- 20) Cleaning up Shiro Environment
[0m[0m02:09:47,444 INFO  [org.jboss.as.server.deployment] (MSC service thread 1-2) WFLYSRV0028: Stopped deployment test.war (runtime-name: test.war) in 37ms
[0m[0m02:09:47,472 INFO  [org.jboss.as.repository] (management-handler-thread - 1) WFLYDR0002: Content removed from location /home/gabsko/breaking-updates/target/container/wildfly-22.0.1.Final/standalone/data/content/d6/79d43cfc4fa5fe512232ac18b9545389eb5f8b/content
[0m[0m02:09:47,472 INFO  [org.jboss.as.server] (management-handler-thread - 1) WFLYSRV0009: Undeployed "test.war" (runtime-name: "test.war")
[0m[INFO] Tests run: 5, Failures: 0, Errors: 0, Skipped: 0, Time elapsed: 6.063 s - in org.togglz.shiro.test.ShiroUsersTest
[0m02:09:47,486 INFO  [org.jboss.as.server] (management-handler-thread - 1) WFLYSRV0272: Suspending server
[0m[0m02:09:47,491 INFO  [org.jboss.as.ejb3] (management-handler-thread - 1) WFLYEJB0493: EJB subsystem suspension complete
[0m[0m02:09:47,491 INFO  [org.jboss.as.server] (Management Triggered Shutdown) WFLYSRV0241: Shutting down in response to management operation 'shutdown'
[0m[0m02:09:47,500 INFO  [org.wildfly.extension.undertow] (MSC service thread 1-1) WFLYUT0019: Host default-host stopping
[0m[0m02:09:47,504 INFO  [org.jboss.as.connector.subsystems.datasources] (MSC service thread 1-3) WFLYJCA0010: Unbound data source [java:jboss/datasources/ExampleDS]
[0m[0m02:09:47,504 INFO  [org.wildfly.extension.undertow] (MSC service thread 1-6) WFLYUT0008: Undertow HTTPS listener https suspending
[0m[0m02:09:47,505 INFO  [org.wildfly.extension.undertow] (MSC service thread 1-6) WFLYUT0007: Undertow HTTPS listener https stopped, was bound to 127.0.0.1:8443
[0m[0m02:09:47,512 INFO  [org.jboss.as.mail.extension] (MSC service thread 1-7) WFLYMAIL0002: Unbound mail session [java:jboss/mail/Default]
[0m[0m02:09:47,516 INFO  [org.jboss.as.connector.deployers.jdbc] (MSC service thread 1-8) WFLYJCA0019: Stopped Driver service with driver-name = h2
[0m[0m02:09:47,520 INFO  [org.wildfly.extension.undertow] (MSC service thread 1-3) WFLYUT0008: Undertow HTTP listener default suspending
[0m[0m02:09:47,522 INFO  [org.wildfly.extension.undertow] (MSC service thread 1-3) WFLYUT0007: Undertow HTTP listener default stopped, was bound to 127.0.0.1:8080
[0m[0m02:09:47,524 INFO  [org.wildfly.extension.undertow] (MSC service thread 1-2) WFLYUT0004: Undertow 2.2.4.Final stopping
[0m[0m02:09:47,524 INFO  [org.jboss.as.clustering.infinispan] (ServerService Thread Pool -- 29) WFLYCLINF0003: Stopped http-remoting-connector cache from ejb container
[0m[0m02:09:47,525 INFO  [org.infinispan.manager.DefaultCacheManager] (ServerService Thread Pool -- 29) Stopping cache manager null on null
[0m[0m02:09:47,540 INFO  [org.jboss.as] (MSC service thread 1-1) WFLYSRV0050: WildFly Full 22.0.1.Final (WildFly Core 14.0.1.Final) stopped in 41ms
[0m[INFO] 
[INFO] Results:
[INFO] 
[INFO] Tests run: 5, Failures: 0, Errors: 0, Skipped: 0
[INFO] 
[INFO] 
[INFO] --------------------< org.togglz:togglz-appengine >---------------------
[INFO] Building Togglz - Google App Engine Integration 2.9.8-SNAPSHOT   [16/29]
[INFO] --------------------------------[ jar ]---------------------------------
[INFO] 
[INFO] --- maven-clean-plugin:2.5:clean (default-clean) @ togglz-appengine ---
[INFO] Deleting /home/gabsko/breaking-updates/appengine/target
[INFO] 
[INFO] --- maven-enforcer-plugin:1.0:enforce (enforce-maven) @ togglz-appengine ---
[INFO] 
[INFO] --- maven-resources-plugin:2.6:resources (default-resources) @ togglz-appengine ---
[INFO] Using 'UTF-8' encoding to copy filtered resources.
[INFO] skip non existing resourceDirectory /home/gabsko/breaking-updates/appengine/src/main/resources
[INFO] 
[INFO] --- maven-compiler-plugin:3.8.1:compile (default-compile) @ togglz-appengine ---
[INFO] Changes detected - recompiling the module!
[INFO] Compiling 5 source files to /home/gabsko/breaking-updates/appengine/target/classes
[INFO] 
[INFO] --- maven-resources-plugin:2.6:testResources (default-testResources) @ togglz-appengine ---
[INFO] Using 'UTF-8' encoding to copy filtered resources.
[INFO] skip non existing resourceDirectory /home/gabsko/breaking-updates/appengine/src/test/resources
[INFO] 
[INFO] --- maven-compiler-plugin:3.8.1:testCompile (default-testCompile) @ togglz-appengine ---
[INFO] Changes detected - recompiling the module!
[INFO] Compiling 6 source files to /home/gabsko/breaking-updates/appengine/target/test-classes
[INFO] /home/gabsko/breaking-updates/appengine/src/test/java/org/togglz/appengine/repository/FixedNamespaceStateRepositoryTest.java: /home/gabsko/breaking-updates/appengine/src/test/java/org/togglz/appengine/repository/FixedNamespaceStateRepositoryTest.java uses or overrides a deprecated API.
[INFO] /home/gabsko/breaking-updates/appengine/src/test/java/org/togglz/appengine/repository/FixedNamespaceStateRepositoryTest.java: Recompile with -Xlint:deprecation for details.
[INFO] 
[INFO] --- maven-surefire-plugin:2.22.2:test (default-test) @ togglz-appengine ---
[INFO] 
[INFO] -------------------------------------------------------
[INFO]  T E S T S
[INFO] -------------------------------------------------------
[INFO] Running org.togglz.appengine.user.UserServiceUserProviderTest
[INFO] Tests run: 3, Failures: 0, Errors: 0, Skipped: 0, Time elapsed: 0.101 s - in org.togglz.appengine.user.UserServiceUserProviderTest
[INFO] Running org.togglz.appengine.repository.DatastoreStateRepositoryTest
Feb 02, 2023 2:09:49 AM com.google.appengine.api.datastore.dev.LocalDatastoreService init
INFO: Local Datastore initialized: 
	Type: High Replication
	Storage: In-memory
Feb 02, 2023 2:09:49 AM com.google.appengine.api.datastore.dev.LocalDatastoreService init
INFO: Local Datastore initialized: 
	Type: High Replication
	Storage: In-memory
Feb 02, 2023 2:09:49 AM com.google.appengine.api.datastore.dev.LocalDatastoreService init
INFO: Local Datastore initialized: 
	Type: High Replication
	Storage: In-memory
Feb 02, 2023 2:09:49 AM com.google.appengine.api.datastore.dev.LocalDatastoreService init
INFO: Local Datastore initialized: 
	Type: High Replication
	Storage: In-memory
Feb 02, 2023 2:09:49 AM com.google.appengine.api.datastore.dev.LocalDatastoreService init
INFO: Local Datastore initialized: 
	Type: High Replication
	Storage: In-memory
Feb 02, 2023 2:09:49 AM com.google.appengine.api.datastore.dev.LocalDatastoreService init
INFO: Local Datastore initialized: 
	Type: High Replication
	Storage: In-memory
Feb 02, 2023 2:09:49 AM com.google.appengine.api.datastore.dev.LocalDatastoreService init
INFO: Local Datastore initialized: 
	Type: High Replication
	Storage: In-memory
Feb 02, 2023 2:09:49 AM com.google.appengine.api.datastore.dev.LocalDatastoreService init
INFO: Local Datastore initialized: 
	Type: High Replication
	Storage: In-memory
Feb 02, 2023 2:09:49 AM com.google.appengine.api.datastore.dev.LocalDatastoreService init
INFO: Local Datastore initialized: 
	Type: High Replication
	Storage: In-memory
Feb 02, 2023 2:09:49 AM com.google.appengine.api.datastore.dev.LocalDatastoreService init
INFO: Local Datastore initialized: 
	Type: High Replication
	Storage: In-memory
[INFO] Tests run: 10, Failures: 0, Errors: 0, Skipped: 0, Time elapsed: 0.706 s - in org.togglz.appengine.repository.DatastoreStateRepositoryTest
[INFO] Running org.togglz.appengine.repository.MemcacheStateRepositoryTest
[INFO] Tests run: 4, Failures: 0, Errors: 0, Skipped: 0, Time elapsed: 0.522 s - in org.togglz.appengine.repository.MemcacheStateRepositoryTest
[INFO] Running org.togglz.appengine.repository.FixedNamespaceStateRepositoryTest
Feb 02, 2023 2:09:50 AM com.google.appengine.api.datastore.dev.LocalDatastoreService init
INFO: Local Datastore initialized: 
	Type: Master/Slave
	Storage: In-memory
Feb 02, 2023 2:09:50 AM com.google.appengine.api.datastore.dev.LocalDatastoreService init
INFO: Local Datastore initialized: 
	Type: Master/Slave
	Storage: In-memory
Feb 02, 2023 2:09:50 AM com.google.appengine.api.datastore.dev.LocalDatastoreService init
INFO: Local Datastore initialized: 
	Type: Master/Slave
	Storage: In-memory
Feb 02, 2023 2:09:50 AM com.google.appengine.api.datastore.dev.LocalDatastoreService init
INFO: Local Datastore initialized: 
	Type: Master/Slave
	Storage: In-memory
Feb 02, 2023 2:09:50 AM com.google.appengine.api.datastore.dev.LocalDatastoreService init
INFO: Local Datastore initialized: 
	Type: Master/Slave
	Storage: In-memory
Feb 02, 2023 2:09:50 AM com.google.appengine.api.datastore.dev.LocalDatastoreService init
INFO: Local Datastore initialized: 
	Type: Master/Slave
	Storage: In-memory
Feb 02, 2023 2:09:50 AM com.google.appengine.api.datastore.dev.LocalDatastoreService init
INFO: Local Datastore initialized: 
	Type: Master/Slave
	Storage: In-memory
Feb 02, 2023 2:09:50 AM com.google.appengine.api.datastore.dev.LocalDatastoreService init
INFO: Local Datastore initialized: 
	Type: Master/Slave
	Storage: In-memory
[INFO] Tests run: 8, Failures: 0, Errors: 0, Skipped: 0, Time elapsed: 0.037 s - in org.togglz.appengine.repository.FixedNamespaceStateRepositoryTest
[INFO] Running org.togglz.appengine.activation.ApplicationVersionActivationStrategyTest
[INFO] Tests run: 6, Failures: 0, Errors: 0, Skipped: 0, Time elapsed: 0.004 s - in org.togglz.appengine.activation.ApplicationVersionActivationStrategyTest
Feb 02, 2023 2:09:50 AM com.google.appengine.api.datastore.dev.LocalDatastoreService cleanupActiveServices
INFO: scheduler shutting down.
[INFO] 
[INFO] Results:
[INFO] 
[INFO] Tests run: 31, Failures: 0, Errors: 0, Skipped: 0
[INFO] 
[INFO] 
[INFO] -----------------< org.togglz:togglz-cloud-datastore >------------------
[INFO] Building Togglz - Google Cloud Datastore Integration 2.9.8-SNAPSHOT [17/29]
[INFO] --------------------------------[ jar ]---------------------------------
[INFO] 
[INFO] --- maven-clean-plugin:2.5:clean (default-clean) @ togglz-cloud-datastore ---
[INFO] Deleting /home/gabsko/breaking-updates/cloud-datastore/target
[INFO] 
[INFO] --- maven-enforcer-plugin:1.0:enforce (enforce-maven) @ togglz-cloud-datastore ---
[INFO] 
[INFO] --- maven-resources-plugin:2.6:resources (default-resources) @ togglz-cloud-datastore ---
[INFO] Using 'UTF-8' encoding to copy filtered resources.
[INFO] skip non existing resourceDirectory /home/gabsko/breaking-updates/cloud-datastore/src/main/resources
[INFO] 
[INFO] --- maven-compiler-plugin:3.8.1:compile (default-compile) @ togglz-cloud-datastore ---
[INFO] Changes detected - recompiling the module!
[INFO] Compiling 2 source files to /home/gabsko/breaking-updates/cloud-datastore/target/classes
[INFO] 
[INFO] --- maven-resources-plugin:2.6:testResources (default-testResources) @ togglz-cloud-datastore ---
[INFO] Using 'UTF-8' encoding to copy filtered resources.
[INFO] skip non existing resourceDirectory /home/gabsko/breaking-updates/cloud-datastore/src/test/resources
[INFO] 
[INFO] --- maven-compiler-plugin:3.8.1:testCompile (default-testCompile) @ togglz-cloud-datastore ---
[INFO] Changes detected - recompiling the module!
[INFO] Compiling 1 source file to /home/gabsko/breaking-updates/cloud-datastore/target/test-classes
[INFO] 
[INFO] --- maven-surefire-plugin:2.22.2:test (default-test) @ togglz-cloud-datastore ---
[INFO] 
[INFO] ---------------------< org.togglz:togglz-mongodb >----------------------
[INFO] Building Togglz - MongoDB integration 2.9.8-SNAPSHOT             [18/29]
[INFO] --------------------------------[ jar ]---------------------------------
[INFO] 
[INFO] --- maven-clean-plugin:2.5:clean (default-clean) @ togglz-mongodb ---
[INFO] Deleting /home/gabsko/breaking-updates/mongodb/target
[INFO] 
[INFO] --- maven-enforcer-plugin:1.0:enforce (enforce-maven) @ togglz-mongodb ---
[INFO] 
[INFO] --- maven-resources-plugin:2.6:resources (default-resources) @ togglz-mongodb ---
[INFO] Using 'UTF-8' encoding to copy filtered resources.
[INFO] skip non existing resourceDirectory /home/gabsko/breaking-updates/mongodb/src/main/resources
[INFO] 
[INFO] --- maven-compiler-plugin:3.8.1:compile (default-compile) @ togglz-mongodb ---
[INFO] Changes detected - recompiling the module!
[INFO] Compiling 1 source file to /home/gabsko/breaking-updates/mongodb/target/classes
[INFO] /home/gabsko/breaking-updates/mongodb/src/main/java/org/togglz/mongodb/MongoStateRepository.java: /home/gabsko/breaking-updates/mongodb/src/main/java/org/togglz/mongodb/MongoStateRepository.java uses unchecked or unsafe operations.
[INFO] /home/gabsko/breaking-updates/mongodb/src/main/java/org/togglz/mongodb/MongoStateRepository.java: Recompile with -Xlint:unchecked for details.
[INFO] 
[INFO] --- maven-resources-plugin:2.6:testResources (default-testResources) @ togglz-mongodb ---
[INFO] Using 'UTF-8' encoding to copy filtered resources.
[INFO] skip non existing resourceDirectory /home/gabsko/breaking-updates/mongodb/src/test/resources
[INFO] 
[INFO] --- maven-compiler-plugin:3.8.1:testCompile (default-testCompile) @ togglz-mongodb ---
[INFO] Changes detected - recompiling the module!
[INFO] Compiling 1 source file to /home/gabsko/breaking-updates/mongodb/target/test-classes
[INFO] 
[INFO] --- maven-surefire-plugin:2.22.2:test (default-test) @ togglz-mongodb ---
[INFO] 
[INFO] -------------------------------------------------------
[INFO]  T E S T S
[INFO] -------------------------------------------------------
[INFO] Running org.togglz.mongodb.MongoStateRepositoryTest
02:09:51.688 [main] DEBUG org.testcontainers.utility.TestcontainersConfiguration - Testcontainers configuration overrides will be loaded from file:/home/gabsko/.testcontainers.properties
02:09:51.705 [main] WARN org.testcontainers.utility.TestcontainersConfiguration - Attempted to read Testcontainers configuration file at file:/home/gabsko/.testcontainers.properties but the file was not found. Exception message: FileNotFoundException: /home/gabsko/.testcontainers.properties (No such file or directory)
02:09:51.720 [main] INFO org.testcontainers.dockerclient.DockerMachineClientProviderStrategy - docker-machine executable was not found on PATH ([/home/gabsko/apache-maven-3.8.6/bin, /usr/local/sbin, /usr/local/bin, /usr/sbin, /usr/bin, /sbin, /bin, /usr/games, /usr/local/games, /snap/bin])
02:09:51.720 [main] DEBUG org.testcontainers.dockerclient.RootlessDockerClientProviderStrategy - $XDG_RUNTIME_DIR is set but '/run/user/1021/docker.sock' does not exist.
02:09:51.721 [main] DEBUG org.testcontainers.dockerclient.RootlessDockerClientProviderStrategy - '/home/gabsko/.docker/run' does not exist.
02:09:51.763 [main] DEBUG org.testcontainers.dockerclient.RootlessDockerClientProviderStrategy - '/run/user/1021/docker.sock' does not exist.
Feb 02, 2023 2:09:51 AM org.jboss.logmanager.JBossLoggerFinder getLogger
ERROR: The LogManager accessed before the "java.util.logging.manager" system property was set to "org.jboss.logmanager.LogManager". Results may be unexpected.
02:09:52.112 [ducttape-0] DEBUG org.testcontainers.dockerclient.DockerClientProviderStrategy - Pinging docker daemon...
02:09:52.132 [ducttape-0] DEBUG org.testcontainers.shaded.com.github.dockerjava.core.command.AbstrDockerCmd - Cmd: 
02:09:52.275 [ducttape-0] DEBUG org.testcontainers.dockerclient.DockerClientProviderStrategy - Pinging docker daemon...
02:09:52.275 [ducttape-0] DEBUG org.testcontainers.shaded.com.github.dockerjava.core.command.AbstrDockerCmd - Cmd: 
02:09:52.377 [ducttape-0] DEBUG org.testcontainers.dockerclient.DockerClientProviderStrategy - Pinging docker daemon...
02:09:52.377 [ducttape-0] DEBUG org.testcontainers.shaded.com.github.dockerjava.core.command.AbstrDockerCmd - Cmd: 
02:09:52.479 [ducttape-0] DEBUG org.testcontainers.dockerclient.DockerClientProviderStrategy - Pinging docker daemon...
02:09:52.479 [ducttape-0] DEBUG org.testcontainers.shaded.com.github.dockerjava.core.command.AbstrDockerCmd - Cmd: 
02:09:52.581 [ducttape-0] DEBUG org.testcontainers.dockerclient.DockerClientProviderStrategy - Pinging docker daemon...
02:09:52.581 [ducttape-0] DEBUG org.testcontainers.shaded.com.github.dockerjava.core.command.AbstrDockerCmd - Cmd: 
02:09:52.683 [ducttape-0] DEBUG org.testcontainers.dockerclient.DockerClientProviderStrategy - Pinging docker daemon...
02:09:52.683 [ducttape-0] DEBUG org.testcontainers.shaded.com.github.dockerjava.core.command.AbstrDockerCmd - Cmd: 
02:09:52.785 [ducttape-0] DEBUG org.testcontainers.dockerclient.DockerClientProviderStrategy - Pinging docker daemon...
02:09:52.785 [ducttape-0] DEBUG org.testcontainers.shaded.com.github.dockerjava.core.command.AbstrDockerCmd - Cmd: 
02:09:52.887 [ducttape-0] DEBUG org.testcontainers.dockerclient.DockerClientProviderStrategy - Pinging docker daemon...
02:09:52.887 [ducttape-0] DEBUG org.testcontainers.shaded.com.github.dockerjava.core.command.AbstrDockerCmd - Cmd: 
02:09:52.989 [ducttape-0] DEBUG org.testcontainers.dockerclient.DockerClientProviderStrategy - Pinging docker daemon...
02:09:52.989 [ducttape-0] DEBUG org.testcontainers.shaded.com.github.dockerjava.core.command.AbstrDockerCmd - Cmd: 
02:09:53.091 [ducttape-0] DEBUG org.testcontainers.dockerclient.DockerClientProviderStrategy - Pinging docker daemon...
02:09:53.091 [ducttape-0] DEBUG org.testcontainers.shaded.com.github.dockerjava.core.command.AbstrDockerCmd - Cmd: 
02:09:53.192 [ducttape-0] DEBUG org.testcontainers.dockerclient.DockerClientProviderStrategy - Pinging docker daemon...
02:09:53.192 [ducttape-0] DEBUG org.testcontainers.shaded.com.github.dockerjava.core.command.AbstrDockerCmd - Cmd: 
02:09:53.294 [ducttape-0] DEBUG org.testcontainers.dockerclient.DockerClientProviderStrategy - Pinging docker daemon...
02:09:53.294 [ducttape-0] DEBUG org.testcontainers.shaded.com.github.dockerjava.core.command.AbstrDockerCmd - Cmd: 
02:09:53.395 [ducttape-0] DEBUG org.testcontainers.dockerclient.DockerClientProviderStrategy - Pinging docker daemon...
02:09:53.395 [ducttape-0] DEBUG org.testcontainers.shaded.com.github.dockerjava.core.command.AbstrDockerCmd - Cmd: 
02:09:53.496 [ducttape-0] DEBUG org.testcontainers.dockerclient.DockerClientProviderStrategy - Pinging docker daemon...
02:09:53.497 [ducttape-0] DEBUG org.testcontainers.shaded.com.github.dockerjava.core.command.AbstrDockerCmd - Cmd: 
02:09:53.599 [ducttape-0] DEBUG org.testcontainers.dockerclient.DockerClientProviderStrategy - Pinging docker daemon...
02:09:53.599 [ducttape-0] DEBUG org.testcontainers.shaded.com.github.dockerjava.core.command.AbstrDockerCmd - Cmd: 
02:09:53.700 [ducttape-0] DEBUG org.testcontainers.dockerclient.DockerClientProviderStrategy - Pinging docker daemon...
02:09:53.700 [ducttape-0] DEBUG org.testcontainers.shaded.com.github.dockerjava.core.command.AbstrDockerCmd - Cmd: 
02:09:53.802 [ducttape-0] DEBUG org.testcontainers.dockerclient.DockerClientProviderStrategy - Pinging docker daemon...
02:09:53.802 [ducttape-0] DEBUG org.testcontainers.shaded.com.github.dockerjava.core.command.AbstrDockerCmd - Cmd: 
02:09:53.904 [ducttape-0] DEBUG org.testcontainers.dockerclient.DockerClientProviderStrategy - Pinging docker daemon...
02:09:53.904 [ducttape-0] DEBUG org.testcontainers.shaded.com.github.dockerjava.core.command.AbstrDockerCmd - Cmd: 
02:09:54.006 [ducttape-0] DEBUG org.testcontainers.dockerclient.DockerClientProviderStrategy - Pinging docker daemon...
02:09:54.006 [ducttape-0] DEBUG org.testcontainers.shaded.com.github.dockerjava.core.command.AbstrDockerCmd - Cmd: 
02:09:54.107 [ducttape-0] DEBUG org.testcontainers.dockerclient.DockerClientProviderStrategy - Pinging docker daemon...
02:09:54.107 [ducttape-0] DEBUG org.testcontainers.shaded.com.github.dockerjava.core.command.AbstrDockerCmd - Cmd: 
02:09:54.208 [ducttape-0] DEBUG org.testcontainers.dockerclient.DockerClientProviderStrategy - Pinging docker daemon...
02:09:54.208 [ducttape-0] DEBUG org.testcontainers.shaded.com.github.dockerjava.core.command.AbstrDockerCmd - Cmd: 
02:09:54.309 [ducttape-0] DEBUG org.testcontainers.dockerclient.DockerClientProviderStrategy - Pinging docker daemon...
02:09:54.310 [ducttape-0] DEBUG org.testcontainers.shaded.com.github.dockerjava.core.command.AbstrDockerCmd - Cmd: 
02:09:54.412 [ducttape-0] DEBUG org.testcontainers.dockerclient.DockerClientProviderStrategy - Pinging docker daemon...
02:09:54.412 [ducttape-0] DEBUG org.testcontainers.shaded.com.github.dockerjava.core.command.AbstrDockerCmd - Cmd: 
02:09:54.514 [ducttape-0] DEBUG org.testcontainers.dockerclient.DockerClientProviderStrategy - Pinging docker daemon...
02:09:54.514 [ducttape-0] DEBUG org.testcontainers.shaded.com.github.dockerjava.core.command.AbstrDockerCmd - Cmd: 
02:09:54.616 [ducttape-0] DEBUG org.testcontainers.dockerclient.DockerClientProviderStrategy - Pinging docker daemon...
02:09:54.616 [ducttape-0] DEBUG org.testcontainers.shaded.com.github.dockerjava.core.command.AbstrDockerCmd - Cmd: 
02:09:54.717 [ducttape-0] DEBUG org.testcontainers.dockerclient.DockerClientProviderStrategy - Pinging docker daemon...
02:09:54.718 [ducttape-0] DEBUG org.testcontainers.shaded.com.github.dockerjava.core.command.AbstrDockerCmd - Cmd: 
02:09:54.819 [ducttape-0] DEBUG org.testcontainers.dockerclient.DockerClientProviderStrategy - Pinging docker daemon...
02:09:54.820 [ducttape-0] DEBUG org.testcontainers.shaded.com.github.dockerjava.core.command.AbstrDockerCmd - Cmd: 
02:09:54.921 [ducttape-0] DEBUG org.testcontainers.dockerclient.DockerClientProviderStrategy - Pinging docker daemon...
02:09:54.922 [ducttape-0] DEBUG org.testcontainers.shaded.com.github.dockerjava.core.command.AbstrDockerCmd - Cmd: 
02:09:55.023 [ducttape-0] DEBUG org.testcontainers.dockerclient.DockerClientProviderStrategy - Pinging docker daemon...
02:09:55.023 [ducttape-0] DEBUG org.testcontainers.shaded.com.github.dockerjava.core.command.AbstrDockerCmd - Cmd: 
02:09:55.125 [ducttape-0] DEBUG org.testcontainers.dockerclient.DockerClientProviderStrategy - Pinging docker daemon...
02:09:55.125 [ducttape-0] DEBUG org.testcontainers.shaded.com.github.dockerjava.core.command.AbstrDockerCmd - Cmd: 
02:09:55.227 [ducttape-0] DEBUG org.testcontainers.dockerclient.DockerClientProviderStrategy - Pinging docker daemon...
02:09:55.227 [ducttape-0] DEBUG org.testcontainers.shaded.com.github.dockerjava.core.command.AbstrDockerCmd - Cmd: 
02:09:55.331 [ducttape-0] DEBUG org.testcontainers.dockerclient.DockerClientProviderStrategy - Pinging docker daemon...
02:09:55.331 [ducttape-0] DEBUG org.testcontainers.shaded.com.github.dockerjava.core.command.AbstrDockerCmd - Cmd: 
02:09:55.432 [ducttape-0] DEBUG org.testcontainers.dockerclient.DockerClientProviderStrategy - Pinging docker daemon...
02:09:55.433 [ducttape-0] DEBUG org.testcontainers.shaded.com.github.dockerjava.core.command.AbstrDockerCmd - Cmd: 
02:09:55.535 [ducttape-0] DEBUG org.testcontainers.dockerclient.DockerClientProviderStrategy - Pinging docker daemon...
02:09:55.535 [ducttape-0] DEBUG org.testcontainers.shaded.com.github.dockerjava.core.command.AbstrDockerCmd - Cmd: 
02:09:55.636 [ducttape-0] DEBUG org.testcontainers.dockerclient.DockerClientProviderStrategy - Pinging docker daemon...
02:09:55.636 [ducttape-0] DEBUG org.testcontainers.shaded.com.github.dockerjava.core.command.AbstrDockerCmd - Cmd: 
02:09:55.738 [ducttape-0] DEBUG org.testcontainers.dockerclient.DockerClientProviderStrategy - Pinging docker daemon...
02:09:55.738 [ducttape-0] DEBUG org.testcontainers.shaded.com.github.dockerjava.core.command.AbstrDockerCmd - Cmd: 
02:09:55.839 [ducttape-0] DEBUG org.testcontainers.dockerclient.DockerClientProviderStrategy - Pinging docker daemon...
02:09:55.839 [ducttape-0] DEBUG org.testcontainers.shaded.com.github.dockerjava.core.command.AbstrDockerCmd - Cmd: 
02:09:55.941 [ducttape-0] DEBUG org.testcontainers.dockerclient.DockerClientProviderStrategy - Pinging docker daemon...
02:09:55.941 [ducttape-0] DEBUG org.testcontainers.shaded.com.github.dockerjava.core.command.AbstrDockerCmd - Cmd: 
02:09:56.042 [ducttape-0] DEBUG org.testcontainers.dockerclient.DockerClientProviderStrategy - Pinging docker daemon...
02:09:56.042 [ducttape-0] DEBUG org.testcontainers.shaded.com.github.dockerjava.core.command.AbstrDockerCmd - Cmd: 
02:09:56.143 [ducttape-0] DEBUG org.testcontainers.dockerclient.DockerClientProviderStrategy - Pinging docker daemon...
02:09:56.143 [ducttape-0] DEBUG org.testcontainers.shaded.com.github.dockerjava.core.command.AbstrDockerCmd - Cmd: 
02:09:56.244 [ducttape-0] DEBUG org.testcontainers.dockerclient.DockerClientProviderStrategy - Pinging docker daemon...
02:09:56.244 [ducttape-0] DEBUG org.testcontainers.shaded.com.github.dockerjava.core.command.AbstrDockerCmd - Cmd: 
02:09:56.345 [ducttape-0] DEBUG org.testcontainers.dockerclient.DockerClientProviderStrategy - Pinging docker daemon...
02:09:56.345 [ducttape-0] DEBUG org.testcontainers.shaded.com.github.dockerjava.core.command.AbstrDockerCmd - Cmd: 
02:09:56.446 [ducttape-0] DEBUG org.testcontainers.dockerclient.DockerClientProviderStrategy - Pinging docker daemon...
02:09:56.447 [ducttape-0] DEBUG org.testcontainers.shaded.com.github.dockerjava.core.command.AbstrDockerCmd - Cmd: 
02:09:56.548 [ducttape-0] DEBUG org.testcontainers.dockerclient.DockerClientProviderStrategy - Pinging docker daemon...
02:09:56.549 [ducttape-0] DEBUG org.testcontainers.shaded.com.github.dockerjava.core.command.AbstrDockerCmd - Cmd: 
02:09:56.649 [ducttape-0] DEBUG org.testcontainers.dockerclient.DockerClientProviderStrategy - Pinging docker daemon...
02:09:56.650 [ducttape-0] DEBUG org.testcontainers.shaded.com.github.dockerjava.core.command.AbstrDockerCmd - Cmd: 
02:09:56.750 [ducttape-0] DEBUG org.testcontainers.dockerclient.DockerClientProviderStrategy - Pinging docker daemon...
02:09:56.751 [ducttape-0] DEBUG org.testcontainers.shaded.com.github.dockerjava.core.command.AbstrDockerCmd - Cmd: 
02:09:56.852 [ducttape-0] DEBUG org.testcontainers.dockerclient.DockerClientProviderStrategy - Pinging docker daemon...
02:09:56.852 [ducttape-0] DEBUG org.testcontainers.shaded.com.github.dockerjava.core.command.AbstrDockerCmd - Cmd: 
02:09:56.953 [ducttape-0] DEBUG org.testcontainers.dockerclient.DockerClientProviderStrategy - Pinging docker daemon...
02:09:56.954 [ducttape-0] DEBUG org.testcontainers.shaded.com.github.dockerjava.core.command.AbstrDockerCmd - Cmd: 
02:09:57.055 [ducttape-0] DEBUG org.testcontainers.dockerclient.DockerClientProviderStrategy - Pinging docker daemon...
02:09:57.055 [ducttape-0] DEBUG org.testcontainers.shaded.com.github.dockerjava.core.command.AbstrDockerCmd - Cmd: 
02:09:57.157 [ducttape-0] DEBUG org.testcontainers.dockerclient.DockerClientProviderStrategy - Pinging docker daemon...
02:09:57.157 [ducttape-0] DEBUG org.testcontainers.shaded.com.github.dockerjava.core.command.AbstrDockerCmd - Cmd: 
02:09:57.259 [ducttape-0] DEBUG org.testcontainers.dockerclient.DockerClientProviderStrategy - Pinging docker daemon...
02:09:57.259 [ducttape-0] DEBUG org.testcontainers.shaded.com.github.dockerjava.core.command.AbstrDockerCmd - Cmd: 
02:09:57.361 [ducttape-0] DEBUG org.testcontainers.dockerclient.DockerClientProviderStrategy - Pinging docker daemon...
02:09:57.361 [ducttape-0] DEBUG org.testcontainers.shaded.com.github.dockerjava.core.command.AbstrDockerCmd - Cmd: 
02:09:57.463 [ducttape-0] DEBUG org.testcontainers.dockerclient.DockerClientProviderStrategy - Pinging docker daemon...
02:09:57.463 [ducttape-0] DEBUG org.testcontainers.shaded.com.github.dockerjava.core.command.AbstrDockerCmd - Cmd: 
02:09:57.564 [ducttape-0] DEBUG org.testcontainers.dockerclient.DockerClientProviderStrategy - Pinging docker daemon...
02:09:57.565 [ducttape-0] DEBUG org.testcontainers.shaded.com.github.dockerjava.core.command.AbstrDockerCmd - Cmd: 
02:09:57.666 [ducttape-0] DEBUG org.testcontainers.dockerclient.DockerClientProviderStrategy - Pinging docker daemon...
02:09:57.666 [ducttape-0] DEBUG org.testcontainers.shaded.com.github.dockerjava.core.command.AbstrDockerCmd - Cmd: 
02:09:57.767 [ducttape-0] DEBUG org.testcontainers.dockerclient.DockerClientProviderStrategy - Pinging docker daemon...
02:09:57.768 [ducttape-0] DEBUG org.testcontainers.shaded.com.github.dockerjava.core.command.AbstrDockerCmd - Cmd: 
02:09:57.869 [ducttape-0] DEBUG org.testcontainers.dockerclient.DockerClientProviderStrategy - Pinging docker daemon...
02:09:57.869 [ducttape-0] DEBUG org.testcontainers.shaded.com.github.dockerjava.core.command.AbstrDockerCmd - Cmd: 
02:09:57.971 [ducttape-0] DEBUG org.testcontainers.dockerclient.DockerClientProviderStrategy - Pinging docker daemon...
02:09:57.971 [ducttape-0] DEBUG org.testcontainers.shaded.com.github.dockerjava.core.command.AbstrDockerCmd - Cmd: 
02:09:58.072 [ducttape-0] DEBUG org.testcontainers.dockerclient.DockerClientProviderStrategy - Pinging docker daemon...
02:09:58.073 [ducttape-0] DEBUG org.testcontainers.shaded.com.github.dockerjava.core.command.AbstrDockerCmd - Cmd: 
02:09:58.175 [ducttape-0] DEBUG org.testcontainers.dockerclient.DockerClientProviderStrategy - Pinging docker daemon...
02:09:58.175 [ducttape-0] DEBUG org.testcontainers.shaded.com.github.dockerjava.core.command.AbstrDockerCmd - Cmd: 
02:09:58.276 [ducttape-0] DEBUG org.testcontainers.dockerclient.DockerClientProviderStrategy - Pinging docker daemon...
02:09:58.276 [ducttape-0] DEBUG org.testcontainers.shaded.com.github.dockerjava.core.command.AbstrDockerCmd - Cmd: 
02:09:58.378 [ducttape-0] DEBUG org.testcontainers.dockerclient.DockerClientProviderStrategy - Pinging docker daemon...
02:09:58.378 [ducttape-0] DEBUG org.testcontainers.shaded.com.github.dockerjava.core.command.AbstrDockerCmd - Cmd: 
02:09:58.480 [ducttape-0] DEBUG org.testcontainers.dockerclient.DockerClientProviderStrategy - Pinging docker daemon...
02:09:58.480 [ducttape-0] DEBUG org.testcontainers.shaded.com.github.dockerjava.core.command.AbstrDockerCmd - Cmd: 
02:09:58.582 [ducttape-0] DEBUG org.testcontainers.dockerclient.DockerClientProviderStrategy - Pinging docker daemon...
02:09:58.582 [ducttape-0] DEBUG org.testcontainers.shaded.com.github.dockerjava.core.command.AbstrDockerCmd - Cmd: 
02:09:58.684 [ducttape-0] DEBUG org.testcontainers.dockerclient.DockerClientProviderStrategy - Pinging docker daemon...
02:09:58.684 [ducttape-0] DEBUG org.testcontainers.shaded.com.github.dockerjava.core.command.AbstrDockerCmd - Cmd: 
02:09:58.786 [ducttape-0] DEBUG org.testcontainers.dockerclient.DockerClientProviderStrategy - Pinging docker daemon...
02:09:58.786 [ducttape-0] DEBUG org.testcontainers.shaded.com.github.dockerjava.core.command.AbstrDockerCmd - Cmd: 
02:09:58.887 [ducttape-0] DEBUG org.testcontainers.dockerclient.DockerClientProviderStrategy - Pinging docker daemon...
02:09:58.888 [ducttape-0] DEBUG org.testcontainers.shaded.com.github.dockerjava.core.command.AbstrDockerCmd - Cmd: 
02:09:58.988 [ducttape-0] DEBUG org.testcontainers.dockerclient.DockerClientProviderStrategy - Pinging docker daemon...
02:09:58.989 [ducttape-0] DEBUG org.testcontainers.shaded.com.github.dockerjava.core.command.AbstrDockerCmd - Cmd: 
02:09:59.092 [ducttape-0] DEBUG org.testcontainers.dockerclient.DockerClientProviderStrategy - Pinging docker daemon...
02:09:59.092 [ducttape-0] DEBUG org.testcontainers.shaded.com.github.dockerjava.core.command.AbstrDockerCmd - Cmd: 
02:09:59.193 [ducttape-0] DEBUG org.testcontainers.dockerclient.DockerClientProviderStrategy - Pinging docker daemon...
02:09:59.194 [ducttape-0] DEBUG org.testcontainers.shaded.com.github.dockerjava.core.command.AbstrDockerCmd - Cmd: 
02:09:59.296 [ducttape-0] DEBUG org.testcontainers.dockerclient.DockerClientProviderStrategy - Pinging docker daemon...
02:09:59.296 [ducttape-0] DEBUG org.testcontainers.shaded.com.github.dockerjava.core.command.AbstrDockerCmd - Cmd: 
02:09:59.397 [ducttape-0] DEBUG org.testcontainers.dockerclient.DockerClientProviderStrategy - Pinging docker daemon...
02:09:59.397 [ducttape-0] DEBUG org.testcontainers.shaded.com.github.dockerjava.core.command.AbstrDockerCmd - Cmd: 
02:09:59.499 [ducttape-0] DEBUG org.testcontainers.dockerclient.DockerClientProviderStrategy - Pinging docker daemon...
02:09:59.499 [ducttape-0] DEBUG org.testcontainers.shaded.com.github.dockerjava.core.command.AbstrDockerCmd - Cmd: 
02:09:59.600 [ducttape-0] DEBUG org.testcontainers.dockerclient.DockerClientProviderStrategy - Pinging docker daemon...
02:09:59.600 [ducttape-0] DEBUG org.testcontainers.shaded.com.github.dockerjava.core.command.AbstrDockerCmd - Cmd: 
02:09:59.701 [ducttape-0] DEBUG org.testcontainers.dockerclient.DockerClientProviderStrategy - Pinging docker daemon...
02:09:59.702 [ducttape-0] DEBUG org.testcontainers.shaded.com.github.dockerjava.core.command.AbstrDockerCmd - Cmd: 
02:09:59.803 [ducttape-0] DEBUG org.testcontainers.dockerclient.DockerClientProviderStrategy - Pinging docker daemon...
02:09:59.803 [ducttape-0] DEBUG org.testcontainers.shaded.com.github.dockerjava.core.command.AbstrDockerCmd - Cmd: 
02:09:59.904 [ducttape-0] DEBUG org.testcontainers.dockerclient.DockerClientProviderStrategy - Pinging docker daemon...
02:09:59.904 [ducttape-0] DEBUG org.testcontainers.shaded.com.github.dockerjava.core.command.AbstrDockerCmd - Cmd: 
02:10:00.005 [ducttape-0] DEBUG org.testcontainers.dockerclient.DockerClientProviderStrategy - Pinging docker daemon...
02:10:00.006 [ducttape-0] DEBUG org.testcontainers.shaded.com.github.dockerjava.core.command.AbstrDockerCmd - Cmd: 
02:10:00.107 [ducttape-0] DEBUG org.testcontainers.dockerclient.DockerClientProviderStrategy - Pinging docker daemon...
02:10:00.107 [ducttape-0] DEBUG org.testcontainers.shaded.com.github.dockerjava.core.command.AbstrDockerCmd - Cmd: 
02:10:00.208 [ducttape-0] DEBUG org.testcontainers.dockerclient.DockerClientProviderStrategy - Pinging docker daemon...
02:10:00.209 [ducttape-0] DEBUG org.testcontainers.shaded.com.github.dockerjava.core.command.AbstrDockerCmd - Cmd: 
02:10:00.309 [ducttape-0] DEBUG org.testcontainers.dockerclient.DockerClientProviderStrategy - Pinging docker daemon...
02:10:00.310 [ducttape-0] DEBUG org.testcontainers.shaded.com.github.dockerjava.core.command.AbstrDockerCmd - Cmd: 
02:10:00.411 [ducttape-0] DEBUG org.testcontainers.dockerclient.DockerClientProviderStrategy - Pinging docker daemon...
02:10:00.411 [ducttape-0] DEBUG org.testcontainers.shaded.com.github.dockerjava.core.command.AbstrDockerCmd - Cmd: 
02:10:00.513 [ducttape-0] DEBUG org.testcontainers.dockerclient.DockerClientProviderStrategy - Pinging docker daemon...
02:10:00.513 [ducttape-0] DEBUG org.testcontainers.shaded.com.github.dockerjava.core.command.AbstrDockerCmd - Cmd: 
02:10:00.614 [ducttape-0] DEBUG org.testcontainers.dockerclient.DockerClientProviderStrategy - Pinging docker daemon...
02:10:00.614 [ducttape-0] DEBUG org.testcontainers.shaded.com.github.dockerjava.core.command.AbstrDockerCmd - Cmd: 
02:10:00.715 [ducttape-0] DEBUG org.testcontainers.dockerclient.DockerClientProviderStrategy - Pinging docker daemon...
02:10:00.715 [ducttape-0] DEBUG org.testcontainers.shaded.com.github.dockerjava.core.command.AbstrDockerCmd - Cmd: 
02:10:00.817 [ducttape-0] DEBUG org.testcontainers.dockerclient.DockerClientProviderStrategy - Pinging docker daemon...
02:10:00.817 [ducttape-0] DEBUG org.testcontainers.shaded.com.github.dockerjava.core.command.AbstrDockerCmd - Cmd: 
02:10:00.919 [ducttape-0] DEBUG org.testcontainers.dockerclient.DockerClientProviderStrategy - Pinging docker daemon...
02:10:00.919 [ducttape-0] DEBUG org.testcontainers.shaded.com.github.dockerjava.core.command.AbstrDockerCmd - Cmd: 
02:10:01.021 [ducttape-0] DEBUG org.testcontainers.dockerclient.DockerClientProviderStrategy - Pinging docker daemon...
02:10:01.021 [ducttape-0] DEBUG org.testcontainers.shaded.com.github.dockerjava.core.command.AbstrDockerCmd - Cmd: 
02:10:01.123 [ducttape-0] DEBUG org.testcontainers.dockerclient.DockerClientProviderStrategy - Pinging docker daemon...
02:10:01.123 [ducttape-0] DEBUG org.testcontainers.shaded.com.github.dockerjava.core.command.AbstrDockerCmd - Cmd: 
02:10:01.224 [ducttape-0] DEBUG org.testcontainers.dockerclient.DockerClientProviderStrategy - Pinging docker daemon...
02:10:01.225 [ducttape-0] DEBUG org.testcontainers.shaded.com.github.dockerjava.core.command.AbstrDockerCmd - Cmd: 
02:10:01.326 [ducttape-0] DEBUG org.testcontainers.dockerclient.DockerClientProviderStrategy - Pinging docker daemon...
02:10:01.327 [ducttape-0] DEBUG org.testcontainers.shaded.com.github.dockerjava.core.command.AbstrDockerCmd - Cmd: 
02:10:01.428 [ducttape-0] DEBUG org.testcontainers.dockerclient.DockerClientProviderStrategy - Pinging docker daemon...
02:10:01.428 [ducttape-0] DEBUG org.testcontainers.shaded.com.github.dockerjava.core.command.AbstrDockerCmd - Cmd: 
02:10:01.530 [ducttape-0] DEBUG org.testcontainers.dockerclient.DockerClientProviderStrategy - Pinging docker daemon...
02:10:01.530 [ducttape-0] DEBUG org.testcontainers.shaded.com.github.dockerjava.core.command.AbstrDockerCmd - Cmd: 
02:10:01.631 [ducttape-0] DEBUG org.testcontainers.dockerclient.DockerClientProviderStrategy - Pinging docker daemon...
02:10:01.632 [ducttape-0] DEBUG org.testcontainers.shaded.com.github.dockerjava.core.command.AbstrDockerCmd - Cmd: 
02:10:01.733 [ducttape-0] DEBUG org.testcontainers.dockerclient.DockerClientProviderStrategy - Pinging docker daemon...
02:10:01.733 [ducttape-0] DEBUG org.testcontainers.shaded.com.github.dockerjava.core.command.AbstrDockerCmd - Cmd: 
02:10:01.835 [ducttape-0] DEBUG org.testcontainers.dockerclient.DockerClientProviderStrategy - Pinging docker daemon...
02:10:01.835 [ducttape-0] DEBUG org.testcontainers.shaded.com.github.dockerjava.core.command.AbstrDockerCmd - Cmd: 
02:10:01.937 [ducttape-0] DEBUG org.testcontainers.dockerclient.DockerClientProviderStrategy - Pinging docker daemon...
02:10:01.937 [ducttape-0] DEBUG org.testcontainers.shaded.com.github.dockerjava.core.command.AbstrDockerCmd - Cmd: 
02:10:02.039 [ducttape-0] DEBUG org.testcontainers.dockerclient.DockerClientProviderStrategy - Pinging docker daemon...
02:10:02.039 [ducttape-0] DEBUG org.testcontainers.shaded.com.github.dockerjava.core.command.AbstrDockerCmd - Cmd: 
02:10:02.140 [ducttape-0] DEBUG org.testcontainers.dockerclient.DockerClientProviderStrategy - Pinging docker daemon...
02:10:02.140 [ducttape-0] DEBUG org.testcontainers.shaded.com.github.dockerjava.core.command.AbstrDockerCmd - Cmd: 
02:10:02.242 [ducttape-0] DEBUG org.testcontainers.dockerclient.DockerClientProviderStrategy - Pinging docker daemon...
02:10:02.242 [ducttape-0] DEBUG org.testcontainers.shaded.com.github.dockerjava.core.command.AbstrDockerCmd - Cmd: 
02:10:02.343 [ducttape-0] DEBUG org.testcontainers.dockerclient.DockerClientProviderStrategy - Pinging docker daemon...
02:10:02.343 [ducttape-0] DEBUG org.testcontainers.shaded.com.github.dockerjava.core.command.AbstrDockerCmd - Cmd: 
02:10:02.445 [ducttape-0] DEBUG org.testcontainers.dockerclient.DockerClientProviderStrategy - Pinging docker daemon...
02:10:02.445 [ducttape-0] DEBUG org.testcontainers.shaded.com.github.dockerjava.core.command.AbstrDockerCmd - Cmd: 
02:10:02.546 [ducttape-0] DEBUG org.testcontainers.dockerclient.DockerClientProviderStrategy - Pinging docker daemon...
02:10:02.546 [ducttape-0] DEBUG org.testcontainers.shaded.com.github.dockerjava.core.command.AbstrDockerCmd - Cmd: 
02:10:02.647 [ducttape-0] DEBUG org.testcontainers.dockerclient.DockerClientProviderStrategy - Pinging docker daemon...
02:10:02.648 [ducttape-0] DEBUG org.testcontainers.shaded.com.github.dockerjava.core.command.AbstrDockerCmd - Cmd: 
02:10:02.749 [ducttape-0] DEBUG org.testcontainers.dockerclient.DockerClientProviderStrategy - Pinging docker daemon...
02:10:02.749 [ducttape-0] DEBUG org.testcontainers.shaded.com.github.dockerjava.core.command.AbstrDockerCmd - Cmd: 
02:10:02.850 [ducttape-0] DEBUG org.testcontainers.dockerclient.DockerClientProviderStrategy - Pinging docker daemon...
02:10:02.850 [ducttape-0] DEBUG org.testcontainers.shaded.com.github.dockerjava.core.command.AbstrDockerCmd - Cmd: 
02:10:02.952 [ducttape-0] DEBUG org.testcontainers.dockerclient.DockerClientProviderStrategy - Pinging docker daemon...
02:10:02.952 [ducttape-0] DEBUG org.testcontainers.shaded.com.github.dockerjava.core.command.AbstrDockerCmd - Cmd: 
02:10:03.053 [ducttape-0] DEBUG org.testcontainers.dockerclient.DockerClientProviderStrategy - Pinging docker daemon...
02:10:03.053 [ducttape-0] DEBUG org.testcontainers.shaded.com.github.dockerjava.core.command.AbstrDockerCmd - Cmd: 
02:10:03.155 [ducttape-0] DEBUG org.testcontainers.dockerclient.DockerClientProviderStrategy - Pinging docker daemon...
02:10:03.155 [ducttape-0] DEBUG org.testcontainers.shaded.com.github.dockerjava.core.command.AbstrDockerCmd - Cmd: 
02:10:03.256 [ducttape-0] DEBUG org.testcontainers.dockerclient.DockerClientProviderStrategy - Pinging docker daemon...
02:10:03.257 [ducttape-0] DEBUG org.testcontainers.shaded.com.github.dockerjava.core.command.AbstrDockerCmd - Cmd: 
02:10:03.358 [ducttape-0] DEBUG org.testcontainers.dockerclient.DockerClientProviderStrategy - Pinging docker daemon...
02:10:03.358 [ducttape-0] DEBUG org.testcontainers.shaded.com.github.dockerjava.core.command.AbstrDockerCmd - Cmd: 
02:10:03.459 [ducttape-0] DEBUG org.testcontainers.dockerclient.DockerClientProviderStrategy - Pinging docker daemon...
02:10:03.460 [ducttape-0] DEBUG org.testcontainers.shaded.com.github.dockerjava.core.command.AbstrDockerCmd - Cmd: 
02:10:03.561 [ducttape-0] DEBUG org.testcontainers.dockerclient.DockerClientProviderStrategy - Pinging docker daemon...
02:10:03.561 [ducttape-0] DEBUG org.testcontainers.shaded.com.github.dockerjava.core.command.AbstrDockerCmd - Cmd: 
02:10:03.662 [ducttape-0] DEBUG org.testcontainers.dockerclient.DockerClientProviderStrategy - Pinging docker daemon...
02:10:03.663 [ducttape-0] DEBUG org.testcontainers.shaded.com.github.dockerjava.core.command.AbstrDockerCmd - Cmd: 
02:10:03.766 [ducttape-0] DEBUG org.testcontainers.dockerclient.DockerClientProviderStrategy - Pinging docker daemon...
02:10:03.766 [ducttape-0] DEBUG org.testcontainers.shaded.com.github.dockerjava.core.command.AbstrDockerCmd - Cmd: 
02:10:03.867 [ducttape-0] DEBUG org.testcontainers.dockerclient.DockerClientProviderStrategy - Pinging docker daemon...
02:10:03.867 [ducttape-0] DEBUG org.testcontainers.shaded.com.github.dockerjava.core.command.AbstrDockerCmd - Cmd: 
02:10:03.969 [ducttape-0] DEBUG org.testcontainers.dockerclient.DockerClientProviderStrategy - Pinging docker daemon...
02:10:03.969 [ducttape-0] DEBUG org.testcontainers.shaded.com.github.dockerjava.core.command.AbstrDockerCmd - Cmd: 
02:10:04.070 [ducttape-0] DEBUG org.testcontainers.dockerclient.DockerClientProviderStrategy - Pinging docker daemon...
02:10:04.070 [ducttape-0] DEBUG org.testcontainers.shaded.com.github.dockerjava.core.command.AbstrDockerCmd - Cmd: 
02:10:04.172 [ducttape-0] DEBUG org.testcontainers.dockerclient.DockerClientProviderStrategy - Pinging docker daemon...
02:10:04.172 [ducttape-0] DEBUG org.testcontainers.shaded.com.github.dockerjava.core.command.AbstrDockerCmd - Cmd: 
02:10:04.273 [ducttape-0] DEBUG org.testcontainers.dockerclient.DockerClientProviderStrategy - Pinging docker daemon...
02:10:04.273 [ducttape-0] DEBUG org.testcontainers.shaded.com.github.dockerjava.core.command.AbstrDockerCmd - Cmd: 
02:10:04.374 [ducttape-0] DEBUG org.testcontainers.dockerclient.DockerClientProviderStrategy - Pinging docker daemon...
02:10:04.374 [ducttape-0] DEBUG org.testcontainers.shaded.com.github.dockerjava.core.command.AbstrDockerCmd - Cmd: 
02:10:04.476 [ducttape-0] DEBUG org.testcontainers.dockerclient.DockerClientProviderStrategy - Pinging docker daemon...
02:10:04.476 [ducttape-0] DEBUG org.testcontainers.shaded.com.github.dockerjava.core.command.AbstrDockerCmd - Cmd: 
02:10:04.577 [ducttape-0] DEBUG org.testcontainers.dockerclient.DockerClientProviderStrategy - Pinging docker daemon...
02:10:04.578 [ducttape-0] DEBUG org.testcontainers.shaded.com.github.dockerjava.core.command.AbstrDockerCmd - Cmd: 
02:10:04.679 [ducttape-0] DEBUG org.testcontainers.dockerclient.DockerClientProviderStrategy - Pinging docker daemon...
02:10:04.679 [ducttape-0] DEBUG org.testcontainers.shaded.com.github.dockerjava.core.command.AbstrDockerCmd - Cmd: 
02:10:04.781 [ducttape-0] DEBUG org.testcontainers.dockerclient.DockerClientProviderStrategy - Pinging docker daemon...
02:10:04.781 [ducttape-0] DEBUG org.testcontainers.shaded.com.github.dockerjava.core.command.AbstrDockerCmd - Cmd: 
02:10:04.882 [ducttape-0] DEBUG org.testcontainers.dockerclient.DockerClientProviderStrategy - Pinging docker daemon...
02:10:04.882 [ducttape-0] DEBUG org.testcontainers.shaded.com.github.dockerjava.core.command.AbstrDockerCmd - Cmd: 
02:10:04.983 [ducttape-0] DEBUG org.testcontainers.dockerclient.DockerClientProviderStrategy - Pinging docker daemon...
02:10:04.984 [ducttape-0] DEBUG org.testcontainers.shaded.com.github.dockerjava.core.command.AbstrDockerCmd - Cmd: 
02:10:05.085 [ducttape-0] DEBUG org.testcontainers.dockerclient.DockerClientProviderStrategy - Pinging docker daemon...
02:10:05.086 [ducttape-0] DEBUG org.testcontainers.shaded.com.github.dockerjava.core.command.AbstrDockerCmd - Cmd: 
02:10:05.189 [ducttape-0] DEBUG org.testcontainers.dockerclient.DockerClientProviderStrategy - Pinging docker daemon...
02:10:05.189 [ducttape-0] DEBUG org.testcontainers.shaded.com.github.dockerjava.core.command.AbstrDockerCmd - Cmd: 
02:10:05.290 [ducttape-0] DEBUG org.testcontainers.dockerclient.DockerClientProviderStrategy - Pinging docker daemon...
02:10:05.291 [ducttape-0] DEBUG org.testcontainers.shaded.com.github.dockerjava.core.command.AbstrDockerCmd - Cmd: 
02:10:05.392 [ducttape-0] DEBUG org.testcontainers.dockerclient.DockerClientProviderStrategy - Pinging docker daemon...
02:10:05.392 [ducttape-0] DEBUG org.testcontainers.shaded.com.github.dockerjava.core.command.AbstrDockerCmd - Cmd: 
02:10:05.493 [ducttape-0] DEBUG org.testcontainers.dockerclient.DockerClientProviderStrategy - Pinging docker daemon...
02:10:05.494 [ducttape-0] DEBUG org.testcontainers.shaded.com.github.dockerjava.core.command.AbstrDockerCmd - Cmd: 
02:10:05.595 [ducttape-0] DEBUG org.testcontainers.dockerclient.DockerClientProviderStrategy - Pinging docker daemon...
02:10:05.595 [ducttape-0] DEBUG org.testcontainers.shaded.com.github.dockerjava.core.command.AbstrDockerCmd - Cmd: 
02:10:05.696 [ducttape-0] DEBUG org.testcontainers.dockerclient.DockerClientProviderStrategy - Pinging docker daemon...
02:10:05.697 [ducttape-0] DEBUG org.testcontainers.shaded.com.github.dockerjava.core.command.AbstrDockerCmd - Cmd: 
02:10:05.798 [ducttape-0] DEBUG org.testcontainers.dockerclient.DockerClientProviderStrategy - Pinging docker daemon...
02:10:05.798 [ducttape-0] DEBUG org.testcontainers.shaded.com.github.dockerjava.core.command.AbstrDockerCmd - Cmd: 
02:10:05.899 [ducttape-0] DEBUG org.testcontainers.dockerclient.DockerClientProviderStrategy - Pinging docker daemon...
02:10:05.900 [ducttape-0] DEBUG org.testcontainers.shaded.com.github.dockerjava.core.command.AbstrDockerCmd - Cmd: 
02:10:06.001 [ducttape-0] DEBUG org.testcontainers.dockerclient.DockerClientProviderStrategy - Pinging docker daemon...
02:10:06.001 [ducttape-0] DEBUG org.testcontainers.shaded.com.github.dockerjava.core.command.AbstrDockerCmd - Cmd: 
02:10:06.102 [ducttape-0] DEBUG org.testcontainers.dockerclient.DockerClientProviderStrategy - Pinging docker daemon...
02:10:06.102 [ducttape-0] DEBUG org.testcontainers.shaded.com.github.dockerjava.core.command.AbstrDockerCmd - Cmd: 
02:10:06.212 [ducttape-0] DEBUG org.testcontainers.dockerclient.DockerClientProviderStrategy - Pinging docker daemon...
02:10:06.212 [ducttape-0] DEBUG org.testcontainers.shaded.com.github.dockerjava.core.command.AbstrDockerCmd - Cmd: 
02:10:06.313 [ducttape-0] DEBUG org.testcontainers.dockerclient.DockerClientProviderStrategy - Pinging docker daemon...
02:10:06.314 [ducttape-0] DEBUG org.testcontainers.shaded.com.github.dockerjava.core.command.AbstrDockerCmd - Cmd: 
02:10:06.415 [ducttape-0] DEBUG org.testcontainers.dockerclient.DockerClientProviderStrategy - Pinging docker daemon...
02:10:06.415 [ducttape-0] DEBUG org.testcontainers.shaded.com.github.dockerjava.core.command.AbstrDockerCmd - Cmd: 
02:10:06.517 [ducttape-0] DEBUG org.testcontainers.dockerclient.DockerClientProviderStrategy - Pinging docker daemon...
02:10:06.517 [ducttape-0] DEBUG org.testcontainers.shaded.com.github.dockerjava.core.command.AbstrDockerCmd - Cmd: 
02:10:06.618 [ducttape-0] DEBUG org.testcontainers.dockerclient.DockerClientProviderStrategy - Pinging docker daemon...
02:10:06.618 [ducttape-0] DEBUG org.testcontainers.shaded.com.github.dockerjava.core.command.AbstrDockerCmd - Cmd: 
02:10:06.719 [ducttape-0] DEBUG org.testcontainers.dockerclient.DockerClientProviderStrategy - Pinging docker daemon...
02:10:06.719 [ducttape-0] DEBUG org.testcontainers.shaded.com.github.dockerjava.core.command.AbstrDockerCmd - Cmd: 
02:10:06.820 [ducttape-0] DEBUG org.testcontainers.dockerclient.DockerClientProviderStrategy - Pinging docker daemon...
02:10:06.820 [ducttape-0] DEBUG org.testcontainers.shaded.com.github.dockerjava.core.command.AbstrDockerCmd - Cmd: 
02:10:06.921 [ducttape-0] DEBUG org.testcontainers.dockerclient.DockerClientProviderStrategy - Pinging docker daemon...
02:10:06.921 [ducttape-0] DEBUG org.testcontainers.shaded.com.github.dockerjava.core.command.AbstrDockerCmd - Cmd: 
02:10:07.023 [ducttape-0] DEBUG org.testcontainers.dockerclient.DockerClientProviderStrategy - Pinging docker daemon...
02:10:07.023 [ducttape-0] DEBUG org.testcontainers.shaded.com.github.dockerjava.core.command.AbstrDockerCmd - Cmd: 
02:10:07.124 [ducttape-0] DEBUG org.testcontainers.dockerclient.DockerClientProviderStrategy - Pinging docker daemon...
02:10:07.124 [ducttape-0] DEBUG org.testcontainers.shaded.com.github.dockerjava.core.command.AbstrDockerCmd - Cmd: 
02:10:07.226 [ducttape-0] DEBUG org.testcontainers.dockerclient.DockerClientProviderStrategy - Pinging docker daemon...
02:10:07.226 [ducttape-0] DEBUG org.testcontainers.shaded.com.github.dockerjava.core.command.AbstrDockerCmd - Cmd: 
02:10:07.327 [ducttape-0] DEBUG org.testcontainers.dockerclient.DockerClientProviderStrategy - Pinging docker daemon...
02:10:07.328 [ducttape-0] DEBUG org.testcontainers.shaded.com.github.dockerjava.core.command.AbstrDockerCmd - Cmd: 
02:10:07.429 [ducttape-0] DEBUG org.testcontainers.dockerclient.DockerClientProviderStrategy - Pinging docker daemon...
02:10:07.430 [ducttape-0] DEBUG org.testcontainers.shaded.com.github.dockerjava.core.command.AbstrDockerCmd - Cmd: 
02:10:07.531 [ducttape-0] DEBUG org.testcontainers.dockerclient.DockerClientProviderStrategy - Pinging docker daemon...
02:10:07.531 [ducttape-0] DEBUG org.testcontainers.shaded.com.github.dockerjava.core.command.AbstrDockerCmd - Cmd: 
02:10:07.632 [ducttape-0] DEBUG org.testcontainers.dockerclient.DockerClientProviderStrategy - Pinging docker daemon...
02:10:07.632 [ducttape-0] DEBUG org.testcontainers.shaded.com.github.dockerjava.core.command.AbstrDockerCmd - Cmd: 
02:10:07.734 [ducttape-0] DEBUG org.testcontainers.dockerclient.DockerClientProviderStrategy - Pinging docker daemon...
02:10:07.734 [ducttape-0] DEBUG org.testcontainers.shaded.com.github.dockerjava.core.command.AbstrDockerCmd - Cmd: 
02:10:07.835 [ducttape-0] DEBUG org.testcontainers.dockerclient.DockerClientProviderStrategy - Pinging docker daemon...
02:10:07.835 [ducttape-0] DEBUG org.testcontainers.shaded.com.github.dockerjava.core.command.AbstrDockerCmd - Cmd: 
02:10:07.936 [ducttape-0] DEBUG org.testcontainers.dockerclient.DockerClientProviderStrategy - Pinging docker daemon...
02:10:07.936 [ducttape-0] DEBUG org.testcontainers.shaded.com.github.dockerjava.core.command.AbstrDockerCmd - Cmd: 
02:10:08.037 [ducttape-0] DEBUG org.testcontainers.dockerclient.DockerClientProviderStrategy - Pinging docker daemon...
02:10:08.037 [ducttape-0] DEBUG org.testcontainers.shaded.com.github.dockerjava.core.command.AbstrDockerCmd - Cmd: 
02:10:08.138 [ducttape-0] DEBUG org.testcontainers.dockerclient.DockerClientProviderStrategy - Pinging docker daemon...
02:10:08.138 [ducttape-0] DEBUG org.testcontainers.shaded.com.github.dockerjava.core.command.AbstrDockerCmd - Cmd: 
02:10:08.239 [ducttape-0] DEBUG org.testcontainers.dockerclient.DockerClientProviderStrategy - Pinging docker daemon...
02:10:08.239 [ducttape-0] DEBUG org.testcontainers.shaded.com.github.dockerjava.core.command.AbstrDockerCmd - Cmd: 
02:10:08.341 [ducttape-0] DEBUG org.testcontainers.dockerclient.DockerClientProviderStrategy - Pinging docker daemon...
02:10:08.341 [ducttape-0] DEBUG org.testcontainers.shaded.com.github.dockerjava.core.command.AbstrDockerCmd - Cmd: 
02:10:08.442 [ducttape-0] DEBUG org.testcontainers.dockerclient.DockerClientProviderStrategy - Pinging docker daemon...
02:10:08.442 [ducttape-0] DEBUG org.testcontainers.shaded.com.github.dockerjava.core.command.AbstrDockerCmd - Cmd: 
02:10:08.544 [ducttape-0] DEBUG org.testcontainers.dockerclient.DockerClientProviderStrategy - Pinging docker daemon...
02:10:08.544 [ducttape-0] DEBUG org.testcontainers.shaded.com.github.dockerjava.core.command.AbstrDockerCmd - Cmd: 
02:10:08.645 [ducttape-0] DEBUG org.testcontainers.dockerclient.DockerClientProviderStrategy - Pinging docker daemon...
02:10:08.645 [ducttape-0] DEBUG org.testcontainers.shaded.com.github.dockerjava.core.command.AbstrDockerCmd - Cmd: 
02:10:08.746 [ducttape-0] DEBUG org.testcontainers.dockerclient.DockerClientProviderStrategy - Pinging docker daemon...
02:10:08.746 [ducttape-0] DEBUG org.testcontainers.shaded.com.github.dockerjava.core.command.AbstrDockerCmd - Cmd: 
02:10:08.847 [ducttape-0] DEBUG org.testcontainers.dockerclient.DockerClientProviderStrategy - Pinging docker daemon...
02:10:08.847 [ducttape-0] DEBUG org.testcontainers.shaded.com.github.dockerjava.core.command.AbstrDockerCmd - Cmd: 
02:10:08.948 [ducttape-0] DEBUG org.testcontainers.dockerclient.DockerClientProviderStrategy - Pinging docker daemon...
02:10:08.948 [ducttape-0] DEBUG org.testcontainers.shaded.com.github.dockerjava.core.command.AbstrDockerCmd - Cmd: 
02:10:09.049 [ducttape-0] DEBUG org.testcontainers.dockerclient.DockerClientProviderStrategy - Pinging docker daemon...
02:10:09.049 [ducttape-0] DEBUG org.testcontainers.shaded.com.github.dockerjava.core.command.AbstrDockerCmd - Cmd: 
02:10:09.150 [ducttape-0] DEBUG org.testcontainers.dockerclient.DockerClientProviderStrategy - Pinging docker daemon...
02:10:09.151 [ducttape-0] DEBUG org.testcontainers.shaded.com.github.dockerjava.core.command.AbstrDockerCmd - Cmd: 
02:10:09.252 [ducttape-0] DEBUG org.testcontainers.dockerclient.DockerClientProviderStrategy - Pinging docker daemon...
02:10:09.252 [ducttape-0] DEBUG org.testcontainers.shaded.com.github.dockerjava.core.command.AbstrDockerCmd - Cmd: 
02:10:09.353 [ducttape-0] DEBUG org.testcontainers.dockerclient.DockerClientProviderStrategy - Pinging docker daemon...
02:10:09.353 [ducttape-0] DEBUG org.testcontainers.shaded.com.github.dockerjava.core.command.AbstrDockerCmd - Cmd: 
02:10:09.454 [ducttape-0] DEBUG org.testcontainers.dockerclient.DockerClientProviderStrategy - Pinging docker daemon...
02:10:09.454 [ducttape-0] DEBUG org.testcontainers.shaded.com.github.dockerjava.core.command.AbstrDockerCmd - Cmd: 
02:10:09.555 [ducttape-0] DEBUG org.testcontainers.dockerclient.DockerClientProviderStrategy - Pinging docker daemon...
02:10:09.556 [ducttape-0] DEBUG org.testcontainers.shaded.com.github.dockerjava.core.command.AbstrDockerCmd - Cmd: 
02:10:09.657 [ducttape-0] DEBUG org.testcontainers.dockerclient.DockerClientProviderStrategy - Pinging docker daemon...
02:10:09.658 [ducttape-0] DEBUG org.testcontainers.shaded.com.github.dockerjava.core.command.AbstrDockerCmd - Cmd: 
02:10:09.759 [ducttape-0] DEBUG org.testcontainers.dockerclient.DockerClientProviderStrategy - Pinging docker daemon...
02:10:09.759 [ducttape-0] DEBUG org.testcontainers.shaded.com.github.dockerjava.core.command.AbstrDockerCmd - Cmd: 
02:10:09.860 [ducttape-0] DEBUG org.testcontainers.dockerclient.DockerClientProviderStrategy - Pinging docker daemon...
02:10:09.860 [ducttape-0] DEBUG org.testcontainers.shaded.com.github.dockerjava.core.command.AbstrDockerCmd - Cmd: 
02:10:09.961 [ducttape-0] DEBUG org.testcontainers.dockerclient.DockerClientProviderStrategy - Pinging docker daemon...
02:10:09.962 [ducttape-0] DEBUG org.testcontainers.shaded.com.github.dockerjava.core.command.AbstrDockerCmd - Cmd: 
02:10:10.063 [ducttape-0] DEBUG org.testcontainers.dockerclient.DockerClientProviderStrategy - Pinging docker daemon...
02:10:10.063 [ducttape-0] DEBUG org.testcontainers.shaded.com.github.dockerjava.core.command.AbstrDockerCmd - Cmd: 
02:10:10.164 [ducttape-0] DEBUG org.testcontainers.dockerclient.DockerClientProviderStrategy - Pinging docker daemon...
02:10:10.164 [ducttape-0] DEBUG org.testcontainers.shaded.com.github.dockerjava.core.command.AbstrDockerCmd - Cmd: 
02:10:10.266 [ducttape-0] DEBUG org.testcontainers.dockerclient.DockerClientProviderStrategy - Pinging docker daemon...
02:10:10.266 [ducttape-0] DEBUG org.testcontainers.shaded.com.github.dockerjava.core.command.AbstrDockerCmd - Cmd: 
02:10:10.367 [ducttape-0] DEBUG org.testcontainers.dockerclient.DockerClientProviderStrategy - Pinging docker daemon...
02:10:10.367 [ducttape-0] DEBUG org.testcontainers.shaded.com.github.dockerjava.core.command.AbstrDockerCmd - Cmd: 
02:10:10.468 [ducttape-0] DEBUG org.testcontainers.dockerclient.DockerClientProviderStrategy - Pinging docker daemon...
02:10:10.469 [ducttape-0] DEBUG org.testcontainers.shaded.com.github.dockerjava.core.command.AbstrDockerCmd - Cmd: 
02:10:10.570 [ducttape-0] DEBUG org.testcontainers.dockerclient.DockerClientProviderStrategy - Pinging docker daemon...
02:10:10.570 [ducttape-0] DEBUG org.testcontainers.shaded.com.github.dockerjava.core.command.AbstrDockerCmd - Cmd: 
02:10:10.672 [ducttape-0] DEBUG org.testcontainers.dockerclient.DockerClientProviderStrategy - Pinging docker daemon...
02:10:10.672 [ducttape-0] DEBUG org.testcontainers.shaded.com.github.dockerjava.core.command.AbstrDockerCmd - Cmd: 
02:10:10.773 [ducttape-0] DEBUG org.testcontainers.dockerclient.DockerClientProviderStrategy - Pinging docker daemon...
02:10:10.773 [ducttape-0] DEBUG org.testcontainers.shaded.com.github.dockerjava.core.command.AbstrDockerCmd - Cmd: 
02:10:10.874 [ducttape-0] DEBUG org.testcontainers.dockerclient.DockerClientProviderStrategy - Pinging docker daemon...
02:10:10.874 [ducttape-0] DEBUG org.testcontainers.shaded.com.github.dockerjava.core.command.AbstrDockerCmd - Cmd: 
02:10:10.975 [ducttape-0] DEBUG org.testcontainers.dockerclient.DockerClientProviderStrategy - Pinging docker daemon...
02:10:10.975 [ducttape-0] DEBUG org.testcontainers.shaded.com.github.dockerjava.core.command.AbstrDockerCmd - Cmd: 
02:10:11.077 [ducttape-0] DEBUG org.testcontainers.dockerclient.DockerClientProviderStrategy - Pinging docker daemon...
02:10:11.077 [ducttape-0] DEBUG org.testcontainers.shaded.com.github.dockerjava.core.command.AbstrDockerCmd - Cmd: 
02:10:11.178 [ducttape-0] DEBUG org.testcontainers.dockerclient.DockerClientProviderStrategy - Pinging docker daemon...
02:10:11.178 [ducttape-0] DEBUG org.testcontainers.shaded.com.github.dockerjava.core.command.AbstrDockerCmd - Cmd: 
02:10:11.279 [ducttape-0] DEBUG org.testcontainers.dockerclient.DockerClientProviderStrategy - Pinging docker daemon...
02:10:11.280 [ducttape-0] DEBUG org.testcontainers.shaded.com.github.dockerjava.core.command.AbstrDockerCmd - Cmd: 
02:10:11.381 [ducttape-0] DEBUG org.testcontainers.dockerclient.DockerClientProviderStrategy - Pinging docker daemon...
02:10:11.382 [ducttape-0] DEBUG org.testcontainers.shaded.com.github.dockerjava.core.command.AbstrDockerCmd - Cmd: 
02:10:11.483 [ducttape-0] DEBUG org.testcontainers.dockerclient.DockerClientProviderStrategy - Pinging docker daemon...
02:10:11.484 [ducttape-0] DEBUG org.testcontainers.shaded.com.github.dockerjava.core.command.AbstrDockerCmd - Cmd: 
02:10:11.585 [ducttape-0] DEBUG org.testcontainers.dockerclient.DockerClientProviderStrategy - Pinging docker daemon...
02:10:11.585 [ducttape-0] DEBUG org.testcontainers.shaded.com.github.dockerjava.core.command.AbstrDockerCmd - Cmd: 
02:10:11.687 [ducttape-0] DEBUG org.testcontainers.dockerclient.DockerClientProviderStrategy - Pinging docker daemon...
02:10:11.687 [ducttape-0] DEBUG org.testcontainers.shaded.com.github.dockerjava.core.command.AbstrDockerCmd - Cmd: 
02:10:11.788 [ducttape-0] DEBUG org.testcontainers.dockerclient.DockerClientProviderStrategy - Pinging docker daemon...
02:10:11.788 [ducttape-0] DEBUG org.testcontainers.shaded.com.github.dockerjava.core.command.AbstrDockerCmd - Cmd: 
02:10:11.889 [ducttape-0] DEBUG org.testcontainers.dockerclient.DockerClientProviderStrategy - Pinging docker daemon...
02:10:11.889 [ducttape-0] DEBUG org.testcontainers.shaded.com.github.dockerjava.core.command.AbstrDockerCmd - Cmd: 
02:10:11.990 [ducttape-0] DEBUG org.testcontainers.dockerclient.DockerClientProviderStrategy - Pinging docker daemon...
02:10:11.990 [ducttape-0] DEBUG org.testcontainers.shaded.com.github.dockerjava.core.command.AbstrDockerCmd - Cmd: 
02:10:12.091 [ducttape-0] DEBUG org.testcontainers.dockerclient.DockerClientProviderStrategy - Pinging docker daemon...
02:10:12.091 [ducttape-0] DEBUG org.testcontainers.shaded.com.github.dockerjava.core.command.AbstrDockerCmd - Cmd: 
02:10:12.192 [ducttape-0] DEBUG org.testcontainers.dockerclient.DockerClientProviderStrategy - Pinging docker daemon...
02:10:12.192 [ducttape-0] DEBUG org.testcontainers.shaded.com.github.dockerjava.core.command.AbstrDockerCmd - Cmd: 
02:10:12.293 [ducttape-0] DEBUG org.testcontainers.dockerclient.DockerClientProviderStrategy - Pinging docker daemon...
02:10:12.293 [ducttape-0] DEBUG org.testcontainers.shaded.com.github.dockerjava.core.command.AbstrDockerCmd - Cmd: 
02:10:12.394 [ducttape-0] DEBUG org.testcontainers.dockerclient.DockerClientProviderStrategy - Pinging docker daemon...
02:10:12.394 [ducttape-0] DEBUG org.testcontainers.shaded.com.github.dockerjava.core.command.AbstrDockerCmd - Cmd: 
02:10:12.495 [ducttape-0] DEBUG org.testcontainers.dockerclient.DockerClientProviderStrategy - Pinging docker daemon...
02:10:12.495 [ducttape-0] DEBUG org.testcontainers.shaded.com.github.dockerjava.core.command.AbstrDockerCmd - Cmd: 
02:10:12.596 [ducttape-0] DEBUG org.testcontainers.dockerclient.DockerClientProviderStrategy - Pinging docker daemon...
02:10:12.596 [ducttape-0] DEBUG org.testcontainers.shaded.com.github.dockerjava.core.command.AbstrDockerCmd - Cmd: 
02:10:12.697 [ducttape-0] DEBUG org.testcontainers.dockerclient.DockerClientProviderStrategy - Pinging docker daemon...
02:10:12.697 [ducttape-0] DEBUG org.testcontainers.shaded.com.github.dockerjava.core.command.AbstrDockerCmd - Cmd: 
02:10:12.798 [ducttape-0] DEBUG org.testcontainers.dockerclient.DockerClientProviderStrategy - Pinging docker daemon...
02:10:12.798 [ducttape-0] DEBUG org.testcontainers.shaded.com.github.dockerjava.core.command.AbstrDockerCmd - Cmd: 
02:10:12.899 [ducttape-0] DEBUG org.testcontainers.dockerclient.DockerClientProviderStrategy - Pinging docker daemon...
02:10:12.900 [ducttape-0] DEBUG org.testcontainers.shaded.com.github.dockerjava.core.command.AbstrDockerCmd - Cmd: 
02:10:13.001 [ducttape-0] DEBUG org.testcontainers.dockerclient.DockerClientProviderStrategy - Pinging docker daemon...
02:10:13.001 [ducttape-0] DEBUG org.testcontainers.shaded.com.github.dockerjava.core.command.AbstrDockerCmd - Cmd: 
02:10:13.102 [ducttape-0] DEBUG org.testcontainers.dockerclient.DockerClientProviderStrategy - Pinging docker daemon...
02:10:13.102 [ducttape-0] DEBUG org.testcontainers.shaded.com.github.dockerjava.core.command.AbstrDockerCmd - Cmd: 
02:10:13.204 [ducttape-0] DEBUG org.testcontainers.dockerclient.DockerClientProviderStrategy - Pinging docker daemon...
02:10:13.204 [ducttape-0] DEBUG org.testcontainers.shaded.com.github.dockerjava.core.command.AbstrDockerCmd - Cmd: 
02:10:13.305 [ducttape-0] DEBUG org.testcontainers.dockerclient.DockerClientProviderStrategy - Pinging docker daemon...
02:10:13.305 [ducttape-0] DEBUG org.testcontainers.shaded.com.github.dockerjava.core.command.AbstrDockerCmd - Cmd: 
02:10:13.406 [ducttape-0] DEBUG org.testcontainers.dockerclient.DockerClientProviderStrategy - Pinging docker daemon...
02:10:13.407 [ducttape-0] DEBUG org.testcontainers.shaded.com.github.dockerjava.core.command.AbstrDockerCmd - Cmd: 
02:10:13.507 [ducttape-0] DEBUG org.testcontainers.dockerclient.DockerClientProviderStrategy - Pinging docker daemon...
02:10:13.507 [ducttape-0] DEBUG org.testcontainers.shaded.com.github.dockerjava.core.command.AbstrDockerCmd - Cmd: 
02:10:13.608 [ducttape-0] DEBUG org.testcontainers.dockerclient.DockerClientProviderStrategy - Pinging docker daemon...
02:10:13.608 [ducttape-0] DEBUG org.testcontainers.shaded.com.github.dockerjava.core.command.AbstrDockerCmd - Cmd: 
02:10:13.709 [ducttape-0] DEBUG org.testcontainers.dockerclient.DockerClientProviderStrategy - Pinging docker daemon...
02:10:13.709 [ducttape-0] DEBUG org.testcontainers.shaded.com.github.dockerjava.core.command.AbstrDockerCmd - Cmd: 
02:10:13.811 [ducttape-0] DEBUG org.testcontainers.dockerclient.DockerClientProviderStrategy - Pinging docker daemon...
02:10:13.811 [ducttape-0] DEBUG org.testcontainers.shaded.com.github.dockerjava.core.command.AbstrDockerCmd - Cmd: 
02:10:13.912 [ducttape-0] DEBUG org.testcontainers.dockerclient.DockerClientProviderStrategy - Pinging docker daemon...
02:10:13.912 [ducttape-0] DEBUG org.testcontainers.shaded.com.github.dockerjava.core.command.AbstrDockerCmd - Cmd: 
02:10:14.015 [ducttape-0] DEBUG org.testcontainers.dockerclient.DockerClientProviderStrategy - Pinging docker daemon...
02:10:14.015 [ducttape-0] DEBUG org.testcontainers.shaded.com.github.dockerjava.core.command.AbstrDockerCmd - Cmd: 
02:10:14.116 [ducttape-0] DEBUG org.testcontainers.dockerclient.DockerClientProviderStrategy - Pinging docker daemon...
02:10:14.116 [ducttape-0] DEBUG org.testcontainers.shaded.com.github.dockerjava.core.command.AbstrDockerCmd - Cmd: 
02:10:14.217 [ducttape-0] DEBUG org.testcontainers.dockerclient.DockerClientProviderStrategy - Pinging docker daemon...
02:10:14.217 [ducttape-0] DEBUG org.testcontainers.shaded.com.github.dockerjava.core.command.AbstrDockerCmd - Cmd: 
02:10:14.318 [ducttape-0] DEBUG org.testcontainers.dockerclient.DockerClientProviderStrategy - Pinging docker daemon...
02:10:14.319 [ducttape-0] DEBUG org.testcontainers.shaded.com.github.dockerjava.core.command.AbstrDockerCmd - Cmd: 
02:10:14.420 [ducttape-0] DEBUG org.testcontainers.dockerclient.DockerClientProviderStrategy - Pinging docker daemon...
02:10:14.420 [ducttape-0] DEBUG org.testcontainers.shaded.com.github.dockerjava.core.command.AbstrDockerCmd - Cmd: 
02:10:14.521 [ducttape-0] DEBUG org.testcontainers.dockerclient.DockerClientProviderStrategy - Pinging docker daemon...
02:10:14.521 [ducttape-0] DEBUG org.testcontainers.shaded.com.github.dockerjava.core.command.AbstrDockerCmd - Cmd: 
02:10:14.623 [ducttape-0] DEBUG org.testcontainers.dockerclient.DockerClientProviderStrategy - Pinging docker daemon...
02:10:14.623 [ducttape-0] DEBUG org.testcontainers.shaded.com.github.dockerjava.core.command.AbstrDockerCmd - Cmd: 
02:10:14.724 [ducttape-0] DEBUG org.testcontainers.dockerclient.DockerClientProviderStrategy - Pinging docker daemon...
02:10:14.724 [ducttape-0] DEBUG org.testcontainers.shaded.com.github.dockerjava.core.command.AbstrDockerCmd - Cmd: 
02:10:14.825 [ducttape-0] DEBUG org.testcontainers.dockerclient.DockerClientProviderStrategy - Pinging docker daemon...
02:10:14.825 [ducttape-0] DEBUG org.testcontainers.shaded.com.github.dockerjava.core.command.AbstrDockerCmd - Cmd: 
02:10:14.927 [ducttape-0] DEBUG org.testcontainers.dockerclient.DockerClientProviderStrategy - Pinging docker daemon...
02:10:14.927 [ducttape-0] DEBUG org.testcontainers.shaded.com.github.dockerjava.core.command.AbstrDockerCmd - Cmd: 
02:10:15.028 [ducttape-0] DEBUG org.testcontainers.dockerclient.DockerClientProviderStrategy - Pinging docker daemon...
02:10:15.028 [ducttape-0] DEBUG org.testcontainers.shaded.com.github.dockerjava.core.command.AbstrDockerCmd - Cmd: 
02:10:15.129 [ducttape-0] DEBUG org.testcontainers.dockerclient.DockerClientProviderStrategy - Pinging docker daemon...
02:10:15.129 [ducttape-0] DEBUG org.testcontainers.shaded.com.github.dockerjava.core.command.AbstrDockerCmd - Cmd: 
02:10:15.230 [ducttape-0] DEBUG org.testcontainers.dockerclient.DockerClientProviderStrategy - Pinging docker daemon...
02:10:15.231 [ducttape-0] DEBUG org.testcontainers.shaded.com.github.dockerjava.core.command.AbstrDockerCmd - Cmd: 
02:10:15.332 [ducttape-0] DEBUG org.testcontainers.dockerclient.DockerClientProviderStrategy - Pinging docker daemon...
02:10:15.332 [ducttape-0] DEBUG org.testcontainers.shaded.com.github.dockerjava.core.command.AbstrDockerCmd - Cmd: 
02:10:15.432 [ducttape-0] DEBUG org.testcontainers.dockerclient.DockerClientProviderStrategy - Pinging docker daemon...
02:10:15.433 [ducttape-0] DEBUG org.testcontainers.shaded.com.github.dockerjava.core.command.AbstrDockerCmd - Cmd: 
02:10:15.533 [ducttape-0] DEBUG org.testcontainers.dockerclient.DockerClientProviderStrategy - Pinging docker daemon...
02:10:15.533 [ducttape-0] DEBUG org.testcontainers.shaded.com.github.dockerjava.core.command.AbstrDockerCmd - Cmd: 
02:10:15.634 [ducttape-0] DEBUG org.testcontainers.dockerclient.DockerClientProviderStrategy - Pinging docker daemon...
02:10:15.634 [ducttape-0] DEBUG org.testcontainers.shaded.com.github.dockerjava.core.command.AbstrDockerCmd - Cmd: 
02:10:15.735 [ducttape-0] DEBUG org.testcontainers.dockerclient.DockerClientProviderStrategy - Pinging docker daemon...
02:10:15.735 [ducttape-0] DEBUG org.testcontainers.shaded.com.github.dockerjava.core.command.AbstrDockerCmd - Cmd: 
02:10:15.836 [ducttape-0] DEBUG org.testcontainers.dockerclient.DockerClientProviderStrategy - Pinging docker daemon...
02:10:15.837 [ducttape-0] DEBUG org.testcontainers.shaded.com.github.dockerjava.core.command.AbstrDockerCmd - Cmd: 
02:10:15.938 [ducttape-0] DEBUG org.testcontainers.dockerclient.DockerClientProviderStrategy - Pinging docker daemon...
02:10:15.938 [ducttape-0] DEBUG org.testcontainers.shaded.com.github.dockerjava.core.command.AbstrDockerCmd - Cmd: 
02:10:16.039 [ducttape-0] DEBUG org.testcontainers.dockerclient.DockerClientProviderStrategy - Pinging docker daemon...
02:10:16.039 [ducttape-0] DEBUG org.testcontainers.shaded.com.github.dockerjava.core.command.AbstrDockerCmd - Cmd: 
02:10:16.140 [ducttape-0] DEBUG org.testcontainers.dockerclient.DockerClientProviderStrategy - Pinging docker daemon...
02:10:16.140 [ducttape-0] DEBUG org.testcontainers.shaded.com.github.dockerjava.core.command.AbstrDockerCmd - Cmd: 
02:10:16.241 [ducttape-0] DEBUG org.testcontainers.dockerclient.DockerClientProviderStrategy - Pinging docker daemon...
02:10:16.241 [ducttape-0] DEBUG org.testcontainers.shaded.com.github.dockerjava.core.command.AbstrDockerCmd - Cmd: 
02:10:16.342 [ducttape-0] DEBUG org.testcontainers.dockerclient.DockerClientProviderStrategy - Pinging docker daemon...
02:10:16.343 [ducttape-0] DEBUG org.testcontainers.shaded.com.github.dockerjava.core.command.AbstrDockerCmd - Cmd: 
02:10:16.444 [ducttape-0] DEBUG org.testcontainers.dockerclient.DockerClientProviderStrategy - Pinging docker daemon...
02:10:16.444 [ducttape-0] DEBUG org.testcontainers.shaded.com.github.dockerjava.core.command.AbstrDockerCmd - Cmd: 
02:10:16.545 [ducttape-0] DEBUG org.testcontainers.dockerclient.DockerClientProviderStrategy - Pinging docker daemon...
02:10:16.545 [ducttape-0] DEBUG org.testcontainers.shaded.com.github.dockerjava.core.command.AbstrDockerCmd - Cmd: 
02:10:16.646 [ducttape-0] DEBUG org.testcontainers.dockerclient.DockerClientProviderStrategy - Pinging docker daemon...
02:10:16.646 [ducttape-0] DEBUG org.testcontainers.shaded.com.github.dockerjava.core.command.AbstrDockerCmd - Cmd: 
02:10:16.747 [ducttape-0] DEBUG org.testcontainers.dockerclient.DockerClientProviderStrategy - Pinging docker daemon...
02:10:16.747 [ducttape-0] DEBUG org.testcontainers.shaded.com.github.dockerjava.core.command.AbstrDockerCmd - Cmd: 
02:10:16.849 [ducttape-0] DEBUG org.testcontainers.dockerclient.DockerClientProviderStrategy - Pinging docker daemon...
02:10:16.849 [ducttape-0] DEBUG org.testcontainers.shaded.com.github.dockerjava.core.command.AbstrDockerCmd - Cmd: 
02:10:16.950 [ducttape-0] DEBUG org.testcontainers.dockerclient.DockerClientProviderStrategy - Pinging docker daemon...
02:10:16.950 [ducttape-0] DEBUG org.testcontainers.shaded.com.github.dockerjava.core.command.AbstrDockerCmd - Cmd: 
02:10:17.051 [ducttape-0] DEBUG org.testcontainers.dockerclient.DockerClientProviderStrategy - Pinging docker daemon...
02:10:17.051 [ducttape-0] DEBUG org.testcontainers.shaded.com.github.dockerjava.core.command.AbstrDockerCmd - Cmd: 
02:10:17.152 [ducttape-0] DEBUG org.testcontainers.dockerclient.DockerClientProviderStrategy - Pinging docker daemon...
02:10:17.152 [ducttape-0] DEBUG org.testcontainers.shaded.com.github.dockerjava.core.command.AbstrDockerCmd - Cmd: 
02:10:17.253 [ducttape-0] DEBUG org.testcontainers.dockerclient.DockerClientProviderStrategy - Pinging docker daemon...
02:10:17.253 [ducttape-0] DEBUG org.testcontainers.shaded.com.github.dockerjava.core.command.AbstrDockerCmd - Cmd: 
02:10:17.354 [ducttape-0] DEBUG org.testcontainers.dockerclient.DockerClientProviderStrategy - Pinging docker daemon...
02:10:17.354 [ducttape-0] DEBUG org.testcontainers.shaded.com.github.dockerjava.core.command.AbstrDockerCmd - Cmd: 
02:10:17.455 [ducttape-0] DEBUG org.testcontainers.dockerclient.DockerClientProviderStrategy - Pinging docker daemon...
02:10:17.455 [ducttape-0] DEBUG org.testcontainers.shaded.com.github.dockerjava.core.command.AbstrDockerCmd - Cmd: 
02:10:17.556 [ducttape-0] DEBUG org.testcontainers.dockerclient.DockerClientProviderStrategy - Pinging docker daemon...
02:10:17.556 [ducttape-0] DEBUG org.testcontainers.shaded.com.github.dockerjava.core.command.AbstrDockerCmd - Cmd: 
02:10:17.657 [ducttape-0] DEBUG org.testcontainers.dockerclient.DockerClientProviderStrategy - Pinging docker daemon...
02:10:17.657 [ducttape-0] DEBUG org.testcontainers.shaded.com.github.dockerjava.core.command.AbstrDockerCmd - Cmd: 
02:10:17.758 [ducttape-0] DEBUG org.testcontainers.dockerclient.DockerClientProviderStrategy - Pinging docker daemon...
02:10:17.758 [ducttape-0] DEBUG org.testcontainers.shaded.com.github.dockerjava.core.command.AbstrDockerCmd - Cmd: 
02:10:17.859 [ducttape-0] DEBUG org.testcontainers.dockerclient.DockerClientProviderStrategy - Pinging docker daemon...
02:10:17.859 [ducttape-0] DEBUG org.testcontainers.shaded.com.github.dockerjava.core.command.AbstrDockerCmd - Cmd: 
02:10:17.960 [ducttape-0] DEBUG org.testcontainers.dockerclient.DockerClientProviderStrategy - Pinging docker daemon...
02:10:17.960 [ducttape-0] DEBUG org.testcontainers.shaded.com.github.dockerjava.core.command.AbstrDockerCmd - Cmd: 
02:10:18.062 [ducttape-0] DEBUG org.testcontainers.dockerclient.DockerClientProviderStrategy - Pinging docker daemon...
02:10:18.062 [ducttape-0] DEBUG org.testcontainers.shaded.com.github.dockerjava.core.command.AbstrDockerCmd - Cmd: 
02:10:18.164 [ducttape-0] DEBUG org.testcontainers.dockerclient.DockerClientProviderStrategy - Pinging docker daemon...
02:10:18.164 [ducttape-0] DEBUG org.testcontainers.shaded.com.github.dockerjava.core.command.AbstrDockerCmd - Cmd: 
02:10:18.265 [ducttape-0] DEBUG org.testcontainers.dockerclient.DockerClientProviderStrategy - Pinging docker daemon...
02:10:18.265 [ducttape-0] DEBUG org.testcontainers.shaded.com.github.dockerjava.core.command.AbstrDockerCmd - Cmd: 
02:10:18.367 [ducttape-0] DEBUG org.testcontainers.dockerclient.DockerClientProviderStrategy - Pinging docker daemon...
02:10:18.367 [ducttape-0] DEBUG org.testcontainers.shaded.com.github.dockerjava.core.command.AbstrDockerCmd - Cmd: 
02:10:18.468 [ducttape-0] DEBUG org.testcontainers.dockerclient.DockerClientProviderStrategy - Pinging docker daemon...
02:10:18.468 [ducttape-0] DEBUG org.testcontainers.shaded.com.github.dockerjava.core.command.AbstrDockerCmd - Cmd: 
02:10:18.569 [ducttape-0] DEBUG org.testcontainers.dockerclient.DockerClientProviderStrategy - Pinging docker daemon...
02:10:18.569 [ducttape-0] DEBUG org.testcontainers.shaded.com.github.dockerjava.core.command.AbstrDockerCmd - Cmd: 
02:10:18.670 [ducttape-0] DEBUG org.testcontainers.dockerclient.DockerClientProviderStrategy - Pinging docker daemon...
02:10:18.670 [ducttape-0] DEBUG org.testcontainers.shaded.com.github.dockerjava.core.command.AbstrDockerCmd - Cmd: 
02:10:18.771 [ducttape-0] DEBUG org.testcontainers.dockerclient.DockerClientProviderStrategy - Pinging docker daemon...
02:10:18.771 [ducttape-0] DEBUG org.testcontainers.shaded.com.github.dockerjava.core.command.AbstrDockerCmd - Cmd: 
02:10:18.872 [ducttape-0] DEBUG org.testcontainers.dockerclient.DockerClientProviderStrategy - Pinging docker daemon...
02:10:18.872 [ducttape-0] DEBUG org.testcontainers.shaded.com.github.dockerjava.core.command.AbstrDockerCmd - Cmd: 
02:10:18.974 [ducttape-0] DEBUG org.testcontainers.dockerclient.DockerClientProviderStrategy - Pinging docker daemon...
02:10:18.974 [ducttape-0] DEBUG org.testcontainers.shaded.com.github.dockerjava.core.command.AbstrDockerCmd - Cmd: 
02:10:19.075 [ducttape-0] DEBUG org.testcontainers.dockerclient.DockerClientProviderStrategy - Pinging docker daemon...
02:10:19.075 [ducttape-0] DEBUG org.testcontainers.shaded.com.github.dockerjava.core.command.AbstrDockerCmd - Cmd: 
02:10:19.176 [ducttape-0] DEBUG org.testcontainers.dockerclient.DockerClientProviderStrategy - Pinging docker daemon...
02:10:19.176 [ducttape-0] DEBUG org.testcontainers.shaded.com.github.dockerjava.core.command.AbstrDockerCmd - Cmd: 
02:10:19.277 [ducttape-0] DEBUG org.testcontainers.dockerclient.DockerClientProviderStrategy - Pinging docker daemon...
02:10:19.277 [ducttape-0] DEBUG org.testcontainers.shaded.com.github.dockerjava.core.command.AbstrDockerCmd - Cmd: 
02:10:19.379 [ducttape-0] DEBUG org.testcontainers.dockerclient.DockerClientProviderStrategy - Pinging docker daemon...
02:10:19.379 [ducttape-0] DEBUG org.testcontainers.shaded.com.github.dockerjava.core.command.AbstrDockerCmd - Cmd: 
02:10:19.480 [ducttape-0] DEBUG org.testcontainers.dockerclient.DockerClientProviderStrategy - Pinging docker daemon...
02:10:19.480 [ducttape-0] DEBUG org.testcontainers.shaded.com.github.dockerjava.core.command.AbstrDockerCmd - Cmd: 
02:10:19.581 [ducttape-0] DEBUG org.testcontainers.dockerclient.DockerClientProviderStrategy - Pinging docker daemon...
02:10:19.581 [ducttape-0] DEBUG org.testcontainers.shaded.com.github.dockerjava.core.command.AbstrDockerCmd - Cmd: 
02:10:19.682 [ducttape-0] DEBUG org.testcontainers.dockerclient.DockerClientProviderStrategy - Pinging docker daemon...
02:10:19.682 [ducttape-0] DEBUG org.testcontainers.shaded.com.github.dockerjava.core.command.AbstrDockerCmd - Cmd: 
02:10:19.783 [ducttape-0] DEBUG org.testcontainers.dockerclient.DockerClientProviderStrategy - Pinging docker daemon...
02:10:19.783 [ducttape-0] DEBUG org.testcontainers.shaded.com.github.dockerjava.core.command.AbstrDockerCmd - Cmd: 
02:10:19.884 [ducttape-0] DEBUG org.testcontainers.dockerclient.DockerClientProviderStrategy - Pinging docker daemon...
02:10:19.884 [ducttape-0] DEBUG org.testcontainers.shaded.com.github.dockerjava.core.command.AbstrDockerCmd - Cmd: 
02:10:19.986 [ducttape-0] DEBUG org.testcontainers.dockerclient.DockerClientProviderStrategy - Pinging docker daemon...
02:10:19.986 [ducttape-0] DEBUG org.testcontainers.shaded.com.github.dockerjava.core.command.AbstrDockerCmd - Cmd: 
02:10:20.087 [ducttape-0] DEBUG org.testcontainers.dockerclient.DockerClientProviderStrategy - Pinging docker daemon...
02:10:20.087 [ducttape-0] DEBUG org.testcontainers.shaded.com.github.dockerjava.core.command.AbstrDockerCmd - Cmd: 
02:10:20.188 [ducttape-0] DEBUG org.testcontainers.dockerclient.DockerClientProviderStrategy - Pinging docker daemon...
02:10:20.188 [ducttape-0] DEBUG org.testcontainers.shaded.com.github.dockerjava.core.command.AbstrDockerCmd - Cmd: 
02:10:20.289 [ducttape-0] DEBUG org.testcontainers.dockerclient.DockerClientProviderStrategy - Pinging docker daemon...
02:10:20.289 [ducttape-0] DEBUG org.testcontainers.shaded.com.github.dockerjava.core.command.AbstrDockerCmd - Cmd: 
02:10:20.391 [ducttape-0] DEBUG org.testcontainers.dockerclient.DockerClientProviderStrategy - Pinging docker daemon...
02:10:20.391 [ducttape-0] DEBUG org.testcontainers.shaded.com.github.dockerjava.core.command.AbstrDockerCmd - Cmd: 
02:10:20.492 [ducttape-0] DEBUG org.testcontainers.dockerclient.DockerClientProviderStrategy - Pinging docker daemon...
02:10:20.492 [ducttape-0] DEBUG org.testcontainers.shaded.com.github.dockerjava.core.command.AbstrDockerCmd - Cmd: 
02:10:20.593 [ducttape-0] DEBUG org.testcontainers.dockerclient.DockerClientProviderStrategy - Pinging docker daemon...
02:10:20.593 [ducttape-0] DEBUG org.testcontainers.shaded.com.github.dockerjava.core.command.AbstrDockerCmd - Cmd: 
02:10:20.694 [ducttape-0] DEBUG org.testcontainers.dockerclient.DockerClientProviderStrategy - Pinging docker daemon...
02:10:20.694 [ducttape-0] DEBUG org.testcontainers.shaded.com.github.dockerjava.core.command.AbstrDockerCmd - Cmd: 
02:10:20.795 [ducttape-0] DEBUG org.testcontainers.dockerclient.DockerClientProviderStrategy - Pinging docker daemon...
02:10:20.796 [ducttape-0] DEBUG org.testcontainers.shaded.com.github.dockerjava.core.command.AbstrDockerCmd - Cmd: 
02:10:20.897 [ducttape-0] DEBUG org.testcontainers.dockerclient.DockerClientProviderStrategy - Pinging docker daemon...
02:10:20.897 [ducttape-0] DEBUG org.testcontainers.shaded.com.github.dockerjava.core.command.AbstrDockerCmd - Cmd: 
02:10:20.997 [ducttape-0] DEBUG org.testcontainers.dockerclient.DockerClientProviderStrategy - Pinging docker daemon...
02:10:20.997 [ducttape-0] DEBUG org.testcontainers.shaded.com.github.dockerjava.core.command.AbstrDockerCmd - Cmd: 
02:10:21.098 [ducttape-0] DEBUG org.testcontainers.dockerclient.DockerClientProviderStrategy - Pinging docker daemon...
02:10:21.099 [ducttape-0] DEBUG org.testcontainers.shaded.com.github.dockerjava.core.command.AbstrDockerCmd - Cmd: 
02:10:21.200 [ducttape-0] DEBUG org.testcontainers.dockerclient.DockerClientProviderStrategy - Pinging docker daemon...
02:10:21.200 [ducttape-0] DEBUG org.testcontainers.shaded.com.github.dockerjava.core.command.AbstrDockerCmd - Cmd: 
02:10:21.301 [ducttape-0] DEBUG org.testcontainers.dockerclient.DockerClientProviderStrategy - Pinging docker daemon...
02:10:21.301 [ducttape-0] DEBUG org.testcontainers.shaded.com.github.dockerjava.core.command.AbstrDockerCmd - Cmd: 
02:10:21.401 [ducttape-0] DEBUG org.testcontainers.dockerclient.DockerClientProviderStrategy - Pinging docker daemon...
02:10:21.401 [ducttape-0] DEBUG org.testcontainers.shaded.com.github.dockerjava.core.command.AbstrDockerCmd - Cmd: 
02:10:21.503 [ducttape-0] DEBUG org.testcontainers.dockerclient.DockerClientProviderStrategy - Pinging docker daemon...
02:10:21.503 [ducttape-0] DEBUG org.testcontainers.shaded.com.github.dockerjava.core.command.AbstrDockerCmd - Cmd: 
02:10:21.604 [ducttape-0] DEBUG org.testcontainers.dockerclient.DockerClientProviderStrategy - Pinging docker daemon...
02:10:21.604 [ducttape-0] DEBUG org.testcontainers.shaded.com.github.dockerjava.core.command.AbstrDockerCmd - Cmd: 
02:10:21.707 [ducttape-0] DEBUG org.testcontainers.dockerclient.DockerClientProviderStrategy - Pinging docker daemon...
02:10:21.707 [ducttape-0] DEBUG org.testcontainers.shaded.com.github.dockerjava.core.command.AbstrDockerCmd - Cmd: 
02:10:21.808 [ducttape-0] DEBUG org.testcontainers.dockerclient.DockerClientProviderStrategy - Pinging docker daemon...
02:10:21.808 [ducttape-0] DEBUG org.testcontainers.shaded.com.github.dockerjava.core.command.AbstrDockerCmd - Cmd: 
02:10:21.909 [ducttape-0] DEBUG org.testcontainers.dockerclient.DockerClientProviderStrategy - Pinging docker daemon...
02:10:21.909 [ducttape-0] DEBUG org.testcontainers.shaded.com.github.dockerjava.core.command.AbstrDockerCmd - Cmd: 
02:10:22.010 [ducttape-0] DEBUG org.testcontainers.dockerclient.DockerClientProviderStrategy - Pinging docker daemon...
02:10:22.010 [ducttape-0] DEBUG org.testcontainers.shaded.com.github.dockerjava.core.command.AbstrDockerCmd - Cmd: 
02:10:22.111 [ducttape-0] DEBUG org.testcontainers.dockerclient.DockerClientProviderStrategy - Pinging docker daemon...
02:10:22.111 [ducttape-0] DEBUG org.testcontainers.shaded.com.github.dockerjava.core.command.AbstrDockerCmd - Cmd: 
02:10:22.120 [main] DEBUG org.testcontainers.dockerclient.DockerClientProviderStrategy - UnixSocketClientProviderStrategy: failed with exception TimeoutException (Timeout waiting for result with exception). Root cause IOException (native connect() failed : Permission denied)
02:10:22.120 [main] ERROR org.testcontainers.dockerclient.DockerClientProviderStrategy - Could not find a valid Docker environment. Please check configuration. Attempted configurations were:
02:10:22.120 [main] ERROR org.testcontainers.dockerclient.DockerClientProviderStrategy -     UnixSocketClientProviderStrategy: failed with exception TimeoutException (Timeout waiting for result with exception). Root cause IOException (native connect() failed : Permission denied)
02:10:22.120 [main] ERROR org.testcontainers.dockerclient.DockerClientProviderStrategy - As no valid configuration was found, execution cannot continue
[ERROR] Tests run: 1, Failures: 0, Errors: 1, Skipped: 0, Time elapsed: 30.576 s <<< FAILURE! - in org.togglz.mongodb.MongoStateRepositoryTest
[ERROR] org.togglz.mongodb.MongoStateRepositoryTest  Time elapsed: 30.576 s  <<< ERROR!
java.lang.IllegalStateException: Could not find a valid Docker environment. Please see logs and check configuration
	at org.togglz.mongodb.MongoStateRepositoryTest.beforeClass(MongoStateRepositoryTest.java:26)

[INFO] 
[INFO] Results:
[INFO] 
[ERROR] Errors: 
[ERROR]   MongoStateRepositoryTest.beforeClass:26 » IllegalState Could not find a valid ...
[INFO] 
[ERROR] Tests run: 1, Failures: 0, Errors: 1, Skipped: 0
[INFO] 
[INFO] ------------------------------------------------------------------------
[INFO] Reactor Summary for Togglz 2.9.8-SNAPSHOT:
[INFO] 
[INFO] Togglz ............................................. SUCCESS [  4.383 s]
[INFO] Togglz - Core Framework ............................ SUCCESS [  7.574 s]
[INFO] Togglz - Test Harness .............................. SUCCESS [  0.299 s]
[INFO] Togglz - SLF4J integration ......................... SUCCESS [  0.032 s]
[INFO] Togglz - Servlet integration ....................... SUCCESS [  2.033 s]
[INFO] Togglz - Admin Console ............................. SUCCESS [  0.856 s]
[INFO] Togglz - CDI integration ........................... SUCCESS [  0.973 s]
[INFO] Togglz - Guice integration ......................... SUCCESS [ 10.479 s]
[INFO] Togglz - Spring Framework integration .............. SUCCESS [  1.689 s]
[INFO] Togglz - Spring Web integration .................... SUCCESS [  3.113 s]
[INFO] Togglz - Spring Security integration ............... SUCCESS [  1.995 s]
[INFO] Togglz - Spring Boot POM ........................... SUCCESS [  0.012 s]
[INFO] Togglz - Spring Boot Starter ....................... SUCCESS [  5.023 s]
[INFO] Togglz - DeltaSpike integration .................... SUCCESS [  1.098 s]
[INFO] Togglz - Apache Shiro integration .................. SUCCESS [  7.689 s]
[INFO] Togglz - Google App Engine Integration ............. SUCCESS [  2.517 s]
[INFO] Togglz - Google Cloud Datastore Integration ........ SUCCESS [  0.231 s]
[INFO] Togglz - MongoDB integration ....................... FAILURE [ 31.477 s]
[INFO] Togglz - Testing Support ........................... SKIPPED
[INFO] Togglz - JUnit integration ......................... SKIPPED
[INFO] Togglz - Cassandra integration ..................... SKIPPED
[INFO] Togglz - Hazelcast integration ..................... SKIPPED
[INFO] Togglz - Apache Zookeeper Integration .............. SKIPPED
[INFO] Togglz - DynamoDB integration ...................... SKIPPED
[INFO] Togglz - Amazon S3 integration ..................... SKIPPED
[INFO] Togglz - JMH benchmarks ............................ SKIPPED
[INFO] Togglz - Slack integration ......................... SKIPPED
[INFO] Togglz - Redis integration ......................... SKIPPED
[INFO] Togglz - Kotlin wrapper ............................ SKIPPED
[INFO] ------------------------------------------------------------------------
[INFO] BUILD FAILURE
[INFO] ------------------------------------------------------------------------
[INFO] Total time:  01:21 min
[INFO] Finished at: 2023-02-02T02:10:22Z
[INFO] ------------------------------------------------------------------------
[ERROR] Failed to execute goal org.apache.maven.plugins:maven-surefire-plugin:2.22.2:test (default-test) on project togglz-mongodb: There are test failures.
[ERROR] 
[ERROR] Please refer to /home/gabsko/breaking-updates/mongodb/target/surefire-reports for the individual test results.
[ERROR] Please refer to dump files (if any exist) [date].dump, [date]-jvmRun[N].dump and [date].dumpstream.
[ERROR] -> [Help 1]
[ERROR] 
[ERROR] To see the full stack trace of the errors, re-run Maven with the -e switch.
[ERROR] Re-run Maven using the -X switch to enable full debug logging.
[ERROR] 
[ERROR] For more information about the errors and possible solutions, please read the following articles:
[ERROR] [Help 1] http://cwiki.apache.org/confluence/display/MAVEN/MojoFailureException
[ERROR] 
[ERROR] After correcting the problems, you can resume the build with the command
[ERROR]   mvn <args> -rf :togglz-mongodb
