[INFO] Scanning for projects...
[INFO] 
[INFO] ------------< org.mybatis.dynamic-sql:mybatis-dynamic-sql >-------------
[INFO] Building MyBatis Dynamic SQL 1.3.0-SNAPSHOT
[INFO] --------------------------------[ jar ]---------------------------------
[INFO] Downloading from central: https://repo.maven.apache.org/maven2/io/micrometer/micrometer-core/1.5.8/micrometer-core-1.5.8.jar
[INFO] Downloading from central: https://repo.maven.apache.org/maven2/org/springframework/batch/spring-batch-test/4.3.1/spring-batch-test-4.3.1.jar
[INFO] Downloading from central: https://repo.maven.apache.org/maven2/org/springframework/batch/spring-batch-infrastructure/4.3.1/spring-batch-infrastructure-4.3.1.jar
[INFO] Downloading from central: https://repo.maven.apache.org/maven2/org/springframework/batch/spring-batch-core/4.3.1/spring-batch-core-4.3.1.jar
[INFO] Downloaded from central: https://repo.maven.apache.org/maven2/org/springframework/batch/spring-batch-test/4.3.1/spring-batch-test-4.3.1.jar (40 kB at 140 kB/s)
[INFO] Downloaded from central: https://repo.maven.apache.org/maven2/org/springframework/batch/spring-batch-infrastructure/4.3.1/spring-batch-infrastructure-4.3.1.jar (511 kB at 1.5 MB/s)
[INFO] Downloaded from central: https://repo.maven.apache.org/maven2/org/springframework/batch/spring-batch-core/4.3.1/spring-batch-core-4.3.1.jar (834 kB at 2.3 MB/s)
[INFO] Downloaded from central: https://repo.maven.apache.org/maven2/io/micrometer/micrometer-core/1.5.8/micrometer-core-1.5.8.jar (590 kB at 1.5 MB/s)
[INFO] 
[INFO] --- maven-clean-plugin:3.1.0:clean (default-clean) @ mybatis-dynamic-sql ---
[INFO] Deleting /home/gabsko/breaking-updates/target
[INFO] 
[INFO] --- maven-enforcer-plugin:3.0.0-M1:enforce (enforce-java) @ mybatis-dynamic-sql ---
[INFO] 
[INFO] --- jacoco-maven-plugin:0.8.6:prepare-agent (prepare-agent) @ mybatis-dynamic-sql ---
[INFO] argLine set to -javaagent:/home/gabsko/.m2/repository/org/jacoco/org.jacoco.agent/0.8.6/org.jacoco.agent-0.8.6-runtime.jar=destfile=/home/gabsko/breaking-updates/target/jacoco.exec
[INFO] 
[INFO] --- build-helper-maven-plugin:3.2.0:add-source (default) @ mybatis-dynamic-sql ---
[INFO] Source directory: /home/gabsko/breaking-updates/src/main/kotlin added.
[INFO] 
[INFO] --- whitespace-maven-plugin:1.0.4:trim (default) @ mybatis-dynamic-sql ---
[INFO] 
[INFO] --- maven-resources-plugin:3.2.0:resources (default-resources) @ mybatis-dynamic-sql ---
[INFO] Using 'UTF-8' encoding to copy filtered resources.
[INFO] Using 'UTF-8' encoding to copy filtered properties files.
[INFO] skip non existing resourceDirectory /home/gabsko/breaking-updates/src/main/resources
[INFO] Copying 2 resources to META-INF
[INFO] 
[INFO] --- kotlin-maven-plugin:1.4.21-2:compile (compile) @ mybatis-dynamic-sql ---
[WARNING] /home/gabsko/breaking-updates/src/main/kotlin/org/mybatis/dynamic/sql/util/kotlin/mybatis3/ProviderBuilderFunctions.kt: (73, 12) Arguments execution order is going to be changed in a future release.The expression for named vararg argument will be executed in the order in which it was listed, not at the end.See KT-17691 for more details.
[WARNING] /home/gabsko/breaking-updates/src/main/kotlin/org/mybatis/dynamic/sql/util/kotlin/mybatis3/ProviderBuilderFunctions.kt: (79, 20) Arguments execution order is going to be changed in a future release.The expression for named vararg argument will be executed in the order in which it was listed, not at the end.See KT-17691 for more details.
[WARNING] /home/gabsko/breaking-updates/src/main/kotlin/org/mybatis/dynamic/sql/util/kotlin/spring/ProviderBuilderFunctions.kt: (73, 12) Arguments execution order is going to be changed in a future release.The expression for named vararg argument will be executed in the order in which it was listed, not at the end.See KT-17691 for more details.
[WARNING] /home/gabsko/breaking-updates/src/main/kotlin/org/mybatis/dynamic/sql/util/kotlin/spring/ProviderBuilderFunctions.kt: (79, 20) Arguments execution order is going to be changed in a future release.The expression for named vararg argument will be executed in the order in which it was listed, not at the end.See KT-17691 for more details.
[INFO] 
[INFO] --- maven-compiler-plugin:3.8.1:compile (java-compile) @ mybatis-dynamic-sql ---
[INFO] Compiling 218 source files to /home/gabsko/breaking-updates/target/classes
[INFO] 
[INFO] --- license-maven-plugin:3.0:format (default) @ mybatis-dynamic-sql ---
[INFO] Updating license headers...
[INFO] 
[INFO] --- animal-sniffer-maven-plugin:1.19:check (check-java-compat) @ mybatis-dynamic-sql ---
[INFO] Checking unresolved references to org.codehaus.mojo.signature:java18:1.0
[INFO] 
[INFO] --- maven-bundle-plugin:5.1.1:manifest (bundle-manifest) @ mybatis-dynamic-sql ---
[INFO] 
[INFO] --- maven-resources-plugin:3.2.0:testResources (default-testResources) @ mybatis-dynamic-sql ---
[INFO] Using 'UTF-8' encoding to copy filtered resources.
[INFO] Using 'UTF-8' encoding to copy filtered properties files.
[INFO] Copying 19 resources
[INFO] 
[INFO] --- kotlin-maven-plugin:1.4.21-2:test-compile (test-compile) @ mybatis-dynamic-sql ---
[INFO] 
[INFO] --- maven-compiler-plugin:3.8.1:testCompile (java-test-compile) @ mybatis-dynamic-sql ---
[INFO] Compiling 139 source files to /home/gabsko/breaking-updates/target/test-classes
[INFO] 
[INFO] --- maven-surefire-plugin:3.0.0-M5:test (default-test) @ mybatis-dynamic-sql ---
[INFO] 
[INFO] -------------------------------------------------------
[INFO]  T E S T S
[INFO] -------------------------------------------------------
[INFO] Running examples.simple.PersonMapperTest
[INFO] Tests run: 32, Failures: 0, Errors: 0, Skipped: 0, Time elapsed: 1.532 s - in examples.simple.PersonMapperTest
[INFO] Running examples.simple.ReusableWhereTest
[INFO] Tests run: 4, Failures: 0, Errors: 0, Skipped: 0, Time elapsed: 0.069 s - in examples.simple.ReusableWhereTest
[INFO] Running examples.array.ArrayTest
[INFO] Tests run: 2, Failures: 0, Errors: 0, Skipped: 0, Time elapsed: 0.025 s - in examples.array.ArrayTest
[INFO] Running examples.complexquery.ComplexQueryTest
[INFO] Tests run: 5, Failures: 0, Errors: 0, Skipped: 0, Time elapsed: 0.016 s - in examples.complexquery.ComplexQueryTest
[INFO] Running examples.joins.JoinMapperTest
[INFO] Tests run: 33, Failures: 0, Errors: 0, Skipped: 0, Time elapsed: 0.499 s - in examples.joins.JoinMapperTest
[INFO] Running examples.joins.ExistsTest
[INFO] Tests run: 8, Failures: 0, Errors: 0, Skipped: 0, Time elapsed: 0.113 s - in examples.joins.ExistsTest
[INFO] Running examples.joins.JoinSubQueryTest
[INFO] Tests run: 9, Failures: 0, Errors: 0, Skipped: 0, Time elapsed: 0.095 s - in examples.joins.JoinSubQueryTest
[INFO] Running examples.animal.data.AnimalDataTest
[INFO] Tests run: 88, Failures: 0, Errors: 0, Skipped: 0, Time elapsed: 0.893 s - in examples.animal.data.AnimalDataTest
[INFO] Running examples.animal.data.CommonSelectMapperTest
[INFO] Tests run: 24, Failures: 0, Errors: 0, Skipped: 0, Time elapsed: 0.101 s - in examples.animal.data.CommonSelectMapperTest
[INFO] Running examples.animal.data.LimitAndOffsetTest
[INFO] Tests run: 9, Failures: 0, Errors: 0, Skipped: 0, Time elapsed: 0.046 s - in examples.animal.data.LimitAndOffsetTest
[INFO] Running examples.animal.data.FetchFirstTest
[INFO] Tests run: 6, Failures: 0, Errors: 0, Skipped: 0, Time elapsed: 0.026 s - in examples.animal.data.FetchFirstTest
[INFO] Running examples.animal.data.SubQueryTest
[INFO] Tests run: 4, Failures: 0, Errors: 0, Skipped: 0, Time elapsed: 0.019 s - in examples.animal.data.SubQueryTest
[INFO] Running examples.animal.data.BindingTest
[INFO] Tests run: 2, Failures: 0, Errors: 0, Skipped: 0, Time elapsed: 0.006 s - in examples.animal.data.BindingTest
[INFO] Running examples.animal.data.OptionalConditionsWithPredicatesAnimalDataTest
[INFO] Tests run: 43, Failures: 0, Errors: 0, Skipped: 0, Time elapsed: 0.228 s - in examples.animal.data.OptionalConditionsWithPredicatesAnimalDataTest
[INFO] Running examples.animal.data.OptionalConditionsAnimalDataTest
[INFO] Tests run: 45, Failures: 0, Errors: 0, Skipped: 0, Time elapsed: 0.213 s - in examples.animal.data.OptionalConditionsAnimalDataTest
[INFO] Running examples.emptywhere.EmptyWhereTest
[INFO] Tests run: 25, Failures: 0, Errors: 0, Skipped: 0, Time elapsed: 0.053 s - in examples.emptywhere.EmptyWhereTest
[INFO] Running examples.groupby.GroupByTest
[INFO] Tests run: 16, Failures: 0, Errors: 0, Skipped: 0, Time elapsed: 0.094 s - in examples.groupby.GroupByTest
[INFO] Running examples.kotlin.spring.canonical.CanonicalSpringKotlinTest
[INFO] Tests run: 41, Failures: 0, Errors: 0, Skipped: 0, Time elapsed: 0.855 s - in examples.kotlin.spring.canonical.CanonicalSpringKotlinTest
[INFO] Running examples.kotlin.spring.canonical.SpringKotlinSubQueryTest
[INFO] Tests run: 3, Failures: 0, Errors: 0, Skipped: 0, Time elapsed: 0.043 s - in examples.kotlin.spring.canonical.SpringKotlinSubQueryTest
[INFO] Running examples.kotlin.spring.canonical.CanonicalSpringKotlinTemplateDirectTest
[INFO] Tests run: 36, Failures: 0, Errors: 0, Skipped: 0, Time elapsed: 0.33 s - in examples.kotlin.spring.canonical.CanonicalSpringKotlinTemplateDirectTest
[INFO] Running examples.kotlin.spring.canonical.KotlinConditionsTest
[INFO] Tests run: 8, Failures: 0, Errors: 0, Skipped: 0, Time elapsed: 0.065 s - in examples.kotlin.spring.canonical.KotlinConditionsTest
[INFO] Running examples.kotlin.mybatis3.general.GeneralKotlinTest
[INFO] Tests run: 29, Failures: 0, Errors: 0, Skipped: 0, Time elapsed: 0.109 s - in examples.kotlin.mybatis3.general.GeneralKotlinTest
[INFO] Running examples.kotlin.mybatis3.joins.JoinMapperTest
[INFO] Tests run: 13, Failures: 0, Errors: 0, Skipped: 0, Time elapsed: 0.091 s - in examples.kotlin.mybatis3.joins.JoinMapperTest
[INFO] Running examples.kotlin.mybatis3.joins.ExistsTest
[INFO] Tests run: 12, Failures: 0, Errors: 0, Skipped: 0, Time elapsed: 0.052 s - in examples.kotlin.mybatis3.joins.ExistsTest
[INFO] Running examples.kotlin.mybatis3.canonical.PersonMapperTest
[INFO] Tests run: 37, Failures: 0, Errors: 0, Skipped: 0, Time elapsed: 0.19 s - in examples.kotlin.mybatis3.canonical.PersonMapperTest
[INFO] Running examples.kotlin.mybatis3.canonical.ReusableWhereTest
[INFO] Tests run: 4, Failures: 0, Errors: 0, Skipped: 0, Time elapsed: 0.014 s - in examples.kotlin.mybatis3.canonical.ReusableWhereTest
[INFO] Running examples.column.comparison.ColumnComparisonTest
[INFO] Tests run: 6, Failures: 0, Errors: 0, Skipped: 0, Time elapsed: 0.017 s - in examples.column.comparison.ColumnComparisonTest
[INFO] Running examples.type_conversion.TypeConversionTest
[INFO] Tests run: 2, Failures: 0, Errors: 0, Skipped: 0, Time elapsed: 0.012 s - in examples.type_conversion.TypeConversionTest
[INFO] Running examples.generated.always.spring.SpringTest
[INFO] Tests run: 12, Failures: 0, Errors: 0, Skipped: 0, Time elapsed: 0.09 s - in examples.generated.always.spring.SpringTest
[INFO] Running examples.generated.always.mybatis.PersonMapperTest
[INFO] Tests run: 2, Failures: 0, Errors: 0, Skipped: 0, Time elapsed: 0.018 s - in examples.generated.always.mybatis.PersonMapperTest
[INFO] Running examples.generated.always.mybatis.GeneratedAlwaysAnnotatedMapperTest
[INFO] Tests run: 13, Failures: 0, Errors: 0, Skipped: 0, Time elapsed: 0.05 s - in examples.generated.always.mybatis.GeneratedAlwaysAnnotatedMapperTest
[INFO] Running examples.spring.ReusableWhereTest
[INFO] Tests run: 4, Failures: 0, Errors: 0, Skipped: 0, Time elapsed: 0.033 s - in examples.spring.ReusableWhereTest
[INFO] Running examples.spring.PersonTemplateTest
[INFO] Tests run: 37, Failures: 0, Errors: 0, Skipped: 0, Time elapsed: 0.31 s - in examples.spring.PersonTemplateTest
[INFO] Running examples.custom_render.CustomRenderingTest
2023-02-01 22:12:18,289 WARN  o.t.u.TestcontainersConfiguration - Attempted to read Testcontainers configuration file at file:/home/gabsko/.testcontainers.properties but the file was not found. Exception message: FileNotFoundException: /home/gabsko/.testcontainers.properties (No such file or directory)
2023-02-01 22:12:48,932 ERROR o.t.d.DockerClientProviderStrategy - Could not find a valid Docker environment. Please check configuration. Attempted configurations were:
2023-02-01 22:12:48,932 ERROR o.t.d.DockerClientProviderStrategy -     UnixSocketClientProviderStrategy: failed with exception TimeoutException (Timeout waiting for result with exception). Root cause IOException (native connect() failed : Permission denied)
2023-02-01 22:12:48,932 ERROR o.t.d.DockerClientProviderStrategy - As no valid configuration was found, execution cannot continue
Feb 01, 2023 10:12:48 PM org.junit.jupiter.engine.execution.JupiterEngineExecutionContext close
SEVERE: Caught exception while closing extension context: org.junit.jupiter.engine.descriptor.ClassExtensionContext@453216c4
java.lang.IllegalStateException: Previous attempts to find a Docker environment failed. Will not retry. Please see logs and check configuration
	at org.testcontainers.dockerclient.DockerClientProviderStrategy.getFirstValidStrategy(DockerClientProviderStrategy.java:109)
	at org.testcontainers.DockerClientFactory.getOrInitializeStrategy(DockerClientFactory.java:136)
	at org.testcontainers.DockerClientFactory.client(DockerClientFactory.java:178)
	at org.testcontainers.LazyDockerClient.getDockerClient(LazyDockerClient.java:14)
	at org.testcontainers.LazyDockerClient.authConfig(LazyDockerClient.java:12)
	at org.testcontainers.containers.GenericContainer.start(GenericContainer.java:310)
	at org.testcontainers.junit.jupiter.TestcontainersExtension$StoreAdapter.start(TestcontainersExtension.java:242)
	at org.testcontainers.junit.jupiter.TestcontainersExtension$StoreAdapter.access$200(TestcontainersExtension.java:229)
	at org.testcontainers.junit.jupiter.TestcontainersExtension.lambda$null$1(TestcontainersExtension.java:59)
	at org.junit.jupiter.engine.execution.ExtensionValuesStore.lambda$getOrComputeIfAbsent$4(ExtensionValuesStore.java:86)
	at org.junit.jupiter.engine.execution.ExtensionValuesStore$MemoizingSupplier.get(ExtensionValuesStore.java:205)
	at org.junit.jupiter.engine.execution.ExtensionValuesStore$StoredValue.evaluate(ExtensionValuesStore.java:182)
	at org.junit.jupiter.engine.execution.ExtensionValuesStore$StoredValue.access$100(ExtensionValuesStore.java:171)
	at org.junit.jupiter.engine.execution.ExtensionValuesStore.lambda$closeAllStoredCloseableValues$1(ExtensionValuesStore.java:65)
	at java.base/java.util.stream.ReferencePipeline$2$1.accept(ReferencePipeline.java:176)
	at java.base/java.util.concurrent.ConcurrentHashMap$ValueSpliterator.forEachRemaining(ConcurrentHashMap.java:3603)
	at java.base/java.util.stream.AbstractPipeline.copyInto(AbstractPipeline.java:484)
	at java.base/java.util.stream.AbstractPipeline.wrapAndCopyInto(AbstractPipeline.java:474)
	at java.base/java.util.stream.ForEachOps$ForEachOp.evaluateSequential(ForEachOps.java:150)
	at java.base/java.util.stream.ForEachOps$ForEachOp$OfRef.evaluateSequential(ForEachOps.java:173)
	at java.base/java.util.stream.AbstractPipeline.evaluate(AbstractPipeline.java:234)
	at java.base/java.util.stream.ReferencePipeline.forEach(ReferencePipeline.java:497)
	at org.junit.jupiter.engine.execution.ExtensionValuesStore.closeAllStoredCloseableValues(ExtensionValuesStore.java:68)
	at org.junit.jupiter.engine.descriptor.AbstractExtensionContext.close(AbstractExtensionContext.java:74)
	at org.junit.jupiter.engine.execution.JupiterEngineExecutionContext.close(JupiterEngineExecutionContext.java:53)
	at org.junit.jupiter.engine.descriptor.JupiterTestDescriptor.cleanUp(JupiterTestDescriptor.java:222)
	at org.junit.jupiter.engine.descriptor.JupiterTestDescriptor.cleanUp(JupiterTestDescriptor.java:57)
	at org.junit.platform.engine.support.hierarchical.NodeTestTask.lambda$cleanUp$9(NodeTestTask.java:155)
	at org.junit.platform.engine.support.hierarchical.ThrowableCollector.execute(ThrowableCollector.java:73)
	at org.junit.platform.engine.support.hierarchical.NodeTestTask.cleanUp(NodeTestTask.java:155)
	at org.junit.platform.engine.support.hierarchical.NodeTestTask.execute(NodeTestTask.java:87)
	at java.base/java.util.ArrayList.forEach(ArrayList.java:1541)
	at org.junit.platform.engine.support.hierarchical.SameThreadHierarchicalTestExecutorService.invokeAll(SameThreadHierarchicalTestExecutorService.java:38)
	at org.junit.platform.engine.support.hierarchical.NodeTestTask.lambda$executeRecursively$5(NodeTestTask.java:143)
	at org.junit.platform.engine.support.hierarchical.ThrowableCollector.execute(ThrowableCollector.java:73)
	at org.junit.platform.engine.support.hierarchical.NodeTestTask.lambda$executeRecursively$7(NodeTestTask.java:129)
	at org.junit.platform.engine.support.hierarchical.Node.around(Node.java:137)
	at org.junit.platform.engine.support.hierarchical.NodeTestTask.lambda$executeRecursively$8(NodeTestTask.java:127)
	at org.junit.platform.engine.support.hierarchical.ThrowableCollector.execute(ThrowableCollector.java:73)
	at org.junit.platform.engine.support.hierarchical.NodeTestTask.executeRecursively(NodeTestTask.java:126)
	at org.junit.platform.engine.support.hierarchical.NodeTestTask.execute(NodeTestTask.java:84)
	at org.junit.platform.engine.support.hierarchical.SameThreadHierarchicalTestExecutorService.submit(SameThreadHierarchicalTestExecutorService.java:32)
	at org.junit.platform.engine.support.hierarchical.HierarchicalTestExecutor.execute(HierarchicalTestExecutor.java:57)
	at org.junit.platform.engine.support.hierarchical.HierarchicalTestEngine.execute(HierarchicalTestEngine.java:51)
	at org.junit.platform.launcher.core.EngineExecutionOrchestrator.execute(EngineExecutionOrchestrator.java:108)
	at org.junit.platform.launcher.core.EngineExecutionOrchestrator.execute(EngineExecutionOrchestrator.java:88)
	at org.junit.platform.launcher.core.EngineExecutionOrchestrator.lambda$execute$0(EngineExecutionOrchestrator.java:54)
	at org.junit.platform.launcher.core.EngineExecutionOrchestrator.withInterceptedStreams(EngineExecutionOrchestrator.java:67)
	at org.junit.platform.launcher.core.EngineExecutionOrchestrator.execute(EngineExecutionOrchestrator.java:52)
	at org.junit.platform.launcher.core.DefaultLauncher.execute(DefaultLauncher.java:96)
	at org.junit.platform.launcher.core.DefaultLauncher.execute(DefaultLauncher.java:75)
	at org.apache.maven.surefire.junitplatform.JUnitPlatformProvider.execute(JUnitPlatformProvider.java:188)
	at org.apache.maven.surefire.junitplatform.JUnitPlatformProvider.invokeAllTests(JUnitPlatformProvider.java:154)
	at org.apache.maven.surefire.junitplatform.JUnitPlatformProvider.invoke(JUnitPlatformProvider.java:128)
	at org.apache.maven.surefire.booter.ForkedBooter.runSuitesInProcess(ForkedBooter.java:428)
	at org.apache.maven.surefire.booter.ForkedBooter.execute(ForkedBooter.java:162)
	at org.apache.maven.surefire.booter.ForkedBooter.run(ForkedBooter.java:562)
	at org.apache.maven.surefire.booter.ForkedBooter.main(ForkedBooter.java:548)

[ERROR] Tests run: 1, Failures: 0, Errors: 1, Skipped: 0, Time elapsed: 30.74 s <<< FAILURE! - in examples.custom_render.CustomRenderingTest
[ERROR] examples.custom_render.CustomRenderingTest  Time elapsed: 30.74 s  <<< ERROR!
java.lang.IllegalStateException: Could not find a valid Docker environment. Please see logs and check configuration

[INFO] Running examples.schema_supplier.SchemaSupplierTest
[INFO] Tests run: 3, Failures: 0, Errors: 0, Skipped: 0, Time elapsed: 0.027 s - in examples.schema_supplier.SchemaSupplierTest
[INFO] Running examples.paging.LimitAndOffsetTest
[INFO] Tests run: 1, Failures: 0, Errors: 0, Skipped: 0, Time elapsed: 0.013 s - in examples.paging.LimitAndOffsetTest
[INFO] Running examples.springbatch.bulkinsert.SpringBatchBulkInsertTest
2023-02-01 22:12:49,635 WARN  o.s.b.c.c.a.DefaultBatchConfigurer - No transaction manager was provided, using a DataSourceTransactionManager
[INFO] Tests run: 1, Failures: 0, Errors: 0, Skipped: 0, Time elapsed: 0.962 s - in examples.springbatch.bulkinsert.SpringBatchBulkInsertTest
[INFO] Running examples.springbatch.cursor.SpringBatchCursorTest
2023-02-01 22:12:50,031 WARN  o.s.b.c.c.a.DefaultBatchConfigurer - No transaction manager was provided, using a DataSourceTransactionManager
[INFO] Tests run: 1, Failures: 0, Errors: 0, Skipped: 0, Time elapsed: 0.098 s - in examples.springbatch.cursor.SpringBatchCursorTest
[INFO] Running examples.springbatch.paging.SpringBatchPagingTest
2023-02-01 22:12:50,114 WARN  o.s.b.c.c.a.DefaultBatchConfigurer - No transaction manager was provided, using a DataSourceTransactionManager
[INFO] Tests run: 1, Failures: 0, Errors: 0, Skipped: 0, Time elapsed: 0.124 s - in examples.springbatch.paging.SpringBatchPagingTest
[INFO] Running issues.lhg142.Issue142Test
[INFO] Tests run: 1, Failures: 0, Errors: 0, Skipped: 0, Time elapsed: 0.001 s - in issues.lhg142.Issue142Test
[INFO] Running issues.gh105.Issue105Test
[INFO] Tests run: 52, Failures: 0, Errors: 0, Skipped: 0, Time elapsed: 0.029 s - in issues.gh105.Issue105Test
[INFO] Running issues.gh100.Issue100StartAfterJoinTest
[INFO] Tests run: 7, Failures: 0, Errors: 0, Skipped: 0, Time elapsed: 0.003 s - in issues.gh100.Issue100StartAfterJoinTest
[INFO] Running issues.gh100.FromGroupByTest
[INFO] Tests run: 18, Failures: 0, Errors: 0, Skipped: 0, Time elapsed: 0.005 s - in issues.gh100.FromGroupByTest
[INFO] Running issues.gh100.Issue100Test
[INFO] Tests run: 10, Failures: 0, Errors: 0, Skipped: 0, Time elapsed: 0.004 s - in issues.gh100.Issue100Test
[INFO] Running issues.gh100.FromJoinWhereTest
[INFO] Tests run: 133, Failures: 0, Errors: 0, Skipped: 0, Time elapsed: 0.068 s - in issues.gh100.FromJoinWhereTest
[INFO] Running org.mybatis.dynamic.sql.BindableColumnTest
[INFO] Tests run: 1, Failures: 0, Errors: 0, Skipped: 0, Time elapsed: 0 s - in org.mybatis.dynamic.sql.BindableColumnTest
[INFO] Running org.mybatis.dynamic.sql.update.UpdateStatementTest
[INFO] Tests run: 8, Failures: 0, Errors: 0, Skipped: 0, Time elapsed: 0.01 s - in org.mybatis.dynamic.sql.update.UpdateStatementTest
[INFO] Running org.mybatis.dynamic.sql.insert.InsertStatementTest
[INFO] Tests run: 4, Failures: 0, Errors: 0, Skipped: 0, Time elapsed: 0.003 s - in org.mybatis.dynamic.sql.insert.InsertStatementTest
[INFO] Running org.mybatis.dynamic.sql.insert.GeneralInsertStatementTest
[INFO] Tests run: 4, Failures: 0, Errors: 0, Skipped: 0, Time elapsed: 0.002 s - in org.mybatis.dynamic.sql.insert.GeneralInsertStatementTest
[INFO] Running org.mybatis.dynamic.sql.where.render.CriterionRendererTest
[INFO] Tests run: 2, Failures: 0, Errors: 0, Skipped: 0, Time elapsed: 0.001 s - in org.mybatis.dynamic.sql.where.render.CriterionRendererTest
[INFO] Running org.mybatis.dynamic.sql.where.render.OptionalCriterionRenderTest
[INFO] Tests run: 16, Failures: 0, Errors: 0, Skipped: 0, Time elapsed: 0.009 s - in org.mybatis.dynamic.sql.where.render.OptionalCriterionRenderTest
[INFO] Running org.mybatis.dynamic.sql.where.render.RenderedCriterionTest
[INFO] Tests run: 1, Failures: 0, Errors: 0, Skipped: 0, Time elapsed: 0.001 s - in org.mybatis.dynamic.sql.where.render.RenderedCriterionTest
[INFO] Running org.mybatis.dynamic.sql.where.WhereModelTest
[INFO] Tests run: 1, Failures: 0, Errors: 0, Skipped: 0, Time elapsed: 0 s - in org.mybatis.dynamic.sql.where.WhereModelTest
[INFO] Running org.mybatis.dynamic.sql.util.FragmentCollectorTest
[INFO] Tests run: 1, Failures: 0, Errors: 0, Skipped: 0, Time elapsed: 0.002 s - in org.mybatis.dynamic.sql.util.FragmentCollectorTest
[INFO] Running org.mybatis.dynamic.sql.util.ColumnMappingVisitorTest
[INFO] Tests run: 15, Failures: 0, Errors: 0, Skipped: 0, Time elapsed: 0.008 s - in org.mybatis.dynamic.sql.util.ColumnMappingVisitorTest
[INFO] Running org.mybatis.dynamic.sql.util.StringUtilitiesTest
[INFO] Tests run: 3, Failures: 0, Errors: 0, Skipped: 0, Time elapsed: 0 s - in org.mybatis.dynamic.sql.util.StringUtilitiesTest
[INFO] Running org.mybatis.dynamic.sql.subselect.SubSelectTest
[INFO] Tests run: 2, Failures: 0, Errors: 0, Skipped: 0, Time elapsed: 0.003 s - in org.mybatis.dynamic.sql.subselect.SubSelectTest
[INFO] Running org.mybatis.dynamic.sql.mybatis3.CriterionRendererTest
[INFO] Tests run: 4, Failures: 0, Errors: 0, Skipped: 0, Time elapsed: 0.003 s - in org.mybatis.dynamic.sql.mybatis3.CriterionRendererTest
[INFO] Running org.mybatis.dynamic.sql.mybatis3.InsertStatementTest
[INFO] Tests run: 2, Failures: 0, Errors: 0, Skipped: 0, Time elapsed: 0.002 s - in org.mybatis.dynamic.sql.mybatis3.InsertStatementTest
[INFO] Running org.mybatis.dynamic.sql.mybatis3.UpdateStatementTest
[INFO] Tests run: 2, Failures: 0, Errors: 0, Skipped: 0, Time elapsed: 0.001 s - in org.mybatis.dynamic.sql.mybatis3.UpdateStatementTest
[INFO] Running org.mybatis.dynamic.sql.mybatis3.SelectStatementTest
[INFO] Tests run: 4, Failures: 0, Errors: 0, Skipped: 0, Time elapsed: 0.006 s - in org.mybatis.dynamic.sql.mybatis3.SelectStatementTest
[INFO] Running org.mybatis.dynamic.sql.select.SelectStatementTest
[INFO] Tests run: 17, Failures: 0, Errors: 0, Skipped: 0, Time elapsed: 0.015 s - in org.mybatis.dynamic.sql.select.SelectStatementTest
[INFO] Running org.mybatis.dynamic.sql.delete.DeleteStatementTest
[INFO] Tests run: 2, Failures: 0, Errors: 0, Skipped: 0, Time elapsed: 0.002 s - in org.mybatis.dynamic.sql.delete.DeleteStatementTest
[INFO] Running org.mybatis.dynamic.sql.SqlTableTest
[INFO] Tests run: 10, Failures: 0, Errors: 0, Skipped: 0, Time elapsed: 0.004 s - in org.mybatis.dynamic.sql.SqlTableTest
[INFO] 
[INFO] Results:
[INFO] 
[ERROR] Errors: 
[ERROR]   CustomRenderingTest » IllegalState Could not find a valid Docker environment. ...
[INFO] 
[ERROR] Tests run: 942, Failures: 0, Errors: 1, Skipped: 0
[INFO] 
[INFO] ------------------------------------------------------------------------
[INFO] BUILD FAILURE
[INFO] ------------------------------------------------------------------------
[INFO] Total time:  01:16 min
[INFO] Finished at: 2023-02-01T22:12:50Z
[INFO] ------------------------------------------------------------------------
[ERROR] Failed to execute goal org.apache.maven.plugins:maven-surefire-plugin:3.0.0-M5:test (default-test) on project mybatis-dynamic-sql: There are test failures.
[ERROR] 
[ERROR] Please refer to /home/gabsko/breaking-updates/target/surefire-reports for the individual test results.
[ERROR] Please refer to dump files (if any exist) [date].dump, [date]-jvmRun[N].dump and [date].dumpstream.
[ERROR] -> [Help 1]
[ERROR] 
[ERROR] To see the full stack trace of the errors, re-run Maven with the -e switch.
[ERROR] Re-run Maven using the -X switch to enable full debug logging.
[ERROR] 
[ERROR] For more information about the errors and possible solutions, please read the following articles:
[ERROR] [Help 1] http://cwiki.apache.org/confluence/display/MAVEN/MojoFailureException
