[INFO] Scanning for projects...
[INFO] ------------------------------------------------------------------------
[INFO] Reactor Build Order:
[INFO] 
[INFO] FluentLenium                                                       [pom]
[INFO] FluentLenium Core                                                  [jar]
[INFO] FluentLenium TestNG                                                [jar]
[INFO] FluentLenium AssertJ                                               [jar]
[INFO] FluentLenium JUnit Jupiter                                         [jar]
[INFO] FluentLenium Integration Tests                                     [jar]
[INFO] FluentLenium JUnit                                                 [jar]
[INFO] FluentLenium Spring TestNG                                         [jar]
[INFO] FluentLenium Cucumber                                              [jar]
[INFO] FluentLenium Spock                                                 [jar]
[INFO] FluentLenium Kotest                                                [jar]
[INFO] FluentLenium Kotest Assertions                                     [jar]
[INFO] FluentLenium Coverage Report                                       [jar]
[INFO] 
[INFO] ----------------< org.fluentlenium:fluentlenium-parent >----------------
[INFO] Building FluentLenium 4.8.1-SNAPSHOT                              [1/13]
[INFO] --------------------------------[ pom ]---------------------------------
[INFO] 
[INFO] --- maven-clean-plugin:3.1.0:clean (default-clean) @ fluentlenium-parent ---
[INFO] 
[INFO] --- flatten-maven-plugin:1.2.7:clean (flatten.clean) @ fluentlenium-parent ---
[INFO] Deleting /home/gabsko/breaking-updates/.flattened-pom.xml
[INFO] 
[INFO] --- maven-enforcer-plugin:3.0.0-M3:enforce (enforce-maven) @ fluentlenium-parent ---
[INFO] 
[INFO] --- jacoco-maven-plugin:0.8.7:prepare-agent (prepare-agent) @ fluentlenium-parent ---
[INFO] argLine set to -javaagent:/home/gabsko/.m2/repository/org/jacoco/org.jacoco.agent/0.8.7/org.jacoco.agent-0.8.7-runtime.jar=destfile=/home/gabsko/breaking-updates/target/jacoco.exec,excludes=**com.steadystate*:**com/gargoylesoftware*
[INFO] 
[INFO] --- flatten-maven-plugin:1.2.7:flatten (flatten) @ fluentlenium-parent ---
[INFO] Generating flattened POM of project org.fluentlenium:fluentlenium-parent:pom:4.8.1-SNAPSHOT...
[INFO] 
[INFO] -----------------< org.fluentlenium:fluentlenium-core >-----------------
[INFO] Building FluentLenium Core 4.8.1-SNAPSHOT                         [2/13]
[INFO] --------------------------------[ jar ]---------------------------------
[INFO] 
[INFO] --- maven-clean-plugin:3.1.0:clean (default-clean) @ fluentlenium-core ---
[INFO] Deleting /home/gabsko/breaking-updates/fluentlenium-core/target
[INFO] 
[INFO] --- flatten-maven-plugin:1.2.7:clean (flatten.clean) @ fluentlenium-core ---
[INFO] Deleting /home/gabsko/breaking-updates/fluentlenium-core/.flattened-pom.xml
[INFO] 
[INFO] --- maven-enforcer-plugin:3.0.0-M3:enforce (enforce-maven) @ fluentlenium-core ---
[INFO] 
[INFO] --- jacoco-maven-plugin:0.8.7:prepare-agent (prepare-agent) @ fluentlenium-core ---
[INFO] argLine set to -javaagent:/home/gabsko/.m2/repository/org/jacoco/org.jacoco.agent/0.8.7/org.jacoco.agent-0.8.7-runtime.jar=destfile=/home/gabsko/breaking-updates/fluentlenium-core/target/jacoco.exec,excludes=**com.steadystate*:**com/gargoylesoftware*
[INFO] 
[INFO] --- maven-resources-plugin:3.2.0:resources (default-resources) @ fluentlenium-core ---
[INFO] Using 'UTF-8' encoding to copy filtered resources.
[INFO] Using 'UTF-8' encoding to copy filtered properties files.
[INFO] Copying 2 resources
[INFO] 
[INFO] --- flatten-maven-plugin:1.2.7:flatten (flatten) @ fluentlenium-core ---
[INFO] Generating flattened POM of project org.fluentlenium:fluentlenium-core:jar:4.8.1-SNAPSHOT...
[INFO] 
[INFO] --- maven-compiler-plugin:3.8.1:compile (default-compile) @ fluentlenium-core ---
[INFO] Changes detected - recompiling the module!
[INFO] Compiling 345 source files to /home/gabsko/breaking-updates/fluentlenium-core/target/classes
[INFO] /home/gabsko/breaking-updates/fluentlenium-core/src/main/java/org/fluentlenium/utils/ReflectionUtils.java: Some input files use or override a deprecated API.
[INFO] /home/gabsko/breaking-updates/fluentlenium-core/src/main/java/org/fluentlenium/utils/ReflectionUtils.java: Recompile with -Xlint:deprecation for details.
[INFO] /home/gabsko/breaking-updates/fluentlenium-core/src/main/java/org/fluentlenium/core/domain/FluentWebElement.java: Some input files use unchecked or unsafe operations.
[INFO] /home/gabsko/breaking-updates/fluentlenium-core/src/main/java/org/fluentlenium/core/domain/FluentWebElement.java: Recompile with -Xlint:unchecked for details.
[INFO] 
[INFO] --- maven-resources-plugin:3.2.0:testResources (default-testResources) @ fluentlenium-core ---
[INFO] Using 'UTF-8' encoding to copy filtered resources.
[INFO] Using 'UTF-8' encoding to copy filtered properties files.
[INFO] Copying 14 resources
[INFO] 
[INFO] --- maven-compiler-plugin:3.8.1:testCompile (default-testCompile) @ fluentlenium-core ---
[INFO] Changes detected - recompiling the module!
[INFO] Compiling 141 source files to /home/gabsko/breaking-updates/fluentlenium-core/target/test-classes
[INFO] /home/gabsko/breaking-updates/fluentlenium-core/src/test/java/org/fluentlenium/core/performance/HtmlUnitPerformanceTimingMetricsTest.java: Some input files use or override a deprecated API.
[INFO] /home/gabsko/breaking-updates/fluentlenium-core/src/test/java/org/fluentlenium/core/performance/HtmlUnitPerformanceTimingMetricsTest.java: Recompile with -Xlint:deprecation for details.
[INFO] /home/gabsko/breaking-updates/fluentlenium-core/src/test/java/org/fluentlenium/core/proxy/ProxyHookTest.java: Some input files use unchecked or unsafe operations.
[INFO] /home/gabsko/breaking-updates/fluentlenium-core/src/test/java/org/fluentlenium/core/proxy/ProxyHookTest.java: Recompile with -Xlint:unchecked for details.
[INFO] 
[INFO] --- maven-surefire-plugin:3.0.0-M5:test (default-test) @ fluentlenium-core ---
[INFO] 
[INFO] -------------------------------------------------------
[INFO]  T E S T S
[INFO] -------------------------------------------------------
[INFO] Running org.fluentlenium.core.performance.DefaultPerformanceTimingMetricsIndividualEventsTest
[INFO] Tests run: 20, Failures: 0, Errors: 0, Skipped: 0, Time elapsed: 0.067 s - in org.fluentlenium.core.performance.DefaultPerformanceTimingMetricsIndividualEventsTest
[INFO] Running org.fluentlenium.core.performance.PerformanceTimingSpecificEventValueInTimeUnitTest
[INFO] Tests run: 20, Failures: 0, Errors: 0, Skipped: 0, Time elapsed: 0.662 s - in org.fluentlenium.core.performance.PerformanceTimingSpecificEventValueInTimeUnitTest
[INFO] Running org.fluentlenium.core.performance.PerformanceTimingSpecificEventValuesTest
[INFO] Tests run: 20, Failures: 0, Errors: 0, Skipped: 0, Time elapsed: 0.024 s - in org.fluentlenium.core.performance.PerformanceTimingSpecificEventValuesTest
[INFO] Running org.fluentlenium.configuration.WebDriversRegistryImplSpecificDriversTest
[INFO] Tests run: 7, Failures: 0, Errors: 0, Skipped: 0, Time elapsed: 0.066 s - in org.fluentlenium.configuration.WebDriversRegistryImplSpecificDriversTest
[INFO] Running org.fluentlenium.utils.ReflectionUtilsTest
[INFO] Tests run: 3, Failures: 0, Errors: 0, Skipped: 0, Time elapsed: 0.043 s - in org.fluentlenium.utils.ReflectionUtilsTest
[INFO] Running org.fluentlenium.utils.SeleniumVersionCheckerRetrieveVersionTest
[INFO] Tests run: 4, Failures: 0, Errors: 0, Skipped: 0, Time elapsed: 0.333 s - in org.fluentlenium.utils.SeleniumVersionCheckerRetrieveVersionTest
[INFO] Running org.fluentlenium.utils.UrlUtilsTest
[INFO] Tests run: 17, Failures: 0, Errors: 0, Skipped: 0, Time elapsed: 0.01 s - in org.fluentlenium.utils.UrlUtilsTest
[INFO] Running org.fluentlenium.core.inject.InjectionAnnotationsTest
[INFO] Tests run: 8, Failures: 0, Errors: 0, Skipped: 0, Time elapsed: 0.045 s - in org.fluentlenium.core.inject.InjectionAnnotationsTest
[INFO] Running org.fluentlenium.core.inject.LabelAnnotationsTest
[INFO] Tests run: 5, Failures: 0, Errors: 0, Skipped: 0, Time elapsed: 0.01 s - in org.fluentlenium.core.inject.LabelAnnotationsTest
[INFO] Running org.fluentlenium.core.ScreenshotTest
23:18:59.585 [pool-2-thread-6] INFO  FluentDriverScreenshotPersister - Created screenshot at: /tmp/junit2339482591528331956/test.jpg
[INFO] Tests run: 2, Failures: 0, Errors: 0, Skipped: 0, Time elapsed: 0.133 s - in org.fluentlenium.core.ScreenshotTest
[INFO] Running org.fluentlenium.core.events.ListenerPriorityComparatorTest
[INFO] Tests run: 3, Failures: 0, Errors: 0, Skipped: 0, Time elapsed: 0.002 s - in org.fluentlenium.core.events.ListenerPriorityComparatorTest
[INFO] Running org.fluentlenium.core.wait.TimeToChronoUnitConverterTest
[INFO] Tests run: 1, Failures: 0, Errors: 0, Skipped: 0, Time elapsed: 0.771 s - in org.fluentlenium.core.wait.TimeToChronoUnitConverterTest
[INFO] Running org.fluentlenium.core.url.UrlTemplateTest
[INFO] Tests run: 25, Failures: 0, Errors: 0, Skipped: 0, Time elapsed: 0.025 s - in org.fluentlenium.core.url.UrlTemplateTest
[INFO] Running org.fluentlenium.core.conditions.IntegerConditionsTest
[INFO] Tests run: 3, Failures: 0, Errors: 0, Skipped: 0, Time elapsed: 0.005 s - in org.fluentlenium.core.conditions.IntegerConditionsTest
[INFO] Running org.fluentlenium.core.conditions.StringConditionsImplTest
[INFO] Tests run: 21, Failures: 0, Errors: 0, Skipped: 0, Time elapsed: 0.005 s - in org.fluentlenium.core.conditions.StringConditionsImplTest
[INFO] Running org.fluentlenium.core.conditions.message.MessageProxyTest
[INFO] Tests run: 3, Failures: 0, Errors: 0, Skipped: 0, Time elapsed: 0.081 s - in org.fluentlenium.core.conditions.message.MessageProxyTest
[INFO] Running org.fluentlenium.core.performance.DefaultPerformanceTimingTest
[INFO] Tests run: 7, Failures: 0, Errors: 0, Skipped: 0, Time elapsed: 0.006 s - in org.fluentlenium.core.performance.DefaultPerformanceTimingTest
[INFO] Running org.fluentlenium.core.performance.PerformanceTimingMetricsFactoryTest
[INFO] Tests run: 3, Failures: 0, Errors: 0, Skipped: 0, Time elapsed: 0.035 s - in org.fluentlenium.core.performance.PerformanceTimingMetricsFactoryTest
[INFO] Running org.fluentlenium.core.performance.PerformanceTimingNavigationStartTest
[INFO] Tests run: 1, Failures: 0, Errors: 0, Skipped: 0, Time elapsed: 0.003 s - in org.fluentlenium.core.performance.PerformanceTimingNavigationStartTest
[INFO] Running org.fluentlenium.core.performance.DefaultPerformanceTimingMetricsTest
[INFO] Tests run: 5, Failures: 0, Errors: 0, Skipped: 0, Time elapsed: 0.31 s - in org.fluentlenium.core.performance.DefaultPerformanceTimingMetricsTest
[INFO] Running org.fluentlenium.core.performance.HtmlUnitPerformanceTimingMetricsTest
[INFO] Tests run: 6, Failures: 0, Errors: 0, Skipped: 0, Time elapsed: 0.225 s - in org.fluentlenium.core.performance.HtmlUnitPerformanceTimingMetricsTest
[INFO] Running org.fluentlenium.core.filter.AttributeFilterTest
[INFO] Tests run: 13, Failures: 0, Errors: 0, Skipped: 0, Time elapsed: 0.277 s - in org.fluentlenium.core.filter.AttributeFilterTest
[INFO] Running org.fluentlenium.core.filter.matcher.StartsWithMatcherTest
[INFO] Tests run: 4, Failures: 0, Errors: 0, Skipped: 0, Time elapsed: 0.002 s - in org.fluentlenium.core.filter.matcher.StartsWithMatcherTest
[INFO] Running org.fluentlenium.core.filter.matcher.ContainsWordMatcherTest
[INFO] Tests run: 2, Failures: 0, Errors: 0, Skipped: 0, Time elapsed: 0.003 s - in org.fluentlenium.core.filter.matcher.ContainsWordMatcherTest
[INFO] Running org.fluentlenium.core.filter.matcher.CalculateServiceTest
[INFO] Tests run: 20, Failures: 0, Errors: 0, Skipped: 0, Time elapsed: 0.005 s - in org.fluentlenium.core.filter.matcher.CalculateServiceTest
[INFO] Running org.fluentlenium.core.filter.matcher.EndsWithMatcherTest
[INFO] Tests run: 4, Failures: 0, Errors: 0, Skipped: 0, Time elapsed: 0.003 s - in org.fluentlenium.core.filter.matcher.EndsWithMatcherTest
[INFO] Running org.fluentlenium.core.filter.matcher.ContainsMatcherTest
[INFO] Tests run: 4, Failures: 0, Errors: 0, Skipped: 0, Time elapsed: 0.003 s - in org.fluentlenium.core.filter.matcher.ContainsMatcherTest
[INFO] Running org.fluentlenium.core.filter.matcher.NotStartsWithMatcherTest
[INFO] Tests run: 4, Failures: 0, Errors: 0, Skipped: 0, Time elapsed: 0.002 s - in org.fluentlenium.core.filter.matcher.NotStartsWithMatcherTest
[INFO] Running org.fluentlenium.core.filter.matcher.EqualMatcherTest
[INFO] Tests run: 4, Failures: 0, Errors: 0, Skipped: 0, Time elapsed: 0.002 s - in org.fluentlenium.core.filter.matcher.EqualMatcherTest
[INFO] Running org.fluentlenium.core.filter.matcher.NotContainsMatcherTest
[INFO] Tests run: 4, Failures: 0, Errors: 0, Skipped: 0, Time elapsed: 0.002 s - in org.fluentlenium.core.filter.matcher.NotContainsMatcherTest
[INFO] Running org.fluentlenium.core.filter.matcher.NotEndsWithMatcherTest
[INFO] Tests run: 4, Failures: 0, Errors: 0, Skipped: 0, Time elapsed: 0.003 s - in org.fluentlenium.core.filter.matcher.NotEndsWithMatcherTest
[INFO] Running org.fluentlenium.adapter.sharedwebdriver.JvmSharedWebDriverContainerTest
[INFO] Tests run: 1, Failures: 0, Errors: 0, Skipped: 0, Time elapsed: 0.015 s - in org.fluentlenium.adapter.sharedwebdriver.JvmSharedWebDriverContainerTest
[INFO] Running org.fluentlenium.adapter.sharedwebdriver.SharedWebDriverContainerTest
[INFO] Tests run: 2, Failures: 0, Errors: 0, Skipped: 0, Time elapsed: 0.016 s - in org.fluentlenium.adapter.sharedwebdriver.SharedWebDriverContainerTest
[INFO] Running org.fluentlenium.adapter.sharedwebdriver.ThreadSharedWebDriverContainerTest
[INFO] Tests run: 4, Failures: 0, Errors: 0, Skipped: 0, Time elapsed: 0.017 s - in org.fluentlenium.adapter.sharedwebdriver.ThreadSharedWebDriverContainerTest
[INFO] Running org.fluentlenium.adapter.sharedwebdriver.MethodSharedWebDriverContainerTest
[INFO] Tests run: 3, Failures: 0, Errors: 0, Skipped: 0, Time elapsed: 0.002 s - in org.fluentlenium.adapter.sharedwebdriver.MethodSharedWebDriverContainerTest
[INFO] Running org.fluentlenium.adapter.sharedwebdriver.ClassSharedWebDriverContainerTest
[INFO] Tests run: 2, Failures: 0, Errors: 0, Skipped: 0, Time elapsed: 0.001 s - in org.fluentlenium.adapter.sharedwebdriver.ClassSharedWebDriverContainerTest
[INFO] Running org.fluentlenium.adapter.DefaultSharedMutatorTest
[INFO] Tests run: 1, Failures: 0, Errors: 0, Skipped: 0, Time elapsed: 0.002 s - in org.fluentlenium.adapter.DefaultSharedMutatorTest
[INFO] Running org.fluentlenium.configuration.ConfigurationFactoryProviderTest
[INFO] Tests run: 6, Failures: 0, Errors: 0, Skipped: 0, Time elapsed: 0.006 s - in org.fluentlenium.configuration.ConfigurationFactoryProviderTest
[INFO] Running org.fluentlenium.configuration.WebDriversRegistryImplTest
[INFO] Tests run: 8, Failures: 0, Errors: 0, Skipped: 0, Time elapsed: 0.703 s - in org.fluentlenium.configuration.WebDriversRegistryImplTest
[INFO] Running org.fluentlenium.configuration.RemoteWebDriverTest
[INFO] Tests run: 5, Failures: 0, Errors: 0, Skipped: 0, Time elapsed: 0.041 s - in org.fluentlenium.configuration.RemoteWebDriverTest
[INFO] Running org.fluentlenium.configuration.ConfigurationDefaultsFactoryTest
[INFO] Tests run: 4, Failures: 0, Errors: 0, Skipped: 0, Time elapsed: 0.013 s - in org.fluentlenium.configuration.ConfigurationDefaultsFactoryTest
[INFO] Running org.fluentlenium.configuration.ComposedConfigurationTest
[INFO] Tests run: 16, Failures: 0, Errors: 0, Skipped: 0, Time elapsed: 0.019 s - in org.fluentlenium.configuration.ComposedConfigurationTest
[INFO] Running org.fluentlenium.configuration.CapabilitiesJsonParsingTest
[INFO] Tests run: 1, Failures: 0, Errors: 0, Skipped: 0, Time elapsed: 0.015 s - in org.fluentlenium.configuration.CapabilitiesJsonParsingTest
[INFO] Running org.fluentlenium.configuration.AnnotationConfigurationTest
Jan 31, 2023 11:19:02 PM org.openqa.selenium.remote.DesiredCapabilities firefox
INFO: Using `new FirefoxOptions()` is preferred to `DesiredCapabilities.firefox()`
Jan 31, 2023 11:19:02 PM org.openqa.selenium.remote.DesiredCapabilities firefox
INFO: Using `new FirefoxOptions()` is preferred to `DesiredCapabilities.firefox()`
Jan 31, 2023 11:19:02 PM org.openqa.selenium.remote.DesiredCapabilities chrome
INFO: Using `new ChromeOptions()` is preferred to `DesiredCapabilities.chrome()`
Jan 31, 2023 11:19:02 PM org.openqa.selenium.remote.DesiredCapabilities firefox
INFO: Using `new FirefoxOptions()` is preferred to `DesiredCapabilities.firefox()`
[WARNING] Tests run: 29, Failures: 0, Errors: 0, Skipped: 1, Time elapsed: 10.117 s - in org.fluentlenium.configuration.AnnotationConfigurationTest
[INFO] Running org.fluentlenium.configuration.ConfigurationDefaultsTest
[INFO] Tests run: 1, Failures: 0, Errors: 0, Skipped: 0, Time elapsed: 0.015 s - in org.fluentlenium.configuration.ConfigurationDefaultsTest
[INFO] Running org.fluentlenium.configuration.ReflectiveWebDriverFactoryTest
[INFO] Tests run: 9, Failures: 0, Errors: 0, Skipped: 0, Time elapsed: 0.038 s - in org.fluentlenium.configuration.ReflectiveWebDriverFactoryTest
[INFO] Running org.fluentlenium.configuration.CapabilitiesRegistryImplTest
[INFO] Tests run: 4, Failures: 0, Errors: 0, Skipped: 0, Time elapsed: 0.002 s - in org.fluentlenium.configuration.CapabilitiesRegistryImplTest
[INFO] Running org.fluentlenium.configuration.ProgrammaticConfigurationTest
[INFO] Tests run: 2, Failures: 0, Errors: 0, Skipped: 0, Time elapsed: 0.025 s - in org.fluentlenium.configuration.ProgrammaticConfigurationTest
[INFO] Running org.fluentlenium.configuration.CapabilitiesConfigurationPropertyRetrieverTest
Jan 31, 2023 11:19:12 PM org.openqa.selenium.remote.DesiredCapabilities firefox
INFO: Using `new FirefoxOptions()` is preferred to `DesiredCapabilities.firefox()`
Jan 31, 2023 11:19:12 PM org.openqa.selenium.remote.DesiredCapabilities firefox
INFO: Using `new FirefoxOptions()` is preferred to `DesiredCapabilities.firefox()`
[INFO] Tests run: 7, Failures: 0, Errors: 0, Skipped: 0, Time elapsed: 10.009 s - in org.fluentlenium.configuration.CapabilitiesConfigurationPropertyRetrieverTest
[INFO] Running org.fluentlenium.utils.SeleniumVersionCheckLoggingTest
23:19:22.455 [maven-surefire-plugin@NotThreadSafe] INFO  SeleniumVersionChecker - FluentLenium wasn't able to read Selenium version from your pom.xml. Skipped compatibility check. Please make sure you are using correct Selenium version - 3.141.59
23:19:22.460 [maven-surefire-plugin@NotThreadSafe] WARN  SeleniumVersionChecker - You are using incompatible Selenium version. Please change it to 3.141.59. You can find example on project main page https://github.com/FluentLenium/FluentLenium
[INFO] Tests run: 4, Failures: 0, Errors: 0, Skipped: 0, Time elapsed: 0.035 s - in org.fluentlenium.utils.SeleniumVersionCheckLoggingTest
[INFO] Running org.fluentlenium.utils.ChromiumApiTest
23:19:22.520 [main] ERROR ChromiumApi - Failed to define command via reflection
23:19:22.522 [main] ERROR ChromiumApi - Failed to define command via reflection
23:19:22.522 [main] INFO  ChromiumApi - Command "" executed with null state
23:19:22.523 [main] ERROR ChromiumApi - Failed to define command via reflection
23:19:22.525 [main] ERROR ChromiumApi - Failed to define command via reflection
23:19:22.525 [main] INFO  ChromiumApi - Command "" executed with null state
[INFO] Tests run: 4, Failures: 0, Errors: 0, Skipped: 0, Time elapsed: 0.061 s - in org.fluentlenium.utils.ChromiumApiTest
[INFO] Running org.fluentlenium.core.domain.FluentListSearchTest
[INFO] Tests run: 6, Failures: 0, Errors: 0, Skipped: 0, Time elapsed: 0.033 s - in org.fluentlenium.core.domain.FluentListSearchTest
[INFO] Running org.fluentlenium.core.domain.FluentWebElementTest
[INFO] Tests run: 43, Failures: 0, Errors: 0, Skipped: 0, Time elapsed: 0.288 s - in org.fluentlenium.core.domain.FluentWebElementTest
[INFO] Running org.fluentlenium.core.domain.FluentListImplTest
[INFO] Tests run: 27, Failures: 0, Errors: 0, Skipped: 0, Time elapsed: 0.277 s - in org.fluentlenium.core.domain.FluentListImplTest
[INFO] Running org.fluentlenium.core.domain.FluentJavascriptTest
[INFO] Tests run: 2, Failures: 0, Errors: 0, Skipped: 0, Time elapsed: 0.017 s - in org.fluentlenium.core.domain.FluentJavascriptTest
[INFO] Running org.fluentlenium.core.FluentDriverHtmlDumperTest
23:19:23.161 [main] INFO  FluentDriverHtmlDumper - Created HTML dump at: /tmp/htmldump.html10445455653176150369
23:19:23.175 [main] INFO  FluentDriverHtmlDumper - Created HTML dump at: /tmp/htmldump.html8049363597735458040
[INFO] Tests run: 2, Failures: 0, Errors: 0, Skipped: 0, Time elapsed: 0.033 s - in org.fluentlenium.core.FluentDriverHtmlDumperTest
[INFO] Running org.fluentlenium.core.FluentDriverScreenshotPersisterTest
23:19:23.188 [main] INFO  FluentDriverScreenshotPersister - Created screenshot at: /tmp/screenshot.png2142175380966679907
23:19:23.190 [main] INFO  FluentDriverScreenshotPersister - Created screenshot at: /tmp/screenshot.png9513601067025130918
[INFO] Tests run: 2, Failures: 0, Errors: 0, Skipped: 0, Time elapsed: 0.014 s - in org.fluentlenium.core.FluentDriverScreenshotPersisterTest
[INFO] Running org.fluentlenium.core.FluentDriverTest
[INFO] Tests run: 14, Failures: 0, Errors: 0, Skipped: 0, Time elapsed: 0.285 s - in org.fluentlenium.core.FluentDriverTest
[INFO] Running org.fluentlenium.core.inject.FluentInjectorHookTest
[INFO] Tests run: 9, Failures: 0, Errors: 0, Skipped: 0, Time elapsed: 0.041 s - in org.fluentlenium.core.inject.FluentInjectorHookTest
[ERROR] WARNING: An illegal reflective access operation has occurred
[ERROR] WARNING: Illegal reflective access by org.fluentlenium.utils.ReflectionUtils (file:/home/gabsko/breaking-updates/fluentlenium-core/target/classes/) to field java.lang.reflect.Proxy.serialVersionUID
[ERROR] WARNING: Please consider reporting this to the maintainers of org.fluentlenium.utils.ReflectionUtils
[ERROR] WARNING: Use --illegal-access=warn to enable warnings of further illegal reflective access operations
[ERROR] WARNING: All illegal access operations will be denied in a future release
[INFO] Running org.fluentlenium.core.inject.FluentInjectorComponentTest
[INFO] Tests run: 2, Failures: 0, Errors: 0, Skipped: 0, Time elapsed: 0.01 s - in org.fluentlenium.core.inject.FluentInjectorComponentTest
[INFO] Running org.fluentlenium.core.inject.FluentInjectorListComponentTest
[INFO] Tests run: 1, Failures: 0, Errors: 0, Skipped: 0, Time elapsed: 0.004 s - in org.fluentlenium.core.inject.FluentInjectorListComponentTest
[INFO] Running org.fluentlenium.core.inject.ElementLocatorSearchContextTest
[INFO] Tests run: 2, Failures: 0, Errors: 0, Skipped: 0, Time elapsed: 0.014 s - in org.fluentlenium.core.inject.ElementLocatorSearchContextTest
[INFO] Running org.fluentlenium.core.inject.FluentInjectorContainerTest
[INFO] Tests run: 4, Failures: 0, Errors: 0, Skipped: 0, Time elapsed: 0.011 s - in org.fluentlenium.core.inject.FluentInjectorContainerTest
[INFO] Running org.fluentlenium.core.inject.FluentElementInjectionSupportValidatorTest
[INFO] Tests run: 20, Failures: 0, Errors: 0, Skipped: 0, Time elapsed: 0.061 s - in org.fluentlenium.core.inject.FluentElementInjectionSupportValidatorTest
[INFO] Running org.fluentlenium.core.inject.UnshadowerTest
[INFO] Tests run: 1, Failures: 0, Errors: 0, Skipped: 0, Time elapsed: 0.026 s - in org.fluentlenium.core.inject.UnshadowerTest
[INFO] Running org.fluentlenium.core.inject.FluentInjectorElementTest
[INFO] Tests run: 11, Failures: 0, Errors: 0, Skipped: 0, Time elapsed: 0.026 s - in org.fluentlenium.core.inject.FluentInjectorElementTest
[INFO] Running org.fluentlenium.core.FluentDriverWaitTest
[INFO] Tests run: 2, Failures: 0, Errors: 0, Skipped: 0, Time elapsed: 0.013 s - in org.fluentlenium.core.FluentDriverWaitTest
[INFO] Running org.fluentlenium.core.switchto.FluentTargetLocatorTest
[INFO] Tests run: 9, Failures: 0, Errors: 0, Skipped: 0, Time elapsed: 0.009 s - in org.fluentlenium.core.switchto.FluentTargetLocatorTest
[INFO] Running org.fluentlenium.core.events.EventsTest
[INFO] Tests run: 5, Failures: 0, Errors: 0, Skipped: 0, Time elapsed: 0.11 s - in org.fluentlenium.core.events.EventsTest
[INFO] Running org.fluentlenium.core.hook.BaseHookTest
[INFO] Tests run: 6, Failures: 0, Errors: 0, Skipped: 0, Time elapsed: 0.019 s - in org.fluentlenium.core.hook.BaseHookTest
[INFO] Running org.fluentlenium.core.hook.wait.WaitHookOptionsTest
[INFO] Tests run: 3, Failures: 0, Errors: 0, Skipped: 0, Time elapsed: 0.033 s - in org.fluentlenium.core.hook.wait.WaitHookOptionsTest
[INFO] Running org.fluentlenium.core.hook.wait.WaitHookTest
[INFO] Tests run: 9, Failures: 0, Errors: 0, Skipped: 0, Time elapsed: 0.238 s - in org.fluentlenium.core.hook.wait.WaitHookTest
[INFO] Running org.fluentlenium.core.hook.SearchHookTest
[INFO] Tests run: 10, Failures: 0, Errors: 0, Skipped: 0, Time elapsed: 0.022 s - in org.fluentlenium.core.hook.SearchHookTest
[INFO] Running org.fluentlenium.core.hook.HookControlTest
[INFO] Tests run: 8, Failures: 0, Errors: 0, Skipped: 0, Time elapsed: 0.062 s - in org.fluentlenium.core.hook.HookControlTest
[INFO] Running org.fluentlenium.core.hook.DefaultHookChainBuilderTest
[INFO] Tests run: 3, Failures: 0, Errors: 0, Skipped: 0, Time elapsed: 0.124 s - in org.fluentlenium.core.hook.DefaultHookChainBuilderTest
[INFO] Running org.fluentlenium.core.hook.BaseFluentHookTest
[INFO] Tests run: 1, Failures: 0, Errors: 0, Skipped: 0, Time elapsed: 0.038 s - in org.fluentlenium.core.hook.BaseFluentHookTest
[INFO] Running org.fluentlenium.core.FluentPageParameterQueryTest
[INFO] Tests run: 8, Failures: 0, Errors: 0, Skipped: 0, Time elapsed: 0.01 s - in org.fluentlenium.core.FluentPageParameterQueryTest
[INFO] Running org.fluentlenium.core.FluentDriverTimeoutConfigurerTest
[INFO] Tests run: 4, Failures: 0, Errors: 0, Skipped: 0, Time elapsed: 0.005 s - in org.fluentlenium.core.FluentDriverTimeoutConfigurerTest
[INFO] Running org.fluentlenium.core.wait.FluentWaitEachElementMatcherTest
[INFO] Tests run: 18, Failures: 0, Errors: 0, Skipped: 0, Time elapsed: 0.136 s - in org.fluentlenium.core.wait.FluentWaitEachElementMatcherTest
[INFO] Running org.fluentlenium.core.wait.FluentWaitElementMatcherTest
[INFO] Tests run: 15, Failures: 0, Errors: 0, Skipped: 0, Time elapsed: 0.062 s - in org.fluentlenium.core.wait.FluentWaitElementMatcherTest
[INFO] Running org.fluentlenium.core.wait.FluentWaitRectangleMatcherTest
[INFO] Tests run: 1, Failures: 0, Errors: 0, Skipped: 0, Time elapsed: 0.009 s - in org.fluentlenium.core.wait.FluentWaitRectangleMatcherTest
[INFO] Running org.fluentlenium.core.wait.WaitForPageToLoadTest
[INFO] Tests run: 2, Failures: 0, Errors: 0, Skipped: 0, Time elapsed: 0.006 s - in org.fluentlenium.core.wait.WaitForPageToLoadTest
[INFO] Running org.fluentlenium.core.wait.FluentWaitElementListMatcherTest
[INFO] Tests run: 18, Failures: 0, Errors: 0, Skipped: 0, Time elapsed: 0.138 s - in org.fluentlenium.core.wait.FluentWaitElementListMatcherTest
[INFO] Running org.fluentlenium.core.wait.FluentWaitElementTest
[INFO] Tests run: 29, Failures: 0, Errors: 0, Skipped: 0, Time elapsed: 0.039 s - in org.fluentlenium.core.wait.FluentWaitElementTest
[INFO] Running org.fluentlenium.core.wait.FluentWaitElementListTest
[INFO] Tests run: 30, Failures: 0, Errors: 0, Skipped: 0, Time elapsed: 0.051 s - in org.fluentlenium.core.wait.FluentWaitElementListTest
[INFO] Running org.fluentlenium.core.wait.FluentWaitIntegerMatcherTest
[INFO] Tests run: 1, Failures: 0, Errors: 0, Skipped: 0, Time elapsed: 0.004 s - in org.fluentlenium.core.wait.FluentWaitIntegerMatcherTest
[INFO] Running org.fluentlenium.core.wait.FluentWaitSupplierListMatcherTest
[INFO] Tests run: 1, Failures: 0, Errors: 0, Skipped: 0, Time elapsed: 0.009 s - in org.fluentlenium.core.wait.FluentWaitSupplierListMatcherTest
[INFO] Running org.fluentlenium.core.wait.FluentWaitSupplierMatcherTest
[INFO] Tests run: 1, Failures: 0, Errors: 0, Skipped: 0, Time elapsed: 0.007 s - in org.fluentlenium.core.wait.FluentWaitSupplierMatcherTest
[INFO] Running org.fluentlenium.core.wait.FluentWaitWindowMatcherTest
[INFO] Tests run: 1, Failures: 0, Errors: 0, Skipped: 0, Time elapsed: 0.007 s - in org.fluentlenium.core.wait.FluentWaitWindowMatcherTest
[INFO] Running org.fluentlenium.core.alert.AlertTest
[INFO] Tests run: 2, Failures: 0, Errors: 0, Skipped: 0, Time elapsed: 0.002 s - in org.fluentlenium.core.alert.AlertTest
[INFO] Running org.fluentlenium.core.proxy.ProxyListenerTest
[INFO] Tests run: 2, Failures: 0, Errors: 0, Skipped: 0, Time elapsed: 0.011 s - in org.fluentlenium.core.proxy.ProxyListenerTest
[INFO] Running org.fluentlenium.core.proxy.ProxyHookTest
[INFO] Tests run: 2, Failures: 0, Errors: 0, Skipped: 0, Time elapsed: 0.003 s - in org.fluentlenium.core.proxy.ProxyHookTest
[INFO] Running org.fluentlenium.core.proxy.ProxyMessageTest
[INFO] Tests run: 2, Failures: 0, Errors: 0, Skipped: 0, Time elapsed: 0.003 s - in org.fluentlenium.core.proxy.ProxyMessageTest
[INFO] Running org.fluentlenium.core.proxy.AbstractLocatorAndInvocationHandlerTest
[WARNING] Tests run: 12, Failures: 0, Errors: 0, Skipped: 3, Time elapsed: 0.03 s - in org.fluentlenium.core.proxy.AbstractLocatorAndInvocationHandlerTest
[INFO] Running org.fluentlenium.core.proxy.ElementInstanceLocatorTest
[INFO] Tests run: 2, Failures: 0, Errors: 0, Skipped: 0, Time elapsed: 0.001 s - in org.fluentlenium.core.proxy.ElementInstanceLocatorTest
[INFO] Running org.fluentlenium.core.proxy.IndexSupplierLocatorTest
[INFO] Tests run: 6, Failures: 0, Errors: 0, Skipped: 0, Time elapsed: 0.011 s - in org.fluentlenium.core.proxy.IndexSupplierLocatorTest
[INFO] Running org.fluentlenium.core.proxy.ElementSupplierLocatorTest
[INFO] Tests run: 2, Failures: 0, Errors: 0, Skipped: 0, Time elapsed: 0.002 s - in org.fluentlenium.core.proxy.ElementSupplierLocatorTest
[INFO] Running org.fluentlenium.core.proxy.ProxiesTest
[INFO] Tests run: 16, Failures: 0, Errors: 0, Skipped: 0, Time elapsed: 0.023 s - in org.fluentlenium.core.proxy.ProxiesTest
[INFO] Running org.fluentlenium.core.proxy.ElementListInstanceLocatorTest
[INFO] Tests run: 2, Failures: 0, Errors: 0, Skipped: 0, Time elapsed: 0.002 s - in org.fluentlenium.core.proxy.ElementListInstanceLocatorTest
[INFO] Running org.fluentlenium.core.proxy.AbstractLocatorHandlerTest
[INFO] Tests run: 18, Failures: 0, Errors: 0, Skipped: 0, Time elapsed: 0.056 s - in org.fluentlenium.core.proxy.AbstractLocatorHandlerTest
[INFO] Running org.fluentlenium.core.proxy.ElementListSupplierLocatorTest
[INFO] Tests run: 2, Failures: 0, Errors: 0, Skipped: 0, Time elapsed: 0.002 s - in org.fluentlenium.core.proxy.ElementListSupplierLocatorTest
[INFO] Running org.fluentlenium.core.conditions.IntegerListConditionsTest
[INFO] Tests run: 2, Failures: 0, Errors: 0, Skipped: 0, Time elapsed: 0.017 s - in org.fluentlenium.core.conditions.IntegerListConditionsTest
[INFO] Running org.fluentlenium.core.conditions.AtLeastOneElementConditionsTest
[INFO] Tests run: 22, Failures: 0, Errors: 0, Skipped: 0, Time elapsed: 0.017 s - in org.fluentlenium.core.conditions.AtLeastOneElementConditionsTest
[INFO] Running org.fluentlenium.core.conditions.wait.WaitConditionTest
[INFO] Tests run: 7, Failures: 0, Errors: 0, Skipped: 0, Time elapsed: 3.452 s - in org.fluentlenium.core.conditions.wait.WaitConditionTest
[INFO] Running org.fluentlenium.core.conditions.RectangleConditionsTest
[INFO] Tests run: 9, Failures: 0, Errors: 0, Skipped: 0, Time elapsed: 0.028 s - in org.fluentlenium.core.conditions.RectangleConditionsTest
[INFO] Running org.fluentlenium.core.conditions.RectangleListConditionsTest
[INFO] Tests run: 2, Failures: 0, Errors: 0, Skipped: 0, Time elapsed: 0.016 s - in org.fluentlenium.core.conditions.RectangleListConditionsTest
[INFO] Running org.fluentlenium.core.conditions.WebElementConditionsTest
[INFO] Tests run: 12, Failures: 0, Errors: 0, Skipped: 0, Time elapsed: 0.009 s - in org.fluentlenium.core.conditions.WebElementConditionsTest
[INFO] Running org.fluentlenium.core.conditions.EachElementConditionsTest
[INFO] Tests run: 21, Failures: 0, Errors: 0, Skipped: 0, Time elapsed: 0.026 s - in org.fluentlenium.core.conditions.EachElementConditionsTest
[INFO] Running org.fluentlenium.core.css.CssSupportImplTest
[WARNING] Tests run: 8, Failures: 0, Errors: 0, Skipped: 2, Time elapsed: 0.042 s - in org.fluentlenium.core.css.CssSupportImplTest
[INFO] Running org.fluentlenium.core.FluentDriverWrappedCapabilitiesProviderTest
[INFO] Tests run: 1, Failures: 0, Errors: 0, Skipped: 0, Time elapsed: 0.025 s - in org.fluentlenium.core.FluentDriverWrappedCapabilitiesProviderTest
[INFO] Running org.fluentlenium.core.dom.DomTest
[INFO] Tests run: 7, Failures: 0, Errors: 0, Skipped: 0, Time elapsed: 0.014 s - in org.fluentlenium.core.dom.DomTest
[INFO] Running org.fluentlenium.core.search.NoSuchElementMessageTest
[INFO] Tests run: 6, Failures: 0, Errors: 0, Skipped: 0, Time elapsed: 0.03 s - in org.fluentlenium.core.search.NoSuchElementMessageTest
[INFO] Running org.fluentlenium.core.search.SearchTest
[INFO] Tests run: 15, Failures: 0, Errors: 0, Skipped: 0, Time elapsed: 0.028 s - in org.fluentlenium.core.search.SearchTest
[INFO] Running org.fluentlenium.core.FluentPageUrlTemplateTest
[INFO] Tests run: 15, Failures: 0, Errors: 0, Skipped: 0, Time elapsed: 0.213 s - in org.fluentlenium.core.FluentPageUrlTemplateTest
[INFO] Running org.fluentlenium.core.label.FluentLabelImplTest
[INFO] Tests run: 1, Failures: 0, Errors: 0, Skipped: 0, Time elapsed: 0.002 s - in org.fluentlenium.core.label.FluentLabelImplTest
[INFO] Running org.fluentlenium.core.action.MouseElementActionsTest
Jan 31, 2023 11:19:28 PM org.openqa.selenium.interactions.Actions moveToElement
INFO: When using the W3C Action commands, offsets are from the center of element
Jan 31, 2023 11:19:28 PM org.openqa.selenium.interactions.Actions moveToElement
INFO: When using the W3C Action commands, offsets are from the center of element
Jan 31, 2023 11:19:28 PM org.openqa.selenium.interactions.Actions moveToElement
INFO: When using the W3C Action commands, offsets are from the center of element
[INFO] Tests run: 15, Failures: 0, Errors: 0, Skipped: 0, Time elapsed: 0.028 s - in org.fluentlenium.core.action.MouseElementActionsTest
[INFO] Running org.fluentlenium.core.action.FluentJavascriptActionsTest
[INFO] Tests run: 4, Failures: 0, Errors: 0, Skipped: 0, Time elapsed: 0.005 s - in org.fluentlenium.core.action.FluentJavascriptActionsTest
[INFO] Running org.fluentlenium.core.action.FillSelectTest
[INFO] Tests run: 3, Failures: 0, Errors: 0, Skipped: 0, Time elapsed: 0.02 s - in org.fluentlenium.core.action.FillSelectTest
[INFO] Running org.fluentlenium.core.action.KeyboardElementActionsTest
[INFO] Tests run: 5, Failures: 0, Errors: 0, Skipped: 0, Time elapsed: 0.021 s - in org.fluentlenium.core.action.KeyboardElementActionsTest
[INFO] Running org.fluentlenium.core.action.WindowActionsTest
[INFO] Tests run: 15, Failures: 0, Errors: 0, Skipped: 0, Time elapsed: 0.035 s - in org.fluentlenium.core.action.WindowActionsTest
[INFO] Running org.fluentlenium.core.action.FillTest
[INFO] Tests run: 2, Failures: 0, Errors: 0, Skipped: 0, Time elapsed: 0.004 s - in org.fluentlenium.core.action.FillTest
[INFO] Running org.fluentlenium.core.action.KeyboardActionsTest
[INFO] Tests run: 4, Failures: 0, Errors: 0, Skipped: 0, Time elapsed: 0.009 s - in org.fluentlenium.core.action.KeyboardActionsTest
[INFO] Running org.fluentlenium.core.action.MouseActionsTest
[INFO] Tests run: 7, Failures: 0, Errors: 0, Skipped: 0, Time elapsed: 0.01 s - in org.fluentlenium.core.action.MouseActionsTest
[INFO] Running org.fluentlenium.core.filter.PredicateFilterTest
[INFO] Tests run: 1, Failures: 0, Errors: 0, Skipped: 0, Time elapsed: 0.003 s - in org.fluentlenium.core.filter.PredicateFilterTest
[INFO] Running org.fluentlenium.core.filter.AttributeFilterPredicateTest
[INFO] Tests run: 4, Failures: 0, Errors: 0, Skipped: 0, Time elapsed: 0.003 s - in org.fluentlenium.core.filter.AttributeFilterPredicateTest
[INFO] Running org.fluentlenium.core.FluentPageTest
[INFO] Tests run: 9, Failures: 0, Errors: 0, Skipped: 0, Time elapsed: 0.009 s - in org.fluentlenium.core.FluentPageTest
[INFO] Running org.fluentlenium.adapter.FluentAdapterTest
[INFO] Tests run: 10, Failures: 0, Errors: 0, Skipped: 0, Time elapsed: 0.124 s - in org.fluentlenium.adapter.FluentAdapterTest
[INFO] Running org.fluentlenium.adapter.FluentTestRunnerAdapterRetriesTest
[INFO] Tests run: 2, Failures: 0, Errors: 0, Skipped: 0, Time elapsed: 0.123 s - in org.fluentlenium.adapter.FluentTestRunnerAdapterRetriesTest
[INFO] Running org.fluentlenium.adapter.IsolatedTestTest
[INFO] Tests run: 1, Failures: 0, Errors: 0, Skipped: 0, Time elapsed: 0.088 s - in org.fluentlenium.adapter.IsolatedTestTest
[INFO] Running org.fluentlenium.adapter.DriverContainerTest
[INFO] Tests run: 1, Failures: 0, Errors: 0, Skipped: 0, Time elapsed: 0.002 s - in org.fluentlenium.adapter.DriverContainerTest
[INFO] Running org.fluentlenium.adapter.FluentTestRunnerAdapterTest
23:19:29.389 [main] INFO  FluentDriverScreenshotPersister - Created screenshot at: /tmp/testFailedWhenDriverAvailable17760122589900603843/FluentTestRunnerAdapter$MockitoMock$2133446073_test.png
[INFO] Tests run: 7, Failures: 0, Errors: 0, Skipped: 0, Time elapsed: 0.067 s - in org.fluentlenium.adapter.FluentTestRunnerAdapterTest
[INFO] Running org.fluentlenium.configuration.PropertiesBackendConfigurationTest
Jan 31, 2023 11:19:29 PM org.openqa.selenium.remote.DesiredCapabilities firefox
INFO: Using `new FirefoxOptions()` is preferred to `DesiredCapabilities.firefox()`
Jan 31, 2023 11:19:29 PM org.openqa.selenium.remote.DesiredCapabilities chrome
INFO: Using `new ChromeOptions()` is preferred to `DesiredCapabilities.chrome()`
[INFO] Tests run: 30, Failures: 0, Errors: 0, Skipped: 0, Time elapsed: 0.023 s - in org.fluentlenium.configuration.PropertiesBackendConfigurationTest
[INFO] 
[INFO] Results:
[INFO] 
[WARNING] Tests run: 1007, Failures: 0, Errors: 0, Skipped: 6
[INFO] 
[INFO] 
[INFO] ----------------< org.fluentlenium:fluentlenium-testng >----------------
[INFO] Building FluentLenium TestNG 4.8.1-SNAPSHOT                       [3/13]
[INFO] --------------------------------[ jar ]---------------------------------
[INFO] 
[INFO] --- maven-clean-plugin:3.1.0:clean (default-clean) @ fluentlenium-testng ---
[INFO] Deleting /home/gabsko/breaking-updates/fluentlenium-testng/target
[INFO] 
[INFO] --- flatten-maven-plugin:1.2.7:clean (flatten.clean) @ fluentlenium-testng ---
[INFO] Deleting /home/gabsko/breaking-updates/fluentlenium-testng/.flattened-pom.xml
[INFO] 
[INFO] --- maven-enforcer-plugin:3.0.0-M3:enforce (enforce-maven) @ fluentlenium-testng ---
[INFO] 
[INFO] --- jacoco-maven-plugin:0.8.7:prepare-agent (prepare-agent) @ fluentlenium-testng ---
[INFO] argLine set to -javaagent:/home/gabsko/.m2/repository/org/jacoco/org.jacoco.agent/0.8.7/org.jacoco.agent-0.8.7-runtime.jar=destfile=/home/gabsko/breaking-updates/fluentlenium-testng/target/jacoco.exec,excludes=**com.steadystate*:**com/gargoylesoftware*
[INFO] 
[INFO] --- maven-resources-plugin:3.2.0:resources (default-resources) @ fluentlenium-testng ---
[INFO] Using 'UTF-8' encoding to copy filtered resources.
[INFO] Using 'UTF-8' encoding to copy filtered properties files.
[INFO] skip non existing resourceDirectory /home/gabsko/breaking-updates/fluentlenium-testng/src/main/resources
[INFO] 
[INFO] --- flatten-maven-plugin:1.2.7:flatten (flatten) @ fluentlenium-testng ---
[INFO] Generating flattened POM of project org.fluentlenium:fluentlenium-testng:jar:4.8.1-SNAPSHOT...
[INFO] 
[INFO] --- maven-compiler-plugin:3.8.1:compile (default-compile) @ fluentlenium-testng ---
[INFO] Changes detected - recompiling the module!
[INFO] Compiling 1 source file to /home/gabsko/breaking-updates/fluentlenium-testng/target/classes
[INFO] 
[INFO] --- maven-resources-plugin:3.2.0:testResources (default-testResources) @ fluentlenium-testng ---
[INFO] Using 'UTF-8' encoding to copy filtered resources.
[INFO] Using 'UTF-8' encoding to copy filtered properties files.
[INFO] Copying 3 resources
[INFO] 
[INFO] --- maven-compiler-plugin:3.8.1:testCompile (default-testCompile) @ fluentlenium-testng ---
[INFO] Changes detected - recompiling the module!
[INFO] Compiling 18 source files to /home/gabsko/breaking-updates/fluentlenium-testng/target/test-classes
[INFO] 
[INFO] --- maven-surefire-plugin:3.0.0-M5:test (default-test) @ fluentlenium-testng ---
[INFO] 
[INFO] ---------------< org.fluentlenium:fluentlenium-assertj >----------------
[INFO] Building FluentLenium AssertJ 4.8.1-SNAPSHOT                      [4/13]
[INFO] --------------------------------[ jar ]---------------------------------
[INFO] 
[INFO] --- maven-clean-plugin:3.1.0:clean (default-clean) @ fluentlenium-assertj ---
[INFO] Deleting /home/gabsko/breaking-updates/fluentlenium-assertj/target
[INFO] 
[INFO] --- flatten-maven-plugin:1.2.7:clean (flatten.clean) @ fluentlenium-assertj ---
[INFO] Deleting /home/gabsko/breaking-updates/fluentlenium-assertj/.flattened-pom.xml
[INFO] 
[INFO] --- maven-enforcer-plugin:3.0.0-M3:enforce (enforce-maven) @ fluentlenium-assertj ---
[INFO] 
[INFO] --- jacoco-maven-plugin:0.8.7:prepare-agent (prepare-agent) @ fluentlenium-assertj ---
[INFO] argLine set to -javaagent:/home/gabsko/.m2/repository/org/jacoco/org.jacoco.agent/0.8.7/org.jacoco.agent-0.8.7-runtime.jar=destfile=/home/gabsko/breaking-updates/fluentlenium-assertj/target/jacoco.exec,excludes=**com.steadystate*:**com/gargoylesoftware*
[INFO] 
[INFO] --- maven-resources-plugin:3.2.0:resources (default-resources) @ fluentlenium-assertj ---
[INFO] Using 'UTF-8' encoding to copy filtered resources.
[INFO] Using 'UTF-8' encoding to copy filtered properties files.
[INFO] skip non existing resourceDirectory /home/gabsko/breaking-updates/fluentlenium-assertj/src/main/resources
[INFO] 
[INFO] --- flatten-maven-plugin:1.2.7:flatten (flatten) @ fluentlenium-assertj ---
[INFO] Generating flattened POM of project org.fluentlenium:fluentlenium-assertj:jar:4.8.1-SNAPSHOT...
[INFO] 
[INFO] --- maven-compiler-plugin:3.8.1:compile (default-compile) @ fluentlenium-assertj ---
[INFO] Changes detected - recompiling the module!
[INFO] Compiling 16 source files to /home/gabsko/breaking-updates/fluentlenium-assertj/target/classes
[INFO] 
[INFO] --- maven-resources-plugin:3.2.0:testResources (default-testResources) @ fluentlenium-assertj ---
[INFO] Using 'UTF-8' encoding to copy filtered resources.
[INFO] Using 'UTF-8' encoding to copy filtered properties files.
[INFO] Copying 3 resources
[INFO] 
[INFO] --- maven-compiler-plugin:3.8.1:testCompile (default-testCompile) @ fluentlenium-assertj ---
[INFO] Changes detected - recompiling the module!
[INFO] Compiling 38 source files to /home/gabsko/breaking-updates/fluentlenium-assertj/target/test-classes
[INFO] /home/gabsko/breaking-updates/fluentlenium-assertj/src/test/java/org/fluentlenium/assertj/custom/FluentListAssertTest.java: Some input files use or override a deprecated API.
[INFO] /home/gabsko/breaking-updates/fluentlenium-assertj/src/test/java/org/fluentlenium/assertj/custom/FluentListAssertTest.java: Recompile with -Xlint:deprecation for details.
[INFO] 
[INFO] --- maven-surefire-plugin:3.0.0-M5:test (default-test) @ fluentlenium-assertj ---
[INFO] 
[INFO] -------------------------------------------------------
[INFO]  T E S T S
[INFO] -------------------------------------------------------
[INFO] Running TestSuite
[ERROR] OpenJDK 64-Bit Server VM warning: Sharing is only supported for boot loader classes because bootstrap classpath has been appended
[INFO] Tests run: 142, Failures: 0, Errors: 0, Skipped: 0, Time elapsed: 3.701 s - in TestSuite
[INFO] 
[INFO] Results:
[INFO] 
[INFO] Tests run: 142, Failures: 0, Errors: 0, Skipped: 0
[INFO] 
[INFO] 
[INFO] ------------< org.fluentlenium:fluentlenium-junit-jupiter >-------------
[INFO] Building FluentLenium JUnit Jupiter 4.8.1-SNAPSHOT                [5/13]
[INFO] --------------------------------[ jar ]---------------------------------
[INFO] 
[INFO] --- maven-clean-plugin:3.1.0:clean (default-clean) @ fluentlenium-junit-jupiter ---
[INFO] Deleting /home/gabsko/breaking-updates/fluentlenium-junit-jupiter/target
[INFO] 
[INFO] --- flatten-maven-plugin:1.2.7:clean (flatten.clean) @ fluentlenium-junit-jupiter ---
[INFO] Deleting /home/gabsko/breaking-updates/fluentlenium-junit-jupiter/.flattened-pom.xml
[INFO] 
[INFO] --- maven-enforcer-plugin:3.0.0-M3:enforce (enforce-maven) @ fluentlenium-junit-jupiter ---
[INFO] 
[INFO] --- jacoco-maven-plugin:0.8.7:prepare-agent (prepare-agent) @ fluentlenium-junit-jupiter ---
[INFO] argLine set to -javaagent:/home/gabsko/.m2/repository/org/jacoco/org.jacoco.agent/0.8.7/org.jacoco.agent-0.8.7-runtime.jar=destfile=/home/gabsko/breaking-updates/fluentlenium-junit-jupiter/target/jacoco.exec,excludes=**com.steadystate*:**com/gargoylesoftware*
[INFO] 
[INFO] --- maven-resources-plugin:3.2.0:resources (default-resources) @ fluentlenium-junit-jupiter ---
[INFO] Using 'UTF-8' encoding to copy filtered resources.
[INFO] Using 'UTF-8' encoding to copy filtered properties files.
[INFO] skip non existing resourceDirectory /home/gabsko/breaking-updates/fluentlenium-junit-jupiter/src/main/resources
[INFO] 
[INFO] --- flatten-maven-plugin:1.2.7:flatten (flatten) @ fluentlenium-junit-jupiter ---
[INFO] Generating flattened POM of project org.fluentlenium:fluentlenium-junit-jupiter:jar:4.8.1-SNAPSHOT...
[INFO] 
[INFO] --- maven-compiler-plugin:3.8.1:compile (default-compile) @ fluentlenium-junit-jupiter ---
[INFO] Changes detected - recompiling the module!
[INFO] Compiling 3 source files to /home/gabsko/breaking-updates/fluentlenium-junit-jupiter/target/classes
[INFO] /home/gabsko/breaking-updates/fluentlenium-junit-jupiter/src/main/java/org/fluentlenium/adapter/junit/jupiter/MockitoExtension.java: /home/gabsko/breaking-updates/fluentlenium-junit-jupiter/src/main/java/org/fluentlenium/adapter/junit/jupiter/MockitoExtension.java uses or overrides a deprecated API.
[INFO] /home/gabsko/breaking-updates/fluentlenium-junit-jupiter/src/main/java/org/fluentlenium/adapter/junit/jupiter/MockitoExtension.java: Recompile with -Xlint:deprecation for details.
[INFO] 
[INFO] --- maven-resources-plugin:3.2.0:testResources (default-testResources) @ fluentlenium-junit-jupiter ---
[INFO] Using 'UTF-8' encoding to copy filtered resources.
[INFO] Using 'UTF-8' encoding to copy filtered properties files.
[INFO] Copying 2 resources
[INFO] 
[INFO] --- maven-compiler-plugin:3.8.1:testCompile (default-testCompile) @ fluentlenium-junit-jupiter ---
[INFO] Changes detected - recompiling the module!
[INFO] Compiling 10 source files to /home/gabsko/breaking-updates/fluentlenium-junit-jupiter/target/test-classes
[INFO] /home/gabsko/breaking-updates/fluentlenium-junit-jupiter/src/test/java/org/fluentlenium/adapter/junit/jupiter/FluentJUnitJupiterTest.java: /home/gabsko/breaking-updates/fluentlenium-junit-jupiter/src/test/java/org/fluentlenium/adapter/junit/jupiter/FluentJUnitJupiterTest.java uses or overrides a deprecated API.
[INFO] /home/gabsko/breaking-updates/fluentlenium-junit-jupiter/src/test/java/org/fluentlenium/adapter/junit/jupiter/FluentJUnitJupiterTest.java: Recompile with -Xlint:deprecation for details.
[INFO] 
[INFO] --- maven-surefire-plugin:3.0.0-M5:test (default-test) @ fluentlenium-junit-jupiter ---
[INFO] 
[INFO] -------------------------------------------------------
[INFO]  T E S T S
[INFO] -------------------------------------------------------
[INFO] Running org.fluentlenium.adapter.junit.jupiter.FluentJUnitJupiterTest
[INFO] Tests run: 4, Failures: 0, Errors: 0, Skipped: 0, Time elapsed: 2.406 s - in org.fluentlenium.adapter.junit.jupiter.FluentJUnitJupiterTest
[INFO] 
[INFO] Results:
[INFO] 
[INFO] Tests run: 4, Failures: 0, Errors: 0, Skipped: 0
[INFO] 
[INFO] 
[INFO] ----------< org.fluentlenium:fluentlenium-integration-tests >-----------
[INFO] Building FluentLenium Integration Tests 4.8.1-SNAPSHOT            [6/13]
[INFO] --------------------------------[ jar ]---------------------------------
[INFO] 
[INFO] --- maven-clean-plugin:3.1.0:clean (default-clean) @ fluentlenium-integration-tests ---
[INFO] 
[INFO] --- flatten-maven-plugin:1.2.7:clean (flatten.clean) @ fluentlenium-integration-tests ---
[INFO] Deleting /home/gabsko/breaking-updates/fluentlenium-integration-tests/.flattened-pom.xml
[INFO] 
[INFO] --- maven-enforcer-plugin:3.0.0-M3:enforce (enforce-maven) @ fluentlenium-integration-tests ---
[INFO] 
[INFO] --- jacoco-maven-plugin:0.8.7:prepare-agent (prepare-agent) @ fluentlenium-integration-tests ---
[INFO] argLine set to -javaagent:/home/gabsko/.m2/repository/org/jacoco/org.jacoco.agent/0.8.7/org.jacoco.agent-0.8.7-runtime.jar=destfile=/home/gabsko/breaking-updates/fluentlenium-integration-tests/target/jacoco.exec,excludes=**com.steadystate*:**com/gargoylesoftware*
[INFO] 
[INFO] --- maven-resources-plugin:3.2.0:resources (default-resources) @ fluentlenium-integration-tests ---
[INFO] Using 'UTF-8' encoding to copy filtered resources.
[INFO] Using 'UTF-8' encoding to copy filtered properties files.
[INFO] skip non existing resourceDirectory /home/gabsko/breaking-updates/fluentlenium-integration-tests/src/main/resources
[INFO] 
[INFO] --- flatten-maven-plugin:1.2.7:flatten (flatten) @ fluentlenium-integration-tests ---
[INFO] Generating flattened POM of project org.fluentlenium:fluentlenium-integration-tests:jar:4.8.1-SNAPSHOT...
[INFO] 
[INFO] --- maven-compiler-plugin:3.8.1:compile (default-compile) @ fluentlenium-integration-tests ---
[INFO] No sources to compile
[INFO] 
[INFO] --- maven-resources-plugin:3.2.0:testResources (default-testResources) @ fluentlenium-integration-tests ---
[INFO] Using 'UTF-8' encoding to copy filtered resources.
[INFO] Using 'UTF-8' encoding to copy filtered properties files.
[INFO] Copying 14 resources
[INFO] 
[INFO] --- maven-compiler-plugin:3.8.1:testCompile (default-testCompile) @ fluentlenium-integration-tests ---
[INFO] Changes detected - recompiling the module!
[INFO] Compiling 99 source files to /home/gabsko/breaking-updates/fluentlenium-integration-tests/target/test-classes
[INFO] /home/gabsko/breaking-updates/fluentlenium-integration-tests/src/test/java/org/fluentlenium/pages/IndexPage2.java: Some input files use unchecked or unsafe operations.
[INFO] /home/gabsko/breaking-updates/fluentlenium-integration-tests/src/test/java/org/fluentlenium/pages/IndexPage2.java: Recompile with -Xlint:unchecked for details.
[INFO] 
[INFO] --- maven-surefire-plugin:3.0.0-M5:test (default-test) @ fluentlenium-integration-tests ---
[INFO] 
[INFO] -------------------------------------------------------
[INFO]  T E S T S
[INFO] -------------------------------------------------------
[INFO] Running org.fluentlenium.test.baseurl.BaseUrlDynamicTest
[INFO] Tests run: 3, Failures: 0, Errors: 0, Skipped: 0, Time elapsed: 2.061 s - in org.fluentlenium.test.baseurl.BaseUrlDynamicTest
[INFO] Running org.fluentlenium.test.baseurl.BaseUrlTest
[INFO] Tests run: 4, Failures: 0, Errors: 0, Skipped: 0, Time elapsed: 0.221 s - in org.fluentlenium.test.baseurl.BaseUrlTest
[INFO] Running org.fluentlenium.test.actions.window.WindowActionsTest
[INFO] Tests run: 2, Failures: 0, Errors: 0, Skipped: 0, Time elapsed: 0.162 s - in org.fluentlenium.test.actions.window.WindowActionsTest
[INFO] Running org.fluentlenium.test.actions.waitandclick.WaitAndClickTest
[INFO] Tests run: 5, Failures: 0, Errors: 0, Skipped: 0, Time elapsed: 4.307 s - in org.fluentlenium.test.actions.waitandclick.WaitAndClickTest
[INFO] Running org.fluentlenium.test.actions.click.ClicksWaitHookTest
[INFO] Tests run: 2, Failures: 0, Errors: 0, Skipped: 0, Time elapsed: 0.116 s - in org.fluentlenium.test.actions.click.ClicksWaitHookTest
[INFO] Running org.fluentlenium.test.actions.click.ClicksTest
[INFO] Tests run: 2, Failures: 0, Errors: 0, Skipped: 0, Time elapsed: 0.076 s - in org.fluentlenium.test.actions.click.ClicksTest
[INFO] Running org.fluentlenium.test.actions.onlist.ActionOnListTest
[INFO] Tests run: 7, Failures: 0, Errors: 0, Skipped: 0, Time elapsed: 0.278 s - in org.fluentlenium.test.actions.onlist.ActionOnListTest
[INFO] Running org.fluentlenium.test.actions.onlist.ActionOnListWithBddTest
[INFO] Tests run: 4, Failures: 0, Errors: 0, Skipped: 0, Time elapsed: 0.124 s - in org.fluentlenium.test.actions.onlist.ActionOnListWithBddTest
[INFO] Running org.fluentlenium.test.actions.onselector.ActionOnSelectorTest
[INFO] Tests run: 9, Failures: 0, Errors: 0, Skipped: 0, Time elapsed: 0.272 s - in org.fluentlenium.test.actions.onselector.ActionOnSelectorTest
[INFO] Running org.fluentlenium.test.actions.onselector.ActionOnSelectorWithBddTest
[INFO] Tests run: 5, Failures: 0, Errors: 0, Skipped: 0, Time elapsed: 0.292 s - in org.fluentlenium.test.actions.onselector.ActionOnSelectorWithBddTest
[INFO] Running org.fluentlenium.test.actions.attributemodification.AttributeModificationTest
[INFO] Tests run: 2, Failures: 0, Errors: 0, Skipped: 0, Time elapsed: 0.051 s - in org.fluentlenium.test.actions.attributemodification.AttributeModificationTest
[INFO] Running org.fluentlenium.test.driver.DriverTest
[INFO] Tests run: 2, Failures: 0, Errors: 0, Skipped: 0, Time elapsed: 0.026 s - in org.fluentlenium.test.driver.DriverTest
[INFO] Running org.fluentlenium.test.fluentwebelement.FluentWebElementInTest
[INFO] Tests run: 1, Failures: 0, Errors: 0, Skipped: 0, Time elapsed: 0.035 s - in org.fluentlenium.test.fluentwebelement.FluentWebElementInTest
[INFO] Running org.fluentlenium.test.fluentwebelement.FluentWebElementDelegateClassInTest
[INFO] Tests run: 1, Failures: 0, Errors: 0, Skipped: 0, Time elapsed: 0.022 s - in org.fluentlenium.test.fluentwebelement.FluentWebElementDelegateClassInTest
[INFO] Running org.fluentlenium.test.fluentwebelement.StateOnElementTest
[INFO] Tests run: 7, Failures: 0, Errors: 0, Skipped: 0, Time elapsed: 0.141 s - in org.fluentlenium.test.fluentwebelement.StateOnElementTest
[INFO] Running org.fluentlenium.test.fluentwebelement.FluentWebElementSubclassInTest
[INFO] Tests run: 1, Failures: 0, Errors: 0, Skipped: 0, Time elapsed: 0.03 s - in org.fluentlenium.test.fluentwebelement.FluentWebElementSubclassInTest
[INFO] Running org.fluentlenium.test.events.EventsInvalidDriverTest
[INFO] Tests run: 1, Failures: 0, Errors: 0, Skipped: 0, Time elapsed: 0.139 s - in org.fluentlenium.test.events.EventsInvalidDriverTest
[INFO] Running org.fluentlenium.test.events.ContainerAnnotationsEventsRegistrySuperClassSetupTest
23:19:51.578 [main] INFO  EventBasedIntegrationFluentTest - About to click on something...
23:19:51.585 [main] INFO  EventBasedIntegrationFluentTest - Clicked successfully. FluentLenium is awesome! :)
[INFO] Tests run: 1, Failures: 0, Errors: 0, Skipped: 0, Time elapsed: 0.05 s - in org.fluentlenium.test.events.ContainerAnnotationsEventsRegistrySuperClassSetupTest
[INFO] Running org.fluentlenium.test.events.EventsTest
[INFO] Tests run: 4, Failures: 0, Errors: 0, Skipped: 0, Time elapsed: 0.203 s - in org.fluentlenium.test.events.EventsTest
[INFO] Running org.fluentlenium.test.events.ContainerAnnotationsEventsRegistrySetupTest
23:19:51.882 [main] INFO  ContainerAnnotationsEventsRegistrySetupTest - About to click on something...
23:19:51.884 [main] INFO  ContainerAnnotationsEventsRegistrySetupTest - Clicked successfully. FluentLenium is awesome! :)
23:19:51.884 [main] INFO  ContainerAnnotationsEventsRegistrySetupTest - Isn't it?
[INFO] Tests run: 2, Failures: 0, Errors: 0, Skipped: 0, Time elapsed: 0.068 s - in org.fluentlenium.test.events.ContainerAnnotationsEventsRegistrySetupTest
[INFO] Running org.fluentlenium.test.iframe.IframeTest
[INFO] Tests run: 4, Failures: 0, Errors: 0, Skipped: 0, Time elapsed: 0.152 s - in org.fluentlenium.test.iframe.IframeTest
[INFO] Running org.fluentlenium.test.component.ComponentsTest
[INFO] Tests run: 3, Failures: 0, Errors: 0, Skipped: 0, Time elapsed: 8.864 s - in org.fluentlenium.test.component.ComponentsTest
[INFO] Running org.fluentlenium.test.component.ElementAsTest
[INFO] Tests run: 6, Failures: 0, Errors: 0, Skipped: 0, Time elapsed: 0.138 s - in org.fluentlenium.test.component.ElementAsTest
[INFO] Running org.fluentlenium.test.injection.InjectionTest
[INFO] Tests run: 1, Failures: 0, Errors: 0, Skipped: 0, Time elapsed: 0.017 s - in org.fluentlenium.test.injection.InjectionTest
[INFO] Running org.fluentlenium.test.injection.InjectionFindTest
[INFO] Tests run: 4, Failures: 0, Errors: 0, Skipped: 0, Time elapsed: 0.066 s - in org.fluentlenium.test.injection.InjectionFindTest
[INFO] Running org.fluentlenium.test.seleniumcheck.SeleniumVersionCheckLoggingTest
[INFO] Tests run: 1, Failures: 0, Errors: 0, Skipped: 0, Time elapsed: 0.001 s - in org.fluentlenium.test.seleniumcheck.SeleniumVersionCheckLoggingTest
[INFO] Running org.fluentlenium.test.proxy.ProxyLazynessTest
[INFO] Tests run: 4, Failures: 0, Errors: 0, Skipped: 0, Time elapsed: 0.06 s - in org.fluentlenium.test.proxy.ProxyLazynessTest
[INFO] Running org.fluentlenium.test.cssinject.CssInjectTest
[INFO] Tests run: 2, Failures: 0, Errors: 0, Skipped: 0, Time elapsed: 0.066 s - in org.fluentlenium.test.cssinject.CssInjectTest
[INFO] Running org.fluentlenium.test.await.WaitSizeTest
[INFO] Tests run: 9, Failures: 0, Errors: 0, Skipped: 0, Time elapsed: 11.8 s - in org.fluentlenium.test.await.WaitSizeTest
[INFO] Running org.fluentlenium.test.await.FluentLeniumFunctionalWaitTest
[INFO] Tests run: 57, Failures: 0, Errors: 0, Skipped: 0, Time elapsed: 7.395 s - in org.fluentlenium.test.await.FluentLeniumFunctionalWaitTest
[INFO] Running org.fluentlenium.test.await.negate.HappyPathsNegatedAwaitTest
[INFO] Tests run: 10, Failures: 0, Errors: 0, Skipped: 0, Time elapsed: 0.215 s - in org.fluentlenium.test.await.negate.HappyPathsNegatedAwaitTest
[INFO] Running org.fluentlenium.test.await.negate.NegatedAwaitFluentListTest
[INFO] Tests run: 7, Failures: 0, Errors: 0, Skipped: 0, Time elapsed: 2.955 s - in org.fluentlenium.test.await.negate.NegatedAwaitFluentListTest
[INFO] Running org.fluentlenium.test.await.negate.NegatedAwaitElementTest
[INFO] Tests run: 7, Failures: 0, Errors: 0, Skipped: 0, Time elapsed: 2.674 s - in org.fluentlenium.test.await.negate.NegatedAwaitElementTest
[INFO] Running org.fluentlenium.test.await.JsAwaitTest
[INFO] Tests run: 10, Failures: 0, Errors: 0, Skipped: 0, Time elapsed: 28.82 s - in org.fluentlenium.test.await.JsAwaitTest
[INFO] Running org.fluentlenium.test.await.FluentLeniumWaitTest
[INFO] Tests run: 83, Failures: 0, Errors: 0, Skipped: 0, Time elapsed: 11.784 s - in org.fluentlenium.test.await.FluentLeniumWaitTest
[INFO] Running org.fluentlenium.test.await.FluentWaitMessageWithHookTest
[INFO] Tests run: 13, Failures: 0, Errors: 0, Skipped: 0, Time elapsed: 12.246 s - in org.fluentlenium.test.await.FluentWaitMessageWithHookTest
[INFO] Running org.fluentlenium.test.await.hook.WaitHookFilteringTest
[INFO] Tests run: 1, Failures: 0, Errors: 0, Skipped: 0, Time elapsed: 0.023 s - in org.fluentlenium.test.await.hook.WaitHookFilteringTest
[INFO] Running org.fluentlenium.test.await.hook.WaitHookWithTest
[INFO] Tests run: 3, Failures: 0, Errors: 0, Skipped: 0, Time elapsed: 7.061 s - in org.fluentlenium.test.await.hook.WaitHookWithTest
[INFO] Running org.fluentlenium.test.await.hook.WaitHookAnnotationTest
[INFO] Tests run: 5, Failures: 0, Errors: 0, Skipped: 0, Time elapsed: 13.119 s - in org.fluentlenium.test.await.hook.WaitHookAnnotationTest
[INFO] Running org.fluentlenium.test.await.component.WaitComponentsListTest
[INFO] Tests run: 6, Failures: 0, Errors: 0, Skipped: 0, Time elapsed: 14.66 s - in org.fluentlenium.test.await.component.WaitComponentsListTest
[INFO] Running org.fluentlenium.test.await.FluentWaitMessageTest
[INFO] Tests run: 14, Failures: 0, Errors: 0, Skipped: 0, Time elapsed: 2.528 s - in org.fluentlenium.test.await.FluentWaitMessageTest
[INFO] Running org.fluentlenium.test.await.FluentLeniumWaitIgnoringTest
[INFO] Tests run: 6, Failures: 0, Errors: 0, Skipped: 0, Time elapsed: 0.088 s - in org.fluentlenium.test.await.FluentLeniumWaitIgnoringTest
[INFO] Running org.fluentlenium.test.await.FluentLeniumWaitElementTest
[INFO] Tests run: 45, Failures: 0, Errors: 0, Skipped: 0, Time elapsed: 15.207 s - in org.fluentlenium.test.await.FluentLeniumWaitElementTest
[INFO] Running org.fluentlenium.test.after.AfterTest
[INFO] Tests run: 1, Failures: 0, Errors: 0, Skipped: 0, Time elapsed: 0.002 s - in org.fluentlenium.test.after.AfterTest
[INFO] Running org.fluentlenium.test.htmldump.HtmlDumpPathTest
23:22:12.203 [main] INFO  FluentDriverHtmlDumper - Created HTML dump at: /tmp/tempfiles4718999156193900693/test.html
[INFO] Tests run: 1, Failures: 0, Errors: 0, Skipped: 0, Time elapsed: 0.027 s - in org.fluentlenium.test.htmldump.HtmlDumpPathTest
[INFO] Running org.fluentlenium.test.htmldump.HtmlDumpTest
23:22:12.223 [main] INFO  FluentDriverHtmlDumper - Created HTML dump at: /tmp/tempfiles2944716931923997848/test.html
[INFO] Tests run: 1, Failures: 0, Errors: 0, Skipped: 0, Time elapsed: 0.012 s - in org.fluentlenium.test.htmldump.HtmlDumpTest
[INFO] Running org.fluentlenium.test.capabilities.CapabilitiesTest
[INFO] Tests run: 1, Failures: 0, Errors: 0, Skipped: 0, Time elapsed: 0.013 s - in org.fluentlenium.test.capabilities.CapabilitiesTest
[INFO] Running org.fluentlenium.test.param.FluentListParamTest
[INFO] Tests run: 10, Failures: 0, Errors: 0, Skipped: 0, Time elapsed: 0.193 s - in org.fluentlenium.test.param.FluentListParamTest
[INFO] Running org.fluentlenium.test.param.ParamTest
[INFO] Tests run: 3, Failures: 0, Errors: 0, Skipped: 0, Time elapsed: 0.049 s - in org.fluentlenium.test.param.ParamTest
[INFO] Running org.fluentlenium.test.annotations.AnnotationsComponentsPriorityEventsTest
[INFO] Tests run: 1, Failures: 0, Errors: 0, Skipped: 0, Time elapsed: 0.02 s - in org.fluentlenium.test.annotations.AnnotationsComponentsPriorityEventsTest
[INFO] Running org.fluentlenium.test.annotations.AnnotationsComponentEventsTest
[INFO] Tests run: 3, Failures: 0, Errors: 0, Skipped: 0, Time elapsed: 0.083 s - in org.fluentlenium.test.annotations.AnnotationsComponentEventsTest
[INFO] Running org.fluentlenium.test.annotations.AnnotationsEventsTest
[INFO] Tests run: 5, Failures: 0, Errors: 0, Skipped: 0, Time elapsed: 0.109 s - in org.fluentlenium.test.annotations.AnnotationsEventsTest
[INFO] Running org.fluentlenium.test.annotations.AnnotationsPriorityEventsTest
[INFO] Tests run: 1, Failures: 0, Errors: 0, Skipped: 0, Time elapsed: 0.02 s - in org.fluentlenium.test.annotations.AnnotationsPriorityEventsTest
[INFO] Running org.fluentlenium.test.initialization.DontRunTestsWhenInitFailTest
[INFO] Tests run: 1, Failures: 0, Errors: 0, Skipped: 0, Time elapsed: 0.042 s - in org.fluentlenium.test.initialization.DontRunTestsWhenInitFailTest
[INFO] Running org.fluentlenium.test.findby.FindByOfComponentContainerTest
[INFO] Tests run: 4, Failures: 0, Errors: 0, Skipped: 0, Time elapsed: 0.087 s - in org.fluentlenium.test.findby.FindByOfComponentContainerTest
[INFO] Running org.fluentlenium.test.findby.FindByOfComponentTest
[INFO] Tests run: 4, Failures: 0, Errors: 0, Skipped: 0, Time elapsed: 0.089 s - in org.fluentlenium.test.findby.FindByOfComponentTest
[INFO] Running org.fluentlenium.test.findby.FluentSelectorTest
[INFO] Tests run: 26, Failures: 0, Errors: 0, Skipped: 0, Time elapsed: 0.517 s - in org.fluentlenium.test.findby.FluentSelectorTest
[INFO] Running org.fluentlenium.test.findby.FindByOfListTest
[INFO] Tests run: 2, Failures: 0, Errors: 0, Skipped: 0, Time elapsed: 0.049 s - in org.fluentlenium.test.findby.FindByOfListTest
[INFO] Running org.fluentlenium.test.fluentlist.SearchOnlyWithFiltersTest
[INFO] Tests run: 21, Failures: 0, Errors: 0, Skipped: 0, Time elapsed: 0.393 s - in org.fluentlenium.test.fluentlist.SearchOnlyWithFiltersTest
[INFO] Running org.fluentlenium.test.fluentlist.SearchTest
[INFO] Tests run: 9, Failures: 0, Errors: 0, Skipped: 0, Time elapsed: 0.138 s - in org.fluentlenium.test.fluentlist.SearchTest
[INFO] Running org.fluentlenium.test.fluentability.FluentabilityTest
[INFO] Tests run: 1, Failures: 0, Errors: 0, Skipped: 0, Time elapsed: 0.015 s - in org.fluentlenium.test.fluentability.FluentabilityTest
[INFO] Running org.fluentlenium.test.text.HiddenTextTest
[INFO] Tests run: 2, Failures: 0, Errors: 0, Skipped: 0, Time elapsed: 0.022 s - in org.fluentlenium.test.text.HiddenTextTest
[INFO] Running org.fluentlenium.test.page.PageInPageWithCreatePageTest
[INFO] Tests run: 1, Failures: 0, Errors: 0, Skipped: 0, Time elapsed: 0.014 s - in org.fluentlenium.test.page.PageInPageWithCreatePageTest
[INFO] Running org.fluentlenium.test.page.isat.IsAtTest
[INFO] Tests run: 7, Failures: 0, Errors: 0, Skipped: 0, Time elapsed: 0.15 s - in org.fluentlenium.test.page.isat.IsAtTest
[INFO] Running org.fluentlenium.test.page.PageUrlParameterQueryTest
[INFO] Tests run: 4, Failures: 0, Errors: 0, Skipped: 0, Time elapsed: 0.084 s - in org.fluentlenium.test.page.PageUrlParameterQueryTest
[INFO] Running org.fluentlenium.test.page.PageTest
[INFO] Tests run: 15, Failures: 0, Errors: 0, Skipped: 0, Time elapsed: 0.385 s - in org.fluentlenium.test.page.PageTest
[INFO] Running org.fluentlenium.test.page.PageWithAjaxElementTest
[INFO] Tests run: 4, Failures: 0, Errors: 0, Skipped: 0, Time elapsed: 17.107 s - in org.fluentlenium.test.page.PageWithAjaxElementTest
[INFO] Running org.fluentlenium.test.page.PageInPageWithAnnotationPageTest
[INFO] Tests run: 1, Failures: 0, Errors: 0, Skipped: 0, Time elapsed: 0.041 s - in org.fluentlenium.test.page.PageInPageWithAnnotationPageTest
[INFO] Running org.fluentlenium.test.page.gotopage.GoToTest
[INFO] Tests run: 5, Failures: 0, Errors: 0, Skipped: 0, Time elapsed: 0.048 s - in org.fluentlenium.test.page.gotopage.GoToTest
[INFO] Running org.fluentlenium.test.page.gotopage.GoToInNewTabTest
[INFO] Tests run: 1, Failures: 0, Errors: 0, Skipped: 0, Time elapsed: 0.044 s - in org.fluentlenium.test.page.gotopage.GoToInNewTabTest
[INFO] Running org.fluentlenium.test.page.SuperclassPageTest
[INFO] Tests run: 17, Failures: 0, Errors: 0, Skipped: 0, Time elapsed: 0.424 s - in org.fluentlenium.test.page.SuperclassPageTest
[INFO] Running org.fluentlenium.test.page.PageInPageTest
[INFO] Tests run: 1, Failures: 0, Errors: 0, Skipped: 0, Time elapsed: 0.007 s - in org.fluentlenium.test.page.PageInPageTest
[INFO] Running org.fluentlenium.test.page.PageAdapterTest
[INFO] Tests run: 3, Failures: 0, Errors: 0, Skipped: 0, Time elapsed: 0.033 s - in org.fluentlenium.test.page.PageAdapterTest
[INFO] Running org.fluentlenium.test.javascript.JavascriptTest
[INFO] Tests run: 8, Failures: 0, Errors: 0, Skipped: 0, Time elapsed: 0.281 s - in org.fluentlenium.test.javascript.JavascriptTest
[INFO] Running org.fluentlenium.test.count.CountTest
[INFO] Tests run: 1, Failures: 0, Errors: 0, Skipped: 0, Time elapsed: 0.048 s - in org.fluentlenium.test.count.CountTest
[INFO] Running org.fluentlenium.test.axes.AxesTest
[INFO] Tests run: 7, Failures: 0, Errors: 0, Skipped: 0, Time elapsed: 0.182 s - in org.fluentlenium.test.axes.AxesTest
[INFO] 
[INFO] Results:
[INFO] 
[INFO] Tests run: 538, Failures: 0, Errors: 0, Skipped: 0
[INFO] 
[INFO] 
[INFO] ----------------< org.fluentlenium:fluentlenium-junit >-----------------
[INFO] Building FluentLenium JUnit 4.8.1-SNAPSHOT                        [7/13]
[INFO] --------------------------------[ jar ]---------------------------------
[INFO] 
[INFO] --- maven-clean-plugin:3.1.0:clean (default-clean) @ fluentlenium-junit ---
[INFO] Deleting /home/gabsko/breaking-updates/fluentlenium-junit/target
[INFO] 
[INFO] --- flatten-maven-plugin:1.2.7:clean (flatten.clean) @ fluentlenium-junit ---
[INFO] Deleting /home/gabsko/breaking-updates/fluentlenium-junit/.flattened-pom.xml
[INFO] 
[INFO] --- maven-enforcer-plugin:3.0.0-M3:enforce (enforce-maven) @ fluentlenium-junit ---
[INFO] 
[INFO] --- jacoco-maven-plugin:0.8.7:prepare-agent (prepare-agent) @ fluentlenium-junit ---
[INFO] argLine set to -javaagent:/home/gabsko/.m2/repository/org/jacoco/org.jacoco.agent/0.8.7/org.jacoco.agent-0.8.7-runtime.jar=destfile=/home/gabsko/breaking-updates/fluentlenium-junit/target/jacoco.exec,excludes=**com.steadystate*:**com/gargoylesoftware*
[INFO] 
[INFO] --- maven-resources-plugin:3.2.0:resources (default-resources) @ fluentlenium-junit ---
[INFO] Using 'UTF-8' encoding to copy filtered resources.
[INFO] Using 'UTF-8' encoding to copy filtered properties files.
[INFO] skip non existing resourceDirectory /home/gabsko/breaking-updates/fluentlenium-junit/src/main/resources
[INFO] 
[INFO] --- flatten-maven-plugin:1.2.7:flatten (flatten) @ fluentlenium-junit ---
[INFO] Generating flattened POM of project org.fluentlenium:fluentlenium-junit:jar:4.8.1-SNAPSHOT...
[INFO] 
[INFO] --- maven-compiler-plugin:3.8.1:compile (default-compile) @ fluentlenium-junit ---
[INFO] Changes detected - recompiling the module!
[INFO] Compiling 3 source files to /home/gabsko/breaking-updates/fluentlenium-junit/target/classes
[INFO] 
[INFO] --- maven-resources-plugin:3.2.0:testResources (default-testResources) @ fluentlenium-junit ---
[INFO] Using 'UTF-8' encoding to copy filtered resources.
[INFO] Using 'UTF-8' encoding to copy filtered properties files.
[INFO] Copying 2 resources
[INFO] 
[INFO] --- maven-compiler-plugin:3.8.1:testCompile (default-testCompile) @ fluentlenium-junit ---
[INFO] Changes detected - recompiling the module!
[INFO] Compiling 18 source files to /home/gabsko/breaking-updates/fluentlenium-junit/target/test-classes
[INFO] /home/gabsko/breaking-updates/fluentlenium-junit/src/test/java/org/fluentlenium/adapter/junit/FluentTestRuleTest.java: /home/gabsko/breaking-updates/fluentlenium-junit/src/test/java/org/fluentlenium/adapter/junit/FluentTestRuleTest.java uses or overrides a deprecated API.
[INFO] /home/gabsko/breaking-updates/fluentlenium-junit/src/test/java/org/fluentlenium/adapter/junit/FluentTestRuleTest.java: Recompile with -Xlint:deprecation for details.
[INFO] 
[INFO] --- maven-surefire-plugin:3.0.0-M5:test (default-test) @ fluentlenium-junit ---
[INFO] 
[INFO] -------------------------------------------------------
[INFO]  T E S T S
[INFO] -------------------------------------------------------
[INFO] Running org.fluentlenium.adapter.junit.AfterSuccessTest
[INFO] Tests run: 1, Failures: 0, Errors: 0, Skipped: 0, Time elapsed: 1.313 s - in org.fluentlenium.adapter.junit.AfterSuccessTest
[INFO] Running org.fluentlenium.adapter.junit.AfterFailedTest
[INFO] Tests run: 1, Failures: 0, Errors: 0, Skipped: 0, Time elapsed: 0.112 s - in org.fluentlenium.adapter.junit.AfterFailedTest
[INFO] Running org.fluentlenium.adapter.junit.FluentTestRuleTest
[INFO] Tests run: 2, Failures: 0, Errors: 0, Skipped: 0, Time elapsed: 0.649 s - in org.fluentlenium.adapter.junit.FluentTestRuleTest
[INFO] 
[INFO] Results:
[INFO] 
[INFO] Tests run: 4, Failures: 0, Errors: 0, Skipped: 0
[INFO] 
[INFO] 
[INFO] ------------< org.fluentlenium:fluentlenium-spring-testng >-------------
[INFO] Building FluentLenium Spring TestNG 4.8.1-SNAPSHOT                [8/13]
[INFO] --------------------------------[ jar ]---------------------------------
[INFO] 
[INFO] --- maven-clean-plugin:3.1.0:clean (default-clean) @ fluentlenium-spring-testng ---
[INFO] Deleting /home/gabsko/breaking-updates/fluentlenium-spring-testng/target
[INFO] 
[INFO] --- flatten-maven-plugin:1.2.7:clean (flatten.clean) @ fluentlenium-spring-testng ---
[INFO] Deleting /home/gabsko/breaking-updates/fluentlenium-spring-testng/.flattened-pom.xml
[INFO] 
[INFO] --- maven-enforcer-plugin:3.0.0-M3:enforce (enforce-maven) @ fluentlenium-spring-testng ---
[INFO] 
[INFO] --- jacoco-maven-plugin:0.8.7:prepare-agent (prepare-agent) @ fluentlenium-spring-testng ---
[INFO] argLine set to -javaagent:/home/gabsko/.m2/repository/org/jacoco/org.jacoco.agent/0.8.7/org.jacoco.agent-0.8.7-runtime.jar=destfile=/home/gabsko/breaking-updates/fluentlenium-spring-testng/target/jacoco.exec,excludes=**com.steadystate*:**com/gargoylesoftware*
[INFO] 
[INFO] --- maven-resources-plugin:3.2.0:resources (default-resources) @ fluentlenium-spring-testng ---
[INFO] Using 'UTF-8' encoding to copy filtered resources.
[INFO] Using 'UTF-8' encoding to copy filtered properties files.
[INFO] skip non existing resourceDirectory /home/gabsko/breaking-updates/fluentlenium-spring-testng/src/main/resources
[INFO] 
[INFO] --- flatten-maven-plugin:1.2.7:flatten (flatten) @ fluentlenium-spring-testng ---
[INFO] Generating flattened POM of project org.fluentlenium:fluentlenium-spring-testng:jar:4.8.1-SNAPSHOT...
[INFO] 
[INFO] --- maven-compiler-plugin:3.8.1:compile (default-compile) @ fluentlenium-spring-testng ---
[INFO] Changes detected - recompiling the module!
[INFO] Compiling 4 source files to /home/gabsko/breaking-updates/fluentlenium-spring-testng/target/classes
[INFO] 
[INFO] --- maven-resources-plugin:3.2.0:testResources (default-testResources) @ fluentlenium-spring-testng ---
[INFO] Using 'UTF-8' encoding to copy filtered resources.
[INFO] Using 'UTF-8' encoding to copy filtered properties files.
[INFO] Copying 4 resources
[INFO] 
[INFO] --- maven-compiler-plugin:3.8.1:testCompile (default-testCompile) @ fluentlenium-spring-testng ---
[INFO] Changes detected - recompiling the module!
[INFO] Compiling 22 source files to /home/gabsko/breaking-updates/fluentlenium-spring-testng/target/test-classes
[INFO] 
[INFO] --- maven-surefire-plugin:3.0.0-M5:test (default-test) @ fluentlenium-spring-testng ---
[INFO] 
[INFO] -------------------------------------------------------
[INFO]  T E S T S
[INFO] -------------------------------------------------------
[INFO] Running TestSuite
23:22:38.623 [main] INFO  AbstractTestContextBootstrapper - Using TestExecutionListeners: [org.springframework.test.context.support.DirtiesContextBeforeModesTestExecutionListener@189fe8af, org.springframework.test.context.event.ApplicationEventsTestExecutionListener@6f99b8c4, org.springframework.test.context.support.DependencyInjectionTestExecutionListener@5f5c2451, org.springframework.test.context.support.DirtiesContextTestExecutionListener@3b5769b3, org.springframework.test.context.event.EventPublishingTestExecutionListener@5cea34e6]
23:22:38.770 [main] INFO  AbstractTestContextBootstrapper - Using TestExecutionListeners: [org.springframework.test.context.support.DirtiesContextBeforeModesTestExecutionListener@39d8240b, org.springframework.test.context.event.ApplicationEventsTestExecutionListener@3a6732bc, org.springframework.test.context.support.DependencyInjectionTestExecutionListener@35b799c0, org.springframework.test.context.support.DirtiesContextTestExecutionListener@3963d003, org.springframework.test.context.event.EventPublishingTestExecutionListener@41e35358]
23:22:38.787 [main] INFO  AbstractTestContextBootstrapper - Using TestExecutionListeners: [org.springframework.test.context.support.DirtiesContextBeforeModesTestExecutionListener@51dcf51b, org.springframework.test.context.event.ApplicationEventsTestExecutionListener@6eb58fdd, org.springframework.test.context.support.DependencyInjectionTestExecutionListener@7a0619a8, org.springframework.test.context.support.DirtiesContextTestExecutionListener@5df9d890, org.springframework.test.context.event.EventPublishingTestExecutionListener@6b3b9a19]
23:22:38.810 [main] INFO  AbstractTestContextBootstrapper - Using TestExecutionListeners: [org.springframework.test.context.support.DirtiesContextBeforeModesTestExecutionListener@6d293b41, org.springframework.test.context.event.ApplicationEventsTestExecutionListener@c0d114b, org.springframework.test.context.support.DependencyInjectionTestExecutionListener@2079ce51, org.springframework.test.context.support.DirtiesContextTestExecutionListener@1692d173, org.springframework.test.context.event.EventPublishingTestExecutionListener@32c503d3]
23:22:38.826 [main] INFO  AbstractTestContextBootstrapper - Using TestExecutionListeners: [org.springframework.test.context.support.DirtiesContextBeforeModesTestExecutionListener@5248688c, org.springframework.test.context.event.ApplicationEventsTestExecutionListener@37736bf1, org.springframework.test.context.support.DependencyInjectionTestExecutionListener@2a7c82e, org.springframework.test.context.support.DirtiesContextTestExecutionListener@22128b73, org.springframework.test.context.event.EventPublishingTestExecutionListener@338f9bb5]
23:22:38.842 [main] INFO  AbstractTestContextBootstrapper - Using TestExecutionListeners: [org.springframework.test.context.support.DirtiesContextBeforeModesTestExecutionListener@79715834, org.springframework.test.context.event.ApplicationEventsTestExecutionListener@4d94b0af, org.springframework.test.context.support.DependencyInjectionTestExecutionListener@72a80668, org.springframework.test.context.support.DirtiesContextTestExecutionListener@42cb8174, org.springframework.test.context.event.EventPublishingTestExecutionListener@3108d1e1]
23:22:38.857 [main] INFO  AbstractTestContextBootstrapper - Using TestExecutionListeners: [org.springframework.test.context.support.DirtiesContextBeforeModesTestExecutionListener@167080e, org.springframework.test.context.event.ApplicationEventsTestExecutionListener@33980345, org.springframework.test.context.support.DependencyInjectionTestExecutionListener@195c5803, org.springframework.test.context.support.DirtiesContextTestExecutionListener@60f8d38c, org.springframework.test.context.event.EventPublishingTestExecutionListener@596690e5]
23:22:38.871 [main] INFO  AbstractTestContextBootstrapper - Using TestExecutionListeners: [org.springframework.test.context.support.DirtiesContextBeforeModesTestExecutionListener@65f913fd, org.springframework.test.context.event.ApplicationEventsTestExecutionListener@56059cf1, org.springframework.test.context.support.DependencyInjectionTestExecutionListener@3b89bccf, org.springframework.test.context.support.DirtiesContextTestExecutionListener@299a0651, org.springframework.test.context.event.EventPublishingTestExecutionListener@4518e64]
23:22:38.885 [main] INFO  AbstractTestContextBootstrapper - Using TestExecutionListeners: [org.springframework.test.context.support.DirtiesContextBeforeModesTestExecutionListener@78cb15b9, org.springframework.test.context.event.ApplicationEventsTestExecutionListener@3f77cd24, org.springframework.test.context.support.DependencyInjectionTestExecutionListener@5408854f, org.springframework.test.context.support.DirtiesContextTestExecutionListener@7ca9c253, org.springframework.test.context.event.EventPublishingTestExecutionListener@5cef76a2]
23:22:38.903 [main] INFO  AbstractTestContextBootstrapper - Using TestExecutionListeners: [org.springframework.test.context.support.DirtiesContextBeforeModesTestExecutionListener@219acda9, org.springframework.test.context.event.ApplicationEventsTestExecutionListener@455e8356, org.springframework.test.context.support.DependencyInjectionTestExecutionListener@5b9037b6, org.springframework.test.context.support.DirtiesContextTestExecutionListener@6887e1d1, org.springframework.test.context.event.EventPublishingTestExecutionListener@1f878eed]
23:22:38.915 [main] INFO  AbstractTestContextBootstrapper - Using TestExecutionListeners: [org.springframework.test.context.support.DirtiesContextBeforeModesTestExecutionListener@13f4149d, org.springframework.test.context.event.ApplicationEventsTestExecutionListener@3f64a088, org.springframework.test.context.support.DependencyInjectionTestExecutionListener@557d9532, org.springframework.test.context.support.DirtiesContextTestExecutionListener@2bc3ab4d, org.springframework.test.context.event.EventPublishingTestExecutionListener@18a01254]
23:22:38.926 [main] INFO  AbstractTestContextBootstrapper - Using TestExecutionListeners: [org.springframework.test.context.support.DirtiesContextBeforeModesTestExecutionListener@58decd96, org.springframework.test.context.event.ApplicationEventsTestExecutionListener@67ee26af, org.springframework.test.context.support.DependencyInjectionTestExecutionListener@57cc535, org.springframework.test.context.support.DirtiesContextTestExecutionListener@41cc3795, org.springframework.test.context.event.EventPublishingTestExecutionListener@6f50f047]
23:22:38.938 [main] INFO  AbstractTestContextBootstrapper - Using TestExecutionListeners: [org.springframework.test.context.support.DirtiesContextBeforeModesTestExecutionListener@b230f87, org.springframework.test.context.event.ApplicationEventsTestExecutionListener@5b293cc9, org.springframework.test.context.support.DependencyInjectionTestExecutionListener@6c551798, org.springframework.test.context.support.DirtiesContextTestExecutionListener@18212778, org.springframework.test.context.event.EventPublishingTestExecutionListener@b6d5ccc]
23:22:38.950 [main] INFO  AbstractTestContextBootstrapper - Using TestExecutionListeners: [org.springframework.test.context.support.DirtiesContextBeforeModesTestExecutionListener@317e9cf5, org.springframework.test.context.event.ApplicationEventsTestExecutionListener@33a267f, org.springframework.test.context.support.DependencyInjectionTestExecutionListener@6a94ccde, org.springframework.test.context.support.DirtiesContextTestExecutionListener@7261773c, org.springframework.test.context.event.EventPublishingTestExecutionListener@37bdd4b1]
23:22:38.994 [main] INFO  AbstractTestContextBootstrapper - Using TestExecutionListeners: [org.springframework.test.context.support.DirtiesContextBeforeModesTestExecutionListener@6013565b, org.springframework.test.context.event.ApplicationEventsTestExecutionListener@250cb65a, org.springframework.test.context.support.DependencyInjectionTestExecutionListener@54eda0bb, org.springframework.test.context.support.DirtiesContextTestExecutionListener@41ad5874, org.springframework.test.context.event.EventPublishingTestExecutionListener@3bf66f94]
23:22:39.009 [main] INFO  AbstractTestContextBootstrapper - Using TestExecutionListeners: [org.springframework.test.context.support.DirtiesContextBeforeModesTestExecutionListener@27879b4e, org.springframework.test.context.event.ApplicationEventsTestExecutionListener@646599c6, org.springframework.test.context.support.DependencyInjectionTestExecutionListener@153e2f2f, org.springframework.test.context.support.DirtiesContextTestExecutionListener@4457e347, org.springframework.test.context.event.EventPublishingTestExecutionListener@5f914d68]
23:22:39.061 [main] INFO  AbstractTestContextBootstrapper - Using TestExecutionListeners: [org.springframework.test.context.support.DirtiesContextBeforeModesTestExecutionListener@70b5ea27, org.springframework.test.context.event.ApplicationEventsTestExecutionListener@44d8e130, org.springframework.test.context.support.DependencyInjectionTestExecutionListener@3d9188de, org.springframework.test.context.support.DirtiesContextTestExecutionListener@349ff599, org.springframework.test.context.event.EventPublishingTestExecutionListener@6ba4d5ff]
23:22:39.079 [main] INFO  AbstractTestContextBootstrapper - Using TestExecutionListeners: [org.springframework.test.context.support.DirtiesContextBeforeModesTestExecutionListener@30fc1d0c, org.springframework.test.context.event.ApplicationEventsTestExecutionListener@151ddfc6, org.springframework.test.context.support.DependencyInjectionTestExecutionListener@638d0527, org.springframework.test.context.support.DirtiesContextTestExecutionListener@e9f28, org.springframework.test.context.event.EventPublishingTestExecutionListener@50caf658]
23:22:41.840 [TestNG-test=Surefire test-1] INFO  AbstractTestContextBootstrapper - Neither @ContextConfiguration nor @ContextHierarchy found for test class [org.fluentlenium.adapter.testng.SpringTestNGControl], using DelegatingSmartContextLoader
23:22:41.841 [TestNG-test=Surefire test-1] INFO  AbstractContextLoader - Could not detect default resource locations for test class [org.fluentlenium.adapter.testng.SpringTestNGControl]: no resource found for suffixes {-context.xml}.
23:22:41.843 [TestNG-test=Surefire test-1] INFO  AnnotationConfigContextLoaderUtils - Could not detect default configuration classes for test class [org.fluentlenium.adapter.testng.SpringTestNGControl]: SpringTestNGControl does not declare any static, non-private, non-final, nested classes annotated with @Configuration.
23:22:41.847 [TestNG-test=Surefire test-1] INFO  AbstractTestContextBootstrapper - Using TestExecutionListeners: [org.springframework.test.context.support.DirtiesContextBeforeModesTestExecutionListener@4c08d683, org.springframework.test.context.event.ApplicationEventsTestExecutionListener@5e69ec6d, org.springframework.test.context.support.DependencyInjectionTestExecutionListener@3a171, org.springframework.test.context.support.DirtiesContextTestExecutionListener@55c056a5, org.springframework.test.context.event.EventPublishingTestExecutionListener@5f763e50]
23:22:41.877 [TestNG-test=Surefire test-1] INFO  AbstractTestContextBootstrapper - Neither @ContextConfiguration nor @ContextHierarchy found for test class [org.fluentlenium.adapter.testng.SpringTestNGControl], using DelegatingSmartContextLoader
23:22:41.878 [TestNG-test=Surefire test-1] INFO  AbstractContextLoader - Could not detect default resource locations for test class [org.fluentlenium.adapter.testng.SpringTestNGControl]: no resource found for suffixes {-context.xml}.
23:22:41.878 [TestNG-test=Surefire test-1] INFO  AnnotationConfigContextLoaderUtils - Could not detect default configuration classes for test class [org.fluentlenium.adapter.testng.SpringTestNGControl]: SpringTestNGControl does not declare any static, non-private, non-final, nested classes annotated with @Configuration.
23:22:41.880 [TestNG-test=Surefire test-1] INFO  AbstractTestContextBootstrapper - Using TestExecutionListeners: [org.springframework.test.context.support.DirtiesContextBeforeModesTestExecutionListener@293b6ea5, org.springframework.test.context.event.ApplicationEventsTestExecutionListener@3300dc64, org.springframework.test.context.support.DependencyInjectionTestExecutionListener@48ac4b21, org.springframework.test.context.support.DirtiesContextTestExecutionListener@9b76a29, org.springframework.test.context.event.EventPublishingTestExecutionListener@7b8b63fc]
23:22:41.889 [TestNG-test=Surefire test-1] INFO  AbstractTestContextBootstrapper - Neither @ContextConfiguration nor @ContextHierarchy found for test class [org.fluentlenium.adapter.testng.SpringTestNGControl], using DelegatingSmartContextLoader
23:22:41.889 [TestNG-test=Surefire test-1] INFO  AbstractContextLoader - Could not detect default resource locations for test class [org.fluentlenium.adapter.testng.SpringTestNGControl]: no resource found for suffixes {-context.xml}.
23:22:41.890 [TestNG-test=Surefire test-1] INFO  AnnotationConfigContextLoaderUtils - Could not detect default configuration classes for test class [org.fluentlenium.adapter.testng.SpringTestNGControl]: SpringTestNGControl does not declare any static, non-private, non-final, nested classes annotated with @Configuration.
23:22:41.891 [TestNG-test=Surefire test-1] INFO  AbstractTestContextBootstrapper - Using TestExecutionListeners: [org.springframework.test.context.support.DirtiesContextBeforeModesTestExecutionListener@3e37fe8e, org.springframework.test.context.event.ApplicationEventsTestExecutionListener@59f18e8f, org.springframework.test.context.support.DependencyInjectionTestExecutionListener@55c7a909, org.springframework.test.context.support.DirtiesContextTestExecutionListener@33978a20, org.springframework.test.context.event.EventPublishingTestExecutionListener@3255c152]
23:22:41.897 [TestNG-test=Surefire test-1] INFO  AbstractTestContextBootstrapper - Neither @ContextConfiguration nor @ContextHierarchy found for test class [org.fluentlenium.adapter.testng.SpringTestNGControl], using DelegatingSmartContextLoader
23:22:41.897 [TestNG-test=Surefire test-1] INFO  AbstractContextLoader - Could not detect default resource locations for test class [org.fluentlenium.adapter.testng.SpringTestNGControl]: no resource found for suffixes {-context.xml}.
23:22:41.897 [TestNG-test=Surefire test-1] INFO  AnnotationConfigContextLoaderUtils - Could not detect default configuration classes for test class [org.fluentlenium.adapter.testng.SpringTestNGControl]: SpringTestNGControl does not declare any static, non-private, non-final, nested classes annotated with @Configuration.
23:22:41.899 [TestNG-test=Surefire test-1] INFO  AbstractTestContextBootstrapper - Using TestExecutionListeners: [org.springframework.test.context.support.DirtiesContextBeforeModesTestExecutionListener@4a93a06c, org.springframework.test.context.event.ApplicationEventsTestExecutionListener@60b5e660, org.springframework.test.context.support.DependencyInjectionTestExecutionListener@7ba4f61e, org.springframework.test.context.support.DirtiesContextTestExecutionListener@3f4e0780, org.springframework.test.context.event.EventPublishingTestExecutionListener@688950c5]
23:22:41.903 [TestNG-test=Surefire test-1] INFO  AbstractTestContextBootstrapper - Neither @ContextConfiguration nor @ContextHierarchy found for test class [org.fluentlenium.adapter.testng.SpringTestNGControl], using DelegatingSmartContextLoader
23:22:41.903 [TestNG-test=Surefire test-1] INFO  AbstractContextLoader - Could not detect default resource locations for test class [org.fluentlenium.adapter.testng.SpringTestNGControl]: no resource found for suffixes {-context.xml}.
23:22:41.903 [TestNG-test=Surefire test-1] INFO  AnnotationConfigContextLoaderUtils - Could not detect default configuration classes for test class [org.fluentlenium.adapter.testng.SpringTestNGControl]: SpringTestNGControl does not declare any static, non-private, non-final, nested classes annotated with @Configuration.
23:22:41.905 [TestNG-test=Surefire test-1] INFO  AbstractTestContextBootstrapper - Using TestExecutionListeners: [org.springframework.test.context.support.DirtiesContextBeforeModesTestExecutionListener@35377874, org.springframework.test.context.event.ApplicationEventsTestExecutionListener@477d9098, org.springframework.test.context.support.DependencyInjectionTestExecutionListener@245af1ed, org.springframework.test.context.support.DirtiesContextTestExecutionListener@440f2610, org.springframework.test.context.event.EventPublishingTestExecutionListener@4af5023d]
23:22:41.908 [TestNG-test=Surefire test-1] INFO  AbstractTestContextBootstrapper - Neither @ContextConfiguration nor @ContextHierarchy found for test class [org.fluentlenium.adapter.testng.SpringTestNGControl], using DelegatingSmartContextLoader
23:22:41.908 [TestNG-test=Surefire test-1] INFO  AbstractContextLoader - Could not detect default resource locations for test class [org.fluentlenium.adapter.testng.SpringTestNGControl]: no resource found for suffixes {-context.xml}.
23:22:41.908 [TestNG-test=Surefire test-1] INFO  AnnotationConfigContextLoaderUtils - Could not detect default configuration classes for test class [org.fluentlenium.adapter.testng.SpringTestNGControl]: SpringTestNGControl does not declare any static, non-private, non-final, nested classes annotated with @Configuration.
23:22:41.910 [TestNG-test=Surefire test-1] INFO  AbstractTestContextBootstrapper - Using TestExecutionListeners: [org.springframework.test.context.support.DirtiesContextBeforeModesTestExecutionListener@5cdfcbea, org.springframework.test.context.event.ApplicationEventsTestExecutionListener@5395e634, org.springframework.test.context.support.DependencyInjectionTestExecutionListener@54a800b6, org.springframework.test.context.support.DirtiesContextTestExecutionListener@6f584d91, org.springframework.test.context.event.EventPublishingTestExecutionListener@4d7a5b0b]
23:22:41.913 [TestNG-test=Surefire test-1] INFO  AbstractTestContextBootstrapper - Neither @ContextConfiguration nor @ContextHierarchy found for test class [org.fluentlenium.adapter.testng.SpringTestNGControl], using DelegatingSmartContextLoader
23:22:41.913 [TestNG-test=Surefire test-1] INFO  AbstractContextLoader - Could not detect default resource locations for test class [org.fluentlenium.adapter.testng.SpringTestNGControl]: no resource found for suffixes {-context.xml}.
23:22:41.913 [TestNG-test=Surefire test-1] INFO  AnnotationConfigContextLoaderUtils - Could not detect default configuration classes for test class [org.fluentlenium.adapter.testng.SpringTestNGControl]: SpringTestNGControl does not declare any static, non-private, non-final, nested classes annotated with @Configuration.
23:22:41.915 [TestNG-test=Surefire test-1] INFO  AbstractTestContextBootstrapper - Using TestExecutionListeners: [org.springframework.test.context.support.DirtiesContextBeforeModesTestExecutionListener@6afbdb9c, org.springframework.test.context.event.ApplicationEventsTestExecutionListener@52432fa2, org.springframework.test.context.support.DependencyInjectionTestExecutionListener@3316b376, org.springframework.test.context.support.DirtiesContextTestExecutionListener@7d7cddcd, org.springframework.test.context.event.EventPublishingTestExecutionListener@496fdec5]
23:22:41.917 [TestNG-test=Surefire test-1] INFO  AbstractTestContextBootstrapper - Neither @ContextConfiguration nor @ContextHierarchy found for test class [org.fluentlenium.adapter.testng.SpringTestNGControl], using DelegatingSmartContextLoader
23:22:41.918 [TestNG-test=Surefire test-1] INFO  AbstractContextLoader - Could not detect default resource locations for test class [org.fluentlenium.adapter.testng.SpringTestNGControl]: no resource found for suffixes {-context.xml}.
23:22:41.918 [TestNG-test=Surefire test-1] INFO  AnnotationConfigContextLoaderUtils - Could not detect default configuration classes for test class [org.fluentlenium.adapter.testng.SpringTestNGControl]: SpringTestNGControl does not declare any static, non-private, non-final, nested classes annotated with @Configuration.
23:22:41.920 [TestNG-test=Surefire test-1] INFO  AbstractTestContextBootstrapper - Using TestExecutionListeners: [org.springframework.test.context.support.DirtiesContextBeforeModesTestExecutionListener@62b02a52, org.springframework.test.context.event.ApplicationEventsTestExecutionListener@462d1bbd, org.springframework.test.context.support.DependencyInjectionTestExecutionListener@20f90c5d, org.springframework.test.context.support.DirtiesContextTestExecutionListener@65aeea2, org.springframework.test.context.event.EventPublishingTestExecutionListener@65dba681]
23:22:41.922 [TestNG-test=Surefire test-1] INFO  AbstractTestContextBootstrapper - Neither @ContextConfiguration nor @ContextHierarchy found for test class [org.fluentlenium.adapter.testng.SpringTestNGControl], using DelegatingSmartContextLoader
23:22:41.923 [TestNG-test=Surefire test-1] INFO  AbstractContextLoader - Could not detect default resource locations for test class [org.fluentlenium.adapter.testng.SpringTestNGControl]: no resource found for suffixes {-context.xml}.
23:22:41.923 [TestNG-test=Surefire test-1] INFO  AnnotationConfigContextLoaderUtils - Could not detect default configuration classes for test class [org.fluentlenium.adapter.testng.SpringTestNGControl]: SpringTestNGControl does not declare any static, non-private, non-final, nested classes annotated with @Configuration.
23:22:41.925 [TestNG-test=Surefire test-1] INFO  AbstractTestContextBootstrapper - Using TestExecutionListeners: [org.springframework.test.context.support.DirtiesContextBeforeModesTestExecutionListener@4592cbd6, org.springframework.test.context.event.ApplicationEventsTestExecutionListener@3bbfc68a, org.springframework.test.context.support.DependencyInjectionTestExecutionListener@b976445, org.springframework.test.context.support.DirtiesContextTestExecutionListener@549b6461, org.springframework.test.context.event.EventPublishingTestExecutionListener@784d95f]
23:22:41.928 [TestNG-test=Surefire test-1] INFO  AbstractTestContextBootstrapper - Neither @ContextConfiguration nor @ContextHierarchy found for test class [org.fluentlenium.adapter.testng.SpringTestNGControl], using DelegatingSmartContextLoader
23:22:41.928 [TestNG-test=Surefire test-1] INFO  AbstractContextLoader - Could not detect default resource locations for test class [org.fluentlenium.adapter.testng.SpringTestNGControl]: no resource found for suffixes {-context.xml}.
23:22:41.928 [TestNG-test=Surefire test-1] INFO  AnnotationConfigContextLoaderUtils - Could not detect default configuration classes for test class [org.fluentlenium.adapter.testng.SpringTestNGControl]: SpringTestNGControl does not declare any static, non-private, non-final, nested classes annotated with @Configuration.
23:22:41.929 [TestNG-test=Surefire test-1] INFO  AbstractTestContextBootstrapper - Using TestExecutionListeners: [org.springframework.test.context.support.DirtiesContextBeforeModesTestExecutionListener@782e3b7b, org.springframework.test.context.event.ApplicationEventsTestExecutionListener@3f8292ee, org.springframework.test.context.support.DependencyInjectionTestExecutionListener@64589781, org.springframework.test.context.support.DirtiesContextTestExecutionListener@4ee2cf92, org.springframework.test.context.event.EventPublishingTestExecutionListener@471ec0d6]
23:22:41.933 [TestNG-test=Surefire test-1] INFO  AbstractTestContextBootstrapper - Neither @ContextConfiguration nor @ContextHierarchy found for test class [org.fluentlenium.adapter.testng.SpringTestNGControl], using DelegatingSmartContextLoader
23:22:41.933 [TestNG-test=Surefire test-1] INFO  AbstractContextLoader - Could not detect default resource locations for test class [org.fluentlenium.adapter.testng.SpringTestNGControl]: no resource found for suffixes {-context.xml}.
23:22:41.934 [TestNG-test=Surefire test-1] INFO  AnnotationConfigContextLoaderUtils - Could not detect default configuration classes for test class [org.fluentlenium.adapter.testng.SpringTestNGControl]: SpringTestNGControl does not declare any static, non-private, non-final, nested classes annotated with @Configuration.
23:22:41.935 [TestNG-test=Surefire test-1] INFO  AbstractTestContextBootstrapper - Using TestExecutionListeners: [org.springframework.test.context.support.DirtiesContextBeforeModesTestExecutionListener@37475f37, org.springframework.test.context.event.ApplicationEventsTestExecutionListener@6ceaccd8, org.springframework.test.context.support.DependencyInjectionTestExecutionListener@67567e16, org.springframework.test.context.support.DirtiesContextTestExecutionListener@158c57c3, org.springframework.test.context.event.EventPublishingTestExecutionListener@18bf0ca2]
23:22:41.939 [TestNG-test=Surefire test-1] INFO  AbstractTestContextBootstrapper - Neither @ContextConfiguration nor @ContextHierarchy found for test class [org.fluentlenium.adapter.testng.SpringTestNGControl], using DelegatingSmartContextLoader
23:22:41.940 [TestNG-test=Surefire test-1] INFO  AbstractContextLoader - Could not detect default resource locations for test class [org.fluentlenium.adapter.testng.SpringTestNGControl]: no resource found for suffixes {-context.xml}.
23:22:41.940 [TestNG-test=Surefire test-1] INFO  AnnotationConfigContextLoaderUtils - Could not detect default configuration classes for test class [org.fluentlenium.adapter.testng.SpringTestNGControl]: SpringTestNGControl does not declare any static, non-private, non-final, nested classes annotated with @Configuration.
23:22:41.941 [TestNG-test=Surefire test-1] INFO  AbstractTestContextBootstrapper - Using TestExecutionListeners: [org.springframework.test.context.support.DirtiesContextBeforeModesTestExecutionListener@66406506, org.springframework.test.context.event.ApplicationEventsTestExecutionListener@42107409, org.springframework.test.context.support.DependencyInjectionTestExecutionListener@4bf2fcd8, org.springframework.test.context.support.DirtiesContextTestExecutionListener@3063a3aa, org.springframework.test.context.event.EventPublishingTestExecutionListener@556e98f5]
23:22:41.944 [TestNG-test=Surefire test-1] INFO  AbstractTestContextBootstrapper - Neither @ContextConfiguration nor @ContextHierarchy found for test class [org.fluentlenium.adapter.testng.SpringTestNGControl], using DelegatingSmartContextLoader
23:22:41.945 [TestNG-test=Surefire test-1] INFO  AbstractContextLoader - Could not detect default resource locations for test class [org.fluentlenium.adapter.testng.SpringTestNGControl]: no resource found for suffixes {-context.xml}.
23:22:41.945 [TestNG-test=Surefire test-1] INFO  AnnotationConfigContextLoaderUtils - Could not detect default configuration classes for test class [org.fluentlenium.adapter.testng.SpringTestNGControl]: SpringTestNGControl does not declare any static, non-private, non-final, nested classes annotated with @Configuration.
23:22:41.946 [TestNG-test=Surefire test-1] INFO  AbstractTestContextBootstrapper - Using TestExecutionListeners: [org.springframework.test.context.support.DirtiesContextBeforeModesTestExecutionListener@5e5e3367, org.springframework.test.context.event.ApplicationEventsTestExecutionListener@259eb4fd, org.springframework.test.context.support.DependencyInjectionTestExecutionListener@2f5d32ac, org.springframework.test.context.support.DirtiesContextTestExecutionListener@60bd9ad8, org.springframework.test.context.event.EventPublishingTestExecutionListener@4fd758a3]
23:22:41.948 [TestNG-test=Surefire test-1] INFO  AbstractTestContextBootstrapper - Neither @ContextConfiguration nor @ContextHierarchy found for test class [org.fluentlenium.adapter.testng.SpringTestNGControl], using DelegatingSmartContextLoader
23:22:41.949 [TestNG-test=Surefire test-1] INFO  AbstractContextLoader - Could not detect default resource locations for test class [org.fluentlenium.adapter.testng.SpringTestNGControl]: no resource found for suffixes {-context.xml}.
23:22:41.949 [TestNG-test=Surefire test-1] INFO  AnnotationConfigContextLoaderUtils - Could not detect default configuration classes for test class [org.fluentlenium.adapter.testng.SpringTestNGControl]: SpringTestNGControl does not declare any static, non-private, non-final, nested classes annotated with @Configuration.
23:22:41.950 [TestNG-test=Surefire test-1] INFO  AbstractTestContextBootstrapper - Using TestExecutionListeners: [org.springframework.test.context.support.DirtiesContextBeforeModesTestExecutionListener@7be4abb5, org.springframework.test.context.event.ApplicationEventsTestExecutionListener@6b9b0f18, org.springframework.test.context.support.DependencyInjectionTestExecutionListener@54753d90, org.springframework.test.context.support.DirtiesContextTestExecutionListener@5f955db1, org.springframework.test.context.event.EventPublishingTestExecutionListener@1f2ecf5]
23:22:41.952 [TestNG-test=Surefire test-1] INFO  AbstractTestContextBootstrapper - Neither @ContextConfiguration nor @ContextHierarchy found for test class [org.fluentlenium.adapter.testng.SpringTestNGControl], using DelegatingSmartContextLoader
23:22:41.953 [TestNG-test=Surefire test-1] INFO  AbstractContextLoader - Could not detect default resource locations for test class [org.fluentlenium.adapter.testng.SpringTestNGControl]: no resource found for suffixes {-context.xml}.
23:22:41.953 [TestNG-test=Surefire test-1] INFO  AnnotationConfigContextLoaderUtils - Could not detect default configuration classes for test class [org.fluentlenium.adapter.testng.SpringTestNGControl]: SpringTestNGControl does not declare any static, non-private, non-final, nested classes annotated with @Configuration.
23:22:41.954 [TestNG-test=Surefire test-1] INFO  AbstractTestContextBootstrapper - Using TestExecutionListeners: [org.springframework.test.context.support.DirtiesContextBeforeModesTestExecutionListener@776ffc38, org.springframework.test.context.event.ApplicationEventsTestExecutionListener@31d021df, org.springframework.test.context.support.DependencyInjectionTestExecutionListener@7bf8f83d, org.springframework.test.context.support.DirtiesContextTestExecutionListener@31df10d7, org.springframework.test.context.event.EventPublishingTestExecutionListener@39d9a4e8]
23:22:41.957 [TestNG-test=Surefire test-1] INFO  AbstractTestContextBootstrapper - Neither @ContextConfiguration nor @ContextHierarchy found for test class [org.fluentlenium.adapter.testng.SpringTestNGControl], using DelegatingSmartContextLoader
23:22:41.957 [TestNG-test=Surefire test-1] INFO  AbstractContextLoader - Could not detect default resource locations for test class [org.fluentlenium.adapter.testng.SpringTestNGControl]: no resource found for suffixes {-context.xml}.
23:22:41.957 [TestNG-test=Surefire test-1] INFO  AnnotationConfigContextLoaderUtils - Could not detect default configuration classes for test class [org.fluentlenium.adapter.testng.SpringTestNGControl]: SpringTestNGControl does not declare any static, non-private, non-final, nested classes annotated with @Configuration.
23:22:41.958 [TestNG-test=Surefire test-1] INFO  AbstractTestContextBootstrapper - Using TestExecutionListeners: [org.springframework.test.context.support.DirtiesContextBeforeModesTestExecutionListener@1bff6461, org.springframework.test.context.event.ApplicationEventsTestExecutionListener@466c96e6, org.springframework.test.context.support.DependencyInjectionTestExecutionListener@460f2004, org.springframework.test.context.support.DirtiesContextTestExecutionListener@3d41ef27, org.springframework.test.context.event.EventPublishingTestExecutionListener@5d7d4882]
23:22:41.961 [TestNG-test=Surefire test-1] INFO  AbstractTestContextBootstrapper - Neither @ContextConfiguration nor @ContextHierarchy found for test class [org.fluentlenium.adapter.testng.SpringTestNGControl], using DelegatingSmartContextLoader
23:22:41.961 [TestNG-test=Surefire test-1] INFO  AbstractContextLoader - Could not detect default resource locations for test class [org.fluentlenium.adapter.testng.SpringTestNGControl]: no resource found for suffixes {-context.xml}.
23:22:41.962 [TestNG-test=Surefire test-1] INFO  AnnotationConfigContextLoaderUtils - Could not detect default configuration classes for test class [org.fluentlenium.adapter.testng.SpringTestNGControl]: SpringTestNGControl does not declare any static, non-private, non-final, nested classes annotated with @Configuration.
23:22:41.963 [TestNG-test=Surefire test-1] INFO  AbstractTestContextBootstrapper - Using TestExecutionListeners: [org.springframework.test.context.support.DirtiesContextBeforeModesTestExecutionListener@360137a5, org.springframework.test.context.event.ApplicationEventsTestExecutionListener@2a7f877b, org.springframework.test.context.support.DependencyInjectionTestExecutionListener@47a7d080, org.springframework.test.context.support.DirtiesContextTestExecutionListener@5bf444f7, org.springframework.test.context.event.EventPublishingTestExecutionListener@6477fc33]
23:22:41.965 [TestNG-test=Surefire test-1] INFO  AbstractTestContextBootstrapper - Neither @ContextConfiguration nor @ContextHierarchy found for test class [org.fluentlenium.adapter.testng.SpringTestNGControl], using DelegatingSmartContextLoader
23:22:41.966 [TestNG-test=Surefire test-1] INFO  AbstractContextLoader - Could not detect default resource locations for test class [org.fluentlenium.adapter.testng.SpringTestNGControl]: no resource found for suffixes {-context.xml}.
23:22:41.966 [TestNG-test=Surefire test-1] INFO  AnnotationConfigContextLoaderUtils - Could not detect default configuration classes for test class [org.fluentlenium.adapter.testng.SpringTestNGControl]: SpringTestNGControl does not declare any static, non-private, non-final, nested classes annotated with @Configuration.
23:22:41.967 [TestNG-test=Surefire test-1] INFO  AbstractTestContextBootstrapper - Using TestExecutionListeners: [org.springframework.test.context.support.DirtiesContextBeforeModesTestExecutionListener@698292e7, org.springframework.test.context.event.ApplicationEventsTestExecutionListener@59b63770, org.springframework.test.context.support.DependencyInjectionTestExecutionListener@5ad44740, org.springframework.test.context.support.DirtiesContextTestExecutionListener@26d97821, org.springframework.test.context.event.EventPublishingTestExecutionListener@5bb1c3b7]
23:22:41.969 [TestNG-test=Surefire test-1] INFO  AbstractTestContextBootstrapper - Neither @ContextConfiguration nor @ContextHierarchy found for test class [org.fluentlenium.adapter.testng.SpringTestNGControl], using DelegatingSmartContextLoader
23:22:41.969 [TestNG-test=Surefire test-1] INFO  AbstractContextLoader - Could not detect default resource locations for test class [org.fluentlenium.adapter.testng.SpringTestNGControl]: no resource found for suffixes {-context.xml}.
23:22:41.970 [TestNG-test=Surefire test-1] INFO  AnnotationConfigContextLoaderUtils - Could not detect default configuration classes for test class [org.fluentlenium.adapter.testng.SpringTestNGControl]: SpringTestNGControl does not declare any static, non-private, non-final, nested classes annotated with @Configuration.
23:22:41.971 [TestNG-test=Surefire test-1] INFO  AbstractTestContextBootstrapper - Using TestExecutionListeners: [org.springframework.test.context.support.DirtiesContextBeforeModesTestExecutionListener@7b6bf59e, org.springframework.test.context.event.ApplicationEventsTestExecutionListener@3636429d, org.springframework.test.context.support.DependencyInjectionTestExecutionListener@5d237b88, org.springframework.test.context.support.DirtiesContextTestExecutionListener@7cb5a4bf, org.springframework.test.context.event.EventPublishingTestExecutionListener@58d669b2]
23:22:41.973 [TestNG-test=Surefire test-1] INFO  AbstractTestContextBootstrapper - Neither @ContextConfiguration nor @ContextHierarchy found for test class [org.fluentlenium.adapter.testng.SpringTestNGControl], using DelegatingSmartContextLoader
23:22:41.973 [TestNG-test=Surefire test-1] INFO  AbstractContextLoader - Could not detect default resource locations for test class [org.fluentlenium.adapter.testng.SpringTestNGControl]: no resource found for suffixes {-context.xml}.
23:22:41.973 [TestNG-test=Surefire test-1] INFO  AnnotationConfigContextLoaderUtils - Could not detect default configuration classes for test class [org.fluentlenium.adapter.testng.SpringTestNGControl]: SpringTestNGControl does not declare any static, non-private, non-final, nested classes annotated with @Configuration.
23:22:41.974 [TestNG-test=Surefire test-1] INFO  AbstractTestContextBootstrapper - Using TestExecutionListeners: [org.springframework.test.context.support.DirtiesContextBeforeModesTestExecutionListener@452f79c0, org.springframework.test.context.event.ApplicationEventsTestExecutionListener@37142cbd, org.springframework.test.context.support.DependencyInjectionTestExecutionListener@6eabbc0c, org.springframework.test.context.support.DirtiesContextTestExecutionListener@3dd52c0, org.springframework.test.context.event.EventPublishingTestExecutionListener@3d82ca02]
23:22:41.976 [TestNG-test=Surefire test-1] INFO  AbstractTestContextBootstrapper - Neither @ContextConfiguration nor @ContextHierarchy found for test class [org.fluentlenium.adapter.testng.SpringTestNGControl], using DelegatingSmartContextLoader
23:22:41.977 [TestNG-test=Surefire test-1] INFO  AbstractContextLoader - Could not detect default resource locations for test class [org.fluentlenium.adapter.testng.SpringTestNGControl]: no resource found for suffixes {-context.xml}.
23:22:41.977 [TestNG-test=Surefire test-1] INFO  AnnotationConfigContextLoaderUtils - Could not detect default configuration classes for test class [org.fluentlenium.adapter.testng.SpringTestNGControl]: SpringTestNGControl does not declare any static, non-private, non-final, nested classes annotated with @Configuration.
23:22:41.978 [TestNG-test=Surefire test-1] INFO  AbstractTestContextBootstrapper - Using TestExecutionListeners: [org.springframework.test.context.support.DirtiesContextBeforeModesTestExecutionListener@6fd56985, org.springframework.test.context.event.ApplicationEventsTestExecutionListener@74f51ea3, org.springframework.test.context.support.DependencyInjectionTestExecutionListener@5a32b1e, org.springframework.test.context.support.DirtiesContextTestExecutionListener@7f44cb69, org.springframework.test.context.event.EventPublishingTestExecutionListener@3b990c45]
23:22:41.995 [TestNG-test=Surefire test-1] INFO  AbstractTestContextBootstrapper - Neither @ContextConfiguration nor @ContextHierarchy found for test class [org.fluentlenium.adapter.testng.SpringTestNGControl], using DelegatingSmartContextLoader
23:22:41.995 [TestNG-test=Surefire test-1] INFO  AbstractContextLoader - Could not detect default resource locations for test class [org.fluentlenium.adapter.testng.SpringTestNGControl]: no resource found for suffixes {-context.xml}.
23:22:41.996 [TestNG-test=Surefire test-1] INFO  AnnotationConfigContextLoaderUtils - Could not detect default configuration classes for test class [org.fluentlenium.adapter.testng.SpringTestNGControl]: SpringTestNGControl does not declare any static, non-private, non-final, nested classes annotated with @Configuration.
23:22:41.997 [TestNG-test=Surefire test-1] INFO  AbstractTestContextBootstrapper - Using TestExecutionListeners: [org.springframework.test.context.support.DirtiesContextBeforeModesTestExecutionListener@30ffb520, org.springframework.test.context.event.ApplicationEventsTestExecutionListener@4fd32be9, org.springframework.test.context.support.DependencyInjectionTestExecutionListener@30f9ffd4, org.springframework.test.context.support.DirtiesContextTestExecutionListener@3e79d201, org.springframework.test.context.event.EventPublishingTestExecutionListener@7362365b]
23:22:41.999 [TestNG-test=Surefire test-1] INFO  AbstractTestContextBootstrapper - Neither @ContextConfiguration nor @ContextHierarchy found for test class [org.fluentlenium.adapter.testng.SpringTestNGControl], using DelegatingSmartContextLoader
23:22:42.000 [TestNG-test=Surefire test-1] INFO  AbstractContextLoader - Could not detect default resource locations for test class [org.fluentlenium.adapter.testng.SpringTestNGControl]: no resource found for suffixes {-context.xml}.
23:22:42.000 [TestNG-test=Surefire test-1] INFO  AnnotationConfigContextLoaderUtils - Could not detect default configuration classes for test class [org.fluentlenium.adapter.testng.SpringTestNGControl]: SpringTestNGControl does not declare any static, non-private, non-final, nested classes annotated with @Configuration.
23:22:42.001 [TestNG-test=Surefire test-1] INFO  AbstractTestContextBootstrapper - Using TestExecutionListeners: [org.springframework.test.context.support.DirtiesContextBeforeModesTestExecutionListener@6d1f8ede, org.springframework.test.context.event.ApplicationEventsTestExecutionListener@45cf4ebe, org.springframework.test.context.support.DependencyInjectionTestExecutionListener@4fea16d6, org.springframework.test.context.support.DirtiesContextTestExecutionListener@6aadbc73, org.springframework.test.context.event.EventPublishingTestExecutionListener@7bd5b686]
23:22:42.004 [TestNG-test=Surefire test-1] INFO  AbstractTestContextBootstrapper - Neither @ContextConfiguration nor @ContextHierarchy found for test class [org.fluentlenium.adapter.testng.SpringTestNGControl], using DelegatingSmartContextLoader
23:22:42.004 [TestNG-test=Surefire test-1] INFO  AbstractContextLoader - Could not detect default resource locations for test class [org.fluentlenium.adapter.testng.SpringTestNGControl]: no resource found for suffixes {-context.xml}.
23:22:42.004 [TestNG-test=Surefire test-1] INFO  AnnotationConfigContextLoaderUtils - Could not detect default configuration classes for test class [org.fluentlenium.adapter.testng.SpringTestNGControl]: SpringTestNGControl does not declare any static, non-private, non-final, nested classes annotated with @Configuration.
23:22:42.005 [TestNG-test=Surefire test-1] INFO  AbstractTestContextBootstrapper - Using TestExecutionListeners: [org.springframework.test.context.support.DirtiesContextBeforeModesTestExecutionListener@56cb56a2, org.springframework.test.context.event.ApplicationEventsTestExecutionListener@72a8f5d9, org.springframework.test.context.support.DependencyInjectionTestExecutionListener@4a0a71f8, org.springframework.test.context.support.DirtiesContextTestExecutionListener@6268710a, org.springframework.test.context.event.EventPublishingTestExecutionListener@6e1a45a3]
23:22:42.007 [TestNG-test=Surefire test-1] INFO  AbstractTestContextBootstrapper - Neither @ContextConfiguration nor @ContextHierarchy found for test class [org.fluentlenium.adapter.testng.SpringTestNGControl], using DelegatingSmartContextLoader
23:22:42.008 [TestNG-test=Surefire test-1] INFO  AbstractContextLoader - Could not detect default resource locations for test class [org.fluentlenium.adapter.testng.SpringTestNGControl]: no resource found for suffixes {-context.xml}.
23:22:42.008 [TestNG-test=Surefire test-1] INFO  AnnotationConfigContextLoaderUtils - Could not detect default configuration classes for test class [org.fluentlenium.adapter.testng.SpringTestNGControl]: SpringTestNGControl does not declare any static, non-private, non-final, nested classes annotated with @Configuration.
23:22:42.009 [TestNG-test=Surefire test-1] INFO  AbstractTestContextBootstrapper - Using TestExecutionListeners: [org.springframework.test.context.support.DirtiesContextBeforeModesTestExecutionListener@5eeb034, org.springframework.test.context.event.ApplicationEventsTestExecutionListener@5afe8a21, org.springframework.test.context.support.DependencyInjectionTestExecutionListener@4b40107c, org.springframework.test.context.support.DirtiesContextTestExecutionListener@bec293, org.springframework.test.context.event.EventPublishingTestExecutionListener@7021bda0]
23:22:42.011 [TestNG-test=Surefire test-1] INFO  AbstractTestContextBootstrapper - Neither @ContextConfiguration nor @ContextHierarchy found for test class [org.fluentlenium.adapter.testng.SpringTestNGControl], using DelegatingSmartContextLoader
23:22:42.012 [TestNG-test=Surefire test-1] INFO  AbstractContextLoader - Could not detect default resource locations for test class [org.fluentlenium.adapter.testng.SpringTestNGControl]: no resource found for suffixes {-context.xml}.
23:22:42.012 [TestNG-test=Surefire test-1] INFO  AnnotationConfigContextLoaderUtils - Could not detect default configuration classes for test class [org.fluentlenium.adapter.testng.SpringTestNGControl]: SpringTestNGControl does not declare any static, non-private, non-final, nested classes annotated with @Configuration.
23:22:42.013 [TestNG-test=Surefire test-1] INFO  AbstractTestContextBootstrapper - Using TestExecutionListeners: [org.springframework.test.context.support.DirtiesContextBeforeModesTestExecutionListener@6e54c307, org.springframework.test.context.event.ApplicationEventsTestExecutionListener@4a301431, org.springframework.test.context.support.DependencyInjectionTestExecutionListener@155ced6a, org.springframework.test.context.support.DirtiesContextTestExecutionListener@6c7a36d8, org.springframework.test.context.event.EventPublishingTestExecutionListener@24fe9cab]
23:22:42.015 [TestNG-test=Surefire test-1] INFO  AbstractTestContextBootstrapper - Neither @ContextConfiguration nor @ContextHierarchy found for test class [org.fluentlenium.adapter.testng.SpringTestNGControl], using DelegatingSmartContextLoader
23:22:42.016 [TestNG-test=Surefire test-1] INFO  AbstractContextLoader - Could not detect default resource locations for test class [org.fluentlenium.adapter.testng.SpringTestNGControl]: no resource found for suffixes {-context.xml}.
23:22:42.016 [TestNG-test=Surefire test-1] INFO  AnnotationConfigContextLoaderUtils - Could not detect default configuration classes for test class [org.fluentlenium.adapter.testng.SpringTestNGControl]: SpringTestNGControl does not declare any static, non-private, non-final, nested classes annotated with @Configuration.
23:22:42.017 [TestNG-test=Surefire test-1] INFO  AbstractTestContextBootstrapper - Using TestExecutionListeners: [org.springframework.test.context.support.DirtiesContextBeforeModesTestExecutionListener@3806a871, org.springframework.test.context.event.ApplicationEventsTestExecutionListener@611f78d, org.springframework.test.context.support.DependencyInjectionTestExecutionListener@69f2b5bf, org.springframework.test.context.support.DirtiesContextTestExecutionListener@7930a35, org.springframework.test.context.event.EventPublishingTestExecutionListener@a5b7f96]
23:22:42.020 [TestNG-test=Surefire test-1] INFO  AbstractTestContextBootstrapper - Neither @ContextConfiguration nor @ContextHierarchy found for test class [org.fluentlenium.adapter.testng.SpringTestNGControl], using DelegatingSmartContextLoader
23:22:42.020 [TestNG-test=Surefire test-1] INFO  AbstractContextLoader - Could not detect default resource locations for test class [org.fluentlenium.adapter.testng.SpringTestNGControl]: no resource found for suffixes {-context.xml}.
23:22:42.020 [TestNG-test=Surefire test-1] INFO  AnnotationConfigContextLoaderUtils - Could not detect default configuration classes for test class [org.fluentlenium.adapter.testng.SpringTestNGControl]: SpringTestNGControl does not declare any static, non-private, non-final, nested classes annotated with @Configuration.
23:22:42.021 [TestNG-test=Surefire test-1] INFO  AbstractTestContextBootstrapper - Using TestExecutionListeners: [org.springframework.test.context.support.DirtiesContextBeforeModesTestExecutionListener@115296f8, org.springframework.test.context.event.ApplicationEventsTestExecutionListener@4a07a856, org.springframework.test.context.support.DependencyInjectionTestExecutionListener@1b077de1, org.springframework.test.context.support.DirtiesContextTestExecutionListener@4299a57b, org.springframework.test.context.event.EventPublishingTestExecutionListener@47791e86]
23:22:42.023 [TestNG-test=Surefire test-1] INFO  AbstractTestContextBootstrapper - Neither @ContextConfiguration nor @ContextHierarchy found for test class [org.fluentlenium.adapter.testng.SpringTestNGControl], using DelegatingSmartContextLoader
23:22:42.024 [TestNG-test=Surefire test-1] INFO  AbstractContextLoader - Could not detect default resource locations for test class [org.fluentlenium.adapter.testng.SpringTestNGControl]: no resource found for suffixes {-context.xml}.
23:22:42.024 [TestNG-test=Surefire test-1] INFO  AnnotationConfigContextLoaderUtils - Could not detect default configuration classes for test class [org.fluentlenium.adapter.testng.SpringTestNGControl]: SpringTestNGControl does not declare any static, non-private, non-final, nested classes annotated with @Configuration.
23:22:42.025 [TestNG-test=Surefire test-1] INFO  AbstractTestContextBootstrapper - Using TestExecutionListeners: [org.springframework.test.context.support.DirtiesContextBeforeModesTestExecutionListener@557f9e9c, org.springframework.test.context.event.ApplicationEventsTestExecutionListener@3472d4ed, org.springframework.test.context.support.DependencyInjectionTestExecutionListener@65e36042, org.springframework.test.context.support.DirtiesContextTestExecutionListener@4ec2c788, org.springframework.test.context.event.EventPublishingTestExecutionListener@67e02bb2]
23:22:42.027 [TestNG-test=Surefire test-1] INFO  AbstractTestContextBootstrapper - Neither @ContextConfiguration nor @ContextHierarchy found for test class [org.fluentlenium.adapter.testng.SpringTestNGControl], using DelegatingSmartContextLoader
23:22:42.027 [TestNG-test=Surefire test-1] INFO  AbstractContextLoader - Could not detect default resource locations for test class [org.fluentlenium.adapter.testng.SpringTestNGControl]: no resource found for suffixes {-context.xml}.
23:22:42.027 [TestNG-test=Surefire test-1] INFO  AnnotationConfigContextLoaderUtils - Could not detect default configuration classes for test class [org.fluentlenium.adapter.testng.SpringTestNGControl]: SpringTestNGControl does not declare any static, non-private, non-final, nested classes annotated with @Configuration.
23:22:42.028 [TestNG-test=Surefire test-1] INFO  AbstractTestContextBootstrapper - Using TestExecutionListeners: [org.springframework.test.context.support.DirtiesContextBeforeModesTestExecutionListener@13c6a026, org.springframework.test.context.event.ApplicationEventsTestExecutionListener@31a705cd, org.springframework.test.context.support.DependencyInjectionTestExecutionListener@4c79214a, org.springframework.test.context.support.DirtiesContextTestExecutionListener@45c1d4d8, org.springframework.test.context.event.EventPublishingTestExecutionListener@63208bd6]
23:22:42.030 [TestNG-test=Surefire test-1] INFO  AbstractTestContextBootstrapper - Neither @ContextConfiguration nor @ContextHierarchy found for test class [org.fluentlenium.adapter.testng.SpringTestNGControl], using DelegatingSmartContextLoader
23:22:42.031 [TestNG-test=Surefire test-1] INFO  AbstractContextLoader - Could not detect default resource locations for test class [org.fluentlenium.adapter.testng.SpringTestNGControl]: no resource found for suffixes {-context.xml}.
23:22:42.031 [TestNG-test=Surefire test-1] INFO  AnnotationConfigContextLoaderUtils - Could not detect default configuration classes for test class [org.fluentlenium.adapter.testng.SpringTestNGControl]: SpringTestNGControl does not declare any static, non-private, non-final, nested classes annotated with @Configuration.
23:22:42.032 [TestNG-test=Surefire test-1] INFO  AbstractTestContextBootstrapper - Using TestExecutionListeners: [org.springframework.test.context.support.DirtiesContextBeforeModesTestExecutionListener@23d680d9, org.springframework.test.context.event.ApplicationEventsTestExecutionListener@64a3a8a2, org.springframework.test.context.support.DependencyInjectionTestExecutionListener@57678f7f, org.springframework.test.context.support.DirtiesContextTestExecutionListener@23f4a5f5, org.springframework.test.context.event.EventPublishingTestExecutionListener@34b3291a]
23:22:42.034 [TestNG-test=Surefire test-1] INFO  AbstractTestContextBootstrapper - Neither @ContextConfiguration nor @ContextHierarchy found for test class [org.fluentlenium.adapter.testng.SpringTestNGControl], using DelegatingSmartContextLoader
23:22:42.034 [TestNG-test=Surefire test-1] INFO  AbstractContextLoader - Could not detect default resource locations for test class [org.fluentlenium.adapter.testng.SpringTestNGControl]: no resource found for suffixes {-context.xml}.
23:22:42.034 [TestNG-test=Surefire test-1] INFO  AnnotationConfigContextLoaderUtils - Could not detect default configuration classes for test class [org.fluentlenium.adapter.testng.SpringTestNGControl]: SpringTestNGControl does not declare any static, non-private, non-final, nested classes annotated with @Configuration.
23:22:42.035 [TestNG-test=Surefire test-1] INFO  AbstractTestContextBootstrapper - Using TestExecutionListeners: [org.springframework.test.context.support.DirtiesContextBeforeModesTestExecutionListener@6da11298, org.springframework.test.context.event.ApplicationEventsTestExecutionListener@24b84581, org.springframework.test.context.support.DependencyInjectionTestExecutionListener@70aa5d1f, org.springframework.test.context.support.DirtiesContextTestExecutionListener@249a7241, org.springframework.test.context.event.EventPublishingTestExecutionListener@414a9198]
23:22:42.037 [TestNG-test=Surefire test-1] INFO  AbstractTestContextBootstrapper - Neither @ContextConfiguration nor @ContextHierarchy found for test class [org.fluentlenium.adapter.testng.SpringTestNGControl], using DelegatingSmartContextLoader
23:22:42.037 [TestNG-test=Surefire test-1] INFO  AbstractContextLoader - Could not detect default resource locations for test class [org.fluentlenium.adapter.testng.SpringTestNGControl]: no resource found for suffixes {-context.xml}.
23:22:42.038 [TestNG-test=Surefire test-1] INFO  AnnotationConfigContextLoaderUtils - Could not detect default configuration classes for test class [org.fluentlenium.adapter.testng.SpringTestNGControl]: SpringTestNGControl does not declare any static, non-private, non-final, nested classes annotated with @Configuration.
23:22:42.039 [TestNG-test=Surefire test-1] INFO  AbstractTestContextBootstrapper - Using TestExecutionListeners: [org.springframework.test.context.support.DirtiesContextBeforeModesTestExecutionListener@2b9a1afb, org.springframework.test.context.event.ApplicationEventsTestExecutionListener@37d04c2f, org.springframework.test.context.support.DependencyInjectionTestExecutionListener@454ab911, org.springframework.test.context.support.DirtiesContextTestExecutionListener@357ad2c2, org.springframework.test.context.event.EventPublishingTestExecutionListener@4ecc4b54]
23:22:42.041 [TestNG-test=Surefire test-1] INFO  AbstractTestContextBootstrapper - Neither @ContextConfiguration nor @ContextHierarchy found for test class [org.fluentlenium.adapter.testng.SpringTestNGControl], using DelegatingSmartContextLoader
23:22:42.041 [TestNG-test=Surefire test-1] INFO  AbstractContextLoader - Could not detect default resource locations for test class [org.fluentlenium.adapter.testng.SpringTestNGControl]: no resource found for suffixes {-context.xml}.
23:22:42.042 [TestNG-test=Surefire test-1] INFO  AnnotationConfigContextLoaderUtils - Could not detect default configuration classes for test class [org.fluentlenium.adapter.testng.SpringTestNGControl]: SpringTestNGControl does not declare any static, non-private, non-final, nested classes annotated with @Configuration.
23:22:42.043 [TestNG-test=Surefire test-1] INFO  AbstractTestContextBootstrapper - Using TestExecutionListeners: [org.springframework.test.context.support.DirtiesContextBeforeModesTestExecutionListener@29925744, org.springframework.test.context.event.ApplicationEventsTestExecutionListener@169766da, org.springframework.test.context.support.DependencyInjectionTestExecutionListener@b41880, org.springframework.test.context.support.DirtiesContextTestExecutionListener@5074dc0a, org.springframework.test.context.event.EventPublishingTestExecutionListener@6be79937]
23:22:42.046 [TestNG-test=Surefire test-1] INFO  AbstractTestContextBootstrapper - Neither @ContextConfiguration nor @ContextHierarchy found for test class [org.fluentlenium.adapter.testng.SpringTestNGControl], using DelegatingSmartContextLoader
23:22:42.046 [TestNG-test=Surefire test-1] INFO  AbstractContextLoader - Could not detect default resource locations for test class [org.fluentlenium.adapter.testng.SpringTestNGControl]: no resource found for suffixes {-context.xml}.
23:22:42.047 [TestNG-test=Surefire test-1] INFO  AnnotationConfigContextLoaderUtils - Could not detect default configuration classes for test class [org.fluentlenium.adapter.testng.SpringTestNGControl]: SpringTestNGControl does not declare any static, non-private, non-final, nested classes annotated with @Configuration.
23:22:42.049 [TestNG-test=Surefire test-1] INFO  AbstractTestContextBootstrapper - Using TestExecutionListeners: [org.springframework.test.context.support.DirtiesContextBeforeModesTestExecutionListener@2200d83a, org.springframework.test.context.event.ApplicationEventsTestExecutionListener@5ea1308d, org.springframework.test.context.support.DependencyInjectionTestExecutionListener@5866078d, org.springframework.test.context.support.DirtiesContextTestExecutionListener@540f69b0, org.springframework.test.context.event.EventPublishingTestExecutionListener@706aba03]
23:22:42.052 [TestNG-test=Surefire test-1] INFO  AbstractTestContextBootstrapper - Neither @ContextConfiguration nor @ContextHierarchy found for test class [org.fluentlenium.adapter.testng.SpringTestNGControl], using DelegatingSmartContextLoader
23:22:42.053 [TestNG-test=Surefire test-1] INFO  AbstractContextLoader - Could not detect default resource locations for test class [org.fluentlenium.adapter.testng.SpringTestNGControl]: no resource found for suffixes {-context.xml}.
23:22:42.053 [TestNG-test=Surefire test-1] INFO  AnnotationConfigContextLoaderUtils - Could not detect default configuration classes for test class [org.fluentlenium.adapter.testng.SpringTestNGControl]: SpringTestNGControl does not declare any static, non-private, non-final, nested classes annotated with @Configuration.
23:22:42.055 [TestNG-test=Surefire test-1] INFO  AbstractTestContextBootstrapper - Using TestExecutionListeners: [org.springframework.test.context.support.DirtiesContextBeforeModesTestExecutionListener@4880111c, org.springframework.test.context.event.ApplicationEventsTestExecutionListener@11524795, org.springframework.test.context.support.DependencyInjectionTestExecutionListener@368811ef, org.springframework.test.context.support.DirtiesContextTestExecutionListener@d86cce1, org.springframework.test.context.event.EventPublishingTestExecutionListener@45c634bc]
23:22:42.192 [TestNG-test=Surefire test-1] INFO  AbstractTestContextBootstrapper - Neither @ContextConfiguration nor @ContextHierarchy found for test class [org.fluentlenium.adapter.testng.SpringTestNGControl], using DelegatingSmartContextLoader
23:22:42.192 [TestNG-test=Surefire test-1] INFO  AbstractContextLoader - Could not detect default resource locations for test class [org.fluentlenium.adapter.testng.SpringTestNGControl]: no resource found for suffixes {-context.xml}.
23:22:42.192 [TestNG-test=Surefire test-1] INFO  AnnotationConfigContextLoaderUtils - Could not detect default configuration classes for test class [org.fluentlenium.adapter.testng.SpringTestNGControl]: SpringTestNGControl does not declare any static, non-private, non-final, nested classes annotated with @Configuration.
23:22:42.194 [TestNG-test=Surefire test-1] INFO  AbstractTestContextBootstrapper - Using TestExecutionListeners: [org.springframework.test.context.support.DirtiesContextBeforeModesTestExecutionListener@6e0b5691, org.springframework.test.context.event.ApplicationEventsTestExecutionListener@3fb7e5dd, org.springframework.test.context.support.DependencyInjectionTestExecutionListener@6007e134, org.springframework.test.context.support.DirtiesContextTestExecutionListener@573d10d3, org.springframework.test.context.event.EventPublishingTestExecutionListener@63b67b7b]
23:22:42.197 [TestNG-test=Surefire test-1] INFO  AbstractTestContextBootstrapper - Neither @ContextConfiguration nor @ContextHierarchy found for test class [org.fluentlenium.adapter.testng.SpringTestNGControl], using DelegatingSmartContextLoader
23:22:42.197 [TestNG-test=Surefire test-1] INFO  AbstractContextLoader - Could not detect default resource locations for test class [org.fluentlenium.adapter.testng.SpringTestNGControl]: no resource found for suffixes {-context.xml}.
23:22:42.197 [TestNG-test=Surefire test-1] INFO  AnnotationConfigContextLoaderUtils - Could not detect default configuration classes for test class [org.fluentlenium.adapter.testng.SpringTestNGControl]: SpringTestNGControl does not declare any static, non-private, non-final, nested classes annotated with @Configuration.
23:22:42.198 [TestNG-test=Surefire test-1] INFO  AbstractTestContextBootstrapper - Using TestExecutionListeners: [org.springframework.test.context.support.DirtiesContextBeforeModesTestExecutionListener@4fa6953, org.springframework.test.context.event.ApplicationEventsTestExecutionListener@6744d844, org.springframework.test.context.support.DependencyInjectionTestExecutionListener@170494d9, org.springframework.test.context.support.DirtiesContextTestExecutionListener@6a1e045f, org.springframework.test.context.event.EventPublishingTestExecutionListener@3d7948be]
23:22:42.201 [TestNG-test=Surefire test-1] INFO  AbstractTestContextBootstrapper - Neither @ContextConfiguration nor @ContextHierarchy found for test class [org.fluentlenium.adapter.testng.SpringTestNGControl], using DelegatingSmartContextLoader
23:22:42.201 [TestNG-test=Surefire test-1] INFO  AbstractContextLoader - Could not detect default resource locations for test class [org.fluentlenium.adapter.testng.SpringTestNGControl]: no resource found for suffixes {-context.xml}.
23:22:42.201 [TestNG-test=Surefire test-1] INFO  AnnotationConfigContextLoaderUtils - Could not detect default configuration classes for test class [org.fluentlenium.adapter.testng.SpringTestNGControl]: SpringTestNGControl does not declare any static, non-private, non-final, nested classes annotated with @Configuration.
23:22:42.203 [TestNG-test=Surefire test-1] INFO  AbstractTestContextBootstrapper - Using TestExecutionListeners: [org.springframework.test.context.support.DirtiesContextBeforeModesTestExecutionListener@315b11f4, org.springframework.test.context.event.ApplicationEventsTestExecutionListener@6587d737, org.springframework.test.context.support.DependencyInjectionTestExecutionListener@2b2adf0d, org.springframework.test.context.support.DirtiesContextTestExecutionListener@5e95de13, org.springframework.test.context.event.EventPublishingTestExecutionListener@3728b084]
23:22:42.210 [TestNG-test=Surefire test-1] INFO  AbstractTestContextBootstrapper - Neither @ContextConfiguration nor @ContextHierarchy found for test class [org.fluentlenium.adapter.testng.SpringTestNGControl], using DelegatingSmartContextLoader
23:22:42.211 [TestNG-test=Surefire test-1] INFO  AbstractContextLoader - Could not detect default resource locations for test class [org.fluentlenium.adapter.testng.SpringTestNGControl]: no resource found for suffixes {-context.xml}.
23:22:42.211 [TestNG-test=Surefire test-1] INFO  AnnotationConfigContextLoaderUtils - Could not detect default configuration classes for test class [org.fluentlenium.adapter.testng.SpringTestNGControl]: SpringTestNGControl does not declare any static, non-private, non-final, nested classes annotated with @Configuration.
23:22:42.212 [TestNG-test=Surefire test-1] INFO  AbstractTestContextBootstrapper - Using TestExecutionListeners: [org.springframework.test.context.support.DirtiesContextBeforeModesTestExecutionListener@32c7ae41, org.springframework.test.context.event.ApplicationEventsTestExecutionListener@72ec4055, org.springframework.test.context.support.DependencyInjectionTestExecutionListener@7d032459, org.springframework.test.context.support.DirtiesContextTestExecutionListener@18fc6906, org.springframework.test.context.event.EventPublishingTestExecutionListener@17c669fe]
23:22:42.214 [TestNG-test=Surefire test-1] INFO  AbstractTestContextBootstrapper - Neither @ContextConfiguration nor @ContextHierarchy found for test class [org.fluentlenium.adapter.testng.SpringTestNGControl], using DelegatingSmartContextLoader
23:22:42.214 [TestNG-test=Surefire test-1] INFO  AbstractContextLoader - Could not detect default resource locations for test class [org.fluentlenium.adapter.testng.SpringTestNGControl]: no resource found for suffixes {-context.xml}.
23:22:42.214 [TestNG-test=Surefire test-1] INFO  AnnotationConfigContextLoaderUtils - Could not detect default configuration classes for test class [org.fluentlenium.adapter.testng.SpringTestNGControl]: SpringTestNGControl does not declare any static, non-private, non-final, nested classes annotated with @Configuration.
23:22:42.215 [TestNG-test=Surefire test-1] INFO  AbstractTestContextBootstrapper - Using TestExecutionListeners: [org.springframework.test.context.support.DirtiesContextBeforeModesTestExecutionListener@20d81999, org.springframework.test.context.event.ApplicationEventsTestExecutionListener@1d6c494b, org.springframework.test.context.support.DependencyInjectionTestExecutionListener@7c972b85, org.springframework.test.context.support.DirtiesContextTestExecutionListener@246b42ec, org.springframework.test.context.event.EventPublishingTestExecutionListener@441f8329]
23:22:42.217 [TestNG-test=Surefire test-1] INFO  AbstractTestContextBootstrapper - Neither @ContextConfiguration nor @ContextHierarchy found for test class [org.fluentlenium.adapter.testng.SpringTestNGControl], using DelegatingSmartContextLoader
23:22:42.218 [TestNG-test=Surefire test-1] INFO  AbstractContextLoader - Could not detect default resource locations for test class [org.fluentlenium.adapter.testng.SpringTestNGControl]: no resource found for suffixes {-context.xml}.
23:22:42.218 [TestNG-test=Surefire test-1] INFO  AnnotationConfigContextLoaderUtils - Could not detect default configuration classes for test class [org.fluentlenium.adapter.testng.SpringTestNGControl]: SpringTestNGControl does not declare any static, non-private, non-final, nested classes annotated with @Configuration.
23:22:42.219 [TestNG-test=Surefire test-1] INFO  AbstractTestContextBootstrapper - Using TestExecutionListeners: [org.springframework.test.context.support.DirtiesContextBeforeModesTestExecutionListener@50bf28e8, org.springframework.test.context.event.ApplicationEventsTestExecutionListener@219765d0, org.springframework.test.context.support.DependencyInjectionTestExecutionListener@4897d193, org.springframework.test.context.support.DirtiesContextTestExecutionListener@7b98c5f0, org.springframework.test.context.event.EventPublishingTestExecutionListener@52494a03]
23:22:42.222 [TestNG-test=Surefire test-1] INFO  AbstractTestContextBootstrapper - Neither @ContextConfiguration nor @ContextHierarchy found for test class [org.fluentlenium.adapter.testng.SpringTestNGControl], using DelegatingSmartContextLoader
23:22:42.222 [TestNG-test=Surefire test-1] INFO  AbstractContextLoader - Could not detect default resource locations for test class [org.fluentlenium.adapter.testng.SpringTestNGControl]: no resource found for suffixes {-context.xml}.
23:22:42.223 [TestNG-test=Surefire test-1] INFO  AnnotationConfigContextLoaderUtils - Could not detect default configuration classes for test class [org.fluentlenium.adapter.testng.SpringTestNGControl]: SpringTestNGControl does not declare any static, non-private, non-final, nested classes annotated with @Configuration.
23:22:42.224 [TestNG-test=Surefire test-1] INFO  AbstractTestContextBootstrapper - Using TestExecutionListeners: [org.springframework.test.context.support.DirtiesContextBeforeModesTestExecutionListener@4dff2a05, org.springframework.test.context.event.ApplicationEventsTestExecutionListener@6ed8f1d9, org.springframework.test.context.support.DependencyInjectionTestExecutionListener@78e5d0b7, org.springframework.test.context.support.DirtiesContextTestExecutionListener@33259f1, org.springframework.test.context.event.EventPublishingTestExecutionListener@37a9e490]
23:22:42.226 [TestNG-test=Surefire test-1] INFO  AbstractTestContextBootstrapper - Neither @ContextConfiguration nor @ContextHierarchy found for test class [org.fluentlenium.adapter.testng.SpringTestNGControl], using DelegatingSmartContextLoader
23:22:42.226 [TestNG-test=Surefire test-1] INFO  AbstractContextLoader - Could not detect default resource locations for test class [org.fluentlenium.adapter.testng.SpringTestNGControl]: no resource found for suffixes {-context.xml}.
23:22:42.226 [TestNG-test=Surefire test-1] INFO  AnnotationConfigContextLoaderUtils - Could not detect default configuration classes for test class [org.fluentlenium.adapter.testng.SpringTestNGControl]: SpringTestNGControl does not declare any static, non-private, non-final, nested classes annotated with @Configuration.
23:22:42.227 [TestNG-test=Surefire test-1] INFO  AbstractTestContextBootstrapper - Using TestExecutionListeners: [org.springframework.test.context.support.DirtiesContextBeforeModesTestExecutionListener@6ecdc8a7, org.springframework.test.context.event.ApplicationEventsTestExecutionListener@5d211bbb, org.springframework.test.context.support.DependencyInjectionTestExecutionListener@4bbd5326, org.springframework.test.context.support.DirtiesContextTestExecutionListener@6eaa1ff1, org.springframework.test.context.event.EventPublishingTestExecutionListener@6ea27a73]
23:22:42.230 [TestNG-test=Surefire test-1] INFO  AbstractTestContextBootstrapper - Neither @ContextConfiguration nor @ContextHierarchy found for test class [org.fluentlenium.adapter.testng.SpringTestNGControl], using DelegatingSmartContextLoader
23:22:42.231 [TestNG-test=Surefire test-1] INFO  AbstractContextLoader - Could not detect default resource locations for test class [org.fluentlenium.adapter.testng.SpringTestNGControl]: no resource found for suffixes {-context.xml}.
23:22:42.231 [TestNG-test=Surefire test-1] INFO  AnnotationConfigContextLoaderUtils - Could not detect default configuration classes for test class [org.fluentlenium.adapter.testng.SpringTestNGControl]: SpringTestNGControl does not declare any static, non-private, non-final, nested classes annotated with @Configuration.
23:22:42.232 [TestNG-test=Surefire test-1] INFO  AbstractTestContextBootstrapper - Using TestExecutionListeners: [org.springframework.test.context.support.DirtiesContextBeforeModesTestExecutionListener@75a8a789, org.springframework.test.context.event.ApplicationEventsTestExecutionListener@6538e67d, org.springframework.test.context.support.DependencyInjectionTestExecutionListener@1285cbda, org.springframework.test.context.support.DirtiesContextTestExecutionListener@887b495, org.springframework.test.context.event.EventPublishingTestExecutionListener@38a3dee3]
23:22:42.234 [TestNG-test=Surefire test-1] INFO  AbstractTestContextBootstrapper - Neither @ContextConfiguration nor @ContextHierarchy found for test class [org.fluentlenium.adapter.testng.SpringTestNGControl], using DelegatingSmartContextLoader
23:22:42.234 [TestNG-test=Surefire test-1] INFO  AbstractContextLoader - Could not detect default resource locations for test class [org.fluentlenium.adapter.testng.SpringTestNGControl]: no resource found for suffixes {-context.xml}.
23:22:42.234 [TestNG-test=Surefire test-1] INFO  AnnotationConfigContextLoaderUtils - Could not detect default configuration classes for test class [org.fluentlenium.adapter.testng.SpringTestNGControl]: SpringTestNGControl does not declare any static, non-private, non-final, nested classes annotated with @Configuration.
23:22:42.235 [TestNG-test=Surefire test-1] INFO  AbstractTestContextBootstrapper - Using TestExecutionListeners: [org.springframework.test.context.support.DirtiesContextBeforeModesTestExecutionListener@444ff73a, org.springframework.test.context.event.ApplicationEventsTestExecutionListener@386cafad, org.springframework.test.context.support.DependencyInjectionTestExecutionListener@7057bc6b, org.springframework.test.context.support.DirtiesContextTestExecutionListener@dd6ec5b, org.springframework.test.context.event.EventPublishingTestExecutionListener@369b2cfc]
23:22:42.237 [TestNG-test=Surefire test-1] INFO  AbstractTestContextBootstrapper - Neither @ContextConfiguration nor @ContextHierarchy found for test class [org.fluentlenium.adapter.testng.SpringTestNGControl], using DelegatingSmartContextLoader
23:22:42.238 [TestNG-test=Surefire test-1] INFO  AbstractContextLoader - Could not detect default resource locations for test class [org.fluentlenium.adapter.testng.SpringTestNGControl]: no resource found for suffixes {-context.xml}.
23:22:42.238 [TestNG-test=Surefire test-1] INFO  AnnotationConfigContextLoaderUtils - Could not detect default configuration classes for test class [org.fluentlenium.adapter.testng.SpringTestNGControl]: SpringTestNGControl does not declare any static, non-private, non-final, nested classes annotated with @Configuration.
23:22:42.239 [TestNG-test=Surefire test-1] INFO  AbstractTestContextBootstrapper - Using TestExecutionListeners: [org.springframework.test.context.support.DirtiesContextBeforeModesTestExecutionListener@4d6eddd, org.springframework.test.context.event.ApplicationEventsTestExecutionListener@12d620d8, org.springframework.test.context.support.DependencyInjectionTestExecutionListener@32f017a0, org.springframework.test.context.support.DirtiesContextTestExecutionListener@5639bd90, org.springframework.test.context.event.EventPublishingTestExecutionListener@65320a8f]
23:22:42.240 [TestNG-test=Surefire test-1] INFO  AbstractTestContextBootstrapper - Neither @ContextConfiguration nor @ContextHierarchy found for test class [org.fluentlenium.adapter.testng.SpringTestNGControl], using DelegatingSmartContextLoader
23:22:42.241 [TestNG-test=Surefire test-1] INFO  AbstractContextLoader - Could not detect default resource locations for test class [org.fluentlenium.adapter.testng.SpringTestNGControl]: no resource found for suffixes {-context.xml}.
23:22:42.241 [TestNG-test=Surefire test-1] INFO  AnnotationConfigContextLoaderUtils - Could not detect default configuration classes for test class [org.fluentlenium.adapter.testng.SpringTestNGControl]: SpringTestNGControl does not declare any static, non-private, non-final, nested classes annotated with @Configuration.
23:22:42.242 [TestNG-test=Surefire test-1] INFO  AbstractTestContextBootstrapper - Using TestExecutionListeners: [org.springframework.test.context.support.DirtiesContextBeforeModesTestExecutionListener@c191b6, org.springframework.test.context.event.ApplicationEventsTestExecutionListener@5f023725, org.springframework.test.context.support.DependencyInjectionTestExecutionListener@4b38ca0d, org.springframework.test.context.support.DirtiesContextTestExecutionListener@18640c77, org.springframework.test.context.event.EventPublishingTestExecutionListener@14a472ec]
23:22:42.244 [TestNG-test=Surefire test-1] INFO  AbstractTestContextBootstrapper - Neither @ContextConfiguration nor @ContextHierarchy found for test class [org.fluentlenium.adapter.testng.SpringTestNGControl], using DelegatingSmartContextLoader
23:22:42.244 [TestNG-test=Surefire test-1] INFO  AbstractContextLoader - Could not detect default resource locations for test class [org.fluentlenium.adapter.testng.SpringTestNGControl]: no resource found for suffixes {-context.xml}.
23:22:42.245 [TestNG-test=Surefire test-1] INFO  AnnotationConfigContextLoaderUtils - Could not detect default configuration classes for test class [org.fluentlenium.adapter.testng.SpringTestNGControl]: SpringTestNGControl does not declare any static, non-private, non-final, nested classes annotated with @Configuration.
23:22:42.246 [TestNG-test=Surefire test-1] INFO  AbstractTestContextBootstrapper - Using TestExecutionListeners: [org.springframework.test.context.support.DirtiesContextBeforeModesTestExecutionListener@69d1a1e1, org.springframework.test.context.event.ApplicationEventsTestExecutionListener@5b3f42fe, org.springframework.test.context.support.DependencyInjectionTestExecutionListener@40617256, org.springframework.test.context.support.DirtiesContextTestExecutionListener@48b1259d, org.springframework.test.context.event.EventPublishingTestExecutionListener@2c8b5bc3]
23:22:42.249 [TestNG-test=Surefire test-1] INFO  AbstractTestContextBootstrapper - Neither @ContextConfiguration nor @ContextHierarchy found for test class [org.fluentlenium.adapter.testng.SpringTestNGControl], using DelegatingSmartContextLoader
23:22:42.249 [TestNG-test=Surefire test-1] INFO  AbstractContextLoader - Could not detect default resource locations for test class [org.fluentlenium.adapter.testng.SpringTestNGControl]: no resource found for suffixes {-context.xml}.
23:22:42.249 [TestNG-test=Surefire test-1] INFO  AnnotationConfigContextLoaderUtils - Could not detect default configuration classes for test class [org.fluentlenium.adapter.testng.SpringTestNGControl]: SpringTestNGControl does not declare any static, non-private, non-final, nested classes annotated with @Configuration.
23:22:42.251 [TestNG-test=Surefire test-1] INFO  AbstractTestContextBootstrapper - Using TestExecutionListeners: [org.springframework.test.context.support.DirtiesContextBeforeModesTestExecutionListener@5a795505, org.springframework.test.context.event.ApplicationEventsTestExecutionListener@6af46374, org.springframework.test.context.support.DependencyInjectionTestExecutionListener@22ddf151, org.springframework.test.context.support.DirtiesContextTestExecutionListener@62ed35a, org.springframework.test.context.event.EventPublishingTestExecutionListener@16ef6fe7]
23:22:42.254 [TestNG-test=Surefire test-1] INFO  AbstractTestContextBootstrapper - Neither @ContextConfiguration nor @ContextHierarchy found for test class [org.fluentlenium.adapter.testng.SpringTestNGControl], using DelegatingSmartContextLoader
23:22:42.254 [TestNG-test=Surefire test-1] INFO  AbstractContextLoader - Could not detect default resource locations for test class [org.fluentlenium.adapter.testng.SpringTestNGControl]: no resource found for suffixes {-context.xml}.
23:22:42.254 [TestNG-test=Surefire test-1] INFO  AnnotationConfigContextLoaderUtils - Could not detect default configuration classes for test class [org.fluentlenium.adapter.testng.SpringTestNGControl]: SpringTestNGControl does not declare any static, non-private, non-final, nested classes annotated with @Configuration.
23:22:42.256 [TestNG-test=Surefire test-1] INFO  AbstractTestContextBootstrapper - Using TestExecutionListeners: [org.springframework.test.context.support.DirtiesContextBeforeModesTestExecutionListener@244559f9, org.springframework.test.context.event.ApplicationEventsTestExecutionListener@498856f6, org.springframework.test.context.support.DependencyInjectionTestExecutionListener@25a88be2, org.springframework.test.context.support.DirtiesContextTestExecutionListener@1776fd53, org.springframework.test.context.event.EventPublishingTestExecutionListener@19f2f4d5]
23:22:42.260 [TestNG-test=Surefire test-1] INFO  AbstractTestContextBootstrapper - Neither @ContextConfiguration nor @ContextHierarchy found for test class [org.fluentlenium.adapter.testng.SpringTestNGControl], using DelegatingSmartContextLoader
23:22:42.260 [TestNG-test=Surefire test-1] INFO  AbstractContextLoader - Could not detect default resource locations for test class [org.fluentlenium.adapter.testng.SpringTestNGControl]: no resource found for suffixes {-context.xml}.
23:22:42.260 [TestNG-test=Surefire test-1] INFO  AnnotationConfigContextLoaderUtils - Could not detect default configuration classes for test class [org.fluentlenium.adapter.testng.SpringTestNGControl]: SpringTestNGControl does not declare any static, non-private, non-final, nested classes annotated with @Configuration.
23:22:42.262 [TestNG-test=Surefire test-1] INFO  AbstractTestContextBootstrapper - Using TestExecutionListeners: [org.springframework.test.context.support.DirtiesContextBeforeModesTestExecutionListener@69e5de12, org.springframework.test.context.event.ApplicationEventsTestExecutionListener@6d464f9d, org.springframework.test.context.support.DependencyInjectionTestExecutionListener@47faf7c6, org.springframework.test.context.support.DirtiesContextTestExecutionListener@30690b30, org.springframework.test.context.event.EventPublishingTestExecutionListener@773b5661]
23:22:42.363 [TestNG-test=Surefire test-1] INFO  AbstractTestContextBootstrapper - Neither @ContextConfiguration nor @ContextHierarchy found for test class [org.fluentlenium.DontRunTestsWhenInitFailTest$TestClass], using DelegatingSmartContextLoader
23:22:42.363 [TestNG-test=Surefire test-1] INFO  AbstractContextLoader - Could not detect default resource locations for test class [org.fluentlenium.DontRunTestsWhenInitFailTest$TestClass]: no resource found for suffixes {-context.xml}.
23:22:42.363 [TestNG-test=Surefire test-1] INFO  AnnotationConfigContextLoaderUtils - Could not detect default configuration classes for test class [org.fluentlenium.DontRunTestsWhenInitFailTest$TestClass]: TestClass does not declare any static, non-private, non-final, nested classes annotated with @Configuration.
23:22:42.366 [TestNG-test=Surefire test-1] INFO  AbstractTestContextBootstrapper - Using TestExecutionListeners: [org.springframework.test.context.support.DirtiesContextBeforeModesTestExecutionListener@4f2c8e33, org.springframework.test.context.event.ApplicationEventsTestExecutionListener@5b5f5851, org.springframework.test.context.support.DependencyInjectionTestExecutionListener@2e52ca19, org.springframework.test.context.support.DirtiesContextTestExecutionListener@113ea727, org.springframework.test.context.event.EventPublishingTestExecutionListener@3a48fe25]
23:22:42.378 [TestNG-test=Surefire test-1] ERROR TestContextManager - Caught exception while allowing TestExecutionListener [org.springframework.test.context.support.DependencyInjectionTestExecutionListener@2e52ca19] to prepare test instance [org.fluentlenium.DontRunTestsWhenInitFailTest$TestClass@7e2e3ba1]
java.lang.IllegalStateException: Failed to load ApplicationContext
	at org.springframework.test.context.cache.DefaultCacheAwareContextLoaderDelegate.loadContext(DefaultCacheAwareContextLoaderDelegate.java:132)
	at org.springframework.test.context.support.DefaultTestContext.getApplicationContext(DefaultTestContext.java:124)
	at org.springframework.test.context.support.DependencyInjectionTestExecutionListener.injectDependencies(DependencyInjectionTestExecutionListener.java:118)
	at org.springframework.test.context.support.DependencyInjectionTestExecutionListener.prepareTestInstance(DependencyInjectionTestExecutionListener.java:83)
	at org.springframework.test.context.TestContextManager.prepareTestInstance(TestContextManager.java:244)
	at org.springframework.test.context.testng.AbstractTestNGSpringContextTests.springTestContextPrepareTestInstance(AbstractTestNGSpringContextTests.java:149)
	at java.base/jdk.internal.reflect.NativeMethodAccessorImpl.invoke0(Native Method)
	at java.base/jdk.internal.reflect.NativeMethodAccessorImpl.invoke(NativeMethodAccessorImpl.java:62)
	at java.base/jdk.internal.reflect.DelegatingMethodAccessorImpl.invoke(DelegatingMethodAccessorImpl.java:43)
	at java.base/java.lang.reflect.Method.invoke(Method.java:566)
	at org.testng.internal.MethodInvocationHelper.invokeMethod(MethodInvocationHelper.java:132)
	at org.testng.internal.MethodInvocationHelper.invokeMethodConsideringTimeout(MethodInvocationHelper.java:61)
	at org.testng.internal.ConfigInvoker.invokeConfigurationMethod(ConfigInvoker.java:366)
	at org.testng.internal.ConfigInvoker.invokeConfigurations(ConfigInvoker.java:320)
	at org.testng.internal.TestMethodWorker.invokeBeforeClassMethods(TestMethodWorker.java:176)
	at org.testng.internal.TestMethodWorker.run(TestMethodWorker.java:122)
	at java.base/java.util.ArrayList.forEach(ArrayList.java:1541)
	at org.testng.TestRunner.privateRun(TestRunner.java:764)
	at org.testng.TestRunner.run(TestRunner.java:585)
	at org.testng.SuiteRunner.runTest(SuiteRunner.java:384)
	at org.testng.SuiteRunner.runSequentially(SuiteRunner.java:378)
	at org.testng.SuiteRunner.privateRun(SuiteRunner.java:337)
	at org.testng.SuiteRunner.run(SuiteRunner.java:286)
	at org.testng.SuiteRunnerWorker.runSuite(SuiteRunnerWorker.java:53)
	at org.testng.SuiteRunnerWorker.run(SuiteRunnerWorker.java:96)
	at org.testng.TestNG.runSuitesSequentially(TestNG.java:1218)
	at org.testng.TestNG.runSuitesLocally(TestNG.java:1140)
	at org.testng.TestNG.runSuites(TestNG.java:1069)
	at org.testng.TestNG.run(TestNG.java:1037)
	at org.fluentlenium.DontRunTestsWhenInitFailTest.testRun(DontRunTestsWhenInitFailTest.java:63)
	at java.base/jdk.internal.reflect.NativeMethodAccessorImpl.invoke0(Native Method)
	at java.base/jdk.internal.reflect.NativeMethodAccessorImpl.invoke(NativeMethodAccessorImpl.java:62)
	at java.base/jdk.internal.reflect.DelegatingMethodAccessorImpl.invoke(DelegatingMethodAccessorImpl.java:43)
	at java.base/java.lang.reflect.Method.invoke(Method.java:566)
	at org.testng.internal.MethodInvocationHelper.invokeMethod(MethodInvocationHelper.java:132)
	at org.testng.internal.TestInvoker.invokeMethod(TestInvoker.java:599)
	at org.testng.internal.TestInvoker.invokeTestMethod(TestInvoker.java:174)
	at org.testng.internal.MethodRunner.runInSequence(MethodRunner.java:46)
	at org.testng.internal.TestInvoker$MethodInvocationAgent.invoke(TestInvoker.java:822)
	at org.testng.internal.TestInvoker.invokeTestMethods(TestInvoker.java:147)
	at org.testng.internal.TestMethodWorker.invokeTestMethods(TestMethodWorker.java:146)
	at org.testng.internal.TestMethodWorker.run(TestMethodWorker.java:128)
	at java.base/java.util.concurrent.ThreadPoolExecutor.runWorker(ThreadPoolExecutor.java:1128)
	at java.base/java.util.concurrent.ThreadPoolExecutor$Worker.run(ThreadPoolExecutor.java:628)
	at java.base/java.lang.Thread.run(Thread.java:829)
Caused by: java.lang.IllegalStateException: Neither GenericXmlContextLoader nor AnnotationConfigContextLoader was able to load an ApplicationContext from [MergedContextConfiguration@7c67e316 testClass = DontRunTestsWhenInitFailTest.TestClass, locations = '{}', classes = '{}', contextInitializerClasses = '[]', activeProfiles = '{}', propertySourceLocations = '{}', propertySourceProperties = '{}', contextCustomizers = set[[empty]], contextLoader = 'org.springframework.test.context.support.DelegatingSmartContextLoader', parent = [null]].
	at org.springframework.test.context.support.AbstractDelegatingSmartContextLoader.loadContext(AbstractDelegatingSmartContextLoader.java:255)
	at org.springframework.test.context.cache.DefaultCacheAwareContextLoaderDelegate.loadContextInternal(DefaultCacheAwareContextLoaderDelegate.java:99)
	at org.springframework.test.context.cache.DefaultCacheAwareContextLoaderDelegate.loadContext(DefaultCacheAwareContextLoaderDelegate.java:124)
	... 44 common frames omitted

===============================================
Command line suite
Total tests run: 2, Passes: 0, Failures: 0, Skips: 2
Configuration Failures: 3, Skips: 0
===============================================

[INFO] Tests run: 95, Failures: 0, Errors: 0, Skipped: 0, Time elapsed: 6.004 s - in TestSuite
[INFO] 
[INFO] Results:
[INFO] 
[INFO] Tests run: 95, Failures: 0, Errors: 0, Skipped: 0
[INFO] 
[INFO] 
[INFO] ---------------< org.fluentlenium:fluentlenium-cucumber >---------------
[INFO] Building FluentLenium Cucumber 4.8.1-SNAPSHOT                     [9/13]
[INFO] --------------------------------[ jar ]---------------------------------
[INFO] 
[INFO] --- maven-clean-plugin:3.1.0:clean (default-clean) @ fluentlenium-cucumber ---
[INFO] Deleting /home/gabsko/breaking-updates/fluentlenium-cucumber/target
[INFO] 
[INFO] --- flatten-maven-plugin:1.2.7:clean (flatten.clean) @ fluentlenium-cucumber ---
[INFO] Deleting /home/gabsko/breaking-updates/fluentlenium-cucumber/.flattened-pom.xml
[INFO] 
[INFO] --- maven-enforcer-plugin:3.0.0-M3:enforce (enforce-maven) @ fluentlenium-cucumber ---
[INFO] 
[INFO] --- jacoco-maven-plugin:0.8.7:prepare-agent (prepare-agent) @ fluentlenium-cucumber ---
[INFO] argLine set to -javaagent:/home/gabsko/.m2/repository/org/jacoco/org.jacoco.agent/0.8.7/org.jacoco.agent-0.8.7-runtime.jar=destfile=/home/gabsko/breaking-updates/fluentlenium-cucumber/target/jacoco.exec,excludes=**com.steadystate*:**com/gargoylesoftware*
[INFO] 
[INFO] --- maven-resources-plugin:3.2.0:resources (default-resources) @ fluentlenium-cucumber ---
[INFO] Using 'UTF-8' encoding to copy filtered resources.
[INFO] Using 'UTF-8' encoding to copy filtered properties files.
[INFO] skip non existing resourceDirectory /home/gabsko/breaking-updates/fluentlenium-cucumber/src/main/resources
[INFO] 
[INFO] --- flatten-maven-plugin:1.2.7:flatten (flatten) @ fluentlenium-cucumber ---
[INFO] Generating flattened POM of project org.fluentlenium:fluentlenium-cucumber:jar:4.8.1-SNAPSHOT...
[INFO] 
[INFO] --- maven-compiler-plugin:3.8.1:compile (default-compile) @ fluentlenium-cucumber ---
[INFO] Changes detected - recompiling the module!
[INFO] Compiling 4 source files to /home/gabsko/breaking-updates/fluentlenium-cucumber/target/classes
[INFO] /home/gabsko/breaking-updates/fluentlenium-cucumber/src/main/java/cucumber/runtime/java/fluentlenium/FluentObjectFactory.java: /home/gabsko/breaking-updates/fluentlenium-cucumber/src/main/java/cucumber/runtime/java/fluentlenium/FluentObjectFactory.java uses unchecked or unsafe operations.
[INFO] /home/gabsko/breaking-updates/fluentlenium-cucumber/src/main/java/cucumber/runtime/java/fluentlenium/FluentObjectFactory.java: Recompile with -Xlint:unchecked for details.
[INFO] 
[INFO] --- maven-resources-plugin:3.2.0:testResources (default-testResources) @ fluentlenium-cucumber ---
[INFO] Using 'UTF-8' encoding to copy filtered resources.
[INFO] Using 'UTF-8' encoding to copy filtered properties files.
[INFO] Copying 15 resources
[INFO] 
[INFO] --- maven-compiler-plugin:3.8.1:testCompile (default-testCompile) @ fluentlenium-cucumber ---
[INFO] Changes detected - recompiling the module!
[INFO] Compiling 68 source files to /home/gabsko/breaking-updates/fluentlenium-cucumber/target/test-classes
[INFO] 
[INFO] --- maven-surefire-plugin:3.0.0-M5:test (default-test) @ fluentlenium-cucumber ---
[INFO] 
[INFO] -------------------------------------------------------
[INFO]  T E S T S
[INFO] -------------------------------------------------------
[INFO] Running org.fluentlenium.adapter.cucumber.unit.FluentCucumberSharedMutatorTest
[INFO] Tests run: 2, Failures: 0, Errors: 0, Skipped: 0, Time elapsed: 0.101 s - in org.fluentlenium.adapter.cucumber.unit.FluentCucumberSharedMutatorTest
[INFO] Running org.fluentlenium.adapter.cucumber.unit.FluentObjectFactoryTest
[INFO] Tests run: 6, Failures: 0, Errors: 0, Skipped: 0, Time elapsed: 0.54 s - in org.fluentlenium.adapter.cucumber.unit.FluentObjectFactoryTest
[INFO] Running org.fluentlenium.adapter.cucumber.unit.FluentTestContainerTest
[INFO] Tests run: 3, Failures: 0, Errors: 0, Skipped: 0, Time elapsed: 0.017 s - in org.fluentlenium.adapter.cucumber.unit.FluentTestContainerTest
[INFO] 
[INFO] Results:
[INFO] 
[INFO] Tests run: 11, Failures: 0, Errors: 0, Skipped: 0
[INFO] 
[INFO] 
[INFO] ----------------< org.fluentlenium:fluentlenium-spock >-----------------
[INFO] Building FluentLenium Spock 4.8.1-SNAPSHOT                       [10/13]
[INFO] --------------------------------[ jar ]---------------------------------
[INFO] 
[INFO] --- maven-clean-plugin:3.1.0:clean (default-clean) @ fluentlenium-spock ---
[INFO] Deleting /home/gabsko/breaking-updates/fluentlenium-spock/target
[INFO] 
[INFO] --- flatten-maven-plugin:1.2.7:clean (flatten.clean) @ fluentlenium-spock ---
[INFO] Deleting /home/gabsko/breaking-updates/fluentlenium-spock/.flattened-pom.xml
[INFO] 
[INFO] --- maven-enforcer-plugin:3.0.0-M3:enforce (enforce-maven) @ fluentlenium-spock ---
[INFO] 
[INFO] --- jacoco-maven-plugin:0.8.7:prepare-agent (prepare-agent) @ fluentlenium-spock ---
[INFO] argLine set to -javaagent:/home/gabsko/.m2/repository/org/jacoco/org.jacoco.agent/0.8.7/org.jacoco.agent-0.8.7-runtime.jar=destfile=/home/gabsko/breaking-updates/fluentlenium-spock/target/jacoco.exec,excludes=**com.steadystate*:**com/gargoylesoftware*
[INFO] 
[INFO] --- gmavenplus-plugin:1.12.1:addSources (default) @ fluentlenium-spock ---
[INFO] 
[INFO] --- gmavenplus-plugin:1.12.1:addTestSources (default) @ fluentlenium-spock ---
[INFO] 
[INFO] --- build-helper-maven-plugin:3.2.0:add-source (add-groovy-sources) @ fluentlenium-spock ---
[INFO] Source directory: /home/gabsko/breaking-updates/fluentlenium-spock/src/main/groovy added.
[INFO] 
[INFO] --- maven-resources-plugin:3.2.0:resources (default-resources) @ fluentlenium-spock ---
[INFO] Using 'UTF-8' encoding to copy filtered resources.
[INFO] Using 'UTF-8' encoding to copy filtered properties files.
[INFO] skip non existing resourceDirectory /home/gabsko/breaking-updates/fluentlenium-spock/src/main/resources
[INFO] 
[INFO] --- flatten-maven-plugin:1.2.7:flatten (flatten) @ fluentlenium-spock ---
[INFO] Generating flattened POM of project org.fluentlenium:fluentlenium-spock:jar:4.8.1-SNAPSHOT...
[INFO] 
[INFO] --- maven-compiler-plugin:3.8.1:compile (default-compile) @ fluentlenium-spock ---
[INFO] Changes detected - recompiling the module!
[INFO] 
[INFO] --- gmavenplus-plugin:1.12.1:compile (default) @ fluentlenium-spock ---
[INFO] Using isolated classloader, without GMavenPlus classpath.
[INFO] Using Groovy 3.0.8 to perform compile.
[INFO] Parallel parsing disabled.
[INFO] Compiled 4 files.
[INFO] 
[INFO] --- build-helper-maven-plugin:3.2.0:add-test-source (add-test-source) @ fluentlenium-spock ---
[INFO] Test Source directory: /home/gabsko/breaking-updates/fluentlenium-spock/src/test/groovy added.
[INFO] 
[INFO] --- maven-resources-plugin:3.2.0:testResources (default-testResources) @ fluentlenium-spock ---
[INFO] Using 'UTF-8' encoding to copy filtered resources.
[INFO] Using 'UTF-8' encoding to copy filtered properties files.
[INFO] Copying 4 resources
[INFO] 
[INFO] --- maven-compiler-plugin:3.8.1:testCompile (default-testCompile) @ fluentlenium-spock ---
[INFO] Changes detected - recompiling the module!
[INFO] 
[INFO] --- gmavenplus-plugin:1.12.1:compileTests (default) @ fluentlenium-spock ---
[INFO] Using isolated classloader, without GMavenPlus classpath.
[INFO] Using Groovy 3.0.8 to perform compileTests.
[INFO] Parallel parsing disabled.
[INFO] Compiled 14 files.
[INFO] 
[INFO] --- maven-surefire-plugin:3.0.0-M5:test (default-test) @ fluentlenium-spock ---
[INFO] 
[INFO] -------------------------------------------------------
[INFO]  T E S T S
[INFO] -------------------------------------------------------
[INFO] Running org.fluentlenium.adapter.spock.smoketest.SmokeTestNewWebDriverSpec
[INFO] Tests run: 1, Failures: 0, Errors: 0, Skipped: 0, Time elapsed: 1.6 s - in org.fluentlenium.adapter.spock.smoketest.SmokeTestNewWebDriverSpec
[INFO] Running org.fluentlenium.adapter.spock.smoketest.SmokeTestGetWebDriverSpec
[INFO] Tests run: 1, Failures: 0, Errors: 0, Skipped: 0, Time elapsed: 0.123 s - in org.fluentlenium.adapter.spock.smoketest.SmokeTestGetWebDriverSpec
[INFO] Running org.fluentlenium.adapter.spock.BasicSpec
[INFO] Tests run: 3, Failures: 0, Errors: 0, Skipped: 0, Time elapsed: 0.106 s - in org.fluentlenium.adapter.spock.BasicSpec
[INFO] Running org.fluentlenium.adapter.spock.control.SpockControlSpec
[INFO] Tests run: 16, Failures: 0, Errors: 0, Skipped: 0, Time elapsed: 0.911 s - in org.fluentlenium.adapter.spock.control.SpockControlSpec
[INFO] Running org.fluentlenium.adapter.spock.control.SpockControlUnitSpec
[INFO] Tests run: 73, Failures: 0, Errors: 0, Skipped: 0, Time elapsed: 1.154 s - in org.fluentlenium.adapter.spock.control.SpockControlUnitSpec
[INFO] Running org.fluentlenium.adapter.spock.annotation.TestAnnotationAccessSpec
[INFO] Tests run: 4, Failures: 0, Errors: 0, Skipped: 0, Time elapsed: 0.089 s - in org.fluentlenium.adapter.spock.annotation.TestAnnotationAccessSpec
[INFO] Running org.fluentlenium.adapter.spock.page.PageSpec
[INFO] Tests run: 1, Failures: 0, Errors: 0, Skipped: 0, Time elapsed: 0.094 s - in org.fluentlenium.adapter.spock.page.PageSpec
[INFO] Running org.fluentlenium.adapter.spock.page.LocalPageSpec
[INFO] Tests run: 1, Failures: 0, Errors: 0, Skipped: 0, Time elapsed: 0.074 s - in org.fluentlenium.adapter.spock.page.LocalPageSpec
[INFO] Running org.fluentlenium.adapter.spock.description.TestDescriptionAccessSpec
[INFO] Tests run: 1, Failures: 0, Errors: 0, Skipped: 0, Time elapsed: 0.031 s - in org.fluentlenium.adapter.spock.description.TestDescriptionAccessSpec
[INFO] 
[INFO] Results:
[INFO] 
[INFO] Tests run: 101, Failures: 0, Errors: 0, Skipped: 0
[INFO] 
[INFO] 
[INFO] ----------------< org.fluentlenium:fluentlenium-kotest >----------------
[INFO] Building FluentLenium Kotest 4.8.1-SNAPSHOT                      [11/13]
[INFO] --------------------------------[ jar ]---------------------------------
[INFO] 
[INFO] --- maven-clean-plugin:3.1.0:clean (default-clean) @ fluentlenium-kotest ---
[INFO] Deleting /home/gabsko/breaking-updates/fluentlenium-kotest/target
[INFO] 
[INFO] --- flatten-maven-plugin:1.2.7:clean (flatten.clean) @ fluentlenium-kotest ---
[INFO] Deleting /home/gabsko/breaking-updates/fluentlenium-kotest/.flattened-pom.xml
[INFO] 
[INFO] --- maven-enforcer-plugin:3.0.0-M3:enforce (enforce-maven) @ fluentlenium-kotest ---
[INFO] 
[INFO] --- jacoco-maven-plugin:0.8.7:prepare-agent (prepare-agent) @ fluentlenium-kotest ---
[INFO] argLine set to -javaagent:/home/gabsko/.m2/repository/org/jacoco/org.jacoco.agent/0.8.7/org.jacoco.agent-0.8.7-runtime.jar=destfile=/home/gabsko/breaking-updates/fluentlenium-kotest/target/jacoco.exec,excludes=**com.steadystate*:**com/gargoylesoftware*
[INFO] 
[INFO] --- ktlint-maven-plugin:1.9.0:format (format-and-check) @ fluentlenium-kotest ---
[INFO] 0 file(s) formatted.
[INFO] 
[INFO] --- maven-resources-plugin:3.2.0:resources (default-resources) @ fluentlenium-kotest ---
[INFO] Using 'UTF-8' encoding to copy filtered resources.
[INFO] Using 'UTF-8' encoding to copy filtered properties files.
[INFO] skip non existing resourceDirectory /home/gabsko/breaking-updates/fluentlenium-kotest/src/main/resources
[INFO] 
[INFO] --- flatten-maven-plugin:1.2.7:flatten (flatten) @ fluentlenium-kotest ---
[INFO] Generating flattened POM of project org.fluentlenium:fluentlenium-kotest:jar:4.8.1-SNAPSHOT...
[INFO] 
[INFO] --- maven-compiler-plugin:3.8.1:compile (default-compile) @ fluentlenium-kotest ---
[INFO] Changes detected - recompiling the module!
[INFO] 
[INFO] --- kotlin-maven-plugin:1.5.10:compile (compile) @ fluentlenium-kotest ---
[INFO] 
[INFO] --- maven-resources-plugin:3.2.0:testResources (default-testResources) @ fluentlenium-kotest ---
[INFO] Using 'UTF-8' encoding to copy filtered resources.
[INFO] Using 'UTF-8' encoding to copy filtered properties files.
[INFO] Copying 4 resources
[INFO] 
[INFO] --- maven-compiler-plugin:3.8.1:testCompile (default-testCompile) @ fluentlenium-kotest ---
[INFO] Changes detected - recompiling the module!
[INFO] 
[INFO] --- kotlin-maven-plugin:1.5.10:test-compile (test-compile) @ fluentlenium-kotest ---
[INFO] 
[INFO] --- maven-surefire-plugin:3.0.0-M5:test (default-test) @ fluentlenium-kotest ---
[INFO] 
[INFO] -------------------------------------------------------
[INFO]  T E S T S
[INFO] -------------------------------------------------------
~~~ Kotest Configuration ~~~
-> Parallelization factor: 1
-> Concurrent specs: null
-> Global concurrent tests: 1
-> Dispatcher affinity: true
-> Default test timeout: 600000ms
-> Default test order: Sequential
-> Default isolation mode: SingleInstance
-> Global soft assertions: false
-> Write spec failure file: false
-> Fail on ignored tests: false
-> Spec execution order: SpecExecutionOrder
-> Remove test name whitespace: false
-> Append tags to test names: false
-> Extensions
  - io.kotest.engine.extensions.SystemPropertyTagExtension
  - io.kotest.core.extensions.RuntimeTagExtension
  - io.kotest.engine.extensions.RuntimeTagExpressionExtension
-> Listeners
  - class org.fluentlenium.adapter.kotest.KoTestConfig$listeners$1
  - class io.kotest.engine.config.LoadConfigFromClasspathKt$toDetectedConfig$beforeAfterAllListener$1

[INFO] Running org.fluentlenium.adapter.kotest.describespec.CanProvideCustomWebDriverSpec
[INFO] Tests run: 1, Failures: 0, Errors: 0, Skipped: 0, Time elapsed: 1.271 s - in org.fluentlenium.adapter.kotest.describespec.CanProvideCustomWebDriverSpec
[INFO] Running org.fluentlenium.adapter.kotest.describespec.ConfigurationDefaultSpec
Starting ChromeDriver 102.0.5005.61 (0e59bcc00cc4985ce39ad31c150065f159d95ad3-refs/branch-heads/5005@{#819}) on port 14015
Only local connections are allowed.
Please see https://chromedriver.chromium.org/security-considerations for suggestions on keeping ChromeDriver safe.
ChromeDriver was started successfully.
Starting ChromeDriver 102.0.5005.61 (0e59bcc00cc4985ce39ad31c150065f159d95ad3-refs/branch-heads/5005@{#819}) on port 28350
Only local connections are allowed.
Please see https://chromedriver.chromium.org/security-considerations for suggestions on keeping ChromeDriver safe.
ChromeDriver was started successfully.
Starting ChromeDriver 102.0.5005.61 (0e59bcc00cc4985ce39ad31c150065f159d95ad3-refs/branch-heads/5005@{#819}) on port 12960
Only local connections are allowed.
Please see https://chromedriver.chromium.org/security-considerations for suggestions on keeping ChromeDriver safe.
ChromeDriver was started successfully.
Starting ChromeDriver 102.0.5005.61 (0e59bcc00cc4985ce39ad31c150065f159d95ad3-refs/branch-heads/5005@{#819}) on port 24702
Only local connections are allowed.
Please see https://chromedriver.chromium.org/security-considerations for suggestions on keeping ChromeDriver safe.
ChromeDriver was started successfully.
[ERROR] Tests run: 4, Failures: 0, Errors: 4, Skipped: 0, Time elapsed: 240.726 s <<< FAILURE! - in org.fluentlenium.adapter.kotest.describespec.ConfigurationDefaultSpec
[ERROR] org.fluentlenium.adapter.kotest.describespec.ConfigurationDefaultSpec.remoteUrl via custom default class  Time elapsed: 60.487 s  <<< ERROR!
org.openqa.selenium.WebDriverException: 
Browser failed to start, test [ remoteUrl via custom default class ] execution interrupted.
Caused by: [ unknown error: DevToolsActivePort file doesn't exist
Build info: version: '3.141.59', revision: 'e82be7d358', time: '2018-11-14T08:17:03'
System info: host: 'repairnator', ip: '127.0.1.1', os.name: 'Linux', os.arch: 'amd64', os.version: '5.4.0-113-generic', java.version: '11.0.17'
Driver info: driver.version: ChromeDriver
remote stacktrace: #0 0x56467636df33 <unknown>
#1 0x5646760b8118 <unknown>
#2 0x5646760de282 <unknown>
#3 0x5646760da7c6 <unknown>
#4 0x5646760d6d5a <unknown>
#5 0x564676111d3a <unknown>
#6 0x56467610be63 <unknown>
#7 0x5646760e182a <unknown>
#8 0x5646760e2985 <unknown>
#9 0x5646763b24cd <unknown>
#10 0x5646763b65ec <unknown>
#11 0x56467639c71e <unknown>
#12 0x5646763b7238 <unknown>
#13 0x564676391870 <unknown>
#14 0x5646763d3608 <unknown>
#15 0x5646763d3788 <unknown>
#16 0x5646763edf1d <unknown>
#17 0x7fae53fc36db <unknown>
]
Build info: version: '3.141.59', revision: 'e82be7d358', time: '2018-11-14T08:17:03'
System info: host: 'repairnator', ip: '127.0.1.1', os.name: 'Linux', os.arch: 'amd64', os.version: '5.4.0-113-generic', java.version: '11.0.17'
Driver info: driver.version: unknown
Caused by: java.util.concurrent.ExecutionException: org.fluentlenium.configuration.ConfigurationException: Can't create new WebDriver instance
Caused by: org.fluentlenium.configuration.ConfigurationException: Can't create new WebDriver instance
Caused by: java.lang.reflect.InvocationTargetException
Caused by: org.openqa.selenium.WebDriverException: 
unknown error: DevToolsActivePort file doesn't exist
Build info: version: '3.141.59', revision: 'e82be7d358', time: '2018-11-14T08:17:03'
System info: host: 'repairnator', ip: '127.0.1.1', os.name: 'Linux', os.arch: 'amd64', os.version: '5.4.0-113-generic', java.version: '11.0.17'
Driver info: driver.version: ChromeDriver
remote stacktrace: #0 0x56467636df33 <unknown>
#1 0x5646760b8118 <unknown>
#2 0x5646760de282 <unknown>
#3 0x5646760da7c6 <unknown>
#4 0x5646760d6d5a <unknown>
#5 0x564676111d3a <unknown>
#6 0x56467610be63 <unknown>
#7 0x5646760e182a <unknown>
#8 0x5646760e2985 <unknown>
#9 0x5646763b24cd <unknown>
#10 0x5646763b65ec <unknown>
#11 0x56467639c71e <unknown>
#12 0x5646763b7238 <unknown>
#13 0x564676391870 <unknown>
#14 0x5646763d3608 <unknown>
#15 0x5646763d3788 <unknown>
#16 0x5646763edf1d <unknown>
#17 0x7fae53fc36db <unknown>


[ERROR] org.fluentlenium.adapter.kotest.describespec.ConfigurationDefaultSpec.driver should be as defined  Time elapsed: 60.089 s  <<< ERROR!
org.openqa.selenium.WebDriverException: 
Browser failed to start, test [ driver should be as defined ] execution interrupted.
Caused by: [ unknown error: DevToolsActivePort file doesn't exist
Build info: version: '3.141.59', revision: 'e82be7d358', time: '2018-11-14T08:17:03'
System info: host: 'repairnator', ip: '127.0.1.1', os.name: 'Linux', os.arch: 'amd64', os.version: '5.4.0-113-generic', java.version: '11.0.17'
Driver info: driver.version: ChromeDriver
remote stacktrace: #0 0x55e7e42e9f33 <unknown>
#1 0x55e7e4034118 <unknown>
#2 0x55e7e405a282 <unknown>
#3 0x55e7e40567c6 <unknown>
#4 0x55e7e4052d5a <unknown>
#5 0x55e7e408dd3a <unknown>
#6 0x55e7e4087e63 <unknown>
#7 0x55e7e405d82a <unknown>
#8 0x55e7e405e985 <unknown>
#9 0x55e7e432e4cd <unknown>
#10 0x55e7e43325ec <unknown>
#11 0x55e7e431871e <unknown>
#12 0x55e7e4333238 <unknown>
#13 0x55e7e430d870 <unknown>
#14 0x55e7e434f608 <unknown>
#15 0x55e7e434f788 <unknown>
#16 0x55e7e4369f1d <unknown>
#17 0x7f9b0bd2d6db <unknown>
]
Build info: version: '3.141.59', revision: 'e82be7d358', time: '2018-11-14T08:17:03'
System info: host: 'repairnator', ip: '127.0.1.1', os.name: 'Linux', os.arch: 'amd64', os.version: '5.4.0-113-generic', java.version: '11.0.17'
Driver info: driver.version: unknown
Caused by: java.util.concurrent.ExecutionException: org.fluentlenium.configuration.ConfigurationException: Can't create new WebDriver instance
Caused by: org.fluentlenium.configuration.ConfigurationException: Can't create new WebDriver instance
Caused by: java.lang.reflect.InvocationTargetException
Caused by: org.openqa.selenium.WebDriverException: 
unknown error: DevToolsActivePort file doesn't exist
Build info: version: '3.141.59', revision: 'e82be7d358', time: '2018-11-14T08:17:03'
System info: host: 'repairnator', ip: '127.0.1.1', os.name: 'Linux', os.arch: 'amd64', os.version: '5.4.0-113-generic', java.version: '11.0.17'
Driver info: driver.version: ChromeDriver
remote stacktrace: #0 0x55e7e42e9f33 <unknown>
#1 0x55e7e4034118 <unknown>
#2 0x55e7e405a282 <unknown>
#3 0x55e7e40567c6 <unknown>
#4 0x55e7e4052d5a <unknown>
#5 0x55e7e408dd3a <unknown>
#6 0x55e7e4087e63 <unknown>
#7 0x55e7e405d82a <unknown>
#8 0x55e7e405e985 <unknown>
#9 0x55e7e432e4cd <unknown>
#10 0x55e7e43325ec <unknown>
#11 0x55e7e431871e <unknown>
#12 0x55e7e4333238 <unknown>
#13 0x55e7e430d870 <unknown>
#14 0x55e7e434f608 <unknown>
#15 0x55e7e434f788 <unknown>
#16 0x55e7e4369f1d <unknown>
#17 0x7f9b0bd2d6db <unknown>


[ERROR] org.fluentlenium.adapter.kotest.describespec.ConfigurationDefaultSpec.should take screenshot  Time elapsed: 60.072 s  <<< ERROR!
org.openqa.selenium.WebDriverException: 
Browser failed to start, test [ should take screenshot ] execution interrupted.
Caused by: [ unknown error: DevToolsActivePort file doesn't exist
Build info: version: '3.141.59', revision: 'e82be7d358', time: '2018-11-14T08:17:03'
System info: host: 'repairnator', ip: '127.0.1.1', os.name: 'Linux', os.arch: 'amd64', os.version: '5.4.0-113-generic', java.version: '11.0.17'
Driver info: driver.version: ChromeDriver
remote stacktrace: #0 0x55603a859f33 <unknown>
#1 0x55603a5a4118 <unknown>
#2 0x55603a5ca282 <unknown>
#3 0x55603a5c67c6 <unknown>
#4 0x55603a5c2d5a <unknown>
#5 0x55603a5fdd3a <unknown>
#6 0x55603a5f7e63 <unknown>
#7 0x55603a5cd82a <unknown>
#8 0x55603a5ce985 <unknown>
#9 0x55603a89e4cd <unknown>
#10 0x55603a8a25ec <unknown>
#11 0x55603a88871e <unknown>
#12 0x55603a8a3238 <unknown>
#13 0x55603a87d870 <unknown>
#14 0x55603a8bf608 <unknown>
#15 0x55603a8bf788 <unknown>
#16 0x55603a8d9f1d <unknown>
#17 0x7f1bba55d6db <unknown>
]
Build info: version: '3.141.59', revision: 'e82be7d358', time: '2018-11-14T08:17:03'
System info: host: 'repairnator', ip: '127.0.1.1', os.name: 'Linux', os.arch: 'amd64', os.version: '5.4.0-113-generic', java.version: '11.0.17'
Driver info: driver.version: unknown
Caused by: java.util.concurrent.ExecutionException: org.fluentlenium.configuration.ConfigurationException: Can't create new WebDriver instance
Caused by: org.fluentlenium.configuration.ConfigurationException: Can't create new WebDriver instance
Caused by: java.lang.reflect.InvocationTargetException
Caused by: org.openqa.selenium.WebDriverException: 
unknown error: DevToolsActivePort file doesn't exist
Build info: version: '3.141.59', revision: 'e82be7d358', time: '2018-11-14T08:17:03'
System info: host: 'repairnator', ip: '127.0.1.1', os.name: 'Linux', os.arch: 'amd64', os.version: '5.4.0-113-generic', java.version: '11.0.17'
Driver info: driver.version: ChromeDriver
remote stacktrace: #0 0x55603a859f33 <unknown>
#1 0x55603a5a4118 <unknown>
#2 0x55603a5ca282 <unknown>
#3 0x55603a5c67c6 <unknown>
#4 0x55603a5c2d5a <unknown>
#5 0x55603a5fdd3a <unknown>
#6 0x55603a5f7e63 <unknown>
#7 0x55603a5cd82a <unknown>
#8 0x55603a5ce985 <unknown>
#9 0x55603a89e4cd <unknown>
#10 0x55603a8a25ec <unknown>
#11 0x55603a88871e <unknown>
#12 0x55603a8a3238 <unknown>
#13 0x55603a87d870 <unknown>
#14 0x55603a8bf608 <unknown>
#15 0x55603a8bf788 <unknown>
#16 0x55603a8d9f1d <unknown>
#17 0x7f1bba55d6db <unknown>


[ERROR] org.fluentlenium.adapter.kotest.describespec.ConfigurationDefaultSpec.should navigate  Time elapsed: 60.048 s  <<< ERROR!
org.openqa.selenium.WebDriverException: 
Browser failed to start, test [ should navigate ] execution interrupted.
Caused by: [ unknown error: DevToolsActivePort file doesn't exist
Build info: version: '3.141.59', revision: 'e82be7d358', time: '2018-11-14T08:17:03'
System info: host: 'repairnator', ip: '127.0.1.1', os.name: 'Linux', os.arch: 'amd64', os.version: '5.4.0-113-generic', java.version: '11.0.17'
Driver info: driver.version: ChromeDriver
remote stacktrace: #0 0x563ff2cbdf33 <unknown>
#1 0x563ff2a08118 <unknown>
#2 0x563ff2a2e282 <unknown>
#3 0x563ff2a2a7c6 <unknown>
#4 0x563ff2a26d5a <unknown>
#5 0x563ff2a61d3a <unknown>
#6 0x563ff2a5be63 <unknown>
#7 0x563ff2a3182a <unknown>
#8 0x563ff2a32985 <unknown>
#9 0x563ff2d024cd <unknown>
#10 0x563ff2d065ec <unknown>
#11 0x563ff2cec71e <unknown>
#12 0x563ff2d07238 <unknown>
#13 0x563ff2ce1870 <unknown>
#14 0x563ff2d23608 <unknown>
#15 0x563ff2d23788 <unknown>
#16 0x563ff2d3df1d <unknown>
#17 0x7f3c18b446db <unknown>
]
Build info: version: '3.141.59', revision: 'e82be7d358', time: '2018-11-14T08:17:03'
System info: host: 'repairnator', ip: '127.0.1.1', os.name: 'Linux', os.arch: 'amd64', os.version: '5.4.0-113-generic', java.version: '11.0.17'
Driver info: driver.version: unknown
Caused by: java.util.concurrent.ExecutionException: org.fluentlenium.configuration.ConfigurationException: Can't create new WebDriver instance
Caused by: org.fluentlenium.configuration.ConfigurationException: Can't create new WebDriver instance
Caused by: java.lang.reflect.InvocationTargetException
Caused by: org.openqa.selenium.WebDriverException: 
unknown error: DevToolsActivePort file doesn't exist
Build info: version: '3.141.59', revision: 'e82be7d358', time: '2018-11-14T08:17:03'
System info: host: 'repairnator', ip: '127.0.1.1', os.name: 'Linux', os.arch: 'amd64', os.version: '5.4.0-113-generic', java.version: '11.0.17'
Driver info: driver.version: ChromeDriver
remote stacktrace: #0 0x563ff2cbdf33 <unknown>
#1 0x563ff2a08118 <unknown>
#2 0x563ff2a2e282 <unknown>
#3 0x563ff2a2a7c6 <unknown>
#4 0x563ff2a26d5a <unknown>
#5 0x563ff2a61d3a <unknown>
#6 0x563ff2a5be63 <unknown>
#7 0x563ff2a3182a <unknown>
#8 0x563ff2a32985 <unknown>
#9 0x563ff2d024cd <unknown>
#10 0x563ff2d065ec <unknown>
#11 0x563ff2cec71e <unknown>
#12 0x563ff2d07238 <unknown>
#13 0x563ff2ce1870 <unknown>
#14 0x563ff2d23608 <unknown>
#15 0x563ff2d23788 <unknown>
#16 0x563ff2d3df1d <unknown>
#17 0x7f3c18b446db <unknown>


[INFO] Running org.fluentlenium.adapter.kotest.describespec.ConfigurationSpec
[INFO] Tests run: 6, Failures: 0, Errors: 0, Skipped: 0, Time elapsed: 0.081 s - in org.fluentlenium.adapter.kotest.describespec.ConfigurationSpec
[INFO] Running org.fluentlenium.adapter.kotest.describespec.EventSpec
[INFO] Tests run: 1, Failures: 0, Errors: 0, Skipped: 0, Time elapsed: 0.071 s - in org.fluentlenium.adapter.kotest.describespec.EventSpec
[INFO] Running org.fluentlenium.adapter.kotest.annotationspec.ExampleAnnotationSpec
[INFO] Tests run: 1, Failures: 0, Errors: 0, Skipped: 0, Time elapsed: 0.734 s - in org.fluentlenium.adapter.kotest.annotationspec.ExampleAnnotationSpec
[INFO] Running org.fluentlenium.adapter.kotest.behaviorspec.ExampleBehaviorSpec
[INFO] Tests run: 3, Failures: 0, Errors: 0, Skipped: 0, Time elapsed: 0.133 s - in org.fluentlenium.adapter.kotest.behaviorspec.ExampleBehaviorSpec
[INFO] Running org.fluentlenium.adapter.kotest.describespec.ExampleDescribeSpec
[INFO] Tests run: 1, Failures: 0, Errors: 0, Skipped: 0, Time elapsed: 0.058 s - in org.fluentlenium.adapter.kotest.describespec.ExampleDescribeSpec
[INFO] Running org.fluentlenium.adapter.kotest.expectspec.ExampleExpectSpec
[INFO] Tests run: 2, Failures: 0, Errors: 0, Skipped: 0, Time elapsed: 0.052 s - in org.fluentlenium.adapter.kotest.expectspec.ExampleExpectSpec
[INFO] Running org.fluentlenium.adapter.kotest.featurespec.ExampleFeatureSpec
[INFO] Tests run: 2, Failures: 0, Errors: 0, Skipped: 0, Time elapsed: 0.057 s - in org.fluentlenium.adapter.kotest.featurespec.ExampleFeatureSpec
[INFO] Running org.fluentlenium.adapter.kotest.freespec.ExampleFreeSpec
[INFO] Tests run: 2, Failures: 0, Errors: 0, Skipped: 0, Time elapsed: 0.053 s - in org.fluentlenium.adapter.kotest.freespec.ExampleFreeSpec
[INFO] Running org.fluentlenium.adapter.kotest.funspec.ExampleFunSpec
[INFO] Tests run: 1, Failures: 0, Errors: 0, Skipped: 0, Time elapsed: 0.043 s - in org.fluentlenium.adapter.kotest.funspec.ExampleFunSpec
[INFO] Running org.fluentlenium.adapter.kotest.shouldspec.ExampleShouldSpec
[INFO] Tests run: 2, Failures: 0, Errors: 0, Skipped: 0, Time elapsed: 0.071 s - in org.fluentlenium.adapter.kotest.shouldspec.ExampleShouldSpec
[INFO] Running org.fluentlenium.adapter.kotest.stringspec.ExampleStringSpec
[INFO] Tests run: 1, Failures: 0, Errors: 0, Skipped: 0, Time elapsed: 0.046 s - in org.fluentlenium.adapter.kotest.stringspec.ExampleStringSpec
[INFO] Running org.fluentlenium.adapter.kotest.wordspec.ExampleWordSpec
[INFO] Tests run: 2, Failures: 0, Errors: 0, Skipped: 0, Time elapsed: 0.045 s - in org.fluentlenium.adapter.kotest.wordspec.ExampleWordSpec
[INFO] Running org.fluentlenium.adapter.kotest.describespec.HookSpec
[INFO] Tests run: 1, Failures: 0, Errors: 0, Skipped: 0, Time elapsed: 0.067 s - in org.fluentlenium.adapter.kotest.describespec.HookSpec
[INFO] Running org.fluentlenium.adapter.kotest.describespec.PageSpec
[INFO] Tests run: 3, Failures: 0, Errors: 0, Skipped: 0, Time elapsed: 0.139 s - in org.fluentlenium.adapter.kotest.describespec.PageSpec
[INFO] Running org.fluentlenium.adapter.kotest.describespec.ThreadWebDriverSpec
[INFO] Tests run: 2, Failures: 0, Errors: 0, Skipped: 0, Time elapsed: 0.047 s - in org.fluentlenium.adapter.kotest.describespec.ThreadWebDriverSpec
[INFO] 
[INFO] Results:
[INFO] 
[ERROR] Errors: 
[ERROR]   ConfigurationDefaultSpec.driver should be as defined » WebDriver Browser faile...
[ERROR]   ConfigurationDefaultSpec.remoteUrl via custom default class » WebDriver Browse...
[ERROR]   ConfigurationDefaultSpec.should navigate » WebDriver Browser failed to start, ...
[ERROR]   ConfigurationDefaultSpec.should take screenshot » WebDriver Browser failed to ...
[INFO] 
[ERROR] Tests run: 35, Failures: 0, Errors: 4, Skipped: 0
[INFO] 
[INFO] ------------------------------------------------------------------------
[INFO] Reactor Summary for FluentLenium 4.8.1-SNAPSHOT:
[INFO] 
[INFO] FluentLenium ....................................... SUCCESS [  0.593 s]
[INFO] FluentLenium Core .................................. SUCCESS [ 39.169 s]
[INFO] FluentLenium TestNG ................................ SUCCESS [  0.491 s]
[INFO] FluentLenium AssertJ ............................... SUCCESS [  5.265 s]
[INFO] FluentLenium JUnit Jupiter ......................... SUCCESS [  4.030 s]
[INFO] FluentLenium Integration Tests ..................... SUCCESS [02:54 min]
[INFO] FluentLenium JUnit ................................. SUCCESS [  3.197 s]
[INFO] FluentLenium Spring TestNG ......................... SUCCESS [  7.309 s]
[INFO] FluentLenium Cucumber .............................. SUCCESS [  2.108 s]
[INFO] FluentLenium Spock ................................. SUCCESS [  9.388 s]
[INFO] FluentLenium Kotest ................................ FAILURE [04:21 min]
[INFO] FluentLenium Kotest Assertions ..................... SKIPPED
[INFO] FluentLenium Coverage Report ....................... SKIPPED
[INFO] ------------------------------------------------------------------------
[INFO] BUILD FAILURE
[INFO] ------------------------------------------------------------------------
[INFO] Total time:  08:26 min
[INFO] Finished at: 2023-01-31T23:27:16Z
[INFO] ------------------------------------------------------------------------
[ERROR] Failed to execute goal org.apache.maven.plugins:maven-surefire-plugin:3.0.0-M5:test (default-test) on project fluentlenium-kotest: There are test failures.
[ERROR] 
[ERROR] Please refer to /home/gabsko/breaking-updates/fluentlenium-kotest/target/surefire-reports for the individual test results.
[ERROR] Please refer to dump files (if any exist) [date].dump, [date]-jvmRun[N].dump and [date].dumpstream.
[ERROR] -> [Help 1]
[ERROR] 
[ERROR] To see the full stack trace of the errors, re-run Maven with the -e switch.
[ERROR] Re-run Maven using the -X switch to enable full debug logging.
[ERROR] 
[ERROR] For more information about the errors and possible solutions, please read the following articles:
[ERROR] [Help 1] http://cwiki.apache.org/confluence/display/MAVEN/MojoFailureException
[ERROR] 
[ERROR] After correcting the problems, you can resume the build with the command
[ERROR]   mvn <args> -rf :fluentlenium-kotest
