[INFO] Scanning for projects...
[WARNING] 
[WARNING] Some problems were encountered while building the effective model for com.sonymobile.tools.gerrit:gerrit-events:jar:2.18.3-SNAPSHOT
[WARNING] 'build.plugins.plugin.version' for org.apache.maven.plugins:maven-jar-plugin is missing. @ line 179, column 21
[WARNING] 
[WARNING] It is highly recommended to fix these problems because they threaten the stability of your build.
[WARNING] 
[WARNING] For this reason, future Maven versions might no longer support building such malformed projects.
[WARNING] 
[INFO] 
[INFO] -------------< com.sonymobile.tools.gerrit:gerrit-events >--------------
[INFO] Building Gerrit Events Client library 2.18.3-SNAPSHOT
[INFO] --------------------------------[ jar ]---------------------------------
[WARNING] The artifact org.apache.commons:commons-io:jar:1.3.2 has been relocated to commons-io:commons-io:jar:1.3.2: https://issues.sonatype.org/browse/MVNCENTRAL-244
[INFO] 
[INFO] --- maven-clean-plugin:2.5:clean (default-clean) @ gerrit-events ---
[INFO] Deleting /home/gabsko/breaking-updates/target
[INFO] 
[INFO] --- maven-resources-plugin:2.6:resources (default-resources) @ gerrit-events ---
[INFO] Using 'UTF-8' encoding to copy filtered resources.
[INFO] skip non existing resourceDirectory /home/gabsko/breaking-updates/src/main/resources
[INFO] 
[INFO] --- maven-compiler-plugin:3.8.0:compile (default-compile) @ gerrit-events ---
[INFO] Changes detected - recompiling the module!
[INFO] Compiling 87 source files to /home/gabsko/breaking-updates/target/classes
[INFO] /home/gabsko/breaking-updates/src/main/java/com/sonymobile/tools/gerrit/gerritevents/GerritJsonEventFactory.java: /home/gabsko/breaking-updates/src/main/java/com/sonymobile/tools/gerrit/gerritevents/GerritJsonEventFactory.java uses or overrides a deprecated API.
[INFO] /home/gabsko/breaking-updates/src/main/java/com/sonymobile/tools/gerrit/gerritevents/GerritJsonEventFactory.java: Recompile with -Xlint:deprecation for details.
[INFO] /home/gabsko/breaking-updates/src/main/java/com/sonymobile/tools/gerrit/gerritevents/GerritHandler.java: /home/gabsko/breaking-updates/src/main/java/com/sonymobile/tools/gerrit/gerritevents/GerritHandler.java uses unchecked or unsafe operations.
[INFO] /home/gabsko/breaking-updates/src/main/java/com/sonymobile/tools/gerrit/gerritevents/GerritHandler.java: Recompile with -Xlint:unchecked for details.
[INFO] 
[INFO] --- maven-checkstyle-plugin:2.11:checkstyle (compile-checkstyle) @ gerrit-events ---
[INFO] Starting audit...
Audit done.

[WARNING] Unable to locate Source XRef to link to - DISABLED
[INFO] 
[INFO] --- maven-resources-plugin:2.6:testResources (default-testResources) @ gerrit-events ---
[INFO] Using 'UTF-8' encoding to copy filtered resources.
[INFO] Copying 9 resources
[INFO] 
[INFO] --- maven-compiler-plugin:3.8.0:testCompile (default-testCompile) @ gerrit-events ---
[INFO] Changes detected - recompiling the module!
[INFO] Compiling 29 source files to /home/gabsko/breaking-updates/target/test-classes
[INFO] /home/gabsko/breaking-updates/src/test/java/com/sonymobile/tools/gerrit/gerritevents/GerritQueryHandlerTest.java: Some input files use or override a deprecated API.
[INFO] /home/gabsko/breaking-updates/src/test/java/com/sonymobile/tools/gerrit/gerritevents/GerritQueryHandlerTest.java: Recompile with -Xlint:deprecation for details.
[INFO] /home/gabsko/breaking-updates/src/test/java/com/sonymobile/tools/gerrit/gerritevents/workers/GerritEventWorkTest.java: Some input files use unchecked or unsafe operations.
[INFO] /home/gabsko/breaking-updates/src/test/java/com/sonymobile/tools/gerrit/gerritevents/workers/GerritEventWorkTest.java: Recompile with -Xlint:unchecked for details.
[INFO] 
[INFO] --- maven-surefire-plugin:2.16:test (default-test) @ gerrit-events ---
[WARNING] The parameter forkMode is deprecated since version 2.14. Use forkCount and reuseForks instead.
[INFO] Surefire report directory: /home/gabsko/breaking-updates/target/surefire-reports

-------------------------------------------------------
 T E S T S
-------------------------------------------------------

-------------------------------------------------------
 T E S T S
-------------------------------------------------------
Running com.sonymobile.tools.gerrit.gerritevents.watchdog.StreamWatchdogTest
====This will be a long running test ca. 2 minutes=====
Test key-pair seems to already exist.
Feb 02, 2023 1:22:59 AM org.apache.sshd.common.util.SecurityUtils register
INFO: BouncyCastle not registered, using the default JCE provider
Feb 02, 2023 1:22:59 AM com.sonymobile.tools.gerrit.gerritevents.GerritHandler startQueue
INFO: ReceiveQueue started! Current pool size: 1
Feb 02, 2023 1:22:59 AM com.sonymobile.tools.gerrit.gerritevents.GerritConnection run
INFO: Starting Up 
Feb 02, 2023 1:22:59 AM org.apache.sshd.server.session.ServerSession <init>
INFO: Session created from /127.0.0.1:41080
Feb 02, 2023 1:22:59 AM org.apache.sshd.server.keyprovider.AbstractGeneratorHostKeyProvider generateKeyPair
INFO: Generating host key...
Feb 02, 2023 1:22:59 AM org.apache.sshd.common.session.AbstractSession exceptionCaught
WARNING: Exception caught
java.security.InvalidKeyException: The security strength of SHA-1 digest algorithm is not sufficient for this key size
	at java.base/sun.security.provider.DSA.checkKey(DSA.java:124)
	at java.base/sun.security.provider.DSA.engineInitSign(DSA.java:156)
	at java.base/java.security.Signature$Delegate.engineInitSign(Signature.java:1351)
	at java.base/java.security.Signature.initSign(Signature.java:636)
	at org.apache.sshd.common.signature.AbstractSignature.init(AbstractSignature.java:47)
	at org.apache.sshd.server.kex.AbstractDHGServer.next(AbstractDHGServer.java:93)
	at org.apache.sshd.server.session.ServerSession.handleMessage(ServerSession.java:166)
	at org.apache.sshd.common.session.AbstractSession.decode(AbstractSession.java:566)
	at org.apache.sshd.common.session.AbstractSession.messageReceived(AbstractSession.java:236)
	at org.apache.sshd.common.AbstractSessionIoHandler.messageReceived(AbstractSessionIoHandler.java:58)
	at org.apache.mina.core.filterchain.DefaultIoFilterChain$TailFilter.messageReceived(DefaultIoFilterChain.java:716)
	at org.apache.mina.core.filterchain.DefaultIoFilterChain.callNextMessageReceived(DefaultIoFilterChain.java:434)
	at org.apache.mina.core.filterchain.DefaultIoFilterChain.access$1200(DefaultIoFilterChain.java:46)
	at org.apache.mina.core.filterchain.DefaultIoFilterChain$EntryImpl$1.messageReceived(DefaultIoFilterChain.java:796)
	at org.apache.mina.core.filterchain.IoFilterAdapter.messageReceived(IoFilterAdapter.java:119)
	at org.apache.mina.core.filterchain.DefaultIoFilterChain.callNextMessageReceived(DefaultIoFilterChain.java:434)
	at org.apache.mina.core.filterchain.DefaultIoFilterChain.fireMessageReceived(DefaultIoFilterChain.java:426)
	at org.apache.mina.core.polling.AbstractPollingIoProcessor.read(AbstractPollingIoProcessor.java:697)
	at org.apache.mina.core.polling.AbstractPollingIoProcessor.process(AbstractPollingIoProcessor.java:651)
	at org.apache.mina.core.polling.AbstractPollingIoProcessor.process(AbstractPollingIoProcessor.java:640)
	at org.apache.mina.core.polling.AbstractPollingIoProcessor.access$600(AbstractPollingIoProcessor.java:67)
	at org.apache.mina.core.polling.AbstractPollingIoProcessor$Processor.run(AbstractPollingIoProcessor.java:1111)
	at org.apache.mina.util.NamePreservingRunnable.run(NamePreservingRunnable.java:64)
	at java.base/java.util.concurrent.ThreadPoolExecutor.runWorker(ThreadPoolExecutor.java:1128)
	at java.base/java.util.concurrent.ThreadPoolExecutor$Worker.run(ThreadPoolExecutor.java:628)
	at java.base/java.lang.Thread.run(Thread.java:829)

Feb 02, 2023 1:22:59 AM org.apache.sshd.common.session.AbstractSession$1IoSessionCloser operationComplete
INFO: Session null@null closed
Feb 02, 2023 1:22:59 AM com.sonymobile.tools.gerrit.gerritevents.GerritConnection connect
SEVERE: Could not connect to Gerrit server! Host: localhost Port: 29418
Feb 02, 2023 1:22:59 AM com.sonymobile.tools.gerrit.gerritevents.GerritConnection connect
SEVERE:  Proxy: 
Feb 02, 2023 1:22:59 AM com.sonymobile.tools.gerrit.gerritevents.GerritConnection connect
SEVERE:  User: jenkins KeyFile: /tmp/jenkins-testkey
Feb 02, 2023 1:22:59 AM com.sonymobile.tools.gerrit.gerritevents.GerritConnection connect
SEVERE: IOException: 
com.sonymobile.tools.gerrit.gerritevents.ssh.SshException: com.jcraft.jsch.JSchException: Session.connect: java.io.IOException: End of IO Stream Read
	at com.sonymobile.tools.gerrit.gerritevents.ssh.SshConnectionImpl.connect(SshConnectionImpl.java:200)
	at com.sonymobile.tools.gerrit.gerritevents.ssh.SshConnectionFactory.getConnection(SshConnectionFactory.java:140)
	at com.sonymobile.tools.gerrit.gerritevents.ssh.SshConnectionFactory.getConnection(SshConnectionFactory.java:117)
	at com.sonymobile.tools.gerrit.gerritevents.GerritConnection.connect(GerritConnection.java:498)
	at com.sonymobile.tools.gerrit.gerritevents.GerritConnection.run(GerritConnection.java:404)
	at java.base/java.lang.Thread.run(Thread.java:829)
Caused by: com.jcraft.jsch.JSchException: Session.connect: java.io.IOException: End of IO Stream Read
	at com.jcraft.jsch.Session.connect(Session.java:565)
	at com.sonymobile.tools.gerrit.gerritevents.ssh.SshConnectionImpl.connect(SshConnectionImpl.java:196)
	... 5 more

Feb 02, 2023 1:23:01 AM org.apache.sshd.server.session.ServerSession <init>
INFO: Session created from /127.0.0.1:41250
Feb 02, 2023 1:23:01 AM org.apache.sshd.common.session.AbstractSession exceptionCaught
WARNING: Exception caught
java.security.InvalidKeyException: The security strength of SHA-1 digest algorithm is not sufficient for this key size
	at java.base/sun.security.provider.DSA.checkKey(DSA.java:124)
	at java.base/sun.security.provider.DSA.engineInitSign(DSA.java:156)
	at java.base/java.security.Signature$Delegate.engineInitSign(Signature.java:1351)
	at java.base/java.security.Signature.initSign(Signature.java:636)
	at org.apache.sshd.common.signature.AbstractSignature.init(AbstractSignature.java:47)
	at org.apache.sshd.server.kex.AbstractDHGServer.next(AbstractDHGServer.java:93)
	at org.apache.sshd.server.session.ServerSession.handleMessage(ServerSession.java:166)
	at org.apache.sshd.common.session.AbstractSession.decode(AbstractSession.java:566)
	at org.apache.sshd.common.session.AbstractSession.messageReceived(AbstractSession.java:236)
	at org.apache.sshd.common.AbstractSessionIoHandler.messageReceived(AbstractSessionIoHandler.java:58)
	at org.apache.mina.core.filterchain.DefaultIoFilterChain$TailFilter.messageReceived(DefaultIoFilterChain.java:716)
	at org.apache.mina.core.filterchain.DefaultIoFilterChain.callNextMessageReceived(DefaultIoFilterChain.java:434)
	at org.apache.mina.core.filterchain.DefaultIoFilterChain.access$1200(DefaultIoFilterChain.java:46)
	at org.apache.mina.core.filterchain.DefaultIoFilterChain$EntryImpl$1.messageReceived(DefaultIoFilterChain.java:796)
	at org.apache.mina.core.filterchain.IoFilterAdapter.messageReceived(IoFilterAdapter.java:119)
	at org.apache.mina.core.filterchain.DefaultIoFilterChain.callNextMessageReceived(DefaultIoFilterChain.java:434)
	at org.apache.mina.core.filterchain.DefaultIoFilterChain.fireMessageReceived(DefaultIoFilterChain.java:426)
	at org.apache.mina.core.polling.AbstractPollingIoProcessor.read(AbstractPollingIoProcessor.java:697)
	at org.apache.mina.core.polling.AbstractPollingIoProcessor.process(AbstractPollingIoProcessor.java:651)
	at org.apache.mina.core.polling.AbstractPollingIoProcessor.process(AbstractPollingIoProcessor.java:640)
	at org.apache.mina.core.polling.AbstractPollingIoProcessor.access$600(AbstractPollingIoProcessor.java:67)
	at org.apache.mina.core.polling.AbstractPollingIoProcessor$Processor.run(AbstractPollingIoProcessor.java:1111)
	at org.apache.mina.util.NamePreservingRunnable.run(NamePreservingRunnable.java:64)
	at java.base/java.util.concurrent.ThreadPoolExecutor.runWorker(ThreadPoolExecutor.java:1128)
	at java.base/java.util.concurrent.ThreadPoolExecutor$Worker.run(ThreadPoolExecutor.java:628)
	at java.base/java.lang.Thread.run(Thread.java:829)

Feb 02, 2023 1:23:01 AM com.sonymobile.tools.gerrit.gerritevents.GerritConnection connect
SEVERE: Could not connect to Gerrit server! Host: localhost Port: 29418
Feb 02, 2023 1:23:01 AM org.apache.sshd.common.session.AbstractSession$1IoSessionCloser operationComplete
INFO: Session null@null closed
Feb 02, 2023 1:23:01 AM com.sonymobile.tools.gerrit.gerritevents.GerritConnection connect
SEVERE:  Proxy: 
Feb 02, 2023 1:23:01 AM com.sonymobile.tools.gerrit.gerritevents.GerritConnection connect
SEVERE:  User: jenkins KeyFile: /tmp/jenkins-testkey
Feb 02, 2023 1:23:01 AM com.sonymobile.tools.gerrit.gerritevents.GerritConnection connect
SEVERE: IOException: 
com.sonymobile.tools.gerrit.gerritevents.ssh.SshException: com.jcraft.jsch.JSchException: Session.connect: java.io.IOException: End of IO Stream Read
	at com.sonymobile.tools.gerrit.gerritevents.ssh.SshConnectionImpl.connect(SshConnectionImpl.java:200)
	at com.sonymobile.tools.gerrit.gerritevents.ssh.SshConnectionFactory.getConnection(SshConnectionFactory.java:140)
	at com.sonymobile.tools.gerrit.gerritevents.ssh.SshConnectionFactory.getConnection(SshConnectionFactory.java:117)
	at com.sonymobile.tools.gerrit.gerritevents.GerritConnection.connect(GerritConnection.java:498)
	at com.sonymobile.tools.gerrit.gerritevents.GerritConnection.run(GerritConnection.java:404)
	at java.base/java.lang.Thread.run(Thread.java:829)
Caused by: com.jcraft.jsch.JSchException: Session.connect: java.io.IOException: End of IO Stream Read
	at com.jcraft.jsch.Session.connect(Session.java:565)
	at com.sonymobile.tools.gerrit.gerritevents.ssh.SshConnectionImpl.connect(SshConnectionImpl.java:196)
	... 5 more

Feb 02, 2023 1:23:03 AM org.apache.sshd.server.session.ServerSession <init>
INFO: Session created from /127.0.0.1:41406
Feb 02, 2023 1:23:03 AM org.apache.sshd.common.session.AbstractSession exceptionCaught
WARNING: Exception caught
java.security.InvalidKeyException: The security strength of SHA-1 digest algorithm is not sufficient for this key size
	at java.base/sun.security.provider.DSA.checkKey(DSA.java:124)
	at java.base/sun.security.provider.DSA.engineInitSign(DSA.java:156)
	at java.base/java.security.Signature$Delegate.engineInitSign(Signature.java:1351)
	at java.base/java.security.Signature.initSign(Signature.java:636)
	at org.apache.sshd.common.signature.AbstractSignature.init(AbstractSignature.java:47)
	at org.apache.sshd.server.kex.AbstractDHGServer.next(AbstractDHGServer.java:93)
	at org.apache.sshd.server.session.ServerSession.handleMessage(ServerSession.java:166)
	at org.apache.sshd.common.session.AbstractSession.decode(AbstractSession.java:566)
	at org.apache.sshd.common.session.AbstractSession.messageReceived(AbstractSession.java:236)
	at org.apache.sshd.common.AbstractSessionIoHandler.messageReceived(AbstractSessionIoHandler.java:58)
	at org.apache.mina.core.filterchain.DefaultIoFilterChain$TailFilter.messageReceived(DefaultIoFilterChain.java:716)
	at org.apache.mina.core.filterchain.DefaultIoFilterChain.callNextMessageReceived(DefaultIoFilterChain.java:434)
	at org.apache.mina.core.filterchain.DefaultIoFilterChain.access$1200(DefaultIoFilterChain.java:46)
	at org.apache.mina.core.filterchain.DefaultIoFilterChain$EntryImpl$1.messageReceived(DefaultIoFilterChain.java:796)
	at org.apache.mina.core.filterchain.IoFilterAdapter.messageReceived(IoFilterAdapter.java:119)
	at org.apache.mina.core.filterchain.DefaultIoFilterChain.callNextMessageReceived(DefaultIoFilterChain.java:434)
	at org.apache.mina.core.filterchain.DefaultIoFilterChain.fireMessageReceived(DefaultIoFilterChain.java:426)
	at org.apache.mina.core.polling.AbstractPollingIoProcessor.read(AbstractPollingIoProcessor.java:697)
	at org.apache.mina.core.polling.AbstractPollingIoProcessor.process(AbstractPollingIoProcessor.java:651)
	at org.apache.mina.core.polling.AbstractPollingIoProcessor.process(AbstractPollingIoProcessor.java:640)
	at org.apache.mina.core.polling.AbstractPollingIoProcessor.access$600(AbstractPollingIoProcessor.java:67)
	at org.apache.mina.core.polling.AbstractPollingIoProcessor$Processor.run(AbstractPollingIoProcessor.java:1111)
	at org.apache.mina.util.NamePreservingRunnable.run(NamePreservingRunnable.java:64)
	at java.base/java.util.concurrent.ThreadPoolExecutor.runWorker(ThreadPoolExecutor.java:1128)
	at java.base/java.util.concurrent.ThreadPoolExecutor$Worker.run(ThreadPoolExecutor.java:628)
	at java.base/java.lang.Thread.run(Thread.java:829)

Feb 02, 2023 1:23:03 AM org.apache.sshd.common.session.AbstractSession$1IoSessionCloser operationComplete
INFO: Session null@null closed
Feb 02, 2023 1:23:03 AM com.sonymobile.tools.gerrit.gerritevents.GerritConnection connect
SEVERE: Could not connect to Gerrit server! Host: localhost Port: 29418
Feb 02, 2023 1:23:03 AM com.sonymobile.tools.gerrit.gerritevents.GerritConnection connect
SEVERE:  Proxy: 
Feb 02, 2023 1:23:03 AM com.sonymobile.tools.gerrit.gerritevents.GerritConnection connect
SEVERE:  User: jenkins KeyFile: /tmp/jenkins-testkey
Feb 02, 2023 1:23:03 AM com.sonymobile.tools.gerrit.gerritevents.GerritConnection connect
SEVERE: IOException: 
com.sonymobile.tools.gerrit.gerritevents.ssh.SshException: com.jcraft.jsch.JSchException: Session.connect: java.io.IOException: End of IO Stream Read
	at com.sonymobile.tools.gerrit.gerritevents.ssh.SshConnectionImpl.connect(SshConnectionImpl.java:200)
	at com.sonymobile.tools.gerrit.gerritevents.ssh.SshConnectionFactory.getConnection(SshConnectionFactory.java:140)
	at com.sonymobile.tools.gerrit.gerritevents.ssh.SshConnectionFactory.getConnection(SshConnectionFactory.java:117)
	at com.sonymobile.tools.gerrit.gerritevents.GerritConnection.connect(GerritConnection.java:498)
	at com.sonymobile.tools.gerrit.gerritevents.GerritConnection.run(GerritConnection.java:404)
	at java.base/java.lang.Thread.run(Thread.java:829)
Caused by: com.jcraft.jsch.JSchException: Session.connect: java.io.IOException: End of IO Stream Read
	at com.jcraft.jsch.Session.connect(Session.java:565)
	at com.sonymobile.tools.gerrit.gerritevents.ssh.SshConnectionImpl.connect(SshConnectionImpl.java:196)
	... 5 more

Feb 02, 2023 1:23:05 AM org.apache.sshd.server.session.ServerSession <init>
INFO: Session created from /127.0.0.1:41566
Feb 02, 2023 1:23:05 AM org.apache.sshd.common.session.AbstractSession exceptionCaught
WARNING: Exception caught
java.security.InvalidKeyException: The security strength of SHA-1 digest algorithm is not sufficient for this key size
	at java.base/sun.security.provider.DSA.checkKey(DSA.java:124)
	at java.base/sun.security.provider.DSA.engineInitSign(DSA.java:156)
	at java.base/java.security.Signature$Delegate.engineInitSign(Signature.java:1351)
	at java.base/java.security.Signature.initSign(Signature.java:636)
	at org.apache.sshd.common.signature.AbstractSignature.init(AbstractSignature.java:47)
	at org.apache.sshd.server.kex.AbstractDHGServer.next(AbstractDHGServer.java:93)
	at org.apache.sshd.server.session.ServerSession.handleMessage(ServerSession.java:166)
	at org.apache.sshd.common.session.AbstractSession.decode(AbstractSession.java:566)
	at org.apache.sshd.common.session.AbstractSession.messageReceived(AbstractSession.java:236)
	at org.apache.sshd.common.AbstractSessionIoHandler.messageReceived(AbstractSessionIoHandler.java:58)
	at org.apache.mina.core.filterchain.DefaultIoFilterChain$TailFilter.messageReceived(DefaultIoFilterChain.java:716)
	at org.apache.mina.core.filterchain.DefaultIoFilterChain.callNextMessageReceived(DefaultIoFilterChain.java:434)
	at org.apache.mina.core.filterchain.DefaultIoFilterChain.access$1200(DefaultIoFilterChain.java:46)
	at org.apache.mina.core.filterchain.DefaultIoFilterChain$EntryImpl$1.messageReceived(DefaultIoFilterChain.java:796)
	at org.apache.mina.core.filterchain.IoFilterAdapter.messageReceived(IoFilterAdapter.java:119)
	at org.apache.mina.core.filterchain.DefaultIoFilterChain.callNextMessageReceived(DefaultIoFilterChain.java:434)
	at org.apache.mina.core.filterchain.DefaultIoFilterChain.fireMessageReceived(DefaultIoFilterChain.java:426)
	at org.apache.mina.core.polling.AbstractPollingIoProcessor.read(AbstractPollingIoProcessor.java:697)
	at org.apache.mina.core.polling.AbstractPollingIoProcessor.process(AbstractPollingIoProcessor.java:651)
	at org.apache.mina.core.polling.AbstractPollingIoProcessor.process(AbstractPollingIoProcessor.java:640)
	at org.apache.mina.core.polling.AbstractPollingIoProcessor.access$600(AbstractPollingIoProcessor.java:67)
	at org.apache.mina.core.polling.AbstractPollingIoProcessor$Processor.run(AbstractPollingIoProcessor.java:1111)
	at org.apache.mina.util.NamePreservingRunnable.run(NamePreservingRunnable.java:64)
	at java.base/java.util.concurrent.ThreadPoolExecutor.runWorker(ThreadPoolExecutor.java:1128)
	at java.base/java.util.concurrent.ThreadPoolExecutor$Worker.run(ThreadPoolExecutor.java:628)
	at java.base/java.lang.Thread.run(Thread.java:829)

Feb 02, 2023 1:23:05 AM org.apache.sshd.common.session.AbstractSession$1IoSessionCloser operationComplete
INFO: Session null@null closed
Feb 02, 2023 1:23:05 AM com.sonymobile.tools.gerrit.gerritevents.GerritConnection connect
SEVERE: Could not connect to Gerrit server! Host: localhost Port: 29418
Feb 02, 2023 1:23:05 AM com.sonymobile.tools.gerrit.gerritevents.GerritConnection connect
SEVERE:  Proxy: 
Feb 02, 2023 1:23:05 AM com.sonymobile.tools.gerrit.gerritevents.GerritConnection connect
SEVERE:  User: jenkins KeyFile: /tmp/jenkins-testkey
Feb 02, 2023 1:23:05 AM com.sonymobile.tools.gerrit.gerritevents.GerritConnection connect
SEVERE: IOException: 
com.sonymobile.tools.gerrit.gerritevents.ssh.SshException: com.jcraft.jsch.JSchException: Session.connect: java.io.IOException: End of IO Stream Read
	at com.sonymobile.tools.gerrit.gerritevents.ssh.SshConnectionImpl.connect(SshConnectionImpl.java:200)
	at com.sonymobile.tools.gerrit.gerritevents.ssh.SshConnectionFactory.getConnection(SshConnectionFactory.java:140)
	at com.sonymobile.tools.gerrit.gerritevents.ssh.SshConnectionFactory.getConnection(SshConnectionFactory.java:117)
	at com.sonymobile.tools.gerrit.gerritevents.GerritConnection.connect(GerritConnection.java:498)
	at com.sonymobile.tools.gerrit.gerritevents.GerritConnection.run(GerritConnection.java:404)
	at java.base/java.lang.Thread.run(Thread.java:829)
Caused by: com.jcraft.jsch.JSchException: Session.connect: java.io.IOException: End of IO Stream Read
	at com.jcraft.jsch.Session.connect(Session.java:565)
	at com.sonymobile.tools.gerrit.gerritevents.ssh.SshConnectionImpl.connect(SshConnectionImpl.java:196)
	... 5 more

Tests run: 1, Failures: 0, Errors: 1, Skipped: 0, Time elapsed: 8.376 sec <<< FAILURE! - in com.sonymobile.tools.gerrit.gerritevents.watchdog.StreamWatchdogTest
testFullTimeoutFlow(com.sonymobile.tools.gerrit.gerritevents.watchdog.StreamWatchdogTest)  Time elapsed: 8.334 sec  <<< ERROR!
java.lang.RuntimeException: Timeout!
	at com.sonymobile.tools.gerrit.gerritevents.mock.SshdServerMock.waitForCommand(SshdServerMock.java:233)
	at com.sonymobile.tools.gerrit.gerritevents.watchdog.StreamWatchdogTest.testFullTimeoutFlow(StreamWatchdogTest.java:97)

Running com.sonymobile.tools.gerrit.gerritevents.watchdog.WatchTimeExceptionDataTest
Tests run: 5, Failures: 0, Errors: 0, Skipped: 0, Time elapsed: 0.054 sec - in com.sonymobile.tools.gerrit.gerritevents.watchdog.WatchTimeExceptionDataTest
Running com.sonymobile.tools.gerrit.gerritevents.workers.cmd.AbstractSendCommandJob2Test
WARNING: An illegal reflective access operation has occurred
WARNING: Illegal reflective access by org.powermock.reflect.internal.WhiteboxImpl (file:/home/gabsko/.m2/repository/org/powermock/powermock-reflect/2.0.0/powermock-reflect-2.0.0.jar) to method java.lang.Object.clone()
WARNING: Please consider reporting this to the maintainers of org.powermock.reflect.internal.WhiteboxImpl
WARNING: Use --illegal-access=warn to enable warnings of further illegal reflective access operations
WARNING: All illegal access operations will be denied in a future release
Tests run: 3, Failures: 0, Errors: 0, Skipped: 0, Time elapsed: 1.192 sec - in com.sonymobile.tools.gerrit.gerritevents.workers.cmd.AbstractSendCommandJob2Test
Running com.sonymobile.tools.gerrit.gerritevents.workers.cmd.AbstractSendCommandJobTest
WARNING: An illegal reflective access operation has occurred
WARNING: Illegal reflective access by org.powermock.reflect.internal.WhiteboxImpl (file:/home/gabsko/.m2/repository/org/powermock/powermock-reflect/2.0.0/powermock-reflect-2.0.0.jar) to method java.lang.Object.clone()
WARNING: Please consider reporting this to the maintainers of org.powermock.reflect.internal.WhiteboxImpl
WARNING: Use --illegal-access=warn to enable warnings of further illegal reflective access operations
WARNING: All illegal access operations will be denied in a future release
Feb 02, 2023 1:23:10 AM com.sonymobile.tools.gerrit.gerritevents.workers.cmd.AbstractSendCommandJob sendCommand
SEVERE: Could not run command test command
java.io.IOException: Error during sending command
	at com.sonymobile.tools.gerrit.gerritevents.workers.cmd.AbstractSendCommandJob.sendCommand2(AbstractSendCommandJob.java:118)
	at com.sonymobile.tools.gerrit.gerritevents.workers.cmd.AbstractSendCommandJob.sendCommand(AbstractSendCommandJob.java:79)
	at com.sonymobile.tools.gerrit.gerritevents.workers.cmd.AbstractSendCommandJobTest.testSendCommandNoConnection(AbstractSendCommandJobTest.java:99)
	at java.base/jdk.internal.reflect.NativeMethodAccessorImpl.invoke0(Native Method)
	at java.base/jdk.internal.reflect.NativeMethodAccessorImpl.invoke(NativeMethodAccessorImpl.java:62)
	at java.base/jdk.internal.reflect.DelegatingMethodAccessorImpl.invoke(DelegatingMethodAccessorImpl.java:43)
	at java.base/java.lang.reflect.Method.invoke(Method.java:566)
	at org.junit.internal.runners.TestMethod.invoke(TestMethod.java:68)
	at org.powermock.modules.junit4.internal.impl.PowerMockJUnit44RunnerDelegateImpl$PowerMockJUnit44MethodRunner.runTestMethod(PowerMockJUnit44RunnerDelegateImpl.java:326)
	at org.junit.internal.runners.MethodRoadie$2.run(MethodRoadie.java:89)
	at org.junit.internal.runners.MethodRoadie.runBeforesThenTestThenAfters(MethodRoadie.java:97)
	at org.powermock.modules.junit4.internal.impl.PowerMockJUnit44RunnerDelegateImpl$PowerMockJUnit44MethodRunner.executeTest(PowerMockJUnit44RunnerDelegateImpl.java:310)
	at org.powermock.modules.junit4.internal.impl.PowerMockJUnit47RunnerDelegateImpl$PowerMockJUnit47MethodRunner.executeTestInSuper(PowerMockJUnit47RunnerDelegateImpl.java:131)
	at org.powermock.modules.junit4.internal.impl.PowerMockJUnit47RunnerDelegateImpl$PowerMockJUnit47MethodRunner.access$100(PowerMockJUnit47RunnerDelegateImpl.java:59)
	at org.powermock.modules.junit4.internal.impl.PowerMockJUnit47RunnerDelegateImpl$PowerMockJUnit47MethodRunner$TestExecutorStatement.evaluate(PowerMockJUnit47RunnerDelegateImpl.java:147)
	at org.powermock.modules.junit4.internal.impl.PowerMockJUnit47RunnerDelegateImpl$PowerMockJUnit47MethodRunner.evaluateStatement(PowerMockJUnit47RunnerDelegateImpl.java:107)
	at org.powermock.modules.junit4.internal.impl.PowerMockJUnit47RunnerDelegateImpl$PowerMockJUnit47MethodRunner.executeTest(PowerMockJUnit47RunnerDelegateImpl.java:82)
	at org.powermock.modules.junit4.internal.impl.PowerMockJUnit44RunnerDelegateImpl$PowerMockJUnit44MethodRunner.runBeforesThenTestThenAfters(PowerMockJUnit44RunnerDelegateImpl.java:298)
	at org.junit.internal.runners.MethodRoadie.runTest(MethodRoadie.java:87)
	at org.junit.internal.runners.MethodRoadie.run(MethodRoadie.java:50)
	at org.powermock.modules.junit4.internal.impl.PowerMockJUnit44RunnerDelegateImpl.invokeTestMethod(PowerMockJUnit44RunnerDelegateImpl.java:218)
	at org.powermock.modules.junit4.internal.impl.PowerMockJUnit44RunnerDelegateImpl.runMethods(PowerMockJUnit44RunnerDelegateImpl.java:160)
	at org.powermock.modules.junit4.internal.impl.PowerMockJUnit44RunnerDelegateImpl$1.run(PowerMockJUnit44RunnerDelegateImpl.java:134)
	at org.junit.internal.runners.ClassRoadie.runUnprotected(ClassRoadie.java:34)
	at org.junit.internal.runners.ClassRoadie.runProtected(ClassRoadie.java:44)
	at org.powermock.modules.junit4.internal.impl.PowerMockJUnit44RunnerDelegateImpl.run(PowerMockJUnit44RunnerDelegateImpl.java:136)
	at org.powermock.modules.junit4.common.internal.impl.JUnit4TestSuiteChunkerImpl.run(JUnit4TestSuiteChunkerImpl.java:117)
	at org.powermock.modules.junit4.common.internal.impl.AbstractCommonPowerMockRunner.run(AbstractCommonPowerMockRunner.java:57)
	at org.powermock.modules.junit4.PowerMockRunner.run(PowerMockRunner.java:59)
	at org.apache.maven.surefire.junit4.JUnit4Provider.execute(JUnit4Provider.java:264)
	at org.apache.maven.surefire.junit4.JUnit4Provider.executeTestSet(JUnit4Provider.java:153)
	at org.apache.maven.surefire.junit4.JUnit4Provider.invoke(JUnit4Provider.java:124)
	at org.apache.maven.surefire.booter.ForkedBooter.invokeProviderInSameClassLoader(ForkedBooter.java:200)
	at org.apache.maven.surefire.booter.ForkedBooter.runSuitesInProcess(ForkedBooter.java:153)
	at org.apache.maven.surefire.booter.ForkedBooter.main(ForkedBooter.java:103)
Caused by: java.io.IOException
	at org.powermock.core.MockGateway.doMethodCall(MockGateway.java:186)
	at org.powermock.core.MockGateway.doMethodCall(MockGateway.java:168)
	at org.powermock.core.MockGateway.methodCall(MockGateway.java:145)
	at com.sonymobile.tools.gerrit.gerritevents.ssh.SshConnectionFactory.getConnection(SshConnectionFactory.java)
	at com.sonymobile.tools.gerrit.gerritevents.workers.cmd.AbstractSendCommandJob.sendCommand2(AbstractSendCommandJob.java:114)
	... 34 more

Feb 02, 2023 1:23:10 AM com.sonymobile.tools.gerrit.gerritevents.workers.cmd.AbstractSendCommandJob sendCommand
SEVERE: Could not run command test command
java.io.IOException: Error during sending command
	at com.sonymobile.tools.gerrit.gerritevents.workers.cmd.AbstractSendCommandJob.sendCommand2(AbstractSendCommandJob.java:118)
	at com.sonymobile.tools.gerrit.gerritevents.workers.cmd.AbstractSendCommandJob.sendCommand(AbstractSendCommandJob.java:79)
	at com.sonymobile.tools.gerrit.gerritevents.workers.cmd.AbstractSendCommandJobTest.testSendCommandWithError(AbstractSendCommandJobTest.java:116)
	at java.base/jdk.internal.reflect.NativeMethodAccessorImpl.invoke0(Native Method)
	at java.base/jdk.internal.reflect.NativeMethodAccessorImpl.invoke(NativeMethodAccessorImpl.java:62)
	at java.base/jdk.internal.reflect.DelegatingMethodAccessorImpl.invoke(DelegatingMethodAccessorImpl.java:43)
	at java.base/java.lang.reflect.Method.invoke(Method.java:566)
	at org.junit.internal.runners.TestMethod.invoke(TestMethod.java:68)
	at org.powermock.modules.junit4.internal.impl.PowerMockJUnit44RunnerDelegateImpl$PowerMockJUnit44MethodRunner.runTestMethod(PowerMockJUnit44RunnerDelegateImpl.java:326)
	at org.junit.internal.runners.MethodRoadie$2.run(MethodRoadie.java:89)
	at org.junit.internal.runners.MethodRoadie.runBeforesThenTestThenAfters(MethodRoadie.java:97)
	at org.powermock.modules.junit4.internal.impl.PowerMockJUnit44RunnerDelegateImpl$PowerMockJUnit44MethodRunner.executeTest(PowerMockJUnit44RunnerDelegateImpl.java:310)
	at org.powermock.modules.junit4.internal.impl.PowerMockJUnit47RunnerDelegateImpl$PowerMockJUnit47MethodRunner.executeTestInSuper(PowerMockJUnit47RunnerDelegateImpl.java:131)
	at org.powermock.modules.junit4.internal.impl.PowerMockJUnit47RunnerDelegateImpl$PowerMockJUnit47MethodRunner.access$100(PowerMockJUnit47RunnerDelegateImpl.java:59)
	at org.powermock.modules.junit4.internal.impl.PowerMockJUnit47RunnerDelegateImpl$PowerMockJUnit47MethodRunner$TestExecutorStatement.evaluate(PowerMockJUnit47RunnerDelegateImpl.java:147)
	at org.powermock.modules.junit4.internal.impl.PowerMockJUnit47RunnerDelegateImpl$PowerMockJUnit47MethodRunner.evaluateStatement(PowerMockJUnit47RunnerDelegateImpl.java:107)
	at org.powermock.modules.junit4.internal.impl.PowerMockJUnit47RunnerDelegateImpl$PowerMockJUnit47MethodRunner.executeTest(PowerMockJUnit47RunnerDelegateImpl.java:82)
	at org.powermock.modules.junit4.internal.impl.PowerMockJUnit44RunnerDelegateImpl$PowerMockJUnit44MethodRunner.runBeforesThenTestThenAfters(PowerMockJUnit44RunnerDelegateImpl.java:298)
	at org.junit.internal.runners.MethodRoadie.runTest(MethodRoadie.java:87)
	at org.junit.internal.runners.MethodRoadie.run(MethodRoadie.java:50)
	at org.powermock.modules.junit4.internal.impl.PowerMockJUnit44RunnerDelegateImpl.invokeTestMethod(PowerMockJUnit44RunnerDelegateImpl.java:218)
	at org.powermock.modules.junit4.internal.impl.PowerMockJUnit44RunnerDelegateImpl.runMethods(PowerMockJUnit44RunnerDelegateImpl.java:160)
	at org.powermock.modules.junit4.internal.impl.PowerMockJUnit44RunnerDelegateImpl$1.run(PowerMockJUnit44RunnerDelegateImpl.java:134)
	at org.junit.internal.runners.ClassRoadie.runUnprotected(ClassRoadie.java:34)
	at org.junit.internal.runners.ClassRoadie.runProtected(ClassRoadie.java:44)
	at org.powermock.modules.junit4.internal.impl.PowerMockJUnit44RunnerDelegateImpl.run(PowerMockJUnit44RunnerDelegateImpl.java:136)
	at org.powermock.modules.junit4.common.internal.impl.JUnit4TestSuiteChunkerImpl.run(JUnit4TestSuiteChunkerImpl.java:117)
	at org.powermock.modules.junit4.common.internal.impl.AbstractCommonPowerMockRunner.run(AbstractCommonPowerMockRunner.java:57)
	at org.powermock.modules.junit4.PowerMockRunner.run(PowerMockRunner.java:59)
	at org.apache.maven.surefire.junit4.JUnit4Provider.execute(JUnit4Provider.java:264)
	at org.apache.maven.surefire.junit4.JUnit4Provider.executeTestSet(JUnit4Provider.java:153)
	at org.apache.maven.surefire.junit4.JUnit4Provider.invoke(JUnit4Provider.java:124)
	at org.apache.maven.surefire.booter.ForkedBooter.invokeProviderInSameClassLoader(ForkedBooter.java:200)
	at org.apache.maven.surefire.booter.ForkedBooter.runSuitesInProcess(ForkedBooter.java:153)
	at org.apache.maven.surefire.booter.ForkedBooter.main(ForkedBooter.java:103)
Caused by: com.sonymobile.tools.gerrit.gerritevents.ssh.SshException
	at com.sonymobile.tools.gerrit.gerritevents.workers.cmd.AbstractSendCommandJob.sendCommand2(AbstractSendCommandJob.java:116)
	... 34 more

Feb 02, 2023 1:23:10 AM com.sonymobile.tools.gerrit.gerritevents.workers.cmd.AbstractSendCommandJob sendCommandStr
SEVERE: Could not run command test command
java.io.IOException: Error during sending command
	at com.sonymobile.tools.gerrit.gerritevents.workers.cmd.AbstractSendCommandJob.sendCommand2(AbstractSendCommandJob.java:118)
	at com.sonymobile.tools.gerrit.gerritevents.workers.cmd.AbstractSendCommandJob.sendCommandStr(AbstractSendCommandJob.java:96)
	at com.sonymobile.tools.gerrit.gerritevents.workers.cmd.AbstractSendCommandJobTest.testSendCommandStrNoConnection(AbstractSendCommandJobTest.java:152)
	at java.base/jdk.internal.reflect.NativeMethodAccessorImpl.invoke0(Native Method)
	at java.base/jdk.internal.reflect.NativeMethodAccessorImpl.invoke(NativeMethodAccessorImpl.java:62)
	at java.base/jdk.internal.reflect.DelegatingMethodAccessorImpl.invoke(DelegatingMethodAccessorImpl.java:43)
	at java.base/java.lang.reflect.Method.invoke(Method.java:566)
	at org.junit.internal.runners.TestMethod.invoke(TestMethod.java:68)
	at org.powermock.modules.junit4.internal.impl.PowerMockJUnit44RunnerDelegateImpl$PowerMockJUnit44MethodRunner.runTestMethod(PowerMockJUnit44RunnerDelegateImpl.java:326)
	at org.junit.internal.runners.MethodRoadie$2.run(MethodRoadie.java:89)
	at org.junit.internal.runners.MethodRoadie.runBeforesThenTestThenAfters(MethodRoadie.java:97)
	at org.powermock.modules.junit4.internal.impl.PowerMockJUnit44RunnerDelegateImpl$PowerMockJUnit44MethodRunner.executeTest(PowerMockJUnit44RunnerDelegateImpl.java:310)
	at org.powermock.modules.junit4.internal.impl.PowerMockJUnit47RunnerDelegateImpl$PowerMockJUnit47MethodRunner.executeTestInSuper(PowerMockJUnit47RunnerDelegateImpl.java:131)
	at org.powermock.modules.junit4.internal.impl.PowerMockJUnit47RunnerDelegateImpl$PowerMockJUnit47MethodRunner.access$100(PowerMockJUnit47RunnerDelegateImpl.java:59)
	at org.powermock.modules.junit4.internal.impl.PowerMockJUnit47RunnerDelegateImpl$PowerMockJUnit47MethodRunner$TestExecutorStatement.evaluate(PowerMockJUnit47RunnerDelegateImpl.java:147)
	at org.powermock.modules.junit4.internal.impl.PowerMockJUnit47RunnerDelegateImpl$PowerMockJUnit47MethodRunner.evaluateStatement(PowerMockJUnit47RunnerDelegateImpl.java:107)
	at org.powermock.modules.junit4.internal.impl.PowerMockJUnit47RunnerDelegateImpl$PowerMockJUnit47MethodRunner.executeTest(PowerMockJUnit47RunnerDelegateImpl.java:82)
	at org.powermock.modules.junit4.internal.impl.PowerMockJUnit44RunnerDelegateImpl$PowerMockJUnit44MethodRunner.runBeforesThenTestThenAfters(PowerMockJUnit44RunnerDelegateImpl.java:298)
	at org.junit.internal.runners.MethodRoadie.runTest(MethodRoadie.java:87)
	at org.junit.internal.runners.MethodRoadie.run(MethodRoadie.java:50)
	at org.powermock.modules.junit4.internal.impl.PowerMockJUnit44RunnerDelegateImpl.invokeTestMethod(PowerMockJUnit44RunnerDelegateImpl.java:218)
	at org.powermock.modules.junit4.internal.impl.PowerMockJUnit44RunnerDelegateImpl.runMethods(PowerMockJUnit44RunnerDelegateImpl.java:160)
	at org.powermock.modules.junit4.internal.impl.PowerMockJUnit44RunnerDelegateImpl$1.run(PowerMockJUnit44RunnerDelegateImpl.java:134)
	at org.junit.internal.runners.ClassRoadie.runUnprotected(ClassRoadie.java:34)
	at org.junit.internal.runners.ClassRoadie.runProtected(ClassRoadie.java:44)
	at org.powermock.modules.junit4.internal.impl.PowerMockJUnit44RunnerDelegateImpl.run(PowerMockJUnit44RunnerDelegateImpl.java:136)
	at org.powermock.modules.junit4.common.internal.impl.JUnit4TestSuiteChunkerImpl.run(JUnit4TestSuiteChunkerImpl.java:117)
	at org.powermock.modules.junit4.common.internal.impl.AbstractCommonPowerMockRunner.run(AbstractCommonPowerMockRunner.java:57)
	at org.powermock.modules.junit4.PowerMockRunner.run(PowerMockRunner.java:59)
	at org.apache.maven.surefire.junit4.JUnit4Provider.execute(JUnit4Provider.java:264)
	at org.apache.maven.surefire.junit4.JUnit4Provider.executeTestSet(JUnit4Provider.java:153)
	at org.apache.maven.surefire.junit4.JUnit4Provider.invoke(JUnit4Provider.java:124)
	at org.apache.maven.surefire.booter.ForkedBooter.invokeProviderInSameClassLoader(ForkedBooter.java:200)
	at org.apache.maven.surefire.booter.ForkedBooter.runSuitesInProcess(ForkedBooter.java:153)
	at org.apache.maven.surefire.booter.ForkedBooter.main(ForkedBooter.java:103)
Caused by: java.io.IOException
	at org.powermock.core.MockGateway.doMethodCall(MockGateway.java:186)
	at org.powermock.core.MockGateway.doMethodCall(MockGateway.java:168)
	at org.powermock.core.MockGateway.methodCall(MockGateway.java:145)
	at com.sonymobile.tools.gerrit.gerritevents.ssh.SshConnectionFactory.getConnection(SshConnectionFactory.java)
	at com.sonymobile.tools.gerrit.gerritevents.workers.cmd.AbstractSendCommandJob.sendCommand2(AbstractSendCommandJob.java:114)
	... 34 more

Feb 02, 2023 1:23:11 AM com.sonymobile.tools.gerrit.gerritevents.workers.cmd.AbstractSendCommandJob sendCommandStr
SEVERE: Could not run command test command
java.io.IOException: Error during sending command
	at com.sonymobile.tools.gerrit.gerritevents.workers.cmd.AbstractSendCommandJob.sendCommand2(AbstractSendCommandJob.java:118)
	at com.sonymobile.tools.gerrit.gerritevents.workers.cmd.AbstractSendCommandJob.sendCommandStr(AbstractSendCommandJob.java:96)
	at com.sonymobile.tools.gerrit.gerritevents.workers.cmd.AbstractSendCommandJobTest.testSendCommandStrWithError(AbstractSendCommandJobTest.java:170)
	at java.base/jdk.internal.reflect.NativeMethodAccessorImpl.invoke0(Native Method)
	at java.base/jdk.internal.reflect.NativeMethodAccessorImpl.invoke(NativeMethodAccessorImpl.java:62)
	at java.base/jdk.internal.reflect.DelegatingMethodAccessorImpl.invoke(DelegatingMethodAccessorImpl.java:43)
	at java.base/java.lang.reflect.Method.invoke(Method.java:566)
	at org.junit.internal.runners.TestMethod.invoke(TestMethod.java:68)
	at org.powermock.modules.junit4.internal.impl.PowerMockJUnit44RunnerDelegateImpl$PowerMockJUnit44MethodRunner.runTestMethod(PowerMockJUnit44RunnerDelegateImpl.java:326)
	at org.junit.internal.runners.MethodRoadie$2.run(MethodRoadie.java:89)
	at org.junit.internal.runners.MethodRoadie.runBeforesThenTestThenAfters(MethodRoadie.java:97)
	at org.powermock.modules.junit4.internal.impl.PowerMockJUnit44RunnerDelegateImpl$PowerMockJUnit44MethodRunner.executeTest(PowerMockJUnit44RunnerDelegateImpl.java:310)
	at org.powermock.modules.junit4.internal.impl.PowerMockJUnit47RunnerDelegateImpl$PowerMockJUnit47MethodRunner.executeTestInSuper(PowerMockJUnit47RunnerDelegateImpl.java:131)
	at org.powermock.modules.junit4.internal.impl.PowerMockJUnit47RunnerDelegateImpl$PowerMockJUnit47MethodRunner.access$100(PowerMockJUnit47RunnerDelegateImpl.java:59)
	at org.powermock.modules.junit4.internal.impl.PowerMockJUnit47RunnerDelegateImpl$PowerMockJUnit47MethodRunner$TestExecutorStatement.evaluate(PowerMockJUnit47RunnerDelegateImpl.java:147)
	at org.powermock.modules.junit4.internal.impl.PowerMockJUnit47RunnerDelegateImpl$PowerMockJUnit47MethodRunner.evaluateStatement(PowerMockJUnit47RunnerDelegateImpl.java:107)
	at org.powermock.modules.junit4.internal.impl.PowerMockJUnit47RunnerDelegateImpl$PowerMockJUnit47MethodRunner.executeTest(PowerMockJUnit47RunnerDelegateImpl.java:82)
	at org.powermock.modules.junit4.internal.impl.PowerMockJUnit44RunnerDelegateImpl$PowerMockJUnit44MethodRunner.runBeforesThenTestThenAfters(PowerMockJUnit44RunnerDelegateImpl.java:298)
	at org.junit.internal.runners.MethodRoadie.runTest(MethodRoadie.java:87)
	at org.junit.internal.runners.MethodRoadie.run(MethodRoadie.java:50)
	at org.powermock.modules.junit4.internal.impl.PowerMockJUnit44RunnerDelegateImpl.invokeTestMethod(PowerMockJUnit44RunnerDelegateImpl.java:218)
	at org.powermock.modules.junit4.internal.impl.PowerMockJUnit44RunnerDelegateImpl.runMethods(PowerMockJUnit44RunnerDelegateImpl.java:160)
	at org.powermock.modules.junit4.internal.impl.PowerMockJUnit44RunnerDelegateImpl$1.run(PowerMockJUnit44RunnerDelegateImpl.java:134)
	at org.junit.internal.runners.ClassRoadie.runUnprotected(ClassRoadie.java:34)
	at org.junit.internal.runners.ClassRoadie.runProtected(ClassRoadie.java:44)
	at org.powermock.modules.junit4.internal.impl.PowerMockJUnit44RunnerDelegateImpl.run(PowerMockJUnit44RunnerDelegateImpl.java:136)
	at org.powermock.modules.junit4.common.internal.impl.JUnit4TestSuiteChunkerImpl.run(JUnit4TestSuiteChunkerImpl.java:117)
	at org.powermock.modules.junit4.common.internal.impl.AbstractCommonPowerMockRunner.run(AbstractCommonPowerMockRunner.java:57)
	at org.powermock.modules.junit4.PowerMockRunner.run(PowerMockRunner.java:59)
	at org.apache.maven.surefire.junit4.JUnit4Provider.execute(JUnit4Provider.java:264)
	at org.apache.maven.surefire.junit4.JUnit4Provider.executeTestSet(JUnit4Provider.java:153)
	at org.apache.maven.surefire.junit4.JUnit4Provider.invoke(JUnit4Provider.java:124)
	at org.apache.maven.surefire.booter.ForkedBooter.invokeProviderInSameClassLoader(ForkedBooter.java:200)
	at org.apache.maven.surefire.booter.ForkedBooter.runSuitesInProcess(ForkedBooter.java:153)
	at org.apache.maven.surefire.booter.ForkedBooter.main(ForkedBooter.java:103)
Caused by: com.sonymobile.tools.gerrit.gerritevents.ssh.SshException
	at com.sonymobile.tools.gerrit.gerritevents.workers.cmd.AbstractSendCommandJob.sendCommand2(AbstractSendCommandJob.java:116)
	... 34 more

Tests run: 9, Failures: 0, Errors: 0, Skipped: 0, Time elapsed: 1.207 sec - in com.sonymobile.tools.gerrit.gerritevents.workers.cmd.AbstractSendCommandJobTest
Running com.sonymobile.tools.gerrit.gerritevents.workers.rest.AbstractRestCommandJob2Test
Creating server
Feb 02, 2023 1:23:11 AM org.eclipse.jetty.util.log.Log initialized
INFO: Logging initialized @250ms to org.eclipse.jetty.util.log.Slf4jLog
Starting server
Feb 02, 2023 1:23:11 AM org.eclipse.jetty.server.Server doStart
INFO: jetty-9.4.28.v20200408; built: 2020-04-08T17:49:39.557Z; git: ab228fde9e55e9164c738d7fa121f8ac5acd51c9; jvm 11.0.17+8-post-Ubuntu-1ubuntu218.04
Feb 02, 2023 1:23:11 AM org.eclipse.jetty.server.AbstractConnector doStart
INFO: Started ServerConnector@458c1321{HTTP/1.1, (http/1.1)}{0.0.0.0:39331}
Feb 02, 2023 1:23:11 AM org.eclipse.jetty.server.Server doStart
INFO: Started @412ms
Running job
requestContent = {"message":"Hello Gerrit","labels":{"code-review":1},"comments":{}}
JSON: {"message":"Hello Gerrit","labels":{"code-review":1},"comments":{}}
RESPONSE: <response>OK</response>

Feb 02, 2023 1:23:11 AM org.eclipse.jetty.server.AbstractConnector doStop
INFO: Stopped ServerConnector@458c1321{HTTP/1.1, (http/1.1)}{0.0.0.0:0}
Tests run: 1, Failures: 0, Errors: 0, Skipped: 0, Time elapsed: 0.694 sec - in com.sonymobile.tools.gerrit.gerritevents.workers.rest.AbstractRestCommandJob2Test
Running com.sonymobile.tools.gerrit.gerritevents.workers.rest.AbstractRestCommandJobTest
Creating server
Feb 02, 2023 1:23:12 AM org.eclipse.jetty.util.log.Log initialized
INFO: Logging initialized @199ms to org.eclipse.jetty.util.log.Slf4jLog
Starting server
Feb 02, 2023 1:23:12 AM org.eclipse.jetty.server.Server doStart
INFO: jetty-9.4.28.v20200408; built: 2020-04-08T17:49:39.557Z; git: ab228fde9e55e9164c738d7fa121f8ac5acd51c9; jvm 11.0.17+8-post-Ubuntu-1ubuntu218.04
Feb 02, 2023 1:23:12 AM org.eclipse.jetty.server.AbstractConnector doStart
INFO: Started ServerConnector@458c1321{HTTP/1.1, (http/1.1)}{0.0.0.0:45101}
Feb 02, 2023 1:23:12 AM org.eclipse.jetty.server.Server doStart
INFO: Started @422ms
Running job
requestContent = {"message":"Hello Gerrit","labels":{"code-review":1},"comments":{}}
JSON: {"message":"Hello Gerrit","labels":{"code-review":1},"comments":{}}
Feb 02, 2023 1:23:12 AM org.eclipse.jetty.server.AbstractConnector doStop
INFO: Stopped ServerConnector@458c1321{HTTP/1.1, (http/1.1)}{0.0.0.0:0}
Tests run: 1, Failures: 0, Errors: 0, Skipped: 0, Time elapsed: 0.739 sec - in com.sonymobile.tools.gerrit.gerritevents.workers.rest.AbstractRestCommandJobTest
Running com.sonymobile.tools.gerrit.gerritevents.workers.StreamEventsStringWorkTest
Tests run: 1, Failures: 0, Errors: 0, Skipped: 0, Time elapsed: 0.127 sec - in com.sonymobile.tools.gerrit.gerritevents.workers.StreamEventsStringWorkTest
Running com.sonymobile.tools.gerrit.gerritevents.workers.GerritEventWorkTest
Tests run: 1, Failures: 0, Errors: 0, Skipped: 0, Time elapsed: 0.129 sec - in com.sonymobile.tools.gerrit.gerritevents.workers.GerritEventWorkTest
Running com.sonymobile.tools.gerrit.gerritevents.GerritHandlerQueueTest
Feb 02, 2023 1:23:13 AM com.sonymobile.tools.gerrit.gerritevents.GerritHandler startQueue
INFO: ReceiveQueue started! Current pool size: 1
Feb 02, 2023 1:23:13 AM com.sonymobile.tools.gerrit.gerritevents.GerritHandler scheduleGerritWhitelistRead
INFO: config file for whitelist not found; will not filter events for processing
Feb 02, 2023 1:23:13 AM com.sonymobile.tools.gerrit.gerritevents.GerritHandler startQueue
INFO: ReceiveQueue running. Current pool size: 5. Current Queue size: 5
Feb 02, 2023 1:23:13 AM com.sonymobile.tools.gerrit.gerritevents.GerritHandler startQueue
INFO: Nr of active pool-threads: 5
Feb 02, 2023 1:23:14 AM com.sonymobile.tools.gerrit.gerritevents.GerritHandler startQueue
INFO: ReceiveQueue started! Current pool size: 1
Feb 02, 2023 1:23:14 AM com.sonymobile.tools.gerrit.gerritevents.GerritHandler startQueue
INFO: ReceiveQueue running. Current pool size: 5. Current Queue size: 0
Feb 02, 2023 1:23:14 AM com.sonymobile.tools.gerrit.gerritevents.GerritHandler startQueue
INFO: Nr of active pool-threads: 0
Feb 02, 2023 1:23:16 AM com.sonymobile.tools.gerrit.gerritevents.GerritHandler startQueue
INFO: ReceiveQueue started! Current pool size: 1
Feb 02, 2023 1:23:16 AM com.sonymobile.tools.gerrit.gerritevents.GerritHandler scheduleGerritWhitelistRead
INFO: config file for whitelist not found; will not filter events for processing
Feb 02, 2023 1:23:16 AM com.sonymobile.tools.gerrit.gerritevents.GerritHandler checkQueueSize
WARNING: The Gerrit incoming events queue contains 40 items! Something might be stuck, or your system can't process the commands fast enough. Try to increase the number of receiving worker threads. Current thread-pool size: 1
Feb 02, 2023 1:23:16 AM com.sonymobile.tools.gerrit.gerritevents.GerritHandler checkQueueSize
WARNING: The Gerrit incoming events queue contains 40 items! Something might be stuck, or your system can't process the commands fast enough. Try to increase the number of receiving worker threads. Current thread-pool size: 1
Feb 02, 2023 1:23:16 AM com.sonymobile.tools.gerrit.gerritevents.GerritHandler checkQueueSize
WARNING: The Gerrit incoming events queue contains 40 items! Something might be stuck, or your system can't process the commands fast enough. Try to increase the number of receiving worker threads. Current thread-pool size: 1
Feb 02, 2023 1:23:16 AM com.sonymobile.tools.gerrit.gerritevents.GerritHandler checkQueueSize
WARNING: The Gerrit incoming events queue contains 41 items! Something might be stuck, or your system can't process the commands fast enough. Try to increase the number of receiving worker threads. Current thread-pool size: 1
Feb 02, 2023 1:23:16 AM com.sonymobile.tools.gerrit.gerritevents.GerritHandler checkQueueSize
WARNING: The Gerrit incoming events queue contains 41 items! Something might be stuck, or your system can't process the commands fast enough. Try to increase the number of receiving worker threads. Current thread-pool size: 1
Feb 02, 2023 1:23:16 AM com.sonymobile.tools.gerrit.gerritevents.GerritHandler checkQueueSize
WARNING: The Gerrit incoming events queue contains 42 items! Something might be stuck, or your system can't process the commands fast enough. Try to increase the number of receiving worker threads. Current thread-pool size: 1
Feb 02, 2023 1:23:16 AM com.sonymobile.tools.gerrit.gerritevents.GerritHandler checkQueueSize
WARNING: The Gerrit incoming events queue contains 42 items! Something might be stuck, or your system can't process the commands fast enough. Try to increase the number of receiving worker threads. Current thread-pool size: 1
Feb 02, 2023 1:23:16 AM com.sonymobile.tools.gerrit.gerritevents.GerritHandler checkQueueSize
WARNING: The Gerrit incoming events queue contains 43 items! Something might be stuck, or your system can't process the commands fast enough. Try to increase the number of receiving worker threads. Current thread-pool size: 1
Feb 02, 2023 1:23:16 AM com.sonymobile.tools.gerrit.gerritevents.GerritHandler checkQueueSize
WARNING: The Gerrit incoming events queue contains 43 items! Something might be stuck, or your system can't process the commands fast enough. Try to increase the number of receiving worker threads. Current thread-pool size: 1
Feb 02, 2023 1:23:16 AM com.sonymobile.tools.gerrit.gerritevents.GerritHandler checkQueueSize
WARNING: The Gerrit incoming events queue contains 44 items! Something might be stuck, or your system can't process the commands fast enough. Try to increase the number of receiving worker threads. Current thread-pool size: 1
Feb 02, 2023 1:23:16 AM com.sonymobile.tools.gerrit.gerritevents.GerritHandler checkQueueSize
WARNING: The Gerrit incoming events queue contains 44 items! Something might be stuck, or your system can't process the commands fast enough. Try to increase the number of receiving worker threads. Current thread-pool size: 1
Feb 02, 2023 1:23:16 AM com.sonymobile.tools.gerrit.gerritevents.GerritHandler checkQueueSize
WARNING: The Gerrit incoming events queue contains 45 items! Something might be stuck, or your system can't process the commands fast enough. Try to increase the number of receiving worker threads. Current thread-pool size: 1
Feb 02, 2023 1:23:16 AM com.sonymobile.tools.gerrit.gerritevents.GerritHandler checkQueueSize
WARNING: The Gerrit incoming events queue contains 45 items! Something might be stuck, or your system can't process the commands fast enough. Try to increase the number of receiving worker threads. Current thread-pool size: 1
Feb 02, 2023 1:23:16 AM com.sonymobile.tools.gerrit.gerritevents.GerritHandler checkQueueSize
WARNING: The Gerrit incoming events queue contains 46 items! Something might be stuck, or your system can't process the commands fast enough. Try to increase the number of receiving worker threads. Current thread-pool size: 1
Feb 02, 2023 1:23:16 AM com.sonymobile.tools.gerrit.gerritevents.GerritHandler checkQueueSize
WARNING: The Gerrit incoming events queue contains 46 items! Something might be stuck, or your system can't process the commands fast enough. Try to increase the number of receiving worker threads. Current thread-pool size: 1
Feb 02, 2023 1:23:16 AM com.sonymobile.tools.gerrit.gerritevents.GerritHandler checkQueueSize
WARNING: The Gerrit incoming events queue contains 47 items! Something might be stuck, or your system can't process the commands fast enough. Try to increase the number of receiving worker threads. Current thread-pool size: 1
Feb 02, 2023 1:23:16 AM com.sonymobile.tools.gerrit.gerritevents.GerritHandler checkQueueSize
WARNING: The Gerrit incoming events queue contains 47 items! Something might be stuck, or your system can't process the commands fast enough. Try to increase the number of receiving worker threads. Current thread-pool size: 1
Feb 02, 2023 1:23:16 AM com.sonymobile.tools.gerrit.gerritevents.GerritHandler checkQueueSize
WARNING: The Gerrit incoming events queue contains 48 items! Something might be stuck, or your system can't process the commands fast enough. Try to increase the number of receiving worker threads. Current thread-pool size: 1
Feb 02, 2023 1:23:16 AM com.sonymobile.tools.gerrit.gerritevents.GerritHandler checkQueueSize
WARNING: The Gerrit incoming events queue contains 48 items! Something might be stuck, or your system can't process the commands fast enough. Try to increase the number of receiving worker threads. Current thread-pool size: 1
Feb 02, 2023 1:23:16 AM com.sonymobile.tools.gerrit.gerritevents.GerritHandler checkQueueSize
WARNING: The Gerrit incoming events queue contains 49 items! Something might be stuck, or your system can't process the commands fast enough. Try to increase the number of receiving worker threads. Current thread-pool size: 1
Feb 02, 2023 1:23:16 AM com.sonymobile.tools.gerrit.gerritevents.GerritHandler checkQueueSize
WARNING: The Gerrit incoming events queue contains 49 items! Something might be stuck, or your system can't process the commands fast enough. Try to increase the number of receiving worker threads. Current thread-pool size: 1
Feb 02, 2023 1:23:16 AM com.sonymobile.tools.gerrit.gerritevents.GerritHandler checkQueueSize
WARNING: The Gerrit incoming events queue contains 50 items! Something might be stuck, or your system can't process the commands fast enough. Try to increase the number of receiving worker threads. Current thread-pool size: 1
Feb 02, 2023 1:23:16 AM com.sonymobile.tools.gerrit.gerritevents.GerritHandler checkQueueSize
WARNING: The Gerrit incoming events queue contains 50 items! Something might be stuck, or your system can't process the commands fast enough. Try to increase the number of receiving worker threads. Current thread-pool size: 1
Feb 02, 2023 1:23:16 AM com.sonymobile.tools.gerrit.gerritevents.GerritHandler checkQueueSize
WARNING: The Gerrit incoming events queue contains 51 items! Something might be stuck, or your system can't process the commands fast enough. Try to increase the number of receiving worker threads. Current thread-pool size: 1
Feb 02, 2023 1:23:16 AM com.sonymobile.tools.gerrit.gerritevents.GerritHandler checkQueueSize
WARNING: The Gerrit incoming events queue contains 51 items! Something might be stuck, or your system can't process the commands fast enough. Try to increase the number of receiving worker threads. Current thread-pool size: 1
Feb 02, 2023 1:23:16 AM com.sonymobile.tools.gerrit.gerritevents.GerritHandler checkQueueSize
WARNING: The Gerrit incoming events queue contains 52 items! Something might be stuck, or your system can't process the commands fast enough. Try to increase the number of receiving worker threads. Current thread-pool size: 1
Feb 02, 2023 1:23:16 AM com.sonymobile.tools.gerrit.gerritevents.GerritHandler checkQueueSize
WARNING: The Gerrit incoming events queue contains 52 items! Something might be stuck, or your system can't process the commands fast enough. Try to increase the number of receiving worker threads. Current thread-pool size: 1
Feb 02, 2023 1:23:16 AM com.sonymobile.tools.gerrit.gerritevents.GerritHandler checkQueueSize
WARNING: The Gerrit incoming events queue contains 53 items! Something might be stuck, or your system can't process the commands fast enough. Try to increase the number of receiving worker threads. Current thread-pool size: 1
Feb 02, 2023 1:23:16 AM com.sonymobile.tools.gerrit.gerritevents.GerritHandler checkQueueSize
WARNING: The Gerrit incoming events queue contains 53 items! Something might be stuck, or your system can't process the commands fast enough. Try to increase the number of receiving worker threads. Current thread-pool size: 1
Feb 02, 2023 1:23:16 AM com.sonymobile.tools.gerrit.gerritevents.GerritHandler checkQueueSize
WARNING: The Gerrit incoming events queue contains 54 items! Something might be stuck, or your system can't process the commands fast enough. Try to increase the number of receiving worker threads. Current thread-pool size: 1
Feb 02, 2023 1:23:16 AM com.sonymobile.tools.gerrit.gerritevents.GerritHandler checkQueueSize
WARNING: The Gerrit incoming events queue contains 54 items! Something might be stuck, or your system can't process the commands fast enough. Try to increase the number of receiving worker threads. Current thread-pool size: 1
Feb 02, 2023 1:23:16 AM com.sonymobile.tools.gerrit.gerritevents.GerritHandler checkQueueSize
WARNING: The Gerrit incoming events queue contains 55 items! Something might be stuck, or your system can't process the commands fast enough. Try to increase the number of receiving worker threads. Current thread-pool size: 1
Feb 02, 2023 1:23:16 AM com.sonymobile.tools.gerrit.gerritevents.GerritHandler checkQueueSize
WARNING: The Gerrit incoming events queue contains 55 items! Something might be stuck, or your system can't process the commands fast enough. Try to increase the number of receiving worker threads. Current thread-pool size: 1
Feb 02, 2023 1:23:16 AM com.sonymobile.tools.gerrit.gerritevents.GerritHandler checkQueueSize
WARNING: The Gerrit incoming events queue contains 56 items! Something might be stuck, or your system can't process the commands fast enough. Try to increase the number of receiving worker threads. Current thread-pool size: 1
Feb 02, 2023 1:23:16 AM com.sonymobile.tools.gerrit.gerritevents.GerritHandler checkQueueSize
WARNING: The Gerrit incoming events queue contains 56 items! Something might be stuck, or your system can't process the commands fast enough. Try to increase the number of receiving worker threads. Current thread-pool size: 1
Feb 02, 2023 1:23:16 AM com.sonymobile.tools.gerrit.gerritevents.GerritHandler checkQueueSize
WARNING: The Gerrit incoming events queue contains 57 items! Something might be stuck, or your system can't process the commands fast enough. Try to increase the number of receiving worker threads. Current thread-pool size: 1
Feb 02, 2023 1:23:16 AM com.sonymobile.tools.gerrit.gerritevents.GerritHandler checkQueueSize
WARNING: The Gerrit incoming events queue contains 57 items! Something might be stuck, or your system can't process the commands fast enough. Try to increase the number of receiving worker threads. Current thread-pool size: 1
Feb 02, 2023 1:23:16 AM com.sonymobile.tools.gerrit.gerritevents.GerritHandler checkQueueSize
WARNING: The Gerrit incoming events queue contains 58 items! Something might be stuck, or your system can't process the commands fast enough. Try to increase the number of receiving worker threads. Current thread-pool size: 1
Feb 02, 2023 1:23:16 AM com.sonymobile.tools.gerrit.gerritevents.GerritHandler checkQueueSize
WARNING: The Gerrit incoming events queue contains 58 items! Something might be stuck, or your system can't process the commands fast enough. Try to increase the number of receiving worker threads. Current thread-pool size: 1
Feb 02, 2023 1:23:16 AM com.sonymobile.tools.gerrit.gerritevents.GerritHandler checkQueueSize
WARNING: The Gerrit incoming events queue contains 59 items! Something might be stuck, or your system can't process the commands fast enough. Try to increase the number of receiving worker threads. Current thread-pool size: 1
Feb 02, 2023 1:23:16 AM com.sonymobile.tools.gerrit.gerritevents.GerritHandler checkQueueSize
WARNING: The Gerrit incoming events queue contains 59 items! Something might be stuck, or your system can't process the commands fast enough. Try to increase the number of receiving worker threads. Current thread-pool size: 1
Feb 02, 2023 1:23:16 AM com.sonymobile.tools.gerrit.gerritevents.GerritHandler checkQueueSize
WARNING: The Gerrit incoming events queue contains 60 items! Something might be stuck, or your system can't process the commands fast enough. Try to increase the number of receiving worker threads. Current thread-pool size: 1
Feb 02, 2023 1:23:16 AM com.sonymobile.tools.gerrit.gerritevents.GerritHandler checkQueueSize
WARNING: The Gerrit incoming events queue contains 60 items! Something might be stuck, or your system can't process the commands fast enough. Try to increase the number of receiving worker threads. Current thread-pool size: 1
Feb 02, 2023 1:23:16 AM com.sonymobile.tools.gerrit.gerritevents.GerritHandler checkQueueSize
WARNING: The Gerrit incoming events queue contains 61 items! Something might be stuck, or your system can't process the commands fast enough. Try to increase the number of receiving worker threads. Current thread-pool size: 1
Feb 02, 2023 1:23:16 AM com.sonymobile.tools.gerrit.gerritevents.GerritHandler checkQueueSize
WARNING: The Gerrit incoming events queue contains 61 items! Something might be stuck, or your system can't process the commands fast enough. Try to increase the number of receiving worker threads. Current thread-pool size: 1
Feb 02, 2023 1:23:16 AM com.sonymobile.tools.gerrit.gerritevents.GerritHandler checkQueueSize
WARNING: The Gerrit incoming events queue contains 62 items! Something might be stuck, or your system can't process the commands fast enough. Try to increase the number of receiving worker threads. Current thread-pool size: 1
Feb 02, 2023 1:23:16 AM com.sonymobile.tools.gerrit.gerritevents.GerritHandler checkQueueSize
WARNING: The Gerrit incoming events queue contains 62 items! Something might be stuck, or your system can't process the commands fast enough. Try to increase the number of receiving worker threads. Current thread-pool size: 1
Feb 02, 2023 1:23:16 AM com.sonymobile.tools.gerrit.gerritevents.GerritHandler checkQueueSize
WARNING: The Gerrit incoming events queue contains 63 items! Something might be stuck, or your system can't process the commands fast enough. Try to increase the number of receiving worker threads. Current thread-pool size: 1
Feb 02, 2023 1:23:16 AM com.sonymobile.tools.gerrit.gerritevents.GerritHandler checkQueueSize
WARNING: The Gerrit incoming events queue contains 63 items! Something might be stuck, or your system can't process the commands fast enough. Try to increase the number of receiving worker threads. Current thread-pool size: 1
Feb 02, 2023 1:23:16 AM com.sonymobile.tools.gerrit.gerritevents.GerritHandler checkQueueSize
WARNING: The Gerrit incoming events queue contains 64 items! Something might be stuck, or your system can't process the commands fast enough. Try to increase the number of receiving worker threads. Current thread-pool size: 1
Feb 02, 2023 1:23:16 AM com.sonymobile.tools.gerrit.gerritevents.GerritHandler checkQueueSize
WARNING: The Gerrit incoming events queue contains 64 items! Something might be stuck, or your system can't process the commands fast enough. Try to increase the number of receiving worker threads. Current thread-pool size: 1
Feb 02, 2023 1:23:16 AM com.sonymobile.tools.gerrit.gerritevents.GerritHandler checkQueueSize
WARNING: The Gerrit incoming events queue contains 65 items! Something might be stuck, or your system can't process the commands fast enough. Try to increase the number of receiving worker threads. Current thread-pool size: 1
Feb 02, 2023 1:23:16 AM com.sonymobile.tools.gerrit.gerritevents.GerritHandler checkQueueSize
WARNING: The Gerrit incoming events queue contains 65 items! Something might be stuck, or your system can't process the commands fast enough. Try to increase the number of receiving worker threads. Current thread-pool size: 1
Feb 02, 2023 1:23:16 AM com.sonymobile.tools.gerrit.gerritevents.GerritHandler checkQueueSize
WARNING: The Gerrit incoming events queue contains 66 items! Something might be stuck, or your system can't process the commands fast enough. Try to increase the number of receiving worker threads. Current thread-pool size: 1
Feb 02, 2023 1:23:16 AM com.sonymobile.tools.gerrit.gerritevents.GerritHandler checkQueueSize
WARNING: The Gerrit incoming events queue contains 66 items! Something might be stuck, or your system can't process the commands fast enough. Try to increase the number of receiving worker threads. Current thread-pool size: 1
Feb 02, 2023 1:23:16 AM com.sonymobile.tools.gerrit.gerritevents.GerritHandler checkQueueSize
WARNING: The Gerrit incoming events queue contains 67 items! Something might be stuck, or your system can't process the commands fast enough. Try to increase the number of receiving worker threads. Current thread-pool size: 1
Feb 02, 2023 1:23:16 AM com.sonymobile.tools.gerrit.gerritevents.GerritHandler checkQueueSize
WARNING: The Gerrit incoming events queue contains 67 items! Something might be stuck, or your system can't process the commands fast enough. Try to increase the number of receiving worker threads. Current thread-pool size: 1
Feb 02, 2023 1:23:16 AM com.sonymobile.tools.gerrit.gerritevents.GerritHandler checkQueueSize
WARNING: The Gerrit incoming events queue contains 68 items! Something might be stuck, or your system can't process the commands fast enough. Try to increase the number of receiving worker threads. Current thread-pool size: 1
Feb 02, 2023 1:23:16 AM com.sonymobile.tools.gerrit.gerritevents.GerritHandler checkQueueSize
WARNING: The Gerrit incoming events queue contains 68 items! Something might be stuck, or your system can't process the commands fast enough. Try to increase the number of receiving worker threads. Current thread-pool size: 1
Feb 02, 2023 1:23:16 AM com.sonymobile.tools.gerrit.gerritevents.GerritHandler checkQueueSize
WARNING: The Gerrit incoming events queue contains 69 items! Something might be stuck, or your system can't process the commands fast enough. Try to increase the number of receiving worker threads. Current thread-pool size: 1
Feb 02, 2023 1:23:16 AM com.sonymobile.tools.gerrit.gerritevents.GerritHandler checkQueueSize
WARNING: The Gerrit incoming events queue contains 69 items! Something might be stuck, or your system can't process the commands fast enough. Try to increase the number of receiving worker threads. Current thread-pool size: 1
Feb 02, 2023 1:23:16 AM com.sonymobile.tools.gerrit.gerritevents.GerritHandler checkQueueSize
WARNING: The Gerrit incoming events queue contains 70 items! Something might be stuck, or your system can't process the commands fast enough. Try to increase the number of receiving worker threads. Current thread-pool size: 1
Feb 02, 2023 1:23:16 AM com.sonymobile.tools.gerrit.gerritevents.GerritHandler checkQueueSize
WARNING: The Gerrit incoming events queue contains 70 items! Something might be stuck, or your system can't process the commands fast enough. Try to increase the number of receiving worker threads. Current thread-pool size: 1
Feb 02, 2023 1:23:16 AM com.sonymobile.tools.gerrit.gerritevents.GerritHandler checkQueueSize
WARNING: The Gerrit incoming events queue contains 71 items! Something might be stuck, or your system can't process the commands fast enough. Try to increase the number of receiving worker threads. Current thread-pool size: 1
Feb 02, 2023 1:23:16 AM com.sonymobile.tools.gerrit.gerritevents.GerritHandler checkQueueSize
WARNING: The Gerrit incoming events queue contains 71 items! Something might be stuck, or your system can't process the commands fast enough. Try to increase the number of receiving worker threads. Current thread-pool size: 1
Feb 02, 2023 1:23:16 AM com.sonymobile.tools.gerrit.gerritevents.GerritHandler checkQueueSize
WARNING: The Gerrit incoming events queue contains 72 items! Something might be stuck, or your system can't process the commands fast enough. Try to increase the number of receiving worker threads. Current thread-pool size: 1
Feb 02, 2023 1:23:16 AM com.sonymobile.tools.gerrit.gerritevents.GerritHandler checkQueueSize
WARNING: The Gerrit incoming events queue contains 72 items! Something might be stuck, or your system can't process the commands fast enough. Try to increase the number of receiving worker threads. Current thread-pool size: 1
Feb 02, 2023 1:23:16 AM com.sonymobile.tools.gerrit.gerritevents.GerritHandler checkQueueSize
WARNING: The Gerrit incoming events queue contains 73 items! Something might be stuck, or your system can't process the commands fast enough. Try to increase the number of receiving worker threads. Current thread-pool size: 1
Feb 02, 2023 1:23:16 AM com.sonymobile.tools.gerrit.gerritevents.GerritHandler checkQueueSize
WARNING: The Gerrit incoming events queue contains 73 items! Something might be stuck, or your system can't process the commands fast enough. Try to increase the number of receiving worker threads. Current thread-pool size: 1
Feb 02, 2023 1:23:16 AM com.sonymobile.tools.gerrit.gerritevents.GerritHandler checkQueueSize
WARNING: The Gerrit incoming events queue contains 74 items! Something might be stuck, or your system can't process the commands fast enough. Try to increase the number of receiving worker threads. Current thread-pool size: 1
Feb 02, 2023 1:23:16 AM com.sonymobile.tools.gerrit.gerritevents.GerritHandler checkQueueSize
WARNING: The Gerrit incoming events queue contains 74 items! Something might be stuck, or your system can't process the commands fast enough. Try to increase the number of receiving worker threads. Current thread-pool size: 1
Feb 02, 2023 1:23:16 AM com.sonymobile.tools.gerrit.gerritevents.GerritHandler checkQueueSize
WARNING: The Gerrit incoming events queue contains 75 items! Something might be stuck, or your system can't process the commands fast enough. Try to increase the number of receiving worker threads. Current thread-pool size: 1
Feb 02, 2023 1:23:16 AM com.sonymobile.tools.gerrit.gerritevents.GerritHandler checkQueueSize
WARNING: The Gerrit incoming events queue contains 75 items! Something might be stuck, or your system can't process the commands fast enough. Try to increase the number of receiving worker threads. Current thread-pool size: 1
Feb 02, 2023 1:23:16 AM com.sonymobile.tools.gerrit.gerritevents.GerritHandler checkQueueSize
WARNING: The Gerrit incoming events queue contains 76 items! Something might be stuck, or your system can't process the commands fast enough. Try to increase the number of receiving worker threads. Current thread-pool size: 1
Feb 02, 2023 1:23:16 AM com.sonymobile.tools.gerrit.gerritevents.GerritHandler checkQueueSize
WARNING: The Gerrit incoming events queue contains 76 items! Something might be stuck, or your system can't process the commands fast enough. Try to increase the number of receiving worker threads. Current thread-pool size: 1
Feb 02, 2023 1:23:16 AM com.sonymobile.tools.gerrit.gerritevents.GerritHandler checkQueueSize
WARNING: The Gerrit incoming events queue contains 77 items! Something might be stuck, or your system can't process the commands fast enough. Try to increase the number of receiving worker threads. Current thread-pool size: 1
Feb 02, 2023 1:23:16 AM com.sonymobile.tools.gerrit.gerritevents.GerritHandler checkQueueSize
WARNING: The Gerrit incoming events queue contains 77 items! Something might be stuck, or your system can't process the commands fast enough. Try to increase the number of receiving worker threads. Current thread-pool size: 1
Feb 02, 2023 1:23:16 AM com.sonymobile.tools.gerrit.gerritevents.GerritHandler checkQueueSize
WARNING: The Gerrit incoming events queue contains 78 items! Something might be stuck, or your system can't process the commands fast enough. Try to increase the number of receiving worker threads. Current thread-pool size: 1
Feb 02, 2023 1:23:16 AM com.sonymobile.tools.gerrit.gerritevents.GerritHandler checkQueueSize
WARNING: The Gerrit incoming events queue contains 78 items! Something might be stuck, or your system can't process the commands fast enough. Try to increase the number of receiving worker threads. Current thread-pool size: 1
Feb 02, 2023 1:23:16 AM com.sonymobile.tools.gerrit.gerritevents.GerritHandler checkQueueSize
WARNING: The Gerrit incoming events queue contains 79 items! Something might be stuck, or your system can't process the commands fast enough. Try to increase the number of receiving worker threads. Current thread-pool size: 1
Feb 02, 2023 1:23:16 AM com.sonymobile.tools.gerrit.gerritevents.GerritHandler checkQueueSize
WARNING: The Gerrit incoming events queue contains 79 items! Something might be stuck, or your system can't process the commands fast enough. Try to increase the number of receiving worker threads. Current thread-pool size: 1
Feb 02, 2023 1:23:16 AM com.sonymobile.tools.gerrit.gerritevents.GerritHandler checkQueueSize
WARNING: The Gerrit incoming events queue contains 80 items! Something might be stuck, or your system can't process the commands fast enough. Try to increase the number of receiving worker threads. Current thread-pool size: 1
Feb 02, 2023 1:23:16 AM com.sonymobile.tools.gerrit.gerritevents.GerritHandler checkQueueSize
WARNING: The Gerrit incoming events queue contains 80 items! Something might be stuck, or your system can't process the commands fast enough. Try to increase the number of receiving worker threads. Current thread-pool size: 1
Feb 02, 2023 1:23:16 AM com.sonymobile.tools.gerrit.gerritevents.GerritHandler checkQueueSize
WARNING: The Gerrit incoming events queue contains 81 items! Something might be stuck, or your system can't process the commands fast enough. Try to increase the number of receiving worker threads. Current thread-pool size: 1
Feb 02, 2023 1:23:16 AM com.sonymobile.tools.gerrit.gerritevents.GerritHandler checkQueueSize
WARNING: The Gerrit incoming events queue contains 81 items! Something might be stuck, or your system can't process the commands fast enough. Try to increase the number of receiving worker threads. Current thread-pool size: 1
Feb 02, 2023 1:23:16 AM com.sonymobile.tools.gerrit.gerritevents.GerritHandler checkQueueSize
WARNING: The Gerrit incoming events queue contains 82 items! Something might be stuck, or your system can't process the commands fast enough. Try to increase the number of receiving worker threads. Current thread-pool size: 1
Feb 02, 2023 1:23:16 AM com.sonymobile.tools.gerrit.gerritevents.GerritHandler checkQueueSize
WARNING: The Gerrit incoming events queue contains 82 items! Something might be stuck, or your system can't process the commands fast enough. Try to increase the number of receiving worker threads. Current thread-pool size: 1
Feb 02, 2023 1:23:16 AM com.sonymobile.tools.gerrit.gerritevents.GerritHandler checkQueueSize
WARNING: The Gerrit incoming events queue contains 83 items! Something might be stuck, or your system can't process the commands fast enough. Try to increase the number of receiving worker threads. Current thread-pool size: 1
Feb 02, 2023 1:23:16 AM com.sonymobile.tools.gerrit.gerritevents.GerritHandler checkQueueSize
WARNING: The Gerrit incoming events queue contains 83 items! Something might be stuck, or your system can't process the commands fast enough. Try to increase the number of receiving worker threads. Current thread-pool size: 1
Feb 02, 2023 1:23:16 AM com.sonymobile.tools.gerrit.gerritevents.GerritHandler checkQueueSize
WARNING: The Gerrit incoming events queue contains 84 items! Something might be stuck, or your system can't process the commands fast enough. Try to increase the number of receiving worker threads. Current thread-pool size: 1
Feb 02, 2023 1:23:16 AM com.sonymobile.tools.gerrit.gerritevents.GerritHandler checkQueueSize
WARNING: The Gerrit incoming events queue contains 84 items! Something might be stuck, or your system can't process the commands fast enough. Try to increase the number of receiving worker threads. Current thread-pool size: 1
Feb 02, 2023 1:23:16 AM com.sonymobile.tools.gerrit.gerritevents.GerritHandler checkQueueSize
WARNING: The Gerrit incoming events queue contains 85 items! Something might be stuck, or your system can't process the commands fast enough. Try to increase the number of receiving worker threads. Current thread-pool size: 1
Feb 02, 2023 1:23:16 AM com.sonymobile.tools.gerrit.gerritevents.GerritHandler checkQueueSize
WARNING: The Gerrit incoming events queue contains 85 items! Something might be stuck, or your system can't process the commands fast enough. Try to increase the number of receiving worker threads. Current thread-pool size: 1
Feb 02, 2023 1:23:16 AM com.sonymobile.tools.gerrit.gerritevents.GerritHandler checkQueueSize
WARNING: The Gerrit incoming events queue contains 86 items! Something might be stuck, or your system can't process the commands fast enough. Try to increase the number of receiving worker threads. Current thread-pool size: 1
Feb 02, 2023 1:23:16 AM com.sonymobile.tools.gerrit.gerritevents.GerritHandler checkQueueSize
WARNING: The Gerrit incoming events queue contains 86 items! Something might be stuck, or your system can't process the commands fast enough. Try to increase the number of receiving worker threads. Current thread-pool size: 1
Feb 02, 2023 1:23:16 AM com.sonymobile.tools.gerrit.gerritevents.GerritHandler checkQueueSize
WARNING: The Gerrit incoming events queue contains 87 items! Something might be stuck, or your system can't process the commands fast enough. Try to increase the number of receiving worker threads. Current thread-pool size: 1
Feb 02, 2023 1:23:16 AM com.sonymobile.tools.gerrit.gerritevents.GerritHandler checkQueueSize
WARNING: The Gerrit incoming events queue contains 87 items! Something might be stuck, or your system can't process the commands fast enough. Try to increase the number of receiving worker threads. Current thread-pool size: 1
Feb 02, 2023 1:23:16 AM com.sonymobile.tools.gerrit.gerritevents.GerritHandler checkQueueSize
WARNING: The Gerrit incoming events queue contains 88 items! Something might be stuck, or your system can't process the commands fast enough. Try to increase the number of receiving worker threads. Current thread-pool size: 1
Feb 02, 2023 1:23:16 AM com.sonymobile.tools.gerrit.gerritevents.GerritHandler checkQueueSize
WARNING: The Gerrit incoming events queue contains 88 items! Something might be stuck, or your system can't process the commands fast enough. Try to increase the number of receiving worker threads. Current thread-pool size: 1
Feb 02, 2023 1:23:16 AM com.sonymobile.tools.gerrit.gerritevents.GerritHandler checkQueueSize
WARNING: The Gerrit incoming events queue contains 89 items! Something might be stuck, or your system can't process the commands fast enough. Try to increase the number of receiving worker threads. Current thread-pool size: 1
Feb 02, 2023 1:23:16 AM com.sonymobile.tools.gerrit.gerritevents.GerritHandler checkQueueSize
WARNING: The Gerrit incoming events queue contains 89 items! Something might be stuck, or your system can't process the commands fast enough. Try to increase the number of receiving worker threads. Current thread-pool size: 1
Feb 02, 2023 1:23:16 AM com.sonymobile.tools.gerrit.gerritevents.GerritHandler checkQueueSize
WARNING: The Gerrit incoming events queue contains 90 items! Something might be stuck, or your system can't process the commands fast enough. Try to increase the number of receiving worker threads. Current thread-pool size: 1
Feb 02, 2023 1:23:16 AM com.sonymobile.tools.gerrit.gerritevents.GerritHandler checkQueueSize
WARNING: The Gerrit incoming events queue contains 90 items! Something might be stuck, or your system can't process the commands fast enough. Try to increase the number of receiving worker threads. Current thread-pool size: 1
Feb 02, 2023 1:23:16 AM com.sonymobile.tools.gerrit.gerritevents.GerritHandler checkQueueSize
WARNING: The Gerrit incoming events queue contains 91 items! Something might be stuck, or your system can't process the commands fast enough. Try to increase the number of receiving worker threads. Current thread-pool size: 1
Feb 02, 2023 1:23:16 AM com.sonymobile.tools.gerrit.gerritevents.GerritHandler checkQueueSize
WARNING: The Gerrit incoming events queue contains 91 items! Something might be stuck, or your system can't process the commands fast enough. Try to increase the number of receiving worker threads. Current thread-pool size: 1
Feb 02, 2023 1:23:16 AM com.sonymobile.tools.gerrit.gerritevents.GerritHandler checkQueueSize
WARNING: The Gerrit incoming events queue contains 92 items! Something might be stuck, or your system can't process the commands fast enough. Try to increase the number of receiving worker threads. Current thread-pool size: 1
Feb 02, 2023 1:23:16 AM com.sonymobile.tools.gerrit.gerritevents.GerritHandler checkQueueSize
WARNING: The Gerrit incoming events queue contains 92 items! Something might be stuck, or your system can't process the commands fast enough. Try to increase the number of receiving worker threads. Current thread-pool size: 1
Feb 02, 2023 1:23:16 AM com.sonymobile.tools.gerrit.gerritevents.GerritHandler checkQueueSize
WARNING: The Gerrit incoming events queue contains 93 items! Something might be stuck, or your system can't process the commands fast enough. Try to increase the number of receiving worker threads. Current thread-pool size: 1
Feb 02, 2023 1:23:16 AM com.sonymobile.tools.gerrit.gerritevents.GerritHandler checkQueueSize
WARNING: The Gerrit incoming events queue contains 93 items! Something might be stuck, or your system can't process the commands fast enough. Try to increase the number of receiving worker threads. Current thread-pool size: 1
Feb 02, 2023 1:23:16 AM com.sonymobile.tools.gerrit.gerritevents.GerritHandler checkQueueSize
WARNING: The Gerrit incoming events queue contains 94 items! Something might be stuck, or your system can't process the commands fast enough. Try to increase the number of receiving worker threads. Current thread-pool size: 1
Feb 02, 2023 1:23:16 AM com.sonymobile.tools.gerrit.gerritevents.GerritHandler checkQueueSize
WARNING: The Gerrit incoming events queue contains 94 items! Something might be stuck, or your system can't process the commands fast enough. Try to increase the number of receiving worker threads. Current thread-pool size: 1
Feb 02, 2023 1:23:16 AM com.sonymobile.tools.gerrit.gerritevents.GerritHandler checkQueueSize
WARNING: The Gerrit incoming events queue contains 95 items! Something might be stuck, or your system can't process the commands fast enough. Try to increase the number of receiving worker threads. Current thread-pool size: 1
Feb 02, 2023 1:23:16 AM com.sonymobile.tools.gerrit.gerritevents.GerritHandler checkQueueSize
WARNING: The Gerrit incoming events queue contains 95 items! Something might be stuck, or your system can't process the commands fast enough. Try to increase the number of receiving worker threads. Current thread-pool size: 1
Feb 02, 2023 1:23:16 AM com.sonymobile.tools.gerrit.gerritevents.GerritHandler checkQueueSize
WARNING: The Gerrit incoming events queue contains 96 items! Something might be stuck, or your system can't process the commands fast enough. Try to increase the number of receiving worker threads. Current thread-pool size: 1
Feb 02, 2023 1:23:16 AM com.sonymobile.tools.gerrit.gerritevents.GerritHandler checkQueueSize
WARNING: The Gerrit incoming events queue contains 96 items! Something might be stuck, or your system can't process the commands fast enough. Try to increase the number of receiving worker threads. Current thread-pool size: 1
Feb 02, 2023 1:23:16 AM com.sonymobile.tools.gerrit.gerritevents.GerritHandler checkQueueSize
WARNING: The Gerrit incoming events queue contains 97 items! Something might be stuck, or your system can't process the commands fast enough. Try to increase the number of receiving worker threads. Current thread-pool size: 1
Feb 02, 2023 1:23:16 AM com.sonymobile.tools.gerrit.gerritevents.GerritHandler checkQueueSize
WARNING: The Gerrit incoming events queue contains 97 items! Something might be stuck, or your system can't process the commands fast enough. Try to increase the number of receiving worker threads. Current thread-pool size: 1
Feb 02, 2023 1:23:16 AM com.sonymobile.tools.gerrit.gerritevents.GerritHandler checkQueueSize
WARNING: The Gerrit incoming events queue contains 98 items! Something might be stuck, or your system can't process the commands fast enough. Try to increase the number of receiving worker threads. Current thread-pool size: 1
Feb 02, 2023 1:23:16 AM com.sonymobile.tools.gerrit.gerritevents.GerritHandler checkQueueSize
WARNING: The Gerrit incoming events queue contains 98 items! Something might be stuck, or your system can't process the commands fast enough. Try to increase the number of receiving worker threads. Current thread-pool size: 1
Feb 02, 2023 1:23:16 AM com.sonymobile.tools.gerrit.gerritevents.GerritHandler checkQueueSize
WARNING: The Gerrit incoming events queue contains 99 items! Something might be stuck, or your system can't process the commands fast enough. Try to increase the number of receiving worker threads. Current thread-pool size: 1
Feb 02, 2023 1:23:16 AM com.sonymobile.tools.gerrit.gerritevents.GerritHandler checkQueueSize
WARNING: The Gerrit incoming events queue contains 99 items! Something might be stuck, or your system can't process the commands fast enough. Try to increase the number of receiving worker threads. Current thread-pool size: 1
Feb 02, 2023 1:23:16 AM com.sonymobile.tools.gerrit.gerritevents.GerritHandler startQueue
INFO: ReceiveQueue running. Current pool size: 50. Current Queue size: 51
Feb 02, 2023 1:23:16 AM com.sonymobile.tools.gerrit.gerritevents.GerritHandler startQueue
INFO: Nr of active pool-threads: 50
Feb 02, 2023 1:23:16 AM com.sonymobile.tools.gerrit.gerritevents.GerritHandler startQueue
INFO: ReceiveQueue started! Current pool size: 1
Feb 02, 2023 1:23:17 AM com.sonymobile.tools.gerrit.gerritevents.GerritHandler startQueue
INFO: ReceiveQueue started! Current pool size: 1
Feb 02, 2023 1:23:17 AM com.sonymobile.tools.gerrit.gerritevents.GerritHandler scheduleGerritWhitelistRead
INFO: config file for whitelist not found; will not filter events for processing
Tests run: 5, Failures: 0, Errors: 0, Skipped: 0, Time elapsed: 3.963 sec - in com.sonymobile.tools.gerrit.gerritevents.GerritHandlerQueueTest
Running com.sonymobile.tools.gerrit.gerritevents.SshUtilTest
Tests run: 4, Failures: 0, Errors: 0, Skipped: 0, Time elapsed: 0.132 sec - in com.sonymobile.tools.gerrit.gerritevents.SshUtilTest
Running com.sonymobile.tools.gerrit.gerritevents.GerritQueryHandlerTest
WARNING: An illegal reflective access operation has occurred
WARNING: Illegal reflective access by org.powermock.reflect.internal.WhiteboxImpl (file:/home/gabsko/.m2/repository/org/powermock/powermock-reflect/2.0.0/powermock-reflect-2.0.0.jar) to method java.lang.Object.clone()
WARNING: Please consider reporting this to the maintainers of org.powermock.reflect.internal.WhiteboxImpl
WARNING: Use --illegal-access=warn to enable warnings of further illegal reflective access operations
WARNING: All illegal access operations will be denied in a future release
Tests run: 5, Failures: 0, Errors: 0, Skipped: 0, Time elapsed: 1.156 sec - in com.sonymobile.tools.gerrit.gerritevents.GerritQueryHandlerTest
Running com.sonymobile.tools.gerrit.gerritevents.dto.rest.ChangeIdTest
Tests run: 3, Failures: 0, Errors: 0, Skipped: 0, Time elapsed: 0.067 sec - in com.sonymobile.tools.gerrit.gerritevents.dto.rest.ChangeIdTest
Running com.sonymobile.tools.gerrit.gerritevents.dto.events.VoteDeletedTest
Tests run: 1, Failures: 0, Errors: 0, Skipped: 0, Time elapsed: 0.127 sec - in com.sonymobile.tools.gerrit.gerritevents.dto.events.VoteDeletedTest
Running com.sonymobile.tools.gerrit.gerritevents.dto.events.HashtagsChangedTest
Tests run: 1, Failures: 0, Errors: 0, Skipped: 0, Time elapsed: 0.169 sec - in com.sonymobile.tools.gerrit.gerritevents.dto.events.HashtagsChangedTest
Running com.sonymobile.tools.gerrit.gerritevents.dto.events.RefReplicatedTest
Tests run: 16, Failures: 0, Errors: 0, Skipped: 0, Time elapsed: 0.112 sec - in com.sonymobile.tools.gerrit.gerritevents.dto.events.RefReplicatedTest
Running com.sonymobile.tools.gerrit.gerritevents.dto.events.RefReplicationDoneTest
Tests run: 14, Failures: 0, Errors: 0, Skipped: 0, Time elapsed: 0.117 sec - in com.sonymobile.tools.gerrit.gerritevents.dto.events.RefReplicationDoneTest
Running com.sonymobile.tools.gerrit.gerritevents.dto.events.EventCreatedOnTest
2014-12-09 14:02:52
Tests run: 1, Failures: 0, Errors: 0, Skipped: 0, Time elapsed: 0.131 sec - in com.sonymobile.tools.gerrit.gerritevents.dto.events.EventCreatedOnTest
Running com.sonymobile.tools.gerrit.gerritevents.dto.attr.AccountTest
Tests run: 7, Failures: 0, Errors: 0, Skipped: 0, Time elapsed: 0.115 sec - in com.sonymobile.tools.gerrit.gerritevents.dto.attr.AccountTest
Running com.sonymobile.tools.gerrit.gerritevents.dto.attr.RefUpdatedTest
Tests run: 3, Failures: 0, Errors: 0, Skipped: 0, Time elapsed: 0.121 sec - in com.sonymobile.tools.gerrit.gerritevents.dto.attr.RefUpdatedTest
Running com.sonymobile.tools.gerrit.gerritevents.dto.attr.PatchSetTest
Tests run: 6, Failures: 0, Errors: 0, Skipped: 0, Time elapsed: 0.117 sec - in com.sonymobile.tools.gerrit.gerritevents.dto.attr.PatchSetTest
Running com.sonymobile.tools.gerrit.gerritevents.dto.attr.DeserializeProviderTest
WARNING: An illegal reflective access operation has occurred
WARNING: Illegal reflective access by com.thoughtworks.xstream.core.util.Fields (file:/home/gabsko/.m2/repository/com/thoughtworks/xstream/xstream/1.4.7/xstream-1.4.7.jar) to field java.util.TreeMap.comparator
WARNING: Please consider reporting this to the maintainers of com.thoughtworks.xstream.core.util.Fields
WARNING: Use --illegal-access=warn to enable warnings of further illegal reflective access operations
WARNING: All illegal access operations will be denied in a future release
Tests run: 1, Failures: 0, Errors: 0, Skipped: 0, Time elapsed: 0.285 sec - in com.sonymobile.tools.gerrit.gerritevents.dto.attr.DeserializeProviderTest
Running com.sonymobile.tools.gerrit.gerritevents.dto.attr.DeserializeApprovalTest
WARNING: An illegal reflective access operation has occurred
WARNING: Illegal reflective access by com.thoughtworks.xstream.core.util.Fields (file:/home/gabsko/.m2/repository/com/thoughtworks/xstream/xstream/1.4.7/xstream-1.4.7.jar) to field java.util.TreeMap.comparator
WARNING: Please consider reporting this to the maintainers of com.thoughtworks.xstream.core.util.Fields
WARNING: Use --illegal-access=warn to enable warnings of further illegal reflective access operations
WARNING: All illegal access operations will be denied in a future release
Tests run: 1, Failures: 0, Errors: 0, Skipped: 0, Time elapsed: 0.269 sec - in com.sonymobile.tools.gerrit.gerritevents.dto.attr.DeserializeApprovalTest
Running com.sonymobile.tools.gerrit.gerritevents.dto.attr.ChangeTest
Tests run: 7, Failures: 0, Errors: 0, Skipped: 0, Time elapsed: 0.13 sec - in com.sonymobile.tools.gerrit.gerritevents.dto.attr.ChangeTest
Running com.sonymobile.tools.gerrit.gerritevents.dto.GerritEventTypeTest
Tests run: 1, Failures: 0, Errors: 0, Skipped: 0, Time elapsed: 0.058 sec - in com.sonymobile.tools.gerrit.gerritevents.dto.GerritEventTypeTest
Running com.sonymobile.tools.gerrit.gerritevents.GerritHandlerTest
WARNING: An illegal reflective access operation has occurred
WARNING: Illegal reflective access by org.powermock.reflect.internal.WhiteboxImpl (file:/home/gabsko/.m2/repository/org/powermock/powermock-reflect/2.0.0/powermock-reflect-2.0.0.jar) to method java.lang.Object.clone()
WARNING: Please consider reporting this to the maintainers of org.powermock.reflect.internal.WhiteboxImpl
WARNING: Use --illegal-access=warn to enable warnings of further illegal reflective access operations
WARNING: All illegal access operations will be denied in a future release
Feb 02, 2023 1:23:24 AM com.sonymobile.tools.gerrit.gerritevents.GerritHandler startQueue
INFO: ReceiveQueue started! Current pool size: 1
Feb 02, 2023 1:23:24 AM com.sonymobile.tools.gerrit.gerritevents.GerritHandler startQueue
INFO: ReceiveQueue started! Current pool size: 1
Feb 02, 2023 1:23:24 AM com.sonymobile.tools.gerrit.gerritevents.GerritHandler startQueue
INFO: ReceiveQueue started! Current pool size: 1
Feb 02, 2023 1:23:24 AM com.sonymobile.tools.gerrit.gerritevents.GerritHandler startQueue
INFO: ReceiveQueue started! Current pool size: 1
Feb 02, 2023 1:23:24 AM com.sonymobile.tools.gerrit.gerritevents.GerritHandler startQueue
INFO: ReceiveQueue started! Current pool size: 1
Feb 02, 2023 1:23:24 AM com.sonymobile.tools.gerrit.gerritevents.GerritHandler startQueue
INFO: ReceiveQueue started! Current pool size: 1
Feb 02, 2023 1:23:24 AM com.sonymobile.tools.gerrit.gerritevents.GerritHandler startQueue
INFO: ReceiveQueue started! Current pool size: 1
Feb 02, 2023 1:23:24 AM com.sonymobile.tools.gerrit.gerritevents.GerritHandler startQueue
INFO: ReceiveQueue started! Current pool size: 1
Feb 02, 2023 1:23:24 AM com.sonymobile.tools.gerrit.gerritevents.GerritHandler startQueue
INFO: ReceiveQueue started! Current pool size: 1
Feb 02, 2023 1:23:24 AM com.sonymobile.tools.gerrit.gerritevents.GerritHandler startQueue
INFO: ReceiveQueue started! Current pool size: 1
Feb 02, 2023 1:23:24 AM com.sonymobile.tools.gerrit.gerritevents.GerritHandler startQueue
INFO: ReceiveQueue started! Current pool size: 1
Feb 02, 2023 1:23:24 AM com.sonymobile.tools.gerrit.gerritevents.GerritHandler startQueue
INFO: ReceiveQueue started! Current pool size: 1
Feb 02, 2023 1:23:24 AM com.sonymobile.tools.gerrit.gerritevents.GerritHandler startQueue
INFO: ReceiveQueue started! Current pool size: 1
Feb 02, 2023 1:23:24 AM com.sonymobile.tools.gerrit.gerritevents.GerritHandler startQueue
INFO: ReceiveQueue started! Current pool size: 1
Feb 02, 2023 1:23:24 AM com.sonymobile.tools.gerrit.gerritevents.GerritHandler startQueue
INFO: ReceiveQueue started! Current pool size: 1
Feb 02, 2023 1:23:24 AM com.sonymobile.tools.gerrit.gerritevents.GerritHandler startQueue
INFO: ReceiveQueue started! Current pool size: 1
Creating Listeners.....................................................................................................Done!
Waiting for listeners to be added...Running#:    99  Left#: 88772  Count#: 11132
Waiting for listeners to be added...Running#:   100  Left#: 69961  Count#: 29939
Waiting for listeners to be added...Running#:   100  Left#: 61138  Count#: 38762
Waiting for listeners to be added...Running#:   100  Left#: 47520  Count#: 52380
Waiting for listeners to be added...Running#:   100  Left#: 42866  Count#: 57035
Waiting for listeners to be added...Running#:   100  Left#: 38568  Count#: 61332
Waiting for listeners to be added...Running#:   100  Left#: 29928  Count#: 69972
Waiting for listeners to be added...Running#:   100  Left#: 21214  Count#: 78686
Waiting for listeners to be added...Running#:   100  Left#: 12547  Count#: 87353
Waiting for listeners to be added...Running#:   100  Left#:  5475  Count#: 94426
              Listeners are added...Running#:     0  Left#:     0  Count#: 100000
Feb 02, 2023 1:23:35 AM com.sonymobile.tools.gerrit.gerritevents.GerritHandler startQueue
INFO: ReceiveQueue started! Current pool size: 1
Feb 02, 2023 1:23:35 AM com.sonymobile.tools.gerrit.gerritevents.GerritHandler startQueue
INFO: ReceiveQueue started! Current pool size: 1
Feb 02, 2023 1:23:35 AM com.sonymobile.tools.gerrit.gerritevents.GerritHandler startQueue
INFO: ReceiveQueue started! Current pool size: 1
Feb 02, 2023 1:23:35 AM com.sonymobile.tools.gerrit.gerritevents.GerritHandler startQueue
INFO: ReceiveQueue started! Current pool size: 1
Feb 02, 2023 1:23:35 AM com.sonymobile.tools.gerrit.gerritevents.GerritHandler startQueue
INFO: ReceiveQueue started! Current pool size: 1
Feb 02, 2023 1:23:35 AM com.sonymobile.tools.gerrit.gerritevents.GerritHandler startQueue
INFO: ReceiveQueue started! Current pool size: 1
Feb 02, 2023 1:23:35 AM com.sonymobile.tools.gerrit.gerritevents.GerritHandler startQueue
INFO: ReceiveQueue started! Current pool size: 1
Feb 02, 2023 1:23:35 AM com.sonymobile.tools.gerrit.gerritevents.GerritHandler startQueue
INFO: ReceiveQueue started! Current pool size: 1
Feb 02, 2023 1:23:35 AM com.sonymobile.tools.gerrit.gerritevents.GerritHandler startQueue
INFO: ReceiveQueue started! Current pool size: 1
Feb 02, 2023 1:23:35 AM com.sonymobile.tools.gerrit.gerritevents.GerritHandler startQueue
INFO: ReceiveQueue started! Current pool size: 1
Feb 02, 2023 1:23:35 AM com.sonymobile.tools.gerrit.gerritevents.GerritHandler startQueue
INFO: ReceiveQueue started! Current pool size: 1
Feb 02, 2023 1:23:36 AM com.sonymobile.tools.gerrit.gerritevents.GerritHandler startQueue
INFO: ReceiveQueue started! Current pool size: 1
Tests run: 28, Failures: 0, Errors: 0, Skipped: 0, Time elapsed: 13.215 sec - in com.sonymobile.tools.gerrit.gerritevents.GerritHandlerTest
Running com.sonymobile.tools.gerrit.gerritevents.GerritConnectionTest
WARNING: An illegal reflective access operation has occurred
WARNING: Illegal reflective access by org.powermock.reflect.internal.WhiteboxImpl (file:/home/gabsko/.m2/repository/org/powermock/powermock-reflect/2.0.0/powermock-reflect-2.0.0.jar) to method java.lang.Object.clone()
WARNING: Please consider reporting this to the maintainers of org.powermock.reflect.internal.WhiteboxImpl
WARNING: Use --illegal-access=warn to enable warnings of further illegal reflective access operations
WARNING: All illegal access operations will be denied in a future release
Feb 02, 2023 1:23:38 AM com.sonymobile.tools.gerrit.gerritevents.GerritConnection run
INFO: Starting Up 
INFO: Handled connection established
Feb 02, 2023 1:23:38 AM com.sonymobile.tools.gerrit.gerritevents.GerritConnection run
INFO: Ready to receive data from Gerrit: 
INFO: Posted string: Test
INFO: Posted Provider:  localhost 29418 ssh  2.5.2
INFO: Posted string: {"say":"hello"}
INFO: Posted Provider:  localhost 29418 ssh  2.5.2
Wait1: 2s...
Wait2: 2s...
INFO: Posted string: Thank You!
INFO: Posted Provider:  localhost 29418 ssh  2.5.2
INFO: Posted string: {"say":"hello"}
INFO: Posted Provider:  localhost 29418 ssh  2.5.2
INFO: Posted string: {"say":"hello again"}
INFO: Posted Provider:  localhost 29418 ssh  2.5.2
INFO: Posted string: This is a very long line.                                             It stands for a commit that contains a very huge commit message. It should be long enough to fill the buffer several times.
INFO: Posted Provider:  localhost 29418 ssh  2.5.2
INFO: Posted string: FINISH
INFO: Posted Provider:  localhost 29418 ssh  2.5.2
Feb 02, 2023 1:23:44 AM com.sonymobile.tools.gerrit.gerritevents.GerritConnection shutdown
INFO: Shutting down the ssh connection.
INFO: Posted string: hello
INFO: Posted Provider:  localhost 29418 ssh  2.5.2
Feb 02, 2023 1:23:44 AM com.sonymobile.tools.gerrit.gerritevents.GerritConnection run
SEVERE: Interrupted.
java.lang.InterruptedException: shutdown requested: true
	at com.sonymobile.tools.gerrit.gerritevents.GerritConnection.run(GerritConnection.java:445)

INFO: Handled connection down
Tests run: 6, Failures: 0, Errors: 0, Skipped: 0, Time elapsed: 8.278 sec - in com.sonymobile.tools.gerrit.gerritevents.GerritConnectionTest
Running com.sonymobile.tools.gerrit.gerritevents.GerritQueryHandlerWithPersistedConnectionTest
WARNING: An illegal reflective access operation has occurred
WARNING: Illegal reflective access by org.powermock.reflect.internal.WhiteboxImpl (file:/home/gabsko/.m2/repository/org/powermock/powermock-reflect/2.0.0/powermock-reflect-2.0.0.jar) to method java.lang.Object.clone()
WARNING: Please consider reporting this to the maintainers of org.powermock.reflect.internal.WhiteboxImpl
WARNING: Use --illegal-access=warn to enable warnings of further illegal reflective access operations
WARNING: All illegal access operations will be denied in a future release
Tests run: 1, Failures: 0, Errors: 0, Skipped: 0, Time elapsed: 1.058 sec - in com.sonymobile.tools.gerrit.gerritevents.GerritQueryHandlerWithPersistedConnectionTest

Results :

Tests in error: 
  StreamWatchdogTest.testFullTimeoutFlow:97 » Runtime Timeout!

Tests run: 133, Failures: 0, Errors: 1, Skipped: 0

[INFO] ------------------------------------------------------------------------
[INFO] BUILD FAILURE
[INFO] ------------------------------------------------------------------------
[INFO] Total time:  51.396 s
[INFO] Finished at: 2023-02-02T01:23:46Z
[INFO] ------------------------------------------------------------------------
[ERROR] Failed to execute goal org.apache.maven.plugins:maven-surefire-plugin:2.16:test (default-test) on project gerrit-events: There are test failures.
[ERROR] 
[ERROR] Please refer to /home/gabsko/breaking-updates/target/surefire-reports for the individual test results.
[ERROR] -> [Help 1]
[ERROR] 
[ERROR] To see the full stack trace of the errors, re-run Maven with the -e switch.
[ERROR] Re-run Maven using the -X switch to enable full debug logging.
[ERROR] 
[ERROR] For more information about the errors and possible solutions, please read the following articles:
[ERROR] [Help 1] http://cwiki.apache.org/confluence/display/MAVEN/MojoFailureException
