[INFO] Scanning for projects...
[WARNING] 
[WARNING] Some problems were encountered while building the effective model for com.google.auth:google-auth-library-oauth2-http:jar:1.10.1-SNAPSHOT
[WARNING] 'dependencies.dependency.(groupId:artifactId:type:classifier)' must be unique: junit:junit:jar -> version (?) vs 4.13.2 @ line 145, column 17
[WARNING] 'build.plugins.plugin.(groupId:artifactId)' must be unique but found duplicate declaration of plugin org.apache.maven.plugins:maven-failsafe-plugin @ line 94, column 15
[WARNING] 
[WARNING] It is highly recommended to fix these problems because they threaten the stability of your build.
[WARNING] 
[WARNING] For this reason, future Maven versions might no longer support building such malformed projects.
[WARNING] 
[INFO] Inspecting build with total of 5 modules...
[INFO] Installing Nexus Staging features:
[INFO]   ... total of 5 executions of maven-deploy-plugin replaced with nexus-staging-maven-plugin
[INFO] ------------------------------------------------------------------------
[INFO] Reactor Build Order:
[INFO] 
[INFO] Google Auth Library for Java                                       [pom]
[INFO] Google Auth Library for Java - Credentials                         [jar]
[INFO] Google Auth Library for Java - OAuth2 HTTP                         [jar]
[INFO] Google Auth Library for Java - Google App Engine                   [jar]
[INFO] Google Auth Library for Java BOM                                   [pom]
[INFO] 
[INFO] -------------< com.google.auth:google-auth-library-parent >-------------
[INFO] Building Google Auth Library for Java 1.10.1-SNAPSHOT              [1/5]
[INFO] --------------------------------[ pom ]---------------------------------
[INFO] 
[INFO] --- maven-clean-plugin:2.5:clean (default-clean) @ google-auth-library-parent ---
[INFO] Deleting /home/gabsko/breaking-updates/target
[INFO] 
[INFO] --- maven-checkstyle-plugin:3.1.2:check (checkstyle) @ google-auth-library-parent ---
[WARNING] Old version of checkstyle detected. Consider updating to >= v8.30
[WARNING] For more information see: https://maven.apache.org/plugins/maven-checkstyle-plugin/examples/upgrading-checkstyle.html
[INFO] Starting audit...
Audit done.
[INFO] You have 0 Checkstyle violations.
[INFO] 
[INFO] --- jacoco-maven-plugin:0.8.8:prepare-agent (default) @ google-auth-library-parent ---
[INFO] argLine set to -javaagent:/home/gabsko/.m2/repository/org/jacoco/org.jacoco.agent/0.8.8/org.jacoco.agent-0.8.8-runtime.jar=destfile=/home/gabsko/breaking-updates/target/jacoco.exec
[INFO] 
[INFO] --- jacoco-maven-plugin:0.8.8:report (report) @ google-auth-library-parent ---
[INFO] Skipping JaCoCo execution due to missing execution data file.
[INFO] 
[INFO] ----------< com.google.auth:google-auth-library-credentials >-----------
[INFO] Building Google Auth Library for Java - Credentials 1.10.1-SNAPSHOT [2/5]
[INFO] --------------------------------[ jar ]---------------------------------
[INFO] 
[INFO] --- maven-clean-plugin:2.5:clean (default-clean) @ google-auth-library-credentials ---
[INFO] Deleting /home/gabsko/breaking-updates/credentials/target
[INFO] 
[INFO] --- maven-checkstyle-plugin:3.1.2:check (checkstyle) @ google-auth-library-credentials ---
[WARNING] Old version of checkstyle detected. Consider updating to >= v8.30
[WARNING] For more information see: https://maven.apache.org/plugins/maven-checkstyle-plugin/examples/upgrading-checkstyle.html
[INFO] Starting audit...
Audit done.
[INFO] You have 0 Checkstyle violations.
[INFO] 
[INFO] --- jacoco-maven-plugin:0.8.8:prepare-agent (default) @ google-auth-library-credentials ---
[INFO] argLine set to -javaagent:/home/gabsko/.m2/repository/org/jacoco/org.jacoco.agent/0.8.8/org.jacoco.agent-0.8.8-runtime.jar=destfile=/home/gabsko/breaking-updates/credentials/target/jacoco.exec
[INFO] 
[INFO] --- maven-resources-plugin:2.6:resources (default-resources) @ google-auth-library-credentials ---
[INFO] Using 'UTF-8' encoding to copy filtered resources.
[INFO] skip non existing resourceDirectory /home/gabsko/breaking-updates/credentials/src/main/resources
[INFO] 
[INFO] --- maven-compiler-plugin:3.10.1:compile (default-compile) @ google-auth-library-credentials ---
[INFO] Changes detected - recompiling the module!
[INFO] Compiling 4 source files to /home/gabsko/breaking-updates/credentials/target/classes
[INFO] 
[INFO] --- maven-resources-plugin:2.6:testResources (default-testResources) @ google-auth-library-credentials ---
[INFO] Using 'UTF-8' encoding to copy filtered resources.
[INFO] skip non existing resourceDirectory /home/gabsko/breaking-updates/credentials/src/test/resources
[INFO] 
[INFO] --- maven-compiler-plugin:3.10.1:testCompile (default-testCompile) @ google-auth-library-credentials ---
[INFO] Changes detected - recompiling the module!
[INFO] Compiling 1 source file to /home/gabsko/breaking-updates/credentials/target/test-classes
[INFO] 
[INFO] --- maven-surefire-plugin:3.0.0-M7:test (default-test) @ google-auth-library-credentials ---
[INFO] Using auto detected provider org.apache.maven.surefire.junit4.JUnit4Provider
[INFO] 
[INFO] -------------------------------------------------------
[INFO]  T E S T S
[INFO] -------------------------------------------------------
[INFO] Running com.google.auth.SigningExceptionTest
[INFO] Tests run: 5, Failures: 0, Errors: 0, Skipped: 0, Time elapsed: 0.06 s - in com.google.auth.SigningExceptionTest
[INFO] 
[INFO] Results:
[INFO] 
[INFO] Tests run: 5, Failures: 0, Errors: 0, Skipped: 0
[INFO] 
[INFO] 
[INFO] --- jacoco-maven-plugin:0.8.8:report (report) @ google-auth-library-credentials ---
[INFO] Loading execution data file /home/gabsko/breaking-updates/credentials/target/jacoco.exec
[INFO] Analyzed bundle 'Google Auth Library for Java - Credentials' with 3 classes
[INFO] 
[INFO] ----------< com.google.auth:google-auth-library-oauth2-http >-----------
[INFO] Building Google Auth Library for Java - OAuth2 HTTP 1.10.1-SNAPSHOT [3/5]
[INFO] --------------------------------[ jar ]---------------------------------
[INFO] 
[INFO] --- maven-clean-plugin:2.5:clean (default-clean) @ google-auth-library-oauth2-http ---
[INFO] Deleting /home/gabsko/breaking-updates/oauth2_http/target
[INFO] 
[INFO] --- maven-checkstyle-plugin:3.1.2:check (checkstyle) @ google-auth-library-oauth2-http ---
[WARNING] Old version of checkstyle detected. Consider updating to >= v8.30
[WARNING] For more information see: https://maven.apache.org/plugins/maven-checkstyle-plugin/examples/upgrading-checkstyle.html
[INFO] Starting audit...
Audit done.
[INFO] You have 0 Checkstyle violations.
[INFO] 
[INFO] --- jacoco-maven-plugin:0.8.8:prepare-agent (default) @ google-auth-library-oauth2-http ---
[INFO] argLine set to -javaagent:/home/gabsko/.m2/repository/org/jacoco/org.jacoco.agent/0.8.8/org.jacoco.agent-0.8.8-runtime.jar=destfile=/home/gabsko/breaking-updates/oauth2_http/target/jacoco.exec
[INFO] 
[INFO] --- maven-resources-plugin:2.6:resources (default-resources) @ google-auth-library-oauth2-http ---
[INFO] Using 'UTF-8' encoding to copy filtered resources.
[INFO] skip non existing resourceDirectory /home/gabsko/breaking-updates/oauth2_http/src/main/resources
[INFO] 
[INFO] --- maven-compiler-plugin:3.10.1:compile (default-compile) @ google-auth-library-oauth2-http ---
[INFO] Changes detected - recompiling the module!
[INFO] Compiling 53 source files to /home/gabsko/breaking-updates/oauth2_http/target/classes
[WARNING] /home/gabsko/breaking-updates/oauth2_http/java/com/google/auth/oauth2/ImpersonatedCredentials.java:[384,44] unchecked cast
  required: java.util.List<java.lang.String>
  found:    java.lang.Object
[WARNING] /home/gabsko/breaking-updates/oauth2_http/java/com/google/auth/oauth2/ImpersonatedCredentials.java:[386,61] unchecked cast
  required: java.util.Map<java.lang.String,java.lang.Object>
  found:    java.lang.Object
[WARNING] /home/gabsko/breaking-updates/oauth2_http/java/com/google/auth/oauth2/ImpersonatedCredentials.java:[426,20] unchecked call to ArrayList(java.util.Collection<? extends E>) as a member of the raw type java.util.ArrayList
[WARNING] /home/gabsko/breaking-updates/oauth2_http/java/com/google/auth/oauth2/ImpersonatedCredentials.java:[426,19] unchecked method invocation: method setScopes in class com.google.auth.oauth2.ImpersonatedCredentials.Builder is applied to given types
  required: java.util.List<java.lang.String>
  found: java.util.ArrayList
[WARNING] /home/gabsko/breaking-updates/oauth2_http/java/com/google/auth/oauth2/ImpersonatedCredentials.java:[426,20] unchecked conversion
  required: java.util.List<java.lang.String>
  found:    java.util.ArrayList
[WARNING] /home/gabsko/breaking-updates/oauth2_http/java/com/google/auth/oauth2/ExternalAccountCredentials.java:[369,77] unchecked cast
  required: java.util.Map<java.lang.String,java.lang.Object>
  found:    java.lang.Object
[WARNING] /home/gabsko/breaking-updates/oauth2_http/java/com/google/auth/oauth2/IdentityPoolCredentials.java:[124,85] unchecked cast
  required: java.util.Map<java.lang.String,java.lang.String>
  found:    java.lang.Object
[WARNING] /home/gabsko/breaking-updates/oauth2_http/java/com/google/auth/oauth2/IdentityPoolCredentials.java:[133,84] unchecked cast
  required: java.util.Map<java.lang.String,java.lang.String>
  found:    java.lang.Object
[WARNING] /home/gabsko/breaking-updates/oauth2_http/java/com/google/auth/oauth2/PluggableAuthCredentials.java:[153,56] unchecked cast
  required: java.util.Map<java.lang.String,java.lang.Object>
  found:    java.lang.Object
[INFO] /home/gabsko/breaking-updates/oauth2_http/java/com/google/auth/oauth2/TokenVerifier.java: Some input files use or override a deprecated API.
[INFO] /home/gabsko/breaking-updates/oauth2_http/java/com/google/auth/oauth2/TokenVerifier.java: Recompile with -Xlint:deprecation for details.
[INFO] 
[INFO] --- maven-resources-plugin:2.6:testResources (default-testResources) @ google-auth-library-oauth2-http ---
[INFO] Using 'UTF-8' encoding to copy filtered resources.
[INFO] Copying 6 resources
[INFO] 
[INFO] --- maven-compiler-plugin:3.10.1:testCompile (default-testCompile) @ google-auth-library-oauth2-http ---
[INFO] Changes detected - recompiling the module!
[INFO] Compiling 47 source files to /home/gabsko/breaking-updates/oauth2_http/target/test-classes
[WARNING] /home/gabsko/breaking-updates/oauth2_http/javatests/com/google/auth/oauth2/MockExternalAccountCredentialsTransport.java:[110,48] Possible heap pollution from parameterized vararg type java.util.List<java.lang.String>
[WARNING] /home/gabsko/breaking-updates/oauth2_http/javatests/com/google/auth/oauth2/MockExternalAccountCredentialsTransport.java:[204,80] unchecked cast
  required: java.util.ArrayList<java.lang.String>
  found:    java.lang.Object
[WARNING] /home/gabsko/breaking-updates/oauth2_http/javatests/com/google/auth/oauth2/ExternalAccountCredentialsTest.java:[266,77] unchecked cast
  required: java.util.Map<java.lang.String,java.lang.Object>
  found:    java.lang.Object
[WARNING] /home/gabsko/breaking-updates/oauth2_http/javatests/com/google/auth/oauth2/ExternalAccountCredentialsTest.java:[269,54] unchecked cast
  required: java.util.Map<java.lang.String,java.lang.Object>
  found:    java.lang.Object
[WARNING] /home/gabsko/breaking-updates/oauth2_http/javatests/com/google/auth/oauth2/AwsCredentialsTest.java:[162,81] unchecked cast
  required: java.util.List<java.util.Map<java.lang.String,java.lang.String>>
  found:    java.lang.Object
[WARNING] /home/gabsko/breaking-updates/oauth2_http/javatests/com/google/auth/oauth2/AwsCredentialsTest.java:[214,81] unchecked cast
  required: java.util.List<java.util.Map<java.lang.String,java.lang.String>>
  found:    java.lang.Object
[INFO] /home/gabsko/breaking-updates/oauth2_http/javatests/com/google/auth/http/HttpCredentialsAdapterTest.java: /home/gabsko/breaking-updates/oauth2_http/javatests/com/google/auth/http/HttpCredentialsAdapterTest.java uses or overrides a deprecated API.
[INFO] /home/gabsko/breaking-updates/oauth2_http/javatests/com/google/auth/http/HttpCredentialsAdapterTest.java: Recompile with -Xlint:deprecation for details.
[INFO] 
[INFO] --- maven-surefire-plugin:3.0.0-M5:test (default-test) @ google-auth-library-oauth2-http ---
[INFO] 
[INFO] -------------------------------------------------------
[INFO]  T E S T S
[INFO] -------------------------------------------------------
[INFO] Running com.google.auth.http.HttpCredentialsAdapterTest
[INFO] Tests run: 4, Failures: 0, Errors: 0, Skipped: 0, Time elapsed: 0.248 s - in com.google.auth.http.HttpCredentialsAdapterTest
[INFO] Running com.google.auth.oauth2.PluggableAuthExceptionTest
[INFO] Tests run: 4, Failures: 0, Errors: 0, Skipped: 0, Time elapsed: 0.382 s - in com.google.auth.oauth2.PluggableAuthExceptionTest
[INFO] Running com.google.auth.oauth2.PluggableAuthHandlerTest
[INFO] Tests run: 19, Failures: 0, Errors: 0, Skipped: 0, Time elapsed: 0.292 s - in com.google.auth.oauth2.PluggableAuthHandlerTest
[INFO] Running com.google.auth.oauth2.UserCredentialsTest
[INFO] Tests run: 36, Failures: 0, Errors: 0, Skipped: 0, Time elapsed: 0.169 s - in com.google.auth.oauth2.UserCredentialsTest
[INFO] Running com.google.auth.oauth2.PluggableAuthCredentialsTest
[INFO] Tests run: 13, Failures: 0, Errors: 0, Skipped: 0, Time elapsed: 0.038 s - in com.google.auth.oauth2.PluggableAuthCredentialsTest
[INFO] Running com.google.auth.oauth2.AwsCredentialsTest
[INFO] Tests run: 20, Failures: 0, Errors: 0, Skipped: 0, Time elapsed: 0.067 s - in com.google.auth.oauth2.AwsCredentialsTest
[INFO] Running com.google.auth.oauth2.CloudShellCredentialsTest
[INFO] Tests run: 6, Failures: 0, Errors: 0, Skipped: 0, Time elapsed: 0.008 s - in com.google.auth.oauth2.CloudShellCredentialsTest
[INFO] Running com.google.auth.oauth2.OAuth2CredentialsWithRefreshTest
[INFO] Tests run: 5, Failures: 0, Errors: 0, Skipped: 0, Time elapsed: 0 s - in com.google.auth.oauth2.OAuth2CredentialsWithRefreshTest
[INFO] Running com.google.auth.oauth2.IdTokenTest
[INFO] Tests run: 6, Failures: 0, Errors: 0, Skipped: 0, Time elapsed: 0.001 s - in com.google.auth.oauth2.IdTokenTest
[INFO] Running com.google.auth.oauth2.JwtClaimsTest
[INFO] Tests run: 7, Failures: 0, Errors: 0, Skipped: 0, Time elapsed: 0.001 s - in com.google.auth.oauth2.JwtClaimsTest
[INFO] Running com.google.auth.oauth2.ExternalAccountCredentialsTest
[INFO] Tests run: 34, Failures: 0, Errors: 0, Skipped: 0, Time elapsed: 0.038 s - in com.google.auth.oauth2.ExternalAccountCredentialsTest
[INFO] Running com.google.auth.oauth2.ExecutableResponseTest
[INFO] Tests run: 13, Failures: 0, Errors: 0, Skipped: 0, Time elapsed: 0.001 s - in com.google.auth.oauth2.ExecutableResponseTest
[INFO] Running com.google.auth.oauth2.OAuthExceptionTest
[INFO] Tests run: 3, Failures: 0, Errors: 0, Skipped: 0, Time elapsed: 0.001 s - in com.google.auth.oauth2.OAuthExceptionTest
[INFO] Running com.google.auth.oauth2.ServiceAccountJwtAccessCredentialsTest
[INFO] Tests run: 42, Failures: 0, Errors: 0, Skipped: 0, Time elapsed: 0.113 s - in com.google.auth.oauth2.ServiceAccountJwtAccessCredentialsTest
[INFO] Running com.google.auth.oauth2.JwtCredentialsTest
[INFO] Tests run: 10, Failures: 0, Errors: 0, Skipped: 0, Time elapsed: 0.01 s - in com.google.auth.oauth2.JwtCredentialsTest
[INFO] Running com.google.auth.oauth2.IdTokenCredentialsTest
[INFO] Tests run: 3, Failures: 0, Errors: 0, Skipped: 0, Time elapsed: 0.013 s - in com.google.auth.oauth2.IdTokenCredentialsTest
[INFO] Running com.google.auth.oauth2.IdentityPoolCredentialsTest
[INFO] Tests run: 21, Failures: 0, Errors: 0, Skipped: 0, Time elapsed: 0.026 s - in com.google.auth.oauth2.IdentityPoolCredentialsTest
[INFO] Running com.google.auth.oauth2.OAuth2CredentialsTest
[INFO] Tests run: 23, Failures: 0, Errors: 0, Skipped: 0, Time elapsed: 1.049 s - in com.google.auth.oauth2.OAuth2CredentialsTest
[INFO] Running com.google.auth.oauth2.DownscopedCredentialsTest
[INFO] Tests run: 6, Failures: 0, Errors: 0, Skipped: 0, Time elapsed: 0.019 s - in com.google.auth.oauth2.DownscopedCredentialsTest
[INFO] Running com.google.auth.oauth2.GoogleCredentialsTest
[INFO] Tests run: 18, Failures: 0, Errors: 0, Skipped: 0, Time elapsed: 0.016 s - in com.google.auth.oauth2.GoogleCredentialsTest
[INFO] Running com.google.auth.oauth2.ComputeEngineCredentialsTest
[INFO] Tests run: 27, Failures: 0, Errors: 0, Skipped: 0, Time elapsed: 0.014 s - in com.google.auth.oauth2.ComputeEngineCredentialsTest
[INFO] Running com.google.auth.oauth2.DefaultCredentialsProviderTest
Feb 01, 2023 6:51:50 PM com.google.auth.oauth2.DefaultCredentialsProvider warnAboutProblematicCredentials
WARNING: Your application has authenticated using end user credentials from Google Cloud SDK. We recommend that most server applications use service accounts instead. If your application continues to use end user credentials from Cloud SDK, you might receive a "quota exceeded" or "API not enabled" error. For more information about service accounts, see https://cloud.google.com/docs/authentication/.
[INFO] Tests run: 23, Failures: 0, Errors: 0, Skipped: 0, Time elapsed: 0.026 s - in com.google.auth.oauth2.DefaultCredentialsProviderTest
[INFO] Running com.google.auth.oauth2.ImpersonatedCredentialsTest
[INFO] Tests run: 35, Failures: 0, Errors: 0, Skipped: 0, Time elapsed: 0.056 s - in com.google.auth.oauth2.ImpersonatedCredentialsTest
[INFO] Running com.google.auth.oauth2.TokenVerifierTest
[ERROR] Tests run: 10, Failures: 0, Errors: 1, Skipped: 0, Time elapsed: 0.376 s <<< FAILURE! - in com.google.auth.oauth2.TokenVerifierTest
[ERROR] com.google.auth.oauth2.TokenVerifierTest.verifyServiceAccountRs256Token  Time elapsed: 0.325 s  <<< ERROR!
com.google.auth.oauth2.TokenVerifier$VerificationException: Could not find PublicKey for provided keyId: 2ef77b38a1b0370487043916acbf27d74edd08b1
	at com.google.auth.oauth2.TokenVerifierTest.verifyServiceAccountRs256Token(TokenVerifierTest.java:302)

[INFO] Running com.google.auth.oauth2.CredentialAccessBoundaryTest
[INFO] Tests run: 17, Failures: 0, Errors: 0, Skipped: 0, Time elapsed: 0 s - in com.google.auth.oauth2.CredentialAccessBoundaryTest
[INFO] Running com.google.auth.oauth2.ServiceAccountCredentialsTest
[INFO] Tests run: 65, Failures: 0, Errors: 0, Skipped: 0, Time elapsed: 12.956 s - in com.google.auth.oauth2.ServiceAccountCredentialsTest
[INFO] Running com.google.auth.oauth2.ClientIdTest
[INFO] Tests run: 13, Failures: 0, Errors: 0, Skipped: 0, Time elapsed: 0 s - in com.google.auth.oauth2.ClientIdTest
[INFO] Running com.google.auth.oauth2.AppEngineCredentialsTest
[INFO] Tests run: 12, Failures: 0, Errors: 0, Skipped: 0, Time elapsed: 0.002 s - in com.google.auth.oauth2.AppEngineCredentialsTest
[INFO] Running com.google.auth.oauth2.UserAuthorizerTest
[INFO] Tests run: 16, Failures: 0, Errors: 0, Skipped: 0, Time elapsed: 0.005 s - in com.google.auth.oauth2.UserAuthorizerTest
[INFO] Running com.google.auth.oauth2.AwsRequestSignerTest
[INFO] Tests run: 14, Failures: 0, Errors: 0, Skipped: 0, Time elapsed: 0.008 s - in com.google.auth.oauth2.AwsRequestSignerTest
[INFO] Running com.google.auth.oauth2.StsRequestHandlerTest
[INFO] Tests run: 6, Failures: 0, Errors: 0, Skipped: 0, Time elapsed: 0.002 s - in com.google.auth.oauth2.StsRequestHandlerTest
[INFO] Running com.google.auth.oauth2.AccessTokenTest
[INFO] Tests run: 7, Failures: 0, Errors: 0, Skipped: 0, Time elapsed: 0.001 s - in com.google.auth.oauth2.AccessTokenTest
[INFO] 
[INFO] Results:
[INFO] 
[ERROR] Errors: 
[ERROR]   TokenVerifierTest.verifyServiceAccountRs256Token:302 » Verification Could not ...
[INFO] 
[ERROR] Tests run: 538, Failures: 0, Errors: 1, Skipped: 0
[INFO] 
[INFO] ------------------------------------------------------------------------
[INFO] Reactor Summary for Google Auth Library for Java 1.10.1-SNAPSHOT:
[INFO] 
[INFO] Google Auth Library for Java ....................... SUCCESS [  0.643 s]
[INFO] Google Auth Library for Java - Credentials ......... SUCCESS [  1.590 s]
[INFO] Google Auth Library for Java - OAuth2 HTTP ......... FAILURE [ 19.563 s]
[INFO] Google Auth Library for Java - Google App Engine ... SKIPPED
[INFO] Google Auth Library for Java BOM ................... SKIPPED
[INFO] ------------------------------------------------------------------------
[INFO] BUILD FAILURE
[INFO] ------------------------------------------------------------------------
[INFO] Total time:  22.363 s
[INFO] Finished at: 2023-02-01T18:52:03Z
[INFO] ------------------------------------------------------------------------
[ERROR] Failed to execute goal org.apache.maven.plugins:maven-surefire-plugin:3.0.0-M5:test (default-test) on project google-auth-library-oauth2-http: There are test failures.
[ERROR] 
[ERROR] Please refer to /home/gabsko/breaking-updates/oauth2_http/target/surefire-reports for the individual test results.
[ERROR] Please refer to dump files (if any exist) [date].dump, [date]-jvmRun[N].dump and [date].dumpstream.
[ERROR] -> [Help 1]
[ERROR] 
[ERROR] To see the full stack trace of the errors, re-run Maven with the -e switch.
[ERROR] Re-run Maven using the -X switch to enable full debug logging.
[ERROR] 
[ERROR] For more information about the errors and possible solutions, please read the following articles:
[ERROR] [Help 1] http://cwiki.apache.org/confluence/display/MAVEN/MojoFailureException
[ERROR] 
[ERROR] After correcting the problems, you can resume the build with the command
[ERROR]   mvn <args> -rf :google-auth-library-oauth2-http
