[INFO] Scanning for projects...
[INFO] Inspecting build with total of 1 modules...
[INFO] Installing Nexus Staging features:
[INFO]   ... total of 1 executions of maven-deploy-plugin replaced with nexus-staging-maven-plugin
[INFO] 
[INFO] -----------------< de.gwdg.metadataqa:metadata-qa-api >-----------------
[INFO] Building Metadata Quality Assurance Framework API 0.9.0-SNAPSHOT
[INFO] --------------------------------[ jar ]---------------------------------
[INFO] Downloading from central: https://repo.maven.apache.org/maven2/de/bechte/junit/junit-hierarchicalcontextrunner/4.12.2/junit-hierarchicalcontextrunner-4.12.2.jar
[INFO] Downloaded from central: https://repo.maven.apache.org/maven2/de/bechte/junit/junit-hierarchicalcontextrunner/4.12.2/junit-hierarchicalcontextrunner-4.12.2.jar (48 kB at 124 kB/s)
[INFO] 
[INFO] --- maven-clean-plugin:2.5:clean (default-clean) @ metadata-qa-api ---
[INFO] Deleting /home/gabsko/breaking-updates/target
[INFO] 
[INFO] --- jacoco-maven-plugin:0.8.6:prepare-agent (jacoco-initialize) @ metadata-qa-api ---
[INFO] argLine set to -javaagent:/home/gabsko/.m2/repository/org/jacoco/org.jacoco.agent/0.8.6/org.jacoco.agent-0.8.6-runtime.jar=destfile=/home/gabsko/breaking-updates/target/jacoco.exec -Duser.timezone=UTC -Dfile.encoding=UTF-8 -Duser.language=en -Duser.region=US
[INFO] 
[INFO] --- maven-resources-plugin:2.6:resources (default-resources) @ metadata-qa-api ---
[INFO] Using 'UTF-8' encoding to copy filtered resources.
[INFO] Copying 2 resources
[INFO] 
[INFO] --- maven-compiler-plugin:3.8.1:compile (default-compile) @ metadata-qa-api ---
[INFO] Changes detected - recompiling the module!
[INFO] Compiling 140 source files to /home/gabsko/breaking-updates/target/classes
[INFO] /home/gabsko/breaking-updates/src/main/java/de/gwdg/metadataqa/api/uniqueness/DefaultSolrClient.java: /home/gabsko/breaking-updates/src/main/java/de/gwdg/metadataqa/api/uniqueness/DefaultSolrClient.java uses or overrides a deprecated API.
[INFO] /home/gabsko/breaking-updates/src/main/java/de/gwdg/metadataqa/api/uniqueness/DefaultSolrClient.java: Recompile with -Xlint:deprecation for details.
[INFO] /home/gabsko/breaking-updates/src/main/java/de/gwdg/metadataqa/api/uniqueness/TfIdfExtractor.java: Some input files use unchecked or unsafe operations.
[INFO] /home/gabsko/breaking-updates/src/main/java/de/gwdg/metadataqa/api/uniqueness/TfIdfExtractor.java: Recompile with -Xlint:unchecked for details.
[INFO] 
[INFO] --- maven-resources-plugin:2.6:testResources (default-testResources) @ metadata-qa-api ---
[INFO] Using 'UTF-8' encoding to copy filtered resources.
[INFO] Copying 77 resources
[INFO] 
[INFO] --- maven-compiler-plugin:3.8.1:testCompile (default-testCompile) @ metadata-qa-api ---
[INFO] Changes detected - recompiling the module!
[INFO] Compiling 77 source files to /home/gabsko/breaking-updates/target/test-classes
[INFO] /home/gabsko/breaking-updates/src/test/java/de/gwdg/metadataqa/api/calculator/CompletenessCalculatorLimitedTest.java: Some input files use or override a deprecated API.
[INFO] /home/gabsko/breaking-updates/src/test/java/de/gwdg/metadataqa/api/calculator/CompletenessCalculatorLimitedTest.java: Recompile with -Xlint:deprecation for details.
[INFO] /home/gabsko/breaking-updates/src/test/java/de/gwdg/metadataqa/api/uniqueness/UniquenessExtractorTest.java: Some input files use unchecked or unsafe operations.
[INFO] /home/gabsko/breaking-updates/src/test/java/de/gwdg/metadataqa/api/uniqueness/UniquenessExtractorTest.java: Recompile with -Xlint:unchecked for details.
[INFO] 
[INFO] --- maven-surefire-plugin:3.0.0-M3:test (default-test) @ metadata-qa-api ---
[INFO] 
[INFO] -------------------------------------------------------
[INFO]  T E S T S
[INFO] -------------------------------------------------------
[INFO] Running de.gwdg.metadataqa.api.model.CategoryTest
[INFO] Tests run: 4, Failures: 0, Errors: 0, Skipped: 0, Time elapsed: 0.066 s - in de.gwdg.metadataqa.api.model.CategoryTest
[INFO] Running de.gwdg.metadataqa.api.model.JsonPathCacheTest
[INFO] Tests run: 7, Failures: 0, Errors: 0, Skipped: 0, Time elapsed: 0.119 s - in de.gwdg.metadataqa.api.model.JsonPathCacheTest
[INFO] Running de.gwdg.metadataqa.api.model.PathCacheFactoryTest
Feb 01, 2023 11:37:00 PM de.gwdg.metadataqa.api.xml.OaiPmhXPath initialize
INFO: initialize xpathEngine
Feb 01, 2023 11:37:00 PM de.gwdg.metadataqa.api.xml.OaiPmhXPath initialize
INFO: initialize without namespaces
[INFO] Tests run: 4, Failures: 0, Errors: 0, Skipped: 0, Time elapsed: 0.069 s - in de.gwdg.metadataqa.api.model.PathCacheFactoryTest
[INFO] Running de.gwdg.metadataqa.api.problemcatalog.EmptyStringsTest
[INFO] Tests run: 1, Failures: 0, Errors: 0, Skipped: 0, Time elapsed: 0.003 s - in de.gwdg.metadataqa.api.problemcatalog.EmptyStringsTest
[INFO] Running de.gwdg.metadataqa.api.problemcatalog.DuplicatedStringsTest
[INFO] Tests run: 1, Failures: 0, Errors: 0, Skipped: 0, Time elapsed: 0.023 s - in de.gwdg.metadataqa.api.problemcatalog.DuplicatedStringsTest
[INFO] Running de.gwdg.metadataqa.api.problemcatalog.LongSubjectTest
[INFO] Tests run: 2, Failures: 0, Errors: 0, Skipped: 0, Time elapsed: 0.001 s - in de.gwdg.metadataqa.api.problemcatalog.LongSubjectTest
[INFO] Running de.gwdg.metadataqa.api.problemcatalog.SameTitleAndDescriptionTest
[INFO] Tests run: 2, Failures: 0, Errors: 0, Skipped: 0, Time elapsed: 0.002 s - in de.gwdg.metadataqa.api.problemcatalog.SameTitleAndDescriptionTest
[INFO] Running de.gwdg.metadataqa.api.problemcatalog.skos.AmbiguousPrefLabelTest
[INFO] Tests run: 1, Failures: 0, Errors: 0, Skipped: 0, Time elapsed: 0.067 s - in de.gwdg.metadataqa.api.problemcatalog.skos.AmbiguousPrefLabelTest
[INFO] Running de.gwdg.metadataqa.api.json.JsonBranchTest
[INFO] Tests run: 12, Failures: 0, Errors: 0, Skipped: 0, Time elapsed: 0.111 s - in de.gwdg.metadataqa.api.json.JsonBranchTest
[INFO] Running de.gwdg.metadataqa.api.json.JsonUtilsTest
Feb 01, 2023 11:37:00 PM de.gwdg.metadataqa.api.json.JsonUtils hashToFieldInstance
SEVERE: Multiple values in a 'def' value: ["c","d"], [record ID: 1, path: ]
[INFO] Tests run: 12, Failures: 0, Errors: 0, Skipped: 0, Time elapsed: 0.068 s - in de.gwdg.metadataqa.api.json.JsonUtilsTest
[INFO] Running de.gwdg.metadataqa.api.uniqueness.SolrConfigurationTest
[INFO] Tests run: 2, Failures: 0, Errors: 0, Skipped: 0, Time elapsed: 0.001 s - in de.gwdg.metadataqa.api.uniqueness.SolrConfigurationTest
[INFO] Running de.gwdg.metadataqa.api.uniqueness.TfIdfTest
[INFO] Tests run: 1, Failures: 0, Errors: 0, Skipped: 0, Time elapsed: 0.016 s - in de.gwdg.metadataqa.api.uniqueness.TfIdfTest
[INFO] Running de.gwdg.metadataqa.api.uniqueness.DefaultSolrClientTest
[INFO] Tests run: 6, Failures: 0, Errors: 0, Skipped: 0, Time elapsed: 0.311 s - in de.gwdg.metadataqa.api.uniqueness.DefaultSolrClientTest
[INFO] Running de.gwdg.metadataqa.api.uniqueness.UniquenessExtractorTest
[INFO] Tests run: 2, Failures: 0, Errors: 0, Skipped: 0, Time elapsed: 0.003 s - in de.gwdg.metadataqa.api.uniqueness.UniquenessExtractorTest
[INFO] Running de.gwdg.metadataqa.api.uniqueness.TfIdfExtractorTest
[INFO] Tests run: 1, Failures: 0, Errors: 0, Skipped: 0, Time elapsed: 0.005 s - in de.gwdg.metadataqa.api.uniqueness.TfIdfExtractorTest
[INFO] Running de.gwdg.metadataqa.api.counter.FieldCounterTest
[INFO] Tests run: 5, Failures: 0, Errors: 0, Skipped: 0, Time elapsed: 0.006 s - in de.gwdg.metadataqa.api.counter.FieldCounterTest
[INFO] Running de.gwdg.metadataqa.api.counter.BasicCounterTest
[INFO] Tests run: 2, Failures: 0, Errors: 0, Skipped: 0, Time elapsed: 0.019 s - in de.gwdg.metadataqa.api.counter.BasicCounterTest
[INFO] Running de.gwdg.metadataqa.api.JsonPathsTest
[INFO] Tests run: 2, Failures: 0, Errors: 0, Skipped: 0, Time elapsed: 0.023 s - in de.gwdg.metadataqa.api.JsonPathsTest
[INFO] Running de.gwdg.metadataqa.api.schema.BaseSchemaTest
Feb 01, 2023 11:37:00 PM de.gwdg.metadataqa.api.calculator.CalculatorFacade configure
INFO: configure()
Feb 01, 2023 11:37:01 PM de.gwdg.metadataqa.api.calculator.CalculatorFacade configure
INFO: configure()
Feb 01, 2023 11:37:01 PM de.gwdg.metadataqa.api.calculator.CalculatorFacade configure
INFO: configure()
Feb 01, 2023 11:37:01 PM de.gwdg.metadataqa.api.util.SchemaFactory fromConfig
WARNING: Invalid category for field 'Proxy/dc:title': 'CUSTOM2'
Feb 01, 2023 11:37:01 PM de.gwdg.metadataqa.api.calculator.CalculatorFacade configure
INFO: configure()
Feb 01, 2023 11:37:01 PM de.gwdg.metadataqa.api.calculator.CalculatorFacade configure
INFO: configure()
Feb 01, 2023 11:37:01 PM de.gwdg.metadataqa.api.calculator.CalculatorFacade configure
INFO: configure()
Feb 01, 2023 11:37:01 PM de.gwdg.metadataqa.api.calculator.CalculatorFacade configure
INFO: configure()
Feb 01, 2023 11:37:01 PM de.gwdg.metadataqa.api.calculator.CalculatorFacade configure
INFO: configure()
[INFO] Tests run: 25, Failures: 0, Errors: 0, Skipped: 0, Time elapsed: 0.222 s - in de.gwdg.metadataqa.api.schema.BaseSchemaTest
[INFO] Running de.gwdg.metadataqa.api.schema.MarcJsonTest
[INFO] Tests run: 9, Failures: 0, Errors: 0, Skipped: 0, Time elapsed: 0.196 s - in de.gwdg.metadataqa.api.schema.MarcJsonTest
[INFO] Running de.gwdg.metadataqa.api.schema.edm.EdmOaiPmhJsonSchemaTest
[INFO] Tests run: 3, Failures: 0, Errors: 0, Skipped: 0, Time elapsed: 0 s - in de.gwdg.metadataqa.api.schema.edm.EdmOaiPmhJsonSchemaTest
[INFO] Running de.gwdg.metadataqa.api.schema.edm.EdmOaiPmLimitedJsonSchemaTest
[INFO] Tests run: 3, Failures: 0, Errors: 0, Skipped: 0, Time elapsed: 0 s - in de.gwdg.metadataqa.api.schema.edm.EdmOaiPmLimitedJsonSchemaTest
[INFO] Running de.gwdg.metadataqa.api.schema.edm.EdmFullBeanLimitedSchemaTest
[INFO] Tests run: 3, Failures: 0, Errors: 0, Skipped: 0, Time elapsed: 0.001 s - in de.gwdg.metadataqa.api.schema.edm.EdmFullBeanLimitedSchemaTest
[INFO] Running de.gwdg.metadataqa.api.similarity.TermTest
[INFO] Tests run: 2, Failures: 0, Errors: 0, Skipped: 0, Time elapsed: 0.001 s - in de.gwdg.metadataqa.api.similarity.TermTest
[INFO] Running de.gwdg.metadataqa.api.similarity.SimilarityTest
[INFO] Tests run: 3, Failures: 0, Errors: 0, Skipped: 0, Time elapsed: 0.007 s - in de.gwdg.metadataqa.api.similarity.SimilarityTest
[INFO] Running de.gwdg.metadataqa.api.similarity.RecordPatternTest
[INFO] Tests run: 1, Failures: 0, Errors: 0, Skipped: 0, Time elapsed: 0.015 s - in de.gwdg.metadataqa.api.similarity.RecordPatternTest
[INFO] Running de.gwdg.metadataqa.api.similarity.ProfileReaderTest
[INFO] Tests run: 3, Failures: 0, Errors: 0, Skipped: 0, Time elapsed: 0.033 s - in de.gwdg.metadataqa.api.similarity.ProfileReaderTest
[INFO] Running de.gwdg.metadataqa.api.util.CompressionLevelTest
[INFO] Tests run: 1, Failures: 0, Errors: 0, Skipped: 0, Time elapsed: 0 s - in de.gwdg.metadataqa.api.util.CompressionLevelTest
[INFO] Running de.gwdg.metadataqa.api.util.FileUtilsTest
[ERROR] Tests run: 9, Failures: 1, Errors: 0, Skipped: 0, Time elapsed: 0.785 s <<< FAILURE! - in de.gwdg.metadataqa.api.util.FileUtilsTest
[ERROR] getPath_happyPath(de.gwdg.metadataqa.api.util.FileUtilsTest)  Time elapsed: 0.01 s  <<< FAILURE!
org.junit.ComparisonFailure: expected:<[metadata-qa-api]> but was:<[breaking-updates]>
	at de.gwdg.metadataqa.api.util.FileUtilsTest.getPath_happyPath(FileUtilsTest.java:77)

[INFO] Running de.gwdg.metadataqa.api.util.QALanguageDetectorTest
[INFO] Tests run: 1, Failures: 0, Errors: 0, Skipped: 0, Time elapsed: 9.168 s - in de.gwdg.metadataqa.api.util.QALanguageDetectorTest
[INFO] Running de.gwdg.metadataqa.api.util.StringDuplicationDetectorTest
[INFO] Tests run: 5, Failures: 0, Errors: 0, Skipped: 0, Time elapsed: 0 s - in de.gwdg.metadataqa.api.util.StringDuplicationDetectorTest
[INFO] Running de.gwdg.metadataqa.api.util.CsvReaderTest
Feb 01, 2023 11:37:11 PM de.gwdg.metadataqa.api.calculator.CalculatorFacade configure
INFO: configure()
[INFO] Tests run: 12, Failures: 0, Errors: 0, Skipped: 0, Time elapsed: 0.006 s - in de.gwdg.metadataqa.api.util.CsvReaderTest
[INFO] Running de.gwdg.metadataqa.api.util.ExceptionUtilsTest
[INFO] Tests run: 1, Failures: 0, Errors: 0, Skipped: 0, Time elapsed: 0.001 s - in de.gwdg.metadataqa.api.util.ExceptionUtilsTest
[INFO] Running de.gwdg.metadataqa.api.util.SkippedEntitySelectorTest
[INFO] Tests run: 3, Failures: 0, Errors: 0, Skipped: 0, Time elapsed: 0 s - in de.gwdg.metadataqa.api.util.SkippedEntitySelectorTest
[INFO] Running de.gwdg.metadataqa.api.util.ConverterTest
[INFO] Tests run: 8, Failures: 0, Errors: 0, Skipped: 0, Time elapsed: 0.001 s - in de.gwdg.metadataqa.api.util.ConverterTest
[INFO] Running de.gwdg.metadataqa.api.configuration.RuleTest
[INFO] Tests run: 15, Failures: 0, Errors: 0, Skipped: 0, Time elapsed: 0 s - in de.gwdg.metadataqa.api.configuration.RuleTest
[INFO] Running de.gwdg.metadataqa.api.configuration.SchemaConfigurationTest
[INFO] Tests run: 33, Failures: 0, Errors: 0, Skipped: 0, Time elapsed: 0.338 s - in de.gwdg.metadataqa.api.configuration.SchemaConfigurationTest
[INFO] Running de.gwdg.metadataqa.api.configuration.ConfigurationReaderTest
[INFO] Tests run: 4, Failures: 0, Errors: 0, Skipped: 0, Time elapsed: 0.017 s - in de.gwdg.metadataqa.api.configuration.ConfigurationReaderTest
[INFO] Running de.gwdg.metadataqa.api.configuration.MeasurementConfigurationTest
[file]
[file]
[file]
[INFO] Tests run: 23, Failures: 0, Errors: 0, Skipped: 0, Time elapsed: 0.005 s - in de.gwdg.metadataqa.api.configuration.MeasurementConfigurationTest
[INFO] Running de.gwdg.metadataqa.api.rule.pairchecker.LessThanPairCheckerTest
[INFO] Tests run: 7, Failures: 0, Errors: 0, Skipped: 0, Time elapsed: 0.003 s - in de.gwdg.metadataqa.api.rule.pairchecker.LessThanPairCheckerTest
[INFO] Running de.gwdg.metadataqa.api.rule.pairchecker.EqualityCheckerTest
[INFO] Tests run: 3, Failures: 0, Errors: 0, Skipped: 0, Time elapsed: 0 s - in de.gwdg.metadataqa.api.rule.pairchecker.EqualityCheckerTest
[INFO] Running de.gwdg.metadataqa.api.rule.pairchecker.DisjointCheckerTest
[INFO] Tests run: 6, Failures: 0, Errors: 0, Skipped: 0, Time elapsed: 0.001 s - in de.gwdg.metadataqa.api.rule.pairchecker.DisjointCheckerTest
[INFO] Running de.gwdg.metadataqa.api.rule.logical.OrCheckerTest
[INFO] Tests run: 3, Failures: 0, Errors: 0, Skipped: 0, Time elapsed: 0 s - in de.gwdg.metadataqa.api.rule.logical.OrCheckerTest
[INFO] Running de.gwdg.metadataqa.api.rule.logical.NotCheckerTest
[INFO] Tests run: 3, Failures: 0, Errors: 0, Skipped: 0, Time elapsed: 0 s - in de.gwdg.metadataqa.api.rule.logical.NotCheckerTest
[INFO] Running de.gwdg.metadataqa.api.rule.logical.AndCheckerTest
[INFO] Tests run: 3, Failures: 0, Errors: 0, Skipped: 0, Time elapsed: 0 s - in de.gwdg.metadataqa.api.rule.logical.AndCheckerTest
[INFO] Running de.gwdg.metadataqa.api.rule.RuleCatalogTest
[INFO] Tests run: 4, Failures: 0, Errors: 0, Skipped: 0, Time elapsed: 0 s - in de.gwdg.metadataqa.api.rule.RuleCatalogTest
[INFO] Running de.gwdg.metadataqa.api.rule.singlefieldchecker.EnumerationCheckerTest
[INFO] Tests run: 3, Failures: 0, Errors: 0, Skipped: 0, Time elapsed: 0 s - in de.gwdg.metadataqa.api.rule.singlefieldchecker.EnumerationCheckerTest
[INFO] Running de.gwdg.metadataqa.api.rule.singlefieldchecker.PatternCheckerTest
[INFO] Tests run: 3, Failures: 0, Errors: 0, Skipped: 0, Time elapsed: 0 s - in de.gwdg.metadataqa.api.rule.singlefieldchecker.PatternCheckerTest
[INFO] Running de.gwdg.metadataqa.api.rule.singlefieldchecker.MaxLenghCheckerTest
[INFO] Tests run: 3, Failures: 0, Errors: 0, Skipped: 0, Time elapsed: 0 s - in de.gwdg.metadataqa.api.rule.singlefieldchecker.MaxLenghCheckerTest
[INFO] Running de.gwdg.metadataqa.api.rule.singlefieldchecker.HasValueCheckerTest
[INFO] Tests run: 3, Failures: 0, Errors: 0, Skipped: 0, Time elapsed: 0 s - in de.gwdg.metadataqa.api.rule.singlefieldchecker.HasValueCheckerTest
[INFO] Running de.gwdg.metadataqa.api.rule.singlefieldchecker.MaxCountCheckerTest
[INFO] Tests run: 3, Failures: 0, Errors: 0, Skipped: 0, Time elapsed: 0 s - in de.gwdg.metadataqa.api.rule.singlefieldchecker.MaxCountCheckerTest
[INFO] Running de.gwdg.metadataqa.api.rule.singlefieldchecker.MinCountCheckerTest
[INFO] Tests run: 4, Failures: 0, Errors: 0, Skipped: 0, Time elapsed: 0 s - in de.gwdg.metadataqa.api.rule.singlefieldchecker.MinCountCheckerTest
[INFO] Running de.gwdg.metadataqa.api.rule.singlefieldchecker.NumericCheckerTest
[INFO] Tests run: 9, Failures: 0, Errors: 0, Skipped: 0, Time elapsed: 0 s - in de.gwdg.metadataqa.api.rule.singlefieldchecker.NumericCheckerTest
[INFO] Running de.gwdg.metadataqa.api.rule.singlefieldchecker.ContentTypeCheckerTest
Feb 01, 2023 11:37:12 PM de.gwdg.metadataqa.api.rule.singlefieldchecker.ContentTypeChecker update
WARNING: http://creativecommons.org/licenses/by-nc-sa/4.0/: content type 'text/html' did not match expectation (rule id: 0)
Feb 01, 2023 11:37:12 PM de.gwdg.metadataqa.api.calculator.CalculatorFacade configure
INFO: configure()
class de.gwdg.metadataqa.api.rule.singlefieldchecker.ContentTypeChecker
Feb 01, 2023 11:37:12 PM de.gwdg.metadataqa.api.calculator.CalculatorFacade configure
INFO: configure()
Feb 01, 2023 11:37:12 PM de.gwdg.metadataqa.api.rule.singlefieldchecker.ContentTypeChecker update
WARNING: http://creativecommons.org/licenses/by-nc-sa/4.0/: content type 'text/html' did not match expectation (rule id: 3.1)
Feb 01, 2023 11:37:12 PM de.gwdg.metadataqa.api.rule.singlefieldchecker.ContentTypeChecker update
WARNING: http://vb.uni-wuerzburg.de/ub/books/36z1197_57156733/folio-std/unexisting.jpg: is inaccessible
[INFO] Tests run: 5, Failures: 0, Errors: 0, Skipped: 0, Time elapsed: 0.686 s - in de.gwdg.metadataqa.api.rule.singlefieldchecker.ContentTypeCheckerTest
[INFO] Running de.gwdg.metadataqa.api.rule.singlefieldchecker.MinLenghCheckerTest
[INFO] Tests run: 3, Failures: 0, Errors: 0, Skipped: 0, Time elapsed: 0 s - in de.gwdg.metadataqa.api.rule.singlefieldchecker.MinLenghCheckerTest
[INFO] Running de.gwdg.metadataqa.api.rule.RuleCheckingOutputTypeTest
[INFO] Tests run: 6, Failures: 0, Errors: 0, Skipped: 0, Time elapsed: 0 s - in de.gwdg.metadataqa.api.rule.RuleCheckingOutputTypeTest
[INFO] Running de.gwdg.metadataqa.api.xml.OaiPmhXPathTest
Feb 01, 2023 11:37:12 PM de.gwdg.metadataqa.api.calculator.CalculatorFacade configure
INFO: configure()
Feb 01, 2023 11:37:12 PM de.gwdg.metadataqa.api.calculator.CalculatorFacade configure
INFO: configure()
[INFO] Tests run: 10, Failures: 0, Errors: 0, Skipped: 0, Time elapsed: 0.214 s - in de.gwdg.metadataqa.api.xml.OaiPmhXPathTest
[INFO] Running de.gwdg.metadataqa.api.xml.XpathEngineFactoryTest
[INFO] Tests run: 2, Failures: 0, Errors: 0, Skipped: 0, Time elapsed: 0.001 s - in de.gwdg.metadataqa.api.xml.XpathEngineFactoryTest
[INFO] Running de.gwdg.metadataqa.api.calculator.CalculatorFactoryTest
[INFO] Tests run: 2, Failures: 0, Errors: 0, Skipped: 0, Time elapsed: 0 s - in de.gwdg.metadataqa.api.calculator.CalculatorFactoryTest
[INFO] Running de.gwdg.metadataqa.api.calculator.EnhancementExtractorTest
[INFO] Tests run: 2, Failures: 0, Errors: 0, Skipped: 0, Time elapsed: 0.078 s - in de.gwdg.metadataqa.api.calculator.EnhancementExtractorTest
[INFO] Running de.gwdg.metadataqa.api.calculator.TruncatedIDTest
[INFO] Tests run: 2, Failures: 0, Errors: 0, Skipped: 0, Time elapsed: 0.015 s - in de.gwdg.metadataqa.api.calculator.TruncatedIDTest
[INFO] Running de.gwdg.metadataqa.api.calculator.FieldExtractorTest
Feb 01, 2023 11:37:12 PM de.gwdg.metadataqa.api.calculator.CalculatorFacade configure
INFO: configure()
Feb 01, 2023 11:37:12 PM de.gwdg.metadataqa.api.calculator.CalculatorFacade configure
INFO: configure()
Feb 01, 2023 11:37:12 PM de.gwdg.metadataqa.api.calculator.CalculatorFacade configure
INFO: configure()
Feb 01, 2023 11:37:12 PM de.gwdg.metadataqa.api.calculator.CalculatorFacade configure
INFO: configure()
Feb 01, 2023 11:37:12 PM de.gwdg.metadataqa.api.calculator.CalculatorFacade configure
INFO: configure()
Feb 01, 2023 11:37:12 PM de.gwdg.metadataqa.api.calculator.CalculatorFacade configure
INFO: configure()
Feb 01, 2023 11:37:12 PM de.gwdg.metadataqa.api.calculator.CalculatorFacade configure
INFO: configure()
[INFO] Tests run: 7, Failures: 0, Errors: 0, Skipped: 0, Time elapsed: 0.007 s - in de.gwdg.metadataqa.api.calculator.FieldExtractorTest
[INFO] Running de.gwdg.metadataqa.api.calculator.NodeEnabledCalculatorTest
[INFO] Tests run: 1, Failures: 0, Errors: 0, Skipped: 0, Time elapsed: 0 s - in de.gwdg.metadataqa.api.calculator.NodeEnabledCalculatorTest
[INFO] Running de.gwdg.metadataqa.api.calculator.LanguageCalculatorWithLimitedEdmTest
[INFO] Tests run: 5, Failures: 0, Errors: 0, Skipped: 0, Time elapsed: 0.003 s - in de.gwdg.metadataqa.api.calculator.LanguageCalculatorWithLimitedEdmTest
[INFO] Running de.gwdg.metadataqa.api.calculator.CompletenessCalculatorTest
[INFO] Tests run: 9, Failures: 0, Errors: 0, Skipped: 0, Time elapsed: 0.038 s - in de.gwdg.metadataqa.api.calculator.CompletenessCalculatorTest
[INFO] Running de.gwdg.metadataqa.api.calculator.CalculatorFacadeTest
Feb 01, 2023 11:37:12 PM de.gwdg.metadataqa.api.calculator.CalculatorFacade configure
INFO: configure()
Feb 01, 2023 11:37:12 PM de.gwdg.metadataqa.api.calculator.CalculatorFacade configure
INFO: configure()
Feb 01, 2023 11:37:12 PM de.gwdg.metadataqa.api.calculator.CalculatorFacade configure
INFO: configure()
Feb 01, 2023 11:37:12 PM de.gwdg.metadataqa.api.calculator.CalculatorFacade configure
INFO: configure()
Feb 01, 2023 11:37:12 PM de.gwdg.metadataqa.api.calculator.CalculatorFacade configure
INFO: configure()
Feb 01, 2023 11:37:12 PM de.gwdg.metadataqa.api.calculator.CalculatorFacade configure
INFO: configure()
Feb 01, 2023 11:37:12 PM de.gwdg.metadataqa.api.calculator.CalculatorFacade configure
INFO: configure()
Feb 01, 2023 11:37:12 PM de.gwdg.metadataqa.api.calculator.CalculatorFacade configure
INFO: configure()
Feb 01, 2023 11:37:12 PM de.gwdg.metadataqa.api.calculator.CalculatorFacade configure
INFO: configure()
Feb 01, 2023 11:37:12 PM de.gwdg.metadataqa.api.calculator.CalculatorFacade configure
INFO: configure()
Feb 01, 2023 11:37:12 PM de.gwdg.metadataqa.api.calculator.CalculatorFacade configure
INFO: configure()
Feb 01, 2023 11:37:12 PM de.gwdg.metadataqa.api.calculator.CalculatorFacade configure
INFO: configure()
Feb 01, 2023 11:37:12 PM de.gwdg.metadataqa.api.calculator.CalculatorFacade configure
INFO: configure()
Feb 01, 2023 11:37:12 PM de.gwdg.metadataqa.api.calculator.CalculatorFacade configure
INFO: configure()
Feb 01, 2023 11:37:12 PM de.gwdg.metadataqa.api.calculator.CalculatorFacade configure
INFO: configure()
Feb 01, 2023 11:37:12 PM de.gwdg.metadataqa.api.calculator.CalculatorFacade configure
INFO: configure()
Feb 01, 2023 11:37:12 PM de.gwdg.metadataqa.api.calculator.CalculatorFacade configure
INFO: configure()
Feb 01, 2023 11:37:12 PM de.gwdg.metadataqa.api.calculator.CalculatorFacade configure
INFO: configure()
Feb 01, 2023 11:37:12 PM de.gwdg.metadataqa.api.calculator.CalculatorFacade configure
INFO: configure()
Feb 01, 2023 11:37:12 PM de.gwdg.metadataqa.api.calculator.CalculatorFacade configure
INFO: configure()
Feb 01, 2023 11:37:12 PM de.gwdg.metadataqa.api.calculator.CalculatorFacade configure
INFO: configure()
Feb 01, 2023 11:37:12 PM de.gwdg.metadataqa.api.calculator.CalculatorFacade configure
INFO: configure()
Feb 01, 2023 11:37:12 PM de.gwdg.metadataqa.api.calculator.CalculatorFacade configure
INFO: configure()
Feb 01, 2023 11:37:12 PM de.gwdg.metadataqa.api.calculator.CalculatorFacade configure
INFO: configure()
Feb 01, 2023 11:37:12 PM de.gwdg.metadataqa.api.calculator.CalculatorFacade configure
INFO: configure()
Feb 01, 2023 11:37:12 PM de.gwdg.metadataqa.api.calculator.CalculatorFacade configure
INFO: configure()
Feb 01, 2023 11:37:12 PM de.gwdg.metadataqa.api.calculator.CalculatorFacade configure
INFO: configure()
[INFO] Tests run: 14, Failures: 0, Errors: 0, Skipped: 0, Time elapsed: 0.062 s - in de.gwdg.metadataqa.api.calculator.CalculatorFacadeTest
[INFO] Running de.gwdg.metadataqa.api.calculator.UniquenessCalculatorTest
Feb 01, 2023 11:37:13 PM de.gwdg.metadataqa.api.calculator.CalculatorFacade configure
INFO: configure()
Feb 01, 2023 11:37:13 PM de.gwdg.metadataqa.api.calculator.CalculatorFacade configure
INFO: configure()
Feb 01, 2023 11:37:13 PM de.gwdg.metadataqa.api.calculator.CalculatorFacade configure
INFO: configure()
Feb 01, 2023 11:37:13 PM de.gwdg.metadataqa.api.calculator.CalculatorFacade configure
INFO: configure()
[INFO] Tests run: 11, Failures: 0, Errors: 0, Skipped: 0, Time elapsed: 0.015 s - in de.gwdg.metadataqa.api.calculator.UniquenessCalculatorTest
[INFO] Running de.gwdg.metadataqa.api.calculator.MultilingualitySaturationCalculatorTest
[INFO] Tests run: 9, Failures: 0, Errors: 0, Skipped: 0, Time elapsed: 0.045 s - in de.gwdg.metadataqa.api.calculator.MultilingualitySaturationCalculatorTest
[INFO] Running de.gwdg.metadataqa.api.calculator.CompletenessCalculatorLimitedTest
[INFO] Tests run: 7, Failures: 0, Errors: 0, Skipped: 0, Time elapsed: 0.006 s - in de.gwdg.metadataqa.api.calculator.CompletenessCalculatorLimitedTest
[INFO] Running de.gwdg.metadataqa.api.calculator.MarcCompletenessCalculatorTest
[INFO] Tests run: 1, Failures: 0, Errors: 0, Skipped: 0, Time elapsed: 0.056 s - in de.gwdg.metadataqa.api.calculator.MarcCompletenessCalculatorTest
[INFO] Running de.gwdg.metadataqa.api.calculator.TfIdfCalculatorTest
[INFO] Tests run: 2, Failures: 0, Errors: 0, Skipped: 0, Time elapsed: 0 s - in de.gwdg.metadataqa.api.calculator.TfIdfCalculatorTest
[INFO] Running de.gwdg.metadataqa.api.calculator.LanguageCalculatorTest
[INFO] Tests run: 6, Failures: 0, Errors: 0, Skipped: 0, Time elapsed: 0.011 s - in de.gwdg.metadataqa.api.calculator.LanguageCalculatorTest
[INFO] Running de.gwdg.metadataqa.api.abbreviation.AbbreviationManagerTest
Feb 01, 2023 11:37:13 PM de.gwdg.metadataqa.api.abbreviation.AbbreviationManager lookup
INFO: new entry: Non existent key (size: 1 -> 2)
Feb 01, 2023 11:37:13 PM de.gwdg.metadataqa.api.abbreviation.AbbreviationManager lookup
INFO: new entry: New value (size: 3940 -> 3941) abbreviations/data-providers.txt
Feb 01, 2023 11:37:13 PM de.gwdg.metadataqa.api.abbreviation.AbbreviationManager lookup
INFO: new entry: Non existent key (size: 1 -> 2)
Feb 01, 2023 11:37:13 PM de.gwdg.metadataqa.api.abbreviation.AbbreviationManager initialize
SEVERE: Error with file: abbreviations/non-existing.txt, path: null.
Feb 01, 2023 11:37:13 PM de.gwdg.metadataqa.api.abbreviation.AbbreviationManager initialize
SEVERE: File abbreviations/non-existing.txt is not existing
[INFO] Tests run: 11, Failures: 0, Errors: 0, Skipped: 0, Time elapsed: 0.016 s - in de.gwdg.metadataqa.api.abbreviation.AbbreviationManagerTest
[INFO] 
[INFO] Results:
[INFO] 
[ERROR] Failures: 
[ERROR]   FileUtilsTest.getPath_happyPath:77 expected:<[metadata-qa-api]> but was:<[breaking-updates]>
[INFO] 
[ERROR] Tests run: 406, Failures: 1, Errors: 0, Skipped: 0
[INFO] 
[INFO] ------------------------------------------------------------------------
[INFO] BUILD FAILURE
[INFO] ------------------------------------------------------------------------
[INFO] Total time:  19.046 s
[INFO] Finished at: 2023-02-01T23:37:13Z
[INFO] ------------------------------------------------------------------------
[ERROR] Failed to execute goal org.apache.maven.plugins:maven-surefire-plugin:3.0.0-M3:test (default-test) on project metadata-qa-api: There are test failures.
[ERROR] 
[ERROR] Please refer to /home/gabsko/breaking-updates/target/surefire-reports for the individual test results.
[ERROR] Please refer to dump files (if any exist) [date].dump, [date]-jvmRun[N].dump and [date].dumpstream.
[ERROR] -> [Help 1]
[ERROR] 
[ERROR] To see the full stack trace of the errors, re-run Maven with the -e switch.
[ERROR] Re-run Maven using the -X switch to enable full debug logging.
[ERROR] 
[ERROR] For more information about the errors and possible solutions, please read the following articles:
[ERROR] [Help 1] http://cwiki.apache.org/confluence/display/MAVEN/MojoFailureException
