[INFO] Scanning for projects...
[INFO] Inspecting build with total of 1 modules...
[INFO] Installing Nexus Staging features:
[INFO]   ... total of 1 executions of maven-deploy-plugin replaced with nexus-staging-maven-plugin
[INFO] 
[INFO] -----------------< cloud.localstack:localstack-utils >------------------
[INFO] Building localstack-utils 0.2.19
[INFO] --------------------------------[ jar ]---------------------------------
[INFO] Downloading from central: https://repo.maven.apache.org/maven2/org/apache/maven/plugins/maven-surefire-plugin/2.22.1/maven-surefire-plugin-2.22.1.pom
[INFO] Downloaded from central: https://repo.maven.apache.org/maven2/org/apache/maven/plugins/maven-surefire-plugin/2.22.1/maven-surefire-plugin-2.22.1.pom (5.0 kB at 27 kB/s)
[INFO] Downloading from central: https://repo.maven.apache.org/maven2/org/apache/maven/surefire/surefire/2.22.1/surefire-2.22.1.pom
[INFO] Downloaded from central: https://repo.maven.apache.org/maven2/org/apache/maven/surefire/surefire/2.22.1/surefire-2.22.1.pom (26 kB at 2.2 MB/s)
[INFO] Downloading from central: https://repo.maven.apache.org/maven2/org/apache/maven/plugins/maven-surefire-plugin/2.22.1/maven-surefire-plugin-2.22.1.jar
[INFO] Downloaded from central: https://repo.maven.apache.org/maven2/org/apache/maven/plugins/maven-surefire-plugin/2.22.1/maven-surefire-plugin-2.22.1.jar (41 kB at 1.8 MB/s)
[INFO] Downloading from central: https://repo.maven.apache.org/maven2/org/apache/httpcomponents/httpclient/4.5.9/httpclient-4.5.9.jar
[INFO] Downloading from central: https://repo.maven.apache.org/maven2/org/apache/httpcomponents/httpcore/4.4.11/httpcore-4.4.11.jar
[INFO] Downloading from central: https://repo.maven.apache.org/maven2/com/amazonaws/amazon-sqs-java-messaging-lib/1.0.5/amazon-sqs-java-messaging-lib-1.0.5.jar
[INFO] Downloading from central: https://repo.maven.apache.org/maven2/org/apache/geronimo/specs/geronimo-jms_1.1_spec/1.1.1/geronimo-jms_1.1_spec-1.1.1.jar
[INFO] Downloading from central: https://repo.maven.apache.org/maven2/software/amazon/awssdk/apache-client/2.15.79/apache-client-2.15.79.jar
[INFO] Downloaded from central: https://repo.maven.apache.org/maven2/software/amazon/awssdk/apache-client/2.15.79/apache-client-2.15.79.jar (70 kB at 2.6 MB/s)
[INFO] Downloading from central: https://repo.maven.apache.org/maven2/org/testcontainers/testcontainers/1.12.5/testcontainers-1.12.5.jar
[INFO] Downloaded from central: https://repo.maven.apache.org/maven2/org/apache/httpcomponents/httpcore/4.4.11/httpcore-4.4.11.jar (0 B at 0 B/s)
[INFO] Downloading from central: https://repo.maven.apache.org/maven2/org/jetbrains/annotations/17.0.0/annotations-17.0.0.jar
[INFO] Downloaded from central: https://repo.maven.apache.org/maven2/org/apache/geronimo/specs/geronimo-jms_1.1_spec/1.1.1/geronimo-jms_1.1_spec-1.1.1.jar (32 kB at 770 kB/s)
[INFO] Downloading from central: https://repo.maven.apache.org/maven2/org/rnorth/duct-tape/duct-tape/1.0.8/duct-tape-1.0.8.jar
[INFO] Downloaded from central: https://repo.maven.apache.org/maven2/org/jetbrains/annotations/17.0.0/annotations-17.0.0.jar (19 kB at 413 kB/s)
[INFO] Downloading from central: https://repo.maven.apache.org/maven2/org/rnorth/visible-assertions/visible-assertions/2.1.2/visible-assertions-2.1.2.jar
[INFO] Downloaded from central: https://repo.maven.apache.org/maven2/org/rnorth/duct-tape/duct-tape/1.0.8/duct-tape-1.0.8.jar (25 kB at 446 kB/s)
[INFO] Downloading from central: https://repo.maven.apache.org/maven2/org/rnorth/tcp-unix-socket-proxy/1.0.2/tcp-unix-socket-proxy-1.0.2.jar
[INFO] Downloaded from central: https://repo.maven.apache.org/maven2/org/rnorth/visible-assertions/visible-assertions/2.1.2/visible-assertions-2.1.2.jar (12 kB at 200 kB/s)
[INFO] Downloading from central: https://repo.maven.apache.org/maven2/com/kohlschutter/junixsocket/junixsocket-native-common/2.0.4/junixsocket-native-common-2.0.4.jar
[INFO] Downloaded from central: https://repo.maven.apache.org/maven2/org/rnorth/tcp-unix-socket-proxy/1.0.2/tcp-unix-socket-proxy-1.0.2.jar (7.2 kB at 113 kB/s)
[INFO] Downloading from central: https://repo.maven.apache.org/maven2/org/scijava/native-lib-loader/2.0.2/native-lib-loader-2.0.2.jar
[INFO] Downloaded from central: https://repo.maven.apache.org/maven2/com/amazonaws/amazon-sqs-java-messaging-lib/1.0.5/amazon-sqs-java-messaging-lib-1.0.5.jar (96 kB at 1.3 MB/s)
[INFO] Downloading from central: https://repo.maven.apache.org/maven2/com/kohlschutter/junixsocket/junixsocket-common/2.0.4/junixsocket-common-2.0.4.jar
[INFO] Downloaded from central: https://repo.maven.apache.org/maven2/com/kohlschutter/junixsocket/junixsocket-native-common/2.0.4/junixsocket-native-common-2.0.4.jar (28 kB at 376 kB/s)
[INFO] Downloading from central: https://repo.maven.apache.org/maven2/net/java/dev/jna/jna-platform/5.5.0/jna-platform-5.5.0.jar
[INFO] Downloaded from central: https://repo.maven.apache.org/maven2/com/kohlschutter/junixsocket/junixsocket-common/2.0.4/junixsocket-common-2.0.4.jar (18 kB at 253 kB/s)
[INFO] Downloading from central: https://repo.maven.apache.org/maven2/ch/qos/logback/logback-classic/1.2.0/logback-classic-1.2.0.jar
[INFO] Downloaded from central: https://repo.maven.apache.org/maven2/org/scijava/native-lib-loader/2.0.2/native-lib-loader-2.0.2.jar (17 kB at 208 kB/s)
[INFO] Downloading from central: https://repo.maven.apache.org/maven2/ch/qos/logback/logback-core/1.2.0/logback-core-1.2.0.jar
[INFO] Downloaded from central: https://repo.maven.apache.org/maven2/org/apache/httpcomponents/httpclient/4.5.9/httpclient-4.5.9.jar (774 kB at 7.2 MB/s)
[INFO] Downloading from central: https://repo.maven.apache.org/maven2/org/assertj/assertj-core/3.9.0/assertj-core-3.9.0.jar
[INFO] Downloaded from central: https://repo.maven.apache.org/maven2/ch/qos/logback/logback-classic/1.2.0/logback-classic-1.2.0.jar (310 kB at 3.2 MB/s)
[INFO] Downloading from central: https://repo.maven.apache.org/maven2/com/fasterxml/jackson/dataformat/jackson-dataformat-ion/2.12.1/jackson-dataformat-ion-2.12.1.jar
[INFO] Downloaded from central: https://repo.maven.apache.org/maven2/com/fasterxml/jackson/dataformat/jackson-dataformat-ion/2.12.1/jackson-dataformat-ion-2.12.1.jar (69 kB at 625 kB/s)
[INFO] Downloading from central: https://repo.maven.apache.org/maven2/com/fasterxml/jackson/dataformat/jackson-dataformat-cbor/2.12.1/jackson-dataformat-cbor-2.12.1.jar
[INFO] Downloaded from central: https://repo.maven.apache.org/maven2/ch/qos/logback/logback-core/1.2.0/logback-core-1.2.0.jar (473 kB at 4.0 MB/s)
[INFO] Downloading from central: https://repo.maven.apache.org/maven2/io/thundra/jexter-junit4-core/1.0.1/jexter-junit4-core-1.0.1.jar
[INFO] Downloaded from central: https://repo.maven.apache.org/maven2/com/fasterxml/jackson/dataformat/jackson-dataformat-cbor/2.12.1/jackson-dataformat-cbor-2.12.1.jar (61 kB at 497 kB/s)
[INFO] Downloading from central: https://repo.maven.apache.org/maven2/io/thundra/jexter-core/1.0.1/jexter-core-1.0.1.jar
[INFO] Downloaded from central: https://repo.maven.apache.org/maven2/org/assertj/assertj-core/3.9.0/assertj-core-3.9.0.jar (1.3 MB at 8.8 MB/s)
[INFO] Downloading from central: https://repo.maven.apache.org/maven2/io/thundra/jexter-junit5-core/1.0.1/jexter-junit5-core-1.0.1.jar
[INFO] Downloaded from central: https://repo.maven.apache.org/maven2/net/java/dev/jna/jna-platform/5.5.0/jna-platform-5.5.0.jar (2.7 MB at 15 MB/s)
[INFO] Downloaded from central: https://repo.maven.apache.org/maven2/io/thundra/jexter-junit4-core/1.0.1/jexter-junit4-core-1.0.1.jar (19 kB at 88 kB/s)
[INFO] Downloaded from central: https://repo.maven.apache.org/maven2/io/thundra/jexter-core/1.0.1/jexter-core-1.0.1.jar (9.0 kB at 39 kB/s)
[INFO] Downloaded from central: https://repo.maven.apache.org/maven2/io/thundra/jexter-junit5-core/1.0.1/jexter-junit5-core-1.0.1.jar (20 kB at 81 kB/s)
[INFO] Downloaded from central: https://repo.maven.apache.org/maven2/org/testcontainers/testcontainers/1.12.5/testcontainers-1.12.5.jar (12 MB at 28 MB/s)
[INFO] 
[INFO] --- maven-clean-plugin:2.5:clean (default-clean) @ localstack-utils ---
[INFO] Deleting /home/gabsko/breaking-updates/target
[INFO] 
[INFO] --- maven-resources-plugin:2.6:resources (default-resources) @ localstack-utils ---
[INFO] Using 'UTF-8' encoding to copy filtered resources.
[INFO] skip non existing resourceDirectory /home/gabsko/breaking-updates/src/main/resources
[INFO] 
[INFO] --- maven-compiler-plugin:3.8.1:compile (default-compile) @ localstack-utils ---
[INFO] Changes detected - recompiling the module!
[INFO] Compiling 56 source files to /home/gabsko/breaking-updates/target/classes
[INFO] /home/gabsko/breaking-updates/src/main/java/cloud/localstack/docker/annotation/LocalstackDockerAnnotationProcessor.java: Some input files use or override a deprecated API.
[INFO] /home/gabsko/breaking-updates/src/main/java/cloud/localstack/docker/annotation/LocalstackDockerAnnotationProcessor.java: Recompile with -Xlint:deprecation for details.
[INFO] /home/gabsko/breaking-updates/src/main/java/org/ow2/proactive/process_tree_killer/EnvVars.java: Some input files use unchecked or unsafe operations.
[INFO] /home/gabsko/breaking-updates/src/main/java/org/ow2/proactive/process_tree_killer/EnvVars.java: Recompile with -Xlint:unchecked for details.
[INFO] 
[INFO] --- maven-resources-plugin:2.6:testResources (default-testResources) @ localstack-utils ---
[INFO] Using 'UTF-8' encoding to copy filtered resources.
[INFO] Copying 7 resources
[INFO] 
[INFO] --- maven-compiler-plugin:3.8.1:testCompile (default-testCompile) @ localstack-utils ---
[INFO] Changes detected - recompiling the module!
[INFO] Compiling 44 source files to /home/gabsko/breaking-updates/target/test-classes
[INFO] /home/gabsko/breaking-updates/src/test/java/cloud/localstack/awssdkv1/testcontainers/TestContainersSqsTest.java: Some input files use or override a deprecated API.
[INFO] /home/gabsko/breaking-updates/src/test/java/cloud/localstack/awssdkv1/testcontainers/TestContainersSqsTest.java: Recompile with -Xlint:deprecation for details.
[INFO] /home/gabsko/breaking-updates/src/test/java/cloud/localstack/awssdkv1/DDBEventMappingTest.java: Some input files use unchecked or unsafe operations.
[INFO] /home/gabsko/breaking-updates/src/test/java/cloud/localstack/awssdkv1/DDBEventMappingTest.java: Recompile with -Xlint:unchecked for details.
[INFO] 
[INFO] --- maven-surefire-plugin:2.22.1:test (default-test) @ localstack-utils ---
[INFO] Downloading from central: https://repo.maven.apache.org/maven2/org/apache/maven/surefire/surefire-junit4/2.22.1/surefire-junit4-2.22.1.pom
[INFO] Downloaded from central: https://repo.maven.apache.org/maven2/org/apache/maven/surefire/surefire-junit4/2.22.1/surefire-junit4-2.22.1.pom (3.1 kB at 385 kB/s)
[INFO] Downloading from central: https://repo.maven.apache.org/maven2/org/apache/maven/surefire/surefire-providers/2.22.1/surefire-providers-2.22.1.pom
[INFO] Downloaded from central: https://repo.maven.apache.org/maven2/org/apache/maven/surefire/surefire-providers/2.22.1/surefire-providers-2.22.1.pom (2.5 kB at 355 kB/s)
[INFO] Downloading from central: https://repo.maven.apache.org/maven2/org/apache/maven/surefire/surefire-api/2.22.1/surefire-api-2.22.1.pom
[INFO] Downloaded from central: https://repo.maven.apache.org/maven2/org/apache/maven/surefire/surefire-api/2.22.1/surefire-api-2.22.1.pom (3.5 kB at 708 kB/s)
[INFO] Downloading from central: https://repo.maven.apache.org/maven2/org/apache/maven/surefire/surefire-logger-api/2.22.1/surefire-logger-api-2.22.1.pom
[INFO] Downloaded from central: https://repo.maven.apache.org/maven2/org/apache/maven/surefire/surefire-logger-api/2.22.1/surefire-logger-api-2.22.1.pom (2.0 kB at 327 kB/s)
[INFO] Downloading from central: https://repo.maven.apache.org/maven2/org/junit/platform/junit-platform-surefire-provider/1.2.0/junit-platform-surefire-provider-1.2.0.pom
[INFO] Downloaded from central: https://repo.maven.apache.org/maven2/org/junit/platform/junit-platform-surefire-provider/1.2.0/junit-platform-surefire-provider-1.2.0.pom (2.6 kB at 330 kB/s)
[INFO] Downloading from central: https://repo.maven.apache.org/maven2/org/junit/platform/junit-platform-launcher/1.2.0/junit-platform-launcher-1.2.0.pom
[INFO] Downloaded from central: https://repo.maven.apache.org/maven2/org/junit/platform/junit-platform-launcher/1.2.0/junit-platform-launcher-1.2.0.pom (2.2 kB at 277 kB/s)
[INFO] Downloading from central: https://repo.maven.apache.org/maven2/org/junit/platform/junit-platform-engine/1.2.0/junit-platform-engine-1.2.0.pom
[INFO] Downloaded from central: https://repo.maven.apache.org/maven2/org/junit/platform/junit-platform-engine/1.2.0/junit-platform-engine-1.2.0.pom (2.4 kB at 160 kB/s)
[INFO] Downloading from central: https://repo.maven.apache.org/maven2/org/junit/platform/junit-platform-commons/1.2.0/junit-platform-commons-1.2.0.pom
[INFO] Downloaded from central: https://repo.maven.apache.org/maven2/org/junit/platform/junit-platform-commons/1.2.0/junit-platform-commons-1.2.0.pom (2.0 kB at 253 kB/s)
[INFO] Downloading from central: https://repo.maven.apache.org/maven2/org/opentest4j/opentest4j/1.1.0/opentest4j-1.1.0.pom
[INFO] Downloaded from central: https://repo.maven.apache.org/maven2/org/opentest4j/opentest4j/1.1.0/opentest4j-1.1.0.pom (1.7 kB at 240 kB/s)
[INFO] Downloading from central: https://repo.maven.apache.org/maven2/org/apache/maven/surefire/common-java5/2.21.0/common-java5-2.21.0.pom
[INFO] Downloaded from central: https://repo.maven.apache.org/maven2/org/apache/maven/surefire/common-java5/2.21.0/common-java5-2.21.0.pom (2.7 kB at 191 kB/s)
[INFO] Downloading from central: https://repo.maven.apache.org/maven2/org/apache/maven/surefire/surefire-providers/2.21.0/surefire-providers-2.21.0.pom
[INFO] Downloaded from central: https://repo.maven.apache.org/maven2/org/apache/maven/surefire/surefire-providers/2.21.0/surefire-providers-2.21.0.pom (2.5 kB at 314 kB/s)
[INFO] Downloading from central: https://repo.maven.apache.org/maven2/org/apache/maven/surefire/surefire/2.21.0/surefire-2.21.0.pom
[INFO] Downloaded from central: https://repo.maven.apache.org/maven2/org/apache/maven/surefire/surefire/2.21.0/surefire-2.21.0.pom (28 kB at 5.6 MB/s)
[INFO] Downloading from central: https://repo.maven.apache.org/maven2/org/junit/jupiter/junit-jupiter-engine/5.5.2/junit-jupiter-engine-5.5.2.pom
[INFO] Downloaded from central: https://repo.maven.apache.org/maven2/org/junit/jupiter/junit-jupiter-engine/5.5.2/junit-jupiter-engine-5.5.2.pom (2.4 kB at 299 kB/s)
[INFO] Downloading from central: https://repo.maven.apache.org/maven2/org/junit/platform/junit-platform-engine/1.5.2/junit-platform-engine-1.5.2.pom
[INFO] Downloaded from central: https://repo.maven.apache.org/maven2/org/junit/platform/junit-platform-engine/1.5.2/junit-platform-engine-1.5.2.pom (2.4 kB at 399 kB/s)
[INFO] Downloading from central: https://repo.maven.apache.org/maven2/org/apache/maven/surefire/maven-surefire-common/2.22.1/maven-surefire-common-2.22.1.pom
[INFO] Downloaded from central: https://repo.maven.apache.org/maven2/org/apache/maven/surefire/maven-surefire-common/2.22.1/maven-surefire-common-2.22.1.pom (11 kB at 2.3 MB/s)
[INFO] Downloading from central: https://repo.maven.apache.org/maven2/org/apache/maven/surefire/surefire-booter/2.22.1/surefire-booter-2.22.1.pom
[INFO] Downloaded from central: https://repo.maven.apache.org/maven2/org/apache/maven/surefire/surefire-booter/2.22.1/surefire-booter-2.22.1.pom (7.5 kB at 1.5 MB/s)
[INFO] Downloading from central: https://repo.maven.apache.org/maven2/org/apache/maven/surefire/surefire-junit4/2.22.1/surefire-junit4-2.22.1.jar
[INFO] Downloading from central: https://repo.maven.apache.org/maven2/org/apache/maven/surefire/surefire-api/2.22.1/surefire-api-2.22.1.jar
[INFO] Downloading from central: https://repo.maven.apache.org/maven2/org/apache/maven/surefire/surefire-logger-api/2.22.1/surefire-logger-api-2.22.1.jar
[INFO] Downloading from central: https://repo.maven.apache.org/maven2/org/junit/platform/junit-platform-surefire-provider/1.2.0/junit-platform-surefire-provider-1.2.0.jar
[INFO] Downloading from central: https://repo.maven.apache.org/maven2/org/junit/platform/junit-platform-launcher/1.2.0/junit-platform-launcher-1.2.0.jar
[INFO] Downloaded from central: https://repo.maven.apache.org/maven2/org/junit/platform/junit-platform-launcher/1.2.0/junit-platform-launcher-1.2.0.jar (80 kB at 6.2 MB/s)
[INFO] Downloading from central: https://repo.maven.apache.org/maven2/org/apache/maven/surefire/common-java5/2.21.0/common-java5-2.21.0.jar
[INFO] Downloaded from central: https://repo.maven.apache.org/maven2/org/apache/maven/surefire/surefire-junit4/2.22.1/surefire-junit4-2.22.1.jar (85 kB at 5.3 MB/s)
[INFO] Downloading from central: https://repo.maven.apache.org/maven2/org/junit/jupiter/junit-jupiter-engine/5.5.2/junit-jupiter-engine-5.5.2.jar
[INFO] Downloaded from central: https://repo.maven.apache.org/maven2/org/apache/maven/surefire/surefire-api/2.22.1/surefire-api-2.22.1.jar (186 kB at 12 MB/s)
[INFO] Downloading from central: https://repo.maven.apache.org/maven2/org/junit/platform/junit-platform-engine/1.5.2/junit-platform-engine-1.5.2.jar
[INFO] Downloaded from central: https://repo.maven.apache.org/maven2/org/apache/maven/surefire/surefire-logger-api/2.22.1/surefire-logger-api-2.22.1.jar (13 kB at 581 kB/s)
[INFO] Downloading from central: https://repo.maven.apache.org/maven2/org/apache/maven/surefire/maven-surefire-common/2.22.1/maven-surefire-common-2.22.1.jar
[INFO] Downloaded from central: https://repo.maven.apache.org/maven2/org/apache/maven/surefire/common-java5/2.21.0/common-java5-2.21.0.jar (51 kB at 2.1 MB/s)
[INFO] Downloading from central: https://repo.maven.apache.org/maven2/org/apache/maven/surefire/surefire-booter/2.22.1/surefire-booter-2.22.1.jar
[INFO] Downloaded from central: https://repo.maven.apache.org/maven2/org/junit/platform/junit-platform-surefire-provider/1.2.0/junit-platform-surefire-provider-1.2.0.jar (18 kB at 652 kB/s)
[INFO] Downloaded from central: https://repo.maven.apache.org/maven2/org/junit/jupiter/junit-jupiter-engine/5.5.2/junit-jupiter-engine-5.5.2.jar (220 kB at 7.6 MB/s)
[INFO] Downloaded from central: https://repo.maven.apache.org/maven2/org/junit/platform/junit-platform-engine/1.5.2/junit-platform-engine-1.5.2.jar (164 kB at 5.7 MB/s)
[INFO] Downloaded from central: https://repo.maven.apache.org/maven2/org/apache/maven/surefire/surefire-booter/2.22.1/surefire-booter-2.22.1.jar (274 kB at 7.2 MB/s)
[INFO] Downloaded from central: https://repo.maven.apache.org/maven2/org/apache/maven/surefire/maven-surefire-common/2.22.1/maven-surefire-common-2.22.1.jar (528 kB at 8.9 MB/s)
[INFO] 
[INFO] -------------------------------------------------------
[INFO]  T E S T S
[INFO] -------------------------------------------------------
[INFO] Running cloud.localstack.awssdkv1.CloudWatchLogsTest
Feb 07, 2023 10:39:02 AM cloud.localstack.docker.Container createLocalstackContainer
INFO: Pulling image localstack/localstack:latest
[ERROR] Tests run: 1, Failures: 0, Errors: 1, Skipped: 0, Time elapsed: 0.179 s <<< FAILURE! - in cloud.localstack.awssdkv1.CloudWatchLogsTest
[ERROR] cloud.localstack.awssdkv1.CloudWatchLogsTest  Time elapsed: 0.177 s  <<< ERROR!
cloud.localstack.docker.exception.LocalstackDockerException: Could not start the localstack docker container.
	at org.apache.maven.surefire.junit4.JUnit4Provider.execute(JUnit4Provider.java:365)
	at org.apache.maven.surefire.junit4.JUnit4Provider.executeWithRerun(JUnit4Provider.java:273)
	at org.apache.maven.surefire.junit4.JUnit4Provider.executeTestSet(JUnit4Provider.java:238)
	at org.apache.maven.surefire.junit4.JUnit4Provider.invoke(JUnit4Provider.java:159)
Caused by: java.lang.RuntimeException: 
Error status code 126 returned from process. Output: docker: Got permission denied while trying to connect to the Docker daemon socket at unix:///var/run/docker.sock: Post "http://%2Fvar%2Frun%2Fdocker.sock/v1.24/containers/create": dial unix /var/run/docker.sock: connect: permission denied.
See 'docker run --help'.
	at org.apache.maven.surefire.junit4.JUnit4Provider.execute(JUnit4Provider.java:365)
	at org.apache.maven.surefire.junit4.JUnit4Provider.executeWithRerun(JUnit4Provider.java:273)
	at org.apache.maven.surefire.junit4.JUnit4Provider.executeTestSet(JUnit4Provider.java:238)
	at org.apache.maven.surefire.junit4.JUnit4Provider.invoke(JUnit4Provider.java:159)

[INFO] Running cloud.localstack.awssdkv1.SNSMessagingTest
Feb 07, 2023 10:39:02 AM cloud.localstack.docker.Container createLocalstackContainer
INFO: Pulling image localstack/localstack:latest
[ERROR] Tests run: 1, Failures: 0, Errors: 1, Skipped: 0, Time elapsed: 0.125 s <<< FAILURE! - in cloud.localstack.awssdkv1.SNSMessagingTest
[ERROR] cloud.localstack.awssdkv1.SNSMessagingTest  Time elapsed: 0.125 s  <<< ERROR!
cloud.localstack.docker.exception.LocalstackDockerException: Could not start the localstack docker container.
	at org.apache.maven.surefire.junit4.JUnit4Provider.execute(JUnit4Provider.java:365)
	at org.apache.maven.surefire.junit4.JUnit4Provider.executeWithRerun(JUnit4Provider.java:273)
	at org.apache.maven.surefire.junit4.JUnit4Provider.executeTestSet(JUnit4Provider.java:238)
	at org.apache.maven.surefire.junit4.JUnit4Provider.invoke(JUnit4Provider.java:159)
Caused by: java.lang.RuntimeException: 
Error status code 126 returned from process. Output: docker: Got permission denied while trying to connect to the Docker daemon socket at unix:///var/run/docker.sock: Post "http://%2Fvar%2Frun%2Fdocker.sock/v1.24/containers/create": dial unix /var/run/docker.sock: connect: permission denied.
See 'docker run --help'.
	at org.apache.maven.surefire.junit4.JUnit4Provider.execute(JUnit4Provider.java:365)
	at org.apache.maven.surefire.junit4.JUnit4Provider.executeWithRerun(JUnit4Provider.java:273)
	at org.apache.maven.surefire.junit4.JUnit4Provider.executeTestSet(JUnit4Provider.java:238)
	at org.apache.maven.surefire.junit4.JUnit4Provider.invoke(JUnit4Provider.java:159)

[INFO] Running cloud.localstack.awssdkv1.DDBEventMappingTest
[INFO] Tests run: 1, Failures: 0, Errors: 0, Skipped: 0, Time elapsed: 0.162 s - in cloud.localstack.awssdkv1.DDBEventMappingTest
[INFO] Running cloud.localstack.awssdkv1.KinesisEventMappingTest
[INFO] Tests run: 1, Failures: 0, Errors: 0, Skipped: 0, Time elapsed: 0.001 s - in cloud.localstack.awssdkv1.KinesisEventMappingTest
[INFO] Running cloud.localstack.awssdkv1.testcontainers.TestContainersSqsTest
SLF4J: Class path contains multiple SLF4J bindings.
SLF4J: Found binding in [jar:file:/home/gabsko/.m2/repository/org/apache/logging/log4j/log4j-slf4j-impl/2.17.0/log4j-slf4j-impl-2.17.0.jar!/org/slf4j/impl/StaticLoggerBinder.class]
SLF4J: Found binding in [jar:file:/home/gabsko/.m2/repository/ch/qos/logback/logback-classic/1.2.0/logback-classic-1.2.0.jar!/org/slf4j/impl/StaticLoggerBinder.class]
SLF4J: See http://www.slf4j.org/codes.html#multiple_bindings for an explanation.
SLF4J: Actual binding is of type [org.apache.logging.slf4j.Log4jLoggerFactory]
2023-02-07 10:39:13 [main] ERROR org.testcontainers.dockerclient.EnvironmentAndSystemPropertyClientProviderStrategy:43 - ping failed with configuration Environment variables, system properties and defaults. Resolved dockerHost=unix:///var/run/docker.sock due to org.rnorth.ducttape.TimeoutException: Timeout waiting for result with exception
org.rnorth.ducttape.TimeoutException: Timeout waiting for result with exception
	at org.rnorth.ducttape.unreliables.Unreliables.retryUntilSuccess(Unreliables.java:54) ~[duct-tape-1.0.8.jar:?]
	at org.testcontainers.dockerclient.DockerClientProviderStrategy.ping(DockerClientProviderStrategy.java:183) ~[testcontainers-1.12.5.jar:?]
	at org.testcontainers.dockerclient.EnvironmentAndSystemPropertyClientProviderStrategy.test(EnvironmentAndSystemPropertyClientProviderStrategy.java:41) ~[testcontainers-1.12.5.jar:?]
	at org.testcontainers.dockerclient.DockerClientProviderStrategy.lambda$getFirstValidStrategy$2(DockerClientProviderStrategy.java:118) ~[testcontainers-1.12.5.jar:?]
	at java.util.stream.ReferencePipeline$7$1.accept(ReferencePipeline.java:271) [?:?]
	at java.util.stream.StreamSpliterators$WrappingSpliterator.tryAdvance(StreamSpliterators.java:302) [?:?]
	at java.util.stream.Streams$ConcatSpliterator.tryAdvance(Streams.java:723) [?:?]
	at java.util.stream.ReferencePipeline.forEachWithCancel(ReferencePipeline.java:127) [?:?]
	at java.util.stream.AbstractPipeline.copyIntoWithCancel(AbstractPipeline.java:502) [?:?]
	at java.util.stream.AbstractPipeline.copyInto(AbstractPipeline.java:488) [?:?]
	at java.util.stream.AbstractPipeline.wrapAndCopyInto(AbstractPipeline.java:474) [?:?]
	at java.util.stream.FindOps$FindOp.evaluateSequential(FindOps.java:150) [?:?]
	at java.util.stream.AbstractPipeline.evaluate(AbstractPipeline.java:234) [?:?]
	at java.util.stream.ReferencePipeline.findAny(ReferencePipeline.java:548) [?:?]
	at org.testcontainers.dockerclient.DockerClientProviderStrategy.getFirstValidStrategy(DockerClientProviderStrategy.java:154) [testcontainers-1.12.5.jar:?]
	at org.testcontainers.DockerClientFactory.getOrInitializeStrategy(DockerClientFactory.java:113) [testcontainers-1.12.5.jar:?]
	at org.testcontainers.DockerClientFactory.client(DockerClientFactory.java:134) [testcontainers-1.12.5.jar:?]
	at org.testcontainers.LazyDockerClient.getDockerClient(LazyDockerClient.java:14) [testcontainers-1.12.5.jar:?]
	at org.testcontainers.LazyDockerClient.listImagesCmd(LazyDockerClient.java:12) [testcontainers-1.12.5.jar:?]
	at org.testcontainers.images.LocalImagesCache.maybeInitCache(LocalImagesCache.java:68) [testcontainers-1.12.5.jar:?]
	at org.testcontainers.images.LocalImagesCache.get(LocalImagesCache.java:32) [testcontainers-1.12.5.jar:?]
	at org.testcontainers.images.AbstractImagePullPolicy.shouldPull(AbstractImagePullPolicy.java:18) [testcontainers-1.12.5.jar:?]
	at org.testcontainers.images.RemoteDockerImage.resolve(RemoteDockerImage.java:62) [testcontainers-1.12.5.jar:?]
	at org.testcontainers.images.RemoteDockerImage.resolve(RemoteDockerImage.java:25) [testcontainers-1.12.5.jar:?]
	at org.testcontainers.utility.LazyFuture.getResolvedValue(LazyFuture.java:20) [testcontainers-1.12.5.jar:?]
	at org.testcontainers.utility.LazyFuture.get(LazyFuture.java:27) [testcontainers-1.12.5.jar:?]
	at org.testcontainers.containers.GenericContainer.getDockerImageName(GenericContainer.java:1263) [testcontainers-1.12.5.jar:?]
	at org.testcontainers.containers.GenericContainer.logger(GenericContainer.java:600) [testcontainers-1.12.5.jar:?]
	at org.testcontainers.containers.GenericContainer.doStart(GenericContainer.java:311) [testcontainers-1.12.5.jar:?]
	at org.testcontainers.containers.GenericContainer.start(GenericContainer.java:302) [testcontainers-1.12.5.jar:?]
	at cloud.localstack.awssdkv1.testcontainers.TestContainersSqsTest.startDockerImage(TestContainersSqsTest.java:123) [test-classes/:?]
	at cloud.localstack.awssdkv1.testcontainers.TestContainersSqsTest.before(TestContainersSqsTest.java:47) [test-classes/:?]
	at jdk.internal.reflect.NativeMethodAccessorImpl.invoke0(Native Method) ~[?:?]
	at jdk.internal.reflect.NativeMethodAccessorImpl.invoke(NativeMethodAccessorImpl.java:62) ~[?:?]
	at jdk.internal.reflect.DelegatingMethodAccessorImpl.invoke(DelegatingMethodAccessorImpl.java:43) ~[?:?]
	at java.lang.reflect.Method.invoke(Method.java:566) ~[?:?]
	at org.junit.runners.model.FrameworkMethod$1.runReflectiveCall(FrameworkMethod.java:59) [junit-4.13.1.jar:4.13.1]
	at org.junit.internal.runners.model.ReflectiveCallable.run(ReflectiveCallable.java:12) [junit-4.13.1.jar:4.13.1]
	at org.junit.runners.model.FrameworkMethod.invokeExplosively(FrameworkMethod.java:56) [junit-4.13.1.jar:4.13.1]
	at org.junit.internal.runners.statements.RunBefores.invokeMethod(RunBefores.java:33) [junit-4.13.1.jar:4.13.1]
	at org.junit.internal.runners.statements.RunBefores.evaluate(RunBefores.java:24) [junit-4.13.1.jar:4.13.1]
	at org.junit.internal.runners.statements.RunAfters.evaluate(RunAfters.java:27) [junit-4.13.1.jar:4.13.1]
	at org.junit.runners.ParentRunner$3.evaluate(ParentRunner.java:306) [junit-4.13.1.jar:4.13.1]
	at org.junit.runners.BlockJUnit4ClassRunner$1.evaluate(BlockJUnit4ClassRunner.java:100) [junit-4.13.1.jar:4.13.1]
	at org.junit.runners.ParentRunner.runLeaf(ParentRunner.java:366) [junit-4.13.1.jar:4.13.1]
	at org.junit.runners.BlockJUnit4ClassRunner.runChild(BlockJUnit4ClassRunner.java:103) [junit-4.13.1.jar:4.13.1]
	at org.junit.runners.BlockJUnit4ClassRunner.runChild(BlockJUnit4ClassRunner.java:63) [junit-4.13.1.jar:4.13.1]
	at org.junit.runners.ParentRunner$4.run(ParentRunner.java:331) [junit-4.13.1.jar:4.13.1]
	at org.junit.runners.ParentRunner$1.schedule(ParentRunner.java:79) [junit-4.13.1.jar:4.13.1]
	at org.junit.runners.ParentRunner.runChildren(ParentRunner.java:329) [junit-4.13.1.jar:4.13.1]
	at org.junit.runners.ParentRunner.access$100(ParentRunner.java:66) [junit-4.13.1.jar:4.13.1]
	at org.junit.runners.ParentRunner$2.evaluate(ParentRunner.java:293) [junit-4.13.1.jar:4.13.1]
	at org.junit.runners.ParentRunner$3.evaluate(ParentRunner.java:306) [junit-4.13.1.jar:4.13.1]
	at org.junit.runners.ParentRunner.run(ParentRunner.java:413) [junit-4.13.1.jar:4.13.1]
	at org.apache.maven.surefire.junit4.JUnit4Provider.execute(JUnit4Provider.java:365) [surefire-junit4-2.22.1.jar:2.22.1]
	at org.apache.maven.surefire.junit4.JUnit4Provider.executeWithRerun(JUnit4Provider.java:273) [surefire-junit4-2.22.1.jar:2.22.1]
	at org.apache.maven.surefire.junit4.JUnit4Provider.executeTestSet(JUnit4Provider.java:238) [surefire-junit4-2.22.1.jar:2.22.1]
	at org.apache.maven.surefire.junit4.JUnit4Provider.invoke(JUnit4Provider.java:159) [surefire-junit4-2.22.1.jar:2.22.1]
	at org.apache.maven.surefire.booter.ForkedBooter.invokeProviderInSameClassLoader(ForkedBooter.java:384) [surefire-booter-2.22.1.jar:2.22.1]
	at org.apache.maven.surefire.booter.ForkedBooter.runSuitesInProcess(ForkedBooter.java:345) [surefire-booter-2.22.1.jar:2.22.1]
	at org.apache.maven.surefire.booter.ForkedBooter.execute(ForkedBooter.java:126) [surefire-booter-2.22.1.jar:2.22.1]
	at org.apache.maven.surefire.booter.ForkedBooter.main(ForkedBooter.java:418) [surefire-booter-2.22.1.jar:2.22.1]
Caused by: java.io.IOException: com.sun.jna.LastErrorException: [13] @Yü÷3
	at org.testcontainers.shaded.org.scalasbt.ipcsocket.UnixDomainSocket.<init>(UnixDomainSocket.java:62) ~[testcontainers-1.12.5.jar:?]
	at org.testcontainers.dockerclient.transport.okhttp.UnixSocketFactory$1.<init>(UnixSocketFactory.java:27) ~[testcontainers-1.12.5.jar:?]
	at org.testcontainers.dockerclient.transport.okhttp.UnixSocketFactory.createSocket(UnixSocketFactory.java:27) ~[testcontainers-1.12.5.jar:?]
	at org.testcontainers.shaded.okhttp3.internal.connection.RealConnection.connectSocket(RealConnection.java:257) ~[testcontainers-1.12.5.jar:?]
	at org.testcontainers.shaded.okhttp3.internal.connection.RealConnection.connect(RealConnection.java:183) ~[testcontainers-1.12.5.jar:?]
	at org.testcontainers.shaded.okhttp3.internal.connection.ExchangeFinder.findConnection(ExchangeFinder.java:224) ~[testcontainers-1.12.5.jar:?]
	at org.testcontainers.shaded.okhttp3.internal.connection.ExchangeFinder.findHealthyConnection(ExchangeFinder.java:108) ~[testcontainers-1.12.5.jar:?]
	at org.testcontainers.shaded.okhttp3.internal.connection.ExchangeFinder.find(ExchangeFinder.java:88) ~[testcontainers-1.12.5.jar:?]
	at org.testcontainers.shaded.okhttp3.internal.connection.Transmitter.newExchange(Transmitter.java:169) ~[testcontainers-1.12.5.jar:?]
	at org.testcontainers.shaded.okhttp3.internal.connection.ConnectInterceptor.intercept(ConnectInterceptor.java:41) ~[testcontainers-1.12.5.jar:?]
	at org.testcontainers.shaded.okhttp3.internal.http.RealInterceptorChain.proceed(RealInterceptorChain.java:142) ~[testcontainers-1.12.5.jar:?]
	at org.testcontainers.shaded.okhttp3.internal.http.RealInterceptorChain.proceed(RealInterceptorChain.java:117) ~[testcontainers-1.12.5.jar:?]
	at org.testcontainers.shaded.okhttp3.internal.cache.CacheInterceptor.intercept(CacheInterceptor.java:94) ~[testcontainers-1.12.5.jar:?]
	at org.testcontainers.shaded.okhttp3.internal.http.RealInterceptorChain.proceed(RealInterceptorChain.java:142) ~[testcontainers-1.12.5.jar:?]
	at org.testcontainers.shaded.okhttp3.internal.http.RealInterceptorChain.proceed(RealInterceptorChain.java:117) ~[testcontainers-1.12.5.jar:?]
	at org.testcontainers.shaded.okhttp3.internal.http.BridgeInterceptor.intercept(BridgeInterceptor.java:93) ~[testcontainers-1.12.5.jar:?]
	at org.testcontainers.shaded.okhttp3.internal.http.RealInterceptorChain.proceed(RealInterceptorChain.java:142) ~[testcontainers-1.12.5.jar:?]
	at org.testcontainers.shaded.okhttp3.internal.http.RetryAndFollowUpInterceptor.intercept(RetryAndFollowUpInterceptor.java:88) ~[testcontainers-1.12.5.jar:?]
	at org.testcontainers.shaded.okhttp3.internal.http.RealInterceptorChain.proceed(RealInterceptorChain.java:142) ~[testcontainers-1.12.5.jar:?]
	at org.testcontainers.shaded.okhttp3.internal.http.RealInterceptorChain.proceed(RealInterceptorChain.java:117) ~[testcontainers-1.12.5.jar:?]
	at org.testcontainers.shaded.okhttp3.RealCall.getResponseWithInterceptorChain(RealCall.java:229) ~[testcontainers-1.12.5.jar:?]
	at org.testcontainers.shaded.okhttp3.RealCall.execute(RealCall.java:81) ~[testcontainers-1.12.5.jar:?]
	at org.testcontainers.dockerclient.transport.okhttp.OkHttpInvocationBuilder.execute(OkHttpInvocationBuilder.java:270) ~[testcontainers-1.12.5.jar:?]
	at org.testcontainers.dockerclient.transport.okhttp.OkHttpInvocationBuilder.execute(OkHttpInvocationBuilder.java:265) ~[testcontainers-1.12.5.jar:?]
	at org.testcontainers.dockerclient.transport.okhttp.OkHttpInvocationBuilder.get(OkHttpInvocationBuilder.java:231) ~[testcontainers-1.12.5.jar:?]
	at org.testcontainers.dockerclient.transport.okhttp.OkHttpDockerCmdExecFactory$1.execute(OkHttpDockerCmdExecFactory.java:124) ~[testcontainers-1.12.5.jar:?]
	at org.testcontainers.dockerclient.transport.okhttp.OkHttpDockerCmdExecFactory$1.execute(OkHttpDockerCmdExecFactory.java:117) ~[testcontainers-1.12.5.jar:?]
	at com.github.dockerjava.core.exec.AbstrSyncDockerCmdExec.exec(AbstrSyncDockerCmdExec.java:21) ~[testcontainers-1.12.5.jar:?]
	at com.github.dockerjava.core.command.AbstrDockerCmd.exec(AbstrDockerCmd.java:35) ~[testcontainers-1.12.5.jar:?]
	at org.testcontainers.dockerclient.DockerClientProviderStrategy.lambda$null$4(DockerClientProviderStrategy.java:186) ~[testcontainers-1.12.5.jar:?]
	at org.rnorth.ducttape.ratelimits.RateLimiter.getWhenReady(RateLimiter.java:51) ~[duct-tape-1.0.8.jar:?]
	at org.testcontainers.dockerclient.DockerClientProviderStrategy.lambda$ping$5(DockerClientProviderStrategy.java:184) ~[testcontainers-1.12.5.jar:?]
	at org.rnorth.ducttape.unreliables.Unreliables.lambda$retryUntilSuccess$0(Unreliables.java:43) ~[duct-tape-1.0.8.jar:?]
	at java.util.concurrent.FutureTask.run(FutureTask.java:264) ~[?:?]
	at java.util.concurrent.ThreadPoolExecutor.runWorker(ThreadPoolExecutor.java:1128) ~[?:?]
	at java.util.concurrent.ThreadPoolExecutor$Worker.run(ThreadPoolExecutor.java:628) ~[?:?]
	at java.lang.Thread.run(Thread.java:829) ~[?:?]
Caused by: com.sun.jna.LastErrorException: [13] @Yü÷3
	at org.testcontainers.shaded.org.scalasbt.ipcsocket.UnixDomainSocketLibrary.connect(Native Method) ~[testcontainers-1.12.5.jar:?]
	at org.testcontainers.shaded.org.scalasbt.ipcsocket.UnixDomainSocket.<init>(UnixDomainSocket.java:57) ~[testcontainers-1.12.5.jar:?]
	at org.testcontainers.dockerclient.transport.okhttp.UnixSocketFactory$1.<init>(UnixSocketFactory.java:27) ~[testcontainers-1.12.5.jar:?]
	at org.testcontainers.dockerclient.transport.okhttp.UnixSocketFactory.createSocket(UnixSocketFactory.java:27) ~[testcontainers-1.12.5.jar:?]
	at org.testcontainers.shaded.okhttp3.internal.connection.RealConnection.connectSocket(RealConnection.java:257) ~[testcontainers-1.12.5.jar:?]
	at org.testcontainers.shaded.okhttp3.internal.connection.RealConnection.connect(RealConnection.java:183) ~[testcontainers-1.12.5.jar:?]
	at org.testcontainers.shaded.okhttp3.internal.connection.ExchangeFinder.findConnection(ExchangeFinder.java:224) ~[testcontainers-1.12.5.jar:?]
	at org.testcontainers.shaded.okhttp3.internal.connection.ExchangeFinder.findHealthyConnection(ExchangeFinder.java:108) ~[testcontainers-1.12.5.jar:?]
	at org.testcontainers.shaded.okhttp3.internal.connection.ExchangeFinder.find(ExchangeFinder.java:88) ~[testcontainers-1.12.5.jar:?]
	at org.testcontainers.shaded.okhttp3.internal.connection.Transmitter.newExchange(Transmitter.java:169) ~[testcontainers-1.12.5.jar:?]
	at org.testcontainers.shaded.okhttp3.internal.connection.ConnectInterceptor.intercept(ConnectInterceptor.java:41) ~[testcontainers-1.12.5.jar:?]
	at org.testcontainers.shaded.okhttp3.internal.http.RealInterceptorChain.proceed(RealInterceptorChain.java:142) ~[testcontainers-1.12.5.jar:?]
	at org.testcontainers.shaded.okhttp3.internal.http.RealInterceptorChain.proceed(RealInterceptorChain.java:117) ~[testcontainers-1.12.5.jar:?]
	at org.testcontainers.shaded.okhttp3.internal.cache.CacheInterceptor.intercept(CacheInterceptor.java:94) ~[testcontainers-1.12.5.jar:?]
	at org.testcontainers.shaded.okhttp3.internal.http.RealInterceptorChain.proceed(RealInterceptorChain.java:142) ~[testcontainers-1.12.5.jar:?]
	at org.testcontainers.shaded.okhttp3.internal.http.RealInterceptorChain.proceed(RealInterceptorChain.java:117) ~[testcontainers-1.12.5.jar:?]
	at org.testcontainers.shaded.okhttp3.internal.http.BridgeInterceptor.intercept(BridgeInterceptor.java:93) ~[testcontainers-1.12.5.jar:?]
	at org.testcontainers.shaded.okhttp3.internal.http.RealInterceptorChain.proceed(RealInterceptorChain.java:142) ~[testcontainers-1.12.5.jar:?]
	at org.testcontainers.shaded.okhttp3.internal.http.RetryAndFollowUpInterceptor.intercept(RetryAndFollowUpInterceptor.java:88) ~[testcontainers-1.12.5.jar:?]
	at org.testcontainers.shaded.okhttp3.internal.http.RealInterceptorChain.proceed(RealInterceptorChain.java:142) ~[testcontainers-1.12.5.jar:?]
	at org.testcontainers.shaded.okhttp3.internal.http.RealInterceptorChain.proceed(RealInterceptorChain.java:117) ~[testcontainers-1.12.5.jar:?]
	at org.testcontainers.shaded.okhttp3.RealCall.getResponseWithInterceptorChain(RealCall.java:229) ~[testcontainers-1.12.5.jar:?]
	at org.testcontainers.shaded.okhttp3.RealCall.execute(RealCall.java:81) ~[testcontainers-1.12.5.jar:?]
	at org.testcontainers.dockerclient.transport.okhttp.OkHttpInvocationBuilder.execute(OkHttpInvocationBuilder.java:270) ~[testcontainers-1.12.5.jar:?]
	at org.testcontainers.dockerclient.transport.okhttp.OkHttpInvocationBuilder.execute(OkHttpInvocationBuilder.java:265) ~[testcontainers-1.12.5.jar:?]
	at org.testcontainers.dockerclient.transport.okhttp.OkHttpInvocationBuilder.get(OkHttpInvocationBuilder.java:231) ~[testcontainers-1.12.5.jar:?]
	at org.testcontainers.dockerclient.transport.okhttp.OkHttpDockerCmdExecFactory$1.execute(OkHttpDockerCmdExecFactory.java:124) ~[testcontainers-1.12.5.jar:?]
	at org.testcontainers.dockerclient.transport.okhttp.OkHttpDockerCmdExecFactory$1.execute(OkHttpDockerCmdExecFactory.java:117) ~[testcontainers-1.12.5.jar:?]
	at com.github.dockerjava.core.exec.AbstrSyncDockerCmdExec.exec(AbstrSyncDockerCmdExec.java:21) ~[testcontainers-1.12.5.jar:?]
	at com.github.dockerjava.core.command.AbstrDockerCmd.exec(AbstrDockerCmd.java:35) ~[testcontainers-1.12.5.jar:?]
	at org.testcontainers.dockerclient.DockerClientProviderStrategy.lambda$null$4(DockerClientProviderStrategy.java:186) ~[testcontainers-1.12.5.jar:?]
	at org.rnorth.ducttape.ratelimits.RateLimiter.getWhenReady(RateLimiter.java:51) ~[duct-tape-1.0.8.jar:?]
	at org.testcontainers.dockerclient.DockerClientProviderStrategy.lambda$ping$5(DockerClientProviderStrategy.java:184) ~[testcontainers-1.12.5.jar:?]
	at org.rnorth.ducttape.unreliables.Unreliables.lambda$retryUntilSuccess$0(Unreliables.java:43) ~[duct-tape-1.0.8.jar:?]
	at java.util.concurrent.FutureTask.run(FutureTask.java:264) ~[?:?]
	at java.util.concurrent.ThreadPoolExecutor.runWorker(ThreadPoolExecutor.java:1128) ~[?:?]
	at java.util.concurrent.ThreadPoolExecutor$Worker.run(ThreadPoolExecutor.java:628) ~[?:?]
	at java.lang.Thread.run(Thread.java:829) ~[?:?]
2023-02-07 10:39:33 [main] ERROR org.testcontainers.dockerclient.DockerClientProviderStrategy:156 - Could not find a valid Docker environment. Please check configuration. Attempted configurations were:
2023-02-07 10:39:33 [main] ERROR org.testcontainers.dockerclient.DockerClientProviderStrategy:158 -     EnvironmentAndSystemPropertyClientProviderStrategy: failed with exception InvalidConfigurationException (ping failed)
2023-02-07 10:39:33 [main] ERROR org.testcontainers.dockerclient.DockerClientProviderStrategy:158 -     UnixSocketClientProviderStrategy: failed with exception InvalidConfigurationException (ping failed). Root cause LastErrorException ([13])
2023-02-07 10:39:33 [main] ERROR org.testcontainers.dockerclient.DockerClientProviderStrategy:158 -     ProxiedUnixSocketClientProviderStrategy: failed with exception InvalidConfigurationException (ping failed). Root cause TimeoutException (null)
2023-02-07 10:39:33 [main] ERROR org.testcontainers.dockerclient.DockerClientProviderStrategy:160 - As no valid configuration was found, execution cannot continue
[ERROR] Tests run: 1, Failures: 0, Errors: 1, Skipped: 0, Time elapsed: 30.701 s <<< FAILURE! - in cloud.localstack.awssdkv1.testcontainers.TestContainersSqsTest
[ERROR] sendAndReceiveMessageTest(cloud.localstack.awssdkv1.testcontainers.TestContainersSqsTest)  Time elapsed: 30.701 s  <<< ERROR!
org.testcontainers.containers.ContainerLaunchException: Container startup failed
	at cloud.localstack.awssdkv1.testcontainers.TestContainersSqsTest.startDockerImage(TestContainersSqsTest.java:123)
	at cloud.localstack.awssdkv1.testcontainers.TestContainersSqsTest.before(TestContainersSqsTest.java:47)
Caused by: org.testcontainers.containers.ContainerFetchException: Can't get Docker image: RemoteDockerImage(imageNameFuture=java.util.concurrent.CompletableFuture@1500e009[Completed normally], imagePullPolicy=DefaultPullPolicy(), dockerClient=LazyDockerClient.INSTANCE)
	at cloud.localstack.awssdkv1.testcontainers.TestContainersSqsTest.startDockerImage(TestContainersSqsTest.java:123)
	at cloud.localstack.awssdkv1.testcontainers.TestContainersSqsTest.before(TestContainersSqsTest.java:47)
Caused by: java.lang.IllegalStateException: Could not find a valid Docker environment. Please see logs and check configuration
	at cloud.localstack.awssdkv1.testcontainers.TestContainersSqsTest.startDockerImage(TestContainersSqsTest.java:123)
	at cloud.localstack.awssdkv1.testcontainers.TestContainersSqsTest.before(TestContainersSqsTest.java:47)

[INFO] Running cloud.localstack.awssdkv1.S3EventMappingTest
[INFO] Tests run: 1, Failures: 0, Errors: 0, Skipped: 0, Time elapsed: 0.017 s - in cloud.localstack.awssdkv1.S3EventMappingTest
[INFO] Running cloud.localstack.awssdkv1.SQSMessagingTest
Feb 07, 2023 10:39:33 AM cloud.localstack.docker.Container createLocalstackContainer
INFO: Pulling image localstack/localstack:latest
[ERROR] Tests run: 1, Failures: 0, Errors: 1, Skipped: 0, Time elapsed: 0.146 s <<< FAILURE! - in cloud.localstack.awssdkv1.SQSMessagingTest
[ERROR] cloud.localstack.awssdkv1.SQSMessagingTest  Time elapsed: 0.146 s  <<< ERROR!
cloud.localstack.docker.exception.LocalstackDockerException: Could not start the localstack docker container.
	at org.apache.maven.surefire.junit4.JUnit4Provider.execute(JUnit4Provider.java:365)
	at org.apache.maven.surefire.junit4.JUnit4Provider.executeWithRerun(JUnit4Provider.java:273)
	at org.apache.maven.surefire.junit4.JUnit4Provider.executeTestSet(JUnit4Provider.java:238)
	at org.apache.maven.surefire.junit4.JUnit4Provider.invoke(JUnit4Provider.java:159)
Caused by: java.lang.RuntimeException: 
Error status code 126 returned from process. Output: docker: Got permission denied while trying to connect to the Docker daemon socket at unix:///var/run/docker.sock: Post "http://%2Fvar%2Frun%2Fdocker.sock/v1.24/containers/create": dial unix /var/run/docker.sock: connect: permission denied.
See 'docker run --help'.
	at org.apache.maven.surefire.junit4.JUnit4Provider.execute(JUnit4Provider.java:365)
	at org.apache.maven.surefire.junit4.JUnit4Provider.executeWithRerun(JUnit4Provider.java:273)
	at org.apache.maven.surefire.junit4.JUnit4Provider.executeTestSet(JUnit4Provider.java:238)
	at org.apache.maven.surefire.junit4.JUnit4Provider.invoke(JUnit4Provider.java:159)

[INFO] Running cloud.localstack.awssdkv1.SESMessagingTest
Feb 07, 2023 10:39:33 AM cloud.localstack.docker.Container createLocalstackContainer
INFO: Pulling image localstack/localstack:latest
[ERROR] Tests run: 1, Failures: 0, Errors: 1, Skipped: 0, Time elapsed: 0.109 s <<< FAILURE! - in cloud.localstack.awssdkv1.SESMessagingTest
[ERROR] cloud.localstack.awssdkv1.SESMessagingTest  Time elapsed: 0.109 s  <<< ERROR!
cloud.localstack.docker.exception.LocalstackDockerException: Could not start the localstack docker container.
	at org.apache.maven.surefire.junit4.JUnit4Provider.execute(JUnit4Provider.java:365)
	at org.apache.maven.surefire.junit4.JUnit4Provider.executeWithRerun(JUnit4Provider.java:273)
	at org.apache.maven.surefire.junit4.JUnit4Provider.executeTestSet(JUnit4Provider.java:238)
	at org.apache.maven.surefire.junit4.JUnit4Provider.invoke(JUnit4Provider.java:159)
Caused by: java.lang.RuntimeException: 
Error status code 126 returned from process. Output: docker: Got permission denied while trying to connect to the Docker daemon socket at unix:///var/run/docker.sock: Post "http://%2Fvar%2Frun%2Fdocker.sock/v1.24/containers/create": dial unix /var/run/docker.sock: connect: permission denied.
See 'docker run --help'.
	at org.apache.maven.surefire.junit4.JUnit4Provider.execute(JUnit4Provider.java:365)
	at org.apache.maven.surefire.junit4.JUnit4Provider.executeWithRerun(JUnit4Provider.java:273)
	at org.apache.maven.surefire.junit4.JUnit4Provider.executeTestSet(JUnit4Provider.java:238)
	at org.apache.maven.surefire.junit4.JUnit4Provider.invoke(JUnit4Provider.java:159)

[INFO] Running cloud.localstack.awssdkv1.KMSTest
Feb 07, 2023 10:39:34 AM cloud.localstack.docker.Container createLocalstackContainer
INFO: Pulling image localstack/localstack:latest
[ERROR] Tests run: 1, Failures: 0, Errors: 1, Skipped: 0, Time elapsed: 0.582 s <<< FAILURE! - in cloud.localstack.awssdkv1.KMSTest
[ERROR] cloud.localstack.awssdkv1.KMSTest  Time elapsed: 0.582 s  <<< ERROR!
java.lang.Error: cloud.localstack.docker.exception.LocalstackDockerException: Could not start the localstack docker container.
	at org.apache.maven.surefire.junit4.JUnit4Provider.execute(JUnit4Provider.java:365)
	at org.apache.maven.surefire.junit4.JUnit4Provider.executeWithRerun(JUnit4Provider.java:273)
	at org.apache.maven.surefire.junit4.JUnit4Provider.executeTestSet(JUnit4Provider.java:238)
	at org.apache.maven.surefire.junit4.JUnit4Provider.invoke(JUnit4Provider.java:159)
Caused by: cloud.localstack.docker.exception.LocalstackDockerException: Could not start the localstack docker container.
	at org.apache.maven.surefire.junit4.JUnit4Provider.execute(JUnit4Provider.java:365)
	at org.apache.maven.surefire.junit4.JUnit4Provider.executeWithRerun(JUnit4Provider.java:273)
	at org.apache.maven.surefire.junit4.JUnit4Provider.executeTestSet(JUnit4Provider.java:238)
	at org.apache.maven.surefire.junit4.JUnit4Provider.invoke(JUnit4Provider.java:159)
Caused by: java.lang.RuntimeException: 
Error status code 126 returned from process. Output: docker: Got permission denied while trying to connect to the Docker daemon socket at unix:///var/run/docker.sock: Post "http://%2Fvar%2Frun%2Fdocker.sock/v1.24/containers/create": dial unix /var/run/docker.sock: connect: permission denied.
See 'docker run --help'.
	at org.apache.maven.surefire.junit4.JUnit4Provider.execute(JUnit4Provider.java:365)
	at org.apache.maven.surefire.junit4.JUnit4Provider.executeWithRerun(JUnit4Provider.java:273)
	at org.apache.maven.surefire.junit4.JUnit4Provider.executeTestSet(JUnit4Provider.java:238)
	at org.apache.maven.surefire.junit4.JUnit4Provider.invoke(JUnit4Provider.java:159)

[INFO] Running cloud.localstack.awssdkv1.KinesisConsumerTest
Feb 07, 2023 10:39:34 AM cloud.localstack.docker.Container createLocalstackContainer
INFO: Pulling image localstack/localstack:latest
[ERROR] Tests run: 1, Failures: 0, Errors: 1, Skipped: 0, Time elapsed: 0.088 s <<< FAILURE! - in cloud.localstack.awssdkv1.KinesisConsumerTest
[ERROR] cloud.localstack.awssdkv1.KinesisConsumerTest  Time elapsed: 0.088 s  <<< ERROR!
cloud.localstack.docker.exception.LocalstackDockerException: Could not start the localstack docker container.
	at org.apache.maven.surefire.junit4.JUnit4Provider.execute(JUnit4Provider.java:365)
	at org.apache.maven.surefire.junit4.JUnit4Provider.executeWithRerun(JUnit4Provider.java:273)
	at org.apache.maven.surefire.junit4.JUnit4Provider.executeTestSet(JUnit4Provider.java:238)
	at org.apache.maven.surefire.junit4.JUnit4Provider.invoke(JUnit4Provider.java:159)
Caused by: java.lang.RuntimeException: 
Error status code 126 returned from process. Output: docker: Got permission denied while trying to connect to the Docker daemon socket at unix:///var/run/docker.sock: Post "http://%2Fvar%2Frun%2Fdocker.sock/v1.24/containers/create": dial unix /var/run/docker.sock: connect: permission denied.
See 'docker run --help'.
	at org.apache.maven.surefire.junit4.JUnit4Provider.execute(JUnit4Provider.java:365)
	at org.apache.maven.surefire.junit4.JUnit4Provider.executeWithRerun(JUnit4Provider.java:273)
	at org.apache.maven.surefire.junit4.JUnit4Provider.executeTestSet(JUnit4Provider.java:238)
	at org.apache.maven.surefire.junit4.JUnit4Provider.invoke(JUnit4Provider.java:159)

[INFO] Running cloud.localstack.awssdkv1.PowerMockExampleTest
Feb 07, 2023 10:39:34 AM cloud.localstack.docker.Container createLocalstackContainer
INFO: Pulling image localstack/localstack:latest
[ERROR] Tests run: 1, Failures: 0, Errors: 1, Skipped: 0, Time elapsed: 0.203 s <<< FAILURE! - in cloud.localstack.awssdkv1.PowerMockExampleTest
[ERROR] cloud.localstack.awssdkv1.PowerMockExampleTest  Time elapsed: 0.203 s  <<< ERROR!
java.lang.Error: cloud.localstack.docker.exception.LocalstackDockerException: Could not start the localstack docker container.
	at org.apache.maven.surefire.junit4.JUnit4Provider.execute(JUnit4Provider.java:365)
	at org.apache.maven.surefire.junit4.JUnit4Provider.executeWithRerun(JUnit4Provider.java:273)
	at org.apache.maven.surefire.junit4.JUnit4Provider.executeTestSet(JUnit4Provider.java:238)
	at org.apache.maven.surefire.junit4.JUnit4Provider.invoke(JUnit4Provider.java:159)
Caused by: cloud.localstack.docker.exception.LocalstackDockerException: Could not start the localstack docker container.
	at org.apache.maven.surefire.junit4.JUnit4Provider.execute(JUnit4Provider.java:365)
	at org.apache.maven.surefire.junit4.JUnit4Provider.executeWithRerun(JUnit4Provider.java:273)
	at org.apache.maven.surefire.junit4.JUnit4Provider.executeTestSet(JUnit4Provider.java:238)
	at org.apache.maven.surefire.junit4.JUnit4Provider.invoke(JUnit4Provider.java:159)
Caused by: java.lang.RuntimeException: 
Error status code 126 returned from process. Output: docker: Got permission denied while trying to connect to the Docker daemon socket at unix:///var/run/docker.sock: Post "http://%2Fvar%2Frun%2Fdocker.sock/v1.24/containers/create": dial unix /var/run/docker.sock: connect: permission denied.
See 'docker run --help'.
	at org.apache.maven.surefire.junit4.JUnit4Provider.execute(JUnit4Provider.java:365)
	at org.apache.maven.surefire.junit4.JUnit4Provider.executeWithRerun(JUnit4Provider.java:273)
	at org.apache.maven.surefire.junit4.JUnit4Provider.executeTestSet(JUnit4Provider.java:238)
	at org.apache.maven.surefire.junit4.JUnit4Provider.invoke(JUnit4Provider.java:159)

[INFO] Running cloud.localstack.awssdkv1.PowerMockLocalStackExampleTest
Feb 07, 2023 10:39:35 AM cloud.localstack.docker.Container createLocalstackContainer
INFO: Pulling image localstack/localstack:latest
[ERROR] Tests run: 1, Failures: 0, Errors: 1, Skipped: 0, Time elapsed: 0.346 s <<< FAILURE! - in cloud.localstack.awssdkv1.PowerMockLocalStackExampleTest
[ERROR] cloud.localstack.awssdkv1.PowerMockLocalStackExampleTest  Time elapsed: 0.346 s  <<< ERROR!
java.lang.Error: cloud.localstack.docker.exception.LocalstackDockerException: Could not start the localstack docker container.
	at org.apache.maven.surefire.junit4.JUnit4Provider.execute(JUnit4Provider.java:365)
	at org.apache.maven.surefire.junit4.JUnit4Provider.executeWithRerun(JUnit4Provider.java:273)
	at org.apache.maven.surefire.junit4.JUnit4Provider.executeTestSet(JUnit4Provider.java:238)
	at org.apache.maven.surefire.junit4.JUnit4Provider.invoke(JUnit4Provider.java:159)
Caused by: cloud.localstack.docker.exception.LocalstackDockerException: Could not start the localstack docker container.
	at org.apache.maven.surefire.junit4.JUnit4Provider.execute(JUnit4Provider.java:365)
	at org.apache.maven.surefire.junit4.JUnit4Provider.executeWithRerun(JUnit4Provider.java:273)
	at org.apache.maven.surefire.junit4.JUnit4Provider.executeTestSet(JUnit4Provider.java:238)
	at org.apache.maven.surefire.junit4.JUnit4Provider.invoke(JUnit4Provider.java:159)
Caused by: java.lang.RuntimeException: 
Error status code 126 returned from process. Output: docker: Got permission denied while trying to connect to the Docker daemon socket at unix:///var/run/docker.sock: Post "http://%2Fvar%2Frun%2Fdocker.sock/v1.24/containers/create": dial unix /var/run/docker.sock: connect: permission denied.
See 'docker run --help'.
	at org.apache.maven.surefire.junit4.JUnit4Provider.execute(JUnit4Provider.java:365)
	at org.apache.maven.surefire.junit4.JUnit4Provider.executeWithRerun(JUnit4Provider.java:273)
	at org.apache.maven.surefire.junit4.JUnit4Provider.executeTestSet(JUnit4Provider.java:238)
	at org.apache.maven.surefire.junit4.JUnit4Provider.invoke(JUnit4Provider.java:159)

[INFO] Running cloud.localstack.awssdkv1.CWMetricsTest
Feb 07, 2023 10:39:35 AM cloud.localstack.docker.Container createLocalstackContainer
INFO: Pulling image localstack/localstack:latest
[ERROR] Tests run: 1, Failures: 0, Errors: 1, Skipped: 0, Time elapsed: 0.076 s <<< FAILURE! - in cloud.localstack.awssdkv1.CWMetricsTest
[ERROR] cloud.localstack.awssdkv1.CWMetricsTest  Time elapsed: 0.076 s  <<< ERROR!
cloud.localstack.docker.exception.LocalstackDockerException: Could not start the localstack docker container.
	at org.apache.maven.surefire.junit4.JUnit4Provider.execute(JUnit4Provider.java:365)
	at org.apache.maven.surefire.junit4.JUnit4Provider.executeWithRerun(JUnit4Provider.java:273)
	at org.apache.maven.surefire.junit4.JUnit4Provider.executeTestSet(JUnit4Provider.java:238)
	at org.apache.maven.surefire.junit4.JUnit4Provider.invoke(JUnit4Provider.java:159)
Caused by: java.lang.RuntimeException: 
Error status code 126 returned from process. Output: docker: Got permission denied while trying to connect to the Docker daemon socket at unix:///var/run/docker.sock: Post "http://%2Fvar%2Frun%2Fdocker.sock/v1.24/containers/create": dial unix /var/run/docker.sock: connect: permission denied.
See 'docker run --help'.
	at org.apache.maven.surefire.junit4.JUnit4Provider.execute(JUnit4Provider.java:365)
	at org.apache.maven.surefire.junit4.JUnit4Provider.executeWithRerun(JUnit4Provider.java:273)
	at org.apache.maven.surefire.junit4.JUnit4Provider.executeTestSet(JUnit4Provider.java:238)
	at org.apache.maven.surefire.junit4.JUnit4Provider.invoke(JUnit4Provider.java:159)

[INFO] Running cloud.localstack.awssdkv1.S3UploadTest
Feb 07, 2023 10:39:35 AM cloud.localstack.docker.Container createLocalstackContainer
INFO: Pulling image localstack/localstack:latest
[ERROR] Tests run: 1, Failures: 0, Errors: 1, Skipped: 0, Time elapsed: 0.077 s <<< FAILURE! - in cloud.localstack.awssdkv1.S3UploadTest
[ERROR] cloud.localstack.awssdkv1.S3UploadTest  Time elapsed: 0.077 s  <<< ERROR!
cloud.localstack.docker.exception.LocalstackDockerException: Could not start the localstack docker container.
	at org.apache.maven.surefire.junit4.JUnit4Provider.execute(JUnit4Provider.java:365)
	at org.apache.maven.surefire.junit4.JUnit4Provider.executeWithRerun(JUnit4Provider.java:273)
	at org.apache.maven.surefire.junit4.JUnit4Provider.executeTestSet(JUnit4Provider.java:238)
	at org.apache.maven.surefire.junit4.JUnit4Provider.invoke(JUnit4Provider.java:159)
Caused by: java.lang.RuntimeException: 
Error status code 126 returned from process. Output: docker: Got permission denied while trying to connect to the Docker daemon socket at unix:///var/run/docker.sock: Post "http://%2Fvar%2Frun%2Fdocker.sock/v1.24/containers/create": dial unix /var/run/docker.sock: connect: permission denied.
See 'docker run --help'.
	at org.apache.maven.surefire.junit4.JUnit4Provider.execute(JUnit4Provider.java:365)
	at org.apache.maven.surefire.junit4.JUnit4Provider.executeWithRerun(JUnit4Provider.java:273)
	at org.apache.maven.surefire.junit4.JUnit4Provider.executeTestSet(JUnit4Provider.java:238)
	at org.apache.maven.surefire.junit4.JUnit4Provider.invoke(JUnit4Provider.java:159)

[INFO] Running cloud.localstack.awssdkv1.S3FeaturesTest
Feb 07, 2023 10:39:35 AM cloud.localstack.docker.Container createLocalstackContainer
INFO: Pulling image localstack/localstack:latest
[ERROR] Tests run: 1, Failures: 0, Errors: 1, Skipped: 0, Time elapsed: 0.104 s <<< FAILURE! - in cloud.localstack.awssdkv1.S3FeaturesTest
[ERROR] cloud.localstack.awssdkv1.S3FeaturesTest  Time elapsed: 0.103 s  <<< ERROR!
cloud.localstack.docker.exception.LocalstackDockerException: Could not start the localstack docker container.
	at org.apache.maven.surefire.junit4.JUnit4Provider.execute(JUnit4Provider.java:365)
	at org.apache.maven.surefire.junit4.JUnit4Provider.executeWithRerun(JUnit4Provider.java:273)
	at org.apache.maven.surefire.junit4.JUnit4Provider.executeTestSet(JUnit4Provider.java:238)
	at org.apache.maven.surefire.junit4.JUnit4Provider.invoke(JUnit4Provider.java:159)
Caused by: java.lang.RuntimeException: 
Error status code 126 returned from process. Output: docker: Got permission denied while trying to connect to the Docker daemon socket at unix:///var/run/docker.sock: Post "http://%2Fvar%2Frun%2Fdocker.sock/v1.24/containers/create": dial unix /var/run/docker.sock: connect: permission denied.
See 'docker run --help'.
	at org.apache.maven.surefire.junit4.JUnit4Provider.execute(JUnit4Provider.java:365)
	at org.apache.maven.surefire.junit4.JUnit4Provider.executeWithRerun(JUnit4Provider.java:273)
	at org.apache.maven.surefire.junit4.JUnit4Provider.executeTestSet(JUnit4Provider.java:238)
	at org.apache.maven.surefire.junit4.JUnit4Provider.invoke(JUnit4Provider.java:159)

[INFO] Running cloud.localstack.awssdkv1.IAMTest
Feb 07, 2023 10:39:35 AM cloud.localstack.docker.Container createLocalstackContainer
INFO: Pulling image localstack/localstack:latest
[ERROR] Tests run: 1, Failures: 0, Errors: 1, Skipped: 0, Time elapsed: 0.116 s <<< FAILURE! - in cloud.localstack.awssdkv1.IAMTest
[ERROR] cloud.localstack.awssdkv1.IAMTest  Time elapsed: 0.116 s  <<< ERROR!
cloud.localstack.docker.exception.LocalstackDockerException: Could not start the localstack docker container.
	at org.apache.maven.surefire.junit4.JUnit4Provider.execute(JUnit4Provider.java:365)
	at org.apache.maven.surefire.junit4.JUnit4Provider.executeWithRerun(JUnit4Provider.java:273)
	at org.apache.maven.surefire.junit4.JUnit4Provider.executeTestSet(JUnit4Provider.java:238)
	at org.apache.maven.surefire.junit4.JUnit4Provider.invoke(JUnit4Provider.java:159)
Caused by: java.lang.RuntimeException: 
Error status code 126 returned from process. Output: docker: Got permission denied while trying to connect to the Docker daemon socket at unix:///var/run/docker.sock: Post "http://%2Fvar%2Frun%2Fdocker.sock/v1.24/containers/create": dial unix /var/run/docker.sock: connect: permission denied.
See 'docker run --help'.
	at org.apache.maven.surefire.junit4.JUnit4Provider.execute(JUnit4Provider.java:365)
	at org.apache.maven.surefire.junit4.JUnit4Provider.executeWithRerun(JUnit4Provider.java:273)
	at org.apache.maven.surefire.junit4.JUnit4Provider.executeTestSet(JUnit4Provider.java:238)
	at org.apache.maven.surefire.junit4.JUnit4Provider.invoke(JUnit4Provider.java:159)

[INFO] Running cloud.localstack.deprecated.BasicFunctionalityTest
[WARNING] Tests run: 1, Failures: 0, Errors: 0, Skipped: 1, Time elapsed: 0 s - in cloud.localstack.deprecated.BasicFunctionalityTest
[INFO] Running cloud.localstack.deprecated.PortBindingTest
[WARNING] Tests run: 1, Failures: 0, Errors: 0, Skipped: 1, Time elapsed: 0 s - in cloud.localstack.deprecated.PortBindingTest
[INFO] Running cloud.localstack.docker.LocalstackDockerPropertiesWithBindMountTest
Feb 07, 2023 10:39:35 AM cloud.localstack.docker.Container createLocalstackContainer
INFO: Pulling image localstack/localstack:latest
[ERROR] Tests run: 1, Failures: 0, Errors: 1, Skipped: 0, Time elapsed: 0.103 s <<< FAILURE! - in cloud.localstack.docker.LocalstackDockerPropertiesWithBindMountTest
[ERROR] cloud.localstack.docker.LocalstackDockerPropertiesWithBindMountTest  Time elapsed: 0.103 s  <<< ERROR!
cloud.localstack.docker.exception.LocalstackDockerException: Could not start the localstack docker container.
	at org.apache.maven.surefire.junit4.JUnit4Provider.execute(JUnit4Provider.java:365)
	at org.apache.maven.surefire.junit4.JUnit4Provider.executeWithRerun(JUnit4Provider.java:273)
	at org.apache.maven.surefire.junit4.JUnit4Provider.executeTestSet(JUnit4Provider.java:238)
	at org.apache.maven.surefire.junit4.JUnit4Provider.invoke(JUnit4Provider.java:159)
Caused by: java.lang.RuntimeException: 
Error status code 126 returned from process. Output: docker: Got permission denied while trying to connect to the Docker daemon socket at unix:///var/run/docker.sock: Post "http://%2Fvar%2Frun%2Fdocker.sock/v1.24/containers/create": dial unix /var/run/docker.sock: connect: permission denied.
See 'docker run --help'.
	at org.apache.maven.surefire.junit4.JUnit4Provider.execute(JUnit4Provider.java:365)
	at org.apache.maven.surefire.junit4.JUnit4Provider.executeWithRerun(JUnit4Provider.java:273)
	at org.apache.maven.surefire.junit4.JUnit4Provider.executeTestSet(JUnit4Provider.java:238)
	at org.apache.maven.surefire.junit4.JUnit4Provider.invoke(JUnit4Provider.java:159)

[INFO] Running cloud.localstack.docker.BasicDockerFunctionalityTest
Feb 07, 2023 10:39:35 AM cloud.localstack.docker.Container createLocalstackContainer
INFO: Pulling image localstack/localstack:latest
[ERROR] Tests run: 1, Failures: 0, Errors: 1, Skipped: 0, Time elapsed: 0.094 s <<< FAILURE! - in cloud.localstack.docker.BasicDockerFunctionalityTest
[ERROR] cloud.localstack.docker.BasicDockerFunctionalityTest  Time elapsed: 0.093 s  <<< ERROR!
cloud.localstack.docker.exception.LocalstackDockerException: Could not start the localstack docker container.
	at org.apache.maven.surefire.junit4.JUnit4Provider.execute(JUnit4Provider.java:365)
	at org.apache.maven.surefire.junit4.JUnit4Provider.executeWithRerun(JUnit4Provider.java:273)
	at org.apache.maven.surefire.junit4.JUnit4Provider.executeTestSet(JUnit4Provider.java:238)
	at org.apache.maven.surefire.junit4.JUnit4Provider.invoke(JUnit4Provider.java:159)
Caused by: java.lang.RuntimeException: 
Error status code 126 returned from process. Output: docker: Got permission denied while trying to connect to the Docker daemon socket at unix:///var/run/docker.sock: Post "http://%2Fvar%2Frun%2Fdocker.sock/v1.24/containers/create": dial unix /var/run/docker.sock: connect: permission denied.
See 'docker run --help'.
	at org.apache.maven.surefire.junit4.JUnit4Provider.execute(JUnit4Provider.java:365)
	at org.apache.maven.surefire.junit4.JUnit4Provider.executeWithRerun(JUnit4Provider.java:273)
	at org.apache.maven.surefire.junit4.JUnit4Provider.executeTestSet(JUnit4Provider.java:238)
	at org.apache.maven.surefire.junit4.JUnit4Provider.invoke(JUnit4Provider.java:159)

[INFO] Running cloud.localstack.docker.LocalstackDockerPropertiesWithImageNameTest
Feb 07, 2023 10:39:35 AM cloud.localstack.docker.Container createLocalstackContainer
INFO: Pulling image localstack/localstack-full:latest
[ERROR] Tests run: 1, Failures: 0, Errors: 1, Skipped: 0, Time elapsed: 0.111 s <<< FAILURE! - in cloud.localstack.docker.LocalstackDockerPropertiesWithImageNameTest
[ERROR] cloud.localstack.docker.LocalstackDockerPropertiesWithImageNameTest  Time elapsed: 0.111 s  <<< ERROR!
cloud.localstack.docker.exception.LocalstackDockerException: Could not start the localstack docker container.
	at org.apache.maven.surefire.junit4.JUnit4Provider.execute(JUnit4Provider.java:365)
	at org.apache.maven.surefire.junit4.JUnit4Provider.executeWithRerun(JUnit4Provider.java:273)
	at org.apache.maven.surefire.junit4.JUnit4Provider.executeTestSet(JUnit4Provider.java:238)
	at org.apache.maven.surefire.junit4.JUnit4Provider.invoke(JUnit4Provider.java:159)
Caused by: java.lang.RuntimeException: 
Error status code 126 returned from process. Output: docker: Got permission denied while trying to connect to the Docker daemon socket at unix:///var/run/docker.sock: Post "http://%2Fvar%2Frun%2Fdocker.sock/v1.24/containers/create": dial unix /var/run/docker.sock: connect: permission denied.
See 'docker run --help'.
	at org.apache.maven.surefire.junit4.JUnit4Provider.execute(JUnit4Provider.java:365)
	at org.apache.maven.surefire.junit4.JUnit4Provider.executeWithRerun(JUnit4Provider.java:273)
	at org.apache.maven.surefire.junit4.JUnit4Provider.executeTestSet(JUnit4Provider.java:238)
	at org.apache.maven.surefire.junit4.JUnit4Provider.invoke(JUnit4Provider.java:159)

[INFO] Running cloud.localstack.docker.DockerOnlySQSFunctionalityTest
Feb 07, 2023 10:39:36 AM cloud.localstack.docker.Container createLocalstackContainer
INFO: Pulling image localstack/localstack:latest
[ERROR] Tests run: 1, Failures: 0, Errors: 1, Skipped: 0, Time elapsed: 0.111 s <<< FAILURE! - in cloud.localstack.docker.DockerOnlySQSFunctionalityTest
[ERROR] cloud.localstack.docker.DockerOnlySQSFunctionalityTest  Time elapsed: 0.111 s  <<< ERROR!
cloud.localstack.docker.exception.LocalstackDockerException: Could not start the localstack docker container.
	at org.apache.maven.surefire.junit4.JUnit4Provider.execute(JUnit4Provider.java:365)
	at org.apache.maven.surefire.junit4.JUnit4Provider.executeWithRerun(JUnit4Provider.java:273)
	at org.apache.maven.surefire.junit4.JUnit4Provider.executeTestSet(JUnit4Provider.java:238)
	at org.apache.maven.surefire.junit4.JUnit4Provider.invoke(JUnit4Provider.java:159)
Caused by: java.lang.RuntimeException: 
Error status code 126 returned from process. Output: docker: Got permission denied while trying to connect to the Docker daemon socket at unix:///var/run/docker.sock: Post "http://%2Fvar%2Frun%2Fdocker.sock/v1.24/containers/create": dial unix /var/run/docker.sock: connect: permission denied.
See 'docker run --help'.
	at org.apache.maven.surefire.junit4.JUnit4Provider.execute(JUnit4Provider.java:365)
	at org.apache.maven.surefire.junit4.JUnit4Provider.executeWithRerun(JUnit4Provider.java:273)
	at org.apache.maven.surefire.junit4.JUnit4Provider.executeTestSet(JUnit4Provider.java:238)
	at org.apache.maven.surefire.junit4.JUnit4Provider.invoke(JUnit4Provider.java:159)

[INFO] Running cloud.localstack.docker.LocalstackDockerTest
Feb 07, 2023 10:39:36 AM cloud.localstack.docker.Container createLocalstackContainer
INFO: Pulling image localstack/localstack:latest
Feb 07, 2023 10:39:36 AM cloud.localstack.docker.Container createLocalstackContainer
INFO: Pulling image localstack/localstack:latest
Feb 07, 2023 10:39:36 AM cloud.localstack.docker.Container createLocalstackContainer
INFO: Pulling image localstack/localstack:latest
[ERROR] Tests run: 3, Failures: 0, Errors: 3, Skipped: 0, Time elapsed: 0.331 s <<< FAILURE! - in cloud.localstack.docker.LocalstackDockerTest
[ERROR] startup(cloud.localstack.docker.LocalstackDockerTest)  Time elapsed: 0.1 s  <<< ERROR!
cloud.localstack.docker.exception.LocalstackDockerException: Could not start the localstack docker container.
	at cloud.localstack.docker.LocalstackDockerTest.startup(LocalstackDockerTest.java:29)
Caused by: java.lang.RuntimeException: 
Error status code 126 returned from process. Output: docker: Got permission denied while trying to connect to the Docker daemon socket at unix:///var/run/docker.sock: Post "http://%2Fvar%2Frun%2Fdocker.sock/v1.24/containers/create": dial unix /var/run/docker.sock: connect: permission denied.
See 'docker run --help'.
	at cloud.localstack.docker.LocalstackDockerTest.startup(LocalstackDockerTest.java:29)

[ERROR] stop(cloud.localstack.docker.LocalstackDockerTest)  Time elapsed: 0.119 s  <<< ERROR!
cloud.localstack.docker.exception.LocalstackDockerException: Could not start the localstack docker container.
	at cloud.localstack.docker.LocalstackDockerTest.stop(LocalstackDockerTest.java:48)
Caused by: java.lang.RuntimeException: 
Error status code 126 returned from process. Output: docker: Got permission denied while trying to connect to the Docker daemon socket at unix:///var/run/docker.sock: Post "http://%2Fvar%2Frun%2Fdocker.sock/v1.24/containers/create": dial unix /var/run/docker.sock: connect: permission denied.
See 'docker run --help'.
	at cloud.localstack.docker.LocalstackDockerTest.stop(LocalstackDockerTest.java:48)

[ERROR] restart(cloud.localstack.docker.LocalstackDockerTest)  Time elapsed: 0.107 s  <<< ERROR!
cloud.localstack.docker.exception.LocalstackDockerException: Could not start the localstack docker container.
	at cloud.localstack.docker.LocalstackDockerTest.restart(LocalstackDockerTest.java:58)
Caused by: java.lang.RuntimeException: 
Error status code 126 returned from process. Output: docker: Got permission denied while trying to connect to the Docker daemon socket at unix:///var/run/docker.sock: Post "http://%2Fvar%2Frun%2Fdocker.sock/v1.24/containers/create": dial unix /var/run/docker.sock: connect: permission denied.
See 'docker run --help'.
	at cloud.localstack.docker.LocalstackDockerTest.restart(LocalstackDockerTest.java:58)

[INFO] Running cloud.localstack.docker.ContainerTest
Feb 07, 2023 10:39:36 AM cloud.localstack.docker.Container createLocalstackContainer
INFO: Pulling image localstack/localstack-full:latest
Feb 07, 2023 10:39:36 AM cloud.localstack.docker.Container createLocalstackContainer
INFO: Pulling image localstack/localstack:latest
Feb 07, 2023 10:39:36 AM cloud.localstack.docker.Container createLocalstackContainer
INFO: Pulling image localstack/localstack:latest
Feb 07, 2023 10:39:36 AM cloud.localstack.docker.Container createLocalstackContainer
INFO: Pulling image localstack/localstack:latest
Feb 07, 2023 10:39:36 AM cloud.localstack.docker.Container createLocalstackContainer
INFO: Pulling image localstack/localstack:latest
[ERROR] Tests run: 5, Failures: 0, Errors: 5, Skipped: 0, Time elapsed: 0.571 s <<< FAILURE! - in cloud.localstack.docker.ContainerTest
[ERROR] createLocalstackContainerWithFullImage(cloud.localstack.docker.ContainerTest)  Time elapsed: 0.094 s  <<< ERROR!
java.lang.RuntimeException: 
Error status code 126 returned from process. Output: docker: Got permission denied while trying to connect to the Docker daemon socket at unix:///var/run/docker.sock: Post "http://%2Fvar%2Frun%2Fdocker.sock/v1.24/containers/create": dial unix /var/run/docker.sock: connect: permission denied.
See 'docker run --help'.
	at cloud.localstack.docker.ContainerTest.createLocalstackContainerWithFullImage(ContainerTest.java:62)

[ERROR] createLocalstackContainer(cloud.localstack.docker.ContainerTest)  Time elapsed: 0.128 s  <<< ERROR!
java.lang.RuntimeException: 
Error status code 126 returned from process. Output: docker: Got permission denied while trying to connect to the Docker daemon socket at unix:///var/run/docker.sock: Post "http://%2Fvar%2Frun%2Fdocker.sock/v1.24/containers/create": dial unix /var/run/docker.sock: connect: permission denied.
See 'docker run --help'.
	at cloud.localstack.docker.ContainerTest.createLocalstackContainer(ContainerTest.java:34)

[ERROR] createLocalstackContainerWithScriptMounted(cloud.localstack.docker.ContainerTest)  Time elapsed: 0.084 s  <<< ERROR!
java.lang.RuntimeException: 
Error status code 126 returned from process. Output: docker: Got permission denied while trying to connect to the Docker daemon socket at unix:///var/run/docker.sock: Post "http://%2Fvar%2Frun%2Fdocker.sock/v1.24/containers/create": dial unix /var/run/docker.sock: connect: permission denied.
See 'docker run --help'.
	at cloud.localstack.docker.ContainerTest.createLocalstackContainerWithScriptMounted(ContainerTest.java:82)

[ERROR] createLocalstackContainerWithCustomPorts(cloud.localstack.docker.ContainerTest)  Time elapsed: 0.146 s  <<< ERROR!
java.lang.RuntimeException: 
Error status code 126 returned from process. Output: docker: Got permission denied while trying to connect to the Docker daemon socket at unix:///var/run/docker.sock: Post "http://%2Fvar%2Frun%2Fdocker.sock/v1.24/containers/create": dial unix /var/run/docker.sock: connect: permission denied.
See 'docker run --help'.
	at cloud.localstack.docker.ContainerTest.createLocalstackContainerWithCustomPorts(ContainerTest.java:111)

[ERROR] createLocalstackContainerWithRandomPorts(cloud.localstack.docker.ContainerTest)  Time elapsed: 0.117 s  <<< ERROR!
java.lang.RuntimeException: 
Error status code 126 returned from process. Output: docker: Got permission denied while trying to connect to the Docker daemon socket at unix:///var/run/docker.sock: Post "http://%2Fvar%2Frun%2Fdocker.sock/v1.24/containers/create": dial unix /var/run/docker.sock: connect: permission denied.
See 'docker run --help'.
	at cloud.localstack.docker.ContainerTest.createLocalstackContainerWithRandomPorts(ContainerTest.java:128)

[INFO] Running cloud.localstack.awssdkv2.KinesisSchedulerTest
Feb 07, 2023 10:39:37 AM cloud.localstack.docker.Container createLocalstackContainer
INFO: Pulling image localstack/localstack:latest
[ERROR] Tests run: 1, Failures: 0, Errors: 1, Skipped: 0, Time elapsed: 0.848 s <<< FAILURE! - in cloud.localstack.awssdkv2.KinesisSchedulerTest
[ERROR] cloud.localstack.awssdkv2.KinesisSchedulerTest  Time elapsed: 0.848 s  <<< ERROR!
java.lang.Error: cloud.localstack.docker.exception.LocalstackDockerException: Could not start the localstack docker container.
	at org.apache.maven.surefire.junit4.JUnit4Provider.execute(JUnit4Provider.java:365)
	at org.apache.maven.surefire.junit4.JUnit4Provider.executeWithRerun(JUnit4Provider.java:273)
	at org.apache.maven.surefire.junit4.JUnit4Provider.executeTestSet(JUnit4Provider.java:238)
	at org.apache.maven.surefire.junit4.JUnit4Provider.invoke(JUnit4Provider.java:159)
Caused by: cloud.localstack.docker.exception.LocalstackDockerException: Could not start the localstack docker container.
	at org.apache.maven.surefire.junit4.JUnit4Provider.execute(JUnit4Provider.java:365)
	at org.apache.maven.surefire.junit4.JUnit4Provider.executeWithRerun(JUnit4Provider.java:273)
	at org.apache.maven.surefire.junit4.JUnit4Provider.executeTestSet(JUnit4Provider.java:238)
	at org.apache.maven.surefire.junit4.JUnit4Provider.invoke(JUnit4Provider.java:159)
Caused by: java.lang.RuntimeException: 
Error status code 126 returned from process. Output: docker: Got permission denied while trying to connect to the Docker daemon socket at unix:///var/run/docker.sock: Post "http://%2Fvar%2Frun%2Fdocker.sock/v1.24/containers/create": dial unix /var/run/docker.sock: connect: permission denied.
See 'docker run --help'.
	at org.apache.maven.surefire.junit4.JUnit4Provider.execute(JUnit4Provider.java:365)
	at org.apache.maven.surefire.junit4.JUnit4Provider.executeWithRerun(JUnit4Provider.java:273)
	at org.apache.maven.surefire.junit4.JUnit4Provider.executeTestSet(JUnit4Provider.java:238)
	at org.apache.maven.surefire.junit4.JUnit4Provider.invoke(JUnit4Provider.java:159)

[INFO] Running cloud.localstack.awssdkv2.BasicFeaturesSDKV2Test
Feb 07, 2023 10:39:37 AM cloud.localstack.docker.Container createLocalstackContainer
INFO: Pulling image localstack/localstack:latest
[ERROR] Tests run: 1, Failures: 0, Errors: 1, Skipped: 0, Time elapsed: 0.122 s <<< FAILURE! - in cloud.localstack.awssdkv2.BasicFeaturesSDKV2Test
[ERROR] cloud.localstack.awssdkv2.BasicFeaturesSDKV2Test  Time elapsed: 0.121 s  <<< ERROR!
cloud.localstack.docker.exception.LocalstackDockerException: Could not start the localstack docker container.
	at org.apache.maven.surefire.junit4.JUnit4Provider.execute(JUnit4Provider.java:365)
	at org.apache.maven.surefire.junit4.JUnit4Provider.executeWithRerun(JUnit4Provider.java:273)
	at org.apache.maven.surefire.junit4.JUnit4Provider.executeTestSet(JUnit4Provider.java:238)
	at org.apache.maven.surefire.junit4.JUnit4Provider.invoke(JUnit4Provider.java:159)
Caused by: java.lang.RuntimeException: 
Error status code 126 returned from process. Output: docker: Got permission denied while trying to connect to the Docker daemon socket at unix:///var/run/docker.sock: Post "http://%2Fvar%2Frun%2Fdocker.sock/v1.24/containers/create": dial unix /var/run/docker.sock: connect: permission denied.
See 'docker run --help'.
	at org.apache.maven.surefire.junit4.JUnit4Provider.execute(JUnit4Provider.java:365)
	at org.apache.maven.surefire.junit4.JUnit4Provider.executeWithRerun(JUnit4Provider.java:273)
	at org.apache.maven.surefire.junit4.JUnit4Provider.executeTestSet(JUnit4Provider.java:238)
	at org.apache.maven.surefire.junit4.JUnit4Provider.invoke(JUnit4Provider.java:159)

[INFO] Running cloud.localstack.awssdkv2.PowerMockLocalStackExampleTest
Feb 07, 2023 10:39:38 AM cloud.localstack.docker.Container createLocalstackContainer
INFO: Pulling image localstack/localstack:latest
[ERROR] Tests run: 1, Failures: 0, Errors: 1, Skipped: 0, Time elapsed: 0.75 s <<< FAILURE! - in cloud.localstack.awssdkv2.PowerMockLocalStackExampleTest
[ERROR] cloud.localstack.awssdkv2.PowerMockLocalStackExampleTest  Time elapsed: 0.75 s  <<< ERROR!
java.lang.Error: cloud.localstack.docker.exception.LocalstackDockerException: Could not start the localstack docker container.
	at org.apache.maven.surefire.junit4.JUnit4Provider.execute(JUnit4Provider.java:365)
	at org.apache.maven.surefire.junit4.JUnit4Provider.executeWithRerun(JUnit4Provider.java:273)
	at org.apache.maven.surefire.junit4.JUnit4Provider.executeTestSet(JUnit4Provider.java:238)
	at org.apache.maven.surefire.junit4.JUnit4Provider.invoke(JUnit4Provider.java:159)
Caused by: cloud.localstack.docker.exception.LocalstackDockerException: Could not start the localstack docker container.
	at org.apache.maven.surefire.junit4.JUnit4Provider.execute(JUnit4Provider.java:365)
	at org.apache.maven.surefire.junit4.JUnit4Provider.executeWithRerun(JUnit4Provider.java:273)
	at org.apache.maven.surefire.junit4.JUnit4Provider.executeTestSet(JUnit4Provider.java:238)
	at org.apache.maven.surefire.junit4.JUnit4Provider.invoke(JUnit4Provider.java:159)
Caused by: java.lang.RuntimeException: 
Error status code 126 returned from process. Output: docker: Got permission denied while trying to connect to the Docker daemon socket at unix:///var/run/docker.sock: Post "http://%2Fvar%2Frun%2Fdocker.sock/v1.24/containers/create": dial unix /var/run/docker.sock: connect: permission denied.
See 'docker run --help'.
	at org.apache.maven.surefire.junit4.JUnit4Provider.execute(JUnit4Provider.java:365)
	at org.apache.maven.surefire.junit4.JUnit4Provider.executeWithRerun(JUnit4Provider.java:273)
	at org.apache.maven.surefire.junit4.JUnit4Provider.executeTestSet(JUnit4Provider.java:238)
	at org.apache.maven.surefire.junit4.JUnit4Provider.invoke(JUnit4Provider.java:159)

[INFO] Running cloud.localstack.awssdkv2.ProFeaturesSDKV2Test
Feb 07, 2023 10:39:38 AM cloud.localstack.docker.Container createLocalstackContainer
INFO: Pulling image localstack/localstack:latest
[ERROR] Tests run: 1, Failures: 0, Errors: 1, Skipped: 0, Time elapsed: 0.115 s <<< FAILURE! - in cloud.localstack.awssdkv2.ProFeaturesSDKV2Test
[ERROR] cloud.localstack.awssdkv2.ProFeaturesSDKV2Test  Time elapsed: 0.115 s  <<< ERROR!
cloud.localstack.docker.exception.LocalstackDockerException: Could not start the localstack docker container.
	at org.apache.maven.surefire.junit4.JUnit4Provider.execute(JUnit4Provider.java:365)
	at org.apache.maven.surefire.junit4.JUnit4Provider.executeWithRerun(JUnit4Provider.java:273)
	at org.apache.maven.surefire.junit4.JUnit4Provider.executeTestSet(JUnit4Provider.java:238)
	at org.apache.maven.surefire.junit4.JUnit4Provider.invoke(JUnit4Provider.java:159)
Caused by: java.lang.RuntimeException: 
Error status code 126 returned from process. Output: docker: Got permission denied while trying to connect to the Docker daemon socket at unix:///var/run/docker.sock: Post "http://%2Fvar%2Frun%2Fdocker.sock/v1.24/containers/create": dial unix /var/run/docker.sock: connect: permission denied.
See 'docker run --help'.
	at org.apache.maven.surefire.junit4.JUnit4Provider.execute(JUnit4Provider.java:365)
	at org.apache.maven.surefire.junit4.JUnit4Provider.executeWithRerun(JUnit4Provider.java:273)
	at org.apache.maven.surefire.junit4.JUnit4Provider.executeTestSet(JUnit4Provider.java:238)
	at org.apache.maven.surefire.junit4.JUnit4Provider.invoke(JUnit4Provider.java:159)

[INFO] Running cloud.localstack.awssdkv2.KinesisV2ConsumerTest
Feb 07, 2023 10:39:38 AM cloud.localstack.docker.Container createLocalstackContainer
INFO: Pulling image localstack/localstack:latest
[ERROR] Tests run: 1, Failures: 0, Errors: 1, Skipped: 0, Time elapsed: 0.107 s <<< FAILURE! - in cloud.localstack.awssdkv2.KinesisV2ConsumerTest
[ERROR] cloud.localstack.awssdkv2.KinesisV2ConsumerTest  Time elapsed: 0.106 s  <<< ERROR!
cloud.localstack.docker.exception.LocalstackDockerException: Could not start the localstack docker container.
	at org.apache.maven.surefire.junit4.JUnit4Provider.execute(JUnit4Provider.java:365)
	at org.apache.maven.surefire.junit4.JUnit4Provider.executeWithRerun(JUnit4Provider.java:273)
	at org.apache.maven.surefire.junit4.JUnit4Provider.executeTestSet(JUnit4Provider.java:238)
	at org.apache.maven.surefire.junit4.JUnit4Provider.invoke(JUnit4Provider.java:159)
Caused by: java.lang.RuntimeException: 
Error status code 126 returned from process. Output: docker: Got permission denied while trying to connect to the Docker daemon socket at unix:///var/run/docker.sock: Post "http://%2Fvar%2Frun%2Fdocker.sock/v1.24/containers/create": dial unix /var/run/docker.sock: connect: permission denied.
See 'docker run --help'.
	at org.apache.maven.surefire.junit4.JUnit4Provider.execute(JUnit4Provider.java:365)
	at org.apache.maven.surefire.junit4.JUnit4Provider.executeWithRerun(JUnit4Provider.java:273)
	at org.apache.maven.surefire.junit4.JUnit4Provider.executeTestSet(JUnit4Provider.java:238)
	at org.apache.maven.surefire.junit4.JUnit4Provider.invoke(JUnit4Provider.java:159)

[INFO] 
[INFO] Results:
[INFO] 
[ERROR] Errors: 
[ERROR]   TestContainersSqsTest.before:47->startDockerImage:123 » ContainerLaunch Contai...
[ERROR]   ContainerTest.createLocalstackContainer:34 » Runtime Error status code 126 ret...
[ERROR]   ContainerTest.createLocalstackContainerWithCustomPorts:111 » Runtime Error sta...
[ERROR]   ContainerTest.createLocalstackContainerWithFullImage:62 » Runtime Error status...
[ERROR]   ContainerTest.createLocalstackContainerWithRandomPorts:128 » Runtime Error sta...
[ERROR]   ContainerTest.createLocalstackContainerWithScriptMounted:82 » Runtime Error st...
[ERROR]   LocalstackDockerTest.restart:58 » LocalstackDocker Could not start the localst...
[ERROR]   LocalstackDockerTest.startup:29 » LocalstackDocker Could not start the localst...
[ERROR]   LocalstackDockerTest.stop:48 » LocalstackDocker Could not start the localstack...
[ERROR]   JUnit4Provider.invoke:159->executeTestSet:238->executeWithRerun:273->execute:365 » LocalstackDocker
[ERROR]   JUnit4Provider.invoke:159->executeTestSet:238->executeWithRerun:273->execute:365 » LocalstackDocker
[ERROR]   JUnit4Provider.invoke:159->executeTestSet:238->executeWithRerun:273->execute:365 » LocalstackDocker
[ERROR]   JUnit4Provider.invoke:159->executeTestSet:238->executeWithRerun:273->execute:365 » 
[ERROR]   JUnit4Provider.invoke:159->executeTestSet:238->executeWithRerun:273->execute:365 » LocalstackDocker
[ERROR]   JUnit4Provider.invoke:159->executeTestSet:238->executeWithRerun:273->execute:365 » 
[ERROR]   JUnit4Provider.invoke:159->executeTestSet:238->executeWithRerun:273->execute:365 » 
[ERROR]   JUnit4Provider.invoke:159->executeTestSet:238->executeWithRerun:273->execute:365 » LocalstackDocker
[ERROR]   JUnit4Provider.invoke:159->executeTestSet:238->executeWithRerun:273->execute:365 » LocalstackDocker
[ERROR]   JUnit4Provider.invoke:159->executeTestSet:238->executeWithRerun:273->execute:365 » LocalstackDocker
[ERROR]   JUnit4Provider.invoke:159->executeTestSet:238->executeWithRerun:273->execute:365 » LocalstackDocker
[ERROR]   JUnit4Provider.invoke:159->executeTestSet:238->executeWithRerun:273->execute:365 » LocalstackDocker
[ERROR]   JUnit4Provider.invoke:159->executeTestSet:238->executeWithRerun:273->execute:365 » LocalstackDocker
[ERROR]   JUnit4Provider.invoke:159->executeTestSet:238->executeWithRerun:273->execute:365 » 
[ERROR]   JUnit4Provider.invoke:159->executeTestSet:238->executeWithRerun:273->execute:365 » LocalstackDocker
[ERROR]   JUnit4Provider.invoke:159->executeTestSet:238->executeWithRerun:273->execute:365 » 
[ERROR]   JUnit4Provider.invoke:159->executeTestSet:238->executeWithRerun:273->execute:365 » LocalstackDocker
[ERROR]   JUnit4Provider.invoke:159->executeTestSet:238->executeWithRerun:273->execute:365 » LocalstackDocker
[ERROR]   JUnit4Provider.invoke:159->executeTestSet:238->executeWithRerun:273->execute:365 » LocalstackDocker
[ERROR]   JUnit4Provider.invoke:159->executeTestSet:238->executeWithRerun:273->execute:365 » LocalstackDocker
[ERROR]   JUnit4Provider.invoke:159->executeTestSet:238->executeWithRerun:273->execute:365 » LocalstackDocker
[INFO] 
[ERROR] Tests run: 35, Failures: 0, Errors: 30, Skipped: 2
[INFO] 
[INFO] Downloading from central: https://repo.maven.apache.org/maven2/org/apache/maven/wagon/wagon-http/1.0-beta-6/wagon-http-1.0-beta-6.pom
[INFO] Downloaded from central: https://repo.maven.apache.org/maven2/org/apache/maven/wagon/wagon-http/1.0-beta-6/wagon-http-1.0-beta-6.pom (3.3 kB at 477 kB/s)
[INFO] Downloading from central: https://repo.maven.apache.org/maven2/org/apache/maven/wagon/wagon-providers/1.0-beta-6/wagon-providers-1.0-beta-6.pom
[INFO] Downloaded from central: https://repo.maven.apache.org/maven2/org/apache/maven/wagon/wagon-providers/1.0-beta-6/wagon-providers-1.0-beta-6.pom (2.1 kB at 422 kB/s)
[INFO] Downloading from central: https://repo.maven.apache.org/maven2/org/apache/maven/wagon/wagon-http-shared/1.0-beta-6/wagon-http-shared-1.0-beta-6.pom
[INFO] Downloaded from central: https://repo.maven.apache.org/maven2/org/apache/maven/wagon/wagon-http-shared/1.0-beta-6/wagon-http-shared-1.0-beta-6.pom (2.1 kB at 527 kB/s)
[INFO] Downloading from central: https://repo.maven.apache.org/maven2/nekohtml/xercesMinimal/1.9.6.2/xercesMinimal-1.9.6.2.pom
[INFO] Downloaded from central: https://repo.maven.apache.org/maven2/nekohtml/xercesMinimal/1.9.6.2/xercesMinimal-1.9.6.2.pom (390 B at 98 kB/s)
[INFO] Downloading from central: https://repo.maven.apache.org/maven2/org/apache/maven/wagon/wagon-webdav-jackrabbit/1.0-beta-6/wagon-webdav-jackrabbit-1.0-beta-6.pom
[INFO] Downloaded from central: https://repo.maven.apache.org/maven2/org/apache/maven/wagon/wagon-webdav-jackrabbit/1.0-beta-6/wagon-webdav-jackrabbit-1.0-beta-6.pom (3.5 kB at 702 kB/s)
[INFO] Downloading from central: https://repo.maven.apache.org/maven2/org/apache/jackrabbit/jackrabbit-webdav/1.5.0/jackrabbit-webdav-1.5.0.pom
[INFO] Downloaded from central: https://repo.maven.apache.org/maven2/org/apache/jackrabbit/jackrabbit-webdav/1.5.0/jackrabbit-webdav-1.5.0.pom (3.3 kB at 555 kB/s)
[INFO] Downloading from central: https://repo.maven.apache.org/maven2/org/apache/jackrabbit/jackrabbit-parent/1.5.0/jackrabbit-parent-1.5.0.pom
[INFO] Downloaded from central: https://repo.maven.apache.org/maven2/org/apache/jackrabbit/jackrabbit-parent/1.5.0/jackrabbit-parent-1.5.0.pom (25 kB at 6.2 MB/s)
[INFO] Downloading from central: https://repo.maven.apache.org/maven2/org/apache/jackrabbit/jackrabbit-jcr-commons/1.5.0/jackrabbit-jcr-commons-1.5.0.pom
[INFO] Downloaded from central: https://repo.maven.apache.org/maven2/org/apache/jackrabbit/jackrabbit-jcr-commons/1.5.0/jackrabbit-jcr-commons-1.5.0.pom (3.0 kB at 746 kB/s)
[INFO] Downloading from central: https://repo.maven.apache.org/maven2/org/slf4j/slf4j-api/1.5.3/slf4j-api-1.5.3.pom
[INFO] Downloaded from central: https://repo.maven.apache.org/maven2/org/slf4j/slf4j-api/1.5.3/slf4j-api-1.5.3.pom (3.0 kB at 597 kB/s)
[INFO] Downloading from central: https://repo.maven.apache.org/maven2/org/slf4j/slf4j-parent/1.5.3/slf4j-parent-1.5.3.pom
[INFO] Downloaded from central: https://repo.maven.apache.org/maven2/org/slf4j/slf4j-parent/1.5.3/slf4j-parent-1.5.3.pom (7.7 kB at 1.3 MB/s)
[INFO] Downloading from central: https://repo.maven.apache.org/maven2/commons-httpclient/commons-httpclient/3.0/commons-httpclient-3.0.pom
[INFO] Downloaded from central: https://repo.maven.apache.org/maven2/commons-httpclient/commons-httpclient/3.0/commons-httpclient-3.0.pom (8.0 kB at 1.6 MB/s)
[INFO] Downloading from central: https://repo.maven.apache.org/maven2/org/slf4j/slf4j-nop/1.5.3/slf4j-nop-1.5.3.pom
[INFO] Downloaded from central: https://repo.maven.apache.org/maven2/org/slf4j/slf4j-nop/1.5.3/slf4j-nop-1.5.3.pom (1.5 kB at 244 kB/s)
[INFO] Downloading from central: https://repo.maven.apache.org/maven2/org/apache/maven/wagon/wagon-http/1.0-beta-6/wagon-http-1.0-beta-6.jar
[INFO] Downloading from central: https://repo.maven.apache.org/maven2/org/apache/maven/wagon/wagon-http-shared/1.0-beta-6/wagon-http-shared-1.0-beta-6.jar
[INFO] Downloading from central: https://repo.maven.apache.org/maven2/org/apache/jackrabbit/jackrabbit-webdav/1.5.0/jackrabbit-webdav-1.5.0.jar
[INFO] Downloading from central: https://repo.maven.apache.org/maven2/nekohtml/xercesMinimal/1.9.6.2/xercesMinimal-1.9.6.2.jar
[INFO] Downloading from central: https://repo.maven.apache.org/maven2/org/apache/maven/wagon/wagon-webdav-jackrabbit/1.0-beta-6/wagon-webdav-jackrabbit-1.0-beta-6.jar
[INFO] Downloaded from central: https://repo.maven.apache.org/maven2/org/apache/maven/wagon/wagon-http-shared/1.0-beta-6/wagon-http-shared-1.0-beta-6.jar (25 kB at 4.2 MB/s)
[INFO] Downloaded from central: https://repo.maven.apache.org/maven2/org/apache/maven/wagon/wagon-http/1.0-beta-6/wagon-http-1.0-beta-6.jar (11 kB at 1.5 MB/s)
[INFO] Downloading from central: https://repo.maven.apache.org/maven2/org/apache/jackrabbit/jackrabbit-jcr-commons/1.5.0/jackrabbit-jcr-commons-1.5.0.jar
[INFO] Downloading from central: https://repo.maven.apache.org/maven2/org/slf4j/slf4j-nop/1.5.3/slf4j-nop-1.5.3.jar
[INFO] Downloaded from central: https://repo.maven.apache.org/maven2/org/apache/maven/wagon/wagon-webdav-jackrabbit/1.0-beta-6/wagon-webdav-jackrabbit-1.0-beta-6.jar (18 kB at 1.7 MB/s)
[INFO] Downloaded from central: https://repo.maven.apache.org/maven2/nekohtml/xercesMinimal/1.9.6.2/xercesMinimal-1.9.6.2.jar (40 kB at 3.3 MB/s)
[INFO] Downloading from central: https://repo.maven.apache.org/maven2/org/apache/maven/reporting/maven-reporting-api/2.2.1/maven-reporting-api-2.2.1.jar
[INFO] Downloaded from central: https://repo.maven.apache.org/maven2/org/slf4j/slf4j-nop/1.5.3/slf4j-nop-1.5.3.jar (5.2 kB at 867 kB/s)
[INFO] Downloading from central: https://repo.maven.apache.org/maven2/org/apache/maven/doxia/doxia-logging-api/1.1/doxia-logging-api-1.1.jar
[INFO] Downloaded from central: https://repo.maven.apache.org/maven2/org/apache/maven/reporting/maven-reporting-api/2.2.1/maven-reporting-api-2.2.1.jar (0 B at 0 B/s)
[INFO] Downloaded from central: https://repo.maven.apache.org/maven2/org/apache/jackrabbit/jackrabbit-jcr-commons/1.5.0/jackrabbit-jcr-commons-1.5.0.jar (203 kB at 23 MB/s)
[INFO] Downloaded from central: https://repo.maven.apache.org/maven2/org/apache/maven/doxia/doxia-logging-api/1.1/doxia-logging-api-1.1.jar (0 B at 0 B/s)
[INFO] Downloaded from central: https://repo.maven.apache.org/maven2/org/apache/jackrabbit/jackrabbit-webdav/1.5.0/jackrabbit-webdav-1.5.0.jar (303 kB at 11 MB/s)
[INFO] 
[INFO] -------------------------------------------------------
[INFO]  T E S T S
[INFO] -------------------------------------------------------
[INFO] Running cloud.localstack.awssdkv1.CloudWatchLogsTest
Feb 07, 2023 10:39:40 AM cloud.localstack.docker.Container createLocalstackContainer
INFO: Pulling image localstack/localstack:latest
[ERROR] Tests run: 1, Failures: 0, Errors: 1, Skipped: 0, Time elapsed: 0.145 s <<< FAILURE! - in cloud.localstack.awssdkv1.CloudWatchLogsTest
[ERROR] cloud.localstack.awssdkv1.CloudWatchLogsTest  Time elapsed: 0.145 s  <<< ERROR!
cloud.localstack.docker.exception.LocalstackDockerException: Could not start the localstack docker container.
Caused by: java.lang.RuntimeException: 
Error status code 126 returned from process. Output: docker: Got permission denied while trying to connect to the Docker daemon socket at unix:///var/run/docker.sock: Post "http://%2Fvar%2Frun%2Fdocker.sock/v1.24/containers/create": dial unix /var/run/docker.sock: connect: permission denied.
See 'docker run --help'.

[INFO] Running cloud.localstack.deprecated.BasicFunctionalityTest
[WARNING] Tests run: 1, Failures: 0, Errors: 0, Skipped: 1, Time elapsed: 0.001 s - in cloud.localstack.deprecated.BasicFunctionalityTest
[INFO] Running cloud.localstack.docker.LocalstackDockerPropertiesWithBindMountTest
Feb 07, 2023 10:39:40 AM cloud.localstack.docker.Container createLocalstackContainer
INFO: Pulling image localstack/localstack:latest
[ERROR] Tests run: 1, Failures: 0, Errors: 1, Skipped: 0, Time elapsed: 0.129 s <<< FAILURE! - in cloud.localstack.docker.LocalstackDockerPropertiesWithBindMountTest
[ERROR] cloud.localstack.docker.LocalstackDockerPropertiesWithBindMountTest  Time elapsed: 0.129 s  <<< ERROR!
cloud.localstack.docker.exception.LocalstackDockerException: Could not start the localstack docker container.
Caused by: java.lang.RuntimeException: 
Error status code 126 returned from process. Output: docker: Got permission denied while trying to connect to the Docker daemon socket at unix:///var/run/docker.sock: Post "http://%2Fvar%2Frun%2Fdocker.sock/v1.24/containers/create": dial unix /var/run/docker.sock: connect: permission denied.
See 'docker run --help'.

[INFO] Running cloud.localstack.docker.Junit5NestedTest
Feb 07, 2023 10:39:40 AM cloud.localstack.docker.Container createLocalstackContainer
INFO: Pulling image localstack/localstack:latest
[ERROR] Tests run: 1, Failures: 0, Errors: 1, Skipped: 0, Time elapsed: 0.11 s <<< FAILURE! - in cloud.localstack.docker.Junit5NestedTest
[ERROR] cloud.localstack.docker.Junit5NestedTest  Time elapsed: 0.11 s  <<< ERROR!
cloud.localstack.docker.exception.LocalstackDockerException: Could not start the localstack docker container.
Caused by: java.lang.RuntimeException: 
Error status code 126 returned from process. Output: docker: Got permission denied while trying to connect to the Docker daemon socket at unix:///var/run/docker.sock: Post "http://%2Fvar%2Frun%2Fdocker.sock/v1.24/containers/create": dial unix /var/run/docker.sock: connect: permission denied.
See 'docker run --help'.

[INFO] Running cloud.localstack.docker.SingleContainerTest
Feb 07, 2023 10:39:41 AM cloud.localstack.docker.Container createLocalstackContainer
INFO: Pulling image localstack/localstack:latest
[ERROR] Tests run: 1, Failures: 0, Errors: 1, Skipped: 0, Time elapsed: 0.109 s <<< FAILURE! - in cloud.localstack.docker.SingleContainerTest
[ERROR] cloud.localstack.docker.SingleContainerTest  Time elapsed: 0.109 s  <<< ERROR!
cloud.localstack.docker.exception.LocalstackDockerException: Could not start the localstack docker container.
Caused by: java.lang.RuntimeException: 
Error status code 126 returned from process. Output: docker: Got permission denied while trying to connect to the Docker daemon socket at unix:///var/run/docker.sock: Post "http://%2Fvar%2Frun%2Fdocker.sock/v1.24/containers/create": dial unix /var/run/docker.sock: connect: permission denied.
See 'docker run --help'.

[INFO] Running cloud.localstack.docker.BasicDockerFunctionalityTest
Feb 07, 2023 10:39:41 AM cloud.localstack.docker.Container createLocalstackContainer
INFO: Pulling image localstack/localstack:latest
[ERROR] Tests run: 1, Failures: 0, Errors: 1, Skipped: 0, Time elapsed: 0.094 s <<< FAILURE! - in cloud.localstack.docker.BasicDockerFunctionalityTest
[ERROR] cloud.localstack.docker.BasicDockerFunctionalityTest  Time elapsed: 0.093 s  <<< ERROR!
cloud.localstack.docker.exception.LocalstackDockerException: Could not start the localstack docker container.
Caused by: java.lang.RuntimeException: 
Error status code 126 returned from process. Output: docker: Got permission denied while trying to connect to the Docker daemon socket at unix:///var/run/docker.sock: Post "http://%2Fvar%2Frun%2Fdocker.sock/v1.24/containers/create": dial unix /var/run/docker.sock: connect: permission denied.
See 'docker run --help'.

[INFO] Running cloud.localstack.docker.LocalstackDockerPropertiesWithImageNameTest
Feb 07, 2023 10:39:41 AM cloud.localstack.docker.Container createLocalstackContainer
INFO: Pulling image localstack/localstack-full:latest
[ERROR] Tests run: 1, Failures: 0, Errors: 1, Skipped: 0, Time elapsed: 0.097 s <<< FAILURE! - in cloud.localstack.docker.LocalstackDockerPropertiesWithImageNameTest
[ERROR] cloud.localstack.docker.LocalstackDockerPropertiesWithImageNameTest  Time elapsed: 0.097 s  <<< ERROR!
cloud.localstack.docker.exception.LocalstackDockerException: Could not start the localstack docker container.
Caused by: java.lang.RuntimeException: 
Error status code 126 returned from process. Output: docker: Got permission denied while trying to connect to the Docker daemon socket at unix:///var/run/docker.sock: Post "http://%2Fvar%2Frun%2Fdocker.sock/v1.24/containers/create": dial unix /var/run/docker.sock: connect: permission denied.
See 'docker run --help'.

[INFO] Running cloud.localstack.docker.DockerOnlySQSFunctionalityTest
Feb 07, 2023 10:39:41 AM cloud.localstack.docker.Container createLocalstackContainer
INFO: Pulling image localstack/localstack:latest
[ERROR] Tests run: 1, Failures: 0, Errors: 1, Skipped: 0, Time elapsed: 0.087 s <<< FAILURE! - in cloud.localstack.docker.DockerOnlySQSFunctionalityTest
[ERROR] cloud.localstack.docker.DockerOnlySQSFunctionalityTest  Time elapsed: 0.087 s  <<< ERROR!
cloud.localstack.docker.exception.LocalstackDockerException: Could not start the localstack docker container.
Caused by: java.lang.RuntimeException: 
Error status code 126 returned from process. Output: docker: Got permission denied while trying to connect to the Docker daemon socket at unix:///var/run/docker.sock: Post "http://%2Fvar%2Frun%2Fdocker.sock/v1.24/containers/create": dial unix /var/run/docker.sock: connect: permission denied.
See 'docker run --help'.

[INFO] Running cloud.localstack.docker.ContainerTest
Feb 07, 2023 10:39:41 AM cloud.localstack.docker.Container createLocalstackContainer
INFO: Pulling image localstack/localstack-full:latest
Feb 07, 2023 10:39:41 AM cloud.localstack.docker.Container createLocalstackContainer
INFO: Pulling image localstack/localstack:latest
Feb 07, 2023 10:39:41 AM cloud.localstack.docker.Container createLocalstackContainer
INFO: Pulling image localstack/localstack:latest
Feb 07, 2023 10:39:41 AM cloud.localstack.docker.Container createLocalstackContainer
INFO: Pulling image localstack/localstack:latest
Feb 07, 2023 10:39:41 AM cloud.localstack.docker.Container createLocalstackContainer
INFO: Pulling image localstack/localstack:latest
[ERROR] Tests run: 5, Failures: 0, Errors: 5, Skipped: 0, Time elapsed: 0.625 s <<< FAILURE! - in cloud.localstack.docker.ContainerTest
[ERROR] createLocalstackContainerWithFullImage  Time elapsed: 0.123 s  <<< ERROR!
java.lang.RuntimeException: 
Error status code 126 returned from process. Output: docker: Got permission denied while trying to connect to the Docker daemon socket at unix:///var/run/docker.sock: Post "http://%2Fvar%2Frun%2Fdocker.sock/v1.24/containers/create": dial unix /var/run/docker.sock: connect: permission denied.
See 'docker run --help'.
	at cloud.localstack.docker.ContainerTest.createLocalstackContainerWithFullImage(ContainerTest.java:62)

[ERROR] createLocalstackContainer  Time elapsed: 0.105 s  <<< ERROR!
java.lang.RuntimeException: 
Error status code 126 returned from process. Output: docker: Got permission denied while trying to connect to the Docker daemon socket at unix:///var/run/docker.sock: Post "http://%2Fvar%2Frun%2Fdocker.sock/v1.24/containers/create": dial unix /var/run/docker.sock: connect: permission denied.
See 'docker run --help'.
	at cloud.localstack.docker.ContainerTest.createLocalstackContainer(ContainerTest.java:34)

[ERROR] createLocalstackContainerWithScriptMounted  Time elapsed: 0.116 s  <<< ERROR!
java.lang.RuntimeException: 
Error status code 126 returned from process. Output: docker: Got permission denied while trying to connect to the Docker daemon socket at unix:///var/run/docker.sock: Post "http://%2Fvar%2Frun%2Fdocker.sock/v1.24/containers/create": dial unix /var/run/docker.sock: connect: permission denied.
See 'docker run --help'.
	at cloud.localstack.docker.ContainerTest.createLocalstackContainerWithScriptMounted(ContainerTest.java:82)

[ERROR] createLocalstackContainerWithCustomPorts  Time elapsed: 0.124 s  <<< ERROR!
java.lang.RuntimeException: 
Error status code 126 returned from process. Output: docker: Got permission denied while trying to connect to the Docker daemon socket at unix:///var/run/docker.sock: Post "http://%2Fvar%2Frun%2Fdocker.sock/v1.24/containers/create": dial unix /var/run/docker.sock: connect: permission denied.
See 'docker run --help'.
	at cloud.localstack.docker.ContainerTest.createLocalstackContainerWithCustomPorts(ContainerTest.java:111)

[ERROR] createLocalstackContainerWithRandomPorts  Time elapsed: 0.15 s  <<< ERROR!
java.lang.RuntimeException: 
Error status code 126 returned from process. Output: docker: Got permission denied while trying to connect to the Docker daemon socket at unix:///var/run/docker.sock: Post "http://%2Fvar%2Frun%2Fdocker.sock/v1.24/containers/create": dial unix /var/run/docker.sock: connect: permission denied.
See 'docker run --help'.
	at cloud.localstack.docker.ContainerTest.createLocalstackContainerWithRandomPorts(ContainerTest.java:128)

[INFO] 
[INFO] Results:
[INFO] 
[ERROR] Errors: 
[ERROR]   CloudWatchLogsTest » LocalstackDocker Could not start the localstack docker co...
[ERROR]   BasicDockerFunctionalityTest » LocalstackDocker Could not start the localstack...
[ERROR]   ContainerTest.createLocalstackContainer:34 » Runtime Error status code 126 ret...
[ERROR]   ContainerTest.createLocalstackContainerWithCustomPorts:111 » Runtime Error sta...
[ERROR]   ContainerTest.createLocalstackContainerWithFullImage:62 » Runtime Error status...
[ERROR]   ContainerTest.createLocalstackContainerWithRandomPorts:128 » Runtime Error sta...
[ERROR]   ContainerTest.createLocalstackContainerWithScriptMounted:82 » Runtime Error st...
[ERROR]   DockerOnlySQSFunctionalityTest » LocalstackDocker Could not start the localsta...
[ERROR]   Junit5NestedTest » LocalstackDocker Could not start the localstack docker cont...
[ERROR]   LocalstackDockerPropertiesWithBindMountTest » LocalstackDocker Could not start...
[ERROR]   LocalstackDockerPropertiesWithImageNameTest » LocalstackDocker Could not start...
[ERROR]   SingleContainerTest » LocalstackDocker Could not start the localstack docker c...
[INFO] 
[ERROR] Tests run: 13, Failures: 0, Errors: 12, Skipped: 1
[INFO] 
[INFO] ------------------------------------------------------------------------
[INFO] BUILD FAILURE
[INFO] ------------------------------------------------------------------------
[INFO] Total time:  46.330 s
[INFO] Finished at: 2023-02-07T10:39:42Z
[INFO] ------------------------------------------------------------------------
[ERROR] Failed to execute goal org.apache.maven.plugins:maven-surefire-plugin:2.22.1:test (default-test) on project localstack-utils: There are test failures.
[ERROR] 
[ERROR] Please refer to /home/gabsko/breaking-updates/target/surefire-reports for the individual test results.
[ERROR] Please refer to dump files (if any exist) [date].dump, [date]-jvmRun[N].dump and [date].dumpstream.
[ERROR] -> [Help 1]
[ERROR] 
[ERROR] To see the full stack trace of the errors, re-run Maven with the -e switch.
[ERROR] Re-run Maven using the -X switch to enable full debug logging.
[ERROR] 
[ERROR] For more information about the errors and possible solutions, please read the following articles:
[ERROR] [Help 1] http://cwiki.apache.org/confluence/display/MAVEN/MojoFailureException
