[INFO] Scanning for projects...
[WARNING] The project org.togglz.benchmark:togglz-benchmarks:jar:2.9.9-SNAPSHOT uses prerequisites which is only intended for maven-plugin projects but not for non maven-plugin projects. For such purposes you should use the maven-enforcer-plugin. See https://maven.apache.org/enforcer/enforcer-rules/requireMavenVersion.html
[INFO] ------------------------------------------------------------------------
[INFO] Reactor Build Order:
[INFO] 
[INFO] Togglz                                                             [pom]
[INFO] Togglz - Core Framework                                            [jar]
[INFO] Togglz - Test Harness                                              [jar]
[INFO] Togglz - SLF4J integration                                         [jar]
[INFO] Togglz - Servlet integration                                       [jar]
[INFO] Togglz - Admin Console                                             [jar]
[INFO] Togglz - CDI integration                                           [jar]
[INFO] Togglz - Guice integration                                         [jar]
[INFO] Togglz - Spring Framework integration                              [jar]
[INFO] Togglz - Spring Web integration                                    [jar]
[INFO] Togglz - Spring Security integration                               [jar]
[INFO] Togglz - Spring Boot POM                                           [pom]
[INFO] Togglz - Spring Boot Starter                                       [jar]
[INFO] Togglz - DeltaSpike integration                                    [jar]
[INFO] Togglz - Apache Shiro integration                                  [jar]
[INFO] Togglz - Google App Engine Integration                             [jar]
[INFO] Togglz - Google Cloud Datastore Integration                        [jar]
[INFO] Togglz - MongoDB integration                                       [jar]
[INFO] Togglz - Testing Support                                           [jar]
[INFO] Togglz - JUnit integration                                         [jar]
[INFO] Togglz - Cassandra integration                                     [jar]
[INFO] Togglz - Hazelcast integration                                     [jar]
[INFO] Togglz - Apache Zookeeper Integration                              [jar]
[INFO] Togglz - DynamoDB integration                                      [jar]
[INFO] Togglz - Amazon S3 integration                                     [jar]
[INFO] Togglz - JMH benchmarks                                            [jar]
[INFO] Togglz - Slack integration                                         [jar]
[INFO] Togglz - Redis integration                                         [jar]
[INFO] Togglz - Kotlin wrapper                                            [jar]
[INFO] 
[INFO] ---------------------< org.togglz:togglz-project >----------------------
[INFO] Building Togglz 2.9.9-SNAPSHOT                                    [1/29]
[INFO] --------------------------------[ pom ]---------------------------------
[INFO] 
[INFO] --- maven-clean-plugin:2.5:clean (default-clean) @ togglz-project ---
[INFO] 
[INFO] --- maven-enforcer-plugin:1.0:enforce (enforce-maven) @ togglz-project ---
[INFO] 
[INFO] --- maven-dependency-plugin:2.8:unpack (unpack-wildfly) @ togglz-project ---
[INFO] Configured Artifact: org.wildfly:wildfly-dist:22.0.1.Final:zip
[INFO] Unpacking /home/gabsko/.m2/repository/org/wildfly/wildfly-dist/22.0.1.Final/wildfly-dist-22.0.1.Final.zip to /home/gabsko/breaking-updates/target/container with includes "" and excludes ""
[INFO] 
[INFO] -----------------------< org.togglz:togglz-core >-----------------------
[INFO] Building Togglz - Core Framework 2.9.9-SNAPSHOT                   [2/29]
[INFO] --------------------------------[ jar ]---------------------------------
[INFO] 
[INFO] --- maven-clean-plugin:2.5:clean (default-clean) @ togglz-core ---
[INFO] Deleting /home/gabsko/breaking-updates/core/target
[INFO] 
[INFO] --- maven-enforcer-plugin:1.0:enforce (enforce-maven) @ togglz-core ---
[INFO] 
[INFO] --- maven-resources-plugin:2.6:resources (default-resources) @ togglz-core ---
[INFO] Using 'UTF-8' encoding to copy filtered resources.
[INFO] Copying 3 resources
[INFO] 
[INFO] --- maven-compiler-plugin:3.8.1:compile (default-compile) @ togglz-core ---
[INFO] Changes detected - recompiling the module!
[INFO] Compiling 95 source files to /home/gabsko/breaking-updates/core/target/classes
[INFO] /home/gabsko/breaking-updates/core/src/main/java/org/togglz/core/jndi/FeatureManagerObjectFactory.java: /home/gabsko/breaking-updates/core/src/main/java/org/togglz/core/jndi/FeatureManagerObjectFactory.java uses or overrides a deprecated API.
[INFO] /home/gabsko/breaking-updates/core/src/main/java/org/togglz/core/jndi/FeatureManagerObjectFactory.java: Recompile with -Xlint:deprecation for details.
[INFO] /home/gabsko/breaking-updates/core/src/main/java/org/togglz/core/manager/FeatureManagerBuilder.java: Some input files use unchecked or unsafe operations.
[INFO] /home/gabsko/breaking-updates/core/src/main/java/org/togglz/core/manager/FeatureManagerBuilder.java: Recompile with -Xlint:unchecked for details.
[INFO] 
[INFO] --- maven-resources-plugin:2.6:testResources (default-testResources) @ togglz-core ---
[INFO] Using 'UTF-8' encoding to copy filtered resources.
[INFO] skip non existing resourceDirectory /home/gabsko/breaking-updates/core/src/test/resources
[INFO] 
[INFO] --- maven-compiler-plugin:3.8.1:testCompile (default-testCompile) @ togglz-core ---
[INFO] Changes detected - recompiling the module!
[INFO] Compiling 37 source files to /home/gabsko/breaking-updates/core/target/test-classes
[INFO] /home/gabsko/breaking-updates/core/src/test/java/org/togglz/core/repository/FeatureStateTest.java: /home/gabsko/breaking-updates/core/src/test/java/org/togglz/core/repository/FeatureStateTest.java uses or overrides a deprecated API.
[INFO] /home/gabsko/breaking-updates/core/src/test/java/org/togglz/core/repository/FeatureStateTest.java: Recompile with -Xlint:deprecation for details.
[INFO] /home/gabsko/breaking-updates/core/src/test/java/org/togglz/core/manager/EnumBasedFeatureProviderTest.java: /home/gabsko/breaking-updates/core/src/test/java/org/togglz/core/manager/EnumBasedFeatureProviderTest.java uses unchecked or unsafe operations.
[INFO] /home/gabsko/breaking-updates/core/src/test/java/org/togglz/core/manager/EnumBasedFeatureProviderTest.java: Recompile with -Xlint:unchecked for details.
[INFO] 
[INFO] --- maven-surefire-plugin:2.22.2:test (default-test) @ togglz-core ---
[INFO] 
[INFO] -------------------------------------------------------
[INFO]  T E S T S
[INFO] -------------------------------------------------------
[INFO] Running org.togglz.core.user.SingleUserProviderTest
[INFO] Tests run: 1, Failures: 0, Errors: 0, Skipped: 0, Time elapsed: 0.013 s - in org.togglz.core.user.SingleUserProviderTest
[INFO] Running org.togglz.core.context.ContextClassLoaderFeatureManagerProviderTest
[INFO] Tests run: 1, Failures: 0, Errors: 0, Skipped: 0, Time elapsed: 0 s - in org.togglz.core.context.ContextClassLoaderFeatureManagerProviderTest
[INFO] Running org.togglz.core.context.ThreadLocalFeatureManagerProviderTest
[INFO] Tests run: 2, Failures: 0, Errors: 0, Skipped: 0, Time elapsed: 0.012 s - in org.togglz.core.context.ThreadLocalFeatureManagerProviderTest
[INFO] Running org.togglz.core.metadata.enums.AnnotationFeatureGroupTest
[INFO] Tests run: 3, Failures: 0, Errors: 0, Skipped: 0, Time elapsed: 0.003 s - in org.togglz.core.metadata.enums.AnnotationFeatureGroupTest
[INFO] Running org.togglz.core.metadata.enums.EnumFeatureMetaDataTest
[INFO] Tests run: 4, Failures: 0, Errors: 0, Skipped: 0, Time elapsed: 0.004 s - in org.togglz.core.metadata.enums.EnumFeatureMetaDataTest
[INFO] Running org.togglz.core.repository.file.FileBasedRepositoryPerformanceTest
Feb 07, 2023 3:16:36 PM org.togglz.core.logging.Jdk14LogProvider$Jdk14Log info
INFO: Reloaded file: /tmp/FileBasedRepositoryPerformanceTest8743305117810548192.tmp
Feb 07, 2023 3:16:36 PM org.togglz.core.logging.Jdk14LogProvider$Jdk14Log info
INFO: Reloaded file: /tmp/FileBasedRepositoryPerformanceTest8743305117810548192.tmp
Time for EXISTING: 235
Time for EXISTING: 164
Time for EXISTING: 155
Time for EXISTING: 152
Time for EXISTING: 170
Time for EXISTING: 144
Feb 07, 2023 3:16:37 PM org.togglz.core.logging.Jdk14LogProvider$Jdk14Log info
INFO: Reloaded file: /tmp/FileBasedRepositoryPerformanceTest15038357991177290303.tmp
Feb 07, 2023 3:16:37 PM org.togglz.core.logging.Jdk14LogProvider$Jdk14Log info
INFO: Reloaded file: /tmp/FileBasedRepositoryPerformanceTest15038357991177290303.tmp
Time for MISSING: 123
Time for MISSING: 205
Time for MISSING: 142
Time for MISSING: 114
Time for MISSING: 119
Time for MISSING: 135
[INFO] Tests run: 2, Failures: 0, Errors: 0, Skipped: 0, Time elapsed: 1.889 s - in org.togglz.core.repository.file.FileBasedRepositoryPerformanceTest
[INFO] Running org.togglz.core.repository.file.FileBasedStateRepositoryConcurrencyTest
Feb 07, 2023 3:16:38 PM org.togglz.core.logging.Jdk14LogProvider$Jdk14Log info
INFO: Reloaded file: /tmp/FileBasedStateRepositoryConcurrencyTest1772622733643600976test
Feb 07, 2023 3:16:38 PM org.togglz.core.logging.Jdk14LogProvider$Jdk14Log info
INFO: Reloaded file: /tmp/FileBasedStateRepositoryConcurrencyTest1772622733643600976test
Feb 07, 2023 3:16:38 PM org.togglz.core.logging.Jdk14LogProvider$Jdk14Log info
INFO: Reloaded file: /tmp/FileBasedStateRepositoryConcurrencyTest1772622733643600976test
Feb 07, 2023 3:16:38 PM org.togglz.core.logging.Jdk14LogProvider$Jdk14Log info
INFO: Reloaded file: /tmp/FileBasedStateRepositoryConcurrencyTest1772622733643600976test
Feb 07, 2023 3:16:38 PM org.togglz.core.logging.Jdk14LogProvider$Jdk14Log info
INFO: Reloaded file: /tmp/FileBasedStateRepositoryConcurrencyTest1772622733643600976test
Feb 07, 2023 3:16:38 PM org.togglz.core.logging.Jdk14LogProvider$Jdk14Log info
INFO: Reloaded file: /tmp/FileBasedStateRepositoryConcurrencyTest1772622733643600976test
Feb 07, 2023 3:16:38 PM org.togglz.core.logging.Jdk14LogProvider$Jdk14Log info
INFO: Reloaded file: /tmp/FileBasedStateRepositoryConcurrencyTest1772622733643600976test
Feb 07, 2023 3:16:38 PM org.togglz.core.logging.Jdk14LogProvider$Jdk14Log info
INFO: Reloaded file: /tmp/FileBasedStateRepositoryConcurrencyTest1772622733643600976test
Feb 07, 2023 3:16:38 PM org.togglz.core.logging.Jdk14LogProvider$Jdk14Log info
INFO: Reloaded file: /tmp/FileBasedStateRepositoryConcurrencyTest1772622733643600976test
Feb 07, 2023 3:16:38 PM org.togglz.core.logging.Jdk14LogProvider$Jdk14Log info
INFO: Reloaded file: /tmp/FileBasedStateRepositoryConcurrencyTest1772622733643600976test
Feb 07, 2023 3:16:38 PM org.togglz.core.logging.Jdk14LogProvider$Jdk14Log info
INFO: Reloaded file: /tmp/FileBasedStateRepositoryConcurrencyTest1772622733643600976test
Feb 07, 2023 3:16:38 PM org.togglz.core.logging.Jdk14LogProvider$Jdk14Log info
INFO: Reloaded file: /tmp/FileBasedStateRepositoryConcurrencyTest1772622733643600976test
Feb 07, 2023 3:16:38 PM org.togglz.core.logging.Jdk14LogProvider$Jdk14Log info
INFO: Reloaded file: /tmp/FileBasedStateRepositoryConcurrencyTest1772622733643600976test
Feb 07, 2023 3:16:38 PM org.togglz.core.logging.Jdk14LogProvider$Jdk14Log info
INFO: Reloaded file: /tmp/FileBasedStateRepositoryConcurrencyTest1772622733643600976test
Feb 07, 2023 3:16:38 PM org.togglz.core.logging.Jdk14LogProvider$Jdk14Log info
INFO: Reloaded file: /tmp/FileBasedStateRepositoryConcurrencyTest1772622733643600976test
Feb 07, 2023 3:16:38 PM org.togglz.core.logging.Jdk14LogProvider$Jdk14Log info
INFO: Reloaded file: /tmp/FileBasedStateRepositoryConcurrencyTest1772622733643600976test
Feb 07, 2023 3:16:38 PM org.togglz.core.logging.Jdk14LogProvider$Jdk14Log info
INFO: Reloaded file: /tmp/FileBasedStateRepositoryConcurrencyTest1772622733643600976test
Feb 07, 2023 3:16:38 PM org.togglz.core.logging.Jdk14LogProvider$Jdk14Log info
INFO: Reloaded file: /tmp/FileBasedStateRepositoryConcurrencyTest1772622733643600976test
Feb 07, 2023 3:16:38 PM org.togglz.core.logging.Jdk14LogProvider$Jdk14Log info
INFO: Reloaded file: /tmp/FileBasedStateRepositoryConcurrencyTest1772622733643600976test
Feb 07, 2023 3:16:38 PM org.togglz.core.logging.Jdk14LogProvider$Jdk14Log info
INFO: Reloaded file: /tmp/FileBasedStateRepositoryConcurrencyTest1772622733643600976test
Feb 07, 2023 3:16:38 PM org.togglz.core.logging.Jdk14LogProvider$Jdk14Log info
INFO: Reloaded file: /tmp/FileBasedStateRepositoryConcurrencyTest1772622733643600976test
Feb 07, 2023 3:16:38 PM org.togglz.core.logging.Jdk14LogProvider$Jdk14Log info
INFO: Reloaded file: /tmp/FileBasedStateRepositoryConcurrencyTest1772622733643600976test
Feb 07, 2023 3:16:38 PM org.togglz.core.logging.Jdk14LogProvider$Jdk14Log info
INFO: Reloaded file: /tmp/FileBasedStateRepositoryConcurrencyTest1772622733643600976test
Feb 07, 2023 3:16:38 PM org.togglz.core.logging.Jdk14LogProvider$Jdk14Log info
INFO: Reloaded file: /tmp/FileBasedStateRepositoryConcurrencyTest1772622733643600976test
Feb 07, 2023 3:16:38 PM org.togglz.core.logging.Jdk14LogProvider$Jdk14Log info
INFO: Reloaded file: /tmp/FileBasedStateRepositoryConcurrencyTest1772622733643600976test
Feb 07, 2023 3:16:38 PM org.togglz.core.logging.Jdk14LogProvider$Jdk14Log info
INFO: Reloaded file: /tmp/FileBasedStateRepositoryConcurrencyTest1772622733643600976test
Feb 07, 2023 3:16:38 PM org.togglz.core.logging.Jdk14LogProvider$Jdk14Log info
INFO: Reloaded file: /tmp/FileBasedStateRepositoryConcurrencyTest1772622733643600976test
Feb 07, 2023 3:16:38 PM org.togglz.core.logging.Jdk14LogProvider$Jdk14Log info
INFO: Reloaded file: /tmp/FileBasedStateRepositoryConcurrencyTest1772622733643600976test
Feb 07, 2023 3:16:38 PM org.togglz.core.logging.Jdk14LogProvider$Jdk14Log info
INFO: Reloaded file: /tmp/FileBasedStateRepositoryConcurrencyTest1772622733643600976test
Feb 07, 2023 3:16:38 PM org.togglz.core.logging.Jdk14LogProvider$Jdk14Log info
INFO: Reloaded file: /tmp/FileBasedStateRepositoryConcurrencyTest1772622733643600976test
Feb 07, 2023 3:16:38 PM org.togglz.core.logging.Jdk14LogProvider$Jdk14Log info
INFO: Reloaded file: /tmp/FileBasedStateRepositoryConcurrencyTest1772622733643600976test
Feb 07, 2023 3:16:38 PM org.togglz.core.logging.Jdk14LogProvider$Jdk14Log info
INFO: Reloaded file: /tmp/FileBasedStateRepositoryConcurrencyTest1772622733643600976test
Feb 07, 2023 3:16:38 PM org.togglz.core.logging.Jdk14LogProvider$Jdk14Log info
INFO: Reloaded file: /tmp/FileBasedStateRepositoryConcurrencyTest1772622733643600976test
Feb 07, 2023 3:16:38 PM org.togglz.core.logging.Jdk14LogProvider$Jdk14Log info
INFO: Reloaded file: /tmp/FileBasedStateRepositoryConcurrencyTest1772622733643600976test
Feb 07, 2023 3:16:38 PM org.togglz.core.logging.Jdk14LogProvider$Jdk14Log info
INFO: Reloaded file: /tmp/FileBasedStateRepositoryConcurrencyTest1772622733643600976test
Feb 07, 2023 3:16:38 PM org.togglz.core.logging.Jdk14LogProvider$Jdk14Log info
INFO: Reloaded file: /tmp/FileBasedStateRepositoryConcurrencyTest1772622733643600976test
Feb 07, 2023 3:16:38 PM org.togglz.core.logging.Jdk14LogProvider$Jdk14Log info
INFO: Reloaded file: /tmp/FileBasedStateRepositoryConcurrencyTest1772622733643600976test
Feb 07, 2023 3:16:38 PM org.togglz.core.logging.Jdk14LogProvider$Jdk14Log info
INFO: Reloaded file: /tmp/FileBasedStateRepositoryConcurrencyTest1772622733643600976test
Feb 07, 2023 3:16:38 PM org.togglz.core.logging.Jdk14LogProvider$Jdk14Log info
INFO: Reloaded file: /tmp/FileBasedStateRepositoryConcurrencyTest1772622733643600976test
Feb 07, 2023 3:16:38 PM org.togglz.core.logging.Jdk14LogProvider$Jdk14Log info
INFO: Reloaded file: /tmp/FileBasedStateRepositoryConcurrencyTest1772622733643600976test
Feb 07, 2023 3:16:38 PM org.togglz.core.logging.Jdk14LogProvider$Jdk14Log info
INFO: Reloaded file: /tmp/FileBasedStateRepositoryConcurrencyTest1772622733643600976test
Feb 07, 2023 3:16:38 PM org.togglz.core.logging.Jdk14LogProvider$Jdk14Log info
INFO: Reloaded file: /tmp/FileBasedStateRepositoryConcurrencyTest1772622733643600976test
Feb 07, 2023 3:16:38 PM org.togglz.core.logging.Jdk14LogProvider$Jdk14Log info
INFO: Reloaded file: /tmp/FileBasedStateRepositoryConcurrencyTest1772622733643600976test
Feb 07, 2023 3:16:38 PM org.togglz.core.logging.Jdk14LogProvider$Jdk14Log info
INFO: Reloaded file: /tmp/FileBasedStateRepositoryConcurrencyTest1772622733643600976test
Feb 07, 2023 3:16:38 PM org.togglz.core.logging.Jdk14LogProvider$Jdk14Log info
INFO: Reloaded file: /tmp/FileBasedStateRepositoryConcurrencyTest1772622733643600976test
Feb 07, 2023 3:16:38 PM org.togglz.core.logging.Jdk14LogProvider$Jdk14Log info
INFO: Reloaded file: /tmp/FileBasedStateRepositoryConcurrencyTest1772622733643600976test
Feb 07, 2023 3:16:38 PM org.togglz.core.logging.Jdk14LogProvider$Jdk14Log info
INFO: Reloaded file: /tmp/FileBasedStateRepositoryConcurrencyTest1772622733643600976test
Feb 07, 2023 3:16:38 PM org.togglz.core.logging.Jdk14LogProvider$Jdk14Log info
INFO: Reloaded file: /tmp/FileBasedStateRepositoryConcurrencyTest1772622733643600976test
Feb 07, 2023 3:16:38 PM org.togglz.core.logging.Jdk14LogProvider$Jdk14Log info
INFO: Reloaded file: /tmp/FileBasedStateRepositoryConcurrencyTest1772622733643600976test
Feb 07, 2023 3:16:38 PM org.togglz.core.logging.Jdk14LogProvider$Jdk14Log info
INFO: Reloaded file: /tmp/FileBasedStateRepositoryConcurrencyTest1772622733643600976test
Feb 07, 2023 3:16:38 PM org.togglz.core.logging.Jdk14LogProvider$Jdk14Log info
INFO: Reloaded file: /tmp/FileBasedStateRepositoryConcurrencyTest1772622733643600976test
Feb 07, 2023 3:16:38 PM org.togglz.core.logging.Jdk14LogProvider$Jdk14Log info
INFO: Reloaded file: /tmp/FileBasedStateRepositoryConcurrencyTest1772622733643600976test
Feb 07, 2023 3:16:38 PM org.togglz.core.logging.Jdk14LogProvider$Jdk14Log info
INFO: Reloaded file: /tmp/FileBasedStateRepositoryConcurrencyTest1772622733643600976test
Feb 07, 2023 3:16:38 PM org.togglz.core.logging.Jdk14LogProvider$Jdk14Log info
INFO: Reloaded file: /tmp/FileBasedStateRepositoryConcurrencyTest1772622733643600976test
Feb 07, 2023 3:16:38 PM org.togglz.core.logging.Jdk14LogProvider$Jdk14Log info
INFO: Reloaded file: /tmp/FileBasedStateRepositoryConcurrencyTest1772622733643600976test
Feb 07, 2023 3:16:38 PM org.togglz.core.logging.Jdk14LogProvider$Jdk14Log info
INFO: Reloaded file: /tmp/FileBasedStateRepositoryConcurrencyTest1772622733643600976test
Feb 07, 2023 3:16:38 PM org.togglz.core.logging.Jdk14LogProvider$Jdk14Log info
INFO: Reloaded file: /tmp/FileBasedStateRepositoryConcurrencyTest1772622733643600976test
Feb 07, 2023 3:16:38 PM org.togglz.core.logging.Jdk14LogProvider$Jdk14Log info
INFO: Reloaded file: /tmp/FileBasedStateRepositoryConcurrencyTest1772622733643600976test
Feb 07, 2023 3:16:38 PM org.togglz.core.logging.Jdk14LogProvider$Jdk14Log info
INFO: Reloaded file: /tmp/FileBasedStateRepositoryConcurrencyTest1772622733643600976test
Feb 07, 2023 3:16:38 PM org.togglz.core.logging.Jdk14LogProvider$Jdk14Log info
INFO: Reloaded file: /tmp/FileBasedStateRepositoryConcurrencyTest1772622733643600976test
Feb 07, 2023 3:16:38 PM org.togglz.core.logging.Jdk14LogProvider$Jdk14Log info
INFO: Reloaded file: /tmp/FileBasedStateRepositoryConcurrencyTest1772622733643600976test
Feb 07, 2023 3:16:38 PM org.togglz.core.logging.Jdk14LogProvider$Jdk14Log info
INFO: Reloaded file: /tmp/FileBasedStateRepositoryConcurrencyTest1772622733643600976test
Feb 07, 2023 3:16:38 PM org.togglz.core.logging.Jdk14LogProvider$Jdk14Log info
INFO: Reloaded file: /tmp/FileBasedStateRepositoryConcurrencyTest1772622733643600976test
Feb 07, 2023 3:16:38 PM org.togglz.core.logging.Jdk14LogProvider$Jdk14Log info
INFO: Reloaded file: /tmp/FileBasedStateRepositoryConcurrencyTest1772622733643600976test
Feb 07, 2023 3:16:38 PM org.togglz.core.logging.Jdk14LogProvider$Jdk14Log info
INFO: Reloaded file: /tmp/FileBasedStateRepositoryConcurrencyTest1772622733643600976test
Feb 07, 2023 3:16:38 PM org.togglz.core.logging.Jdk14LogProvider$Jdk14Log info
INFO: Reloaded file: /tmp/FileBasedStateRepositoryConcurrencyTest1772622733643600976test
Feb 07, 2023 3:16:38 PM org.togglz.core.logging.Jdk14LogProvider$Jdk14Log info
INFO: Reloaded file: /tmp/FileBasedStateRepositoryConcurrencyTest1772622733643600976test
Feb 07, 2023 3:16:38 PM org.togglz.core.logging.Jdk14LogProvider$Jdk14Log info
INFO: Reloaded file: /tmp/FileBasedStateRepositoryConcurrencyTest1772622733643600976test
Feb 07, 2023 3:16:38 PM org.togglz.core.logging.Jdk14LogProvider$Jdk14Log info
INFO: Reloaded file: /tmp/FileBasedStateRepositoryConcurrencyTest1772622733643600976test
Feb 07, 2023 3:16:38 PM org.togglz.core.logging.Jdk14LogProvider$Jdk14Log info
INFO: Reloaded file: /tmp/FileBasedStateRepositoryConcurrencyTest1772622733643600976test
Feb 07, 2023 3:16:38 PM org.togglz.core.logging.Jdk14LogProvider$Jdk14Log info
INFO: Reloaded file: /tmp/FileBasedStateRepositoryConcurrencyTest1772622733643600976test
Feb 07, 2023 3:16:38 PM org.togglz.core.logging.Jdk14LogProvider$Jdk14Log info
INFO: Reloaded file: /tmp/FileBasedStateRepositoryConcurrencyTest1772622733643600976test
Feb 07, 2023 3:16:38 PM org.togglz.core.logging.Jdk14LogProvider$Jdk14Log info
INFO: Reloaded file: /tmp/FileBasedStateRepositoryConcurrencyTest1772622733643600976test
Feb 07, 2023 3:16:38 PM org.togglz.core.logging.Jdk14LogProvider$Jdk14Log info
INFO: Reloaded file: /tmp/FileBasedStateRepositoryConcurrencyTest1772622733643600976test
Feb 07, 2023 3:16:38 PM org.togglz.core.logging.Jdk14LogProvider$Jdk14Log info
INFO: Reloaded file: /tmp/FileBasedStateRepositoryConcurrencyTest1772622733643600976test
Feb 07, 2023 3:16:38 PM org.togglz.core.logging.Jdk14LogProvider$Jdk14Log info
INFO: Reloaded file: /tmp/FileBasedStateRepositoryConcurrencyTest1772622733643600976test
Feb 07, 2023 3:16:38 PM org.togglz.core.logging.Jdk14LogProvider$Jdk14Log info
INFO: Reloaded file: /tmp/FileBasedStateRepositoryConcurrencyTest1772622733643600976test
Feb 07, 2023 3:16:38 PM org.togglz.core.logging.Jdk14LogProvider$Jdk14Log info
INFO: Reloaded file: /tmp/FileBasedStateRepositoryConcurrencyTest1772622733643600976test
Feb 07, 2023 3:16:38 PM org.togglz.core.logging.Jdk14LogProvider$Jdk14Log info
INFO: Reloaded file: /tmp/FileBasedStateRepositoryConcurrencyTest1772622733643600976test
Feb 07, 2023 3:16:38 PM org.togglz.core.logging.Jdk14LogProvider$Jdk14Log info
INFO: Reloaded file: /tmp/FileBasedStateRepositoryConcurrencyTest1772622733643600976test
Feb 07, 2023 3:16:38 PM org.togglz.core.logging.Jdk14LogProvider$Jdk14Log info
INFO: Reloaded file: /tmp/FileBasedStateRepositoryConcurrencyTest1772622733643600976test
Feb 07, 2023 3:16:38 PM org.togglz.core.logging.Jdk14LogProvider$Jdk14Log info
INFO: Reloaded file: /tmp/FileBasedStateRepositoryConcurrencyTest1772622733643600976test
Feb 07, 2023 3:16:38 PM org.togglz.core.logging.Jdk14LogProvider$Jdk14Log info
INFO: Reloaded file: /tmp/FileBasedStateRepositoryConcurrencyTest1772622733643600976test
Feb 07, 2023 3:16:38 PM org.togglz.core.logging.Jdk14LogProvider$Jdk14Log info
INFO: Reloaded file: /tmp/FileBasedStateRepositoryConcurrencyTest1772622733643600976test
Feb 07, 2023 3:16:38 PM org.togglz.core.logging.Jdk14LogProvider$Jdk14Log info
INFO: Reloaded file: /tmp/FileBasedStateRepositoryConcurrencyTest1772622733643600976test
Feb 07, 2023 3:16:38 PM org.togglz.core.logging.Jdk14LogProvider$Jdk14Log info
INFO: Reloaded file: /tmp/FileBasedStateRepositoryConcurrencyTest1772622733643600976test
Feb 07, 2023 3:16:38 PM org.togglz.core.logging.Jdk14LogProvider$Jdk14Log info
INFO: Reloaded file: /tmp/FileBasedStateRepositoryConcurrencyTest1772622733643600976test
Feb 07, 2023 3:16:38 PM org.togglz.core.logging.Jdk14LogProvider$Jdk14Log info
INFO: Reloaded file: /tmp/FileBasedStateRepositoryConcurrencyTest1772622733643600976test
Feb 07, 2023 3:16:38 PM org.togglz.core.logging.Jdk14LogProvider$Jdk14Log info
INFO: Reloaded file: /tmp/FileBasedStateRepositoryConcurrencyTest1772622733643600976test
Feb 07, 2023 3:16:38 PM org.togglz.core.logging.Jdk14LogProvider$Jdk14Log info
INFO: Reloaded file: /tmp/FileBasedStateRepositoryConcurrencyTest1772622733643600976test
Feb 07, 2023 3:16:38 PM org.togglz.core.logging.Jdk14LogProvider$Jdk14Log info
INFO: Reloaded file: /tmp/FileBasedStateRepositoryConcurrencyTest1772622733643600976test
Feb 07, 2023 3:16:38 PM org.togglz.core.logging.Jdk14LogProvider$Jdk14Log info
INFO: Reloaded file: /tmp/FileBasedStateRepositoryConcurrencyTest1772622733643600976test
Feb 07, 2023 3:16:38 PM org.togglz.core.logging.Jdk14LogProvider$Jdk14Log info
INFO: Reloaded file: /tmp/FileBasedStateRepositoryConcurrencyTest1772622733643600976test
Feb 07, 2023 3:16:38 PM org.togglz.core.logging.Jdk14LogProvider$Jdk14Log info
INFO: Reloaded file: /tmp/FileBasedStateRepositoryConcurrencyTest1772622733643600976test
Feb 07, 2023 3:16:38 PM org.togglz.core.logging.Jdk14LogProvider$Jdk14Log info
INFO: Reloaded file: /tmp/FileBasedStateRepositoryConcurrencyTest1772622733643600976test
Feb 07, 2023 3:16:38 PM org.togglz.core.logging.Jdk14LogProvider$Jdk14Log info
INFO: Reloaded file: /tmp/FileBasedStateRepositoryConcurrencyTest1772622733643600976test
Feb 07, 2023 3:16:38 PM org.togglz.core.logging.Jdk14LogProvider$Jdk14Log info
INFO: Reloaded file: /tmp/FileBasedStateRepositoryConcurrencyTest1772622733643600976test
Feb 07, 2023 3:16:38 PM org.togglz.core.logging.Jdk14LogProvider$Jdk14Log info
INFO: Reloaded file: /tmp/FileBasedStateRepositoryConcurrencyTest1772622733643600976test
Feb 07, 2023 3:16:38 PM org.togglz.core.logging.Jdk14LogProvider$Jdk14Log info
INFO: Reloaded file: /tmp/FileBasedStateRepositoryConcurrencyTest1772622733643600976test
Feb 07, 2023 3:16:38 PM org.togglz.core.logging.Jdk14LogProvider$Jdk14Log info
INFO: Reloaded file: /tmp/FileBasedStateRepositoryConcurrencyTest1772622733643600976test
Feb 07, 2023 3:16:38 PM org.togglz.core.logging.Jdk14LogProvider$Jdk14Log info
INFO: Reloaded file: /tmp/FileBasedStateRepositoryConcurrencyTest1772622733643600976test
[INFO] Tests run: 1, Failures: 0, Errors: 0, Skipped: 0, Time elapsed: 0.223 s - in org.togglz.core.repository.file.FileBasedStateRepositoryConcurrencyTest
[INFO] Running org.togglz.core.repository.file.FileBasedStateRepositoryTest
Feb 07, 2023 3:16:38 PM org.togglz.core.logging.Jdk14LogProvider$Jdk14Log info
INFO: Reloaded file: /tmp/test-file-repository13665447060137865073.tmp
Feb 07, 2023 3:16:38 PM org.togglz.core.logging.Jdk14LogProvider$Jdk14Log info
INFO: Reloaded file: /tmp/test-file-repository13665447060137865073.tmp
Feb 07, 2023 3:16:38 PM org.togglz.core.logging.Jdk14LogProvider$Jdk14Log info
INFO: Reloaded file: /tmp/test-file-repository16148239189213630278.tmp
Feb 07, 2023 3:16:38 PM org.togglz.core.logging.Jdk14LogProvider$Jdk14Log info
INFO: Reloaded file: /tmp/test-file-repository17557798652132801206.tmp
Feb 07, 2023 3:16:38 PM org.togglz.core.logging.Jdk14LogProvider$Jdk14Log info
INFO: Reloaded file: /tmp/test-file-repository6103793973795238200.tmp
Feb 07, 2023 3:16:38 PM org.togglz.core.logging.Jdk14LogProvider$Jdk14Log info
INFO: Reloaded file: /tmp/test-file-repository1085655741774471461.tmp
Feb 07, 2023 3:16:38 PM org.togglz.core.logging.Jdk14LogProvider$Jdk14Log info
INFO: Reloaded file: /tmp/test-file-repository5000780292987828932.tmp
Feb 07, 2023 3:16:38 PM org.togglz.core.logging.Jdk14LogProvider$Jdk14Log info
INFO: Reloaded file: /tmp/test-file-repository8976388062617483644.tmp
Feb 07, 2023 3:16:38 PM org.togglz.core.logging.Jdk14LogProvider$Jdk14Log info
INFO: Reloaded file: /tmp/test-file-repository4610657585838850575.tmp
Feb 07, 2023 3:16:38 PM org.togglz.core.logging.Jdk14LogProvider$Jdk14Log info
INFO: Reloaded file: /home/gabsko/breaking-updates/core/test.properties
[INFO] Tests run: 9, Failures: 0, Errors: 0, Skipped: 0, Time elapsed: 0.014 s - in org.togglz.core.repository.file.FileBasedStateRepositoryTest
[INFO] Running org.togglz.core.repository.composite.CompositeStateRepositoryTest
[INFO] Tests run: 7, Failures: 0, Errors: 0, Skipped: 0, Time elapsed: 0.001 s - in org.togglz.core.repository.composite.CompositeStateRepositoryTest
[INFO] Running org.togglz.core.repository.cache.CachingStateRepositoryTest
[INFO] Tests run: 6, Failures: 0, Errors: 0, Skipped: 0, Time elapsed: 0.835 s - in org.togglz.core.repository.cache.CachingStateRepositoryTest
[INFO] Running org.togglz.core.repository.util.DefaultMapSerializerTest
[INFO] Tests run: 7, Failures: 0, Errors: 0, Skipped: 0, Time elapsed: 0.007 s - in org.togglz.core.repository.util.DefaultMapSerializerTest
[INFO] Running org.togglz.core.repository.mem.InMemoryStateRepositoryTest
[INFO] Tests run: 3, Failures: 0, Errors: 0, Skipped: 0, Time elapsed: 0.001 s - in org.togglz.core.repository.mem.InMemoryStateRepositoryTest
[INFO] Running org.togglz.core.repository.FeatureStateTest
[INFO] Tests run: 2, Failures: 0, Errors: 0, Skipped: 0, Time elapsed: 0 s - in org.togglz.core.repository.FeatureStateTest
[INFO] Running org.togglz.core.repository.jdbc.SchemaUpdaterTest
[INFO] Tests run: 4, Failures: 0, Errors: 0, Skipped: 0, Time elapsed: 0.172 s - in org.togglz.core.repository.jdbc.SchemaUpdaterTest
[INFO] Running org.togglz.core.repository.jdbc.JDBCRepositoryAutoCommitTest
[INFO] Tests run: 2, Failures: 0, Errors: 0, Skipped: 0, Time elapsed: 0.026 s - in org.togglz.core.repository.jdbc.JDBCRepositoryAutoCommitTest
[INFO] Running org.togglz.core.repository.jdbc.JDBCStateRepositoryTest
[INFO] Tests run: 7, Failures: 0, Errors: 0, Skipped: 0, Time elapsed: 0.131 s - in org.togglz.core.repository.jdbc.JDBCStateRepositoryTest
[INFO] Running org.togglz.core.repository.listener.ListenableStateRepositoryTest
[INFO] Tests run: 5, Failures: 0, Errors: 0, Skipped: 0, Time elapsed: 0.008 s - in org.togglz.core.repository.listener.ListenableStateRepositoryTest
[INFO] Running org.togglz.core.util.StringsTest
[INFO] Tests run: 7, Failures: 0, Errors: 0, Skipped: 0, Time elapsed: 0.001 s - in org.togglz.core.util.StringsTest
[INFO] Running org.togglz.core.util.FeatureAnnotationsTest
[INFO] Tests run: 7, Failures: 0, Errors: 0, Skipped: 0, Time elapsed: 0 s - in org.togglz.core.util.FeatureAnnotationsTest
[INFO] Running org.togglz.core.util.NamedFeatureTest
[INFO] Tests run: 1, Failures: 0, Errors: 0, Skipped: 0, Time elapsed: 0 s - in org.togglz.core.util.NamedFeatureTest
[INFO] Running org.togglz.core.util.FeatureStateTest
[INFO] Tests run: 1, Failures: 0, Errors: 0, Skipped: 0, Time elapsed: 0 s - in org.togglz.core.util.FeatureStateTest
[INFO] Running org.togglz.core.util.FeatureMapTest
[INFO] Tests run: 4, Failures: 0, Errors: 0, Skipped: 0, Time elapsed: 0.01 s - in org.togglz.core.util.FeatureMapTest
[INFO] Running org.togglz.core.util.WeightedTest
[INFO] Tests run: 3, Failures: 0, Errors: 0, Skipped: 0, Time elapsed: 0.001 s - in org.togglz.core.util.WeightedTest
[INFO] Running org.togglz.core.logging.LoggingStateRepositoryTest
[INFO] Tests run: 4, Failures: 0, Errors: 0, Skipped: 0, Time elapsed: 0.027 s - in org.togglz.core.logging.LoggingStateRepositoryTest
[INFO] Running org.togglz.core.manager.FeatureManagerBuilderTest
[INFO] Tests run: 2, Failures: 0, Errors: 0, Skipped: 0, Time elapsed: 0.007 s - in org.togglz.core.manager.FeatureManagerBuilderTest
[INFO] Running org.togglz.core.manager.EnumBasedFeatureProviderTest
[INFO] Tests run: 18, Failures: 0, Errors: 0, Skipped: 0, Time elapsed: 0.006 s - in org.togglz.core.manager.EnumBasedFeatureProviderTest
[INFO] Running org.togglz.core.manager.PropertyFeatureProviderTest
[INFO] Tests run: 7, Failures: 0, Errors: 0, Skipped: 0, Time elapsed: 0 s - in org.togglz.core.manager.PropertyFeatureProviderTest
[INFO] Running org.togglz.core.manager.CompositeFeatureProviderTest
[INFO] Tests run: 2, Failures: 0, Errors: 0, Skipped: 0, Time elapsed: 0.008 s - in org.togglz.core.manager.CompositeFeatureProviderTest
[INFO] Running org.togglz.core.manager.DefaultFeatureManagerTest
[INFO] Tests run: 6, Failures: 0, Errors: 0, Skipped: 0, Time elapsed: 0.023 s - in org.togglz.core.manager.DefaultFeatureManagerTest
[INFO] Running org.togglz.core.activation.UsernameActivationStrategyTest
[INFO] Tests run: 5, Failures: 0, Errors: 0, Skipped: 0, Time elapsed: 0 s - in org.togglz.core.activation.UsernameActivationStrategyTest
[INFO] Running org.togglz.core.activation.UserRoleActivationStrategyTest
[INFO] Tests run: 10, Failures: 0, Errors: 0, Skipped: 0, Time elapsed: 0.034 s - in org.togglz.core.activation.UserRoleActivationStrategyTest
[INFO] Running org.togglz.core.activation.DefaultActivationStrategyProviderTest
[INFO] Tests run: 4, Failures: 0, Errors: 0, Skipped: 0, Time elapsed: 0.002 s - in org.togglz.core.activation.DefaultActivationStrategyProviderTest
[INFO] Running org.togglz.core.activation.ScriptEngineActivationStrategyTest
Warning: Nashorn engine is planned to be removed from a future JDK release
Warning: Nashorn engine is planned to be removed from a future JDK release
Warning: Nashorn engine is planned to be removed from a future JDK release
Warning: Nashorn engine is planned to be removed from a future JDK release
Warning: Nashorn engine is planned to be removed from a future JDK release
Warning: Nashorn engine is planned to be removed from a future JDK release
Warning: Nashorn engine is planned to be removed from a future JDK release
Warning: Nashorn engine is planned to be removed from a future JDK release
Warning: Nashorn engine is planned to be removed from a future JDK release
Warning: Nashorn engine is planned to be removed from a future JDK release
Feb 07, 2023 3:16:40 PM org.togglz.core.logging.Jdk14LogProvider$Jdk14Log error
SEVERE: Could not find script engine for: some language that doesn't exist
Warning: Nashorn engine is planned to be removed from a future JDK release
Warning: Nashorn engine is planned to be removed from a future JDK release
Warning: Nashorn engine is planned to be removed from a future JDK release
Feb 07, 2023 3:16:40 PM org.togglz.core.logging.Jdk14LogProvider$Jdk14Log error
SEVERE: Could not evaluate script for feature FEATURE: <eval>:1:1 Expected an operand but found =
 = ,;
 ^ in <eval> at line number 1 at column number 1
[INFO] Tests run: 8, Failures: 0, Errors: 0, Skipped: 0, Time elapsed: 0.415 s - in org.togglz.core.activation.ScriptEngineActivationStrategyTest
[INFO] Running org.togglz.core.activation.SystemPropertyActivationStrategyTest
[INFO] Tests run: 8, Failures: 0, Errors: 0, Skipped: 0, Time elapsed: 0.001 s - in org.togglz.core.activation.SystemPropertyActivationStrategyTest
[INFO] Running org.togglz.core.activation.IPActivationStrategyTest
[INFO] Tests run: 4, Failures: 0, Errors: 0, Skipped: 0, Time elapsed: 0.001 s - in org.togglz.core.activation.IPActivationStrategyTest
[INFO] Running org.togglz.core.activation.GradualActivationStrategyTest
Feb 07, 2023 3:16:40 PM org.togglz.core.logging.Jdk14LogProvider$Jdk14Log error
SEVERE: Invalid gradual rollout percentage for feature FEATURE: 100x
Feb 07, 2023 3:16:40 PM org.togglz.core.logging.Jdk14LogProvider$Jdk14Log error
SEVERE: Invalid gradual rollout percentage for feature FEATURE: 100x
[INFO] Tests run: 6, Failures: 0, Errors: 0, Skipped: 0, Time elapsed: 0 s - in org.togglz.core.activation.GradualActivationStrategyTest
[INFO] Running org.togglz.core.activation.ParameterBuilderTest
[INFO] Tests run: 6, Failures: 0, Errors: 0, Skipped: 0, Time elapsed: 0.001 s - in org.togglz.core.activation.ParameterBuilderTest
[INFO] 
[INFO] Results:
[INFO] 
[INFO] Tests run: 179, Failures: 0, Errors: 0, Skipped: 0
[INFO] 
[INFO] 
[INFO] -------------------< org.togglz:togglz-test-harness >-------------------
[INFO] Building Togglz - Test Harness 2.9.9-SNAPSHOT                     [3/29]
[INFO] --------------------------------[ jar ]---------------------------------
[INFO] 
[INFO] --- maven-clean-plugin:2.5:clean (default-clean) @ togglz-test-harness ---
[INFO] Deleting /home/gabsko/breaking-updates/test-harness/target
[INFO] 
[INFO] --- maven-enforcer-plugin:1.0:enforce (enforce-maven) @ togglz-test-harness ---
[INFO] 
[INFO] --- maven-resources-plugin:2.6:resources (default-resources) @ togglz-test-harness ---
[INFO] Using 'UTF-8' encoding to copy filtered resources.
[INFO] Copying 2 resources
[INFO] 
[INFO] --- maven-compiler-plugin:3.8.1:compile (default-compile) @ togglz-test-harness ---
[INFO] Changes detected - recompiling the module!
[INFO] Compiling 6 source files to /home/gabsko/breaking-updates/test-harness/target/classes
[INFO] 
[INFO] --- maven-resources-plugin:2.6:testResources (default-testResources) @ togglz-test-harness ---
[INFO] Using 'UTF-8' encoding to copy filtered resources.
[INFO] skip non existing resourceDirectory /home/gabsko/breaking-updates/test-harness/src/test/resources
[INFO] 
[INFO] --- maven-compiler-plugin:3.8.1:testCompile (default-testCompile) @ togglz-test-harness ---
[INFO] No sources to compile
[INFO] 
[INFO] --- maven-surefire-plugin:2.22.2:test (default-test) @ togglz-test-harness ---
[INFO] No tests to run.
[INFO] 
[INFO] ----------------------< org.togglz:togglz-slf4j >-----------------------
[INFO] Building Togglz - SLF4J integration 2.9.9-SNAPSHOT                [4/29]
[INFO] --------------------------------[ jar ]---------------------------------
[INFO] 
[INFO] --- maven-clean-plugin:2.5:clean (default-clean) @ togglz-slf4j ---
[INFO] Deleting /home/gabsko/breaking-updates/slf4j/target
[INFO] 
[INFO] --- maven-enforcer-plugin:1.0:enforce (enforce-maven) @ togglz-slf4j ---
[INFO] 
[INFO] --- maven-resources-plugin:2.6:resources (default-resources) @ togglz-slf4j ---
[INFO] Using 'UTF-8' encoding to copy filtered resources.
[INFO] Copying 1 resource
[INFO] 
[INFO] --- maven-compiler-plugin:3.8.1:compile (default-compile) @ togglz-slf4j ---
[INFO] Changes detected - recompiling the module!
[INFO] Compiling 1 source file to /home/gabsko/breaking-updates/slf4j/target/classes
[INFO] 
[INFO] --- maven-resources-plugin:2.6:testResources (default-testResources) @ togglz-slf4j ---
[INFO] Using 'UTF-8' encoding to copy filtered resources.
[INFO] skip non existing resourceDirectory /home/gabsko/breaking-updates/slf4j/src/test/resources
[INFO] 
[INFO] --- maven-compiler-plugin:3.8.1:testCompile (default-testCompile) @ togglz-slf4j ---
[INFO] No sources to compile
[INFO] 
[INFO] --- maven-surefire-plugin:2.22.2:test (default-test) @ togglz-slf4j ---
[INFO] No tests to run.
[INFO] 
[INFO] ---------------------< org.togglz:togglz-servlet >----------------------
[INFO] Building Togglz - Servlet integration 2.9.9-SNAPSHOT              [5/29]
[INFO] --------------------------------[ jar ]---------------------------------
[INFO] 
[INFO] --- maven-clean-plugin:2.5:clean (default-clean) @ togglz-servlet ---
[INFO] Deleting /home/gabsko/breaking-updates/servlet/target
[INFO] 
[INFO] --- maven-enforcer-plugin:1.0:enforce (enforce-maven) @ togglz-servlet ---
[INFO] 
[INFO] --- maven-resources-plugin:2.6:resources (default-resources) @ togglz-servlet ---
[INFO] Using 'UTF-8' encoding to copy filtered resources.
[INFO] Copying 4 resources
[INFO] 
[INFO] --- maven-compiler-plugin:3.8.1:compile (default-compile) @ togglz-servlet ---
[INFO] Changes detected - recompiling the module!
[INFO] Compiling 16 source files to /home/gabsko/breaking-updates/servlet/target/classes
[INFO] /home/gabsko/breaking-updates/servlet/src/main/java/org/togglz/servlet/spi/ServletContextBeanFinder.java: /home/gabsko/breaking-updates/servlet/src/main/java/org/togglz/servlet/spi/ServletContextBeanFinder.java uses or overrides a deprecated API.
[INFO] /home/gabsko/breaking-updates/servlet/src/main/java/org/togglz/servlet/spi/ServletContextBeanFinder.java: Recompile with -Xlint:deprecation for details.
[INFO] 
[INFO] --- maven-resources-plugin:2.6:testResources (default-testResources) @ togglz-servlet ---
[INFO] Using 'UTF-8' encoding to copy filtered resources.
[INFO] skip non existing resourceDirectory /home/gabsko/breaking-updates/servlet/src/test/resources
[INFO] 
[INFO] --- maven-compiler-plugin:3.8.1:testCompile (default-testCompile) @ togglz-servlet ---
[INFO] Changes detected - recompiling the module!
[INFO] Compiling 22 source files to /home/gabsko/breaking-updates/servlet/target/test-classes
[INFO] /home/gabsko/breaking-updates/servlet/src/test/java/org/togglz/servlet/spi/MyServletContext.java: /home/gabsko/breaking-updates/servlet/src/test/java/org/togglz/servlet/spi/MyServletContext.java uses or overrides a deprecated API.
[INFO] /home/gabsko/breaking-updates/servlet/src/test/java/org/togglz/servlet/spi/MyServletContext.java: Recompile with -Xlint:deprecation for details.
[INFO] /home/gabsko/breaking-updates/servlet/src/test/java/org/togglz/servlet/activation/QueryParameterActivationStrategyTest.java: /home/gabsko/breaking-updates/servlet/src/test/java/org/togglz/servlet/activation/QueryParameterActivationStrategyTest.java uses unchecked or unsafe operations.
[INFO] /home/gabsko/breaking-updates/servlet/src/test/java/org/togglz/servlet/activation/QueryParameterActivationStrategyTest.java: Recompile with -Xlint:unchecked for details.
[INFO] 
[INFO] --- maven-surefire-plugin:2.22.2:test (default-test) @ togglz-servlet ---
[INFO] 
[INFO] -------------------------------------------------------
[INFO]  T E S T S
[INFO] -------------------------------------------------------
[INFO] Running org.togglz.servlet.spi.ServletContextBeanFinderTest
[INFO] Tests run: 3, Failures: 0, Errors: 0, Skipped: 0, Time elapsed: 0.034 s - in org.togglz.servlet.spi.ServletContextBeanFinderTest
[INFO] Running org.togglz.servlet.activation.HeaderActivationStrategyTest
[INFO] Tests run: 5, Failures: 0, Errors: 0, Skipped: 0, Time elapsed: 0.313 s - in org.togglz.servlet.activation.HeaderActivationStrategyTest
[INFO] Running org.togglz.servlet.activation.ClientIpActivationStrategyTest
Feb 07, 2023 3:16:42 PM org.togglz.core.logging.Jdk14LogProvider$Jdk14Log warn
WARNING: Ignoring illegal IP address or CIDR range 
[INFO] Tests run: 23, Failures: 0, Errors: 0, Skipped: 0, Time elapsed: 0.085 s - in org.togglz.servlet.activation.ClientIpActivationStrategyTest
[INFO] Running org.togglz.servlet.activation.QueryParameterActivationStrategyTest
[INFO] Tests run: 15, Failures: 0, Errors: 0, Skipped: 0, Time elapsed: 0.009 s - in org.togglz.servlet.activation.QueryParameterActivationStrategyTest
[INFO] 
[INFO] Results:
[INFO] 
[INFO] Tests run: 46, Failures: 0, Errors: 0, Skipped: 0
[INFO] 
[INFO] 
[INFO] ---------------------< org.togglz:togglz-console >----------------------
[INFO] Building Togglz - Admin Console 2.9.9-SNAPSHOT                    [6/29]
[INFO] --------------------------------[ jar ]---------------------------------
[INFO] 
[INFO] --- maven-clean-plugin:2.5:clean (default-clean) @ togglz-console ---
[INFO] Deleting /home/gabsko/breaking-updates/console/target
[INFO] 
[INFO] --- maven-enforcer-plugin:1.0:enforce (enforce-maven) @ togglz-console ---
[INFO] 
[INFO] --- maven-resources-plugin:2.6:resources (default-resources) @ togglz-console ---
[INFO] Using 'UTF-8' encoding to copy filtered resources.
[INFO] Copying 18 resources
[INFO] 
[INFO] --- maven-compiler-plugin:3.8.1:compile (default-compile) @ togglz-console ---
[INFO] Changes detected - recompiling the module!
[INFO] Compiling 17 source files to /home/gabsko/breaking-updates/console/target/classes
[INFO] 
[INFO] --- maven-resources-plugin:2.6:testResources (default-testResources) @ togglz-console ---
[INFO] Using 'UTF-8' encoding to copy filtered resources.
[INFO] skip non existing resourceDirectory /home/gabsko/breaking-updates/console/src/test/resources
[INFO] 
[INFO] --- maven-compiler-plugin:3.8.1:testCompile (default-testCompile) @ togglz-console ---
[INFO] Changes detected - recompiling the module!
[INFO] Compiling 5 source files to /home/gabsko/breaking-updates/console/target/test-classes
[INFO] 
[INFO] --- maven-surefire-plugin:2.22.2:test (default-test) @ togglz-console ---
[INFO] 
[INFO] -------------------------------------------------------
[INFO]  T E S T S
[INFO] -------------------------------------------------------
[INFO] 
[INFO] Results:
[INFO] 
[INFO] Tests run: 0, Failures: 0, Errors: 0, Skipped: 0
[INFO] 
[INFO] 
[INFO] -----------------------< org.togglz:togglz-cdi >------------------------
[INFO] Building Togglz - CDI integration 2.9.9-SNAPSHOT                  [7/29]
[INFO] --------------------------------[ jar ]---------------------------------
[INFO] 
[INFO] --- maven-clean-plugin:2.5:clean (default-clean) @ togglz-cdi ---
[INFO] Deleting /home/gabsko/breaking-updates/cdi/target
[INFO] 
[INFO] --- maven-enforcer-plugin:1.0:enforce (enforce-maven) @ togglz-cdi ---
[INFO] 
[INFO] --- maven-resources-plugin:2.6:resources (default-resources) @ togglz-cdi ---
[INFO] Using 'UTF-8' encoding to copy filtered resources.
[INFO] Copying 2 resources
[INFO] 
[INFO] --- maven-compiler-plugin:3.8.1:compile (default-compile) @ togglz-cdi ---
[INFO] Changes detected - recompiling the module!
[INFO] Compiling 1 source file to /home/gabsko/breaking-updates/cdi/target/classes
[INFO] 
[INFO] --- maven-resources-plugin:2.6:testResources (default-testResources) @ togglz-cdi ---
[INFO] Using 'UTF-8' encoding to copy filtered resources.
[INFO] skip non existing resourceDirectory /home/gabsko/breaking-updates/cdi/src/test/resources
[INFO] 
[INFO] --- maven-compiler-plugin:3.8.1:testCompile (default-testCompile) @ togglz-cdi ---
[INFO] Changes detected - recompiling the module!
[INFO] Compiling 5 source files to /home/gabsko/breaking-updates/cdi/target/test-classes
[INFO] 
[INFO] --- maven-surefire-plugin:2.22.2:test (default-test) @ togglz-cdi ---
[INFO] 
[INFO] -------------------------------------------------------
[INFO]  T E S T S
[INFO] -------------------------------------------------------
[INFO] 
[INFO] Results:
[INFO] 
[INFO] Tests run: 0, Failures: 0, Errors: 0, Skipped: 0
[INFO] 
[INFO] 
[INFO] ----------------------< org.togglz:togglz-guice >-----------------------
[INFO] Building Togglz - Guice integration 2.9.9-SNAPSHOT                [8/29]
[INFO] --------------------------------[ jar ]---------------------------------
[INFO] 
[INFO] --- maven-clean-plugin:2.5:clean (default-clean) @ togglz-guice ---
[INFO] Deleting /home/gabsko/breaking-updates/guice/target
[INFO] 
[INFO] --- maven-enforcer-plugin:1.0:enforce (enforce-maven) @ togglz-guice ---
[INFO] 
[INFO] --- maven-resources-plugin:2.6:resources (default-resources) @ togglz-guice ---
[INFO] Using 'UTF-8' encoding to copy filtered resources.
[INFO] Copying 1 resource
[INFO] 
[INFO] --- maven-compiler-plugin:3.8.1:compile (default-compile) @ togglz-guice ---
[INFO] Changes detected - recompiling the module!
[INFO] Compiling 1 source file to /home/gabsko/breaking-updates/guice/target/classes
[INFO] 
[INFO] --- maven-resources-plugin:2.6:testResources (default-testResources) @ togglz-guice ---
[INFO] Using 'UTF-8' encoding to copy filtered resources.
[INFO] skip non existing resourceDirectory /home/gabsko/breaking-updates/guice/src/test/resources
[INFO] 
[INFO] --- maven-compiler-plugin:3.8.1:testCompile (default-testCompile) @ togglz-guice ---
[INFO] Changes detected - recompiling the module!
[INFO] Compiling 5 source files to /home/gabsko/breaking-updates/guice/target/test-classes
[INFO] 
[INFO] --- maven-surefire-plugin:2.22.2:test (default-test) @ togglz-guice ---
[INFO] 
[INFO] -------------------------------------------------------
[INFO]  T E S T S
[INFO] -------------------------------------------------------
[INFO] Running org.togglz.guice.GuiceIntegrationTest
Feb 07, 2023 3:16:45 PM org.jboss.threads.Version <clinit>
INFO: JBoss Threads version 2.3.0.Beta2
Feb 07, 2023 3:16:45 PM org.jboss.logmanager.JBossLoggerFinder getLogger
ERROR: The LogManager accessed before the "java.util.logging.manager" system property was set to "org.jboss.logmanager.LogManager". Results may be unexpected.
Feb 07, 2023 3:16:45 PM org.jboss.as.arquillian.container.managed.ManagedDeployableContainer startInternal
INFO: Starting container with: [/usr/lib/jvm/java-11-openjdk-amd64/bin/java, -D[Standalone], -Xms64m, -Xmx512m, -Djava.net.preferIPv4Stack=true, -Djava.awt.headless=true, -Djboss.modules.system.pkgs=org.jboss.byteman, -ea, -Djboss.home.dir=/home/gabsko/breaking-updates/target/container/wildfly-22.0.1.Final, --add-exports=java.base/sun.nio.ch=ALL-UNNAMED, --add-exports=jdk.unsupported/sun.reflect=ALL-UNNAMED, --add-exports=jdk.unsupported/sun.misc=ALL-UNNAMED, --add-modules=java.se, -Dorg.jboss.boot.log.file=/home/gabsko/breaking-updates/target/container/wildfly-22.0.1.Final/standalone/log/server.log, -Dlogging.configuration=file:/home/gabsko/breaking-updates/target/container/wildfly-22.0.1.Final/standalone/configuration/logging.properties, -jar, /home/gabsko/breaking-updates/target/container/wildfly-22.0.1.Final/jboss-modules.jar, -mp, /home/gabsko/breaking-updates/target/container/wildfly-22.0.1.Final/modules, org.jboss.as.standalone, -Djboss.home.dir=/home/gabsko/breaking-updates/target/container/wildfly-22.0.1.Final, -Djboss.server.base.dir=/home/gabsko/breaking-updates/target/container/wildfly-22.0.1.Final/standalone, -Djboss.server.log.dir=/home/gabsko/breaking-updates/target/container/wildfly-22.0.1.Final/standalone/log, -Djboss.server.config.dir=/home/gabsko/breaking-updates/target/container/wildfly-22.0.1.Final/standalone/configuration]
Feb 07, 2023 3:16:45 PM org.jboss.remoting3.EndpointImpl <clinit>
INFO: JBoss Remoting version 5.0.8.Final
Feb 07, 2023 3:16:45 PM org.xnio.Xnio <clinit>
INFO: XNIO version 3.6.5.Final
Feb 07, 2023 3:16:45 PM org.xnio.nio.NioXnio <clinit>
INFO: XNIO NIO Implementation Version 3.6.5.Final
Feb 07, 2023 3:16:45 PM org.wildfly.security.Version <clinit>
INFO: ELY00001: WildFly Elytron version 1.8.0.Final
[0m15:16:45,735 INFO  [org.jboss.modules] (main) JBoss Modules version 1.11.0.Final
[0m[0m15:16:46,061 INFO  [org.jboss.msc] (main) JBoss MSC version 1.4.12.Final
[0m[0m15:16:46,067 INFO  [org.jboss.threads] (main) JBoss Threads version 2.4.0.Final
[0m[0m15:16:46,151 INFO  [org.jboss.as] (MSC service thread 1-2) WFLYSRV0049: WildFly Full 22.0.1.Final (WildFly Core 14.0.1.Final) starting
[0m[0m15:16:46,705 INFO  [org.wildfly.security] (ServerService Thread Pool -- 28) ELY00001: WildFly Elytron version 1.14.1.Final
[0m[0m15:16:47,114 INFO  [org.jboss.as.controller.management-deprecated] (Controller Boot Thread) WFLYCTL0028: Attribute 'security-realm' in the resource at address '/core-service=management/management-interface=http-interface' is deprecated, and may be removed in a future version. See the attribute description in the output of the read-resource-description operation to learn more about the deprecation.
[0m[0m15:16:47,131 INFO  [org.jboss.as.controller.management-deprecated] (ServerService Thread Pool -- 32) WFLYCTL0028: Attribute 'security-realm' in the resource at address '/subsystem=undertow/server=default-server/https-listener=https' is deprecated, and may be removed in a future version. See the attribute description in the output of the read-resource-description operation to learn more about the deprecation.
[0m[0m15:16:47,188 INFO  [org.jboss.as.server] (Controller Boot Thread) WFLYSRV0039: Creating http management service using socket-binding (management-http)
[0m[0m15:16:47,203 INFO  [org.xnio] (MSC service thread 1-8) XNIO version 3.8.4.Final
[0m[0m15:16:47,209 INFO  [org.xnio.nio] (MSC service thread 1-8) XNIO NIO Implementation Version 3.8.4.Final
[0m[0m15:16:47,228 INFO  [org.jboss.as.clustering.infinispan] (ServerService Thread Pool -- 53) WFLYCLINF0001: Activating Infinispan subsystem.
[0m[0m15:16:47,234 INFO  [org.wildfly.extension.microprofile.jwt.smallrye._private] (ServerService Thread Pool -- 64) WFLYJWT0001: Activating WildFly MicroProfile JWT Subsystem
[0m[0m15:16:47,238 INFO  [org.jboss.as.jaxrs] (ServerService Thread Pool -- 55) WFLYRS0016: RESTEasy version 3.14.0.Final
[0m[0m15:16:47,238 INFO  [org.jboss.as.naming] (ServerService Thread Pool -- 66) WFLYNAM0001: Activating Naming Subsystem
[0m[0m15:16:47,237 INFO  [org.wildfly.extension.io] (ServerService Thread Pool -- 54) WFLYIO001: Worker 'default' has auto-configured to 72 IO threads with 576 max task threads based on your 36 available processors
[0m[33m15:16:47,241 WARN  [org.jboss.as.txn] (ServerService Thread Pool -- 74) WFLYTX0013: The node-identifier attribute on the /subsystem=transactions is set to the default value. This is a danger for environments running multiple servers. Please make sure the attribute value is unique.
[0m[0m15:16:47,241 INFO  [org.wildfly.extension.microprofile.config.smallrye._private] (ServerService Thread Pool -- 63) WFLYCONF0001: Activating WildFly MicroProfile Config Subsystem
[0m[0m15:16:47,245 INFO  [org.jboss.as.security] (ServerService Thread Pool -- 72) WFLYSEC0002: Activating Security Subsystem
[0m[0m15:16:47,248 INFO  [org.wildfly.extension.health] (ServerService Thread Pool -- 52) WFLYHEALTH0001: Activating Base Health Subsystem
[0m[0m15:16:47,249 INFO  [org.jboss.as.security] (MSC service thread 1-6) WFLYSEC0001: Current PicketBox version=5.0.3.Final-redhat-00007
[0m[0m15:16:47,250 INFO  [org.jboss.as.webservices] (ServerService Thread Pool -- 76) WFLYWS0002: Activating WebServices Extension
[0m[0m15:16:47,253 INFO  [org.wildfly.extension.metrics] (ServerService Thread Pool -- 62) WFLYMETRICS0001: Activating Base Metrics Subsystem
[0m[0m15:16:47,252 INFO  [org.jboss.as.jsf] (ServerService Thread Pool -- 60) WFLYJSF0007: Activated the following JSF Implementations: [main]
[0m[0m15:16:47,260 INFO  [org.wildfly.extension.microprofile.opentracing] (ServerService Thread Pool -- 65) WFLYTRACEXT0001: Activating MicroProfile OpenTracing Subsystem
[0m[0m15:16:47,260 INFO  [org.jboss.as.connector] (MSC service thread 1-2) WFLYJCA0009: Starting JCA Subsystem (WildFly/IronJacamar @VERSION@)
[0m[0m15:16:47,270 INFO  [org.jboss.as.connector.subsystems.datasources] (ServerService Thread Pool -- 44) WFLYJCA0004: Deploying JDBC-compliant driver class org.h2.Driver (version 1.4)
[0m[0m15:16:47,272 INFO  [org.jboss.as.naming] (MSC service thread 1-5) WFLYNAM0003: Starting Naming Service
[0m[0m15:16:47,274 INFO  [org.wildfly.extension.undertow] (MSC service thread 1-7) WFLYUT0003: Undertow 2.2.4.Final starting
[0m[0m15:16:47,292 INFO  [org.jboss.as.connector.deployers.jdbc] (MSC service thread 1-7) WFLYJCA0018: Started Driver service with driver-name = h2
[0m[0m15:16:47,293 INFO  [org.jboss.as.mail.extension] (MSC service thread 1-1) WFLYMAIL0001: Bound mail session [java:jboss/mail/Default]
[0m[0m15:16:47,295 INFO  [org.jboss.remoting] (MSC service thread 1-8) JBoss Remoting version 5.0.20.Final
[0m[33m15:16:47,353 WARN  [org.wildfly.extension.elytron] (MSC service thread 1-2) WFLYELY00023: KeyStore file '/home/gabsko/breaking-updates/target/container/wildfly-22.0.1.Final/standalone/configuration/application.keystore' does not exist. Used blank.
[0m[33m15:16:47,369 WARN  [org.wildfly.extension.elytron] (MSC service thread 1-5) WFLYELY01084: KeyStore /home/gabsko/breaking-updates/target/container/wildfly-22.0.1.Final/standalone/configuration/application.keystore not found, it will be auto generated on first use with a self-signed certificate for host localhost
[0mWARNING: An illegal reflective access operation has occurred
WARNING: Illegal reflective access by org.wildfly.extension.elytron.SSLDefinitions (jar:file:/home/gabsko/breaking-updates/target/container/wildfly-22.0.1.Final/modules/system/layers/base/org/wildfly/extension/elytron/main/wildfly-elytron-integration-14.0.1.Final.jar!/) to method com.sun.net.ssl.internal.ssl.Provider.isFIPS()
WARNING: Please consider reporting this to the maintainers of org.wildfly.extension.elytron.SSLDefinitions
WARNING: Use --illegal-access=warn to enable warnings of further illegal reflective access operations
WARNING: All illegal access operations will be denied in a future release
[0m15:16:47,389 INFO  [org.wildfly.extension.undertow] (ServerService Thread Pool -- 75) WFLYUT0014: Creating file handler for path '/home/gabsko/breaking-updates/target/container/wildfly-22.0.1.Final/welcome-content' with options [directory-listing: 'false', follow-symlink: 'false', case-sensitive: 'true', safe-symlink-paths: '[]']
[0m[0m15:16:47,395 INFO  [org.wildfly.extension.undertow] (MSC service thread 1-5) WFLYUT0012: Started server default-server.
[0m[0m15:16:47,397 INFO  [org.wildfly.extension.undertow] (MSC service thread 1-3) WFLYUT0018: Host default-host starting
[0m[0m15:16:47,419 INFO  [org.jboss.as.ejb3] (MSC service thread 1-2) WFLYEJB0481: Strict pool slsb-strict-max-pool is using a max instance size of 576 (per class), which is derived from thread worker pool sizing.
[0m[0m15:16:47,419 INFO  [org.jboss.as.ejb3] (MSC service thread 1-5) WFLYEJB0482: Strict pool mdb-strict-max-pool is using a max instance size of 144 (per class), which is derived from the number of CPUs on this host.
[0m[0m15:16:47,450 INFO  [org.wildfly.extension.undertow] (MSC service thread 1-8) WFLYUT0006: Undertow HTTP listener default listening on 127.0.0.1:8080
[0m[0m15:16:47,522 INFO  [org.jboss.as.ejb3] (MSC service thread 1-2) WFLYEJB0493: EJB subsystem suspension complete
[0m[0m15:16:47,574 INFO  [org.jboss.as.connector.subsystems.datasources] (MSC service thread 1-6) WFLYJCA0001: Bound data source [java:jboss/datasources/ExampleDS]
[0m[0m15:16:47,618 INFO  [org.jboss.as.patching] (MSC service thread 1-5) WFLYPAT0050: WildFly Full cumulative patch ID is: base, one-off patches include: none
[0m[33m15:16:47,636 WARN  [org.jboss.as.domain.management.security] (MSC service thread 1-8) WFLYDM0111: Keystore /home/gabsko/breaking-updates/target/container/wildfly-22.0.1.Final/standalone/configuration/application.keystore not found, it will be auto generated on first use with a self signed certificate for host localhost
[0m[0m15:16:47,643 INFO  [org.jboss.as.server.deployment.scanner] (MSC service thread 1-6) WFLYDS0013: Started FileSystemDeploymentService for directory /home/gabsko/breaking-updates/target/container/wildfly-22.0.1.Final/standalone/deployments
[0m[0m15:16:47,668 INFO  [org.wildfly.extension.undertow] (MSC service thread 1-8) WFLYUT0006: Undertow HTTPS listener https listening on 127.0.0.1:8443
[0m[0m15:16:47,717 INFO  [org.jboss.ws.common.management] (MSC service thread 1-6) JBWS022052: Starting JBossWS 5.4.2.Final (Apache CXF 3.3.7) 
[0m[0m15:16:47,783 INFO  [org.jboss.as.server] (Controller Boot Thread) WFLYSRV0212: Resuming server
[0m[0m15:16:47,785 INFO  [org.jboss.as] (Controller Boot Thread) WFLYSRV0025: WildFly Full 22.0.1.Final (WildFly Core 14.0.1.Final) started in 2330ms - Started 318 of 557 services (345 services are lazy, passive or on-demand)
[0m[0m15:16:47,787 INFO  [org.jboss.as] (Controller Boot Thread) WFLYSRV0060: Http management interface listening on http://127.0.0.1:9990/management
[0m[0m15:16:47,787 INFO  [org.jboss.as] (Controller Boot Thread) WFLYSRV0051: Admin console listening on http://127.0.0.1:9990
[0mSLF4J: Failed to load class "org.slf4j.impl.StaticLoggerBinder".
SLF4J: Defaulting to no-operation (NOP) logger implementation
SLF4J: See http://www.slf4j.org/codes.html#StaticLoggerBinder for further details.
[0m15:16:50,382 INFO  [org.jboss.as.repository] (management-handler-thread - 1) WFLYDR0001: Content added at location /home/gabsko/breaking-updates/target/container/wildfly-22.0.1.Final/standalone/data/content/5b/8e911f1f488c882c76e177262dfa3fa7e484eb/content
[0m[0m15:16:50,403 INFO  [org.jboss.as.server.deployment] (MSC service thread 1-8) WFLYSRV0027: Starting deployment of "test.war" (runtime-name: "test.war")
[0m[33m15:16:52,090 WARN  [org.jboss.weld.deployer] (MSC service thread 1-8) WFLYWELD0013: Deployment test.war contains CDI annotations but no bean archive was found (no beans.xml or class with bean defining annotations was present).
[0m[0m15:16:52,263 INFO  [org.infinispan.CONTAINER] (ServerService Thread Pool -- 78) ISPN000128: Infinispan version: Infinispan 'Corona Extra' 11.0.8.Final
[0m[0m15:16:52,294 INFO  [org.infinispan.CONFIG] (MSC service thread 1-8) ISPN000152: Passivation configured without an eviction policy being selected. Only manually evicted entities will be passivated.
[0m[0m15:16:52,296 INFO  [org.infinispan.CONFIG] (MSC service thread 1-8) ISPN000152: Passivation configured without an eviction policy being selected. Only manually evicted entities will be passivated.
[0m[0m15:16:52,356 INFO  [org.infinispan.PERSISTENCE] (ServerService Thread Pool -- 78) ISPN000556: Starting user marshaller 'org.wildfly.clustering.infinispan.spi.marshalling.InfinispanProtoStreamMarshaller'
[0m[0m15:16:52,453 INFO  [org.jboss.as.clustering.infinispan] (ServerService Thread Pool -- 78) WFLYCLINF0002: Started http-remoting-connector cache from ejb container
[0m[0m15:16:52,659 INFO  [org.wildfly.extension.undertow] (ServerService Thread Pool -- 28) WFLYUT0021: Registered web context: '/test' for server 'default-server'
[0m[0m15:16:52,702 INFO  [org.jboss.as.server] (management-handler-thread - 1) WFLYSRV0010: Deployed "test.war" (runtime-name : "test.war")
[0m[0m15:16:52,969 INFO  [org.togglz.servlet.TogglzFilter] (default task-2) Togglz started
[0m[0m15:16:53,020 INFO  [org.jboss.arquillian.testenricher.cdi.container.BeanManagerProducer] (default task-2) BeanManager not found.
[0m[0m15:16:53,092 INFO  [org.wildfly.extension.undertow] (ServerService Thread Pool -- 28) WFLYUT0022: Unregistered web context: '/test' from server 'default-server'
[0m[0m15:16:53,187 INFO  [org.jboss.as.server.deployment] (MSC service thread 1-2) WFLYSRV0028: Stopped deployment test.war (runtime-name: test.war) in 100ms
[0m[0m15:16:53,219 INFO  [org.jboss.as.repository] (management-handler-thread - 1) WFLYDR0002: Content removed from location /home/gabsko/breaking-updates/target/container/wildfly-22.0.1.Final/standalone/data/content/5b/8e911f1f488c882c76e177262dfa3fa7e484eb/content
[0m[0m15:16:53,219 INFO  [org.jboss.as.server] (management-handler-thread - 1) WFLYSRV0009: Undeployed "test.war" (runtime-name: "test.war")
[0m[INFO] Tests run: 1, Failures: 0, Errors: 0, Skipped: 0, Time elapsed: 8.226 s - in org.togglz.guice.GuiceIntegrationTest
[0m15:16:53,231 INFO  [org.jboss.as.server] (management-handler-thread - 1) WFLYSRV0272: Suspending server
[0m[0m15:16:53,234 INFO  [org.jboss.as.ejb3] (management-handler-thread - 1) WFLYEJB0493: EJB subsystem suspension complete
[0m[0m15:16:53,235 INFO  [org.jboss.as.server] (Management Triggered Shutdown) WFLYSRV0241: Shutting down in response to management operation 'shutdown'
[0m[0m15:16:53,240 INFO  [org.jboss.as.connector.subsystems.datasources] (MSC service thread 1-1) WFLYJCA0010: Unbound data source [java:jboss/datasources/ExampleDS]
[0m[0m15:16:53,245 INFO  [org.wildfly.extension.undertow] (MSC service thread 1-5) WFLYUT0008: Undertow HTTPS listener https suspending
[0m[0m15:16:53,245 INFO  [org.wildfly.extension.undertow] (MSC service thread 1-5) WFLYUT0007: Undertow HTTPS listener https stopped, was bound to 127.0.0.1:8443
[0m[0m15:16:53,248 INFO  [org.wildfly.extension.undertow] (MSC service thread 1-7) WFLYUT0019: Host default-host stopping
[0m[0m15:16:53,260 INFO  [org.jboss.as.mail.extension] (MSC service thread 1-3) WFLYMAIL0002: Unbound mail session [java:jboss/mail/Default]
[0m[0m15:16:53,266 INFO  [org.jboss.as.connector.deployers.jdbc] (MSC service thread 1-5) WFLYJCA0019: Stopped Driver service with driver-name = h2
[0m[0m15:16:53,269 INFO  [org.wildfly.extension.undertow] (MSC service thread 1-2) WFLYUT0008: Undertow HTTP listener default suspending
[0m[0m15:16:53,269 INFO  [org.wildfly.extension.undertow] (MSC service thread 1-2) WFLYUT0007: Undertow HTTP listener default stopped, was bound to 127.0.0.1:8080
[0m[0m15:16:53,271 INFO  [org.wildfly.extension.undertow] (MSC service thread 1-7) WFLYUT0004: Undertow 2.2.4.Final stopping
[0m[0m15:16:53,273 INFO  [org.jboss.as.clustering.infinispan] (ServerService Thread Pool -- 28) WFLYCLINF0003: Stopped http-remoting-connector cache from ejb container
[0m[0m15:16:53,279 INFO  [org.infinispan.manager.DefaultCacheManager] (ServerService Thread Pool -- 28) Stopping cache manager null on null
[0m[0m15:16:53,311 INFO  [org.jboss.as] (MSC service thread 1-2) WFLYSRV0050: WildFly Full 22.0.1.Final (WildFly Core 14.0.1.Final) stopped in 64ms
[0m[INFO] 
[INFO] Results:
[INFO] 
[INFO] Tests run: 1, Failures: 0, Errors: 0, Skipped: 0
[INFO] 
[INFO] 
[INFO] -------------------< org.togglz:togglz-spring-core >--------------------
[INFO] Building Togglz - Spring Framework integration 2.9.9-SNAPSHOT     [9/29]
[INFO] --------------------------------[ jar ]---------------------------------
[INFO] 
[INFO] --- maven-clean-plugin:2.5:clean (default-clean) @ togglz-spring-core ---
[INFO] Deleting /home/gabsko/breaking-updates/spring-core/target
[INFO] 
[INFO] --- maven-enforcer-plugin:1.0:enforce (enforce-maven) @ togglz-spring-core ---
[INFO] 
[INFO] --- maven-resources-plugin:2.6:resources (default-resources) @ togglz-spring-core ---
[INFO] Using 'UTF-8' encoding to copy filtered resources.
[INFO] Copying 3 resources
[INFO] 
[INFO] --- maven-compiler-plugin:3.8.1:compile (default-compile) @ togglz-spring-core ---
[INFO] Changes detected - recompiling the module!
[INFO] Compiling 11 source files to /home/gabsko/breaking-updates/spring-core/target/classes
[INFO] /home/gabsko/breaking-updates/spring-core/src/main/java/org/togglz/spring/manager/FeatureManagerFactory.java: /home/gabsko/breaking-updates/spring-core/src/main/java/org/togglz/spring/manager/FeatureManagerFactory.java uses unchecked or unsafe operations.
[INFO] /home/gabsko/breaking-updates/spring-core/src/main/java/org/togglz/spring/manager/FeatureManagerFactory.java: Recompile with -Xlint:unchecked for details.
[INFO] 
[INFO] --- maven-resources-plugin:2.6:testResources (default-testResources) @ togglz-spring-core ---
[INFO] Using 'UTF-8' encoding to copy filtered resources.
[INFO] skip non existing resourceDirectory /home/gabsko/breaking-updates/spring-core/src/test/resources
[INFO] 
[INFO] --- maven-compiler-plugin:3.8.1:testCompile (default-testCompile) @ togglz-spring-core ---
[INFO] Changes detected - recompiling the module!
[INFO] Compiling 4 source files to /home/gabsko/breaking-updates/spring-core/target/test-classes
[INFO] /home/gabsko/breaking-updates/spring-core/src/test/java/org/togglz/spring/activation/SpringProfileActivationStrategyTest.java: Some input files use or override a deprecated API.
[INFO] /home/gabsko/breaking-updates/spring-core/src/test/java/org/togglz/spring/activation/SpringProfileActivationStrategyTest.java: Recompile with -Xlint:deprecation for details.
[INFO] 
[INFO] --- maven-surefire-plugin:2.22.2:test (default-test) @ togglz-spring-core ---
[INFO] 
[INFO] -------------------------------------------------------
[INFO]  T E S T S
[INFO] -------------------------------------------------------
[INFO] Running org.togglz.spring.repository.ApplicationEventPublisherRepositoryTest
[INFO] Tests run: 1, Failures: 0, Errors: 0, Skipped: 0, Time elapsed: 0.29 s - in org.togglz.spring.repository.ApplicationEventPublisherRepositoryTest
[INFO] Running org.togglz.spring.activation.SpringEnvironmentPropertyActivationStrategyTest
[INFO] Tests run: 8, Failures: 0, Errors: 0, Skipped: 0, Time elapsed: 0.114 s - in org.togglz.spring.activation.SpringEnvironmentPropertyActivationStrategyTest
[INFO] Running org.togglz.spring.activation.SpringProfileActivationStrategyTest
[INFO] Tests run: 19, Failures: 0, Errors: 0, Skipped: 0, Time elapsed: 0.035 s - in org.togglz.spring.activation.SpringProfileActivationStrategyTest
[INFO] Running org.togglz.spring.listener.TogglzApplicationContextBinderApplicationListenerTest
Feb 07, 2023 3:16:55 PM org.togglz.core.logging.Jdk14LogProvider$Jdk14Log warn
WARNING: ApplicationContext already bound to current context class loader, releasing it first
[INFO] Tests run: 4, Failures: 0, Errors: 0, Skipped: 0, Time elapsed: 0.03 s - in org.togglz.spring.listener.TogglzApplicationContextBinderApplicationListenerTest
[INFO] 
[INFO] Results:
[INFO] 
[INFO] Tests run: 32, Failures: 0, Errors: 0, Skipped: 0
[INFO] 
[INFO] 
[INFO] --------------------< org.togglz:togglz-spring-web >--------------------
[INFO] Building Togglz - Spring Web integration 2.9.9-SNAPSHOT          [10/29]
[INFO] --------------------------------[ jar ]---------------------------------
[INFO] 
[INFO] --- maven-clean-plugin:2.5:clean (default-clean) @ togglz-spring-web ---
[INFO] Deleting /home/gabsko/breaking-updates/spring-web/target
[INFO] 
[INFO] --- maven-enforcer-plugin:1.0:enforce (enforce-maven) @ togglz-spring-web ---
[INFO] 
[INFO] --- maven-resources-plugin:2.6:resources (default-resources) @ togglz-spring-web ---
[INFO] Using 'UTF-8' encoding to copy filtered resources.
[INFO] Copying 1 resource
[INFO] 
[INFO] --- maven-compiler-plugin:3.8.1:compile (default-compile) @ togglz-spring-web ---
[INFO] Changes detected - recompiling the module!
[INFO] Compiling 4 source files to /home/gabsko/breaking-updates/spring-web/target/classes
[INFO] /home/gabsko/breaking-updates/spring-web/src/main/java/org/togglz/spring/web/FeatureInterceptor.java: /home/gabsko/breaking-updates/spring-web/src/main/java/org/togglz/spring/web/FeatureInterceptor.java uses or overrides a deprecated API.
[INFO] /home/gabsko/breaking-updates/spring-web/src/main/java/org/togglz/spring/web/FeatureInterceptor.java: Recompile with -Xlint:deprecation for details.
[INFO] 
[INFO] --- maven-resources-plugin:2.6:testResources (default-testResources) @ togglz-spring-web ---
[INFO] Using 'UTF-8' encoding to copy filtered resources.
[INFO] Copying 4 resources
[INFO] 
[INFO] --- maven-compiler-plugin:3.8.1:testCompile (default-testCompile) @ togglz-spring-web ---
[INFO] Changes detected - recompiling the module!
[INFO] Compiling 14 source files to /home/gabsko/breaking-updates/spring-web/target/test-classes
[INFO] 
[INFO] --- maven-surefire-plugin:2.22.2:test (default-test) @ togglz-spring-web ---
[INFO] 
[INFO] -------------------------------------------------------
[INFO]  T E S T S
[INFO] -------------------------------------------------------
[INFO] Running org.togglz.spring.web.spi.HttpServletRequestHolderFilterTest
SLF4J: Failed to load class "org.slf4j.impl.StaticLoggerBinder".
SLF4J: Defaulting to no-operation (NOP) logger implementation
SLF4J: See http://www.slf4j.org/codes.html#StaticLoggerBinder for further details.
[INFO] Tests run: 5, Failures: 0, Errors: 0, Skipped: 0, Time elapsed: 1.362 s - in org.togglz.spring.web.spi.HttpServletRequestHolderFilterTest
[INFO] Running org.togglz.spring.web.FeatureInterceptorTest
[INFO] Tests run: 15, Failures: 0, Errors: 0, Skipped: 0, Time elapsed: 0.172 s - in org.togglz.spring.web.FeatureInterceptorTest
[INFO] 
[INFO] Results:
[INFO] 
[INFO] Tests run: 20, Failures: 0, Errors: 0, Skipped: 0
[INFO] 
[INFO] 
[INFO] -----------------< org.togglz:togglz-spring-security >------------------
[INFO] Building Togglz - Spring Security integration 2.9.9-SNAPSHOT     [11/29]
[INFO] --------------------------------[ jar ]---------------------------------
[INFO] 
[INFO] --- maven-clean-plugin:2.5:clean (default-clean) @ togglz-spring-security ---
[INFO] Deleting /home/gabsko/breaking-updates/spring-security/target
[INFO] 
[INFO] --- maven-enforcer-plugin:1.0:enforce (enforce-maven) @ togglz-spring-security ---
[INFO] 
[INFO] --- maven-resources-plugin:2.6:resources (default-resources) @ togglz-spring-security ---
[INFO] Using 'UTF-8' encoding to copy filtered resources.
[INFO] Copying 1 resource
[INFO] 
[INFO] --- maven-compiler-plugin:3.8.1:compile (default-compile) @ togglz-spring-security ---
[INFO] Changes detected - recompiling the module!
[INFO] Compiling 2 source files to /home/gabsko/breaking-updates/spring-security/target/classes
[INFO] 
[INFO] --- maven-resources-plugin:2.6:testResources (default-testResources) @ togglz-spring-security ---
[INFO] Using 'UTF-8' encoding to copy filtered resources.
[INFO] skip non existing resourceDirectory /home/gabsko/breaking-updates/spring-security/src/test/resources
[INFO] 
[INFO] --- maven-compiler-plugin:3.8.1:testCompile (default-testCompile) @ togglz-spring-security ---
[INFO] Changes detected - recompiling the module!
[INFO] Compiling 1 source file to /home/gabsko/breaking-updates/spring-security/target/test-classes
[INFO] /home/gabsko/breaking-updates/spring-security/src/test/java/org/togglz/spring/security/SpringSecurityUserProviderTest.java: /home/gabsko/breaking-updates/spring-security/src/test/java/org/togglz/spring/security/SpringSecurityUserProviderTest.java uses unchecked or unsafe operations.
[INFO] /home/gabsko/breaking-updates/spring-security/src/test/java/org/togglz/spring/security/SpringSecurityUserProviderTest.java: Recompile with -Xlint:unchecked for details.
[INFO] 
[INFO] --- maven-surefire-plugin:2.22.2:test (default-test) @ togglz-spring-security ---
[INFO] 
[INFO] -------------------------------------------------------
[INFO]  T E S T S
[INFO] -------------------------------------------------------
[INFO] Running org.togglz.spring.security.SpringSecurityUserProviderTest
[INFO] Tests run: 3, Failures: 0, Errors: 0, Skipped: 0, Time elapsed: 1.123 s - in org.togglz.spring.security.SpringSecurityUserProviderTest
[INFO] 
[INFO] Results:
[INFO] 
[INFO] Tests run: 3, Failures: 0, Errors: 0, Skipped: 0
[INFO] 
[INFO] 
[INFO] -------------------< org.togglz:togglz-spring-boot >--------------------
[INFO] Building Togglz - Spring Boot POM 2.9.9-SNAPSHOT                 [12/29]
[INFO] --------------------------------[ pom ]---------------------------------
[INFO] 
[INFO] --- maven-clean-plugin:2.5:clean (default-clean) @ togglz-spring-boot ---
[INFO] 
[INFO] --- maven-enforcer-plugin:1.0:enforce (enforce-maven) @ togglz-spring-boot ---
[INFO] 
[INFO] ---------------< org.togglz:togglz-spring-boot-starter >----------------
[INFO] Building Togglz - Spring Boot Starter 2.9.9-SNAPSHOT             [13/29]
[INFO] --------------------------------[ jar ]---------------------------------
[INFO] 
[INFO] --- maven-clean-plugin:2.5:clean (default-clean) @ togglz-spring-boot-starter ---
[INFO] Deleting /home/gabsko/breaking-updates/spring-boot/starter/target
[INFO] 
[INFO] --- maven-enforcer-plugin:1.0:enforce (enforce-maven) @ togglz-spring-boot-starter ---
[INFO] 
[INFO] --- maven-resources-plugin:2.6:resources (default-resources) @ togglz-spring-boot-starter ---
[INFO] Using 'UTF-8' encoding to copy filtered resources.
[INFO] Copying 1 resource
[INFO] 
[INFO] --- maven-compiler-plugin:3.8.1:compile (default-compile) @ togglz-spring-boot-starter ---
[INFO] Changes detected - recompiling the module!
[INFO] Compiling 12 source files to /home/gabsko/breaking-updates/spring-boot/starter/target/classes
[INFO] /home/gabsko/breaking-updates/spring-boot/starter/src/main/java/org/togglz/spring/boot/actuate/autoconfigure/TogglzManagementContextConfiguration.java: /home/gabsko/breaking-updates/spring-boot/starter/src/main/java/org/togglz/spring/boot/actuate/autoconfigure/TogglzManagementContextConfiguration.java uses or overrides a deprecated API.
[INFO] /home/gabsko/breaking-updates/spring-boot/starter/src/main/java/org/togglz/spring/boot/actuate/autoconfigure/TogglzManagementContextConfiguration.java: Recompile with -Xlint:deprecation for details.
[INFO] /home/gabsko/breaking-updates/spring-boot/starter/src/main/java/org/togglz/spring/boot/actuate/autoconfigure/TogglzConsoleBaseConfiguration.java: /home/gabsko/breaking-updates/spring-boot/starter/src/main/java/org/togglz/spring/boot/actuate/autoconfigure/TogglzConsoleBaseConfiguration.java uses unchecked or unsafe operations.
[INFO] /home/gabsko/breaking-updates/spring-boot/starter/src/main/java/org/togglz/spring/boot/actuate/autoconfigure/TogglzConsoleBaseConfiguration.java: Recompile with -Xlint:unchecked for details.
[INFO] 
[INFO] --- maven-resources-plugin:2.6:testResources (default-testResources) @ togglz-spring-boot-starter ---
[INFO] Using 'UTF-8' encoding to copy filtered resources.
[INFO] Copying 1 resource
[INFO] 
[INFO] --- maven-compiler-plugin:3.8.1:testCompile (default-testCompile) @ togglz-spring-boot-starter ---
[INFO] Changes detected - recompiling the module!
[INFO] Compiling 4 source files to /home/gabsko/breaking-updates/spring-boot/starter/target/test-classes
[INFO] 
[INFO] --- maven-surefire-plugin:2.22.2:test (default-test) @ togglz-spring-boot-starter ---
[INFO] 
[INFO] -------------------------------------------------------
[INFO]  T E S T S
[INFO] -------------------------------------------------------
[INFO] Running org.togglz.spring.boot.actuate.autoconfigure.TogglzManagementContextConfigurationTest
[INFO] Tests run: 3, Failures: 0, Errors: 0, Skipped: 0, Time elapsed: 2.61 s - in org.togglz.spring.boot.actuate.autoconfigure.TogglzManagementContextConfigurationTest
[INFO] Running org.togglz.spring.boot.actuate.thymeleaf.TogglzDialectTest
[INFO] Tests run: 4, Failures: 0, Errors: 0, Skipped: 0, Time elapsed: 0.012 s - in org.togglz.spring.boot.actuate.thymeleaf.TogglzDialectTest
[INFO] Running org.togglz.spring.boot.actuate.TogglzEndpointTest
[INFO] Tests run: 5, Failures: 0, Errors: 0, Skipped: 0, Time elapsed: 0.392 s - in org.togglz.spring.boot.actuate.TogglzEndpointTest
[INFO] 
[INFO] Results:
[INFO] 
[INFO] Tests run: 12, Failures: 0, Errors: 0, Skipped: 0
[INFO] 
[INFO] 
[INFO] --------------------< org.togglz:togglz-deltaspike >--------------------
[INFO] Building Togglz - DeltaSpike integration 2.9.9-SNAPSHOT          [14/29]
[INFO] --------------------------------[ jar ]---------------------------------
[INFO] 
[INFO] --- maven-clean-plugin:2.5:clean (default-clean) @ togglz-deltaspike ---
[INFO] Deleting /home/gabsko/breaking-updates/deltaspike/target
[INFO] 
[INFO] --- maven-enforcer-plugin:1.0:enforce (enforce-maven) @ togglz-deltaspike ---
[INFO] 
[INFO] --- maven-resources-plugin:2.6:resources (default-resources) @ togglz-deltaspike ---
[INFO] Using 'UTF-8' encoding to copy filtered resources.
[INFO] Copying 1 resource
[INFO] 
[INFO] --- maven-compiler-plugin:3.8.1:compile (default-compile) @ togglz-deltaspike ---
[INFO] Changes detected - recompiling the module!
[INFO] Compiling 2 source files to /home/gabsko/breaking-updates/deltaspike/target/classes
[INFO] 
[INFO] --- maven-resources-plugin:2.6:testResources (default-testResources) @ togglz-deltaspike ---
[INFO] Using 'UTF-8' encoding to copy filtered resources.
[INFO] Copying 1 resource
[INFO] 
[INFO] --- maven-compiler-plugin:3.8.1:testCompile (default-testCompile) @ togglz-deltaspike ---
[INFO] Changes detected - recompiling the module!
[INFO] Compiling 3 source files to /home/gabsko/breaking-updates/deltaspike/target/test-classes
[INFO] 
[INFO] --- maven-surefire-plugin:2.22.2:test (default-test) @ togglz-deltaspike ---
[INFO] 
[INFO] -------------------------------------------------------
[INFO]  T E S T S
[INFO] -------------------------------------------------------
[INFO] Running org.togglz.deltaspike.activation.DeltaSpikeProjectStageActivationStrategyTest
[INFO] Tests run: 12, Failures: 0, Errors: 0, Skipped: 0, Time elapsed: 0.093 s - in org.togglz.deltaspike.activation.DeltaSpikeProjectStageActivationStrategyTest
[INFO] Running org.togglz.deltaspike.activation.DeltaSpikePropertyActivationStrategyTest
Feb 07, 2023 3:17:05 PM org.apache.deltaspike.core.util.ProjectStageProducer initProjectStage
INFO: Computed the following DeltaSpike ProjectStage: Production
[INFO] Tests run: 7, Failures: 0, Errors: 0, Skipped: 0, Time elapsed: 0.027 s - in org.togglz.deltaspike.activation.DeltaSpikePropertyActivationStrategyTest
[INFO] 
[INFO] Results:
[INFO] 
[INFO] Tests run: 19, Failures: 0, Errors: 0, Skipped: 0
[INFO] 
[INFO] 
[INFO] ----------------------< org.togglz:togglz-shiro >-----------------------
[INFO] Building Togglz - Apache Shiro integration 2.9.9-SNAPSHOT        [15/29]
[INFO] --------------------------------[ jar ]---------------------------------
[INFO] 
[INFO] --- maven-clean-plugin:2.5:clean (default-clean) @ togglz-shiro ---
[INFO] Deleting /home/gabsko/breaking-updates/shiro/target
[INFO] 
[INFO] --- maven-enforcer-plugin:1.0:enforce (enforce-maven) @ togglz-shiro ---
[INFO] 
[INFO] --- maven-resources-plugin:2.6:resources (default-resources) @ togglz-shiro ---
[INFO] Using 'UTF-8' encoding to copy filtered resources.
[INFO] skip non existing resourceDirectory /home/gabsko/breaking-updates/shiro/src/main/resources
[INFO] 
[INFO] --- maven-compiler-plugin:3.8.1:compile (default-compile) @ togglz-shiro ---
[INFO] Changes detected - recompiling the module!
[INFO] Compiling 1 source file to /home/gabsko/breaking-updates/shiro/target/classes
[INFO] 
[INFO] --- maven-resources-plugin:2.6:testResources (default-testResources) @ togglz-shiro ---
[INFO] Using 'UTF-8' encoding to copy filtered resources.
[INFO] Copying 1 resource
[INFO] 
[INFO] --- maven-compiler-plugin:3.8.1:testCompile (default-testCompile) @ togglz-shiro ---
[INFO] Changes detected - recompiling the module!
[INFO] Compiling 6 source files to /home/gabsko/breaking-updates/shiro/target/test-classes
[INFO] 
[INFO] --- maven-surefire-plugin:2.22.2:test (default-test) @ togglz-shiro ---
[INFO] 
[INFO] -------------------------------------------------------
[INFO]  T E S T S
[INFO] -------------------------------------------------------
[INFO] Running org.togglz.shiro.test.ShiroUsersTest
Feb 07, 2023 3:17:06 PM org.jboss.threads.Version <clinit>
INFO: JBoss Threads version 2.3.0.Beta2
Feb 07, 2023 3:17:06 PM org.jboss.logmanager.JBossLoggerFinder getLogger
ERROR: The LogManager accessed before the "java.util.logging.manager" system property was set to "org.jboss.logmanager.LogManager". Results may be unexpected.
Feb 07, 2023 3:17:06 PM org.jboss.as.arquillian.container.managed.ManagedDeployableContainer startInternal
INFO: Starting container with: [/usr/lib/jvm/java-11-openjdk-amd64/bin/java, -D[Standalone], -Xms64m, -Xmx512m, -Djava.net.preferIPv4Stack=true, -Djava.awt.headless=true, -Djboss.modules.system.pkgs=org.jboss.byteman, -ea, -Djboss.home.dir=/home/gabsko/breaking-updates/target/container/wildfly-22.0.1.Final, --add-exports=java.base/sun.nio.ch=ALL-UNNAMED, --add-exports=jdk.unsupported/sun.reflect=ALL-UNNAMED, --add-exports=jdk.unsupported/sun.misc=ALL-UNNAMED, --add-modules=java.se, -Dorg.jboss.boot.log.file=/home/gabsko/breaking-updates/target/container/wildfly-22.0.1.Final/standalone/log/server.log, -Dlogging.configuration=file:/home/gabsko/breaking-updates/target/container/wildfly-22.0.1.Final/standalone/configuration/logging.properties, -jar, /home/gabsko/breaking-updates/target/container/wildfly-22.0.1.Final/jboss-modules.jar, -mp, /home/gabsko/breaking-updates/target/container/wildfly-22.0.1.Final/modules, org.jboss.as.standalone, -Djboss.home.dir=/home/gabsko/breaking-updates/target/container/wildfly-22.0.1.Final, -Djboss.server.base.dir=/home/gabsko/breaking-updates/target/container/wildfly-22.0.1.Final/standalone, -Djboss.server.log.dir=/home/gabsko/breaking-updates/target/container/wildfly-22.0.1.Final/standalone/log, -Djboss.server.config.dir=/home/gabsko/breaking-updates/target/container/wildfly-22.0.1.Final/standalone/configuration]
Feb 07, 2023 3:17:06 PM org.jboss.remoting3.EndpointImpl <clinit>
INFO: JBoss Remoting version 5.0.8.Final
Feb 07, 2023 3:17:06 PM org.xnio.Xnio <clinit>
INFO: XNIO version 3.6.5.Final
Feb 07, 2023 3:17:06 PM org.xnio.nio.NioXnio <clinit>
INFO: XNIO NIO Implementation Version 3.6.5.Final
Feb 07, 2023 3:17:06 PM org.wildfly.security.Version <clinit>
INFO: ELY00001: WildFly Elytron version 1.8.0.Final
[0m15:17:07,187 INFO  [org.jboss.modules] (main) JBoss Modules version 1.11.0.Final
[0m[0m15:17:07,561 INFO  [org.jboss.msc] (main) JBoss MSC version 1.4.12.Final
[0m[0m15:17:07,566 INFO  [org.jboss.threads] (main) JBoss Threads version 2.4.0.Final
[0m[0m15:17:07,635 INFO  [org.jboss.as] (MSC service thread 1-2) WFLYSRV0049: WildFly Full 22.0.1.Final (WildFly Core 14.0.1.Final) starting
[0m[0m15:17:08,234 INFO  [org.wildfly.security] (ServerService Thread Pool -- 27) ELY00001: WildFly Elytron version 1.14.1.Final
[0m[0m15:17:08,633 INFO  [org.jboss.as.controller.management-deprecated] (Controller Boot Thread) WFLYCTL0028: Attribute 'security-realm' in the resource at address '/core-service=management/management-interface=http-interface' is deprecated, and may be removed in a future version. See the attribute description in the output of the read-resource-description operation to learn more about the deprecation.
[0m[0m15:17:08,657 INFO  [org.jboss.as.controller.management-deprecated] (ServerService Thread Pool -- 34) WFLYCTL0028: Attribute 'security-realm' in the resource at address '/subsystem=undertow/server=default-server/https-listener=https' is deprecated, and may be removed in a future version. See the attribute description in the output of the read-resource-description operation to learn more about the deprecation.
[0m[0m15:17:08,705 INFO  [org.jboss.as.server] (Controller Boot Thread) WFLYSRV0039: Creating http management service using socket-binding (management-http)
[0m[0m15:17:08,717 INFO  [org.xnio] (MSC service thread 1-7) XNIO version 3.8.4.Final
[0m[0m15:17:08,724 INFO  [org.xnio.nio] (MSC service thread 1-7) XNIO NIO Implementation Version 3.8.4.Final
[0m[0m15:17:08,754 INFO  [org.jboss.remoting] (MSC service thread 1-2) JBoss Remoting version 5.0.20.Final
[0m[0m15:17:08,765 INFO  [org.jboss.as.clustering.infinispan] (ServerService Thread Pool -- 53) WFLYCLINF0001: Activating Infinispan subsystem.
[0m[0m15:17:08,765 INFO  [org.wildfly.extension.health] (ServerService Thread Pool -- 52) WFLYHEALTH0001: Activating Base Health Subsystem
[0m[0m15:17:08,769 INFO  [org.wildfly.extension.io] (ServerService Thread Pool -- 54) WFLYIO001: Worker 'default' has auto-configured to 72 IO threads with 576 max task threads based on your 36 available processors
[0m[0m15:17:08,772 INFO  [org.wildfly.extension.microprofile.jwt.smallrye._private] (ServerService Thread Pool -- 64) WFLYJWT0001: Activating WildFly MicroProfile JWT Subsystem
[0m[0m15:17:08,771 INFO  [org.jboss.as.jaxrs] (ServerService Thread Pool -- 55) WFLYRS0016: RESTEasy version 3.14.0.Final
[0m[0m15:17:08,772 INFO  [org.wildfly.extension.microprofile.config.smallrye._private] (ServerService Thread Pool -- 63) WFLYCONF0001: Activating WildFly MicroProfile Config Subsystem
[0m[0m15:17:08,775 INFO  [org.jboss.as.naming] (ServerService Thread Pool -- 66) WFLYNAM0001: Activating Naming Subsystem
[0m[0m15:17:08,777 INFO  [org.wildfly.extension.microprofile.opentracing] (ServerService Thread Pool -- 65) WFLYTRACEXT0001: Activating MicroProfile OpenTracing Subsystem
[0m[0m15:17:08,778 INFO  [org.wildfly.extension.metrics] (ServerService Thread Pool -- 62) WFLYMETRICS0001: Activating Base Metrics Subsystem
[0m[0m15:17:08,778 INFO  [org.jboss.as.jsf] (ServerService Thread Pool -- 60) WFLYJSF0007: Activated the following JSF Implementations: [main]
[0m[0m15:17:08,778 INFO  [org.jboss.as.connector] (MSC service thread 1-8) WFLYJCA0009: Starting JCA Subsystem (WildFly/IronJacamar @VERSION@)
[0m[33m15:17:08,776 WARN  [org.jboss.as.txn] (ServerService Thread Pool -- 74) WFLYTX0013: The node-identifier attribute on the /subsystem=transactions is set to the default value. This is a danger for environments running multiple servers. Please make sure the attribute value is unique.
[0m[0m15:17:08,780 INFO  [org.jboss.as.security] (ServerService Thread Pool -- 72) WFLYSEC0002: Activating Security Subsystem
[0m[0m15:17:08,782 INFO  [org.jboss.as.webservices] (ServerService Thread Pool -- 76) WFLYWS0002: Activating WebServices Extension
[0m[0m15:17:08,786 INFO  [org.jboss.as.security] (MSC service thread 1-3) WFLYSEC0001: Current PicketBox version=5.0.3.Final-redhat-00007
[0m[0m15:17:08,815 INFO  [org.jboss.as.connector.subsystems.datasources] (ServerService Thread Pool -- 44) WFLYJCA0004: Deploying JDBC-compliant driver class org.h2.Driver (version 1.4)
[0m[0m15:17:08,820 INFO  [org.jboss.as.mail.extension] (MSC service thread 1-2) WFLYMAIL0001: Bound mail session [java:jboss/mail/Default]
[0m[0m15:17:08,820 INFO  [org.jboss.as.connector.deployers.jdbc] (MSC service thread 1-1) WFLYJCA0018: Started Driver service with driver-name = h2
[0m[0m15:17:08,820 INFO  [org.jboss.as.naming] (MSC service thread 1-4) WFLYNAM0003: Starting Naming Service
[0m[0m15:17:08,903 INFO  [org.wildfly.extension.undertow] (MSC service thread 1-6) WFLYUT0003: Undertow 2.2.4.Final starting
[0m[33m15:17:08,925 WARN  [org.wildfly.extension.elytron] (MSC service thread 1-7) WFLYELY00023: KeyStore file '/home/gabsko/breaking-updates/target/container/wildfly-22.0.1.Final/standalone/configuration/application.keystore' does not exist. Used blank.
[0m[33m15:17:08,939 WARN  [org.wildfly.extension.elytron] (MSC service thread 1-7) WFLYELY01084: KeyStore /home/gabsko/breaking-updates/target/container/wildfly-22.0.1.Final/standalone/configuration/application.keystore not found, it will be auto generated on first use with a self-signed certificate for host localhost
[0mWARNING: An illegal reflective access operation has occurred
WARNING: Illegal reflective access by org.wildfly.extension.elytron.SSLDefinitions (jar:file:/home/gabsko/breaking-updates/target/container/wildfly-22.0.1.Final/modules/system/layers/base/org/wildfly/extension/elytron/main/wildfly-elytron-integration-14.0.1.Final.jar!/) to method com.sun.net.ssl.internal.ssl.Provider.isFIPS()
WARNING: Please consider reporting this to the maintainers of org.wildfly.extension.elytron.SSLDefinitions
WARNING: Use --illegal-access=warn to enable warnings of further illegal reflective access operations
WARNING: All illegal access operations will be denied in a future release
[0m15:17:08,964 INFO  [org.jboss.as.ejb3] (MSC service thread 1-7) WFLYEJB0481: Strict pool slsb-strict-max-pool is using a max instance size of 576 (per class), which is derived from thread worker pool sizing.
[0m[0m15:17:08,964 INFO  [org.jboss.as.ejb3] (MSC service thread 1-2) WFLYEJB0482: Strict pool mdb-strict-max-pool is using a max instance size of 144 (per class), which is derived from the number of CPUs on this host.
[0m[0m15:17:08,965 INFO  [org.wildfly.extension.undertow] (ServerService Thread Pool -- 75) WFLYUT0014: Creating file handler for path '/home/gabsko/breaking-updates/target/container/wildfly-22.0.1.Final/welcome-content' with options [directory-listing: 'false', follow-symlink: 'false', case-sensitive: 'true', safe-symlink-paths: '[]']
[0m[0m15:17:08,973 INFO  [org.wildfly.extension.undertow] (MSC service thread 1-1) WFLYUT0012: Started server default-server.
[0m[0m15:17:08,975 INFO  [org.wildfly.extension.undertow] (MSC service thread 1-2) WFLYUT0018: Host default-host starting
[0m[0m15:17:09,007 INFO  [org.wildfly.extension.undertow] (MSC service thread 1-7) WFLYUT0006: Undertow HTTP listener default listening on 127.0.0.1:8080
[0m[0m15:17:09,060 INFO  [org.jboss.as.ejb3] (MSC service thread 1-8) WFLYEJB0493: EJB subsystem suspension complete
[0m[0m15:17:09,098 INFO  [org.jboss.as.connector.subsystems.datasources] (MSC service thread 1-7) WFLYJCA0001: Bound data source [java:jboss/datasources/ExampleDS]
[0m[0m15:17:09,177 INFO  [org.jboss.as.patching] (MSC service thread 1-6) WFLYPAT0050: WildFly Full cumulative patch ID is: base, one-off patches include: none
[0m[33m15:17:09,189 WARN  [org.jboss.as.domain.management.security] (MSC service thread 1-1) WFLYDM0111: Keystore /home/gabsko/breaking-updates/target/container/wildfly-22.0.1.Final/standalone/configuration/application.keystore not found, it will be auto generated on first use with a self signed certificate for host localhost
[0m[0m15:17:09,195 INFO  [org.jboss.as.server.deployment.scanner] (MSC service thread 1-8) WFLYDS0013: Started FileSystemDeploymentService for directory /home/gabsko/breaking-updates/target/container/wildfly-22.0.1.Final/standalone/deployments
[0m[0m15:17:09,217 INFO  [org.wildfly.extension.undertow] (MSC service thread 1-5) WFLYUT0006: Undertow HTTPS listener https listening on 127.0.0.1:8443
[0m[0m15:17:09,268 INFO  [org.jboss.ws.common.management] (MSC service thread 1-5) JBWS022052: Starting JBossWS 5.4.2.Final (Apache CXF 3.3.7) 
[0m[0m15:17:09,373 INFO  [org.jboss.as.server] (Controller Boot Thread) WFLYSRV0212: Resuming server
[0m[0m15:17:09,375 INFO  [org.jboss.as] (Controller Boot Thread) WFLYSRV0025: WildFly Full 22.0.1.Final (WildFly Core 14.0.1.Final) started in 2474ms - Started 318 of 557 services (345 services are lazy, passive or on-demand)
[0m[0m15:17:09,376 INFO  [org.jboss.as] (Controller Boot Thread) WFLYSRV0060: Http management interface listening on http://127.0.0.1:9990/management
[0m[0m15:17:09,376 INFO  [org.jboss.as] (Controller Boot Thread) WFLYSRV0051: Admin console listening on http://127.0.0.1:9990
[0mSLF4J: Failed to load class "org.slf4j.impl.StaticLoggerBinder".
SLF4J: Defaulting to no-operation (NOP) logger implementation
SLF4J: See http://www.slf4j.org/codes.html#StaticLoggerBinder for further details.
[0m15:17:10,124 INFO  [org.jboss.as.repository] (management-handler-thread - 1) WFLYDR0001: Content added at location /home/gabsko/breaking-updates/target/container/wildfly-22.0.1.Final/standalone/data/content/a1/bb38e2158432a910b3108bc1f91cc4fe1c5d12/content
[0m[0m15:17:10,145 INFO  [org.jboss.as.server.deployment] (MSC service thread 1-7) WFLYSRV0027: Starting deployment of "test.war" (runtime-name: "test.war")
[0m[0m15:17:10,951 INFO  [org.infinispan.CONTAINER] (ServerService Thread Pool -- 78) ISPN000128: Infinispan version: Infinispan 'Corona Extra' 11.0.8.Final
[0m[0m15:17:10,987 INFO  [org.infinispan.CONFIG] (MSC service thread 1-8) ISPN000152: Passivation configured without an eviction policy being selected. Only manually evicted entities will be passivated.
[0m[0m15:17:10,989 INFO  [org.infinispan.CONFIG] (MSC service thread 1-8) ISPN000152: Passivation configured without an eviction policy being selected. Only manually evicted entities will be passivated.
[0m[0m15:17:11,047 INFO  [org.infinispan.PERSISTENCE] (ServerService Thread Pool -- 78) ISPN000556: Starting user marshaller 'org.wildfly.clustering.infinispan.spi.marshalling.InfinispanProtoStreamMarshaller'
[0m[0m15:17:11,145 INFO  [org.jboss.as.clustering.infinispan] (ServerService Thread Pool -- 78) WFLYCLINF0002: Started http-remoting-connector cache from ejb container
[0m[0m15:17:11,225 INFO  [io.undertow.servlet] (ServerService Thread Pool -- 10) Initializing Shiro environment
[0m[0m15:17:11,225 INFO  [org.apache.shiro.web.env.EnvironmentLoader] (ServerService Thread Pool -- 10) Starting Shiro environment initialization.
[0m[0m15:17:11,303 INFO  [org.apache.shiro.web.env.EnvironmentLoader] (ServerService Thread Pool -- 10) Shiro environment initialized in 76 ms.
[0m[0m15:17:11,323 INFO  [org.wildfly.extension.undertow] (ServerService Thread Pool -- 10) WFLYUT0021: Registered web context: '/test' for server 'default-server'
[0m[0m15:17:11,377 INFO  [org.jboss.as.server] (management-handler-thread - 1) WFLYSRV0010: Deployed "test.war" (runtime-name : "test.war")
[0m[0m15:17:12,031 INFO  [org.togglz.servlet.TogglzFilter] (default task-1) Togglz started
[0m[0m15:17:12,498 INFO  [org.wildfly.extension.undertow] (ServerService Thread Pool -- 10) WFLYUT0022: Unregistered web context: '/test' from server 'default-server'
[0m[0m15:17:12,501 INFO  [io.undertow.servlet] (ServerService Thread Pool -- 10) Cleaning up Shiro Environment
[0m[0m15:17:12,537 INFO  [org.jboss.as.server.deployment] (MSC service thread 1-7) WFLYSRV0028: Stopped deployment test.war (runtime-name: test.war) in 41ms
[0m[0m15:17:12,570 INFO  [org.jboss.as.repository] (management-handler-thread - 1) WFLYDR0002: Content removed from location /home/gabsko/breaking-updates/target/container/wildfly-22.0.1.Final/standalone/data/content/a1/bb38e2158432a910b3108bc1f91cc4fe1c5d12/content
[0m[0m15:17:12,571 INFO  [org.jboss.as.server] (management-handler-thread - 1) WFLYSRV0009: Undeployed "test.war" (runtime-name: "test.war")
[0m[INFO] Tests run: 5, Failures: 0, Errors: 0, Skipped: 0, Time elapsed: 6.16 s - in org.togglz.shiro.test.ShiroUsersTest
[0m15:17:12,583 INFO  [org.jboss.as.server] (management-handler-thread - 1) WFLYSRV0272: Suspending server
[0m[0m15:17:12,587 INFO  [org.jboss.as.ejb3] (management-handler-thread - 1) WFLYEJB0493: EJB subsystem suspension complete
[0m[0m15:17:12,588 INFO  [org.jboss.as.server] (Management Triggered Shutdown) WFLYSRV0241: Shutting down in response to management operation 'shutdown'
[0m[0m15:17:12,604 INFO  [org.wildfly.extension.undertow] (MSC service thread 1-4) WFLYUT0019: Host default-host stopping
[0m[0m15:17:12,611 INFO  [org.jboss.as.connector.subsystems.datasources] (MSC service thread 1-2) WFLYJCA0010: Unbound data source [java:jboss/datasources/ExampleDS]
[0m[0m15:17:12,615 INFO  [org.wildfly.extension.undertow] (MSC service thread 1-3) WFLYUT0008: Undertow HTTPS listener https suspending
[0m[0m15:17:12,615 INFO  [org.jboss.as.mail.extension] (MSC service thread 1-6) WFLYMAIL0002: Unbound mail session [java:jboss/mail/Default]
[0m[0m15:17:12,616 INFO  [org.wildfly.extension.undertow] (MSC service thread 1-3) WFLYUT0007: Undertow HTTPS listener https stopped, was bound to 127.0.0.1:8443
[0m[0m15:17:12,639 INFO  [org.jboss.as.connector.deployers.jdbc] (MSC service thread 1-8) WFLYJCA0019: Stopped Driver service with driver-name = h2
[0m[0m15:17:12,641 INFO  [org.jboss.as.clustering.infinispan] (ServerService Thread Pool -- 33) WFLYCLINF0003: Stopped http-remoting-connector cache from ejb container
[0m[0m15:17:12,666 INFO  [org.wildfly.extension.undertow] (MSC service thread 1-1) WFLYUT0008: Undertow HTTP listener default suspending
[0m[0m15:17:12,671 INFO  [org.infinispan.manager.DefaultCacheManager] (ServerService Thread Pool -- 33) Stopping cache manager null on null
[0m[0m15:17:12,671 INFO  [org.wildfly.extension.undertow] (MSC service thread 1-1) WFLYUT0007: Undertow HTTP listener default stopped, was bound to 127.0.0.1:8080
[0m[0m15:17:12,674 INFO  [org.wildfly.extension.undertow] (MSC service thread 1-6) WFLYUT0004: Undertow 2.2.4.Final stopping
[0m[0m15:17:12,686 INFO  [org.jboss.as] (MSC service thread 1-5) WFLYSRV0050: WildFly Full 22.0.1.Final (WildFly Core 14.0.1.Final) stopped in 87ms
[0m[INFO] 
[INFO] Results:
[INFO] 
[INFO] Tests run: 5, Failures: 0, Errors: 0, Skipped: 0
[INFO] 
[INFO] 
[INFO] --------------------< org.togglz:togglz-appengine >---------------------
[INFO] Building Togglz - Google App Engine Integration 2.9.9-SNAPSHOT   [16/29]
[INFO] --------------------------------[ jar ]---------------------------------
[INFO] 
[INFO] --- maven-clean-plugin:2.5:clean (default-clean) @ togglz-appengine ---
[INFO] Deleting /home/gabsko/breaking-updates/appengine/target
[INFO] 
[INFO] --- maven-enforcer-plugin:1.0:enforce (enforce-maven) @ togglz-appengine ---
[INFO] 
[INFO] --- maven-resources-plugin:2.6:resources (default-resources) @ togglz-appengine ---
[INFO] Using 'UTF-8' encoding to copy filtered resources.
[INFO] skip non existing resourceDirectory /home/gabsko/breaking-updates/appengine/src/main/resources
[INFO] 
[INFO] --- maven-compiler-plugin:3.8.1:compile (default-compile) @ togglz-appengine ---
[INFO] Changes detected - recompiling the module!
[INFO] Compiling 5 source files to /home/gabsko/breaking-updates/appengine/target/classes
[INFO] 
[INFO] --- maven-resources-plugin:2.6:testResources (default-testResources) @ togglz-appengine ---
[INFO] Using 'UTF-8' encoding to copy filtered resources.
[INFO] skip non existing resourceDirectory /home/gabsko/breaking-updates/appengine/src/test/resources
[INFO] 
[INFO] --- maven-compiler-plugin:3.8.1:testCompile (default-testCompile) @ togglz-appengine ---
[INFO] Changes detected - recompiling the module!
[INFO] Compiling 6 source files to /home/gabsko/breaking-updates/appengine/target/test-classes
[INFO] /home/gabsko/breaking-updates/appengine/src/test/java/org/togglz/appengine/repository/FixedNamespaceStateRepositoryTest.java: /home/gabsko/breaking-updates/appengine/src/test/java/org/togglz/appengine/repository/FixedNamespaceStateRepositoryTest.java uses or overrides a deprecated API.
[INFO] /home/gabsko/breaking-updates/appengine/src/test/java/org/togglz/appengine/repository/FixedNamespaceStateRepositoryTest.java: Recompile with -Xlint:deprecation for details.
[INFO] 
[INFO] --- maven-surefire-plugin:2.22.2:test (default-test) @ togglz-appengine ---
[INFO] 
[INFO] -------------------------------------------------------
[INFO]  T E S T S
[INFO] -------------------------------------------------------
[INFO] Running org.togglz.appengine.user.UserServiceUserProviderTest
[INFO] Tests run: 3, Failures: 0, Errors: 0, Skipped: 0, Time elapsed: 0.078 s - in org.togglz.appengine.user.UserServiceUserProviderTest
[INFO] Running org.togglz.appengine.repository.DatastoreStateRepositoryTest
Feb 07, 2023 3:17:14 PM com.google.appengine.api.datastore.dev.LocalDatastoreService init
INFO: Local Datastore initialized: 
	Type: High Replication
	Storage: In-memory
Feb 07, 2023 3:17:14 PM com.google.appengine.api.datastore.dev.LocalDatastoreService init
INFO: Local Datastore initialized: 
	Type: High Replication
	Storage: In-memory
Feb 07, 2023 3:17:14 PM com.google.appengine.api.datastore.dev.LocalDatastoreService init
INFO: Local Datastore initialized: 
	Type: High Replication
	Storage: In-memory
Feb 07, 2023 3:17:14 PM com.google.appengine.api.datastore.dev.LocalDatastoreService init
INFO: Local Datastore initialized: 
	Type: High Replication
	Storage: In-memory
Feb 07, 2023 3:17:14 PM com.google.appengine.api.datastore.dev.LocalDatastoreService init
INFO: Local Datastore initialized: 
	Type: High Replication
	Storage: In-memory
Feb 07, 2023 3:17:14 PM com.google.appengine.api.datastore.dev.LocalDatastoreService init
INFO: Local Datastore initialized: 
	Type: High Replication
	Storage: In-memory
Feb 07, 2023 3:17:14 PM com.google.appengine.api.datastore.dev.LocalDatastoreService init
INFO: Local Datastore initialized: 
	Type: High Replication
	Storage: In-memory
Feb 07, 2023 3:17:15 PM com.google.appengine.api.datastore.dev.LocalDatastoreService init
INFO: Local Datastore initialized: 
	Type: High Replication
	Storage: In-memory
Feb 07, 2023 3:17:15 PM com.google.appengine.api.datastore.dev.LocalDatastoreService init
INFO: Local Datastore initialized: 
	Type: High Replication
	Storage: In-memory
Feb 07, 2023 3:17:15 PM com.google.appengine.api.datastore.dev.LocalDatastoreService init
INFO: Local Datastore initialized: 
	Type: High Replication
	Storage: In-memory
[INFO] Tests run: 10, Failures: 0, Errors: 0, Skipped: 0, Time elapsed: 0.682 s - in org.togglz.appengine.repository.DatastoreStateRepositoryTest
[INFO] Running org.togglz.appengine.repository.MemcacheStateRepositoryTest
[INFO] Tests run: 4, Failures: 0, Errors: 0, Skipped: 0, Time elapsed: 0.54 s - in org.togglz.appengine.repository.MemcacheStateRepositoryTest
[INFO] Running org.togglz.appengine.repository.FixedNamespaceStateRepositoryTest
Feb 07, 2023 3:17:15 PM com.google.appengine.api.datastore.dev.LocalDatastoreService init
INFO: Local Datastore initialized: 
	Type: Master/Slave
	Storage: In-memory
Feb 07, 2023 3:17:15 PM com.google.appengine.api.datastore.dev.LocalDatastoreService init
INFO: Local Datastore initialized: 
	Type: Master/Slave
	Storage: In-memory
Feb 07, 2023 3:17:15 PM com.google.appengine.api.datastore.dev.LocalDatastoreService init
INFO: Local Datastore initialized: 
	Type: Master/Slave
	Storage: In-memory
Feb 07, 2023 3:17:15 PM com.google.appengine.api.datastore.dev.LocalDatastoreService init
INFO: Local Datastore initialized: 
	Type: Master/Slave
	Storage: In-memory
Feb 07, 2023 3:17:15 PM com.google.appengine.api.datastore.dev.LocalDatastoreService init
INFO: Local Datastore initialized: 
	Type: Master/Slave
	Storage: In-memory
Feb 07, 2023 3:17:15 PM com.google.appengine.api.datastore.dev.LocalDatastoreService init
INFO: Local Datastore initialized: 
	Type: Master/Slave
	Storage: In-memory
Feb 07, 2023 3:17:15 PM com.google.appengine.api.datastore.dev.LocalDatastoreService init
INFO: Local Datastore initialized: 
	Type: Master/Slave
	Storage: In-memory
Feb 07, 2023 3:17:15 PM com.google.appengine.api.datastore.dev.LocalDatastoreService init
INFO: Local Datastore initialized: 
	Type: Master/Slave
	Storage: In-memory
[INFO] Tests run: 8, Failures: 0, Errors: 0, Skipped: 0, Time elapsed: 0.035 s - in org.togglz.appengine.repository.FixedNamespaceStateRepositoryTest
[INFO] Running org.togglz.appengine.activation.ApplicationVersionActivationStrategyTest
[INFO] Tests run: 6, Failures: 0, Errors: 0, Skipped: 0, Time elapsed: 0 s - in org.togglz.appengine.activation.ApplicationVersionActivationStrategyTest
Feb 07, 2023 3:17:15 PM com.google.appengine.api.datastore.dev.LocalDatastoreService cleanupActiveServices
INFO: scheduler shutting down.
[INFO] 
[INFO] Results:
[INFO] 
[INFO] Tests run: 31, Failures: 0, Errors: 0, Skipped: 0
[INFO] 
[INFO] 
[INFO] -----------------< org.togglz:togglz-cloud-datastore >------------------
[INFO] Building Togglz - Google Cloud Datastore Integration 2.9.9-SNAPSHOT [17/29]
[INFO] --------------------------------[ jar ]---------------------------------
[INFO] 
[INFO] --- maven-clean-plugin:2.5:clean (default-clean) @ togglz-cloud-datastore ---
[INFO] Deleting /home/gabsko/breaking-updates/cloud-datastore/target
[INFO] 
[INFO] --- maven-enforcer-plugin:1.0:enforce (enforce-maven) @ togglz-cloud-datastore ---
[INFO] 
[INFO] --- maven-resources-plugin:2.6:resources (default-resources) @ togglz-cloud-datastore ---
[INFO] Using 'UTF-8' encoding to copy filtered resources.
[INFO] skip non existing resourceDirectory /home/gabsko/breaking-updates/cloud-datastore/src/main/resources
[INFO] 
[INFO] --- maven-compiler-plugin:3.8.1:compile (default-compile) @ togglz-cloud-datastore ---
[INFO] Changes detected - recompiling the module!
[INFO] Compiling 2 source files to /home/gabsko/breaking-updates/cloud-datastore/target/classes
[INFO] 
[INFO] --- maven-resources-plugin:2.6:testResources (default-testResources) @ togglz-cloud-datastore ---
[INFO] Using 'UTF-8' encoding to copy filtered resources.
[INFO] skip non existing resourceDirectory /home/gabsko/breaking-updates/cloud-datastore/src/test/resources
[INFO] 
[INFO] --- maven-compiler-plugin:3.8.1:testCompile (default-testCompile) @ togglz-cloud-datastore ---
[INFO] Changes detected - recompiling the module!
[INFO] Compiling 1 source file to /home/gabsko/breaking-updates/cloud-datastore/target/test-classes
[INFO] 
[INFO] --- maven-surefire-plugin:2.22.2:test (default-test) @ togglz-cloud-datastore ---
[INFO] 
[INFO] ---------------------< org.togglz:togglz-mongodb >----------------------
[INFO] Building Togglz - MongoDB integration 2.9.9-SNAPSHOT             [18/29]
[INFO] --------------------------------[ jar ]---------------------------------
[INFO] 
[INFO] --- maven-clean-plugin:2.5:clean (default-clean) @ togglz-mongodb ---
[INFO] Deleting /home/gabsko/breaking-updates/mongodb/target
[INFO] 
[INFO] --- maven-enforcer-plugin:1.0:enforce (enforce-maven) @ togglz-mongodb ---
[INFO] 
[INFO] --- maven-resources-plugin:2.6:resources (default-resources) @ togglz-mongodb ---
[INFO] Using 'UTF-8' encoding to copy filtered resources.
[INFO] skip non existing resourceDirectory /home/gabsko/breaking-updates/mongodb/src/main/resources
[INFO] 
[INFO] --- maven-compiler-plugin:3.8.1:compile (default-compile) @ togglz-mongodb ---
[INFO] Changes detected - recompiling the module!
[INFO] Compiling 1 source file to /home/gabsko/breaking-updates/mongodb/target/classes
[INFO] /home/gabsko/breaking-updates/mongodb/src/main/java/org/togglz/mongodb/MongoStateRepository.java: /home/gabsko/breaking-updates/mongodb/src/main/java/org/togglz/mongodb/MongoStateRepository.java uses unchecked or unsafe operations.
[INFO] /home/gabsko/breaking-updates/mongodb/src/main/java/org/togglz/mongodb/MongoStateRepository.java: Recompile with -Xlint:unchecked for details.
[INFO] 
[INFO] --- maven-resources-plugin:2.6:testResources (default-testResources) @ togglz-mongodb ---
[INFO] Using 'UTF-8' encoding to copy filtered resources.
[INFO] skip non existing resourceDirectory /home/gabsko/breaking-updates/mongodb/src/test/resources
[INFO] 
[INFO] --- maven-compiler-plugin:3.8.1:testCompile (default-testCompile) @ togglz-mongodb ---
[INFO] Changes detected - recompiling the module!
[INFO] Compiling 1 source file to /home/gabsko/breaking-updates/mongodb/target/test-classes
[INFO] 
[INFO] --- maven-surefire-plugin:2.22.2:test (default-test) @ togglz-mongodb ---
[INFO] 
[INFO] -------------------------------------------------------
[INFO]  T E S T S
[INFO] -------------------------------------------------------
[INFO] Running org.togglz.mongodb.MongoStateRepositoryTest
15:17:16.855 [main] DEBUG org.testcontainers.utility.TestcontainersConfiguration - Testcontainers configuration overrides will be loaded from file:/home/gabsko/.testcontainers.properties
15:17:16.871 [main] WARN org.testcontainers.utility.TestcontainersConfiguration - Attempted to read Testcontainers configuration file at file:/home/gabsko/.testcontainers.properties but the file was not found. Exception message: FileNotFoundException: /home/gabsko/.testcontainers.properties (No such file or directory)
15:17:16.883 [main] INFO org.testcontainers.dockerclient.DockerMachineClientProviderStrategy - docker-machine executable was not found on PATH ([/home/gabsko/apache-maven-3.8.6/bin, /usr/local/sbin, /usr/local/bin, /usr/sbin, /usr/bin, /sbin, /bin, /usr/games, /usr/local/games, /snap/bin])
15:17:16.883 [main] DEBUG org.testcontainers.dockerclient.RootlessDockerClientProviderStrategy - $XDG_RUNTIME_DIR is set but '/run/user/1021/docker.sock' does not exist.
15:17:16.884 [main] DEBUG org.testcontainers.dockerclient.RootlessDockerClientProviderStrategy - '/home/gabsko/.docker/run' does not exist.
15:17:16.916 [main] DEBUG org.testcontainers.dockerclient.RootlessDockerClientProviderStrategy - '/run/user/1021/docker.sock' does not exist.
Feb 07, 2023 3:17:16 PM org.jboss.logmanager.JBossLoggerFinder getLogger
ERROR: The LogManager accessed before the "java.util.logging.manager" system property was set to "org.jboss.logmanager.LogManager". Results may be unexpected.
15:17:17.182 [ducttape-0] DEBUG org.testcontainers.dockerclient.DockerClientProviderStrategy - Pinging docker daemon...
15:17:17.207 [ducttape-0] DEBUG org.testcontainers.shaded.com.github.dockerjava.core.command.AbstrDockerCmd - Cmd: 
15:17:17.337 [ducttape-0] DEBUG org.testcontainers.dockerclient.DockerClientProviderStrategy - Pinging docker daemon...
15:17:17.337 [ducttape-0] DEBUG org.testcontainers.shaded.com.github.dockerjava.core.command.AbstrDockerCmd - Cmd: 
15:17:17.439 [ducttape-0] DEBUG org.testcontainers.dockerclient.DockerClientProviderStrategy - Pinging docker daemon...
15:17:17.439 [ducttape-0] DEBUG org.testcontainers.shaded.com.github.dockerjava.core.command.AbstrDockerCmd - Cmd: 
15:17:17.541 [ducttape-0] DEBUG org.testcontainers.dockerclient.DockerClientProviderStrategy - Pinging docker daemon...
15:17:17.541 [ducttape-0] DEBUG org.testcontainers.shaded.com.github.dockerjava.core.command.AbstrDockerCmd - Cmd: 
15:17:17.643 [ducttape-0] DEBUG org.testcontainers.dockerclient.DockerClientProviderStrategy - Pinging docker daemon...
15:17:17.643 [ducttape-0] DEBUG org.testcontainers.shaded.com.github.dockerjava.core.command.AbstrDockerCmd - Cmd: 
15:17:17.745 [ducttape-0] DEBUG org.testcontainers.dockerclient.DockerClientProviderStrategy - Pinging docker daemon...
15:17:17.745 [ducttape-0] DEBUG org.testcontainers.shaded.com.github.dockerjava.core.command.AbstrDockerCmd - Cmd: 
15:17:17.847 [ducttape-0] DEBUG org.testcontainers.dockerclient.DockerClientProviderStrategy - Pinging docker daemon...
15:17:17.847 [ducttape-0] DEBUG org.testcontainers.shaded.com.github.dockerjava.core.command.AbstrDockerCmd - Cmd: 
15:17:17.949 [ducttape-0] DEBUG org.testcontainers.dockerclient.DockerClientProviderStrategy - Pinging docker daemon...
15:17:17.949 [ducttape-0] DEBUG org.testcontainers.shaded.com.github.dockerjava.core.command.AbstrDockerCmd - Cmd: 
15:17:18.051 [ducttape-0] DEBUG org.testcontainers.dockerclient.DockerClientProviderStrategy - Pinging docker daemon...
15:17:18.051 [ducttape-0] DEBUG org.testcontainers.shaded.com.github.dockerjava.core.command.AbstrDockerCmd - Cmd: 
15:17:18.153 [ducttape-0] DEBUG org.testcontainers.dockerclient.DockerClientProviderStrategy - Pinging docker daemon...
15:17:18.153 [ducttape-0] DEBUG org.testcontainers.shaded.com.github.dockerjava.core.command.AbstrDockerCmd - Cmd: 
15:17:18.255 [ducttape-0] DEBUG org.testcontainers.dockerclient.DockerClientProviderStrategy - Pinging docker daemon...
15:17:18.255 [ducttape-0] DEBUG org.testcontainers.shaded.com.github.dockerjava.core.command.AbstrDockerCmd - Cmd: 
15:17:18.357 [ducttape-0] DEBUG org.testcontainers.dockerclient.DockerClientProviderStrategy - Pinging docker daemon...
15:17:18.357 [ducttape-0] DEBUG org.testcontainers.shaded.com.github.dockerjava.core.command.AbstrDockerCmd - Cmd: 
15:17:18.459 [ducttape-0] DEBUG org.testcontainers.dockerclient.DockerClientProviderStrategy - Pinging docker daemon...
15:17:18.459 [ducttape-0] DEBUG org.testcontainers.shaded.com.github.dockerjava.core.command.AbstrDockerCmd - Cmd: 
15:17:18.561 [ducttape-0] DEBUG org.testcontainers.dockerclient.DockerClientProviderStrategy - Pinging docker daemon...
15:17:18.561 [ducttape-0] DEBUG org.testcontainers.shaded.com.github.dockerjava.core.command.AbstrDockerCmd - Cmd: 
15:17:18.663 [ducttape-0] DEBUG org.testcontainers.dockerclient.DockerClientProviderStrategy - Pinging docker daemon...
15:17:18.663 [ducttape-0] DEBUG org.testcontainers.shaded.com.github.dockerjava.core.command.AbstrDockerCmd - Cmd: 
15:17:18.765 [ducttape-0] DEBUG org.testcontainers.dockerclient.DockerClientProviderStrategy - Pinging docker daemon...
15:17:18.765 [ducttape-0] DEBUG org.testcontainers.shaded.com.github.dockerjava.core.command.AbstrDockerCmd - Cmd: 
15:17:18.867 [ducttape-0] DEBUG org.testcontainers.dockerclient.DockerClientProviderStrategy - Pinging docker daemon...
15:17:18.867 [ducttape-0] DEBUG org.testcontainers.shaded.com.github.dockerjava.core.command.AbstrDockerCmd - Cmd: 
15:17:18.969 [ducttape-0] DEBUG org.testcontainers.dockerclient.DockerClientProviderStrategy - Pinging docker daemon...
15:17:18.970 [ducttape-0] DEBUG org.testcontainers.shaded.com.github.dockerjava.core.command.AbstrDockerCmd - Cmd: 
15:17:19.071 [ducttape-0] DEBUG org.testcontainers.dockerclient.DockerClientProviderStrategy - Pinging docker daemon...
15:17:19.072 [ducttape-0] DEBUG org.testcontainers.shaded.com.github.dockerjava.core.command.AbstrDockerCmd - Cmd: 
15:17:19.173 [ducttape-0] DEBUG org.testcontainers.dockerclient.DockerClientProviderStrategy - Pinging docker daemon...
15:17:19.174 [ducttape-0] DEBUG org.testcontainers.shaded.com.github.dockerjava.core.command.AbstrDockerCmd - Cmd: 
15:17:19.275 [ducttape-0] DEBUG org.testcontainers.dockerclient.DockerClientProviderStrategy - Pinging docker daemon...
15:17:19.276 [ducttape-0] DEBUG org.testcontainers.shaded.com.github.dockerjava.core.command.AbstrDockerCmd - Cmd: 
15:17:19.388 [ducttape-0] DEBUG org.testcontainers.dockerclient.DockerClientProviderStrategy - Pinging docker daemon...
15:17:19.389 [ducttape-0] DEBUG org.testcontainers.shaded.com.github.dockerjava.core.command.AbstrDockerCmd - Cmd: 
15:17:19.489 [ducttape-0] DEBUG org.testcontainers.dockerclient.DockerClientProviderStrategy - Pinging docker daemon...
15:17:19.490 [ducttape-0] DEBUG org.testcontainers.shaded.com.github.dockerjava.core.command.AbstrDockerCmd - Cmd: 
15:17:19.592 [ducttape-0] DEBUG org.testcontainers.dockerclient.DockerClientProviderStrategy - Pinging docker daemon...
15:17:19.592 [ducttape-0] DEBUG org.testcontainers.shaded.com.github.dockerjava.core.command.AbstrDockerCmd - Cmd: 
15:17:19.694 [ducttape-0] DEBUG org.testcontainers.dockerclient.DockerClientProviderStrategy - Pinging docker daemon...
15:17:19.694 [ducttape-0] DEBUG org.testcontainers.shaded.com.github.dockerjava.core.command.AbstrDockerCmd - Cmd: 
15:17:19.796 [ducttape-0] DEBUG org.testcontainers.dockerclient.DockerClientProviderStrategy - Pinging docker daemon...
15:17:19.796 [ducttape-0] DEBUG org.testcontainers.shaded.com.github.dockerjava.core.command.AbstrDockerCmd - Cmd: 
15:17:19.898 [ducttape-0] DEBUG org.testcontainers.dockerclient.DockerClientProviderStrategy - Pinging docker daemon...
15:17:19.898 [ducttape-0] DEBUG org.testcontainers.shaded.com.github.dockerjava.core.command.AbstrDockerCmd - Cmd: 
15:17:20.000 [ducttape-0] DEBUG org.testcontainers.dockerclient.DockerClientProviderStrategy - Pinging docker daemon...
15:17:20.000 [ducttape-0] DEBUG org.testcontainers.shaded.com.github.dockerjava.core.command.AbstrDockerCmd - Cmd: 
15:17:20.102 [ducttape-0] DEBUG org.testcontainers.dockerclient.DockerClientProviderStrategy - Pinging docker daemon...
15:17:20.102 [ducttape-0] DEBUG org.testcontainers.shaded.com.github.dockerjava.core.command.AbstrDockerCmd - Cmd: 
15:17:20.203 [ducttape-0] DEBUG org.testcontainers.dockerclient.DockerClientProviderStrategy - Pinging docker daemon...
15:17:20.203 [ducttape-0] DEBUG org.testcontainers.shaded.com.github.dockerjava.core.command.AbstrDockerCmd - Cmd: 
15:17:20.305 [ducttape-0] DEBUG org.testcontainers.dockerclient.DockerClientProviderStrategy - Pinging docker daemon...
15:17:20.305 [ducttape-0] DEBUG org.testcontainers.shaded.com.github.dockerjava.core.command.AbstrDockerCmd - Cmd: 
15:17:20.407 [ducttape-0] DEBUG org.testcontainers.dockerclient.DockerClientProviderStrategy - Pinging docker daemon...
15:17:20.407 [ducttape-0] DEBUG org.testcontainers.shaded.com.github.dockerjava.core.command.AbstrDockerCmd - Cmd: 
15:17:20.509 [ducttape-0] DEBUG org.testcontainers.dockerclient.DockerClientProviderStrategy - Pinging docker daemon...
15:17:20.509 [ducttape-0] DEBUG org.testcontainers.shaded.com.github.dockerjava.core.command.AbstrDockerCmd - Cmd: 
15:17:20.610 [ducttape-0] DEBUG org.testcontainers.dockerclient.DockerClientProviderStrategy - Pinging docker daemon...
15:17:20.610 [ducttape-0] DEBUG org.testcontainers.shaded.com.github.dockerjava.core.command.AbstrDockerCmd - Cmd: 
15:17:20.712 [ducttape-0] DEBUG org.testcontainers.dockerclient.DockerClientProviderStrategy - Pinging docker daemon...
15:17:20.712 [ducttape-0] DEBUG org.testcontainers.shaded.com.github.dockerjava.core.command.AbstrDockerCmd - Cmd: 
15:17:20.813 [ducttape-0] DEBUG org.testcontainers.dockerclient.DockerClientProviderStrategy - Pinging docker daemon...
15:17:20.814 [ducttape-0] DEBUG org.testcontainers.shaded.com.github.dockerjava.core.command.AbstrDockerCmd - Cmd: 
15:17:20.915 [ducttape-0] DEBUG org.testcontainers.dockerclient.DockerClientProviderStrategy - Pinging docker daemon...
15:17:20.916 [ducttape-0] DEBUG org.testcontainers.shaded.com.github.dockerjava.core.command.AbstrDockerCmd - Cmd: 
15:17:21.017 [ducttape-0] DEBUG org.testcontainers.dockerclient.DockerClientProviderStrategy - Pinging docker daemon...
15:17:21.018 [ducttape-0] DEBUG org.testcontainers.shaded.com.github.dockerjava.core.command.AbstrDockerCmd - Cmd: 
15:17:21.119 [ducttape-0] DEBUG org.testcontainers.dockerclient.DockerClientProviderStrategy - Pinging docker daemon...
15:17:21.120 [ducttape-0] DEBUG org.testcontainers.shaded.com.github.dockerjava.core.command.AbstrDockerCmd - Cmd: 
15:17:21.221 [ducttape-0] DEBUG org.testcontainers.dockerclient.DockerClientProviderStrategy - Pinging docker daemon...
15:17:21.222 [ducttape-0] DEBUG org.testcontainers.shaded.com.github.dockerjava.core.command.AbstrDockerCmd - Cmd: 
15:17:21.323 [ducttape-0] DEBUG org.testcontainers.dockerclient.DockerClientProviderStrategy - Pinging docker daemon...
15:17:21.324 [ducttape-0] DEBUG org.testcontainers.shaded.com.github.dockerjava.core.command.AbstrDockerCmd - Cmd: 
15:17:21.425 [ducttape-0] DEBUG org.testcontainers.dockerclient.DockerClientProviderStrategy - Pinging docker daemon...
15:17:21.425 [ducttape-0] DEBUG org.testcontainers.shaded.com.github.dockerjava.core.command.AbstrDockerCmd - Cmd: 
15:17:21.527 [ducttape-0] DEBUG org.testcontainers.dockerclient.DockerClientProviderStrategy - Pinging docker daemon...
15:17:21.527 [ducttape-0] DEBUG org.testcontainers.shaded.com.github.dockerjava.core.command.AbstrDockerCmd - Cmd: 
15:17:21.629 [ducttape-0] DEBUG org.testcontainers.dockerclient.DockerClientProviderStrategy - Pinging docker daemon...
15:17:21.629 [ducttape-0] DEBUG org.testcontainers.shaded.com.github.dockerjava.core.command.AbstrDockerCmd - Cmd: 
15:17:21.735 [ducttape-0] DEBUG org.testcontainers.dockerclient.DockerClientProviderStrategy - Pinging docker daemon...
15:17:21.735 [ducttape-0] DEBUG org.testcontainers.shaded.com.github.dockerjava.core.command.AbstrDockerCmd - Cmd: 
15:17:21.836 [ducttape-0] DEBUG org.testcontainers.dockerclient.DockerClientProviderStrategy - Pinging docker daemon...
15:17:21.837 [ducttape-0] DEBUG org.testcontainers.shaded.com.github.dockerjava.core.command.AbstrDockerCmd - Cmd: 
15:17:21.938 [ducttape-0] DEBUG org.testcontainers.dockerclient.DockerClientProviderStrategy - Pinging docker daemon...
15:17:21.938 [ducttape-0] DEBUG org.testcontainers.shaded.com.github.dockerjava.core.command.AbstrDockerCmd - Cmd: 
15:17:22.040 [ducttape-0] DEBUG org.testcontainers.dockerclient.DockerClientProviderStrategy - Pinging docker daemon...
15:17:22.040 [ducttape-0] DEBUG org.testcontainers.shaded.com.github.dockerjava.core.command.AbstrDockerCmd - Cmd: 
15:17:22.142 [ducttape-0] DEBUG org.testcontainers.dockerclient.DockerClientProviderStrategy - Pinging docker daemon...
15:17:22.142 [ducttape-0] DEBUG org.testcontainers.shaded.com.github.dockerjava.core.command.AbstrDockerCmd - Cmd: 
15:17:22.243 [ducttape-0] DEBUG org.testcontainers.dockerclient.DockerClientProviderStrategy - Pinging docker daemon...
15:17:22.244 [ducttape-0] DEBUG org.testcontainers.shaded.com.github.dockerjava.core.command.AbstrDockerCmd - Cmd: 
15:17:22.345 [ducttape-0] DEBUG org.testcontainers.dockerclient.DockerClientProviderStrategy - Pinging docker daemon...
15:17:22.345 [ducttape-0] DEBUG org.testcontainers.shaded.com.github.dockerjava.core.command.AbstrDockerCmd - Cmd: 
15:17:22.447 [ducttape-0] DEBUG org.testcontainers.dockerclient.DockerClientProviderStrategy - Pinging docker daemon...
15:17:22.447 [ducttape-0] DEBUG org.testcontainers.shaded.com.github.dockerjava.core.command.AbstrDockerCmd - Cmd: 
15:17:22.549 [ducttape-0] DEBUG org.testcontainers.dockerclient.DockerClientProviderStrategy - Pinging docker daemon...
15:17:22.549 [ducttape-0] DEBUG org.testcontainers.shaded.com.github.dockerjava.core.command.AbstrDockerCmd - Cmd: 
15:17:22.651 [ducttape-0] DEBUG org.testcontainers.dockerclient.DockerClientProviderStrategy - Pinging docker daemon...
15:17:22.651 [ducttape-0] DEBUG org.testcontainers.shaded.com.github.dockerjava.core.command.AbstrDockerCmd - Cmd: 
15:17:22.752 [ducttape-0] DEBUG org.testcontainers.dockerclient.DockerClientProviderStrategy - Pinging docker daemon...
15:17:22.752 [ducttape-0] DEBUG org.testcontainers.shaded.com.github.dockerjava.core.command.AbstrDockerCmd - Cmd: 
15:17:22.854 [ducttape-0] DEBUG org.testcontainers.dockerclient.DockerClientProviderStrategy - Pinging docker daemon...
15:17:22.854 [ducttape-0] DEBUG org.testcontainers.shaded.com.github.dockerjava.core.command.AbstrDockerCmd - Cmd: 
15:17:22.955 [ducttape-0] DEBUG org.testcontainers.dockerclient.DockerClientProviderStrategy - Pinging docker daemon...
15:17:22.955 [ducttape-0] DEBUG org.testcontainers.shaded.com.github.dockerjava.core.command.AbstrDockerCmd - Cmd: 
15:17:23.056 [ducttape-0] DEBUG org.testcontainers.dockerclient.DockerClientProviderStrategy - Pinging docker daemon...
15:17:23.056 [ducttape-0] DEBUG org.testcontainers.shaded.com.github.dockerjava.core.command.AbstrDockerCmd - Cmd: 
15:17:23.158 [ducttape-0] DEBUG org.testcontainers.dockerclient.DockerClientProviderStrategy - Pinging docker daemon...
15:17:23.158 [ducttape-0] DEBUG org.testcontainers.shaded.com.github.dockerjava.core.command.AbstrDockerCmd - Cmd: 
15:17:23.260 [ducttape-0] DEBUG org.testcontainers.dockerclient.DockerClientProviderStrategy - Pinging docker daemon...
15:17:23.260 [ducttape-0] DEBUG org.testcontainers.shaded.com.github.dockerjava.core.command.AbstrDockerCmd - Cmd: 
15:17:23.361 [ducttape-0] DEBUG org.testcontainers.dockerclient.DockerClientProviderStrategy - Pinging docker daemon...
15:17:23.361 [ducttape-0] DEBUG org.testcontainers.shaded.com.github.dockerjava.core.command.AbstrDockerCmd - Cmd: 
15:17:23.463 [ducttape-0] DEBUG org.testcontainers.dockerclient.DockerClientProviderStrategy - Pinging docker daemon...
15:17:23.463 [ducttape-0] DEBUG org.testcontainers.shaded.com.github.dockerjava.core.command.AbstrDockerCmd - Cmd: 
15:17:23.564 [ducttape-0] DEBUG org.testcontainers.dockerclient.DockerClientProviderStrategy - Pinging docker daemon...
15:17:23.564 [ducttape-0] DEBUG org.testcontainers.shaded.com.github.dockerjava.core.command.AbstrDockerCmd - Cmd: 
15:17:23.665 [ducttape-0] DEBUG org.testcontainers.dockerclient.DockerClientProviderStrategy - Pinging docker daemon...
15:17:23.666 [ducttape-0] DEBUG org.testcontainers.shaded.com.github.dockerjava.core.command.AbstrDockerCmd - Cmd: 
15:17:23.768 [ducttape-0] DEBUG org.testcontainers.dockerclient.DockerClientProviderStrategy - Pinging docker daemon...
15:17:23.768 [ducttape-0] DEBUG org.testcontainers.shaded.com.github.dockerjava.core.command.AbstrDockerCmd - Cmd: 
15:17:23.869 [ducttape-0] DEBUG org.testcontainers.dockerclient.DockerClientProviderStrategy - Pinging docker daemon...
15:17:23.870 [ducttape-0] DEBUG org.testcontainers.shaded.com.github.dockerjava.core.command.AbstrDockerCmd - Cmd: 
15:17:23.971 [ducttape-0] DEBUG org.testcontainers.dockerclient.DockerClientProviderStrategy - Pinging docker daemon...
15:17:23.971 [ducttape-0] DEBUG org.testcontainers.shaded.com.github.dockerjava.core.command.AbstrDockerCmd - Cmd: 
15:17:24.073 [ducttape-0] DEBUG org.testcontainers.dockerclient.DockerClientProviderStrategy - Pinging docker daemon...
15:17:24.073 [ducttape-0] DEBUG org.testcontainers.shaded.com.github.dockerjava.core.command.AbstrDockerCmd - Cmd: 
15:17:24.175 [ducttape-0] DEBUG org.testcontainers.dockerclient.DockerClientProviderStrategy - Pinging docker daemon...
15:17:24.175 [ducttape-0] DEBUG org.testcontainers.shaded.com.github.dockerjava.core.command.AbstrDockerCmd - Cmd: 
15:17:24.276 [ducttape-0] DEBUG org.testcontainers.dockerclient.DockerClientProviderStrategy - Pinging docker daemon...
15:17:24.276 [ducttape-0] DEBUG org.testcontainers.shaded.com.github.dockerjava.core.command.AbstrDockerCmd - Cmd: 
15:17:24.378 [ducttape-0] DEBUG org.testcontainers.dockerclient.DockerClientProviderStrategy - Pinging docker daemon...
15:17:24.378 [ducttape-0] DEBUG org.testcontainers.shaded.com.github.dockerjava.core.command.AbstrDockerCmd - Cmd: 
15:17:24.480 [ducttape-0] DEBUG org.testcontainers.dockerclient.DockerClientProviderStrategy - Pinging docker daemon...
15:17:24.480 [ducttape-0] DEBUG org.testcontainers.shaded.com.github.dockerjava.core.command.AbstrDockerCmd - Cmd: 
15:17:24.582 [ducttape-0] DEBUG org.testcontainers.dockerclient.DockerClientProviderStrategy - Pinging docker daemon...
15:17:24.582 [ducttape-0] DEBUG org.testcontainers.shaded.com.github.dockerjava.core.command.AbstrDockerCmd - Cmd: 
15:17:24.683 [ducttape-0] DEBUG org.testcontainers.dockerclient.DockerClientProviderStrategy - Pinging docker daemon...
15:17:24.684 [ducttape-0] DEBUG org.testcontainers.shaded.com.github.dockerjava.core.command.AbstrDockerCmd - Cmd: 
15:17:24.785 [ducttape-0] DEBUG org.testcontainers.dockerclient.DockerClientProviderStrategy - Pinging docker daemon...
15:17:24.785 [ducttape-0] DEBUG org.testcontainers.shaded.com.github.dockerjava.core.command.AbstrDockerCmd - Cmd: 
15:17:24.887 [ducttape-0] DEBUG org.testcontainers.dockerclient.DockerClientProviderStrategy - Pinging docker daemon...
15:17:24.887 [ducttape-0] DEBUG org.testcontainers.shaded.com.github.dockerjava.core.command.AbstrDockerCmd - Cmd: 
15:17:24.989 [ducttape-0] DEBUG org.testcontainers.dockerclient.DockerClientProviderStrategy - Pinging docker daemon...
15:17:24.989 [ducttape-0] DEBUG org.testcontainers.shaded.com.github.dockerjava.core.command.AbstrDockerCmd - Cmd: 
15:17:25.090 [ducttape-0] DEBUG org.testcontainers.dockerclient.DockerClientProviderStrategy - Pinging docker daemon...
15:17:25.090 [ducttape-0] DEBUG org.testcontainers.shaded.com.github.dockerjava.core.command.AbstrDockerCmd - Cmd: 
15:17:25.192 [ducttape-0] DEBUG org.testcontainers.dockerclient.DockerClientProviderStrategy - Pinging docker daemon...
15:17:25.192 [ducttape-0] DEBUG org.testcontainers.shaded.com.github.dockerjava.core.command.AbstrDockerCmd - Cmd: 
15:17:25.293 [ducttape-0] DEBUG org.testcontainers.dockerclient.DockerClientProviderStrategy - Pinging docker daemon...
15:17:25.294 [ducttape-0] DEBUG org.testcontainers.shaded.com.github.dockerjava.core.command.AbstrDockerCmd - Cmd: 
15:17:25.395 [ducttape-0] DEBUG org.testcontainers.dockerclient.DockerClientProviderStrategy - Pinging docker daemon...
15:17:25.395 [ducttape-0] DEBUG org.testcontainers.shaded.com.github.dockerjava.core.command.AbstrDockerCmd - Cmd: 
15:17:25.496 [ducttape-0] DEBUG org.testcontainers.dockerclient.DockerClientProviderStrategy - Pinging docker daemon...
15:17:25.496 [ducttape-0] DEBUG org.testcontainers.shaded.com.github.dockerjava.core.command.AbstrDockerCmd - Cmd: 
15:17:25.597 [ducttape-0] DEBUG org.testcontainers.dockerclient.DockerClientProviderStrategy - Pinging docker daemon...
15:17:25.597 [ducttape-0] DEBUG org.testcontainers.shaded.com.github.dockerjava.core.command.AbstrDockerCmd - Cmd: 
15:17:25.699 [ducttape-0] DEBUG org.testcontainers.dockerclient.DockerClientProviderStrategy - Pinging docker daemon...
15:17:25.699 [ducttape-0] DEBUG org.testcontainers.shaded.com.github.dockerjava.core.command.AbstrDockerCmd - Cmd: 
15:17:25.801 [ducttape-0] DEBUG org.testcontainers.dockerclient.DockerClientProviderStrategy - Pinging docker daemon...
15:17:25.801 [ducttape-0] DEBUG org.testcontainers.shaded.com.github.dockerjava.core.command.AbstrDockerCmd - Cmd: 
15:17:25.902 [ducttape-0] DEBUG org.testcontainers.dockerclient.DockerClientProviderStrategy - Pinging docker daemon...
15:17:25.902 [ducttape-0] DEBUG org.testcontainers.shaded.com.github.dockerjava.core.command.AbstrDockerCmd - Cmd: 
15:17:26.004 [ducttape-0] DEBUG org.testcontainers.dockerclient.DockerClientProviderStrategy - Pinging docker daemon...
15:17:26.004 [ducttape-0] DEBUG org.testcontainers.shaded.com.github.dockerjava.core.command.AbstrDockerCmd - Cmd: 
15:17:26.106 [ducttape-0] DEBUG org.testcontainers.dockerclient.DockerClientProviderStrategy - Pinging docker daemon...
15:17:26.106 [ducttape-0] DEBUG org.testcontainers.shaded.com.github.dockerjava.core.command.AbstrDockerCmd - Cmd: 
15:17:26.208 [ducttape-0] DEBUG org.testcontainers.dockerclient.DockerClientProviderStrategy - Pinging docker daemon...
15:17:26.208 [ducttape-0] DEBUG org.testcontainers.shaded.com.github.dockerjava.core.command.AbstrDockerCmd - Cmd: 
15:17:26.309 [ducttape-0] DEBUG org.testcontainers.dockerclient.DockerClientProviderStrategy - Pinging docker daemon...
15:17:26.309 [ducttape-0] DEBUG org.testcontainers.shaded.com.github.dockerjava.core.command.AbstrDockerCmd - Cmd: 
15:17:26.411 [ducttape-0] DEBUG org.testcontainers.dockerclient.DockerClientProviderStrategy - Pinging docker daemon...
15:17:26.411 [ducttape-0] DEBUG org.testcontainers.shaded.com.github.dockerjava.core.command.AbstrDockerCmd - Cmd: 
15:17:26.512 [ducttape-0] DEBUG org.testcontainers.dockerclient.DockerClientProviderStrategy - Pinging docker daemon...
15:17:26.513 [ducttape-0] DEBUG org.testcontainers.shaded.com.github.dockerjava.core.command.AbstrDockerCmd - Cmd: 
15:17:26.614 [ducttape-0] DEBUG org.testcontainers.dockerclient.DockerClientProviderStrategy - Pinging docker daemon...
15:17:26.614 [ducttape-0] DEBUG org.testcontainers.shaded.com.github.dockerjava.core.command.AbstrDockerCmd - Cmd: 
15:17:26.716 [ducttape-0] DEBUG org.testcontainers.dockerclient.DockerClientProviderStrategy - Pinging docker daemon...
15:17:26.716 [ducttape-0] DEBUG org.testcontainers.shaded.com.github.dockerjava.core.command.AbstrDockerCmd - Cmd: 
15:17:26.817 [ducttape-0] DEBUG org.testcontainers.dockerclient.DockerClientProviderStrategy - Pinging docker daemon...
15:17:26.818 [ducttape-0] DEBUG org.testcontainers.shaded.com.github.dockerjava.core.command.AbstrDockerCmd - Cmd: 
15:17:26.918 [ducttape-0] DEBUG org.testcontainers.dockerclient.DockerClientProviderStrategy - Pinging docker daemon...
15:17:26.919 [ducttape-0] DEBUG org.testcontainers.shaded.com.github.dockerjava.core.command.AbstrDockerCmd - Cmd: 
15:17:27.023 [ducttape-0] DEBUG org.testcontainers.dockerclient.DockerClientProviderStrategy - Pinging docker daemon...
15:17:27.023 [ducttape-0] DEBUG org.testcontainers.shaded.com.github.dockerjava.core.command.AbstrDockerCmd - Cmd: 
15:17:27.124 [ducttape-0] DEBUG org.testcontainers.dockerclient.DockerClientProviderStrategy - Pinging docker daemon...
15:17:27.124 [ducttape-0] DEBUG org.testcontainers.shaded.com.github.dockerjava.core.command.AbstrDockerCmd - Cmd: 
15:17:27.226 [ducttape-0] DEBUG org.testcontainers.dockerclient.DockerClientProviderStrategy - Pinging docker daemon...
15:17:27.226 [ducttape-0] DEBUG org.testcontainers.shaded.com.github.dockerjava.core.command.AbstrDockerCmd - Cmd: 
15:17:27.327 [ducttape-0] DEBUG org.testcontainers.dockerclient.DockerClientProviderStrategy - Pinging docker daemon...
15:17:27.328 [ducttape-0] DEBUG org.testcontainers.shaded.com.github.dockerjava.core.command.AbstrDockerCmd - Cmd: 
15:17:27.429 [ducttape-0] DEBUG org.testcontainers.dockerclient.DockerClientProviderStrategy - Pinging docker daemon...
15:17:27.429 [ducttape-0] DEBUG org.testcontainers.shaded.com.github.dockerjava.core.command.AbstrDockerCmd - Cmd: 
15:17:27.530 [ducttape-0] DEBUG org.testcontainers.dockerclient.DockerClientProviderStrategy - Pinging docker daemon...
15:17:27.531 [ducttape-0] DEBUG org.testcontainers.shaded.com.github.dockerjava.core.command.AbstrDockerCmd - Cmd: 
15:17:27.632 [ducttape-0] DEBUG org.testcontainers.dockerclient.DockerClientProviderStrategy - Pinging docker daemon...
15:17:27.632 [ducttape-0] DEBUG org.testcontainers.shaded.com.github.dockerjava.core.command.AbstrDockerCmd - Cmd: 
15:17:27.733 [ducttape-0] DEBUG org.testcontainers.dockerclient.DockerClientProviderStrategy - Pinging docker daemon...
15:17:27.734 [ducttape-0] DEBUG org.testcontainers.shaded.com.github.dockerjava.core.command.AbstrDockerCmd - Cmd: 
15:17:27.835 [ducttape-0] DEBUG org.testcontainers.dockerclient.DockerClientProviderStrategy - Pinging docker daemon...
15:17:27.835 [ducttape-0] DEBUG org.testcontainers.shaded.com.github.dockerjava.core.command.AbstrDockerCmd - Cmd: 
15:17:27.936 [ducttape-0] DEBUG org.testcontainers.dockerclient.DockerClientProviderStrategy - Pinging docker daemon...
15:17:27.937 [ducttape-0] DEBUG org.testcontainers.shaded.com.github.dockerjava.core.command.AbstrDockerCmd - Cmd: 
15:17:28.038 [ducttape-0] DEBUG org.testcontainers.dockerclient.DockerClientProviderStrategy - Pinging docker daemon...
15:17:28.038 [ducttape-0] DEBUG org.testcontainers.shaded.com.github.dockerjava.core.command.AbstrDockerCmd - Cmd: 
15:17:28.140 [ducttape-0] DEBUG org.testcontainers.dockerclient.DockerClientProviderStrategy - Pinging docker daemon...
15:17:28.140 [ducttape-0] DEBUG org.testcontainers.shaded.com.github.dockerjava.core.command.AbstrDockerCmd - Cmd: 
15:17:28.241 [ducttape-0] DEBUG org.testcontainers.dockerclient.DockerClientProviderStrategy - Pinging docker daemon...
15:17:28.241 [ducttape-0] DEBUG org.testcontainers.shaded.com.github.dockerjava.core.command.AbstrDockerCmd - Cmd: 
15:17:28.343 [ducttape-0] DEBUG org.testcontainers.dockerclient.DockerClientProviderStrategy - Pinging docker daemon...
15:17:28.343 [ducttape-0] DEBUG org.testcontainers.shaded.com.github.dockerjava.core.command.AbstrDockerCmd - Cmd: 
15:17:28.444 [ducttape-0] DEBUG org.testcontainers.dockerclient.DockerClientProviderStrategy - Pinging docker daemon...
15:17:28.444 [ducttape-0] DEBUG org.testcontainers.shaded.com.github.dockerjava.core.command.AbstrDockerCmd - Cmd: 
15:17:28.546 [ducttape-0] DEBUG org.testcontainers.dockerclient.DockerClientProviderStrategy - Pinging docker daemon...
15:17:28.546 [ducttape-0] DEBUG org.testcontainers.shaded.com.github.dockerjava.core.command.AbstrDockerCmd - Cmd: 
15:17:28.647 [ducttape-0] DEBUG org.testcontainers.dockerclient.DockerClientProviderStrategy - Pinging docker daemon...
15:17:28.647 [ducttape-0] DEBUG org.testcontainers.shaded.com.github.dockerjava.core.command.AbstrDockerCmd - Cmd: 
15:17:28.751 [ducttape-0] DEBUG org.testcontainers.dockerclient.DockerClientProviderStrategy - Pinging docker daemon...
15:17:28.751 [ducttape-0] DEBUG org.testcontainers.shaded.com.github.dockerjava.core.command.AbstrDockerCmd - Cmd: 
15:17:28.852 [ducttape-0] DEBUG org.testcontainers.dockerclient.DockerClientProviderStrategy - Pinging docker daemon...
15:17:28.852 [ducttape-0] DEBUG org.testcontainers.shaded.com.github.dockerjava.core.command.AbstrDockerCmd - Cmd: 
15:17:28.954 [ducttape-0] DEBUG org.testcontainers.dockerclient.DockerClientProviderStrategy - Pinging docker daemon...
15:17:28.954 [ducttape-0] DEBUG org.testcontainers.shaded.com.github.dockerjava.core.command.AbstrDockerCmd - Cmd: 
15:17:29.055 [ducttape-0] DEBUG org.testcontainers.dockerclient.DockerClientProviderStrategy - Pinging docker daemon...
15:17:29.055 [ducttape-0] DEBUG org.testcontainers.shaded.com.github.dockerjava.core.command.AbstrDockerCmd - Cmd: 
15:17:29.157 [ducttape-0] DEBUG org.testcontainers.dockerclient.DockerClientProviderStrategy - Pinging docker daemon...
15:17:29.157 [ducttape-0] DEBUG org.testcontainers.shaded.com.github.dockerjava.core.command.AbstrDockerCmd - Cmd: 
15:17:29.258 [ducttape-0] DEBUG org.testcontainers.dockerclient.DockerClientProviderStrategy - Pinging docker daemon...
15:17:29.259 [ducttape-0] DEBUG org.testcontainers.shaded.com.github.dockerjava.core.command.AbstrDockerCmd - Cmd: 
15:17:29.360 [ducttape-0] DEBUG org.testcontainers.dockerclient.DockerClientProviderStrategy - Pinging docker daemon...
15:17:29.360 [ducttape-0] DEBUG org.testcontainers.shaded.com.github.dockerjava.core.command.AbstrDockerCmd - Cmd: 
15:17:29.462 [ducttape-0] DEBUG org.testcontainers.dockerclient.DockerClientProviderStrategy - Pinging docker daemon...
15:17:29.462 [ducttape-0] DEBUG org.testcontainers.shaded.com.github.dockerjava.core.command.AbstrDockerCmd - Cmd: 
15:17:29.563 [ducttape-0] DEBUG org.testcontainers.dockerclient.DockerClientProviderStrategy - Pinging docker daemon...
15:17:29.563 [ducttape-0] DEBUG org.testcontainers.shaded.com.github.dockerjava.core.command.AbstrDockerCmd - Cmd: 
15:17:29.665 [ducttape-0] DEBUG org.testcontainers.dockerclient.DockerClientProviderStrategy - Pinging docker daemon...
15:17:29.665 [ducttape-0] DEBUG org.testcontainers.shaded.com.github.dockerjava.core.command.AbstrDockerCmd - Cmd: 
15:17:29.766 [ducttape-0] DEBUG org.testcontainers.dockerclient.DockerClientProviderStrategy - Pinging docker daemon...
15:17:29.766 [ducttape-0] DEBUG org.testcontainers.shaded.com.github.dockerjava.core.command.AbstrDockerCmd - Cmd: 
15:17:29.868 [ducttape-0] DEBUG org.testcontainers.dockerclient.DockerClientProviderStrategy - Pinging docker daemon...
15:17:29.868 [ducttape-0] DEBUG org.testcontainers.shaded.com.github.dockerjava.core.command.AbstrDockerCmd - Cmd: 
15:17:29.969 [ducttape-0] DEBUG org.testcontainers.dockerclient.DockerClientProviderStrategy - Pinging docker daemon...
15:17:29.970 [ducttape-0] DEBUG org.testcontainers.shaded.com.github.dockerjava.core.command.AbstrDockerCmd - Cmd: 
15:17:30.071 [ducttape-0] DEBUG org.testcontainers.dockerclient.DockerClientProviderStrategy - Pinging docker daemon...
15:17:30.071 [ducttape-0] DEBUG org.testcontainers.shaded.com.github.dockerjava.core.command.AbstrDockerCmd - Cmd: 
15:17:30.172 [ducttape-0] DEBUG org.testcontainers.dockerclient.DockerClientProviderStrategy - Pinging docker daemon...
15:17:30.172 [ducttape-0] DEBUG org.testcontainers.shaded.com.github.dockerjava.core.command.AbstrDockerCmd - Cmd: 
15:17:30.275 [ducttape-0] DEBUG org.testcontainers.dockerclient.DockerClientProviderStrategy - Pinging docker daemon...
15:17:30.276 [ducttape-0] DEBUG org.testcontainers.shaded.com.github.dockerjava.core.command.AbstrDockerCmd - Cmd: 
15:17:30.377 [ducttape-0] DEBUG org.testcontainers.dockerclient.DockerClientProviderStrategy - Pinging docker daemon...
15:17:30.377 [ducttape-0] DEBUG org.testcontainers.shaded.com.github.dockerjava.core.command.AbstrDockerCmd - Cmd: 
15:17:30.478 [ducttape-0] DEBUG org.testcontainers.dockerclient.DockerClientProviderStrategy - Pinging docker daemon...
15:17:30.478 [ducttape-0] DEBUG org.testcontainers.shaded.com.github.dockerjava.core.command.AbstrDockerCmd - Cmd: 
15:17:30.579 [ducttape-0] DEBUG org.testcontainers.dockerclient.DockerClientProviderStrategy - Pinging docker daemon...
15:17:30.579 [ducttape-0] DEBUG org.testcontainers.shaded.com.github.dockerjava.core.command.AbstrDockerCmd - Cmd: 
15:17:30.681 [ducttape-0] DEBUG org.testcontainers.dockerclient.DockerClientProviderStrategy - Pinging docker daemon...
15:17:30.681 [ducttape-0] DEBUG org.testcontainers.shaded.com.github.dockerjava.core.command.AbstrDockerCmd - Cmd: 
15:17:30.782 [ducttape-0] DEBUG org.testcontainers.dockerclient.DockerClientProviderStrategy - Pinging docker daemon...
15:17:30.782 [ducttape-0] DEBUG org.testcontainers.shaded.com.github.dockerjava.core.command.AbstrDockerCmd - Cmd: 
15:17:30.884 [ducttape-0] DEBUG org.testcontainers.dockerclient.DockerClientProviderStrategy - Pinging docker daemon...
15:17:30.884 [ducttape-0] DEBUG org.testcontainers.shaded.com.github.dockerjava.core.command.AbstrDockerCmd - Cmd: 
15:17:30.985 [ducttape-0] DEBUG org.testcontainers.dockerclient.DockerClientProviderStrategy - Pinging docker daemon...
15:17:30.985 [ducttape-0] DEBUG org.testcontainers.shaded.com.github.dockerjava.core.command.AbstrDockerCmd - Cmd: 
15:17:31.087 [ducttape-0] DEBUG org.testcontainers.dockerclient.DockerClientProviderStrategy - Pinging docker daemon...
15:17:31.087 [ducttape-0] DEBUG org.testcontainers.shaded.com.github.dockerjava.core.command.AbstrDockerCmd - Cmd: 
15:17:31.188 [ducttape-0] DEBUG org.testcontainers.dockerclient.DockerClientProviderStrategy - Pinging docker daemon...
15:17:31.189 [ducttape-0] DEBUG org.testcontainers.shaded.com.github.dockerjava.core.command.AbstrDockerCmd - Cmd: 
15:17:31.290 [ducttape-0] DEBUG org.testcontainers.dockerclient.DockerClientProviderStrategy - Pinging docker daemon...
15:17:31.291 [ducttape-0] DEBUG org.testcontainers.shaded.com.github.dockerjava.core.command.AbstrDockerCmd - Cmd: 
15:17:31.392 [ducttape-0] DEBUG org.testcontainers.dockerclient.DockerClientProviderStrategy - Pinging docker daemon...
15:17:31.392 [ducttape-0] DEBUG org.testcontainers.shaded.com.github.dockerjava.core.command.AbstrDockerCmd - Cmd: 
15:17:31.494 [ducttape-0] DEBUG org.testcontainers.dockerclient.DockerClientProviderStrategy - Pinging docker daemon...
15:17:31.494 [ducttape-0] DEBUG org.testcontainers.shaded.com.github.dockerjava.core.command.AbstrDockerCmd - Cmd: 
15:17:31.595 [ducttape-0] DEBUG org.testcontainers.dockerclient.DockerClientProviderStrategy - Pinging docker daemon...
15:17:31.596 [ducttape-0] DEBUG org.testcontainers.shaded.com.github.dockerjava.core.command.AbstrDockerCmd - Cmd: 
15:17:31.697 [ducttape-0] DEBUG org.testcontainers.dockerclient.DockerClientProviderStrategy - Pinging docker daemon...
15:17:31.697 [ducttape-0] DEBUG org.testcontainers.shaded.com.github.dockerjava.core.command.AbstrDockerCmd - Cmd: 
15:17:31.799 [ducttape-0] DEBUG org.testcontainers.dockerclient.DockerClientProviderStrategy - Pinging docker daemon...
15:17:31.799 [ducttape-0] DEBUG org.testcontainers.shaded.com.github.dockerjava.core.command.AbstrDockerCmd - Cmd: 
15:17:31.900 [ducttape-0] DEBUG org.testcontainers.dockerclient.DockerClientProviderStrategy - Pinging docker daemon...
15:17:31.900 [ducttape-0] DEBUG org.testcontainers.shaded.com.github.dockerjava.core.command.AbstrDockerCmd - Cmd: 
15:17:32.002 [ducttape-0] DEBUG org.testcontainers.dockerclient.DockerClientProviderStrategy - Pinging docker daemon...
15:17:32.002 [ducttape-0] DEBUG org.testcontainers.shaded.com.github.dockerjava.core.command.AbstrDockerCmd - Cmd: 
15:17:32.103 [ducttape-0] DEBUG org.testcontainers.dockerclient.DockerClientProviderStrategy - Pinging docker daemon...
15:17:32.104 [ducttape-0] DEBUG org.testcontainers.shaded.com.github.dockerjava.core.command.AbstrDockerCmd - Cmd: 
15:17:32.205 [ducttape-0] DEBUG org.testcontainers.dockerclient.DockerClientProviderStrategy - Pinging docker daemon...
15:17:32.205 [ducttape-0] DEBUG org.testcontainers.shaded.com.github.dockerjava.core.command.AbstrDockerCmd - Cmd: 
15:17:32.305 [ducttape-0] DEBUG org.testcontainers.dockerclient.DockerClientProviderStrategy - Pinging docker daemon...
15:17:32.306 [ducttape-0] DEBUG org.testcontainers.shaded.com.github.dockerjava.core.command.AbstrDockerCmd - Cmd: 
15:17:32.407 [ducttape-0] DEBUG org.testcontainers.dockerclient.DockerClientProviderStrategy - Pinging docker daemon...
15:17:32.407 [ducttape-0] DEBUG org.testcontainers.shaded.com.github.dockerjava.core.command.AbstrDockerCmd - Cmd: 
15:17:32.508 [ducttape-0] DEBUG org.testcontainers.dockerclient.DockerClientProviderStrategy - Pinging docker daemon...
15:17:32.509 [ducttape-0] DEBUG org.testcontainers.shaded.com.github.dockerjava.core.command.AbstrDockerCmd - Cmd: 
15:17:32.610 [ducttape-0] DEBUG org.testcontainers.dockerclient.DockerClientProviderStrategy - Pinging docker daemon...
15:17:32.610 [ducttape-0] DEBUG org.testcontainers.shaded.com.github.dockerjava.core.command.AbstrDockerCmd - Cmd: 
15:17:32.711 [ducttape-0] DEBUG org.testcontainers.dockerclient.DockerClientProviderStrategy - Pinging docker daemon...
15:17:32.711 [ducttape-0] DEBUG org.testcontainers.shaded.com.github.dockerjava.core.command.AbstrDockerCmd - Cmd: 
15:17:32.812 [ducttape-0] DEBUG org.testcontainers.dockerclient.DockerClientProviderStrategy - Pinging docker daemon...
15:17:32.813 [ducttape-0] DEBUG org.testcontainers.shaded.com.github.dockerjava.core.command.AbstrDockerCmd - Cmd: 
15:17:32.914 [ducttape-0] DEBUG org.testcontainers.dockerclient.DockerClientProviderStrategy - Pinging docker daemon...
15:17:32.914 [ducttape-0] DEBUG org.testcontainers.shaded.com.github.dockerjava.core.command.AbstrDockerCmd - Cmd: 
15:17:33.015 [ducttape-0] DEBUG org.testcontainers.dockerclient.DockerClientProviderStrategy - Pinging docker daemon...
15:17:33.016 [ducttape-0] DEBUG org.testcontainers.shaded.com.github.dockerjava.core.command.AbstrDockerCmd - Cmd: 
15:17:33.117 [ducttape-0] DEBUG org.testcontainers.dockerclient.DockerClientProviderStrategy - Pinging docker daemon...
15:17:33.117 [ducttape-0] DEBUG org.testcontainers.shaded.com.github.dockerjava.core.command.AbstrDockerCmd - Cmd: 
15:17:33.218 [ducttape-0] DEBUG org.testcontainers.dockerclient.DockerClientProviderStrategy - Pinging docker daemon...
15:17:33.218 [ducttape-0] DEBUG org.testcontainers.shaded.com.github.dockerjava.core.command.AbstrDockerCmd - Cmd: 
15:17:33.320 [ducttape-0] DEBUG org.testcontainers.dockerclient.DockerClientProviderStrategy - Pinging docker daemon...
15:17:33.320 [ducttape-0] DEBUG org.testcontainers.shaded.com.github.dockerjava.core.command.AbstrDockerCmd - Cmd: 
15:17:33.421 [ducttape-0] DEBUG org.testcontainers.dockerclient.DockerClientProviderStrategy - Pinging docker daemon...
15:17:33.421 [ducttape-0] DEBUG org.testcontainers.shaded.com.github.dockerjava.core.command.AbstrDockerCmd - Cmd: 
15:17:33.523 [ducttape-0] DEBUG org.testcontainers.dockerclient.DockerClientProviderStrategy - Pinging docker daemon...
15:17:33.523 [ducttape-0] DEBUG org.testcontainers.shaded.com.github.dockerjava.core.command.AbstrDockerCmd - Cmd: 
15:17:33.624 [ducttape-0] DEBUG org.testcontainers.dockerclient.DockerClientProviderStrategy - Pinging docker daemon...
15:17:33.625 [ducttape-0] DEBUG org.testcontainers.shaded.com.github.dockerjava.core.command.AbstrDockerCmd - Cmd: 
15:17:33.726 [ducttape-0] DEBUG org.testcontainers.dockerclient.DockerClientProviderStrategy - Pinging docker daemon...
15:17:33.726 [ducttape-0] DEBUG org.testcontainers.shaded.com.github.dockerjava.core.command.AbstrDockerCmd - Cmd: 
15:17:33.827 [ducttape-0] DEBUG org.testcontainers.dockerclient.DockerClientProviderStrategy - Pinging docker daemon...
15:17:33.828 [ducttape-0] DEBUG org.testcontainers.shaded.com.github.dockerjava.core.command.AbstrDockerCmd - Cmd: 
15:17:33.929 [ducttape-0] DEBUG org.testcontainers.dockerclient.DockerClientProviderStrategy - Pinging docker daemon...
15:17:33.929 [ducttape-0] DEBUG org.testcontainers.shaded.com.github.dockerjava.core.command.AbstrDockerCmd - Cmd: 
15:17:34.030 [ducttape-0] DEBUG org.testcontainers.dockerclient.DockerClientProviderStrategy - Pinging docker daemon...
15:17:34.030 [ducttape-0] DEBUG org.testcontainers.shaded.com.github.dockerjava.core.command.AbstrDockerCmd - Cmd: 
15:17:34.130 [ducttape-0] DEBUG org.testcontainers.dockerclient.DockerClientProviderStrategy - Pinging docker daemon...
15:17:34.131 [ducttape-0] DEBUG org.testcontainers.shaded.com.github.dockerjava.core.command.AbstrDockerCmd - Cmd: 
15:17:34.232 [ducttape-0] DEBUG org.testcontainers.dockerclient.DockerClientProviderStrategy - Pinging docker daemon...
15:17:34.232 [ducttape-0] DEBUG org.testcontainers.shaded.com.github.dockerjava.core.command.AbstrDockerCmd - Cmd: 
15:17:34.333 [ducttape-0] DEBUG org.testcontainers.dockerclient.DockerClientProviderStrategy - Pinging docker daemon...
15:17:34.334 [ducttape-0] DEBUG org.testcontainers.shaded.com.github.dockerjava.core.command.AbstrDockerCmd - Cmd: 
15:17:34.435 [ducttape-0] DEBUG org.testcontainers.dockerclient.DockerClientProviderStrategy - Pinging docker daemon...
15:17:34.435 [ducttape-0] DEBUG org.testcontainers.shaded.com.github.dockerjava.core.command.AbstrDockerCmd - Cmd: 
15:17:34.536 [ducttape-0] DEBUG org.testcontainers.dockerclient.DockerClientProviderStrategy - Pinging docker daemon...
15:17:34.536 [ducttape-0] DEBUG org.testcontainers.shaded.com.github.dockerjava.core.command.AbstrDockerCmd - Cmd: 
15:17:34.638 [ducttape-0] DEBUG org.testcontainers.dockerclient.DockerClientProviderStrategy - Pinging docker daemon...
15:17:34.638 [ducttape-0] DEBUG org.testcontainers.shaded.com.github.dockerjava.core.command.AbstrDockerCmd - Cmd: 
15:17:34.739 [ducttape-0] DEBUG org.testcontainers.dockerclient.DockerClientProviderStrategy - Pinging docker daemon...
15:17:34.739 [ducttape-0] DEBUG org.testcontainers.shaded.com.github.dockerjava.core.command.AbstrDockerCmd - Cmd: 
15:17:34.841 [ducttape-0] DEBUG org.testcontainers.dockerclient.DockerClientProviderStrategy - Pinging docker daemon...
15:17:34.841 [ducttape-0] DEBUG org.testcontainers.shaded.com.github.dockerjava.core.command.AbstrDockerCmd - Cmd: 
15:17:34.942 [ducttape-0] DEBUG org.testcontainers.dockerclient.DockerClientProviderStrategy - Pinging docker daemon...
15:17:34.942 [ducttape-0] DEBUG org.testcontainers.shaded.com.github.dockerjava.core.command.AbstrDockerCmd - Cmd: 
15:17:35.043 [ducttape-0] DEBUG org.testcontainers.dockerclient.DockerClientProviderStrategy - Pinging docker daemon...
15:17:35.044 [ducttape-0] DEBUG org.testcontainers.shaded.com.github.dockerjava.core.command.AbstrDockerCmd - Cmd: 
15:17:35.145 [ducttape-0] DEBUG org.testcontainers.dockerclient.DockerClientProviderStrategy - Pinging docker daemon...
15:17:35.145 [ducttape-0] DEBUG org.testcontainers.shaded.com.github.dockerjava.core.command.AbstrDockerCmd - Cmd: 
15:17:35.246 [ducttape-0] DEBUG org.testcontainers.dockerclient.DockerClientProviderStrategy - Pinging docker daemon...
15:17:35.247 [ducttape-0] DEBUG org.testcontainers.shaded.com.github.dockerjava.core.command.AbstrDockerCmd - Cmd: 
15:17:35.348 [ducttape-0] DEBUG org.testcontainers.dockerclient.DockerClientProviderStrategy - Pinging docker daemon...
15:17:35.348 [ducttape-0] DEBUG org.testcontainers.shaded.com.github.dockerjava.core.command.AbstrDockerCmd - Cmd: 
15:17:35.450 [ducttape-0] DEBUG org.testcontainers.dockerclient.DockerClientProviderStrategy - Pinging docker daemon...
15:17:35.450 [ducttape-0] DEBUG org.testcontainers.shaded.com.github.dockerjava.core.command.AbstrDockerCmd - Cmd: 
15:17:35.551 [ducttape-0] DEBUG org.testcontainers.dockerclient.DockerClientProviderStrategy - Pinging docker daemon...
15:17:35.551 [ducttape-0] DEBUG org.testcontainers.shaded.com.github.dockerjava.core.command.AbstrDockerCmd - Cmd: 
15:17:35.652 [ducttape-0] DEBUG org.testcontainers.dockerclient.DockerClientProviderStrategy - Pinging docker daemon...
15:17:35.653 [ducttape-0] DEBUG org.testcontainers.shaded.com.github.dockerjava.core.command.AbstrDockerCmd - Cmd: 
15:17:35.754 [ducttape-0] DEBUG org.testcontainers.dockerclient.DockerClientProviderStrategy - Pinging docker daemon...
15:17:35.754 [ducttape-0] DEBUG org.testcontainers.shaded.com.github.dockerjava.core.command.AbstrDockerCmd - Cmd: 
15:17:35.855 [ducttape-0] DEBUG org.testcontainers.dockerclient.DockerClientProviderStrategy - Pinging docker daemon...
15:17:35.855 [ducttape-0] DEBUG org.testcontainers.shaded.com.github.dockerjava.core.command.AbstrDockerCmd - Cmd: 
15:17:35.956 [ducttape-0] DEBUG org.testcontainers.dockerclient.DockerClientProviderStrategy - Pinging docker daemon...
15:17:35.957 [ducttape-0] DEBUG org.testcontainers.shaded.com.github.dockerjava.core.command.AbstrDockerCmd - Cmd: 
15:17:36.058 [ducttape-0] DEBUG org.testcontainers.dockerclient.DockerClientProviderStrategy - Pinging docker daemon...
15:17:36.058 [ducttape-0] DEBUG org.testcontainers.shaded.com.github.dockerjava.core.command.AbstrDockerCmd - Cmd: 
15:17:36.160 [ducttape-0] DEBUG org.testcontainers.dockerclient.DockerClientProviderStrategy - Pinging docker daemon...
15:17:36.160 [ducttape-0] DEBUG org.testcontainers.shaded.com.github.dockerjava.core.command.AbstrDockerCmd - Cmd: 
15:17:36.261 [ducttape-0] DEBUG org.testcontainers.dockerclient.DockerClientProviderStrategy - Pinging docker daemon...
15:17:36.261 [ducttape-0] DEBUG org.testcontainers.shaded.com.github.dockerjava.core.command.AbstrDockerCmd - Cmd: 
15:17:36.363 [ducttape-0] DEBUG org.testcontainers.dockerclient.DockerClientProviderStrategy - Pinging docker daemon...
15:17:36.363 [ducttape-0] DEBUG org.testcontainers.shaded.com.github.dockerjava.core.command.AbstrDockerCmd - Cmd: 
15:17:36.465 [ducttape-0] DEBUG org.testcontainers.dockerclient.DockerClientProviderStrategy - Pinging docker daemon...
15:17:36.465 [ducttape-0] DEBUG org.testcontainers.shaded.com.github.dockerjava.core.command.AbstrDockerCmd - Cmd: 
15:17:36.566 [ducttape-0] DEBUG org.testcontainers.dockerclient.DockerClientProviderStrategy - Pinging docker daemon...
15:17:36.567 [ducttape-0] DEBUG org.testcontainers.shaded.com.github.dockerjava.core.command.AbstrDockerCmd - Cmd: 
15:17:36.668 [ducttape-0] DEBUG org.testcontainers.dockerclient.DockerClientProviderStrategy - Pinging docker daemon...
15:17:36.668 [ducttape-0] DEBUG org.testcontainers.shaded.com.github.dockerjava.core.command.AbstrDockerCmd - Cmd: 
15:17:36.770 [ducttape-0] DEBUG org.testcontainers.dockerclient.DockerClientProviderStrategy - Pinging docker daemon...
15:17:36.770 [ducttape-0] DEBUG org.testcontainers.shaded.com.github.dockerjava.core.command.AbstrDockerCmd - Cmd: 
15:17:36.872 [ducttape-0] DEBUG org.testcontainers.dockerclient.DockerClientProviderStrategy - Pinging docker daemon...
15:17:36.872 [ducttape-0] DEBUG org.testcontainers.shaded.com.github.dockerjava.core.command.AbstrDockerCmd - Cmd: 
15:17:36.973 [ducttape-0] DEBUG org.testcontainers.dockerclient.DockerClientProviderStrategy - Pinging docker daemon...
15:17:36.973 [ducttape-0] DEBUG org.testcontainers.shaded.com.github.dockerjava.core.command.AbstrDockerCmd - Cmd: 
15:17:37.074 [ducttape-0] DEBUG org.testcontainers.dockerclient.DockerClientProviderStrategy - Pinging docker daemon...
15:17:37.075 [ducttape-0] DEBUG org.testcontainers.shaded.com.github.dockerjava.core.command.AbstrDockerCmd - Cmd: 
15:17:37.176 [ducttape-0] DEBUG org.testcontainers.dockerclient.DockerClientProviderStrategy - Pinging docker daemon...
15:17:37.176 [ducttape-0] DEBUG org.testcontainers.shaded.com.github.dockerjava.core.command.AbstrDockerCmd - Cmd: 
15:17:37.277 [ducttape-0] DEBUG org.testcontainers.dockerclient.DockerClientProviderStrategy - Pinging docker daemon...
15:17:37.277 [ducttape-0] DEBUG org.testcontainers.shaded.com.github.dockerjava.core.command.AbstrDockerCmd - Cmd: 
15:17:37.378 [ducttape-0] DEBUG org.testcontainers.dockerclient.DockerClientProviderStrategy - Pinging docker daemon...
15:17:37.378 [ducttape-0] DEBUG org.testcontainers.shaded.com.github.dockerjava.core.command.AbstrDockerCmd - Cmd: 
15:17:37.480 [ducttape-0] DEBUG org.testcontainers.dockerclient.DockerClientProviderStrategy - Pinging docker daemon...
15:17:37.480 [ducttape-0] DEBUG org.testcontainers.shaded.com.github.dockerjava.core.command.AbstrDockerCmd - Cmd: 
15:17:37.581 [ducttape-0] DEBUG org.testcontainers.dockerclient.DockerClientProviderStrategy - Pinging docker daemon...
15:17:37.581 [ducttape-0] DEBUG org.testcontainers.shaded.com.github.dockerjava.core.command.AbstrDockerCmd - Cmd: 
15:17:37.682 [ducttape-0] DEBUG org.testcontainers.dockerclient.DockerClientProviderStrategy - Pinging docker daemon...
15:17:37.683 [ducttape-0] DEBUG org.testcontainers.shaded.com.github.dockerjava.core.command.AbstrDockerCmd - Cmd: 
15:17:37.784 [ducttape-0] DEBUG org.testcontainers.dockerclient.DockerClientProviderStrategy - Pinging docker daemon...
15:17:37.785 [ducttape-0] DEBUG org.testcontainers.shaded.com.github.dockerjava.core.command.AbstrDockerCmd - Cmd: 
15:17:37.886 [ducttape-0] DEBUG org.testcontainers.dockerclient.DockerClientProviderStrategy - Pinging docker daemon...
15:17:37.886 [ducttape-0] DEBUG org.testcontainers.shaded.com.github.dockerjava.core.command.AbstrDockerCmd - Cmd: 
15:17:37.988 [ducttape-0] DEBUG org.testcontainers.dockerclient.DockerClientProviderStrategy - Pinging docker daemon...
15:17:37.988 [ducttape-0] DEBUG org.testcontainers.shaded.com.github.dockerjava.core.command.AbstrDockerCmd - Cmd: 
15:17:38.089 [ducttape-0] DEBUG org.testcontainers.dockerclient.DockerClientProviderStrategy - Pinging docker daemon...
15:17:38.089 [ducttape-0] DEBUG org.testcontainers.shaded.com.github.dockerjava.core.command.AbstrDockerCmd - Cmd: 
15:17:38.190 [ducttape-0] DEBUG org.testcontainers.dockerclient.DockerClientProviderStrategy - Pinging docker daemon...
15:17:38.190 [ducttape-0] DEBUG org.testcontainers.shaded.com.github.dockerjava.core.command.AbstrDockerCmd - Cmd: 
15:17:38.291 [ducttape-0] DEBUG org.testcontainers.dockerclient.DockerClientProviderStrategy - Pinging docker daemon...
15:17:38.292 [ducttape-0] DEBUG org.testcontainers.shaded.com.github.dockerjava.core.command.AbstrDockerCmd - Cmd: 
15:17:38.396 [ducttape-0] DEBUG org.testcontainers.dockerclient.DockerClientProviderStrategy - Pinging docker daemon...
15:17:38.397 [ducttape-0] DEBUG org.testcontainers.shaded.com.github.dockerjava.core.command.AbstrDockerCmd - Cmd: 
15:17:38.498 [ducttape-0] DEBUG org.testcontainers.dockerclient.DockerClientProviderStrategy - Pinging docker daemon...
15:17:38.498 [ducttape-0] DEBUG org.testcontainers.shaded.com.github.dockerjava.core.command.AbstrDockerCmd - Cmd: 
15:17:38.599 [ducttape-0] DEBUG org.testcontainers.dockerclient.DockerClientProviderStrategy - Pinging docker daemon...
15:17:38.599 [ducttape-0] DEBUG org.testcontainers.shaded.com.github.dockerjava.core.command.AbstrDockerCmd - Cmd: 
15:17:38.700 [ducttape-0] DEBUG org.testcontainers.dockerclient.DockerClientProviderStrategy - Pinging docker daemon...
15:17:38.700 [ducttape-0] DEBUG org.testcontainers.shaded.com.github.dockerjava.core.command.AbstrDockerCmd - Cmd: 
15:17:38.802 [ducttape-0] DEBUG org.testcontainers.dockerclient.DockerClientProviderStrategy - Pinging docker daemon...
15:17:38.802 [ducttape-0] DEBUG org.testcontainers.shaded.com.github.dockerjava.core.command.AbstrDockerCmd - Cmd: 
15:17:38.903 [ducttape-0] DEBUG org.testcontainers.dockerclient.DockerClientProviderStrategy - Pinging docker daemon...
15:17:38.903 [ducttape-0] DEBUG org.testcontainers.shaded.com.github.dockerjava.core.command.AbstrDockerCmd - Cmd: 
15:17:39.004 [ducttape-0] DEBUG org.testcontainers.dockerclient.DockerClientProviderStrategy - Pinging docker daemon...
15:17:39.004 [ducttape-0] DEBUG org.testcontainers.shaded.com.github.dockerjava.core.command.AbstrDockerCmd - Cmd: 
15:17:39.105 [ducttape-0] DEBUG org.testcontainers.dockerclient.DockerClientProviderStrategy - Pinging docker daemon...
15:17:39.105 [ducttape-0] DEBUG org.testcontainers.shaded.com.github.dockerjava.core.command.AbstrDockerCmd - Cmd: 
15:17:39.206 [ducttape-0] DEBUG org.testcontainers.dockerclient.DockerClientProviderStrategy - Pinging docker daemon...
15:17:39.206 [ducttape-0] DEBUG org.testcontainers.shaded.com.github.dockerjava.core.command.AbstrDockerCmd - Cmd: 
15:17:39.307 [ducttape-0] DEBUG org.testcontainers.dockerclient.DockerClientProviderStrategy - Pinging docker daemon...
15:17:39.307 [ducttape-0] DEBUG org.testcontainers.shaded.com.github.dockerjava.core.command.AbstrDockerCmd - Cmd: 
15:17:39.407 [ducttape-0] DEBUG org.testcontainers.dockerclient.DockerClientProviderStrategy - Pinging docker daemon...
15:17:39.407 [ducttape-0] DEBUG org.testcontainers.shaded.com.github.dockerjava.core.command.AbstrDockerCmd - Cmd: 
15:17:39.509 [ducttape-0] DEBUG org.testcontainers.dockerclient.DockerClientProviderStrategy - Pinging docker daemon...
15:17:39.509 [ducttape-0] DEBUG org.testcontainers.shaded.com.github.dockerjava.core.command.AbstrDockerCmd - Cmd: 
15:17:39.610 [ducttape-0] DEBUG org.testcontainers.dockerclient.DockerClientProviderStrategy - Pinging docker daemon...
15:17:39.610 [ducttape-0] DEBUG org.testcontainers.shaded.com.github.dockerjava.core.command.AbstrDockerCmd - Cmd: 
15:17:39.711 [ducttape-0] DEBUG org.testcontainers.dockerclient.DockerClientProviderStrategy - Pinging docker daemon...
15:17:39.711 [ducttape-0] DEBUG org.testcontainers.shaded.com.github.dockerjava.core.command.AbstrDockerCmd - Cmd: 
15:17:39.813 [ducttape-0] DEBUG org.testcontainers.dockerclient.DockerClientProviderStrategy - Pinging docker daemon...
15:17:39.813 [ducttape-0] DEBUG org.testcontainers.shaded.com.github.dockerjava.core.command.AbstrDockerCmd - Cmd: 
15:17:39.914 [ducttape-0] DEBUG org.testcontainers.dockerclient.DockerClientProviderStrategy - Pinging docker daemon...
15:17:39.914 [ducttape-0] DEBUG org.testcontainers.shaded.com.github.dockerjava.core.command.AbstrDockerCmd - Cmd: 
15:17:40.015 [ducttape-0] DEBUG org.testcontainers.dockerclient.DockerClientProviderStrategy - Pinging docker daemon...
15:17:40.015 [ducttape-0] DEBUG org.testcontainers.shaded.com.github.dockerjava.core.command.AbstrDockerCmd - Cmd: 
15:17:40.117 [ducttape-0] DEBUG org.testcontainers.dockerclient.DockerClientProviderStrategy - Pinging docker daemon...
15:17:40.117 [ducttape-0] DEBUG org.testcontainers.shaded.com.github.dockerjava.core.command.AbstrDockerCmd - Cmd: 
15:17:40.218 [ducttape-0] DEBUG org.testcontainers.dockerclient.DockerClientProviderStrategy - Pinging docker daemon...
15:17:40.218 [ducttape-0] DEBUG org.testcontainers.shaded.com.github.dockerjava.core.command.AbstrDockerCmd - Cmd: 
15:17:40.320 [ducttape-0] DEBUG org.testcontainers.dockerclient.DockerClientProviderStrategy - Pinging docker daemon...
15:17:40.320 [ducttape-0] DEBUG org.testcontainers.shaded.com.github.dockerjava.core.command.AbstrDockerCmd - Cmd: 
15:17:40.421 [ducttape-0] DEBUG org.testcontainers.dockerclient.DockerClientProviderStrategy - Pinging docker daemon...
15:17:40.421 [ducttape-0] DEBUG org.testcontainers.shaded.com.github.dockerjava.core.command.AbstrDockerCmd - Cmd: 
15:17:40.522 [ducttape-0] DEBUG org.testcontainers.dockerclient.DockerClientProviderStrategy - Pinging docker daemon...
15:17:40.522 [ducttape-0] DEBUG org.testcontainers.shaded.com.github.dockerjava.core.command.AbstrDockerCmd - Cmd: 
15:17:40.624 [ducttape-0] DEBUG org.testcontainers.dockerclient.DockerClientProviderStrategy - Pinging docker daemon...
15:17:40.624 [ducttape-0] DEBUG org.testcontainers.shaded.com.github.dockerjava.core.command.AbstrDockerCmd - Cmd: 
15:17:40.725 [ducttape-0] DEBUG org.testcontainers.dockerclient.DockerClientProviderStrategy - Pinging docker daemon...
15:17:40.725 [ducttape-0] DEBUG org.testcontainers.shaded.com.github.dockerjava.core.command.AbstrDockerCmd - Cmd: 
15:17:40.826 [ducttape-0] DEBUG org.testcontainers.dockerclient.DockerClientProviderStrategy - Pinging docker daemon...
15:17:40.826 [ducttape-0] DEBUG org.testcontainers.shaded.com.github.dockerjava.core.command.AbstrDockerCmd - Cmd: 
15:17:40.928 [ducttape-0] DEBUG org.testcontainers.dockerclient.DockerClientProviderStrategy - Pinging docker daemon...
15:17:40.928 [ducttape-0] DEBUG org.testcontainers.shaded.com.github.dockerjava.core.command.AbstrDockerCmd - Cmd: 
15:17:41.029 [ducttape-0] DEBUG org.testcontainers.dockerclient.DockerClientProviderStrategy - Pinging docker daemon...
15:17:41.029 [ducttape-0] DEBUG org.testcontainers.shaded.com.github.dockerjava.core.command.AbstrDockerCmd - Cmd: 
15:17:41.130 [ducttape-0] DEBUG org.testcontainers.dockerclient.DockerClientProviderStrategy - Pinging docker daemon...
15:17:41.130 [ducttape-0] DEBUG org.testcontainers.shaded.com.github.dockerjava.core.command.AbstrDockerCmd - Cmd: 
15:17:41.231 [ducttape-0] DEBUG org.testcontainers.dockerclient.DockerClientProviderStrategy - Pinging docker daemon...
15:17:41.231 [ducttape-0] DEBUG org.testcontainers.shaded.com.github.dockerjava.core.command.AbstrDockerCmd - Cmd: 
15:17:41.332 [ducttape-0] DEBUG org.testcontainers.dockerclient.DockerClientProviderStrategy - Pinging docker daemon...
15:17:41.332 [ducttape-0] DEBUG org.testcontainers.shaded.com.github.dockerjava.core.command.AbstrDockerCmd - Cmd: 
15:17:41.433 [ducttape-0] DEBUG org.testcontainers.dockerclient.DockerClientProviderStrategy - Pinging docker daemon...
15:17:41.434 [ducttape-0] DEBUG org.testcontainers.shaded.com.github.dockerjava.core.command.AbstrDockerCmd - Cmd: 
15:17:41.535 [ducttape-0] DEBUG org.testcontainers.dockerclient.DockerClientProviderStrategy - Pinging docker daemon...
15:17:41.535 [ducttape-0] DEBUG org.testcontainers.shaded.com.github.dockerjava.core.command.AbstrDockerCmd - Cmd: 
15:17:41.636 [ducttape-0] DEBUG org.testcontainers.dockerclient.DockerClientProviderStrategy - Pinging docker daemon...
15:17:41.636 [ducttape-0] DEBUG org.testcontainers.shaded.com.github.dockerjava.core.command.AbstrDockerCmd - Cmd: 
15:17:41.737 [ducttape-0] DEBUG org.testcontainers.dockerclient.DockerClientProviderStrategy - Pinging docker daemon...
15:17:41.737 [ducttape-0] DEBUG org.testcontainers.shaded.com.github.dockerjava.core.command.AbstrDockerCmd - Cmd: 
15:17:41.839 [ducttape-0] DEBUG org.testcontainers.dockerclient.DockerClientProviderStrategy - Pinging docker daemon...
15:17:41.839 [ducttape-0] DEBUG org.testcontainers.shaded.com.github.dockerjava.core.command.AbstrDockerCmd - Cmd: 
15:17:41.940 [ducttape-0] DEBUG org.testcontainers.dockerclient.DockerClientProviderStrategy - Pinging docker daemon...
15:17:41.940 [ducttape-0] DEBUG org.testcontainers.shaded.com.github.dockerjava.core.command.AbstrDockerCmd - Cmd: 
15:17:42.041 [ducttape-0] DEBUG org.testcontainers.dockerclient.DockerClientProviderStrategy - Pinging docker daemon...
15:17:42.041 [ducttape-0] DEBUG org.testcontainers.shaded.com.github.dockerjava.core.command.AbstrDockerCmd - Cmd: 
15:17:42.142 [ducttape-0] DEBUG org.testcontainers.dockerclient.DockerClientProviderStrategy - Pinging docker daemon...
15:17:42.143 [ducttape-0] DEBUG org.testcontainers.shaded.com.github.dockerjava.core.command.AbstrDockerCmd - Cmd: 
15:17:42.243 [ducttape-0] DEBUG org.testcontainers.dockerclient.DockerClientProviderStrategy - Pinging docker daemon...
15:17:42.243 [ducttape-0] DEBUG org.testcontainers.shaded.com.github.dockerjava.core.command.AbstrDockerCmd - Cmd: 
15:17:42.345 [ducttape-0] DEBUG org.testcontainers.dockerclient.DockerClientProviderStrategy - Pinging docker daemon...
15:17:42.345 [ducttape-0] DEBUG org.testcontainers.shaded.com.github.dockerjava.core.command.AbstrDockerCmd - Cmd: 
15:17:42.446 [ducttape-0] DEBUG org.testcontainers.dockerclient.DockerClientProviderStrategy - Pinging docker daemon...
15:17:42.446 [ducttape-0] DEBUG org.testcontainers.shaded.com.github.dockerjava.core.command.AbstrDockerCmd - Cmd: 
15:17:42.547 [ducttape-0] DEBUG org.testcontainers.dockerclient.DockerClientProviderStrategy - Pinging docker daemon...
15:17:42.547 [ducttape-0] DEBUG org.testcontainers.shaded.com.github.dockerjava.core.command.AbstrDockerCmd - Cmd: 
15:17:42.648 [ducttape-0] DEBUG org.testcontainers.dockerclient.DockerClientProviderStrategy - Pinging docker daemon...
15:17:42.649 [ducttape-0] DEBUG org.testcontainers.shaded.com.github.dockerjava.core.command.AbstrDockerCmd - Cmd: 
15:17:42.750 [ducttape-0] DEBUG org.testcontainers.dockerclient.DockerClientProviderStrategy - Pinging docker daemon...
15:17:42.750 [ducttape-0] DEBUG org.testcontainers.shaded.com.github.dockerjava.core.command.AbstrDockerCmd - Cmd: 
15:17:42.851 [ducttape-0] DEBUG org.testcontainers.dockerclient.DockerClientProviderStrategy - Pinging docker daemon...
15:17:42.851 [ducttape-0] DEBUG org.testcontainers.shaded.com.github.dockerjava.core.command.AbstrDockerCmd - Cmd: 
15:17:42.952 [ducttape-0] DEBUG org.testcontainers.dockerclient.DockerClientProviderStrategy - Pinging docker daemon...
15:17:42.952 [ducttape-0] DEBUG org.testcontainers.shaded.com.github.dockerjava.core.command.AbstrDockerCmd - Cmd: 
15:17:43.054 [ducttape-0] DEBUG org.testcontainers.dockerclient.DockerClientProviderStrategy - Pinging docker daemon...
15:17:43.054 [ducttape-0] DEBUG org.testcontainers.shaded.com.github.dockerjava.core.command.AbstrDockerCmd - Cmd: 
15:17:43.155 [ducttape-0] DEBUG org.testcontainers.dockerclient.DockerClientProviderStrategy - Pinging docker daemon...
15:17:43.155 [ducttape-0] DEBUG org.testcontainers.shaded.com.github.dockerjava.core.command.AbstrDockerCmd - Cmd: 
15:17:43.258 [ducttape-0] DEBUG org.testcontainers.dockerclient.DockerClientProviderStrategy - Pinging docker daemon...
15:17:43.258 [ducttape-0] DEBUG org.testcontainers.shaded.com.github.dockerjava.core.command.AbstrDockerCmd - Cmd: 
15:17:43.360 [ducttape-0] DEBUG org.testcontainers.dockerclient.DockerClientProviderStrategy - Pinging docker daemon...
15:17:43.360 [ducttape-0] DEBUG org.testcontainers.shaded.com.github.dockerjava.core.command.AbstrDockerCmd - Cmd: 
15:17:43.461 [ducttape-0] DEBUG org.testcontainers.dockerclient.DockerClientProviderStrategy - Pinging docker daemon...
15:17:43.461 [ducttape-0] DEBUG org.testcontainers.shaded.com.github.dockerjava.core.command.AbstrDockerCmd - Cmd: 
15:17:43.563 [ducttape-0] DEBUG org.testcontainers.dockerclient.DockerClientProviderStrategy - Pinging docker daemon...
15:17:43.563 [ducttape-0] DEBUG org.testcontainers.shaded.com.github.dockerjava.core.command.AbstrDockerCmd - Cmd: 
15:17:43.664 [ducttape-0] DEBUG org.testcontainers.dockerclient.DockerClientProviderStrategy - Pinging docker daemon...
15:17:43.664 [ducttape-0] DEBUG org.testcontainers.shaded.com.github.dockerjava.core.command.AbstrDockerCmd - Cmd: 
15:17:43.765 [ducttape-0] DEBUG org.testcontainers.dockerclient.DockerClientProviderStrategy - Pinging docker daemon...
15:17:43.765 [ducttape-0] DEBUG org.testcontainers.shaded.com.github.dockerjava.core.command.AbstrDockerCmd - Cmd: 
15:17:43.866 [ducttape-0] DEBUG org.testcontainers.dockerclient.DockerClientProviderStrategy - Pinging docker daemon...
15:17:43.866 [ducttape-0] DEBUG org.testcontainers.shaded.com.github.dockerjava.core.command.AbstrDockerCmd - Cmd: 
15:17:43.968 [ducttape-0] DEBUG org.testcontainers.dockerclient.DockerClientProviderStrategy - Pinging docker daemon...
15:17:43.968 [ducttape-0] DEBUG org.testcontainers.shaded.com.github.dockerjava.core.command.AbstrDockerCmd - Cmd: 
15:17:44.069 [ducttape-0] DEBUG org.testcontainers.dockerclient.DockerClientProviderStrategy - Pinging docker daemon...
15:17:44.069 [ducttape-0] DEBUG org.testcontainers.shaded.com.github.dockerjava.core.command.AbstrDockerCmd - Cmd: 
15:17:44.170 [ducttape-0] DEBUG org.testcontainers.dockerclient.DockerClientProviderStrategy - Pinging docker daemon...
15:17:44.170 [ducttape-0] DEBUG org.testcontainers.shaded.com.github.dockerjava.core.command.AbstrDockerCmd - Cmd: 
15:17:44.271 [ducttape-0] DEBUG org.testcontainers.dockerclient.DockerClientProviderStrategy - Pinging docker daemon...
15:17:44.271 [ducttape-0] DEBUG org.testcontainers.shaded.com.github.dockerjava.core.command.AbstrDockerCmd - Cmd: 
15:17:44.373 [ducttape-0] DEBUG org.testcontainers.dockerclient.DockerClientProviderStrategy - Pinging docker daemon...
15:17:44.373 [ducttape-0] DEBUG org.testcontainers.shaded.com.github.dockerjava.core.command.AbstrDockerCmd - Cmd: 
15:17:44.474 [ducttape-0] DEBUG org.testcontainers.dockerclient.DockerClientProviderStrategy - Pinging docker daemon...
15:17:44.474 [ducttape-0] DEBUG org.testcontainers.shaded.com.github.dockerjava.core.command.AbstrDockerCmd - Cmd: 
15:17:44.575 [ducttape-0] DEBUG org.testcontainers.dockerclient.DockerClientProviderStrategy - Pinging docker daemon...
15:17:44.575 [ducttape-0] DEBUG org.testcontainers.shaded.com.github.dockerjava.core.command.AbstrDockerCmd - Cmd: 
15:17:44.679 [ducttape-0] DEBUG org.testcontainers.dockerclient.DockerClientProviderStrategy - Pinging docker daemon...
15:17:44.679 [ducttape-0] DEBUG org.testcontainers.shaded.com.github.dockerjava.core.command.AbstrDockerCmd - Cmd: 
15:17:44.780 [ducttape-0] DEBUG org.testcontainers.dockerclient.DockerClientProviderStrategy - Pinging docker daemon...
15:17:44.781 [ducttape-0] DEBUG org.testcontainers.shaded.com.github.dockerjava.core.command.AbstrDockerCmd - Cmd: 
15:17:44.882 [ducttape-0] DEBUG org.testcontainers.dockerclient.DockerClientProviderStrategy - Pinging docker daemon...
15:17:44.882 [ducttape-0] DEBUG org.testcontainers.shaded.com.github.dockerjava.core.command.AbstrDockerCmd - Cmd: 
15:17:44.983 [ducttape-0] DEBUG org.testcontainers.dockerclient.DockerClientProviderStrategy - Pinging docker daemon...
15:17:44.983 [ducttape-0] DEBUG org.testcontainers.shaded.com.github.dockerjava.core.command.AbstrDockerCmd - Cmd: 
15:17:45.084 [ducttape-0] DEBUG org.testcontainers.dockerclient.DockerClientProviderStrategy - Pinging docker daemon...
15:17:45.084 [ducttape-0] DEBUG org.testcontainers.shaded.com.github.dockerjava.core.command.AbstrDockerCmd - Cmd: 
15:17:45.185 [ducttape-0] DEBUG org.testcontainers.dockerclient.DockerClientProviderStrategy - Pinging docker daemon...
15:17:45.185 [ducttape-0] DEBUG org.testcontainers.shaded.com.github.dockerjava.core.command.AbstrDockerCmd - Cmd: 
15:17:45.286 [ducttape-0] DEBUG org.testcontainers.dockerclient.DockerClientProviderStrategy - Pinging docker daemon...
15:17:45.286 [ducttape-0] DEBUG org.testcontainers.shaded.com.github.dockerjava.core.command.AbstrDockerCmd - Cmd: 
15:17:45.387 [ducttape-0] DEBUG org.testcontainers.dockerclient.DockerClientProviderStrategy - Pinging docker daemon...
15:17:45.387 [ducttape-0] DEBUG org.testcontainers.shaded.com.github.dockerjava.core.command.AbstrDockerCmd - Cmd: 
15:17:45.488 [ducttape-0] DEBUG org.testcontainers.dockerclient.DockerClientProviderStrategy - Pinging docker daemon...
15:17:45.488 [ducttape-0] DEBUG org.testcontainers.shaded.com.github.dockerjava.core.command.AbstrDockerCmd - Cmd: 
15:17:45.589 [ducttape-0] DEBUG org.testcontainers.dockerclient.DockerClientProviderStrategy - Pinging docker daemon...
15:17:45.589 [ducttape-0] DEBUG org.testcontainers.shaded.com.github.dockerjava.core.command.AbstrDockerCmd - Cmd: 
15:17:45.690 [ducttape-0] DEBUG org.testcontainers.dockerclient.DockerClientProviderStrategy - Pinging docker daemon...
15:17:45.690 [ducttape-0] DEBUG org.testcontainers.shaded.com.github.dockerjava.core.command.AbstrDockerCmd - Cmd: 
15:17:45.791 [ducttape-0] DEBUG org.testcontainers.dockerclient.DockerClientProviderStrategy - Pinging docker daemon...
15:17:45.792 [ducttape-0] DEBUG org.testcontainers.shaded.com.github.dockerjava.core.command.AbstrDockerCmd - Cmd: 
15:17:45.893 [ducttape-0] DEBUG org.testcontainers.dockerclient.DockerClientProviderStrategy - Pinging docker daemon...
15:17:45.893 [ducttape-0] DEBUG org.testcontainers.shaded.com.github.dockerjava.core.command.AbstrDockerCmd - Cmd: 
15:17:45.994 [ducttape-0] DEBUG org.testcontainers.dockerclient.DockerClientProviderStrategy - Pinging docker daemon...
15:17:45.994 [ducttape-0] DEBUG org.testcontainers.shaded.com.github.dockerjava.core.command.AbstrDockerCmd - Cmd: 
15:17:46.095 [ducttape-0] DEBUG org.testcontainers.dockerclient.DockerClientProviderStrategy - Pinging docker daemon...
15:17:46.095 [ducttape-0] DEBUG org.testcontainers.shaded.com.github.dockerjava.core.command.AbstrDockerCmd - Cmd: 
15:17:46.196 [ducttape-0] DEBUG org.testcontainers.dockerclient.DockerClientProviderStrategy - Pinging docker daemon...
15:17:46.196 [ducttape-0] DEBUG org.testcontainers.shaded.com.github.dockerjava.core.command.AbstrDockerCmd - Cmd: 
15:17:46.297 [ducttape-0] DEBUG org.testcontainers.dockerclient.DockerClientProviderStrategy - Pinging docker daemon...
15:17:46.298 [ducttape-0] DEBUG org.testcontainers.shaded.com.github.dockerjava.core.command.AbstrDockerCmd - Cmd: 
15:17:46.399 [ducttape-0] DEBUG org.testcontainers.dockerclient.DockerClientProviderStrategy - Pinging docker daemon...
15:17:46.399 [ducttape-0] DEBUG org.testcontainers.shaded.com.github.dockerjava.core.command.AbstrDockerCmd - Cmd: 
15:17:46.501 [ducttape-0] DEBUG org.testcontainers.dockerclient.DockerClientProviderStrategy - Pinging docker daemon...
15:17:46.501 [ducttape-0] DEBUG org.testcontainers.shaded.com.github.dockerjava.core.command.AbstrDockerCmd - Cmd: 
15:17:46.602 [ducttape-0] DEBUG org.testcontainers.dockerclient.DockerClientProviderStrategy - Pinging docker daemon...
15:17:46.602 [ducttape-0] DEBUG org.testcontainers.shaded.com.github.dockerjava.core.command.AbstrDockerCmd - Cmd: 
15:17:46.703 [ducttape-0] DEBUG org.testcontainers.dockerclient.DockerClientProviderStrategy - Pinging docker daemon...
15:17:46.703 [ducttape-0] DEBUG org.testcontainers.shaded.com.github.dockerjava.core.command.AbstrDockerCmd - Cmd: 
15:17:46.804 [ducttape-0] DEBUG org.testcontainers.dockerclient.DockerClientProviderStrategy - Pinging docker daemon...
15:17:46.804 [ducttape-0] DEBUG org.testcontainers.shaded.com.github.dockerjava.core.command.AbstrDockerCmd - Cmd: 
15:17:46.905 [ducttape-0] DEBUG org.testcontainers.dockerclient.DockerClientProviderStrategy - Pinging docker daemon...
15:17:46.905 [ducttape-0] DEBUG org.testcontainers.shaded.com.github.dockerjava.core.command.AbstrDockerCmd - Cmd: 
15:17:47.006 [ducttape-0] DEBUG org.testcontainers.dockerclient.DockerClientProviderStrategy - Pinging docker daemon...
15:17:47.007 [ducttape-0] DEBUG org.testcontainers.shaded.com.github.dockerjava.core.command.AbstrDockerCmd - Cmd: 
15:17:47.108 [ducttape-0] DEBUG org.testcontainers.dockerclient.DockerClientProviderStrategy - Pinging docker daemon...
15:17:47.108 [ducttape-0] DEBUG org.testcontainers.shaded.com.github.dockerjava.core.command.AbstrDockerCmd - Cmd: 
15:17:47.187 [main] DEBUG org.testcontainers.dockerclient.DockerClientProviderStrategy - UnixSocketClientProviderStrategy: failed with exception TimeoutException (Timeout waiting for result with exception). Root cause IOException (native connect() failed : Permission denied)
15:17:47.188 [main] ERROR org.testcontainers.dockerclient.DockerClientProviderStrategy - Could not find a valid Docker environment. Please check configuration. Attempted configurations were:
15:17:47.188 [main] ERROR org.testcontainers.dockerclient.DockerClientProviderStrategy -     UnixSocketClientProviderStrategy: failed with exception TimeoutException (Timeout waiting for result with exception). Root cause IOException (native connect() failed : Permission denied)
15:17:47.188 [main] ERROR org.testcontainers.dockerclient.DockerClientProviderStrategy - As no valid configuration was found, execution cannot continue
[ERROR] Tests run: 1, Failures: 0, Errors: 1, Skipped: 0, Time elapsed: 30.467 s <<< FAILURE! - in org.togglz.mongodb.MongoStateRepositoryTest
[ERROR] org.togglz.mongodb.MongoStateRepositoryTest  Time elapsed: 30.467 s  <<< ERROR!
java.lang.IllegalStateException: Could not find a valid Docker environment. Please see logs and check configuration
	at org.togglz.mongodb.MongoStateRepositoryTest.beforeClass(MongoStateRepositoryTest.java:26)

15:17:47.209 [ducttape-0] DEBUG org.testcontainers.dockerclient.DockerClientProviderStrategy - Pinging docker daemon...
15:17:47.209 [ducttape-0] DEBUG org.testcontainers.shaded.com.github.dockerjava.core.command.AbstrDockerCmd - Cmd: 
[INFO] 
[INFO] Results:
[INFO] 
[ERROR] Errors: 
[ERROR]   MongoStateRepositoryTest.beforeClass:26 » IllegalState Could not find a valid ...
[INFO] 
[ERROR] Tests run: 1, Failures: 0, Errors: 1, Skipped: 0
[INFO] 
[INFO] ------------------------------------------------------------------------
[INFO] Reactor Summary for Togglz 2.9.9-SNAPSHOT:
[INFO] 
[INFO] Togglz ............................................. SUCCESS [  3.576 s]
[INFO] Togglz - Core Framework ............................ SUCCESS [  7.112 s]
[INFO] Togglz - Test Harness .............................. SUCCESS [  0.328 s]
[INFO] Togglz - SLF4J integration ......................... SUCCESS [  0.029 s]
[INFO] Togglz - Servlet integration ....................... SUCCESS [  1.825 s]
[INFO] Togglz - Admin Console ............................. SUCCESS [  0.747 s]
[INFO] Togglz - CDI integration ........................... SUCCESS [  0.895 s]
[INFO] Togglz - Guice integration ......................... SUCCESS [  9.686 s]
[INFO] Togglz - Spring Framework integration .............. SUCCESS [  1.495 s]
[INFO] Togglz - Spring Web integration .................... SUCCESS [  2.811 s]
[INFO] Togglz - Spring Security integration ............... SUCCESS [  1.871 s]
[INFO] Togglz - Spring Boot POM ........................... SUCCESS [  0.015 s]
[INFO] Togglz - Spring Boot Starter ....................... SUCCESS [  4.377 s]
[INFO] Togglz - DeltaSpike integration .................... SUCCESS [  1.041 s]
[INFO] Togglz - Apache Shiro integration .................. SUCCESS [  7.740 s]
[INFO] Togglz - Google App Engine Integration ............. SUCCESS [  2.560 s]
[INFO] Togglz - Google Cloud Datastore Integration ........ SUCCESS [  0.300 s]
[INFO] Togglz - MongoDB integration ....................... FAILURE [ 31.284 s]
[INFO] Togglz - Testing Support ........................... SKIPPED
[INFO] Togglz - JUnit integration ......................... SKIPPED
[INFO] Togglz - Cassandra integration ..................... SKIPPED
[INFO] Togglz - Hazelcast integration ..................... SKIPPED
[INFO] Togglz - Apache Zookeeper Integration .............. SKIPPED
[INFO] Togglz - DynamoDB integration ...................... SKIPPED
[INFO] Togglz - Amazon S3 integration ..................... SKIPPED
[INFO] Togglz - JMH benchmarks ............................ SKIPPED
[INFO] Togglz - Slack integration ......................... SKIPPED
[INFO] Togglz - Redis integration ......................... SKIPPED
[INFO] Togglz - Kotlin wrapper ............................ SKIPPED
[INFO] ------------------------------------------------------------------------
[INFO] BUILD FAILURE
[INFO] ------------------------------------------------------------------------
[INFO] Total time:  01:17 min
[INFO] Finished at: 2023-02-07T15:17:47Z
[INFO] ------------------------------------------------------------------------
[ERROR] Failed to execute goal org.apache.maven.plugins:maven-surefire-plugin:2.22.2:test (default-test) on project togglz-mongodb: There are test failures.
[ERROR] 
[ERROR] Please refer to /home/gabsko/breaking-updates/mongodb/target/surefire-reports for the individual test results.
[ERROR] Please refer to dump files (if any exist) [date].dump, [date]-jvmRun[N].dump and [date].dumpstream.
[ERROR] -> [Help 1]
[ERROR] 
[ERROR] To see the full stack trace of the errors, re-run Maven with the -e switch.
[ERROR] Re-run Maven using the -X switch to enable full debug logging.
[ERROR] 
[ERROR] For more information about the errors and possible solutions, please read the following articles:
[ERROR] [Help 1] http://cwiki.apache.org/confluence/display/MAVEN/MojoFailureException
[ERROR] 
[ERROR] After correcting the problems, you can resume the build with the command
[ERROR]   mvn <args> -rf :togglz-mongodb
