[INFO] Scanning for projects...
[INFO] ------------------------------------------------------------------------
[INFO] Reactor Build Order:
[INFO] 
[INFO] OpenMRS                                                            [pom]
[INFO] openmrs-tools                                                      [jar]
[INFO] openmrs-test                                                       [pom]
[INFO] openmrs-api                                                        [jar]
[INFO] openmrs-web                                                        [jar]
[INFO] openmrs-webapp                                                     [war]
[INFO] openmrs-liquibase                                                  [jar]
[INFO] 
[INFO] ------------------------< org.openmrs:openmrs >-------------------------
[INFO] Building OpenMRS 2.6.0-SNAPSHOT                                    [1/7]
[INFO] --------------------------------[ pom ]---------------------------------
[INFO] 
[INFO] --- maven-clean-plugin:2.5:clean (default-clean) @ openmrs ---
[INFO] 
[INFO] --- buildnumber-maven-plugin:3.0.0:create (default) @ openmrs ---
[INFO] ShortRevision tag detected. The value is '6'.
[INFO] Executing: /bin/sh -c cd '/home/gabsko/breaking-updates' && 'git' 'rev-parse' '--verify' '--short=6' 'HEAD'
[INFO] Working directory: /home/gabsko/breaking-updates
[INFO] Storing buildNumber: a26bae7 at timestamp: 1675769181779
[WARNING] Cannot get the branch information from the git repository: 
Detecting the current branch failed: fatal: ref HEAD is not a symbolic ref

[INFO] ShortRevision tag detected. The value is '6'.
[INFO] Executing: /bin/sh -c cd '/home/gabsko/breaking-updates' && 'git' 'rev-parse' '--verify' '--short=6' 'HEAD'
[INFO] Working directory: /home/gabsko/breaking-updates
[INFO] Storing buildScmBranch: UNKNOWN
[INFO] 
[INFO] --- build-helper-maven-plugin:3.3.0:parse-version (parse-version) @ openmrs ---
[INFO] 
[INFO] ------------------< org.openmrs.tools:openmrs-tools >-------------------
[INFO] Building openmrs-tools 2.6.0-SNAPSHOT                              [2/7]
[INFO] --------------------------------[ jar ]---------------------------------
[INFO] 
[INFO] --- maven-clean-plugin:2.5:clean (default-clean) @ openmrs-tools ---
[INFO] Deleting /home/gabsko/breaking-updates/tools/target
[INFO] 
[INFO] --- buildnumber-maven-plugin:3.0.0:create (default) @ openmrs-tools ---
[INFO] 
[INFO] --- build-helper-maven-plugin:3.3.0:parse-version (parse-version) @ openmrs-tools ---
[INFO] 
[INFO] --- maven-resources-plugin:3.3.0:resources (default-resources) @ openmrs-tools ---
[INFO] Copying 4 resources
[INFO] 
[INFO] --- maven-compiler-plugin:3.10.1:compile (default-compile) @ openmrs-tools ---
[INFO] No sources to compile
[INFO] 
[INFO] --- maven-resources-plugin:3.3.0:testResources (default-testResources) @ openmrs-tools ---
[INFO] skip non existing resourceDirectory /home/gabsko/breaking-updates/tools/src/test/resources
[INFO] 
[INFO] --- maven-compiler-plugin:3.10.1:testCompile (default-testCompile) @ openmrs-tools ---
[INFO] No sources to compile
[INFO] 
[INFO] --- maven-surefire-plugin:2.22.2:test (default-test) @ openmrs-tools ---
[INFO] No tests to run.
[INFO] 
[INFO] -------------------< org.openmrs.test:openmrs-test >--------------------
[INFO] Building openmrs-test 2.6.0-SNAPSHOT                               [3/7]
[INFO] --------------------------------[ pom ]---------------------------------
[INFO] 
[INFO] --- maven-clean-plugin:2.5:clean (default-clean) @ openmrs-test ---
[INFO] 
[INFO] --- buildnumber-maven-plugin:3.0.0:create (default) @ openmrs-test ---
[INFO] 
[INFO] --- build-helper-maven-plugin:3.3.0:parse-version (parse-version) @ openmrs-test ---
[INFO] 
[INFO] --------------------< org.openmrs.api:openmrs-api >---------------------
[INFO] Building openmrs-api 2.6.0-SNAPSHOT                                [4/7]
[INFO] --------------------------------[ jar ]---------------------------------
[INFO] Downloading from openmrs-repo: https://mavenrepo.openmrs.org/nexus/content/repositories/public/org/springframework/spring-test/5.3.23/spring-test-5.3.23.jar
[INFO] Downloading from openmrs-repo: https://mavenrepo.openmrs.org/nexus/content/repositories/public/org/testcontainers/jdbc/1.17.5/jdbc-1.17.5.jar
[INFO] Downloading from openmrs-repo: https://mavenrepo.openmrs.org/nexus/content/repositories/public/org/junit/vintage/junit-vintage-engine/5.9.1/junit-vintage-engine-5.9.1.jar
[INFO] Downloading from openmrs-repo: https://mavenrepo.openmrs.org/nexus/content/repositories/public/org/junit/jupiter/junit-jupiter-api/5.9.1/junit-jupiter-api-5.9.1.jar
[INFO] Downloading from openmrs-repo: https://mavenrepo.openmrs.org/nexus/content/repositories/public/org/testcontainers/postgresql/1.17.5/postgresql-1.17.5.jar
[INFO] Downloaded from openmrs-repo: https://mavenrepo.openmrs.org/nexus/content/repositories/public/org/testcontainers/postgresql/1.17.5/postgresql-1.17.5.jar (9.7 kB at 7.8 kB/s)
[INFO] Downloading from openmrs-repo: https://mavenrepo.openmrs.org/nexus/content/repositories/public/org/testcontainers/database-commons/1.17.5/database-commons-1.17.5.jar
[INFO] Downloaded from openmrs-repo: https://mavenrepo.openmrs.org/nexus/content/repositories/public/org/testcontainers/jdbc/1.17.5/jdbc-1.17.5.jar (29 kB at 22 kB/s)
[INFO] Downloading from openmrs-repo: https://mavenrepo.openmrs.org/nexus/content/repositories/public/org/testcontainers/testcontainers/1.17.5/testcontainers-1.17.5.jar
[INFO] Downloaded from openmrs-repo: https://mavenrepo.openmrs.org/nexus/content/repositories/public/org/junit/vintage/junit-vintage-engine/5.9.1/junit-vintage-engine-5.9.1.jar (67 kB at 51 kB/s)
[INFO] Downloading from openmrs-repo: https://mavenrepo.openmrs.org/nexus/content/repositories/public/com/github/docker-java/docker-java-api/3.2.13/docker-java-api-3.2.13.jar
[INFO] Downloaded from openmrs-repo: https://mavenrepo.openmrs.org/nexus/content/repositories/public/com/github/docker-java/docker-java-api/3.2.13/docker-java-api-3.2.13.jar (0 B at 0 B/s)
[INFO] Downloading from openmrs-repo: https://mavenrepo.openmrs.org/nexus/content/repositories/public/com/github/docker-java/docker-java-transport-zerodep/3.2.13/docker-java-transport-zerodep-3.2.13.jar
[INFO] Downloaded from openmrs-repo: https://mavenrepo.openmrs.org/nexus/content/repositories/public/org/testcontainers/database-commons/1.17.5/database-commons-1.17.5.jar (10 kB at 6.4 kB/s)
[INFO] Downloading from openmrs-repo: https://mavenrepo.openmrs.org/nexus/content/repositories/public/com/github/docker-java/docker-java-transport/3.2.13/docker-java-transport-3.2.13.jar
[INFO] Downloaded from openmrs-repo: https://mavenrepo.openmrs.org/nexus/content/repositories/public/org/junit/jupiter/junit-jupiter-api/5.9.1/junit-jupiter-api-5.9.1.jar (208 kB at 123 kB/s)
[INFO] Downloading from openmrs-repo: https://mavenrepo.openmrs.org/nexus/content/repositories/public/org/testcontainers/mysql/1.17.5/mysql-1.17.5.jar
[INFO] Downloaded from openmrs-repo: https://mavenrepo.openmrs.org/nexus/content/repositories/public/com/github/docker-java/docker-java-transport-zerodep/3.2.13/docker-java-transport-zerodep-3.2.13.jar (0 B at 0 B/s)
[INFO] Downloaded from openmrs-repo: https://mavenrepo.openmrs.org/nexus/content/repositories/public/org/springframework/spring-test/5.3.23/spring-test-5.3.23.jar (787 kB at 444 kB/s)
[INFO] Downloaded from openmrs-repo: https://mavenrepo.openmrs.org/nexus/content/repositories/public/com/github/docker-java/docker-java-transport/3.2.13/docker-java-transport-3.2.13.jar (0 B at 0 B/s)
[INFO] Downloaded from openmrs-repo: https://mavenrepo.openmrs.org/nexus/content/repositories/public/org/testcontainers/mysql/1.17.5/mysql-1.17.5.jar (9.1 kB at 4.4 kB/s)
[INFO] Downloaded from openmrs-repo: https://mavenrepo.openmrs.org/nexus/content/repositories/public/org/testcontainers/testcontainers/1.17.5/testcontainers-1.17.5.jar (12 MB at 4.9 MB/s)
[INFO] 
[INFO] --- maven-clean-plugin:2.5:clean (default-clean) @ openmrs-api ---
[INFO] Deleting /home/gabsko/breaking-updates/api/target
[INFO] 
[INFO] --- buildnumber-maven-plugin:3.0.0:create (default) @ openmrs-api ---
[INFO] 
[INFO] --- build-helper-maven-plugin:3.3.0:parse-version (parse-version) @ openmrs-api ---
[INFO] 
[INFO] --- jacoco-maven-plugin:0.8.8:prepare-agent (prepare-agent) @ openmrs-api ---
[INFO] argLine set to -javaagent:/home/gabsko/.m2/repository/org/jacoco/org.jacoco.agent/0.8.8/org.jacoco.agent-0.8.8-runtime.jar=destfile=/home/gabsko/breaking-updates/api/target/jacoco.exec,includes=org/openmrs/** -Duser.language=en -Duser.region=US -Xmx1g -Djava.locale.providers=COMPAT
[INFO] 
[INFO] --- maven-java-formatter-plugin:0.3:format (default) @ openmrs-api ---
[INFO] Using 'UTF-8' encoding to format source files.
[INFO] Number of files to be formatted: 1115
[INFO] Successfully formatted: 0 file(s)
[INFO] Fail to format        : 0 file(s)
[INFO] Skipped               : 1115 file(s)
[INFO] Approximate time taken: 2s
[INFO] 
[INFO] --- maven-resources-plugin:3.3.0:resources (default-resources) @ openmrs-api ---
[INFO] Copying 1 resource
[INFO] Copying 161 resources
[INFO] The encoding used to copy filtered properties files have not been set. This means that the same encoding will be used to copy filtered properties files as when copying other filtered resources. This might not be what you want! Run your build with --debug to see which files might be affected. Read more at https://maven.apache.org/plugins/maven-resources-plugin/examples/filtering-properties-files.html
[INFO] 
[INFO] --- maven-compiler-plugin:3.10.1:compile (default-compile) @ openmrs-api ---
[INFO] Changes detected - recompiling the module!
[INFO] Compiling 746 source files to /home/gabsko/breaking-updates/api/target/classes
[INFO] /home/gabsko/breaking-updates/api/src/main/java/org/openmrs/PersonName.java: Some input files use or override a deprecated API.
[INFO] /home/gabsko/breaking-updates/api/src/main/java/org/openmrs/PersonName.java: Recompile with -Xlint:deprecation for details.
[INFO] /home/gabsko/breaking-updates/api/src/main/java/org/openmrs/BaseCustomizableMetadata.java: Some input files use unchecked or unsafe operations.
[INFO] /home/gabsko/breaking-updates/api/src/main/java/org/openmrs/BaseCustomizableMetadata.java: Recompile with -Xlint:unchecked for details.
[INFO] 
[INFO] --- maven-resources-plugin:3.3.0:testResources (default-testResources) @ openmrs-api ---
[INFO] Copying 153 resources
[INFO] 
[INFO] --- maven-compiler-plugin:3.10.1:testCompile (default-testCompile) @ openmrs-api ---
[INFO] Changes detected - recompiling the module!
[INFO] Compiling 369 source files to /home/gabsko/breaking-updates/api/target/test-classes
[INFO] /home/gabsko/breaking-updates/api/src/test/java/org/openmrs/test/jupiter/BaseContextSensitiveTest.java: Some input files use or override a deprecated API.
[INFO] /home/gabsko/breaking-updates/api/src/test/java/org/openmrs/test/jupiter/BaseContextSensitiveTest.java: Recompile with -Xlint:deprecation for details.
[INFO] /home/gabsko/breaking-updates/api/src/test/java/org/openmrs/api/db/hibernate/PersonAttributeHelper.java: Some input files use unchecked or unsafe operations.
[INFO] /home/gabsko/breaking-updates/api/src/test/java/org/openmrs/api/db/hibernate/PersonAttributeHelper.java: Recompile with -Xlint:unchecked for details.
[INFO] 
[INFO] --- maven-surefire-plugin:2.22.2:test (default-test) @ openmrs-api ---
[INFO] 
[INFO] -------------------------------------------------------
[INFO]  T E S T S
[INFO] -------------------------------------------------------
11:26:37.299 [main] ERROR org.openmrs.api.context.Context - serviceContext is null.  Creating new ServiceContext()
[INFO] Running liquibase.ext.sqlgenerator.core.ModifyColumnChangeTest
[INFO] Tests run: 2, Failures: 0, Errors: 0, Skipped: 0, Time elapsed: 0.038 s - in liquibase.ext.sqlgenerator.core.ModifyColumnChangeTest
[INFO] Running liquibase.ext.sqlgenerator.core.ModifyColumnGeneratorTest
[INFO] Tests run: 8, Failures: 0, Errors: 0, Skipped: 0, Time elapsed: 0.246 s - in liquibase.ext.sqlgenerator.core.ModifyColumnGeneratorTest
[INFO] Running liquibase.ext.change.core.InsertWithUuidDataChangeTest
[INFO] Tests run: 2, Failures: 0, Errors: 0, Skipped: 0, Time elapsed: 0.001 s - in liquibase.ext.change.core.InsertWithUuidDataChangeTest
[INFO] Running liquibase.ext.datatype.core.MySQLBooleanTypeTest
[INFO] Tests run: 3, Failures: 0, Errors: 0, Skipped: 0, Time elapsed: 0.001 s - in liquibase.ext.datatype.core.MySQLBooleanTypeTest
[INFO] Running org.openmrs.PatientTest
[INFO] Tests run: 9, Failures: 0, Errors: 0, Skipped: 0, Time elapsed: 0.005 s - in org.openmrs.PatientTest
[INFO] Running org.openmrs.FormTest
[INFO] Tests run: 1, Failures: 0, Errors: 0, Skipped: 0, Time elapsed: 0 s - in org.openmrs.FormTest
[INFO] Running org.openmrs.comparator.PatientIdentifierTypeDefaultComparatorTest
[INFO] Tests run: 1, Failures: 0, Errors: 0, Skipped: 0, Time elapsed: 0 s - in org.openmrs.comparator.PatientIdentifierTypeDefaultComparatorTest
[INFO] Running org.openmrs.OrderTest
[INFO] Tests run: 64, Failures: 0, Errors: 0, Skipped: 0, Time elapsed: 8.112 s - in org.openmrs.OrderTest
[INFO] Running org.openmrs.scheduler.SchedulerUtilTest
[INFO] Tests run: 1, Failures: 0, Errors: 0, Skipped: 0, Time elapsed: 0 s - in org.openmrs.scheduler.SchedulerUtilTest
[INFO] Running org.openmrs.scheduler.timer.TimerSchedulerServiceImplTest
[INFO] Tests run: 1, Failures: 0, Errors: 0, Skipped: 0, Time elapsed: 0.042 s - in org.openmrs.scheduler.timer.TimerSchedulerServiceImplTest
[INFO] Running org.openmrs.scheduler.SchedulerServiceTest
[WARNING] Tests run: 1, Failures: 0, Errors: 0, Skipped: 1, Time elapsed: 0 s - in org.openmrs.scheduler.SchedulerServiceTest
[INFO] Running org.openmrs.attribute.AttributeIntegrationTest
[INFO] Tests run: 1, Failures: 0, Errors: 0, Skipped: 0, Time elapsed: 0.051 s - in org.openmrs.attribute.AttributeIntegrationTest
[INFO] Running org.openmrs.liquibase.ChangeLogDetectiveTest
[INFO] Tests run: 11, Failures: 0, Errors: 0, Skipped: 0, Time elapsed: 0.117 s - in org.openmrs.liquibase.ChangeLogDetectiveTest
[INFO] Running org.openmrs.liquibase.ChangeLogVersionsTest
[INFO] Tests run: 3, Failures: 0, Errors: 0, Skipped: 0, Time elapsed: 0 s - in org.openmrs.liquibase.ChangeLogVersionsTest
[INFO] Running org.openmrs.liquibase.ChangeLogVersionFinderTest
[INFO] Tests run: 15, Failures: 0, Errors: 0, Skipped: 0, Time elapsed: 0.013 s - in org.openmrs.liquibase.ChangeLogVersionFinderTest
[INFO] Running org.openmrs.PatientProgramTest
[INFO] Tests run: 5, Failures: 0, Errors: 0, Skipped: 0, Time elapsed: 0 s - in org.openmrs.PatientProgramTest
[INFO] Running org.openmrs.EncounterProviderTest
[INFO] Tests run: 1, Failures: 0, Errors: 0, Skipped: 0, Time elapsed: 0 s - in org.openmrs.EncounterProviderTest
[INFO] Running org.openmrs.OrderGroupTest
[INFO] Tests run: 3, Failures: 0, Errors: 0, Skipped: 0, Time elapsed: 0 s - in org.openmrs.OrderGroupTest
[INFO] Running org.openmrs.messagesource.impl.DefaultMessageSourceServiceImplTest
[INFO] Tests run: 1, Failures: 0, Errors: 0, Skipped: 0, Time elapsed: 0 s - in org.openmrs.messagesource.impl.DefaultMessageSourceServiceImplTest
[INFO] Running org.openmrs.messagesource.impl.CachedMessageSourceTest
[INFO] Tests run: 2, Failures: 0, Errors: 0, Skipped: 0, Time elapsed: 0 s - in org.openmrs.messagesource.impl.CachedMessageSourceTest
[INFO] Running org.openmrs.messagesource.MessageSourceServiceTest
[INFO] Tests run: 1, Failures: 0, Errors: 0, Skipped: 0, Time elapsed: 0.053 s - in org.openmrs.messagesource.MessageSourceServiceTest
[INFO] Running org.openmrs.messagesource.PresentationMessageMapTest
[INFO] Tests run: 2, Failures: 0, Errors: 0, Skipped: 0, Time elapsed: 0 s - in org.openmrs.messagesource.PresentationMessageMapTest
[INFO] Running org.openmrs.ObsBehaviorTest
[WARNING] Tests run: 3, Failures: 0, Errors: 0, Skipped: 1, Time elapsed: 0.04 s - in org.openmrs.ObsBehaviorTest
[INFO] Running org.openmrs.DurationTest
[INFO] Tests run: 11, Failures: 0, Errors: 0, Skipped: 0, Time elapsed: 0.067 s - in org.openmrs.DurationTest
[INFO] Running org.openmrs.PersonNameTest
[INFO] Tests run: 19, Failures: 0, Errors: 0, Skipped: 0, Time elapsed: 0.004 s - in org.openmrs.PersonNameTest
[INFO] Running org.openmrs.DrugTest
[INFO] Tests run: 2, Failures: 0, Errors: 0, Skipped: 0, Time elapsed: 0.019 s - in org.openmrs.DrugTest
[INFO] Running org.openmrs.AllergenTest
[INFO] Tests run: 6, Failures: 0, Errors: 0, Skipped: 0, Time elapsed: 0.262 s - in org.openmrs.AllergenTest
[INFO] Running org.openmrs.obs.AbstractHandlerTest
[INFO] Tests run: 4, Failures: 0, Errors: 0, Skipped: 0, Time elapsed: 0.1 s - in org.openmrs.obs.AbstractHandlerTest
[INFO] Running org.openmrs.obs.ImageHandlerTest
[INFO] Tests run: 5, Failures: 0, Errors: 0, Skipped: 0, Time elapsed: 0.038 s - in org.openmrs.obs.ImageHandlerTest
[INFO] Running org.openmrs.obs.MediaHandlerTest
[INFO] Tests run: 4, Failures: 0, Errors: 0, Skipped: 0, Time elapsed: 0.028 s - in org.openmrs.obs.MediaHandlerTest
[INFO] Running org.openmrs.obs.BinaryDataHandlerTest
[INFO] Tests run: 4, Failures: 0, Errors: 0, Skipped: 0, Time elapsed: 0.018 s - in org.openmrs.obs.BinaryDataHandlerTest
[INFO] Running org.openmrs.obs.TextHandlerTest
[INFO] Tests run: 4, Failures: 0, Errors: 0, Skipped: 0, Time elapsed: 0.019 s - in org.openmrs.obs.TextHandlerTest
[INFO] Running org.openmrs.obs.BinaryStreamHandlerTest
[INFO] Tests run: 4, Failures: 0, Errors: 0, Skipped: 0, Time elapsed: 0.019 s - in org.openmrs.obs.BinaryStreamHandlerTest
[INFO] Running org.openmrs.PersonAttributeTest
[INFO] Tests run: 6, Failures: 0, Errors: 0, Skipped: 0, Time elapsed: 0.029 s - in org.openmrs.PersonAttributeTest
[INFO] Running org.openmrs.OrderTypeTest
[INFO] Tests run: 3, Failures: 0, Errors: 0, Skipped: 0, Time elapsed: 0 s - in org.openmrs.OrderTypeTest
[INFO] Running org.openmrs.propertyeditor.ConceptReferenceTermEditorTest
[INFO] Tests run: 8, Failures: 0, Errors: 0, Skipped: 0, Time elapsed: 0.057 s - in org.openmrs.propertyeditor.ConceptReferenceTermEditorTest
[INFO] Running org.openmrs.propertyeditor.PersonAttributeTypeEditorTest
[INFO] Tests run: 8, Failures: 0, Errors: 0, Skipped: 0, Time elapsed: 0.064 s - in org.openmrs.propertyeditor.PersonAttributeTypeEditorTest
[INFO] Running org.openmrs.propertyeditor.ConceptNameEditorTest
[INFO] Tests run: 8, Failures: 0, Errors: 0, Skipped: 0, Time elapsed: 0.056 s - in org.openmrs.propertyeditor.ConceptNameEditorTest
[INFO] Running org.openmrs.propertyeditor.VisitTypeEditorTest
[INFO] Tests run: 8, Failures: 0, Errors: 0, Skipped: 0, Time elapsed: 0.036 s - in org.openmrs.propertyeditor.VisitTypeEditorTest
[INFO] Running org.openmrs.propertyeditor.DateOrDatetimeEditorTest
[INFO] Tests run: 6, Failures: 0, Errors: 0, Skipped: 0, Time elapsed: 0 s - in org.openmrs.propertyeditor.DateOrDatetimeEditorTest
[INFO] Running org.openmrs.propertyeditor.DrugEditorTest
[INFO] Tests run: 8, Failures: 0, Errors: 0, Skipped: 0, Time elapsed: 0.036 s - in org.openmrs.propertyeditor.DrugEditorTest
[INFO] Running org.openmrs.propertyeditor.OrderEditorTest
[INFO] Tests run: 8, Failures: 0, Errors: 0, Skipped: 0, Time elapsed: 0.036 s - in org.openmrs.propertyeditor.OrderEditorTest
[INFO] Running org.openmrs.propertyeditor.WorkflowCollectionEditorTest
[INFO] Tests run: 1, Failures: 0, Errors: 0, Skipped: 0, Time elapsed: 0.004 s - in org.openmrs.propertyeditor.WorkflowCollectionEditorTest
[INFO] Running org.openmrs.propertyeditor.LocationEditorTest
[INFO] Tests run: 8, Failures: 0, Errors: 0, Skipped: 0, Time elapsed: 0.028 s - in org.openmrs.propertyeditor.LocationEditorTest
[INFO] Running org.openmrs.propertyeditor.ConceptNumericEditorTest
[INFO] Tests run: 8, Failures: 0, Errors: 0, Skipped: 0, Time elapsed: 0.032 s - in org.openmrs.propertyeditor.ConceptNumericEditorTest
[INFO] Running org.openmrs.propertyeditor.ProgramWorkflowStateEditorTest
[INFO] Tests run: 8, Failures: 0, Errors: 0, Skipped: 0, Time elapsed: 0.032 s - in org.openmrs.propertyeditor.ProgramWorkflowStateEditorTest
[INFO] Running org.openmrs.propertyeditor.ConceptEditorTest
[INFO] Tests run: 8, Failures: 0, Errors: 0, Skipped: 0, Time elapsed: 0.027 s - in org.openmrs.propertyeditor.ConceptEditorTest
[INFO] Running org.openmrs.propertyeditor.PatientIdentifierTypeEditorTest
[INFO] Tests run: 8, Failures: 0, Errors: 0, Skipped: 0, Time elapsed: 0.026 s - in org.openmrs.propertyeditor.PatientIdentifierTypeEditorTest
[INFO] Running org.openmrs.propertyeditor.PatientEditorTest
[INFO] Tests run: 8, Failures: 0, Errors: 0, Skipped: 0, Time elapsed: 0.033 s - in org.openmrs.propertyeditor.PatientEditorTest
[INFO] Running org.openmrs.propertyeditor.ConceptAnswersEditorTest
[INFO] Tests run: 1, Failures: 0, Errors: 0, Skipped: 0, Time elapsed: 0.004 s - in org.openmrs.propertyeditor.ConceptAnswersEditorTest
[INFO] Running org.openmrs.propertyeditor.ConceptAttributeTypeEditorTest
[INFO] Tests run: 8, Failures: 0, Errors: 0, Skipped: 0, Time elapsed: 0.157 s - in org.openmrs.propertyeditor.ConceptAttributeTypeEditorTest
[INFO] Running org.openmrs.propertyeditor.RoleEditorTest
[INFO] Tests run: 2, Failures: 0, Errors: 0, Skipped: 0, Time elapsed: 0.009 s - in org.openmrs.propertyeditor.RoleEditorTest
[INFO] Running org.openmrs.propertyeditor.ConceptClassEditorTest
[INFO] Tests run: 8, Failures: 0, Errors: 0, Skipped: 0, Time elapsed: 0.031 s - in org.openmrs.propertyeditor.ConceptClassEditorTest
[INFO] Running org.openmrs.propertyeditor.LocationAttributeTypeEditorTest
[INFO] Tests run: 8, Failures: 0, Errors: 0, Skipped: 0, Time elapsed: 0.145 s - in org.openmrs.propertyeditor.LocationAttributeTypeEditorTest
[INFO] Running org.openmrs.propertyeditor.ConceptDatatypeEditorTest
[INFO] Tests run: 8, Failures: 0, Errors: 0, Skipped: 0, Time elapsed: 0.034 s - in org.openmrs.propertyeditor.ConceptDatatypeEditorTest
[INFO] Running org.openmrs.propertyeditor.ProgramWorkflowEditorTest
[INFO] Tests run: 8, Failures: 0, Errors: 0, Skipped: 0, Time elapsed: 0.039 s - in org.openmrs.propertyeditor.ProgramWorkflowEditorTest
[INFO] Running org.openmrs.propertyeditor.ProgramEditorTest
[INFO] Tests run: 4, Failures: 0, Errors: 0, Skipped: 0, Time elapsed: 0.025 s - in org.openmrs.propertyeditor.ProgramEditorTest
[INFO] Running org.openmrs.propertyeditor.PersonEditorTest
[INFO] Tests run: 8, Failures: 0, Errors: 0, Skipped: 0, Time elapsed: 0.031 s - in org.openmrs.propertyeditor.PersonEditorTest
[INFO] Running org.openmrs.propertyeditor.PersonAttributeEditorTest
[INFO] Tests run: 8, Failures: 0, Errors: 0, Skipped: 0, Time elapsed: 0.029 s - in org.openmrs.propertyeditor.PersonAttributeEditorTest
[INFO] Running org.openmrs.propertyeditor.EncounterEditorTest
[INFO] Tests run: 8, Failures: 0, Errors: 0, Skipped: 0, Time elapsed: 0.04 s - in org.openmrs.propertyeditor.EncounterEditorTest
[INFO] Running org.openmrs.propertyeditor.LocationTagEditorTest
[INFO] Tests run: 8, Failures: 0, Errors: 0, Skipped: 0, Time elapsed: 0.46 s - in org.openmrs.propertyeditor.LocationTagEditorTest
[INFO] Running org.openmrs.propertyeditor.VisitEditorTest
[INFO] Tests run: 8, Failures: 0, Errors: 0, Skipped: 0, Time elapsed: 0.055 s - in org.openmrs.propertyeditor.VisitEditorTest
[INFO] Running org.openmrs.propertyeditor.ConceptAnswerEditorTest
[INFO] Tests run: 8, Failures: 0, Errors: 0, Skipped: 0, Time elapsed: 0.023 s - in org.openmrs.propertyeditor.ConceptAnswerEditorTest
[INFO] Running org.openmrs.propertyeditor.UserEditorTest
[INFO] Tests run: 8, Failures: 0, Errors: 0, Skipped: 0, Time elapsed: 0.041 s - in org.openmrs.propertyeditor.UserEditorTest
[INFO] Running org.openmrs.propertyeditor.ConceptMapTypeEditorTest
[INFO] Tests run: 8, Failures: 0, Errors: 0, Skipped: 0, Time elapsed: 0.029 s - in org.openmrs.propertyeditor.ConceptMapTypeEditorTest
[INFO] Running org.openmrs.propertyeditor.ConceptSourceEditorTest
[INFO] Tests run: 8, Failures: 0, Errors: 0, Skipped: 0, Time elapsed: 0.027 s - in org.openmrs.propertyeditor.ConceptSourceEditorTest
[INFO] Running org.openmrs.propertyeditor.ProviderEditorTest
[WARNING] Tests run: 8, Failures: 0, Errors: 0, Skipped: 1, Time elapsed: 0.025 s - in org.openmrs.propertyeditor.ProviderEditorTest
[INFO] Running org.openmrs.propertyeditor.PrivilegeEditorTest
[INFO] Tests run: 2, Failures: 0, Errors: 0, Skipped: 0, Time elapsed: 0.175 s - in org.openmrs.propertyeditor.PrivilegeEditorTest
[INFO] Running org.openmrs.propertyeditor.CohortEditorTest
[INFO] Tests run: 8, Failures: 0, Errors: 0, Skipped: 0, Time elapsed: 0.439 s - in org.openmrs.propertyeditor.CohortEditorTest
[INFO] Running org.openmrs.propertyeditor.EncounterTypeEditorTest
[INFO] Tests run: 8, Failures: 0, Errors: 0, Skipped: 0, Time elapsed: 0.025 s - in org.openmrs.propertyeditor.EncounterTypeEditorTest
[INFO] Running org.openmrs.propertyeditor.FormEditorTest
[INFO] Tests run: 8, Failures: 0, Errors: 0, Skipped: 0, Time elapsed: 0.027 s - in org.openmrs.propertyeditor.FormEditorTest
[INFO] Running org.openmrs.BaseOpenmrsObjectTest
[INFO] Tests run: 20, Failures: 0, Errors: 0, Skipped: 0, Time elapsed: 0.06 s - in org.openmrs.BaseOpenmrsObjectTest
[INFO] Running org.openmrs.validator.ProviderAttributeTypeValidatorTest
[INFO] Tests run: 2, Failures: 0, Errors: 0, Skipped: 0, Time elapsed: 0.012 s - in org.openmrs.validator.ProviderAttributeTypeValidatorTest
[INFO] Running org.openmrs.validator.RelationshipValidatorTest
[INFO] Tests run: 7, Failures: 0, Errors: 0, Skipped: 0, Time elapsed: 0.019 s - in org.openmrs.validator.RelationshipValidatorTest
[INFO] Running org.openmrs.validator.DiagnosisValidatorTest
[INFO] Tests run: 6, Failures: 0, Errors: 0, Skipped: 0, Time elapsed: 0.019 s - in org.openmrs.validator.DiagnosisValidatorTest
[INFO] Running org.openmrs.validator.StateConversionValidatorTest
[INFO] Tests run: 4, Failures: 0, Errors: 0, Skipped: 0, Time elapsed: 0.018 s - in org.openmrs.validator.StateConversionValidatorTest
[INFO] Running org.openmrs.validator.ImplementationIdValidatorTest
[INFO] Tests run: 8, Failures: 0, Errors: 0, Skipped: 0, Time elapsed: 0.025 s - in org.openmrs.validator.ImplementationIdValidatorTest
[INFO] Running org.openmrs.validator.PersonAttributeTypeValidatorTest
[INFO] Tests run: 7, Failures: 0, Errors: 0, Skipped: 0, Time elapsed: 0.026 s - in org.openmrs.validator.PersonAttributeTypeValidatorTest
[INFO] Running org.openmrs.validator.EncounterRoleValidatorTest
[INFO] Tests run: 5, Failures: 0, Errors: 0, Skipped: 0, Time elapsed: 0.023 s - in org.openmrs.validator.EncounterRoleValidatorTest
[INFO] Running org.openmrs.validator.PersonValidatorTest
Security framework of XStream not explicitly initialized, using predefined black list on your own risk.
[INFO] Tests run: 13, Failures: 0, Errors: 0, Skipped: 0, Time elapsed: 0.095 s - in org.openmrs.validator.PersonValidatorTest
[INFO] Running org.openmrs.validator.FieldValidatorTest
[INFO] Tests run: 8, Failures: 0, Errors: 0, Skipped: 0, Time elapsed: 0.024 s - in org.openmrs.validator.FieldValidatorTest
[INFO] Running org.openmrs.validator.LocationAttributeTypeValidatorTest
[INFO] Tests run: 6, Failures: 0, Errors: 0, Skipped: 0, Time elapsed: 0.114 s - in org.openmrs.validator.LocationAttributeTypeValidatorTest
[INFO] Running org.openmrs.validator.ConceptSourceValidatorTest
[INFO] Tests run: 6, Failures: 0, Errors: 0, Skipped: 0, Time elapsed: 0.019 s - in org.openmrs.validator.ConceptSourceValidatorTest
[INFO] Running org.openmrs.validator.ObsValidatorTest
[INFO] Tests run: 22, Failures: 0, Errors: 0, Skipped: 0, Time elapsed: 0.112 s - in org.openmrs.validator.ObsValidatorTest
[INFO] Running org.openmrs.validator.ProviderValidatorTest
[INFO] Tests run: 13, Failures: 0, Errors: 0, Skipped: 0, Time elapsed: 0.122 s - in org.openmrs.validator.ProviderValidatorTest
[INFO] Running org.openmrs.validator.FormValidatorTest
[INFO] Tests run: 8, Failures: 0, Errors: 0, Skipped: 0, Time elapsed: 0.023 s - in org.openmrs.validator.FormValidatorTest
[INFO] Running org.openmrs.validator.RelationshipTypeValidatorTest
[INFO] Tests run: 7, Failures: 0, Errors: 0, Skipped: 0, Time elapsed: 0.028 s - in org.openmrs.validator.RelationshipTypeValidatorTest
[INFO] Running org.openmrs.validator.HL7SourceValidatorTest
[INFO] Tests run: 2, Failures: 0, Errors: 0, Skipped: 0, Time elapsed: 0.011 s - in org.openmrs.validator.HL7SourceValidatorTest
[INFO] Running org.openmrs.validator.ConceptNameTagValidatorTest
[INFO] Tests run: 7, Failures: 0, Errors: 0, Skipped: 0, Time elapsed: 0.036 s - in org.openmrs.validator.ConceptNameTagValidatorTest
[INFO] Running org.openmrs.validator.PatientProgramValidatorTest
[INFO] Tests run: 22, Failures: 0, Errors: 0, Skipped: 0, Time elapsed: 0.158 s - in org.openmrs.validator.PatientProgramValidatorTest
[INFO] Running org.openmrs.validator.OrderValidatorTest
[INFO] Tests run: 22, Failures: 0, Errors: 0, Skipped: 0, Time elapsed: 0.251 s - in org.openmrs.validator.OrderValidatorTest
[INFO] Running org.openmrs.validator.TestOrderValidatorTest
[INFO] Tests run: 2, Failures: 0, Errors: 0, Skipped: 0, Time elapsed: 0.013 s - in org.openmrs.validator.TestOrderValidatorTest
[INFO] Running org.openmrs.validator.EncounterTypeValidatorTest
[INFO] Tests run: 7, Failures: 0, Errors: 0, Skipped: 0, Time elapsed: 0.024 s - in org.openmrs.validator.EncounterTypeValidatorTest
[INFO] Running org.openmrs.validator.ConceptClassValidatorTest
[INFO] Tests run: 6, Failures: 0, Errors: 0, Skipped: 0, Time elapsed: 0.018 s - in org.openmrs.validator.ConceptClassValidatorTest
[INFO] Running org.openmrs.validator.VisitTypeValidatorTest
[INFO] Tests run: 2, Failures: 0, Errors: 0, Skipped: 0, Time elapsed: 0.006 s - in org.openmrs.validator.VisitTypeValidatorTest
[INFO] Running org.openmrs.validator.DrugOrderValidatorTest
[INFO] Tests run: 37, Failures: 0, Errors: 0, Skipped: 0, Time elapsed: 1.443 s - in org.openmrs.validator.DrugOrderValidatorTest
[INFO] Running org.openmrs.validator.ConceptValidatorTest
[INFO] Tests run: 31, Failures: 0, Errors: 0, Skipped: 0, Time elapsed: 0.336 s - in org.openmrs.validator.ConceptValidatorTest
[INFO] Running org.openmrs.validator.DrugValidatorTest
[INFO] Tests run: 9, Failures: 0, Errors: 0, Skipped: 0, Time elapsed: 0.16 s - in org.openmrs.validator.DrugValidatorTest
[INFO] Running org.openmrs.validator.PersonMergeLogValidatorTest
[INFO] Tests run: 6, Failures: 0, Errors: 0, Skipped: 0, Time elapsed: 0.016 s - in org.openmrs.validator.PersonMergeLogValidatorTest
[INFO] Running org.openmrs.validator.BaseAttributeTypeValidatorTest
[INFO] Tests run: 16, Failures: 0, Errors: 0, Skipped: 0, Time elapsed: 1.865 s - in org.openmrs.validator.BaseAttributeTypeValidatorTest
[INFO] Running org.openmrs.validator.VisitValidatorTest
[WARNING] Tests run: 27, Failures: 0, Errors: 0, Skipped: 1, Time elapsed: 1.003 s - in org.openmrs.validator.VisitValidatorTest
[INFO] Running org.openmrs.validator.ReferralOrderValidatorTest
[INFO] Tests run: 2, Failures: 0, Errors: 0, Skipped: 0, Time elapsed: 0.015 s - in org.openmrs.validator.ReferralOrderValidatorTest
[INFO] Running org.openmrs.validator.SchedulerFormValidatorTest
[INFO] Tests run: 10, Failures: 0, Errors: 0, Skipped: 0, Time elapsed: 0.026 s - in org.openmrs.validator.SchedulerFormValidatorTest
[INFO] Running org.openmrs.validator.LocationTagValidatorTest
[INFO] Tests run: 2, Failures: 0, Errors: 0, Skipped: 0, Time elapsed: 0.004 s - in org.openmrs.validator.LocationTagValidatorTest
[INFO] Running org.openmrs.validator.ConceptReferenceTermValidatorTest
[Field error in object 'term' on field 'conceptReferenceTermMaps[1].termB': rejected value [weight term(WGT234)]; codes [ConceptReferenceTerm.termToTerm.alreadyMapped.term.conceptReferenceTermMaps[1].termB,ConceptReferenceTerm.termToTerm.alreadyMapped.term.conceptReferenceTermMaps.termB,ConceptReferenceTerm.termToTerm.alreadyMapped.conceptReferenceTermMaps[1].termB,ConceptReferenceTerm.termToTerm.alreadyMapped.conceptReferenceTermMaps.termB,ConceptReferenceTerm.termToTerm.alreadyMapped.termB,ConceptReferenceTerm.termToTerm.alreadyMapped.org.openmrs.ConceptReferenceTerm,ConceptReferenceTerm.termToTerm.alreadyMapped]; arguments []; default message [Cannot map a reference term multiple times to the same concept reference term]]
[WARNING] Tests run: 18, Failures: 0, Errors: 0, Skipped: 3, Time elapsed: 0.037 s - in org.openmrs.validator.ConceptReferenceTermValidatorTest
[INFO] Running org.openmrs.validator.FieldTypeValidatorTest
[INFO] Tests run: 5, Failures: 0, Errors: 0, Skipped: 0, Time elapsed: 0.01 s - in org.openmrs.validator.FieldTypeValidatorTest
[INFO] Running org.openmrs.validator.AllergyValidatorTest
[INFO] Tests run: 10, Failures: 0, Errors: 0, Skipped: 0, Time elapsed: 0.206 s - in org.openmrs.validator.AllergyValidatorTest
[INFO] Running org.openmrs.validator.VisitAttributeTypeValidatorTest
[INFO] Tests run: 2, Failures: 0, Errors: 0, Skipped: 0, Time elapsed: 0.012 s - in org.openmrs.validator.VisitAttributeTypeValidatorTest
[INFO] Running org.openmrs.validator.ConceptDrugValidatorTest
[INFO] Tests run: 3, Failures: 0, Errors: 0, Skipped: 0, Time elapsed: 0 s - in org.openmrs.validator.ConceptDrugValidatorTest
[INFO] Running org.openmrs.validator.ConceptMapTypeValidatorTest
[INFO] Tests run: 8, Failures: 0, Errors: 0, Skipped: 0, Time elapsed: 0.021 s - in org.openmrs.validator.ConceptMapTypeValidatorTest
[INFO] Running org.openmrs.validator.PersonAddressValidatorTest
[INFO] Tests run: 10, Failures: 0, Errors: 0, Skipped: 0, Time elapsed: 0.051 s - in org.openmrs.validator.PersonAddressValidatorTest
[INFO] Running org.openmrs.validator.ValidateUtilTest
[INFO] Tests run: 9, Failures: 0, Errors: 0, Skipped: 0, Time elapsed: 0.024 s - in org.openmrs.validator.ValidateUtilTest
[INFO] Running org.openmrs.validator.PrivilegeValidatorTest
[INFO] Tests run: 5, Failures: 0, Errors: 0, Skipped: 0, Time elapsed: 0.01 s - in org.openmrs.validator.PrivilegeValidatorTest
[INFO] Running org.openmrs.validator.PatientIdentifierTypeValidatorTest
[INFO] Tests run: 9, Failures: 0, Errors: 0, Skipped: 0, Time elapsed: 0.026 s - in org.openmrs.validator.PatientIdentifierTypeValidatorTest
[INFO] Running org.openmrs.validator.AlertValidatorTest
[INFO] Tests run: 5, Failures: 0, Errors: 0, Skipped: 0, Time elapsed: 0.013 s - in org.openmrs.validator.AlertValidatorTest
[INFO] Running org.openmrs.validator.CohortValidatorTest
[INFO] Tests run: 7, Failures: 0, Errors: 0, Skipped: 0, Time elapsed: 0.366 s - in org.openmrs.validator.CohortValidatorTest
[INFO] Running org.openmrs.validator.ConditionValidatorTest
[INFO] Tests run: 4, Failures: 0, Errors: 0, Skipped: 0, Time elapsed: 0 s - in org.openmrs.validator.ConditionValidatorTest
[INFO] Running org.openmrs.validator.PatientIdentifierValidatorTest
[INFO] Tests run: 20, Failures: 0, Errors: 0, Skipped: 0, Time elapsed: 0.08 s - in org.openmrs.validator.PatientIdentifierValidatorTest
[INFO] Running org.openmrs.validator.ProgramValidatorTest
[INFO] Tests run: 8, Failures: 0, Errors: 0, Skipped: 0, Time elapsed: 0.054 s - in org.openmrs.validator.ProgramValidatorTest
[INFO] Running org.openmrs.validator.RoleValidatorTest
[INFO] Tests run: 6, Failures: 0, Errors: 0, Skipped: 0, Time elapsed: 0.018 s - in org.openmrs.validator.RoleValidatorTest
[INFO] Running org.openmrs.validator.ConceptAttributeTypeValidatorTest
[INFO] Tests run: 8, Failures: 0, Errors: 0, Skipped: 0, Time elapsed: 0.145 s - in org.openmrs.validator.ConceptAttributeTypeValidatorTest
[INFO] Running org.openmrs.validator.OrderFrequencyValidatorTest
[INFO] Tests run: 9, Failures: 0, Errors: 0, Skipped: 0, Time elapsed: 0.039 s - in org.openmrs.validator.OrderFrequencyValidatorTest
[INFO] Running org.openmrs.validator.EncounterValidatorTest
[INFO] Tests run: 12, Failures: 0, Errors: 0, Skipped: 0, Time elapsed: 0.038 s - in org.openmrs.validator.EncounterValidatorTest
[INFO] Running org.openmrs.validator.OrderTypeValidatorTest
[INFO] Tests run: 14, Failures: 0, Errors: 0, Skipped: 0, Time elapsed: 0.041 s - in org.openmrs.validator.OrderTypeValidatorTest
[INFO] Running org.openmrs.validator.ConceptDatatypeValidatorTest
[INFO] Tests run: 5, Failures: 0, Errors: 0, Skipped: 0, Time elapsed: 0.009 s - in org.openmrs.validator.ConceptDatatypeValidatorTest
[INFO] Running org.openmrs.validator.LocationValidatorTest
[INFO] Tests run: 9, Failures: 0, Errors: 0, Skipped: 0, Time elapsed: 0.021 s - in org.openmrs.validator.LocationValidatorTest
[INFO] Running org.openmrs.validator.UserValidatorTest
[INFO] Tests run: 24, Failures: 0, Errors: 0, Skipped: 0, Time elapsed: 0.089 s - in org.openmrs.validator.UserValidatorTest
[INFO] Running org.openmrs.validator.PatientValidatorTest
[INFO] Tests run: 17, Failures: 0, Errors: 0, Skipped: 0, Time elapsed: 0.064 s - in org.openmrs.validator.PatientValidatorTest
[INFO] Running org.openmrs.validator.PersonNameValidatorTest
[WARNING] Tests run: 59, Failures: 0, Errors: 0, Skipped: 8, Time elapsed: 0.161 s - in org.openmrs.validator.PersonNameValidatorTest
[INFO] Running org.openmrs.validator.RequireNameValidatorTest
[INFO] Tests run: 2, Failures: 0, Errors: 0, Skipped: 0, Time elapsed: 0 s - in org.openmrs.validator.RequireNameValidatorTest
[INFO] Running org.openmrs.order.OrderUtilTest
[INFO] Tests run: 15, Failures: 0, Errors: 0, Skipped: 0, Time elapsed: 0 s - in org.openmrs.order.OrderUtilTest
[INFO] Running org.openmrs.RoleTest
[INFO] Tests run: 8, Failures: 0, Errors: 0, Skipped: 0, Time elapsed: 0 s - in org.openmrs.RoleTest
[INFO] Running org.openmrs.OrderEntryIntegrationTest
[INFO] Tests run: 15, Failures: 0, Errors: 0, Skipped: 0, Time elapsed: 0.448 s - in org.openmrs.OrderEntryIntegrationTest
[INFO] Running org.openmrs.logic.result.ResultTest
[INFO] Tests run: 17, Failures: 0, Errors: 0, Skipped: 0, Time elapsed: 0 s - in org.openmrs.logic.result.ResultTest
[INFO] Running org.openmrs.logic.result.EmptyResultTest
[INFO] Tests run: 2, Failures: 0, Errors: 0, Skipped: 0, Time elapsed: 0 s - in org.openmrs.logic.result.EmptyResultTest
[INFO] Running org.openmrs.CohortTest
[INFO] Tests run: 15, Failures: 0, Errors: 0, Skipped: 0, Time elapsed: 0.127 s - in org.openmrs.CohortTest
[INFO] Running org.openmrs.EncounterRoleTest
[INFO] Tests run: 1, Failures: 0, Errors: 0, Skipped: 0, Time elapsed: 0 s - in org.openmrs.EncounterRoleTest
[INFO] Running org.openmrs.ConceptComponentTest
[INFO] Tests run: 1, Failures: 0, Errors: 0, Skipped: 0, Time elapsed: 0 s - in org.openmrs.ConceptComponentTest
[INFO] Running org.openmrs.api.OpenmrsServiceTest
[WARNING] Tests run: 1, Failures: 0, Errors: 0, Skipped: 1, Time elapsed: 0 s - in org.openmrs.api.OpenmrsServiceTest
[INFO] Running org.openmrs.api.ConceptServiceTest
[WARNING] Tests run: 254, Failures: 0, Errors: 0, Skipped: 1, Time elapsed: 68.012 s - in org.openmrs.api.ConceptServiceTest
[INFO] Running org.openmrs.api.context.ContextWithModuleTest
[INFO] Tests run: 1, Failures: 0, Errors: 0, Skipped: 0, Time elapsed: 0.069 s - in org.openmrs.api.context.ContextWithModuleTest
[INFO] Running org.openmrs.api.context.ContextTest
[INFO] Tests run: 17, Failures: 0, Errors: 0, Skipped: 0, Time elapsed: 0.05 s - in org.openmrs.api.context.ContextTest
[INFO] Running org.openmrs.api.context.DaemonTest
[INFO] Tests run: 10, Failures: 0, Errors: 0, Skipped: 0, Time elapsed: 0.096 s - in org.openmrs.api.context.DaemonTest
[INFO] Running org.openmrs.api.VisitServiceTest
[INFO] Tests run: 68, Failures: 0, Errors: 0, Skipped: 0, Time elapsed: 1.299 s - in org.openmrs.api.VisitServiceTest
[INFO] Running org.openmrs.api.AdministrationServiceUnitTest
[INFO] Tests run: 5, Failures: 0, Errors: 0, Skipped: 0, Time elapsed: 0.028 s - in org.openmrs.api.AdministrationServiceUnitTest
[INFO] Running org.openmrs.api.impl.DiagnosisServiceImplTest
[INFO] Tests run: 31, Failures: 0, Errors: 0, Skipped: 0, Time elapsed: 1.477 s - in org.openmrs.api.impl.DiagnosisServiceImplTest
[INFO] Running org.openmrs.api.impl.PatientServiceImplTest
[INFO] Tests run: 14, Failures: 0, Errors: 0, Skipped: 0, Time elapsed: 0.184 s - in org.openmrs.api.impl.PatientServiceImplTest
[INFO] Running org.openmrs.api.impl.SerializationServiceImplTest
[INFO] Tests run: 1, Failures: 0, Errors: 0, Skipped: 0, Time elapsed: 0 s - in org.openmrs.api.impl.SerializationServiceImplTest
[INFO] Running org.openmrs.api.impl.GlobalLocaleListTest
[INFO] Tests run: 2, Failures: 0, Errors: 0, Skipped: 0, Time elapsed: 0 s - in org.openmrs.api.impl.GlobalLocaleListTest
[INFO] Running org.openmrs.api.impl.ConditionServiceImplTest
[INFO] Tests run: 18, Failures: 0, Errors: 0, Skipped: 0, Time elapsed: 0.323 s - in org.openmrs.api.impl.ConditionServiceImplTest
[INFO] Running org.openmrs.api.impl.ConceptServiceImplTest
[INFO] Tests run: 63, Failures: 0, Errors: 0, Skipped: 0, Time elapsed: 0.228 s - in org.openmrs.api.impl.ConceptServiceImplTest
[INFO] Running org.openmrs.api.EncounterServiceTest
[WARNING] Tests run: 146, Failures: 0, Errors: 0, Skipped: 2, Time elapsed: 19.72 s - in org.openmrs.api.EncounterServiceTest
[INFO] Running org.openmrs.api.ProgramWorkflowServiceUnitTest
[INFO] Tests run: 12, Failures: 0, Errors: 0, Skipped: 0, Time elapsed: 0.005 s - in org.openmrs.api.ProgramWorkflowServiceUnitTest
[INFO] Running org.openmrs.api.PatientServiceAllergyTest
[INFO] Tests run: 16, Failures: 0, Errors: 0, Skipped: 0, Time elapsed: 0.697 s - in org.openmrs.api.PatientServiceAllergyTest
[INFO] Running org.openmrs.api.ObsServiceTest
[INFO] Tests run: 80, Failures: 0, Errors: 0, Skipped: 0, Time elapsed: 1.953 s - in org.openmrs.api.ObsServiceTest
[INFO] Running org.openmrs.api.LocationServiceTest
[INFO] Tests run: 70, Failures: 0, Errors: 0, Skipped: 0, Time elapsed: 3.669 s - in org.openmrs.api.LocationServiceTest
[INFO] Running org.openmrs.api.cache.OpenmrsCacheManagerFactoryBeanTest
[INFO] Tests run: 1, Failures: 0, Errors: 0, Skipped: 0, Time elapsed: 0 s - in org.openmrs.api.cache.OpenmrsCacheManagerFactoryBeanTest
[INFO] Running org.openmrs.api.cache.CachePropertiesUtilTest
[INFO] Tests run: 1, Failures: 0, Errors: 0, Skipped: 0, Time elapsed: 0 s - in org.openmrs.api.cache.CachePropertiesUtilTest
[INFO] Running org.openmrs.api.PatientServiceTest
[WARNING] Tests run: 170, Failures: 0, Errors: 0, Skipped: 1, Time elapsed: 40.181 s - in org.openmrs.api.PatientServiceTest
[INFO] Running org.openmrs.api.OrderSetServiceTest
[INFO] Tests run: 21, Failures: 0, Errors: 0, Skipped: 0, Time elapsed: 0.766 s - in org.openmrs.api.OrderSetServiceTest
[INFO] Running org.openmrs.api.handler.PatientDataUnvoidHandlerTest
[INFO] Tests run: 3, Failures: 0, Errors: 0, Skipped: 0, Time elapsed: 2.105 s - in org.openmrs.api.handler.PatientDataUnvoidHandlerTest
[INFO] Running org.openmrs.api.handler.ConceptNameSaveHandlerTest
[INFO] Tests run: 4, Failures: 0, Errors: 0, Skipped: 0, Time elapsed: 0.007 s - in org.openmrs.api.handler.ConceptNameSaveHandlerTest
[INFO] Running org.openmrs.api.handler.BaseUnretireHandlerTest
[INFO] Tests run: 6, Failures: 0, Errors: 0, Skipped: 0, Time elapsed: 0.001 s - in org.openmrs.api.handler.BaseUnretireHandlerTest
[INFO] Running org.openmrs.api.handler.PersonSaveHandlerTest
[INFO] Tests run: 1, Failures: 0, Errors: 0, Skipped: 0, Time elapsed: 0 s - in org.openmrs.api.handler.PersonSaveHandlerTest
[INFO] Running org.openmrs.api.handler.RequiredReasonVoidSaveHandlerTest
[INFO] Tests run: 5, Failures: 0, Errors: 0, Skipped: 0, Time elapsed: 0.021 s - in org.openmrs.api.handler.RequiredReasonVoidSaveHandlerTest
[INFO] Running org.openmrs.api.handler.ExistingOrNewVisitAssignmentHandlerTest
[INFO] Tests run: 5, Failures: 0, Errors: 0, Skipped: 0, Time elapsed: 0.674 s - in org.openmrs.api.handler.ExistingOrNewVisitAssignmentHandlerTest
[INFO] Running org.openmrs.api.handler.BaseRetireHandlerTest
[INFO] Tests run: 8, Failures: 0, Errors: 0, Skipped: 0, Time elapsed: 0 s - in org.openmrs.api.handler.BaseRetireHandlerTest
[INFO] Running org.openmrs.api.handler.BaseVoidHandlerTest
[INFO] Tests run: 8, Failures: 0, Errors: 0, Skipped: 0, Time elapsed: 0.001 s - in org.openmrs.api.handler.BaseVoidHandlerTest
[INFO] Running org.openmrs.api.handler.ExistingVisitAssignmentHandlerTest
[INFO] Tests run: 3, Failures: 0, Errors: 0, Skipped: 0, Time elapsed: 0.369 s - in org.openmrs.api.handler.ExistingVisitAssignmentHandlerTest
[INFO] Running org.openmrs.api.handler.OpenmrsObjectSaveHandlerTest
[INFO] Tests run: 5, Failures: 0, Errors: 0, Skipped: 0, Time elapsed: 0 s - in org.openmrs.api.handler.OpenmrsObjectSaveHandlerTest
[INFO] Running org.openmrs.api.handler.OpenmrsMetadataSaveHandlerTest
[INFO] Tests run: 2, Failures: 0, Errors: 0, Skipped: 0, Time elapsed: 0.001 s - in org.openmrs.api.handler.OpenmrsMetadataSaveHandlerTest
[INFO] Running org.openmrs.api.handler.BaseUnvoidHandlerTest
[INFO] Tests run: 6, Failures: 0, Errors: 0, Skipped: 0, Time elapsed: 0 s - in org.openmrs.api.handler.BaseUnvoidHandlerTest
[INFO] Running org.openmrs.api.handler.PersonVoidHandlerTest
[INFO] Tests run: 8, Failures: 0, Errors: 0, Skipped: 0, Time elapsed: 0.014 s - in org.openmrs.api.handler.PersonVoidHandlerTest
[INFO] Running org.openmrs.api.handler.RequireVoidReasonVoidHandlerTest
[INFO] Tests run: 5, Failures: 0, Errors: 0, Skipped: 0, Time elapsed: 0.013 s - in org.openmrs.api.handler.RequireVoidReasonVoidHandlerTest
[INFO] Running org.openmrs.api.handler.PersonUnvoidHandlerTest
[INFO] Tests run: 6, Failures: 0, Errors: 0, Skipped: 0, Time elapsed: 0 s - in org.openmrs.api.handler.PersonUnvoidHandlerTest
[INFO] Running org.openmrs.api.handler.PatientDataVoidHandlerTest
[INFO] Tests run: 2, Failures: 0, Errors: 0, Skipped: 0, Time elapsed: 0.047 s - in org.openmrs.api.handler.PatientDataVoidHandlerTest
[INFO] Running org.openmrs.api.ProviderServiceTest
[INFO] Tests run: 40, Failures: 0, Errors: 0, Skipped: 0, Time elapsed: 1.565 s - in org.openmrs.api.ProviderServiceTest
[INFO] Running org.openmrs.api.PersonServiceTest
[INFO] Tests run: 148, Failures: 0, Errors: 0, Skipped: 0, Time elapsed: 3.35 s - in org.openmrs.api.PersonServiceTest
[INFO] Running org.openmrs.api.ProgramWorkflowServiceTest
[INFO] Tests run: 65, Failures: 0, Errors: 0, Skipped: 0, Time elapsed: 4.515 s - in org.openmrs.api.ProgramWorkflowServiceTest
[INFO] Running org.openmrs.api.CohortServiceTest
[INFO] Tests run: 39, Failures: 0, Errors: 0, Skipped: 0, Time elapsed: 1.789 s - in org.openmrs.api.CohortServiceTest
[INFO] Running org.openmrs.api.UserServiceTest
[ERROR] Tests run: 113, Failures: 4, Errors: 0, Skipped: 2, Time elapsed: 3.556 s <<< FAILURE! - in org.openmrs.api.UserServiceTest
[ERROR] getUsers_shouldNotFailIfRolesAreSearchedButNameIsEmpty  Time elapsed: 0.01 s  <<< FAILURE!
org.opentest4j.AssertionFailedError: expected: <2> but was: <3>
	at org.openmrs.api.UserServiceTest.getUsers_shouldNotFailIfRolesAreSearchedButNameIsEmpty(UserServiceTest.java:1252)

[ERROR] getUsers_shouldFetchAllUsersIfNameSearchIsEmptyOrNull  Time elapsed: 0.004 s  <<< FAILURE!
org.opentest4j.AssertionFailedError: expected: <3> but was: <4>
	at org.openmrs.api.UserServiceTest.getUsers_shouldFetchAllUsersIfNameSearchIsEmptyOrNull(UserServiceTest.java:811)

[ERROR] getAllUsers_shouldFetchAllUsersInTheSystem  Time elapsed: 0.004 s  <<< FAILURE!
org.opentest4j.AssertionFailedError: expected: <3> but was: <4>
	at org.openmrs.api.UserServiceTest.getAllUsers_shouldFetchAllUsersInTheSystem(UserServiceTest.java:661)

[ERROR] createUser_shouldShouldCreateUserWhoIsPatientAlready  Time elapsed: 0.081 s  <<< FAILURE!
org.opentest4j.AssertionFailedError: expected: <12> but was: <13>
	at org.openmrs.api.UserServiceTest.createUser_shouldShouldCreateUserWhoIsPatientAlready(UserServiceTest.java:166)

[INFO] Running org.openmrs.api.FormServiceTest
[INFO] Tests run: 48, Failures: 0, Errors: 0, Skipped: 0, Time elapsed: 0.408 s - in org.openmrs.api.FormServiceTest
[INFO] Running org.openmrs.api.AdministrationServiceTest
[WARNING] Tests run: 57, Failures: 0, Errors: 0, Skipped: 4, Time elapsed: 0.361 s - in org.openmrs.api.AdministrationServiceTest
[INFO] Running org.openmrs.api.db.ConceptDAOTest
[WARNING] Tests run: 13, Failures: 0, Errors: 0, Skipped: 2, Time elapsed: 0.231 s - in org.openmrs.api.db.ConceptDAOTest
[INFO] Running org.openmrs.api.db.EncounterDAOTest
[INFO] Tests run: 4, Failures: 0, Errors: 0, Skipped: 0, Time elapsed: 0.269 s - in org.openmrs.api.db.EncounterDAOTest
[INFO] Running org.openmrs.api.db.PersonDAOTest
[INFO] Tests run: 4, Failures: 0, Errors: 0, Skipped: 0, Time elapsed: 0.008 s - in org.openmrs.api.db.PersonDAOTest
[INFO] Running org.openmrs.api.db.ContextDAOTest
[INFO] Tests run: 24, Failures: 0, Errors: 0, Skipped: 0, Time elapsed: 0.426 s - in org.openmrs.api.db.ContextDAOTest
[INFO] Running org.openmrs.api.db.PatientDAOTest
[WARNING] Tests run: 159, Failures: 0, Errors: 0, Skipped: 1, Time elapsed: 51.988 s - in org.openmrs.api.db.PatientDAOTest
[INFO] Running org.openmrs.api.db.hibernate.HibernateLocationDAOTest
[INFO] Tests run: 3, Failures: 0, Errors: 0, Skipped: 0, Time elapsed: 0.163 s - in org.openmrs.api.db.hibernate.HibernateLocationDAOTest
[INFO] Running org.openmrs.api.db.hibernate.HibernateFormDAOTest
[INFO] Tests run: 1, Failures: 0, Errors: 0, Skipped: 0, Time elapsed: 0.021 s - in org.openmrs.api.db.hibernate.HibernateFormDAOTest
[INFO] Running org.openmrs.api.db.hibernate.HibernateDiagnosisDAOTest
[INFO] Tests run: 13, Failures: 0, Errors: 0, Skipped: 0, Time elapsed: 0.288 s - in org.openmrs.api.db.hibernate.HibernateDiagnosisDAOTest
[INFO] Running org.openmrs.api.db.hibernate.DropMillisecondsHibernateInterceptorTest
[INFO] Tests run: 4, Failures: 0, Errors: 0, Skipped: 0, Time elapsed: 0.008 s - in org.openmrs.api.db.hibernate.DropMillisecondsHibernateInterceptorTest
[INFO] Running org.openmrs.api.db.hibernate.AuditableInterceptorTest
[INFO] Tests run: 15, Failures: 0, Errors: 0, Skipped: 0, Time elapsed: 0.05 s - in org.openmrs.api.db.hibernate.AuditableInterceptorTest
[INFO] Running org.openmrs.api.db.hibernate.HibernateOrderDAOTest
[INFO] Tests run: 13, Failures: 0, Errors: 0, Skipped: 0, Time elapsed: 0.877 s - in org.openmrs.api.db.hibernate.HibernateOrderDAOTest
[INFO] Running org.openmrs.api.db.hibernate.PersonAttributeHelperTest
[INFO] Tests run: 5, Failures: 0, Errors: 0, Skipped: 0, Time elapsed: 0.128 s - in org.openmrs.api.db.hibernate.PersonAttributeHelperTest
[INFO] Running org.openmrs.api.db.hibernate.PatientSearchCriteriaTest
[INFO] Tests run: 18, Failures: 0, Errors: 0, Skipped: 0, Time elapsed: 0.032 s - in org.openmrs.api.db.hibernate.PatientSearchCriteriaTest
[INFO] Running org.openmrs.api.db.hibernate.HibernateAdministrationDAOTest
[INFO] Tests run: 4, Failures: 0, Errors: 0, Skipped: 0, Time elapsed: 0.006 s - in org.openmrs.api.db.hibernate.HibernateAdministrationDAOTest
[INFO] Running org.openmrs.api.db.hibernate.HibernateConditionDAOTest
[INFO] Tests run: 6, Failures: 0, Errors: 0, Skipped: 0, Time elapsed: 1.472 s - in org.openmrs.api.db.hibernate.HibernateConditionDAOTest
[INFO] Running org.openmrs.api.db.hibernate.HibernateMedicationDispenseDAOTest
[INFO] Tests run: 9, Failures: 0, Errors: 0, Skipped: 0, Time elapsed: 2.179 s - in org.openmrs.api.db.hibernate.HibernateMedicationDispenseDAOTest
[INFO] Running org.openmrs.api.db.hibernate.ProviderDAOTest
[INFO] Tests run: 3, Failures: 0, Errors: 0, Skipped: 0, Time elapsed: 0.093 s - in org.openmrs.api.db.hibernate.ProviderDAOTest
[INFO] Running org.openmrs.api.db.hibernate.HibernateProviderDAOTest
[INFO] Tests run: 3, Failures: 0, Errors: 0, Skipped: 0, Time elapsed: 0.083 s - in org.openmrs.api.db.hibernate.HibernateProviderDAOTest
[INFO] Running org.openmrs.api.db.hibernate.HibernatePatientDAOTest
[INFO] Tests run: 10, Failures: 0, Errors: 0, Skipped: 0, Time elapsed: 1.947 s - in org.openmrs.api.db.hibernate.HibernatePatientDAOTest
[INFO] Running org.openmrs.api.db.hibernate.HibernatePersonDAOTest
[INFO] Tests run: 41, Failures: 0, Errors: 0, Skipped: 0, Time elapsed: 9.798 s - in org.openmrs.api.db.hibernate.HibernatePersonDAOTest
[INFO] Running org.openmrs.api.db.hibernate.HibernateConceptDAOTest
[INFO] Tests run: 11, Failures: 0, Errors: 0, Skipped: 0, Time elapsed: 2.978 s - in org.openmrs.api.db.hibernate.HibernateConceptDAOTest
[INFO] Running org.openmrs.api.db.hibernate.HibernateObsDAOTest
[INFO] Tests run: 1, Failures: 0, Errors: 0, Skipped: 0, Time elapsed: 0.007 s - in org.openmrs.api.db.hibernate.HibernateObsDAOTest
[INFO] Running org.openmrs.api.db.hibernate.ImmutableEntityInterceptorTest
[INFO] Tests run: 4, Failures: 0, Errors: 0, Skipped: 0, Time elapsed: 0.01 s - in org.openmrs.api.db.hibernate.ImmutableEntityInterceptorTest
[INFO] Running org.openmrs.api.db.SerializedObjectDAOTest
[WARNING] Tests run: 1, Failures: 0, Errors: 0, Skipped: 1, Time elapsed: 0 s - in org.openmrs.api.db.SerializedObjectDAOTest
[INFO] Running org.openmrs.api.db.UserDAOTest
[INFO] Tests run: 8, Failures: 0, Errors: 0, Skipped: 0, Time elapsed: 0.017 s - in org.openmrs.api.db.UserDAOTest
[INFO] Running org.openmrs.api.db.ProgramWorkflowDAOTest
[INFO] Tests run: 5, Failures: 0, Errors: 0, Skipped: 0, Time elapsed: 0.008 s - in org.openmrs.api.db.ProgramWorkflowDAOTest
[INFO] Running org.openmrs.api.db.VisitDAOTest
[INFO] Tests run: 3, Failures: 0, Errors: 0, Skipped: 0, Time elapsed: 0.201 s - in org.openmrs.api.db.VisitDAOTest
[INFO] Running org.openmrs.api.DatatypeServiceTest
[INFO] Tests run: 2, Failures: 0, Errors: 0, Skipped: 0, Time elapsed: 0.002 s - in org.openmrs.api.DatatypeServiceTest
[INFO] Running org.openmrs.api.OrderServiceTest
[WARNING] Tests run: 215, Failures: 0, Errors: 0, Skipped: 3, Time elapsed: 9.138 s - in org.openmrs.api.OrderServiceTest
[INFO] Running org.openmrs.api.MedicationDispenseServiceTest
[INFO] Tests run: 14, Failures: 0, Errors: 0, Skipped: 0, Time elapsed: 3.404 s - in org.openmrs.api.MedicationDispenseServiceTest
[INFO] Running org.openmrs.DrugOrderTest
[INFO] Tests run: 22, Failures: 0, Errors: 0, Skipped: 0, Time elapsed: 0.074 s - in org.openmrs.DrugOrderTest
[INFO] Running org.openmrs.aop.AuthorizationAdviceTest
[INFO] Tests run: 2, Failures: 0, Errors: 0, Skipped: 0, Time elapsed: 0.006 s - in org.openmrs.aop.AuthorizationAdviceTest
[INFO] Running org.openmrs.aop.RequiredDataAdviceTest
[INFO] Tests run: 26, Failures: 0, Errors: 0, Skipped: 0, Time elapsed: 0.081 s - in org.openmrs.aop.RequiredDataAdviceTest
[INFO] Running org.openmrs.ProviderTest
[INFO] Tests run: 2, Failures: 0, Errors: 0, Skipped: 0, Time elapsed: 0 s - in org.openmrs.ProviderTest
[INFO] Running org.openmrs.util.JavaVersionTest
[INFO] Tests run: 1, Failures: 0, Errors: 0, Skipped: 0, Time elapsed: 0 s - in org.openmrs.util.JavaVersionTest
[INFO] Running org.openmrs.util.HttpClientTest
[INFO] Tests run: 1, Failures: 0, Errors: 0, Skipped: 0, Time elapsed: 0.02 s - in org.openmrs.util.HttpClientTest
[INFO] Running org.openmrs.util.NaturalStringsTest
[INFO] Tests run: 40, Failures: 0, Errors: 0, Skipped: 0, Time elapsed: 0.001 s - in org.openmrs.util.NaturalStringsTest
[INFO] Running org.openmrs.util.ExceptionUtilTest
[INFO] Tests run: 1, Failures: 0, Errors: 0, Skipped: 0, Time elapsed: 0 s - in org.openmrs.util.ExceptionUtilTest
[INFO] Running org.openmrs.util.DatabaseUpdaterTest
[INFO] Tests run: 6, Failures: 0, Errors: 0, Skipped: 0, Time elapsed: 3.954 s - in org.openmrs.util.DatabaseUpdaterTest
[INFO] Running org.openmrs.util.OpenmrsUtilUnitTest
[INFO] Tests run: 49, Failures: 0, Errors: 0, Skipped: 0, Time elapsed: 0.003 s - in org.openmrs.util.OpenmrsUtilUnitTest
[INFO] Running org.openmrs.util.ProviderByPersonNameComparatorTest
[INFO] Tests run: 6, Failures: 0, Errors: 0, Skipped: 0, Time elapsed: 0 s - in org.openmrs.util.ProviderByPersonNameComparatorTest
[INFO] Running org.openmrs.util.GraphTest
[INFO] Tests run: 2, Failures: 0, Errors: 0, Skipped: 0, Time elapsed: 0 s - in org.openmrs.util.GraphTest
[INFO] Running org.openmrs.util.OpenmrsUtilTest
[INFO] Tests run: 58, Failures: 0, Errors: 0, Skipped: 0, Time elapsed: 2.535 s - in org.openmrs.util.OpenmrsUtilTest
[INFO] Running org.openmrs.util.FormatTest
[INFO] Tests run: 8, Failures: 0, Errors: 0, Skipped: 0, Time elapsed: 0 s - in org.openmrs.util.FormatTest
[INFO] Running org.openmrs.util.DoubleRangeTest
[INFO] Tests run: 28, Failures: 0, Errors: 0, Skipped: 0, Time elapsed: 0.001 s - in org.openmrs.util.DoubleRangeTest
[INFO] Running org.openmrs.util.DrugsByNameComparatorTest
[INFO] Tests run: 4, Failures: 0, Errors: 0, Skipped: 0, Time elapsed: 0 s - in org.openmrs.util.DrugsByNameComparatorTest
[INFO] Running org.openmrs.util.PersonByNameComparatorTest
[INFO] Tests run: 4, Failures: 0, Errors: 0, Skipped: 0, Time elapsed: 0 s - in org.openmrs.util.PersonByNameComparatorTest
[INFO] Running org.openmrs.util.LocationUtilityTest
[INFO] Tests run: 2, Failures: 0, Errors: 0, Skipped: 0, Time elapsed: 0 s - in org.openmrs.util.LocationUtilityTest
[INFO] Running org.openmrs.util.HttpUrlTest
[INFO] Tests run: 6, Failures: 0, Errors: 0, Skipped: 0, Time elapsed: 0 s - in org.openmrs.util.HttpUrlTest
[INFO] Running org.openmrs.util.ConfigUtilTest
[INFO] Tests run: 11, Failures: 0, Errors: 0, Skipped: 0, Time elapsed: 0.039 s - in org.openmrs.util.ConfigUtilTest
[INFO] Running org.openmrs.util.OpenmrsSecurityManagerTest
[INFO] Tests run: 2, Failures: 0, Errors: 0, Skipped: 0, Time elapsed: 0 s - in org.openmrs.util.OpenmrsSecurityManagerTest
[INFO] Running org.openmrs.util.databasechange.ClassLoaderFileOpenerTest
[INFO] Tests run: 3, Failures: 0, Errors: 0, Skipped: 0, Time elapsed: 0.013 s - in org.openmrs.util.databasechange.ClassLoaderFileOpenerTest
[INFO] Running org.openmrs.util.DateUtilTest
[INFO] Tests run: 1, Failures: 0, Errors: 0, Skipped: 0, Time elapsed: 0 s - in org.openmrs.util.DateUtilTest
[INFO] Running org.openmrs.util.SecurityTest
[INFO] Tests run: 7, Failures: 0, Errors: 0, Skipped: 0, Time elapsed: 0.03 s - in org.openmrs.util.SecurityTest
[INFO] Running org.openmrs.util.HandlerUtilTest
[INFO] Tests run: 6, Failures: 0, Errors: 0, Skipped: 0, Time elapsed: 0.01 s - in org.openmrs.util.HandlerUtilTest
[INFO] Running org.openmrs.util.UpgradeUtilTest
[INFO] Tests run: 2, Failures: 0, Errors: 0, Skipped: 0, Time elapsed: 0.005 s - in org.openmrs.util.UpgradeUtilTest
[INFO] Running org.openmrs.util.UserByNameComparatorTest
[INFO] Tests run: 1, Failures: 0, Errors: 0, Skipped: 0, Time elapsed: 0 s - in org.openmrs.util.UserByNameComparatorTest
[INFO] Running org.openmrs.util.ReflectTest
[INFO] Tests run: 18, Failures: 0, Errors: 0, Skipped: 0, Time elapsed: 0.001 s - in org.openmrs.util.ReflectTest
[INFO] Running org.openmrs.util.LocaleUtilityTest
[INFO] Tests run: 21, Failures: 0, Errors: 0, Skipped: 0, Time elapsed: 0.048 s - in org.openmrs.util.LocaleUtilityTest
[INFO] Running org.openmrs.ConceptReferenceTermTest
[INFO] Tests run: 3, Failures: 0, Errors: 0, Skipped: 0, Time elapsed: 0 s - in org.openmrs.ConceptReferenceTermTest
[INFO] Running org.openmrs.AllergiesTest
[INFO] Tests run: 26, Failures: 0, Errors: 0, Skipped: 0, Time elapsed: 0.506 s - in org.openmrs.AllergiesTest
[INFO] Running org.openmrs.UserTest
[INFO] Tests run: 9, Failures: 0, Errors: 0, Skipped: 0, Time elapsed: 0 s - in org.openmrs.UserTest
[INFO] Running org.openmrs.EncounterTest
[INFO] Tests run: 66, Failures: 0, Errors: 0, Skipped: 0, Time elapsed: 0.064 s - in org.openmrs.EncounterTest
[INFO] Running org.openmrs.EncounterTypeTest
[INFO] Tests run: 1, Failures: 0, Errors: 0, Skipped: 0, Time elapsed: 0 s - in org.openmrs.EncounterTypeTest
[INFO] Running org.openmrs.TestOrderTest
[INFO] Tests run: 4, Failures: 0, Errors: 0, Skipped: 0, Time elapsed: 0 s - in org.openmrs.TestOrderTest
[INFO] Running org.openmrs.BaseFormRecordableOpenmrsDataTest
[INFO] Tests run: 10, Failures: 0, Errors: 0, Skipped: 0, Time elapsed: 0 s - in org.openmrs.BaseFormRecordableOpenmrsDataTest
[INFO] Running org.openmrs.OpenmrsTestsTest
[INFO] Tests run: 5, Failures: 0, Errors: 0, Skipped: 0, Time elapsed: 0.057 s - in org.openmrs.OpenmrsTestsTest
[INFO] Running org.openmrs.ConceptTest
[INFO] Tests run: 73, Failures: 0, Errors: 0, Skipped: 0, Time elapsed: 0.196 s - in org.openmrs.ConceptTest
[INFO] Running org.openmrs.PersonAddressTest
[INFO] Tests run: 15, Failures: 0, Errors: 0, Skipped: 0, Time elapsed: 0 s - in org.openmrs.PersonAddressTest
[INFO] Running org.openmrs.test.matchers.HasFieldErrorsTest
[INFO] Tests run: 13, Failures: 0, Errors: 0, Skipped: 0, Time elapsed: 0 s - in org.openmrs.test.matchers.HasFieldErrorsTest
[INFO] Running org.openmrs.test.matchers.HasGlobalErrorsTest
[INFO] Tests run: 7, Failures: 0, Errors: 0, Skipped: 0, Time elapsed: 0 s - in org.openmrs.test.matchers.HasGlobalErrorsTest
[INFO] Running org.openmrs.OpenmrsTestAnnotationsTest
[INFO] Tests run: 2, Failures: 0, Errors: 0, Skipped: 0, Time elapsed: 0.18 s - in org.openmrs.OpenmrsTestAnnotationsTest
[INFO] Running org.openmrs.CohortMembershipTest
[INFO] Tests run: 21, Failures: 0, Errors: 0, Skipped: 0, Time elapsed: 0.005 s - in org.openmrs.CohortMembershipTest
[INFO] Running org.openmrs.ObsTest
[INFO] Tests run: 48, Failures: 0, Errors: 0, Skipped: 0, Time elapsed: 0.011 s - in org.openmrs.ObsTest
[INFO] Running org.openmrs.customdatatype.CustomDatatypeUtilTest
[INFO] Tests run: 1, Failures: 0, Errors: 0, Skipped: 0, Time elapsed: 0.694 s - in org.openmrs.customdatatype.CustomDatatypeUtilTest
[INFO] Running org.openmrs.customdatatype.datatype.DateDatatypeTest
[INFO] Tests run: 2, Failures: 0, Errors: 0, Skipped: 0, Time elapsed: 0.001 s - in org.openmrs.customdatatype.datatype.DateDatatypeTest
[INFO] Running org.openmrs.customdatatype.datatype.BaseMetadataDatatypeTest
[INFO] Tests run: 1, Failures: 0, Errors: 0, Skipped: 0, Time elapsed: 0 s - in org.openmrs.customdatatype.datatype.BaseMetadataDatatypeTest
[INFO] Running org.openmrs.customdatatype.datatype.RegexValidatedTextTest
[INFO] Tests run: 3, Failures: 0, Errors: 0, Skipped: 0, Time elapsed: 0 s - in org.openmrs.customdatatype.datatype.RegexValidatedTextTest
[INFO] Running org.openmrs.customdatatype.datatype.BaseOpenmrsDatatypeTest
[INFO] Tests run: 1, Failures: 0, Errors: 0, Skipped: 0, Time elapsed: 0 s - in org.openmrs.customdatatype.datatype.BaseOpenmrsDatatypeTest
[INFO] Running org.openmrs.hl7.HL7UtilTest
[INFO] Tests run: 5, Failures: 0, Errors: 0, Skipped: 0, Time elapsed: 0 s - in org.openmrs.hl7.HL7UtilTest
[INFO] Running org.openmrs.hl7.handler.ORUR01HandlerTest
[INFO] Tests run: 39, Failures: 0, Errors: 0, Skipped: 0, Time elapsed: 4.343 s - in org.openmrs.hl7.handler.ORUR01HandlerTest
[INFO] Running org.openmrs.hl7.HL7ServiceTest
[WARNING] Tests run: 29, Failures: 0, Errors: 0, Skipped: 2, Time elapsed: 1.478 s - in org.openmrs.hl7.HL7ServiceTest
[INFO] Running org.openmrs.ConceptNumericTest
[INFO] Tests run: 8, Failures: 0, Errors: 0, Skipped: 0, Time elapsed: 0.017 s - in org.openmrs.ConceptNumericTest
[INFO] Running org.openmrs.layout.name.NameTemplateTest
[INFO] Tests run: 2, Failures: 0, Errors: 0, Skipped: 0, Time elapsed: 0.002 s - in org.openmrs.layout.name.NameTemplateTest
[INFO] Running org.openmrs.module.ModuleActivatorTest
[INFO] Tests run: 11, Failures: 0, Errors: 0, Skipped: 0, Time elapsed: 0.86 s - in org.openmrs.module.ModuleActivatorTest
[INFO] Running org.openmrs.module.ModuleFileParserTest
[INFO] Tests run: 6, Failures: 0, Errors: 0, Skipped: 0, Time elapsed: 0.037 s - in org.openmrs.module.ModuleFileParserTest
[INFO] Running org.openmrs.module.ModuleUtilTest
[INFO] Tests run: 56, Failures: 0, Errors: 0, Skipped: 0, Time elapsed: 0.138 s - in org.openmrs.module.ModuleUtilTest
[INFO] Running org.openmrs.module.ModuleClassLoaderTest
[INFO] Tests run: 10, Failures: 0, Errors: 0, Skipped: 0, Time elapsed: 0.014 s - in org.openmrs.module.ModuleClassLoaderTest
[INFO] Running org.openmrs.module.ModuleFactoryTest
[INFO] Tests run: 9, Failures: 0, Errors: 0, Skipped: 0, Time elapsed: 0.217 s - in org.openmrs.module.ModuleFactoryTest
[INFO] Running org.openmrs.module.ModuleFileParserUnitTest
[Fatal Error] :1:67: XML document structures must start and end within the same entity.
[Fatal Error] :-1:-1: Premature end of file.
[INFO] Tests run: 73, Failures: 0, Errors: 0, Skipped: 0, Time elapsed: 0.179 s - in org.openmrs.module.ModuleFileParserUnitTest
[INFO] Running org.openmrs.module.VersionComparatorTest
[INFO] Tests run: 1, Failures: 0, Errors: 0, Skipped: 0, Time elapsed: 0 s - in org.openmrs.module.VersionComparatorTest
[INFO] Running org.openmrs.module.ModuleExtensionsTest
[INFO] Tests run: 10, Failures: 0, Errors: 0, Skipped: 0, Time elapsed: 0.003 s - in org.openmrs.module.ModuleExtensionsTest
[INFO] Running org.openmrs.module.UpdateFileParserTest
[INFO] Tests run: 3, Failures: 0, Errors: 0, Skipped: 0, Time elapsed: 0.001 s - in org.openmrs.module.UpdateFileParserTest
[INFO] Running org.openmrs.module.ModuleTest
[INFO] Tests run: 9, Failures: 0, Errors: 0, Skipped: 0, Time elapsed: 0 s - in org.openmrs.module.ModuleTest
[INFO] Running org.openmrs.module.ModuleInteroperabilityTest
[INFO] Tests run: 1, Failures: 0, Errors: 0, Skipped: 0, Time elapsed: 0.431 s - in org.openmrs.module.ModuleInteroperabilityTest
[INFO] Running org.openmrs.logging.MemoryAppenderTest
[INFO] Tests run: 3, Failures: 0, Errors: 0, Skipped: 0, Time elapsed: 0.002 s - in org.openmrs.logging.MemoryAppenderTest
[INFO] Running org.openmrs.logging.Log4JCompatibilityTest
[INFO] Tests run: 1, Failures: 0, Errors: 0, Skipped: 0, Time elapsed: 0 s - in org.openmrs.logging.Log4JCompatibilityTest
[INFO] Running org.openmrs.SimpleDosingInstructionsTest
[INFO] Tests run: 10, Failures: 0, Errors: 0, Skipped: 0, Time elapsed: 0.939 s - in org.openmrs.SimpleDosingInstructionsTest
[INFO] Running org.openmrs.annotation.StartModuleAnnotationReuseTest
[INFO] Tests run: 1, Failures: 0, Errors: 0, Skipped: 0, Time elapsed: 0.978 s - in org.openmrs.annotation.StartModuleAnnotationReuseTest
[INFO] Running org.openmrs.annotation.OpenmrsProfileExcludeFilterTest
[WARNING] Tests run: 8, Failures: 0, Errors: 0, Skipped: 2, Time elapsed: 0.86 s - in org.openmrs.annotation.OpenmrsProfileExcludeFilterTest
[INFO] Running org.openmrs.annotation.OpenmrsProfileExcludeFilterWithModulesTest
[INFO] Tests run: 1, Failures: 0, Errors: 0, Skipped: 0, Time elapsed: 0.936 s - in org.openmrs.annotation.OpenmrsProfileExcludeFilterWithModulesTest
[INFO] Running org.openmrs.annotation.StartModuleAnnotationTest
[INFO] Tests run: 1, Failures: 0, Errors: 0, Skipped: 0, Time elapsed: 1.046 s - in org.openmrs.annotation.StartModuleAnnotationTest
[INFO] Running org.openmrs.annotation.OpenmrsProfileIncludeFilterTest
[INFO] Tests run: 2, Failures: 0, Errors: 0, Skipped: 0, Time elapsed: 0.825 s - in org.openmrs.annotation.OpenmrsProfileIncludeFilterTest
[INFO] Running org.openmrs.PatientStateTest
[INFO] Tests run: 13, Failures: 0, Errors: 0, Skipped: 0, Time elapsed: 0.001 s - in org.openmrs.PatientStateTest
[INFO] Running org.openmrs.PersonTest
[INFO] Tests run: 36, Failures: 0, Errors: 0, Skipped: 0, Time elapsed: 0.91 s - in org.openmrs.PersonTest
[INFO] Running org.openmrs.patient.impl.VerhoeffIdentifierValidatorTest
[INFO] Tests run: 8, Failures: 0, Errors: 0, Skipped: 0, Time elapsed: 0.008 s - in org.openmrs.patient.impl.VerhoeffIdentifierValidatorTest
[INFO] Running org.openmrs.patient.impl.LuhnIdentifierValidatorTest
[INFO] Tests run: 3, Failures: 0, Errors: 0, Skipped: 0, Time elapsed: 0.001 s - in org.openmrs.patient.impl.LuhnIdentifierValidatorTest
[INFO] Running org.openmrs.notification.MessageTest
[INFO] Tests run: 4, Failures: 0, Errors: 0, Skipped: 0, Time elapsed: 0 s - in org.openmrs.notification.MessageTest
[INFO] Running org.openmrs.notification.db.hibernate.HibernateAlertDAOTest
[INFO] Tests run: 5, Failures: 0, Errors: 0, Skipped: 0, Time elapsed: 1.146 s - in org.openmrs.notification.db.hibernate.HibernateAlertDAOTest
[INFO] Running org.openmrs.notification.AlertServiceTest
[INFO] Tests run: 3, Failures: 0, Errors: 0, Skipped: 0, Time elapsed: 0.904 s - in org.openmrs.notification.AlertServiceTest
[INFO] Running org.openmrs.LocationTest
[INFO] Tests run: 3, Failures: 0, Errors: 0, Skipped: 0, Time elapsed: 0 s - in org.openmrs.LocationTest
[INFO] Running org.openmrs.serialization.JavaSerializationTest
[INFO] Tests run: 2, Failures: 0, Errors: 0, Skipped: 0, Time elapsed: 0.016 s - in org.openmrs.serialization.JavaSerializationTest
[INFO] Running org.openmrs.serialization.SimpleXStreamSerializerTest
Security framework of XStream not explicitly initialized, using predefined black list on your own risk.
Security framework of XStream not explicitly initialized, using predefined black list on your own risk.
Security framework of XStream not explicitly initialized, using predefined black list on your own risk.
[INFO] Tests run: 5, Failures: 0, Errors: 0, Skipped: 0, Time elapsed: 0.009 s - in org.openmrs.serialization.SimpleXStreamSerializerTest
[INFO] Running org.openmrs.BaseCustomizableMetadataTest
[INFO] Tests run: 2, Failures: 0, Errors: 0, Skipped: 0, Time elapsed: 0.982 s - in org.openmrs.BaseCustomizableMetadataTest
[INFO] Running org.openmrs.ReferralOrderTest
[INFO] Tests run: 4, Failures: 0, Errors: 0, Skipped: 0, Time elapsed: 0.001 s - in org.openmrs.ReferralOrderTest
[INFO] Running org.openmrs.util.ThreadSafeCircularFifoQueueTest
[INFO] Tests run: 36, Failures: 0, Errors: 0, Skipped: 0, Time elapsed: 0.02 s - in org.openmrs.util.ThreadSafeCircularFifoQueueTest
[INFO] Running org.openmrs.annotation.StartModuleAnnotationReuseJUnit4Test
[INFO] Tests run: 1, Failures: 0, Errors: 0, Skipped: 0, Time elapsed: 0.942 s - in org.openmrs.annotation.StartModuleAnnotationReuseJUnit4Test
[INFO] Running org.openmrs.annotation.OpenmrsProfileExcludeFilterWithModulesJUnit4Test
[INFO] Tests run: 1, Failures: 0, Errors: 0, Skipped: 0, Time elapsed: 0.944 s - in org.openmrs.annotation.OpenmrsProfileExcludeFilterWithModulesJUnit4Test
[INFO] Running org.openmrs.annotation.StartModuleAnnotationJUnit4Test
[INFO] Tests run: 1, Failures: 0, Errors: 0, Skipped: 0, Time elapsed: 0.947 s - in org.openmrs.annotation.StartModuleAnnotationJUnit4Test
[INFO] 
[INFO] Results:
[INFO] 
[ERROR] Failures: 
[ERROR]   UserServiceTest.createUser_shouldShouldCreateUserWhoIsPatientAlready:166 expected: <12> but was: <13>
[ERROR]   UserServiceTest.getAllUsers_shouldFetchAllUsersInTheSystem:661 expected: <3> but was: <4>
[ERROR]   UserServiceTest.getUsers_shouldFetchAllUsersIfNameSearchIsEmptyOrNull:811 expected: <3> but was: <4>
[ERROR]   UserServiceTest.getUsers_shouldNotFailIfRolesAreSearchedButNameIsEmpty:1252 expected: <2> but was: <3>
[INFO] 
[ERROR] Tests run: 4465, Failures: 4, Errors: 0, Skipped: 37
[INFO] 
[INFO] ------------------------------------------------------------------------
[INFO] Reactor Summary for OpenMRS 2.6.0-SNAPSHOT:
[INFO] 
[INFO] OpenMRS ............................................ SUCCESS [  0.438 s]
[INFO] openmrs-tools ...................................... SUCCESS [  0.272 s]
[INFO] openmrs-test ....................................... SUCCESS [  0.005 s]
[INFO] openmrs-api ........................................ FAILURE [05:09 min]
[INFO] openmrs-web ........................................ SKIPPED
[INFO] openmrs-webapp ..................................... SKIPPED
[INFO] openmrs-liquibase .................................. SKIPPED
[INFO] ------------------------------------------------------------------------
[INFO] BUILD FAILURE
[INFO] ------------------------------------------------------------------------
[INFO] Total time:  05:10 min
[INFO] Finished at: 2023-02-07T11:31:31Z
[INFO] ------------------------------------------------------------------------
[ERROR] Failed to execute goal org.apache.maven.plugins:maven-surefire-plugin:2.22.2:test (default-test) on project openmrs-api: There are test failures.
[ERROR] 
[ERROR] Please refer to /home/gabsko/breaking-updates/api/target/surefire-reports for the individual test results.
[ERROR] Please refer to dump files (if any exist) [date].dump, [date]-jvmRun[N].dump and [date].dumpstream.
[ERROR] -> [Help 1]
[ERROR] 
[ERROR] To see the full stack trace of the errors, re-run Maven with the -e switch.
[ERROR] Re-run Maven using the -X switch to enable full debug logging.
[ERROR] 
[ERROR] For more information about the errors and possible solutions, please read the following articles:
[ERROR] [Help 1] http://cwiki.apache.org/confluence/display/MAVEN/MojoFailureException
[ERROR] 
[ERROR] After correcting the problems, you can resume the build with the command
[ERROR]   mvn <args> -rf :openmrs-api
