[INFO] Scanning for projects...
[WARNING] 
[WARNING] Some problems were encountered while building the effective model for com.thoughtworks.gauge:gauge-java:jar:0.7.15
[WARNING] 'version' contains an expression but should be a constant. @ com.thoughtworks.gauge:gauge-java:${projectVersion}, /home/gabsko/breaking-updates/pom.xml, line 7, column 14
[WARNING] 
[WARNING] It is highly recommended to fix these problems because they threaten the stability of your build.
[WARNING] 
[WARNING] For this reason, future Maven versions might no longer support building such malformed projects.
[WARNING] 
[INFO] Inspecting build with total of 1 modules...
[INFO] Installing Nexus Staging features:
[INFO]   ... total of 1 executions of maven-deploy-plugin replaced with nexus-staging-maven-plugin
[INFO] ------------------------------------------------------------------------
[INFO] Detecting the operating system and CPU architecture
[INFO] ------------------------------------------------------------------------
[INFO] os.detected.name: linux
[INFO] os.detected.arch: x86_64
[INFO] os.detected.bitness: 64
[INFO] os.detected.version: 5.4
[INFO] os.detected.version.major: 5
[INFO] os.detected.version.minor: 4
[INFO] os.detected.release: ubuntu
[INFO] os.detected.release.version: 18.04
[INFO] os.detected.release.like.ubuntu: true
[INFO] os.detected.release.like.debian: true
[INFO] os.detected.classifier: linux-x86_64
[INFO] 
[INFO] -----------------< com.thoughtworks.gauge:gauge-java >------------------
[INFO] Building gauge-java 0.7.15
[INFO] --------------------------------[ jar ]---------------------------------
[INFO] 
[INFO] --- maven-clean-plugin:2.5:clean (default-clean) @ gauge-java ---
[INFO] Deleting /home/gabsko/breaking-updates/target
[INFO] 
[INFO] --- maven-checkstyle-plugin:3.1.2:check (validate) @ gauge-java ---
[INFO] Starting audit...
Audit done.
[INFO] You have 0 Checkstyle violations.
[INFO] 
[INFO] --- maven-resources-plugin:3.2.0:resources (default-resources) @ gauge-java ---
[INFO] Using 'UTF-8' encoding to copy filtered resources.
[INFO] Using 'UTF-8' encoding to copy filtered properties files.
[INFO] skip non existing resourceDirectory /home/gabsko/breaking-updates/src/main/resources
[INFO] 
[INFO] --- maven-compiler-plugin:3.8.1:compile (default-compile) @ gauge-java ---
[INFO] Changes detected - recompiling the module!
[INFO] Compiling 122 source files to /home/gabsko/breaking-updates/target/classes
[INFO] /home/gabsko/breaking-updates/src/main/java/com/thoughtworks/gauge/scan/HooksScanner.java: Some input files use or override a deprecated API.
[INFO] /home/gabsko/breaking-updates/src/main/java/com/thoughtworks/gauge/scan/HooksScanner.java: Recompile with -Xlint:deprecation for details.
[INFO] /home/gabsko/breaking-updates/src/main/java/com/thoughtworks/gauge/execution/MethodExecutor.java: Some input files use unchecked or unsafe operations.
[INFO] /home/gabsko/breaking-updates/src/main/java/com/thoughtworks/gauge/execution/MethodExecutor.java: Recompile with -Xlint:unchecked for details.
[INFO] 
[INFO] --- maven-resources-plugin:3.2.0:testResources (default-testResources) @ gauge-java ---
[INFO] Using 'UTF-8' encoding to copy filtered resources.
[INFO] Using 'UTF-8' encoding to copy filtered properties files.
[INFO] Copying 6 resources
[INFO] 
[INFO] --- maven-compiler-plugin:3.8.1:testCompile (default-testCompile) @ gauge-java ---
[INFO] Changes detected - recompiling the module!
[INFO] Compiling 38 source files to /home/gabsko/breaking-updates/target/test-classes
[INFO] /home/gabsko/breaking-updates/src/test/java/com/thoughtworks/gauge/TableTest.java: Some input files use or override a deprecated API.
[INFO] /home/gabsko/breaking-updates/src/test/java/com/thoughtworks/gauge/TableTest.java: Recompile with -Xlint:deprecation for details.
[INFO] /home/gabsko/breaking-updates/src/test/java/com/thoughtworks/gauge/test/Matchers.java: Some input files use unchecked or unsafe operations.
[INFO] /home/gabsko/breaking-updates/src/test/java/com/thoughtworks/gauge/test/Matchers.java: Recompile with -Xlint:unchecked for details.
[INFO] 
[INFO] --- maven-surefire-plugin:2.12.4:test (default-test) @ gauge-java ---
[INFO] Surefire report directory: /home/gabsko/breaking-updates/target/surefire-reports

-------------------------------------------------------
 T E S T S
-------------------------------------------------------
Running com.thoughtworks.gauge.MessageCollectorTest
Tests run: 2, Failures: 0, Errors: 0, Skipped: 0, Time elapsed: 0.047 sec
Running com.thoughtworks.gauge.TableRowTest
Tests run: 4, Failures: 0, Errors: 0, Skipped: 0, Time elapsed: 0.007 sec
Running com.thoughtworks.gauge.UtilTest
Tests run: 2, Failures: 0, Errors: 0, Skipped: 0, Time elapsed: 0.002 sec
Running com.thoughtworks.gauge.ExecutionContextTest
Tests run: 3, Failures: 0, Errors: 0, Skipped: 0, Time elapsed: 0.002 sec
Running com.thoughtworks.gauge.refactor.JavaRefactoringTest
WARNING: An illegal reflective access operation has occurred
WARNING: Illegal reflective access by org.mockito.cglib.core.ReflectUtils$2 (file:/home/gabsko/.m2/repository/org/mockito/mockito-all/1.10.19/mockito-all-1.10.19.jar) to method java.lang.ClassLoader.defineClass(java.lang.String,byte[],int,int,java.security.ProtectionDomain)
WARNING: Please consider reporting this to the maintainers of org.mockito.cglib.core.ReflectUtils$2
WARNING: Use --illegal-access=warn to enable warnings of further illegal reflective access operations
WARNING: All illegal access operations will be denied in a future release
Tests run: 19, Failures: 1, Errors: 0, Skipped: 0, Time elapsed: 0.887 sec <<< FAILURE!
testRefactoringWithOrphanComments(com.thoughtworks.gauge.refactor.JavaRefactoringTest)  Time elapsed: 0.033 sec  <<< FAILURE!
junit.framework.AssertionFailedError
	at junit.framework.Assert.fail(Assert.java:55)
	at junit.framework.Assert.assertTrue(Assert.java:22)
	at junit.framework.Assert.assertTrue(Assert.java:31)
	at junit.framework.TestCase.assertTrue(TestCase.java:200)
	at com.thoughtworks.gauge.refactor.JavaRefactoringTest.testRefactoringWithOrphanComments(JavaRefactoringTest.java:390)
	at java.base/jdk.internal.reflect.NativeMethodAccessorImpl.invoke0(Native Method)
	at java.base/jdk.internal.reflect.NativeMethodAccessorImpl.invoke(NativeMethodAccessorImpl.java:62)
	at java.base/jdk.internal.reflect.DelegatingMethodAccessorImpl.invoke(DelegatingMethodAccessorImpl.java:43)
	at java.base/java.lang.reflect.Method.invoke(Method.java:566)
	at junit.framework.TestCase.runTest(TestCase.java:177)
	at junit.framework.TestCase.runBare(TestCase.java:142)
	at junit.framework.TestResult$1.protect(TestResult.java:122)
	at junit.framework.TestResult.runProtected(TestResult.java:142)
	at junit.framework.TestResult.run(TestResult.java:125)
	at junit.framework.TestCase.run(TestCase.java:130)
	at junit.framework.TestSuite.runTest(TestSuite.java:241)
	at junit.framework.TestSuite.run(TestSuite.java:236)
	at org.junit.internal.runners.JUnit38ClassRunner.run(JUnit38ClassRunner.java:90)
	at org.apache.maven.surefire.junit4.JUnit4Provider.execute(JUnit4Provider.java:252)
	at org.apache.maven.surefire.junit4.JUnit4Provider.executeTestSet(JUnit4Provider.java:141)
	at org.apache.maven.surefire.junit4.JUnit4Provider.invoke(JUnit4Provider.java:112)
	at java.base/jdk.internal.reflect.NativeMethodAccessorImpl.invoke0(Native Method)
	at java.base/jdk.internal.reflect.NativeMethodAccessorImpl.invoke(NativeMethodAccessorImpl.java:62)
	at java.base/jdk.internal.reflect.DelegatingMethodAccessorImpl.invoke(DelegatingMethodAccessorImpl.java:43)
	at java.base/java.lang.reflect.Method.invoke(Method.java:566)
	at org.apache.maven.surefire.util.ReflectionUtils.invokeMethodWithArray(ReflectionUtils.java:189)
	at org.apache.maven.surefire.booter.ProviderFactory$ProviderProxy.invoke(ProviderFactory.java:165)
	at org.apache.maven.surefire.booter.ProviderFactory.invokeProvider(ProviderFactory.java:85)
	at org.apache.maven.surefire.booter.ForkedBooter.runSuitesInProcess(ForkedBooter.java:115)
	at org.apache.maven.surefire.booter.ForkedBooter.main(ForkedBooter.java:75)

Running com.thoughtworks.gauge.ClassInstanceManagerTest
Tests run: 3, Failures: 0, Errors: 0, Skipped: 0, Time elapsed: 0.001 sec
Running com.thoughtworks.gauge.execution.StepExecutionStageTest
Tests run: 11, Failures: 0, Errors: 0, Skipped: 0, Time elapsed: 6.535 sec
Running com.thoughtworks.gauge.execution.ExecutionPipelineTest
Tests run: 2, Failures: 0, Errors: 0, Skipped: 0, Time elapsed: 0.027 sec
Running com.thoughtworks.gauge.execution.parameters.ParametersExtractorTest
Tests run: 5, Failures: 0, Errors: 0, Skipped: 0, Time elapsed: 0.032 sec
Running com.thoughtworks.gauge.execution.parameters.DynamicParametersReplacerTest
Tests run: 9, Failures: 0, Errors: 0, Skipped: 0, Time elapsed: 0.038 sec
Running com.thoughtworks.gauge.execution.parameters.parsers.types.EnumParameterParserTest
Tests run: 1, Failures: 0, Errors: 0, Skipped: 0, Time elapsed: 0.001 sec
Running com.thoughtworks.gauge.execution.parameters.parsers.types.PrimitiveParameterParserTest
Tests run: 2, Failures: 0, Errors: 0, Skipped: 0, Time elapsed: 0.002 sec
Running com.thoughtworks.gauge.execution.parameters.parsers.types.TableParameterParserTest
Tests run: 3, Failures: 0, Errors: 0, Skipped: 0, Time elapsed: 0.001 sec
Running com.thoughtworks.gauge.execution.HooksExecutorTest
Tests run: 1, Failures: 0, Errors: 0, Skipped: 0, Time elapsed: 0.004 sec
Running com.thoughtworks.gauge.execution.ExecutionInfoMapperTest
Tests run: 3, Failures: 0, Errors: 0, Skipped: 0, Time elapsed: 0.005 sec
Running com.thoughtworks.gauge.execution.AbstractExecutionStageTest
Tests run: 5, Failures: 0, Errors: 0, Skipped: 0, Time elapsed: 0.001 sec
Running com.thoughtworks.gauge.hook.HookTest
Tests run: 1, Failures: 0, Errors: 0, Skipped: 0, Time elapsed: 0.001 sec
Running com.thoughtworks.gauge.TableTest
Tests run: 18, Failures: 0, Errors: 0, Skipped: 0, Time elapsed: 0.009 sec
Running com.thoughtworks.gauge.scan.StepsScannerTest
{"logLevel":"debug","message":"Scanning packages for steps"}
{"logLevel":"debug","message":"Loading hello world {}via reflected sources."}
{"logLevel":"debug","message":"Scanning packages for steps"}
{"logLevel":"debug","message":"Loading hello world {}via reflected sources."}
{"logLevel":"debug","message":"Scanning packages for steps"}
{"logLevel":"debug","message":"Loading first step name with name {}via reflected sources."}
{"logLevel":"debug","message":"Loading second step name with {}via reflected sources."}
{"logLevel":"debug","message":"Loading hello worldvia reflected sources."}
{"logLevel":"debug","message":"Scanning packages for steps"}
{"logLevel":"debug","message":"Found hello world {} in current project scope."}
Tests run: 4, Failures: 0, Errors: 0, Skipped: 0, Time elapsed: 0.018 sec
Running com.thoughtworks.gauge.scan.StaticScannerTest
Tests run: 6, Failures: 0, Errors: 0, Skipped: 0, Time elapsed: 0.016 sec
Running com.thoughtworks.gauge.FileHelperTest
Tests run: 4, Failures: 0, Errors: 0, Skipped: 0, Time elapsed: 0.005 sec
Running com.thoughtworks.gauge.tag.OrMatcherTest
Tests run: 1, Failures: 0, Errors: 0, Skipped: 0, Time elapsed: 0 sec
Running com.thoughtworks.gauge.tag.AndMatcherTest
Tests run: 1, Failures: 0, Errors: 0, Skipped: 0, Time elapsed: 0 sec
Running com.thoughtworks.gauge.ScreenshotCollectorTest
Tests run: 1, Failures: 0, Errors: 0, Skipped: 0, Time elapsed: 0 sec
Running com.thoughtworks.gauge.registry.StepRegistryTest
{"logLevel":"debug","message":"Comparing 'com.thoughtworks.gauge.TestStepImplClass.helloWorld' and 'com.thoughtworks.gauge.TestStepImplClass.helloWorldWithOneParam'"}
{"logLevel":"debug","message":"Comparing 'com.thoughtworks.gauge.TestStepImplClass.helloWorld' and 'com.thoughtworks.gauge.TestStepImplClass.helloWorldWithOneParam'"}
{"logLevel":"debug","message":"Comparing 'com.thoughtworks.gauge.TestStepImplClass.helloWorld' and 'com.thoughtworks.gauge.TestStepImplClass.helloWorldWithOneParam'"}
{"logLevel":"debug","message":"Comparing 'com.thoughtworks.gauge.TestStepImplClass.helloWorldWithOneParam' and 'com.thoughtworks.gauge.TestStepImplClass.helloWorldWithOneParam'"}
Tests run: 8, Failures: 0, Errors: 0, Skipped: 0, Time elapsed: 0.005 sec
Running com.thoughtworks.gauge.registry.HooksRegistryTest
Tests run: 6, Failures: 0, Errors: 0, Skipped: 0, Time elapsed: 0.01 sec
Running com.thoughtworks.gauge.processor.StubImplementationCodeProcessorTest
Tests run: 1, Failures: 0, Errors: 0, Skipped: 0, Time elapsed: 0.019 sec
Running com.thoughtworks.gauge.processor.DefaultMessageProcessorTest
Tests run: 1, Failures: 0, Errors: 0, Skipped: 0, Time elapsed: 0 sec
Running com.thoughtworks.gauge.processor.StepNameRequestProcessorTest
Tests run: 2, Failures: 0, Errors: 0, Skipped: 0, Time elapsed: 0.002 sec
Running com.thoughtworks.gauge.processor.StepPositionsRequestProcessorTest
Tests run: 2, Failures: 0, Errors: 0, Skipped: 0, Time elapsed: 0.005 sec
Running com.thoughtworks.gauge.processor.CacheFileRequestProcessorTest
Tests run: 5, Failures: 0, Errors: 0, Skipped: 0, Time elapsed: 0.006 sec
Running com.thoughtworks.gauge.processor.ValidateStepProcessorTest
Tests run: 4, Failures: 0, Errors: 0, Skipped: 0, Time elapsed: 0.004 sec

Results :

Failed tests:   testRefactoringWithOrphanComments(com.thoughtworks.gauge.refactor.JavaRefactoringTest)

Tests run: 140, Failures: 1, Errors: 0, Skipped: 0

[INFO] ------------------------------------------------------------------------
[INFO] BUILD FAILURE
[INFO] ------------------------------------------------------------------------
[INFO] Total time:  16.467 s
[INFO] Finished at: 2023-02-05T04:10:35Z
[INFO] ------------------------------------------------------------------------
[ERROR] Failed to execute goal org.apache.maven.plugins:maven-surefire-plugin:2.12.4:test (default-test) on project gauge-java: There are test failures.
[ERROR] 
[ERROR] Please refer to /home/gabsko/breaking-updates/target/surefire-reports for the individual test results.
[ERROR] -> [Help 1]
[ERROR] 
[ERROR] To see the full stack trace of the errors, re-run Maven with the -e switch.
[ERROR] Re-run Maven using the -X switch to enable full debug logging.
[ERROR] 
[ERROR] For more information about the errors and possible solutions, please read the following articles:
[ERROR] [Help 1] http://cwiki.apache.org/confluence/display/MAVEN/MojoFailureException
