[INFO] Scanning for projects...
[INFO] Inspecting build with total of 5 modules...
[INFO] Installing Nexus Staging features:
[INFO]   ... total of 5 executions of maven-deploy-plugin replaced with nexus-staging-maven-plugin
[INFO] ------------------------------------------------------------------------
[INFO] Reactor Build Order:
[INFO] 
[INFO] Objenesis parent project                                           [pom]
[INFO] Objenesis Test                                                     [jar]
[INFO] Objenesis                                                          [jar]
[INFO] Objenesis Exotic                                                   [jar]
[INFO] Objenesis TCK                                                      [jar]
[INFO] 
[INFO] -------------------< org.objenesis:objenesis-parent >-------------------
[INFO] Building Objenesis parent project 3.4-SNAPSHOT                     [1/5]
[INFO] --------------------------------[ pom ]---------------------------------
[INFO] 
[INFO] --- maven-clean-plugin:3.2.0:clean (default-clean) @ objenesis-parent ---
[INFO] 
[INFO] --- maven-enforcer-plugin:3.1.0:enforce (enforce-versions) @ objenesis-parent ---
[INFO] 
[INFO] --------------------< org.objenesis:objenesis-test >--------------------
[INFO] Building Objenesis Test 3.4-SNAPSHOT                               [2/5]
[INFO] --------------------------------[ jar ]---------------------------------
[INFO] 
[INFO] --- maven-clean-plugin:3.2.0:clean (default-clean) @ objenesis-test ---
[INFO] Deleting /home/gabsko/breaking-updates/test/target
[INFO] 
[INFO] --- maven-enforcer-plugin:3.1.0:enforce (enforce-versions) @ objenesis-test ---
[INFO] 
[INFO] --- maven-timestamp-plugin:1.0:create (year) @ objenesis-test ---
[INFO] 
[INFO] --- maven-remote-resources-plugin:3.0.0:process (default) @ objenesis-test ---
[INFO] Preparing remote bundle org.apache:apache-jar-resource-bundle:1.3
[INFO] Copying 2 resources from 1 bundle.
[INFO] 
[INFO] --- maven-resources-plugin:3.3.0:resources (default-resources) @ objenesis-test ---
[INFO] skip non existing resourceDirectory /home/gabsko/breaking-updates/test/src/main/resources
[INFO] Copying 2 resources
[INFO] 
[INFO] --- maven-compiler-plugin:3.10.1:compile (default-compile) @ objenesis-test ---
[INFO] Changes detected - recompiling the module!
[INFO] Compiling 2 source files to /home/gabsko/breaking-updates/test/target/classes
[INFO] 
[INFO] --- maven-bundle-plugin:5.1.8:manifest (bundle-manifest) @ objenesis-test ---
[INFO] No MANIFEST.MF file found, generating manifest.
[INFO] Writing manifest: /home/gabsko/breaking-updates/test/target/classes/META-INF/MANIFEST.MF
[INFO] 
[INFO] --- maven-resources-plugin:3.3.0:testResources (default-testResources) @ objenesis-test ---
[INFO] skip non existing resourceDirectory /home/gabsko/breaking-updates/test/src/test/resources
[INFO] Copying 2 resources
[INFO] 
[INFO] --- maven-compiler-plugin:3.10.1:testCompile (default-testCompile) @ objenesis-test ---
[INFO] No sources to compile
[INFO] 
[INFO] --- maven-surefire-plugin:3.0.0-M7:test (default-test) @ objenesis-test ---
[INFO] 
[INFO] ----------------------< org.objenesis:objenesis >-----------------------
[INFO] Building Objenesis 3.4-SNAPSHOT                                    [3/5]
[INFO] --------------------------------[ jar ]---------------------------------
[INFO] 
[INFO] --- maven-clean-plugin:3.2.0:clean (default-clean) @ objenesis ---
[INFO] Deleting /home/gabsko/breaking-updates/main/target
[INFO] 
[INFO] --- maven-enforcer-plugin:3.1.0:enforce (enforce-versions) @ objenesis ---
[INFO] 
[INFO] --- maven-timestamp-plugin:1.0:create (year) @ objenesis ---
[INFO] 
[INFO] --- maven-remote-resources-plugin:3.0.0:process (default) @ objenesis ---
[INFO] Preparing remote bundle org.apache:apache-jar-resource-bundle:1.3
[INFO] Copying 2 resources from 1 bundle.
[INFO] 
[INFO] --- maven-resources-plugin:3.3.0:resources (default-resources) @ objenesis ---
[INFO] skip non existing resourceDirectory /home/gabsko/breaking-updates/main/src/main/resources
[INFO] Copying 2 resources
[INFO] 
[INFO] --- maven-compiler-plugin:3.10.1:compile (default-compile) @ objenesis ---
[INFO] Changes detected - recompiling the module!
[INFO] Compiling 41 source files to /home/gabsko/breaking-updates/main/target/classes
[WARNING] /home/gabsko/breaking-updates/main/src/main/java/org/objenesis/instantiator/util/UnsafeUtils.java:[22,16] sun.misc.Unsafe is internal proprietary API and may be removed in a future release
[WARNING] /home/gabsko/breaking-updates/main/src/main/java/org/objenesis/instantiator/sun/UnsafeFactoryInstantiator.java:[18,16] sun.misc.Unsafe is internal proprietary API and may be removed in a future release
[WARNING] /home/gabsko/breaking-updates/main/src/main/java/org/objenesis/instantiator/util/UnsafeUtils.java:[31,25] sun.misc.Unsafe is internal proprietary API and may be removed in a future release
[WARNING] /home/gabsko/breaking-updates/main/src/main/java/org/objenesis/instantiator/util/UnsafeUtils.java:[36,14] sun.misc.Unsafe is internal proprietary API and may be removed in a future release
[WARNING] /home/gabsko/breaking-updates/main/src/main/java/org/objenesis/instantiator/util/UnsafeUtils.java:[42,20] sun.misc.Unsafe is internal proprietary API and may be removed in a future release
[WARNING] /home/gabsko/breaking-updates/main/src/main/java/org/objenesis/instantiator/util/UnsafeUtils.java:[50,18] sun.misc.Unsafe is internal proprietary API and may be removed in a future release
[WARNING] /home/gabsko/breaking-updates/main/src/main/java/org/objenesis/instantiator/sun/UnsafeFactoryInstantiator.java:[37,18] sun.misc.Unsafe is internal proprietary API and may be removed in a future release
[INFO] 
[INFO] --- maven-bundle-plugin:5.1.8:manifest (bundle-manifest) @ objenesis ---
[INFO] No MANIFEST.MF file found, generating manifest.
[INFO] Writing manifest: /home/gabsko/breaking-updates/main/target/classes/META-INF/MANIFEST.MF
[INFO] 
[INFO] --- maven-resources-plugin:3.3.0:testResources (default-testResources) @ objenesis ---
[INFO] skip non existing resourceDirectory /home/gabsko/breaking-updates/main/src/test/resources
[INFO] Copying 2 resources
[INFO] 
[INFO] --- maven-compiler-plugin:3.10.1:testCompile (default-testCompile) @ objenesis ---
[INFO] Changes detected - recompiling the module!
[INFO] Compiling 6 source files to /home/gabsko/breaking-updates/main/target/test-classes
[INFO] 
[INFO] --- maven-surefire-plugin:3.0.0-M7:test (default-test) @ objenesis ---
[INFO] Using auto detected provider org.apache.maven.surefire.junitplatform.JUnitPlatformProvider
[INFO] 
[INFO] -------------------------------------------------------
[INFO]  T E S T S
[INFO] -------------------------------------------------------
[INFO] Running org.objenesis.strategy.PlatformDescriptionTest
[INFO] Tests run: 5, Failures: 0, Errors: 0, Skipped: 0, Time elapsed: 0.039 s - in org.objenesis.strategy.PlatformDescriptionTest
[INFO] Running org.objenesis.SerializingInstantiatorTest
[INFO] Tests run: 1, Failures: 0, Errors: 0, Skipped: 0, Time elapsed: 0.004 s - in org.objenesis.SerializingInstantiatorTest
[INFO] Running org.objenesis.ObjenesisTest
[INFO] Tests run: 6, Failures: 0, Errors: 0, Skipped: 0, Time elapsed: 0.009 s - in org.objenesis.ObjenesisTest
[INFO] Running org.objenesis.ExternalizableTest
[INFO] Tests run: 1, Failures: 0, Errors: 0, Skipped: 0, Time elapsed: 0.002 s - in org.objenesis.ExternalizableTest
[INFO] Running org.objenesis.ObjenesisExceptionTest
[INFO] Tests run: 3, Failures: 0, Errors: 0, Skipped: 0, Time elapsed: 0.003 s - in org.objenesis.ObjenesisExceptionTest
[INFO] 
[INFO] Results:
[INFO] 
[INFO] Tests run: 16, Failures: 0, Errors: 0, Skipped: 0
[INFO] 
[INFO] 
[INFO] -------------------< org.objenesis:objenesis-exotic >-------------------
[INFO] Building Objenesis Exotic 3.4-SNAPSHOT                             [4/5]
[INFO] --------------------------------[ jar ]---------------------------------
[INFO] 
[INFO] --- maven-clean-plugin:3.2.0:clean (default-clean) @ objenesis-exotic ---
[INFO] Deleting /home/gabsko/breaking-updates/exotic/target
[INFO] 
[INFO] --- maven-enforcer-plugin:3.1.0:enforce (enforce-versions) @ objenesis-exotic ---
[INFO] 
[INFO] --- maven-timestamp-plugin:1.0:create (year) @ objenesis-exotic ---
[INFO] 
[INFO] --- maven-remote-resources-plugin:3.0.0:process (default) @ objenesis-exotic ---
[INFO] Preparing remote bundle org.apache:apache-jar-resource-bundle:1.3
[INFO] Copying 2 resources from 1 bundle.
[INFO] 
[INFO] --- maven-resources-plugin:3.3.0:resources (default-resources) @ objenesis-exotic ---
[INFO] skip non existing resourceDirectory /home/gabsko/breaking-updates/exotic/src/main/resources
[INFO] Copying 2 resources
[INFO] 
[INFO] --- maven-compiler-plugin:3.10.1:compile (default-compile) @ objenesis-exotic ---
[INFO] Changes detected - recompiling the module!
[INFO] Compiling 4 source files to /home/gabsko/breaking-updates/exotic/target/classes
[WARNING] /home/gabsko/breaking-updates/exotic/src/main/java/org/objenesis/instantiator/exotic/util/DefineClassHelper.java:[19,16] sun.misc.Unsafe is internal proprietary API and may be removed in a future release
[WARNING] /home/gabsko/breaking-updates/exotic/src/main/java/org/objenesis/instantiator/exotic/util/DefineClassHelper.java:[50,58] sun.misc.Unsafe is internal proprietary API and may be removed in a future release
[WARNING] /home/gabsko/breaking-updates/exotic/src/main/java/org/objenesis/instantiator/exotic/util/DefineClassHelper.java:[54,10] sun.misc.Unsafe is internal proprietary API and may be removed in a future release
[INFO] 
[INFO] --- maven-bundle-plugin:5.1.8:manifest (bundle-manifest) @ objenesis-exotic ---
[INFO] No MANIFEST.MF file found, generating manifest.
[INFO] Writing manifest: /home/gabsko/breaking-updates/exotic/target/classes/META-INF/MANIFEST.MF
[INFO] 
[INFO] --- maven-resources-plugin:3.3.0:testResources (default-testResources) @ objenesis-exotic ---
[INFO] skip non existing resourceDirectory /home/gabsko/breaking-updates/exotic/src/test/resources
[INFO] Copying 2 resources
[INFO] 
[INFO] --- maven-compiler-plugin:3.10.1:testCompile (default-testCompile) @ objenesis-exotic ---
[INFO] Changes detected - recompiling the module!
[INFO] Compiling 5 source files to /home/gabsko/breaking-updates/exotic/target/test-classes
[INFO] 
[INFO] --- maven-surefire-plugin:3.0.0-M7:test (default-test) @ objenesis-exotic ---
[INFO] Using auto detected provider org.apache.maven.surefire.junitplatform.JUnitPlatformProvider
[INFO] 
[INFO] -------------------------------------------------------
[INFO]  T E S T S
[INFO] -------------------------------------------------------
[INFO] Running org.objenesis.instantiator.exotic.util.ClassUtilsTest
[INFO] Tests run: 6, Failures: 0, Errors: 0, Skipped: 0, Time elapsed: 0.057 s - in org.objenesis.instantiator.exotic.util.ClassUtilsTest
[INFO] Running org.objenesis.instantiator.exotic.util.ClassDefinitionUtilsTest
[INFO] Tests run: 1, Failures: 0, Errors: 0, Skipped: 0, Time elapsed: 0.014 s - in org.objenesis.instantiator.exotic.util.ClassDefinitionUtilsTest
[INFO] Running org.objenesis.instantiator.exotic.test.MagicInstantiatorTest
[WARNING] Tests run: 1, Failures: 0, Errors: 0, Skipped: 1, Time elapsed: 0.006 s - in org.objenesis.instantiator.exotic.test.MagicInstantiatorTest
[INFO] 
[INFO] Results:
[INFO] 
[WARNING] Tests run: 8, Failures: 0, Errors: 0, Skipped: 1
[INFO] 
[INFO] 
[INFO] --------------------< org.objenesis:objenesis-tck >---------------------
[INFO] Building Objenesis TCK 3.4-SNAPSHOT                                [5/5]
[INFO] --------------------------------[ jar ]---------------------------------
[INFO] Downloading from central: https://repo.maven.apache.org/maven2/org/ops4j/pax/tinybundles/tinybundles/2.1.1/tinybundles-2.1.1.jar
[INFO] Downloading from central: https://repo.maven.apache.org/maven2/biz/aQute/bnd/bndlib/2.4.0/bndlib-2.4.0.jar
[INFO] Downloading from central: https://repo.maven.apache.org/maven2/org/ops4j/base/ops4j-base-spi/1.5.1/ops4j-base-spi-1.5.1.jar
[INFO] Downloading from central: https://repo.maven.apache.org/maven2/org/ops4j/pax/exam/pax-exam-junit4/4.13.5/pax-exam-junit4-4.13.5.jar
[INFO] Downloading from central: https://repo.maven.apache.org/maven2/org/ops4j/pax/exam/pax-exam-spi/4.13.5/pax-exam-spi-4.13.5.jar
[INFO] Downloaded from central: https://repo.maven.apache.org/maven2/org/ops4j/base/ops4j-base-spi/1.5.1/ops4j-base-spi-1.5.1.jar (12 kB at 49 kB/s)
[INFO] Downloading from central: https://repo.maven.apache.org/maven2/org/ops4j/base/ops4j-base-lang/1.5.1/ops4j-base-lang-1.5.1.jar
[INFO] Downloaded from central: https://repo.maven.apache.org/maven2/org/ops4j/base/ops4j-base-lang/1.5.1/ops4j-base-lang-1.5.1.jar (11 kB at 44 kB/s)
[INFO] Downloading from central: https://repo.maven.apache.org/maven2/org/ops4j/pax/exam/pax-exam-container-native/4.13.5/pax-exam-container-native-4.13.5.jar
[INFO] Downloaded from central: https://repo.maven.apache.org/maven2/org/ops4j/pax/tinybundles/tinybundles/2.1.1/tinybundles-2.1.1.jar (30 kB at 112 kB/s)
[INFO] Downloading from central: https://repo.maven.apache.org/maven2/org/ops4j/pax/exam/pax-exam/4.13.5/pax-exam-4.13.5.jar
[INFO] Downloaded from central: https://repo.maven.apache.org/maven2/org/ops4j/pax/exam/pax-exam/4.13.5/pax-exam-4.13.5.jar (88 kB at 308 kB/s)
[INFO] Downloading from central: https://repo.maven.apache.org/maven2/org/ops4j/base/ops4j-base-exec/1.5.1/ops4j-base-exec-1.5.1.jar
[INFO] Downloaded from central: https://repo.maven.apache.org/maven2/org/ops4j/base/ops4j-base-exec/1.5.1/ops4j-base-exec-1.5.1.jar (13 kB at 46 kB/s)
[INFO] Downloading from central: https://repo.maven.apache.org/maven2/org/ops4j/base/ops4j-base-io/1.5.1/ops4j-base-io-1.5.1.jar
[INFO] Downloaded from central: https://repo.maven.apache.org/maven2/org/ops4j/base/ops4j-base-io/1.5.1/ops4j-base-io-1.5.1.jar (26 kB at 85 kB/s)
[INFO] Downloading from central: https://repo.maven.apache.org/maven2/org/ops4j/base/ops4j-base-store/1.5.1/ops4j-base-store-1.5.1.jar
[INFO] Downloaded from central: https://repo.maven.apache.org/maven2/org/ops4j/base/ops4j-base-store/1.5.1/ops4j-base-store-1.5.1.jar (13 kB at 40 kB/s)
[INFO] Downloading from central: https://repo.maven.apache.org/maven2/org/ops4j/base/ops4j-base-util-property/1.5.1/ops4j-base-util-property-1.5.1.jar
[INFO] Downloaded from central: https://repo.maven.apache.org/maven2/org/ops4j/pax/exam/pax-exam-junit4/4.13.5/pax-exam-junit4-4.13.5.jar (35 kB at 102 kB/s)
[INFO] Downloading from central: https://repo.maven.apache.org/maven2/org/ops4j/pax/swissbox/pax-swissbox-core/1.8.4/pax-swissbox-core-1.8.4.jar
[INFO] Downloaded from central: https://repo.maven.apache.org/maven2/biz/aQute/bnd/bndlib/2.4.0/bndlib-2.4.0.jar (2.0 MB at 5.7 MB/s)
[INFO] Downloading from central: https://repo.maven.apache.org/maven2/org/ops4j/pax/swissbox/pax-swissbox-lifecycle/1.8.4/pax-swissbox-lifecycle-1.8.4.jar
[INFO] Downloaded from central: https://repo.maven.apache.org/maven2/org/ops4j/pax/exam/pax-exam-spi/4.13.5/pax-exam-spi-4.13.5.jar (70 kB at 199 kB/s)
[INFO] Downloading from central: https://repo.maven.apache.org/maven2/org/ops4j/pax/swissbox/pax-swissbox-tracker/1.8.4/pax-swissbox-tracker-1.8.4.jar
[INFO] Downloaded from central: https://repo.maven.apache.org/maven2/org/ops4j/base/ops4j-base-util-property/1.5.1/ops4j-base-util-property-1.5.1.jar (11 kB at 30 kB/s)
[INFO] Downloading from central: https://repo.maven.apache.org/maven2/org/ops4j/base/ops4j-base-net/1.5.1/ops4j-base-net-1.5.1.jar
[INFO] Downloaded from central: https://repo.maven.apache.org/maven2/org/ops4j/pax/swissbox/pax-swissbox-tracker/1.8.4/pax-swissbox-tracker-1.8.4.jar (16 kB at 43 kB/s)
[INFO] Downloading from central: https://repo.maven.apache.org/maven2/org/ops4j/base/ops4j-base-monitors/1.5.1/ops4j-base-monitors-1.5.1.jar
[INFO] Downloaded from central: https://repo.maven.apache.org/maven2/org/ops4j/pax/swissbox/pax-swissbox-core/1.8.4/pax-swissbox-core-1.8.4.jar (9.1 kB at 25 kB/s)
[INFO] Downloading from central: https://repo.maven.apache.org/maven2/org/ops4j/pax/url/pax-url-link/2.6.8/pax-url-link-2.6.8.jar
[INFO] Downloaded from central: https://repo.maven.apache.org/maven2/org/ops4j/base/ops4j-base-net/1.5.1/ops4j-base-net-1.5.1.jar (18 kB at 48 kB/s)
[INFO] Downloading from central: https://repo.maven.apache.org/maven2/org/ops4j/pax/url/pax-url-commons/2.6.8/pax-url-commons-2.6.8.jar
[INFO] Downloaded from central: https://repo.maven.apache.org/maven2/org/ops4j/base/ops4j-base-monitors/1.5.1/ops4j-base-monitors-1.5.1.jar (13 kB at 34 kB/s)
[INFO] Downloading from central: https://repo.maven.apache.org/maven2/org/ops4j/pax/url/pax-url-classpath/2.6.8/pax-url-classpath-2.6.8.jar
[INFO] Downloaded from central: https://repo.maven.apache.org/maven2/org/ops4j/pax/url/pax-url-commons/2.6.8/pax-url-commons-2.6.8.jar (9.7 kB at 25 kB/s)
[INFO] Downloading from central: https://repo.maven.apache.org/maven2/org/ops4j/pax/swissbox/pax-swissbox-property/1.8.4/pax-swissbox-property-1.8.4.jar
[INFO] Downloaded from central: https://repo.maven.apache.org/maven2/org/ops4j/pax/swissbox/pax-swissbox-lifecycle/1.8.4/pax-swissbox-lifecycle-1.8.4.jar (6.6 kB at 17 kB/s)
[INFO] Downloading from central: https://repo.maven.apache.org/maven2/org/ops4j/pax/exam/pax-exam-link-mvn/4.13.5/pax-exam-link-mvn-4.13.5.jar
[INFO] Downloaded from central: https://repo.maven.apache.org/maven2/org/ops4j/pax/swissbox/pax-swissbox-property/1.8.4/pax-swissbox-property-1.8.4.jar (4.0 kB at 10 kB/s)
[INFO] Downloading from central: https://repo.maven.apache.org/maven2/org/ops4j/pax/url/pax-url-aether/2.6.8/pax-url-aether-2.6.8.jar
[INFO] Downloaded from central: https://repo.maven.apache.org/maven2/org/ops4j/pax/exam/pax-exam-link-mvn/4.13.5/pax-exam-link-mvn-4.13.5.jar (11 kB at 29 kB/s)
[INFO] Downloading from central: https://repo.maven.apache.org/maven2/org/ops4j/pax/url/pax-url-aether-support/2.6.8/pax-url-aether-support-2.6.8.jar
[INFO] Downloaded from central: https://repo.maven.apache.org/maven2/org/ops4j/pax/url/pax-url-aether-support/2.6.8/pax-url-aether-support-2.6.8.jar (5.7 kB at 14 kB/s)
[INFO] Downloading from central: https://repo.maven.apache.org/maven2/org/apache/felix/org.apache.felix.framework/7.0.5/org.apache.felix.framework-7.0.5.jar
[INFO] Downloaded from central: https://repo.maven.apache.org/maven2/org/apache/felix/org.apache.felix.framework/7.0.5/org.apache.felix.framework-7.0.5.jar (778 kB at 1.8 MB/s)
[INFO] Downloaded from central: https://repo.maven.apache.org/maven2/org/ops4j/pax/exam/pax-exam-container-native/4.13.5/pax-exam-container-native-4.13.5.jar (21 kB at 46 kB/s)
[INFO] Downloaded from central: https://repo.maven.apache.org/maven2/org/ops4j/pax/url/pax-url-link/2.6.8/pax-url-link-2.6.8.jar (7.8 kB at 16 kB/s)
[INFO] Downloaded from central: https://repo.maven.apache.org/maven2/org/ops4j/pax/url/pax-url-classpath/2.6.8/pax-url-classpath-2.6.8.jar (36 kB at 63 kB/s)
[INFO] Downloaded from central: https://repo.maven.apache.org/maven2/org/ops4j/pax/url/pax-url-aether/2.6.8/pax-url-aether-2.6.8.jar (3.5 MB at 4.8 MB/s)
[INFO] 
[INFO] --- maven-clean-plugin:3.2.0:clean (default-clean) @ objenesis-tck ---
[INFO] Deleting /home/gabsko/breaking-updates/tck/target
[INFO] 
[INFO] --- maven-timestamp-plugin:1.0:create (year) @ objenesis-tck ---
[INFO] 
[INFO] --- maven-enforcer-plugin:3.1.0:enforce (enforce-versions) @ objenesis-tck ---
[INFO] 
[INFO] --- maven-remote-resources-plugin:3.0.0:process (default) @ objenesis-tck ---
[INFO] Preparing remote bundle org.apache:apache-jar-resource-bundle:1.3
[INFO] Copying 2 resources from 1 bundle.
[INFO] 
[INFO] --- maven-resources-plugin:3.3.0:resources (default-resources) @ objenesis-tck ---
[INFO] Copying 2 resources
[INFO] Copying 2 resources
[INFO] 
[INFO] --- maven-compiler-plugin:3.10.1:compile (default-compile) @ objenesis-tck ---
[INFO] Changes detected - recompiling the module!
[INFO] Compiling 38 source files to /home/gabsko/breaking-updates/tck/target/classes
[INFO] 
[INFO] --- maven-resources-plugin:3.3.0:testResources (default-testResources) @ objenesis-tck ---
[INFO] Copying 2 resources
[INFO] Copying 2 resources
[INFO] 
[INFO] --- maven-compiler-plugin:3.10.1:testCompile (default-testCompile) @ objenesis-tck ---
[INFO] Changes detected - recompiling the module!
[INFO] Compiling 6 source files to /home/gabsko/breaking-updates/tck/target/test-classes
[INFO] 
[INFO] --- maven-surefire-plugin:3.0.0-M7:test (default-test) @ objenesis-tck ---
[INFO] Using auto detected provider org.apache.maven.surefire.junitplatform.JUnitPlatformProvider
[INFO] 
[INFO] -------------------------------------------------------
[INFO]  T E S T S
[INFO] -------------------------------------------------------
20:13:29.235 [main] INFO  o.o.pax.exam.spi.DefaultExamSystem - Pax Exam System (Version: 4.13.5) created.
20:13:29.256 [main] INFO  o.o.pax.exam.junit.impl.ProbeRunner - creating PaxExam runner for class org.objenesis.tck.OsgiTest
20:13:29.334 [main] INFO  o.o.pax.exam.junit.impl.ProbeRunner - creating PaxExam runner for class org.objenesis.tck.OsgiTest
[INFO] Running org.objenesis.tck.OsgiTest
20:13:29.363 [main] INFO  o.o.pax.exam.junit.impl.ProbeRunner - running test class org.objenesis.tck.OsgiTest
ERROR: Error creating bundle cache.
java.lang.Exception: Unable to lock bundle cache: java.nio.channels.OverlappingFileLockException
	at org.apache.felix.framework.cache.BundleCache.<init>(BundleCache.java:169)
	at org.apache.felix.framework.Felix.init(Felix.java:711)
	at org.apache.felix.framework.Felix.init(Felix.java:648)
	at org.ops4j.pax.exam.nat.internal.NativeTestContainer.start(NativeTestContainer.java:192)
	at org.ops4j.pax.exam.spi.reactors.AllConfinedStagedReactor.invoke(AllConfinedStagedReactor.java:79)
	at org.ops4j.pax.exam.junit.impl.ProbeRunner$2.evaluate(ProbeRunner.java:267)
	at org.junit.runners.BlockJUnit4ClassRunner$1.evaluate(BlockJUnit4ClassRunner.java:100)
	at org.junit.runners.ParentRunner.runLeaf(ParentRunner.java:366)
	at org.junit.runners.BlockJUnit4ClassRunner.runChild(BlockJUnit4ClassRunner.java:103)
	at org.junit.runners.BlockJUnit4ClassRunner.runChild(BlockJUnit4ClassRunner.java:63)
	at org.junit.runners.ParentRunner$4.run(ParentRunner.java:331)
	at org.junit.runners.ParentRunner$1.schedule(ParentRunner.java:79)
	at org.junit.runners.ParentRunner.runChildren(ParentRunner.java:329)
	at org.junit.runners.ParentRunner.access$100(ParentRunner.java:66)
	at org.junit.runners.ParentRunner$2.evaluate(ParentRunner.java:293)
	at org.junit.runners.ParentRunner.run(ParentRunner.java:413)
	at org.ops4j.pax.exam.junit.impl.ProbeRunner.run(ProbeRunner.java:98)
	at org.ops4j.pax.exam.junit.PaxExam.run(PaxExam.java:93)
	at org.junit.runner.JUnitCore.run(JUnitCore.java:137)
	at org.junit.runner.JUnitCore.run(JUnitCore.java:115)
	at org.junit.vintage.engine.execution.RunnerExecutor.execute(RunnerExecutor.java:42)
	at org.junit.vintage.engine.VintageTestEngine.executeAllChildren(VintageTestEngine.java:80)
	at org.junit.vintage.engine.VintageTestEngine.execute(VintageTestEngine.java:72)
	at org.junit.platform.launcher.core.EngineExecutionOrchestrator.execute(EngineExecutionOrchestrator.java:147)
	at org.junit.platform.launcher.core.EngineExecutionOrchestrator.execute(EngineExecutionOrchestrator.java:127)
	at org.junit.platform.launcher.core.EngineExecutionOrchestrator.execute(EngineExecutionOrchestrator.java:90)
	at org.junit.platform.launcher.core.EngineExecutionOrchestrator.lambda$execute$0(EngineExecutionOrchestrator.java:55)
	at org.junit.platform.launcher.core.EngineExecutionOrchestrator.withInterceptedStreams(EngineExecutionOrchestrator.java:102)
	at org.junit.platform.launcher.core.EngineExecutionOrchestrator.execute(EngineExecutionOrchestrator.java:54)
	at org.junit.platform.launcher.core.DefaultLauncher.execute(DefaultLauncher.java:114)
	at org.junit.platform.launcher.core.DefaultLauncher.execute(DefaultLauncher.java:86)
	at org.junit.platform.launcher.core.DefaultLauncherSession$DelegatingLauncher.execute(DefaultLauncherSession.java:86)
	at org.apache.maven.surefire.junitplatform.LazyLauncher.execute(LazyLauncher.java:55)
	at org.apache.maven.surefire.junitplatform.JUnitPlatformProvider.execute(JUnitPlatformProvider.java:223)
	at org.apache.maven.surefire.junitplatform.JUnitPlatformProvider.invokeAllTests(JUnitPlatformProvider.java:175)
	at org.apache.maven.surefire.junitplatform.JUnitPlatformProvider.invoke(JUnitPlatformProvider.java:139)
	at org.apache.maven.surefire.booter.ForkedBooter.runSuitesInProcess(ForkedBooter.java:456)
	at org.apache.maven.surefire.booter.ForkedBooter.execute(ForkedBooter.java:169)
	at org.apache.maven.surefire.booter.ForkedBooter.run(ForkedBooter.java:595)
	at org.apache.maven.surefire.booter.ForkedBooter.main(ForkedBooter.java:581)
20:13:30.265 [main] INFO  o.o.p.e.spi.reactors.ReactorManager - suite finished
[ERROR] Tests run: 2, Failures: 0, Errors: 2, Skipped: 0, Time elapsed: 0.905 s <<< FAILURE! - in org.objenesis.tck.OsgiTest
[ERROR] org.objenesis.tck.OsgiTest.testCanInstantiate  Time elapsed: 0.893 s  <<< ERROR!
java.io.FileNotFoundException: ../main/target/objenesis-3.4-SNAPSHOT.jar (No such file or directory)
	at java.base/java.io.FileInputStream.open0(Native Method)
	at java.base/java.io.FileInputStream.open(FileInputStream.java:219)
	at java.base/java.io.FileInputStream.<init>(FileInputStream.java:157)
	at java.base/java.io.FileInputStream.<init>(FileInputStream.java:112)
	at java.base/sun.net.www.protocol.file.FileURLConnection.connect(FileURLConnection.java:86)
	at java.base/sun.net.www.protocol.file.FileURLConnection.getInputStream(FileURLConnection.java:184)
	at org.apache.felix.framework.util.SecureAction.getURLConnectionInputStream(SecureAction.java:677)
	at org.apache.felix.framework.cache.JarRevision.initialize(JarRevision.java:166)
	at org.apache.felix.framework.cache.JarRevision.<init>(JarRevision.java:76)
	at org.apache.felix.framework.cache.BundleArchive.createRevisionFromLocation(BundleArchive.java:819)
	at org.apache.felix.framework.cache.BundleArchive.reviseInternal(BundleArchive.java:491)
	at org.apache.felix.framework.cache.BundleArchive.<init>(BundleArchive.java:155)
	at org.apache.felix.framework.cache.BundleCache.create(BundleCache.java:457)
	at org.apache.felix.framework.Felix.installBundle(Felix.java:3254)
	at org.apache.felix.framework.BundleContextImpl.installBundle(BundleContextImpl.java:147)
	at org.apache.felix.framework.BundleContextImpl.installBundle(BundleContextImpl.java:120)
	at org.ops4j.pax.exam.nat.internal.NativeTestContainer.installAndStartBundles(NativeTestContainer.java:340)
	at org.ops4j.pax.exam.nat.internal.NativeTestContainer.start(NativeTestContainer.java:209)
	at org.ops4j.pax.exam.spi.reactors.AllConfinedStagedReactor.invoke(AllConfinedStagedReactor.java:79)
	at org.ops4j.pax.exam.junit.impl.ProbeRunner$2.evaluate(ProbeRunner.java:267)
	at org.junit.runners.BlockJUnit4ClassRunner$1.evaluate(BlockJUnit4ClassRunner.java:100)
	at org.junit.runners.ParentRunner.runLeaf(ParentRunner.java:366)
	at org.junit.runners.BlockJUnit4ClassRunner.runChild(BlockJUnit4ClassRunner.java:103)
	at org.junit.runners.BlockJUnit4ClassRunner.runChild(BlockJUnit4ClassRunner.java:63)
	at org.junit.runners.ParentRunner$4.run(ParentRunner.java:331)
	at org.junit.runners.ParentRunner$1.schedule(ParentRunner.java:79)
	at org.junit.runners.ParentRunner.runChildren(ParentRunner.java:329)
	at org.junit.runners.ParentRunner.access$100(ParentRunner.java:66)
	at org.junit.runners.ParentRunner$2.evaluate(ParentRunner.java:293)
	at org.junit.runners.ParentRunner.run(ParentRunner.java:413)
	at org.ops4j.pax.exam.junit.impl.ProbeRunner.run(ProbeRunner.java:98)
	at org.ops4j.pax.exam.junit.PaxExam.run(PaxExam.java:93)
	at org.junit.runner.JUnitCore.run(JUnitCore.java:137)
	at org.junit.runner.JUnitCore.run(JUnitCore.java:115)
	at org.junit.vintage.engine.execution.RunnerExecutor.execute(RunnerExecutor.java:42)
	at org.junit.vintage.engine.VintageTestEngine.executeAllChildren(VintageTestEngine.java:80)
	at org.junit.vintage.engine.VintageTestEngine.execute(VintageTestEngine.java:72)
	at org.junit.platform.launcher.core.EngineExecutionOrchestrator.execute(EngineExecutionOrchestrator.java:147)
	at org.junit.platform.launcher.core.EngineExecutionOrchestrator.execute(EngineExecutionOrchestrator.java:127)
	at org.junit.platform.launcher.core.EngineExecutionOrchestrator.execute(EngineExecutionOrchestrator.java:90)
	at org.junit.platform.launcher.core.EngineExecutionOrchestrator.lambda$execute$0(EngineExecutionOrchestrator.java:55)
	at org.junit.platform.launcher.core.EngineExecutionOrchestrator.withInterceptedStreams(EngineExecutionOrchestrator.java:102)
	at org.junit.platform.launcher.core.EngineExecutionOrchestrator.execute(EngineExecutionOrchestrator.java:54)
	at org.junit.platform.launcher.core.DefaultLauncher.execute(DefaultLauncher.java:114)
	at org.junit.platform.launcher.core.DefaultLauncher.execute(DefaultLauncher.java:86)
	at org.junit.platform.launcher.core.DefaultLauncherSession$DelegatingLauncher.execute(DefaultLauncherSession.java:86)
	at org.apache.maven.surefire.junitplatform.LazyLauncher.execute(LazyLauncher.java:55)
	at org.apache.maven.surefire.junitplatform.JUnitPlatformProvider.execute(JUnitPlatformProvider.java:223)
	at org.apache.maven.surefire.junitplatform.JUnitPlatformProvider.invokeAllTests(JUnitPlatformProvider.java:175)
	at org.apache.maven.surefire.junitplatform.JUnitPlatformProvider.invoke(JUnitPlatformProvider.java:139)
	at org.apache.maven.surefire.booter.ForkedBooter.runSuitesInProcess(ForkedBooter.java:456)
	at org.apache.maven.surefire.booter.ForkedBooter.execute(ForkedBooter.java:169)
	at org.apache.maven.surefire.booter.ForkedBooter.run(ForkedBooter.java:595)
	at org.apache.maven.surefire.booter.ForkedBooter.main(ForkedBooter.java:581)

[ERROR] org.objenesis.tck.OsgiTest.testCanInstantiateSerialize  Time elapsed: 0.003 s  <<< ERROR!
java.lang.Exception: Unable to lock bundle cache: java.nio.channels.OverlappingFileLockException
	at org.apache.felix.framework.cache.BundleCache.<init>(BundleCache.java:169)
	at org.apache.felix.framework.Felix.init(Felix.java:711)
	at org.apache.felix.framework.Felix.init(Felix.java:648)
	at org.ops4j.pax.exam.nat.internal.NativeTestContainer.start(NativeTestContainer.java:192)
	at org.ops4j.pax.exam.spi.reactors.AllConfinedStagedReactor.invoke(AllConfinedStagedReactor.java:79)
	at org.ops4j.pax.exam.junit.impl.ProbeRunner$2.evaluate(ProbeRunner.java:267)
	at org.junit.runners.BlockJUnit4ClassRunner$1.evaluate(BlockJUnit4ClassRunner.java:100)
	at org.junit.runners.ParentRunner.runLeaf(ParentRunner.java:366)
	at org.junit.runners.BlockJUnit4ClassRunner.runChild(BlockJUnit4ClassRunner.java:103)
	at org.junit.runners.BlockJUnit4ClassRunner.runChild(BlockJUnit4ClassRunner.java:63)
	at org.junit.runners.ParentRunner$4.run(ParentRunner.java:331)
	at org.junit.runners.ParentRunner$1.schedule(ParentRunner.java:79)
	at org.junit.runners.ParentRunner.runChildren(ParentRunner.java:329)
	at org.junit.runners.ParentRunner.access$100(ParentRunner.java:66)
	at org.junit.runners.ParentRunner$2.evaluate(ParentRunner.java:293)
	at org.junit.runners.ParentRunner.run(ParentRunner.java:413)
	at org.ops4j.pax.exam.junit.impl.ProbeRunner.run(ProbeRunner.java:98)
	at org.ops4j.pax.exam.junit.PaxExam.run(PaxExam.java:93)
	at org.junit.runner.JUnitCore.run(JUnitCore.java:137)
	at org.junit.runner.JUnitCore.run(JUnitCore.java:115)
	at org.junit.vintage.engine.execution.RunnerExecutor.execute(RunnerExecutor.java:42)
	at org.junit.vintage.engine.VintageTestEngine.executeAllChildren(VintageTestEngine.java:80)
	at org.junit.vintage.engine.VintageTestEngine.execute(VintageTestEngine.java:72)
	at org.junit.platform.launcher.core.EngineExecutionOrchestrator.execute(EngineExecutionOrchestrator.java:147)
	at org.junit.platform.launcher.core.EngineExecutionOrchestrator.execute(EngineExecutionOrchestrator.java:127)
	at org.junit.platform.launcher.core.EngineExecutionOrchestrator.execute(EngineExecutionOrchestrator.java:90)
	at org.junit.platform.launcher.core.EngineExecutionOrchestrator.lambda$execute$0(EngineExecutionOrchestrator.java:55)
	at org.junit.platform.launcher.core.EngineExecutionOrchestrator.withInterceptedStreams(EngineExecutionOrchestrator.java:102)
	at org.junit.platform.launcher.core.EngineExecutionOrchestrator.execute(EngineExecutionOrchestrator.java:54)
	at org.junit.platform.launcher.core.DefaultLauncher.execute(DefaultLauncher.java:114)
	at org.junit.platform.launcher.core.DefaultLauncher.execute(DefaultLauncher.java:86)
	at org.junit.platform.launcher.core.DefaultLauncherSession$DelegatingLauncher.execute(DefaultLauncherSession.java:86)
	at org.apache.maven.surefire.junitplatform.LazyLauncher.execute(LazyLauncher.java:55)
	at org.apache.maven.surefire.junitplatform.JUnitPlatformProvider.execute(JUnitPlatformProvider.java:223)
	at org.apache.maven.surefire.junitplatform.JUnitPlatformProvider.invokeAllTests(JUnitPlatformProvider.java:175)
	at org.apache.maven.surefire.junitplatform.JUnitPlatformProvider.invoke(JUnitPlatformProvider.java:139)
	at org.apache.maven.surefire.booter.ForkedBooter.runSuitesInProcess(ForkedBooter.java:456)
	at org.apache.maven.surefire.booter.ForkedBooter.execute(ForkedBooter.java:169)
	at org.apache.maven.surefire.booter.ForkedBooter.run(ForkedBooter.java:595)
	at org.apache.maven.surefire.booter.ForkedBooter.main(ForkedBooter.java:581)

[INFO] Running org.objenesis.tck.SerializableTest
[INFO] Tests run: 9, Failures: 0, Errors: 0, Skipped: 0, Time elapsed: 0.046 s - in org.objenesis.tck.SerializableTest
[INFO] Running org.objenesis.tck.TextReporterTest
[INFO] Tests run: 1, Failures: 0, Errors: 0, Skipped: 0, Time elapsed: 0.005 s - in org.objenesis.tck.TextReporterTest
[INFO] Running org.objenesis.tck.TCKTest
[INFO] Tests run: 2, Failures: 0, Errors: 0, Skipped: 0, Time elapsed: 0.002 s - in org.objenesis.tck.TCKTest
[INFO] Running org.objenesis.tck.ObjenesisTest
[INFO] Tests run: 1, Failures: 0, Errors: 0, Skipped: 0, Time elapsed: 0.01 s - in org.objenesis.tck.ObjenesisTest
[INFO] Running org.objenesis.tck.AbstractLoaderTest
[INFO] Tests run: 4, Failures: 0, Errors: 0, Skipped: 0, Time elapsed: 0.005 s - in org.objenesis.tck.AbstractLoaderTest
[INFO] 
[INFO] Results:
[INFO] 
[ERROR] Errors: 
[ERROR]   OsgiTest.testCanInstantiate » FileNotFound ../main/target/objenesis-3.4-SNAPSHOT.jar (No such file or directory)
[ERROR]   OsgiTest.testCanInstantiateSerialize »  Unable to lock bundle cache: java.nio.channels.OverlappingFileLockException
[INFO] 
[ERROR] Tests run: 19, Failures: 0, Errors: 2, Skipped: 0
[INFO] 
[INFO] ------------------------------------------------------------------------
[INFO] Reactor Summary for Objenesis parent project 3.4-SNAPSHOT:
[INFO] 
[INFO] Objenesis parent project ........................... SUCCESS [  0.118 s]
[INFO] Objenesis Test ..................................... SUCCESS [  1.386 s]
[INFO] Objenesis .......................................... SUCCESS [  1.467 s]
[INFO] Objenesis Exotic ................................... SUCCESS [  0.788 s]
[INFO] Objenesis TCK ...................................... FAILURE [  3.468 s]
[INFO] ------------------------------------------------------------------------
[INFO] BUILD FAILURE
[INFO] ------------------------------------------------------------------------
[INFO] Total time:  8.089 s
[INFO] Finished at: 2023-02-08T20:13:30Z
[INFO] ------------------------------------------------------------------------
[ERROR] Failed to execute goal org.apache.maven.plugins:maven-surefire-plugin:3.0.0-M7:test (default-test) on project objenesis-tck: 
[ERROR] 
[ERROR] Please refer to /home/gabsko/breaking-updates/tck/target/surefire-reports for the individual test results.
[ERROR] Please refer to dump files (if any exist) [date].dump, [date]-jvmRun[N].dump and [date].dumpstream.
[ERROR] -> [Help 1]
[ERROR] 
[ERROR] To see the full stack trace of the errors, re-run Maven with the -e switch.
[ERROR] Re-run Maven using the -X switch to enable full debug logging.
[ERROR] 
[ERROR] For more information about the errors and possible solutions, please read the following articles:
[ERROR] [Help 1] http://cwiki.apache.org/confluence/display/MAVEN/MojoFailureException
[ERROR] 
[ERROR] After correcting the problems, you can resume the build with the command
[ERROR]   mvn <args> -rf :objenesis-tck
