[INFO] Scanning for projects...
[INFO] 
[INFO] -------------------------< com.rultor:rultor >--------------------------
[INFO] Building rultor 2.0-SNAPSHOT
[INFO] --------------------------------[ jar ]---------------------------------
[WARNING] The artifact xml-apis:xml-apis:jar:2.0.2 has been relocated to xml-apis:xml-apis:jar:1.0.b2
[INFO] Downloading from central: https://repo.maven.apache.org/maven2/org/apache/xmlgraphics/batik-codec/1.15/batik-codec-1.15.jar
[INFO] Downloading from central: https://repo.maven.apache.org/maven2/org/slf4j/slf4j-reload4j/2.0.2/slf4j-reload4j-2.0.2.jar
[INFO] Downloaded from central: https://repo.maven.apache.org/maven2/org/slf4j/slf4j-reload4j/2.0.2/slf4j-reload4j-2.0.2.jar (9.4 kB at 32 kB/s)
[INFO] Downloaded from central: https://repo.maven.apache.org/maven2/org/apache/xmlgraphics/batik-codec/1.15/batik-codec-1.15.jar (112 kB at 380 kB/s)
[INFO] 
[INFO] --- maven-clean-plugin:3.2.0:clean (default-clean) @ rultor ---
[INFO] Deleting /home/gabsko/breaking-updates/target
[INFO] 
[INFO] --- maven-enforcer-plugin:3.1.0:enforce (enforce-maven) @ rultor ---
[INFO] 
[INFO] --- maven-enforcer-plugin:3.1.0:enforce (enforce-java) @ rultor ---
[INFO] 
[INFO] --- buildnumber-maven-plugin:3.0.0:create (jcabi-build-number) @ rultor ---
[INFO] ShortRevision tag detected. The value is '7'.
[INFO] Executing: /bin/sh -c cd '/home/gabsko/breaking-updates' && 'git' 'rev-parse' '--verify' '--short=7' 'HEAD'
[INFO] Working directory: /home/gabsko/breaking-updates
[INFO] Storing buildNumber: c36cd92 at timestamp: 2023-02-09T03:34:24
[WARNING] Cannot get the branch information from the git repository: 
Detecting the current branch failed: fatal: ref HEAD is not a symbolic ref

[INFO] ShortRevision tag detected. The value is '7'.
[INFO] Executing: /bin/sh -c cd '/home/gabsko/breaking-updates' && 'git' 'rev-parse' '--verify' '--short=7' 'HEAD'
[INFO] Working directory: /home/gabsko/breaking-updates
[INFO] Storing buildScmBranch: UNKNOWN
[INFO] 
[INFO] --- buildnumber-maven-plugin:3.0.0:create-timestamp (jcabi-build-number) @ rultor ---
[INFO] Skipping because we are not in root module.
[INFO] 
[INFO] --- maven-dependency-plugin:3.3.0:unpack (unpack-dynamodb-local) @ rultor ---
[INFO] Configured Artifact: com.jcabi:DynamoDBLocal:2015-07-16:zip
[INFO] Unpacking /home/gabsko/.m2/repository/com/jcabi/DynamoDBLocal/2015-07-16/DynamoDBLocal-2015-07-16.zip to /home/gabsko/breaking-updates/target/dynamodb-dist with includes "" and excludes ""
[INFO] 
[INFO] --- sass-maven-plugin:3.7.2:update-stylesheets (generate-css) @ rultor ---
[INFO] Checked 2 files for /home/gabsko/breaking-updates/src/main/scss
[INFO] Checked 0 filtered (**/*.css) files for /home/gabsko/breaking-updates/target/css
[INFO] Compiling Sass templates
[INFO] No resource element was specified, using short configuration.
[INFO] Queueing Sass template for compile: /home/gabsko/breaking-updates/src/main/scss => /home/gabsko/breaking-updates/target/css
[INFO]     >> /home/gabsko/breaking-updates/src/main/scss/main.scss => /home/gabsko/breaking-updates/target/css/main.css
[INFO]     >> /home/gabsko/breaking-updates/src/main/scss/siblings.scss => /home/gabsko/breaking-updates/target/css/siblings.css
[INFO] 
[INFO] --- htmlcompressor-maven-plugin:1.3:xml (compress-xsl) @ rultor ---
[INFO] Compressing /home/gabsko/breaking-updates/src/main/xsl
[INFO] XML compression completed.
[INFO] 
[INFO] --- maven-resources-plugin:3.2.0:resources (default-resources) @ rultor ---
[INFO] Using 'UTF-8' encoding to copy filtered resources.
[INFO] Using 'UTF-8' encoding to copy filtered properties files.
[INFO] Copying 31 resources
[INFO] The encoding used to copy filtered properties files have not been set. This means that the same encoding will be used to copy filtered properties files as when copying other filtered resources. This might not be what you want! Run your build with --debug to see which files might be affected. Read more at https://maven.apache.org/plugins/maven-resources-plugin/examples/filtering-properties-files.html
[INFO] 
[INFO] --- minify-maven-plugin:1.7.6:minify (minify-js) @ rultor ---
[INFO] Starting CSS task:
[INFO] Starting JavaScript task:
[INFO] Skipping the merge step...
[INFO] Creating the minified file [home.js].
[INFO] Uncompressed size: 1891 bytes.
[INFO] Compressed size: 146 bytes minified (140 bytes gzipped).
[INFO] Creating the minified file [siblings.js].
[INFO] Uncompressed size: 2601 bytes.
[INFO] Compressed size: 499 bytes minified (313 bytes gzipped).
[INFO] 
[INFO] 
[INFO] --- minify-maven-plugin:1.7.6:minify (minify-css) @ rultor ---
[INFO] Starting CSS task:
[INFO] Processing source file [main.css].
[INFO] Processing source file [siblings.css].
[INFO] Creating the merged file [style.css.tmp].
[INFO] Creating the minified file [style.css].
[INFO] Uncompressed size: 3861 bytes.
[INFO] Compressed size: 502 bytes minified (297 bytes gzipped).
[INFO] 
[INFO] Starting JavaScript task:
[INFO] 
[INFO] --- maven-compiler-plugin:3.10.1:compile (default-compile) @ rultor ---
[INFO] Changes detected - recompiling the module!
[INFO] Compiling 138 source files to /home/gabsko/breaking-updates/target/classes
[INFO] 
[INFO] --- jcabi-maven-plugin:0.16.0:ajc (jcabi-ajc-compile) @ rultor ---
[INFO] Unwoven classes will be copied to /home/gabsko/breaking-updates/target/unwoven
[INFO] Created temp dir /home/gabsko/breaking-updates/target/jcabi-ajc

43 warnings
[INFO] ajc result: 220 file(s) processed, 0 pointcut(s) woven, 0 error(s), 0 warning(s)
[INFO] 
[INFO] --- maven-resources-plugin:3.2.0:testResources (default-testResources) @ rultor ---
[INFO] Using 'UTF-8' encoding to copy filtered resources.
[INFO] Using 'UTF-8' encoding to copy filtered properties files.
[INFO] Copying 9 resources
[INFO] The encoding used to copy filtered properties files have not been set. This means that the same encoding will be used to copy filtered properties files as when copying other filtered resources. This might not be what you want! Run your build with --debug to see which files might be affected. Read more at https://maven.apache.org/plugins/maven-resources-plugin/examples/filtering-properties-files.html
[INFO] 
[INFO] --- maven-compiler-plugin:3.10.1:testCompile (default-testCompile) @ rultor ---
[INFO] Changes detected - recompiling the module!
[INFO] Compiling 81 source files to /home/gabsko/breaking-updates/target/test-classes
[INFO] 
[INFO] --- jcabi-maven-plugin:0.16.0:ajc (jcabi-ajc-test-compile) @ rultor ---
[INFO] Unwoven test classes will be copied to /home/gabsko/breaking-updates/target/unwoven-test
[INFO] Created temp dir /home/gabsko/breaking-updates/target/jcabi-ajc-test

28 warnings
[INFO] ajc result: 99 file(s) processed, 0 pointcut(s) woven, 0 error(s), 0 warning(s)
[INFO] 
[INFO] --- build-helper-maven-plugin:3.3.0:reserve-network-port (default) @ rultor ---
[INFO] Reserved port 37661 for takes.port
[INFO] 
[INFO] --- build-helper-maven-plugin:3.3.0:reserve-network-port (reserver-dynamodb-port) @ rultor ---
[INFO] Reserved port 33815 for failsafe.ddl.port
[INFO] 
[INFO] --- maven-surefire-plugin:3.0.0-M7:test (default-test) @ rultor ---
[INFO] Tests will run in random order. To reproduce ordering use flag -Dsurefire.runOrder.random.seed=21900208783694345
[INFO] Using auto detected provider org.apache.maven.surefire.junitplatform.JUnitPlatformProvider
[INFO] 
[INFO] -------------------------------------------------------
[INFO]  T E S T S
[INFO] -------------------------------------------------------
[INFO] Running com.rultor.agents.daemons.EndsDaemonTest
[INFO] Tests run: 1, Failures: 0, Errors: 0, Skipped: 0, Time elapsed: 0.889 s - in com.rultor.agents.daemons.EndsDaemonTest
[INFO] Running com.rultor.web.TkSitemapTest
[[0;37mINFO[m] Talks$InDir: talk 'test' created in /tmp/2462024470714919642/test
[[0;37mINFO[m] Talks$InDir: 1 files in /tmp/2462024470714919642
[[0;37mINFO[m] Talks$InDir: 1 files in /tmp/2462024470714919642
[INFO] Tests run: 1, Failures: 0, Errors: 0, Skipped: 0, Time elapsed: 0.081 s - in com.rultor.web.TkSitemapTest
[INFO] Running com.rultor.agents.daemons.DismountDaemonTest
[[0;37mINFO[m] DismountDaemon: Checking bad-host-name:2222 for test...
[[0;33mWARN[m] DismountDaemon: The host bad-host-name:2222 for test is unreachable: bad-host-name
[INFO] Tests run: 2, Failures: 0, Errors: 0, Skipped: 0, Time elapsed: 0.113 s - in com.rultor.agents.daemons.DismountDaemonTest
[INFO] Running com.rultor.agents.github.qtn.QnMergeTest
[WARNING] Tests run: 1, Failures: 0, Errors: 0, Skipped: 1, Time elapsed: 0.002 s - in com.rultor.agents.github.qtn.QnMergeTest
[INFO] Running com.rultor.agents.github.DropsTalkTest
[[0;37mINFO[m] DropsTalk: The talk test is lost, has no wire, dropped it
[INFO] Tests run: 1, Failures: 0, Errors: 0, Skipped: 0, Time elapsed: 0.018 s - in com.rultor.agents.github.DropsTalkTest
[INFO] Running com.rultor.agents.github.UnlocksRepoTest
[[0;37mINFO[m] MkRepos: repository jeff/LSKQZO8UXkM8P0tlWY5p created by jeff
[[0;37mINFO[m] MkIssues: issue #1 created in jeff/LSKQZO8UXkM8P0tlWY5p by jeff: 
[[0;37mINFO[m] MkComments: comment #1 posted to issue #1 by jeff: hey, do it
[[2;37mDEBUG[m] MkSttc: #locks(): MkLocks() in 911.34Âµs
[[0;37mINFO[m] Talks$InDir: talk 'test-talk' created in /tmp/4407247580538836053/test-talk
[[0;37mINFO[m] Talks$InDir: 1 files in /tmp/4407247580538836053
[[0;37mINFO[m] Talks$InDir: 1 files in /tmp/4407247580538836053
[[2;37mDEBUG[m] MkLocks: #get('rt-repo-jeff-LSKQZO8UXkM8P0tlWY5p'): MkLock() in 1.12ms
[[2;37mDEBUG[m] MkLock: #unlock('test-talk'): true in 25.33Âµs
[[0;37mINFO[m] UnlocksRepo: jeff/LSKQZO8UXkM8P0tlWY5p unlocked by test-talk
[INFO] Tests run: 1, Failures: 0, Errors: 0, Skipped: 0, Time elapsed: 0.076 s - in com.rultor.agents.github.UnlocksRepoTest
[INFO] Running com.rultor.agents.github.CommentsTagTest
[[0;37mINFO[m] MkRepos: repository jeff/maqxoKcPxwH6dNz2B54K created by jeff
[[0;37mINFO[m] MkIssues: issue #1 created in jeff/maqxoKcPxwH6dNz2B54K by jeff: 
[[0;37mINFO[m] Manifests: 0 attributes loaded from 176 stream(s) in 140ms, 117 saved, 2462 ignored: []
[[0;37mINFO[m] CommentsTag: tag v1.0 created and commented
[[0;37mINFO[m] MkRepos: repository jeff/Z2VIZ5vmu8hF3OFVL8Cp created by jeff
[[0;37mINFO[m] MkIssues: issue #1 created in jeff/Z2VIZ5vmu8hF3OFVL8Cp by jeff: 
[[0;37mINFO[m] CommentsTag: tag v1.5 created and commented
[[0;37mINFO[m] MkRepos: repository jeff/NntxZaJdeNmUv1JP7DEE created by jeff
[[0;37mINFO[m] MkIssues: issue #1 created in jeff/NntxZaJdeNmUv1JP7DEE by jeff: 
[[0;37mINFO[m] MkComments: comment #1 posted to issue #1 by jeff: Release `v5.0` already exists! I can't duplicate i..29.. the future, try to avoid duplicate releases
[[0;37mINFO[m] CommentsTag: duplicate tag v5.0 commented
[INFO] Tests run: 3, Failures: 0, Errors: 0, Skipped: 0, Time elapsed: 0.335 s - in com.rultor.agents.github.CommentsTagTest
[INFO] Running com.rultor.agents.github.qtn.QnDeployTest
[[0;37mINFO[m] MkRepos: repository jeff/GxR6zNYI5A4wVFnozYl4 created by jeff
[[0;37mINFO[m] MkIssues: issue #1 created in jeff/GxR6zNYI5A4wVFnozYl4 by jeff: 
[[0;37mINFO[m] MkComments: comment #1 posted to issue #1 by jeff: deploy
[[0;37mINFO[m] MkComments: comment #2 posted to issue #1 by jeff: > deploy\n\n@jeff OK, I'll try to deploy now. You can check the progress [here](#)
[[0;37mINFO[m] QnDeploy: deploy request found in jeff/GxR6zNYI5A4wVFnozYl4#1 comment #1
[INFO] Tests run: 1, Failures: 0, Errors: 0, Skipped: 0, Time elapsed: 0.064 s - in com.rultor.agents.github.qtn.QnDeployTest
[INFO] Running com.rultor.agents.github.qtn.ReleaseTagTest
[[0;37mINFO[m] MkRepos: repository jeff/Fint1xvWfglgwgVo93JM created by jeff
[[0;37mINFO[m] MkRepos: repository jeff/wccZ63flHGAe2FxQUwXo created by jeff
[INFO] Tests run: 2, Failures: 0, Errors: 0, Skipped: 0, Time elapsed: 0.048 s - in com.rultor.agents.github.qtn.ReleaseTagTest
[INFO] Running com.rultor.profiles.YamlXMLTest
[INFO] Tests run: 3, Failures: 0, Errors: 0, Skipped: 0, Time elapsed: 0.06 s - in com.rultor.profiles.YamlXMLTest
[INFO] Running com.rultor.agents.github.StarsTest
[[0;37mINFO[m] MkRepos: repository jeff/qYz0Nzh5avBuKNZRBmwk created by jeff
[[0;37mINFO[m] MkRepos: repository jeff/uM44NRXQGnGMDSxVxAIh created by jeff
[INFO] Tests run: 2, Failures: 0, Errors: 0, Skipped: 0, Time elapsed: 0.033 s - in com.rultor.agents.github.StarsTest
[INFO] Running com.rultor.agents.github.ReportsTest
[[0;37mINFO[m] MkRepos: repository john/l84rupenJgpE4KVfEFTg created by john
[[0;37mINFO[m] MkIssues: issue #1 created in john/l84rupenJgpE4KVfEFTg by john: Bug
[[0;37mINFO[m] MkComments: comment #1 posted to issue #1 by john: > stop it please\n\n@john Sorry, I failed to stop th..86..ttps://www.rultor.com/t/1-1) (took me 21min)
[[0;37mINFO[m] Reports: issue #1 reported: TRUE
[[0;37mINFO[m] MkRepos: repository jeff/byr9D1jTyFI8OYxcDXQW created by jeff
[[0;37mINFO[m] MkIssues: issue #1 created in jeff/byr9D1jTyFI8OYxcDXQW by jeff: 
[[0;37mINFO[m] MkComments: comment #1 posted to issue #1 by jeff: > \n\n@jeff Done! FYI, the full log is [here](https://www.rultor.com/t/1-1) (took me 21min)
[[0;37mINFO[m] Reports: issue #1 reported: TRUE
[INFO] Tests run: 2, Failures: 0, Errors: 0, Skipped: 0, Time elapsed: 0.152 s - in com.rultor.agents.github.ReportsTest
[INFO] Running com.rultor.agents.github.qtn.QnByArchitectTest
[[0;37mINFO[m] MkRepos: repository jeff/IAfNUzhxgg4ysUw2DbCK created by jeff
[[0;37mINFO[m] MkIssues: issue #1 created in jeff/IAfNUzhxgg4ysUw2DbCK by jeff: 
[[0;37mINFO[m] MkComments: comment #1 posted to issue #1 by jeff: release
[[0;37mINFO[m] MkRepos: repository jeff/pgUSapetwHC7nxcZhBOh created by jeff
[[0;37mINFO[m] MkIssues: issue #1 created in jeff/pgUSapetwHC7nxcZhBOh by jeff: 
[[0;37mINFO[m] MkComments: comment #1 posted to issue #1 by jeff: deploy
[[0;37mINFO[m] MkComments: comment #2 posted to issue #1 by jeff: > deploy\n\n@jeff Thanks for your request; @johnny please confirm this.
[WARNING] Tests run: 3, Failures: 0, Errors: 0, Skipped: 1, Time elapsed: 0.438 s - in com.rultor.agents.github.qtn.QnByArchitectTest
[INFO] Running com.rultor.agents.github.qtn.QnFirstOfTest
[[0;37mINFO[m] MkRepos: repository jeff/aap9nG8bC9mTVP3Jr8WA created by jeff
[[0;37mINFO[m] MkIssues: issue #1 created in jeff/aap9nG8bC9mTVP3Jr8WA by jeff: 
[[0;37mINFO[m] MkComments: comment #1 posted to issue #1 by jeff: deploy
[[0;37mINFO[m] MkComments: comment #2 posted to issue #1 by jeff: > deploy\n\n@jeff OK, I'll try to deploy now. You can check the progress [here](#)
[[0;37mINFO[m] QnDeploy: deploy request found in jeff/aap9nG8bC9mTVP3Jr8WA#1 comment #1
[INFO] Tests run: 1, Failures: 0, Errors: 0, Skipped: 0, Time elapsed: 0.019 s - in com.rultor.agents.github.qtn.QnFirstOfTest
[INFO] Running com.rultor.agents.github.DephantomizesTest
[[0;37mINFO[m] MkRepos: repository jeff/e6CpJIkzCeN31V3JeGTn created by jeff
[[0;37mINFO[m] MkIssues: issue #1 created in jeff/e6CpJIkzCeN31V3JeGTn by jeff: title
[[0;37mINFO[m] MkRepos: repository jeff/pZSlgJe2vmwnMZsyeKJv created by jeff
[[0;33mWARN[m] Dephantomizes: issue #0 in jeff/pZSlgJe2vmwnMZsyeKJv is gone, deleting request
[INFO] Tests run: 2, Failures: 0, Errors: 0, Skipped: 0, Time elapsed: 0.035 s - in com.rultor.agents.github.DephantomizesTest
[INFO] Running com.rultor.agents.github.qtn.QnIamLostTest
[[0;37mINFO[m] MkRepos: repository jeff/1YEWqEa79O2PRbyTL5Q6 created by jeff
[[0;37mINFO[m] MkIssues: issue #1 created in jeff/1YEWqEa79O2PRbyTL5Q6 by jeff: 
[[0;37mINFO[m] MkComments: comment #1 posted to issue #1 by jeff: boom
[[0;37mINFO[m] MkComments: comment #2 posted to issue #1 by jeff: > boom\n\n@jeff I'm sorry, I don't understand you :(..25..rultor.com/basics.html) and try again please
[INFO] Tests run: 1, Failures: 0, Errors: 0, Skipped: 0, Time elapsed: 0.02 s - in com.rultor.agents.github.qtn.QnIamLostTest
[INFO] Running com.rultor.agents.req.EndsRequestTest
[[0;37mINFO[m] EndsRequest: request finished: false
[INFO] Tests run: 1, Failures: 0, Errors: 0, Skipped: 0, Time elapsed: 0.013 s - in com.rultor.agents.req.EndsRequestTest
[INFO] Running com.rultor.agents.github.qtn.QnReleaseTest
[[0;37mINFO[m] MkRepos: repository jeff/xTC0YqXtcdlp50QA4MFv created by jeff
[[0;37mINFO[m] MkIssues: issue #1 created in jeff/xTC0YqXtcdlp50QA4MFv by jeff: 
[[0;37mINFO[m] MkComments: comment #1 posted to issue #1 by jeff: release `1.7`
[[0;37mINFO[m] QnRelease: release request found in jeff/xTC0YqXtcdlp50QA4MFv#1, comment #1
[[0;37mINFO[m] MkComments: comment #2 posted to issue #1 by jeff: > release `1.7`\n\n@jeff OK, I will release it now. Please check the progress [here](#)
[[0;37mINFO[m] MkRepos: repository jeff/ehJdhaYBlF0x2Wan0RMd created by jeff
[[0;37mINFO[m] MkIssues: issue #1 created in jeff/ehJdhaYBlF0x2Wan0RMd by jeff: 
[[0;37mINFO[m] MkComments: comment #1 posted to issue #1 by jeff: release `1.6`
[[0;37mINFO[m] QnRelease: release request found in jeff/ehJdhaYBlF0x2Wan0RMd#1, comment #1
[[0;37mINFO[m] MkComments: comment #2 posted to issue #1 by jeff: > release `1.6`\n\n@jeff Invalid release tag `1.6` s..41..r than the given release in this repository.
[[0;37mINFO[m] MkRepos: repository jeff/K20j1wXaF7Ug4xOTlDYP created by jeff
[[0;37mINFO[m] MkIssues: issue #1 created in jeff/K20j1wXaF7Ug4xOTlDYP by jeff: 
[[0;37mINFO[m] MkComments: comment #1 posted to issue #1 by jeff: release
[[0;37mINFO[m] QnRelease: release request found in jeff/K20j1wXaF7Ug4xOTlDYP#1, comment #1
[[0;37mINFO[m] MkComments: comment #2 posted to issue #1 by jeff: > release\n\n@jeff OK, I will release it now. Please check the progress [here](#)
[INFO] Tests run: 3, Failures: 0, Errors: 0, Skipped: 0, Time elapsed: 0.092 s - in com.rultor.agents.github.qtn.QnReleaseTest
[INFO] Running com.rultor.agents.github.UnderstandsTest
[[0;37mINFO[m] MkRepos: repository jeff/aYzr85nsMO2POdzddacb created by jeff
[[0;37mINFO[m] MkIssues: issue #1 created in jeff/aYzr85nsMO2POdzddacb by jeff: 
[[0;37mINFO[m] MkComments: comment #1 posted to issue #1 by jeff: @jeff hey you
[[0;37mINFO[m] Understands: temporary pause in jeff/aYzr85nsMO2POdzddacb#1, at message #0
[[0;37mINFO[m] MkRepos: repository jeff/8iYDWWJh4107tKEU87x2 created by jeff
[[0;37mINFO[m] MkIssues: issue #1 created in jeff/8iYDWWJh4107tKEU87x2 by jeff: 
[[0;37mINFO[m] MkComments: comment #1 posted to issue #1 by jeff: @jeff hello
[[0;37mINFO[m] MkComments: comment #2 posted to issue #1 by jeff: @jeff deploy
[[0;37mINFO[m] MkComments: comment #3 posted to issue #1 by jeff: > @jeff hello\n\n@jeff Hi there! I understand a few ..160..ub.com/yegor256/rultor/issues). Have fun :)
[[0;37mINFO[m] QnHello: hello found in #1
[[0;37mINFO[m] Understands: simple request in jeff/8iYDWWJh4107tKEU87x2#1
[[0;37mINFO[m] MkComments: comment #4 posted to issue #1 by jeff: > @jeff deploy\n\n@jeff OK, I'll try to deploy now. ..13..rogress [here](https://www.rultor.com/t/1-2)
[[0;37mINFO[m] QnDeploy: deploy request found in jeff/8iYDWWJh4107tKEU87x2#1 comment #2
[[0;37mINFO[m] MkRepos: repository jeff/j0g29GkdjT9nxD5cufFA created by jeff
[[0;37mINFO[m] MkIssues: issue #1 created in jeff/j0g29GkdjT9nxD5cufFA by jeff: test
[[0;37mINFO[m] MkComments: comment #1 posted to issue #1 by jeff: > @test hello\n\n@jeff Hi there! I understand a few ..160..ub.com/yegor256/rultor/issues). Have fun :)
[[0;37mINFO[m] QnHello: hello found in #1
[[0;37mINFO[m] Understands: simple request in jeff/j0g29GkdjT9nxD5cufFA#1
[INFO] Tests run: 3, Failures: 0, Errors: 0, Skipped: 0, Time elapsed: 0.207 s - in com.rultor.agents.github.UnderstandsTest
[INFO] Running com.rultor.agents.twitter.TweetsTest
[[0;37mINFO[m] MkRepos: repository jeff/bysQOFCjT83rIc7i8e0T created by jeff
[[0;37mINFO[m] MkIssues: issue #1 created in jeff/bysQOFCjT83rIc7i8e0T by jeff: 
[[0;37mINFO[m] Tweets: tweet posted about jeff/bysQOFCjT83rIc7i8e0T release
[[0;37mINFO[m] MkRepos: repository jeff/jR2dYiTaORD3Zpz88cUB created by jeff
[[0;37mINFO[m] MkIssues: issue #1 created in jeff/jR2dYiTaORD3Zpz88cUB by jeff: 
[[0;37mINFO[m] Tweets: tweet posted about jeff/jR2dYiTaORD3Zpz88cUB release
[INFO] Tests run: 2, Failures: 0, Errors: 0, Skipped: 0, Time elapsed: 0.049 s - in com.rultor.agents.twitter.TweetsTest
[INFO] Running com.rultor.agents.github.qtn.QnWithAuthorTest
[[0;37mINFO[m] MkRepos: repository jeff/jCyTkXaZscYj0MzZtAFi created by jeff
[[0;37mINFO[m] MkIssues: issue #1 created in jeff/jCyTkXaZscYj0MzZtAFi by jeff: title
[[0;37mINFO[m] MkComments: comment #1 posted to issue #1 by jeff: comment
[[0;37mINFO[m] MkComments: comment #2 posted to issue #1 by jeff: > comment\n\n@jeff OK, I'll try to stop current task.
[[0;37mINFO[m] QnStop: stop request found in jeff/jCyTkXaZscYj0MzZtAFi#1 comment #1
[[0;37mINFO[m] MkRepos: repository jeff/AVi41BQRA1RpoJovELfW created by jeff
[[0;37mINFO[m] MkIssues: issue #1 created in jeff/AVi41BQRA1RpoJovELfW by jeff: the title
[[0;37mINFO[m] MkComments: comment #1 posted to issue #1 by jeff: the comment
[[0;37mINFO[m] MkComments: comment #2 posted to issue #1 by jeff: > the comment\n\n@jeff Hi there! I understand a few ..160..ub.com/yegor256/rultor/issues). Have fun :)
[[0;37mINFO[m] QnHello: hello found in #1
[INFO] Tests run: 2, Failures: 0, Errors: 0, Skipped: 0, Time elapsed: 0.034 s - in com.rultor.agents.github.qtn.QnWithAuthorTest
[INFO] Running com.rultor.web.TkDaemonTest
[[0;37mINFO[m] Talks$InDir: talk 'test' created in /tmp/2505920744491746395/test
[[0;37mINFO[m] Talks$InDir: 1 files in /tmp/2505920744491746395
[[0;37mINFO[m] Talks$InDir: 1 files in /tmp/2505920744491746395
[[0;37mINFO[m] Talks$InDir: 1 files in /tmp/2505920744491746395
[[0;37mINFO[m] Talks$InDir: 1 files in /tmp/2505920744491746395
[INFO] Tests run: 1, Failures: 0, Errors: 0, Skipped: 0, Time elapsed: 0.037 s - in com.rultor.web.TkDaemonTest
[INFO] Running com.rultor.agents.PublishesTest
[[0;37mINFO[m] MkRepos: repository test/test created by test
[INFO] Tests run: 2, Failures: 0, Errors: 0, Skipped: 0, Time elapsed: 0.027 s - in com.rultor.agents.PublishesTest
[INFO] Running com.rultor.agents.github.qtn.QnLastOfTest
[[0;37mINFO[m] MkRepos: repository jeff/4d3yyNmKtexoVxkLJShP created by jeff
[[0;37mINFO[m] MkIssues: issue #1 created in jeff/4d3yyNmKtexoVxkLJShP by jeff: 
[[0;37mINFO[m] MkComments: comment #1 posted to issue #1 by jeff: deploy
[[0;37mINFO[m] MkComments: comment #2 posted to issue #1 by jeff: > deploy\n\n@jeff OK, I'll try to deploy now. You can check the progress [here](#)
[[0;37mINFO[m] QnDeploy: deploy request found in jeff/4d3yyNmKtexoVxkLJShP#1 comment #1
[INFO] Tests run: 1, Failures: 0, Errors: 0, Skipped: 0, Time elapsed: 0.018 s - in com.rultor.agents.github.qtn.QnLastOfTest
[INFO] Running com.rultor.agents.github.StartsTalksTest
[WARNING] Tests run: 1, Failures: 0, Errors: 0, Skipped: 1, Time elapsed: 0 s - in com.rultor.agents.github.StartsTalksTest
[INFO] Running com.rultor.agents.github.qtn.QnIfContainsTest
[[0;37mINFO[m] MkRepos: repository jeff/mUpN9uP47Tvz6r5O6XNb created by jeff
[[0;37mINFO[m] MkIssues: issue #1 created in jeff/mUpN9uP47Tvz6r5O6XNb by jeff: 
[[0;37mINFO[m] MkComments: comment #1 posted to issue #1 by jeff: something else to MErge
[[0;37mINFO[m] MkComments: comment #2 posted to issue #1 by jeff: > something else to MErge\n\n@jeff Hi there! I under..172..ub.com/yegor256/rultor/issues). Have fun :)
[[0;37mINFO[m] QnHello: hello found in #1
[[0;37mINFO[m] MkRepos: repository jeff/fFMY1TwdqAP4NgjXvRnY created by jeff
[[0;37mINFO[m] MkIssues: issue #1 created in jeff/fFMY1TwdqAP4NgjXvRnY by jeff: 
[[0;37mINFO[m] MkComments: comment #1 posted to issue #1 by jeff: something
[INFO] Tests run: 2, Failures: 0, Errors: 0, Skipped: 0, Time elapsed: 0.037 s - in com.rultor.agents.github.qtn.QnIfContainsTest
[INFO] Running com.rultor.web.TkHomeTest
[[0;37mINFO[m] Talks$InDir: talk 'test1' created in /tmp/14357645943810141389/test1
[[0;37mINFO[m] Talks$InDir: talk 'test2' created in /tmp/14357645943810141389/test2
[[0;37mINFO[m] Talks$InDir: 2 files in /tmp/14357645943810141389
[INFO] Tests run: 1, Failures: 0, Errors: 0, Skipped: 0, Time elapsed: 0.086 s - in com.rultor.web.TkHomeTest
[INFO] Running com.rultor.agents.github.qtn.QnAloneTest
[[0;37mINFO[m] MkRepos: repository jeff/dXK4Dd2QpjyRuPVmOCqw created by jeff
[[0;37mINFO[m] MkIssues: issue #1 created in jeff/dXK4Dd2QpjyRuPVmOCqw by jeff: 
[[0;37mINFO[m] MkComments: comment #1 posted to issue #1 by jeff: deploy
[[2;37mDEBUG[m] MkSttc: #locks(): MkLocks() in 32.61Âµs
[[2;37mDEBUG[m] MkLocks: #get('rt-repo-jeff-dXK4Dd2QpjyRuPVmOCqw'): MkLock() in 33.69Âµs
[[2;37mDEBUG[m] MkLock: #lock('test'): true in 24.96Âµs
[[0;37mINFO[m] QnAlone: jeff/dXK4Dd2QpjyRuPVmOCqw locked by issue #1, comment #1
[[0;37mINFO[m] MkComments: comment #2 posted to issue #1 by jeff: > deploy\n\n@jeff OK, I'll try to deploy now. You can check the progress [here](#)
[[0;37mINFO[m] QnDeploy: deploy request found in jeff/dXK4Dd2QpjyRuPVmOCqw#1 comment #1
[INFO] Tests run: 1, Failures: 0, Errors: 0, Skipped: 0, Time elapsed: 0.024 s - in com.rultor.agents.github.qtn.QnAloneTest
[INFO] Running com.rultor.agents.daemons.KillsDaemonTest
[INFO] Tests run: 1, Failures: 0, Errors: 0, Skipped: 0, Time elapsed: 0.008 s - in com.rultor.agents.daemons.KillsDaemonTest
[INFO] Running com.rultor.profiles.ProfilesTest
[INFO] Tests run: 4, Failures: 0, Errors: 0, Skipped: 0, Time elapsed: 0.038 s - in com.rultor.profiles.ProfilesTest
[INFO] Running com.rultor.agents.github.qtn.QnUnlockTest
[[0;37mINFO[m] MkRepos: repository jeff/nK6r1OYDzXgQTJwWLp31 created by jeff
[[0;37mINFO[m] MkIssues: issue #1 created in jeff/nK6r1OYDzXgQTJwWLp31 by jeff: 
[[0;37mINFO[m] MkComments: comment #1 posted to issue #1 by jeff: lock
[[0;37mINFO[m] MkComments: comment #2 posted to issue #1 by jeff: > lock\n\n@jeff File `.rultor.lock` doesn't exist in `master` branch
[[0;37mINFO[m] QnUnlock: unlock request in #1
[INFO] Tests run: 1, Failures: 0, Errors: 0, Skipped: 0, Time elapsed: 0.036 s - in com.rultor.agents.github.qtn.QnUnlockTest
[INFO] Running com.rultor.agents.github.FirstCommentTest
[[0;37mINFO[m] MkRepos: repository jeff/RD8JWONfrEV8vQNIrzI9 created by jeff
[[0;37mINFO[m] MkIssues: issue #1 created in jeff/RD8JWONfrEV8vQNIrzI9 by jeff: 
[INFO] Tests run: 1, Failures: 0, Errors: 0, Skipped: 0, Time elapsed: 0.015 s - in com.rultor.agents.github.FirstCommentTest
[INFO] Running com.rultor.web.TkAppTest
[[0;37mINFO[m] Talks$InDir: 0 files in /tmp/1569442308904202261
[[0;37mINFO[m] Talks$InDir: 0 files in /tmp/1569442308904202261
[[0;37mINFO[m] Talks$InDir: 0 files in /tmp/7714988209821071278
[WARNING] Tests run: 4, Failures: 0, Errors: 0, Skipped: 1, Time elapsed: 2.252 s - in com.rultor.web.TkAppTest
[INFO] Running com.rultor.agents.shells.RegistersShellTest
[[0;37mINFO[m] RegistersShell: shell abcd registered as local:221 in test
[INFO] Tests run: 2, Failures: 0, Errors: 0, Skipped: 0, Time elapsed: 0.033 s - in com.rultor.agents.shells.RegistersShellTest
[INFO] Running com.rultor.agents.MailsTest
[WARNING] Tests run: 2, Failures: 0, Errors: 0, Skipped: 2, Time elapsed: 0.001 s - in com.rultor.agents.MailsTest
[INFO] Running com.rultor.agents.req.DockerRunTest
[INFO] Tests run: 8, Failures: 0, Errors: 0, Skipped: 0, Time elapsed: 0.04 s - in com.rultor.agents.req.DockerRunTest
[INFO] Running com.rultor.agents.github.qtn.QnConfigTest
[[0;37mINFO[m] MkRepos: repository jeff/bXYsME5R8IQGyP3kHLtR created by jeff
[[0;37mINFO[m] MkIssues: issue #1 created in jeff/bXYsME5R8IQGyP3kHLtR by jeff: 
[[0;37mINFO[m] MkComments: comment #1 posted to issue #1 by jeff: hello
[[0;37mINFO[m] MkComments: comment #2 posted to issue #1 by jeff: > hello\n\n@jeff This is how I understand the `.rult..224..ference.html) explains how to configure it.
[[0;37mINFO[m] QnConfig: config request in #1
[INFO] Tests run: 1, Failures: 0, Errors: 0, Skipped: 0, Time elapsed: 0.025 s - in com.rultor.agents.github.qtn.QnConfigTest
[INFO] Running com.rultor.agents.github.qtn.QnStopTest
[[0;37mINFO[m] MkRepos: repository jeff/M47zev8lp1oTAJovE2iA created by jeff
[[0;37mINFO[m] MkIssues: issue #1 created in jeff/M47zev8lp1oTAJovE2iA by jeff: 
[[0;37mINFO[m] MkComments: comment #1 posted to issue #1 by jeff: stop
[[0;37mINFO[m] MkComments: comment #2 posted to issue #1 by jeff: > stop\n\n@jeff OK, I'll try to stop current task.
[[0;37mINFO[m] QnStop: stop request found in jeff/M47zev8lp1oTAJovE2iA#1 comment #1
[INFO] Tests run: 1, Failures: 0, Errors: 0, Skipped: 0, Time elapsed: 0.016 s - in com.rultor.agents.github.qtn.QnStopTest
[INFO] Running com.rultor.web.TkSiblingsTest
[[0;37mINFO[m] Talks$InDir: talk 'test' created in /tmp/9809970040176782972/test
[[0;37mINFO[m] Talks$InDir: 1 files in /tmp/9809970040176782972
[[0;37mINFO[m] Talks$InDir: 1 files in /tmp/9809970040176782972
[INFO] Tests run: 1, Failures: 0, Errors: 0, Skipped: 0, Time elapsed: 0.02 s - in com.rultor.web.TkSiblingsTest
[INFO] Running com.rultor.web.TkButtonTest
[INFO] Tests run: 1, Failures: 0, Errors: 0, Skipped: 0, Time elapsed: 0.002 s - in com.rultor.web.TkButtonTest
[INFO] Running com.rultor.agents.github.qtn.QnAskedByTest
[[0;37mINFO[m] MkRepos: repository jeff/yAe4UsbczpgvfsE7tdDI created by jeff
[[0;37mINFO[m] MkIssues: issue #1 created in jeff/yAe4UsbczpgvfsE7tdDI by jeff: needs
[[0;37mINFO[m] MkComments: comment #1 posted to issue #1 by jeff: deploy
[[0;37mINFO[m] MkRepos: repository jeff/xHi6P5RhGOZD1LrUQ7MD created by jeff
[[0;37mINFO[m] MkIssues: issue #1 created in jeff/xHi6P5RhGOZD1LrUQ7MD by jeff: title
[[0;37mINFO[m] MkComments: comment #1 posted to issue #1 by jeff: comment
[[0;37mINFO[m] MkComments: comment #2 posted to issue #1 by jeff: > comment\n\n@jeff Sorry, I accept such requests onl..129..ere](https://doc.rultor.com/reference.html)
[INFO] Tests run: 2, Failures: 0, Errors: 0, Skipped: 0, Time elapsed: 0.047 s - in com.rultor.agents.github.qtn.QnAskedByTest
[INFO] Running com.rultor.agents.github.qtn.QnVersionTest
[[0;37mINFO[m] MkRepos: repository jeff/trEhrGNLstWcr14FcbMl created by jeff
[[0;37mINFO[m] MkIssues: issue #1 created in jeff/trEhrGNLstWcr14FcbMl by jeff: 
[[0;37mINFO[m] MkComments: comment #1 posted to issue #1 by jeff: version
[[0;37mINFO[m] MkComments: comment #2 posted to issue #1 by jeff: > version\n\n@jeff My current version is 1.0, Git re..22..//github.com/yegor256/rultor/commit/a1b2c3e)
[[0;37mINFO[m] QnVersion: version request in #1
[[0;37mINFO[m] MkRepos: repository jeff/cOFH6BHeyM18hTmAy4yv created by jeff
[[0;37mINFO[m] MkIssues: issue #1 created in jeff/cOFH6BHeyM18hTmAy4yv by jeff: 
[[0;37mINFO[m] MkComments: comment #1 posted to issue #1 by jeff: version
[[0;37mINFO[m] MkComments: comment #2 posted to issue #1 by jeff: > version\n\n@jeff My current version is 1.0, Git re..22..//github.com/yegor256/rultor/commit/a1b2c3e)
[[0;37mINFO[m] QnVersion: version request in #1
[INFO] Tests run: 2, Failures: 0, Errors: 0, Skipped: 0, Time elapsed: 0.035 s - in com.rultor.agents.github.qtn.QnVersionTest
[INFO] Running com.rultor.spi.TalkTest
[INFO] Tests run: 1, Failures: 0, Errors: 0, Skipped: 0, Time elapsed: 0.006 s - in com.rultor.spi.TalkTest
[INFO] Running com.rultor.agents.DeactivatesTalksTest
[[0;37mINFO[m] DeactivatesTalks: a deactivated
[INFO] Tests run: 1, Failures: 0, Errors: 0, Skipped: 0, Time elapsed: 0.024 s - in com.rultor.agents.DeactivatesTalksTest
[INFO] Running com.rultor.agents.github.AnswerTest
[[0;37mINFO[m] MkRepos: repository jeff/gxLcznIGq5c6woUzHY6K created by jeff
[[0;37mINFO[m] MkIssues: issue #1 created in jeff/gxLcznIGq5c6woUzHY6K by jeff: 
[[0;37mINFO[m] MkComments: comment #1 posted to issue #1 by jeff: hey, do it
[[0;37mINFO[m] MkComments: comment #2 posted to issue #1 by jeff: > hey, do it\n\n@jeff hey you\u0000
[[0;37mINFO[m] MkRepos: repository jeff/QdQoyvaCSbt1cPKA6tJv created by jeff
[[0;37mINFO[m] MkIssues: issue #1 created in jeff/QdQoyvaCSbt1cPKA6tJv by jeff: 
[[0;37mINFO[m] MkComments: comment #1 posted to issue #1 by walter: hello, how are you?
[[0;37mINFO[m] MkComments: comment #2 posted to issue #1 by jeff: > hello, how are you?\n\n@walter oops
[[0;37mINFO[m] MkComments: comment #3 posted to issue #1 by jeff: > hello, how are you?\n\n@walter oops
[[0;37mINFO[m] MkComments: comment #4 posted to issue #1 by jeff: > hello, how are you?\n\n@walter oops
[[0;37mINFO[m] MkComments: comment #5 posted to issue #1 by jeff: > hello, how are you?\n\n@walter oops
[[0;37mINFO[m] MkComments: comment #6 posted to issue #1 by jeff: > hello, how are you?\n\n@walter oops
[[0;31mERROR[m] Answer: too many (5) comments from jeff already in jeff/QdQoyvaCSbt1cPKA6tJv#1
[[0;31mERROR[m] Answer: too many (5) comments from jeff already in jeff/QdQoyvaCSbt1cPKA6tJv#1
[[0;31mERROR[m] Answer: too many (5) comments from jeff already in jeff/QdQoyvaCSbt1cPKA6tJv#1
[[0;31mERROR[m] Answer: too many (5) comments from jeff already in jeff/QdQoyvaCSbt1cPKA6tJv#1
[[0;31mERROR[m] Answer: too many (5) comments from jeff already in jeff/QdQoyvaCSbt1cPKA6tJv#1
[INFO] Tests run: 2, Failures: 0, Errors: 0, Skipped: 0, Time elapsed: 0.163 s - in com.rultor.agents.github.AnswerTest
[INFO] Running com.rultor.agents.docker.DockerHealthCheckTest
[INFO] Tests run: 1, Failures: 0, Errors: 0, Skipped: 0, Time elapsed: 0.01 s - in com.rultor.agents.docker.DockerHealthCheckTest
[INFO] Running com.rultor.agents.IndexesRequestsTest
[[0;37mINFO[m] Talks$InDir: talk 'talk' created in /tmp/15000311344208087459/talk
[[0;37mINFO[m] Talks$InDir: 1 files in /tmp/15000311344208087459
[[0;37mINFO[m] Talks$InDir: 1 files in /tmp/15000311344208087459
[[0;37mINFO[m] Talks$InDir: 1 files in /tmp/15000311344208087459
[[0;37mINFO[m] Talks$InDir: 1 files in /tmp/15000311344208087459
[[0;37mINFO[m] Talks$InDir: talk 'talk' created in /tmp/12327360702932481187/talk
[[0;37mINFO[m] Talks$InDir: 1 files in /tmp/12327360702932481187
[[0;37mINFO[m] Talks$InDir: 1 files in /tmp/12327360702932481187
[[0;37mINFO[m] Talks$InDir: 1 files in /tmp/12327360702932481187
[[0;37mINFO[m] Talks$InDir: 1 files in /tmp/12327360702932481187
[[0;37mINFO[m] Talks$InDir: talk 'first' created in /tmp/18309324306353128948/first
[[0;37mINFO[m] Talks$InDir: 1 files in /tmp/18309324306353128948
[[0;37mINFO[m] Talks$InDir: talk 'second' created in /tmp/18309324306353128948/second
[[0;37mINFO[m] Talks$InDir: 2 files in /tmp/18309324306353128948
[[0;37mINFO[m] Talks$InDir: talk 'third' created in /tmp/18309324306353128948/third
[[0;37mINFO[m] Talks$InDir: 3 files in /tmp/18309324306353128948
[[0;37mINFO[m] Talks$InDir: 3 files in /tmp/18309324306353128948
[[0;37mINFO[m] Talks$InDir: 3 files in /tmp/18309324306353128948
[[0;37mINFO[m] Talks$InDir: 3 files in /tmp/18309324306353128948
[[0;37mINFO[m] Talks$InDir: talk 'talk' created in /tmp/12381042878701892505/talk
[[0;37mINFO[m] Talks$InDir: 1 files in /tmp/12381042878701892505
[[0;37mINFO[m] Talks$InDir: 1 files in /tmp/12381042878701892505
[[0;37mINFO[m] Talks$InDir: 1 files in /tmp/12381042878701892505
[[0;37mINFO[m] Talks$InDir: 1 files in /tmp/12381042878701892505
[INFO] Tests run: 4, Failures: 0, Errors: 0, Skipped: 0, Time elapsed: 0.087 s - in com.rultor.agents.IndexesRequestsTest
[INFO] Running com.rultor.agents.req.BracketsTest
[INFO] Tests run: 1, Failures: 0, Errors: 0, Skipped: 0, Time elapsed: 0.001 s - in com.rultor.agents.req.BracketsTest
[INFO] Running com.rultor.agents.github.qtn.QnHelloTest
[[0;37mINFO[m] MkRepos: repository jeff/7LIsC4yGH36Oa8A0ZtcM created by jeff
[[0;37mINFO[m] MkIssues: issue #1 created in jeff/7LIsC4yGH36Oa8A0ZtcM by jeff: 
[[0;37mINFO[m] MkComments: comment #1 posted to issue #1 by jeff: hello
[[0;37mINFO[m] MkComments: comment #2 posted to issue #1 by jeff: > hello\n\n@jeff Hi there! I understand a few simple..154..ub.com/yegor256/rultor/issues). Have fun :)
[[0;37mINFO[m] QnHello: hello found in #1
[INFO] Tests run: 1, Failures: 0, Errors: 0, Skipped: 0, Time elapsed: 0.02 s - in com.rultor.agents.github.qtn.QnHelloTest
[INFO] Running com.rultor.agents.github.qtn.QnParametrizedTest
[[0;37mINFO[m] MkRepos: repository jeff/jYlHGMCcNWsenFzpP4Kc created by jeff
[[0;37mINFO[m] MkIssues: issue #1 created in jeff/jYlHGMCcNWsenFzpP4Kc by jeff: 
[[0;37mINFO[m] MkComments: comment #1 posted to issue #1 by jeff: 
[[0;37mINFO[m] MkRepos: repository jeff/Yp4EHCQQOKhxvsDw6NzM created by jeff
[[0;37mINFO[m] MkIssues: issue #1 created in jeff/Yp4EHCQQOKhxvsDw6NzM by jeff: 
[[0;37mINFO[m] MkComments: comment #1 posted to issue #1 by jeff: hey, tag=`1.9` and server is `p5`
[[0;37mINFO[m] MkRepos: repository jeff/7yK0Yv4iqahnWxdrOZIQ created by jeff
[[0;37mINFO[m] MkIssues: issue #1 created in jeff/7yK0Yv4iqahnWxdrOZIQ by jeff: 
[[0;37mINFO[m] MkComments: comment #1 posted to issue #1 by jeff: hey
[[0;37mINFO[m] MkRepos: repository jeff/5zh3hPAoT5FB0cRAGv6X created by jeff
[[0;37mINFO[m] MkIssues: issue #1 created in jeff/5zh3hPAoT5FB0cRAGv6X by jeff: 
[[0;37mINFO[m] MkComments: comment #1 posted to issue #1 by jeff: hey you
[INFO] Tests run: 4, Failures: 0, Errors: 0, Skipped: 0, Time elapsed: 0.026 s - in com.rultor.agents.github.qtn.QnParametrizedTest
[INFO] Running com.rultor.profiles.ProfileDeprecationsTest
[INFO] Tests run: 2, Failures: 0, Errors: 0, Skipped: 0, Time elapsed: 0.007 s - in com.rultor.profiles.ProfileDeprecationsTest
[INFO] Running com.rultor.agents.AgentsTest
[[2;37mDEBUG[m] MkSttc: #locks(): MkLocks() in 23.67Âµs
[INFO] Tests run: 1, Failures: 0, Errors: 0, Skipped: 0, Time elapsed: 0.439 s - in com.rultor.agents.AgentsTest
[INFO] Running com.rultor.agents.github.qtn.QnGithubIssueTest
[[0;37mINFO[m] MkRepos: repository jeff/5cBXXgYuuBHkTJubTDV9 created by jeff
[[0;37mINFO[m] MkIssues: issue #1 created in jeff/5cBXXgYuuBHkTJubTDV9 by jeff: 
[[0;37mINFO[m] MkComments: comment #1 posted to issue #1 by jeff: test comment.
[INFO] Tests run: 1, Failures: 0, Errors: 0, Skipped: 0, Time elapsed: 0.012 s - in com.rultor.agents.github.qtn.QnGithubIssueTest
[INFO] Running com.rultor.agents.github.qtn.QnStatusTest
[[0;37mINFO[m] MkRepos: repository jeff/Ihl91knazPqjuQjMhvMO created by jeff
[[0;37mINFO[m] MkIssues: issue #1 created in jeff/Ihl91knazPqjuQjMhvMO by jeff: 
[[0;37mINFO[m] MkComments: comment #1 posted to issue #1 by jeff: status
[[0;37mINFO[m] MkComments: comment #2 posted to issue #1 by jeff: > status\n\n@jeff This is what's going on here:\n\n * ..229..ere](https://doc.rultor.com/commands.html).
[[0;37mINFO[m] QnStatus: status request in #1
[INFO] Tests run: 1, Failures: 0, Errors: 0, Skipped: 0, Time elapsed: 0.043 s - in com.rultor.agents.github.qtn.QnStatusTest
[INFO] Running com.rultor.agents.github.qtn.QnIfUnlockedTest
[WARNING] Tests run: 1, Failures: 0, Errors: 0, Skipped: 1, Time elapsed: 0 s - in com.rultor.agents.github.qtn.QnIfUnlockedTest
[INFO] Running com.rultor.agents.github.qtn.QnReferredToTest
[[0;37mINFO[m] MkRepos: repository jeff/CvkEyPZZPM2Jc0BQUTia created by jeff
[[0;37mINFO[m] MkIssues: issue #1 created in jeff/CvkEyPZZPM2Jc0BQUTia by jeff: 
[[0;37mINFO[m] MkComments: comment #1 posted to issue #1 by jeff: hello @xx deploy
[[0;37mINFO[m] MkComments: comment #2 posted to issue #1 by jeff: > hello @xx deploy\n\n@jeff I see you're talking abo..53..ing to me directly, start a message with @xx
[[0;37mINFO[m] QnReferredTo: mention found in #1
[[0;37mINFO[m] MkRepos: repository jeff/BU8d4JGZbpWqHBquec5I created by jeff
[[0;37mINFO[m] MkIssues: issue #1 created in jeff/BU8d4JGZbpWqHBquec5I by jeff: 
[[0;37mINFO[m] MkComments: comment #1 posted to issue #1 by jeff: hello @xx, deploy
[[0;37mINFO[m] MkComments: comment #2 posted to issue #1 by jeff: > hello @xx, deploy\n\n@jeff I see you're talking ab..54..ing to me directly, start a message with @xx
[[0;37mINFO[m] QnReferredTo: mention found in #1
[[0;37mINFO[m] MkRepos: repository jeff/j8L8vYqzcYQfw85mNyib created by jeff
[[0;37mINFO[m] MkIssues: issue #1 created in jeff/j8L8vYqzcYQfw85mNyib by jeff: 
[[0;37mINFO[m] MkComments: comment #1 posted to issue #1 by jeff: hello ,@xx deploy
[[0;37mINFO[m] MkComments: comment #2 posted to issue #1 by jeff: > hello ,@xx deploy\n\n@jeff I see you're talking ab..54..ing to me directly, start a message with @xx
[[0;37mINFO[m] QnReferredTo: mention found in #1
[[0;37mINFO[m] MkRepos: repository jeff/H0iDXtgKeWvepvxuxlcW created by jeff
[[0;37mINFO[m] MkIssues: issue #1 created in jeff/H0iDXtgKeWvepvxuxlcW by jeff: 
[[0;37mINFO[m] MkComments: comment #1 posted to issue #1 by jeff: hello @xxx deploy
[[0;37mINFO[m] QnReferredTo: Comment #1 in jeff/H0iDXtgKeWvepvxuxlcW#1 is not for me (no "@xx" prefix)
[[0;37mINFO[m] MkRepos: repository jeff/Yb0rdw1ykJmqZHP7rzN1 created by jeff
[[0;37mINFO[m] MkIssues: issue #1 created in jeff/Yb0rdw1ykJmqZHP7rzN1 by jeff: 
[[0;37mINFO[m] MkComments: comment #1 posted to issue #1 by jeff: hello x@xx deploy
[[0;37mINFO[m] QnReferredTo: Comment #1 in jeff/Yb0rdw1ykJmqZHP7rzN1#1 is not for me (no "@xx" prefix)
[[0;37mINFO[m] MkRepos: repository jeff/MhFF2jGWe6hTwWuKInDm created by jeff
[[0;37mINFO[m] MkIssues: issue #1 created in jeff/MhFF2jGWe6hTwWuKInDm by jeff: 
[[0;37mINFO[m] MkComments: comment #1 posted to issue #1 by jeff:   @xx deploy
[[0;37mINFO[m] MkComments: comment #2 posted to issue #1 by jeff: >   @xx deploy\n\n@jeff OK, I'll try to deploy now. You can check the progress [here](#)
[[0;37mINFO[m] QnDeploy: deploy request found in jeff/MhFF2jGWe6hTwWuKInDm#1 comment #1
[[0;37mINFO[m] MkRepos: repository jeff/Ow8VsCGgMEcpr3AD3VKK created by jeff
[[0;37mINFO[m] MkIssues: issue #1 created in jeff/Ow8VsCGgMEcpr3AD3VKK by jeff: 
[[0;37mINFO[m] MkComments: comment #1 posted to issue #1 by jeff:   @xx, deploy
[[0;37mINFO[m] MkComments: comment #2 posted to issue #1 by jeff: >   @xx, deploy\n\n@jeff OK, I'll try to deploy now. You can check the progress [here](#)
[[0;37mINFO[m] QnDeploy: deploy request found in jeff/Ow8VsCGgMEcpr3AD3VKK#1 comment #1
[INFO] Tests run: 4, Failures: 0, Errors: 0, Skipped: 0, Time elapsed: 0.088 s - in com.rultor.agents.github.qtn.QnReferredToTest
[INFO] Running com.rultor.agents.docker.StartsDockerDaemonTest
[WARNING] Tests run: 1, Failures: 0, Errors: 0, Skipped: 1, Time elapsed: 0.004 s - in com.rultor.agents.docker.StartsDockerDaemonTest
[INFO] Running com.rultor.agents.github.CommitsLogTest
[INFO] Tests run: 2, Failures: 0, Errors: 0, Skipped: 0, Time elapsed: 0.085 s - in com.rultor.agents.github.CommitsLogTest
[INFO] Running com.rultor.web.TkTicksTest
[INFO] Tests run: 2, Failures: 0, Errors: 0, Skipped: 0, Time elapsed: 0.537 s - in com.rultor.web.TkTicksTest
[INFO] Running com.rultor.agents.github.qtn.QnLockTest
[[0;37mINFO[m] MkRepos: repository jeff/4YUELM4luHICC8a29Zza created by jeff
[[0;37mINFO[m] MkIssues: issue #1 created in jeff/4YUELM4luHICC8a29Zza by jeff: 
[[0;37mINFO[m] MkComments: comment #1 posted to issue #1 by jeff: lock users=`@test1, test2`
[[0;37mINFO[m] MkComments: comment #2 posted to issue #1 by jeff: > lock users=`@test1, test2`\n\n@jeff I added `.rult..138.. say ``@rultor unlock branch is `master```.
[[0;37mINFO[m] QnLock: lock request in #1
[INFO] Tests run: 1, Failures: 0, Errors: 0, Skipped: 0, Time elapsed: 0.03 s - in com.rultor.agents.github.qtn.QnLockTest
[INFO] Running com.rultor.agents.github.qtn.QnIfCollaboratorTest
[[0;37mINFO[m] MkRepos: repository jeff/0Oe9Te2gRDMfu25azjMJ created by jeff
[[0;37mINFO[m] MkIssues: issue #1 created in jeff/0Oe9Te2gRDMfu25azjMJ by jeff: 
[[0;37mINFO[m] MkComments: comment #1 posted to issue #1 by jeff: deploy
[[0;37mINFO[m] MkComments: comment #2 posted to issue #1 by jeff: > deploy\n\n@jeff You need to add me to the list of ..55..d [here](https://doc.rultor.com/basics.html)
[INFO] Tests run: 1, Failures: 0, Errors: 0, Skipped: 0, Time elapsed: 0.021 s - in com.rultor.agents.github.qtn.QnIfCollaboratorTest
[INFO] Running com.rultor.agents.github.ClosePullRequestTest
[[0;37mINFO[m] MkRepos: repository jeff/swUiEYCPKETKHzEKJEpT created by jeff
[[0;37mINFO[m] MkIssues: issue #1 created in jeff/swUiEYCPKETKHzEKJEpT by jeff: 
[[0;37mINFO[m] MkEvent: issue event #1 of type closed created in jeff for issue #1 by jeff
[[0;37mINFO[m] MkComments: comment #1 posted to issue #1 by jeff: Rultor closed this pull request for you because yo..231.. been merged without the rebase option set.
[[0;37mINFO[m] MkRepos: repository jeff/OBJD8eFA8zzoGxFSqrG9 created by jeff
[[0;37mINFO[m] MkIssues: issue #1 created in jeff/OBJD8eFA8zzoGxFSqrG9 by jeff: 
[INFO] Tests run: 2, Failures: 0, Errors: 0, Skipped: 0, Time elapsed: 0.042 s - in com.rultor.agents.github.ClosePullRequestTest
[INFO] Running com.rultor.agents.req.DecryptTest
[WARNING] Tests run: 2, Failures: 0, Errors: 0, Skipped: 1, Time elapsed: 0.018 s - in com.rultor.agents.req.DecryptTest
[INFO] Running com.rultor.agents.github.ReleaseBinariesTest
[WARNING] Tests run: 1, Failures: 0, Errors: 0, Skipped: 1, Time elapsed: 0.001 s - in com.rultor.agents.github.ReleaseBinariesTest
[INFO] Running com.rultor.profiles.GithubProfileValidationTest
[[0;37mINFO[m] MkRepos: repository jeff/test created by jeff
[[0;37mINFO[m] MkRepos: repository jeff/test created by jeff
[[0;37mINFO[m] MkRepos: repository jeff/test created by jeff
[[0;37mINFO[m] MkRepos: repository jeff/test created by jeff
[[0;37mINFO[m] MkRepos: repository jeff/test created by jeff
[[0;37mINFO[m] MkRepos: repository jeff/test created by jeff
[[0;37mINFO[m] MkRepos: repository jeff/test created by jeff
[[0;37mINFO[m] MkRepos: repository jeff/test created by jeff
[[0;37mINFO[m] MkRepos: repository jeff/test created by jeff
[[0;37mINFO[m] MkRepos: repository jeff/test created by jeff
[WARNING] Tests run: 13, Failures: 0, Errors: 0, Skipped: 3, Time elapsed: 0.109 s - in com.rultor.profiles.GithubProfileValidationTest
[INFO] Running com.rultor.EntryTest
[INFO] Tests run: 0, Failures: 0, Errors: 0, Skipped: 0, Time elapsed: 1.004 s - in com.rultor.EntryTest
[INFO] Running com.rultor.agents.req.StartsRequestTest
[[0;33mWARN[m] VerboseProcess: >> + set -e
[[0;33mWARN[m] VerboseProcess: >> + set -o pipefail
[[0;33mWARN[m] VerboseProcess: >> + git init .
[[0;33mWARN[m] VerboseProcess: >> + git config user.email test@rultor.com
[[0;33mWARN[m] VerboseProcess: >> + git config user.name test
[[0;33mWARN[m] VerboseProcess: >> + echo 'hello, world!'
[[0;33mWARN[m] VerboseProcess: >> + git add .
[[0;33mWARN[m] VerboseProcess: >> + git -c commit.gpgsign=false commit -am 'first file'
[[0;33mWARN[m] VerboseProcess: >> + git checkout -b frk
[[0;33mWARN[m] VerboseProcess: >> Switched to a new branch 'frk'
[[0;33mWARN[m] VerboseProcess: >> + echo 'good bye!'
[[0;33mWARN[m] VerboseProcess: >> + git -c commit.gpgsign=false commit -am 'modified file'
[[0;33mWARN[m] VerboseProcess: >> + git checkout master
[[0;33mWARN[m] VerboseProcess: >> Switched to branch 'master'
[[0;33mWARN[m] VerboseProcess: >> + git config receive.denyCurrentBranch ignore
[[0;37mINFO[m] StartsRequest: request merge/a1b2c3 started for test
[[0;33mWARN[m] VerboseProcess: >> + set -e
[[0;33mWARN[m] VerboseProcess: >> + set -o pipefail
[[0;33mWARN[m] VerboseProcess: >> + ff=default
[[0;33mWARN[m] VerboseProcess: >> + image=yegor256/rultor-image
[[0;33mWARN[m] VerboseProcess: >> + rebase=false
[[0;33mWARN[m] VerboseProcess: >> + head_branch=master
[[0;33mWARN[m] VerboseProcess: >> + pull_title='the "title'
[[0;33mWARN[m] VerboseProcess: >> + author=yegor256
[[0;33mWARN[m] VerboseProcess: >> + directory=
[[0;33mWARN[m] VerboseProcess: >> + head=/tmp/junit3986021499321546419/junit16837129335042308368
[[0;33mWARN[m] VerboseProcess: >> + fork=/tmp/junit3986021499321546419/junit16837129335042308368
[[0;33mWARN[m] VerboseProcess: >> + fork_branch=frk
[[0;33mWARN[m] VerboseProcess: >> + squash=false
[[0;33mWARN[m] VerboseProcess: >> + vars=('--env=head=/tmp/junit3986021499321546419/junit16837129335042308368' '--env=fork=/tmp/junit3986021499321546419/junit16837129335042308368' '--env=fork_branch=frk' '--env=head_branch=master' '--env=pull_title=the "title' '--env=author=yegor256' '--env=scripts=( '\''export '\''\'\'''\''head=/tmp/junit3986021499321546419/junit16837129335042308368'\''\'\'''\'''\'' '\'';'\'' '\''export '\''\'\'''\''fork=/tmp/junit3986021499321546419/junit16837129335042308368'\''\'\'''\'''\'' '\'';'\'' '\''export '\''\'\'''\''fork_branch=frk'\''\'\'''\'''\'' '\'';'\'' '\''export '\''\'\'''\''head_branch=master'\''\'\'''\'''\'' '\'';'\'' '\''export '\''\'\'''\''pull_title=the "title'\''\'\'''\'''\'' '\'';'\'' '\''export '\''\'\'''\''author=yegor256'\''\'\'''\'''\'' '\'';'\'' '\''echo HEY'\'' '\'';'\'' )')
[[0;33mWARN[m] VerboseProcess: >> + scripts=('export '\''head=/tmp/junit3986021499321546419/junit16837129335042308368'\''' ';' 'export '\''fork=/tmp/junit3986021499321546419/junit16837129335042308368'\''' ';' 'export '\''fork_branch=frk'\''' ';' 'export '\''head_branch=master'\''' ';' 'export '\''pull_title=the "title'\''' ';' 'export '\''author=yegor256'\''' ';' 'echo HEY' ';')
[[0;33mWARN[m] VerboseProcess: >> + container=test
[[0;33mWARN[m] VerboseProcess: >> + as_root=false
[[0;33mWARN[m] VerboseProcess: >> + hostname
[[0;33mWARN[m] VerboseProcess: >> repairnator
[[0;33mWARN[m] VerboseProcess: >> + git --version
[[0;33mWARN[m] VerboseProcess: >> git version 2.17.1
[[0;33mWARN[m] VerboseProcess: >> + docker --version
[[0;33mWARN[m] VerboseProcess: >> + (( i=1 ))
[[0;33mWARN[m] VerboseProcess: >> + (( i<=1 ))
[[0;33mWARN[m] VerboseProcess: >> + echo 'DOCKER-1: --version'
[[0;33mWARN[m] VerboseProcess: >> DOCKER-1: --version
[[0;33mWARN[m] VerboseProcess: >> + (( i++  ))
[[0;33mWARN[m] VerboseProcess: >> + (( i<=1 ))
[[0;33mWARN[m] VerboseProcess: >> + mkdir -p /home/gabsko/.ssh
[[0;33mWARN[m] VerboseProcess: >> + echo -e 'Host github.com\n\tStrictHostKeyChecking no\n'
[[0;33mWARN[m] VerboseProcess: >> /bin/bash: line 36: /home/gabsko/.ssh/config: Permission denied
[[0;33mWARN[m] VerboseProcess: >> + set -e
[[0;33mWARN[m] VerboseProcess: >> + set -o pipefail
[[0;33mWARN[m] VerboseProcess: >> + git init .
[[0;33mWARN[m] VerboseProcess: >> + git config user.email test@rultor.com
[[0;33mWARN[m] VerboseProcess: >> + git config user.name test
[[0;33mWARN[m] VerboseProcess: >> + echo 'hello, world!'
[[0;33mWARN[m] VerboseProcess: >> + git add .
[[0;33mWARN[m] VerboseProcess: >> + git -c commit.gpgsign=false commit -am 'first file'
[[0;33mWARN[m] VerboseProcess: >> + git checkout -b frk
[[0;33mWARN[m] VerboseProcess: >> Switched to a new branch 'frk'
[[0;33mWARN[m] VerboseProcess: >> + echo 'good bye!'
[[0;33mWARN[m] VerboseProcess: >> + git -c commit.gpgsign=false commit -am 'modified file'
[[0;33mWARN[m] VerboseProcess: >> + git checkout master
[[0;33mWARN[m] VerboseProcess: >> Switched to branch 'master'
[[0;33mWARN[m] VerboseProcess: >> + git config receive.denyCurrentBranch ignore
[[0;37mINFO[m] StartsRequest: request deploy/abcd started for test
[[0;33mWARN[m] VerboseProcess: >> + set -e
[[0;33mWARN[m] VerboseProcess: >> + set -o pipefail
[[0;33mWARN[m] VerboseProcess: >> + head=/tmp/junit13123246137673587279/junit10076176647816275481
[[0;33mWARN[m] VerboseProcess: >> + image=yegor256/rultor-image
[[0;33mWARN[m] VerboseProcess: >> + head_branch=master
[[0;33mWARN[m] VerboseProcess: >> + author=yegor256
[[0;33mWARN[m] VerboseProcess: >> + vars=('--env=head=/tmp/junit13123246137673587279/junit10076176647816275481' '--env=scripts=( '\''export '\''\'\'''\''head=/tmp/junit13123246137673587279/junit10076176647816275481'\''\'\'''\'''\'' '\'';'\'' '\''export '\''\'\'''\''head_branch=master'\''\'\'''\'''\'' '\'';'\'' '\''export '\''\'\'''\''author=yegor256'\''\'\'''\'''\'' '\'';'\'' '\''echo BOOM'\'' '\'';'\'' )' '--env=head_branch=master' '--env=author=yegor256')
[[0;33mWARN[m] VerboseProcess: >> + scripts=('export '\''head=/tmp/junit13123246137673587279/junit10076176647816275481'\''' ';' 'export '\''head_branch=master'\''' ';' 'export '\''author=yegor256'\''' ';' 'echo BOOM' ';')
[[0;33mWARN[m] VerboseProcess: >> + directory=
[[0;33mWARN[m] VerboseProcess: >> + container=test
[[0;33mWARN[m] VerboseProcess: >> + as_root=true
[[0;33mWARN[m] VerboseProcess: >> + hostname
[[0;33mWARN[m] VerboseProcess: >> repairnator
[[0;33mWARN[m] VerboseProcess: >> + git --version
[[0;33mWARN[m] VerboseProcess: >> git version 2.17.1
[[0;33mWARN[m] VerboseProcess: >> + docker --version
[[0;33mWARN[m] VerboseProcess: >> + (( i=1 ))
[[0;33mWARN[m] VerboseProcess: >> + (( i<=1 ))
[[0;33mWARN[m] VerboseProcess: >> + echo 'DOCKER-1: --version'
[[0;33mWARN[m] VerboseProcess: >> DOCKER-1: --version
[[0;33mWARN[m] VerboseProcess: >> + (( i++  ))
[[0;33mWARN[m] VerboseProcess: >> + (( i<=1 ))
[[0;33mWARN[m] VerboseProcess: >> + mkdir -p /home/gabsko/.ssh
[[0;33mWARN[m] VerboseProcess: >> + echo -e 'Host github.com\n\tStrictHostKeyChecking no\n'
[[0;33mWARN[m] VerboseProcess: >> /bin/bash: line 30: /home/gabsko/.ssh/config: Permission denied
[[0;37mINFO[m] StartsRequest: request deploy/ff89 started for test
[[0;33mWARN[m] VerboseProcess: >> + set -e
[[0;33mWARN[m] VerboseProcess: >> + set -o pipefail
[[0;33mWARN[m] VerboseProcess: >> + git init .
[[0;33mWARN[m] VerboseProcess: >> + git config user.email test@rultor.com
[[0;33mWARN[m] VerboseProcess: >> + git config user.name test
[[0;33mWARN[m] VerboseProcess: >> + echo 'hello, world!'
[[0;33mWARN[m] VerboseProcess: >> + git add .
[[0;33mWARN[m] VerboseProcess: >> + git -c commit.gpgsign=false commit -am 'first file'
[[0;33mWARN[m] VerboseProcess: >> + git checkout -b frk
[[0;33mWARN[m] VerboseProcess: >> Switched to a new branch 'frk'
[[0;33mWARN[m] VerboseProcess: >> + echo 'good bye!'
[[0;33mWARN[m] VerboseProcess: >> + git -c commit.gpgsign=false commit -am 'modified file'
[[0;33mWARN[m] VerboseProcess: >> + git checkout master
[[0;33mWARN[m] VerboseProcess: >> Switched to branch 'master'
[[0;33mWARN[m] VerboseProcess: >> + git config receive.denyCurrentBranch ignore
[[0;37mINFO[m] StartsRequest: request deploy/abcd started for test
[[0;33mWARN[m] VerboseProcess: >> + set -e
[[0;33mWARN[m] VerboseProcess: >> + set -o pipefail
[[0;33mWARN[m] VerboseProcess: >> + head=/tmp/junit2208030917935543557/junit2581126563274838068
[[0;33mWARN[m] VerboseProcess: >> + image=yegor256/rultor-image
[[0;33mWARN[m] VerboseProcess: >> + head_branch=master
[[0;33mWARN[m] VerboseProcess: >> + author=yegor256
[[0;33mWARN[m] VerboseProcess: >> + vars=('--env=MAVEN_OPTS=-Xmx2g -Xms1g' '--env=head=/tmp/junit2208030917935543557/junit2581126563274838068' '--env=scripts=( '\''export '\''\'\'''\''MAVEN_OPTS=-Xmx2g -Xms1g'\''\'\'''\'''\'' '\'';'\'' '\''export '\''\'\'''\''head=/tmp/junit2208030917935543557/junit2581126563274838068'\''\'\'''\'''\'' '\'';'\'' '\''export '\''\'\'''\''head_branch=master'\''\'\'''\'''\'' '\'';'\'' '\''export '\''\'\'''\''author=yegor256'\''\'\'''\'''\'' '\'';'\'' '\''echo HEY'\'' '\'';'\'' )' '--env=head_branch=master' '--env=author=yegor256')
[[0;33mWARN[m] VerboseProcess: >> + scripts=('export '\''MAVEN_OPTS=-Xmx2g -Xms1g'\''' ';' 'export '\''head=/tmp/junit2208030917935543557/junit2581126563274838068'\''' ';' 'export '\''head_branch=master'\''' ';' 'export '\''author=yegor256'\''' ';' 'echo HEY' ';')
[[0;33mWARN[m] VerboseProcess: >> + directory=
[[0;33mWARN[m] VerboseProcess: >> + container=test
[[0;33mWARN[m] VerboseProcess: >> + as_root=false
[[0;33mWARN[m] VerboseProcess: >> + hostname
[[0;33mWARN[m] VerboseProcess: >> repairnator
[[0;33mWARN[m] VerboseProcess: >> + git --version
[[0;33mWARN[m] VerboseProcess: >> git version 2.17.1
[[0;33mWARN[m] VerboseProcess: >> + docker --version
[[0;33mWARN[m] VerboseProcess: >> + (( i=1 ))
[[0;33mWARN[m] VerboseProcess: >> + (( i<=1 ))
[[0;33mWARN[m] VerboseProcess: >> + echo 'DOCKER-1: --version'
[[0;33mWARN[m] VerboseProcess: >> DOCKER-1: --version
[[0;33mWARN[m] VerboseProcess: >> + (( i++  ))
[[0;33mWARN[m] VerboseProcess: >> + (( i<=1 ))
[[0;33mWARN[m] VerboseProcess: >> + mkdir -p /home/gabsko/.ssh
[[0;33mWARN[m] VerboseProcess: >> + echo -e 'Host github.com\n\tStrictHostKeyChecking no\n'
[[0;33mWARN[m] VerboseProcess: >> /bin/bash: line 30: /home/gabsko/.ssh/config: Permission denied
[[0;37mINFO[m] StartsRequest: request merge/abcd started for test
[[0;33mWARN[m] VerboseProcess: >> + set -e
[[0;33mWARN[m] VerboseProcess: >> + set -o pipefail
[[0;33mWARN[m] VerboseProcess: >> + git init .
[[0;33mWARN[m] VerboseProcess: >> + git config user.email test@rultor.com
[[0;33mWARN[m] VerboseProcess: >> + git config user.name test
[[0;33mWARN[m] VerboseProcess: >> + echo 'hello, world!'
[[0;33mWARN[m] VerboseProcess: >> + git add .
[[0;33mWARN[m] VerboseProcess: >> + git -c commit.gpgsign=false commit -am 'first file'
[[0;33mWARN[m] VerboseProcess: >> + git checkout -b frk
[[0;33mWARN[m] VerboseProcess: >> Switched to a new branch 'frk'
[[0;33mWARN[m] VerboseProcess: >> + echo 'good bye!'
[[0;33mWARN[m] VerboseProcess: >> + git -c commit.gpgsign=false commit -am 'modified file'
[[0;33mWARN[m] VerboseProcess: >> + git checkout master
[[0;33mWARN[m] VerboseProcess: >> Switched to branch 'master'
[[0;33mWARN[m] VerboseProcess: >> + git config receive.denyCurrentBranch ignore
[[0;37mINFO[m] StartsRequest: request release/a8b9c0 started for test
[[0;33mWARN[m] VerboseProcess: >> + set -e
[[0;33mWARN[m] VerboseProcess: >> + set -o pipefail
[[0;33mWARN[m] VerboseProcess: >> + head=/tmp/junit824520207772635460/junit14193196925603183099
[[0;33mWARN[m] VerboseProcess: >> + image=a/b
[[0;33mWARN[m] VerboseProcess: >> + head_branch=master
[[0;33mWARN[m] VerboseProcess: >> + author=yegor256
[[0;33mWARN[m] VerboseProcess: >> + tag=1.0-beta
[[0;33mWARN[m] VerboseProcess: >> + vars=('--env=head=/tmp/junit824520207772635460/junit14193196925603183099' '--env=tag=1.0-beta' '--env=scripts=( '\''export '\''\'\'''\''head=/tmp/junit824520207772635460/junit14193196925603183099'\''\'\'''\'''\'' '\'';'\'' '\''export '\''\'\'''\''tag=1.0-beta'\''\'\'''\'''\'' '\'';'\'' '\''export '\''\'\'''\''head_branch=master'\''\'\'''\'''\'' '\'';'\'' '\''export '\''\'\'''\''author=yegor256'\''\'\'''\'''\'' '\'';'\'' '\''echo HEY'\'' '\'';'\'' )' '--env=head_branch=master' '--env=author=yegor256')
[[0;33mWARN[m] VerboseProcess: >> + scripts=('export '\''head=/tmp/junit824520207772635460/junit14193196925603183099'\''' ';' 'export '\''tag=1.0-beta'\''' ';' 'export '\''head_branch=master'\''' ';' 'export '\''author=yegor256'\''' ';' 'echo HEY' ';')
[[0;33mWARN[m] VerboseProcess: >> + directory=
[[0;33mWARN[m] VerboseProcess: >> + container=test
[[0;33mWARN[m] VerboseProcess: >> + as_root=false
[[0;33mWARN[m] VerboseProcess: >> + hostname
[[0;33mWARN[m] VerboseProcess: >> repairnator
[[0;33mWARN[m] VerboseProcess: >> + git --version
[[0;33mWARN[m] VerboseProcess: >> git version 2.17.1
[[0;33mWARN[m] VerboseProcess: >> + docker --version
[[0;33mWARN[m] VerboseProcess: >> + (( i=1 ))
[[0;33mWARN[m] VerboseProcess: >> + (( i<=1 ))
[[0;33mWARN[m] VerboseProcess: >> + echo 'DOCKER-1: --version'
[[0;33mWARN[m] VerboseProcess: >> DOCKER-1: --version
[[0;33mWARN[m] VerboseProcess: >> + (( i++  ))
[[0;33mWARN[m] VerboseProcess: >> + (( i<=1 ))
[[0;33mWARN[m] VerboseProcess: >> + mkdir -p /home/gabsko/.ssh
[[0;33mWARN[m] VerboseProcess: >> + echo -e 'Host github.com\n\tStrictHostKeyChecking no\n'
[[0;33mWARN[m] VerboseProcess: >> /bin/bash: line 31: /home/gabsko/.ssh/config: Permission denied
[ERROR] Tests run: 7, Failures: 0, Errors: 4, Skipped: 1, Time elapsed: 0.349 s <<< FAILURE! - in com.rultor.agents.req.StartsRequestTest
[ERROR] com.rultor.agents.req.StartsRequestTest.startsMergeRequest  Time elapsed: 0.113 s  <<< ERROR!
java.lang.IllegalArgumentException: Non-zero exit code 1: + set -e\n+ set -o pipefail\n+ ff=default\n+ image=ye..1731..ome/gabsko/.ssh/config: Permission denied\n
	at com.jcabi.log.VerboseProcess.stdout(VerboseProcess.java:298)
	at com.jcabi.log.VerboseProcess.stdout(VerboseProcess.java:185)
	at com.rultor.agents.req.StartsRequestTest.exec(StartsRequestTest.java:421)
	at com.rultor.agents.req.StartsRequestTest.startsMergeRequest(StartsRequestTest.java:245)
	at java.base/jdk.internal.reflect.NativeMethodAccessorImpl.invoke0(Native Method)
	at java.base/jdk.internal.reflect.NativeMethodAccessorImpl.invoke(NativeMethodAccessorImpl.java:62)
	at java.base/jdk.internal.reflect.DelegatingMethodAccessorImpl.invoke(DelegatingMethodAccessorImpl.java:43)
	at java.base/java.lang.reflect.Method.invoke(Method.java:566)
	at org.junit.runners.model.FrameworkMethod$1.runReflectiveCall(FrameworkMethod.java:59)
	at org.junit.internal.runners.model.ReflectiveCallable.run(ReflectiveCallable.java:12)
	at org.junit.runners.model.FrameworkMethod.invokeExplosively(FrameworkMethod.java:56)
	at org.junit.internal.runners.statements.InvokeMethod.evaluate(InvokeMethod.java:17)
	at org.junit.rules.ExternalResource$1.evaluate(ExternalResource.java:54)
	at org.junit.runners.ParentRunner$3.evaluate(ParentRunner.java:306)
	at org.junit.runners.BlockJUnit4ClassRunner$1.evaluate(BlockJUnit4ClassRunner.java:100)
	at org.junit.runners.ParentRunner.runLeaf(ParentRunner.java:366)
	at org.junit.runners.BlockJUnit4ClassRunner.runChild(BlockJUnit4ClassRunner.java:103)
	at org.junit.runners.BlockJUnit4ClassRunner.runChild(BlockJUnit4ClassRunner.java:63)
	at org.junit.runners.ParentRunner$4.run(ParentRunner.java:331)
	at org.junit.runners.ParentRunner$1.schedule(ParentRunner.java:79)
	at org.junit.runners.ParentRunner.runChildren(ParentRunner.java:329)
	at org.junit.runners.ParentRunner.access$100(ParentRunner.java:66)
	at org.junit.runners.ParentRunner$2.evaluate(ParentRunner.java:293)
	at org.junit.runners.ParentRunner$3.evaluate(ParentRunner.java:306)
	at org.junit.runners.ParentRunner.run(ParentRunner.java:413)
	at org.junit.runner.JUnitCore.run(JUnitCore.java:137)
	at org.junit.runner.JUnitCore.run(JUnitCore.java:115)
	at org.junit.vintage.engine.execution.RunnerExecutor.execute(RunnerExecutor.java:42)
	at org.junit.vintage.engine.VintageTestEngine.executeAllChildren(VintageTestEngine.java:80)
	at org.junit.vintage.engine.VintageTestEngine.execute(VintageTestEngine.java:72)
	at org.junit.platform.launcher.core.EngineExecutionOrchestrator.execute(EngineExecutionOrchestrator.java:147)
	at org.junit.platform.launcher.core.EngineExecutionOrchestrator.execute(EngineExecutionOrchestrator.java:127)
	at org.junit.platform.launcher.core.EngineExecutionOrchestrator.execute(EngineExecutionOrchestrator.java:90)
	at org.junit.platform.launcher.core.EngineExecutionOrchestrator.lambda$execute$0(EngineExecutionOrchestrator.java:55)
	at org.junit.platform.launcher.core.EngineExecutionOrchestrator.withInterceptedStreams(EngineExecutionOrchestrator.java:102)
	at org.junit.platform.launcher.core.EngineExecutionOrchestrator.execute(EngineExecutionOrchestrator.java:54)
	at org.junit.platform.launcher.core.DefaultLauncher.execute(DefaultLauncher.java:114)
	at org.junit.platform.launcher.core.DefaultLauncher.execute(DefaultLauncher.java:86)
	at org.junit.platform.launcher.core.DefaultLauncherSession$DelegatingLauncher.execute(DefaultLauncherSession.java:86)
	at org.apache.maven.surefire.junitplatform.LazyLauncher.execute(LazyLauncher.java:55)
	at org.apache.maven.surefire.junitplatform.JUnitPlatformProvider.execute(JUnitPlatformProvider.java:223)
	at org.apache.maven.surefire.junitplatform.JUnitPlatformProvider.invokeAllTests(JUnitPlatformProvider.java:175)
	at org.apache.maven.surefire.junitplatform.JUnitPlatformProvider.invoke(JUnitPlatformProvider.java:139)
	at org.apache.maven.surefire.booter.ForkedBooter.runSuitesInProcess(ForkedBooter.java:456)
	at org.apache.maven.surefire.booter.ForkedBooter.execute(ForkedBooter.java:169)
	at org.apache.maven.surefire.booter.ForkedBooter.run(ForkedBooter.java:595)
	at org.apache.maven.surefire.booter.ForkedBooter.main(ForkedBooter.java:581)

[ERROR] com.rultor.agents.req.StartsRequestTest.runsAsRootIfRequested  Time elapsed: 0.052 s  <<< ERROR!
java.lang.IllegalArgumentException: Non-zero exit code 1: + set -e\n+ set -o pipefail\n+ head=/tmp/junit131232..1049..ome/gabsko/.ssh/config: Permission denied\n
	at com.jcabi.log.VerboseProcess.stdout(VerboseProcess.java:298)
	at com.jcabi.log.VerboseProcess.stdout(VerboseProcess.java:185)
	at com.rultor.agents.req.StartsRequestTest.exec(StartsRequestTest.java:421)
	at com.rultor.agents.req.StartsRequestTest.runsAsRootIfRequested(StartsRequestTest.java:385)
	at java.base/jdk.internal.reflect.NativeMethodAccessorImpl.invoke0(Native Method)
	at java.base/jdk.internal.reflect.NativeMethodAccessorImpl.invoke(NativeMethodAccessorImpl.java:62)
	at java.base/jdk.internal.reflect.DelegatingMethodAccessorImpl.invoke(DelegatingMethodAccessorImpl.java:43)
	at java.base/java.lang.reflect.Method.invoke(Method.java:566)
	at org.junit.runners.model.FrameworkMethod$1.runReflectiveCall(FrameworkMethod.java:59)
	at org.junit.internal.runners.model.ReflectiveCallable.run(ReflectiveCallable.java:12)
	at org.junit.runners.model.FrameworkMethod.invokeExplosively(FrameworkMethod.java:56)
	at org.junit.internal.runners.statements.InvokeMethod.evaluate(InvokeMethod.java:17)
	at org.junit.rules.ExternalResource$1.evaluate(ExternalResource.java:54)
	at org.junit.runners.ParentRunner$3.evaluate(ParentRunner.java:306)
	at org.junit.runners.BlockJUnit4ClassRunner$1.evaluate(BlockJUnit4ClassRunner.java:100)
	at org.junit.runners.ParentRunner.runLeaf(ParentRunner.java:366)
	at org.junit.runners.BlockJUnit4ClassRunner.runChild(BlockJUnit4ClassRunner.java:103)
	at org.junit.runners.BlockJUnit4ClassRunner.runChild(BlockJUnit4ClassRunner.java:63)
	at org.junit.runners.ParentRunner$4.run(ParentRunner.java:331)
	at org.junit.runners.ParentRunner$1.schedule(ParentRunner.java:79)
	at org.junit.runners.ParentRunner.runChildren(ParentRunner.java:329)
	at org.junit.runners.ParentRunner.access$100(ParentRunner.java:66)
	at org.junit.runners.ParentRunner$2.evaluate(ParentRunner.java:293)
	at org.junit.runners.ParentRunner$3.evaluate(ParentRunner.java:306)
	at org.junit.runners.ParentRunner.run(ParentRunner.java:413)
	at org.junit.runner.JUnitCore.run(JUnitCore.java:137)
	at org.junit.runner.JUnitCore.run(JUnitCore.java:115)
	at org.junit.vintage.engine.execution.RunnerExecutor.execute(RunnerExecutor.java:42)
	at org.junit.vintage.engine.VintageTestEngine.executeAllChildren(VintageTestEngine.java:80)
	at org.junit.vintage.engine.VintageTestEngine.execute(VintageTestEngine.java:72)
	at org.junit.platform.launcher.core.EngineExecutionOrchestrator.execute(EngineExecutionOrchestrator.java:147)
	at org.junit.platform.launcher.core.EngineExecutionOrchestrator.execute(EngineExecutionOrchestrator.java:127)
	at org.junit.platform.launcher.core.EngineExecutionOrchestrator.execute(EngineExecutionOrchestrator.java:90)
	at org.junit.platform.launcher.core.EngineExecutionOrchestrator.lambda$execute$0(EngineExecutionOrchestrator.java:55)
	at org.junit.platform.launcher.core.EngineExecutionOrchestrator.withInterceptedStreams(EngineExecutionOrchestrator.java:102)
	at org.junit.platform.launcher.core.EngineExecutionOrchestrator.execute(EngineExecutionOrchestrator.java:54)
	at org.junit.platform.launcher.core.DefaultLauncher.execute(DefaultLauncher.java:114)
	at org.junit.platform.launcher.core.DefaultLauncher.execute(DefaultLauncher.java:86)
	at org.junit.platform.launcher.core.DefaultLauncherSession$DelegatingLauncher.execute(DefaultLauncherSession.java:86)
	at org.apache.maven.surefire.junitplatform.LazyLauncher.execute(LazyLauncher.java:55)
	at org.apache.maven.surefire.junitplatform.JUnitPlatformProvider.execute(JUnitPlatformProvider.java:223)
	at org.apache.maven.surefire.junitplatform.JUnitPlatformProvider.invokeAllTests(JUnitPlatformProvider.java:175)
	at org.apache.maven.surefire.junitplatform.JUnitPlatformProvider.invoke(JUnitPlatformProvider.java:139)
	at org.apache.maven.surefire.booter.ForkedBooter.runSuitesInProcess(ForkedBooter.java:456)
	at org.apache.maven.surefire.booter.ForkedBooter.execute(ForkedBooter.java:169)
	at org.apache.maven.surefire.booter.ForkedBooter.run(ForkedBooter.java:595)
	at org.apache.maven.surefire.booter.ForkedBooter.main(ForkedBooter.java:581)

[ERROR] com.rultor.agents.req.StartsRequestTest.startsDeployRequest  Time elapsed: 0.069 s  <<< ERROR!
java.lang.IllegalArgumentException: Non-zero exit code 1: + set -e\n+ set -o pipefail\n+ head=/tmp/junit220803..1195..ome/gabsko/.ssh/config: Permission denied\n
	at com.jcabi.log.VerboseProcess.stdout(VerboseProcess.java:298)
	at com.jcabi.log.VerboseProcess.stdout(VerboseProcess.java:185)
	at com.rultor.agents.req.StartsRequestTest.exec(StartsRequestTest.java:421)
	at com.rultor.agents.req.StartsRequestTest.startsDeployRequest(StartsRequestTest.java:147)
	at java.base/jdk.internal.reflect.NativeMethodAccessorImpl.invoke0(Native Method)
	at java.base/jdk.internal.reflect.NativeMethodAccessorImpl.invoke(NativeMethodAccessorImpl.java:62)
	at java.base/jdk.internal.reflect.DelegatingMethodAccessorImpl.invoke(DelegatingMethodAccessorImpl.java:43)
	at java.base/java.lang.reflect.Method.invoke(Method.java:566)
	at org.junit.runners.model.FrameworkMethod$1.runReflectiveCall(FrameworkMethod.java:59)
	at org.junit.internal.runners.model.ReflectiveCallable.run(ReflectiveCallable.java:12)
	at org.junit.runners.model.FrameworkMethod.invokeExplosively(FrameworkMethod.java:56)
	at org.junit.internal.runners.statements.InvokeMethod.evaluate(InvokeMethod.java:17)
	at org.junit.rules.ExternalResource$1.evaluate(ExternalResource.java:54)
	at org.junit.runners.ParentRunner$3.evaluate(ParentRunner.java:306)
	at org.junit.runners.BlockJUnit4ClassRunner$1.evaluate(BlockJUnit4ClassRunner.java:100)
	at org.junit.runners.ParentRunner.runLeaf(ParentRunner.java:366)
	at org.junit.runners.BlockJUnit4ClassRunner.runChild(BlockJUnit4ClassRunner.java:103)
	at org.junit.runners.BlockJUnit4ClassRunner.runChild(BlockJUnit4ClassRunner.java:63)
	at org.junit.runners.ParentRunner$4.run(ParentRunner.java:331)
	at org.junit.runners.ParentRunner$1.schedule(ParentRunner.java:79)
	at org.junit.runners.ParentRunner.runChildren(ParentRunner.java:329)
	at org.junit.runners.ParentRunner.access$100(ParentRunner.java:66)
	at org.junit.runners.ParentRunner$2.evaluate(ParentRunner.java:293)
	at org.junit.runners.ParentRunner$3.evaluate(ParentRunner.java:306)
	at org.junit.runners.ParentRunner.run(ParentRunner.java:413)
	at org.junit.runner.JUnitCore.run(JUnitCore.java:137)
	at org.junit.runner.JUnitCore.run(JUnitCore.java:115)
	at org.junit.vintage.engine.execution.RunnerExecutor.execute(RunnerExecutor.java:42)
	at org.junit.vintage.engine.VintageTestEngine.executeAllChildren(VintageTestEngine.java:80)
	at org.junit.vintage.engine.VintageTestEngine.execute(VintageTestEngine.java:72)
	at org.junit.platform.launcher.core.EngineExecutionOrchestrator.execute(EngineExecutionOrchestrator.java:147)
	at org.junit.platform.launcher.core.EngineExecutionOrchestrator.execute(EngineExecutionOrchestrator.java:127)
	at org.junit.platform.launcher.core.EngineExecutionOrchestrator.execute(EngineExecutionOrchestrator.java:90)
	at org.junit.platform.launcher.core.EngineExecutionOrchestrator.lambda$execute$0(EngineExecutionOrchestrator.java:55)
	at org.junit.platform.launcher.core.EngineExecutionOrchestrator.withInterceptedStreams(EngineExecutionOrchestrator.java:102)
	at org.junit.platform.launcher.core.EngineExecutionOrchestrator.execute(EngineExecutionOrchestrator.java:54)
	at org.junit.platform.launcher.core.DefaultLauncher.execute(DefaultLauncher.java:114)
	at org.junit.platform.launcher.core.DefaultLauncher.execute(DefaultLauncher.java:86)
	at org.junit.platform.launcher.core.DefaultLauncherSession$DelegatingLauncher.execute(DefaultLauncherSession.java:86)
	at org.apache.maven.surefire.junitplatform.LazyLauncher.execute(LazyLauncher.java:55)
	at org.apache.maven.surefire.junitplatform.JUnitPlatformProvider.execute(JUnitPlatformProvider.java:223)
	at org.apache.maven.surefire.junitplatform.JUnitPlatformProvider.invokeAllTests(JUnitPlatformProvider.java:175)
	at org.apache.maven.surefire.junitplatform.JUnitPlatformProvider.invoke(JUnitPlatformProvider.java:139)
	at org.apache.maven.surefire.booter.ForkedBooter.runSuitesInProcess(ForkedBooter.java:456)
	at org.apache.maven.surefire.booter.ForkedBooter.execute(ForkedBooter.java:169)
	at org.apache.maven.surefire.booter.ForkedBooter.run(ForkedBooter.java:595)
	at org.apache.maven.surefire.booter.ForkedBooter.main(ForkedBooter.java:581)

[ERROR] com.rultor.agents.req.StartsRequestTest.startsReleaseRequest  Time elapsed: 0.083 s  <<< ERROR!
java.lang.IllegalArgumentException: Non-zero exit code 1: + set -e\n+ set -o pipefail\n+ head=/tmp/junit824520..1156..ome/gabsko/.ssh/config: Permission denied\n
	at com.jcabi.log.VerboseProcess.stdout(VerboseProcess.java:298)
	at com.jcabi.log.VerboseProcess.stdout(VerboseProcess.java:185)
	at com.rultor.agents.req.StartsRequestTest.exec(StartsRequestTest.java:421)
	at com.rultor.agents.req.StartsRequestTest.startsReleaseRequest(StartsRequestTest.java:210)
	at java.base/jdk.internal.reflect.NativeMethodAccessorImpl.invoke0(Native Method)
	at java.base/jdk.internal.reflect.NativeMethodAccessorImpl.invoke(NativeMethodAccessorImpl.java:62)
	at java.base/jdk.internal.reflect.DelegatingMethodAccessorImpl.invoke(DelegatingMethodAccessorImpl.java:43)
	at java.base/java.lang.reflect.Method.invoke(Method.java:566)
	at org.junit.runners.model.FrameworkMethod$1.runReflectiveCall(FrameworkMethod.java:59)
	at org.junit.internal.runners.model.ReflectiveCallable.run(ReflectiveCallable.java:12)
	at org.junit.runners.model.FrameworkMethod.invokeExplosively(FrameworkMethod.java:56)
	at org.junit.internal.runners.statements.InvokeMethod.evaluate(InvokeMethod.java:17)
	at org.junit.rules.ExternalResource$1.evaluate(ExternalResource.java:54)
	at org.junit.runners.ParentRunner$3.evaluate(ParentRunner.java:306)
	at org.junit.runners.BlockJUnit4ClassRunner$1.evaluate(BlockJUnit4ClassRunner.java:100)
	at org.junit.runners.ParentRunner.runLeaf(ParentRunner.java:366)
	at org.junit.runners.BlockJUnit4ClassRunner.runChild(BlockJUnit4ClassRunner.java:103)
	at org.junit.runners.BlockJUnit4ClassRunner.runChild(BlockJUnit4ClassRunner.java:63)
	at org.junit.runners.ParentRunner$4.run(ParentRunner.java:331)
	at org.junit.runners.ParentRunner$1.schedule(ParentRunner.java:79)
	at org.junit.runners.ParentRunner.runChildren(ParentRunner.java:329)
	at org.junit.runners.ParentRunner.access$100(ParentRunner.java:66)
	at org.junit.runners.ParentRunner$2.evaluate(ParentRunner.java:293)
	at org.junit.runners.ParentRunner$3.evaluate(ParentRunner.java:306)
	at org.junit.runners.ParentRunner.run(ParentRunner.java:413)
	at org.junit.runner.JUnitCore.run(JUnitCore.java:137)
	at org.junit.runner.JUnitCore.run(JUnitCore.java:115)
	at org.junit.vintage.engine.execution.RunnerExecutor.execute(RunnerExecutor.java:42)
	at org.junit.vintage.engine.VintageTestEngine.executeAllChildren(VintageTestEngine.java:80)
	at org.junit.vintage.engine.VintageTestEngine.execute(VintageTestEngine.java:72)
	at org.junit.platform.launcher.core.EngineExecutionOrchestrator.execute(EngineExecutionOrchestrator.java:147)
	at org.junit.platform.launcher.core.EngineExecutionOrchestrator.execute(EngineExecutionOrchestrator.java:127)
	at org.junit.platform.launcher.core.EngineExecutionOrchestrator.execute(EngineExecutionOrchestrator.java:90)
	at org.junit.platform.launcher.core.EngineExecutionOrchestrator.lambda$execute$0(EngineExecutionOrchestrator.java:55)
	at org.junit.platform.launcher.core.EngineExecutionOrchestrator.withInterceptedStreams(EngineExecutionOrchestrator.java:102)
	at org.junit.platform.launcher.core.EngineExecutionOrchestrator.execute(EngineExecutionOrchestrator.java:54)
	at org.junit.platform.launcher.core.DefaultLauncher.execute(DefaultLauncher.java:114)
	at org.junit.platform.launcher.core.DefaultLauncher.execute(DefaultLauncher.java:86)
	at org.junit.platform.launcher.core.DefaultLauncherSession$DelegatingLauncher.execute(DefaultLauncherSession.java:86)
	at org.apache.maven.surefire.junitplatform.LazyLauncher.execute(LazyLauncher.java:55)
	at org.apache.maven.surefire.junitplatform.JUnitPlatformProvider.execute(JUnitPlatformProvider.java:223)
	at org.apache.maven.surefire.junitplatform.JUnitPlatformProvider.invokeAllTests(JUnitPlatformProvider.java:175)
	at org.apache.maven.surefire.junitplatform.JUnitPlatformProvider.invoke(JUnitPlatformProvider.java:139)
	at org.apache.maven.surefire.booter.ForkedBooter.runSuitesInProcess(ForkedBooter.java:456)
	at org.apache.maven.surefire.booter.ForkedBooter.execute(ForkedBooter.java:169)
	at org.apache.maven.surefire.booter.ForkedBooter.run(ForkedBooter.java:595)
	at org.apache.maven.surefire.booter.ForkedBooter.main(ForkedBooter.java:581)

[INFO] Running com.rultor.spi.ProfileTest
[[0;33mWARN[m] StrictXML: 3 XML validation error(s):
  -1:-1: cvc-complex-type.3.2.2: Attribute 'f' is not allowed to appear in element 'entry'.
  -1:-1: cvc-complex-type.4: Attribute 'key' must appear on element 'entry'.
  -1:-1: cvc-complex-type.4: Attribute 'key' must appear on element 'entry'.
<?xml version="1.0" encoding="UTF-8"?>
<p>
   <entry f="x">x</entry>
</p>

[[0;33mWARN[m] StrictXML: 2 XML validation error(s):
  -1:-1: cvc-complex-type.4: Attribute 'key' must appear on element 'entry'.
  -1:-1: cvc-complex-type.4: Attribute 'key' must appear on element 'entry'.
<?xml version="1.0" encoding="UTF-8"?>
<p>
   <entry>test me</entry>
</p>

[[0;33mWARN[m] StrictXML: 1 XML validation error(s):
  -1:-1: cvc-complex-type.2.4.a: Invalid content was found starting with element 'item'. One of '{entry}' is expected.
<?xml version="1.0" encoding="UTF-8"?>
<p>
   <entry key="x">
      <entry key="test">a</entry>
      <item>b</item>
   </entry>
</p>

[INFO] Tests run: 4, Failures: 0, Errors: 0, Skipped: 0, Time elapsed: 0.021 s - in com.rultor.spi.ProfileTest
[INFO] Running com.rultor.profiles.GithubProfileTest
[[0;37mINFO[m] MkRepos: repository jeff/te.st created by jeff
[[0;37mINFO[m] MkRepos: repository jeff/test1 created by jeff
[[0;37mINFO[m] MkRepos: repository jeff/test2 created by jeff
[[0;37mINFO[m] MkRepos: repository jeff/test1 created by jeff
[[0;37mINFO[m] MkRepos: repository jeff/test2 created by jeff
[[0;37mINFO[m] MkRepos: repository jeff/test1 created by jeff
[[0;37mINFO[m] MkRepos: repository jeff/test2 created by jeff
[[0;37mINFO[m] MkRepos: repository jeff/test1 created by jeff
[[0;37mINFO[m] MkRepos: repository jeff/test2 created by jeff
[[0;37mINFO[m] MkRepos: repository jeff/test1 created by jeff
[[0;37mINFO[m] MkRepos: repository jeff/test2 created by jeff
[[0;37mINFO[m] MkRepos: repository jeff/test1 created by jeff
[[0;37mINFO[m] MkRepos: repository jeff/test2 created by jeff
[[0;37mINFO[m] MkRepos: repository jeff/test1 created by jeff
[[0;37mINFO[m] MkRepos: repository jeff/test2 created by jeff
[[0;37mINFO[m] MkRepos: repository jeff/test1 created by jeff
[[0;37mINFO[m] MkRepos: repository jeff/test2 created by jeff
[INFO] Tests run: 9, Failures: 0, Errors: 0, Skipped: 0, Time elapsed: 0.117 s - in com.rultor.profiles.GithubProfileTest
[INFO] 
[INFO] Results:
[INFO] 
[ERROR] Errors: 
[ERROR]   StartsRequestTest.runsAsRootIfRequested:385->exec:421 Â» IllegalArgument Non-zero exit code 1: + set -e\n+ set -o pipefail\n+ head=/tmp/junit131232..1049..ome/gabsko/.ssh/config: Permission denied\n
[ERROR]   StartsRequestTest.startsDeployRequest:147->exec:421 Â» IllegalArgument Non-zero exit code 1: + set -e\n+ set -o pipefail\n+ head=/tmp/junit220803..1195..ome/gabsko/.ssh/config: Permission denied\n
[ERROR]   StartsRequestTest.startsMergeRequest:245->exec:421 Â» IllegalArgument Non-zero exit code 1: + set -e\n+ set -o pipefail\n+ ff=default\n+ image=ye..1731..ome/gabsko/.ssh/config: Permission denied\n
[ERROR]   StartsRequestTest.startsReleaseRequest:210->exec:421 Â» IllegalArgument Non-zero exit code 1: + set -e\n+ set -o pipefail\n+ head=/tmp/junit824520..1156..ome/gabsko/.ssh/config: Permission denied\n
[INFO] 
[ERROR] Tests run: 148, Failures: 0, Errors: 4, Skipped: 14
[INFO] 
[INFO] ------------------------------------------------------------------------
[INFO] BUILD FAILURE
[INFO] ------------------------------------------------------------------------
[INFO] Total time:  27.288 s
[INFO] Finished at: 2023-02-09T03:34:50Z
[INFO] ------------------------------------------------------------------------
[ERROR] Failed to execute goal org.apache.maven.plugins:maven-surefire-plugin:3.0.0-M7:test (default-test) on project rultor: 
[ERROR] 
[ERROR] Please refer to /home/gabsko/breaking-updates/target/surefire-reports for the individual test results.
[ERROR] Please refer to dump files (if any exist) [date].dump, [date]-jvmRun[N].dump and [date].dumpstream.
[ERROR] -> [Help 1]
[ERROR] 
[ERROR] To see the full stack trace of the errors, re-run Maven with the -e switch.
[ERROR] Re-run Maven using the -X switch to enable full debug logging.
[ERROR] 
[ERROR] For more information about the errors and possible solutions, please read the following articles:
[ERROR] [Help 1] http://cwiki.apache.org/confluence/display/MAVEN/MojoFailureException
