[INFO] Scanning for projects...
[INFO] ------------------------------------------------------------------------
[INFO] Reactor Build Order:
[INFO] 
[INFO] Provisio                                                           [pom]
[INFO] Provisio :: Model                                           [takari-jar]
[INFO] Provisio :: Core                                            [takari-jar]
[INFO] Provisio :: Maven                                           [takari-jar]
[INFO] Provisio :: Maven Plugin                           [takari-maven-plugin]
[INFO] Provisio :: Integration Tests                               [takari-jar]
[INFO] 
[INFO] -------------------------< ca.vanzyl:provisio >-------------------------
[INFO] Building Provisio 1.0.20-SNAPSHOT                                  [1/6]
[INFO] --------------------------------[ pom ]---------------------------------
[INFO] 
[INFO] --- maven-clean-plugin:3.1.0:clean (default-clean) @ provisio ---
[INFO] 
[INFO] --- sisu-maven-plugin:0.3.5:main-index (default) @ provisio ---
[INFO] Downloading from central: https://repo.maven.apache.org/maven2/org/slf4j/slf4j-nop/1.6.4/slf4j-nop-1.6.4.pom
[INFO] Downloaded from central: https://repo.maven.apache.org/maven2/org/slf4j/slf4j-nop/1.6.4/slf4j-nop-1.6.4.pom (1.5 kB at 11 kB/s)
[INFO] Downloading from central: https://repo.maven.apache.org/maven2/org/slf4j/slf4j-nop/1.6.4/slf4j-nop-1.6.4.jar
[INFO] Downloading from central: https://repo.maven.apache.org/maven2/org/slf4j/slf4j-api/1.6.4/slf4j-api-1.6.4.jar
[INFO] Downloaded from central: https://repo.maven.apache.org/maven2/org/slf4j/slf4j-api/1.6.4/slf4j-api-1.6.4.jar (0 B at 0 B/s)
[INFO] Downloaded from central: https://repo.maven.apache.org/maven2/org/slf4j/slf4j-nop/1.6.4/slf4j-nop-1.6.4.jar (4.8 kB at 200 kB/s)
[INFO] 
[INFO] --- sisu-maven-plugin:0.3.5:test-index (default) @ provisio ---
[INFO] 
[INFO] --- maven-enforcer-plugin:3.0.0-M2:enforce (enforce-banned-dependencies) @ provisio ---
[INFO] 
[INFO] ----------------------< ca.vanzyl:provisio-model >----------------------
[INFO] Building Provisio :: Model 1.0.20-SNAPSHOT                         [2/6]
[INFO] -----------------------------[ takari-jar ]-----------------------------
[INFO] 
[INFO] --- maven-clean-plugin:3.1.0:clean (default-clean) @ provisio-model ---
[INFO] Deleting /home/gabsko/breaking-updates/provisio-model/target
[INFO] 
[INFO] --- takari-lifecycle-plugin:2.0.7:process-resources (default-process-resources) @ provisio-model ---
[INFO] 
[INFO] --- takari-lifecycle-plugin:2.0.7:compile (default-compile) @ provisio-model ---
[INFO] Previous incremental build state does not exist, performing full build
[INFO] Compiling 22 sources to /home/gabsko/breaking-updates/provisio-model/target/classes
[INFO] Compiled 22 out of 22 sources (698 ms)
[INFO] 
[INFO] --- takari-lifecycle-plugin:2.0.7:export-package (default-export-package) @ provisio-model ---
[INFO] Previous incremental build state does not exist, performing full build
[INFO] 
[INFO] --- sisu-maven-plugin:0.3.5:main-index (default) @ provisio-model ---
[INFO] 
[INFO] --- takari-lifecycle-plugin:2.0.7:process-test-resources (default-process-test-resources) @ provisio-model ---
[INFO] 
[INFO] --- takari-lifecycle-plugin:2.0.7:testCompile (default-testCompile) @ provisio-model ---
[INFO] Previous incremental build state does not exist, performing full build
[INFO] Compiling 6 sources to /home/gabsko/breaking-updates/provisio-model/target/test-classes
[INFO] Compiled 6 out of 6 sources (91 ms)
[INFO] 
[INFO] --- sisu-maven-plugin:0.3.5:test-index (default) @ provisio-model ---
[INFO] 
[INFO] --- maven-surefire-plugin:2.22.0:test (default-test) @ provisio-model ---
[INFO] 
[INFO] -------------------------------------------------------
[INFO]  T E S T S
[INFO] -------------------------------------------------------
[INFO] Running ca.vanzyl.provisio.model.RuntimeReaderTest
[INFO] Tests run: 19, Failures: 0, Errors: 0, Skipped: 0, Time elapsed: 0.295 s - in ca.vanzyl.provisio.model.RuntimeReaderTest
[INFO] 
[INFO] Results:
[INFO] 
[INFO] Tests run: 19, Failures: 0, Errors: 0, Skipped: 0
[INFO] 
[INFO] 
[INFO] --- maven-enforcer-plugin:3.0.0-M2:enforce (enforce-banned-dependencies) @ provisio-model ---
[INFO] 
[INFO] ----------------------< ca.vanzyl:provisio-core >-----------------------
[INFO] Building Provisio :: Core 1.0.20-SNAPSHOT                          [3/6]
[INFO] -----------------------------[ takari-jar ]-----------------------------
[INFO] Downloading from central: https://repo.maven.apache.org/maven2/org/assertj/assertj-core/2.0.0/assertj-core-2.0.0.jar
[INFO] Downloading from central: https://repo.maven.apache.org/maven2/com/github/marschall/memoryfilesystem/0.6.4/memoryfilesystem-0.6.4.jar
[INFO] Downloading from central: https://repo.maven.apache.org/maven2/com/tngtech/java/junit-dataprovider/1.10.4/junit-dataprovider-1.10.4.jar
[INFO] Downloaded from central: https://repo.maven.apache.org/maven2/com/github/marschall/memoryfilesystem/0.6.4/memoryfilesystem-0.6.4.jar (250 kB at 5.9 MB/s)
[INFO] Downloaded from central: https://repo.maven.apache.org/maven2/org/assertj/assertj-core/2.0.0/assertj-core-2.0.0.jar (657 kB at 12 MB/s)
[INFO] Downloaded from central: https://repo.maven.apache.org/maven2/com/tngtech/java/junit-dataprovider/1.10.4/junit-dataprovider-1.10.4.jar (34 kB at 281 kB/s)
[INFO] 
[INFO] --- maven-clean-plugin:3.1.0:clean (default-clean) @ provisio-core ---
[INFO] Deleting /home/gabsko/breaking-updates/provisio-core/target
[INFO] 
[INFO] --- takari-lifecycle-plugin:2.0.7:process-resources (default-process-resources) @ provisio-core ---
[INFO] 
[INFO] --- takari-lifecycle-plugin:2.0.7:compile (default-compile) @ provisio-core ---
[INFO] Previous incremental build state does not exist, performing full build
[INFO] Compiling 22 sources to /home/gabsko/breaking-updates/provisio-core/target/classes
[INFO] Compiled 22 out of 22 sources (339 ms)
[INFO] 
[INFO] --- takari-lifecycle-plugin:2.0.7:export-package (default-export-package) @ provisio-core ---
[INFO] Previous incremental build state does not exist, performing full build
[INFO] 
[INFO] --- sisu-maven-plugin:0.3.5:main-index (default) @ provisio-core ---
[INFO] 
[INFO] --- takari-lifecycle-plugin:2.0.7:process-test-resources (default-process-test-resources) @ provisio-core ---
[INFO] 
[INFO] --- takari-lifecycle-plugin:2.0.7:testCompile (default-testCompile) @ provisio-core ---
[INFO] Previous incremental build state does not exist, performing full build
[INFO] Compiling 3 sources to /home/gabsko/breaking-updates/provisio-core/target/test-classes
[INFO] Compiled 3 out of 3 sources (120 ms)
[INFO] 
[INFO] --- sisu-maven-plugin:0.3.5:test-index (default) @ provisio-core ---
[INFO] 
[INFO] --- maven-surefire-plugin:2.22.0:test (default-test) @ provisio-core ---
[INFO] 
[INFO] -------------------------------------------------------
[INFO]  T E S T S
[INFO] -------------------------------------------------------
[INFO] Running ca.vanzyl.provisio.ProvisioUtilsTest
[INFO] Tests run: 1, Failures: 0, Errors: 0, Skipped: 0, Time elapsed: 0.036 s - in ca.vanzyl.provisio.ProvisioUtilsTest
[INFO] Running ca.vanzyl.provisio.perms.ModeParserTest
[INFO] Tests run: 13, Failures: 0, Errors: 0, Skipped: 0, Time elapsed: 0.03 s - in ca.vanzyl.provisio.perms.ModeParserTest
[INFO] Running ca.vanzyl.provisio.perms.PosixModesTest
[INFO] Tests run: 6, Failures: 0, Errors: 0, Skipped: 0, Time elapsed: 0.002 s - in ca.vanzyl.provisio.perms.PosixModesTest
[INFO] 
[INFO] Results:
[INFO] 
[INFO] Tests run: 20, Failures: 0, Errors: 0, Skipped: 0
[INFO] 
[INFO] 
[INFO] --- maven-enforcer-plugin:3.0.0-M2:enforce (enforce-banned-dependencies) @ provisio-core ---
[INFO] 
[INFO] ----------------------< ca.vanzyl:provisio-maven >----------------------
[INFO] Building Provisio :: Maven 1.0.20-SNAPSHOT                         [4/6]
[INFO] -----------------------------[ takari-jar ]-----------------------------
[INFO] 
[INFO] --- maven-clean-plugin:3.1.0:clean (default-clean) @ provisio-maven ---
[INFO] Deleting /home/gabsko/breaking-updates/provisio-maven/target
[INFO] 
[INFO] --- takari-lifecycle-plugin:2.0.7:process-resources (default-process-resources) @ provisio-maven ---
[INFO] 
[INFO] --- takari-lifecycle-plugin:2.0.7:compile (default-compile) @ provisio-maven ---
[INFO] Previous incremental build state does not exist, performing full build
[INFO] Compiling 5 sources to /home/gabsko/breaking-updates/provisio-maven/target/classes
[INFO] Compiled 5 out of 5 sources (63 ms)
[INFO] 
[INFO] --- takari-lifecycle-plugin:2.0.7:export-package (default-export-package) @ provisio-maven ---
[INFO] Previous incremental build state does not exist, performing full build
[INFO] 
[INFO] --- sisu-maven-plugin:0.3.5:main-index (default) @ provisio-maven ---
[INFO] 
[INFO] --- takari-lifecycle-plugin:2.0.7:process-test-resources (default-process-test-resources) @ provisio-maven ---
[INFO] 
[INFO] --- takari-lifecycle-plugin:2.0.7:testCompile (default-testCompile) @ provisio-maven ---
[INFO] Previous incremental build state does not exist, performing full build
[INFO] Compiling 1 sources to /home/gabsko/breaking-updates/provisio-maven/target/test-classes
[INFO] Compiled 1 out of 1 sources (12 ms)
[INFO] 
[INFO] --- sisu-maven-plugin:0.3.5:test-index (default) @ provisio-maven ---
[INFO] 
[INFO] --- maven-surefire-plugin:2.22.0:test (default-test) @ provisio-maven ---
[INFO] 
[INFO] -------------------------------------------------------
[INFO]  T E S T S
[INFO] -------------------------------------------------------
[INFO] Running ca.vanzyl.provisio.maven.MavenInvokerTest
[INFO] Error stacktraces are turned on.
[INFO] Scanning for projects...
[INFO] 
[INFO] ------------------< io.provis.its:maven-test-project >------------------
[INFO] Building maven-test-project 0.0.1-SNAPSHOT
[INFO] --------------------------------[ jar ]---------------------------------
[INFO] 
[INFO] --- maven-clean-plugin:2.5:clean (default-clean) @ maven-test-project ---
[INFO] 
[INFO] --- maven-resources-plugin:2.6:resources (default-resources) @ maven-test-project ---
[INFO] Using 'UTF-8' encoding to copy filtered resources.
[INFO] skip non existing resourceDirectory /home/gabsko/breaking-updates/provisio-maven/target/projects/maven/src/main/resources
[INFO] 
[INFO] --- maven-compiler-plugin:3.1:compile (default-compile) @ maven-test-project ---
[INFO] Changes detected - recompiling the module!
[INFO] Compiling 1 source file to /home/gabsko/breaking-updates/provisio-maven/target/projects/maven/target/classes
[INFO] 
[INFO] --- maven-resources-plugin:2.6:testResources (default-testResources) @ maven-test-project ---
[INFO] Using 'UTF-8' encoding to copy filtered resources.
[INFO] skip non existing resourceDirectory /home/gabsko/breaking-updates/provisio-maven/target/projects/maven/src/test/resources
[INFO] 
[INFO] --- maven-compiler-plugin:3.1:testCompile (default-testCompile) @ maven-test-project ---
[INFO] No sources to compile
[INFO] 
[INFO] --- maven-surefire-plugin:2.12.4:test (default-test) @ maven-test-project ---
[INFO] No tests to run.
[INFO] 
[INFO] --- maven-jar-plugin:2.4:jar (default-jar) @ maven-test-project ---
[INFO] Building jar: /home/gabsko/breaking-updates/provisio-maven/target/projects/maven/target/maven-test-project-0.0.1-SNAPSHOT.jar
[INFO] 
[INFO] --- maven-install-plugin:2.4:install (default-install) @ maven-test-project ---
[INFO] Downloading from central: https://repo.maven.apache.org/maven2/org/codehaus/plexus/plexus-utils/3.0.5/plexus-utils-3.0.5.pom
[INFO] Downloaded from central: https://repo.maven.apache.org/maven2/org/codehaus/plexus/plexus-utils/3.0.5/plexus-utils-3.0.5.pom (0 B at 0 B/s)
[INFO] Downloading from central: https://repo.maven.apache.org/maven2/org/codehaus/plexus/plexus-digest/1.0/plexus-digest-1.0.pom
[INFO] Downloaded from central: https://repo.maven.apache.org/maven2/org/codehaus/plexus/plexus-digest/1.0/plexus-digest-1.0.pom (1.1 kB at 44 kB/s)
[INFO] Downloading from central: https://repo.maven.apache.org/maven2/org/codehaus/plexus/plexus-components/1.1.7/plexus-components-1.1.7.pom
[INFO] Downloaded from central: https://repo.maven.apache.org/maven2/org/codehaus/plexus/plexus-components/1.1.7/plexus-components-1.1.7.pom (5.0 kB at 553 kB/s)
[INFO] Downloading from central: https://repo.maven.apache.org/maven2/org/codehaus/plexus/plexus-utils/3.0.5/plexus-utils-3.0.5.jar
[INFO] Downloading from central: https://repo.maven.apache.org/maven2/org/codehaus/plexus/plexus-digest/1.0/plexus-digest-1.0.jar
[INFO] Downloaded from central: https://repo.maven.apache.org/maven2/org/codehaus/plexus/plexus-utils/3.0.5/plexus-utils-3.0.5.jar (0 B at 0 B/s)
[INFO] Downloaded from central: https://repo.maven.apache.org/maven2/org/codehaus/plexus/plexus-digest/1.0/plexus-digest-1.0.jar (12 kB at 371 kB/s)
[INFO] Installing /home/gabsko/breaking-updates/provisio-maven/target/projects/maven/target/maven-test-project-0.0.1-SNAPSHOT.jar to /home/gabsko/.m2/repository/io/provis/its/maven-test-project/0.0.1-SNAPSHOT/maven-test-project-0.0.1-SNAPSHOT.jar
[INFO] Installing /home/gabsko/breaking-updates/provisio-maven/target/projects/maven/pom.xml to /home/gabsko/.m2/repository/io/provis/its/maven-test-project/0.0.1-SNAPSHOT/maven-test-project-0.0.1-SNAPSHOT.pom
[INFO] ------------------------------------------------------------------------
[INFO] BUILD SUCCESS
[INFO] ------------------------------------------------------------------------
[INFO] Total time:  1.475 s
[INFO] Finished at: 2023-02-08T23:34:07Z
[INFO] ------------------------------------------------------------------------

[INFO] Tests run: 1, Failures: 0, Errors: 0, Skipped: 0, Time elapsed: 2.893 s - in ca.vanzyl.provisio.maven.MavenInvokerTest
[INFO] 
[INFO] Results:
[INFO] 
[INFO] Tests run: 1, Failures: 0, Errors: 0, Skipped: 0
[INFO] 
[INFO] 
[INFO] --- maven-enforcer-plugin:3.0.0-M2:enforce (enforce-banned-dependencies) @ provisio-maven ---
[INFO] 
[INFO] -------< ca.vanzyl.provisio.maven.plugins:provisio-maven-plugin >-------
[INFO] Building Provisio :: Maven Plugin 1.0.20-SNAPSHOT                  [5/6]
[INFO] ------------------------[ takari-maven-plugin ]-------------------------
[INFO] Downloading from central: https://repo.maven.apache.org/maven2/io/takari/maven/plugins/takari-plugin-testing/2.9.1/takari-plugin-testing-2.9.1.jar
[INFO] Downloaded from central: https://repo.maven.apache.org/maven2/io/takari/maven/plugins/takari-plugin-testing/2.9.1/takari-plugin-testing-2.9.1.jar (81 kB at 369 kB/s)
[INFO] 
[INFO] --- maven-clean-plugin:3.1.0:clean (default-clean) @ provisio-maven-plugin ---
[INFO] Deleting /home/gabsko/breaking-updates/provisio-maven-plugin/target
[INFO] 
[INFO] --- takari-lifecycle-plugin:2.0.7:process-resources (default-process-resources) @ provisio-maven-plugin ---
[INFO] Previous incremental build state does not exist, performing full build
[INFO] 
[INFO] --- takari-lifecycle-plugin:2.0.7:compile (default-compile) @ provisio-maven-plugin ---
[INFO] Previous incremental build state does not exist, performing full build
[INFO] Compiling 6 sources to /home/gabsko/breaking-updates/provisio-maven-plugin/target/classes
[INFO] Compiled 6 out of 6 sources (126 ms)
[INFO] 
[INFO] --- takari-lifecycle-plugin:2.0.7:mojo-annotation-processor (default-mojo-annotation-processor) @ provisio-maven-plugin ---
[INFO] Previous incremental build state does not exist, performing full build
[INFO] Compiling 6 sources to /home/gabsko/breaking-updates/provisio-maven-plugin/target/classes
[INFO] Compiled 6 out of 6 sources (331 ms)
[INFO] 
[INFO] --- takari-lifecycle-plugin:2.0.7:export-package (default-export-package) @ provisio-maven-plugin ---
[INFO] Previous incremental build state does not exist, performing full build
[INFO] 
[INFO] --- takari-lifecycle-plugin:2.0.7:plugin-descriptor (default-plugin-descriptor) @ provisio-maven-plugin ---
[INFO] Previous incremental build state does not exist, performing full build
[INFO] 
[INFO] --- takari-lifecycle-plugin:2.0.7:sisu-index (default-sisu-index) @ provisio-maven-plugin ---
[INFO] Previous incremental build state does not exist, performing full build
[INFO] 
[INFO] --- sisu-maven-plugin:0.3.5:main-index (default) @ provisio-maven-plugin ---
[INFO] 
[INFO] --- takari-lifecycle-plugin:2.0.7:process-test-resources (default-process-test-resources) @ provisio-maven-plugin ---
[INFO] 
[INFO] --- takari-lifecycle-plugin:2.0.7:testProperties (default-testProperties) @ provisio-maven-plugin ---
[INFO] Previous incremental build state does not exist, performing full build
[WARNING] File '/home/gabsko/.m2/settings.xml' does not exist! It will be ignored.
[INFO] 
[INFO] --- takari-lifecycle-plugin:2.0.7:testCompile (default-testCompile) @ provisio-maven-plugin ---
[INFO] Previous incremental build state does not exist, performing full build
[INFO] Compiling 2 sources to /home/gabsko/breaking-updates/provisio-maven-plugin/target/test-classes
[INFO] Compiled 2 out of 2 sources (30 ms)
[INFO] 
[INFO] --- takari-lifecycle-plugin:2.0.7:sisu-test-index (default-sisu-test-index) @ provisio-maven-plugin ---
[INFO] Previous incremental build state does not exist, performing full build
[INFO] 
[INFO] --- sisu-maven-plugin:0.3.5:test-index (default) @ provisio-maven-plugin ---
[INFO] 
[INFO] --- maven-surefire-plugin:2.22.0:test (default-test) @ provisio-maven-plugin ---
[INFO] 
[INFO] -------------------------------------------------------
[INFO]  T E S T S
[INFO] -------------------------------------------------------
[INFO] Running ca.vanzyl.maven.plugins.provisio.GeneratorIntegrationTest
[ERROR] Tests run: 4, Failures: 4, Errors: 0, Skipped: 0, Time elapsed: 4.189 s <<< FAILURE! - in ca.vanzyl.maven.plugins.provisio.GeneratorIntegrationTest
[ERROR] testBasic[3.6.3](ca.vanzyl.maven.plugins.provisio.GeneratorIntegrationTest)  Time elapsed: 1.493 s  <<< FAILURE!
java.lang.AssertionError: [[ERROR] [ERROR] Some problems were encountered while processing the POMs:, [ERROR] Unresolveable build extension: Plugin ca.vanzyl.provisio.maven.plugins:provisio-maven-plugin:1.0.20-SNAPSHOT or one of its dependencies could not be resolved: The following artifacts could not be resolved: ca.vanzyl:provisio-model:jar:1.0.20-SNAPSHOT, ca.vanzyl:provisio-core:jar:1.0.20-SNAPSHOT: Could not find artifact ca.vanzyl:provisio-model:jar:1.0.20-SNAPSHOT @ , [ERROR] Unknown packaging: trino-plugin @ line 7, column 16, [ERROR] The build could not read 1 project -> [Help 1], [ERROR]   , [ERROR]   The project ca.vanzyl.provisio.maven.plugins.its:basic:1.0 (/home/gabsko/breaking-updates/provisio-maven-plugin/target/test-projects/GeneratorIntegrationTest_testBasic[3.6.3]_basic/pom.xml) has 2 errors, [ERROR]     Unresolveable build extension: Plugin ca.vanzyl.provisio.maven.plugins:provisio-maven-plugin:1.0.20-SNAPSHOT or one of its dependencies could not be resolved: The following artifacts could not be resolved: ca.vanzyl:provisio-model:jar:1.0.20-SNAPSHOT, ca.vanzyl:provisio-core:jar:1.0.20-SNAPSHOT: Could not find artifact ca.vanzyl:provisio-model:jar:1.0.20-SNAPSHOT -> [Help 2], [ERROR]     Unknown packaging: trino-plugin @ line 7, column 16, [ERROR] , [ERROR] To see the full stack trace of the errors, re-run Maven with the -e switch., [ERROR] Re-run Maven using the -X switch to enable full debug logging., [ERROR] , [ERROR] For more information about the errors and possible solutions, please read the following articles:, [ERROR] [Help 1] http://cwiki.apache.org/confluence/display/MAVEN/ProjectBuildingException, [ERROR] [Help 2] http://cwiki.apache.org/confluence/display/MAVEN/PluginManagerException]
	at ca.vanzyl.maven.plugins.provisio.GeneratorIntegrationTest.testGenerator(GeneratorIntegrationTest.java:86)
	at ca.vanzyl.maven.plugins.provisio.GeneratorIntegrationTest.testBasic(GeneratorIntegrationTest.java:63)

[ERROR] testConflict[3.6.3](ca.vanzyl.maven.plugins.provisio.GeneratorIntegrationTest)  Time elapsed: 0.165 s  <<< FAILURE!
java.lang.AssertionError: Log line not present: [ERROR] Failed to execute goal ca.vanzyl.provisio.maven.plugins:provisio-maven-plugin:
	at ca.vanzyl.maven.plugins.provisio.GeneratorIntegrationTest.testConflict(GeneratorIntegrationTest.java:74)

[ERROR] testBasic[3.8.4](ca.vanzyl.maven.plugins.provisio.GeneratorIntegrationTest)  Time elapsed: 1.352 s  <<< FAILURE!
java.lang.AssertionError: [[ERROR] [ERROR] Some problems were encountered while processing the POMs:, [ERROR] Unresolveable build extension: Plugin ca.vanzyl.provisio.maven.plugins:provisio-maven-plugin:1.0.20-SNAPSHOT or one of its dependencies could not be resolved: The following artifacts could not be resolved: ca.vanzyl:provisio-model:jar:1.0.20-SNAPSHOT, ca.vanzyl:provisio-core:jar:1.0.20-SNAPSHOT: Could not find artifact ca.vanzyl:provisio-model:jar:1.0.20-SNAPSHOT @ , [ERROR] Unknown packaging: trino-plugin @ line 7, column 16, [ERROR] The build could not read 1 project -> [Help 1], [ERROR]   , [ERROR]   The project ca.vanzyl.provisio.maven.plugins.its:basic:1.0 (/home/gabsko/breaking-updates/provisio-maven-plugin/target/test-projects/GeneratorIntegrationTest_testBasic[3.8.4]_basic/pom.xml) has 2 errors, [ERROR]     Unresolveable build extension: Plugin ca.vanzyl.provisio.maven.plugins:provisio-maven-plugin:1.0.20-SNAPSHOT or one of its dependencies could not be resolved: The following artifacts could not be resolved: ca.vanzyl:provisio-model:jar:1.0.20-SNAPSHOT, ca.vanzyl:provisio-core:jar:1.0.20-SNAPSHOT: Could not find artifact ca.vanzyl:provisio-model:jar:1.0.20-SNAPSHOT -> [Help 2], [ERROR]     Unknown packaging: trino-plugin @ line 7, column 16, [ERROR] , [ERROR] To see the full stack trace of the errors, re-run Maven with the -e switch., [ERROR] Re-run Maven using the -X switch to enable full debug logging., [ERROR] , [ERROR] For more information about the errors and possible solutions, please read the following articles:, [ERROR] [Help 1] http://cwiki.apache.org/confluence/display/MAVEN/ProjectBuildingException, [ERROR] [Help 2] http://cwiki.apache.org/confluence/display/MAVEN/PluginManagerException]
	at ca.vanzyl.maven.plugins.provisio.GeneratorIntegrationTest.testGenerator(GeneratorIntegrationTest.java:86)
	at ca.vanzyl.maven.plugins.provisio.GeneratorIntegrationTest.testBasic(GeneratorIntegrationTest.java:63)

[ERROR] testConflict[3.8.4](ca.vanzyl.maven.plugins.provisio.GeneratorIntegrationTest)  Time elapsed: 0.142 s  <<< FAILURE!
java.lang.AssertionError: Log line not present: [ERROR] Failed to execute goal ca.vanzyl.provisio.maven.plugins:provisio-maven-plugin:
	at ca.vanzyl.maven.plugins.provisio.GeneratorIntegrationTest.testConflict(GeneratorIntegrationTest.java:74)

[INFO] Running ca.vanzyl.maven.plugins.provisio.ValidatorIntegrationTest
[ERROR] Tests run: 4, Failures: 4, Errors: 0, Skipped: 0, Time elapsed: 0.503 s <<< FAILURE! - in ca.vanzyl.maven.plugins.provisio.ValidatorIntegrationTest
[ERROR] testIncomplete[3.6.3](ca.vanzyl.maven.plugins.provisio.ValidatorIntegrationTest)  Time elapsed: 0.137 s  <<< FAILURE!
java.lang.AssertionError: Log line not present: [ERROR] Failed to execute goal ca.vanzyl.provisio.maven.plugins:provisio-maven-plugin:
	at ca.vanzyl.maven.plugins.provisio.ValidatorIntegrationTest.testIncomplete(ValidatorIntegrationTest.java:53)

[ERROR] testComplete[3.6.3](ca.vanzyl.maven.plugins.provisio.ValidatorIntegrationTest)  Time elapsed: 0.119 s  <<< FAILURE!
java.lang.AssertionError: [[ERROR] [ERROR] Some problems were encountered while processing the POMs:, [ERROR] Unresolveable build extension: Plugin ca.vanzyl.provisio.maven.plugins:provisio-maven-plugin:1.0.20-SNAPSHOT or one of its dependencies could not be resolved: The following artifacts could not be resolved: ca.vanzyl:provisio-model:jar:1.0.20-SNAPSHOT, ca.vanzyl:provisio-core:jar:1.0.20-SNAPSHOT: Could not find artifact ca.vanzyl:provisio-model:jar:1.0.20-SNAPSHOT @ , [ERROR] Unknown packaging: trino-plugin @ line 7, column 16, [ERROR] The build could not read 1 project -> [Help 1], [ERROR]   , [ERROR]   The project ca.vanzyl.provisio.maven.plugins.its:complete:1.0 (/home/gabsko/breaking-updates/provisio-maven-plugin/target/test-projects/ValidatorIntegrationTest_testComplete[3.6.3]_complete/pom.xml) has 2 errors, [ERROR]     Unresolveable build extension: Plugin ca.vanzyl.provisio.maven.plugins:provisio-maven-plugin:1.0.20-SNAPSHOT or one of its dependencies could not be resolved: The following artifacts could not be resolved: ca.vanzyl:provisio-model:jar:1.0.20-SNAPSHOT, ca.vanzyl:provisio-core:jar:1.0.20-SNAPSHOT: Could not find artifact ca.vanzyl:provisio-model:jar:1.0.20-SNAPSHOT -> [Help 2], [ERROR]     Unknown packaging: trino-plugin @ line 7, column 16, [ERROR] , [ERROR] To see the full stack trace of the errors, re-run Maven with the -e switch., [ERROR] Re-run Maven using the -X switch to enable full debug logging., [ERROR] , [ERROR] For more information about the errors and possible solutions, please read the following articles:, [ERROR] [Help 1] http://cwiki.apache.org/confluence/display/MAVEN/ProjectBuildingException, [ERROR] [Help 2] http://cwiki.apache.org/confluence/display/MAVEN/PluginManagerException]
	at ca.vanzyl.maven.plugins.provisio.ValidatorIntegrationTest.testComplete(ValidatorIntegrationTest.java:64)

[ERROR] testIncomplete[3.8.4](ca.vanzyl.maven.plugins.provisio.ValidatorIntegrationTest)  Time elapsed: 0.129 s  <<< FAILURE!
java.lang.AssertionError: Log line not present: [ERROR] Failed to execute goal ca.vanzyl.provisio.maven.plugins:provisio-maven-plugin:
	at ca.vanzyl.maven.plugins.provisio.ValidatorIntegrationTest.testIncomplete(ValidatorIntegrationTest.java:53)

[ERROR] testComplete[3.8.4](ca.vanzyl.maven.plugins.provisio.ValidatorIntegrationTest)  Time elapsed: 0.116 s  <<< FAILURE!
java.lang.AssertionError: [[ERROR] [ERROR] Some problems were encountered while processing the POMs:, [ERROR] Unresolveable build extension: Plugin ca.vanzyl.provisio.maven.plugins:provisio-maven-plugin:1.0.20-SNAPSHOT or one of its dependencies could not be resolved: The following artifacts could not be resolved: ca.vanzyl:provisio-model:jar:1.0.20-SNAPSHOT, ca.vanzyl:provisio-core:jar:1.0.20-SNAPSHOT: Could not find artifact ca.vanzyl:provisio-model:jar:1.0.20-SNAPSHOT @ , [ERROR] Unknown packaging: trino-plugin @ line 7, column 16, [ERROR] The build could not read 1 project -> [Help 1], [ERROR]   , [ERROR]   The project ca.vanzyl.provisio.maven.plugins.its:complete:1.0 (/home/gabsko/breaking-updates/provisio-maven-plugin/target/test-projects/ValidatorIntegrationTest_testComplete[3.8.4]_complete/pom.xml) has 2 errors, [ERROR]     Unresolveable build extension: Plugin ca.vanzyl.provisio.maven.plugins:provisio-maven-plugin:1.0.20-SNAPSHOT or one of its dependencies could not be resolved: The following artifacts could not be resolved: ca.vanzyl:provisio-model:jar:1.0.20-SNAPSHOT, ca.vanzyl:provisio-core:jar:1.0.20-SNAPSHOT: Could not find artifact ca.vanzyl:provisio-model:jar:1.0.20-SNAPSHOT -> [Help 2], [ERROR]     Unknown packaging: trino-plugin @ line 7, column 16, [ERROR] , [ERROR] To see the full stack trace of the errors, re-run Maven with the -e switch., [ERROR] Re-run Maven using the -X switch to enable full debug logging., [ERROR] , [ERROR] For more information about the errors and possible solutions, please read the following articles:, [ERROR] [Help 1] http://cwiki.apache.org/confluence/display/MAVEN/ProjectBuildingException, [ERROR] [Help 2] http://cwiki.apache.org/confluence/display/MAVEN/PluginManagerException]
	at ca.vanzyl.maven.plugins.provisio.ValidatorIntegrationTest.testComplete(ValidatorIntegrationTest.java:64)

[INFO] 
[INFO] Results:
[INFO] 
[ERROR] Failures: 
[ERROR]   GeneratorIntegrationTest.testBasic:63->testGenerator:86 [[ERROR] [ERROR] Some problems were encountered while processing the POMs:, [ERROR] Unresolveable build extension: Plugin ca.vanzyl.provisio.maven.plugins:provisio-maven-plugin:1.0.20-SNAPSHOT or one of its dependencies could not be resolved: The following artifacts could not be resolved: ca.vanzyl:provisio-model:jar:1.0.20-SNAPSHOT, ca.vanzyl:provisio-core:jar:1.0.20-SNAPSHOT: Could not find artifact ca.vanzyl:provisio-model:jar:1.0.20-SNAPSHOT @ , [ERROR] Unknown packaging: trino-plugin @ line 7, column 16, [ERROR] The build could not read 1 project -> [Help 1], [ERROR]   , [ERROR]   The project ca.vanzyl.provisio.maven.plugins.its:basic:1.0 (/home/gabsko/breaking-updates/provisio-maven-plugin/target/test-projects/GeneratorIntegrationTest_testBasic[3.6.3]_basic/pom.xml) has 2 errors, [ERROR]     Unresolveable build extension: Plugin ca.vanzyl.provisio.maven.plugins:provisio-maven-plugin:1.0.20-SNAPSHOT or one of its dependencies could not be resolved: The following artifacts could not be resolved: ca.vanzyl:provisio-model:jar:1.0.20-SNAPSHOT, ca.vanzyl:provisio-core:jar:1.0.20-SNAPSHOT: Could not find artifact ca.vanzyl:provisio-model:jar:1.0.20-SNAPSHOT -> [Help 2], [ERROR]     Unknown packaging: trino-plugin @ line 7, column 16, [ERROR] , [ERROR] To see the full stack trace of the errors, re-run Maven with the -e switch., [ERROR] Re-run Maven using the -X switch to enable full debug logging., [ERROR] , [ERROR] For more information about the errors and possible solutions, please read the following articles:, [ERROR] [Help 1] http://cwiki.apache.org/confluence/display/MAVEN/ProjectBuildingException, [ERROR] [Help 2] http://cwiki.apache.org/confluence/display/MAVEN/PluginManagerException]
[ERROR]   GeneratorIntegrationTest.testBasic:63->testGenerator:86 [[ERROR] [ERROR] Some problems were encountered while processing the POMs:, [ERROR] Unresolveable build extension: Plugin ca.vanzyl.provisio.maven.plugins:provisio-maven-plugin:1.0.20-SNAPSHOT or one of its dependencies could not be resolved: The following artifacts could not be resolved: ca.vanzyl:provisio-model:jar:1.0.20-SNAPSHOT, ca.vanzyl:provisio-core:jar:1.0.20-SNAPSHOT: Could not find artifact ca.vanzyl:provisio-model:jar:1.0.20-SNAPSHOT @ , [ERROR] Unknown packaging: trino-plugin @ line 7, column 16, [ERROR] The build could not read 1 project -> [Help 1], [ERROR]   , [ERROR]   The project ca.vanzyl.provisio.maven.plugins.its:basic:1.0 (/home/gabsko/breaking-updates/provisio-maven-plugin/target/test-projects/GeneratorIntegrationTest_testBasic[3.8.4]_basic/pom.xml) has 2 errors, [ERROR]     Unresolveable build extension: Plugin ca.vanzyl.provisio.maven.plugins:provisio-maven-plugin:1.0.20-SNAPSHOT or one of its dependencies could not be resolved: The following artifacts could not be resolved: ca.vanzyl:provisio-model:jar:1.0.20-SNAPSHOT, ca.vanzyl:provisio-core:jar:1.0.20-SNAPSHOT: Could not find artifact ca.vanzyl:provisio-model:jar:1.0.20-SNAPSHOT -> [Help 2], [ERROR]     Unknown packaging: trino-plugin @ line 7, column 16, [ERROR] , [ERROR] To see the full stack trace of the errors, re-run Maven with the -e switch., [ERROR] Re-run Maven using the -X switch to enable full debug logging., [ERROR] , [ERROR] For more information about the errors and possible solutions, please read the following articles:, [ERROR] [Help 1] http://cwiki.apache.org/confluence/display/MAVEN/ProjectBuildingException, [ERROR] [Help 2] http://cwiki.apache.org/confluence/display/MAVEN/PluginManagerException]
[ERROR]   GeneratorIntegrationTest.testConflict:74 Log line not present: [ERROR] Failed to execute goal ca.vanzyl.provisio.maven.plugins:provisio-maven-plugin:
[ERROR]   GeneratorIntegrationTest.testConflict:74 Log line not present: [ERROR] Failed to execute goal ca.vanzyl.provisio.maven.plugins:provisio-maven-plugin:
[ERROR]   ValidatorIntegrationTest.testComplete:64 [[ERROR] [ERROR] Some problems were encountered while processing the POMs:, [ERROR] Unresolveable build extension: Plugin ca.vanzyl.provisio.maven.plugins:provisio-maven-plugin:1.0.20-SNAPSHOT or one of its dependencies could not be resolved: The following artifacts could not be resolved: ca.vanzyl:provisio-model:jar:1.0.20-SNAPSHOT, ca.vanzyl:provisio-core:jar:1.0.20-SNAPSHOT: Could not find artifact ca.vanzyl:provisio-model:jar:1.0.20-SNAPSHOT @ , [ERROR] Unknown packaging: trino-plugin @ line 7, column 16, [ERROR] The build could not read 1 project -> [Help 1], [ERROR]   , [ERROR]   The project ca.vanzyl.provisio.maven.plugins.its:complete:1.0 (/home/gabsko/breaking-updates/provisio-maven-plugin/target/test-projects/ValidatorIntegrationTest_testComplete[3.6.3]_complete/pom.xml) has 2 errors, [ERROR]     Unresolveable build extension: Plugin ca.vanzyl.provisio.maven.plugins:provisio-maven-plugin:1.0.20-SNAPSHOT or one of its dependencies could not be resolved: The following artifacts could not be resolved: ca.vanzyl:provisio-model:jar:1.0.20-SNAPSHOT, ca.vanzyl:provisio-core:jar:1.0.20-SNAPSHOT: Could not find artifact ca.vanzyl:provisio-model:jar:1.0.20-SNAPSHOT -> [Help 2], [ERROR]     Unknown packaging: trino-plugin @ line 7, column 16, [ERROR] , [ERROR] To see the full stack trace of the errors, re-run Maven with the -e switch., [ERROR] Re-run Maven using the -X switch to enable full debug logging., [ERROR] , [ERROR] For more information about the errors and possible solutions, please read the following articles:, [ERROR] [Help 1] http://cwiki.apache.org/confluence/display/MAVEN/ProjectBuildingException, [ERROR] [Help 2] http://cwiki.apache.org/confluence/display/MAVEN/PluginManagerException]
[ERROR]   ValidatorIntegrationTest.testComplete:64 [[ERROR] [ERROR] Some problems were encountered while processing the POMs:, [ERROR] Unresolveable build extension: Plugin ca.vanzyl.provisio.maven.plugins:provisio-maven-plugin:1.0.20-SNAPSHOT or one of its dependencies could not be resolved: The following artifacts could not be resolved: ca.vanzyl:provisio-model:jar:1.0.20-SNAPSHOT, ca.vanzyl:provisio-core:jar:1.0.20-SNAPSHOT: Could not find artifact ca.vanzyl:provisio-model:jar:1.0.20-SNAPSHOT @ , [ERROR] Unknown packaging: trino-plugin @ line 7, column 16, [ERROR] The build could not read 1 project -> [Help 1], [ERROR]   , [ERROR]   The project ca.vanzyl.provisio.maven.plugins.its:complete:1.0 (/home/gabsko/breaking-updates/provisio-maven-plugin/target/test-projects/ValidatorIntegrationTest_testComplete[3.8.4]_complete/pom.xml) has 2 errors, [ERROR]     Unresolveable build extension: Plugin ca.vanzyl.provisio.maven.plugins:provisio-maven-plugin:1.0.20-SNAPSHOT or one of its dependencies could not be resolved: The following artifacts could not be resolved: ca.vanzyl:provisio-model:jar:1.0.20-SNAPSHOT, ca.vanzyl:provisio-core:jar:1.0.20-SNAPSHOT: Could not find artifact ca.vanzyl:provisio-model:jar:1.0.20-SNAPSHOT -> [Help 2], [ERROR]     Unknown packaging: trino-plugin @ line 7, column 16, [ERROR] , [ERROR] To see the full stack trace of the errors, re-run Maven with the -e switch., [ERROR] Re-run Maven using the -X switch to enable full debug logging., [ERROR] , [ERROR] For more information about the errors and possible solutions, please read the following articles:, [ERROR] [Help 1] http://cwiki.apache.org/confluence/display/MAVEN/ProjectBuildingException, [ERROR] [Help 2] http://cwiki.apache.org/confluence/display/MAVEN/PluginManagerException]
[ERROR]   ValidatorIntegrationTest.testIncomplete:53 Log line not present: [ERROR] Failed to execute goal ca.vanzyl.provisio.maven.plugins:provisio-maven-plugin:
[ERROR]   ValidatorIntegrationTest.testIncomplete:53 Log line not present: [ERROR] Failed to execute goal ca.vanzyl.provisio.maven.plugins:provisio-maven-plugin:
[INFO] 
[ERROR] Tests run: 8, Failures: 8, Errors: 0, Skipped: 0
[INFO] 
[INFO] ------------------------------------------------------------------------
[INFO] Reactor Summary for Provisio 1.0.20-SNAPSHOT:
[INFO] 
[INFO] Provisio ........................................... SUCCESS [  0.550 s]
[INFO] Provisio :: Model .................................. SUCCESS [  2.440 s]
[INFO] Provisio :: Core ................................... SUCCESS [  1.271 s]
[INFO] Provisio :: Maven .................................. SUCCESS [  3.507 s]
[INFO] Provisio :: Maven Plugin ........................... FAILURE [  6.129 s]
[INFO] Provisio :: Integration Tests ...................... SKIPPED
[INFO] ------------------------------------------------------------------------
[INFO] BUILD FAILURE
[INFO] ------------------------------------------------------------------------
[INFO] Total time:  14.407 s
[INFO] Finished at: 2023-02-08T23:34:14Z
[INFO] ------------------------------------------------------------------------
[ERROR] Failed to execute goal org.apache.maven.plugins:maven-surefire-plugin:2.22.0:test (default-test) on project provisio-maven-plugin: There are test failures.
[ERROR] 
[ERROR] Please refer to /home/gabsko/breaking-updates/provisio-maven-plugin/target/surefire-reports for the individual test results.
[ERROR] Please refer to dump files (if any exist) [date]-jvmRun[N].dump, [date].dumpstream and [date]-jvmRun[N].dumpstream.
[ERROR] -> [Help 1]
[ERROR] 
[ERROR] To see the full stack trace of the errors, re-run Maven with the -e switch.
[ERROR] Re-run Maven using the -X switch to enable full debug logging.
[ERROR] 
[ERROR] For more information about the errors and possible solutions, please read the following articles:
[ERROR] [Help 1] http://cwiki.apache.org/confluence/display/MAVEN/MojoFailureException
[ERROR] 
[ERROR] After correcting the problems, you can resume the build with the command
[ERROR]   mvn <args> -rf :provisio-maven-plugin
