[INFO] Scanning for projects...
[INFO] 
[INFO] ------------------< com.datadoghq:datadog-api-client >------------------
[INFO] Building datadog-api-client 1.0.0-beta.8-SNAPSHOT
[INFO] --------------------------------[ jar ]---------------------------------
[INFO] Downloading from central: https://repo.maven.apache.org/maven2/org/apache/maven/plugins/maven-surefire-plugin/2.19.1/maven-surefire-plugin-2.19.1.pom
[INFO] Downloaded from central: https://repo.maven.apache.org/maven2/org/apache/maven/plugins/maven-surefire-plugin/2.19.1/maven-surefire-plugin-2.19.1.pom (5.6 kB at 34 kB/s)
[INFO] Downloading from central: https://repo.maven.apache.org/maven2/org/apache/maven/plugins/maven-surefire-plugin/2.19.1/maven-surefire-plugin-2.19.1.jar
[INFO] Downloaded from central: https://repo.maven.apache.org/maven2/org/apache/maven/plugins/maven-surefire-plugin/2.19.1/maven-surefire-plugin-2.19.1.jar (38 kB at 1.2 MB/s)
[INFO] Downloading from central: https://repo.maven.apache.org/maven2/com/github/tomakehurst/wiremock-jre8/2.25.1/wiremock-jre8-2.25.1.jar
[INFO] Downloading from central: https://repo.maven.apache.org/maven2/org/eclipse/jetty/jetty-server/9.4.20.v20190813/jetty-server-9.4.20.v20190813.jar
[INFO] Downloading from central: https://repo.maven.apache.org/maven2/org/eclipse/jetty/jetty-http/9.4.20.v20190813/jetty-http-9.4.20.v20190813.jar
[INFO] Downloading from central: https://repo.maven.apache.org/maven2/org/eclipse/jetty/jetty-servlet/9.4.20.v20190813/jetty-servlet-9.4.20.v20190813.jar
[INFO] Downloading from central: https://repo.maven.apache.org/maven2/org/eclipse/jetty/jetty-io/9.4.20.v20190813/jetty-io-9.4.20.v20190813.jar
[INFO] Downloaded from central: https://repo.maven.apache.org/maven2/org/eclipse/jetty/jetty-io/9.4.20.v20190813/jetty-io-9.4.20.v20190813.jar (156 kB at 2.9 MB/s)
[INFO] Downloading from central: https://repo.maven.apache.org/maven2/org/eclipse/jetty/jetty-security/9.4.20.v20190813/jetty-security-9.4.20.v20190813.jar
[INFO] Downloaded from central: https://repo.maven.apache.org/maven2/org/eclipse/jetty/jetty-servlet/9.4.20.v20190813/jetty-servlet-9.4.20.v20190813.jar (128 kB at 2.2 MB/s)
[INFO] Downloading from central: https://repo.maven.apache.org/maven2/org/eclipse/jetty/jetty-servlets/9.4.20.v20190813/jetty-servlets-9.4.20.v20190813.jar
[INFO] Downloaded from central: https://repo.maven.apache.org/maven2/org/eclipse/jetty/jetty-http/9.4.20.v20190813/jetty-http-9.4.20.v20190813.jar (208 kB at 3.4 MB/s)
[INFO] Downloading from central: https://repo.maven.apache.org/maven2/org/eclipse/jetty/jetty-continuation/9.4.20.v20190813/jetty-continuation-9.4.20.v20190813.jar
[INFO] Downloaded from central: https://repo.maven.apache.org/maven2/org/eclipse/jetty/jetty-security/9.4.20.v20190813/jetty-security-9.4.20.v20190813.jar (117 kB at 1.8 MB/s)
[INFO] Downloading from central: https://repo.maven.apache.org/maven2/org/eclipse/jetty/jetty-util/9.4.20.v20190813/jetty-util-9.4.20.v20190813.jar
[INFO] Downloaded from central: https://repo.maven.apache.org/maven2/org/eclipse/jetty/jetty-servlets/9.4.20.v20190813/jetty-servlets-9.4.20.v20190813.jar (101 kB at 1.5 MB/s)
[INFO] Downloading from central: https://repo.maven.apache.org/maven2/org/eclipse/jetty/jetty-webapp/9.4.20.v20190813/jetty-webapp-9.4.20.v20190813.jar
[INFO] Downloaded from central: https://repo.maven.apache.org/maven2/org/eclipse/jetty/jetty-continuation/9.4.20.v20190813/jetty-continuation-9.4.20.v20190813.jar (25 kB at 369 kB/s)
[INFO] Downloading from central: https://repo.maven.apache.org/maven2/org/eclipse/jetty/jetty-xml/9.4.20.v20190813/jetty-xml-9.4.20.v20190813.jar
[INFO] Downloaded from central: https://repo.maven.apache.org/maven2/org/eclipse/jetty/jetty-server/9.4.20.v20190813/jetty-server-9.4.20.v20190813.jar (657 kB at 8.5 MB/s)
[INFO] Downloading from central: https://repo.maven.apache.org/maven2/org/xmlunit/xmlunit-core/2.6.2/xmlunit-core-2.6.2.jar
[INFO] Downloaded from central: https://repo.maven.apache.org/maven2/org/xmlunit/xmlunit-core/2.6.2/xmlunit-core-2.6.2.jar (0 B at 0 B/s)
[INFO] Downloading from central: https://repo.maven.apache.org/maven2/org/xmlunit/xmlunit-legacy/2.6.2/xmlunit-legacy-2.6.2.jar
[INFO] Downloaded from central: https://repo.maven.apache.org/maven2/org/eclipse/jetty/jetty-xml/9.4.20.v20190813/jetty-xml-9.4.20.v20190813.jar (62 kB at 686 kB/s)
[INFO] Downloading from central: https://repo.maven.apache.org/maven2/org/xmlunit/xmlunit-placeholders/2.6.2/xmlunit-placeholders-2.6.2.jar
[INFO] Downloaded from central: https://repo.maven.apache.org/maven2/org/eclipse/jetty/jetty-webapp/9.4.20.v20190813/jetty-webapp-9.4.20.v20190813.jar (138 kB at 1.5 MB/s)
[INFO] Downloading from central: https://repo.maven.apache.org/maven2/com/github/jknack/handlebars-helpers/4.1.2/handlebars-helpers-4.1.2.jar
[INFO] Downloaded from central: https://repo.maven.apache.org/maven2/org/xmlunit/xmlunit-legacy/2.6.2/xmlunit-legacy-2.6.2.jar (128 kB at 1.3 MB/s)
[INFO] Downloading from central: https://repo.maven.apache.org/maven2/org/eclipse/jetty/http2/http2-server/9.4.20.v20190813/http2-server-9.4.20.v20190813.jar
[INFO] Downloaded from central: https://repo.maven.apache.org/maven2/org/eclipse/jetty/jetty-util/9.4.20.v20190813/jetty-util-9.4.20.v20190813.jar (539 kB at 5.4 MB/s)
[INFO] Downloading from central: https://repo.maven.apache.org/maven2/org/eclipse/jetty/http2/http2-common/9.4.20.v20190813/http2-common-9.4.20.v20190813.jar
[INFO] Downloaded from central: https://repo.maven.apache.org/maven2/com/github/jknack/handlebars-helpers/4.1.2/handlebars-helpers-4.1.2.jar (12 kB at 118 kB/s)
[INFO] Downloading from central: https://repo.maven.apache.org/maven2/org/eclipse/jetty/http2/http2-hpack/9.4.20.v20190813/http2-hpack-9.4.20.v20190813.jar
[INFO] Downloaded from central: https://repo.maven.apache.org/maven2/org/eclipse/jetty/http2/http2-server/9.4.20.v20190813/http2-server-9.4.20.v20190813.jar (59 kB at 567 kB/s)
[INFO] Downloading from central: https://repo.maven.apache.org/maven2/org/eclipse/jetty/jetty-alpn-server/9.4.20.v20190813/jetty-alpn-server-9.4.20.v20190813.jar
[INFO] Downloaded from central: https://repo.maven.apache.org/maven2/org/xmlunit/xmlunit-placeholders/2.6.2/xmlunit-placeholders-2.6.2.jar (9.1 kB at 84 kB/s)
[INFO] Downloading from central: https://repo.maven.apache.org/maven2/org/eclipse/jetty/jetty-alpn-conscrypt-server/9.4.20.v20190813/jetty-alpn-conscrypt-server-9.4.20.v20190813.jar
[INFO] Downloaded from central: https://repo.maven.apache.org/maven2/org/eclipse/jetty/http2/http2-common/9.4.20.v20190813/http2-common-9.4.20.v20190813.jar (186 kB at 1.7 MB/s)
[INFO] Downloading from central: https://repo.maven.apache.org/maven2/org/conscrypt/conscrypt-openjdk-uber/2.1.0/conscrypt-openjdk-uber-2.1.0.jar
[INFO] Downloaded from central: https://repo.maven.apache.org/maven2/org/eclipse/jetty/jetty-alpn-conscrypt-server/9.4.20.v20190813/jetty-alpn-conscrypt-server-9.4.20.v20190813.jar (17 kB at 148 kB/s)
[INFO] Downloading from central: https://repo.maven.apache.org/maven2/org/eclipse/jetty/jetty-alpn-conscrypt-client/9.4.20.v20190813/jetty-alpn-conscrypt-client-9.4.20.v20190813.jar
[INFO] Downloaded from central: https://repo.maven.apache.org/maven2/org/eclipse/jetty/http2/http2-hpack/9.4.20.v20190813/http2-hpack-9.4.20.v20190813.jar (50 kB at 424 kB/s)
[INFO] Downloading from central: https://repo.maven.apache.org/maven2/org/eclipse/jetty/jetty-alpn-client/9.4.20.v20190813/jetty-alpn-client-9.4.20.v20190813.jar
[INFO] Downloaded from central: https://repo.maven.apache.org/maven2/org/eclipse/jetty/jetty-alpn-conscrypt-client/9.4.20.v20190813/jetty-alpn-conscrypt-client-9.4.20.v20190813.jar (17 kB at 135 kB/s)
[INFO] Downloading from central: https://repo.maven.apache.org/maven2/org/mock-server/mockserver-netty/5.9.0/mockserver-netty-5.9.0.jar
[INFO] Downloaded from central: https://repo.maven.apache.org/maven2/org/eclipse/jetty/jetty-alpn-client/9.4.20.v20190813/jetty-alpn-client-9.4.20.v20190813.jar (17 kB at 130 kB/s)
[INFO] Downloading from central: https://repo.maven.apache.org/maven2/org/mock-server/mockserver-client-java/5.9.0/mockserver-client-java-5.9.0.jar
[INFO] Downloaded from central: https://repo.maven.apache.org/maven2/org/mock-server/mockserver-client-java/5.9.0/mockserver-client-java-5.9.0.jar (19 kB at 136 kB/s)
[INFO] Downloading from central: https://repo.maven.apache.org/maven2/org/mock-server/mockserver-core/5.9.0/mockserver-core-5.9.0.jar
[INFO] Downloaded from central: https://repo.maven.apache.org/maven2/org/eclipse/jetty/jetty-alpn-server/9.4.20.v20190813/jetty-alpn-server-9.4.20.v20190813.jar (18 kB at 114 kB/s)
[INFO] Downloading from central: https://repo.maven.apache.org/maven2/io/netty/netty-codec-socks/4.1.44.Final/netty-codec-socks-4.1.44.Final.jar
[INFO] Downloaded from central: https://repo.maven.apache.org/maven2/io/netty/netty-codec-socks/4.1.44.Final/netty-codec-socks-4.1.44.Final.jar (119 kB at 709 kB/s)
[INFO] Downloading from central: https://repo.maven.apache.org/maven2/io/netty/netty-handler-proxy/4.1.44.Final/netty-handler-proxy-4.1.44.Final.jar
[INFO] Downloaded from central: https://repo.maven.apache.org/maven2/org/mock-server/mockserver-core/5.9.0/mockserver-core-5.9.0.jar (603 kB at 3.4 MB/s)
[INFO] Downloading from central: https://repo.maven.apache.org/maven2/org/apache/velocity/velocity-engine-scripting/2.1/velocity-engine-scripting-2.1.jar
[INFO] Downloaded from central: https://repo.maven.apache.org/maven2/io/netty/netty-handler-proxy/4.1.44.Final/netty-handler-proxy-4.1.44.Final.jar (22 kB at 122 kB/s)
[INFO] Downloading from central: https://repo.maven.apache.org/maven2/org/apache/velocity/velocity-engine-core/2.1/velocity-engine-core-2.1.jar
[INFO] Downloaded from central: https://repo.maven.apache.org/maven2/org/apache/velocity/velocity-engine-scripting/2.1/velocity-engine-scripting-2.1.jar (15 kB at 84 kB/s)
[INFO] Downloading from central: https://repo.maven.apache.org/maven2/com/github/java-json-tools/json-schema-validator/2.2.11/json-schema-validator-2.2.11.jar
[INFO] Downloaded from central: https://repo.maven.apache.org/maven2/org/apache/velocity/velocity-engine-core/2.1/velocity-engine-core-2.1.jar (0 B at 0 B/s)
[INFO] Downloading from central: https://repo.maven.apache.org/maven2/com/github/java-json-tools/json-schema-core/1.2.10/json-schema-core-1.2.10.jar
[INFO] Downloaded from central: https://repo.maven.apache.org/maven2/com/github/java-json-tools/json-schema-validator/2.2.11/json-schema-validator-2.2.11.jar (237 kB at 1.2 MB/s)
[INFO] Downloading from central: https://repo.maven.apache.org/maven2/com/github/java-json-tools/jackson-coreutils/1.9/jackson-coreutils-1.9.jar
[INFO] Downloaded from central: https://repo.maven.apache.org/maven2/com/github/java-json-tools/jackson-coreutils/1.9/jackson-coreutils-1.9.jar (31 kB at 154 kB/s)
[INFO] Downloading from central: https://repo.maven.apache.org/maven2/com/github/fge/msg-simple/1.1/msg-simple-1.1.jar
[INFO] Downloaded from central: https://repo.maven.apache.org/maven2/com/github/fge/msg-simple/1.1/msg-simple-1.1.jar (0 B at 0 B/s)
[INFO] Downloading from central: https://repo.maven.apache.org/maven2/com/github/fge/btf/1.2/btf-1.2.jar
[INFO] Downloaded from central: https://repo.maven.apache.org/maven2/com/github/java-json-tools/json-schema-core/1.2.10/json-schema-core-1.2.10.jar (174 kB at 849 kB/s)
[INFO] Downloading from central: https://repo.maven.apache.org/maven2/com/github/fge/uri-template/0.9/uri-template-0.9.jar
[INFO] Downloaded from central: https://repo.maven.apache.org/maven2/com/github/fge/uri-template/0.9/uri-template-0.9.jar (0 B at 0 B/s)
[INFO] Downloading from central: https://repo.maven.apache.org/maven2/org/mozilla/rhino/1.7.7.1/rhino-1.7.7.1.jar
[INFO] Downloaded from central: https://repo.maven.apache.org/maven2/com/github/fge/btf/1.2/btf-1.2.jar (0 B at 0 B/s)
[INFO] Downloading from central: https://repo.maven.apache.org/maven2/com/sun/mail/mailapi/1.6.1/mailapi-1.6.1.jar
[INFO] Downloaded from central: https://repo.maven.apache.org/maven2/com/github/tomakehurst/wiremock-jre8/2.25.1/wiremock-jre8-2.25.1.jar (3.1 MB at 13 MB/s)
[INFO] Downloading from central: https://repo.maven.apache.org/maven2/joda-time/joda-time/2.9.7/joda-time-2.9.7.jar
[INFO] Downloaded from central: https://repo.maven.apache.org/maven2/com/sun/mail/mailapi/1.6.1/mailapi-1.6.1.jar (300 kB at 1.3 MB/s)
[INFO] Downloading from central: https://repo.maven.apache.org/maven2/com/googlecode/libphonenumber/libphonenumber/8.0.0/libphonenumber-8.0.0.jar
[INFO] Downloaded from central: https://repo.maven.apache.org/maven2/com/googlecode/libphonenumber/libphonenumber/8.0.0/libphonenumber-8.0.0.jar (327 kB at 1.4 MB/s)
[INFO] Downloading from central: https://repo.maven.apache.org/maven2/io/netty/netty-buffer/4.1.44.Final/netty-buffer-4.1.44.Final.jar
[INFO] Downloaded from central: https://repo.maven.apache.org/maven2/org/conscrypt/conscrypt-openjdk-uber/2.1.0/conscrypt-openjdk-uber-2.1.0.jar (4.4 MB at 17 MB/s)
[INFO] Downloading from central: https://repo.maven.apache.org/maven2/io/netty/netty-codec/4.1.44.Final/netty-codec-4.1.44.Final.jar
[INFO] Downloaded from central: https://repo.maven.apache.org/maven2/joda-time/joda-time/2.9.7/joda-time-2.9.7.jar (633 kB at 2.6 MB/s)
[INFO] Downloading from central: https://repo.maven.apache.org/maven2/io/netty/netty-codec-http/4.1.44.Final/netty-codec-http-4.1.44.Final.jar
[INFO] Downloaded from central: https://repo.maven.apache.org/maven2/io/netty/netty-buffer/4.1.44.Final/netty-buffer-4.1.44.Final.jar (278 kB at 1.1 MB/s)
[INFO] Downloading from central: https://repo.maven.apache.org/maven2/io/netty/netty-common/4.1.44.Final/netty-common-4.1.44.Final.jar
[INFO] Downloaded from central: https://repo.maven.apache.org/maven2/org/mozilla/rhino/1.7.7.1/rhino-1.7.7.1.jar (1.3 MB at 4.8 MB/s)
[INFO] Downloading from central: https://repo.maven.apache.org/maven2/io/netty/netty-handler/4.1.44.Final/netty-handler-4.1.44.Final.jar
[INFO] Downloaded from central: https://repo.maven.apache.org/maven2/io/netty/netty-codec/4.1.44.Final/netty-codec-4.1.44.Final.jar (318 kB at 1.2 MB/s)
[INFO] Downloading from central: https://repo.maven.apache.org/maven2/io/netty/netty-transport/4.1.44.Final/netty-transport-4.1.44.Final.jar
[INFO] Downloaded from central: https://repo.maven.apache.org/maven2/io/netty/netty-codec-http/4.1.44.Final/netty-codec-http-4.1.44.Final.jar (608 kB at 2.2 MB/s)
[INFO] Downloading from central: https://repo.maven.apache.org/maven2/io/netty/netty-resolver/4.1.44.Final/netty-resolver-4.1.44.Final.jar
[INFO] Downloaded from central: https://repo.maven.apache.org/maven2/io/netty/netty-resolver/4.1.44.Final/netty-resolver-4.1.44.Final.jar (33 kB at 117 kB/s)
[INFO] Downloading from central: https://repo.maven.apache.org/maven2/com/datadoghq/dd-trace-api/0.52.0/dd-trace-api-0.52.0.jar
[INFO] Downloaded from central: https://repo.maven.apache.org/maven2/io/netty/netty-handler/4.1.44.Final/netty-handler-4.1.44.Final.jar (449 kB at 1.6 MB/s)
[INFO] Downloaded from central: https://repo.maven.apache.org/maven2/org/mock-server/mockserver-netty/5.9.0/mockserver-netty-5.9.0.jar (1.2 MB at 4.1 MB/s)
[INFO] Downloaded from central: https://repo.maven.apache.org/maven2/io/netty/netty-transport/4.1.44.Final/netty-transport-4.1.44.Final.jar (473 kB at 1.6 MB/s)
[INFO] Downloaded from central: https://repo.maven.apache.org/maven2/io/netty/netty-common/4.1.44.Final/netty-common-4.1.44.Final.jar (611 kB at 2.1 MB/s)
[INFO] Downloaded from central: https://repo.maven.apache.org/maven2/com/datadoghq/dd-trace-api/0.52.0/dd-trace-api-0.52.0.jar (30 kB at 76 kB/s)
[INFO] 
[INFO] --- maven-clean-plugin:2.5:clean (default-clean) @ datadog-api-client ---
[INFO] Deleting /home/gabsko/breaking-updates/target
[INFO] 
[INFO] --- maven-enforcer-plugin:3.0.0-M1:enforce (enforce-maven) @ datadog-api-client ---
[INFO] 
[INFO] --- jacoco-maven-plugin:0.8.5:prepare-agent (default) @ datadog-api-client ---
[INFO] argLine set to -javaagent:/home/gabsko/.m2/repository/org/jacoco/org.jacoco.agent/0.8.5/org.jacoco.agent-0.8.5-runtime.jar=destfile=/home/gabsko/breaking-updates/target/jacoco.exec
[INFO] 
[INFO] --- build-helper-maven-plugin:1.10:add-source (add_sources) @ datadog-api-client ---
[INFO] Source directory: /home/gabsko/breaking-updates/src/main/java added.
[INFO] 
[INFO] --- maven-resources-plugin:2.6:resources (default-resources) @ datadog-api-client ---
[INFO] Using 'UTF-8' encoding to copy filtered resources.
[INFO] Copying 1 resource
[INFO] 
[INFO] --- maven-dependency-plugin:2.8:copy (copy) @ datadog-api-client ---
[INFO] Configured Artifact: com.datadoghq:dd-java-agent:0.52.0:jar
[INFO] Copying dd-java-agent-0.52.0.jar to /home/gabsko/breaking-updates/target/dd-java-agent-0.52.0.jar
[INFO] 
[INFO] --- maven-compiler-plugin:3.6.1:compile (default-compile) @ datadog-api-client ---
[INFO] Changes detected - recompiling the module!
[INFO] Compiling 664 source files to /home/gabsko/breaking-updates/target/classes
[INFO] 
[INFO] --- build-helper-maven-plugin:1.10:add-test-source (add_test_sources) @ datadog-api-client ---
[INFO] Test Source directory: /home/gabsko/breaking-updates/src/test/java added.
[INFO] 
[INFO] --- maven-resources-plugin:2.6:testResources (default-testResources) @ datadog-api-client ---
[INFO] Using 'UTF-8' encoding to copy filtered resources.
[INFO] Copying 617 resources
[INFO] 
[INFO] --- maven-compiler-plugin:3.6.1:testCompile (default-testCompile) @ datadog-api-client ---
[INFO] Changes detected - recompiling the module!
[INFO] Compiling 41 source files to /home/gabsko/breaking-updates/target/test-classes
[INFO] /home/gabsko/breaking-updates/src/test/java/com/datadog/api/v1/client/api/SnapshotsApiTest.java: Some input files use or override a deprecated API.
[INFO] /home/gabsko/breaking-updates/src/test/java/com/datadog/api/v1/client/api/SnapshotsApiTest.java: Recompile with -Xlint:deprecation for details.
[INFO] /home/gabsko/breaking-updates/src/test/java/com/datadog/api/TestUtils.java: Some input files use unchecked or unsafe operations.
[INFO] /home/gabsko/breaking-updates/src/test/java/com/datadog/api/TestUtils.java: Recompile with -Xlint:unchecked for details.
[INFO] 
[INFO] --- maven-surefire-plugin:2.19.1:test (default-test) @ datadog-api-client ---
[INFO] Downloading from central: https://repo.maven.apache.org/maven2/org/apache/maven/surefire/surefire-junit4/2.19.1/surefire-junit4-2.19.1.pom
[INFO] Downloaded from central: https://repo.maven.apache.org/maven2/org/apache/maven/surefire/surefire-junit4/2.19.1/surefire-junit4-2.19.1.pom (3.3 kB at 408 kB/s)
[INFO] Downloading from central: https://repo.maven.apache.org/maven2/org/apache/maven/surefire/surefire-providers/2.19.1/surefire-providers-2.19.1.pom
[INFO] Downloaded from central: https://repo.maven.apache.org/maven2/org/apache/maven/surefire/surefire-providers/2.19.1/surefire-providers-2.19.1.pom (2.6 kB at 513 kB/s)
[INFO] Downloading from central: https://repo.maven.apache.org/maven2/org/apache/maven/surefire/surefire-junit4/2.19.1/surefire-junit4-2.19.1.jar
[INFO] Downloaded from central: https://repo.maven.apache.org/maven2/org/apache/maven/surefire/surefire-junit4/2.19.1/surefire-junit4-2.19.1.jar (75 kB at 8.4 MB/s)

-------------------------------------------------------
 T E S T S
-------------------------------------------------------
OpenJDK 64-Bit Server VM warning: Sharing is only supported for boot loader classes because bootstrap classpath has been appended
OpenJDK 64-Bit Server VM warning: Sharing is only supported for boot loader classes because bootstrap classpath has been appended
OpenJDK 64-Bit Server VM warning: Sharing is only supported for boot loader classes because bootstrap classpath has been appended
OpenJDK 64-Bit Server VM warning: Sharing is only supported for boot loader classes because bootstrap classpath has been appended
OpenJDK 64-Bit Server VM warning: Sharing is only supported for boot loader classes because bootstrap classpath has been appended
OpenJDK 64-Bit Server VM warning: Sharing is only supported for boot loader classes because bootstrap classpath has been appended
OpenJDK 64-Bit Server VM warning: Sharing is only supported for boot loader classes because bootstrap classpath has been appended
OpenJDK 64-Bit Server VM warning: Sharing is only supported for boot loader classes because bootstrap classpath has been appended
OpenJDK 64-Bit Server VM warning: Sharing is only supported for boot loader classes because bootstrap classpath has been appended
OpenJDK 64-Bit Server VM warning: Sharing is only supported for boot loader classes because bootstrap classpath has been appended
OpenJDK 64-Bit Server VM warning: Sharing is only supported for boot loader classes because bootstrap classpath has been appended
OpenJDK 64-Bit Server VM warning: Sharing is only supported for boot loader classes because bootstrap classpath has been appended
OpenJDK 64-Bit Server VM warning: Sharing is only supported for boot loader classes because bootstrap classpath has been appended
OpenJDK 64-Bit Server VM warning: Sharing is only supported for boot loader classes because bootstrap classpath has been appended
OpenJDK 64-Bit Server VM warning: Sharing is only supported for boot loader classes because bootstrap classpath has been appended
OpenJDK 64-Bit Server VM warning: Sharing is only supported for boot loader classes because bootstrap classpath has been appended
[dd.trace 2023-02-08 09:19:21:544 +0000] [main] INFO datadog.trace.agent.jmxfetch.JMXFetch - JMXFetch config: null [] [] [] null null {runtime-id=4b2a3173-49dd-45b4-9d5f-a6f32f16f3b2, service=unnamed-java-app} statsd:localhost:8125
[dd.trace 2023-02-08 09:19:21:591 +0000] [main] INFO datadog.trace.bootstrap.Agent - Initializing JMX thread CPU time provider
[dd.trace 2023-02-08 09:19:21:601 +0000] [main] INFO datadog.trace.agent.core.DDTraceCoreInfo - dd-trace - version: 0.52.0~9742e96ad
[dd.trace 2023-02-08 09:19:21:702 +0000] [main] INFO datadog.trace.agent.core.CoreTracer - New instance: DDTracer-de8039f{ serviceName=unnamed-java-app, writer=DDAgentWriter { api=DDApi { tracesUrl=null } }, sampler=datadog.trace.agent.common.sampling.RateByServiceSampler@1deceb67, defaultSpanTags={}}
[dd.trace 2023-02-08 09:19:21:714 +0000] [main] INFO datadog.trace.agent.tooling.VersionLogger - dd-trace-core - version: 0.52.0~9742e96ad
[dd.trace 2023-02-08 09:19:21:714 +0000] [main] INFO datadog.trace.agent.tooling.VersionLogger - dd-trace-api - version: 0.52.0~9742e96ad
[dd.trace 2023-02-08 09:19:21:715 +0000] [main] INFO datadog.trace.agent.tooling.VersionLogger - dd-java-agent - version: 0.52.0~9742e96ad
[dd.trace 2023-02-08 09:19:21:715 +0000] [main] INFO com.datadog.profiling.agent.ProfilingAgent - Profiling: disabled
Running com.datadog.api.v2.client.api.ServicesApiTest
Tests run: 5, Failures: 0, Errors: 0, Skipped: 0, Time elapsed: 0.525 sec - in com.datadog.api.v2.client.api.ServicesApiTest
Running com.datadog.api.v1.client.api.TagsApiTest
SLF4J: Failed to load class "org.slf4j.impl.StaticLoggerBinder".
SLF4J: Defaulting to no-operation (NOP) logger implementation
SLF4J: See http://www.slf4j.org/codes.html#StaticLoggerBinder for further details.
Warning: Nashorn engine is planned to be removed from a future JDK release
OpenJDK 64-Bit Server VM warning: Sharing is only supported for boot loader classes because bootstrap classpath has been appended
OpenJDK 64-Bit Server VM warning: Sharing is only supported for boot loader classes because bootstrap classpath has been appended
OpenJDK 64-Bit Server VM warning: Sharing is only supported for boot loader classes because bootstrap classpath has been appended
OpenJDK 64-Bit Server VM warning: Sharing is only supported for boot loader classes because bootstrap classpath has been appended
[dd.trace 2023-02-08 09:19:31:243 +0000] [MockServer-MockServer-workerEventLoop2] WARN datadog.trace.bootstrap.WeakMap$Implementation$Default - WeakMap.Supplier not registered. Returning a synchronized WeakHashMap.
[dd.trace 2023-02-08 09:19:31:419 +0000] [dd-trace-writer] WARN datadog.trace.agent.common.writer.ddagent.DDAgentApi - Error while sending 1 of 1 (size=0KB, bufferId=0) traces to the DD agent. java.net.ConnectException: Failed to connect to localhost/127.0.0.1:8126 (going silent for 5 minutes)
Error getting list of host tags: com.datadog.api.v1.client.ApiException: {"errors": ["No host matches that host_id"]}
Error getting list of host tags: com.datadog.api.v1.client.ApiException: {"errors": ["No host matches that host_id"]}
OpenJDK 64-Bit Server VM warning: Sharing is only supported for boot loader classes because bootstrap classpath has been appended
OpenJDK 64-Bit Server VM warning: Sharing is only supported for boot loader classes because bootstrap classpath has been appended
Tests run: 6, Failures: 0, Errors: 0, Skipped: 0, Time elapsed: 10.136 sec - in com.datadog.api.v1.client.api.TagsApiTest
Running com.datadog.api.v1.client.api.TelemetryTest
Tests run: 1, Failures: 0, Errors: 0, Skipped: 0, Time elapsed: 0.266 sec - in com.datadog.api.v1.client.api.TelemetryTest
Running com.datadog.api.v1.client.api.HostsApiTest
Error getting list of host tags: com.datadog.api.v1.client.ApiException: {"errors": ["No host matches that host_id"]}
Error getting list of host tags: com.datadog.api.v1.client.ApiException: {"errors": ["No host matches that host_id"]}
Tests run: 13, Failures: 0, Errors: 0, Skipped: 0, Time elapsed: 1.549 sec - in com.datadog.api.v1.client.api.HostsApiTest
Running com.datadog.api.v2.client.api.UsersApiTest
WARNING: An illegal reflective access operation has occurred
WARNING: Illegal reflective access by org.glassfish.jersey.client.internal.HttpUrlConnector$3 (file:/home/gabsko/.m2/repository/org/glassfish/jersey/core/jersey-client/2.27/jersey-client-2.27.jar) to field sun.net.www.protocol.https.HttpsURLConnectionImpl.delegate
WARNING: Please consider reporting this to the maintainers of org.glassfish.jersey.client.internal.HttpUrlConnector$3
WARNING: Use --illegal-access=warn to enable warnings of further illegal reflective access operations
WARNING: All illegal access operations will be denied in a future release
Tests run: 2, Failures: 0, Errors: 0, Skipped: 0, Time elapsed: 0.354 sec - in com.datadog.api.v2.client.api.UsersApiTest
Running com.datadog.api.v1.client.api.LogsIndexesApiTest
Feb 08, 2023 9:19:35 AM com.datadog.api.v1.client.api.LogsIndexesApi getLogsIndex
WARNING: Using unstable operation 'getLogsIndex'
Feb 08, 2023 9:19:35 AM com.datadog.api.v1.client.api.LogsIndexesApi getLogsIndexOrder
WARNING: Using unstable operation 'getLogsIndexOrder'
Feb 08, 2023 9:19:35 AM com.datadog.api.v1.client.api.LogsIndexesApi getLogsIndexOrder
WARNING: Using unstable operation 'getLogsIndexOrder'
Feb 08, 2023 9:19:35 AM com.datadog.api.v1.client.api.LogsIndexesApi updateLogsIndex
WARNING: Using unstable operation 'updateLogsIndex'
Feb 08, 2023 9:19:35 AM com.datadog.api.v1.client.api.LogsIndexesApi updateLogsIndex
WARNING: Using unstable operation 'updateLogsIndex'
Feb 08, 2023 9:19:35 AM com.datadog.api.v1.client.api.LogsIndexesApi updateLogsIndex
WARNING: Using unstable operation 'updateLogsIndex'
Feb 08, 2023 9:19:35 AM com.datadog.api.v1.client.api.LogsIndexesApi getLogsIndex
WARNING: Using unstable operation 'getLogsIndex'
Feb 08, 2023 9:19:35 AM com.datadog.api.v1.client.api.LogsIndexesApi updateLogsIndex
WARNING: Using unstable operation 'updateLogsIndex'
Feb 08, 2023 9:19:35 AM com.datadog.api.v1.client.api.LogsIndexesApi getLogsIndexOrder
WARNING: Using unstable operation 'getLogsIndexOrder'
Feb 08, 2023 9:19:35 AM com.datadog.api.v1.client.api.LogsIndexesApi updateLogsIndexOrder
WARNING: Using unstable operation 'updateLogsIndexOrder'
Feb 08, 2023 9:19:35 AM com.datadog.api.v1.client.api.LogsIndexesApi updateLogsIndexOrder
WARNING: Using unstable operation 'updateLogsIndexOrder'
Feb 08, 2023 9:19:35 AM com.datadog.api.v1.client.api.LogsIndexesApi updateLogsIndexOrder
WARNING: Using unstable operation 'updateLogsIndexOrder'
Feb 08, 2023 9:19:35 AM com.datadog.api.v1.client.api.LogsIndexesApi listLogIndexes
WARNING: Using unstable operation 'listLogIndexes'
Feb 08, 2023 9:19:35 AM com.datadog.api.v1.client.api.LogsIndexesApi listLogIndexes
WARNING: Using unstable operation 'listLogIndexes'
Feb 08, 2023 9:19:35 AM com.datadog.api.v1.client.api.LogsIndexesApi getLogsIndex
WARNING: Using unstable operation 'getLogsIndex'
Feb 08, 2023 9:19:35 AM com.datadog.api.v1.client.api.LogsIndexesApi getLogsIndex
WARNING: Using unstable operation 'getLogsIndex'
Tests run: 11, Failures: 0, Errors: 0, Skipped: 0, Time elapsed: 0.762 sec - in com.datadog.api.v1.client.api.LogsIndexesApiTest
Running com.datadog.api.v1.client.api.AzureIntegrationApiTest
Tests run: 9, Failures: 0, Errors: 0, Skipped: 0, Time elapsed: 1.208 sec - in com.datadog.api.v1.client.api.AzureIntegrationApiTest
Running com.datadog.api.v1.client.api.AwsIntegrationApiTest
Log lambda check is not done, currently in state: waiting
Tests run: 27, Failures: 0, Errors: 0, Skipped: 1, Time elapsed: 1.839 sec - in com.datadog.api.v1.client.api.AwsIntegrationApiTest
Running com.datadog.api.v1.client.api.LogsPipelinesOrderTest
Tests run: 1, Failures: 0, Errors: 0, Skipped: 0, Time elapsed: 0.112 sec - in com.datadog.api.v1.client.api.LogsPipelinesOrderTest
Running com.datadog.api.v1.client.api.LogsApiTest
Tests run: 2, Failures: 0, Errors: 0, Skipped: 0, Time elapsed: 0.885 sec - in com.datadog.api.v1.client.api.LogsApiTest
Running com.datadog.api.v2.client.api.SecurityMonitoringApiTest
Tests run: 3, Failures: 0, Errors: 0, Skipped: 2, Time elapsed: 0.391 sec - in com.datadog.api.v2.client.api.SecurityMonitoringApiTest
Running com.datadog.api.v1.client.api.SyntheticsApiTest
Tests run: 16, Failures: 0, Errors: 0, Skipped: 0, Time elapsed: 1.286 sec - in com.datadog.api.v1.client.api.SyntheticsApiTest
Running com.datadog.api.v1.client.api.SnapshotsApiTest
Tests run: 4, Failures: 0, Errors: 0, Skipped: 0, Time elapsed: 0.232 sec - in com.datadog.api.v1.client.api.SnapshotsApiTest
Running com.datadog.api.v2.client.api.TeamsApiTest
Tests run: 5, Failures: 0, Errors: 0, Skipped: 0, Time elapsed: 0.004 sec - in com.datadog.api.v2.client.api.TeamsApiTest
Running com.datadog.api.v1.client.api.GcpIntegrationApiTest
Tests run: 8, Failures: 0, Errors: 0, Skipped: 0, Time elapsed: 0.637 sec - in com.datadog.api.v1.client.api.GcpIntegrationApiTest
Running com.datadog.api.v1.client.api.AwsLogsIntegrationApiTest
Tests run: 7, Failures: 0, Errors: 0, Skipped: 0, Time elapsed: 0.003 sec - in com.datadog.api.v1.client.api.AwsLogsIntegrationApiTest
Running com.datadog.api.v1.client.api.LogsPipelinesLifecycleTest
Tests run: 1, Failures: 0, Errors: 0, Skipped: 0, Time elapsed: 0.534 sec - in com.datadog.api.v1.client.api.LogsPipelinesLifecycleTest
Running com.datadog.api.v1.client.api.UsersApiTest
Tests run: 8, Failures: 0, Errors: 0, Skipped: 1, Time elapsed: 0.576 sec - in com.datadog.api.v1.client.api.UsersApiTest
Running com.datadog.api.v1.client.api.PagerDutyIntegrationApiTest
Problem with removing PagerDuty integration service java-lifecyclePagerDutyIntegrationTest-local-1595946553: com.datadog.api.v1.client.ApiException: {"errors": ["Service not found"]}
Tests run: 5, Failures: 0, Errors: 0, Skipped: 0, Time elapsed: 0.563 sec - in com.datadog.api.v1.client.api.PagerDutyIntegrationApiTest
Running com.datadog.api.v2.client.api.RolesApiTest
Tests run: 4, Failures: 0, Errors: 0, Skipped: 0, Time elapsed: 0.491 sec - in com.datadog.api.v2.client.api.RolesApiTest
Running com.datadog.api.v1.client.api.MetricsApiTest
Tests run: 11, Failures: 0, Errors: 0, Skipped: 0, Time elapsed: 0.575 sec - in com.datadog.api.v1.client.api.MetricsApiTest
Running com.datadog.api.v1.client.api.MonitorsApiTest
Tests run: 12, Failures: 0, Errors: 0, Skipped: 0, Time elapsed: 1.621 sec - in com.datadog.api.v1.client.api.MonitorsApiTest
Running com.datadog.api.v1.client.api.AuthenticationApiTest
Tests run: 2, Failures: 0, Errors: 0, Skipped: 0, Time elapsed: 0.177 sec - in com.datadog.api.v1.client.api.AuthenticationApiTest
Running com.datadog.api.v1.client.api.IpRangesApiTest
Could not find file src/test/resources/cassettes/v1/IpRangesApiTest.getIPRangesTestMocked.freeze, initializing clock using current time
Tests run: 2, Failures: 0, Errors: 0, Skipped: 0, Time elapsed: 0.117 sec - in com.datadog.api.v1.client.api.IpRangesApiTest
Running com.datadog.api.v2.client.api.LogsArchivesApiTest
Could not find file src/test/resources/cassettes/v2/LogsArchivesApiTest.listLogsArchivesTest.freeze, initializing clock using current time
Could not find file src/test/resources/cassettes/v2/LogsArchivesApiTest.getLogsArchiveTest.freeze, initializing clock using current time
Could not find file src/test/resources/cassettes/v2/LogsArchivesApiTest.deleteLogsArchiveTest.freeze, initializing clock using current time
Could not find file src/test/resources/cassettes/v2/LogsArchivesApiTest.updateLogsArchiveTest.freeze, initializing clock using current time
Could not find file src/test/resources/cassettes/v2/LogsArchivesApiTest.createLogsArchiveTestAzure.freeze, initializing clock using current time
Could not find file src/test/resources/cassettes/v2/LogsArchivesApiTest.createLogsArchiveTestS3.freeze, initializing clock using current time
Could not find file src/test/resources/cassettes/v2/LogsArchivesApiTest.createLogsArchiveTestGCS.freeze, initializing clock using current time
Tests run: 7, Failures: 0, Errors: 0, Skipped: 0, Time elapsed: 0.351 sec - in com.datadog.api.v2.client.api.LogsArchivesApiTest
Running com.datadog.api.v1.client.api.DashboardListsApiTest
Tests run: 6, Failures: 0, Errors: 0, Skipped: 0, Time elapsed: 0.362 sec - in com.datadog.api.v1.client.api.DashboardListsApiTest
Running com.datadog.api.v1.client.api.DashboardsApiTest
Error deleting dashboard, it may have already been deleted by a test: {"errors": ["Dashboard with ID 977-7kh-iff not found"]}Tests run: 6, Failures: 0, Errors: 0, Skipped: 0, Time elapsed: 1.079 sec - in com.datadog.api.v1.client.api.DashboardsApiTest
Running com.datadog.api.v1.client.api.KeyManagementApiTest
Tests run: 23, Failures: 0, Errors: 0, Skipped: 2, Time elapsed: 0.919 sec - in com.datadog.api.v1.client.api.KeyManagementApiTest
Running com.datadog.api.v1.client.api.ServiceLevelObjectivesApiTest
Feb 08, 2023 9:19:50 AM com.datadog.api.v1.client.api.ServiceLevelObjectivesApi getSLOHistory
WARNING: Using unstable operation 'getSLOHistory'
Feb 08, 2023 9:19:50 AM com.datadog.api.v1.client.api.ServiceLevelObjectivesApi getSLOHistory
WARNING: Using unstable operation 'getSLOHistory'
Feb 08, 2023 9:19:50 AM com.datadog.api.v1.client.api.ServiceLevelObjectivesApi getSLOHistory
WARNING: Using unstable operation 'getSLOHistory'
Feb 08, 2023 9:19:50 AM com.datadog.api.v1.client.api.ServiceLevelObjectivesApi getSLOHistory
WARNING: Using unstable operation 'getSLOHistory'
Tests run: 12, Failures: 0, Errors: 0, Skipped: 0, Time elapsed: 0.914 sec - in com.datadog.api.v1.client.api.ServiceLevelObjectivesApiTest
Running com.datadog.api.v1.client.api.OrganizationsApiTest
Tests run: 10, Failures: 0, Errors: 0, Skipped: 1, Time elapsed: 0.483 sec - in com.datadog.api.v1.client.api.OrganizationsApiTest
Running com.datadog.api.v2.client.api.LogsApiTest
Feb 08, 2023 9:19:51 AM com.datadog.api.v2.client.api.LogsApi listLogs
WARNING: Using unstable operation 'listLogs'
Feb 08, 2023 9:19:51 AM com.datadog.api.v2.client.api.LogsApi listLogs
WARNING: Using unstable operation 'listLogs'
Feb 08, 2023 9:19:51 AM com.datadog.api.v2.client.api.LogsApi listLogs
WARNING: Using unstable operation 'listLogs'
Feb 08, 2023 9:19:51 AM com.datadog.api.v2.client.api.LogsApi listLogs
WARNING: Using unstable operation 'listLogs'
Feb 08, 2023 9:19:51 AM com.datadog.api.v2.client.api.LogsApi listLogs
WARNING: Using unstable operation 'listLogs'
Feb 08, 2023 9:19:51 AM com.datadog.api.v2.client.api.LogsApi listLogs
WARNING: Using unstable operation 'listLogs'
Feb 08, 2023 9:19:51 AM com.datadog.api.v2.client.api.LogsApi listLogs
WARNING: Using unstable operation 'listLogs'
Feb 08, 2023 9:19:51 AM com.datadog.api.v2.client.api.LogsApi listLogs
WARNING: Using unstable operation 'listLogs'
Feb 08, 2023 9:19:51 AM com.datadog.api.v2.client.api.LogsApi listLogsGet
WARNING: Using unstable operation 'listLogsGet'
Feb 08, 2023 9:19:51 AM com.datadog.api.v2.client.api.LogsApi listLogsGet
WARNING: Using unstable operation 'listLogsGet'
Feb 08, 2023 9:19:51 AM com.datadog.api.v2.client.api.LogsApi listLogsGet
WARNING: Using unstable operation 'listLogsGet'
Feb 08, 2023 9:19:51 AM com.datadog.api.v2.client.api.LogsApi listLogsGet
WARNING: Using unstable operation 'listLogsGet'
Feb 08, 2023 9:19:51 AM com.datadog.api.v2.client.api.LogsApi listLogsGet
WARNING: Using unstable operation 'listLogsGet'
Feb 08, 2023 9:19:51 AM com.datadog.api.v2.client.api.LogsApi listLogsGet
WARNING: Using unstable operation 'listLogsGet'
Feb 08, 2023 9:19:51 AM com.datadog.api.v2.client.api.LogsApi listLogsGet
WARNING: Using unstable operation 'listLogsGet'
Feb 08, 2023 9:19:51 AM com.datadog.api.v2.client.api.LogsApi listLogsGet
WARNING: Using unstable operation 'listLogsGet'
Feb 08, 2023 9:19:51 AM com.datadog.api.v2.client.api.LogsApi listLogsGet
WARNING: Using unstable operation 'listLogsGet'
Tests run: 2, Failures: 0, Errors: 0, Skipped: 0, Time elapsed: 0.383 sec - in com.datadog.api.v2.client.api.LogsApiTest
Running com.datadog.api.v1.client.api.UsageMeteringApiTest
Feb 08, 2023 9:19:51 AM com.datadog.api.v1.client.api.UsageMeteringApi getSpecifiedMonthlyCustomReports
WARNING: Using unstable operation 'getSpecifiedMonthlyCustomReports'
Feb 08, 2023 9:19:51 AM com.datadog.api.v1.client.api.UsageMeteringApi getSpecifiedMonthlyCustomReports
WARNING: Using unstable operation 'getSpecifiedMonthlyCustomReports'
Feb 08, 2023 9:19:51 AM com.datadog.api.v1.client.api.UsageMeteringApi getDailyCustomReports
WARNING: Using unstable operation 'getDailyCustomReports'
OpenJDK 64-Bit Server VM warning: Sharing is only supported for boot loader classes because bootstrap classpath has been appended
OpenJDK 64-Bit Server VM warning: Sharing is only supported for boot loader classes because bootstrap classpath has been appended
Feb 08, 2023 9:19:52 AM com.datadog.api.v1.client.api.UsageMeteringApi getMonthlyCustomReports
WARNING: Using unstable operation 'getMonthlyCustomReports'
Feb 08, 2023 9:19:52 AM com.datadog.api.v1.client.api.UsageMeteringApi getSpecifiedMonthlyCustomReports
WARNING: Using unstable operation 'getSpecifiedMonthlyCustomReports'

No reports are available yet or this org is forbidden

Feb 08, 2023 9:19:52 AM com.datadog.api.v1.client.api.UsageMeteringApi getMonthlyCustomReports
WARNING: Using unstable operation 'getMonthlyCustomReports'
Feb 08, 2023 9:19:52 AM com.datadog.api.v1.client.api.UsageMeteringApi getSpecifiedDailyCustomReports
WARNING: Using unstable operation 'getSpecifiedDailyCustomReports'
Feb 08, 2023 9:19:52 AM com.datadog.api.v1.client.api.UsageMeteringApi getSpecifiedDailyCustomReports
WARNING: Using unstable operation 'getSpecifiedDailyCustomReports'
Feb 08, 2023 9:19:53 AM com.datadog.api.v1.client.api.UsageMeteringApi getDailyCustomReports
WARNING: Using unstable operation 'getDailyCustomReports'
Feb 08, 2023 9:19:53 AM com.datadog.api.v1.client.api.UsageMeteringApi getSpecifiedMonthlyCustomReports
WARNING: Using unstable operation 'getSpecifiedMonthlyCustomReports'
Feb 08, 2023 9:19:53 AM com.datadog.api.v1.client.api.UsageMeteringApi getSpecifiedDailyCustomReports
WARNING: Using unstable operation 'getSpecifiedDailyCustomReports'

No reports are available yet or this org is forbidden

Tests run: 52, Failures: 0, Errors: 1, Skipped: 0, Time elapsed: 1.606 sec <<< FAILURE! - in com.datadog.api.v1.client.api.UsageMeteringApiTest
getUsageSummaryTest(com.datadog.api.v1.client.api.UsageMeteringApiTest)  Time elapsed: 0.149 sec  <<< ERROR!
com.datadog.api.v1.client.ApiException: 

                                               Request was not matched
                                               =======================

-----------------------------------------------------------------------------------------------------------------------
| Closest stub                                             | Request                                                  |
-----------------------------------------------------------------------------------------------------------------------
                                                           |
GET                                                        | GET
/api/v1/usage/summary                                      | /api/v1/usage/summary?start_month=2023-02-08T09%3A19%3A51
                                                           | .96915Z&end_month=2023-02-08T09%3A19%3A51.969168Z&include
                                                           | _org_details=true
                                                           |
Query: start_month = 2023-02-08T09:19:51.969150Z           | start_month: 2023-02-08T09:19:51.96915Z             <<<<< Query does not match
Query: end_month = 2023-02-08T09:19:51.969168Z             | end_month: 2023-02-08T09:19:51.969168Z
Query: include_org_details = true                          | include_org_details: true
                                                           |
                                                           |
-----------------------------------------------------------------------------------------------------------------------

	at com.datadog.api.v1.client.api.UsageMeteringApiTest.getUsageSummaryTest(UsageMeteringApiTest.java:308)

Running com.datadog.api.v1.client.api.DowntimesApiTest
Tests run: 9, Failures: 0, Errors: 0, Skipped: 0, Time elapsed: 0.581 sec - in com.datadog.api.v1.client.api.DowntimesApiTest
Running com.datadog.api.v2.client.api.TelemetryTest
Tests run: 1, Failures: 0, Errors: 0, Skipped: 0, Time elapsed: 0.125 sec - in com.datadog.api.v2.client.api.TelemetryTest
Running com.datadog.api.v2.client.api.DashboardListsApiTest
Tests run: 1, Failures: 0, Errors: 0, Skipped: 0, Time elapsed: 0.455 sec - in com.datadog.api.v2.client.api.DashboardListsApiTest
Running com.datadog.api.v1.client.api.EventsApiTest
Error getting event: com.datadog.api.v1.client.ApiException: {"errors": ["No event matches that event_id."]}
Error getting event: com.datadog.api.v1.client.ApiException: {"errors": ["No event matches that event_id."]}
Tests run: 3, Failures: 0, Errors: 0, Skipped: 0, Time elapsed: 0.213 sec - in com.datadog.api.v1.client.api.EventsApiTest
Running com.datadog.api.v1.client.api.LogsPipelinesApiTest
Tests run: 14, Failures: 0, Errors: 0, Skipped: 7, Time elapsed: 0.286 sec - in com.datadog.api.v1.client.api.LogsPipelinesApiTest

Results :

Tests in error: 
  UsageMeteringApiTest.getUsageSummaryTest:308 » Api 
                          ...

Tests run: 311, Failures: 0, Errors: 1, Skipped: 14

[INFO] ------------------------------------------------------------------------
[INFO] BUILD FAILURE
[INFO] ------------------------------------------------------------------------
[INFO] Total time:  42.531 s
[INFO] Finished at: 2023-02-08T09:19:55Z
[INFO] ------------------------------------------------------------------------
[ERROR] Failed to execute goal org.apache.maven.plugins:maven-surefire-plugin:2.19.1:test (default-test) on project datadog-api-client: There are test failures.
[ERROR] 
[ERROR] Please refer to /home/gabsko/breaking-updates/target/surefire-reports for the individual test results.
[ERROR] -> [Help 1]
[ERROR] 
[ERROR] To see the full stack trace of the errors, re-run Maven with the -e switch.
[ERROR] Re-run Maven using the -X switch to enable full debug logging.
[ERROR] 
[ERROR] For more information about the errors and possible solutions, please read the following articles:
[ERROR] [Help 1] http://cwiki.apache.org/confluence/display/MAVEN/MojoFailureException
