[INFO] Scanning for projects...
[INFO] ------------------------------------------------------------------------
[INFO] Reactor Build Order:
[INFO] 
[INFO] Apache Commons JCS                                                 [pom]
[INFO] Apache Commons JCS :: Core                                         [jar]
[INFO] Apache Commons JCS :: JCache                                       [jar]
[INFO] Apache Commons JCS :: JCache TCK                                   [jar]
[INFO] Apache Commons JCS :: JCache Extras                                [jar]
[INFO] Apache Commons JCS :: JCache OpenJPA                               [jar]
[INFO] Apache Commons JCS :: Distribution                                 [pom]
[INFO] 
[INFO] ------------------< org.apache.commons:commons-jcs3 >-------------------
[INFO] Building Apache Commons JCS 3.1-SNAPSHOT                           [1/7]
[INFO] --------------------------------[ pom ]---------------------------------
[INFO] 
[INFO] --- maven-clean-plugin:3.1.0:clean (default-clean) @ commons-jcs3 ---
[INFO] Deleting /home/gabsko/breaking-updates/target
[INFO] 
[INFO] --- maven-enforcer-plugin:3.0.0-M3:enforce (enforce-maven-version) @ commons-jcs3 ---
[INFO] 
[INFO] --- maven-enforcer-plugin:3.0.0-M3:enforce (enforce-maven-3) @ commons-jcs3 ---
[INFO] 
[INFO] --- apache-rat-plugin:0.13:check (rat-check) @ commons-jcs3 ---
[INFO] Enabled default license matchers.
[INFO] Will parse SCM ignores for exclusions...
[INFO] Parsing exclusions from /home/gabsko/breaking-updates/.gitignore
[INFO] Finished adding exclusions from SCM ignore files.
[INFO] 72 implicit excludes (use -debug for more details).
[INFO] 9 explicit excludes (use -debug for more details).
[INFO] 195 resources included (use -debug for more details)
[INFO] Rat check: Summary over all files. Unapproved: 0, unknown: 0, generated: 0, approved: 190 licenses.
[INFO] 
[INFO] --- build-helper-maven-plugin:3.2.0:parse-version (parse-version) @ commons-jcs3 ---
[INFO] 
[INFO] --- maven-antrun-plugin:1.8:run (javadoc.resources) @ commons-jcs3 ---
[INFO] Skipping Antrun execution
[INFO] 
[INFO] --- maven-remote-resources-plugin:1.7.0:process (process-resource-bundles) @ commons-jcs3 ---
[INFO] Preparing remote bundle org.apache:apache-jar-resource-bundle:1.4
[INFO] Copying 3 resources from 1 bundle.
[INFO] 
[INFO] --- buildnumber-maven-plugin:1.4:create (default) @ commons-jcs3 ---
[INFO] Executing: /bin/sh -c cd '/home/gabsko/breaking-updates' && 'git' 'rev-parse' '--verify' 'HEAD'
[INFO] Working directory: /home/gabsko/breaking-updates
[INFO] Storing buildNumber: 017f3840fcbd5e68d5a04962d34b59fe99a7e2b6 at timestamp: 1675868629993
[WARNING] Cannot get the branch information from the git repository: 
Detecting the current branch failed: fatal: ref HEAD is not a symbolic ref

[INFO] Executing: /bin/sh -c cd '/home/gabsko/breaking-updates' && 'git' 'rev-parse' '--verify' 'HEAD'
[INFO] Working directory: /home/gabsko/breaking-updates
[INFO] Storing buildScmBranch: UNKNOWN
[INFO] 
[INFO] --- maven-bundle-plugin:5.1.1:manifest (bundle-manifest) @ commons-jcs3 ---
[WARNING] Ignoring project type pom - supportedProjectTypes = [jar, bundle]
[INFO] 
[INFO] --- animal-sniffer-maven-plugin:1.19:check (checkAPIcompatibility) @ commons-jcs3 ---
[INFO] Checking unresolved references to org.codehaus.mojo.signature:java18:1.0
[INFO] 
[INFO] ----------------< org.apache.commons:commons-jcs3-core >----------------
[INFO] Building Apache Commons JCS :: Core 3.1-SNAPSHOT                   [2/7]
[INFO] --------------------------------[ jar ]---------------------------------
[INFO] 
[INFO] --- maven-clean-plugin:3.1.0:clean (default-clean) @ commons-jcs3-core ---
[INFO] Deleting /home/gabsko/breaking-updates/commons-jcs-core/target
[INFO] 
[INFO] --- maven-enforcer-plugin:3.0.0-M3:enforce (enforce-maven-version) @ commons-jcs3-core ---
[INFO] 
[INFO] --- maven-enforcer-plugin:3.0.0-M3:enforce (enforce-maven-3) @ commons-jcs3-core ---
[INFO] 
[INFO] --- apache-rat-plugin:0.13:check (rat-check) @ commons-jcs3-core ---
[INFO] Enabled default license matchers.
[INFO] Will parse SCM ignores for exclusions...
[INFO] Finished adding exclusions from SCM ignore files.
[INFO] 62 implicit excludes (use -debug for more details).
[INFO] 9 explicit excludes (use -debug for more details).
[INFO] 493 resources included (use -debug for more details)
[INFO] Rat check: Summary over all files. Unapproved: 0, unknown: 0, generated: 0, approved: 493 licenses.
[INFO] 
[INFO] --- build-helper-maven-plugin:3.2.0:parse-version (parse-version) @ commons-jcs3-core ---
[INFO] 
[INFO] --- maven-antrun-plugin:1.8:run (javadoc.resources) @ commons-jcs3-core ---
[INFO] Skipping Antrun execution
[INFO] 
[INFO] --- maven-remote-resources-plugin:1.7.0:process (process-resource-bundles) @ commons-jcs3-core ---
[INFO] Preparing remote bundle org.apache:apache-jar-resource-bundle:1.4
[INFO] Copying 3 resources from 1 bundle.
[INFO] 
[INFO] --- buildnumber-maven-plugin:1.4:create (default) @ commons-jcs3-core ---
[INFO] Executing: /bin/sh -c cd '/home/gabsko/breaking-updates/commons-jcs-core' && 'git' 'rev-parse' '--verify' 'HEAD'
[INFO] Working directory: /home/gabsko/breaking-updates/commons-jcs-core
[INFO] Storing buildNumber: 017f3840fcbd5e68d5a04962d34b59fe99a7e2b6 at timestamp: 1675868630982
[WARNING] Cannot get the branch information from the git repository: 
Detecting the current branch failed: fatal: ref HEAD is not a symbolic ref

[INFO] Executing: /bin/sh -c cd '/home/gabsko/breaking-updates/commons-jcs-core' && 'git' 'rev-parse' '--verify' 'HEAD'
[INFO] Working directory: /home/gabsko/breaking-updates/commons-jcs-core
[INFO] Storing buildScmBranch: UNKNOWN
[INFO] 
[INFO] --- maven-resources-plugin:3.1.0:resources (default-resources) @ commons-jcs3-core ---
[INFO] Using 'UTF-8' encoding to copy filtered resources.
[INFO] Copying 1 resource
[INFO] Copying 0 resource to META-INF
[INFO] Copying 3 resources
[INFO] 
[INFO] --- maven-compiler-plugin:3.8.1:compile (default-compile) @ commons-jcs3-core ---
[INFO] Changes detected - recompiling the module!
[INFO] Compiling 233 source files to /home/gabsko/breaking-updates/commons-jcs-core/target/classes
[INFO] /home/gabsko/breaking-updates/commons-jcs-core/src/main/java/org/apache/commons/jcs3/io/ObjectInputStreamClassLoaderAware.java: /home/gabsko/breaking-updates/commons-jcs-core/src/main/java/org/apache/commons/jcs3/io/ObjectInputStreamClassLoaderAware.java uses or overrides a deprecated API.
[INFO] /home/gabsko/breaking-updates/commons-jcs-core/src/main/java/org/apache/commons/jcs3/io/ObjectInputStreamClassLoaderAware.java: Recompile with -Xlint:deprecation for details.
[INFO] /home/gabsko/breaking-updates/commons-jcs-core/src/main/java/org/apache/commons/jcs3/auxiliary/remote/RemoteCacheManager.java: Some input files use unchecked or unsafe operations.
[INFO] /home/gabsko/breaking-updates/commons-jcs-core/src/main/java/org/apache/commons/jcs3/auxiliary/remote/RemoteCacheManager.java: Recompile with -Xlint:unchecked for details.
[INFO] 
[INFO] --- maven-bundle-plugin:5.1.1:manifest (bundle-manifest) @ commons-jcs3-core ---
[INFO] 
[INFO] --- maven-resources-plugin:3.1.0:testResources (default-testResources) @ commons-jcs3-core ---
[INFO] Using 'UTF-8' encoding to copy filtered resources.
[INFO] Copying 49 resources
[INFO] Copying 3 resources
[INFO] 
[INFO] --- maven-compiler-plugin:3.8.1:testCompile (default-testCompile) @ commons-jcs3-core ---
[INFO] Changes detected - recompiling the module!
[INFO] Compiling 145 source files to /home/gabsko/breaking-updates/commons-jcs-core/target/test-classes
[INFO] /home/gabsko/breaking-updates/commons-jcs-core/src/test/java/org/apache/commons/jcs3/auxiliary/disk/jdbc/JDBCDiskCacheRemovalUnitTest.java: Some input files use or override a deprecated API.
[INFO] /home/gabsko/breaking-updates/commons-jcs-core/src/test/java/org/apache/commons/jcs3/auxiliary/disk/jdbc/JDBCDiskCacheRemovalUnitTest.java: Recompile with -Xlint:deprecation for details.
[INFO] 
[INFO] --- maven-surefire-plugin:2.22.2:test (default-test) @ commons-jcs3-core ---
[INFO] 
[INFO] -------------------------------------------------------
[INFO]  T E S T S
[INFO] -------------------------------------------------------
[INFO] Running org.apache.commons.jcs3.JCSUnitTest
[INFO] Tests run: 1, Failures: 0, Errors: 0, Skipped: 0, Time elapsed: 0.144 s - in org.apache.commons.jcs3.JCSUnitTest
[INFO] Running org.apache.commons.jcs3.engine.match.KeyMatcherPatternImpllUnitTest
[INFO] Tests run: 3, Failures: 0, Errors: 0, Skipped: 0, Time elapsed: 0.026 s - in org.apache.commons.jcs3.engine.match.KeyMatcherPatternImpllUnitTest
[INFO] Running org.apache.commons.jcs3.engine.ZombieCacheServiceNonLocalUnitTest
[INFO] Tests run: 4, Failures: 0, Errors: 0, Skipped: 0, Time elapsed: 0.061 s - in org.apache.commons.jcs3.engine.ZombieCacheServiceNonLocalUnitTest
[INFO] Running org.apache.commons.jcs3.engine.logging.CacheEventLoggerDebugLoggerUnitTest
[INFO] Tests run: 3, Failures: 0, Errors: 0, Skipped: 0, Time elapsed: 0.044 s - in org.apache.commons.jcs3.engine.logging.CacheEventLoggerDebugLoggerUnitTest
[INFO] Running org.apache.commons.jcs3.engine.memory.soft.SoftReferenceMemoryCacheUnitTest
[INFO] Tests run: 6, Failures: 0, Errors: 0, Skipped: 0, Time elapsed: 0.18 s - in org.apache.commons.jcs3.engine.memory.soft.SoftReferenceMemoryCacheUnitTest
[INFO] Running org.apache.commons.jcs3.engine.memory.mru.MRUMemoryCacheUnitTest
[INFO] Tests run: 8, Failures: 0, Errors: 0, Skipped: 0, Time elapsed: 0.34 s - in org.apache.commons.jcs3.engine.memory.mru.MRUMemoryCacheUnitTest
[INFO] Running org.apache.commons.jcs3.engine.memory.shrinking.ShrinkerThreadUnitTest
[INFO] Tests run: 7, Failures: 0, Errors: 0, Skipped: 0, Time elapsed: 1.578 s - in org.apache.commons.jcs3.engine.memory.shrinking.ShrinkerThreadUnitTest
[INFO] Running org.apache.commons.jcs3.engine.memory.lru.LHMLRUMemoryCacheConcurrentUnitTest
[INFO] Tests run: 1, Failures: 0, Errors: 0, Skipped: 0, Time elapsed: 0.194 s - in org.apache.commons.jcs3.engine.memory.lru.LHMLRUMemoryCacheConcurrentUnitTest
[INFO] Running org.apache.commons.jcs3.engine.memory.lru.LHMLRUMemoryCacheUnitTest
[INFO] Tests run: 8, Failures: 0, Errors: 0, Skipped: 0, Time elapsed: 0.224 s - in org.apache.commons.jcs3.engine.memory.lru.LHMLRUMemoryCacheUnitTest
[INFO] Running org.apache.commons.jcs3.engine.memory.lru.LRUMemoryCacheConcurrentUnitTest
[INFO] Tests run: 1, Failures: 0, Errors: 0, Skipped: 0, Time elapsed: 0.272 s - in org.apache.commons.jcs3.engine.memory.lru.LRUMemoryCacheConcurrentUnitTest
[INFO] Running org.apache.commons.jcs3.engine.memory.fifo.FIFOMemoryCacheUnitTest
[onemore, key2, key5, key6, key3, key4, key9, key7, key8, key10]
[INFO] Tests run: 2, Failures: 0, Errors: 0, Skipped: 0, Time elapsed: 0.097 s - in org.apache.commons.jcs3.engine.memory.fifo.FIFOMemoryCacheUnitTest
[INFO] Running org.apache.commons.jcs3.engine.control.event.SimpleEventHandlingUnitTest
[INFO] Tests run: 7, Failures: 0, Errors: 0, Skipped: 0, Time elapsed: 9.257 s - in org.apache.commons.jcs3.engine.control.event.SimpleEventHandlingUnitTest
[INFO] Running org.apache.commons.jcs3.engine.control.CompositeCacheUnitTest
[INFO] Tests run: 5, Failures: 0, Errors: 0, Skipped: 0, Time elapsed: 0.085 s - in org.apache.commons.jcs3.engine.control.CompositeCacheUnitTest
[INFO] Running org.apache.commons.jcs3.engine.control.CompositeCacheDiskUsageUnitTest
[INFO] Tests run: 8, Failures: 0, Errors: 0, Skipped: 0, Time elapsed: 0.208 s - in org.apache.commons.jcs3.engine.control.CompositeCacheDiskUsageUnitTest
[INFO] Running org.apache.commons.jcs3.engine.control.CompositeCacheConfiguratorUnitTest
[INFO] Tests run: 2, Failures: 0, Errors: 0, Skipped: 0, Time elapsed: 0.145 s - in org.apache.commons.jcs3.engine.control.CompositeCacheConfiguratorUnitTest
[INFO] Running org.apache.commons.jcs3.engine.control.CacheManagerStatsUnitTest
[INFO] Tests run: 1, Failures: 0, Errors: 0, Skipped: 0, Time elapsed: 0.179 s - in org.apache.commons.jcs3.engine.control.CacheManagerStatsUnitTest
[INFO] Running org.apache.commons.jcs3.engine.CacheEventQueueFactoryUnitTest
[INFO] Tests run: 2, Failures: 0, Errors: 0, Skipped: 0, Time elapsed: 0.099 s - in org.apache.commons.jcs3.engine.CacheEventQueueFactoryUnitTest
[INFO] Running org.apache.commons.jcs3.engine.SystemPropertyUsageUnitTest
[INFO] Tests run: 2, Failures: 0, Errors: 0, Skipped: 0, Time elapsed: 0.225 s - in org.apache.commons.jcs3.engine.SystemPropertyUsageUnitTest
[INFO] Running org.apache.commons.jcs3.JCSLightLoadUnitTest
[INFO] Tests run: 1, Failures: 0, Errors: 0, Skipped: 0, Time elapsed: 0.24 s - in org.apache.commons.jcs3.JCSLightLoadUnitTest
[INFO] Running org.apache.commons.jcs3.utils.config.PropertySetterUnitTest
[INFO] Tests run: 1, Failures: 0, Errors: 0, Skipped: 0, Time elapsed: 0.052 s - in org.apache.commons.jcs3.utils.config.PropertySetterUnitTest
[INFO] Running org.apache.commons.jcs3.utils.net.HostNameUtilUnitTest
[INFO] Tests run: 1, Failures: 0, Errors: 0, Skipped: 0, Time elapsed: 0.062 s - in org.apache.commons.jcs3.utils.net.HostNameUtilUnitTest
[INFO] Running org.apache.commons.jcs3.utils.discovery.UDPDiscoveryServiceUnitTest
[INFO] Tests run: 4, Failures: 0, Errors: 0, Skipped: 0, Time elapsed: 0.1 s - in org.apache.commons.jcs3.utils.discovery.UDPDiscoveryServiceUnitTest
[INFO] Running org.apache.commons.jcs3.utils.threadpool.ThreadPoolManagerUnitTest
[INFO] Tests run: 3, Failures: 0, Errors: 0, Skipped: 0, Time elapsed: 0.059 s - in org.apache.commons.jcs3.utils.threadpool.ThreadPoolManagerUnitTest
[INFO] Running org.apache.commons.jcs3.utils.zip.CompressionUtilUnitTest
[INFO] Tests run: 3, Failures: 0, Errors: 0, Skipped: 0, Time elapsed: 0.055 s - in org.apache.commons.jcs3.utils.zip.CompressionUtilUnitTest
[INFO] Running org.apache.commons.jcs3.utils.access.JCSWorkerUnitTest
[INFO] Tests run: 1, Failures: 0, Errors: 0, Skipped: 0, Time elapsed: 0.176 s - in org.apache.commons.jcs3.utils.access.JCSWorkerUnitTest
[INFO] Running org.apache.commons.jcs3.utils.struct.DoubleLinkedListDumpUnitTest
[INFO] Tests run: 1, Failures: 0, Errors: 0, Skipped: 0, Time elapsed: 0.04 s - in org.apache.commons.jcs3.utils.struct.DoubleLinkedListDumpUnitTest
[INFO] Running org.apache.commons.jcs3.utils.struct.LRUMapConcurrentUnitTest
[INFO] Tests run: 8, Failures: 0, Errors: 0, Skipped: 0, Time elapsed: 0.143 s - in org.apache.commons.jcs3.utils.struct.LRUMapConcurrentUnitTest
[INFO] Running org.apache.commons.jcs3.utils.struct.DoubleLinkedListUnitTest
[INFO] Tests run: 6, Failures: 0, Errors: 0, Skipped: 0, Time elapsed: 0.039 s - in org.apache.commons.jcs3.utils.struct.DoubleLinkedListUnitTest
[INFO] Running org.apache.commons.jcs3.utils.struct.LRUMapUnitTest
[INFO] Tests run: 5, Failures: 0, Errors: 0, Skipped: 0, Time elapsed: 0.039 s - in org.apache.commons.jcs3.utils.struct.LRUMapUnitTest
[INFO] Running org.apache.commons.jcs3.utils.serialization.StandardSerializerUnitTest
[INFO] Tests run: 3, Failures: 0, Errors: 0, Skipped: 0, Time elapsed: 0.022 s - in org.apache.commons.jcs3.utils.serialization.StandardSerializerUnitTest
[INFO] Running org.apache.commons.jcs3.utils.serialization.SerializerUnitTest
[ERROR] Tests run: 1, Failures: 1, Errors: 0, Skipped: 0, Time elapsed: 157.562 s <<< FAILURE! - in org.apache.commons.jcs3.utils.serialization.SerializerUnitTest
[ERROR] testReadWrite(org.apache.commons.jcs3.utils.serialization.SerializerUnitTest)  Time elapsed: 157.531 s  <<< FAILURE!
junit.framework.AssertionFailedError: 
[key:0] should not be null, Region Name = blockRegion2
HitCountRam = 0
HitCountAux = 0
---------------------------Memory Cache
Put Count = 0
Hit Count = 0
Miss Count = 1
Map Size = 0
List Size = 0
---------------------------Block Disk Cache
Is Alive = true
Key Map Size = 0
Data File Length = 0
Block Size Bytes = 4096
Number Of Blocks = 0
Average Put Size Bytes = 0
Empty Blocks = 0
Purgatory Hits = 0
Purgatory Size = 0
Working = true
Empty = true
Queue Size = 0
Queue Capacity = 2147483647
	at org.apache.commons.jcs3.utils.serialization.SerializerUnitTest.testReadWrite(SerializerUnitTest.java:116)

[INFO] Running org.apache.commons.jcs3.utils.serialization.CompressingSerializerUnitTest
[INFO] Tests run: 4, Failures: 0, Errors: 0, Skipped: 0, Time elapsed: 0.044 s - in org.apache.commons.jcs3.utils.serialization.CompressingSerializerUnitTest
[INFO] Running org.apache.commons.jcs3.utils.serialization.SerializationConversionUtilUnitTest
[INFO] Tests run: 5, Failures: 0, Errors: 0, Skipped: 0, Time elapsed: 0.048 s - in org.apache.commons.jcs3.utils.serialization.SerializationConversionUtilUnitTest
[INFO] Running org.apache.commons.jcs3.utils.serialization.EncryptingSerializerUnitTest
[INFO] Tests run: 5, Failures: 0, Errors: 0, Skipped: 0, Time elapsed: 157.265 s - in org.apache.commons.jcs3.utils.serialization.EncryptingSerializerUnitTest
[INFO] Running org.apache.commons.jcs3.auxiliary.disk.block.BlockDiskUnitTest
[INFO] Tests run: 12, Failures: 0, Errors: 0, Skipped: 0, Time elapsed: 0.178 s - in org.apache.commons.jcs3.auxiliary.disk.block.BlockDiskUnitTest
[INFO] Running org.apache.commons.jcs3.auxiliary.disk.block.BlockDiskCacheSizeUnitTest
[INFO] Tests run: 12, Failures: 0, Errors: 0, Skipped: 0, Time elapsed: 7.766 s - in org.apache.commons.jcs3.auxiliary.disk.block.BlockDiskCacheSizeUnitTest
[INFO] Running org.apache.commons.jcs3.auxiliary.disk.block.BlockDiskCacheSameRegionConcurrentUnitTest
[INFO] Tests run: 4, Failures: 0, Errors: 0, Skipped: 0, Time elapsed: 0.374 s - in org.apache.commons.jcs3.auxiliary.disk.block.BlockDiskCacheSameRegionConcurrentUnitTest
[INFO] Running org.apache.commons.jcs3.auxiliary.disk.block.BlockDiskCacheKeyStoreUnitTest
[INFO] Tests run: 5, Failures: 0, Errors: 0, Skipped: 0, Time elapsed: 0.769 s - in org.apache.commons.jcs3.auxiliary.disk.block.BlockDiskCacheKeyStoreUnitTest
[INFO] Running org.apache.commons.jcs3.auxiliary.disk.block.BlockDiskCacheCountUnitTest
[INFO] Tests run: 12, Failures: 0, Errors: 0, Skipped: 0, Time elapsed: 7.631 s - in org.apache.commons.jcs3.auxiliary.disk.block.BlockDiskCacheCountUnitTest
[INFO] Running org.apache.commons.jcs3.auxiliary.disk.block.BlockDiskCacheConcurrentUnitTest
[INFO] Tests run: 4, Failures: 0, Errors: 0, Skipped: 0, Time elapsed: 0.444 s - in org.apache.commons.jcs3.auxiliary.disk.block.BlockDiskCacheConcurrentUnitTest
[INFO] Running org.apache.commons.jcs3.auxiliary.disk.PurgatoryElementUnitTest
[INFO] Tests run: 3, Failures: 0, Errors: 0, Skipped: 0, Time elapsed: 0.019 s - in org.apache.commons.jcs3.auxiliary.disk.PurgatoryElementUnitTest
[INFO] Running org.apache.commons.jcs3.auxiliary.disk.indexed.IndexedDiskCacheSameRegionConcurrentUnitTest
[INFO] Tests run: 5, Failures: 0, Errors: 0, Skipped: 0, Time elapsed: 0.642 s - in org.apache.commons.jcs3.auxiliary.disk.indexed.IndexedDiskCacheSameRegionConcurrentUnitTest
[INFO] Running org.apache.commons.jcs3.auxiliary.disk.indexed.IndexedDiskCacheKeyStoreUnitTest
[INFO] Tests run: 2, Failures: 0, Errors: 0, Skipped: 0, Time elapsed: 0.139 s - in org.apache.commons.jcs3.auxiliary.disk.indexed.IndexedDiskCacheKeyStoreUnitTest
[INFO] Running org.apache.commons.jcs3.auxiliary.disk.indexed.IndexedDiskCacheConcurrentNoDeadLockUnitTest
[INFO] Tests run: 5, Failures: 0, Errors: 0, Skipped: 0, Time elapsed: 1.628 s - in org.apache.commons.jcs3.auxiliary.disk.indexed.IndexedDiskCacheConcurrentNoDeadLockUnitTest
[INFO] Running org.apache.commons.jcs3.auxiliary.disk.indexed.IndexDiskCacheCountUnitTest
[INFO] Tests run: 25, Failures: 0, Errors: 0, Skipped: 0, Time elapsed: 5.452 s - in org.apache.commons.jcs3.auxiliary.disk.indexed.IndexDiskCacheCountUnitTest
[INFO] Running org.apache.commons.jcs3.auxiliary.disk.indexed.IndexedDiskCacheNoMemoryUnitTest
[INFO] Tests run: 3, Failures: 0, Errors: 0, Skipped: 0, Time elapsed: 0.768 s - in org.apache.commons.jcs3.auxiliary.disk.indexed.IndexedDiskCacheNoMemoryUnitTest
[INFO] Running org.apache.commons.jcs3.auxiliary.disk.indexed.IndexedDiskCacheConcurrentUnitTest
[INFO] Tests run: 4, Failures: 0, Errors: 0, Skipped: 0, Time elapsed: 0.319 s - in org.apache.commons.jcs3.auxiliary.disk.indexed.IndexedDiskCacheConcurrentUnitTest
[INFO] Running org.apache.commons.jcs3.auxiliary.disk.indexed.IndexedDiskCacheOptimizationUnitTest
[INFO] Tests run: 1, Failures: 0, Errors: 0, Skipped: 0, Time elapsed: 3.135 s - in org.apache.commons.jcs3.auxiliary.disk.indexed.IndexedDiskCacheOptimizationUnitTest
[INFO] Running org.apache.commons.jcs3.auxiliary.disk.indexed.IndexDiskCacheSizeUnitTest
[INFO] Tests run: 25, Failures: 0, Errors: 0, Skipped: 0, Time elapsed: 5.652 s - in org.apache.commons.jcs3.auxiliary.disk.indexed.IndexDiskCacheSizeUnitTest
[INFO] Running org.apache.commons.jcs3.auxiliary.disk.jdbc.JDBCDiskCacheUnitTest
[INFO] Tests run: 2, Failures: 0, Errors: 0, Skipped: 0, Time elapsed: 1.656 s - in org.apache.commons.jcs3.auxiliary.disk.jdbc.JDBCDiskCacheUnitTest
[INFO] Running org.apache.commons.jcs3.auxiliary.disk.jdbc.JDBCDiskCacheSharedPoolUnitTest
[INFO] Tests run: 1, Failures: 0, Errors: 0, Skipped: 0, Time elapsed: 1.714 s - in org.apache.commons.jcs3.auxiliary.disk.jdbc.JDBCDiskCacheSharedPoolUnitTest
[INFO] Running org.apache.commons.jcs3.auxiliary.disk.jdbc.JDBCDataSourceFactoryUnitTest
[INFO] Tests run: 3, Failures: 0, Errors: 0, Skipped: 0, Time elapsed: 0.12 s - in org.apache.commons.jcs3.auxiliary.disk.jdbc.JDBCDataSourceFactoryUnitTest
[INFO] Running org.apache.commons.jcs3.auxiliary.disk.jdbc.mysql.MySQLDiskCacheHsqlBackedUnitTest
[INFO] Tests run: 2, Failures: 0, Errors: 0, Skipped: 0, Time elapsed: 2.547 s - in org.apache.commons.jcs3.auxiliary.disk.jdbc.mysql.MySQLDiskCacheHsqlBackedUnitTest
[INFO] Running org.apache.commons.jcs3.auxiliary.disk.jdbc.mysql.MySQLDiskCacheUnitTest
[INFO] Tests run: 1, Failures: 0, Errors: 0, Skipped: 0, Time elapsed: 0.102 s - in org.apache.commons.jcs3.auxiliary.disk.jdbc.mysql.MySQLDiskCacheUnitTest
[INFO] Running org.apache.commons.jcs3.auxiliary.disk.jdbc.mysql.util.ScheduleParserUtilUnitTest
[INFO] Tests run: 6, Failures: 0, Errors: 0, Skipped: 0, Time elapsed: 0.049 s - in org.apache.commons.jcs3.auxiliary.disk.jdbc.mysql.util.ScheduleParserUtilUnitTest
[INFO] Running org.apache.commons.jcs3.auxiliary.disk.jdbc.JDBCDiskCacheShrinkUnitTest
[INFO] Tests run: 3, Failures: 0, Errors: 0, Skipped: 0, Time elapsed: 9.656 s - in org.apache.commons.jcs3.auxiliary.disk.jdbc.JDBCDiskCacheShrinkUnitTest
[INFO] Running org.apache.commons.jcs3.auxiliary.disk.jdbc.hsql.HSQLDiskCacheUnitTest
[INFO] Tests run: 3, Failures: 0, Errors: 0, Skipped: 0, Time elapsed: 0.514 s - in org.apache.commons.jcs3.auxiliary.disk.jdbc.hsql.HSQLDiskCacheUnitTest
[INFO] Running org.apache.commons.jcs3.auxiliary.disk.jdbc.hsql.HSQLDiskCacheConcurrentUnitTest
[INFO] Tests run: 3, Failures: 0, Errors: 0, Skipped: 0, Time elapsed: 0.793 s - in org.apache.commons.jcs3.auxiliary.disk.jdbc.hsql.HSQLDiskCacheConcurrentUnitTest
[INFO] Running org.apache.commons.jcs3.auxiliary.disk.jdbc.JDBCDiskCacheRemovalUnitTest
[INFO] Tests run: 1, Failures: 0, Errors: 0, Skipped: 0, Time elapsed: 1.361 s - in org.apache.commons.jcs3.auxiliary.disk.jdbc.JDBCDiskCacheRemovalUnitTest
[INFO] Running org.apache.commons.jcs3.auxiliary.disk.AbstractDiskCacheUnitTest
[INFO] Tests run: 4, Failures: 0, Errors: 0, Skipped: 0, Time elapsed: 0.164 s - in org.apache.commons.jcs3.auxiliary.disk.AbstractDiskCacheUnitTest
[INFO] Running org.apache.commons.jcs3.auxiliary.AuxiliaryCacheConfiguratorUnitTest
[INFO] Tests run: 5, Failures: 0, Errors: 0, Skipped: 0, Time elapsed: 0.1 s - in org.apache.commons.jcs3.auxiliary.AuxiliaryCacheConfiguratorUnitTest
[INFO] Running org.apache.commons.jcs3.auxiliary.lateral.LateralCacheNoWaitFacadeUnitTest
[INFO] Tests run: 4, Failures: 0, Errors: 0, Skipped: 0, Time elapsed: 0.075 s - in org.apache.commons.jcs3.auxiliary.lateral.LateralCacheNoWaitFacadeUnitTest
[INFO] Running org.apache.commons.jcs3.auxiliary.lateral.socket.tcp.TestTCPLateralUnitTest
[INFO] Tests run: 7, Failures: 0, Errors: 0, Skipped: 0, Time elapsed: 9.822 s - in org.apache.commons.jcs3.auxiliary.lateral.socket.tcp.TestTCPLateralUnitTest
[INFO] Running org.apache.commons.jcs3.auxiliary.lateral.socket.tcp.LateralTCPFilterRemoveHashCodeUnitTest
[INFO] Tests run: 1, Failures: 0, Errors: 0, Skipped: 0, Time elapsed: 0.562 s - in org.apache.commons.jcs3.auxiliary.lateral.socket.tcp.LateralTCPFilterRemoveHashCodeUnitTest
[INFO] Running org.apache.commons.jcs3.auxiliary.lateral.socket.tcp.LateralTCPIssueRemoveOnPutUnitTest
[INFO] Tests run: 2, Failures: 0, Errors: 0, Skipped: 0, Time elapsed: 1.736 s - in org.apache.commons.jcs3.auxiliary.lateral.socket.tcp.LateralTCPIssueRemoveOnPutUnitTest
[INFO] Running org.apache.commons.jcs3.auxiliary.lateral.socket.tcp.LateralTCPDiscoveryListenerUnitTest
[INFO] Tests run: 8, Failures: 0, Errors: 0, Skipped: 0, Time elapsed: 0.196 s - in org.apache.commons.jcs3.auxiliary.lateral.socket.tcp.LateralTCPDiscoveryListenerUnitTest
[INFO] Running org.apache.commons.jcs3.auxiliary.remote.RemoteCacheNoWaitFacadeUnitTest
[INFO] Tests run: 1, Failures: 0, Errors: 0, Skipped: 0, Time elapsed: 0.07 s - in org.apache.commons.jcs3.auxiliary.remote.RemoteCacheNoWaitFacadeUnitTest
[INFO] Running org.apache.commons.jcs3.auxiliary.remote.ZombieRemoteCacheServiceUnitTest
[INFO] Tests run: 4, Failures: 0, Errors: 0, Skipped: 0, Time elapsed: 0.078 s - in org.apache.commons.jcs3.auxiliary.remote.ZombieRemoteCacheServiceUnitTest
[INFO] Running org.apache.commons.jcs3.auxiliary.remote.http.client.RemoteHttpCacheFactoryUnitTest
[INFO] Tests run: 3, Failures: 0, Errors: 0, Skipped: 0, Time elapsed: 0.244 s - in org.apache.commons.jcs3.auxiliary.remote.http.client.RemoteHttpCacheFactoryUnitTest
[INFO] Running org.apache.commons.jcs3.auxiliary.remote.http.client.RemoteHttpCacheClientUnitTest
[INFO] Tests run: 8, Failures: 0, Errors: 0, Skipped: 0, Time elapsed: 0.33 s - in org.apache.commons.jcs3.auxiliary.remote.http.client.RemoteHttpCacheClientUnitTest
[INFO] Running org.apache.commons.jcs3.auxiliary.remote.http.server.RemoteHttpCacheServletUnitTest
[INFO] Tests run: 7, Failures: 0, Errors: 0, Skipped: 0, Time elapsed: 0.243 s - in org.apache.commons.jcs3.auxiliary.remote.http.server.RemoteHttpCacheServletUnitTest
[INFO] Running org.apache.commons.jcs3.auxiliary.remote.http.server.RemoteHttpCacheServiceUnitTest
[INFO] Tests run: 6, Failures: 0, Errors: 0, Skipped: 0, Time elapsed: 0.076 s - in org.apache.commons.jcs3.auxiliary.remote.http.server.RemoteHttpCacheServiceUnitTest
[INFO] Running org.apache.commons.jcs3.auxiliary.remote.server.RemoteCacheServerUnitTest
[INFO] Tests run: 13, Failures: 0, Errors: 0, Skipped: 0, Time elapsed: 1.493 s - in org.apache.commons.jcs3.auxiliary.remote.server.RemoteCacheServerUnitTest
[INFO] Running org.apache.commons.jcs3.auxiliary.remote.server.BasicRemoteCacheClientServerUnitTest
localhost=localhost/127.0.0.1
InetAddress.getLocalHost()=repairnator/127.0.1.1
Found: /fe80:0:0:0:4c8e:d5ff:fe3a:9b3e%veth3686a56 isLoopback: false isSiteLocal: false
Found: /fe80:0:0:0:d085:3bff:fef5:da8a%vethdffbab3 isLoopback: false isSiteLocal: false
Found: /fe80:0:0:0:ecee:eeff:feee:eeee%cali6d94c70c663 isLoopback: false isSiteLocal: false
Found: /fe80:0:0:0:ecee:eeff:feee:eeee%cali784f4284df0 isLoopback: false isSiteLocal: false
Found: /fe80:0:0:0:ecee:eeff:feee:eeee%cali8b36ed6a686 isLoopback: false isSiteLocal: false
Found: /fe80:0:0:0:f822:aeff:fecc:4c2f%vetha72107e isLoopback: false isSiteLocal: false
Found: /fe80:0:0:0:e431:76ff:fef5:69a0%vethf1ec9e7 isLoopback: false isSiteLocal: false
Found: /fe80:0:0:0:94b8:64ff:fe1d:346c%vxlan-6784 isLoopback: false isSiteLocal: false
Found: /fe80:0:0:0:a4db:79ff:fe71:bedf%veth78bd252 isLoopback: false isSiteLocal: false
Found: /fe80:0:0:0:ac3b:a4ff:fe97:4bc5%vethwe-bridge isLoopback: false isSiteLocal: false
Found: /fe80:0:0:0:a403:99ff:fe26:fbf9%veth70377b5 isLoopback: false isSiteLocal: false
Found: /fe80:0:0:0:49:1ff:fe09:74cf%veth12d2cba isLoopback: false isSiteLocal: false
Found: /fe80:0:0:0:50a7:70ff:feca:b777%vethwe-datapath isLoopback: false isSiteLocal: false
Found: /fe80:0:0:0:7462:4bff:fe20:54af%datapath isLoopback: false isSiteLocal: false
Found: /fe80:0:0:0:42:d2ff:fe75:8104%br-cee0c3bc9efd isLoopback: false isSiteLocal: false
Found: /172.22.0.1 isLoopback: false isSiteLocal: true *
Found: /fe80:0:0:0:42:beff:fe13:ca60%br-e4e840885e9c isLoopback: false isSiteLocal: false
Found: /172.18.0.1 isLoopback: false isSiteLocal: true *
Found: /192.168.12.128 isLoopback: false isSiteLocal: true *
Found: /fe80:0:0:0:9014:9cff:fee8:2249%weave isLoopback: false isSiteLocal: false
Found: /10.42.0.0 isLoopback: false isSiteLocal: true *
Found: /fe80:0:0:0:42:6aff:fe75:8c4d%docker0 isLoopback: false isSiteLocal: false
Found: /172.17.0.1 isLoopback: false isSiteLocal: true *
Found: /fe80:0:0:0:6d4:c4ff:fe5b:94c0%enp180s0f0 isLoopback: false isSiteLocal: false
Found: /2001:6b0:1:1de0:6d4:c4ff:fe5b:94c0%enp180s0f0 isLoopback: false isSiteLocal: false
Found: /130.237.222.185 isLoopback: false isSiteLocal: false
Found: /0:0:0:0:0:0:0:1%lo isLoopback: true isSiteLocal: false
Found: /127.0.0.1 isLoopback: true isSiteLocal: false
Renamed log file? false
[INFO] Tests run: 5, Failures: 0, Errors: 0, Skipped: 0, Time elapsed: 1.979 s - in org.apache.commons.jcs3.auxiliary.remote.server.BasicRemoteCacheClientServerUnitTest
[INFO] Running org.apache.commons.jcs3.auxiliary.remote.server.RemoteCacheServerFactoryUnitTest
[INFO] Tests run: 10, Failures: 0, Errors: 0, Skipped: 0, Time elapsed: 0.089 s - in org.apache.commons.jcs3.auxiliary.remote.server.RemoteCacheServerFactoryUnitTest
[INFO] Running org.apache.commons.jcs3.auxiliary.remote.server.TimeoutConfigurableRMISocketFactoryUnitTest
[INFO] Tests run: 1, Failures: 0, Errors: 0, Skipped: 0, Time elapsed: 0.024 s - in org.apache.commons.jcs3.auxiliary.remote.server.TimeoutConfigurableRMISocketFactoryUnitTest
[INFO] Running org.apache.commons.jcs3.auxiliary.remote.server.RemoteCacheServerAttributesUnitTest
[INFO] Tests run: 3, Failures: 0, Errors: 0, Skipped: 0, Time elapsed: 0.021 s - in org.apache.commons.jcs3.auxiliary.remote.server.RemoteCacheServerAttributesUnitTest
[INFO] Running org.apache.commons.jcs3.auxiliary.remote.RemoteCacheNoWaitUnitTest
[INFO] Tests run: 7, Failures: 0, Errors: 0, Skipped: 0, Time elapsed: 0.161 s - in org.apache.commons.jcs3.auxiliary.remote.RemoteCacheNoWaitUnitTest
[INFO] Running org.apache.commons.jcs3.auxiliary.remote.util.RemoteCacheRequestFactoryUnitTest
[INFO] Tests run: 6, Failures: 0, Errors: 0, Skipped: 0, Time elapsed: 0.04 s - in org.apache.commons.jcs3.auxiliary.remote.util.RemoteCacheRequestFactoryUnitTest
[INFO] Running org.apache.commons.jcs3.auxiliary.remote.RemoteUtilsUnitTest
[INFO] Tests run: 3, Failures: 0, Errors: 0, Skipped: 0, Time elapsed: 0.092 s - in org.apache.commons.jcs3.auxiliary.remote.RemoteUtilsUnitTest
[INFO] Running org.apache.commons.jcs3.auxiliary.remote.RemoteCacheUnitTest
[INFO] Tests run: 10, Failures: 0, Errors: 0, Skipped: 0, Time elapsed: 0.093 s - in org.apache.commons.jcs3.auxiliary.remote.RemoteCacheUnitTest
[INFO] Running org.apache.commons.jcs3.auxiliary.remote.RemoteCacheListenerUnitTest
[INFO] Tests run: 2, Failures: 0, Errors: 0, Skipped: 0, Time elapsed: 0.102 s - in org.apache.commons.jcs3.auxiliary.remote.RemoteCacheListenerUnitTest
[INFO] Running org.apache.commons.jcs3.JCSConcurrentCacheAccessUnitTest
[INFO] Tests run: 1, Failures: 0, Errors: 0, Skipped: 0, Time elapsed: 0.999 s - in org.apache.commons.jcs3.JCSConcurrentCacheAccessUnitTest
[INFO] Running org.apache.commons.jcs3.ZeroSizeCacheUnitTest
[INFO] Tests run: 1, Failures: 0, Errors: 0, Skipped: 0, Time elapsed: 0.776 s - in org.apache.commons.jcs3.ZeroSizeCacheUnitTest
[INFO] Running org.apache.commons.jcs3.access.GroupCacheAccessUnitTest
[INFO] Tests run: 6, Failures: 0, Errors: 0, Skipped: 0, Time elapsed: 0.165 s - in org.apache.commons.jcs3.access.GroupCacheAccessUnitTest
[INFO] Running org.apache.commons.jcs3.access.SystemPropertyUnitTest
[INFO] Tests run: 2, Failures: 0, Errors: 0, Skipped: 0, Time elapsed: 0.174 s - in org.apache.commons.jcs3.access.SystemPropertyUnitTest
[INFO] Running org.apache.commons.jcs3.access.CacheAccessUnitTest
[INFO] Tests run: 10, Failures: 0, Errors: 0, Skipped: 0, Time elapsed: 0.159 s - in org.apache.commons.jcs3.access.CacheAccessUnitTest
[INFO] Running org.apache.commons.jcs3.admin.AdminBeanUnitTest
[INFO] Tests run: 4, Failures: 0, Errors: 0, Skipped: 0, Time elapsed: 0.215 s - in org.apache.commons.jcs3.admin.AdminBeanUnitTest
[INFO] Running org.apache.commons.jcs3.admin.CountingStreamUnitTest
[INFO] Tests run: 3, Failures: 0, Errors: 0, Skipped: 0, Time elapsed: 0.02 s - in org.apache.commons.jcs3.admin.CountingStreamUnitTest
[INFO] Running org.apache.commons.jcs3.JCSCacheElementRetrievalUnitTest
[INFO] Tests run: 1, Failures: 0, Errors: 0, Skipped: 0, Time elapsed: 0.155 s - in org.apache.commons.jcs3.JCSCacheElementRetrievalUnitTest
[INFO] 
[INFO] Results:
[INFO] 
[ERROR] Failures: 
[ERROR]   SerializerUnitTest.testReadWrite:116 [key:0] should not be null, Region Name = blockRegion2
HitCountRam = 0
HitCountAux = 0
---------------------------Memory Cache
Put Count = 0
Hit Count = 0
Miss Count = 1
Map Size = 0
List Size = 0
---------------------------Block Disk Cache
Is Alive = true
Key Map Size = 0
Data File Length = 0
Block Size Bytes = 4096
Number Of Blocks = 0
Average Put Size Bytes = 0
Empty Blocks = 0
Purgatory Hits = 0
Purgatory Size = 0
Working = true
Empty = true
Queue Size = 0
Queue Capacity = 2147483647
[INFO] 
[ERROR] Tests run: 418, Failures: 1, Errors: 0, Skipped: 0
[INFO] 
[INFO] ------------------------------------------------------------------------
[INFO] Reactor Summary for Apache Commons JCS 3.1-SNAPSHOT:
[INFO] 
[INFO] Apache Commons JCS ................................. SUCCESS [  2.039 s]
[INFO] Apache Commons JCS :: Core ......................... FAILURE [07:49 min]
[INFO] Apache Commons JCS :: JCache ....................... SKIPPED
[INFO] Apache Commons JCS :: JCache TCK ................... SKIPPED
[INFO] Apache Commons JCS :: JCache Extras ................ SKIPPED
[INFO] Apache Commons JCS :: JCache OpenJPA ............... SKIPPED
[INFO] Apache Commons JCS :: Distribution ................. SKIPPED
[INFO] ------------------------------------------------------------------------
[INFO] BUILD FAILURE
[INFO] ------------------------------------------------------------------------
[INFO] Total time:  07:51 min
[INFO] Finished at: 2023-02-08T15:11:40Z
[INFO] ------------------------------------------------------------------------
[ERROR] Failed to execute goal org.apache.maven.plugins:maven-surefire-plugin:2.22.2:test (default-test) on project commons-jcs3-core: There are test failures.
[ERROR] 
[ERROR] Please refer to /home/gabsko/breaking-updates/commons-jcs-core/target/surefire-reports for the individual test results.
[ERROR] Please refer to dump files (if any exist) [date].dump, [date]-jvmRun[N].dump and [date].dumpstream.
[ERROR] -> [Help 1]
[ERROR] 
[ERROR] To see the full stack trace of the errors, re-run Maven with the -e switch.
[ERROR] Re-run Maven using the -X switch to enable full debug logging.
[ERROR] 
[ERROR] For more information about the errors and possible solutions, please read the following articles:
[ERROR] [Help 1] http://cwiki.apache.org/confluence/display/MAVEN/MojoFailureException
[ERROR] 
[ERROR] After correcting the problems, you can resume the build with the command
[ERROR]   mvn <args> -rf :commons-jcs3-core
