[INFO] Scanning for projects...
[INFO] Inspecting build with total of 6 modules...
[INFO] Installing Nexus Staging features:
[INFO]   ... total of 6 executions of maven-deploy-plugin replaced with nexus-staging-maven-plugin
[INFO] ------------------------------------------------------------------------
[INFO] Reactor Build Order:
[INFO] 
[INFO] rome                                                               [pom]
[INFO] rome-test                                                          [jar]
[INFO] rome-utils                                                         [jar]
[INFO] rome-core                                                          [jar]
[INFO] rome-modules                                                       [jar]
[INFO] rome-opml                                                          [jar]
[INFO] 
[INFO] -------------------------< com.rometools:rome >-------------------------
[INFO] Building rome 0.0.0-SNAPSHOT                                       [1/6]
[INFO] --------------------------------[ pom ]---------------------------------
[INFO] 
[INFO] --- maven-clean-plugin:3.1.0:clean (default-clean) @ rome ---
[INFO] 
[INFO] --- flatten-maven-plugin:1.2.7:clean (clean) @ rome ---
[INFO] Deleting /home/gabsko/breaking-updates/.flattened-pom.xml
[INFO] 
[INFO] --- flatten-maven-plugin:1.2.7:flatten (flatten) @ rome ---
[INFO] Generating flattened POM of project com.rometools:rome:pom:0.0.0-SNAPSHOT...
[INFO] 
[INFO] ----------------------< com.rometools:rome-test >-----------------------
[INFO] Building rome-test 0.0.0-SNAPSHOT                                  [2/6]
[INFO] --------------------------------[ jar ]---------------------------------
[INFO] 
[INFO] --- maven-clean-plugin:3.1.0:clean (default-clean) @ rome-test ---
[INFO] 
[INFO] --- flatten-maven-plugin:1.2.7:clean (clean) @ rome-test ---
[INFO] Deleting /home/gabsko/breaking-updates/rome-test/.flattened-pom.xml
[INFO] 
[INFO] --- maven-resources-plugin:3.2.0:resources (default-resources) @ rome-test ---
[INFO] Using 'UTF-8' encoding to copy filtered resources.
[INFO] Using 'UTF-8' encoding to copy filtered properties files.
[INFO] skip non existing resourceDirectory /home/gabsko/breaking-updates/rome-test/src/main/resources
[INFO] 
[INFO] --- flatten-maven-plugin:1.2.7:flatten (flatten) @ rome-test ---
[INFO] Generating flattened POM of project com.rometools:rome-test:jar:0.0.0-SNAPSHOT...
[INFO] 
[INFO] --- maven-compiler-plugin:3.8.1:compile (default-compile) @ rome-test ---
[INFO] No sources to compile
[INFO] 
[INFO] --- maven-resources-plugin:3.2.0:testResources (default-testResources) @ rome-test ---
[INFO] Using 'UTF-8' encoding to copy filtered resources.
[INFO] Using 'UTF-8' encoding to copy filtered properties files.
[INFO] skip non existing resourceDirectory /home/gabsko/breaking-updates/rome-test/src/test/resources
[INFO] 
[INFO] --- maven-compiler-plugin:3.8.1:testCompile (default-testCompile) @ rome-test ---
[INFO] No sources to compile
[INFO] 
[INFO] --- maven-surefire-plugin:2.22.2:test (default-test) @ rome-test ---
[INFO] No tests to run.
[INFO] 
[INFO] ----------------------< com.rometools:rome-utils >----------------------
[INFO] Building rome-utils 0.0.0-SNAPSHOT                                 [3/6]
[INFO] --------------------------------[ jar ]---------------------------------
[INFO] 
[INFO] --- maven-clean-plugin:3.1.0:clean (default-clean) @ rome-utils ---
[INFO] Deleting /home/gabsko/breaking-updates/rome-utils/target
[INFO] 
[INFO] --- flatten-maven-plugin:1.2.7:clean (clean) @ rome-utils ---
[INFO] Deleting /home/gabsko/breaking-updates/rome-utils/.flattened-pom.xml
[INFO] 
[INFO] --- maven-resources-plugin:3.2.0:resources (default-resources) @ rome-utils ---
[INFO] Using 'UTF-8' encoding to copy filtered resources.
[INFO] Using 'UTF-8' encoding to copy filtered properties files.
[INFO] Copying 0 resource
[INFO] 
[INFO] --- flatten-maven-plugin:1.2.7:flatten (flatten) @ rome-utils ---
[INFO] Generating flattened POM of project com.rometools:rome-utils:jar:0.0.0-SNAPSHOT...
[INFO] 
[INFO] --- maven-compiler-plugin:3.8.1:compile (default-compile) @ rome-utils ---
[INFO] Changes detected - recompiling the module!
[INFO] Compiling 9 source files to /home/gabsko/breaking-updates/rome-utils/target/classes
[INFO] /home/gabsko/breaking-updates/rome-utils/src/main/java/com/rometools/utils/Alternatives.java: /home/gabsko/breaking-updates/rome-utils/src/main/java/com/rometools/utils/Alternatives.java uses unchecked or unsafe operations.
[INFO] /home/gabsko/breaking-updates/rome-utils/src/main/java/com/rometools/utils/Alternatives.java: Recompile with -Xlint:unchecked for details.
[INFO] 
[INFO] --- maven-resources-plugin:3.2.0:testResources (default-testResources) @ rome-utils ---
[INFO] Using 'UTF-8' encoding to copy filtered resources.
[INFO] Using 'UTF-8' encoding to copy filtered properties files.
[INFO] Copying 1 resource
[INFO] 
[INFO] --- maven-compiler-plugin:3.8.1:testCompile (default-testCompile) @ rome-utils ---
[INFO] Changes detected - recompiling the module!
[INFO] Compiling 8 source files to /home/gabsko/breaking-updates/rome-utils/target/test-classes
[INFO] /home/gabsko/breaking-updates/rome-utils/src/test/java/com/rometools/utils/AlternativesTest.java: Some input files use or override a deprecated API.
[INFO] /home/gabsko/breaking-updates/rome-utils/src/test/java/com/rometools/utils/AlternativesTest.java: Recompile with -Xlint:deprecation for details.
[INFO] 
[INFO] --- maven-surefire-plugin:2.22.2:test (default-test) @ rome-utils ---
[INFO] 
[INFO] -------------------------------------------------------
[INFO]  T E S T S
[INFO] -------------------------------------------------------
[INFO] Running com.rometools.utils.URIsTest
[INFO] Tests run: 1, Failures: 0, Errors: 0, Skipped: 0, Time elapsed: 0.06 s - in com.rometools.utils.URIsTest
[INFO] Running com.rometools.utils.StringsTest
[INFO] Tests run: 8, Failures: 0, Errors: 0, Skipped: 0, Time elapsed: 0 s - in com.rometools.utils.StringsTest
[INFO] Running com.rometools.utils.LongsTest
[INFO] Tests run: 1, Failures: 0, Errors: 0, Skipped: 0, Time elapsed: 0 s - in com.rometools.utils.LongsTest
[INFO] Running com.rometools.utils.ListsTest
[INFO] Tests run: 7, Failures: 0, Errors: 0, Skipped: 0, Time elapsed: 0 s - in com.rometools.utils.ListsTest
[INFO] Running com.rometools.utils.DatesTest
[INFO] Tests run: 1, Failures: 0, Errors: 0, Skipped: 0, Time elapsed: 0.001 s - in com.rometools.utils.DatesTest
[INFO] Running com.rometools.utils.AlternativesTest
[INFO] Tests run: 1, Failures: 0, Errors: 0, Skipped: 0, Time elapsed: 0 s - in com.rometools.utils.AlternativesTest
[INFO] Running com.rometools.utils.DoublesTest
[INFO] Tests run: 1, Failures: 0, Errors: 0, Skipped: 0, Time elapsed: 0 s - in com.rometools.utils.DoublesTest
[INFO] Running com.rometools.utils.IntegersTest
[INFO] Tests run: 1, Failures: 0, Errors: 0, Skipped: 0, Time elapsed: 0 s - in com.rometools.utils.IntegersTest
[INFO] 
[INFO] Results:
[INFO] 
[INFO] Tests run: 21, Failures: 0, Errors: 0, Skipped: 0
[INFO] 
[INFO] 
[INFO] ----------------------< com.rometools:rome-core >-----------------------
[INFO] Building rome-core 0.0.0-SNAPSHOT                                  [4/6]
[INFO] --------------------------------[ jar ]---------------------------------
[INFO] 
[INFO] --- maven-clean-plugin:3.1.0:clean (default-clean) @ rome-core ---
[INFO] Deleting /home/gabsko/breaking-updates/rome-core/target
[INFO] 
[INFO] --- flatten-maven-plugin:1.2.7:clean (clean) @ rome-core ---
[INFO] Deleting /home/gabsko/breaking-updates/rome-core/.flattened-pom.xml
[INFO] 
[INFO] --- maven-resources-plugin:3.2.0:resources (default-resources) @ rome-core ---
[INFO] Using 'UTF-8' encoding to copy filtered resources.
[INFO] Using 'UTF-8' encoding to copy filtered properties files.
[INFO] Copying 1 resource
[INFO] 
[INFO] --- flatten-maven-plugin:1.2.7:flatten (flatten) @ rome-core ---
[INFO] Generating flattened POM of project com.rometools:rome-core:jar:0.0.0-SNAPSHOT...
[INFO] 
[INFO] --- maven-compiler-plugin:3.8.1:compile (default-compile) @ rome-core ---
[INFO] Changes detected - recompiling the module!
[INFO] Compiling 119 source files to /home/gabsko/breaking-updates/rome-core/target/classes
[INFO] /home/gabsko/breaking-updates/rome-core/src/main/java/com/rometools/rome/io/impl/PluginManager.java: Some input files use or override a deprecated API.
[INFO] /home/gabsko/breaking-updates/rome-core/src/main/java/com/rometools/rome/io/impl/PluginManager.java: Recompile with -Xlint:deprecation for details.
[INFO] 
[INFO] --- maven-resources-plugin:3.2.0:testResources (default-testResources) @ rome-core ---
[INFO] Using 'UTF-8' encoding to copy filtered resources.
[INFO] Using 'UTF-8' encoding to copy filtered properties files.
[INFO] Copying 26 resources
[INFO] 
[INFO] --- maven-compiler-plugin:3.8.1:testCompile (default-testCompile) @ rome-core ---
[INFO] Changes detected - recompiling the module!
[INFO] Compiling 53 source files to /home/gabsko/breaking-updates/rome-core/target/test-classes
[INFO] /home/gabsko/breaking-updates/rome-core/src/test/java/com/rometools/rome/io/XmlReaderTest.java: Some input files use or override a deprecated API.
[INFO] /home/gabsko/breaking-updates/rome-core/src/test/java/com/rometools/rome/io/XmlReaderTest.java: Recompile with -Xlint:deprecation for details.
[INFO] 
[INFO] --- maven-surefire-plugin:2.22.2:test (default-test) @ rome-core ---
[INFO] 
[INFO] -------------------------------------------------------
[INFO]  T E S T S
[INFO] -------------------------------------------------------
[INFO] Running com.rometools.rome.io.impl.Atom10ParserTest
[INFO] Tests run: 1, Failures: 0, Errors: 0, Skipped: 0, Time elapsed: 0.185 s - in com.rometools.rome.io.impl.Atom10ParserTest
[INFO] Running com.rometools.rome.io.impl.RSS20ParserTest
[INFO] Tests run: 5, Failures: 0, Errors: 0, Skipped: 0, Time elapsed: 0.002 s - in com.rometools.rome.io.impl.RSS20ParserTest
[INFO] Running com.rometools.rome.io.impl.NumberParserTest
[INFO] Tests run: 10, Failures: 0, Errors: 0, Skipped: 0, Time elapsed: 0.001 s - in com.rometools.rome.io.impl.NumberParserTest
[INFO] Running com.rometools.rome.io.impl.DateParserTest
[ERROR] Tests run: 3, Failures: 1, Errors: 0, Skipped: 0, Time elapsed: 0.015 s <<< FAILURE! - in com.rometools.rome.io.impl.DateParserTest
[ERROR] parseRFC822DateTimeWithTimeZoneIsOk(com.rometools.rome.io.impl.DateParserTest)  Time elapsed: 0.009 s  <<< FAILURE!
java.lang.AssertionError: expected:<Sat Mar 28 08:12:38 UTC 2020> but was:<null>
	at com.rometools.rome.io.impl.DateParserTest.parseRFC822DateTimeWithTimeZoneIsOk(DateParserTest.java:38)

[INFO] Running com.rometools.rome.io.XmlReaderTest
[INFO] Tests run: 16, Failures: 0, Errors: 0, Skipped: 0, Time elapsed: 0.19 s - in com.rometools.rome.io.XmlReaderTest
[INFO] Running com.rometools.rome.io.XmLReaderHttpHeaderTest
[INFO] Tests run: 2, Failures: 0, Errors: 0, Skipped: 0, Time elapsed: 0.821 s - in com.rometools.rome.io.XmLReaderHttpHeaderTest
[INFO] Running com.rometools.rome.unittest.TestSyndFeedRSS091U
[INFO] Tests run: 19, Failures: 0, Errors: 0, Skipped: 0, Time elapsed: 0.077 s - in com.rometools.rome.unittest.TestSyndFeedRSS091U
[INFO] Running com.rometools.rome.unittest.TestOpsRSS091N
[INFO] Tests run: 10, Failures: 0, Errors: 0, Skipped: 0, Time elapsed: 0.118 s - in com.rometools.rome.unittest.TestOpsRSS091N
[INFO] Running com.rometools.rome.unittest.TestOpsAtom10
[INFO] Tests run: 10, Failures: 0, Errors: 0, Skipped: 0, Time elapsed: 0.092 s - in com.rometools.rome.unittest.TestOpsAtom10
[INFO] Running com.rometools.rome.unittest.DublinCoreTest
[INFO] Tests run: 1, Failures: 0, Errors: 0, Skipped: 0, Time elapsed: 0 s - in com.rometools.rome.unittest.DublinCoreTest
[INFO] Running com.rometools.rome.unittest.TestSyndFeedAtom10prefix
[INFO] Tests run: 1, Failures: 0, Errors: 0, Skipped: 0, Time elapsed: 0 s - in com.rometools.rome.unittest.TestSyndFeedAtom10prefix
[INFO] Running com.rometools.rome.unittest.TestOpsRSS092
[INFO] Tests run: 10, Failures: 0, Errors: 0, Skipped: 0, Time elapsed: 0.027 s - in com.rometools.rome.unittest.TestOpsRSS092
[INFO] Running com.rometools.rome.unittest.TestSyndFeedAtom10b
[INFO] Tests run: 1, Failures: 0, Errors: 0, Skipped: 0, Time elapsed: 0.007 s - in com.rometools.rome.unittest.TestSyndFeedAtom10b
[INFO] Running com.rometools.rome.unittest.CloneableBeanTest
[INFO] Tests run: 11, Failures: 0, Errors: 0, Skipped: 0, Time elapsed: 0.001 s - in com.rometools.rome.unittest.CloneableBeanTest
[INFO] Running com.rometools.rome.unittest.TestXmlBomb
[INFO] Tests run: 1, Failures: 0, Errors: 0, Skipped: 0, Time elapsed: 0.001 s - in com.rometools.rome.unittest.TestXmlBomb
[INFO] Running com.rometools.rome.unittest.TestOpsRSS094
[INFO] Tests run: 10, Failures: 0, Errors: 0, Skipped: 0, Time elapsed: 0.038 s - in com.rometools.rome.unittest.TestOpsRSS094
[INFO] Running com.rometools.rome.unittest.TestSyndFeedRSS10
[INFO] Tests run: 19, Failures: 0, Errors: 0, Skipped: 0, Time elapsed: 0.012 s - in com.rometools.rome.unittest.TestSyndFeedRSS10
[INFO] Running com.rometools.rome.unittest.TestSyndFeedRSS092Alt
[INFO] Tests run: 19, Failures: 0, Errors: 0, Skipped: 0, Time elapsed: 0.018 s - in com.rometools.rome.unittest.TestSyndFeedRSS092Alt
[INFO] Running com.rometools.rome.unittest.TestSyndFeedRSS092
[INFO] Tests run: 19, Failures: 0, Errors: 0, Skipped: 0, Time elapsed: 0.018 s - in com.rometools.rome.unittest.TestSyndFeedRSS092
[INFO] Running com.rometools.rome.unittest.TestOpsRSS091U
[INFO] Tests run: 10, Failures: 0, Errors: 0, Skipped: 0, Time elapsed: 0.017 s - in com.rometools.rome.unittest.TestOpsRSS091U
[INFO] Running com.rometools.rome.unittest.TestSyndFeedRSS093
[INFO] Tests run: 19, Failures: 0, Errors: 0, Skipped: 0, Time elapsed: 0.03 s - in com.rometools.rome.unittest.TestSyndFeedRSS093
[INFO] Running com.rometools.rome.unittest.TestAtomContent
[INFO] Tests run: 2, Failures: 0, Errors: 0, Skipped: 0, Time elapsed: 0 s - in com.rometools.rome.unittest.TestAtomContent
[INFO] Running com.rometools.rome.unittest.TestSyndFeedAtom03
[INFO] Tests run: 16, Failures: 0, Errors: 0, Skipped: 0, Time elapsed: 0.024 s - in com.rometools.rome.unittest.TestSyndFeedAtom03
[INFO] Running com.rometools.rome.unittest.TestSyndFeedRSS091N
[INFO] Tests run: 19, Failures: 0, Errors: 0, Skipped: 0, Time elapsed: 0.022 s - in com.rometools.rome.unittest.TestSyndFeedRSS091N
[INFO] Running com.rometools.rome.unittest.TestEqualsBean
[INFO] Tests run: 1, Failures: 0, Errors: 0, Skipped: 0, Time elapsed: 0.001 s - in com.rometools.rome.unittest.TestEqualsBean
[INFO] Running com.rometools.rome.unittest.TestSyndFeedAtom10Ruby
[INFO] Tests run: 3, Failures: 0, Errors: 0, Skipped: 0, Time elapsed: 0.005 s - in com.rometools.rome.unittest.TestSyndFeedAtom10Ruby
[INFO] Running com.rometools.rome.unittest.TestSyndFeedRSS094
[INFO] Tests run: 20, Failures: 0, Errors: 0, Skipped: 0, Time elapsed: 0.046 s - in com.rometools.rome.unittest.TestSyndFeedRSS094
[INFO] Running com.rometools.rome.unittest.TestSyndFeedRSS20
[INFO] Tests run: 22, Failures: 0, Errors: 0, Skipped: 0, Time elapsed: 0.03 s - in com.rometools.rome.unittest.TestSyndFeedRSS20
[INFO] Running com.rometools.rome.unittest.TestSyndFeedAtom03DCSyModules
[INFO] Tests run: 20, Failures: 0, Errors: 0, Skipped: 0, Time elapsed: 0.04 s - in com.rometools.rome.unittest.TestSyndFeedAtom03DCSyModules
[INFO] Running com.rometools.rome.unittest.TestBase64
[INFO] Tests run: 2, Failures: 0, Errors: 0, Skipped: 0, Time elapsed: 0 s - in com.rometools.rome.unittest.TestBase64
[INFO] Running com.rometools.rome.unittest.TestOpsRSS093
[INFO] Tests run: 10, Failures: 0, Errors: 0, Skipped: 0, Time elapsed: 0.016 s - in com.rometools.rome.unittest.TestOpsRSS093
[INFO] Running com.rometools.rome.unittest.TestOpsAtom03
[INFO] Tests run: 10, Failures: 0, Errors: 0, Skipped: 0, Time elapsed: 0.019 s - in com.rometools.rome.unittest.TestOpsAtom03
[INFO] Running com.rometools.rome.unittest.issues.Issue137Test
[INFO] Tests run: 1, Failures: 0, Errors: 0, Skipped: 0, Time elapsed: 0 s - in com.rometools.rome.unittest.issues.Issue137Test
[INFO] Running com.rometools.rome.unittest.issues.Issue131Test
[INFO] Tests run: 3, Failures: 0, Errors: 0, Skipped: 0, Time elapsed: 0.039 s - in com.rometools.rome.unittest.issues.Issue131Test
[INFO] Running com.rometools.rome.unittest.issues.Issue161Test
[INFO] Tests run: 23, Failures: 0, Errors: 0, Skipped: 0, Time elapsed: 0.05 s - in com.rometools.rome.unittest.issues.Issue161Test
[INFO] Running com.rometools.rome.unittest.issues.Issue162Test
[INFO] Tests run: 26, Failures: 0, Errors: 0, Skipped: 0, Time elapsed: 0.037 s - in com.rometools.rome.unittest.issues.Issue162Test
[INFO] Running com.rometools.rome.unittest.issues.Issue1Test
[INFO] Tests run: 16, Failures: 0, Errors: 0, Skipped: 0, Time elapsed: 0.033 s - in com.rometools.rome.unittest.issues.Issue1Test
[INFO] Running com.rometools.rome.unittest.issues.Issue158Test
[INFO] Tests run: 1, Failures: 0, Errors: 0, Skipped: 0, Time elapsed: 0.04 s - in com.rometools.rome.unittest.issues.Issue158Test
[INFO] Running com.rometools.rome.unittest.issues.Issue134Test
[INFO] Tests run: 1, Failures: 0, Errors: 0, Skipped: 0, Time elapsed: 0 s - in com.rometools.rome.unittest.issues.Issue134Test
[INFO] Running com.rometools.rome.unittest.issues.Issue2Test
[INFO] Tests run: 20, Failures: 0, Errors: 0, Skipped: 0, Time elapsed: 0.024 s - in com.rometools.rome.unittest.issues.Issue2Test
[INFO] Running com.rometools.rome.unittest.TestDateParser
[INFO] Tests run: 12, Failures: 0, Errors: 0, Skipped: 0, Time elapsed: 0 s - in com.rometools.rome.unittest.TestDateParser
[INFO] Running com.rometools.rome.unittest.TestXmlFixerReader
[INFO] Tests run: 3, Failures: 0, Errors: 0, Skipped: 0, Time elapsed: 0.006 s - in com.rometools.rome.unittest.TestXmlFixerReader
[INFO] Running com.rometools.rome.unittest.TestSyndFeedAtom10Bray
[INFO] Tests run: 3, Failures: 0, Errors: 0, Skipped: 0, Time elapsed: 0.001 s - in com.rometools.rome.unittest.TestSyndFeedAtom10Bray
[INFO] Running com.rometools.rome.unittest.TestOpsRSS090
[INFO] Tests run: 10, Failures: 0, Errors: 0, Skipped: 0, Time elapsed: 0.012 s - in com.rometools.rome.unittest.TestOpsRSS090
[INFO] Running com.rometools.rome.unittest.TestSyndFeedAtom10
[INFO] Tests run: 18, Failures: 0, Errors: 0, Skipped: 0, Time elapsed: 0.015 s - in com.rometools.rome.unittest.TestSyndFeedAtom10
[INFO] Running com.rometools.rome.unittest.TestOpsRSS20
[INFO] Tests run: 10, Failures: 0, Errors: 0, Skipped: 0, Time elapsed: 0.03 s - in com.rometools.rome.unittest.TestOpsRSS20
[INFO] Running com.rometools.rome.unittest.TestSyndFeedRSS10DCMulti
[INFO] Tests run: 21, Failures: 0, Errors: 0, Skipped: 0, Time elapsed: 0.021 s - in com.rometools.rome.unittest.TestSyndFeedRSS10DCMulti
[INFO] Running com.rometools.rome.unittest.TestSyndFeedRSS090
[INFO] Tests run: 18, Failures: 0, Errors: 0, Skipped: 0, Time elapsed: 0.002 s - in com.rometools.rome.unittest.TestSyndFeedRSS090
[INFO] Running com.rometools.rome.unittest.TestOpsRSS10
[INFO] Tests run: 10, Failures: 0, Errors: 0, Skipped: 0, Time elapsed: 0.009 s - in com.rometools.rome.unittest.TestOpsRSS10
[INFO] Running com.rometools.rome.unittest.TestSyndFeedRSS10DCSyModules
[INFO] Tests run: 22, Failures: 0, Errors: 0, Skipped: 0, Time elapsed: 0.018 s - in com.rometools.rome.unittest.TestSyndFeedRSS10DCSyModules
[INFO] 
[INFO] Results:
[INFO] 
[ERROR] Failures: 
[ERROR]   DateParserTest.parseRFC822DateTimeWithTimeZoneIsOk:38 expected:<Sat Mar 28 08:12:38 UTC 2020> but was:<null>
[INFO] 
[ERROR] Tests run: 540, Failures: 1, Errors: 0, Skipped: 0
[INFO] 
[INFO] ------------------------------------------------------------------------
[INFO] Reactor Summary for rome 0.0.0-SNAPSHOT:
[INFO] 
[INFO] rome ............................................... SUCCESS [  0.350 s]
[INFO] rome-test .......................................... SUCCESS [  0.331 s]
[INFO] rome-utils ......................................... SUCCESS [  1.921 s]
[INFO] rome-core .......................................... FAILURE [  5.100 s]
[INFO] rome-modules ....................................... SKIPPED
[INFO] rome-opml .......................................... SKIPPED
[INFO] ------------------------------------------------------------------------
[INFO] BUILD FAILURE
[INFO] ------------------------------------------------------------------------
[INFO] Total time:  8.115 s
[INFO] Finished at: 2023-02-09T01:12:56Z
[INFO] ------------------------------------------------------------------------
[ERROR] Failed to execute goal org.apache.maven.plugins:maven-surefire-plugin:2.22.2:test (default-test) on project rome-core: There are test failures.
[ERROR] 
[ERROR] Please refer to /home/gabsko/breaking-updates/rome-core/target/surefire-reports for the individual test results.
[ERROR] Please refer to dump files (if any exist) [date].dump, [date]-jvmRun[N].dump and [date].dumpstream.
[ERROR] -> [Help 1]
[ERROR] 
[ERROR] To see the full stack trace of the errors, re-run Maven with the -e switch.
[ERROR] Re-run Maven using the -X switch to enable full debug logging.
[ERROR] 
[ERROR] For more information about the errors and possible solutions, please read the following articles:
[ERROR] [Help 1] http://cwiki.apache.org/confluence/display/MAVEN/MojoFailureException
[ERROR] 
[ERROR] After correcting the problems, you can resume the build with the command
[ERROR]   mvn <args> -rf :rome-core
