[INFO] Scanning for projects...
[INFO] ------------------------------------------------------------------------
[INFO] Reactor Build Order:
[INFO] 
[INFO] Apache Commons VFS Project                                         [pom]
[INFO] Apache Commons VFS                                                 [jar]
[INFO] Apache Commons VFS Jackrabbit 1                                    [jar]
[INFO] Apache Commons VFS Jackrabbit 2                                    [jar]
[INFO] Apache Commons VFS Examples                                        [jar]
[INFO] Apache Commons VFS Distribution                                    [pom]
[INFO] 
[INFO] --------------< org.apache.commons:commons-vfs2-project >---------------
[INFO] Building Apache Commons VFS Project 2.10.0-SNAPSHOT                [1/6]
[INFO] --------------------------------[ pom ]---------------------------------
[INFO] 
[INFO] --- maven-clean-plugin:3.1.0:clean (default-clean) @ commons-vfs2-project ---
[INFO] Deleting /home/gabsko/breaking-updates/target
[INFO] 
[INFO] --- maven-enforcer-plugin:3.0.0-M3:enforce (enforce-maven-version) @ commons-vfs2-project ---
[INFO] 
[INFO] --- maven-enforcer-plugin:3.0.0-M3:enforce (enforce-maven-3) @ commons-vfs2-project ---
[INFO] 
[INFO] --- apache-rat-plugin:0.13:check (rat-check) @ commons-vfs2-project ---
[INFO] Enabled default license matchers.
[INFO] Will parse SCM ignores for exclusions...
[INFO] Parsing exclusions from /home/gabsko/breaking-updates/.gitignore
[INFO] Finished adding exclusions from SCM ignore files.
[INFO] 78 implicit excludes (use -debug for more details).
[INFO] 16 explicit excludes (use -debug for more details).
[INFO] 29 resources included (use -debug for more details)
[INFO] Rat check: Summary over all files. Unapproved: 0, unknown: 0, generated: 0, approved: 23 licenses.
[INFO] 
[INFO] --- build-helper-maven-plugin:3.2.0:parse-version (parse-version) @ commons-vfs2-project ---
[INFO] 
[INFO] --- maven-antrun-plugin:1.8:run (javadoc.resources) @ commons-vfs2-project ---
[INFO] Executing tasks

main:
     [copy] Copying 2 files to /home/gabsko/breaking-updates/target/apidocs/META-INF
[INFO] Executed tasks
[INFO] 
[INFO] --- maven-antrun-plugin:1.8:run (vfs-jar-manifest) @ commons-vfs2-project ---
[INFO] Executing tasks

main:
    [mkdir] Created dir: /home/gabsko/breaking-updates/target/osgi
    [touch] Creating /home/gabsko/breaking-updates/target/osgi/MANIFEST.MF
[INFO] Executed tasks
[INFO] 
[INFO] --- maven-remote-resources-plugin:1.7.0:process (process-resource-bundles) @ commons-vfs2-project ---
[INFO] Skipping remote resources execution.
[INFO] 
[INFO] --- buildnumber-maven-plugin:1.4:create (default) @ commons-vfs2-project ---
[INFO] Executing: /bin/sh -c cd '/home/gabsko/breaking-updates' && 'git' 'rev-parse' '--verify' 'HEAD'
[INFO] Working directory: /home/gabsko/breaking-updates
[INFO] Storing buildNumber: c78ce2b2884956ee3ff59ba878ebf16e777f2729 at timestamp: 1676043364921
[WARNING] Cannot get the branch information from the git repository: 
Detecting the current branch failed: fatal: ref HEAD is not a symbolic ref

[INFO] Executing: /bin/sh -c cd '/home/gabsko/breaking-updates' && 'git' 'rev-parse' '--verify' 'HEAD'
[INFO] Working directory: /home/gabsko/breaking-updates
[INFO] Storing buildScmBranch: UNKNOWN
[INFO] 
[INFO] --- maven-bundle-plugin:5.1.2:manifest (bundle-manifest) @ commons-vfs2-project ---
[WARNING] Ignoring project type pom - supportedProjectTypes = [jar, bundle]
[INFO] 
[INFO] --- animal-sniffer-maven-plugin:1.20:check (checkAPIcompatibility) @ commons-vfs2-project ---
[INFO] Checking unresolved references to org.codehaus.mojo.signature:java18:1.0
[INFO] 
[INFO] ------------------< org.apache.commons:commons-vfs2 >-------------------
[INFO] Building Apache Commons VFS 2.10.0-SNAPSHOT                        [2/6]
[INFO] --------------------------------[ jar ]---------------------------------
[INFO] 
[INFO] --- maven-clean-plugin:3.1.0:clean (default-clean) @ commons-vfs2 ---
[INFO] Deleting /home/gabsko/breaking-updates/commons-vfs2/target
[INFO] 
[INFO] --- maven-enforcer-plugin:3.0.0-M3:enforce (enforce-maven-version) @ commons-vfs2 ---
[INFO] 
[INFO] --- maven-enforcer-plugin:3.0.0-M3:enforce (enforce-maven-3) @ commons-vfs2 ---
[INFO] 
[INFO] --- apache-rat-plugin:0.13:check (rat-check) @ commons-vfs2 ---
[INFO] Enabled default license matchers.
[INFO] Will parse SCM ignores for exclusions...
[INFO] Finished adding exclusions from SCM ignore files.
[INFO] 62 implicit excludes (use -debug for more details).
[INFO] 16 explicit excludes (use -debug for more details).
[INFO] 541 resources included (use -debug for more details)
[INFO] Rat check: Summary over all files. Unapproved: 0, unknown: 0, generated: 0, approved: 527 licenses.
[INFO] 
[INFO] --- build-helper-maven-plugin:3.2.0:parse-version (parse-version) @ commons-vfs2 ---
[INFO] 
[INFO] --- maven-antrun-plugin:1.8:run (javadoc.resources) @ commons-vfs2 ---
[INFO] Executing tasks

main:
     [copy] Copying 2 files to /home/gabsko/breaking-updates/commons-vfs2/target/apidocs/META-INF
[INFO] Executed tasks
[INFO] 
[INFO] --- maven-antrun-plugin:1.8:run (vfs-jar-manifest) @ commons-vfs2 ---
[INFO] Executing tasks

main:
    [mkdir] Created dir: /home/gabsko/breaking-updates/commons-vfs2/target/osgi
    [touch] Creating /home/gabsko/breaking-updates/commons-vfs2/target/osgi/MANIFEST.MF
[INFO] Executed tasks
[INFO] 
[INFO] --- maven-remote-resources-plugin:1.7.0:process (process-resource-bundles) @ commons-vfs2 ---
[INFO] Skipping remote resources execution.
[INFO] 
[INFO] --- buildnumber-maven-plugin:1.4:create (default) @ commons-vfs2 ---
[INFO] Executing: /bin/sh -c cd '/home/gabsko/breaking-updates/commons-vfs2' && 'git' 'rev-parse' '--verify' 'HEAD'
[INFO] Working directory: /home/gabsko/breaking-updates/commons-vfs2
[INFO] Storing buildNumber: c78ce2b2884956ee3ff59ba878ebf16e777f2729 at timestamp: 1676043366056
[WARNING] Cannot get the branch information from the git repository: 
Detecting the current branch failed: fatal: ref HEAD is not a symbolic ref

[INFO] Executing: /bin/sh -c cd '/home/gabsko/breaking-updates/commons-vfs2' && 'git' 'rev-parse' '--verify' 'HEAD'
[INFO] Working directory: /home/gabsko/breaking-updates/commons-vfs2
[INFO] Storing buildScmBranch: UNKNOWN
[INFO] 
[INFO] --- maven-resources-plugin:3.1.0:resources (default-resources) @ commons-vfs2 ---
[INFO] Using 'UTF-8' encoding to copy filtered resources.
[INFO] Copying 4 resources
[INFO] Copying 2 resources to META-INF
[INFO] 
[INFO] --- maven-compiler-plugin:3.8.1:compile (default-compile) @ commons-vfs2 ---
[INFO] Changes detected - recompiling the module!
[INFO] Compiling 328 source files to /home/gabsko/breaking-updates/commons-vfs2/target/classes
[INFO] /home/gabsko/breaking-updates/commons-vfs2/src/main/java/org/apache/commons/vfs2/provider/sftp/SftpFileNameParser.java: Some input files use or override a deprecated API.
[INFO] /home/gabsko/breaking-updates/commons-vfs2/src/main/java/org/apache/commons/vfs2/provider/sftp/SftpFileNameParser.java: Recompile with -Xlint:deprecation for details.
[INFO] /home/gabsko/breaking-updates/commons-vfs2/src/main/java/org/apache/commons/vfs2/FileSystemOptions.java: Some input files use unchecked or unsafe operations.
[INFO] /home/gabsko/breaking-updates/commons-vfs2/src/main/java/org/apache/commons/vfs2/FileSystemOptions.java: Recompile with -Xlint:unchecked for details.
[INFO] 
[INFO] --- maven-bundle-plugin:5.1.2:manifest (bundle-manifest) @ commons-vfs2 ---
[INFO] 
[INFO] --- maven-resources-plugin:3.1.0:testResources (default-testResources) @ commons-vfs2 ---
[INFO] Using 'UTF-8' encoding to copy filtered resources.
[INFO] Copying 64 resources
[INFO] Copying 2 resources to META-INF
[INFO] 
[INFO] --- maven-compiler-plugin:3.8.1:testCompile (default-testCompile) @ commons-vfs2 ---
[INFO] Changes detected - recompiling the module!
[INFO] Compiling 174 source files to /home/gabsko/breaking-updates/commons-vfs2/target/test-classes
[INFO] /home/gabsko/breaking-updates/commons-vfs2/src/test/java/org/apache/commons/vfs2/util/NHttpFileServer.java: Some input files use or override a deprecated API.
[INFO] /home/gabsko/breaking-updates/commons-vfs2/src/test/java/org/apache/commons/vfs2/util/NHttpFileServer.java: Recompile with -Xlint:deprecation for details.
[INFO] /home/gabsko/breaking-updates/commons-vfs2/src/test/java/org/apache/commons/vfs2/provider/ftp/FtpProviderTestCase.java: Some input files use unchecked or unsafe operations.
[INFO] /home/gabsko/breaking-updates/commons-vfs2/src/test/java/org/apache/commons/vfs2/provider/ftp/FtpProviderTestCase.java: Recompile with -Xlint:unchecked for details.
[INFO] 
[INFO] --- maven-antrun-plugin:1.8:run (default) @ commons-vfs2 ---
[INFO] Executing tasks

main:
     [move] Moving 2 files to /home/gabsko/breaking-updates/commons-vfs2/target/test-classes/test-data/code
[INFO] Executed tasks
[INFO] 
[INFO] --- animal-sniffer-maven-plugin:1.20:check (checkAPIcompatibility) @ commons-vfs2 ---
[INFO] Checking unresolved references to org.codehaus.mojo.signature:java18:1.0
[INFO] 
[INFO] --- maven-surefire-plugin:3.0.0-M5:test (default-test) @ commons-vfs2 ---
[INFO] 
[INFO] -------------------------------------------------------
[INFO]  T E S T S
[INFO] -------------------------------------------------------
[INFO] Running org.apache.commons.vfs2.function.VfsConsumerTest
[INFO] Tests run: 1, Failures: 0, Errors: 0, Skipped: 0, Time elapsed: 0.086 s - in org.apache.commons.vfs2.function.VfsConsumerTest
[INFO] Running org.apache.commons.vfs2.operations.BasicOperationsTestCase
[INFO] Tests run: 4, Failures: 0, Errors: 0, Skipped: 0, Time elapsed: 0.007 s - in org.apache.commons.vfs2.operations.BasicOperationsTestCase
[INFO] Running org.apache.commons.vfs2.FileTypeSelectorTest
[INFO] Tests run: 3, Failures: 0, Errors: 0, Skipped: 0, Time elapsed: 0.011 s - in org.apache.commons.vfs2.FileTypeSelectorTest
[INFO] Running org.apache.commons.vfs2.FileExtensionSelectorTest
[INFO] Tests run: 5, Failures: 0, Errors: 0, Skipped: 0, Time elapsed: 0.006 s - in org.apache.commons.vfs2.FileExtensionSelectorTest
[INFO] Running org.apache.commons.vfs2.impl.StandardFileSystemManagerTest
[INFO] Tests run: 1, Failures: 0, Errors: 0, Skipped: 0, Time elapsed: 0.009 s - in org.apache.commons.vfs2.impl.StandardFileSystemManagerTest
[INFO] Running org.apache.commons.vfs2.impl.DefaultFileMonitorTest
[WARNING] Tests run: 9, Failures: 0, Errors: 0, Skipped: 2, Time elapsed: 10.8 s - in org.apache.commons.vfs2.impl.DefaultFileMonitorTest
[INFO] Running org.apache.commons.vfs2.impl.DefaultFileSystemManagerTest
[ERROR] Tests run: 13, Failures: 0, Errors: 2, Skipped: 1, Time elapsed: 0.433 s <<< FAILURE! - in org.apache.commons.vfs2.impl.DefaultFileSystemManagerTest
[ERROR] org.apache.commons.vfs2.impl.DefaultFileSystemManagerTest.testCreateJarFileSystem  Time elapsed: 0.002 s  <<< ERROR!
org.apache.commons.vfs2.FileSystemException: Could not find a file provider that can handle file "file:///home/gabsko/breaking-updates/commons-vfs2/src/test/resources/test-data/nested.jar".
	at org.apache.commons.vfs2.FileSystemException.requireNonNull(FileSystemException.java:186)
	at org.apache.commons.vfs2.impl.DefaultFileSystemManager.createFileSystem(DefaultFileSystemManager.java:436)
	at org.apache.commons.vfs2.impl.DefaultFileSystemManagerTest.testCreateFileSystem(DefaultFileSystemManagerTest.java:94)
	at org.apache.commons.vfs2.impl.DefaultFileSystemManagerTest.testCreateJarFileSystem(DefaultFileSystemManagerTest.java:107)
	at java.base/jdk.internal.reflect.NativeMethodAccessorImpl.invoke0(Native Method)
	at java.base/jdk.internal.reflect.NativeMethodAccessorImpl.invoke(NativeMethodAccessorImpl.java:62)
	at java.base/jdk.internal.reflect.DelegatingMethodAccessorImpl.invoke(DelegatingMethodAccessorImpl.java:43)
	at java.base/java.lang.reflect.Method.invoke(Method.java:566)
	at org.junit.runners.model.FrameworkMethod$1.runReflectiveCall(FrameworkMethod.java:59)
	at org.junit.internal.runners.model.ReflectiveCallable.run(ReflectiveCallable.java:12)
	at org.junit.runners.model.FrameworkMethod.invokeExplosively(FrameworkMethod.java:56)
	at org.junit.internal.runners.statements.InvokeMethod.evaluate(InvokeMethod.java:17)
	at org.junit.runners.ParentRunner$3.evaluate(ParentRunner.java:306)
	at org.junit.runners.BlockJUnit4ClassRunner$1.evaluate(BlockJUnit4ClassRunner.java:100)
	at org.junit.runners.ParentRunner.runLeaf(ParentRunner.java:366)
	at org.junit.runners.BlockJUnit4ClassRunner.runChild(BlockJUnit4ClassRunner.java:103)
	at org.junit.runners.BlockJUnit4ClassRunner.runChild(BlockJUnit4ClassRunner.java:63)
	at org.junit.runners.ParentRunner$4.run(ParentRunner.java:331)
	at org.junit.runners.ParentRunner$1.schedule(ParentRunner.java:79)
	at org.junit.runners.ParentRunner.runChildren(ParentRunner.java:329)
	at org.junit.runners.ParentRunner.access$100(ParentRunner.java:66)
	at org.junit.runners.ParentRunner$2.evaluate(ParentRunner.java:293)
	at org.junit.runners.ParentRunner$3.evaluate(ParentRunner.java:306)
	at org.junit.runners.ParentRunner.run(ParentRunner.java:413)
	at org.junit.runner.JUnitCore.run(JUnitCore.java:137)
	at org.junit.runner.JUnitCore.run(JUnitCore.java:115)
	at org.junit.vintage.engine.execution.RunnerExecutor.execute(RunnerExecutor.java:42)
	at org.junit.vintage.engine.VintageTestEngine.executeAllChildren(VintageTestEngine.java:80)
	at org.junit.vintage.engine.VintageTestEngine.execute(VintageTestEngine.java:72)
	at org.junit.platform.launcher.core.EngineExecutionOrchestrator.execute(EngineExecutionOrchestrator.java:107)
	at org.junit.platform.launcher.core.EngineExecutionOrchestrator.execute(EngineExecutionOrchestrator.java:88)
	at org.junit.platform.launcher.core.EngineExecutionOrchestrator.lambda$execute$0(EngineExecutionOrchestrator.java:54)
	at org.junit.platform.launcher.core.EngineExecutionOrchestrator.withInterceptedStreams(EngineExecutionOrchestrator.java:67)
	at org.junit.platform.launcher.core.EngineExecutionOrchestrator.execute(EngineExecutionOrchestrator.java:52)
	at org.junit.platform.launcher.core.DefaultLauncher.execute(DefaultLauncher.java:114)
	at org.junit.platform.launcher.core.DefaultLauncher.execute(DefaultLauncher.java:86)
	at org.junit.platform.launcher.core.DefaultLauncherSession$DelegatingLauncher.execute(DefaultLauncherSession.java:86)
	at org.junit.platform.launcher.core.SessionPerRequestLauncher.execute(SessionPerRequestLauncher.java:53)
	at org.apache.maven.surefire.junitplatform.JUnitPlatformProvider.execute(JUnitPlatformProvider.java:188)
	at org.apache.maven.surefire.junitplatform.JUnitPlatformProvider.invokeAllTests(JUnitPlatformProvider.java:154)
	at org.apache.maven.surefire.junitplatform.JUnitPlatformProvider.invoke(JUnitPlatformProvider.java:128)
	at org.apache.maven.surefire.booter.ForkedBooter.runSuitesInProcess(ForkedBooter.java:428)
	at org.apache.maven.surefire.booter.ForkedBooter.execute(ForkedBooter.java:162)
	at org.apache.maven.surefire.booter.ForkedBooter.run(ForkedBooter.java:562)
	at org.apache.maven.surefire.booter.ForkedBooter.main(ForkedBooter.java:548)

[ERROR] org.apache.commons.vfs2.impl.DefaultFileSystemManagerTest.testCreateBz2FileSystem  Time elapsed: 0.001 s  <<< ERROR!
org.apache.commons.vfs2.FileSystemException: Could not find a file provider that can handle file "file:///home/gabsko/breaking-updates/commons-vfs2/src/test/resources/test-data/bla.txt.bz2".
	at org.apache.commons.vfs2.FileSystemException.requireNonNull(FileSystemException.java:186)
	at org.apache.commons.vfs2.impl.DefaultFileSystemManager.createFileSystem(DefaultFileSystemManager.java:436)
	at org.apache.commons.vfs2.impl.DefaultFileSystemManagerTest.testCreateFileSystem(DefaultFileSystemManagerTest.java:94)
	at org.apache.commons.vfs2.impl.DefaultFileSystemManagerTest.testCreateBz2FileSystem(DefaultFileSystemManagerTest.java:88)
	at java.base/jdk.internal.reflect.NativeMethodAccessorImpl.invoke0(Native Method)
	at java.base/jdk.internal.reflect.NativeMethodAccessorImpl.invoke(NativeMethodAccessorImpl.java:62)
	at java.base/jdk.internal.reflect.DelegatingMethodAccessorImpl.invoke(DelegatingMethodAccessorImpl.java:43)
	at java.base/java.lang.reflect.Method.invoke(Method.java:566)
	at org.junit.runners.model.FrameworkMethod$1.runReflectiveCall(FrameworkMethod.java:59)
	at org.junit.internal.runners.model.ReflectiveCallable.run(ReflectiveCallable.java:12)
	at org.junit.runners.model.FrameworkMethod.invokeExplosively(FrameworkMethod.java:56)
	at org.junit.internal.runners.statements.InvokeMethod.evaluate(InvokeMethod.java:17)
	at org.junit.runners.ParentRunner$3.evaluate(ParentRunner.java:306)
	at org.junit.runners.BlockJUnit4ClassRunner$1.evaluate(BlockJUnit4ClassRunner.java:100)
	at org.junit.runners.ParentRunner.runLeaf(ParentRunner.java:366)
	at org.junit.runners.BlockJUnit4ClassRunner.runChild(BlockJUnit4ClassRunner.java:103)
	at org.junit.runners.BlockJUnit4ClassRunner.runChild(BlockJUnit4ClassRunner.java:63)
	at org.junit.runners.ParentRunner$4.run(ParentRunner.java:331)
	at org.junit.runners.ParentRunner$1.schedule(ParentRunner.java:79)
	at org.junit.runners.ParentRunner.runChildren(ParentRunner.java:329)
	at org.junit.runners.ParentRunner.access$100(ParentRunner.java:66)
	at org.junit.runners.ParentRunner$2.evaluate(ParentRunner.java:293)
	at org.junit.runners.ParentRunner$3.evaluate(ParentRunner.java:306)
	at org.junit.runners.ParentRunner.run(ParentRunner.java:413)
	at org.junit.runner.JUnitCore.run(JUnitCore.java:137)
	at org.junit.runner.JUnitCore.run(JUnitCore.java:115)
	at org.junit.vintage.engine.execution.RunnerExecutor.execute(RunnerExecutor.java:42)
	at org.junit.vintage.engine.VintageTestEngine.executeAllChildren(VintageTestEngine.java:80)
	at org.junit.vintage.engine.VintageTestEngine.execute(VintageTestEngine.java:72)
	at org.junit.platform.launcher.core.EngineExecutionOrchestrator.execute(EngineExecutionOrchestrator.java:107)
	at org.junit.platform.launcher.core.EngineExecutionOrchestrator.execute(EngineExecutionOrchestrator.java:88)
	at org.junit.platform.launcher.core.EngineExecutionOrchestrator.lambda$execute$0(EngineExecutionOrchestrator.java:54)
	at org.junit.platform.launcher.core.EngineExecutionOrchestrator.withInterceptedStreams(EngineExecutionOrchestrator.java:67)
	at org.junit.platform.launcher.core.EngineExecutionOrchestrator.execute(EngineExecutionOrchestrator.java:52)
	at org.junit.platform.launcher.core.DefaultLauncher.execute(DefaultLauncher.java:114)
	at org.junit.platform.launcher.core.DefaultLauncher.execute(DefaultLauncher.java:86)
	at org.junit.platform.launcher.core.DefaultLauncherSession$DelegatingLauncher.execute(DefaultLauncherSession.java:86)
	at org.junit.platform.launcher.core.SessionPerRequestLauncher.execute(SessionPerRequestLauncher.java:53)
	at org.apache.maven.surefire.junitplatform.JUnitPlatformProvider.execute(JUnitPlatformProvider.java:188)
	at org.apache.maven.surefire.junitplatform.JUnitPlatformProvider.invokeAllTests(JUnitPlatformProvider.java:154)
	at org.apache.maven.surefire.junitplatform.JUnitPlatformProvider.invoke(JUnitPlatformProvider.java:128)
	at org.apache.maven.surefire.booter.ForkedBooter.runSuitesInProcess(ForkedBooter.java:428)
	at org.apache.maven.surefire.booter.ForkedBooter.execute(ForkedBooter.java:162)
	at org.apache.maven.surefire.booter.ForkedBooter.run(ForkedBooter.java:562)
	at org.apache.maven.surefire.booter.ForkedBooter.main(ForkedBooter.java:548)

[INFO] Running org.apache.commons.vfs2.FileChangeEventTest
[INFO] Tests run: 1, Failures: 0, Errors: 0, Skipped: 0, Time elapsed: 0 s - in org.apache.commons.vfs2.FileChangeEventTest
[INFO] Running org.apache.commons.vfs2.FileSystemExceptionTest
[INFO] Tests run: 3, Failures: 0, Errors: 0, Skipped: 0, Time elapsed: 0.002 s - in org.apache.commons.vfs2.FileSystemExceptionTest
[INFO] Running org.apache.commons.vfs2.auth.StaticUserAuthenticatorTestCase
[INFO] Tests run: 2, Failures: 0, Errors: 0, Skipped: 0, Time elapsed: 0.002 s - in org.apache.commons.vfs2.auth.StaticUserAuthenticatorTestCase
[INFO] Running org.apache.commons.vfs2.cache.SoftRefFilesCacheTestCase
[INFO] Tests run: 4, Failures: 0, Errors: 0, Skipped: 0, Time elapsed: 4.168 s - in org.apache.commons.vfs2.cache.SoftRefFilesCacheTestCase
[INFO] Running org.apache.commons.vfs2.cache.WeakRefFilesCacheTestCase
[INFO] Tests run: 4, Failures: 0, Errors: 0, Skipped: 0, Time elapsed: 4.169 s - in org.apache.commons.vfs2.cache.WeakRefFilesCacheTestCase
[INFO] Running org.apache.commons.vfs2.cache.NullFilesCacheTestCase
[INFO] Tests run: 4, Failures: 0, Errors: 0, Skipped: 0, Time elapsed: 4.156 s - in org.apache.commons.vfs2.cache.NullFilesCacheTestCase
[INFO] Running org.apache.commons.vfs2.cache.LRUFilesCacheTestCase
[INFO] Tests run: 4, Failures: 0, Errors: 0, Skipped: 0, Time elapsed: 4.16 s - in org.apache.commons.vfs2.cache.LRUFilesCacheTestCase
[INFO] Running org.apache.commons.vfs2.cache.DefaultFilesCacheTestCase
[INFO] Tests run: 3, Failures: 0, Errors: 0, Skipped: 0, Time elapsed: 4.156 s - in org.apache.commons.vfs2.cache.DefaultFilesCacheTestCase
[INFO] Running org.apache.commons.vfs2.util.FileObjectUtilsTest
[INFO] Tests run: 9, Failures: 0, Errors: 0, Skipped: 0, Time elapsed: 0.013 s - in org.apache.commons.vfs2.util.FileObjectUtilsTest
[INFO] Running org.apache.commons.vfs2.util.EncryptDecryptTest
[INFO] Tests run: 2, Failures: 0, Errors: 0, Skipped: 0, Time elapsed: 0.034 s - in org.apache.commons.vfs2.util.EncryptDecryptTest
[INFO] Running org.apache.commons.vfs2.util.RandomAccessModeTest
[INFO] Tests run: 6, Failures: 0, Errors: 0, Skipped: 0, Time elapsed: 0.002 s - in org.apache.commons.vfs2.util.RandomAccessModeTest
[INFO] Running org.apache.commons.vfs2.util.DelegatingFileSystemOptionsBuilderTest
[INFO] Tests run: 3, Failures: 0, Errors: 0, Skipped: 0, Time elapsed: 0.014 s - in org.apache.commons.vfs2.util.DelegatingFileSystemOptionsBuilderTest
[INFO] Running org.apache.commons.vfs2.FileSystemOptionsTest
[INFO] Tests run: 2, Failures: 0, Errors: 0, Skipped: 0, Time elapsed: 0.002 s - in org.apache.commons.vfs2.FileSystemOptionsTest
[INFO] Running org.apache.commons.vfs2.VFSTest
[INFO] Tests run: 4, Failures: 0, Errors: 0, Skipped: 0, Time elapsed: 0.008 s - in org.apache.commons.vfs2.VFSTest
[INFO] Running org.apache.commons.vfs2.FileObjectEscapeCharacterInPathTest
[INFO] Tests run: 4, Failures: 0, Errors: 0, Skipped: 0, Time elapsed: 0.025 s - in org.apache.commons.vfs2.FileObjectEscapeCharacterInPathTest
[INFO] Running org.apache.commons.vfs2.InvertIncludeFileSelectorTest
[INFO] Tests run: 2, Failures: 0, Errors: 0, Skipped: 0, Time elapsed: 0.003 s - in org.apache.commons.vfs2.InvertIncludeFileSelectorTest
[INFO] Running org.apache.commons.vfs2.FileObjectContentOutputStreamCloseTest
[INFO] Tests run: 1, Failures: 0, Errors: 0, Skipped: 0, Time elapsed: 0.002 s - in org.apache.commons.vfs2.FileObjectContentOutputStreamCloseTest
[INFO] Running org.apache.commons.vfs2.provider.bzip2.Bzip2TestCase
[INFO] Tests run: 1, Failures: 0, Errors: 0, Skipped: 0, Time elapsed: 0.004 s - in org.apache.commons.vfs2.provider.bzip2.Bzip2TestCase
[INFO] Running org.apache.commons.vfs2.provider.ram.RamProviderTestCase
VfsClassLoaderTests no layered .jar provider, skipping.
[INFO] Tests run: 95, Failures: 0, Errors: 0, Skipped: 0, Time elapsed: 4.431 s - in org.apache.commons.vfs2.provider.ram.RamProviderTestCase
[INFO] Running org.apache.commons.vfs2.provider.ram.RamFileRandomAccessContentTestCase
[INFO] Tests run: 1, Failures: 0, Errors: 0, Skipped: 0, Time elapsed: 0.008 s - in org.apache.commons.vfs2.provider.ram.RamFileRandomAccessContentTestCase
[INFO] Running org.apache.commons.vfs2.provider.ram.CustomRamProviderTest
[INFO] Tests run: 12, Failures: 0, Errors: 0, Skipped: 0, Time elapsed: 0.014 s - in org.apache.commons.vfs2.provider.ram.CustomRamProviderTest
[INFO] Running org.apache.commons.vfs2.provider.http5.Http5GetContentInfoTestCase
[INFO] Tests run: 2, Failures: 0, Errors: 0, Skipped: 0, Time elapsed: 0.611 s - in org.apache.commons.vfs2.provider.http5.Http5GetContentInfoTestCase
[INFO] Running org.apache.commons.vfs2.provider.http5.Http5ProviderTestCase
VfsClassLoaderTests no layered .jar provider, skipping.
[ERROR] WARNING: An illegal reflective access operation has occurred
[ERROR] WARNING: Illegal reflective access by org.apache.commons.vfs2.AbstractTestSuite (file:/home/gabsko/breaking-updates/commons-vfs2/target/test-classes/) to field java.lang.Thread.target
[ERROR] WARNING: Please consider reporting this to the maintainers of org.apache.commons.vfs2.AbstractTestSuite
[ERROR] WARNING: Use --illegal-access=warn to enable warnings of further illegal reflective access operations
[ERROR] WARNING: All illegal access operations will be denied in a future release
[INFO] Tests run: 100, Failures: 0, Errors: 0, Skipped: 0, Time elapsed: 4.608 s - in org.apache.commons.vfs2.provider.http5.Http5ProviderTestCase
[INFO] Running org.apache.commons.vfs2.provider.http5.Http5FilesCacheTestCase
[INFO] Tests run: 1, Failures: 0, Errors: 0, Skipped: 0, Time elapsed: 0.009 s - in org.apache.commons.vfs2.provider.http5.Http5FilesCacheTestCase
[INFO] Running org.apache.commons.vfs2.provider.AbstractFileNameTest
[INFO] Tests run: 1, Failures: 0, Errors: 0, Skipped: 0, Time elapsed: 0 s - in org.apache.commons.vfs2.provider.AbstractFileNameTest
[INFO] Running org.apache.commons.vfs2.provider.sftp.SftpProviderTestCase
VfsClassLoaderTests no layered .jar provider, skipping.
[INFO] Tests run: 99, Failures: 0, Errors: 0, Skipped: 0, Time elapsed: 10.039 s - in org.apache.commons.vfs2.provider.sftp.SftpProviderTestCase
[INFO] Running org.apache.commons.vfs2.provider.sftp.SftpPermissionExceptionTestCase
[INFO] Tests run: 1, Failures: 0, Errors: 0, Skipped: 0, Time elapsed: 4.743 s - in org.apache.commons.vfs2.provider.sftp.SftpPermissionExceptionTestCase
[INFO] Running org.apache.commons.vfs2.provider.sftp.SftpProviderStreamProxyModeTestCase
[INFO] Tests run: 19, Failures: 0, Errors: 0, Skipped: 0, Time elapsed: 5.266 s - in org.apache.commons.vfs2.provider.sftp.SftpProviderStreamProxyModeTestCase
[INFO] Running org.apache.commons.vfs2.provider.sftp.SftpProviderClosedExecChannelTestCase
[INFO] Tests run: 51, Failures: 0, Errors: 0, Skipped: 0, Time elapsed: 5.877 s - in org.apache.commons.vfs2.provider.sftp.SftpProviderClosedExecChannelTestCase
[INFO] Running org.apache.commons.vfs2.provider.sftp.SftpFileSystemConfigBuilderTestCase
[INFO] Tests run: 2, Failures: 0, Errors: 0, Skipped: 0, Time elapsed: 0.001 s - in org.apache.commons.vfs2.provider.sftp.SftpFileSystemConfigBuilderTestCase
[INFO] Running org.apache.commons.vfs2.provider.ftp.FtpProviderMdtmOnTestCase
Threads still running (3) at 2023-02-10T15:37:24.856197Z, live threads:
	Thread[0]  ID 299, Thread[pool-16-thread-1,5,main],	TIMED_WAITING,	non_daemon,	java.util.concurrent.ThreadPoolExecutor.Worker
	Thread[1]  ID 303, Thread[pool-16-thread-2,5,main],	TIMED_WAITING,	non_daemon,	java.util.concurrent.ThreadPoolExecutor.Worker
	Thread[2]  ID 304, Thread[NioProcessor-153,5,main],	RUNNABLE,	non_daemon,	java.util.concurrent.ThreadPoolExecutor.Worker
[INFO] Tests run: 6, Failures: 0, Errors: 0, Skipped: 0, Time elapsed: 4.473 s - in org.apache.commons.vfs2.provider.ftp.FtpProviderMdtmOnTestCase
[INFO] Running org.apache.commons.vfs2.provider.ftp.FtpProviderTestCase
VfsClassLoaderTests no layered .jar provider, skipping.
Threads still running (5) at 2023-02-10T15:37:32.710514Z, live threads:
	Thread[0]  ID 306, Thread[NioProcessor-188,5,main],	RUNNABLE,	non_daemon,	java.util.concurrent.ThreadPoolExecutor.Worker
	Thread[1]  ID 310, Thread[NioProcessor-200,5,main],	RUNNABLE,	non_daemon,	java.util.concurrent.ThreadPoolExecutor.Worker
	Thread[2]  ID 311, Thread[NioProcessor-201,5,main],	RUNNABLE,	non_daemon,	java.util.concurrent.ThreadPoolExecutor.Worker
	Thread[3]  ID 312, Thread[NioProcessor-202,5,main],	RUNNABLE,	non_daemon,	java.util.concurrent.ThreadPoolExecutor.Worker
	Thread[4]  ID 313, Thread[NioProcessor-190,5,main],	RUNNABLE,	non_daemon,	java.util.concurrent.ThreadPoolExecutor.Worker
[INFO] Tests run: 95, Failures: 0, Errors: 0, Skipped: 0, Time elapsed: 7.854 s - in org.apache.commons.vfs2.provider.ftp.FtpProviderTestCase
[INFO] Running org.apache.commons.vfs2.provider.ftp.FtpFileSystemConfigBuilderTestCase
[INFO] Tests run: 2, Failures: 0, Errors: 0, Skipped: 0, Time elapsed: 0.001 s - in org.apache.commons.vfs2.provider.ftp.FtpFileSystemConfigBuilderTestCase
[INFO] Running org.apache.commons.vfs2.provider.ftp.FtpProviderUserDirTestCase
VfsClassLoaderTests no layered .jar provider, skipping.
Threads still running (5) at 2023-02-10T15:37:39.497199Z, live threads:
	Thread[0]  ID 317, Thread[pool-22-thread-1,5,main],	TIMED_WAITING,	non_daemon,	java.util.concurrent.ThreadPoolExecutor.Worker
	Thread[1]  ID 321, Thread[pool-22-thread-2,5,main],	TIMED_WAITING,	non_daemon,	java.util.concurrent.ThreadPoolExecutor.Worker
	Thread[2]  ID 322, Thread[NioProcessor-227,5,main],	RUNNABLE,	non_daemon,	java.util.concurrent.ThreadPoolExecutor.Worker
	Thread[3]  ID 323, Thread[NioProcessor-228,5,main],	RUNNABLE,	non_daemon,	java.util.concurrent.ThreadPoolExecutor.Worker
	Thread[4]  ID 324, Thread[pool-22-thread-5,5,main],	TIMED_WAITING,	non_daemon,	java.util.concurrent.ThreadPoolExecutor.Worker
[INFO] Tests run: 95, Failures: 0, Errors: 0, Skipped: 0, Time elapsed: 6.781 s - in org.apache.commons.vfs2.provider.ftp.FtpProviderUserDirTestCase
[INFO] Running org.apache.commons.vfs2.provider.ftp.FtpProviderMdtmOffTestCase
Threads still running (1) at 2023-02-10T15:37:43.805448Z, live threads:
	Thread[0]  ID 329, Thread[pool-25-thread-1,5,main],	TIMED_WAITING,	non_daemon,	java.util.concurrent.ThreadPoolExecutor.Worker
[INFO] Tests run: 6, Failures: 0, Errors: 0, Skipped: 0, Time elapsed: 4.306 s - in org.apache.commons.vfs2.provider.ftp.FtpProviderMdtmOffTestCase
[INFO] Running org.apache.commons.vfs2.provider.ftp.FtpFileNameParserTestCase
[INFO] Tests run: 2, Failures: 0, Errors: 0, Skipped: 0, Time elapsed: 0.003 s - in org.apache.commons.vfs2.provider.ftp.FtpFileNameParserTestCase
[INFO] Running org.apache.commons.vfs2.provider.ftp.MultipleConnectionTestCase
[INFO] Tests run: 2, Failures: 0, Errors: 0, Skipped: 0, Time elapsed: 0.022 s - in org.apache.commons.vfs2.provider.ftp.MultipleConnectionTestCase
[INFO] Running org.apache.commons.vfs2.provider.http.HttpProviderTestCase
VfsClassLoaderTests no layered .jar provider, skipping.
Threads still running (2) at 2023-02-10T15:37:48.488512Z, live threads:
	Thread[0]  ID 381, Thread[MultiThreadedHttpConnectionManager cleanup,5,main],	WAITING,	daemon,	null
	Thread[1]  ID 385, Thread[org.apache.commons.vfs2.cache.SoftRefFilesCache$ReleaseThread,5,main],	WAITING,	daemon,	null
[INFO] Tests run: 100, Failures: 0, Errors: 0, Skipped: 0, Time elapsed: 4.653 s - in org.apache.commons.vfs2.provider.http.HttpProviderTestCase
[INFO] Running org.apache.commons.vfs2.provider.http.HttpFilesCacheTestCase
[INFO] Tests run: 1, Failures: 0, Errors: 0, Skipped: 0, Time elapsed: 0.005 s - in org.apache.commons.vfs2.provider.http.HttpFilesCacheTestCase
[INFO] Running org.apache.commons.vfs2.provider.http.GetContentInfoFunctionalTest
[INFO] Tests run: 1, Failures: 0, Errors: 0, Skipped: 0, Time elapsed: 0.057 s - in org.apache.commons.vfs2.provider.http.GetContentInfoFunctionalTest
[INFO] Running org.apache.commons.vfs2.provider.http5s.Http5sGetContentInfoTest
[INFO] Tests run: 2, Failures: 0, Errors: 0, Skipped: 0, Time elapsed: 0.044 s - in org.apache.commons.vfs2.provider.http5s.Http5sGetContentInfoTest
[INFO] Running org.apache.commons.vfs2.provider.UriParserTestCase
[INFO] Tests run: 8, Failures: 0, Errors: 0, Skipped: 0, Time elapsed: 0.002 s - in org.apache.commons.vfs2.provider.UriParserTestCase
[INFO] Running org.apache.commons.vfs2.provider.http4s.Http4sGetContentInfoTest
[INFO] Tests run: 1, Failures: 0, Errors: 0, Skipped: 0, Time elapsed: 0.023 s - in org.apache.commons.vfs2.provider.http4s.Http4sGetContentInfoTest
[INFO] Running org.apache.commons.vfs2.provider.tar.TgzProviderTestCase
VfsClassLoaderTests no layered .jar provider, skipping.
[INFO] Tests run: 95, Failures: 0, Errors: 0, Skipped: 0, Time elapsed: 4.374 s - in org.apache.commons.vfs2.provider.tar.TgzProviderTestCase
[INFO] Running org.apache.commons.vfs2.provider.tar.TarProviderTestCase
VfsClassLoaderTests no layered .jar provider, skipping.
[INFO] Tests run: 95, Failures: 0, Errors: 0, Skipped: 0, Time elapsed: 4.329 s - in org.apache.commons.vfs2.provider.tar.TarProviderTestCase
[INFO] Running org.apache.commons.vfs2.provider.tar.LargeTarTestCase
[INFO] Tests run: 1, Failures: 0, Errors: 0, Skipped: 0, Time elapsed: 5.054 s - in org.apache.commons.vfs2.provider.tar.LargeTarTestCase
[INFO] Running org.apache.commons.vfs2.provider.tar.Tbz2ProviderTestCase
VfsClassLoaderTests no layered .jar provider, skipping.
[INFO] Tests run: 95, Failures: 0, Errors: 0, Skipped: 0, Time elapsed: 4.48 s - in org.apache.commons.vfs2.provider.tar.Tbz2ProviderTestCase
[INFO] Running org.apache.commons.vfs2.provider.tar.TarFileObjectTestCase
[INFO] Tests run: 3, Failures: 0, Errors: 0, Skipped: 0, Time elapsed: 0.012 s - in org.apache.commons.vfs2.provider.tar.TarFileObjectTestCase
[INFO] Running org.apache.commons.vfs2.provider.tar.NestedTbz2TestCase
VfsClassLoaderTests no layered .jar provider, skipping.
[INFO] Tests run: 95, Failures: 0, Errors: 0, Skipped: 0, Time elapsed: 4.451 s - in org.apache.commons.vfs2.provider.tar.NestedTbz2TestCase
[INFO] Running org.apache.commons.vfs2.provider.tar.CreateFileSystemTestCase
[INFO] Tests run: 3, Failures: 0, Errors: 0, Skipped: 0, Time elapsed: 0.014 s - in org.apache.commons.vfs2.provider.tar.CreateFileSystemTestCase
[INFO] Running org.apache.commons.vfs2.provider.tar.NestedTgzTestCase
VfsClassLoaderTests no layered .jar provider, skipping.
[INFO] Tests run: 95, Failures: 0, Errors: 0, Skipped: 0, Time elapsed: 4.343 s - in org.apache.commons.vfs2.provider.tar.NestedTgzTestCase
[INFO] Running org.apache.commons.vfs2.provider.tar.TarFileSystemTestCase
[INFO] Tests run: 6, Failures: 0, Errors: 0, Skipped: 0, Time elapsed: 225.923 s - in org.apache.commons.vfs2.provider.tar.TarFileSystemTestCase
[INFO] Running org.apache.commons.vfs2.provider.tar.NestedTarTestCase
VfsClassLoaderTests no layered .jar provider, skipping.
[INFO] Tests run: 95, Failures: 0, Errors: 0, Skipped: 0, Time elapsed: 4.332 s - in org.apache.commons.vfs2.provider.tar.NestedTarTestCase
[INFO] Running org.apache.commons.vfs2.provider.ftps.FtpsProviderImplicitTestCase
VfsClassLoaderTests no layered .jar provider, skipping.
Threads still running (5) at 2023-02-10T15:42:14.849978Z, live threads:
	Thread[0]  ID 403, Thread[pool-31-thread-1,5,main],	TIMED_WAITING,	non_daemon,	java.util.concurrent.ThreadPoolExecutor.Worker
	Thread[1]  ID 407, Thread[pool-31-thread-2,5,main],	TIMED_WAITING,	non_daemon,	java.util.concurrent.ThreadPoolExecutor.Worker
	Thread[2]  ID 408, Thread[pool-31-thread-3,5,main],	TIMED_WAITING,	non_daemon,	java.util.concurrent.ThreadPoolExecutor.Worker
	Thread[3]  ID 409, Thread[NioProcessor-330,5,main],	RUNNABLE,	non_daemon,	java.util.concurrent.ThreadPoolExecutor.Worker
	Thread[4]  ID 410, Thread[pool-31-thread-5,5,main],	TIMED_WAITING,	non_daemon,	java.util.concurrent.ThreadPoolExecutor.Worker
[INFO] Tests run: 95, Failures: 0, Errors: 0, Skipped: 0, Time elapsed: 8.889 s - in org.apache.commons.vfs2.provider.ftps.FtpsProviderImplicitTestCase
[INFO] Running org.apache.commons.vfs2.provider.ftps.FtpsProviderExplicitTestCase
2023-02-10 15:42:25,525 [pool-36-thread-3] ERROR Exception caught, closing session
java.lang.IllegalMonitorStateException: null
	at java.lang.Object.notifyAll(Native Method) ~[?:?]
	at org.apache.mina.filter.ssl.SslHandler.checkStatus(SslHandler.java:542) ~[mina-core-2.1.5.jar:?]
	at org.apache.mina.filter.ssl.SslHandler.messageReceived(SslHandler.java:373) ~[mina-core-2.1.5.jar:?]
	at org.apache.mina.filter.ssl.SslFilter.messageReceived(SslFilter.java:524) ~[mina-core-2.1.5.jar:?]
	at org.apache.mina.core.filterchain.DefaultIoFilterChain.callNextMessageReceived(DefaultIoFilterChain.java:650) ~[mina-core-2.1.5.jar:?]
	at org.apache.mina.core.filterchain.DefaultIoFilterChain.access$1300(DefaultIoFilterChain.java:49) ~[mina-core-2.1.5.jar:?]
	at org.apache.mina.core.filterchain.DefaultIoFilterChain$EntryImpl$1.messageReceived(DefaultIoFilterChain.java:1128) ~[mina-core-2.1.5.jar:?]
	at org.apache.mina.core.filterchain.IoFilterAdapter.messageReceived(IoFilterAdapter.java:122) ~[mina-core-2.1.5.jar:?]
	at org.apache.mina.core.filterchain.DefaultIoFilterChain.callNextMessageReceived(DefaultIoFilterChain.java:650) ~[mina-core-2.1.5.jar:?]
	at org.apache.mina.core.filterchain.DefaultIoFilterChain.fireMessageReceived(DefaultIoFilterChain.java:643) ~[mina-core-2.1.5.jar:?]
	at org.apache.mina.core.polling.AbstractPollingIoProcessor.read(AbstractPollingIoProcessor.java:539) ~[mina-core-2.1.5.jar:?]
	at org.apache.mina.core.polling.AbstractPollingIoProcessor.access$1200(AbstractPollingIoProcessor.java:68) ~[mina-core-2.1.5.jar:?]
	at org.apache.mina.core.polling.AbstractPollingIoProcessor$Processor.process(AbstractPollingIoProcessor.java:1224) ~[mina-core-2.1.5.jar:?]
	at org.apache.mina.core.polling.AbstractPollingIoProcessor$Processor.process(AbstractPollingIoProcessor.java:1213) ~[mina-core-2.1.5.jar:?]
	at org.apache.mina.core.polling.AbstractPollingIoProcessor$Processor.run(AbstractPollingIoProcessor.java:683) ~[mina-core-2.1.5.jar:?]
	at org.apache.mina.util.NamePreservingRunnable.run(NamePreservingRunnable.java:64) ~[mina-core-2.1.5.jar:?]
	at java.util.concurrent.ThreadPoolExecutor.runWorker(ThreadPoolExecutor.java:1128) ~[?:?]
	at java.util.concurrent.ThreadPoolExecutor$Worker.run(ThreadPoolExecutor.java:628) ~[?:?]
	at java.lang.Thread.run(Thread.java:829) [?:?]
VfsClassLoaderTests no layered .jar provider, skipping.
Threads still running (5) at 2023-02-10T15:42:33.507550Z, live threads:
	Thread[0]  ID 415, Thread[NioProcessor-369,5,main],	RUNNABLE,	non_daemon,	java.util.concurrent.ThreadPoolExecutor.Worker
	Thread[1]  ID 419, Thread[NioProcessor-390,5,main],	RUNNABLE,	non_daemon,	java.util.concurrent.ThreadPoolExecutor.Worker
	Thread[2]  ID 420, Thread[NioProcessor-391,5,main],	RUNNABLE,	non_daemon,	java.util.concurrent.ThreadPoolExecutor.Worker
	Thread[3]  ID 421, Thread[NioProcessor-392,5,main],	RUNNABLE,	non_daemon,	java.util.concurrent.ThreadPoolExecutor.Worker
	Thread[4]  ID 422, Thread[pool-34-thread-5,5,main],	TIMED_WAITING,	non_daemon,	java.util.concurrent.ThreadPoolExecutor.Worker
[INFO] Tests run: 95, Failures: 0, Errors: 0, Skipped: 0, Time elapsed: 18.654 s - in org.apache.commons.vfs2.provider.ftps.FtpsProviderExplicitTestCase
[INFO] Running org.apache.commons.vfs2.provider.ftps.MultipleConnectionTestCase
[INFO] Tests run: 2, Failures: 0, Errors: 0, Skipped: 0, Time elapsed: 0.074 s - in org.apache.commons.vfs2.provider.ftps.MultipleConnectionTestCase
[INFO] Running org.apache.commons.vfs2.provider.hdfs.HdfsFileProviderTest
[INFO] Tests run: 13, Failures: 0, Errors: 0, Skipped: 0, Time elapsed: 2.743 s - in org.apache.commons.vfs2.provider.hdfs.HdfsFileProviderTest
[INFO] Running org.apache.commons.vfs2.provider.hdfs.HdfsFileProviderTestCase
VfsClassLoaderTests no layered .jar provider, skipping.
Threads still running (3) at 2023-02-10T15:43:35.414429Z, live threads:
	Thread[0]  ID 1164, Thread[org.apache.hadoop.hdfs.PeerCache@1be4f05c,5,main],	TIMED_WAITING,	daemon,	null
	Thread[1]  ID 1189, Thread[Async disk worker #0 for volume /home/gabsko/breaking-updates/commons-vfs2/target/test/hdfstestcasedata/dfs/data/data2,5,FsDatasetAsyncDiskService],	TIMED_WAITING,	daemon,	java.util.concurrent.ThreadPoolExecutor.Worker
	Thread[2]  ID 1190, Thread[Async disk worker #0 for volume /home/gabsko/breaking-updates/commons-vfs2/target/test/hdfstestcasedata/dfs/data/data1,5,FsDatasetAsyncDiskService],	TIMED_WAITING,	daemon,	java.util.concurrent.ThreadPoolExecutor.Worker
[INFO] Tests run: 95, Failures: 0, Errors: 0, Skipped: 0, Time elapsed: 59.083 s - in org.apache.commons.vfs2.provider.hdfs.HdfsFileProviderTestCase
[INFO] Running org.apache.commons.vfs2.provider.url.UrlHttpProviderTestCase
VfsClassLoaderTests no layered .jar provider, skipping.
[INFO] Tests run: 95, Failures: 0, Errors: 0, Skipped: 0, Time elapsed: 4.435 s - in org.apache.commons.vfs2.provider.url.UrlHttpProviderTestCase
[INFO] Running org.apache.commons.vfs2.provider.url.UrlProviderTestCase
VfsClassLoaderTests no local file provider, skipping.
VfsClassLoaderTests no local file provider, skipping.
[INFO] Tests run: 95, Failures: 0, Errors: 0, Skipped: 0, Time elapsed: 4.38 s - in org.apache.commons.vfs2.provider.url.UrlProviderTestCase
[INFO] Running org.apache.commons.vfs2.provider.url.UrlProviderHttpTestCase
VfsClassLoaderTests no layered .jar provider, skipping.
Threads still running (17) at 2023-02-10T15:43:48.828304Z, live threads:
	Thread[0]  ID 507, Thread[org.apache.hadoop.hdfs.server.datanode.DataXceiverServer@7fd4b9ec,5,dataXceiverServer],	RUNNABLE,	daemon,	org.apache.hadoop.hdfs.server.datanode.DataXceiverServer
	Thread[1]  ID 645, Thread[org.apache.hadoop.hdfs.server.datanode.DataXceiverServer@39007725,5,dataXceiverServer],	RUNNABLE,	daemon,	org.apache.hadoop.hdfs.server.datanode.DataXceiverServer
	Thread[2]  ID 1189, Thread[Async disk worker #0 for volume /home/gabsko/breaking-updates/commons-vfs2/target/test/hdfstestcasedata/dfs/data/data2,5,FsDatasetAsyncDiskService],	TIMED_WAITING,	daemon,	java.util.concurrent.ThreadPoolExecutor.Worker
	Thread[3]  ID 1190, Thread[Async disk worker #0 for volume /home/gabsko/breaking-updates/commons-vfs2/target/test/hdfstestcasedata/dfs/data/data1,5,FsDatasetAsyncDiskService],	TIMED_WAITING,	daemon,	java.util.concurrent.ThreadPoolExecutor.Worker
	Thread[4]  ID 22, Thread[Common-Cleaner,8,InnocuousThreadGroup],	TIMED_WAITING,	daemon,	jdk.internal.ref.CleanerImpl
	Thread[5]  ID 1344, Thread[Keep-Alive-Timer,8,InnocuousThreadGroup],	TIMED_WAITING,	daemon,	sun.net.www.http.KeepAliveCache
[INFO] Tests run: 95, Failures: 0, Errors: 0, Skipped: 0, Time elapsed: 4.59 s - in org.apache.commons.vfs2.provider.url.UrlProviderHttpTestCase
[INFO] Running org.apache.commons.vfs2.provider.url.UrlFileNameParserTest
[INFO] Tests run: 3, Failures: 0, Errors: 0, Skipped: 0, Time elapsed: 0.001 s - in org.apache.commons.vfs2.provider.url.UrlFileNameParserTest
[INFO] Running org.apache.commons.vfs2.provider.jar.JarAttributesTestCase
[INFO] Tests run: 2, Failures: 0, Errors: 0, Skipped: 0, Time elapsed: 0.012 s - in org.apache.commons.vfs2.provider.jar.JarAttributesTestCase
[INFO] Running org.apache.commons.vfs2.provider.jar.JarProviderTestCase
VfsClassLoaderTests no layered .jar provider, skipping.
[INFO] Tests run: 95, Failures: 0, Errors: 0, Skipped: 0, Time elapsed: 4.395 s - in org.apache.commons.vfs2.provider.jar.JarProviderTestCase
[INFO] Running org.apache.commons.vfs2.provider.jar.NestedJarTestCase
[ERROR] Tests run: 1, Failures: 0, Errors: 1, Skipped: 0, Time elapsed: 0.018 s <<< FAILURE! - in org.apache.commons.vfs2.provider.jar.NestedJarTestCase
[ERROR] org.apache.commons.vfs2.ProviderTestSuite  Time elapsed: 0.001 s  <<< ERROR!
org.apache.commons.vfs2.FileSystemException: Could not find a file provider that can handle file "jar:file:///home/gabsko/breaking-updates/commons-vfs2/target/test-classes/test-data/nested.jar!/test.jar".
	at org.apache.commons.vfs2.FileSystemException.requireNonNull(FileSystemException.java:186)
	at org.apache.commons.vfs2.impl.DefaultFileSystemManager.createFileSystem(DefaultFileSystemManager.java:436)
	at org.apache.commons.vfs2.provider.jar.NestedJarTestCase.getBaseTestFolder(NestedJarTestCase.java:52)
	at org.apache.commons.vfs2.AbstractTestSuite.setUp(AbstractTestSuite.java:266)
	at org.apache.commons.vfs2.AbstractTestSuite.lambda$run$0(AbstractTestSuite.java:232)
	at junit.framework.TestResult.runProtected(TestResult.java:142)
	at org.apache.commons.vfs2.AbstractTestSuite.run(AbstractTestSuite.java:237)
	at org.junit.internal.runners.JUnit38ClassRunner.run(JUnit38ClassRunner.java:90)
	at org.junit.runner.JUnitCore.run(JUnitCore.java:137)
	at org.junit.runner.JUnitCore.run(JUnitCore.java:115)
	at org.junit.vintage.engine.execution.RunnerExecutor.execute(RunnerExecutor.java:42)
	at org.junit.vintage.engine.VintageTestEngine.executeAllChildren(VintageTestEngine.java:80)
	at org.junit.vintage.engine.VintageTestEngine.execute(VintageTestEngine.java:72)
	at org.junit.platform.launcher.core.EngineExecutionOrchestrator.execute(EngineExecutionOrchestrator.java:107)
	at org.junit.platform.launcher.core.EngineExecutionOrchestrator.execute(EngineExecutionOrchestrator.java:88)
	at org.junit.platform.launcher.core.EngineExecutionOrchestrator.lambda$execute$0(EngineExecutionOrchestrator.java:54)
	at org.junit.platform.launcher.core.EngineExecutionOrchestrator.withInterceptedStreams(EngineExecutionOrchestrator.java:67)
	at org.junit.platform.launcher.core.EngineExecutionOrchestrator.execute(EngineExecutionOrchestrator.java:52)
	at org.junit.platform.launcher.core.DefaultLauncher.execute(DefaultLauncher.java:114)
	at org.junit.platform.launcher.core.DefaultLauncher.execute(DefaultLauncher.java:86)
	at org.junit.platform.launcher.core.DefaultLauncherSession$DelegatingLauncher.execute(DefaultLauncherSession.java:86)
	at org.junit.platform.launcher.core.SessionPerRequestLauncher.execute(SessionPerRequestLauncher.java:53)
	at org.apache.maven.surefire.junitplatform.JUnitPlatformProvider.execute(JUnitPlatformProvider.java:188)
	at org.apache.maven.surefire.junitplatform.JUnitPlatformProvider.invokeAllTests(JUnitPlatformProvider.java:154)
	at org.apache.maven.surefire.junitplatform.JUnitPlatformProvider.invoke(JUnitPlatformProvider.java:128)
	at org.apache.maven.surefire.booter.ForkedBooter.runSuitesInProcess(ForkedBooter.java:428)
	at org.apache.maven.surefire.booter.ForkedBooter.execute(ForkedBooter.java:162)
	at org.apache.maven.surefire.booter.ForkedBooter.run(ForkedBooter.java:562)
	at org.apache.maven.surefire.booter.ForkedBooter.main(ForkedBooter.java:548)

[INFO] Running org.apache.commons.vfs2.provider.test.GenericFileNameTestCase
[INFO] Tests run: 2, Failures: 0, Errors: 0, Skipped: 0, Time elapsed: 0.004 s - in org.apache.commons.vfs2.provider.test.GenericFileNameTestCase
[INFO] Running org.apache.commons.vfs2.provider.test.FileObjectSortTestCase
[INFO] Tests run: 5, Failures: 0, Errors: 0, Skipped: 0, Time elapsed: 0.013 s - in org.apache.commons.vfs2.provider.test.FileObjectSortTestCase
[INFO] Running org.apache.commons.vfs2.provider.test.VirtualProviderTestCase
[INFO] Tests run: 97, Failures: 0, Errors: 0, Skipped: 0, Time elapsed: 4.466 s - in org.apache.commons.vfs2.provider.test.VirtualProviderTestCase
[INFO] Running org.apache.commons.vfs2.provider.res.ResourceProviderTestCase
VfsClassLoaderTests no local file provider, skipping.
VfsClassLoaderTests no local file provider, skipping.
[INFO] Tests run: 95, Failures: 0, Errors: 0, Skipped: 0, Time elapsed: 4.414 s - in org.apache.commons.vfs2.provider.res.ResourceProviderTestCase
[INFO] Running org.apache.commons.vfs2.provider.res.Vfs444TestCase
VfsClassLoaderTests no layered .jar provider, skipping.
[INFO] Tests run: 103, Failures: 0, Errors: 0, Skipped: 0, Time elapsed: 4.393 s - in org.apache.commons.vfs2.provider.res.Vfs444TestCase
[INFO] Running org.apache.commons.vfs2.provider.res.ResSchemeTestCase
[INFO] Tests run: 14, Failures: 0, Errors: 0, Skipped: 0, Time elapsed: 0.01 s - in org.apache.commons.vfs2.provider.res.ResSchemeTestCase
[INFO] Running org.apache.commons.vfs2.provider.zip.ZipFileSystemTestCase
[INFO] Tests run: 1, Failures: 0, Errors: 0, Skipped: 0, Time elapsed: 59.491 s - in org.apache.commons.vfs2.provider.zip.ZipFileSystemTestCase
[INFO] Running org.apache.commons.vfs2.provider.zip.ParseXmlInZipTestCase
[INFO] Tests run: 7, Failures: 0, Errors: 0, Skipped: 0, Time elapsed: 0.115 s - in org.apache.commons.vfs2.provider.zip.ParseXmlInZipTestCase
[INFO] Running org.apache.commons.vfs2.provider.zip.ZipProviderTestCase
VfsClassLoaderTests no layered .jar provider, skipping.
[INFO] Tests run: 95, Failures: 0, Errors: 0, Skipped: 0, Time elapsed: 4.384 s - in org.apache.commons.vfs2.provider.zip.ZipProviderTestCase
[INFO] Running org.apache.commons.vfs2.provider.zip.Jira733TestCase
[INFO] Tests run: 14, Failures: 0, Errors: 0, Skipped: 0, Time elapsed: 0.142 s - in org.apache.commons.vfs2.provider.zip.Jira733TestCase
[INFO] Running org.apache.commons.vfs2.provider.zip.ZipProviderWithCharsetNullTestCase
VfsClassLoaderTests no layered .jar provider, skipping.
[INFO] Tests run: 95, Failures: 0, Errors: 0, Skipped: 0, Time elapsed: 4.418 s - in org.apache.commons.vfs2.provider.zip.ZipProviderWithCharsetNullTestCase
[INFO] Running org.apache.commons.vfs2.provider.zip.FileLockTestCase
[WARNING] Tests run: 10, Failures: 0, Errors: 0, Skipped: 1, Time elapsed: 0.024 s - in org.apache.commons.vfs2.provider.zip.FileLockTestCase
[INFO] Running org.apache.commons.vfs2.provider.zip.ZipProviderWithCharsetTestCase
VfsClassLoaderTests no layered .jar provider, skipping.
[INFO] Tests run: 95, Failures: 0, Errors: 0, Skipped: 0, Time elapsed: 4.38 s - in org.apache.commons.vfs2.provider.zip.ZipProviderWithCharsetTestCase
[INFO] Running org.apache.commons.vfs2.provider.zip.ZipFileObjectTestCase
[WARNING] Tests run: 6, Failures: 0, Errors: 0, Skipped: 1, Time elapsed: 0.009 s - in org.apache.commons.vfs2.provider.zip.ZipFileObjectTestCase
[INFO] Running org.apache.commons.vfs2.provider.zip.NestedZipTestCase
VfsClassLoaderTests no layered .jar provider, skipping.
[INFO] Tests run: 95, Failures: 0, Errors: 0, Skipped: 0, Time elapsed: 4.425 s - in org.apache.commons.vfs2.provider.zip.NestedZipTestCase
[INFO] Running org.apache.commons.vfs2.provider.https.GetContentInfoFunctionalTest
[INFO] Tests run: 1, Failures: 0, Errors: 0, Skipped: 0, Time elapsed: 0.03 s - in org.apache.commons.vfs2.provider.https.GetContentInfoFunctionalTest
[INFO] Running org.apache.commons.vfs2.provider.temp.TemporaryProviderTestCase
VfsClassLoaderTests no layered .jar provider, skipping.
[INFO] Tests run: 95, Failures: 0, Errors: 0, Skipped: 0, Time elapsed: 4.413 s - in org.apache.commons.vfs2.provider.temp.TemporaryProviderTestCase
[INFO] Running org.apache.commons.vfs2.provider.http4.Http4ProviderTestCase
VfsClassLoaderTests no layered .jar provider, skipping.
Threads still running (19) at 2023-02-10T15:45:32.977476Z, live threads:
	Thread[1]  ID 507, Thread[org.apache.hadoop.hdfs.server.datanode.DataXceiverServer@7fd4b9ec,5,dataXceiverServer],	RUNNABLE,	daemon,	org.apache.hadoop.hdfs.server.datanode.DataXceiverServer
	Thread[2]  ID 645, Thread[org.apache.hadoop.hdfs.server.datanode.DataXceiverServer@39007725,5,dataXceiverServer],	RUNNABLE,	daemon,	org.apache.hadoop.hdfs.server.datanode.DataXceiverServer
	Thread[3]  ID 22, Thread[Common-Cleaner,8,InnocuousThreadGroup],	TIMED_WAITING,	daemon,	jdk.internal.ref.CleanerImpl
[INFO] Tests run: 100, Failures: 0, Errors: 0, Skipped: 0, Time elapsed: 4.541 s - in org.apache.commons.vfs2.provider.http4.Http4ProviderTestCase
[INFO] Running org.apache.commons.vfs2.provider.http4.Http4FilesCacheTestCase
[INFO] Tests run: 8, Failures: 0, Errors: 0, Skipped: 0, Time elapsed: 0.013 s - in org.apache.commons.vfs2.provider.http4.Http4FilesCacheTestCase
[INFO] Running org.apache.commons.vfs2.provider.http4.Http4GetContentInfoTest
[INFO] Tests run: 2, Failures: 0, Errors: 0, Skipped: 0, Time elapsed: 0.02 s - in org.apache.commons.vfs2.provider.http4.Http4GetContentInfoTest
[INFO] Running org.apache.commons.vfs2.provider.DefaultFileContentTest
[INFO] Tests run: 12, Failures: 0, Errors: 0, Skipped: 0, Time elapsed: 0.01 s - in org.apache.commons.vfs2.provider.DefaultFileContentTest
[INFO] Running org.apache.commons.vfs2.provider.local.ConversionTestCase
[WARNING] Tests run: 2, Failures: 0, Errors: 0, Skipped: 2, Time elapsed: 0 s - in org.apache.commons.vfs2.provider.local.ConversionTestCase
[INFO] Running org.apache.commons.vfs2.provider.local.LocalProviderTestCase
VfsClassLoaderTests no layered .jar provider, skipping.
[INFO] Tests run: 101, Failures: 0, Errors: 0, Skipped: 0, Time elapsed: 4.418 s - in org.apache.commons.vfs2.provider.local.LocalProviderTestCase
[INFO] Running org.apache.commons.vfs2.provider.local.LocalFileRandomAccessContentTestCase
[INFO] Tests run: 1, Failures: 0, Errors: 0, Skipped: 0, Time elapsed: 0.001 s - in org.apache.commons.vfs2.provider.local.LocalFileRandomAccessContentTestCase
[INFO] Running org.apache.commons.vfs2.FileIteratorTest
[INFO] Tests run: 1, Failures: 0, Errors: 0, Skipped: 0, Time elapsed: 0.007 s - in org.apache.commons.vfs2.FileIteratorTest
[INFO] Running org.apache.commons.vfs2.PatternFileSelectorTest
[INFO] Tests run: 5, Failures: 0, Errors: 0, Skipped: 0, Time elapsed: 0.003 s - in org.apache.commons.vfs2.PatternFileSelectorTest
[INFO] Running org.apache.commons.vfs2.FileSystemManagerFactoryTestCase
[ERROR] Tests run: 1, Failures: 0, Errors: 1, Skipped: 0, Time elapsed: 0.002 s <<< FAILURE! - in org.apache.commons.vfs2.FileSystemManagerFactoryTestCase
[ERROR] org.apache.commons.vfs2.FileSystemManagerFactoryTestCase.testDefaultInstance  Time elapsed: 0 s  <<< ERROR!
org.apache.commons.vfs2.FileSystemException: Could not find a file provider that can handle file "file:///home/gabsko/breaking-updates/commons-vfs2/target/test-classes/test-data/test.jar".
	at org.apache.commons.vfs2.FileSystemException.requireNonNull(FileSystemException.java:186)
	at org.apache.commons.vfs2.impl.DefaultFileSystemManager.createFileSystem(DefaultFileSystemManager.java:436)
	at org.apache.commons.vfs2.FileSystemManagerFactoryTestCase.check(FileSystemManagerFactoryTestCase.java:35)
	at org.apache.commons.vfs2.FileSystemManagerFactoryTestCase.testDefaultInstance(FileSystemManagerFactoryTestCase.java:54)
	at java.base/jdk.internal.reflect.NativeMethodAccessorImpl.invoke0(Native Method)
	at java.base/jdk.internal.reflect.NativeMethodAccessorImpl.invoke(NativeMethodAccessorImpl.java:62)
	at java.base/jdk.internal.reflect.DelegatingMethodAccessorImpl.invoke(DelegatingMethodAccessorImpl.java:43)
	at java.base/java.lang.reflect.Method.invoke(Method.java:566)
	at junit.framework.TestCase.runTest(TestCase.java:177)
	at junit.framework.TestCase.runBare(TestCase.java:142)
	at junit.framework.TestResult$1.protect(TestResult.java:122)
	at junit.framework.TestResult.runProtected(TestResult.java:142)
	at junit.framework.TestResult.run(TestResult.java:125)
	at junit.framework.TestCase.run(TestCase.java:130)
	at junit.framework.TestSuite.runTest(TestSuite.java:241)
	at junit.framework.TestSuite.run(TestSuite.java:236)
	at org.junit.internal.runners.JUnit38ClassRunner.run(JUnit38ClassRunner.java:90)
	at org.junit.runner.JUnitCore.run(JUnitCore.java:137)
	at org.junit.runner.JUnitCore.run(JUnitCore.java:115)
	at org.junit.vintage.engine.execution.RunnerExecutor.execute(RunnerExecutor.java:42)
	at org.junit.vintage.engine.VintageTestEngine.executeAllChildren(VintageTestEngine.java:80)
	at org.junit.vintage.engine.VintageTestEngine.execute(VintageTestEngine.java:72)
	at org.junit.platform.launcher.core.EngineExecutionOrchestrator.execute(EngineExecutionOrchestrator.java:107)
	at org.junit.platform.launcher.core.EngineExecutionOrchestrator.execute(EngineExecutionOrchestrator.java:88)
	at org.junit.platform.launcher.core.EngineExecutionOrchestrator.lambda$execute$0(EngineExecutionOrchestrator.java:54)
	at org.junit.platform.launcher.core.EngineExecutionOrchestrator.withInterceptedStreams(EngineExecutionOrchestrator.java:67)
	at org.junit.platform.launcher.core.EngineExecutionOrchestrator.execute(EngineExecutionOrchestrator.java:52)
	at org.junit.platform.launcher.core.DefaultLauncher.execute(DefaultLauncher.java:114)
	at org.junit.platform.launcher.core.DefaultLauncher.execute(DefaultLauncher.java:86)
	at org.junit.platform.launcher.core.DefaultLauncherSession$DelegatingLauncher.execute(DefaultLauncherSession.java:86)
	at org.junit.platform.launcher.core.SessionPerRequestLauncher.execute(SessionPerRequestLauncher.java:53)
	at org.apache.maven.surefire.junitplatform.JUnitPlatformProvider.execute(JUnitPlatformProvider.java:188)
	at org.apache.maven.surefire.junitplatform.JUnitPlatformProvider.invokeAllTests(JUnitPlatformProvider.java:154)
	at org.apache.maven.surefire.junitplatform.JUnitPlatformProvider.invoke(JUnitPlatformProvider.java:128)
	at org.apache.maven.surefire.booter.ForkedBooter.runSuitesInProcess(ForkedBooter.java:428)
	at org.apache.maven.surefire.booter.ForkedBooter.execute(ForkedBooter.java:162)
	at org.apache.maven.surefire.booter.ForkedBooter.run(ForkedBooter.java:562)
	at org.apache.maven.surefire.booter.ForkedBooter.main(ForkedBooter.java:548)

[INFO] Running org.apache.commons.vfs2.FileTypeTest
[INFO] Tests run: 5, Failures: 0, Errors: 0, Skipped: 0, Time elapsed: 0.007 s - in org.apache.commons.vfs2.FileTypeTest
[INFO] Running org.apache.commons.vfs2.filter.CanReadFileFilterTest
[INFO] Tests run: 4, Failures: 0, Errors: 0, Skipped: 0, Time elapsed: 0.007 s - in org.apache.commons.vfs2.filter.CanReadFileFilterTest
[INFO] Running org.apache.commons.vfs2.filter.DirectoryAndFileFilterTest
[INFO] Tests run: 3, Failures: 0, Errors: 0, Skipped: 0, Time elapsed: 0.006 s - in org.apache.commons.vfs2.filter.DirectoryAndFileFilterTest
[INFO] Running org.apache.commons.vfs2.filter.OrFileFilterTest
[INFO] Tests run: 6, Failures: 0, Errors: 0, Skipped: 0, Time elapsed: 0.001 s - in org.apache.commons.vfs2.filter.OrFileFilterTest
[INFO] Running org.apache.commons.vfs2.filter.SizeFileFilterTest
[INFO] Tests run: 4, Failures: 0, Errors: 0, Skipped: 0, Time elapsed: 0.003 s - in org.apache.commons.vfs2.filter.SizeFileFilterTest
[INFO] Running org.apache.commons.vfs2.filter.AndFileFilterTest
[INFO] Tests run: 7, Failures: 0, Errors: 0, Skipped: 0, Time elapsed: 0.001 s - in org.apache.commons.vfs2.filter.AndFileFilterTest
[INFO] Running org.apache.commons.vfs2.filter.WildcardFileFilterTest
[INFO] Tests run: 6, Failures: 0, Errors: 0, Skipped: 0, Time elapsed: 0.003 s - in org.apache.commons.vfs2.filter.WildcardFileFilterTest
[INFO] Running org.apache.commons.vfs2.filter.AgeFileFilterTest
[WARNING] Tests run: 7, Failures: 0, Errors: 0, Skipped: 1, Time elapsed: 0.003 s - in org.apache.commons.vfs2.filter.AgeFileFilterTest
[INFO] Running org.apache.commons.vfs2.filter.SuffixFileFilterTest
[INFO] Tests run: 6, Failures: 0, Errors: 0, Skipped: 0, Time elapsed: 0.001 s - in org.apache.commons.vfs2.filter.SuffixFileFilterTest
[INFO] Running org.apache.commons.vfs2.filter.PrefixFileFilterTest
[INFO] Tests run: 6, Failures: 0, Errors: 0, Skipped: 0, Time elapsed: 0.001 s - in org.apache.commons.vfs2.filter.PrefixFileFilterTest
[INFO] Running org.apache.commons.vfs2.filter.EmptyFileFilterTest
[INFO] Tests run: 3, Failures: 0, Errors: 0, Skipped: 0, Time elapsed: 0.002 s - in org.apache.commons.vfs2.filter.EmptyFileFilterTest
[INFO] Running org.apache.commons.vfs2.filter.NameFileFilterTest
[INFO] Tests run: 6, Failures: 0, Errors: 0, Skipped: 0, Time elapsed: 0.004 s - in org.apache.commons.vfs2.filter.NameFileFilterTest
[INFO] Running org.apache.commons.vfs2.filter.CanWriteFileFilterTest
[INFO] Tests run: 3, Failures: 0, Errors: 0, Skipped: 0, Time elapsed: 0.001 s - in org.apache.commons.vfs2.filter.CanWriteFileFilterTest
[INFO] Running org.apache.commons.vfs2.filter.HiddenFileFilterTest
[INFO] Tests run: 3, Failures: 0, Errors: 0, Skipped: 0, Time elapsed: 0.001 s - in org.apache.commons.vfs2.filter.HiddenFileFilterTest
[INFO] Running org.apache.commons.vfs2.filter.RegexFileFilterTestCase
[INFO] Tests run: 5, Failures: 0, Errors: 0, Skipped: 0, Time elapsed: 0 s - in org.apache.commons.vfs2.filter.RegexFileFilterTestCase
[INFO] Running org.apache.commons.vfs2.filter.SymbolicLinkFileFilterTest
[INFO] Tests run: 0, Failures: 0, Errors: 0, Skipped: 0, Time elapsed: 0.001 s - in org.apache.commons.vfs2.filter.SymbolicLinkFileFilterTest
[INFO] Running org.apache.commons.vfs2.filter.NotFileFilterTest
[INFO] Tests run: 1, Failures: 0, Errors: 0, Skipped: 0, Time elapsed: 0.001 s - in org.apache.commons.vfs2.filter.NotFileFilterTest
[INFO] Running org.apache.commons.vfs2.UserAuthenticationDataTestCase
[INFO] Tests run: 2, Failures: 0, Errors: 0, Skipped: 0, Time elapsed: 0 s - in org.apache.commons.vfs2.UserAuthenticationDataTestCase
[INFO] 
[INFO] Results:
[INFO] 
[ERROR] Errors: 
[ERROR]   FileSystemManagerFactoryTestCase.testDefaultInstance:54->check:35 » FileSystem
[ERROR]   ProviderTestSuite>AbstractTestSuite.run:237->AbstractTestSuite.lambda$run$0:232->AbstractTestSuite.setUp:266 » FileSystem
[ERROR]   DefaultFileSystemManagerTest.testCreateBz2FileSystem:88->testCreateFileSystem:94 » FileSystem
[ERROR]   DefaultFileSystemManagerTest.testCreateJarFileSystem:107->testCreateFileSystem:94 » FileSystem
[INFO] 
[ERROR] Tests run: 3209, Failures: 0, Errors: 4, Skipped: 8
[INFO] 
[INFO] ------------------------------------------------------------------------
[INFO] Reactor Summary for Apache Commons VFS Project 2.10.0-SNAPSHOT:
[INFO] 
[INFO] Apache Commons VFS Project ......................... SUCCESS [  2.001 s]
[INFO] Apache Commons VFS ................................. FAILURE [09:32 min]
[INFO] Apache Commons VFS Jackrabbit 1 .................... SKIPPED
[INFO] Apache Commons VFS Jackrabbit 2 .................... SKIPPED
[INFO] Apache Commons VFS Examples ........................ SKIPPED
[INFO] Apache Commons VFS Distribution .................... SKIPPED
[INFO] ------------------------------------------------------------------------
[INFO] BUILD FAILURE
[INFO] ------------------------------------------------------------------------
[INFO] Total time:  09:34 min
[INFO] Finished at: 2023-02-10T15:45:37Z
[INFO] ------------------------------------------------------------------------
[ERROR] Failed to execute goal org.apache.maven.plugins:maven-surefire-plugin:3.0.0-M5:test (default-test) on project commons-vfs2: There are test failures.
[ERROR] 
[ERROR] Please refer to /home/gabsko/breaking-updates/commons-vfs2/target/surefire-reports for the individual test results.
[ERROR] Please refer to dump files (if any exist) [date].dump, [date]-jvmRun[N].dump and [date].dumpstream.
[ERROR] -> [Help 1]
[ERROR] 
[ERROR] To see the full stack trace of the errors, re-run Maven with the -e switch.
[ERROR] Re-run Maven using the -X switch to enable full debug logging.
[ERROR] 
[ERROR] For more information about the errors and possible solutions, please read the following articles:
[ERROR] [Help 1] http://cwiki.apache.org/confluence/display/MAVEN/MojoFailureException
[ERROR] 
[ERROR] After correcting the problems, you can resume the build with the command
[ERROR]   mvn <args> -rf :commons-vfs2
