[INFO] Scanning for projects...
[INFO] Inspecting build with total of 1 modules...
[INFO] Installing Nexus Staging features:
[INFO]   ... total of 1 executions of maven-deploy-plugin replaced with nexus-staging-maven-plugin
[INFO] 
[INFO] -----------------------< org.kohsuke:github-api >-----------------------
[INFO] Building GitHub API for Java 1.304-SNAPSHOT
[INFO] --------------------------------[ jar ]---------------------------------
[INFO] Downloading from repo.jenkins-ci.org: https://repo.jenkins-ci.org/public/org/kohsuke/stapler/stapler-jetty/1.1/stapler-jetty-1.1.jar
[INFO] Downloading from repo.jenkins-ci.org: https://repo.jenkins-ci.org/public/org/eclipse/jetty/jetty-server/7.5.4.v20111024/jetty-server-7.5.4.v20111024.jar
[INFO] Downloading from repo.jenkins-ci.org: https://repo.jenkins-ci.org/public/org/eclipse/jetty/jetty-servlet/7.5.4.v20111024/jetty-servlet-7.5.4.v20111024.jar
[INFO] Downloading from repo.jenkins-ci.org: https://repo.jenkins-ci.org/public/org/eclipse/jetty/jetty-security/7.5.4.v20111024/jetty-security-7.5.4.v20111024.jar
[INFO] Downloading from repo.jenkins-ci.org: https://repo.jenkins-ci.org/public/org/eclipse/jetty/jetty-continuation/7.5.4.v20111024/jetty-continuation-7.5.4.v20111024.jar
[INFO] Downloaded from repo.jenkins-ci.org: https://repo.jenkins-ci.org/public/org/kohsuke/stapler/stapler-jetty/1.1/stapler-jetty-1.1.jar (3.4 kB at 3.3 kB/s)
[INFO] Downloading from repo.jenkins-ci.org: https://repo.jenkins-ci.org/public/org/eclipse/jetty/jetty-http/7.5.4.v20111024/jetty-http-7.5.4.v20111024.jar
[INFO] Downloaded from repo.jenkins-ci.org: https://repo.jenkins-ci.org/public/org/eclipse/jetty/jetty-continuation/7.5.4.v20111024/jetty-continuation-7.5.4.v20111024.jar (20 kB at 18 kB/s)
[INFO] Downloading from repo.jenkins-ci.org: https://repo.jenkins-ci.org/public/org/eclipse/jetty/jetty-io/7.5.4.v20111024/jetty-io-7.5.4.v20111024.jar
[INFO] Downloaded from repo.jenkins-ci.org: https://repo.jenkins-ci.org/public/org/eclipse/jetty/jetty-security/7.5.4.v20111024/jetty-security-7.5.4.v20111024.jar (83 kB at 68 kB/s)
[INFO] Downloading from repo.jenkins-ci.org: https://repo.jenkins-ci.org/public/org/eclipse/jetty/jetty-util/7.5.4.v20111024/jetty-util-7.5.4.v20111024.jar
[INFO] Downloaded from repo.jenkins-ci.org: https://repo.jenkins-ci.org/public/org/eclipse/jetty/jetty-servlet/7.5.4.v20111024/jetty-servlet-7.5.4.v20111024.jar (87 kB at 65 kB/s)
[INFO] Downloading from repo.jenkins-ci.org: https://repo.jenkins-ci.org/public/com/github/tomakehurst/wiremock-jre8-standalone/2.32.0/wiremock-jre8-standalone-2.32.0.jar
[INFO] Downloaded from repo.jenkins-ci.org: https://repo.jenkins-ci.org/public/org/eclipse/jetty/jetty-io/7.5.4.v20111024/jetty-io-7.5.4.v20111024.jar (91 kB at 61 kB/s)
[INFO] Downloaded from repo.jenkins-ci.org: https://repo.jenkins-ci.org/public/org/eclipse/jetty/jetty-http/7.5.4.v20111024/jetty-http-7.5.4.v20111024.jar (115 kB at 70 kB/s)
[INFO] Downloaded from repo.jenkins-ci.org: https://repo.jenkins-ci.org/public/org/eclipse/jetty/jetty-server/7.5.4.v20111024/jetty-server-7.5.4.v20111024.jar (307 kB at 147 kB/s)
[INFO] Downloaded from repo.jenkins-ci.org: https://repo.jenkins-ci.org/public/org/eclipse/jetty/jetty-util/7.5.4.v20111024/jetty-util-7.5.4.v20111024.jar (216 kB at 88 kB/s)
[INFO] Downloaded from repo.jenkins-ci.org: https://repo.jenkins-ci.org/public/com/github/tomakehurst/wiremock-jre8-standalone/2.32.0/wiremock-jre8-standalone-2.32.0.jar (16 MB at 3.8 MB/s)
[INFO] 
[INFO] --- maven-clean-plugin:2.5:clean (default-clean) @ github-api ---
[INFO] Deleting /home/gabsko/breaking-updates/target
[INFO] 
[INFO] --- maven-resources-plugin:2.6:resources (default-resources) @ github-api ---
[INFO] Using 'UTF-8' encoding to copy filtered resources.
[INFO] skip non existing resourceDirectory /home/gabsko/breaking-updates/src/main/resources
[INFO] 
[INFO] --- maven-compiler-plugin:3.10.1:compile (default-compile) @ github-api ---
[INFO] Changes detected - recompiling the module!
[INFO] Compiling 216 source files to /home/gabsko/breaking-updates/target/classes
[INFO] /home/gabsko/breaking-updates/src/main/java/org/kohsuke/github/connector/GitHubConnector.java: Some input files use or override a deprecated API.
[INFO] /home/gabsko/breaking-updates/src/main/java/org/kohsuke/github/connector/GitHubConnector.java: Recompile with -Xlint:deprecation for details.
[INFO] /home/gabsko/breaking-updates/src/main/java/org/kohsuke/github/GitHubRequest.java: Some input files use unchecked or unsafe operations.
[INFO] /home/gabsko/breaking-updates/src/main/java/org/kohsuke/github/GitHubRequest.java: Recompile with -Xlint:unchecked for details.
[INFO] 
[INFO] --- maven-compiler-plugin:3.10.1:compile (compile-java-11) @ github-api ---
[INFO] Changes detected - recompiling the module!
[INFO] Compiling 1 source file to /home/gabsko/breaking-updates/target/classes/META-INF/versions/11
[INFO] /home/gabsko/breaking-updates/src/main/java11/org/kohsuke/github/extras/HttpClientGitHubConnector.java: /home/gabsko/breaking-updates/src/main/java11/org/kohsuke/github/extras/HttpClientGitHubConnector.java uses or overrides a deprecated API.
[INFO] /home/gabsko/breaking-updates/src/main/java11/org/kohsuke/github/extras/HttpClientGitHubConnector.java: Recompile with -Xlint:deprecation for details.
[INFO] 
[INFO] --- bridge-method-injector:1.23:process (default) @ github-api ---
[INFO] 
[INFO] --- maven-resources-plugin:2.6:testResources (default-testResources) @ github-api ---
[INFO] Using 'UTF-8' encoding to copy filtered resources.
[INFO] Copying 56 resources
[INFO] 
[INFO] --- maven-compiler-plugin:3.10.1:testCompile (default-testCompile) @ github-api ---
[INFO] Changes detected - recompiling the module!
[INFO] Compiling 72 source files to /home/gabsko/breaking-updates/target/test-classes
[INFO] /home/gabsko/breaking-updates/src/test/java/org/kohsuke/github/ArchTests.java: Some input files use or override a deprecated API.
[INFO] /home/gabsko/breaking-updates/src/test/java/org/kohsuke/github/ArchTests.java: Recompile with -Xlint:deprecation for details.
[INFO] /home/gabsko/breaking-updates/src/test/java/org/kohsuke/github/junit/GitHubWireMockRule.java: Some input files use unchecked or unsafe operations.
[INFO] /home/gabsko/breaking-updates/src/test/java/org/kohsuke/github/junit/GitHubWireMockRule.java: Recompile with -Xlint:unchecked for details.
[INFO] 
[INFO] --- maven-surefire-plugin:2.22.2:test (default-test) @ github-api ---
[INFO] 
[INFO] -------------------------------------------------------
[INFO]  T E S T S
[INFO] -------------------------------------------------------
[INFO] Running org.kohsuke.github.EnumTest
[main] INFO wiremock.org.eclipse.jetty.util.log - Logging initialized @621ms to wiremock.org.eclipse.jetty.util.log.Slf4jLog
[INFO] Tests run: 1, Failures: 0, Errors: 0, Skipped: 0, Time elapsed: 0.748 s - in org.kohsuke.github.EnumTest
[INFO] Running org.kohsuke.github.AppTest
[WARNING] Tests run: 64, Failures: 0, Errors: 0, Skipped: 12, Time elapsed: 5.525 s - in org.kohsuke.github.AppTest
[INFO] Running org.kohsuke.github.GHTagTest
[INFO] Tests run: 1, Failures: 0, Errors: 0, Skipped: 0, Time elapsed: 0.018 s - in org.kohsuke.github.GHTagTest
[INFO] Running org.kohsuke.github.GHDiscussionTest
[INFO] Tests run: 4, Failures: 0, Errors: 0, Skipped: 0, Time elapsed: 0.167 s - in org.kohsuke.github.GHDiscussionTest
[INFO] Running org.kohsuke.github.LifecycleTest
[INFO] Tests run: 1, Failures: 0, Errors: 0, Skipped: 0, Time elapsed: 0.067 s - in org.kohsuke.github.LifecycleTest
[INFO] Running org.kohsuke.github.GHCheckRunBuilderTest
[INFO] Tests run: 6, Failures: 0, Errors: 0, Skipped: 0, Time elapsed: 0.372 s - in org.kohsuke.github.GHCheckRunBuilderTest
[INFO] Running org.kohsuke.github.GHReleaseTest
[INFO] Tests run: 6, Failures: 0, Errors: 0, Skipped: 0, Time elapsed: 0.162 s - in org.kohsuke.github.GHReleaseTest
[INFO] Running org.kohsuke.github.Github2faTest
[INFO] Tests run: 1, Failures: 0, Errors: 0, Skipped: 0, Time elapsed: 0.06 s - in org.kohsuke.github.Github2faTest
[INFO] Running org.kohsuke.github.GHGistUpdaterTest
[INFO] Tests run: 1, Failures: 0, Errors: 0, Skipped: 0, Time elapsed: 0.016 s - in org.kohsuke.github.GHGistUpdaterTest
[INFO] Running org.kohsuke.github.GHTeamTest
[INFO] Tests run: 8, Failures: 0, Errors: 0, Skipped: 0, Time elapsed: 0.148 s - in org.kohsuke.github.GHTeamTest
[INFO] Running org.kohsuke.github.GHTreeBuilderTest
[WARNING] Tests run: 3, Failures: 0, Errors: 0, Skipped: 1, Time elapsed: 0.107 s - in org.kohsuke.github.GHTreeBuilderTest
[INFO] Running org.kohsuke.github.GHProjectCardTest
[INFO] Tests run: 6, Failures: 0, Errors: 0, Skipped: 0, Time elapsed: 0.227 s - in org.kohsuke.github.GHProjectCardTest
[INFO] Running org.kohsuke.github.GHPullRequestMockTest
[INFO] Tests run: 1, Failures: 0, Errors: 0, Skipped: 0, Time elapsed: 0.501 s - in org.kohsuke.github.GHPullRequestMockTest
[INFO] Running org.kohsuke.github.GHOrganizationTest
[INFO] Tests run: 16, Failures: 0, Errors: 0, Skipped: 0, Time elapsed: 0.28 s - in org.kohsuke.github.GHOrganizationTest
[INFO] Running org.kohsuke.github.GHAppInstallationTest
[INFO] Tests run: 2, Failures: 0, Errors: 0, Skipped: 0, Time elapsed: 0.053 s - in org.kohsuke.github.GHAppInstallationTest
[INFO] Running org.kohsuke.github.GHIssueEventAttributeTest
[INFO] Tests run: 1, Failures: 0, Errors: 0, Skipped: 0, Time elapsed: 0.022 s - in org.kohsuke.github.GHIssueEventAttributeTest
[INFO] Running org.kohsuke.github.GitHubTest
[INFO] Tests run: 12, Failures: 0, Errors: 0, Skipped: 0, Time elapsed: 0.33 s - in org.kohsuke.github.GitHubTest
[INFO] Running org.kohsuke.github.GHMarketplacePlanTest
[INFO] Tests run: 4, Failures: 0, Errors: 0, Skipped: 0, Time elapsed: 0.071 s - in org.kohsuke.github.GHMarketplacePlanTest
[INFO] Running org.kohsuke.github.GHIssueEventTest
[INFO] Tests run: 4, Failures: 0, Errors: 0, Skipped: 0, Time elapsed: 0.258 s - in org.kohsuke.github.GHIssueEventTest
[INFO] Running org.kohsuke.github.BridgeMethodTest
[INFO] Tests run: 1, Failures: 0, Errors: 0, Skipped: 0, Time elapsed: 0.001 s - in org.kohsuke.github.BridgeMethodTest
[INFO] Running org.kohsuke.github.GHPersonTest
[INFO] Tests run: 2, Failures: 0, Errors: 0, Skipped: 0, Time elapsed: 0.029 s - in org.kohsuke.github.GHPersonTest
[INFO] Running org.kohsuke.github.GHRepositoryTest
Feb 11, 2023 8:15:27 PM org.kohsuke.github.internal.EnumUtils getEnumOrDefault
WARNING: Unknown value bogus for enum class org.kohsuke.github.GHRepository$Visibility, defaulting to UNKNOWN
[INFO] Tests run: 65, Failures: 0, Errors: 0, Skipped: 0, Time elapsed: 2.006 s - in org.kohsuke.github.GHRepositoryTest
[INFO] Running org.kohsuke.github.GHVerificationReasonTest
[INFO] Tests run: 13, Failures: 0, Errors: 0, Skipped: 0, Time elapsed: 0.171 s - in org.kohsuke.github.GHVerificationReasonTest
[INFO] Running org.kohsuke.github.GHMilestoneTest
[INFO] Tests run: 3, Failures: 0, Errors: 0, Skipped: 0, Time elapsed: 0.093 s - in org.kohsuke.github.GHMilestoneTest
[INFO] Running org.kohsuke.github.GHProjectColumnTest
[INFO] Tests run: 3, Failures: 0, Errors: 0, Skipped: 0, Time elapsed: 0.056 s - in org.kohsuke.github.GHProjectColumnTest
[INFO] Running org.kohsuke.github.GitHubConnectionTest
[INFO] Tests run: 12, Failures: 0, Errors: 0, Skipped: 0, Time elapsed: 0.119 s - in org.kohsuke.github.GitHubConnectionTest
[INFO] Running org.kohsuke.github.GHTeamBuilderTest
[INFO] Tests run: 1, Failures: 0, Errors: 0, Skipped: 0, Time elapsed: 0.015 s - in org.kohsuke.github.GHTeamBuilderTest
[INFO] Running org.kohsuke.github.CommitTest
[INFO] Tests run: 11, Failures: 0, Errors: 0, Skipped: 0, Time elapsed: 0.481 s - in org.kohsuke.github.CommitTest
[INFO] Running org.kohsuke.github.GHRepositoryStatisticsTest
[INFO] Tests run: 5, Failures: 0, Errors: 0, Skipped: 0, Time elapsed: 0.194 s - in org.kohsuke.github.GHRepositoryStatisticsTest
[INFO] Running org.kohsuke.github.ArchTests
[main] INFO com.tngtech.archunit.core.PluginLoader - Detected Java version 11.0.17
[INFO] Tests run: 3, Failures: 0, Errors: 0, Skipped: 0, Time elapsed: 2.34 s - in org.kohsuke.github.ArchTests
[INFO] Running org.kohsuke.github.GHContentIntegrationTest
[INFO] Tests run: 11, Failures: 0, Errors: 0, Skipped: 0, Time elapsed: 0.21 s - in org.kohsuke.github.GHContentIntegrationTest
[INFO] Running org.kohsuke.github.GHProjectTest
[INFO] Tests run: 5, Failures: 0, Errors: 0, Skipped: 0, Time elapsed: 0.1 s - in org.kohsuke.github.GHProjectTest
[INFO] Running org.kohsuke.github.GHEventTest
[INFO] Tests run: 1, Failures: 0, Errors: 0, Skipped: 0, Time elapsed: 0 s - in org.kohsuke.github.GHEventTest
[INFO] Running org.kohsuke.github.GHBranchTest
[INFO] Tests run: 1, Failures: 0, Errors: 0, Skipped: 0, Time elapsed: 0.03 s - in org.kohsuke.github.GHBranchTest
[INFO] Running org.kohsuke.github.GHDeploymentTest
[INFO] Tests run: 2, Failures: 0, Errors: 0, Skipped: 0, Time elapsed: 0.027 s - in org.kohsuke.github.GHDeploymentTest
[INFO] Running org.kohsuke.github.GHUserTest
[INFO] Tests run: 9, Failures: 0, Errors: 0, Skipped: 0, Time elapsed: 0.21 s - in org.kohsuke.github.GHUserTest
[INFO] Running org.kohsuke.github.GHAppTest
[INFO] Tests run: 8, Failures: 0, Errors: 0, Skipped: 0, Time elapsed: 0.106 s - in org.kohsuke.github.GHAppTest
[INFO] Running org.kohsuke.github.GitHubStaticTest
Feb 11, 2023 8:15:39 PM org.kohsuke.github.GitHubClient getConnector
WARNING: HttpConnector and getConnector() are deprecated. Please file an issue describing your use case.
[INFO] Tests run: 8, Failures: 0, Errors: 0, Skipped: 0, Time elapsed: 7.066 s - in org.kohsuke.github.GitHubStaticTest
[INFO] Running org.kohsuke.github.GHLicenseTest
[INFO] Tests run: 10, Failures: 0, Errors: 0, Skipped: 0, Time elapsed: 0.233 s - in org.kohsuke.github.GHLicenseTest
[INFO] Running org.kohsuke.github.GHWorkflowTest
[INFO] Tests run: 5, Failures: 0, Errors: 0, Skipped: 0, Time elapsed: 0.152 s - in org.kohsuke.github.GHWorkflowTest
[INFO] Running org.kohsuke.github.AbuseLimitHandlerTest
[INFO] Tests run: 4, Failures: 0, Errors: 0, Skipped: 0, Time elapsed: 2.273 s - in org.kohsuke.github.AbuseLimitHandlerTest
[INFO] Running org.kohsuke.github.GHObjectTest
[INFO] Tests run: 1, Failures: 0, Errors: 0, Skipped: 0, Time elapsed: 0.016 s - in org.kohsuke.github.GHObjectTest
[INFO] Running org.kohsuke.github.GHBranchProtectionTest
[INFO] Tests run: 6, Failures: 0, Errors: 0, Skipped: 0, Time elapsed: 0.131 s - in org.kohsuke.github.GHBranchProtectionTest
[INFO] Running org.kohsuke.github.OrgAppInstallationAuthorizationProviderTest
[INFO] Tests run: 2, Failures: 0, Errors: 0, Skipped: 0, Time elapsed: 0.034 s - in org.kohsuke.github.OrgAppInstallationAuthorizationProviderTest
[INFO] Running org.kohsuke.github.internal.EnumUtilsTest
Feb 11, 2023 8:15:42 PM org.kohsuke.github.internal.EnumUtils getEnumOrDefault
WARNING: Unknown value null for enum class org.kohsuke.github.internal.EnumUtilsTest$TestEnum, defaulting to UNKNOWN
Feb 11, 2023 8:15:42 PM org.kohsuke.github.internal.EnumUtils getEnumOrDefault
WARNING: Unknown value foobar for enum class org.kohsuke.github.internal.EnumUtilsTest$TestEnum, defaulting to UNKNOWN
[INFO] Tests run: 1, Failures: 0, Errors: 0, Skipped: 0, Time elapsed: 0.002 s - in org.kohsuke.github.internal.EnumUtilsTest
[INFO] Running org.kohsuke.github.internal.DefaultGitHubConnectorTest
Feb 11, 2023 8:15:42 PM org.kohsuke.github.GitHubClient setConnector
WARNING: Connector should not be changed. Please file an issue describing your use case.
Feb 11, 2023 8:15:42 PM org.kohsuke.github.GitHubClient getConnector
WARNING: HttpConnector and getConnector() are deprecated. Please file an issue describing your use case.
[INFO] Tests run: 1, Failures: 0, Errors: 0, Skipped: 0, Time elapsed: 0.093 s - in org.kohsuke.github.internal.DefaultGitHubConnectorTest
[INFO] Running org.kohsuke.github.RepositoryTrafficTest
[INFO] Tests run: 3, Failures: 0, Errors: 0, Skipped: 0, Time elapsed: 0.033 s - in org.kohsuke.github.RepositoryTrafficTest
[INFO] Running org.kohsuke.github.GHGistTest
[INFO] Tests run: 3, Failures: 0, Errors: 0, Skipped: 0, Time elapsed: 0.057 s - in org.kohsuke.github.GHGistTest
[INFO] Running org.kohsuke.github.GHWorkflowRunTest
[INFO] Tests run: 7, Failures: 0, Errors: 0, Skipped: 0, Time elapsed: 0.265 s - in org.kohsuke.github.GHWorkflowRunTest
[INFO] Running org.kohsuke.github.GHPullRequestTest
[ERROR] Tests run: 26, Failures: 1, Errors: 0, Skipped: 0, Time elapsed: 15.93 s <<< FAILURE! - in org.kohsuke.github.GHPullRequestTest
[ERROR] pullRequestReviewComments(org.kohsuke.github.GHPullRequestTest)  Time elapsed: 0.049 s  <<< FAILURE!
java.lang.AssertionError: 

Expected: "1f40fdf4acf1adb246c109c21a22f617e4bd1ca8"
     but: was "07374fe73aff1c2024a8d4114b32406c7a8e89b7"
	at org.hamcrest.MatcherAssert.assertThat(MatcherAssert.java:20)
	at org.kohsuke.github.AbstractGitHubWireMockTest.assertThat(AbstractGitHubWireMockTest.java:266)
	at org.kohsuke.github.GHPullRequestTest.pullRequestReviewComments(GHPullRequestTest.java:135)
	at java.base/jdk.internal.reflect.NativeMethodAccessorImpl.invoke0(Native Method)
	at java.base/jdk.internal.reflect.NativeMethodAccessorImpl.invoke(NativeMethodAccessorImpl.java:62)
	at java.base/jdk.internal.reflect.DelegatingMethodAccessorImpl.invoke(DelegatingMethodAccessorImpl.java:43)
	at java.base/java.lang.reflect.Method.invoke(Method.java:566)
	at org.junit.runners.model.FrameworkMethod$1.runReflectiveCall(FrameworkMethod.java:59)
	at org.junit.internal.runners.model.ReflectiveCallable.run(ReflectiveCallable.java:12)
	at org.junit.runners.model.FrameworkMethod.invokeExplosively(FrameworkMethod.java:56)
	at org.junit.internal.runners.statements.InvokeMethod.evaluate(InvokeMethod.java:17)
	at org.junit.internal.runners.statements.RunBefores.evaluate(RunBefores.java:26)
	at org.junit.internal.runners.statements.RunAfters.evaluate(RunAfters.java:27)
	at org.kohsuke.github.junit.WireMockMultiServerRule$1.evaluate(WireMockMultiServerRule.java:69)
	at org.junit.runners.ParentRunner$3.evaluate(ParentRunner.java:306)
	at org.junit.runners.BlockJUnit4ClassRunner$1.evaluate(BlockJUnit4ClassRunner.java:100)
	at org.junit.runners.ParentRunner.runLeaf(ParentRunner.java:366)
	at org.junit.runners.BlockJUnit4ClassRunner.runChild(BlockJUnit4ClassRunner.java:103)
	at org.junit.runners.BlockJUnit4ClassRunner.runChild(BlockJUnit4ClassRunner.java:63)
	at org.junit.runners.ParentRunner$4.run(ParentRunner.java:331)
	at org.junit.runners.ParentRunner$1.schedule(ParentRunner.java:79)
	at org.junit.runners.ParentRunner.runChildren(ParentRunner.java:329)
	at org.junit.runners.ParentRunner.access$100(ParentRunner.java:66)
	at org.junit.runners.ParentRunner$2.evaluate(ParentRunner.java:293)
	at org.junit.runners.ParentRunner$3.evaluate(ParentRunner.java:306)
	at org.junit.runners.ParentRunner.run(ParentRunner.java:413)
	at org.apache.maven.surefire.junit4.JUnit4Provider.execute(JUnit4Provider.java:365)
	at org.apache.maven.surefire.junit4.JUnit4Provider.executeWithRerun(JUnit4Provider.java:273)
	at org.apache.maven.surefire.junit4.JUnit4Provider.executeTestSet(JUnit4Provider.java:238)
	at org.apache.maven.surefire.junit4.JUnit4Provider.invoke(JUnit4Provider.java:159)
	at org.apache.maven.surefire.booter.ForkedBooter.invokeProviderInSameClassLoader(ForkedBooter.java:384)
	at org.apache.maven.surefire.booter.ForkedBooter.runSuitesInProcess(ForkedBooter.java:345)
	at org.apache.maven.surefire.booter.ForkedBooter.execute(ForkedBooter.java:126)
	at org.apache.maven.surefire.booter.ForkedBooter.main(ForkedBooter.java:418)

[INFO] Running org.kohsuke.github.GHEventPayloadTest
[INFO] Tests run: 42, Failures: 0, Errors: 0, Skipped: 0, Time elapsed: 0.283 s - in org.kohsuke.github.GHEventPayloadTest
[INFO] Running org.kohsuke.github.GHHookTest
[WARNING] Tests run: 1, Failures: 0, Errors: 0, Skipped: 1, Time elapsed: 0 s - in org.kohsuke.github.GHHookTest
[INFO] Running org.kohsuke.github.WireMockStatusReporterTest
[WARNING] Tests run: 6, Failures: 0, Errors: 0, Skipped: 5, Time elapsed: 0.012 s - in org.kohsuke.github.WireMockStatusReporterTest
[INFO] 
[INFO] Results:
[INFO] 
[ERROR] Failures: 
[ERROR]   GHPullRequestTest.pullRequestReviewComments:135->AbstractGitHubWireMockTest.assertThat:266 
Expected: "1f40fdf4acf1adb246c109c21a22f617e4bd1ca8"
     but: was "07374fe73aff1c2024a8d4114b32406c7a8e89b7"
[INFO] 
[ERROR] Tests run: 424, Failures: 1, Errors: 0, Skipped: 19
[INFO] 
[INFO] ------------------------------------------------------------------------
[INFO] BUILD FAILURE
[INFO] ------------------------------------------------------------------------
[INFO] Total time:  52.312 s
[INFO] Finished at: 2023-02-11T20:15:59Z
[INFO] ------------------------------------------------------------------------
[ERROR] Failed to execute goal org.apache.maven.plugins:maven-surefire-plugin:2.22.2:test (default-test) on project github-api: There are test failures.
[ERROR] 
[ERROR] Please refer to /home/gabsko/breaking-updates/target/surefire-reports for the individual test results.
[ERROR] Please refer to dump files (if any exist) [date].dump, [date]-jvmRun[N].dump and [date].dumpstream.
[ERROR] -> [Help 1]
[ERROR] 
[ERROR] To see the full stack trace of the errors, re-run Maven with the -e switch.
[ERROR] Re-run Maven using the -X switch to enable full debug logging.
[ERROR] 
[ERROR] For more information about the errors and possible solutions, please read the following articles:
[ERROR] [Help 1] http://cwiki.apache.org/confluence/display/MAVEN/MojoFailureException
