[INFO] Scanning for projects...
[WARNING] The POM for org.jenkins-ci.tools:maven-hpi-plugin:jar:3.32 is missing, no dependency information available
[WARNING] Failed to build parent project for org.jvnet.hudson.plugins:analysis-pom:pom:5.33.0
[WARNING] Failed to build parent project for io.jenkins.plugins:warnings-ng:hpi:9.17.0-SNAPSHOT
[INFO] Inspecting build with total of 3 modules...
[INFO] Installing Nexus Staging features:
[INFO]   ... total of 1 executions of maven-deploy-plugin replaced with nexus-staging-maven-plugin
[INFO] ------------------------------------------------------------------------
[INFO] Reactor Build Order:
[INFO] 
[INFO] Warnings Next Generation Plugin                                    [hpi]
[INFO] UI Tests of Warnings Plugin                                        [jar]
[INFO] Aggregator for Warnings Plugin                                     [pom]
[INFO] 
[INFO] -------------------< io.jenkins.plugins:warnings-ng >-------------------
[INFO] Building Warnings Next Generation Plugin 9.17.0-SNAPSHOT           [1/3]
[INFO] --------------------------------[ hpi ]---------------------------------
[INFO] 
[INFO] --- maven-clean-plugin:3.2.0:clean (default-clean) @ warnings-ng ---
[INFO] Deleting /home/gabsko/breaking-updates/plugin/target
[INFO] 
[INFO] --- maven-hpi-plugin:3.32:validate (default-validate) @ warnings-ng ---
[INFO] 
[INFO] --- maven-hpi-plugin:3.32:validate-hpi (default-validate-hpi) @ warnings-ng ---
[WARNING] Error resolving project artifact: org.connectbot.jbcrypt:jbcrypt:pom:1.0.0 was not found in https://repo.jenkins-ci.org/releases/ during a previous attempt. This failure was cached in the local repository and resolution is not reattempted until the update interval of maven.jenkins-ci.org has elapsed or updates are forced for project org.connectbot.jbcrypt:jbcrypt:jar:1.0.0
[INFO] 
[INFO] --- maven-enforcer-plugin:3.1.0:display-info (display-info) @ warnings-ng ---
[INFO] Maven Version: 3.8.6
[INFO] JDK Version: 11.0.17 normalized as: 11.0.17
[INFO] Java Vendor: Ubuntu
[INFO] OS Info: Arch: amd64 Family: unix Name: linux Version: 5.4.0-113-generic
[INFO] 
[INFO] --- maven-enforcer-plugin:3.1.0:enforce (display-info) @ warnings-ng ---
[INFO] Ignoring requireUpperBoundDeps in org.slf4j:slf4j-api
[WARNING] Missing:
----------
1) org.connectbot.jbcrypt:jbcrypt:jar:1.0.0

  Try downloading the file manually from the project website.

  Then, install it using the command: 
      mvn install:install-file -DgroupId=org.connectbot.jbcrypt -DartifactId=jbcrypt -Dversion=1.0.0 -Dpackaging=jar -Dfile=/path/to/file

  Alternatively, if you host your own repository you can deploy the file there: 
      mvn deploy:deploy-file -DgroupId=org.connectbot.jbcrypt -DartifactId=jbcrypt -Dversion=1.0.0 -Dpackaging=jar -Dfile=/path/to/file -Durl=[url] -DrepositoryId=[id]

  Path to dependency: 
  	1) org.connectbot.jbcrypt:jbcrypt:jar:1.0.0

----------
1 required artifact is missing.

for artifact: 
  org.connectbot.jbcrypt:jbcrypt:jar:1.0.0

from the specified remote repositories:
  maven.jenkins-ci.org (https://repo.jenkins-ci.org/releases/, releases=true, snapshots=true),
  incrementals.jenkins-ci.org (https://repo.jenkins-ci.org/incrementals/, releases=true, snapshots=true),
  central (https://repo.maven.apache.org/maven2, releases=true, snapshots=false)
Path to dependency: 
	1) org.connectbot.jbcrypt:jbcrypt:jar:1.0.0


[INFO] Adding ignore: module-info
[INFO] Adding ignore: */ModuleUtils*
[INFO] Adding ignore: com/tngtech/archunit/core/importer/Module*
[INFO] Adding ignore: com/tngtech/archunit/core/domain/Java9DomainPlugin*
[INFO] 
[INFO] --- maven-enforcer-plugin:3.1.0:enforce (no-snapshots-in-release) @ warnings-ng ---
[INFO] 
[INFO] --- maven-hpi-plugin:3.32:initialize (default-initialize) @ warnings-ng ---
[INFO] 
[INFO] --- gmavenplus-plugin:1.13.1:addTestSources (test-in-groovy) @ warnings-ng ---
[INFO] 
[INFO] --- localizer-maven-plugin:1.31:generate (default) @ warnings-ng ---
[INFO] 
[INFO] >>> maven-javadoc-plugin:3.4.0:javadoc (default) > generate-sources @ warnings-ng >>>
[INFO] 
[INFO] --- maven-hpi-plugin:3.32:validate (default-validate) @ warnings-ng ---
[INFO] 
[INFO] --- maven-hpi-plugin:3.32:validate-hpi (default-validate-hpi) @ warnings-ng ---
[WARNING] Error resolving project artifact: org.connectbot.jbcrypt:jbcrypt:pom:1.0.0 was not found in https://repo.jenkins-ci.org/releases/ during a previous attempt. This failure was cached in the local repository and resolution is not reattempted until the update interval of maven.jenkins-ci.org has elapsed or updates are forced for project org.connectbot.jbcrypt:jbcrypt:jar:1.0.0
[INFO] 
[INFO] --- maven-enforcer-plugin:3.1.0:display-info (display-info) @ warnings-ng ---
[INFO] Maven Version: 3.8.6
[INFO] JDK Version: 11.0.17 normalized as: 11.0.17
[INFO] Java Vendor: Ubuntu
[INFO] OS Info: Arch: amd64 Family: unix Name: linux Version: 5.4.0-113-generic
[INFO] 
[INFO] --- maven-enforcer-plugin:3.1.0:enforce (display-info) @ warnings-ng ---
[INFO] Ignoring requireUpperBoundDeps in org.slf4j:slf4j-api
[WARNING] Missing:
----------
1) org.connectbot.jbcrypt:jbcrypt:jar:1.0.0

  Try downloading the file manually from the project website.

  Then, install it using the command: 
      mvn install:install-file -DgroupId=org.connectbot.jbcrypt -DartifactId=jbcrypt -Dversion=1.0.0 -Dpackaging=jar -Dfile=/path/to/file

  Alternatively, if you host your own repository you can deploy the file there: 
      mvn deploy:deploy-file -DgroupId=org.connectbot.jbcrypt -DartifactId=jbcrypt -Dversion=1.0.0 -Dpackaging=jar -Dfile=/path/to/file -Durl=[url] -DrepositoryId=[id]

  Path to dependency: 
  	1) org.connectbot.jbcrypt:jbcrypt:jar:1.0.0

----------
1 required artifact is missing.

for artifact: 
  org.connectbot.jbcrypt:jbcrypt:jar:1.0.0

from the specified remote repositories:
  maven.jenkins-ci.org (https://repo.jenkins-ci.org/releases/, releases=true, snapshots=true),
  incrementals.jenkins-ci.org (https://repo.jenkins-ci.org/incrementals/, releases=true, snapshots=true),
  central (https://repo.maven.apache.org/maven2, releases=true, snapshots=false)
Path to dependency: 
	1) org.connectbot.jbcrypt:jbcrypt:jar:1.0.0


[INFO] Adding ignore: module-info
[INFO] Adding ignore: */ModuleUtils*
[INFO] Adding ignore: com/tngtech/archunit/core/importer/Module*
[INFO] Adding ignore: com/tngtech/archunit/core/domain/Java9DomainPlugin*
[INFO] 
[INFO] --- maven-enforcer-plugin:3.1.0:enforce (no-snapshots-in-release) @ warnings-ng ---
[INFO] 
[INFO] --- maven-hpi-plugin:3.32:initialize (default-initialize) @ warnings-ng ---
[INFO] 
[INFO] --- gmavenplus-plugin:1.13.1:addTestSources (test-in-groovy) @ warnings-ng ---
[INFO] 
[INFO] --- localizer-maven-plugin:1.31:generate (default) @ warnings-ng ---
[INFO] 
[INFO] <<< maven-javadoc-plugin:3.4.0:javadoc (default) < generate-sources @ warnings-ng <<<
[INFO] 
[INFO] 
[INFO] --- maven-javadoc-plugin:3.4.0:javadoc (default) @ warnings-ng ---
[INFO] No previous run data found, generating javadoc.
[INFO] 
2 warnings
[WARNING] Javadoc Warnings
[WARNING] warning: unknown enum constant When.ALWAYS
[WARNING] reason: class file for javax.annotation.meta.When not found
[WARNING] warning: unknown enum constant When.MAYBE
[INFO] 
[INFO] --- maven-resources-plugin:3.3.0:resources (default-resources) @ warnings-ng ---
[INFO] Copying 199 resources
[INFO] 
[INFO] --- maven-compiler-plugin:3.10.1:compile (default-compile) @ warnings-ng ---
[INFO] Changes detected - recompiling the module!
[INFO] Compiling 271 source files to /home/gabsko/breaking-updates/plugin/target/classes
[WARNING] /home/gabsko/breaking-updates/plugin/src/main/java/io/jenkins/plugins/analysis/warnings/axivion/AxivionSuite.java:[197,27] [deprecation] SYSTEM in ACL has been deprecated
[WARNING] /home/gabsko/breaking-updates/plugin/src/main/java/io/jenkins/plugins/analysis/warnings/axivion/AxivionSuite.java:[353,31] [deprecation] SYSTEM in ACL has been deprecated
[WARNING] /home/gabsko/breaking-updates/plugin/src/main/java/io/jenkins/plugins/analysis/warnings/axivion/AxivionSuite.java:[388,23] [deprecation] SYSTEM in ACL has been deprecated
[INFO] 
[INFO] --- access-modifier-checker:1.27:enforce (default-enforce) @ warnings-ng ---
[INFO] 
[INFO] --- maven-hpi-plugin:3.32:insert-test (default-insert-test) @ warnings-ng ---
[INFO] 
[INFO] --- assertj-assertions-generator-maven-plugin:2.2.0:generate-assertions (default) @ warnings-ng ---
[INFO] 
[INFO] --- gmavenplus-plugin:1.13.1:generateTestStubs (test-in-groovy) @ warnings-ng ---
[INFO] No sources specified for stub generation. Skipping.
[INFO] Generated 0 stubs.
[INFO] 
[INFO] --- maven-antrun-plugin:3.1.0:run (createTempDir) @ warnings-ng ---
[INFO] Executing tasks
[INFO]     [mkdir] Created dir: /home/gabsko/breaking-updates/plugin/target/tmp
[INFO] Executed tasks
[INFO] 
[INFO] --- maven-resources-plugin:3.3.0:testResources (default-testResources) @ warnings-ng ---
[INFO] Copying 332 resources
[INFO] 
[INFO] --- maven-compiler-plugin:3.10.1:testCompile (default-testCompile) @ warnings-ng ---
[INFO] Changes detected - recompiling the module!
[INFO] Compiling 473 source files to /home/gabsko/breaking-updates/plugin/target/test-classes
[WARNING] /home/gabsko/breaking-updates/plugin/target/generated-test-sources/assertj-assertions/io/jenkins/plugins/analysis/core/assertions/Assertions.java:[271,126] [deprecation] InfoErrorDetail in io.jenkins.plugins.analysis.core.model has been deprecated
[WARNING] /home/gabsko/breaking-updates/plugin/target/generated-test-sources/assertj-assertions/io/jenkins/plugins/analysis/core/assertions/Assertions.java:[271,126] [deprecation] InfoErrorDetail in io.jenkins.plugins.analysis.core.model has been deprecated
[WARNING] /home/gabsko/breaking-updates/plugin/target/generated-test-sources/assertj-assertions/io/jenkins/plugins/analysis/core/assertions/Assertions.java:[271,126] [deprecation] InfoErrorDetail in io.jenkins.plugins.analysis.core.model has been deprecated
[WARNING] /home/gabsko/breaking-updates/plugin/target/generated-test-sources/assertj-assertions/io/jenkins/plugins/analysis/core/assertions/Assertions.java:[271,126] [deprecation] InfoErrorDetail in io.jenkins.plugins.analysis.core.model has been deprecated
[WARNING] /home/gabsko/breaking-updates/plugin/target/generated-test-sources/assertj-assertions/io/jenkins/plugins/analysis/core/assertions/Assertions.java:[425,123] [deprecation] SourceDetail in io.jenkins.plugins.analysis.core.model has been deprecated
[WARNING] /home/gabsko/breaking-updates/plugin/target/generated-test-sources/assertj-assertions/io/jenkins/plugins/analysis/core/assertions/Assertions.java:[425,123] [deprecation] SourceDetail in io.jenkins.plugins.analysis.core.model has been deprecated
[WARNING] /home/gabsko/breaking-updates/plugin/target/generated-test-sources/assertj-assertions/io/jenkins/plugins/analysis/core/assertions/Assertions.java:[425,123] [deprecation] SourceDetail in io.jenkins.plugins.analysis.core.model has been deprecated
[WARNING] /home/gabsko/breaking-updates/plugin/target/generated-test-sources/assertj-assertions/io/jenkins/plugins/analysis/core/assertions/Assertions.java:[425,123] [deprecation] SourceDetail in io.jenkins.plugins.analysis.core.model has been deprecated
[WARNING] /home/gabsko/breaking-updates/plugin/target/generated-test-sources/assertj-assertions/io/jenkins/plugins/analysis/core/assertions/Assertions.java:[458,124] [deprecation] SourcePrinter in io.jenkins.plugins.analysis.core.model has been deprecated
[WARNING] /home/gabsko/breaking-updates/plugin/target/generated-test-sources/assertj-assertions/io/jenkins/plugins/analysis/core/assertions/Assertions.java:[458,124] [deprecation] SourcePrinter in io.jenkins.plugins.analysis.core.model has been deprecated
[WARNING] /home/gabsko/breaking-updates/plugin/target/generated-test-sources/assertj-assertions/io/jenkins/plugins/analysis/core/assertions/Assertions.java:[458,124] [deprecation] SourcePrinter in io.jenkins.plugins.analysis.core.model has been deprecated
[WARNING] /home/gabsko/breaking-updates/plugin/target/generated-test-sources/assertj-assertions/io/jenkins/plugins/analysis/core/assertions/Assertions.java:[458,124] [deprecation] SourcePrinter in io.jenkins.plugins.analysis.core.model has been deprecated
[WARNING] /home/gabsko/breaking-updates/plugin/target/generated-test-sources/assertj-assertions/io/jenkins/plugins/analysis/core/assertions/Assertions.java:[502,118] [deprecation] Summary in io.jenkins.plugins.analysis.core.model has been deprecated
[WARNING] /home/gabsko/breaking-updates/plugin/target/generated-test-sources/assertj-assertions/io/jenkins/plugins/analysis/core/assertions/Assertions.java:[502,118] [deprecation] Summary in io.jenkins.plugins.analysis.core.model has been deprecated
[WARNING] /home/gabsko/breaking-updates/plugin/target/generated-test-sources/assertj-assertions/io/jenkins/plugins/analysis/core/assertions/Assertions.java:[502,118] [deprecation] Summary in io.jenkins.plugins.analysis.core.model has been deprecated
[WARNING] /home/gabsko/breaking-updates/plugin/target/generated-test-sources/assertj-assertions/io/jenkins/plugins/analysis/core/assertions/Assertions.java:[502,118] [deprecation] Summary in io.jenkins.plugins.analysis.core.model has been deprecated
[WARNING] /home/gabsko/breaking-updates/plugin/target/generated-test-sources/assertj-assertions/io/jenkins/plugins/analysis/core/assertions/Assertions.java:[876,118] [deprecation] Sanitizer in io.jenkins.plugins.analysis.core.util has been deprecated
[WARNING] /home/gabsko/breaking-updates/plugin/target/generated-test-sources/assertj-assertions/io/jenkins/plugins/analysis/core/assertions/Assertions.java:[876,118] [deprecation] Sanitizer in io.jenkins.plugins.analysis.core.util has been deprecated
[WARNING] /home/gabsko/breaking-updates/plugin/target/generated-test-sources/assertj-assertions/io/jenkins/plugins/analysis/core/assertions/Assertions.java:[876,118] [deprecation] Sanitizer in io.jenkins.plugins.analysis.core.util has been deprecated
[WARNING] /home/gabsko/breaking-updates/plugin/target/generated-test-sources/assertj-assertions/io/jenkins/plugins/analysis/core/assertions/Assertions.java:[876,118] [deprecation] Sanitizer in io.jenkins.plugins.analysis.core.util has been deprecated
[WARNING] /home/gabsko/breaking-updates/plugin/target/generated-test-sources/assertj-assertions/io/jenkins/plugins/analysis/core/model/IconLabelProviderAssert.java:[141,37] [deprecation] getRawLinkName() in StaticAnalysisLabelProvider has been deprecated
[WARNING] /home/gabsko/breaking-updates/plugin/target/generated-test-sources/assertj-assertions/io/jenkins/plugins/analysis/core/model/InfoErrorDetailAssert.java:[11,87] [deprecation] InfoErrorDetail in io.jenkins.plugins.analysis.core.model has been deprecated
[WARNING] /home/gabsko/breaking-updates/plugin/target/generated-test-sources/assertj-assertions/io/jenkins/plugins/analysis/core/model/InfoErrorDetailAssert.java:[11,87] [deprecation] InfoErrorDetail in io.jenkins.plugins.analysis.core.model has been deprecated
[WARNING] /home/gabsko/breaking-updates/plugin/target/generated-test-sources/assertj-assertions/io/jenkins/plugins/analysis/core/model/InfoErrorDetailAssert.java:[11,87] [deprecation] InfoErrorDetail in io.jenkins.plugins.analysis.core.model has been deprecated
[WARNING] /home/gabsko/breaking-updates/plugin/target/generated-test-sources/assertj-assertions/io/jenkins/plugins/analysis/core/model/InfoErrorDetailAssert.java:[11,87] [deprecation] InfoErrorDetail in io.jenkins.plugins.analysis.core.model has been deprecated
[WARNING] /home/gabsko/breaking-updates/plugin/target/generated-test-sources/assertj-assertions/io/jenkins/plugins/analysis/core/model/InfoErrorDetailAssert.java:[17,31] [deprecation] InfoErrorDetail in io.jenkins.plugins.analysis.core.model has been deprecated
[WARNING] /home/gabsko/breaking-updates/plugin/target/generated-test-sources/assertj-assertions/io/jenkins/plugins/analysis/core/model/InfoErrorDetailAssert.java:[17,31] [deprecation] InfoErrorDetail in io.jenkins.plugins.analysis.core.model has been deprecated
[WARNING] /home/gabsko/breaking-updates/plugin/target/generated-test-sources/assertj-assertions/io/jenkins/plugins/analysis/core/model/InfoErrorDetailAssert.java:[17,31] [deprecation] InfoErrorDetail in io.jenkins.plugins.analysis.core.model has been deprecated
[WARNING] /home/gabsko/breaking-updates/plugin/target/generated-test-sources/assertj-assertions/io/jenkins/plugins/analysis/core/model/InfoErrorDetailAssert.java:[17,31] [deprecation] InfoErrorDetail in io.jenkins.plugins.analysis.core.model has been deprecated
[WARNING] /home/gabsko/breaking-updates/plugin/target/generated-test-sources/assertj-assertions/io/jenkins/plugins/analysis/core/model/InfoErrorDetailAssert.java:[28,49] [deprecation] InfoErrorDetail in io.jenkins.plugins.analysis.core.model has been deprecated
[WARNING] /home/gabsko/breaking-updates/plugin/target/generated-test-sources/assertj-assertions/io/jenkins/plugins/analysis/core/model/InfoErrorDetailAssert.java:[28,49] [deprecation] InfoErrorDetail in io.jenkins.plugins.analysis.core.model has been deprecated
[WARNING] /home/gabsko/breaking-updates/plugin/target/generated-test-sources/assertj-assertions/io/jenkins/plugins/analysis/core/model/InfoErrorDetailAssert.java:[28,49] [deprecation] InfoErrorDetail in io.jenkins.plugins.analysis.core.model has been deprecated
[WARNING] /home/gabsko/breaking-updates/plugin/target/generated-test-sources/assertj-assertions/io/jenkins/plugins/analysis/core/model/InfoErrorDetailAssert.java:[28,49] [deprecation] InfoErrorDetail in io.jenkins.plugins.analysis.core.model has been deprecated
[WARNING] /home/gabsko/breaking-updates/plugin/target/generated-test-sources/assertj-assertions/io/jenkins/plugins/analysis/core/model/SourceDetailAssert.java:[10,81] [deprecation] SourceDetail in io.jenkins.plugins.analysis.core.model has been deprecated
[WARNING] /home/gabsko/breaking-updates/plugin/target/generated-test-sources/assertj-assertions/io/jenkins/plugins/analysis/core/model/SourceDetailAssert.java:[10,81] [deprecation] SourceDetail in io.jenkins.plugins.analysis.core.model has been deprecated
[WARNING] /home/gabsko/breaking-updates/plugin/target/generated-test-sources/assertj-assertions/io/jenkins/plugins/analysis/core/model/SourceDetailAssert.java:[10,81] [deprecation] SourceDetail in io.jenkins.plugins.analysis.core.model has been deprecated
[WARNING] /home/gabsko/breaking-updates/plugin/target/generated-test-sources/assertj-assertions/io/jenkins/plugins/analysis/core/model/SourceDetailAssert.java:[10,81] [deprecation] SourceDetail in io.jenkins.plugins.analysis.core.model has been deprecated
[WARNING] /home/gabsko/breaking-updates/plugin/target/generated-test-sources/assertj-assertions/io/jenkins/plugins/analysis/core/model/SourceDetailAssert.java:[16,28] [deprecation] SourceDetail in io.jenkins.plugins.analysis.core.model has been deprecated
[WARNING] /home/gabsko/breaking-updates/plugin/target/generated-test-sources/assertj-assertions/io/jenkins/plugins/analysis/core/model/SourceDetailAssert.java:[16,28] [deprecation] SourceDetail in io.jenkins.plugins.analysis.core.model has been deprecated
[WARNING] /home/gabsko/breaking-updates/plugin/target/generated-test-sources/assertj-assertions/io/jenkins/plugins/analysis/core/model/SourceDetailAssert.java:[16,28] [deprecation] SourceDetail in io.jenkins.plugins.analysis.core.model has been deprecated
[WARNING] /home/gabsko/breaking-updates/plugin/target/generated-test-sources/assertj-assertions/io/jenkins/plugins/analysis/core/model/SourceDetailAssert.java:[16,28] [deprecation] SourceDetail in io.jenkins.plugins.analysis.core.model has been deprecated
[WARNING] /home/gabsko/breaking-updates/plugin/target/generated-test-sources/assertj-assertions/io/jenkins/plugins/analysis/core/model/SourceDetailAssert.java:[27,46] [deprecation] SourceDetail in io.jenkins.plugins.analysis.core.model has been deprecated
[WARNING] /home/gabsko/breaking-updates/plugin/target/generated-test-sources/assertj-assertions/io/jenkins/plugins/analysis/core/model/SourceDetailAssert.java:[27,46] [deprecation] SourceDetail in io.jenkins.plugins.analysis.core.model has been deprecated
[WARNING] /home/gabsko/breaking-updates/plugin/target/generated-test-sources/assertj-assertions/io/jenkins/plugins/analysis/core/model/SourceDetailAssert.java:[27,46] [deprecation] SourceDetail in io.jenkins.plugins.analysis.core.model has been deprecated
[WARNING] /home/gabsko/breaking-updates/plugin/target/generated-test-sources/assertj-assertions/io/jenkins/plugins/analysis/core/model/SourceDetailAssert.java:[27,46] [deprecation] SourceDetail in io.jenkins.plugins.analysis.core.model has been deprecated
[WARNING] /home/gabsko/breaking-updates/plugin/target/generated-test-sources/assertj-assertions/io/jenkins/plugins/analysis/core/model/SourcePrinterAssert.java:[9,83] [deprecation] SourcePrinter in io.jenkins.plugins.analysis.core.model has been deprecated
[WARNING] /home/gabsko/breaking-updates/plugin/target/generated-test-sources/assertj-assertions/io/jenkins/plugins/analysis/core/model/SourcePrinterAssert.java:[9,83] [deprecation] SourcePrinter in io.jenkins.plugins.analysis.core.model has been deprecated
[WARNING] /home/gabsko/breaking-updates/plugin/target/generated-test-sources/assertj-assertions/io/jenkins/plugins/analysis/core/model/SourcePrinterAssert.java:[9,83] [deprecation] SourcePrinter in io.jenkins.plugins.analysis.core.model has been deprecated
[WARNING] /home/gabsko/breaking-updates/plugin/target/generated-test-sources/assertj-assertions/io/jenkins/plugins/analysis/core/model/SourcePrinterAssert.java:[9,83] [deprecation] SourcePrinter in io.jenkins.plugins.analysis.core.model has been deprecated
[WARNING] /home/gabsko/breaking-updates/plugin/target/generated-test-sources/assertj-assertions/io/jenkins/plugins/analysis/core/model/SourcePrinterAssert.java:[15,29] [deprecation] SourcePrinter in io.jenkins.plugins.analysis.core.model has been deprecated
[WARNING] /home/gabsko/breaking-updates/plugin/target/generated-test-sources/assertj-assertions/io/jenkins/plugins/analysis/core/model/SourcePrinterAssert.java:[15,29] [deprecation] SourcePrinter in io.jenkins.plugins.analysis.core.model has been deprecated
[WARNING] /home/gabsko/breaking-updates/plugin/target/generated-test-sources/assertj-assertions/io/jenkins/plugins/analysis/core/model/SourcePrinterAssert.java:[15,29] [deprecation] SourcePrinter in io.jenkins.plugins.analysis.core.model has been deprecated
[WARNING] /home/gabsko/breaking-updates/plugin/target/generated-test-sources/assertj-assertions/io/jenkins/plugins/analysis/core/model/SourcePrinterAssert.java:[15,29] [deprecation] SourcePrinter in io.jenkins.plugins.analysis.core.model has been deprecated
[WARNING] /home/gabsko/breaking-updates/plugin/target/generated-test-sources/assertj-assertions/io/jenkins/plugins/analysis/core/model/SourcePrinterAssert.java:[26,47] [deprecation] SourcePrinter in io.jenkins.plugins.analysis.core.model has been deprecated
[WARNING] /home/gabsko/breaking-updates/plugin/target/generated-test-sources/assertj-assertions/io/jenkins/plugins/analysis/core/model/SourcePrinterAssert.java:[26,47] [deprecation] SourcePrinter in io.jenkins.plugins.analysis.core.model has been deprecated
[WARNING] /home/gabsko/breaking-updates/plugin/target/generated-test-sources/assertj-assertions/io/jenkins/plugins/analysis/core/model/SourcePrinterAssert.java:[26,47] [deprecation] SourcePrinter in io.jenkins.plugins.analysis.core.model has been deprecated
[WARNING] /home/gabsko/breaking-updates/plugin/target/generated-test-sources/assertj-assertions/io/jenkins/plugins/analysis/core/model/SourcePrinterAssert.java:[26,47] [deprecation] SourcePrinter in io.jenkins.plugins.analysis.core.model has been deprecated
[WARNING] /home/gabsko/breaking-updates/plugin/target/generated-test-sources/assertj-assertions/io/jenkins/plugins/analysis/core/model/StaticAnalysisLabelProviderAssert.java:[141,37] [deprecation] getRawLinkName() in StaticAnalysisLabelProvider has been deprecated
[WARNING] /home/gabsko/breaking-updates/plugin/target/generated-test-sources/assertj-assertions/io/jenkins/plugins/analysis/core/model/SummaryAssert.java:[9,71] [deprecation] Summary in io.jenkins.plugins.analysis.core.model has been deprecated
[WARNING] /home/gabsko/breaking-updates/plugin/target/generated-test-sources/assertj-assertions/io/jenkins/plugins/analysis/core/model/SummaryAssert.java:[9,71] [deprecation] Summary in io.jenkins.plugins.analysis.core.model has been deprecated
[WARNING] /home/gabsko/breaking-updates/plugin/target/generated-test-sources/assertj-assertions/io/jenkins/plugins/analysis/core/model/SummaryAssert.java:[9,71] [deprecation] Summary in io.jenkins.plugins.analysis.core.model has been deprecated
[WARNING] /home/gabsko/breaking-updates/plugin/target/generated-test-sources/assertj-assertions/io/jenkins/plugins/analysis/core/model/SummaryAssert.java:[9,71] [deprecation] Summary in io.jenkins.plugins.analysis.core.model has been deprecated
[WARNING] /home/gabsko/breaking-updates/plugin/target/generated-test-sources/assertj-assertions/io/jenkins/plugins/analysis/core/model/SummaryAssert.java:[15,23] [deprecation] Summary in io.jenkins.plugins.analysis.core.model has been deprecated
[WARNING] /home/gabsko/breaking-updates/plugin/target/generated-test-sources/assertj-assertions/io/jenkins/plugins/analysis/core/model/SummaryAssert.java:[15,23] [deprecation] Summary in io.jenkins.plugins.analysis.core.model has been deprecated
[WARNING] /home/gabsko/breaking-updates/plugin/target/generated-test-sources/assertj-assertions/io/jenkins/plugins/analysis/core/model/SummaryAssert.java:[15,23] [deprecation] Summary in io.jenkins.plugins.analysis.core.model has been deprecated
[WARNING] /home/gabsko/breaking-updates/plugin/target/generated-test-sources/assertj-assertions/io/jenkins/plugins/analysis/core/model/SummaryAssert.java:[15,23] [deprecation] Summary in io.jenkins.plugins.analysis.core.model has been deprecated
[WARNING] /home/gabsko/breaking-updates/plugin/target/generated-test-sources/assertj-assertions/io/jenkins/plugins/analysis/core/model/SummaryAssert.java:[26,41] [deprecation] Summary in io.jenkins.plugins.analysis.core.model has been deprecated
[WARNING] /home/gabsko/breaking-updates/plugin/target/generated-test-sources/assertj-assertions/io/jenkins/plugins/analysis/core/model/SummaryAssert.java:[26,41] [deprecation] Summary in io.jenkins.plugins.analysis.core.model has been deprecated
[WARNING] /home/gabsko/breaking-updates/plugin/target/generated-test-sources/assertj-assertions/io/jenkins/plugins/analysis/core/model/SummaryAssert.java:[26,41] [deprecation] Summary in io.jenkins.plugins.analysis.core.model has been deprecated
[WARNING] /home/gabsko/breaking-updates/plugin/target/generated-test-sources/assertj-assertions/io/jenkins/plugins/analysis/core/model/SummaryAssert.java:[26,41] [deprecation] Summary in io.jenkins.plugins.analysis.core.model has been deprecated
[WARNING] /home/gabsko/breaking-updates/plugin/target/generated-test-sources/assertj-assertions/io/jenkins/plugins/analysis/core/model/SvgIconLabelProviderAssert.java:[141,37] [deprecation] getRawLinkName() in StaticAnalysisLabelProvider has been deprecated
[WARNING] /home/gabsko/breaking-updates/plugin/target/generated-test-sources/assertj-assertions/io/jenkins/plugins/analysis/core/util/ModelValidationAssert.java:[45,52] [deprecation] getAllCharsets() in ModelValidation has been deprecated
[WARNING] /home/gabsko/breaking-updates/plugin/target/generated-test-sources/assertj-assertions/io/jenkins/plugins/analysis/core/util/ModelValidationAssert.java:[68,52] [deprecation] getAllCharsets() in ModelValidation has been deprecated
[WARNING] /home/gabsko/breaking-updates/plugin/target/generated-test-sources/assertj-assertions/io/jenkins/plugins/analysis/core/util/ModelValidationAssert.java:[88,56] [deprecation] getAllCharsets() in ModelValidation has been deprecated
[WARNING] /home/gabsko/breaking-updates/plugin/target/generated-test-sources/assertj-assertions/io/jenkins/plugins/analysis/core/util/ModelValidationAssert.java:[111,56] [deprecation] getAllCharsets() in ModelValidation has been deprecated
[WARNING] /home/gabsko/breaking-updates/plugin/target/generated-test-sources/assertj-assertions/io/jenkins/plugins/analysis/core/util/ModelValidationAssert.java:[132,58] [deprecation] getAllCharsets() in ModelValidation has been deprecated
[WARNING] /home/gabsko/breaking-updates/plugin/target/generated-test-sources/assertj-assertions/io/jenkins/plugins/analysis/core/util/ModelValidationAssert.java:[156,58] [deprecation] getAllCharsets() in ModelValidation has been deprecated
[WARNING] /home/gabsko/breaking-updates/plugin/target/generated-test-sources/assertj-assertions/io/jenkins/plugins/analysis/core/util/ModelValidationAssert.java:[175,14] [deprecation] getAllCharsets() in ModelValidation has been deprecated
[WARNING] /home/gabsko/breaking-updates/plugin/target/generated-test-sources/assertj-assertions/io/jenkins/plugins/analysis/core/util/ModelValidationAssert.java:[176,57] [deprecation] getAllCharsets() in ModelValidation has been deprecated
[WARNING] /home/gabsko/breaking-updates/plugin/target/generated-test-sources/assertj-assertions/io/jenkins/plugins/analysis/core/util/QualityGateStatusAssert.java:[45,47] [deprecation] getColor() in QualityGateStatus has been deprecated
[WARNING] /home/gabsko/breaking-updates/plugin/target/generated-test-sources/assertj-assertions/io/jenkins/plugins/analysis/core/util/SanitizerAssert.java:[9,75] [deprecation] Sanitizer in io.jenkins.plugins.analysis.core.util has been deprecated
[WARNING] /home/gabsko/breaking-updates/plugin/target/generated-test-sources/assertj-assertions/io/jenkins/plugins/analysis/core/util/SanitizerAssert.java:[9,75] [deprecation] Sanitizer in io.jenkins.plugins.analysis.core.util has been deprecated
[WARNING] /home/gabsko/breaking-updates/plugin/target/generated-test-sources/assertj-assertions/io/jenkins/plugins/analysis/core/util/SanitizerAssert.java:[9,75] [deprecation] Sanitizer in io.jenkins.plugins.analysis.core.util has been deprecated
[WARNING] /home/gabsko/breaking-updates/plugin/target/generated-test-sources/assertj-assertions/io/jenkins/plugins/analysis/core/util/SanitizerAssert.java:[9,75] [deprecation] Sanitizer in io.jenkins.plugins.analysis.core.util has been deprecated
[WARNING] /home/gabsko/breaking-updates/plugin/target/generated-test-sources/assertj-assertions/io/jenkins/plugins/analysis/core/util/SanitizerAssert.java:[15,25] [deprecation] Sanitizer in io.jenkins.plugins.analysis.core.util has been deprecated
[WARNING] /home/gabsko/breaking-updates/plugin/target/generated-test-sources/assertj-assertions/io/jenkins/plugins/analysis/core/util/SanitizerAssert.java:[15,25] [deprecation] Sanitizer in io.jenkins.plugins.analysis.core.util has been deprecated
[WARNING] /home/gabsko/breaking-updates/plugin/target/generated-test-sources/assertj-assertions/io/jenkins/plugins/analysis/core/util/SanitizerAssert.java:[15,25] [deprecation] Sanitizer in io.jenkins.plugins.analysis.core.util has been deprecated
[WARNING] /home/gabsko/breaking-updates/plugin/target/generated-test-sources/assertj-assertions/io/jenkins/plugins/analysis/core/util/SanitizerAssert.java:[15,25] [deprecation] Sanitizer in io.jenkins.plugins.analysis.core.util has been deprecated
[WARNING] /home/gabsko/breaking-updates/plugin/target/generated-test-sources/assertj-assertions/io/jenkins/plugins/analysis/core/util/SanitizerAssert.java:[26,43] [deprecation] Sanitizer in io.jenkins.plugins.analysis.core.util has been deprecated
[WARNING] /home/gabsko/breaking-updates/plugin/target/generated-test-sources/assertj-assertions/io/jenkins/plugins/analysis/core/util/SanitizerAssert.java:[26,43] [deprecation] Sanitizer in io.jenkins.plugins.analysis.core.util has been deprecated
[WARNING] /home/gabsko/breaking-updates/plugin/target/generated-test-sources/assertj-assertions/io/jenkins/plugins/analysis/core/util/SanitizerAssert.java:[26,43] [deprecation] Sanitizer in io.jenkins.plugins.analysis.core.util has been deprecated
[WARNING] /home/gabsko/breaking-updates/plugin/target/generated-test-sources/assertj-assertions/io/jenkins/plugins/analysis/core/util/SanitizerAssert.java:[26,43] [deprecation] Sanitizer in io.jenkins.plugins.analysis.core.util has been deprecated
[WARNING] /home/gabsko/breaking-updates/plugin/src/test/java/io/jenkins/plugins/analysis/core/model/SourcePrinterTest.java:[35,12] [deprecation] SourcePrinter in io.jenkins.plugins.analysis.core.model has been deprecated
[WARNING] /home/gabsko/breaking-updates/plugin/src/test/java/io/jenkins/plugins/analysis/core/model/SourcePrinterTest.java:[35,40] [deprecation] SourcePrinter in io.jenkins.plugins.analysis.core.model has been deprecated
[WARNING] /home/gabsko/breaking-updates/plugin/src/test/java/io/jenkins/plugins/analysis/core/model/SourcePrinterTest.java:[55,12] [deprecation] SourcePrinter in io.jenkins.plugins.analysis.core.model has been deprecated
[WARNING] /home/gabsko/breaking-updates/plugin/src/test/java/io/jenkins/plugins/analysis/core/model/SourcePrinterTest.java:[55,40] [deprecation] SourcePrinter in io.jenkins.plugins.analysis.core.model has been deprecated
[WARNING] /home/gabsko/breaking-updates/plugin/src/test/java/io/jenkins/plugins/analysis/core/model/SourcePrinterTest.java:[79,12] [deprecation] SourcePrinter in io.jenkins.plugins.analysis.core.model has been deprecated
[WARNING] /home/gabsko/breaking-updates/plugin/src/test/java/io/jenkins/plugins/analysis/core/model/SourcePrinterTest.java:[79,40] [deprecation] SourcePrinter in io.jenkins.plugins.analysis.core.model has been deprecated
[WARNING] /home/gabsko/breaking-updates/plugin/src/test/java/io/jenkins/plugins/analysis/core/model/SourcePrinterTest.java:[98,12] [deprecation] SourcePrinter in io.jenkins.plugins.analysis.core.model has been deprecated
[WARNING] /home/gabsko/breaking-updates/plugin/src/test/java/io/jenkins/plugins/analysis/core/model/SourcePrinterTest.java:[98,40] [deprecation] SourcePrinter in io.jenkins.plugins.analysis.core.model has been deprecated
[INFO] 
[INFO] --- maven-hpi-plugin:3.32:test-hpl (default-test-hpl) @ warnings-ng ---
[INFO] Generating /home/gabsko/breaking-updates/plugin/target/test-classes/the.hpl
[WARNING] Error resolving project artifact: org.connectbot.jbcrypt:jbcrypt:pom:1.0.0 was not found in https://repo.jenkins-ci.org/releases/ during a previous attempt. This failure was cached in the local repository and resolution is not reattempted until the update interval of maven.jenkins-ci.org has elapsed or updates are forced for project org.connectbot.jbcrypt:jbcrypt:jar:1.0.0
[INFO] 
[INFO] --- maven-hpi-plugin:3.32:resolve-test-dependencies (default-resolve-test-dependencies) @ warnings-ng ---
[INFO] Downloading from maven.jenkins-ci.org: https://repo.jenkins-ci.org/releases/io/jenkins/plugins/mina-sshd-api/mina-sshd-api-common/2.8.0-36.v8e25ce90d4b_1/mina-sshd-api-common-2.8.0-36.v8e25ce90d4b_1.hpi
[INFO] Downloaded from maven.jenkins-ci.org: https://repo.jenkins-ci.org/releases/io/jenkins/plugins/mina-sshd-api/mina-sshd-api-common/2.8.0-36.v8e25ce90d4b_1/mina-sshd-api-common-2.8.0-36.v8e25ce90d4b_1.hpi (857 kB at 233 kB/s)
[INFO] Downloading from maven.jenkins-ci.org: https://repo.jenkins-ci.org/releases/io/jenkins/plugins/mina-sshd-api/mina-sshd-api-core/2.8.0-36.v8e25ce90d4b_1/mina-sshd-api-core-2.8.0-36.v8e25ce90d4b_1.hpi
[INFO] Downloaded from maven.jenkins-ci.org: https://repo.jenkins-ci.org/releases/io/jenkins/plugins/mina-sshd-api/mina-sshd-api-core/2.8.0-36.v8e25ce90d4b_1/mina-sshd-api-core-2.8.0-36.v8e25ce90d4b_1.hpi (852 kB at 551 kB/s)
[INFO] Downloading from maven.jenkins-ci.org: https://repo.jenkins-ci.org/releases/io/jenkins/plugins/analysis-model-api/10.16.0/analysis-model-api-10.16.0.hpi
[INFO] Downloaded from maven.jenkins-ci.org: https://repo.jenkins-ci.org/releases/io/jenkins/plugins/analysis-model-api/10.16.0/analysis-model-api-10.16.0.hpi (18 MB at 3.1 MB/s)
[INFO] Downloading from maven.jenkins-ci.org: https://repo.jenkins-ci.org/releases/io/jenkins/plugins/autograding/3.3.1/autograding-3.3.1.hpi
[INFO] Downloaded from maven.jenkins-ci.org: https://repo.jenkins-ci.org/releases/io/jenkins/plugins/autograding/3.3.1/autograding-3.3.1.hpi (0 B at 0 B/s)
[INFO] Downloading from maven.jenkins-ci.org: https://repo.jenkins-ci.org/releases/io/jenkins/plugins/bootstrap4-api/4.6.0-5/bootstrap4-api-4.6.0-5.hpi
[INFO] Downloaded from maven.jenkins-ci.org: https://repo.jenkins-ci.org/releases/io/jenkins/plugins/bootstrap4-api/4.6.0-5/bootstrap4-api-4.6.0-5.hpi (0 B at 0 B/s)
[INFO] Downloading from maven.jenkins-ci.org: https://repo.jenkins-ci.org/releases/io/jenkins/plugins/bootstrap5-api/5.1.3-7/bootstrap5-api-5.1.3-7.hpi
[INFO] Downloaded from maven.jenkins-ci.org: https://repo.jenkins-ci.org/releases/io/jenkins/plugins/bootstrap5-api/5.1.3-7/bootstrap5-api-5.1.3-7.hpi (482 kB at 1.1 MB/s)
[INFO] Downloading from maven.jenkins-ci.org: https://repo.jenkins-ci.org/releases/io/jenkins/plugins/caffeine-api/2.9.3-65.v6a_47d0f4d1fe/caffeine-api-2.9.3-65.v6a_47d0f4d1fe.hpi
[INFO] Downloaded from maven.jenkins-ci.org: https://repo.jenkins-ci.org/releases/io/jenkins/plugins/caffeine-api/2.9.3-65.v6a_47d0f4d1fe/caffeine-api-2.9.3-65.v6a_47d0f4d1fe.hpi (0 B at 0 B/s)
[INFO] Downloading from maven.jenkins-ci.org: https://repo.jenkins-ci.org/releases/io/jenkins/plugins/checks-api/1.7.4/checks-api-1.7.4.hpi
[INFO] Downloaded from maven.jenkins-ci.org: https://repo.jenkins-ci.org/releases/io/jenkins/plugins/checks-api/1.7.4/checks-api-1.7.4.hpi (0 B at 0 B/s)
[INFO] Downloading from maven.jenkins-ci.org: https://repo.jenkins-ci.org/releases/io/jenkins/plugins/code-coverage-api/1.2.0/code-coverage-api-1.2.0.hpi
[INFO] Downloaded from maven.jenkins-ci.org: https://repo.jenkins-ci.org/releases/io/jenkins/plugins/code-coverage-api/1.2.0/code-coverage-api-1.2.0.hpi (0 B at 0 B/s)
[INFO] Downloading from maven.jenkins-ci.org: https://repo.jenkins-ci.org/releases/io/jenkins/plugins/data-tables-api/1.12.1-2/data-tables-api-1.12.1-2.hpi
[INFO] Downloaded from maven.jenkins-ci.org: https://repo.jenkins-ci.org/releases/io/jenkins/plugins/data-tables-api/1.12.1-2/data-tables-api-1.12.1-2.hpi (416 kB at 847 kB/s)
[INFO] Downloading from maven.jenkins-ci.org: https://repo.jenkins-ci.org/releases/io/jenkins/plugins/echarts-api/5.3.3-1/echarts-api-5.3.3-1.hpi
[INFO] Downloaded from maven.jenkins-ci.org: https://repo.jenkins-ci.org/releases/io/jenkins/plugins/echarts-api/5.3.3-1/echarts-api-5.3.3-1.hpi (17 MB at 8.8 MB/s)
[INFO] Downloading from maven.jenkins-ci.org: https://repo.jenkins-ci.org/releases/io/jenkins/plugins/font-awesome-api/6.1.1-1/font-awesome-api-6.1.1-1.hpi
[INFO] Downloaded from maven.jenkins-ci.org: https://repo.jenkins-ci.org/releases/io/jenkins/plugins/font-awesome-api/6.1.1-1/font-awesome-api-6.1.1-1.hpi (611 kB at 1.3 MB/s)
[INFO] Downloading from maven.jenkins-ci.org: https://repo.jenkins-ci.org/releases/io/jenkins/plugins/forensics-api/1.15.1/forensics-api-1.15.1.hpi
[INFO] Downloaded from maven.jenkins-ci.org: https://repo.jenkins-ci.org/releases/io/jenkins/plugins/forensics-api/1.15.1/forensics-api-1.15.1.hpi (116 kB at 195 kB/s)
[INFO] Downloading from maven.jenkins-ci.org: https://repo.jenkins-ci.org/releases/io/jenkins/plugins/git-forensics/1.9.0/git-forensics-1.9.0.hpi
[INFO] Downloaded from maven.jenkins-ci.org: https://repo.jenkins-ci.org/releases/io/jenkins/plugins/git-forensics/1.9.0/git-forensics-1.9.0.hpi (10 MB at 7.1 MB/s)
[INFO] Downloading from maven.jenkins-ci.org: https://repo.jenkins-ci.org/releases/io/jenkins/plugins/javax-activation-api/1.2.0-3/javax-activation-api-1.2.0-3.hpi
[INFO] Downloaded from maven.jenkins-ci.org: https://repo.jenkins-ci.org/releases/io/jenkins/plugins/javax-activation-api/1.2.0-3/javax-activation-api-1.2.0-3.hpi (0 B at 0 B/s)
[INFO] Downloading from maven.jenkins-ci.org: https://repo.jenkins-ci.org/releases/io/jenkins/plugins/javax-mail-api/1.6.2-6/javax-mail-api-1.6.2-6.hpi
[INFO] Downloaded from maven.jenkins-ci.org: https://repo.jenkins-ci.org/releases/io/jenkins/plugins/javax-mail-api/1.6.2-6/javax-mail-api-1.6.2-6.hpi (633 kB at 1.3 MB/s)
[INFO] Downloading from maven.jenkins-ci.org: https://repo.jenkins-ci.org/releases/io/jenkins/plugins/jaxb/2.3.6-1/jaxb-2.3.6-1.hpi
[INFO] Downloaded from maven.jenkins-ci.org: https://repo.jenkins-ci.org/releases/io/jenkins/plugins/jaxb/2.3.6-1/jaxb-2.3.6-1.hpi (0 B at 0 B/s)
[INFO] Downloading from maven.jenkins-ci.org: https://repo.jenkins-ci.org/releases/io/jenkins/plugins/jquery3-api/3.6.0-4/jquery3-api-3.6.0-4.hpi
[INFO] Downloaded from maven.jenkins-ci.org: https://repo.jenkins-ci.org/releases/io/jenkins/plugins/jquery3-api/3.6.0-4/jquery3-api-3.6.0-4.hpi (317 kB at 734 kB/s)
[INFO] Downloading from maven.jenkins-ci.org: https://repo.jenkins-ci.org/releases/io/jenkins/plugins/metrics-aggregation/0.2.0/metrics-aggregation-0.2.0.hpi
[INFO] Downloaded from maven.jenkins-ci.org: https://repo.jenkins-ci.org/releases/io/jenkins/plugins/metrics-aggregation/0.2.0/metrics-aggregation-0.2.0.hpi (0 B at 0 B/s)
[INFO] Downloading from maven.jenkins-ci.org: https://repo.jenkins-ci.org/releases/io/jenkins/plugins/muuri-api/0.9.5-1/muuri-api-0.9.5-1.hpi
[INFO] Downloaded from maven.jenkins-ci.org: https://repo.jenkins-ci.org/releases/io/jenkins/plugins/muuri-api/0.9.5-1/muuri-api-0.9.5-1.hpi (0 B at 0 B/s)
[INFO] Downloading from maven.jenkins-ci.org: https://repo.jenkins-ci.org/releases/io/jenkins/plugins/pipeline-groovy-lib/612.v84da_9c54906d/pipeline-groovy-lib-612.v84da_9c54906d.hpi
[INFO] Downloaded from maven.jenkins-ci.org: https://repo.jenkins-ci.org/releases/io/jenkins/plugins/pipeline-groovy-lib/612.v84da_9c54906d/pipeline-groovy-lib-612.v84da_9c54906d.hpi (1.4 MB at 1.0 MB/s)
[INFO] Downloading from maven.jenkins-ci.org: https://repo.jenkins-ci.org/releases/io/jenkins/plugins/plugin-util-api/2.16.0/plugin-util-api-2.16.0.hpi
[INFO] Downloaded from maven.jenkins-ci.org: https://repo.jenkins-ci.org/releases/io/jenkins/plugins/plugin-util-api/2.16.0/plugin-util-api-2.16.0.hpi (0 B at 0 B/s)
[INFO] Downloading from maven.jenkins-ci.org: https://repo.jenkins-ci.org/releases/io/jenkins/plugins/popper-api/1.16.1-3/popper-api-1.16.1-3.hpi
[INFO] Downloaded from maven.jenkins-ci.org: https://repo.jenkins-ci.org/releases/io/jenkins/plugins/popper-api/1.16.1-3/popper-api-1.16.1-3.hpi (0 B at 0 B/s)
[INFO] Downloading from maven.jenkins-ci.org: https://repo.jenkins-ci.org/releases/io/jenkins/plugins/popper2-api/2.11.5-2/popper2-api-2.11.5-2.hpi
[INFO] Downloaded from maven.jenkins-ci.org: https://repo.jenkins-ci.org/releases/io/jenkins/plugins/popper2-api/2.11.5-2/popper2-api-2.11.5-2.hpi (235 kB at 510 kB/s)
[INFO] Downloading from maven.jenkins-ci.org: https://repo.jenkins-ci.org/releases/io/jenkins/plugins/prism-api/1.28.0-2/prism-api-1.28.0-2.hpi
[INFO] Downloaded from maven.jenkins-ci.org: https://repo.jenkins-ci.org/releases/io/jenkins/plugins/prism-api/1.28.0-2/prism-api-1.28.0-2.hpi (815 kB at 1.7 MB/s)
[INFO] Downloading from maven.jenkins-ci.org: https://repo.jenkins-ci.org/releases/io/jenkins/plugins/pull-request-monitoring/1.7.8/pull-request-monitoring-1.7.8.hpi
[INFO] Downloaded from maven.jenkins-ci.org: https://repo.jenkins-ci.org/releases/io/jenkins/plugins/pull-request-monitoring/1.7.8/pull-request-monitoring-1.7.8.hpi (0 B at 0 B/s)
[INFO] Downloading from maven.jenkins-ci.org: https://repo.jenkins-ci.org/releases/io/jenkins/plugins/select2-api/4.0.13-6/select2-api-4.0.13-6.hpi
[INFO] Downloaded from maven.jenkins-ci.org: https://repo.jenkins-ci.org/releases/io/jenkins/plugins/select2-api/4.0.13-6/select2-api-4.0.13-6.hpi (0 B at 0 B/s)
[INFO] Downloading from maven.jenkins-ci.org: https://repo.jenkins-ci.org/releases/io/jenkins/plugins/snakeyaml-api/1.30.2-76.vc104f7ce9870/snakeyaml-api-1.30.2-76.vc104f7ce9870.hpi
[INFO] Downloaded from maven.jenkins-ci.org: https://repo.jenkins-ci.org/releases/io/jenkins/plugins/snakeyaml-api/1.30.2-76.vc104f7ce9870/snakeyaml-api-1.30.2-76.vc104f7ce9870.hpi (0 B at 0 B/s)
[INFO] Downloading from maven.jenkins-ci.org: https://repo.jenkins-ci.org/releases/io/jenkins/configuration-as-code/1512.vb_79d418d5fc8/configuration-as-code-1512.vb_79d418d5fc8.hpi
[INFO] Downloaded from maven.jenkins-ci.org: https://repo.jenkins-ci.org/releases/io/jenkins/configuration-as-code/1512.vb_79d418d5fc8/configuration-as-code-1512.vb_79d418d5fc8.hpi (2.4 MB at 3.3 MB/s)
[WARNING] Error resolving project artifact: org.connectbot.jbcrypt:jbcrypt:pom:1.0.0 was not found in https://repo.jenkins-ci.org/releases/ during a previous attempt. This failure was cached in the local repository and resolution is not reattempted until the update interval of maven.jenkins-ci.org has elapsed or updates are forced for project org.connectbot.jbcrypt:jbcrypt:jar:1.0.0
[INFO] Downloading from maven.jenkins-ci.org: https://repo.jenkins-ci.org/releases/org/jenkins-ci/main/maven-plugin/3.16/maven-plugin-3.16.hpi
[INFO] Downloaded from maven.jenkins-ci.org: https://repo.jenkins-ci.org/releases/org/jenkins-ci/main/maven-plugin/3.16/maven-plugin-3.16.hpi (0 B at 0 B/s)
[INFO] Downloading from maven.jenkins-ci.org: https://repo.jenkins-ci.org/releases/org/jenkins-ci/modules/sshd/3.242.va_db_9da_b_26a_c3/sshd-3.242.va_db_9da_b_26a_c3.hpi
[INFO] Downloaded from maven.jenkins-ci.org: https://repo.jenkins-ci.org/releases/org/jenkins-ci/modules/sshd/3.242.va_db_9da_b_26a_c3/sshd-3.242.va_db_9da_b_26a_c3.hpi (92 kB at 247 kB/s)
[INFO] Downloading from maven.jenkins-ci.org: https://repo.jenkins-ci.org/releases/org/jenkins-ci/plugins/workflow/workflow-api/1153.vb_912c0e47fb_a_/workflow-api-1153.vb_912c0e47fb_a_.hpi
[INFO] Downloaded from maven.jenkins-ci.org: https://repo.jenkins-ci.org/releases/org/jenkins-ci/plugins/workflow/workflow-api/1153.vb_912c0e47fb_a_/workflow-api-1153.vb_912c0e47fb_a_.hpi (0 B at 0 B/s)
[INFO] Downloading from maven.jenkins-ci.org: https://repo.jenkins-ci.org/releases/org/jenkins-ci/plugins/workflow/workflow-basic-steps/2.24/workflow-basic-steps-2.24.hpi
[INFO] Downloaded from maven.jenkins-ci.org: https://repo.jenkins-ci.org/releases/org/jenkins-ci/plugins/workflow/workflow-basic-steps/2.24/workflow-basic-steps-2.24.hpi (0 B at 0 B/s)
[INFO] Downloading from maven.jenkins-ci.org: https://repo.jenkins-ci.org/releases/org/jenkins-ci/plugins/workflow/workflow-cps-global-lib/588.v576c103a_ff86/workflow-cps-global-lib-588.v576c103a_ff86.hpi
[INFO] Downloaded from maven.jenkins-ci.org: https://repo.jenkins-ci.org/releases/org/jenkins-ci/plugins/workflow/workflow-cps-global-lib/588.v576c103a_ff86/workflow-cps-global-lib-588.v576c103a_ff86.hpi (1.3 MB at 2.2 MB/s)
[INFO] Downloading from maven.jenkins-ci.org: https://repo.jenkins-ci.org/releases/org/jenkins-ci/plugins/workflow/workflow-cps/2660.2664.v4c114e93f4c1/workflow-cps-2660.2664.v4c114e93f4c1.hpi
[INFO] Downloaded from maven.jenkins-ci.org: https://repo.jenkins-ci.org/releases/org/jenkins-ci/plugins/workflow/workflow-cps/2660.2664.v4c114e93f4c1/workflow-cps-2660.2664.v4c114e93f4c1.hpi (639 kB at 1.3 MB/s)
[INFO] Downloading from maven.jenkins-ci.org: https://repo.jenkins-ci.org/releases/org/jenkins-ci/plugins/workflow/workflow-durable-task-step/1139.v252a_e12e8463/workflow-durable-task-step-1139.v252a_e12e8463.hpi
[INFO] Downloaded from maven.jenkins-ci.org: https://repo.jenkins-ci.org/releases/org/jenkins-ci/plugins/workflow/workflow-durable-task-step/1139.v252a_e12e8463/workflow-durable-task-step-1139.v252a_e12e8463.hpi (102 kB at 395 kB/s)
[INFO] Downloading from maven.jenkins-ci.org: https://repo.jenkins-ci.org/releases/org/jenkins-ci/plugins/workflow/workflow-job/1145.v7f2433caa07f/workflow-job-1145.v7f2433caa07f.hpi
[INFO] Downloaded from maven.jenkins-ci.org: https://repo.jenkins-ci.org/releases/org/jenkins-ci/plugins/workflow/workflow-job/1145.v7f2433caa07f/workflow-job-1145.v7f2433caa07f.hpi (0 B at 0 B/s)
[INFO] Downloading from maven.jenkins-ci.org: https://repo.jenkins-ci.org/releases/org/jenkins-ci/plugins/workflow/workflow-multibranch/716.vc692a_e52371b_/workflow-multibranch-716.vc692a_e52371b_.hpi
[INFO] Downloaded from maven.jenkins-ci.org: https://repo.jenkins-ci.org/releases/org/jenkins-ci/plugins/workflow/workflow-multibranch/716.vc692a_e52371b_/workflow-multibranch-716.vc692a_e52371b_.hpi (89 kB at 346 kB/s)
[INFO] Downloading from maven.jenkins-ci.org: https://repo.jenkins-ci.org/releases/org/jenkins-ci/plugins/workflow/workflow-scm-step/400.v6b_89a_1317c9a_/workflow-scm-step-400.v6b_89a_1317c9a_.hpi
[INFO] Downloaded from maven.jenkins-ci.org: https://repo.jenkins-ci.org/releases/org/jenkins-ci/plugins/workflow/workflow-scm-step/400.v6b_89a_1317c9a_/workflow-scm-step-400.v6b_89a_1317c9a_.hpi (0 B at 0 B/s)
[INFO] Downloading from maven.jenkins-ci.org: https://repo.jenkins-ci.org/releases/org/jenkins-ci/plugins/workflow/workflow-step-api/639.v6eca_cd8c04a_a_/workflow-step-api-639.v6eca_cd8c04a_a_.hpi
[INFO] Downloaded from maven.jenkins-ci.org: https://repo.jenkins-ci.org/releases/org/jenkins-ci/plugins/workflow/workflow-step-api/639.v6eca_cd8c04a_a_/workflow-step-api-639.v6eca_cd8c04a_a_.hpi (77 kB at 306 kB/s)
[INFO] Downloading from maven.jenkins-ci.org: https://repo.jenkins-ci.org/releases/org/jenkins-ci/plugins/workflow/workflow-support/813.vb_d7c3d2984a_0/workflow-support-813.vb_d7c3d2984a_0.hpi
[INFO] Downloaded from maven.jenkins-ci.org: https://repo.jenkins-ci.org/releases/org/jenkins-ci/plugins/workflow/workflow-support/813.vb_d7c3d2984a_0/workflow-support-813.vb_d7c3d2984a_0.hpi (0 B at 0 B/s)
[INFO] Downloading from maven.jenkins-ci.org: https://repo.jenkins-ci.org/releases/org/jenkins-ci/plugins/ansicolor/1.0.2/ansicolor-1.0.2.hpi
[INFO] Downloaded from maven.jenkins-ci.org: https://repo.jenkins-ci.org/releases/org/jenkins-ci/plugins/ansicolor/1.0.2/ansicolor-1.0.2.hpi (68 kB at 232 kB/s)
[INFO] Downloading from maven.jenkins-ci.org: https://repo.jenkins-ci.org/releases/org/jenkins-ci/plugins/ant/475.vf34069fef73c/ant-475.vf34069fef73c.hpi
[INFO] Downloaded from maven.jenkins-ci.org: https://repo.jenkins-ci.org/releases/org/jenkins-ci/plugins/ant/475.vf34069fef73c/ant-475.vf34069fef73c.hpi (85 kB at 216 kB/s)
[INFO] Downloading from maven.jenkins-ci.org: https://repo.jenkins-ci.org/releases/org/jenkins-ci/plugins/antisamy-markup-formatter/2.7/antisamy-markup-formatter-2.7.hpi
[INFO] Downloaded from maven.jenkins-ci.org: https://repo.jenkins-ci.org/releases/org/jenkins-ci/plugins/antisamy-markup-formatter/2.7/antisamy-markup-formatter-2.7.hpi (0 B at 0 B/s)
[INFO] Downloading from maven.jenkins-ci.org: https://repo.jenkins-ci.org/releases/org/jenkins-ci/plugins/apache-httpcomponents-client-4-api/4.5.13-138.v4e7d9a_7b_a_e61/apache-httpcomponents-client-4-api-4.5.13-138.v4e7d9a_7b_a_e61.hpi
[INFO] Downloaded from maven.jenkins-ci.org: https://repo.jenkins-ci.org/releases/org/jenkins-ci/plugins/apache-httpcomponents-client-4-api/4.5.13-138.v4e7d9a_7b_a_e61/apache-httpcomponents-client-4-api-4.5.13-138.v4e7d9a_7b_a_e61.hpi (1.8 MB at 3.2 MB/s)
[INFO] Downloading from maven.jenkins-ci.org: https://repo.jenkins-ci.org/releases/org/jenkins-ci/plugins/branch-api/2.1046.v0ca_37783ecc5/branch-api-2.1046.v0ca_37783ecc5.hpi
[INFO] Downloaded from maven.jenkins-ci.org: https://repo.jenkins-ci.org/releases/org/jenkins-ci/plugins/branch-api/2.1046.v0ca_37783ecc5/branch-api-2.1046.v0ca_37783ecc5.hpi (314 kB at 716 kB/s)
[INFO] Downloading from maven.jenkins-ci.org: https://repo.jenkins-ci.org/releases/org/jenkins-ci/plugins/cloudbees-folder/6.740.ve4f4ffa_dea_54/cloudbees-folder-6.740.ve4f4ffa_dea_54.hpi
[INFO] Downloaded from maven.jenkins-ci.org: https://repo.jenkins-ci.org/releases/org/jenkins-ci/plugins/cloudbees-folder/6.740.ve4f4ffa_dea_54/cloudbees-folder-6.740.ve4f4ffa_dea_54.hpi (243 kB at 492 kB/s)
[INFO] Downloading from maven.jenkins-ci.org: https://repo.jenkins-ci.org/releases/org/jenkins-ci/plugins/credentials-binding/523.vd859a_4b_122e6/credentials-binding-523.vd859a_4b_122e6.hpi
[INFO] Downloaded from maven.jenkins-ci.org: https://repo.jenkins-ci.org/releases/org/jenkins-ci/plugins/credentials-binding/523.vd859a_4b_122e6/credentials-binding-523.vd859a_4b_122e6.hpi (86 kB at 341 kB/s)
[INFO] Downloading from maven.jenkins-ci.org: https://repo.jenkins-ci.org/releases/org/jenkins-ci/plugins/credentials/1087.1089.v2f1b_9a_b_040e4/credentials-1087.1089.v2f1b_9a_b_040e4.hpi
[INFO] Downloaded from maven.jenkins-ci.org: https://repo.jenkins-ci.org/releases/org/jenkins-ci/plugins/credentials/1087.1089.v2f1b_9a_b_040e4/credentials-1087.1089.v2f1b_9a_b_040e4.hpi (1.3 MB at 2.5 MB/s)
[INFO] Downloading from maven.jenkins-ci.org: https://repo.jenkins-ci.org/releases/org/jenkins-ci/plugins/dashboard-view/2.447.vda_124dd35f11/dashboard-view-2.447.vda_124dd35f11.hpi
[INFO] Downloaded from maven.jenkins-ci.org: https://repo.jenkins-ci.org/releases/org/jenkins-ci/plugins/dashboard-view/2.447.vda_124dd35f11/dashboard-view-2.447.vda_124dd35f11.hpi (121 kB at 342 kB/s)
[INFO] Downloading from maven.jenkins-ci.org: https://repo.jenkins-ci.org/releases/org/jenkins-ci/plugins/display-url-api/2.3.5/display-url-api-2.3.5.hpi
[INFO] Downloaded from maven.jenkins-ci.org: https://repo.jenkins-ci.org/releases/org/jenkins-ci/plugins/display-url-api/2.3.5/display-url-api-2.3.5.hpi (0 B at 0 B/s)
[INFO] Downloading from maven.jenkins-ci.org: https://repo.jenkins-ci.org/releases/org/jenkins-ci/plugins/durable-task/496.va67c6f9eefa7/durable-task-496.va67c6f9eefa7.hpi
[INFO] Downloaded from maven.jenkins-ci.org: https://repo.jenkins-ci.org/releases/org/jenkins-ci/plugins/durable-task/496.va67c6f9eefa7/durable-task-496.va67c6f9eefa7.hpi (8.9 MB at 6.2 MB/s)
[INFO] Downloading from maven.jenkins-ci.org: https://repo.jenkins-ci.org/releases/org/jenkins-ci/plugins/flexible-publish/0.15.2/flexible-publish-0.15.2.hpi
[INFO] Downloaded from maven.jenkins-ci.org: https://repo.jenkins-ci.org/releases/org/jenkins-ci/plugins/flexible-publish/0.15.2/flexible-publish-0.15.2.hpi (0 B at 0 B/s)
[INFO] Downloading from maven.jenkins-ci.org: https://repo.jenkins-ci.org/releases/org/jenkins-ci/plugins/form-element-path/1.11/form-element-path-1.11.hpi
[INFO] Downloaded from maven.jenkins-ci.org: https://repo.jenkins-ci.org/releases/org/jenkins-ci/plugins/form-element-path/1.11/form-element-path-1.11.hpi (0 B at 0 B/s)
[INFO] Downloading from maven.jenkins-ci.org: https://repo.jenkins-ci.org/releases/org/jenkins-ci/plugins/git-client/3.11.0/git-client-3.11.0.hpi
[INFO] Downloaded from maven.jenkins-ci.org: https://repo.jenkins-ci.org/releases/org/jenkins-ci/plugins/git-client/3.11.0/git-client-3.11.0.hpi (3.4 MB at 4.6 MB/s)
[INFO] Downloading from maven.jenkins-ci.org: https://repo.jenkins-ci.org/releases/org/jenkins-ci/plugins/git-server/1.11/git-server-1.11.hpi
[INFO] Downloaded from maven.jenkins-ci.org: https://repo.jenkins-ci.org/releases/org/jenkins-ci/plugins/git-server/1.11/git-server-1.11.hpi (31 kB at 113 kB/s)
[INFO] Downloading from maven.jenkins-ci.org: https://repo.jenkins-ci.org/releases/org/jenkins-ci/plugins/git/4.11.4/git-4.11.4.hpi
[INFO] Downloaded from maven.jenkins-ci.org: https://repo.jenkins-ci.org/releases/org/jenkins-ci/plugins/git/4.11.4/git-4.11.4.hpi (588 kB at 1.3 MB/s)
[INFO] Downloading from maven.jenkins-ci.org: https://repo.jenkins-ci.org/releases/org/jenkins-ci/plugins/gradle/1.24/gradle-1.24.hpi
[INFO] Downloaded from maven.jenkins-ci.org: https://repo.jenkins-ci.org/releases/org/jenkins-ci/plugins/gradle/1.24/gradle-1.24.hpi (0 B at 0 B/s)
[INFO] Downloading from maven.jenkins-ci.org: https://repo.jenkins-ci.org/releases/org/jenkins-ci/plugins/jackson2-api/2.13.3-285.vc03c0256d517/jackson2-api-2.13.3-285.vc03c0256d517.hpi
[INFO] Downloaded from maven.jenkins-ci.org: https://repo.jenkins-ci.org/releases/org/jenkins-ci/plugins/jackson2-api/2.13.3-285.vc03c0256d517/jackson2-api-2.13.3-285.vc03c0256d517.hpi (0 B at 0 B/s)
[INFO] Downloading from maven.jenkins-ci.org: https://repo.jenkins-ci.org/releases/org/jenkins-ci/plugins/javadoc/1.6/javadoc-1.6.hpi
[INFO] Downloaded from maven.jenkins-ci.org: https://repo.jenkins-ci.org/releases/org/jenkins-ci/plugins/javadoc/1.6/javadoc-1.6.hpi (0 B at 0 B/s)
[INFO] Downloading from maven.jenkins-ci.org: https://repo.jenkins-ci.org/releases/org/jenkins-ci/plugins/jdk-tool/55.v1b_32b_6ca_f9ca/jdk-tool-55.v1b_32b_6ca_f9ca.hpi
[INFO] Downloaded from maven.jenkins-ci.org: https://repo.jenkins-ci.org/releases/org/jenkins-ci/plugins/jdk-tool/55.v1b_32b_6ca_f9ca/jdk-tool-55.v1b_32b_6ca_f9ca.hpi (71 kB at 225 kB/s)
[INFO] Downloading from maven.jenkins-ci.org: https://repo.jenkins-ci.org/releases/org/jenkins-ci/plugins/job-dsl/1.81/job-dsl-1.81.hpi
[INFO] Downloaded from maven.jenkins-ci.org: https://repo.jenkins-ci.org/releases/org/jenkins-ci/plugins/job-dsl/1.81/job-dsl-1.81.hpi (9.6 MB at 6.7 MB/s)
[INFO] Downloading from maven.jenkins-ci.org: https://repo.jenkins-ci.org/releases/org/jenkins-ci/plugins/jsch/0.1.55.61.va_e9ee26616e7/jsch-0.1.55.61.va_e9ee26616e7.hpi
[INFO] Downloaded from maven.jenkins-ci.org: https://repo.jenkins-ci.org/releases/org/jenkins-ci/plugins/jsch/0.1.55.61.va_e9ee26616e7/jsch-0.1.55.61.va_e9ee26616e7.hpi (280 kB at 626 kB/s)
[INFO] Downloading from maven.jenkins-ci.org: https://repo.jenkins-ci.org/releases/org/jenkins-ci/plugins/junit/1.54.2/junit-1.54.2.hpi
[INFO] Downloaded from maven.jenkins-ci.org: https://repo.jenkins-ci.org/releases/org/jenkins-ci/plugins/junit/1.54.2/junit-1.54.2.hpi (393 kB at 429 kB/s)
[INFO] Downloading from maven.jenkins-ci.org: https://repo.jenkins-ci.org/releases/org/jenkins-ci/plugins/mailer/414.vcc4c33714601/mailer-414.vcc4c33714601.hpi
[INFO] Downloaded from maven.jenkins-ci.org: https://repo.jenkins-ci.org/releases/org/jenkins-ci/plugins/mailer/414.vcc4c33714601/mailer-414.vcc4c33714601.hpi (135 kB at 224 kB/s)
[INFO] Downloading from maven.jenkins-ci.org: https://repo.jenkins-ci.org/releases/org/jenkins-ci/plugins/matrix-project/772.v494f19991984/matrix-project-772.v494f19991984.hpi
[INFO] Downloaded from maven.jenkins-ci.org: https://repo.jenkins-ci.org/releases/org/jenkins-ci/plugins/matrix-project/772.v494f19991984/matrix-project-772.v494f19991984.hpi (0 B at 0 B/s)
[INFO] Downloading from maven.jenkins-ci.org: https://repo.jenkins-ci.org/releases/org/jenkins-ci/plugins/pipeline-input-step/449.v77f0e8b_845c4/pipeline-input-step-449.v77f0e8b_845c4.hpi
[INFO] Downloaded from maven.jenkins-ci.org: https://repo.jenkins-ci.org/releases/org/jenkins-ci/plugins/pipeline-input-step/449.v77f0e8b_845c4/pipeline-input-step-449.v77f0e8b_845c4.hpi (36 kB at 141 kB/s)
[INFO] Downloading from maven.jenkins-ci.org: https://repo.jenkins-ci.org/releases/org/jenkins-ci/plugins/pipeline-stage-step/293.v200037eefcd5/pipeline-stage-step-293.v200037eefcd5.hpi
[INFO] Downloaded from maven.jenkins-ci.org: https://repo.jenkins-ci.org/releases/org/jenkins-ci/plugins/pipeline-stage-step/293.v200037eefcd5/pipeline-stage-step-293.v200037eefcd5.hpi (0 B at 0 B/s)
[INFO] Downloading from maven.jenkins-ci.org: https://repo.jenkins-ci.org/releases/org/jenkins-ci/plugins/pitmutation/1.0-18/pitmutation-1.0-18.hpi
[INFO] Downloaded from maven.jenkins-ci.org: https://repo.jenkins-ci.org/releases/org/jenkins-ci/plugins/pitmutation/1.0-18/pitmutation-1.0-18.hpi (0 B at 0 B/s)
[INFO] Downloading from maven.jenkins-ci.org: https://repo.jenkins-ci.org/releases/org/jenkins-ci/plugins/plain-credentials/139.ved2b_9cf7587b/plain-credentials-139.ved2b_9cf7587b.hpi
[INFO] Downloaded from maven.jenkins-ci.org: https://repo.jenkins-ci.org/releases/org/jenkins-ci/plugins/plain-credentials/139.ved2b_9cf7587b/plain-credentials-139.ved2b_9cf7587b.hpi (18 kB at 72 kB/s)
[INFO] Downloading from maven.jenkins-ci.org: https://repo.jenkins-ci.org/releases/org/jenkins-ci/plugins/run-condition/0.7/run-condition-0.7.hpi
[INFO] Downloaded from maven.jenkins-ci.org: https://repo.jenkins-ci.org/releases/org/jenkins-ci/plugins/run-condition/0.7/run-condition-0.7.hpi (0 B at 0 B/s)
[INFO] Downloading from maven.jenkins-ci.org: https://repo.jenkins-ci.org/releases/org/jenkins-ci/plugins/scm-api/620.v0a_5b_1f8054c0/scm-api-620.v0a_5b_1f8054c0.hpi
[INFO] Downloaded from maven.jenkins-ci.org: https://repo.jenkins-ci.org/releases/org/jenkins-ci/plugins/scm-api/620.v0a_5b_1f8054c0/scm-api-620.v0a_5b_1f8054c0.hpi (228 kB at 513 kB/s)
[INFO] Downloading from maven.jenkins-ci.org: https://repo.jenkins-ci.org/releases/org/jenkins-ci/plugins/script-security/1138.v8e727069a_025/script-security-1138.v8e727069a_025.hpi
[INFO] Downloaded from maven.jenkins-ci.org: https://repo.jenkins-ci.org/releases/org/jenkins-ci/plugins/script-security/1138.v8e727069a_025/script-security-1138.v8e727069a_025.hpi (0 B at 0 B/s)
[INFO] Downloading from maven.jenkins-ci.org: https://repo.jenkins-ci.org/releases/org/jenkins-ci/plugins/ssh-credentials/277.280.v1e86b_7d0056b_/ssh-credentials-277.280.v1e86b_7d0056b_.hpi
[INFO] Downloaded from maven.jenkins-ci.org: https://repo.jenkins-ci.org/releases/org/jenkins-ci/plugins/ssh-credentials/277.280.v1e86b_7d0056b_/ssh-credentials-277.280.v1e86b_7d0056b_.hpi (61 kB at 197 kB/s)
[INFO] Downloading from maven.jenkins-ci.org: https://repo.jenkins-ci.org/releases/org/jenkins-ci/plugins/ssh-slaves/1.821.vd834f8a_c390e/ssh-slaves-1.821.vd834f8a_c390e.hpi
[INFO] Downloaded from maven.jenkins-ci.org: https://repo.jenkins-ci.org/releases/org/jenkins-ci/plugins/ssh-slaves/1.821.vd834f8a_c390e/ssh-slaves-1.821.vd834f8a_c390e.hpi (99 kB at 282 kB/s)
[INFO] Downloading from maven.jenkins-ci.org: https://repo.jenkins-ci.org/releases/org/jenkins-ci/plugins/structs/324.va_f5d6774f3a_d/structs-324.va_f5d6774f3a_d.hpi
[INFO] Downloaded from maven.jenkins-ci.org: https://repo.jenkins-ci.org/releases/org/jenkins-ci/plugins/structs/324.va_f5d6774f3a_d/structs-324.va_f5d6774f3a_d.hpi (43 kB at 169 kB/s)
[INFO] Downloading from maven.jenkins-ci.org: https://repo.jenkins-ci.org/releases/org/jenkins-ci/plugins/timestamper/1.18/timestamper-1.18.hpi
[INFO] Downloaded from maven.jenkins-ci.org: https://repo.jenkins-ci.org/releases/org/jenkins-ci/plugins/timestamper/1.18/timestamper-1.18.hpi (629 kB at 1.3 MB/s)
[INFO] Downloading from maven.jenkins-ci.org: https://repo.jenkins-ci.org/releases/org/jenkins-ci/plugins/token-macro/308.v4f2b_ed62b_b_16/token-macro-308.v4f2b_ed62b_b_16.hpi
[INFO] Downloaded from maven.jenkins-ci.org: https://repo.jenkins-ci.org/releases/org/jenkins-ci/plugins/token-macro/308.v4f2b_ed62b_b_16/token-macro-308.v4f2b_ed62b_b_16.hpi (469 kB at 979 kB/s)
[INFO] Downloading from maven.jenkins-ci.org: https://repo.jenkins-ci.org/releases/org/jenkins-ci/plugins/trilead-api/1.67.vc3938a_35172f/trilead-api-1.67.vc3938a_35172f.hpi
[INFO] Downloaded from maven.jenkins-ci.org: https://repo.jenkins-ci.org/releases/org/jenkins-ci/plugins/trilead-api/1.67.vc3938a_35172f/trilead-api-1.67.vc3938a_35172f.hpi (3.2 MB at 4.5 MB/s)
[INFO] Downloading from maven.jenkins-ci.org: https://repo.jenkins-ci.org/releases/org/jenkins-ci/plugins/variant/59.vf075fe829ccb/variant-59.vf075fe829ccb.hpi
[INFO] Downloaded from maven.jenkins-ci.org: https://repo.jenkins-ci.org/releases/org/jenkins-ci/plugins/variant/59.vf075fe829ccb/variant-59.vf075fe829ccb.hpi (10 kB at 41 kB/s)
[INFO] Downloading from maven.jenkins-ci.org: https://repo.jenkins-ci.org/releases/org/jenkins-ci/ui/ace-editor/1.1/ace-editor-1.1.hpi
[INFO] Downloaded from maven.jenkins-ci.org: https://repo.jenkins-ci.org/releases/org/jenkins-ci/ui/ace-editor/1.1/ace-editor-1.1.hpi (0 B at 0 B/s)
[INFO] Downloading from maven.jenkins-ci.org: https://repo.jenkins-ci.org/releases/org/jenkinsci/plugins/pipeline-model-api/1.9.3/pipeline-model-api-1.9.3.hpi
[INFO] Downloaded from maven.jenkins-ci.org: https://repo.jenkins-ci.org/releases/org/jenkinsci/plugins/pipeline-model-api/1.9.3/pipeline-model-api-1.9.3.hpi (2.4 MB at 3.5 MB/s)
[INFO] Downloading from maven.jenkins-ci.org: https://repo.jenkins-ci.org/releases/org/jenkinsci/plugins/pipeline-model-definition/1.9.3/pipeline-model-definition-1.9.3.hpi
[INFO] Downloaded from maven.jenkins-ci.org: https://repo.jenkins-ci.org/releases/org/jenkinsci/plugins/pipeline-model-definition/1.9.3/pipeline-model-definition-1.9.3.hpi (982 kB at 2.2 MB/s)
[INFO] Downloading from maven.jenkins-ci.org: https://repo.jenkins-ci.org/releases/org/jenkinsci/plugins/pipeline-model-extensions/1.9.3/pipeline-model-extensions-1.9.3.hpi
[INFO] Downloaded from maven.jenkins-ci.org: https://repo.jenkins-ci.org/releases/org/jenkinsci/plugins/pipeline-model-extensions/1.9.3/pipeline-model-extensions-1.9.3.hpi (44 kB at 172 kB/s)
[INFO] Downloading from maven.jenkins-ci.org: https://repo.jenkins-ci.org/releases/org/jenkinsci/plugins/pipeline-stage-tags-metadata/1.9.3/pipeline-stage-tags-metadata-1.9.3.hpi
[INFO] Downloaded from maven.jenkins-ci.org: https://repo.jenkins-ci.org/releases/org/jenkinsci/plugins/pipeline-stage-tags-metadata/1.9.3/pipeline-stage-tags-metadata-1.9.3.hpi (11 kB at 42 kB/s)
[INFO] 
[INFO] --- gmavenplus-plugin:1.13.1:compileTests (test-in-groovy) @ warnings-ng ---
[INFO] No sources specified for compilation. Skipping.
[INFO] 
[INFO] --- jacoco-maven-plugin:0.8.8:prepare-agent (default) @ warnings-ng ---
[INFO] argLine set to -javaagent:/home/gabsko/.m2/repository/org/jacoco/org.jacoco.agent/0.8.8/org.jacoco.agent-0.8.8-runtime.jar=destfile=/home/gabsko/breaking-updates/plugin/target/jacoco.exec,includes=io/jenkins/plugins/**/*,excludes=**/JenkinsFacade.*:**/*BlameRunner.*:**/*Summary.class:**/NullAnalysisHistory.* -Djava.awt.headless=true -Xmx1024m -Djenkins.test.timeout=1000
[INFO] 
[INFO] --- maven-hpi-plugin:3.32:test-runtime (default-test-runtime) @ warnings-ng ---
[INFO] Downloading from maven.jenkins-ci.org: https://repo.jenkins-ci.org/releases/org/jenkins-ci/main/jenkins-war/2.319.3/jenkins-war-2.319.3.pom
[INFO] Downloaded from maven.jenkins-ci.org: https://repo.jenkins-ci.org/releases/org/jenkins-ci/main/jenkins-war/2.319.3/jenkins-war-2.319.3.pom (0 B at 0 B/s)
[INFO] Setting jenkins.insaneHook to --patch-module=java.base=/tmp/org-netbeans-insane-hook715397004960539270.jar --add-exports=java.base/org.netbeans.insane.hook=ALL-UNNAMED
[INFO] 
[INFO] --- maven-surefire-plugin:3.0.0-M7:test (default-test) @ warnings-ng ---
[INFO] Using auto detected provider org.apache.maven.surefire.junitplatform.JUnitPlatformProvider
[WARNING] The system property java.awt.headless is configured twice! The property appears in <argLine/> and any of <systemPropertyVariables/>, <systemProperties/> or user property.
[INFO] 
[INFO] -------------------------------------------------------
[INFO]  T E S T S
[INFO] -------------------------------------------------------
[INFO] Running io.jenkins.plugins.analysis.core.charts.CompositeBuildResultTest
OpenJDK 64-Bit Server VM warning: Sharing is only supported for boot loader classes because bootstrap classpath has been appended
[INFO] Tests run: 6, Failures: 0, Errors: 0, Skipped: 0, Time elapsed: 1.565 s - in io.jenkins.plugins.analysis.core.charts.CompositeBuildResultTest
[INFO] Running io.jenkins.plugins.analysis.core.charts.HealthSeriesBuilderTest
OpenJDK 64-Bit Server VM warning: Sharing is only supported for boot loader classes because bootstrap classpath has been appended
[INFO] Tests run: 8, Failures: 0, Errors: 0, Skipped: 0, Time elapsed: 1.715 s - in io.jenkins.plugins.analysis.core.charts.HealthSeriesBuilderTest
[INFO] Running io.jenkins.plugins.analysis.core.charts.HealthTrendChartTest
OpenJDK 64-Bit Server VM warning: Sharing is only supported for boot loader classes because bootstrap classpath has been appended
[INFO] Tests run: 2, Failures: 0, Errors: 0, Skipped: 0, Time elapsed: 1.753 s - in io.jenkins.plugins.analysis.core.charts.HealthTrendChartTest
[INFO] Running io.jenkins.plugins.analysis.core.charts.NewVersusFixedPieChartTest
OpenJDK 64-Bit Server VM warning: Sharing is only supported for boot loader classes because bootstrap classpath has been appended
[INFO] Tests run: 1, Failures: 0, Errors: 0, Skipped: 0, Time elapsed: 1.339 s - in io.jenkins.plugins.analysis.core.charts.NewVersusFixedPieChartTest
[INFO] Running io.jenkins.plugins.analysis.core.charts.NewVersusFixedSeriesBuilderTest
OpenJDK 64-Bit Server VM warning: Sharing is only supported for boot loader classes because bootstrap classpath has been appended
[INFO] Tests run: 1, Failures: 0, Errors: 0, Skipped: 0, Time elapsed: 1.436 s - in io.jenkins.plugins.analysis.core.charts.NewVersusFixedSeriesBuilderTest
[INFO] Running io.jenkins.plugins.analysis.core.charts.NewVersusFixedTrendChartTest
OpenJDK 64-Bit Server VM warning: Sharing is only supported for boot loader classes because bootstrap classpath has been appended
[INFO] Tests run: 1, Failures: 0, Errors: 0, Skipped: 0, Time elapsed: 1.761 s - in io.jenkins.plugins.analysis.core.charts.NewVersusFixedTrendChartTest
[INFO] Running io.jenkins.plugins.analysis.core.charts.SeverityPieChartTest
OpenJDK 64-Bit Server VM warning: Sharing is only supported for boot loader classes because bootstrap classpath has been appended
[INFO] Tests run: 3, Failures: 0, Errors: 0, Skipped: 0, Time elapsed: 1.441 s - in io.jenkins.plugins.analysis.core.charts.SeverityPieChartTest
[INFO] Running io.jenkins.plugins.analysis.core.charts.SeveritySeriesBuilderTest
OpenJDK 64-Bit Server VM warning: Sharing is only supported for boot loader classes because bootstrap classpath has been appended
[INFO] Tests run: 3, Failures: 0, Errors: 0, Skipped: 0, Time elapsed: 1.725 s - in io.jenkins.plugins.analysis.core.charts.SeveritySeriesBuilderTest
[INFO] Running io.jenkins.plugins.analysis.core.charts.SeverityTrendChartTest
OpenJDK 64-Bit Server VM warning: Sharing is only supported for boot loader classes because bootstrap classpath has been appended
[INFO] Tests run: 5, Failures: 0, Errors: 0, Skipped: 0, Time elapsed: 1.915 s - in io.jenkins.plugins.analysis.core.charts.SeverityTrendChartTest
[INFO] Running io.jenkins.plugins.analysis.core.charts.ToolsTrendChartTest
OpenJDK 64-Bit Server VM warning: Sharing is only supported for boot loader classes because bootstrap classpath has been appended
[INFO] Tests run: 2, Failures: 0, Errors: 0, Skipped: 0, Time elapsed: 1.962 s - in io.jenkins.plugins.analysis.core.charts.ToolsTrendChartTest
[INFO] Running io.jenkins.plugins.analysis.core.columns.IssuesTotalColumnTest
OpenJDK 64-Bit Server VM warning: Sharing is only supported for boot loader classes because bootstrap classpath has been appended
[INFO] Tests run: 11, Failures: 0, Errors: 0, Skipped: 0, Time elapsed: 2.812 s - in io.jenkins.plugins.analysis.core.columns.IssuesTotalColumnTest
[INFO] Running io.jenkins.plugins.analysis.core.filter.RegexpFilterTest
OpenJDK 64-Bit Server VM warning: Sharing is only supported for boot loader classes because bootstrap classpath has been appended
[INFO] Tests run: 14, Failures: 0, Errors: 0, Skipped: 0, Time elapsed: 1.44 s - in io.jenkins.plugins.analysis.core.filter.RegexpFilterTest
[INFO] Running io.jenkins.plugins.analysis.core.model.AggregationActionTest
OpenJDK 64-Bit Server VM warning: Sharing is only supported for boot loader classes because bootstrap classpath has been appended
[INFO] Tests run: 4, Failures: 0, Errors: 0, Skipped: 0, Time elapsed: 2.471 s - in io.jenkins.plugins.analysis.core.model.AggregationActionTest
[INFO] Running io.jenkins.plugins.analysis.core.model.AnalysisHistoryTest
OpenJDK 64-Bit Server VM warning: Sharing is only supported for boot loader classes because bootstrap classpath has been appended
[INFO] Tests run: 35, Failures: 0, Errors: 0, Skipped: 0, Time elapsed: 2.644 s - in io.jenkins.plugins.analysis.core.model.AnalysisHistoryTest
[INFO] Running io.jenkins.plugins.analysis.core.model.AnalysisResultTest
OpenJDK 64-Bit Server VM warning: Sharing is only supported for boot loader classes because bootstrap classpath has been appended
[INFO] Tests run: 2, Failures: 0, Errors: 0, Skipped: 0, Time elapsed: 2.279 s - in io.jenkins.plugins.analysis.core.model.AnalysisResultTest
[INFO] Running io.jenkins.plugins.analysis.core.model.BlamesModelTest
OpenJDK 64-Bit Server VM warning: Sharing is only supported for boot loader classes because bootstrap classpath has been appended
[INFO] Tests run: 3, Failures: 0, Errors: 0, Skipped: 0, Time elapsed: 2.591 s - in io.jenkins.plugins.analysis.core.model.BlamesModelTest
[INFO] Running io.jenkins.plugins.analysis.core.model.ByIdResultSelectorTest
OpenJDK 64-Bit Server VM warning: Sharing is only supported for boot loader classes because bootstrap classpath has been appended
[INFO] Tests run: 6, Failures: 0, Errors: 0, Skipped: 0, Time elapsed: 2.17 s - in io.jenkins.plugins.analysis.core.model.ByIdResultSelectorTest
[INFO] Running io.jenkins.plugins.analysis.core.model.ConsoleDetailTest
OpenJDK 64-Bit Server VM warning: Sharing is only supported for boot loader classes because bootstrap classpath has been appended
[INFO] Tests run: 5, Failures: 0, Errors: 0, Skipped: 0, Time elapsed: 1.926 s - in io.jenkins.plugins.analysis.core.model.ConsoleDetailTest
[INFO] Running io.jenkins.plugins.analysis.core.model.DeltaReportTest
OpenJDK 64-Bit Server VM warning: Sharing is only supported for boot loader classes because bootstrap classpath has been appended
[INFO] Tests run: 3, Failures: 0, Errors: 0, Skipped: 0, Time elapsed: 2.225 s - in io.jenkins.plugins.analysis.core.model.DeltaReportTest
[INFO] Running io.jenkins.plugins.analysis.core.model.DetailFactoryTest
OpenJDK 64-Bit Server VM warning: Sharing is only supported for boot loader classes because bootstrap classpath has been appended
[INFO] Tests run: 16, Failures: 0, Errors: 0, Skipped: 0, Time elapsed: 3.004 s - in io.jenkins.plugins.analysis.core.model.DetailFactoryTest
[INFO] Running io.jenkins.plugins.analysis.core.model.DetailsTableModelTest
OpenJDK 64-Bit Server VM warning: Sharing is only supported for boot loader classes because bootstrap classpath has been appended
[INFO] Tests run: 2, Failures: 0, Errors: 0, Skipped: 0, Time elapsed: 2.276 s - in io.jenkins.plugins.analysis.core.model.DetailsTableModelTest
[INFO] Running io.jenkins.plugins.analysis.core.model.FileNameRendererTest
OpenJDK 64-Bit Server VM warning: Sharing is only supported for boot loader classes because bootstrap classpath has been appended
[INFO] Tests run: 4, Failures: 0, Errors: 0, Skipped: 0, Time elapsed: 2.003 s - in io.jenkins.plugins.analysis.core.model.FileNameRendererTest
[INFO] Running io.jenkins.plugins.analysis.core.model.FixedWarningsDetailTest
OpenJDK 64-Bit Server VM warning: Sharing is only supported for boot loader classes because bootstrap classpath has been appended
[INFO] Tests run: 1, Failures: 0, Errors: 0, Skipped: 0, Time elapsed: 2.655 s - in io.jenkins.plugins.analysis.core.model.FixedWarningsDetailTest
[INFO] Running io.jenkins.plugins.analysis.core.model.ForensicsModelTest
OpenJDK 64-Bit Server VM warning: Sharing is only supported for boot loader classes because bootstrap classpath has been appended
[INFO] Tests run: 3, Failures: 0, Errors: 0, Skipped: 0, Time elapsed: 2.68 s - in io.jenkins.plugins.analysis.core.model.ForensicsModelTest
[INFO] Running io.jenkins.plugins.analysis.core.model.HealthDescriptorTest
[INFO] Tests run: 1, Failures: 0, Errors: 0, Skipped: 0, Time elapsed: 0.112 s - in io.jenkins.plugins.analysis.core.model.HealthDescriptorTest
[INFO] Running io.jenkins.plugins.analysis.core.model.HealthReportBuilderTest
OpenJDK 64-Bit Server VM warning: Sharing is only supported for boot loader classes because bootstrap classpath has been appended
[INFO] Tests run: 10, Failures: 0, Errors: 0, Skipped: 0, Time elapsed: 1.723 s - in io.jenkins.plugins.analysis.core.model.HealthReportBuilderTest
[INFO] Running io.jenkins.plugins.analysis.core.model.IconLabelProviderTest
[INFO] Tests run: 2, Failures: 0, Errors: 0, Skipped: 0, Time elapsed: 0.11 s - in io.jenkins.plugins.analysis.core.model.IconLabelProviderTest
[INFO] Running io.jenkins.plugins.analysis.core.model.InfoErrorDetailTest
OpenJDK 64-Bit Server VM warning: Sharing is only supported for boot loader classes because bootstrap classpath has been appended
[INFO] Tests run: 1, Failures: 0, Errors: 0, Skipped: 0, Time elapsed: 1.975 s - in io.jenkins.plugins.analysis.core.model.InfoErrorDetailTest
[INFO] Running io.jenkins.plugins.analysis.core.model.IssuesModelTest
OpenJDK 64-Bit Server VM warning: Sharing is only supported for boot loader classes because bootstrap classpath has been appended
[INFO] Tests run: 2, Failures: 0, Errors: 0, Skipped: 0, Time elapsed: 2.981 s - in io.jenkins.plugins.analysis.core.model.IssuesModelTest
[INFO] Running io.jenkins.plugins.analysis.core.model.JobActionTest
OpenJDK 64-Bit Server VM warning: Sharing is only supported for boot loader classes because bootstrap classpath has been appended
[INFO] Tests run: 3, Failures: 0, Errors: 0, Skipped: 0, Time elapsed: 3.027 s - in io.jenkins.plugins.analysis.core.model.JobActionTest
[INFO] Running io.jenkins.plugins.analysis.core.model.PropertyStatisticsTest
[INFO] Tests run: 34, Failures: 0, Errors: 0, Skipped: 0, Time elapsed: 0.258 s - in io.jenkins.plugins.analysis.core.model.PropertyStatisticsTest
[INFO] Running io.jenkins.plugins.analysis.core.model.ReportLocationsTest
[INFO] Tests run: 4, Failures: 0, Errors: 0, Skipped: 0, Time elapsed: 0.12 s - in io.jenkins.plugins.analysis.core.model.ReportLocationsTest
[INFO] Running io.jenkins.plugins.analysis.core.model.ReportXmlStreamTest
[INFO] Tests run: 3, Failures: 0, Errors: 0, Skipped: 0, Time elapsed: 1.333 s - in io.jenkins.plugins.analysis.core.model.ReportXmlStreamTest
[INFO] Running io.jenkins.plugins.analysis.core.model.ResetQualityGateCommandTest
OpenJDK 64-Bit Server VM warning: Sharing is only supported for boot loader classes because bootstrap classpath has been appended
[INFO] Tests run: 7, Failures: 0, Errors: 0, Skipped: 0, Time elapsed: 2.487 s - in io.jenkins.plugins.analysis.core.model.ResetQualityGateCommandTest
[INFO] Running io.jenkins.plugins.analysis.core.model.ResultActionTest
OpenJDK 64-Bit Server VM warning: Sharing is only supported for boot loader classes because bootstrap classpath has been appended
[INFO] Tests run: 1, Failures: 0, Errors: 0, Skipped: 0, Time elapsed: 2.199 s - in io.jenkins.plugins.analysis.core.model.ResultActionTest
[INFO] Running io.jenkins.plugins.analysis.core.model.SourcePrinterTest
OpenJDK 64-Bit Server VM warning: Sharing is only supported for boot loader classes because bootstrap classpath has been appended
[INFO] Running io.jenkins.plugins.analysis.core.model.SourcePrinterTest$ColumnMarkerTest
[INFO] Tests run: 23, Failures: 0, Errors: 0, Skipped: 0, Time elapsed: 0.019 s - in io.jenkins.plugins.analysis.core.model.SourcePrinterTest$ColumnMarkerTest
[INFO] Tests run: 0, Failures: 0, Errors: 0, Skipped: 0, Time elapsed: 1.621 s - in io.jenkins.plugins.analysis.core.model.SourcePrinterTest
[INFO] Running io.jenkins.plugins.analysis.core.model.SourcePrinterTest
[INFO] Running io.jenkins.plugins.analysis.core.model.SourcePrinterTest$ColumnMarkerTest
[INFO] Tests run: 14, Failures: 0, Errors: 0, Skipped: 0, Time elapsed: 0.103 s - in io.jenkins.plugins.analysis.core.model.SourcePrinterTest$ColumnMarkerTest
[INFO] Tests run: 0, Failures: 0, Errors: 0, Skipped: 0, Time elapsed: 0.114 s - in io.jenkins.plugins.analysis.core.model.SourcePrinterTest
[INFO] Running io.jenkins.plugins.analysis.core.model.StaticAnalysisLabelProviderTest
[INFO] Running io.jenkins.plugins.analysis.core.model.StaticAnalysisLabelProviderTest$CompositeLocalizableTest
[INFO] Tests run: 6, Failures: 0, Errors: 0, Skipped: 0, Time elapsed: 0.003 s - in io.jenkins.plugins.analysis.core.model.StaticAnalysisLabelProviderTest$CompositeLocalizableTest
[INFO] Running io.jenkins.plugins.analysis.core.model.StaticAnalysisLabelProviderTest$AgeBuilderTest
[INFO] Tests run: 3, Failures: 0, Errors: 0, Skipped: 0, Time elapsed: 0.01 s - in io.jenkins.plugins.analysis.core.model.StaticAnalysisLabelProviderTest$AgeBuilderTest
[INFO] Tests run: 0, Failures: 0, Errors: 0, Skipped: 0, Time elapsed: 0.169 s - in io.jenkins.plugins.analysis.core.model.StaticAnalysisLabelProviderTest
[INFO] Running io.jenkins.plugins.analysis.core.model.StaticAnalysisLabelProviderTest
[INFO] Running io.jenkins.plugins.analysis.core.model.StaticAnalysisLabelProviderTest$AgeBuilderTest
[INFO] Tests run: 3, Failures: 0, Errors: 0, Skipped: 0, Time elapsed: 0.163 s - in io.jenkins.plugins.analysis.core.model.StaticAnalysisLabelProviderTest$AgeBuilderTest
[INFO] Tests run: 0, Failures: 0, Errors: 0, Skipped: 0, Time elapsed: 0.194 s - in io.jenkins.plugins.analysis.core.model.StaticAnalysisLabelProviderTest
[INFO] Running io.jenkins.plugins.analysis.core.model.StaticAnalysisLabelProviderTest
[INFO] Running io.jenkins.plugins.analysis.core.model.StaticAnalysisLabelProviderTest$CompositeLocalizableTest
[INFO] Tests run: 1, Failures: 0, Errors: 0, Skipped: 0, Time elapsed: 0.124 s - in io.jenkins.plugins.analysis.core.model.StaticAnalysisLabelProviderTest$CompositeLocalizableTest
[INFO] Tests run: 0, Failures: 0, Errors: 0, Skipped: 0, Time elapsed: 0.139 s - in io.jenkins.plugins.analysis.core.model.StaticAnalysisLabelProviderTest
[INFO] Running io.jenkins.plugins.analysis.core.model.SummaryModelTest
OpenJDK 64-Bit Server VM warning: Sharing is only supported for boot loader classes because bootstrap classpath has been appended
[INFO] Tests run: 9, Failures: 0, Errors: 0, Skipped: 0, Time elapsed: 2.444 s - in io.jenkins.plugins.analysis.core.model.SummaryModelTest
[INFO] Running io.jenkins.plugins.analysis.core.model.TabLabelProviderTest
OpenJDK 64-Bit Server VM warning: Sharing is only supported for boot loader classes because bootstrap classpath has been appended
[INFO] Tests run: 8, Failures: 0, Errors: 0, Skipped: 0, Time elapsed: 1.418 s - in io.jenkins.plugins.analysis.core.model.TabLabelProviderTest
[INFO] Running io.jenkins.plugins.analysis.core.model.ToolSelectionDescriptorTest
OpenJDK 64-Bit Server VM warning: Sharing is only supported for boot loader classes because bootstrap classpath has been appended
[INFO] Tests run: 5, Failures: 0, Errors: 0, Skipped: 0, Time elapsed: 2.101 s - in io.jenkins.plugins.analysis.core.model.ToolSelectionDescriptorTest
[INFO] Running io.jenkins.plugins.analysis.core.model.WarningsPluginConfigurationTest
OpenJDK 64-Bit Server VM warning: Sharing is only supported for boot loader classes because bootstrap classpath has been appended
[INFO] Tests run: 3, Failures: 0, Errors: 0, Skipped: 0, Time elapsed: 1.439 s - in io.jenkins.plugins.analysis.core.model.WarningsPluginConfigurationTest
[INFO] Running io.jenkins.plugins.analysis.core.portlets.IssuesTablePortletTest
OpenJDK 64-Bit Server VM warning: Sharing is only supported for boot loader classes because bootstrap classpath has been appended
[INFO] Tests run: 11, Failures: 0, Errors: 0, Skipped: 0, Time elapsed: 2.978 s - in io.jenkins.plugins.analysis.core.portlets.IssuesTablePortletTest
[INFO] Running io.jenkins.plugins.analysis.core.steps.AnalysisStepDescriptorTest
[INFO] Tests run: 1, Failures: 0, Errors: 0, Skipped: 0, Time elapsed: 0.212 s - in io.jenkins.plugins.analysis.core.steps.AnalysisStepDescriptorTest
[INFO] Running io.jenkins.plugins.analysis.core.steps.AnnotatedReportTest
[INFO] Tests run: 8, Failures: 0, Errors: 0, Skipped: 0, Time elapsed: 0.184 s - in io.jenkins.plugins.analysis.core.steps.AnnotatedReportTest
[INFO] Running io.jenkins.plugins.analysis.core.steps.IssuesAggregatorTest
OpenJDK 64-Bit Server VM warning: Sharing is only supported for boot loader classes because bootstrap classpath has been appended
[INFO] Tests run: 5, Failures: 0, Errors: 0, Skipped: 0, Time elapsed: 3.622 s - in io.jenkins.plugins.analysis.core.steps.IssuesAggregatorTest
[INFO] Running io.jenkins.plugins.analysis.core.steps.MatrixBridgeTest
OpenJDK 64-Bit Server VM warning: Sharing is only supported for boot loader classes because bootstrap classpath has been appended
[INFO] Tests run: 3, Failures: 0, Errors: 0, Skipped: 0, Time elapsed: 3.151 s - in io.jenkins.plugins.analysis.core.steps.MatrixBridgeTest
[INFO] Running io.jenkins.plugins.analysis.core.tokens.IssuesSizeTokenMacroTest
OpenJDK 64-Bit Server VM warning: Sharing is only supported for boot loader classes because bootstrap classpath has been appended
[INFO] Tests run: 5, Failures: 0, Errors: 0, Skipped: 0, Time elapsed: 2.498 s - in io.jenkins.plugins.analysis.core.tokens.IssuesSizeTokenMacroTest
[INFO] Running io.jenkins.plugins.analysis.core.util.AffectedFilesResolverTest
OpenJDK 64-Bit Server VM warning: Sharing is only supported for boot loader classes because bootstrap classpath has been appended
[INFO] Running io.jenkins.plugins.analysis.core.util.AffectedFilesResolverTest$RemoteFacadeTest
[INFO] Tests run: 8, Failures: 0, Errors: 0, Skipped: 0, Time elapsed: 0.007 s - in io.jenkins.plugins.analysis.core.util.AffectedFilesResolverTest$RemoteFacadeTest
[INFO] Tests run: 0, Failures: 0, Errors: 0, Skipped: 0, Time elapsed: 1.415 s - in io.jenkins.plugins.analysis.core.util.AffectedFilesResolverTest
[INFO] Running io.jenkins.plugins.analysis.core.util.AffectedFilesResolverTest
[INFO] Running io.jenkins.plugins.analysis.core.util.AffectedFilesResolverTest$RemoteFacadeTest
[INFO] Tests run: 1, Failures: 0, Errors: 0, Skipped: 0, Time elapsed: 0.101 s - in io.jenkins.plugins.analysis.core.util.AffectedFilesResolverTest$RemoteFacadeTest
[INFO] Tests run: 0, Failures: 0, Errors: 0, Skipped: 0, Time elapsed: 0.118 s - in io.jenkins.plugins.analysis.core.util.AffectedFilesResolverTest
[INFO] Running io.jenkins.plugins.analysis.core.util.BlameTest
OpenJDK 64-Bit Server VM warning: Sharing is only supported for boot loader classes because bootstrap classpath has been appended
[INFO] Tests run: 2, Failures: 0, Errors: 0, Skipped: 0, Time elapsed: 1.408 s - in io.jenkins.plugins.analysis.core.util.BlameTest
[INFO] Running io.jenkins.plugins.analysis.core.util.BuildResultNavigatorTest
OpenJDK 64-Bit Server VM warning: Sharing is only supported for boot loader classes because bootstrap classpath has been appended
[INFO] Tests run: 4, Failures: 0, Errors: 0, Skipped: 0, Time elapsed: 2.245 s - in io.jenkins.plugins.analysis.core.util.BuildResultNavigatorTest
[INFO] Running io.jenkins.plugins.analysis.core.util.IssuesStatisticsTest
[INFO] Tests run: 3, Failures: 0, Errors: 0, Skipped: 0, Time elapsed: 0.315 s - in io.jenkins.plugins.analysis.core.util.IssuesStatisticsTest
[INFO] Running io.jenkins.plugins.analysis.core.util.LocalizedSeverityTest
OpenJDK 64-Bit Server VM warning: Sharing is only supported for boot loader classes because bootstrap classpath has been appended
[INFO] Tests run: 2, Failures: 0, Errors: 0, Skipped: 0, Time elapsed: 1.312 s - in io.jenkins.plugins.analysis.core.util.LocalizedSeverityTest
[INFO] Running io.jenkins.plugins.analysis.core.util.LogHandlerTest
OpenJDK 64-Bit Server VM warning: Sharing is only supported for boot loader classes because bootstrap classpath has been appended
[INFO] Tests run: 2, Failures: 0, Errors: 0, Skipped: 0, Time elapsed: 1.375 s - in io.jenkins.plugins.analysis.core.util.LogHandlerTest
[INFO] Running io.jenkins.plugins.analysis.core.util.ModelValidationTest
OpenJDK 64-Bit Server VM warning: Sharing is only supported for boot loader classes because bootstrap classpath has been appended
[INFO] Tests run: 31, Failures: 0, Errors: 0, Skipped: 0, Time elapsed: 2.208 s - in io.jenkins.plugins.analysis.core.util.ModelValidationTest
[INFO] Running io.jenkins.plugins.analysis.core.util.QualityGateEvaluatorTest
[INFO] Tests run: 6, Failures: 0, Errors: 0, Skipped: 0, Time elapsed: 0.239 s - in io.jenkins.plugins.analysis.core.util.QualityGateEvaluatorTest
[INFO] Running io.jenkins.plugins.analysis.core.util.QualityGateStatusTest
[INFO] Tests run: 2, Failures: 0, Errors: 0, Skipped: 0, Time elapsed: 0.171 s - in io.jenkins.plugins.analysis.core.util.QualityGateStatusTest
[INFO] Running io.jenkins.plugins.analysis.core.util.QualityGateTest
OpenJDK 64-Bit Server VM warning: Sharing is only supported for boot loader classes because bootstrap classpath has been appended
[INFO] Tests run: 2, Failures: 0, Errors: 0, Skipped: 0, Time elapsed: 1.609 s - in io.jenkins.plugins.analysis.core.util.QualityGateTest
[INFO] Running io.jenkins.plugins.analysis.core.util.SanitizerTest
[INFO] Tests run: 1, Failures: 0, Errors: 0, Skipped: 0, Time elapsed: 0.156 s - in io.jenkins.plugins.analysis.core.util.SanitizerTest
[INFO] Running io.jenkins.plugins.analysis.core.util.StageResultHandlerTest
OpenJDK 64-Bit Server VM warning: Sharing is only supported for boot loader classes because bootstrap classpath has been appended
[INFO] Tests run: 2, Failures: 0, Errors: 0, Skipped: 0, Time elapsed: 1.887 s - in io.jenkins.plugins.analysis.core.util.StageResultHandlerTest
[INFO] Running io.jenkins.plugins.analysis.warnings.DryTableModelTest
OpenJDK 64-Bit Server VM warning: Sharing is only supported for boot loader classes because bootstrap classpath has been appended
[INFO] Tests run: 1, Failures: 0, Errors: 0, Skipped: 0, Time elapsed: 2.529 s - in io.jenkins.plugins.analysis.warnings.DryTableModelTest
[INFO] Running io.jenkins.plugins.analysis.warnings.DryThresholdValidationTest
[INFO] Tests run: 8, Failures: 0, Errors: 0, Skipped: 0, Time elapsed: 0.238 s - in io.jenkins.plugins.analysis.warnings.DryThresholdValidationTest
[INFO] Running io.jenkins.plugins.analysis.warnings.PackageArchitectureTest
[INFO] Tests run: 1, Failures: 0, Errors: 0, Skipped: 0, Time elapsed: 2.76 s - in io.jenkins.plugins.analysis.warnings.PackageArchitectureTest
[INFO] Running io.jenkins.plugins.analysis.warnings.PluginArchitectureTest
[INFO] Tests run: 14, Failures: 0, Errors: 0, Skipped: 0, Time elapsed: 4.342 s - in io.jenkins.plugins.analysis.warnings.PluginArchitectureTest
[INFO] Running io.jenkins.plugins.analysis.warnings.RegisteredParserTest
OpenJDK 64-Bit Server VM warning: Sharing is only supported for boot loader classes because bootstrap classpath has been appended
[INFO] Running io.jenkins.plugins.analysis.warnings.RegisteredParserTest$DescriptorTest
[INFO] Tests run: 3, Failures: 0, Errors: 0, Skipped: 0, Time elapsed: 0.73 s - in io.jenkins.plugins.analysis.warnings.RegisteredParserTest$DescriptorTest
[INFO] Tests run: 0, Failures: 0, Errors: 0, Skipped: 0, Time elapsed: 2.338 s - in io.jenkins.plugins.analysis.warnings.RegisteredParserTest
[INFO] Running io.jenkins.plugins.analysis.warnings.RegisteredParserTest
[INFO] Running io.jenkins.plugins.analysis.warnings.RegisteredParserTest$DescriptorTest
OpenJDK 64-Bit Server VM warning: Sharing is only supported for boot loader classes because bootstrap classpath has been appended
[INFO] Tests run: 1, Failures: 0, Errors: 0, Skipped: 0, Time elapsed: 2.154 s - in io.jenkins.plugins.analysis.warnings.RegisteredParserTest$DescriptorTest
[INFO] Tests run: 0, Failures: 0, Errors: 0, Skipped: 0, Time elapsed: 2.172 s - in io.jenkins.plugins.analysis.warnings.RegisteredParserTest
[INFO] Running io.jenkins.plugins.analysis.warnings.RevApiModelTest
OpenJDK 64-Bit Server VM warning: Sharing is only supported for boot loader classes because bootstrap classpath has been appended
[INFO] Tests run: 1, Failures: 0, Errors: 0, Skipped: 0, Time elapsed: 2.462 s - in io.jenkins.plugins.analysis.warnings.RevApiModelTest
[INFO] Running io.jenkins.plugins.analysis.warnings.axivion.AxivionParserTest
[INFO] Tests run: 9, Failures: 0, Errors: 0, Skipped: 0, Time elapsed: 0.213 s - in io.jenkins.plugins.analysis.warnings.axivion.AxivionParserTest
[INFO] Running io.jenkins.plugins.analysis.warnings.axivion.AxivionSuiteSerializationTest
[INFO] Tests run: 1, Failures: 0, Errors: 0, Skipped: 0, Time elapsed: 0.263 s - in io.jenkins.plugins.analysis.warnings.axivion.AxivionSuiteSerializationTest
[INFO] Running io.jenkins.plugins.analysis.warnings.axivion.AxivionSuiteTest
[INFO] Tests run: 1, Failures: 0, Errors: 0, Skipped: 0, Time elapsed: 0.105 s - in io.jenkins.plugins.analysis.warnings.axivion.AxivionSuiteTest
[INFO] Running io.jenkins.plugins.analysis.warnings.groovy.DynamicDocumentParserTest
WARNING: An illegal reflective access operation has occurred
WARNING: Illegal reflective access by org.codehaus.groovy.vmplugin.v7.Java7$1 (file:/home/gabsko/.m2/repository/org/codehaus/groovy/groovy-all/2.4.12/groovy-all-2.4.12.jar) to constructor java.lang.invoke.MethodHandles$Lookup(java.lang.Class,int)
WARNING: Please consider reporting this to the maintainers of org.codehaus.groovy.vmplugin.v7.Java7$1
WARNING: Use --illegal-access=warn to enable warnings of further illegal reflective access operations
WARNING: All illegal access operations will be denied in a future release
[INFO] Tests run: 3, Failures: 0, Errors: 0, Skipped: 0, Time elapsed: 1.044 s - in io.jenkins.plugins.analysis.warnings.groovy.DynamicDocumentParserTest
[INFO] Running io.jenkins.plugins.analysis.warnings.groovy.DynamicLineParserTest
WARNING: An illegal reflective access operation has occurred
WARNING: Illegal reflective access by org.codehaus.groovy.vmplugin.v7.Java7$1 (file:/home/gabsko/.m2/repository/org/codehaus/groovy/groovy-all/2.4.12/groovy-all-2.4.12.jar) to constructor java.lang.invoke.MethodHandles$Lookup(java.lang.Class,int)
WARNING: Please consider reporting this to the maintainers of org.codehaus.groovy.vmplugin.v7.Java7$1
WARNING: Use --illegal-access=warn to enable warnings of further illegal reflective access operations
WARNING: All illegal access operations will be denied in a future release
[INFO] Tests run: 4, Failures: 0, Errors: 0, Skipped: 0, Time elapsed: 1.294 s - in io.jenkins.plugins.analysis.warnings.groovy.DynamicLineParserTest
[INFO] Running io.jenkins.plugins.analysis.warnings.groovy.GroovyExpressionMatcherTest
WARNING: An illegal reflective access operation has occurred
WARNING: Illegal reflective access by org.codehaus.groovy.vmplugin.v7.Java7$1 (file:/home/gabsko/.m2/repository/org/codehaus/groovy/groovy-all/2.4.12/groovy-all-2.4.12.jar) to constructor java.lang.invoke.MethodHandles$Lookup(java.lang.Class,int)
WARNING: Please consider reporting this to the maintainers of org.codehaus.groovy.vmplugin.v7.Java7$1
WARNING: Use --illegal-access=warn to enable warnings of further illegal reflective access operations
WARNING: All illegal access operations will be denied in a future release
[INFO] Tests run: 6, Failures: 0, Errors: 0, Skipped: 0, Time elapsed: 0.545 s - in io.jenkins.plugins.analysis.warnings.groovy.GroovyExpressionMatcherTest
[INFO] Running io.jenkins.plugins.analysis.warnings.groovy.GroovyParserTest
OpenJDK 64-Bit Server VM warning: Sharing is only supported for boot loader classes because bootstrap classpath has been appended
WARNING: An illegal reflective access operation has occurred
WARNING: Illegal reflective access by org.codehaus.groovy.vmplugin.v7.Java7$1 (file:/home/gabsko/.m2/repository/org/codehaus/groovy/groovy-all/2.4.12/groovy-all-2.4.12.jar) to constructor java.lang.invoke.MethodHandles$Lookup(java.lang.Class,int)
WARNING: Please consider reporting this to the maintainers of org.codehaus.groovy.vmplugin.v7.Java7$1
WARNING: Use --illegal-access=warn to enable warnings of further illegal reflective access operations
WARNING: All illegal access operations will be denied in a future release
[INFO] Tests run: 16, Failures: 0, Errors: 0, Skipped: 0, Time elapsed: 3.027 s - in io.jenkins.plugins.analysis.warnings.groovy.GroovyParserTest
[INFO] Running io.jenkins.plugins.analysis.warnings.groovy.ParserConfigurationTest
OpenJDK 64-Bit Server VM warning: Sharing is only supported for boot loader classes because bootstrap classpath has been appended
[INFO] Tests run: 5, Failures: 0, Errors: 0, Skipped: 0, Time elapsed: 1.393 s - in io.jenkins.plugins.analysis.warnings.groovy.ParserConfigurationTest
[INFO] Running io.jenkins.plugins.analysis.warnings.tasks.AgentScannerTest
[INFO] Tests run: 2, Failures: 0, Errors: 0, Skipped: 0, Time elapsed: 0.227 s - in io.jenkins.plugins.analysis.warnings.tasks.AgentScannerTest
[INFO] Running io.jenkins.plugins.analysis.warnings.tasks.TaskScannerTest
[INFO] Tests run: 19, Failures: 0, Errors: 0, Skipped: 0, Time elapsed: 0.186 s - in io.jenkins.plugins.analysis.warnings.tasks.TaskScannerTest
[INFO] 
[INFO] Results:
[INFO] 
[INFO] Tests run: 478, Failures: 0, Errors: 0, Skipped: 0
[INFO] 
[INFO] 
[INFO] --- animal-sniffer-maven-plugin:1.21:check (check) @ warnings-ng ---
[INFO] Signature checking is skipped.
[INFO] 
[INFO] --------------< io.jenkins.plugins:warnings-ng-ui-tests >---------------
[INFO] Building UI Tests of Warnings Plugin UNVERSIONED                   [2/3]
[INFO] --------------------------------[ jar ]---------------------------------
[INFO] Downloading from maven.jenkins-ci.org: https://repo.jenkins-ci.org/releases/edu/hm/hafner/codingstyle/2.25.0/codingstyle-2.25.0-tests.jar
[INFO] Downloading from incrementals.jenkins-ci.org: https://repo.jenkins-ci.org/incrementals/edu/hm/hafner/codingstyle/2.25.0/codingstyle-2.25.0-tests.jar
[INFO] Downloading from central: https://repo.maven.apache.org/maven2/edu/hm/hafner/codingstyle/2.25.0/codingstyle-2.25.0-tests.jar
[INFO] Downloaded from central: https://repo.maven.apache.org/maven2/edu/hm/hafner/codingstyle/2.25.0/codingstyle-2.25.0-tests.jar (22 kB at 88 kB/s)
[INFO] 
[INFO] --- maven-clean-plugin:3.2.0:clean (default-clean) @ warnings-ng-ui-tests ---
[INFO] Deleting /home/gabsko/breaking-updates/ui-tests/target
[INFO] 
[INFO] --- maven-enforcer-plugin:3.1.0:enforce (enforce-require-property-diverges) @ warnings-ng-ui-tests ---
[INFO] 
[INFO] --- maven-enforcer-plugin:3.1.0:enforce (enforce-java) @ warnings-ng-ui-tests ---
[INFO] 
[INFO] --- maven-resources-plugin:3.2.0:resources (default-resources) @ warnings-ng-ui-tests ---
[INFO] Using 'UTF-8' encoding to copy filtered resources.
[INFO] Using 'UTF-8' encoding to copy filtered properties files.
[INFO] skip non existing resourceDirectory /home/gabsko/breaking-updates/ui-tests/src/main/resources
[INFO] 
[INFO] --- maven-resources-plugin:3.2.0:copy-resources (copy-resources) @ warnings-ng-ui-tests ---
[INFO] Using 'UTF-8' encoding to copy filtered resources.
[INFO] Using 'UTF-8' encoding to copy filtered properties files.
[INFO] Copying 0 resource
[INFO] 
[INFO] --- maven-compiler-plugin:3.10.1:compile (default-compile) @ warnings-ng-ui-tests ---
[INFO] Changes detected - recompiling the module!
[INFO] Compiling 29 source files to /home/gabsko/breaking-updates/ui-tests/target/classes
[WARNING] Unable to autodetect 'javac' path, using 'javac' from the environment.
[WARNING] [options] bootstrap class path not set in conjunction with -source 8
[WARNING] /home/gabsko/breaking-updates/ui-tests/src/main/java/io/jenkins/plugins/analysis/warnings/IssuesTableRow.java:[50,23] [Varifier] Consider using `var` here to avoid boilerplate.
    (see https://errorprone.info/bugpattern/Varifier)
  Did you mean 'var that = (IssuesTableRow) o;'?
[WARNING] /home/gabsko/breaking-updates/ui-tests/src/main/java/io/jenkins/plugins/analysis/warnings/AbstractSeverityTableRow.java:[67,33] [Varifier] Consider using `var` here to avoid boilerplate.
    (see https://errorprone.info/bugpattern/Varifier)
  Did you mean 'var that = (AbstractSeverityTableRow) o;'?
[WARNING] /home/gabsko/breaking-updates/ui-tests/src/main/java/io/jenkins/plugins/analysis/warnings/BaseIssuesTableRow.java:[103,27] [Varifier] Consider using `var` here to avoid boilerplate.
    (see https://errorprone.info/bugpattern/Varifier)
  Did you mean 'var that = (BaseIssuesTableRow) o;'?
[WARNING] /home/gabsko/breaking-updates/ui-tests/src/main/java/io/jenkins/plugins/analysis/warnings/SourceView.java:[60,22] [Varifier] Consider using `var` here to avoid boilerplate.
    (see https://errorprone.info/bugpattern/Varifier)
  Did you mean 'var sourceCode = new StringBuilder();'?
[WARNING] /home/gabsko/breaking-updates/ui-tests/src/main/java/io/jenkins/plugins/analysis/warnings/DryTableRow.java:[80,20] [Varifier] Consider using `var` here to avoid boilerplate.
    (see https://errorprone.info/bugpattern/Varifier)
  Did you mean 'var that = (DryTableRow) o;'?
[WARNING] /home/gabsko/breaking-updates/ui-tests/src/main/java/io/jenkins/plugins/analysis/warnings/BlamesTableRow.java:[69,23] [Varifier] Consider using `var` here to avoid boilerplate.
    (see https://errorprone.info/bugpattern/Varifier)
  Did you mean 'var that = (BlamesTableRow) o;'?
[WARNING] /home/gabsko/breaking-updates/ui-tests/src/main/java/io/jenkins/plugins/analysis/warnings/ForensicsTableRow.java:[87,26] [Varifier] Consider using `var` here to avoid boilerplate.
    (see https://errorprone.info/bugpattern/Varifier)
  Did you mean 'var that = (ForensicsTableRow) o;'?
[WARNING] /home/gabsko/breaking-updates/ui-tests/src/main/java/io/jenkins/plugins/analysis/warnings/IssuesRecorder.java:[87,27] [Varifier] Consider using `var` here to avoid boilerplate.
    (see https://errorprone.info/bugpattern/Varifier)
  Did you mean 'var tool = new StaticAnalysisTool(this, "toolProxies");'?
[WARNING] /home/gabsko/breaking-updates/ui-tests/src/main/java/io/jenkins/plugins/analysis/warnings/IssuesRecorder.java:[344,33] [Varifier] Consider using `var` here to avoid boilerplate.
    (see https://errorprone.info/bugpattern/Varifier)
  Did you mean 'var panel = new SourceCodeDirectoryPanel(this, path);'?
[WARNING] /home/gabsko/breaking-updates/ui-tests/src/main/java/io/jenkins/plugins/analysis/warnings/IssuesRecorder.java:[515,27] [Varifier] Consider using `var` here to avoid boilerplate.
    (see https://errorprone.info/bugpattern/Varifier)
  Did you mean 'var tool = new StaticAnalysisTool(this, path);'?
[WARNING] /home/gabsko/breaking-updates/ui-tests/src/main/java/io/jenkins/plugins/analysis/warnings/IssuesRecorder.java:[531,27] [Varifier] Consider using `var` here to avoid boilerplate.
    (see https://errorprone.info/bugpattern/Varifier)
  Did you mean 'var tool = new StaticAnalysisTool(this, "toolProxies");'?
[WARNING] /home/gabsko/breaking-updates/ui-tests/src/main/java/io/jenkins/plugins/analysis/warnings/IssuesRecorder.java:[553,25] [Varifier] Consider using `var` here to avoid boilerplate.
    (see https://errorprone.info/bugpattern/Varifier)
  Did you mean 'var qualityGate = new QualityGatePanel(this, path);'?
[WARNING] /home/gabsko/breaking-updates/ui-tests/src/main/java/io/jenkins/plugins/analysis/warnings/IssuesRecorder.java:[573,25] [Varifier] Consider using `var` here to avoid boilerplate.
    (see https://errorprone.info/bugpattern/Varifier)
  Did you mean 'var filter = new IssueFilterPanel(this, path);'?
[WARNING] /home/gabsko/breaking-updates/ui-tests/src/main/java/io/jenkins/plugins/analysis/warnings/IssuesColumn.java:[137,16] [Varifier] Consider using `var` here to avoid boilerplate.
    (see https://errorprone.info/bugpattern/Varifier)
  Did you mean 'var action = new Actions(driver);'?
[INFO] 
[INFO] --- maven-help-plugin:3.2.0:active-profiles (show-profiles) @ warnings-ng-ui-tests ---
[INFO] 
Active Profiles for Project 'io.jenkins.plugins:warnings-ng:hpi:9.17.0-SNAPSHOT':

The following profiles are active:

 - jdk-9-and-above (source: org.jenkins-ci.plugins:plugin:4.46)
 - all-tests (source: org.jenkins-ci.plugins:plugin:4.46)



Active Profiles for Project 'io.jenkins.plugins:warnings-ng-ui-tests:jar:UNVERSIONED':

The following profiles are active:




Active Profiles for Project 'io.jenkins.plugins:warnings-ng-parent:pom:UNVERSIONED':

The following profiles are active:




[INFO] 
[INFO] --- assertj-assertions-generator-maven-plugin:2.2.0:generate-assertions (default) @ warnings-ng-ui-tests ---
[INFO] 
[INFO] --- maven-resources-plugin:3.2.0:testResources (default-testResources) @ warnings-ng-ui-tests ---
[INFO] Using 'UTF-8' encoding to copy filtered resources.
[INFO] Using 'UTF-8' encoding to copy filtered properties files.
[INFO] Copying 47 resources
[INFO] 
[INFO] --- maven-compiler-plugin:3.10.1:testCompile (default-testCompile) @ warnings-ng-ui-tests ---
[INFO] Changes detected - recompiling the module!
[INFO] Compiling 42 source files to /home/gabsko/breaking-updates/ui-tests/target/test-classes
[WARNING] Unable to autodetect 'javac' path, using 'javac' from the environment.
[WARNING] [options] bootstrap class path not set in conjunction with -source 8
[WARNING] /home/gabsko/breaking-updates/ui-tests/src/test/java/io/jenkins/plugins/analysis/warnings/SnippetGeneratorUiTest.java:[161,25] [Varifier] Consider using `var` here to avoid boilerplate.
    (see https://errorprone.info/bugpattern/Varifier)
  Did you mean 'var snippetGenerator = new SnippetGenerator(job);'?
[WARNING] /home/gabsko/breaking-updates/ui-tests/src/test/java/io/jenkins/plugins/analysis/warnings/UiTest.java:[136,24] [Varifier] Consider using `var` here to avoid boilerplate.
    (see https://errorprone.info/bugpattern/Varifier)
  Did you mean 'var cpd = new AnalysisSummary(build, CPD_ID);'?
[WARNING] /home/gabsko/breaking-updates/ui-tests/src/test/java/io/jenkins/plugins/analysis/warnings/UiTest.java:[198,24] [Varifier] Consider using `var` here to avoid boilerplate.
    (see https://errorprone.info/bugpattern/Varifier)
  Did you mean 'var findbugs = new AnalysisSummary(build, FINDBUGS_ID);'?
[WARNING] /home/gabsko/breaking-updates/ui-tests/src/test/java/io/jenkins/plugins/analysis/warnings/UiTest.java:[217,24] [Varifier] Consider using `var` here to avoid boilerplate.
    (see https://errorprone.info/bugpattern/Varifier)
  Did you mean 'var pmd = new AnalysisSummary(build, PMD_ID);'?
[WARNING] /home/gabsko/breaking-updates/ui-tests/src/test/java/io/jenkins/plugins/analysis/warnings/UiTest.java:[241,24] [Varifier] Consider using `var` here to avoid boilerplate.
    (see https://errorprone.info/bugpattern/Varifier)
  Did you mean 'var checkstyle = new AnalysisSummary(build, CHECKSTYLE_ID);'?
[WARNING] /home/gabsko/breaking-updates/ui-tests/src/test/java/io/jenkins/plugins/analysis/warnings/UiTest.java:[339,24] [Varifier] Consider using `var` here to avoid boilerplate.
    (see https://errorprone.info/bugpattern/Varifier)
  Did you mean 'var pep8 = new AnalysisSummary(build, PEP8_ID);'?
[WARNING] /home/gabsko/breaking-updates/ui-tests/src/test/java/io/jenkins/plugins/analysis/warnings/UiTest.java:[432,31] [Varifier] Consider using `var` here to avoid boilerplate.
    (see https://errorprone.info/bugpattern/Varifier)
  Did you mean 'var settings = new GlobalWarningsSettings(jenkins);'?
[WARNING] /home/gabsko/breaking-updates/ui-tests/src/test/java/io/jenkins/plugins/analysis/warnings/TrendChartsUiTest.java:[36,23] [Varifier] Consider using `var` here to avoid boilerplate.
    (see https://errorprone.info/bugpattern/Varifier)
  Did you mean 'var analysisResultPage = new AnalysisResult(build, "java");'?
[WARNING] /home/gabsko/breaking-updates/ui-tests/src/test/java/io/jenkins/plugins/analysis/warnings/TrendChartsUiTest.java:[52,23] [Varifier] Consider using `var` here to avoid boilerplate.
    (see https://errorprone.info/bugpattern/Varifier)
  Did you mean 'var analysisResultPage = new AnalysisResult(build, "java");'?
[WARNING] /home/gabsko/breaking-updates/ui-tests/src/test/java/io/jenkins/plugins/analysis/warnings/IssuesColumnUiTest.java:[40,21] [Varifier] Consider using `var` here to avoid boilerplate.
    (see https://errorprone.info/bugpattern/Varifier)
  Did you mean 'var column = new IssuesColumn(jenkins, DEFAULT_ISSUES_COLUMN_NAME);'?
[WARNING] /home/gabsko/breaking-updates/ui-tests/src/test/java/io/jenkins/plugins/analysis/warnings/IssuesColumnUiTest.java:[56,21] [Varifier] Consider using `var` here to avoid boilerplate.
    (see https://errorprone.info/bugpattern/Varifier)
  Did you mean 'var checkstyleColumn = new IssuesColumn(build, CUSTOM_ISSUES_COLUMN_NAME);'?
[WARNING] /home/gabsko/breaking-updates/ui-tests/src/test/java/io/jenkins/plugins/analysis/warnings/IssuesColumnUiTest.java:[66,21] [Varifier] Consider using `var` here to avoid boilerplate.
    (see https://errorprone.info/bugpattern/Varifier)
  Did you mean 'var highColumn = new IssuesColumn(build, CUSTOM_ISSUES_COLUMN_NAME);'?
[WARNING] /home/gabsko/breaking-updates/ui-tests/src/test/java/io/jenkins/plugins/analysis/warnings/IssuesColumnUiTest.java:[95,21] [Varifier] Consider using `var` here to avoid boilerplate.
    (see https://errorprone.info/bugpattern/Varifier)
  Did you mean 'var column = new IssuesColumn(build, CUSTOM_ISSUES_COLUMN_NAME);'?
[WARNING] /home/gabsko/breaking-updates/ui-tests/src/test/java/io/jenkins/plugins/analysis/warnings/GlobalConfigurationUiTest.java:[63,31] [Varifier] Consider using `var` here to avoid boilerplate.
    (see https://errorprone.info/bugpattern/Varifier)
  Did you mean 'var settings = new GlobalWarningsSettings(jenkins);'?
[WARNING] /home/gabsko/breaking-updates/ui-tests/src/test/java/io/jenkins/plugins/analysis/warnings/GlobalConfigurationUiTest.java:[94,31] [Varifier] Consider using `var` here to avoid boilerplate.
    (see https://errorprone.info/bugpattern/Varifier)
  Did you mean 'var settings = new GlobalWarningsSettings(jenkins);'?
[WARNING] /home/gabsko/breaking-updates/ui-tests/src/test/java/io/jenkins/plugins/analysis/warnings/GlobalConfigurationUiTest.java:[109,24] [Varifier] Consider using `var` here to avoid boilerplate.
    (see https://errorprone.info/bugpattern/Varifier)
  Did you mean 'var gcc = new AnalysisSummary(build, GCC_ID);'?
[WARNING] /home/gabsko/breaking-updates/ui-tests/src/test/java/io/jenkins/plugins/analysis/warnings/WarningsPluginUiTest.java:[114,24] [Varifier] Consider using `var` here to avoid boilerplate.
    (see https://errorprone.info/bugpattern/Varifier)
  Did you mean 'var referenceSummary = new AnalysisSummary(referenceBuild, ANALYSIS_ID);'?
[WARNING] /home/gabsko/breaking-updates/ui-tests/src/test/java/io/jenkins/plugins/analysis/warnings/WarningsPluginUiTest.java:[129,24] [Varifier] Consider using `var` here to avoid boilerplate.
    (see https://errorprone.info/bugpattern/Varifier)
  Did you mean 'var analysisSummary = new AnalysisSummary(build, ANALYSIS_ID);'?
[WARNING] /home/gabsko/breaking-updates/ui-tests/src/test/java/io/jenkins/plugins/analysis/warnings/WarningsPluginUiTest.java:[163,23] [Varifier] Consider using `var` here to avoid boilerplate.
    (see https://errorprone.info/bugpattern/Varifier)
  Did you mean 'var resultPage = new AnalysisResult(build, "checkstyle");'?
[WARNING] /home/gabsko/breaking-updates/ui-tests/src/test/java/io/jenkins/plugins/analysis/warnings/WarningsPluginUiTest.java:[194,24] [Varifier] Consider using `var` here to avoid boilerplate.
    (see https://errorprone.info/bugpattern/Varifier)
  Did you mean 'var summary = new AnalysisSummary(build, MAVEN_ID);'?
[WARNING] /home/gabsko/breaking-updates/ui-tests/src/test/java/io/jenkins/plugins/analysis/warnings/WarningsPluginUiTest.java:[237,24] [Varifier] Consider using `var` here to avoid boilerplate.
    (see https://errorprone.info/bugpattern/Varifier)
  Did you mean 'var summary = new AnalysisSummary(build, "checkstyle");'?
[WARNING] /home/gabsko/breaking-updates/ui-tests/src/test/java/io/jenkins/plugins/analysis/warnings/GitForensicsUiTest.java:[138,28] [Varifier] Consider using `var` here to avoid boilerplate.
    (see https://errorprone.info/bugpattern/Varifier)
  Did you mean 'var blame = new AnalysisSummary(build, JAVA_ID);'?
[WARNING] /home/gabsko/breaking-updates/ui-tests/src/test/java/io/jenkins/plugins/analysis/warnings/GitForensicsUiTest.java:[178,28] [Varifier] Consider using `var` here to avoid boilerplate.
    (see https://errorprone.info/bugpattern/Varifier)
  Did you mean 'var blame = new AnalysisSummary(build, JAVA_ID);'?
[WARNING] /home/gabsko/breaking-updates/ui-tests/src/test/java/io/jenkins/plugins/analysis/warnings/GitForensicsUiTest.java:[210,28] [Varifier] Consider using `var` here to avoid boilerplate.
    (see https://errorprone.info/bugpattern/Varifier)
  Did you mean 'var blame = new AnalysisSummary(build, JAVA_ID);'?
[WARNING] /home/gabsko/breaking-updates/ui-tests/src/test/java/io/jenkins/plugins/analysis/warnings/GitForensicsUiTest.java:[231,28] [Varifier] Consider using `var` here to avoid boilerplate.
    (see https://errorprone.info/bugpattern/Varifier)
  Did you mean 'var summary = new AnalysisSummary(build, JAVA_ID);'?
[WARNING] /home/gabsko/breaking-updates/ui-tests/src/test/java/io/jenkins/plugins/analysis/warnings/GitForensicsUiTest.java:[272,28] [Varifier] Consider using `var` here to avoid boilerplate.
    (see https://errorprone.info/bugpattern/Varifier)
  Did you mean 'var summary = new AnalysisSummary(build, JAVA_ID);'?
[WARNING] /home/gabsko/breaking-updates/ui-tests/src/test/java/io/jenkins/plugins/analysis/warnings/GitForensicsUiTest.java:[304,28] [Varifier] Consider using `var` here to avoid boilerplate.
    (see https://errorprone.info/bugpattern/Varifier)
  Did you mean 'var summary = new AnalysisSummary(build, JAVA_ID);'?
[WARNING] /home/gabsko/breaking-updates/ui-tests/src/test/java/io/jenkins/plugins/analysis/warnings/GitForensicsUiTest.java:[344,28] [Varifier] Consider using `var` here to avoid boilerplate.
    (see https://errorprone.info/bugpattern/Varifier)
  Did you mean 'var summary = new AnalysisSummary(build, JAVA_ID);'?
[WARNING] /home/gabsko/breaking-updates/ui-tests/src/test/java/io/jenkins/plugins/analysis/warnings/GitForensicsUiTest.java:[356,16] [Varifier] Consider using `var` here to avoid boilerplate.
    (see https://errorprone.info/bugpattern/Varifier)
  Did you mean 'var gitRepo = new GitRepo();'?
[WARNING] /home/gabsko/breaking-updates/ui-tests/src/test/java/io/jenkins/plugins/analysis/warnings/SmokeTests.java:[87,23] [Varifier] Consider using `var` here to avoid boilerplate.
    (see https://errorprone.info/bugpattern/Varifier)
  Did you mean 'var dashboardTable = new DashboardTable(build, dashboardView.url);'?
[WARNING] /home/gabsko/breaking-updates/ui-tests/src/test/java/io/jenkins/plugins/analysis/warnings/SmokeTests.java:[127,23] [Varifier] Consider using `var` here to avoid boilerplate.
    (see https://errorprone.info/bugpattern/Varifier)
  Did you mean 'var dashboardTable = new DashboardTable(build, dashboardView.url);'?
[WARNING] /home/gabsko/breaking-updates/ui-tests/src/test/java/io/jenkins/plugins/analysis/warnings/SmokeTests.java:[133,21] [Varifier] Consider using `var` here to avoid boilerplate.
    (see https://errorprone.info/bugpattern/Varifier)
  Did you mean 'var column = new IssuesColumn(build, DEFAULT_ISSUES_COLUMN_NAME);'?
[WARNING] /home/gabsko/breaking-updates/ui-tests/src/test/java/io/jenkins/plugins/analysis/warnings/SmokeTests.java:[174,23] [Varifier] Consider using `var` here to avoid boilerplate.
    (see https://errorprone.info/bugpattern/Varifier)
  Did you mean 'var resultPage = new AnalysisResult(build, "checkstyle");'?
[WARNING] /home/gabsko/breaking-updates/ui-tests/src/test/java/io/jenkins/plugins/analysis/warnings/SmokeTests.java:[189,22] [Varifier] Consider using `var` here to avoid boilerplate.
    (see https://errorprone.info/bugpattern/Varifier)
  Did you mean 'var resourceCopySteps = new StringBuilder();'?
[WARNING] /home/gabsko/breaking-updates/ui-tests/src/test/java/io/jenkins/plugins/analysis/warnings/DetailsTabUiTest.java:[47,23] [Varifier] Consider using `var` here to avoid boilerplate.
    (see https://errorprone.info/bugpattern/Varifier)
  Did you mean 'var resultPage = new AnalysisResult(build, "java");'?
[WARNING] /home/gabsko/breaking-updates/ui-tests/src/test/java/io/jenkins/plugins/analysis/warnings/DetailsTabUiTest.java:[70,23] [Varifier] Consider using `var` here to avoid boilerplate.
    (see https://errorprone.info/bugpattern/Varifier)
  Did you mean 'var resultPage = new AnalysisResult(build, "java");'?
[WARNING] /home/gabsko/breaking-updates/ui-tests/src/test/java/io/jenkins/plugins/analysis/warnings/DetailsTabUiTest.java:[98,23] [Varifier] Consider using `var` here to avoid boilerplate.
    (see https://errorprone.info/bugpattern/Varifier)
  Did you mean 'var resultPage = new AnalysisResult(build, "checkstyle");'?
[WARNING] /home/gabsko/breaking-updates/ui-tests/src/test/java/io/jenkins/plugins/analysis/warnings/DetailsTabUiTest.java:[124,23] [Varifier] Consider using `var` here to avoid boilerplate.
    (see https://errorprone.info/bugpattern/Varifier)
  Did you mean 'var resultPage = new AnalysisResult(build, "checkstyle");'?
[WARNING] /home/gabsko/breaking-updates/ui-tests/src/test/java/io/jenkins/plugins/analysis/warnings/DetailsTabUiTest.java:[177,24] [Varifier] Consider using `var` here to avoid boilerplate.
    (see https://errorprone.info/bugpattern/Varifier)
  Did you mean 'var cpd = new AnalysisSummary(build, "cpd");'?
[WARNING] /home/gabsko/breaking-updates/ui-tests/src/test/java/io/jenkins/plugins/analysis/warnings/DetailsTabUiTest.java:[199,24] [Varifier] Consider using `var` here to avoid boilerplate.
    (see https://errorprone.info/bugpattern/Varifier)
  Did you mean 'var resultPage = new AnalysisSummary(build, "findbugs");'?
[WARNING] /home/gabsko/breaking-updates/ui-tests/src/test/java/io/jenkins/plugins/analysis/warnings/DetailsTabUiTest.java:[240,24] [Varifier] Consider using `var` here to avoid boilerplate.
    (see https://errorprone.info/bugpattern/Varifier)
  Did you mean 'var resultPage = new AnalysisSummary(build, "findbugs");'?
[WARNING] /home/gabsko/breaking-updates/ui-tests/src/test/java/io/jenkins/plugins/analysis/warnings/DetailsTabUiTest.java:[273,24] [Varifier] Consider using `var` here to avoid boilerplate.
    (see https://errorprone.info/bugpattern/Varifier)
  Did you mean 'var resultPage = new AnalysisSummary(build, "findbugs");'?
[WARNING] /home/gabsko/breaking-updates/ui-tests/src/test/java/io/jenkins/plugins/analysis/warnings/DetailsTabUiTest.java:[319,22] [Varifier] Consider using `var` here to avoid boilerplate.
    (see https://errorprone.info/bugpattern/Varifier)
  Did you mean 'var wait = new WebDriverWait(driver, 2, 100);'?
[WARNING] /home/gabsko/breaking-updates/ui-tests/src/test/java/io/jenkins/plugins/analysis/warnings/DashboardViewPortletUiTest.java:[37,23] [Varifier] Consider using `var` here to avoid boilerplate.
    (see https://errorprone.info/bugpattern/Varifier)
  Did you mean 'var dashboardTable = new DashboardTable(build, dashboardView.url);'?
[WARNING] /home/gabsko/breaking-updates/ui-tests/src/test/java/io/jenkins/plugins/analysis/warnings/DashboardViewPortletUiTest.java:[59,23] [Varifier] Consider using `var` here to avoid boilerplate.
    (see https://errorprone.info/bugpattern/Varifier)
  Did you mean 'var dashboardTable = new DashboardTable(build, dashboardView.url);'?
[WARNING] /home/gabsko/breaking-updates/ui-tests/src/test/java/io/jenkins/plugins/analysis/warnings/DashboardViewPortletUiTest.java:[80,23] [Varifier] Consider using `var` here to avoid boilerplate.
    (see https://errorprone.info/bugpattern/Varifier)
  Did you mean 'var dashboardTable = new DashboardTable(build, dashboardView.url);'?
[WARNING] /home/gabsko/breaking-updates/ui-tests/src/test/java/io/jenkins/plugins/analysis/warnings/DashboardViewPortletUiTest.java:[102,23] [Varifier] Consider using `var` here to avoid boilerplate.
    (see https://errorprone.info/bugpattern/Varifier)
  Did you mean 'var dashboardTable = new DashboardTable(build, dashboardView.url);'?
[WARNING] /home/gabsko/breaking-updates/ui-tests/src/test/java/io/jenkins/plugins/analysis/warnings/DashboardViewPortletUiTest.java:[132,23] [Varifier] Consider using `var` here to avoid boilerplate.
    (see https://errorprone.info/bugpattern/Varifier)
  Did you mean 'var dashboardTable = new DashboardTable(build, dashboardView.url);'?
[WARNING] /home/gabsko/breaking-updates/ui-tests/src/test/java/io/jenkins/plugins/analysis/warnings/DashboardViewPortletUiTest.java:[164,23] [Varifier] Consider using `var` here to avoid boilerplate.
    (see https://errorprone.info/bugpattern/Varifier)
  Did you mean 'var dashboardTable = new DashboardTable(build, dashboardView.url);'?
[WARNING] /home/gabsko/breaking-updates/ui-tests/src/test/java/io/jenkins/plugins/analysis/warnings/DashboardViewPortletUiTest.java:[192,23] [Varifier] Consider using `var` here to avoid boilerplate.
    (see https://errorprone.info/bugpattern/Varifier)
  Did you mean 'var dashboardTable = new DashboardTable(build, dashboardView.url);'?
[INFO] 
[INFO] --- jacoco-maven-plugin:0.8.8:prepare-agent (default) @ warnings-ng-ui-tests ---
[INFO] Skipping JaCoCo execution because property jacoco.skip is set.
[INFO] 
[INFO] --- maven-surefire-plugin:3.0.0-M7:test (default-test) @ warnings-ng-ui-tests ---
[INFO] Using auto detected provider org.apache.maven.surefire.junitplatform.JUnitPlatformProvider
[INFO] 
[INFO] -------------------------------------------------------
[INFO]  T E S T S
[INFO] -------------------------------------------------------
SLF4J: Class path contains multiple SLF4J bindings.
SLF4J: Found binding in [jar:file:/home/gabsko/.m2/repository/org/slf4j/slf4j-reload4j/1.7.36/slf4j-reload4j-1.7.36.jar!/org/slf4j/impl/StaticLoggerBinder.class]
SLF4J: Found binding in [jar:file:/home/gabsko/.m2/repository/org/slf4j/slf4j-simple/1.7.30/slf4j-simple-1.7.30.jar!/org/slf4j/impl/StaticLoggerBinder.class]
SLF4J: See http://www.slf4j.org/codes.html#multiple_bindings for an explanation.
SLF4J: Actual binding is of type [org.slf4j.impl.Reload4jLoggerFactory]
SLF4J: Class path contains multiple SLF4J bindings.
SLF4J: Found binding in [jar:file:/home/gabsko/.m2/repository/org/slf4j/slf4j-reload4j/1.7.36/slf4j-reload4j-1.7.36.jar!/org/slf4j/impl/StaticLoggerBinder.class]
SLF4J: Found binding in [jar:file:/home/gabsko/.m2/repository/org/slf4j/slf4j-simple/1.7.30/slf4j-simple-1.7.30.jar!/org/slf4j/impl/StaticLoggerBinder.class]
SLF4J: See http://www.slf4j.org/codes.html#multiple_bindings for an explanation.
SLF4J: Actual binding is of type [org.slf4j.impl.Reload4jLoggerFactory]
[INFO] Running io.jenkins.plugins.analysis.warnings.SmokeTests
Downloading: https://repo.jenkins-ci.org/public/org/jenkins-ci/main/jenkins-war/2.361/jenkins-war-2.361.war
Downloaded: https://repo.jenkins-ci.org/public/org/jenkins-ci/main/jenkins-war/2.361/jenkins-war-2.361.war (91259 KB at 4306.7 KB/sec)
2023-02-11 22:10:04,934 [main] INFO   (DefaultHttpProxyServer.java:485) org.littleshoot.proxy.impl.DefaultHttpProxyServer - Starting proxy at address: localhost/127.0.0.1:0
2023-02-11 22:10:04,984 [main] INFO   (DefaultHttpProxyServer.java:514) org.littleshoot.proxy.impl.DefaultHttpProxyServer - Proxy listening with TCP transport
2023-02-11 22:10:05,060 [main] INFO   (DefaultHttpProxyServer.java:540) org.littleshoot.proxy.impl.DefaultHttpProxyServer - Proxy started at address: /127.0.0.1:36165
[ERROR] Tests run: 2, Failures: 0, Errors: 2, Skipped: 0, Time elapsed: 24.05 s <<< FAILURE! - in io.jenkins.plugins.analysis.warnings.SmokeTests
[ERROR] io.jenkins.plugins.analysis.warnings.SmokeTests.shouldRecordIssuesInPipelineAndExpandTokens  Time elapsed: 22.836 s  <<< ERROR!
com.google.inject.ProvisionException: 
Unable to provision, see the following errors:

1) [Guice/ErrorInCustomProvider]: IOException: Failed to pull image selenium/standalone-firefox-debug:3.141.59
Got permission denied while trying to connect to the Docker daemon socket at unix:///var/run/docker.sock: Post "http://%2Fvar%2Frun%2Fdocker.sock/v1.24/images/create?fromImage=selenium%2Fstandalone-firefox-debug&tag=3.141.59": dial unix /var/run/docker.sock: connect: permission denied

  at FallbackConfig.createWebDriver(FallbackConfig.java:338)
      \_ installed by: World -> Modules$OverrideModule -> Modules$OverrideModule -> FallbackConfig
  at DiagnosticRule.driver(DiagnosticRule.java:18)
      \_ for field driver
  while locating DiagnosticRule

Learn more:
  https://github.com/google/guice/wiki/ERROR_IN_CUSTOM_PROVIDER

1 error

======================
Full classname legend:
======================
DiagnosticRule:         "org.jenkinsci.test.acceptance.junit.DiagnosticRule"
FallbackConfig:         "org.jenkinsci.test.acceptance.FallbackConfig"
IOException:            "java.io.IOException"
Modules$OverrideModule: "com.google.inject.util.Modules$OverrideModule"
World:                  "org.jenkinsci.test.acceptance.guice.World"
========================
End of classname legend:
========================

	at com.google.inject.internal.InternalProvisionException.toProvisionException(InternalProvisionException.java:251)
	at com.google.inject.internal.InjectorImpl$1.get(InjectorImpl.java:1104)
	at com.google.inject.internal.InjectorImpl.getInstance(InjectorImpl.java:1139)
	at org.jenkinsci.test.acceptance.junit.JenkinsAcceptanceTestRule$1.addRule(JenkinsAcceptanceTestRule.java:151)
	at org.jenkinsci.test.acceptance.junit.JenkinsAcceptanceTestRule$1.collectGlobalRules(JenkinsAcceptanceTestRule.java:125)
	at org.jenkinsci.test.acceptance.junit.JenkinsAcceptanceTestRule$1.decorateWithRules(JenkinsAcceptanceTestRule.java:92)
	at org.jenkinsci.test.acceptance.junit.JenkinsAcceptanceTestRule$1.evaluate(JenkinsAcceptanceTestRule.java:58)
	at org.junit.runners.ParentRunner$3.evaluate(ParentRunner.java:306)
	at org.junit.runners.BlockJUnit4ClassRunner$1.evaluate(BlockJUnit4ClassRunner.java:100)
	at org.junit.runners.ParentRunner.runLeaf(ParentRunner.java:366)
	at org.junit.runners.BlockJUnit4ClassRunner.runChild(BlockJUnit4ClassRunner.java:103)
	at org.junit.runners.BlockJUnit4ClassRunner.runChild(BlockJUnit4ClassRunner.java:63)
	at org.junit.runners.ParentRunner$4.run(ParentRunner.java:331)
	at org.junit.runners.ParentRunner$1.schedule(ParentRunner.java:79)
	at org.junit.runners.ParentRunner.runChildren(ParentRunner.java:329)
	at org.junit.runners.ParentRunner.access$100(ParentRunner.java:66)
	at org.junit.runners.ParentRunner$2.evaluate(ParentRunner.java:293)
	at org.junit.runners.ParentRunner$3.evaluate(ParentRunner.java:306)
	at org.junit.runners.ParentRunner.run(ParentRunner.java:413)
	at org.junit.runner.JUnitCore.run(JUnitCore.java:137)
	at org.junit.runner.JUnitCore.run(JUnitCore.java:115)
	at org.junit.vintage.engine.execution.RunnerExecutor.execute(RunnerExecutor.java:42)
	at org.junit.vintage.engine.VintageTestEngine.executeAllChildren(VintageTestEngine.java:80)
	at org.junit.vintage.engine.VintageTestEngine.execute(VintageTestEngine.java:72)
	at org.junit.platform.launcher.core.EngineExecutionOrchestrator.execute(EngineExecutionOrchestrator.java:107)
	at org.junit.platform.launcher.core.EngineExecutionOrchestrator.execute(EngineExecutionOrchestrator.java:88)
	at org.junit.platform.launcher.core.EngineExecutionOrchestrator.lambda$execute$0(EngineExecutionOrchestrator.java:54)
	at org.junit.platform.launcher.core.EngineExecutionOrchestrator.withInterceptedStreams(EngineExecutionOrchestrator.java:67)
	at org.junit.platform.launcher.core.EngineExecutionOrchestrator.execute(EngineExecutionOrchestrator.java:52)
	at org.junit.platform.launcher.core.DefaultLauncher.execute(DefaultLauncher.java:114)
	at org.junit.platform.launcher.core.DefaultLauncher.execute(DefaultLauncher.java:86)
	at org.junit.platform.launcher.core.DefaultLauncherSession$DelegatingLauncher.execute(DefaultLauncherSession.java:86)
	at org.apache.maven.surefire.junitplatform.LazyLauncher.execute(LazyLauncher.java:55)
	at org.apache.maven.surefire.junitplatform.JUnitPlatformProvider.execute(JUnitPlatformProvider.java:223)
	at org.apache.maven.surefire.junitplatform.JUnitPlatformProvider.invokeAllTests(JUnitPlatformProvider.java:175)
	at org.apache.maven.surefire.junitplatform.JUnitPlatformProvider.invoke(JUnitPlatformProvider.java:135)
	at org.apache.maven.surefire.booter.ForkedBooter.runSuitesInProcess(ForkedBooter.java:456)
	at org.apache.maven.surefire.booter.ForkedBooter.execute(ForkedBooter.java:169)
	at org.apache.maven.surefire.booter.ForkedBooter.run(ForkedBooter.java:595)
	at org.apache.maven.surefire.booter.ForkedBooter.main(ForkedBooter.java:581)
Caused by: java.io.IOException: Failed to pull image selenium/standalone-firefox-debug:3.141.59
Got permission denied while trying to connect to the Docker daemon socket at unix:///var/run/docker.sock: Post "http://%2Fvar%2Frun%2Fdocker.sock/v1.24/images/create?fromImage=selenium%2Fstandalone-firefox-debug&tag=3.141.59": dial unix /var/run/docker.sock: connect: permission denied

	at org.jenkinsci.utils.process.ProcessInputStream.verifyOrDieWith(ProcessInputStream.java:96)
	at org.jenkinsci.test.acceptance.FallbackConfig.createContainerWebDriver(FallbackConfig.java:234)
	at org.jenkinsci.test.acceptance.FallbackConfig.createWebDriver(FallbackConfig.java:128)
	at org.jenkinsci.test.acceptance.FallbackConfig.createWebDriver(FallbackConfig.java:338)
	at org.jenkinsci.test.acceptance.FallbackConfig$$FastClassByGuice$$447671.GUICE$TRAMPOLINE(<generated>)
	at org.jenkinsci.test.acceptance.FallbackConfig$$FastClassByGuice$$447671.apply(<generated>)
	at com.google.inject.internal.ProviderMethod$FastClassProviderMethod.doProvision(ProviderMethod.java:260)
	at com.google.inject.internal.ProviderMethod.doProvision(ProviderMethod.java:171)
	at com.google.inject.internal.InternalProviderInstanceBindingImpl$CyclicFactory.provision(InternalProviderInstanceBindingImpl.java:185)
	at com.google.inject.internal.InternalProviderInstanceBindingImpl$CyclicFactory.get(InternalProviderInstanceBindingImpl.java:162)
	at com.google.inject.internal.ProviderToInternalFactoryAdapter.get(ProviderToInternalFactoryAdapter.java:40)
	at org.jenkinsci.test.acceptance.guice.TestLifecycle$1.get(TestLifecycle.java:61)
	at com.google.inject.internal.InternalFactoryToProviderAdapter.get(InternalFactoryToProviderAdapter.java:45)
	at com.google.inject.internal.SingleFieldInjector.inject(SingleFieldInjector.java:50)
	at com.google.inject.internal.MembersInjectorImpl.injectMembers(MembersInjectorImpl.java:146)
	at com.google.inject.internal.ConstructorInjector.provision(ConstructorInjector.java:124)
	at com.google.inject.internal.ConstructorInjector.construct(ConstructorInjector.java:91)
	at com.google.inject.internal.ConstructorBindingImpl$Factory.get(ConstructorBindingImpl.java:300)
	at com.google.inject.internal.InjectorImpl$1.get(InjectorImpl.java:1101)
	... 38 more

[ERROR] io.jenkins.plugins.analysis.warnings.SmokeTests.shouldShowBuildSummaryAndLinkToDetails  Time elapsed: 1.164 s  <<< ERROR!
com.google.inject.ProvisionException: 
Unable to provision, see the following errors:

1) [Guice/ErrorInCustomProvider]: IOException: Failed to pull image selenium/standalone-firefox-debug:3.141.59
Got permission denied while trying to connect to the Docker daemon socket at unix:///var/run/docker.sock: Post "http://%2Fvar%2Frun%2Fdocker.sock/v1.24/images/create?fromImage=selenium%2Fstandalone-firefox-debug&tag=3.141.59": dial unix /var/run/docker.sock: connect: permission denied

  at FallbackConfig.createWebDriver(FallbackConfig.java:338)
      \_ installed by: World -> Modules$OverrideModule -> Modules$OverrideModule -> FallbackConfig
  at DiagnosticRule.driver(DiagnosticRule.java:18)
      \_ for field driver
  while locating DiagnosticRule

Learn more:
  https://github.com/google/guice/wiki/ERROR_IN_CUSTOM_PROVIDER

1 error

======================
Full classname legend:
======================
DiagnosticRule:         "org.jenkinsci.test.acceptance.junit.DiagnosticRule"
FallbackConfig:         "org.jenkinsci.test.acceptance.FallbackConfig"
IOException:            "java.io.IOException"
Modules$OverrideModule: "com.google.inject.util.Modules$OverrideModule"
World:                  "org.jenkinsci.test.acceptance.guice.World"
========================
End of classname legend:
========================

	at com.google.inject.internal.InternalProvisionException.toProvisionException(InternalProvisionException.java:251)
	at com.google.inject.internal.InjectorImpl$1.get(InjectorImpl.java:1104)
	at com.google.inject.internal.InjectorImpl.getInstance(InjectorImpl.java:1139)
	at org.jenkinsci.test.acceptance.junit.JenkinsAcceptanceTestRule$1.addRule(JenkinsAcceptanceTestRule.java:151)
	at org.jenkinsci.test.acceptance.junit.JenkinsAcceptanceTestRule$1.collectGlobalRules(JenkinsAcceptanceTestRule.java:125)
	at org.jenkinsci.test.acceptance.junit.JenkinsAcceptanceTestRule$1.decorateWithRules(JenkinsAcceptanceTestRule.java:92)
	at org.jenkinsci.test.acceptance.junit.JenkinsAcceptanceTestRule$1.evaluate(JenkinsAcceptanceTestRule.java:58)
	at org.junit.runners.ParentRunner$3.evaluate(ParentRunner.java:306)
	at org.junit.runners.BlockJUnit4ClassRunner$1.evaluate(BlockJUnit4ClassRunner.java:100)
	at org.junit.runners.ParentRunner.runLeaf(ParentRunner.java:366)
	at org.junit.runners.BlockJUnit4ClassRunner.runChild(BlockJUnit4ClassRunner.java:103)
	at org.junit.runners.BlockJUnit4ClassRunner.runChild(BlockJUnit4ClassRunner.java:63)
	at org.junit.runners.ParentRunner$4.run(ParentRunner.java:331)
	at org.junit.runners.ParentRunner$1.schedule(ParentRunner.java:79)
	at org.junit.runners.ParentRunner.runChildren(ParentRunner.java:329)
	at org.junit.runners.ParentRunner.access$100(ParentRunner.java:66)
	at org.junit.runners.ParentRunner$2.evaluate(ParentRunner.java:293)
	at org.junit.runners.ParentRunner$3.evaluate(ParentRunner.java:306)
	at org.junit.runners.ParentRunner.run(ParentRunner.java:413)
	at org.junit.runner.JUnitCore.run(JUnitCore.java:137)
	at org.junit.runner.JUnitCore.run(JUnitCore.java:115)
	at org.junit.vintage.engine.execution.RunnerExecutor.execute(RunnerExecutor.java:42)
	at org.junit.vintage.engine.VintageTestEngine.executeAllChildren(VintageTestEngine.java:80)
	at org.junit.vintage.engine.VintageTestEngine.execute(VintageTestEngine.java:72)
	at org.junit.platform.launcher.core.EngineExecutionOrchestrator.execute(EngineExecutionOrchestrator.java:107)
	at org.junit.platform.launcher.core.EngineExecutionOrchestrator.execute(EngineExecutionOrchestrator.java:88)
	at org.junit.platform.launcher.core.EngineExecutionOrchestrator.lambda$execute$0(EngineExecutionOrchestrator.java:54)
	at org.junit.platform.launcher.core.EngineExecutionOrchestrator.withInterceptedStreams(EngineExecutionOrchestrator.java:67)
	at org.junit.platform.launcher.core.EngineExecutionOrchestrator.execute(EngineExecutionOrchestrator.java:52)
	at org.junit.platform.launcher.core.DefaultLauncher.execute(DefaultLauncher.java:114)
	at org.junit.platform.launcher.core.DefaultLauncher.execute(DefaultLauncher.java:86)
	at org.junit.platform.launcher.core.DefaultLauncherSession$DelegatingLauncher.execute(DefaultLauncherSession.java:86)
	at org.apache.maven.surefire.junitplatform.LazyLauncher.execute(LazyLauncher.java:55)
	at org.apache.maven.surefire.junitplatform.JUnitPlatformProvider.execute(JUnitPlatformProvider.java:223)
	at org.apache.maven.surefire.junitplatform.JUnitPlatformProvider.invokeAllTests(JUnitPlatformProvider.java:175)
	at org.apache.maven.surefire.junitplatform.JUnitPlatformProvider.invoke(JUnitPlatformProvider.java:135)
	at org.apache.maven.surefire.booter.ForkedBooter.runSuitesInProcess(ForkedBooter.java:456)
	at org.apache.maven.surefire.booter.ForkedBooter.execute(ForkedBooter.java:169)
	at org.apache.maven.surefire.booter.ForkedBooter.run(ForkedBooter.java:595)
	at org.apache.maven.surefire.booter.ForkedBooter.main(ForkedBooter.java:581)
Caused by: java.io.IOException: Failed to pull image selenium/standalone-firefox-debug:3.141.59
Got permission denied while trying to connect to the Docker daemon socket at unix:///var/run/docker.sock: Post "http://%2Fvar%2Frun%2Fdocker.sock/v1.24/images/create?fromImage=selenium%2Fstandalone-firefox-debug&tag=3.141.59": dial unix /var/run/docker.sock: connect: permission denied

	at org.jenkinsci.utils.process.ProcessInputStream.verifyOrDieWith(ProcessInputStream.java:96)
	at org.jenkinsci.test.acceptance.FallbackConfig.createContainerWebDriver(FallbackConfig.java:234)
	at org.jenkinsci.test.acceptance.FallbackConfig.createWebDriver(FallbackConfig.java:128)
	at org.jenkinsci.test.acceptance.FallbackConfig.createWebDriver(FallbackConfig.java:338)
	at org.jenkinsci.test.acceptance.FallbackConfig$$FastClassByGuice$$447671.GUICE$TRAMPOLINE(<generated>)
	at org.jenkinsci.test.acceptance.FallbackConfig$$FastClassByGuice$$447671.apply(<generated>)
	at com.google.inject.internal.ProviderMethod$FastClassProviderMethod.doProvision(ProviderMethod.java:260)
	at com.google.inject.internal.ProviderMethod.doProvision(ProviderMethod.java:171)
	at com.google.inject.internal.InternalProviderInstanceBindingImpl$CyclicFactory.provision(InternalProviderInstanceBindingImpl.java:185)
	at com.google.inject.internal.InternalProviderInstanceBindingImpl$CyclicFactory.get(InternalProviderInstanceBindingImpl.java:162)
	at com.google.inject.internal.ProviderToInternalFactoryAdapter.get(ProviderToInternalFactoryAdapter.java:40)
	at org.jenkinsci.test.acceptance.guice.TestLifecycle$1.get(TestLifecycle.java:61)
	at com.google.inject.internal.InternalFactoryToProviderAdapter.get(InternalFactoryToProviderAdapter.java:45)
	at com.google.inject.internal.SingleFieldInjector.inject(SingleFieldInjector.java:50)
	at com.google.inject.internal.MembersInjectorImpl.injectMembers(MembersInjectorImpl.java:146)
	at com.google.inject.internal.ConstructorInjector.provision(ConstructorInjector.java:124)
	at com.google.inject.internal.ConstructorInjector.construct(ConstructorInjector.java:91)
	at com.google.inject.internal.ConstructorBindingImpl$Factory.get(ConstructorBindingImpl.java:300)
	at com.google.inject.internal.InjectorImpl$1.get(InjectorImpl.java:1101)
	... 38 more

[INFO] Running io.jenkins.plugins.analysis.warnings.SmokeTests
[ERROR] Tests run: 2, Failures: 0, Errors: 2, Skipped: 0, Time elapsed: 2.127 s <<< FAILURE! - in io.jenkins.plugins.analysis.warnings.SmokeTests
[ERROR] io.jenkins.plugins.analysis.warnings.SmokeTests.shouldRecordIssuesInPipelineAndExpandTokens  Time elapsed: 0.344 s  <<< ERROR!
com.google.inject.ProvisionException: 
Unable to provision, see the following errors:

1) [Guice/ErrorInCustomProvider]: IOException: Failed to pull image selenium/standalone-firefox-debug:3.141.59
Got permission denied while trying to connect to the Docker daemon socket at unix:///var/run/docker.sock: Post "http://%2Fvar%2Frun%2Fdocker.sock/v1.24/images/create?fromImage=selenium%2Fstandalone-firefox-debug&tag=3.141.59": dial unix /var/run/docker.sock: connect: permission denied

  at FallbackConfig.createWebDriver(FallbackConfig.java:338)
      \_ installed by: World -> Modules$OverrideModule -> Modules$OverrideModule -> FallbackConfig
  at DiagnosticRule.driver(DiagnosticRule.java:18)
      \_ for field driver
  while locating DiagnosticRule

Learn more:
  https://github.com/google/guice/wiki/ERROR_IN_CUSTOM_PROVIDER

1 error

======================
Full classname legend:
======================
DiagnosticRule:         "org.jenkinsci.test.acceptance.junit.DiagnosticRule"
FallbackConfig:         "org.jenkinsci.test.acceptance.FallbackConfig"
IOException:            "java.io.IOException"
Modules$OverrideModule: "com.google.inject.util.Modules$OverrideModule"
World:                  "org.jenkinsci.test.acceptance.guice.World"
========================
End of classname legend:
========================

	at com.google.inject.internal.InternalProvisionException.toProvisionException(InternalProvisionException.java:251)
	at com.google.inject.internal.InjectorImpl$1.get(InjectorImpl.java:1104)
	at com.google.inject.internal.InjectorImpl.getInstance(InjectorImpl.java:1139)
	at org.jenkinsci.test.acceptance.junit.JenkinsAcceptanceTestRule$1.addRule(JenkinsAcceptanceTestRule.java:151)
	at org.jenkinsci.test.acceptance.junit.JenkinsAcceptanceTestRule$1.collectGlobalRules(JenkinsAcceptanceTestRule.java:125)
	at org.jenkinsci.test.acceptance.junit.JenkinsAcceptanceTestRule$1.decorateWithRules(JenkinsAcceptanceTestRule.java:92)
	at org.jenkinsci.test.acceptance.junit.JenkinsAcceptanceTestRule$1.evaluate(JenkinsAcceptanceTestRule.java:58)
	at org.junit.runners.ParentRunner$3.evaluate(ParentRunner.java:306)
	at org.junit.runners.BlockJUnit4ClassRunner$1.evaluate(BlockJUnit4ClassRunner.java:100)
	at org.junit.runners.ParentRunner.runLeaf(ParentRunner.java:366)
	at org.junit.runners.BlockJUnit4ClassRunner.runChild(BlockJUnit4ClassRunner.java:103)
	at org.junit.runners.BlockJUnit4ClassRunner.runChild(BlockJUnit4ClassRunner.java:63)
	at org.junit.runners.ParentRunner$4.run(ParentRunner.java:331)
	at org.junit.runners.ParentRunner$1.schedule(ParentRunner.java:79)
	at org.junit.runners.ParentRunner.runChildren(ParentRunner.java:329)
	at org.junit.runners.ParentRunner.access$100(ParentRunner.java:66)
	at org.junit.runners.ParentRunner$2.evaluate(ParentRunner.java:293)
	at org.junit.runners.ParentRunner$3.evaluate(ParentRunner.java:306)
	at org.junit.runners.ParentRunner.run(ParentRunner.java:413)
	at org.junit.runner.JUnitCore.run(JUnitCore.java:137)
	at org.junit.runner.JUnitCore.run(JUnitCore.java:115)
	at org.junit.vintage.engine.execution.RunnerExecutor.execute(RunnerExecutor.java:42)
	at org.junit.vintage.engine.VintageTestEngine.executeAllChildren(VintageTestEngine.java:80)
	at org.junit.vintage.engine.VintageTestEngine.execute(VintageTestEngine.java:72)
	at org.junit.platform.launcher.core.EngineExecutionOrchestrator.execute(EngineExecutionOrchestrator.java:107)
	at org.junit.platform.launcher.core.EngineExecutionOrchestrator.execute(EngineExecutionOrchestrator.java:88)
	at org.junit.platform.launcher.core.EngineExecutionOrchestrator.lambda$execute$0(EngineExecutionOrchestrator.java:54)
	at org.junit.platform.launcher.core.EngineExecutionOrchestrator.withInterceptedStreams(EngineExecutionOrchestrator.java:67)
	at org.junit.platform.launcher.core.EngineExecutionOrchestrator.execute(EngineExecutionOrchestrator.java:52)
	at org.junit.platform.launcher.core.DefaultLauncher.execute(DefaultLauncher.java:114)
	at org.junit.platform.launcher.core.DefaultLauncher.execute(DefaultLauncher.java:86)
	at org.junit.platform.launcher.core.DefaultLauncherSession$DelegatingLauncher.execute(DefaultLauncherSession.java:86)
	at org.apache.maven.surefire.junitplatform.LazyLauncher.execute(LazyLauncher.java:55)
	at org.apache.maven.surefire.junitplatform.JUnitPlatformProvider.invokeAllTests(JUnitPlatformProvider.java:195)
	at org.apache.maven.surefire.junitplatform.JUnitPlatformProvider.invoke(JUnitPlatformProvider.java:135)
	at org.apache.maven.surefire.booter.ForkedBooter.runSuitesInProcess(ForkedBooter.java:456)
	at org.apache.maven.surefire.booter.ForkedBooter.execute(ForkedBooter.java:169)
	at org.apache.maven.surefire.booter.ForkedBooter.run(ForkedBooter.java:595)
	at org.apache.maven.surefire.booter.ForkedBooter.main(ForkedBooter.java:581)
Caused by: java.io.IOException: Failed to pull image selenium/standalone-firefox-debug:3.141.59
Got permission denied while trying to connect to the Docker daemon socket at unix:///var/run/docker.sock: Post "http://%2Fvar%2Frun%2Fdocker.sock/v1.24/images/create?fromImage=selenium%2Fstandalone-firefox-debug&tag=3.141.59": dial unix /var/run/docker.sock: connect: permission denied

	at org.jenkinsci.utils.process.ProcessInputStream.verifyOrDieWith(ProcessInputStream.java:96)
	at org.jenkinsci.test.acceptance.FallbackConfig.createContainerWebDriver(FallbackConfig.java:234)
	at org.jenkinsci.test.acceptance.FallbackConfig.createWebDriver(FallbackConfig.java:128)
	at org.jenkinsci.test.acceptance.FallbackConfig.createWebDriver(FallbackConfig.java:338)
	at org.jenkinsci.test.acceptance.FallbackConfig$$FastClassByGuice$$447671.GUICE$TRAMPOLINE(<generated>)
	at org.jenkinsci.test.acceptance.FallbackConfig$$FastClassByGuice$$447671.apply(<generated>)
	at com.google.inject.internal.ProviderMethod$FastClassProviderMethod.doProvision(ProviderMethod.java:260)
	at com.google.inject.internal.ProviderMethod.doProvision(ProviderMethod.java:171)
	at com.google.inject.internal.InternalProviderInstanceBindingImpl$CyclicFactory.provision(InternalProviderInstanceBindingImpl.java:185)
	at com.google.inject.internal.InternalProviderInstanceBindingImpl$CyclicFactory.get(InternalProviderInstanceBindingImpl.java:162)
	at com.google.inject.internal.ProviderToInternalFactoryAdapter.get(ProviderToInternalFactoryAdapter.java:40)
	at org.jenkinsci.test.acceptance.guice.TestLifecycle$1.get(TestLifecycle.java:61)
	at com.google.inject.internal.InternalFactoryToProviderAdapter.get(InternalFactoryToProviderAdapter.java:45)
	at com.google.inject.internal.SingleFieldInjector.inject(SingleFieldInjector.java:50)
	at com.google.inject.internal.MembersInjectorImpl.injectMembers(MembersInjectorImpl.java:146)
	at com.google.inject.internal.ConstructorInjector.provision(ConstructorInjector.java:124)
	at com.google.inject.internal.ConstructorInjector.construct(ConstructorInjector.java:91)
	at com.google.inject.internal.ConstructorBindingImpl$Factory.get(ConstructorBindingImpl.java:300)
	at com.google.inject.internal.InjectorImpl$1.get(InjectorImpl.java:1101)
	... 37 more

[ERROR] io.jenkins.plugins.analysis.warnings.SmokeTests.shouldShowBuildSummaryAndLinkToDetails  Time elapsed: 1.77 s  <<< ERROR!
com.google.inject.ProvisionException: 
Unable to provision, see the following errors:

1) [Guice/ErrorInCustomProvider]: IOException: Failed to pull image selenium/standalone-firefox-debug:3.141.59
Got permission denied while trying to connect to the Docker daemon socket at unix:///var/run/docker.sock: Post "http://%2Fvar%2Frun%2Fdocker.sock/v1.24/images/create?fromImage=selenium%2Fstandalone-firefox-debug&tag=3.141.59": dial unix /var/run/docker.sock: connect: permission denied

  at FallbackConfig.createWebDriver(FallbackConfig.java:338)
      \_ installed by: World -> Modules$OverrideModule -> Modules$OverrideModule -> FallbackConfig
  at DiagnosticRule.driver(DiagnosticRule.java:18)
      \_ for field driver
  while locating DiagnosticRule

Learn more:
  https://github.com/google/guice/wiki/ERROR_IN_CUSTOM_PROVIDER

1 error

======================
Full classname legend:
======================
DiagnosticRule:         "org.jenkinsci.test.acceptance.junit.DiagnosticRule"
FallbackConfig:         "org.jenkinsci.test.acceptance.FallbackConfig"
IOException:            "java.io.IOException"
Modules$OverrideModule: "com.google.inject.util.Modules$OverrideModule"
World:                  "org.jenkinsci.test.acceptance.guice.World"
========================
End of classname legend:
========================

	at com.google.inject.internal.InternalProvisionException.toProvisionException(InternalProvisionException.java:251)
	at com.google.inject.internal.InjectorImpl$1.get(InjectorImpl.java:1104)
	at com.google.inject.internal.InjectorImpl.getInstance(InjectorImpl.java:1139)
	at org.jenkinsci.test.acceptance.junit.JenkinsAcceptanceTestRule$1.addRule(JenkinsAcceptanceTestRule.java:151)
	at org.jenkinsci.test.acceptance.junit.JenkinsAcceptanceTestRule$1.collectGlobalRules(JenkinsAcceptanceTestRule.java:125)
	at org.jenkinsci.test.acceptance.junit.JenkinsAcceptanceTestRule$1.decorateWithRules(JenkinsAcceptanceTestRule.java:92)
	at org.jenkinsci.test.acceptance.junit.JenkinsAcceptanceTestRule$1.evaluate(JenkinsAcceptanceTestRule.java:58)
	at org.junit.runners.ParentRunner$3.evaluate(ParentRunner.java:306)
	at org.junit.runners.BlockJUnit4ClassRunner$1.evaluate(BlockJUnit4ClassRunner.java:100)
	at org.junit.runners.ParentRunner.runLeaf(ParentRunner.java:366)
	at org.junit.runners.BlockJUnit4ClassRunner.runChild(BlockJUnit4ClassRunner.java:103)
	at org.junit.runners.BlockJUnit4ClassRunner.runChild(BlockJUnit4ClassRunner.java:63)
	at org.junit.runners.ParentRunner$4.run(ParentRunner.java:331)
	at org.junit.runners.ParentRunner$1.schedule(ParentRunner.java:79)
	at org.junit.runners.ParentRunner.runChildren(ParentRunner.java:329)
	at org.junit.runners.ParentRunner.access$100(ParentRunner.java:66)
	at org.junit.runners.ParentRunner$2.evaluate(ParentRunner.java:293)
	at org.junit.runners.ParentRunner$3.evaluate(ParentRunner.java:306)
	at org.junit.runners.ParentRunner.run(ParentRunner.java:413)
	at org.junit.runner.JUnitCore.run(JUnitCore.java:137)
	at org.junit.runner.JUnitCore.run(JUnitCore.java:115)
	at org.junit.vintage.engine.execution.RunnerExecutor.execute(RunnerExecutor.java:42)
	at org.junit.vintage.engine.VintageTestEngine.executeAllChildren(VintageTestEngine.java:80)
	at org.junit.vintage.engine.VintageTestEngine.execute(VintageTestEngine.java:72)
	at org.junit.platform.launcher.core.EngineExecutionOrchestrator.execute(EngineExecutionOrchestrator.java:107)
	at org.junit.platform.launcher.core.EngineExecutionOrchestrator.execute(EngineExecutionOrchestrator.java:88)
	at org.junit.platform.launcher.core.EngineExecutionOrchestrator.lambda$execute$0(EngineExecutionOrchestrator.java:54)
	at org.junit.platform.launcher.core.EngineExecutionOrchestrator.withInterceptedStreams(EngineExecutionOrchestrator.java:67)
	at org.junit.platform.launcher.core.EngineExecutionOrchestrator.execute(EngineExecutionOrchestrator.java:52)
	at org.junit.platform.launcher.core.DefaultLauncher.execute(DefaultLauncher.java:114)
	at org.junit.platform.launcher.core.DefaultLauncher.execute(DefaultLauncher.java:86)
	at org.junit.platform.launcher.core.DefaultLauncherSession$DelegatingLauncher.execute(DefaultLauncherSession.java:86)
	at org.apache.maven.surefire.junitplatform.LazyLauncher.execute(LazyLauncher.java:55)
	at org.apache.maven.surefire.junitplatform.JUnitPlatformProvider.invokeAllTests(JUnitPlatformProvider.java:195)
	at org.apache.maven.surefire.junitplatform.JUnitPlatformProvider.invoke(JUnitPlatformProvider.java:135)
	at org.apache.maven.surefire.booter.ForkedBooter.runSuitesInProcess(ForkedBooter.java:456)
	at org.apache.maven.surefire.booter.ForkedBooter.execute(ForkedBooter.java:169)
	at org.apache.maven.surefire.booter.ForkedBooter.run(ForkedBooter.java:595)
	at org.apache.maven.surefire.booter.ForkedBooter.main(ForkedBooter.java:581)
Caused by: java.io.IOException: Failed to pull image selenium/standalone-firefox-debug:3.141.59
Got permission denied while trying to connect to the Docker daemon socket at unix:///var/run/docker.sock: Post "http://%2Fvar%2Frun%2Fdocker.sock/v1.24/images/create?fromImage=selenium%2Fstandalone-firefox-debug&tag=3.141.59": dial unix /var/run/docker.sock: connect: permission denied

	at org.jenkinsci.utils.process.ProcessInputStream.verifyOrDieWith(ProcessInputStream.java:96)
	at org.jenkinsci.test.acceptance.FallbackConfig.createContainerWebDriver(FallbackConfig.java:234)
	at org.jenkinsci.test.acceptance.FallbackConfig.createWebDriver(FallbackConfig.java:128)
	at org.jenkinsci.test.acceptance.FallbackConfig.createWebDriver(FallbackConfig.java:338)
	at org.jenkinsci.test.acceptance.FallbackConfig$$FastClassByGuice$$447671.GUICE$TRAMPOLINE(<generated>)
	at org.jenkinsci.test.acceptance.FallbackConfig$$FastClassByGuice$$447671.apply(<generated>)
	at com.google.inject.internal.ProviderMethod$FastClassProviderMethod.doProvision(ProviderMethod.java:260)
	at com.google.inject.internal.ProviderMethod.doProvision(ProviderMethod.java:171)
	at com.google.inject.internal.InternalProviderInstanceBindingImpl$CyclicFactory.provision(InternalProviderInstanceBindingImpl.java:185)
	at com.google.inject.internal.InternalProviderInstanceBindingImpl$CyclicFactory.get(InternalProviderInstanceBindingImpl.java:162)
	at com.google.inject.internal.ProviderToInternalFactoryAdapter.get(ProviderToInternalFactoryAdapter.java:40)
	at org.jenkinsci.test.acceptance.guice.TestLifecycle$1.get(TestLifecycle.java:61)
	at com.google.inject.internal.InternalFactoryToProviderAdapter.get(InternalFactoryToProviderAdapter.java:45)
	at com.google.inject.internal.SingleFieldInjector.inject(SingleFieldInjector.java:50)
	at com.google.inject.internal.MembersInjectorImpl.injectMembers(MembersInjectorImpl.java:146)
	at com.google.inject.internal.ConstructorInjector.provision(ConstructorInjector.java:124)
	at com.google.inject.internal.ConstructorInjector.construct(ConstructorInjector.java:91)
	at com.google.inject.internal.ConstructorBindingImpl$Factory.get(ConstructorBindingImpl.java:300)
	at com.google.inject.internal.InjectorImpl$1.get(InjectorImpl.java:1101)
	... 37 more

[INFO] 
[INFO] Results:
[INFO] 
[ERROR] Errors: 
[ERROR] io.jenkins.plugins.analysis.warnings.SmokeTests.shouldRecordIssuesInPipelineAndExpandTokens
[ERROR]   Run 1: SmokeTests.shouldRecordIssuesInPipelineAndExpandTokens » Provision Unable to provision, see the following errors:

1) [Guice/ErrorInCustomProvider]: IOException: Failed to pull image selenium/standalone-firefox-debug:3.141.59
Got permission denied while trying to connect to the Docker daemon socket at unix:///var/run/docker.sock: Post "http://%2Fvar%2Frun%2Fdocker.sock/v1.24/images/create?fromImage=selenium%2Fstandalone-firefox-debug&tag=3.141.59": dial unix /var/run/docker.sock: connect: permission denied

  at FallbackConfig.createWebDriver(FallbackConfig.java:338)
      \_ installed by: World -> Modules$OverrideModule -> Modules$OverrideModule -> FallbackConfig
  at DiagnosticRule.driver(DiagnosticRule.java:18)
      \_ for field driver
  while locating DiagnosticRule

Learn more:
  https://github.com/google/guice/wiki/ERROR_IN_CUSTOM_PROVIDER

1 error

======================
Full classname legend:
======================
DiagnosticRule:         "org.jenkinsci.test.acceptance.junit.DiagnosticRule"
FallbackConfig:         "org.jenkinsci.test.acceptance.FallbackConfig"
IOException:            "java.io.IOException"
Modules$OverrideModule: "com.google.inject.util.Modules$OverrideModule"
World:                  "org.jenkinsci.test.acceptance.guice.World"
========================
End of classname legend:
========================

[ERROR]   Run 2: SmokeTests.shouldRecordIssuesInPipelineAndExpandTokens » Provision Unable to provision, see the following errors:

1) [Guice/ErrorInCustomProvider]: IOException: Failed to pull image selenium/standalone-firefox-debug:3.141.59
Got permission denied while trying to connect to the Docker daemon socket at unix:///var/run/docker.sock: Post "http://%2Fvar%2Frun%2Fdocker.sock/v1.24/images/create?fromImage=selenium%2Fstandalone-firefox-debug&tag=3.141.59": dial unix /var/run/docker.sock: connect: permission denied

  at FallbackConfig.createWebDriver(FallbackConfig.java:338)
      \_ installed by: World -> Modules$OverrideModule -> Modules$OverrideModule -> FallbackConfig
  at DiagnosticRule.driver(DiagnosticRule.java:18)
      \_ for field driver
  while locating DiagnosticRule

Learn more:
  https://github.com/google/guice/wiki/ERROR_IN_CUSTOM_PROVIDER

1 error

======================
Full classname legend:
======================
DiagnosticRule:         "org.jenkinsci.test.acceptance.junit.DiagnosticRule"
FallbackConfig:         "org.jenkinsci.test.acceptance.FallbackConfig"
IOException:            "java.io.IOException"
Modules$OverrideModule: "com.google.inject.util.Modules$OverrideModule"
World:                  "org.jenkinsci.test.acceptance.guice.World"
========================
End of classname legend:
========================

[INFO] 
[ERROR] io.jenkins.plugins.analysis.warnings.SmokeTests.shouldShowBuildSummaryAndLinkToDetails
[ERROR]   Run 1: SmokeTests.shouldShowBuildSummaryAndLinkToDetails » Provision Unable to provision, see the following errors:

1) [Guice/ErrorInCustomProvider]: IOException: Failed to pull image selenium/standalone-firefox-debug:3.141.59
Got permission denied while trying to connect to the Docker daemon socket at unix:///var/run/docker.sock: Post "http://%2Fvar%2Frun%2Fdocker.sock/v1.24/images/create?fromImage=selenium%2Fstandalone-firefox-debug&tag=3.141.59": dial unix /var/run/docker.sock: connect: permission denied

  at FallbackConfig.createWebDriver(FallbackConfig.java:338)
      \_ installed by: World -> Modules$OverrideModule -> Modules$OverrideModule -> FallbackConfig
  at DiagnosticRule.driver(DiagnosticRule.java:18)
      \_ for field driver
  while locating DiagnosticRule

Learn more:
  https://github.com/google/guice/wiki/ERROR_IN_CUSTOM_PROVIDER

1 error

======================
Full classname legend:
======================
DiagnosticRule:         "org.jenkinsci.test.acceptance.junit.DiagnosticRule"
FallbackConfig:         "org.jenkinsci.test.acceptance.FallbackConfig"
IOException:            "java.io.IOException"
Modules$OverrideModule: "com.google.inject.util.Modules$OverrideModule"
World:                  "org.jenkinsci.test.acceptance.guice.World"
========================
End of classname legend:
========================

[ERROR]   Run 2: SmokeTests.shouldShowBuildSummaryAndLinkToDetails » Provision Unable to provision, see the following errors:

1) [Guice/ErrorInCustomProvider]: IOException: Failed to pull image selenium/standalone-firefox-debug:3.141.59
Got permission denied while trying to connect to the Docker daemon socket at unix:///var/run/docker.sock: Post "http://%2Fvar%2Frun%2Fdocker.sock/v1.24/images/create?fromImage=selenium%2Fstandalone-firefox-debug&tag=3.141.59": dial unix /var/run/docker.sock: connect: permission denied

  at FallbackConfig.createWebDriver(FallbackConfig.java:338)
      \_ installed by: World -> Modules$OverrideModule -> Modules$OverrideModule -> FallbackConfig
  at DiagnosticRule.driver(DiagnosticRule.java:18)
      \_ for field driver
  while locating DiagnosticRule

Learn more:
  https://github.com/google/guice/wiki/ERROR_IN_CUSTOM_PROVIDER

1 error

======================
Full classname legend:
======================
DiagnosticRule:         "org.jenkinsci.test.acceptance.junit.DiagnosticRule"
FallbackConfig:         "org.jenkinsci.test.acceptance.FallbackConfig"
IOException:            "java.io.IOException"
Modules$OverrideModule: "com.google.inject.util.Modules$OverrideModule"
World:                  "org.jenkinsci.test.acceptance.guice.World"
========================
End of classname legend:
========================

[INFO] 
[INFO] 
[ERROR] Tests run: 2, Failures: 0, Errors: 2, Skipped: 0
[INFO] 
[INFO] ------------------------------------------------------------------------
[INFO] Reactor Summary:
[INFO] 
[INFO] Warnings Next Generation Plugin 9.17.0-SNAPSHOT .... SUCCESS [04:42 min]
[INFO] UI Tests of Warnings Plugin UNVERSIONED ............ FAILURE [ 36.544 s]
[INFO] Aggregator for Warnings Plugin UNVERSIONED ......... SKIPPED
[INFO] ------------------------------------------------------------------------
[INFO] BUILD FAILURE
[INFO] ------------------------------------------------------------------------
[INFO] Total time:  05:20 min
[INFO] Finished at: 2023-02-11T22:10:08Z
[INFO] ------------------------------------------------------------------------
[ERROR] Failed to execute goal org.apache.maven.plugins:maven-surefire-plugin:3.0.0-M7:test (default-test) on project warnings-ng-ui-tests: 
[ERROR] 
[ERROR] Please refer to /home/gabsko/breaking-updates/ui-tests/target/surefire-reports for the individual test results.
[ERROR] Please refer to dump files (if any exist) [date].dump, [date]-jvmRun[N].dump and [date].dumpstream.
[ERROR] -> [Help 1]
[ERROR] 
[ERROR] To see the full stack trace of the errors, re-run Maven with the -e switch.
[ERROR] Re-run Maven using the -X switch to enable full debug logging.
[ERROR] 
[ERROR] For more information about the errors and possible solutions, please read the following articles:
[ERROR] [Help 1] http://cwiki.apache.org/confluence/display/MAVEN/MojoFailureException
[ERROR] 
[ERROR] After correcting the problems, you can resume the build with the command
[ERROR]   mvn <args> -rf :warnings-ng-ui-tests
