[INFO] Scanning for projects...
[INFO] Inspecting build with total of 1 modules...
[INFO] Installing Nexus Staging features:
[INFO]   ... total of 1 executions of maven-deploy-plugin replaced with nexus-staging-maven-plugin
[INFO] 
[INFO] -----------------< com.google.firebase:firebase-admin >-----------------
[INFO] Building firebase-admin 7.2.0
[INFO] --------------------------------[ jar ]---------------------------------
[INFO] 
[INFO] --- maven-clean-plugin:2.5:clean (default-clean) @ firebase-admin ---
[INFO] Deleting /home/gabsko/breaking-updates/target
[INFO] 
[INFO] --- maven-checkstyle-plugin:2.17:check (validate) @ firebase-admin ---
[INFO] Starting audit...
Audit done.
[INFO] 
[INFO] --- maven-resources-plugin:2.6:resources (default-resources) @ firebase-admin ---
[INFO] Using 'UTF-8' encoding to copy filtered resources.
[INFO] Copying 1 resource
[INFO] 
[INFO] --- maven-compiler-plugin:3.8.1:compile (default-compile) @ firebase-admin ---
[INFO] Changes detected - recompiling the module!
[INFO] Compiling 332 source files to /home/gabsko/breaking-updates/target/classes
[INFO] /home/gabsko/breaking-updates/src/main/java/com/google/firebase/auth/FirebaseToken.java: Some input files use unchecked or unsafe operations.
[INFO] /home/gabsko/breaking-updates/src/main/java/com/google/firebase/auth/FirebaseToken.java: Recompile with -Xlint:unchecked for details.
[INFO] 
[INFO] --- maven-resources-plugin:2.6:testResources (default-testResources) @ firebase-admin ---
[INFO] Using 'UTF-8' encoding to copy filtered resources.
[INFO] Copying 32 resources
[INFO] 
[INFO] --- maven-compiler-plugin:3.8.1:testCompile (default-testCompile) @ firebase-admin ---
[INFO] Changes detected - recompiling the module!
[INFO] Compiling 178 source files to /home/gabsko/breaking-updates/target/test-classes
[INFO] /home/gabsko/breaking-updates/src/test/java/com/google/firebase/auth/FirebaseUserManagerTest.java: Some input files use or override a deprecated API.
[INFO] /home/gabsko/breaking-updates/src/test/java/com/google/firebase/auth/FirebaseUserManagerTest.java: Recompile with -Xlint:deprecation for details.
[INFO] /home/gabsko/breaking-updates/src/test/java/com/google/firebase/auth/FirebaseUserManagerTest.java: Some input files use unchecked or unsafe operations.
[INFO] /home/gabsko/breaking-updates/src/test/java/com/google/firebase/auth/FirebaseUserManagerTest.java: Recompile with -Xlint:unchecked for details.
[INFO] 
[INFO] --- maven-surefire-plugin:2.22.2:test (default-test) @ firebase-admin ---
[INFO] 
[INFO] -------------------------------------------------------
[INFO]  T E S T S
[INFO] -------------------------------------------------------
[INFO] Running com.google.firebase.ThreadManagerTest
SLF4J: Failed to load class "org.slf4j.impl.StaticLoggerBinder".
SLF4J: Defaulting to no-operation (NOP) logger implementation
SLF4J: See http://www.slf4j.org/codes.html#StaticLoggerBinder for further details.
[INFO] Tests run: 6, Failures: 0, Errors: 0, Skipped: 0, Time elapsed: 0.085 s - in com.google.firebase.ThreadManagerTest
[INFO] Running com.google.firebase.projectmanagement.ShaCertificateTest
[INFO] Tests run: 8, Failures: 0, Errors: 0, Skipped: 0, Time elapsed: 0 s - in com.google.firebase.projectmanagement.ShaCertificateTest
[INFO] Running com.google.firebase.projectmanagement.AndroidAppTest
[INFO] Tests run: 14, Failures: 0, Errors: 0, Skipped: 0, Time elapsed: 0.401 s - in com.google.firebase.projectmanagement.AndroidAppTest
[INFO] Running com.google.firebase.projectmanagement.IosAppTest
[INFO] Tests run: 15, Failures: 0, Errors: 0, Skipped: 0, Time elapsed: 0.036 s - in com.google.firebase.projectmanagement.IosAppTest
[INFO] Running com.google.firebase.projectmanagement.FirebaseProjectManagementTest
[INFO] Tests run: 24, Failures: 0, Errors: 0, Skipped: 0, Time elapsed: 0.077 s - in com.google.firebase.projectmanagement.FirebaseProjectManagementTest
[INFO] Running com.google.firebase.projectmanagement.FirebaseProjectManagementServiceImplTest
[INFO] Tests run: 44, Failures: 0, Errors: 0, Skipped: 0, Time elapsed: 0.192 s - in com.google.firebase.projectmanagement.FirebaseProjectManagementServiceImplTest
[INFO] Running com.google.firebase.FirebaseAppTest
[INFO] Tests run: 40, Failures: 0, Errors: 0, Skipped: 0, Time elapsed: 0.061 s - in com.google.firebase.FirebaseAppTest
[INFO] Running com.google.firebase.iid.FirebaseInstanceIdTest
[INFO] Tests run: 7, Failures: 0, Errors: 0, Skipped: 0, Time elapsed: 0.01 s - in com.google.firebase.iid.FirebaseInstanceIdTest
[INFO] Running com.google.firebase.cloud.StorageClientTest
[INFO] Tests run: 5, Failures: 0, Errors: 0, Skipped: 0, Time elapsed: 0.168 s - in com.google.firebase.cloud.StorageClientTest
[INFO] Running com.google.firebase.cloud.FirestoreClientTest
[INFO] Tests run: 5, Failures: 0, Errors: 0, Skipped: 0, Time elapsed: 0.414 s - in com.google.firebase.cloud.FirestoreClientTest
[INFO] Running com.google.firebase.auth.UserProviderTest
[INFO] Tests run: 4, Failures: 0, Errors: 0, Skipped: 0, Time elapsed: 0 s - in com.google.firebase.auth.UserProviderTest
[INFO] Running com.google.firebase.auth.FirebaseTokenVerifierImplTest
[INFO] Tests run: 28, Failures: 0, Errors: 0, Skipped: 0, Time elapsed: 0.113 s - in com.google.firebase.auth.FirebaseTokenVerifierImplTest
[INFO] Running com.google.firebase.auth.UserRecordTest
[INFO] Tests run: 11, Failures: 0, Errors: 0, Skipped: 0, Time elapsed: 0 s - in com.google.firebase.auth.UserRecordTest
[INFO] Running com.google.firebase.auth.OidcProviderConfigTest
[INFO] Tests run: 16, Failures: 0, Errors: 0, Skipped: 0, Time elapsed: 0 s - in com.google.firebase.auth.OidcProviderConfigTest
[INFO] Running com.google.firebase.auth.UserImportHashTest
[INFO] Tests run: 6, Failures: 0, Errors: 0, Skipped: 0, Time elapsed: 0 s - in com.google.firebase.auth.UserImportHashTest
[INFO] Running com.google.firebase.auth.FirebaseAuthTest
[INFO] Tests run: 32, Failures: 0, Errors: 0, Skipped: 0, Time elapsed: 0.028 s - in com.google.firebase.auth.FirebaseAuthTest
[INFO] Running com.google.firebase.auth.FirebaseUserManagerTest
[ERROR] Tests run: 146, Failures: 1, Errors: 0, Skipped: 0, Time elapsed: 0.207 s <<< FAILURE! - in com.google.firebase.auth.FirebaseUserManagerTest
[ERROR] testCreateOidcProviderFromEmulatorAuth(com.google.firebase.auth.FirebaseUserManagerTest)  Time elapsed: 0.006 s  <<< FAILURE!
org.junit.ComparisonFailure: expected:<http[://localhost:8000]/identitytoolkit.goo...> but was:<http[s:/]/identitytoolkit.goo...>
	at com.google.firebase.auth.FirebaseUserManagerTest.checkUrl(FirebaseUserManagerTest.java:2998)
	at com.google.firebase.auth.FirebaseUserManagerTest.testCreateOidcProviderFromEmulatorAuth(FirebaseUserManagerTest.java:2844)

[INFO] Running com.google.firebase.auth.UserImportOptionsTest
[INFO] Tests run: 2, Failures: 0, Errors: 0, Skipped: 0, Time elapsed: 0 s - in com.google.firebase.auth.UserImportOptionsTest
[INFO] Running com.google.firebase.auth.hash.InvalidHashTest
[INFO] Tests run: 4, Failures: 0, Errors: 0, Skipped: 0, Time elapsed: 0.001 s - in com.google.firebase.auth.hash.InvalidHashTest
[INFO] Running com.google.firebase.auth.ListProviderConfigsPageTest
[INFO] Tests run: 13, Failures: 0, Errors: 0, Skipped: 0, Time elapsed: 0.001 s - in com.google.firebase.auth.ListProviderConfigsPageTest
[INFO] Running com.google.firebase.auth.SamlProviderConfigTest
[INFO] Tests run: 30, Failures: 0, Errors: 0, Skipped: 0, Time elapsed: 0.001 s - in com.google.firebase.auth.SamlProviderConfigTest
[INFO] Running com.google.firebase.auth.FirebaseTokenUtilsTest
[INFO] Tests run: 6, Failures: 0, Errors: 0, Skipped: 0, Time elapsed: 0 s - in com.google.firebase.auth.FirebaseTokenUtilsTest
[INFO] Running com.google.firebase.auth.FirebaseCustomTokenTest
[INFO] Tests run: 5, Failures: 0, Errors: 0, Skipped: 0, Time elapsed: 0.008 s - in com.google.firebase.auth.FirebaseCustomTokenTest
[INFO] Running com.google.firebase.auth.multitenancy.ListTenantsPageTest
[INFO] Tests run: 13, Failures: 0, Errors: 0, Skipped: 0, Time elapsed: 0.005 s - in com.google.firebase.auth.multitenancy.ListTenantsPageTest
[INFO] Running com.google.firebase.auth.multitenancy.TenantTest
[INFO] Tests run: 4, Failures: 0, Errors: 0, Skipped: 0, Time elapsed: 0 s - in com.google.firebase.auth.multitenancy.TenantTest
[INFO] Running com.google.firebase.auth.multitenancy.TenantAwareFirebaseAuthTest
[INFO] Tests run: 11, Failures: 0, Errors: 0, Skipped: 0, Time elapsed: 0.005 s - in com.google.firebase.auth.multitenancy.TenantAwareFirebaseAuthTest
[INFO] Running com.google.firebase.auth.multitenancy.FirebaseTenantClientTest
[ERROR] Tests run: 15, Failures: 1, Errors: 0, Skipped: 0, Time elapsed: 0.009 s <<< FAILURE! - in com.google.firebase.auth.multitenancy.FirebaseTenantClientTest
[ERROR] testGetTenantFromAuthEmulator(com.google.firebase.auth.multitenancy.FirebaseTenantClientTest)  Time elapsed: 0.001 s  <<< FAILURE!
org.junit.ComparisonFailure: expected:<http[://localhost:8000]/identitytoolkit.goo...> but was:<http[s:/]/identitytoolkit.goo...>
	at com.google.firebase.auth.multitenancy.FirebaseTenantClientTest.checkUrl(FirebaseTenantClientTest.java:357)
	at com.google.firebase.auth.multitenancy.FirebaseTenantClientTest.testGetTenantFromAuthEmulator(FirebaseTenantClientTest.java:335)

[INFO] Running com.google.firebase.auth.FirebaseTokenTest
[INFO] Tests run: 6, Failures: 0, Errors: 0, Skipped: 0, Time elapsed: 0.001 s - in com.google.firebase.auth.FirebaseTokenTest
[INFO] Running com.google.firebase.auth.ImportUserRecordTest
[INFO] Tests run: 10, Failures: 0, Errors: 0, Skipped: 0, Time elapsed: 0.001 s - in com.google.firebase.auth.ImportUserRecordTest
[INFO] Running com.google.firebase.auth.ActionCodeSettingsTest
[INFO] Tests run: 6, Failures: 0, Errors: 0, Skipped: 0, Time elapsed: 0.001 s - in com.google.firebase.auth.ActionCodeSettingsTest
[INFO] Running com.google.firebase.auth.internal.CryptoSignersTest
[INFO] Tests run: 9, Failures: 0, Errors: 0, Skipped: 0, Time elapsed: 0 s - in com.google.firebase.auth.internal.CryptoSignersTest
[INFO] Running com.google.firebase.auth.internal.ListOidcProviderConfigsResponseTest
[INFO] Tests run: 3, Failures: 0, Errors: 0, Skipped: 0, Time elapsed: 0 s - in com.google.firebase.auth.internal.ListOidcProviderConfigsResponseTest
[INFO] Running com.google.firebase.auth.internal.FirebaseTokenFactoryTest
[INFO] Tests run: 5, Failures: 0, Errors: 0, Skipped: 0, Time elapsed: 0.051 s - in com.google.firebase.auth.internal.FirebaseTokenFactoryTest
[INFO] Running com.google.firebase.auth.internal.ListSamlProviderConfigsResponseTest
[INFO] Tests run: 3, Failures: 0, Errors: 0, Skipped: 0, Time elapsed: 0 s - in com.google.firebase.auth.internal.ListSamlProviderConfigsResponseTest
[INFO] Running com.google.firebase.auth.internal.ListTenantsResponseTest
[INFO] Tests run: 3, Failures: 0, Errors: 0, Skipped: 0, Time elapsed: 0 s - in com.google.firebase.auth.internal.ListTenantsResponseTest
[INFO] Running com.google.firebase.auth.EmulatorFirebaseTokenVerifierImplTest
[ERROR] Tests run: 17, Failures: 9, Errors: 7, Skipped: 0, Time elapsed: 0.003 s <<< FAILURE! - in com.google.firebase.auth.EmulatorFirebaseTokenVerifierImplTest
[ERROR] testVerifyTokenIncorrectAlgorithm(com.google.firebase.auth.EmulatorFirebaseTokenVerifierImplTest)  Time elapsed: 0 s  <<< ERROR!
com.google.firebase.auth.FirebaseAuthException: Firebase test token has incorrect algorithm. Expected "RS256" but got "HSA". See https://test.doc.url for details on how to retrieve a test token.
	at com.google.firebase.auth.EmulatorFirebaseTokenVerifierImplTest.testVerifyTokenIncorrectAlgorithm(EmulatorFirebaseTokenVerifierImplTest.java:84)

[ERROR] testVerifyTokenMissingSubject(com.google.firebase.auth.EmulatorFirebaseTokenVerifierImplTest)  Time elapsed: 0 s  <<< FAILURE!
org.junit.ComparisonFailure: expected:<... test token has no "[sub" (subject)] claim. See https://...> but was:<... test token has no "[kid"] claim. See https://...>
	at com.google.firebase.auth.EmulatorFirebaseTokenVerifierImplTest.testVerifyTokenMissingSubject(EmulatorFirebaseTokenVerifierImplTest.java:141)

[ERROR] testVerifyTokenNoTenantId(com.google.firebase.auth.EmulatorFirebaseTokenVerifierImplTest)  Time elapsed: 0 s  <<< FAILURE!
java.lang.AssertionError: expected:<TENANT_ID_MISMATCH> but was:<INVALID_ID_TOKEN>
	at com.google.firebase.auth.EmulatorFirebaseTokenVerifierImplTest.testVerifyTokenNoTenantId(EmulatorFirebaseTokenVerifierImplTest.java:283)

[ERROR] testVerifyTokenEmptySubject(com.google.firebase.auth.EmulatorFirebaseTokenVerifierImplTest)  Time elapsed: 0 s  <<< FAILURE!
org.junit.ComparisonFailure: expected:<...base test token has [an empty string "sub" (subject)] claim. See https://...> but was:<...base test token has [no "kid"] claim. See https://...>
	at com.google.firebase.auth.EmulatorFirebaseTokenVerifierImplTest.testVerifyTokenEmptySubject(EmulatorFirebaseTokenVerifierImplTest.java:155)

[ERROR] testVerifyTokenWithoutKeyId(com.google.firebase.auth.EmulatorFirebaseTokenVerifierImplTest)  Time elapsed: 0 s  <<< ERROR!
com.google.firebase.auth.FirebaseAuthException: Firebase test token has no "kid" claim. See https://test.doc.url for details on how to retrieve a test token.
	at com.google.firebase.auth.EmulatorFirebaseTokenVerifierImplTest.testVerifyTokenWithoutKeyId(EmulatorFirebaseTokenVerifierImplTest.java:76)

[ERROR] testVerifyTokenWithoutAlgorithm(com.google.firebase.auth.EmulatorFirebaseTokenVerifierImplTest)  Time elapsed: 0 s  <<< ERROR!
com.google.firebase.auth.FirebaseAuthException: Firebase test token has incorrect algorithm. Expected "RS256" but got "none". See https://test.doc.url for details on how to retrieve a test token.
	at com.google.firebase.auth.EmulatorFirebaseTokenVerifierImplTest.testVerifyTokenWithoutAlgorithm(EmulatorFirebaseTokenVerifierImplTest.java:92)

[ERROR] testVerifyTokenIncorrectAudience(com.google.firebase.auth.EmulatorFirebaseTokenVerifierImplTest)  Time elapsed: 0 s  <<< FAILURE!
org.junit.ComparisonFailure: expected:<...base test token has [incorrect "aud" (audience) claim. Expected "proj-test-101" but got "invalid-audience". Make sure the test token comes from the same Firebase project as the service account used to authenticate this SDK]. See https://test.d...> but was:<...base test token has [no "kid" claim]. See https://test.d...>
	at com.google.firebase.auth.EmulatorFirebaseTokenVerifierImplTest.testVerifyTokenIncorrectAudience(EmulatorFirebaseTokenVerifierImplTest.java:109)

[ERROR] testVerifyTokenIssuedAtInFuture(com.google.firebase.auth.EmulatorFirebaseTokenVerifierImplTest)  Time elapsed: 0 s  <<< FAILURE!
org.junit.ComparisonFailure: expected:<Firebase test token [is not yet valid]. See https://test.d...> but was:<Firebase test token [has no "kid" claim]. See https://test.d...>
	at com.google.firebase.auth.EmulatorFirebaseTokenVerifierImplTest.testVerifyTokenIssuedAtInFuture(EmulatorFirebaseTokenVerifierImplTest.java:188)

[ERROR] testVerifyTokenDifferentTenantIds(com.google.firebase.auth.EmulatorFirebaseTokenVerifierImplTest)  Time elapsed: 0 s  <<< FAILURE!
java.lang.AssertionError: expected:<TENANT_ID_MISMATCH> but was:<INVALID_ID_TOKEN>
	at com.google.firebase.auth.EmulatorFirebaseTokenVerifierImplTest.testVerifyTokenDifferentTenantIds(EmulatorFirebaseTokenVerifierImplTest.java:267)

[ERROR] testWithMalformedSignature(com.google.firebase.auth.EmulatorFirebaseTokenVerifierImplTest)  Time elapsed: 0 s  <<< ERROR!
com.google.firebase.auth.FirebaseAuthException: Firebase test token has no "kid" claim. See https://test.doc.url for details on how to retrieve a test token.
	at com.google.firebase.auth.EmulatorFirebaseTokenVerifierImplTest.testWithMalformedSignature(EmulatorFirebaseTokenVerifierImplTest.java:218)

[ERROR] testVerifyTokenWithMatchingTenantId(com.google.firebase.auth.EmulatorFirebaseTokenVerifierImplTest)  Time elapsed: 0 s  <<< ERROR!
com.google.firebase.auth.FirebaseAuthException: Firebase test token has no "kid" claim. See https://test.doc.url for details on how to retrieve a test token.
	at com.google.firebase.auth.EmulatorFirebaseTokenVerifierImplTest.testVerifyTokenWithMatchingTenantId(EmulatorFirebaseTokenVerifierImplTest.java:252)

[ERROR] testVerifyTokenLongSubject(com.google.firebase.auth.EmulatorFirebaseTokenVerifierImplTest)  Time elapsed: 0 s  <<< FAILURE!
org.junit.ComparisonFailure: expected:<...base test token has ["sub" (subject) claim longer than 128 characters]. See https://test.d...> but was:<...base test token has [no "kid" claim]. See https://test.d...>
	at com.google.firebase.auth.EmulatorFirebaseTokenVerifierImplTest.testVerifyTokenLongSubject(EmulatorFirebaseTokenVerifierImplTest.java:170)

[ERROR] testVerifyTokenIncorrectIssuer(com.google.firebase.auth.EmulatorFirebaseTokenVerifierImplTest)  Time elapsed: 0 s  <<< FAILURE!
org.junit.ComparisonFailure: expected:<...base test token has [incorrect "iss" (issuer) claim. Expected "https://test.token.issuer" but got "https://incorrect.issuer.prefix/proj-test-101". Make sure the test token comes from the same Firebase project as the service account used to authenticate this SDK]. See https://test.d...> but was:<...base test token has [no "kid" claim]. See https://test.d...>
	at com.google.firebase.auth.EmulatorFirebaseTokenVerifierImplTest.testVerifyTokenIncorrectIssuer(EmulatorFirebaseTokenVerifierImplTest.java:127)

[ERROR] testVerifyToken(com.google.firebase.auth.EmulatorFirebaseTokenVerifierImplTest)  Time elapsed: 0 s  <<< ERROR!
com.google.firebase.auth.FirebaseAuthException: Firebase test token has no "kid" claim. See https://test.doc.url for details on how to retrieve a test token.
	at com.google.firebase.auth.EmulatorFirebaseTokenVerifierImplTest.testVerifyToken(EmulatorFirebaseTokenVerifierImplTest.java:65)

[ERROR] testVerifyTokenExpired(com.google.firebase.auth.EmulatorFirebaseTokenVerifierImplTest)  Time elapsed: 0.001 s  <<< FAILURE!
org.junit.ComparisonFailure: expected:<...base test token has [expired. Get a fresh test token and try again]. See https://test.d...> but was:<...base test token has [no "kid" claim]. See https://test.d...>
	at com.google.firebase.auth.EmulatorFirebaseTokenVerifierImplTest.testVerifyTokenExpired(EmulatorFirebaseTokenVerifierImplTest.java:207)

[ERROR] testVerifyTokenWithTenantId(com.google.firebase.auth.EmulatorFirebaseTokenVerifierImplTest)  Time elapsed: 0.001 s  <<< ERROR!
com.google.firebase.auth.FirebaseAuthException: Firebase test token has no "kid" claim. See https://test.doc.url for details on how to retrieve a test token.
	at com.google.firebase.auth.EmulatorFirebaseTokenVerifierImplTest.testVerifyTokenWithTenantId(EmulatorFirebaseTokenVerifierImplTest.java:241)

[INFO] Running com.google.firebase.auth.ListUsersPageTest
[INFO] Tests run: 14, Failures: 0, Errors: 0, Skipped: 0, Time elapsed: 0 s - in com.google.firebase.auth.ListUsersPageTest
[INFO] Running com.google.firebase.messaging.InstanceIdClientImplTest
[INFO] Tests run: 22, Failures: 0, Errors: 0, Skipped: 0, Time elapsed: 0.005 s - in com.google.firebase.messaging.InstanceIdClientImplTest
[INFO] Running com.google.firebase.messaging.BatchResponseTest
[INFO] Tests run: 4, Failures: 0, Errors: 0, Skipped: 0, Time elapsed: 0 s - in com.google.firebase.messaging.BatchResponseTest
[INFO] Running com.google.firebase.messaging.MessageTest
[INFO] Tests run: 35, Failures: 0, Errors: 0, Skipped: 0, Time elapsed: 0.014 s - in com.google.firebase.messaging.MessageTest
[INFO] Running com.google.firebase.messaging.MulticastMessageTest
[INFO] Tests run: 5, Failures: 0, Errors: 0, Skipped: 0, Time elapsed: 0 s - in com.google.firebase.messaging.MulticastMessageTest
[INFO] Running com.google.firebase.messaging.SendResponseTest
[INFO] Tests run: 5, Failures: 0, Errors: 0, Skipped: 0, Time elapsed: 0 s - in com.google.firebase.messaging.SendResponseTest
[INFO] Running com.google.firebase.messaging.FirebaseMessagingClientImplTest
[INFO] Tests run: 29, Failures: 0, Errors: 0, Skipped: 0, Time elapsed: 0.043 s - in com.google.firebase.messaging.FirebaseMessagingClientImplTest
[INFO] Running com.google.firebase.messaging.FirebaseMessagingTest
[INFO] Tests run: 40, Failures: 0, Errors: 0, Skipped: 0, Time elapsed: 0.057 s - in com.google.firebase.messaging.FirebaseMessagingTest
[INFO] Running com.google.firebase.IncomingHttpResponseTest
[INFO] Tests run: 5, Failures: 0, Errors: 0, Skipped: 0, Time elapsed: 0 s - in com.google.firebase.IncomingHttpResponseTest
[INFO] Running com.google.firebase.remoteconfig.ListVersionsPageTest
[INFO] Tests run: 11, Failures: 0, Errors: 0, Skipped: 0, Time elapsed: 0.005 s - in com.google.firebase.remoteconfig.ListVersionsPageTest
[INFO] Running com.google.firebase.remoteconfig.ParameterValueTest
[INFO] Tests run: 3, Failures: 0, Errors: 0, Skipped: 0, Time elapsed: 0 s - in com.google.firebase.remoteconfig.ParameterValueTest
[INFO] Running com.google.firebase.remoteconfig.FirebaseRemoteConfigClientImplTest
[INFO] Tests run: 66, Failures: 0, Errors: 0, Skipped: 0, Time elapsed: 0.038 s - in com.google.firebase.remoteconfig.FirebaseRemoteConfigClientImplTest
[INFO] Running com.google.firebase.remoteconfig.ParameterGroupTest
[INFO] Tests run: 4, Failures: 0, Errors: 0, Skipped: 0, Time elapsed: 0 s - in com.google.firebase.remoteconfig.ParameterGroupTest
[INFO] Running com.google.firebase.remoteconfig.TemplateTest
[INFO] Tests run: 19, Failures: 0, Errors: 0, Skipped: 0, Time elapsed: 0.028 s - in com.google.firebase.remoteconfig.TemplateTest
[INFO] Running com.google.firebase.remoteconfig.UserTest
[INFO] Tests run: 2, Failures: 0, Errors: 0, Skipped: 0, Time elapsed: 0 s - in com.google.firebase.remoteconfig.UserTest
[INFO] Running com.google.firebase.remoteconfig.VersionTest
[INFO] Tests run: 6, Failures: 0, Errors: 0, Skipped: 0, Time elapsed: 0 s - in com.google.firebase.remoteconfig.VersionTest
[INFO] Running com.google.firebase.remoteconfig.ParameterTest
[INFO] Tests run: 4, Failures: 0, Errors: 0, Skipped: 0, Time elapsed: 0 s - in com.google.firebase.remoteconfig.ParameterTest
[INFO] Running com.google.firebase.remoteconfig.FirebaseRemoteConfigTest
[INFO] Tests run: 45, Failures: 0, Errors: 0, Skipped: 0, Time elapsed: 0.005 s - in com.google.firebase.remoteconfig.FirebaseRemoteConfigTest
[INFO] Running com.google.firebase.remoteconfig.ConditionTest
[INFO] Tests run: 9, Failures: 0, Errors: 0, Skipped: 0, Time elapsed: 0 s - in com.google.firebase.remoteconfig.ConditionTest
[INFO] Running com.google.firebase.FirebaseExceptionTest
[INFO] Tests run: 6, Failures: 0, Errors: 0, Skipped: 0, Time elapsed: 0 s - in com.google.firebase.FirebaseExceptionTest
[INFO] Running com.google.firebase.database.OnDisconnectTest
[INFO] Tests run: 5, Failures: 0, Errors: 0, Skipped: 0, Time elapsed: 0.042 s - in com.google.firebase.database.OnDisconnectTest
[INFO] Running com.google.firebase.database.FirebaseDatabaseTest
[ERROR] Tests run: 10, Failures: 0, Errors: 3, Skipped: 0, Time elapsed: 0.356 s <<< FAILURE! - in com.google.firebase.database.FirebaseDatabaseTest
[ERROR] testDbUrlIsEmulatorUrlForDbRefWithPath(com.google.firebase.database.FirebaseDatabaseTest)  Time elapsed: 0.353 s  <<< ERROR!
com.google.firebase.database.DatabaseException: Invalid URL (https://valid-namespace.firebaseio.com/a/b/c/d?ns=test-ns) passed to getReference().  URL was expected to match configured Database URL: http://localhost:9000
	at com.google.firebase.database.FirebaseDatabaseTest.testDbUrlIsEmulatorUrlForDbRefWithPath(FirebaseDatabaseTest.java:264)

[ERROR] testReference(com.google.firebase.database.FirebaseDatabaseTest)  Time elapsed: 0 s  <<< ERROR!
java.lang.IllegalStateException: FirebaseApp name [DEFAULT] already exists!
	at com.google.firebase.database.FirebaseDatabaseTest.testReference(FirebaseDatabaseTest.java:113)

[ERROR] testDbUrlIsEmulatorUrlWhenSettingOptionsManually(com.google.firebase.database.FirebaseDatabaseTest)  Time elapsed: 0.001 s  <<< ERROR!
java.lang.IllegalStateException: FirebaseApp name [DEFAULT] already exists!
	at com.google.firebase.database.FirebaseDatabaseTest.testDbUrlIsEmulatorUrlWhenSettingOptionsManually(FirebaseDatabaseTest.java:222)

[INFO] Running com.google.firebase.database.QueryTest
[INFO] Tests run: 14, Failures: 0, Errors: 0, Skipped: 0, Time elapsed: 0.001 s - in com.google.firebase.database.QueryTest
[INFO] Running com.google.firebase.database.connection.ConnectionUtilsTest
[INFO] Tests run: 5, Failures: 0, Errors: 0, Skipped: 0, Time elapsed: 0 s - in com.google.firebase.database.connection.ConnectionUtilsTest
[INFO] Running com.google.firebase.database.connection.WebsocketConnectionTest
[INFO] Tests run: 10, Failures: 0, Errors: 0, Skipped: 0, Time elapsed: 0.025 s - in com.google.firebase.database.connection.WebsocketConnectionTest
[INFO] Running com.google.firebase.database.connection.ConnectionTest
[INFO] Tests run: 11, Failures: 0, Errors: 0, Skipped: 0, Time elapsed: 0.026 s - in com.google.firebase.database.connection.ConnectionTest
[INFO] Running com.google.firebase.database.connection.PersistentConnectionTest
[INFO] Tests run: 16, Failures: 0, Errors: 0, Skipped: 0, Time elapsed: 0.044 s - in com.google.firebase.database.connection.PersistentConnectionTest
[INFO] Running com.google.firebase.database.MapperTest
[INFO] Tests run: 124, Failures: 0, Errors: 0, Skipped: 0, Time elapsed: 0.026 s - in com.google.firebase.database.MapperTest
[INFO] Running com.google.firebase.database.core.PathTest
[INFO] Tests run: 4, Failures: 0, Errors: 0, Skipped: 0, Time elapsed: 0.001 s - in com.google.firebase.database.core.PathTest
[INFO] Running com.google.firebase.database.core.SyncPointTest
[INFO] Tests run: 109, Failures: 0, Errors: 0, Skipped: 0, Time elapsed: 0.454 s - in com.google.firebase.database.core.SyncPointTest
[INFO] Running com.google.firebase.database.core.RepoInfoTest
[INFO] Tests run: 1, Failures: 0, Errors: 0, Skipped: 0, Time elapsed: 0 s - in com.google.firebase.database.core.RepoInfoTest
[INFO] Running com.google.firebase.database.core.RangeMergeTest
[WARNING] Tests run: 20, Failures: 0, Errors: 0, Skipped: 1, Time elapsed: 0 s - in com.google.firebase.database.core.RangeMergeTest
[INFO] Running com.google.firebase.database.core.JvmPlatformTest
[INFO] Tests run: 3, Failures: 0, Errors: 0, Skipped: 0, Time elapsed: 0 s - in com.google.firebase.database.core.JvmPlatformTest
[INFO] Running com.google.firebase.database.core.CompoundWriteTest
[INFO] Tests run: 50, Failures: 0, Errors: 0, Skipped: 0, Time elapsed: 0.001 s - in com.google.firebase.database.core.CompoundWriteTest
[INFO] Running com.google.firebase.database.core.RepoTest
[INFO] Tests run: 15, Failures: 0, Errors: 0, Skipped: 0, Time elapsed: 0.082 s - in com.google.firebase.database.core.RepoTest
[INFO] Running com.google.firebase.database.core.JvmAuthTokenProviderTest
[INFO] Tests run: 7, Failures: 0, Errors: 0, Skipped: 0, Time elapsed: 0.006 s - in com.google.firebase.database.core.JvmAuthTokenProviderTest
[INFO] Running com.google.firebase.database.core.RandomViewProcessorTest
[WARNING] Tests run: 1, Failures: 0, Errors: 0, Skipped: 1, Time elapsed: 0 s - in com.google.firebase.database.core.RandomViewProcessorTest
[INFO] Running com.google.firebase.database.core.utilities.TreeTest
[INFO] Tests run: 1, Failures: 0, Errors: 0, Skipped: 0, Time elapsed: 0 s - in com.google.firebase.database.core.utilities.TreeTest
[INFO] Running com.google.firebase.database.core.view.QueryParamsTest
[INFO] Tests run: 2, Failures: 0, Errors: 0, Skipped: 0, Time elapsed: 0 s - in com.google.firebase.database.core.view.QueryParamsTest
[INFO] Running com.google.firebase.database.core.persistence.PruneForestTest
[INFO] Tests run: 8, Failures: 0, Errors: 0, Skipped: 0, Time elapsed: 0 s - in com.google.firebase.database.core.persistence.PruneForestTest
[INFO] Running com.google.firebase.database.core.persistence.TrackedQueryManagerTest
[INFO] Tests run: 15, Failures: 0, Errors: 0, Skipped: 0, Time elapsed: 0 s - in com.google.firebase.database.core.persistence.TrackedQueryManagerTest
[INFO] Running com.google.firebase.database.core.persistence.DefaultPersistenceManagerTest
[INFO] Tests run: 4, Failures: 0, Errors: 0, Skipped: 0, Time elapsed: 0.001 s - in com.google.firebase.database.core.persistence.DefaultPersistenceManagerTest
[INFO] Running com.google.firebase.database.core.persistence.RandomPersistenceTest
[INFO] Tests run: 1, Failures: 0, Errors: 0, Skipped: 0, Time elapsed: 0.483 s - in com.google.firebase.database.core.persistence.RandomPersistenceTest
[INFO] Running com.google.firebase.database.DatabaseReferenceTest
[INFO] Tests run: 14, Failures: 0, Errors: 0, Skipped: 0, Time elapsed: 0.054 s - in com.google.firebase.database.DatabaseReferenceTest
[INFO] Running com.google.firebase.database.UtilitiesTest
[INFO] Tests run: 5, Failures: 0, Errors: 0, Skipped: 0, Time elapsed: 0.002 s - in com.google.firebase.database.UtilitiesTest
[INFO] Running com.google.firebase.database.DatabaseErrorTest
[INFO] Tests run: 2, Failures: 0, Errors: 0, Skipped: 0, Time elapsed: 0.001 s - in com.google.firebase.database.DatabaseErrorTest
[INFO] Running com.google.firebase.database.util.EmulatorHelperTest
[INFO] Tests run: 5, Failures: 0, Errors: 0, Skipped: 0, Time elapsed: 0.001 s - in com.google.firebase.database.util.EmulatorHelperTest
[INFO] Running com.google.firebase.database.util.JsonMapperTest
[INFO] Tests run: 9, Failures: 0, Errors: 0, Skipped: 0, Time elapsed: 0.004 s - in com.google.firebase.database.util.JsonMapperTest
[INFO] Running com.google.firebase.database.util.GAuthTokenTest
[INFO] Tests run: 3, Failures: 0, Errors: 0, Skipped: 0, Time elapsed: 0 s - in com.google.firebase.database.util.GAuthTokenTest
[INFO] Running com.google.firebase.database.snapshot.CompoundHashTest
[INFO] Tests run: 10, Failures: 0, Errors: 0, Skipped: 0, Time elapsed: 0.196 s - in com.google.firebase.database.snapshot.CompoundHashTest
[INFO] Running com.google.firebase.database.snapshot.NodeTest
[INFO] Tests run: 14, Failures: 0, Errors: 0, Skipped: 0, Time elapsed: 0.001 s - in com.google.firebase.database.snapshot.NodeTest
[INFO] Running com.google.firebase.database.collection.RBTreeSortedMapTest
[INFO] Tests run: 15, Failures: 0, Errors: 0, Skipped: 0, Time elapsed: 0.014 s - in com.google.firebase.database.collection.RBTreeSortedMapTest
[INFO] Running com.google.firebase.database.collection.ArraySortedMapTest
[INFO] Tests run: 22, Failures: 0, Errors: 0, Skipped: 0, Time elapsed: 0.006 s - in com.google.firebase.database.collection.ArraySortedMapTest
[INFO] Running com.google.firebase.database.collection.ImmutableSortedSetTest
[INFO] Tests run: 3, Failures: 0, Errors: 0, Skipped: 0, Time elapsed: 0.001 s - in com.google.firebase.database.collection.ImmutableSortedSetTest
[INFO] Running com.google.firebase.database.utilities.ValidationTest
[INFO] Tests run: 11, Failures: 0, Errors: 0, Skipped: 0, Time elapsed: 0.001 s - in com.google.firebase.database.utilities.ValidationTest
[INFO] Running com.google.firebase.database.utilities.UtilitiesTest
[INFO] Tests run: 10, Failures: 0, Errors: 0, Skipped: 0, Time elapsed: 0.001 s - in com.google.firebase.database.utilities.UtilitiesTest
[INFO] Running com.google.firebase.database.utilities.PairTest
[INFO] Tests run: 2, Failures: 0, Errors: 0, Skipped: 0, Time elapsed: 0.001 s - in com.google.firebase.database.utilities.PairTest
[INFO] Running com.google.firebase.database.utilities.DefaultRunLoopTest
[INFO] Tests run: 3, Failures: 0, Errors: 0, Skipped: 0, Time elapsed: 0.492 s - in com.google.firebase.database.utilities.DefaultRunLoopTest
[INFO] Running com.google.firebase.database.utilities.PushIdGeneratorTest
[INFO] Tests run: 3, Failures: 0, Errors: 0, Skipped: 0, Time elapsed: 0.003 s - in com.google.firebase.database.utilities.PushIdGeneratorTest
[INFO] Running com.google.firebase.database.utilities.NodeSizeEstimatorTest
[INFO] Tests run: 2, Failures: 0, Errors: 0, Skipped: 0, Time elapsed: 0 s - in com.google.firebase.database.utilities.NodeSizeEstimatorTest
[INFO] Running com.google.firebase.database.DataSnapshotTest
[INFO] Tests run: 6, Failures: 0, Errors: 0, Skipped: 0, Time elapsed: 0.051 s - in com.google.firebase.database.DataSnapshotTest
[INFO] Running com.google.firebase.database.ObjectMapTest
[INFO] Tests run: 9, Failures: 0, Errors: 0, Skipped: 0, Time elapsed: 0.003 s - in com.google.firebase.database.ObjectMapTest
[INFO] Running com.google.firebase.database.MutableDataTest
[INFO] Tests run: 6, Failures: 0, Errors: 0, Skipped: 0, Time elapsed: 0.004 s - in com.google.firebase.database.MutableDataTest
[INFO] Running com.google.firebase.OutgoingHttpRequestTest
[INFO] Tests run: 7, Failures: 0, Errors: 0, Skipped: 0, Time elapsed: 0.001 s - in com.google.firebase.OutgoingHttpRequestTest
[INFO] Running com.google.firebase.internal.FirebaseRequestInitializerTest
[INFO] Tests run: 5, Failures: 0, Errors: 0, Skipped: 0, Time elapsed: 0.001 s - in com.google.firebase.internal.FirebaseRequestInitializerTest
[INFO] Running com.google.firebase.internal.FirebaseThreadManagersTest
[INFO] Tests run: 4, Failures: 0, Errors: 0, Skipped: 0, Time elapsed: 0.001 s - in com.google.firebase.internal.FirebaseThreadManagersTest
[INFO] Running com.google.firebase.internal.RetryInitializerTest
[INFO] Tests run: 8, Failures: 0, Errors: 0, Skipped: 0, Time elapsed: 0 s - in com.google.firebase.internal.RetryInitializerTest
[INFO] Running com.google.firebase.internal.RetryUnsuccessfulResponseHandlerTest
[INFO] Tests run: 8, Failures: 0, Errors: 0, Skipped: 0, Time elapsed: 0.005 s - in com.google.firebase.internal.RetryUnsuccessfulResponseHandlerTest
[INFO] Running com.google.firebase.internal.AbstractPlatformErrorHandlerTest
[INFO] Tests run: 11, Failures: 0, Errors: 0, Skipped: 0, Time elapsed: 0.001 s - in com.google.firebase.internal.AbstractPlatformErrorHandlerTest
[INFO] Running com.google.firebase.internal.RetryConfigTest
[INFO] Tests run: 7, Failures: 0, Errors: 0, Skipped: 0, Time elapsed: 0 s - in com.google.firebase.internal.RetryConfigTest
[INFO] Running com.google.firebase.internal.FirebaseAppStoreTest
[INFO] Tests run: 3, Failures: 0, Errors: 0, Skipped: 0, Time elapsed: 0 s - in com.google.firebase.internal.FirebaseAppStoreTest
[INFO] Running com.google.firebase.internal.ErrorHandlingHttpClientTest
[INFO] Tests run: 13, Failures: 0, Errors: 0, Skipped: 0, Time elapsed: 0.002 s - in com.google.firebase.internal.ErrorHandlingHttpClientTest
[INFO] Running com.google.firebase.internal.CallableOperationTest
[INFO] Tests run: 2, Failures: 0, Errors: 0, Skipped: 0, Time elapsed: 0 s - in com.google.firebase.internal.CallableOperationTest
[INFO] Running com.google.firebase.internal.DateUtilsTest
[INFO] Tests run: 4, Failures: 0, Errors: 0, Skipped: 0, Time elapsed: 0 s - in com.google.firebase.internal.DateUtilsTest
[INFO] Running com.google.firebase.internal.ApiClientUtilsTest
[INFO] Tests run: 5, Failures: 0, Errors: 0, Skipped: 0, Time elapsed: 0 s - in com.google.firebase.internal.ApiClientUtilsTest
[INFO] Running com.google.firebase.FirebaseOptionsTest
[INFO] Tests run: 11, Failures: 0, Errors: 0, Skipped: 0, Time elapsed: 0 s - in com.google.firebase.FirebaseOptionsTest
[INFO] 
[INFO] Results:
[INFO] 
[ERROR] Failures: 
[ERROR]   EmulatorFirebaseTokenVerifierImplTest.testVerifyTokenDifferentTenantIds:267 expected:<TENANT_ID_MISMATCH> but was:<INVALID_ID_TOKEN>
[ERROR]   EmulatorFirebaseTokenVerifierImplTest.testVerifyTokenEmptySubject:155 expected:<...base test token has [an empty string "sub" (subject)] claim. See https://...> but was:<...base test token has [no "kid"] claim. See https://...>
[ERROR]   EmulatorFirebaseTokenVerifierImplTest.testVerifyTokenExpired:207 expected:<...base test token has [expired. Get a fresh test token and try again]. See https://test.d...> but was:<...base test token has [no "kid" claim]. See https://test.d...>
[ERROR]   EmulatorFirebaseTokenVerifierImplTest.testVerifyTokenIncorrectAudience:109 expected:<...base test token has [incorrect "aud" (audience) claim. Expected "proj-test-101" but got "invalid-audience". Make sure the test token comes from the same Firebase project as the service account used to authenticate this SDK]. See https://test.d...> but was:<...base test token has [no "kid" claim]. See https://test.d...>
[ERROR]   EmulatorFirebaseTokenVerifierImplTest.testVerifyTokenIncorrectIssuer:127 expected:<...base test token has [incorrect "iss" (issuer) claim. Expected "https://test.token.issuer" but got "https://incorrect.issuer.prefix/proj-test-101". Make sure the test token comes from the same Firebase project as the service account used to authenticate this SDK]. See https://test.d...> but was:<...base test token has [no "kid" claim]. See https://test.d...>
[ERROR]   EmulatorFirebaseTokenVerifierImplTest.testVerifyTokenIssuedAtInFuture:188 expected:<Firebase test token [is not yet valid]. See https://test.d...> but was:<Firebase test token [has no "kid" claim]. See https://test.d...>
[ERROR]   EmulatorFirebaseTokenVerifierImplTest.testVerifyTokenLongSubject:170 expected:<...base test token has ["sub" (subject) claim longer than 128 characters]. See https://test.d...> but was:<...base test token has [no "kid" claim]. See https://test.d...>
[ERROR]   EmulatorFirebaseTokenVerifierImplTest.testVerifyTokenMissingSubject:141 expected:<... test token has no "[sub" (subject)] claim. See https://...> but was:<... test token has no "[kid"] claim. See https://...>
[ERROR]   EmulatorFirebaseTokenVerifierImplTest.testVerifyTokenNoTenantId:283 expected:<TENANT_ID_MISMATCH> but was:<INVALID_ID_TOKEN>
[ERROR]   FirebaseUserManagerTest.testCreateOidcProviderFromEmulatorAuth:2844->checkUrl:2998 expected:<http[://localhost:8000]/identitytoolkit.goo...> but was:<http[s:/]/identitytoolkit.goo...>
[ERROR]   FirebaseTenantClientTest.testGetTenantFromAuthEmulator:335->checkUrl:357 expected:<http[://localhost:8000]/identitytoolkit.goo...> but was:<http[s:/]/identitytoolkit.goo...>
[ERROR] Errors: 
[ERROR]   EmulatorFirebaseTokenVerifierImplTest.testVerifyToken:65 » FirebaseAuth Fireba...
[ERROR]   EmulatorFirebaseTokenVerifierImplTest.testVerifyTokenIncorrectAlgorithm:84 » FirebaseAuth
[ERROR]   EmulatorFirebaseTokenVerifierImplTest.testVerifyTokenWithMatchingTenantId:252 » FirebaseAuth
[ERROR]   EmulatorFirebaseTokenVerifierImplTest.testVerifyTokenWithTenantId:241 » FirebaseAuth
[ERROR]   EmulatorFirebaseTokenVerifierImplTest.testVerifyTokenWithoutAlgorithm:92 » FirebaseAuth
[ERROR]   EmulatorFirebaseTokenVerifierImplTest.testVerifyTokenWithoutKeyId:76 » FirebaseAuth
[ERROR]   EmulatorFirebaseTokenVerifierImplTest.testWithMalformedSignature:218 » FirebaseAuth
[ERROR]   FirebaseDatabaseTest.testDbUrlIsEmulatorUrlForDbRefWithPath:264 » Database Inv...
[ERROR]   FirebaseDatabaseTest.testDbUrlIsEmulatorUrlWhenSettingOptionsManually:222 » IllegalState
[ERROR]   FirebaseDatabaseTest.testReference:113 » IllegalState FirebaseApp name [DEFAUL...
[INFO] 
[ERROR] Tests run: 1588, Failures: 11, Errors: 10, Skipped: 2
[INFO] 
[INFO] ------------------------------------------------------------------------
[INFO] BUILD FAILURE
[INFO] ------------------------------------------------------------------------
[INFO] Total time:  27.352 s
[INFO] Finished at: 2023-02-11T13:03:39Z
[INFO] ------------------------------------------------------------------------
[ERROR] Failed to execute goal org.apache.maven.plugins:maven-surefire-plugin:2.22.2:test (default-test) on project firebase-admin: There are test failures.
[ERROR] 
[ERROR] Please refer to /home/gabsko/breaking-updates/target/surefire-reports for the individual test results.
[ERROR] Please refer to dump files (if any exist) [date].dump, [date]-jvmRun[N].dump and [date].dumpstream.
[ERROR] -> [Help 1]
[ERROR] 
[ERROR] To see the full stack trace of the errors, re-run Maven with the -e switch.
[ERROR] Re-run Maven using the -X switch to enable full debug logging.
[ERROR] 
[ERROR] For more information about the errors and possible solutions, please read the following articles:
[ERROR] [Help 1] http://cwiki.apache.org/confluence/display/MAVEN/MojoFailureException
