[INFO] Scanning for projects...
[WARNING] 
[WARNING] Some problems were encountered while building the effective model for com.github.docker-java:docker-java-transport-zerodep:jar:0-SNAPSHOT
[WARNING] 'build.plugins.plugin.version' for org.apache.maven.plugins:maven-shade-plugin is missing. @ line 52, column 12
[WARNING] 
[WARNING] It is highly recommended to fix these problems because they threaten the stability of your build.
[WARNING] 
[WARNING] For this reason, future Maven versions might no longer support building such malformed projects.
[WARNING] 
[INFO] ------------------------------------------------------------------------
[INFO] Reactor Build Order:
[INFO] 
[INFO] docker-java-parent                                                 [pom]
[INFO] docker-java-api                                                    [jar]
[INFO] docker-java                                                        [pom]
[INFO] docker-java-transport                                              [jar]
[INFO] docker-java-core                                                   [jar]
[INFO] docker-java-transport-tck                                          [jar]
[INFO] docker-java-transport-netty                                        [jar]
[INFO] docker-java-transport-jersey                                       [jar]
[INFO] docker-java-transport-okhttp                                       [jar]
[INFO] docker-java-transport-httpclient5                                  [jar]
[INFO] docker-java-transport-zerodep                                      [jar]
[INFO] docker-java                                                        [jar]
[INFO] 
[INFO] -------------< com.github.docker-java:docker-java-parent >--------------
[INFO] Building docker-java-parent 0-SNAPSHOT                            [1/12]
[INFO] --------------------------------[ pom ]---------------------------------
[INFO] 
[INFO] --- maven-clean-plugin:3.1.0:clean (default-clean) @ docker-java-parent ---
[INFO] Deleting /home/gabsko/breaking-updates/target
[INFO] 
[INFO] --- maven-checkstyle-plugin:2.17:check (checkstyle) @ docker-java-parent ---
[INFO] 
[INFO] ---------------< com.github.docker-java:docker-java-api >---------------
[INFO] Building docker-java-api 0-SNAPSHOT                               [2/12]
[INFO] --------------------------------[ jar ]---------------------------------
[INFO] 
[INFO] --- maven-clean-plugin:3.1.0:clean (default-clean) @ docker-java-api ---
[INFO] Deleting /home/gabsko/breaking-updates/docker-java-api/target
[INFO] 
[INFO] --- maven-checkstyle-plugin:2.17:check (checkstyle) @ docker-java-api ---
[INFO] 
[INFO] --- maven-resources-plugin:3.1.0:resources (default-resources) @ docker-java-api ---
[INFO] Using 'UTF-8' encoding to copy filtered resources.
[INFO] skip non existing resourceDirectory /home/gabsko/breaking-updates/docker-java-api/src/main/resources
[INFO] 
[INFO] --- maven-compiler-plugin:3.8.1:compile (default-compile) @ docker-java-api ---
[INFO] Changes detected - recompiling the module!
[INFO] Compiling 284 source files to /home/gabsko/breaking-updates/docker-java-api/target/classes
[INFO] /home/gabsko/breaking-updates/docker-java-api/src/main/java/com/github/dockerjava/api/command/InspectContainerResponse.java: Some input files use or override a deprecated API.
[INFO] /home/gabsko/breaking-updates/docker-java-api/src/main/java/com/github/dockerjava/api/command/InspectContainerResponse.java: Recompile with -Xlint:deprecation for details.
[INFO] 
[INFO] --- maven-resources-plugin:3.1.0:testResources (default-testResources) @ docker-java-api ---
[INFO] Using 'UTF-8' encoding to copy filtered resources.
[INFO] skip non existing resourceDirectory /home/gabsko/breaking-updates/docker-java-api/src/test/resources
[INFO] 
[INFO] --- maven-compiler-plugin:3.8.1:testCompile (default-testCompile) @ docker-java-api ---
[INFO] Changes detected - recompiling the module!
[INFO] Compiling 1 source file to /home/gabsko/breaking-updates/docker-java-api/target/test-classes
[INFO] 
[INFO] --- maven-surefire-plugin:3.0.0-M4:test (default-test) @ docker-java-api ---
[INFO] 
[INFO] -------------------------------------------------------
[INFO]  T E S T S
[INFO] -------------------------------------------------------
SLF4J: Failed to load class "org.slf4j.impl.StaticLoggerBinder".
SLF4J: Defaulting to no-operation (NOP) logger implementation
SLF4J: See http://www.slf4j.org/codes.html#StaticLoggerBinder for further details.
[INFO] Running com.github.dockerjava.api.model.DockerObjectArchTest
[INFO] Tests run: 1, Failures: 0, Errors: 0, Skipped: 0, Time elapsed: 0.902 s - in com.github.dockerjava.api.model.DockerObjectArchTest
[INFO] 
[INFO] Results:
[INFO] 
[INFO] Tests run: 1, Failures: 0, Errors: 0, Skipped: 0
[INFO] 
[INFO] 
[INFO] ---------------< com.github.docker-java:docker-java-bom >---------------
[INFO] Building docker-java 0-SNAPSHOT                                   [3/12]
[INFO] --------------------------------[ pom ]---------------------------------
[INFO] 
[INFO] --- maven-clean-plugin:3.1.0:clean (default-clean) @ docker-java-bom ---
[INFO] Deleting /home/gabsko/breaking-updates/docker-java-bom/target
[INFO] 
[INFO] --- maven-checkstyle-plugin:2.17:check (checkstyle) @ docker-java-bom ---
[INFO] 
[INFO] ------------< com.github.docker-java:docker-java-transport >------------
[INFO] Building docker-java-transport 0-SNAPSHOT                         [4/12]
[INFO] --------------------------------[ jar ]---------------------------------
[INFO] 
[INFO] --- maven-clean-plugin:3.1.0:clean (default-clean) @ docker-java-transport ---
[INFO] Deleting /home/gabsko/breaking-updates/docker-java-transport/target
[INFO] 
[INFO] --- maven-checkstyle-plugin:2.17:check (checkstyle) @ docker-java-transport ---
[INFO] 
[INFO] --- maven-resources-plugin:3.1.0:resources (default-resources) @ docker-java-transport ---
[INFO] Using 'UTF-8' encoding to copy filtered resources.
[INFO] skip non existing resourceDirectory /home/gabsko/breaking-updates/docker-java-transport/src/main/resources
[INFO] 
[INFO] --- maven-compiler-plugin:3.8.1:compile (default-compile) @ docker-java-transport ---
[INFO] Changes detected - recompiling the module!
[INFO] Compiling 9 source files to /home/gabsko/breaking-updates/docker-java-transport/target/classes
[INFO] /home/gabsko/breaking-updates/docker-java-transport/src/main/java/com/github/dockerjava/transport/FileDescriptor.java: Some input files use or override a deprecated API.
[INFO] /home/gabsko/breaking-updates/docker-java-transport/src/main/java/com/github/dockerjava/transport/FileDescriptor.java: Recompile with -Xlint:deprecation for details.
[INFO] 
[INFO] --- maven-resources-plugin:3.1.0:testResources (default-testResources) @ docker-java-transport ---
[INFO] Using 'UTF-8' encoding to copy filtered resources.
[INFO] skip non existing resourceDirectory /home/gabsko/breaking-updates/docker-java-transport/src/test/resources
[INFO] 
[INFO] --- maven-compiler-plugin:3.8.1:testCompile (default-testCompile) @ docker-java-transport ---
[INFO] No sources to compile
[INFO] 
[INFO] --- maven-surefire-plugin:3.0.0-M4:test (default-test) @ docker-java-transport ---
[INFO] No tests to run.
[INFO] 
[INFO] --------------< com.github.docker-java:docker-java-core >---------------
[INFO] Building docker-java-core 0-SNAPSHOT                              [5/12]
[INFO] --------------------------------[ jar ]---------------------------------
[INFO] 
[INFO] --- maven-clean-plugin:3.1.0:clean (default-clean) @ docker-java-core ---
[INFO] Deleting /home/gabsko/breaking-updates/docker-java-core/target
[INFO] 
[INFO] --- maven-checkstyle-plugin:2.17:check (checkstyle) @ docker-java-core ---
[INFO] 
[INFO] --- maven-resources-plugin:3.1.0:resources (default-resources) @ docker-java-core ---
[INFO] Using 'UTF-8' encoding to copy filtered resources.
[INFO] skip non existing resourceDirectory /home/gabsko/breaking-updates/docker-java-core/src/main/resources
[INFO] 
[INFO] --- maven-compiler-plugin:3.8.1:compile (default-compile) @ docker-java-core ---
[INFO] Changes detected - recompiling the module!
[INFO] Compiling 206 source files to /home/gabsko/breaking-updates/docker-java-core/target/classes
[INFO] /home/gabsko/breaking-updates/docker-java-core/src/main/java/com/github/dockerjava/core/InvocationBuilder.java: Some input files use or override a deprecated API.
[INFO] /home/gabsko/breaking-updates/docker-java-core/src/main/java/com/github/dockerjava/core/InvocationBuilder.java: Recompile with -Xlint:deprecation for details.
[INFO] /home/gabsko/breaking-updates/docker-java-core/src/main/java/com/github/dockerjava/core/command/AbstrAsyncDockerCmd.java: Some input files use unchecked or unsafe operations.
[INFO] /home/gabsko/breaking-updates/docker-java-core/src/main/java/com/github/dockerjava/core/command/AbstrAsyncDockerCmd.java: Recompile with -Xlint:unchecked for details.
[INFO] 
[INFO] --- maven-resources-plugin:3.1.0:testResources (default-testResources) @ docker-java-core ---
[INFO] Using 'UTF-8' encoding to copy filtered resources.
[INFO] skip non existing resourceDirectory /home/gabsko/breaking-updates/docker-java-core/src/test/resources
[INFO] 
[INFO] --- maven-compiler-plugin:3.8.1:testCompile (default-testCompile) @ docker-java-core ---
[INFO] No sources to compile
[INFO] 
[INFO] --- maven-surefire-plugin:3.0.0-M4:test (default-test) @ docker-java-core ---
[INFO] No tests to run.
[INFO] 
[INFO] ----------< com.github.docker-java:docker-java-transport-tck >----------
[INFO] Building docker-java-transport-tck 0-SNAPSHOT                     [6/12]
[INFO] --------------------------------[ jar ]---------------------------------
[INFO] 
[INFO] --- maven-clean-plugin:3.1.0:clean (default-clean) @ docker-java-transport-tck ---
[INFO] Deleting /home/gabsko/breaking-updates/docker-java-transport-tck/target
[INFO] 
[INFO] --- maven-checkstyle-plugin:2.17:check (checkstyle) @ docker-java-transport-tck ---
[INFO] 
[INFO] --- maven-resources-plugin:3.1.0:resources (default-resources) @ docker-java-transport-tck ---
[INFO] Using 'UTF-8' encoding to copy filtered resources.
[INFO] skip non existing resourceDirectory /home/gabsko/breaking-updates/docker-java-transport-tck/src/main/resources
[INFO] 
[INFO] --- maven-compiler-plugin:3.8.1:compile (default-compile) @ docker-java-transport-tck ---
[INFO] Changes detected - recompiling the module!
[INFO] Compiling 1 source file to /home/gabsko/breaking-updates/docker-java-transport-tck/target/classes
[INFO] 
[INFO] --- maven-resources-plugin:3.1.0:testResources (default-testResources) @ docker-java-transport-tck ---
[INFO] Using 'UTF-8' encoding to copy filtered resources.
[INFO] skip non existing resourceDirectory /home/gabsko/breaking-updates/docker-java-transport-tck/src/test/resources
[INFO] 
[INFO] --- maven-compiler-plugin:3.8.1:testCompile (default-testCompile) @ docker-java-transport-tck ---
[INFO] No sources to compile
[INFO] 
[INFO] --- maven-surefire-plugin:3.0.0-M4:test (default-test) @ docker-java-transport-tck ---
[INFO] No tests to run.
[INFO] 
[INFO] ---------< com.github.docker-java:docker-java-transport-netty >---------
[INFO] Building docker-java-transport-netty 0-SNAPSHOT                   [7/12]
[INFO] --------------------------------[ jar ]---------------------------------
[INFO] 
[INFO] --- maven-clean-plugin:3.1.0:clean (default-clean) @ docker-java-transport-netty ---
[INFO] Deleting /home/gabsko/breaking-updates/docker-java-transport-netty/target
[INFO] 
[INFO] --- maven-checkstyle-plugin:2.17:check (checkstyle) @ docker-java-transport-netty ---
[INFO] 
[INFO] --- maven-resources-plugin:3.1.0:resources (default-resources) @ docker-java-transport-netty ---
[INFO] Using 'UTF-8' encoding to copy filtered resources.
[INFO] skip non existing resourceDirectory /home/gabsko/breaking-updates/docker-java-transport-netty/src/main/resources
[INFO] 
[INFO] --- maven-compiler-plugin:3.8.1:compile (default-compile) @ docker-java-transport-netty ---
[INFO] Changes detected - recompiling the module!
[INFO] Compiling 11 source files to /home/gabsko/breaking-updates/docker-java-transport-netty/target/classes
[INFO] /home/gabsko/breaking-updates/docker-java-transport-netty/src/main/java/com/github/dockerjava/netty/NettyInvocationBuilder.java: Some input files use or override a deprecated API.
[INFO] /home/gabsko/breaking-updates/docker-java-transport-netty/src/main/java/com/github/dockerjava/netty/NettyInvocationBuilder.java: Recompile with -Xlint:deprecation for details.
[INFO] 
[INFO] --- maven-resources-plugin:3.1.0:testResources (default-testResources) @ docker-java-transport-netty ---
[INFO] Using 'UTF-8' encoding to copy filtered resources.
[INFO] skip non existing resourceDirectory /home/gabsko/breaking-updates/docker-java-transport-netty/src/test/resources
[INFO] 
[INFO] --- maven-compiler-plugin:3.8.1:testCompile (default-testCompile) @ docker-java-transport-netty ---
[INFO] No sources to compile
[INFO] 
[INFO] --- maven-surefire-plugin:3.0.0-M4:test (default-test) @ docker-java-transport-netty ---
[INFO] No tests to run.
[INFO] 
[INFO] --------< com.github.docker-java:docker-java-transport-jersey >---------
[INFO] Building docker-java-transport-jersey 0-SNAPSHOT                  [8/12]
[INFO] --------------------------------[ jar ]---------------------------------
[INFO] 
[INFO] --- maven-clean-plugin:3.1.0:clean (default-clean) @ docker-java-transport-jersey ---
[INFO] Deleting /home/gabsko/breaking-updates/docker-java-transport-jersey/target
[INFO] 
[INFO] --- maven-checkstyle-plugin:2.17:check (checkstyle) @ docker-java-transport-jersey ---
[INFO] 
[INFO] --- maven-resources-plugin:3.1.0:resources (default-resources) @ docker-java-transport-jersey ---
[INFO] Using 'UTF-8' encoding to copy filtered resources.
[INFO] skip non existing resourceDirectory /home/gabsko/breaking-updates/docker-java-transport-jersey/src/main/resources
[INFO] 
[INFO] --- maven-compiler-plugin:3.8.1:compile (default-compile) @ docker-java-transport-jersey ---
[INFO] Changes detected - recompiling the module!
[INFO] Compiling 10 source files to /home/gabsko/breaking-updates/docker-java-transport-jersey/target/classes
[INFO] /home/gabsko/breaking-updates/docker-java-transport-jersey/src/main/java/com/github/dockerjava/jaxrs/JerseyDockerHttpClient.java: /home/gabsko/breaking-updates/docker-java-transport-jersey/src/main/java/com/github/dockerjava/jaxrs/JerseyDockerHttpClient.java uses or overrides a deprecated API.
[INFO] /home/gabsko/breaking-updates/docker-java-transport-jersey/src/main/java/com/github/dockerjava/jaxrs/JerseyDockerHttpClient.java: Recompile with -Xlint:deprecation for details.
[INFO] 
[INFO] --- maven-resources-plugin:3.1.0:testResources (default-testResources) @ docker-java-transport-jersey ---
[INFO] Using 'UTF-8' encoding to copy filtered resources.
[INFO] skip non existing resourceDirectory /home/gabsko/breaking-updates/docker-java-transport-jersey/src/test/resources
[INFO] 
[INFO] --- maven-compiler-plugin:3.8.1:testCompile (default-testCompile) @ docker-java-transport-jersey ---
[INFO] Changes detected - recompiling the module!
[INFO] Compiling 1 source file to /home/gabsko/breaking-updates/docker-java-transport-jersey/target/test-classes
[INFO] 
[INFO] --- maven-surefire-plugin:3.0.0-M4:test (default-test) @ docker-java-transport-jersey ---
[INFO] 
[INFO] -------------------------------------------------------
[INFO]  T E S T S
[INFO] -------------------------------------------------------
[INFO] Running com.github.dockerjava.transport.JerseyTests
Feb 11, 2023 12:15:39 PM okhttp3.mockwebserver.MockWebServer$3 execute
INFO: MockWebServer[51583] starting to accept connections
Feb 11, 2023 12:15:39 PM okhttp3.mockwebserver.MockWebServer$4 processOneRequest
INFO: MockWebServer[51583] received request: GET /%20some/path/_ping HTTP/1.1 and responded: HTTP/1.1 200 OK
Feb 11, 2023 12:15:39 PM okhttp3.mockwebserver.MockWebServer$3 acceptConnections
INFO: MockWebServer[51583] done accepting connections: Socket closed
[WARNING] Tests run: 2, Failures: 0, Errors: 0, Skipped: 1, Time elapsed: 0.987 s - in com.github.dockerjava.transport.JerseyTests
[INFO] 
[INFO] Results:
[INFO] 
[WARNING] Tests run: 2, Failures: 0, Errors: 0, Skipped: 1
[INFO] 
[INFO] 
[INFO] --------< com.github.docker-java:docker-java-transport-okhttp >---------
[INFO] Building docker-java-transport-okhttp 0-SNAPSHOT                  [9/12]
[INFO] --------------------------------[ jar ]---------------------------------
[INFO] 
[INFO] --- maven-clean-plugin:3.1.0:clean (default-clean) @ docker-java-transport-okhttp ---
[INFO] Deleting /home/gabsko/breaking-updates/docker-java-transport-okhttp/target
[INFO] 
[INFO] --- maven-checkstyle-plugin:2.17:check (checkstyle) @ docker-java-transport-okhttp ---
[INFO] 
[INFO] --- maven-resources-plugin:3.1.0:resources (default-resources) @ docker-java-transport-okhttp ---
[INFO] Using 'UTF-8' encoding to copy filtered resources.
[INFO] skip non existing resourceDirectory /home/gabsko/breaking-updates/docker-java-transport-okhttp/src/main/resources
[INFO] 
[INFO] --- maven-compiler-plugin:3.8.1:compile (default-compile) @ docker-java-transport-okhttp ---
[INFO] Changes detected - recompiling the module!
[INFO] Compiling 5 source files to /home/gabsko/breaking-updates/docker-java-transport-okhttp/target/classes
[INFO] 
[INFO] --- maven-resources-plugin:3.1.0:testResources (default-testResources) @ docker-java-transport-okhttp ---
[INFO] Using 'UTF-8' encoding to copy filtered resources.
[INFO] skip non existing resourceDirectory /home/gabsko/breaking-updates/docker-java-transport-okhttp/src/test/resources
[INFO] 
[INFO] --- maven-compiler-plugin:3.8.1:testCompile (default-testCompile) @ docker-java-transport-okhttp ---
[INFO] Changes detected - recompiling the module!
[INFO] Compiling 1 source file to /home/gabsko/breaking-updates/docker-java-transport-okhttp/target/test-classes
[INFO] 
[INFO] --- maven-surefire-plugin:3.0.0-M4:test (default-test) @ docker-java-transport-okhttp ---
[INFO] 
[INFO] -------------------------------------------------------
[INFO]  T E S T S
[INFO] -------------------------------------------------------
[INFO] Running com.github.dockerjava.transport.OkHttpClientTests
Feb 11, 2023 12:15:40 PM org.testcontainers.utility.TestcontainersConfiguration readProperties
WARNING: Attempted to read Testcontainers configuration file at file:/home/gabsko/.testcontainers.properties but the file was not found. Exception message: FileNotFoundException: /home/gabsko/.testcontainers.properties (No such file or directory)
Feb 11, 2023 12:15:41 PM com.github.dockerjava.zerodep.shaded.org.apache.hc.client5.http.impl.classic.HttpRequestRetryExec execute
INFO: Recoverable I/O exception (java.io.IOException) caught when processing request to {}->unix://localhost:2375
Feb 11, 2023 12:15:41 PM com.github.dockerjava.zerodep.shaded.org.apache.hc.client5.http.impl.classic.HttpRequestRetryExec execute
INFO: Recoverable I/O exception (java.io.IOException) caught when processing request to {}->unix://localhost:2375
Feb 11, 2023 12:15:41 PM com.github.dockerjava.zerodep.shaded.org.apache.hc.client5.http.impl.classic.HttpRequestRetryExec execute
INFO: Recoverable I/O exception (java.io.IOException) caught when processing request to {}->unix://localhost:2375
Feb 11, 2023 12:15:41 PM com.github.dockerjava.zerodep.shaded.org.apache.hc.client5.http.impl.classic.HttpRequestRetryExec execute
INFO: Recoverable I/O exception (java.io.IOException) caught when processing request to {}->unix://localhost:2375
Feb 11, 2023 12:15:41 PM com.github.dockerjava.zerodep.shaded.org.apache.hc.client5.http.impl.classic.HttpRequestRetryExec execute
INFO: Recoverable I/O exception (java.io.IOException) caught when processing request to {}->unix://localhost:2375
Feb 11, 2023 12:15:41 PM com.github.dockerjava.zerodep.shaded.org.apache.hc.client5.http.impl.classic.HttpRequestRetryExec execute
INFO: Recoverable I/O exception (java.io.IOException) caught when processing request to {}->unix://localhost:2375
Feb 11, 2023 12:15:41 PM com.github.dockerjava.zerodep.shaded.org.apache.hc.client5.http.impl.classic.HttpRequestRetryExec execute
INFO: Recoverable I/O exception (java.io.IOException) caught when processing request to {}->unix://localhost:2375
Feb 11, 2023 12:15:42 PM com.github.dockerjava.zerodep.shaded.org.apache.hc.client5.http.impl.classic.HttpRequestRetryExec execute
INFO: Recoverable I/O exception (java.io.IOException) caught when processing request to {}->unix://localhost:2375
Feb 11, 2023 12:15:42 PM com.github.dockerjava.zerodep.shaded.org.apache.hc.client5.http.impl.classic.HttpRequestRetryExec execute
INFO: Recoverable I/O exception (java.io.IOException) caught when processing request to {}->unix://localhost:2375
Feb 11, 2023 12:15:42 PM com.github.dockerjava.zerodep.shaded.org.apache.hc.client5.http.impl.classic.HttpRequestRetryExec execute
INFO: Recoverable I/O exception (java.io.IOException) caught when processing request to {}->unix://localhost:2375
Feb 11, 2023 12:15:42 PM com.github.dockerjava.zerodep.shaded.org.apache.hc.client5.http.impl.classic.HttpRequestRetryExec execute
INFO: Recoverable I/O exception (java.io.IOException) caught when processing request to {}->unix://localhost:2375
Feb 11, 2023 12:15:42 PM com.github.dockerjava.zerodep.shaded.org.apache.hc.client5.http.impl.classic.HttpRequestRetryExec execute
INFO: Recoverable I/O exception (java.io.IOException) caught when processing request to {}->unix://localhost:2375
Feb 11, 2023 12:15:42 PM com.github.dockerjava.zerodep.shaded.org.apache.hc.client5.http.impl.classic.HttpRequestRetryExec execute
INFO: Recoverable I/O exception (java.io.IOException) caught when processing request to {}->unix://localhost:2375
Feb 11, 2023 12:15:42 PM com.github.dockerjava.zerodep.shaded.org.apache.hc.client5.http.impl.classic.HttpRequestRetryExec execute
INFO: Recoverable I/O exception (java.io.IOException) caught when processing request to {}->unix://localhost:2375
Feb 11, 2023 12:15:42 PM com.github.dockerjava.zerodep.shaded.org.apache.hc.client5.http.impl.classic.HttpRequestRetryExec execute
INFO: Recoverable I/O exception (java.io.IOException) caught when processing request to {}->unix://localhost:2375
Feb 11, 2023 12:15:42 PM com.github.dockerjava.zerodep.shaded.org.apache.hc.client5.http.impl.classic.HttpRequestRetryExec execute
INFO: Recoverable I/O exception (java.io.IOException) caught when processing request to {}->unix://localhost:2375
Feb 11, 2023 12:15:42 PM com.github.dockerjava.zerodep.shaded.org.apache.hc.client5.http.impl.classic.HttpRequestRetryExec execute
INFO: Recoverable I/O exception (java.io.IOException) caught when processing request to {}->unix://localhost:2375
Feb 11, 2023 12:15:43 PM com.github.dockerjava.zerodep.shaded.org.apache.hc.client5.http.impl.classic.HttpRequestRetryExec execute
INFO: Recoverable I/O exception (java.io.IOException) caught when processing request to {}->unix://localhost:2375
Feb 11, 2023 12:15:43 PM com.github.dockerjava.zerodep.shaded.org.apache.hc.client5.http.impl.classic.HttpRequestRetryExec execute
INFO: Recoverable I/O exception (java.io.IOException) caught when processing request to {}->unix://localhost:2375
Feb 11, 2023 12:15:43 PM com.github.dockerjava.zerodep.shaded.org.apache.hc.client5.http.impl.classic.HttpRequestRetryExec execute
INFO: Recoverable I/O exception (java.io.IOException) caught when processing request to {}->unix://localhost:2375
Feb 11, 2023 12:15:43 PM com.github.dockerjava.zerodep.shaded.org.apache.hc.client5.http.impl.classic.HttpRequestRetryExec execute
INFO: Recoverable I/O exception (java.io.IOException) caught when processing request to {}->unix://localhost:2375
Feb 11, 2023 12:15:43 PM com.github.dockerjava.zerodep.shaded.org.apache.hc.client5.http.impl.classic.HttpRequestRetryExec execute
INFO: Recoverable I/O exception (java.io.IOException) caught when processing request to {}->unix://localhost:2375
Feb 11, 2023 12:15:43 PM com.github.dockerjava.zerodep.shaded.org.apache.hc.client5.http.impl.classic.HttpRequestRetryExec execute
INFO: Recoverable I/O exception (java.io.IOException) caught when processing request to {}->unix://localhost:2375
Feb 11, 2023 12:15:43 PM com.github.dockerjava.zerodep.shaded.org.apache.hc.client5.http.impl.classic.HttpRequestRetryExec execute
INFO: Recoverable I/O exception (java.io.IOException) caught when processing request to {}->unix://localhost:2375
Feb 11, 2023 12:15:43 PM com.github.dockerjava.zerodep.shaded.org.apache.hc.client5.http.impl.classic.HttpRequestRetryExec execute
INFO: Recoverable I/O exception (java.io.IOException) caught when processing request to {}->unix://localhost:2375
Feb 11, 2023 12:15:43 PM com.github.dockerjava.zerodep.shaded.org.apache.hc.client5.http.impl.classic.HttpRequestRetryExec execute
INFO: Recoverable I/O exception (java.io.IOException) caught when processing request to {}->unix://localhost:2375
Feb 11, 2023 12:15:44 PM com.github.dockerjava.zerodep.shaded.org.apache.hc.client5.http.impl.classic.HttpRequestRetryExec execute
INFO: Recoverable I/O exception (java.io.IOException) caught when processing request to {}->unix://localhost:2375
Feb 11, 2023 12:15:44 PM com.github.dockerjava.zerodep.shaded.org.apache.hc.client5.http.impl.classic.HttpRequestRetryExec execute
INFO: Recoverable I/O exception (java.io.IOException) caught when processing request to {}->unix://localhost:2375
Feb 11, 2023 12:15:44 PM com.github.dockerjava.zerodep.shaded.org.apache.hc.client5.http.impl.classic.HttpRequestRetryExec execute
INFO: Recoverable I/O exception (java.io.IOException) caught when processing request to {}->unix://localhost:2375
Feb 11, 2023 12:15:44 PM com.github.dockerjava.zerodep.shaded.org.apache.hc.client5.http.impl.classic.HttpRequestRetryExec execute
INFO: Recoverable I/O exception (java.io.IOException) caught when processing request to {}->unix://localhost:2375
Feb 11, 2023 12:15:44 PM com.github.dockerjava.zerodep.shaded.org.apache.hc.client5.http.impl.classic.HttpRequestRetryExec execute
INFO: Recoverable I/O exception (java.io.IOException) caught when processing request to {}->unix://localhost:2375
Feb 11, 2023 12:15:44 PM com.github.dockerjava.zerodep.shaded.org.apache.hc.client5.http.impl.classic.HttpRequestRetryExec execute
INFO: Recoverable I/O exception (java.io.IOException) caught when processing request to {}->unix://localhost:2375
Feb 11, 2023 12:15:44 PM com.github.dockerjava.zerodep.shaded.org.apache.hc.client5.http.impl.classic.HttpRequestRetryExec execute
INFO: Recoverable I/O exception (java.io.IOException) caught when processing request to {}->unix://localhost:2375
Feb 11, 2023 12:15:44 PM com.github.dockerjava.zerodep.shaded.org.apache.hc.client5.http.impl.classic.HttpRequestRetryExec execute
INFO: Recoverable I/O exception (java.io.IOException) caught when processing request to {}->unix://localhost:2375
Feb 11, 2023 12:15:44 PM com.github.dockerjava.zerodep.shaded.org.apache.hc.client5.http.impl.classic.HttpRequestRetryExec execute
INFO: Recoverable I/O exception (java.io.IOException) caught when processing request to {}->unix://localhost:2375
Feb 11, 2023 12:15:44 PM com.github.dockerjava.zerodep.shaded.org.apache.hc.client5.http.impl.classic.HttpRequestRetryExec execute
INFO: Recoverable I/O exception (java.io.IOException) caught when processing request to {}->unix://localhost:2375
Feb 11, 2023 12:15:45 PM com.github.dockerjava.zerodep.shaded.org.apache.hc.client5.http.impl.classic.HttpRequestRetryExec execute
INFO: Recoverable I/O exception (java.io.IOException) caught when processing request to {}->unix://localhost:2375
Feb 11, 2023 12:15:45 PM com.github.dockerjava.zerodep.shaded.org.apache.hc.client5.http.impl.classic.HttpRequestRetryExec execute
INFO: Recoverable I/O exception (java.io.IOException) caught when processing request to {}->unix://localhost:2375
Feb 11, 2023 12:15:45 PM com.github.dockerjava.zerodep.shaded.org.apache.hc.client5.http.impl.classic.HttpRequestRetryExec execute
INFO: Recoverable I/O exception (java.io.IOException) caught when processing request to {}->unix://localhost:2375
Feb 11, 2023 12:15:45 PM com.github.dockerjava.zerodep.shaded.org.apache.hc.client5.http.impl.classic.HttpRequestRetryExec execute
INFO: Recoverable I/O exception (java.io.IOException) caught when processing request to {}->unix://localhost:2375
Feb 11, 2023 12:15:45 PM com.github.dockerjava.zerodep.shaded.org.apache.hc.client5.http.impl.classic.HttpRequestRetryExec execute
INFO: Recoverable I/O exception (java.io.IOException) caught when processing request to {}->unix://localhost:2375
Feb 11, 2023 12:15:45 PM com.github.dockerjava.zerodep.shaded.org.apache.hc.client5.http.impl.classic.HttpRequestRetryExec execute
INFO: Recoverable I/O exception (java.io.IOException) caught when processing request to {}->unix://localhost:2375
Feb 11, 2023 12:15:45 PM com.github.dockerjava.zerodep.shaded.org.apache.hc.client5.http.impl.classic.HttpRequestRetryExec execute
INFO: Recoverable I/O exception (java.io.IOException) caught when processing request to {}->unix://localhost:2375
Feb 11, 2023 12:15:45 PM com.github.dockerjava.zerodep.shaded.org.apache.hc.client5.http.impl.classic.HttpRequestRetryExec execute
INFO: Recoverable I/O exception (java.io.IOException) caught when processing request to {}->unix://localhost:2375
Feb 11, 2023 12:15:45 PM com.github.dockerjava.zerodep.shaded.org.apache.hc.client5.http.impl.classic.HttpRequestRetryExec execute
INFO: Recoverable I/O exception (java.io.IOException) caught when processing request to {}->unix://localhost:2375
Feb 11, 2023 12:15:45 PM com.github.dockerjava.zerodep.shaded.org.apache.hc.client5.http.impl.classic.HttpRequestRetryExec execute
INFO: Recoverable I/O exception (java.io.IOException) caught when processing request to {}->unix://localhost:2375
Feb 11, 2023 12:15:46 PM com.github.dockerjava.zerodep.shaded.org.apache.hc.client5.http.impl.classic.HttpRequestRetryExec execute
INFO: Recoverable I/O exception (java.io.IOException) caught when processing request to {}->unix://localhost:2375
Feb 11, 2023 12:15:46 PM com.github.dockerjava.zerodep.shaded.org.apache.hc.client5.http.impl.classic.HttpRequestRetryExec execute
INFO: Recoverable I/O exception (java.io.IOException) caught when processing request to {}->unix://localhost:2375
Feb 11, 2023 12:15:46 PM org.testcontainers.dockerclient.DockerMachineClientProviderStrategy isApplicable
INFO: docker-machine executable was not found on PATH ([/home/gabsko/apache-maven-3.8.6/bin, /usr/local/sbin, /usr/local/bin, /usr/sbin, /usr/bin, /sbin, /bin, /usr/games, /usr/local/games, /snap/bin])
Feb 11, 2023 12:15:46 PM org.testcontainers.dockerclient.DockerClientProviderStrategy lambda$getFirstValidStrategy$4
SEVERE: Could not find a valid Docker environment. Please check configuration. Attempted configurations were:
Feb 11, 2023 12:15:46 PM org.testcontainers.dockerclient.DockerClientProviderStrategy lambda$getFirstValidStrategy$4
SEVERE:     UnixSocketClientProviderStrategy: failed with exception TimeoutException (Timeout waiting for result with exception). Root cause LastErrorException ([13] Permission denied)
Feb 11, 2023 12:15:46 PM org.testcontainers.dockerclient.DockerClientProviderStrategy lambda$getFirstValidStrategy$4
SEVERE: As no valid configuration was found, execution cannot continue
Feb 11, 2023 12:15:46 PM okhttp3.mockwebserver.MockWebServer$3 execute
INFO: MockWebServer[33673] starting to accept connections
Feb 11, 2023 12:15:46 PM okhttp3.mockwebserver.MockWebServer$4 processOneRequest
INFO: MockWebServer[33673] received request: GET /%20some/path/_ping HTTP/1.1 and responded: HTTP/1.1 200 OK
Feb 11, 2023 12:15:46 PM okhttp3.mockwebserver.MockWebServer$3 acceptConnections
INFO: MockWebServer[33673] done accepting connections: Socket closed
[ERROR] Tests run: 2, Failures: 0, Errors: 1, Skipped: 0, Time elapsed: 5.633 s <<< FAILURE! - in com.github.dockerjava.transport.OkHttpClientTests
[ERROR] com.github.dockerjava.transport.OkHttpClientTests.testHijacking  Time elapsed: 5.39 s  <<< ERROR!
java.lang.IllegalStateException: Could not find a valid Docker environment. Please see logs and check configuration

[INFO] 
[INFO] Results:
[INFO] 
[ERROR] Errors: 
[ERROR]   OkHttpClientTests>DockerHttpClientTCK.testHijacking:32->DockerHttpClientTCK.createDockerClient:94->DockerHttpClientTCK.createDockerHttpClient:85 » IllegalState
[INFO] 
[ERROR] Tests run: 2, Failures: 0, Errors: 1, Skipped: 0
[INFO] 
[INFO] ------------------------------------------------------------------------
[INFO] Reactor Summary for docker-java-parent 0-SNAPSHOT:
[INFO] 
[INFO] docker-java-parent ................................. SUCCESS [  0.659 s]
[INFO] docker-java-api .................................... SUCCESS [  6.790 s]
[INFO] docker-java ........................................ SUCCESS [  0.148 s]
[INFO] docker-java-transport .............................. SUCCESS [  0.579 s]
[INFO] docker-java-core ................................... SUCCESS [  1.327 s]
[INFO] docker-java-transport-tck .......................... SUCCESS [  0.461 s]
[INFO] docker-java-transport-netty ........................ SUCCESS [  0.355 s]
[INFO] docker-java-transport-jersey ....................... SUCCESS [  2.028 s]
[INFO] docker-java-transport-okhttp ....................... FAILURE [  6.473 s]
[INFO] docker-java-transport-httpclient5 .................. SKIPPED
[INFO] docker-java-transport-zerodep ...................... SKIPPED
[INFO] docker-java ........................................ SKIPPED
[INFO] ------------------------------------------------------------------------
[INFO] BUILD FAILURE
[INFO] ------------------------------------------------------------------------
[INFO] Total time:  19.376 s
[INFO] Finished at: 2023-02-11T12:15:46Z
[INFO] ------------------------------------------------------------------------
[ERROR] Failed to execute goal org.apache.maven.plugins:maven-surefire-plugin:3.0.0-M4:test (default-test) on project docker-java-transport-okhttp: There are test failures.
[ERROR] 
[ERROR] Please refer to /home/gabsko/breaking-updates/docker-java-transport-okhttp/target/surefire-reports for the individual test results.
[ERROR] Please refer to dump files (if any exist) [date].dump, [date]-jvmRun[N].dump and [date].dumpstream.
[ERROR] -> [Help 1]
[ERROR] 
[ERROR] To see the full stack trace of the errors, re-run Maven with the -e switch.
[ERROR] Re-run Maven using the -X switch to enable full debug logging.
[ERROR] 
[ERROR] For more information about the errors and possible solutions, please read the following articles:
[ERROR] [Help 1] http://cwiki.apache.org/confluence/display/MAVEN/MojoFailureException
[ERROR] 
[ERROR] After correcting the problems, you can resume the build with the command
[ERROR]   mvn <args> -rf :docker-java-transport-okhttp
