[INFO] Scanning for projects...
[INFO] Inspecting build with total of 1 modules...
[INFO] Installing Nexus Staging features:
[INFO]   ... total of 1 executions of maven-deploy-plugin replaced with nexus-staging-maven-plugin
[INFO] 
[INFO] ------------------------< dev.openfeature:sdk >-------------------------
[INFO] Building OpenFeature Java SDK 1.0.0
[INFO] --------------------------------[ jar ]---------------------------------
[INFO] 
[INFO] --- maven-clean-plugin:2.5:clean (default-clean) @ sdk ---
[INFO] Deleting /home/gabsko/breaking-updates/target
[INFO] 
[INFO] --- build-helper-maven-plugin:3.3.0:cpu-count (get-cpu-count) @ sdk ---
[INFO] CPU count: 36
[INFO] 
[INFO] --- maven-checkstyle-plugin:3.2.0:check (validate) @ sdk ---
[INFO] Starting audit...
Audit done.
[INFO] You have 0 Checkstyle violations.
[INFO] 
[INFO] --- jacoco-maven-plugin:0.8.8:prepare-agent (prepare-agent) @ sdk ---
[INFO] surefireArgLine set to -javaagent:/home/gabsko/.m2/repository/org/jacoco/org.jacoco.agent/0.8.8/org.jacoco.agent-0.8.8-runtime.jar=destfile=/home/gabsko/breaking-updates/target/coverage-reports/jacoco-ut.exec
[INFO] 
[INFO] --- maven-resources-plugin:2.6:resources (default-resources) @ sdk ---
[INFO] Using 'UTF-8' encoding to copy filtered resources.
[INFO] skip non existing resourceDirectory /home/gabsko/breaking-updates/src/main/resources
[INFO] 
[INFO] --- maven-compiler-plugin:3.10.1:compile (default-compile) @ sdk ---
[INFO] Changes detected - recompiling the module!
[INFO] Compiling 37 source files to /home/gabsko/breaking-updates/target/classes
[INFO] /home/gabsko/breaking-updates/src/main/java/dev/openfeature/sdk/Value.java: /home/gabsko/breaking-updates/src/main/java/dev/openfeature/sdk/Value.java uses unchecked or unsafe operations.
[INFO] /home/gabsko/breaking-updates/src/main/java/dev/openfeature/sdk/Value.java: Recompile with -Xlint:unchecked for details.
[INFO] 
[INFO] --- maven-resources-plugin:2.6:testResources (default-testResources) @ sdk ---
[INFO] Using 'UTF-8' encoding to copy filtered resources.
[INFO] Copying 2 resources
[INFO] 
[INFO] --- maven-compiler-plugin:3.10.1:testCompile (default-testCompile) @ sdk ---
[INFO] Changes detected - recompiling the module!
[INFO] Compiling 23 source files to /home/gabsko/breaking-updates/target/test-classes
[INFO] /home/gabsko/breaking-updates/src/test/java/dev/openfeature/sdk/HookSpecTest.java: /home/gabsko/breaking-updates/src/test/java/dev/openfeature/sdk/HookSpecTest.java uses unchecked or unsafe operations.
[INFO] /home/gabsko/breaking-updates/src/test/java/dev/openfeature/sdk/HookSpecTest.java: Recompile with -Xlint:unchecked for details.
[INFO] 
[INFO] --- maven-surefire-plugin:2.22.2:test (default-test) @ sdk ---
[INFO] 
[INFO] -------------------------------------------------------
[INFO]  T E S T S
[INFO] -------------------------------------------------------
[INFO] Running dev.openfeature.sdk.internal.ObjectUtilsTest
[INFO] Running dev.openfeature.sdk.StructureTest
[INFO] Running dev.openfeature.sdk.ProviderSpecTest
[INFO] Running dev.openfeature.sdk.MetadataTest
[INFO] Running dev.openfeature.sdk.ValueTest
[INFO] Running dev.openfeature.sdk.HookContextTest
[INFO] Running dev.openfeature.sdk.FlagEvaluationSpecTest
[INFO] Running dev.openfeature.sdk.HookSupportTest
[INFO] Tests run: 1, Failures: 0, Errors: 0, Skipped: 0, Time elapsed: 0.097 s - in dev.openfeature.sdk.MetadataTest
[INFO] Tests run: 7, Failures: 0, Errors: 0, Skipped: 0, Time elapsed: 0.176 s - in dev.openfeature.sdk.ProviderSpecTest
[INFO] Tests run: 3, Failures: 0, Errors: 0, Skipped: 0, Time elapsed: 0.151 s - in dev.openfeature.sdk.StructureTest
[INFO] Running dev.openfeature.sdk.LockingTest
[INFO] Running dev.openfeature.sdk.DeveloperExperienceTest
[INFO] Running dev.openfeature.sdk.NoOpProviderTest
[INFO] Running dev.openfeature.sdk.HookSpecTest
SLF4J: No SLF4J providers were found.
SLF4J: Defaulting to no-operation (NOP) logger implementation
SLF4J: See https://www.slf4j.org/codes.html#noProviders for further details.
SLF4J: Class path contains SLF4J bindings targeting slf4j-api versions 1.7.x or earlier.
SLF4J: Ignoring binding found at [jar:file:/home/gabsko/.m2/repository/uk/org/lidalia/slf4j-test/1.2.0/slf4j-test-1.2.0.jar!/org/slf4j/impl/StaticLoggerBinder.class]
SLF4J: See https://www.slf4j.org/codes.html#ignoredBindings for an explanation.
[INFO] Tests run: 12, Failures: 0, Errors: 0, Skipped: 0, Time elapsed: 0.28 s - in dev.openfeature.sdk.ValueTest
[INFO] Running dev.openfeature.sdk.OpenFeatureClientTest
SLF4J: No SLF4J providers were found.
SLF4J: Defaulting to no-operation (NOP) logger implementation
SLF4J: See https://www.slf4j.org/codes.html#noProviders for further details.
SLF4J: No SLF4J providers were found.
SLF4J: Defaulting to no-operation (NOP) logger implementation
SLF4J: See https://www.slf4j.org/codes.html#noProviders for further details.
SLF4J: Class path contains SLF4J bindings targeting slf4j-api versions 1.7.x or earlier.
SLF4J: Ignoring binding found at [jar:file:/home/gabsko/.m2/repository/uk/org/lidalia/slf4j-test/1.2.0/slf4j-test-1.2.0.jar!/org/slf4j/impl/StaticLoggerBinder.class]
SLF4J: See https://www.slf4j.org/codes.html#ignoredBindings for an explanation.
SLF4J: Class path contains SLF4J bindings targeting slf4j-api versions 1.7.x or earlier.
SLF4J: Ignoring binding found at [jar:file:/home/gabsko/.m2/repository/uk/org/lidalia/slf4j-test/1.2.0/slf4j-test-1.2.0.jar!/org/slf4j/impl/StaticLoggerBinder.class]
SLF4J: See https://www.slf4j.org/codes.html#ignoredBindings for an explanation.
[INFO] Tests run: 5, Failures: 0, Errors: 0, Skipped: 0, Time elapsed: 0.184 s - in dev.openfeature.sdk.NoOpProviderTest
[INFO] Running dev.openfeature.sdk.EvalContextTest
[INFO] Tests run: 9, Failures: 0, Errors: 0, Skipped: 0, Time elapsed: 0.142 s - in dev.openfeature.sdk.EvalContextTest
[INFO] Tests run: 6, Failures: 0, Errors: 0, Skipped: 0, Time elapsed: 0.796 s - in dev.openfeature.sdk.internal.ObjectUtilsTest
[INFO] Tests run: 1, Failures: 0, Errors: 0, Skipped: 0, Time elapsed: 1.559 s - in dev.openfeature.sdk.HookContextTest
SLF4J: No SLF4J providers were found.
SLF4J: Defaulting to no-operation (NOP) logger implementation
SLF4J: See https://www.slf4j.org/codes.html#noProviders for further details.
SLF4J: Class path contains SLF4J bindings targeting slf4j-api versions 1.7.x or earlier.
SLF4J: Ignoring binding found at [jar:file:/home/gabsko/.m2/repository/uk/org/lidalia/slf4j-test/1.2.0/slf4j-test-1.2.0.jar!/org/slf4j/impl/StaticLoggerBinder.class]
SLF4J: See https://www.slf4j.org/codes.html#ignoredBindings for an explanation.
SLF4J: No SLF4J providers were found.
SLF4J: Defaulting to no-operation (NOP) logger implementation
SLF4J: See https://www.slf4j.org/codes.html#noProviders for further details.
SLF4J: Class path contains SLF4J bindings targeting slf4j-api versions 1.7.x or earlier.
SLF4J: Ignoring binding found at [jar:file:/home/gabsko/.m2/repository/uk/org/lidalia/slf4j-test/1.2.0/slf4j-test-1.2.0.jar!/org/slf4j/impl/StaticLoggerBinder.class]
SLF4J: See https://www.slf4j.org/codes.html#ignoredBindings for an explanation.
[INFO] Tests run: 7, Failures: 0, Errors: 0, Skipped: 0, Time elapsed: 1.836 s - in dev.openfeature.sdk.DeveloperExperienceTest
[INFO] Tests run: 6, Failures: 0, Errors: 0, Skipped: 0, Time elapsed: 1.924 s - in dev.openfeature.sdk.LockingTest
SLF4J: No SLF4J providers were found.
SLF4J: Defaulting to no-operation (NOP) logger implementation
SLF4J: See https://www.slf4j.org/codes.html#noProviders for further details.
SLF4J: Class path contains SLF4J bindings targeting slf4j-api versions 1.7.x or earlier.
SLF4J: Ignoring binding found at [jar:file:/home/gabsko/.m2/repository/uk/org/lidalia/slf4j-test/1.2.0/slf4j-test-1.2.0.jar!/org/slf4j/impl/StaticLoggerBinder.class]
SLF4J: See https://www.slf4j.org/codes.html#ignoredBindings for an explanation.
[INFO] Tests run: 21, Failures: 0, Errors: 0, Skipped: 0, Time elapsed: 1.944 s - in dev.openfeature.sdk.HookSpecTest
[ERROR] Tests run: 17, Failures: 1, Errors: 0, Skipped: 0, Time elapsed: 2.113 s <<< FAILURE! - in dev.openfeature.sdk.FlagEvaluationSpecTest
[ERROR] log_on_error  Time elapsed: 0.758 s  <<< FAILURE!
java.lang.AssertionError: 

Expecting RegularImmutableList:
  []
to contain:
  [LoggingEvent[level=ERROR,mdc={},marker=Optional.absent(),throwable=Optional.absent(),message=Unable to correctly evaluate flag with key {} due to exception {},arguments=[test, This is borked.]]]
but could not find the following element(s):
  [LoggingEvent[level=ERROR,mdc={},marker=Optional.absent(),throwable=Optional.absent(),message=Unable to correctly evaluate flag with key {} due to exception {},arguments=[test, This is borked.]]]

	at dev.openfeature.sdk.FlagEvaluationSpecTest.log_on_error(FlagEvaluationSpecTest.java:206)

[INFO] Tests run: 6, Failures: 0, Errors: 0, Skipped: 0, Time elapsed: 2.086 s - in dev.openfeature.sdk.HookSupportTest
[INFO] Tests run: 2, Failures: 0, Errors: 0, Skipped: 0, Time elapsed: 1.939 s - in dev.openfeature.sdk.OpenFeatureClientTest
[INFO] 
[INFO] Results:
[INFO] 
[ERROR] Failures: 
[ERROR]   FlagEvaluationSpecTest.log_on_error:206 
Expecting RegularImmutableList:
  []
to contain:
  [LoggingEvent[level=ERROR,mdc={},marker=Optional.absent(),throwable=Optional.absent(),message=Unable to correctly evaluate flag with key {} due to exception {},arguments=[test, This is borked.]]]
but could not find the following element(s):
  [LoggingEvent[level=ERROR,mdc={},marker=Optional.absent(),throwable=Optional.absent(),message=Unable to correctly evaluate flag with key {} due to exception {},arguments=[test, This is borked.]]]

[INFO] 
[ERROR] Tests run: 103, Failures: 1, Errors: 0, Skipped: 0
[INFO] 
[INFO] ------------------------------------------------------------------------
[INFO] BUILD FAILURE
[INFO] ------------------------------------------------------------------------
[INFO] Total time:  9.924 s
[INFO] Finished at: 2023-01-07T02:29:24Z
[INFO] ------------------------------------------------------------------------
[ERROR] Failed to execute goal org.apache.maven.plugins:maven-surefire-plugin:2.22.2:test (default-test) on project sdk: There are test failures.
[ERROR] 
[ERROR] Please refer to /home/gabsko/breaking-updates/target/surefire-reports for the individual test results.
[ERROR] Please refer to dump files (if any exist) [date].dump, [date]-jvmRun[N].dump and [date].dumpstream.
[ERROR] -> [Help 1]
[ERROR] 
[ERROR] To see the full stack trace of the errors, re-run Maven with the -e switch.
[ERROR] Re-run Maven using the -X switch to enable full debug logging.
[ERROR] 
[ERROR] For more information about the errors and possible solutions, please read the following articles:
[ERROR] [Help 1] http://cwiki.apache.org/confluence/display/MAVEN/MojoFailureException
