[INFO] Scanning for projects...
[INFO] 
[INFO] -------------< org.apache.maven.plugins:maven-pdf-plugin >--------------
[INFO] Building Apache Maven PDF Plugin 1.5.0-SNAPSHOT
[INFO] ----------------------------[ maven-plugin ]----------------------------
[INFO] 
[INFO] --- maven-clean-plugin:3.1.0:clean (default-clean) @ maven-pdf-plugin ---
[INFO] Deleting /home/gabsko/breaking-updates/target
[INFO] 
[INFO] --- maven-enforcer-plugin:1.4.1:enforce (enforce-maven-version) @ maven-pdf-plugin ---
[INFO] 
[INFO] --- maven-enforcer-plugin:1.4.1:enforce (enforce-bytecode-version) @ maven-pdf-plugin ---
[INFO] Adding ignore: module-info
[INFO] 
[INFO] --- maven-enforcer-plugin:1.4.1:enforce (ensure-no-container-api) @ maven-pdf-plugin ---
[INFO] 
[INFO] --- apache-rat-plugin:0.13:check (rat-check) @ maven-pdf-plugin ---
[INFO] Enabled default license matchers.
[INFO] Will parse SCM ignores for exclusions...
[INFO] Parsing exclusions from /home/gabsko/breaking-updates/.gitignore
[INFO] Finished adding exclusions from SCM ignore files.
[INFO] 74 implicit excludes (use -debug for more details).
[INFO] 5 explicit excludes (use -debug for more details).
[INFO] 91 resources included (use -debug for more details)
[INFO] Rat check: Summary over all files. Unapproved: 0, unknown: 0, generated: 0, approved: 91 licenses.
[INFO] 
[INFO] --- maven-plugin-plugin:3.5.2:helpmojo (generate-helpmojo) @ maven-pdf-plugin ---
[INFO] Using 'UTF-8' encoding to read mojo source files.
[INFO] java-javadoc mojo extractor found 0 mojo descriptor.
[INFO] java-annotations mojo extractor found 0 mojo descriptor.
[INFO] 
[INFO] --- maven-remote-resources-plugin:1.7.0:process (process-resource-bundles) @ maven-pdf-plugin ---
[INFO] Preparing remote bundle org.apache:apache-jar-resource-bundle:1.4
[INFO] Copying 3 resources from 1 bundle.
[INFO] 
[INFO] --- maven-resources-plugin:3.1.0:resources (default-resources) @ maven-pdf-plugin ---
[INFO] Using 'UTF-8' encoding to copy filtered resources.
[INFO] Copying 7 resources
[INFO] Copying 3 resources
[INFO] 
[INFO] --- maven-compiler-plugin:3.8.1:compile (default-compile) @ maven-pdf-plugin ---
[INFO] Changes detected - recompiling the module!
[INFO] Compiling 8 source files to /home/gabsko/breaking-updates/target/classes
[INFO] /home/gabsko/breaking-updates/src/main/java/org/apache/maven/plugins/pdf/PdfMojo.java: Some input files use or override a deprecated API.
[INFO] /home/gabsko/breaking-updates/src/main/java/org/apache/maven/plugins/pdf/PdfMojo.java: Recompile with -Xlint:deprecation for details.
[INFO] /home/gabsko/breaking-updates/src/main/java/org/apache/maven/plugins/pdf/TocFileHelper.java: Some input files use unchecked or unsafe operations.
[INFO] /home/gabsko/breaking-updates/src/main/java/org/apache/maven/plugins/pdf/TocFileHelper.java: Recompile with -Xlint:unchecked for details.
[INFO] 
[INFO] --- maven-plugin-plugin:3.5.2:descriptor (default-descriptor) @ maven-pdf-plugin ---
[INFO] Using 'UTF-8' encoding to read mojo source files.
[INFO] java-javadoc mojo extractor found 0 mojo descriptor.
[INFO] java-annotations mojo extractor found 3 mojo descriptors.
[INFO] 
[INFO] --- maven-resources-plugin:3.1.0:testResources (default-testResources) @ maven-pdf-plugin ---
[INFO] Using 'UTF-8' encoding to copy filtered resources.
[INFO] Copying 14 resources
[INFO] Copying 3 resources
[INFO] 
[INFO] --- maven-compiler-plugin:3.8.1:testCompile (default-testCompile) @ maven-pdf-plugin ---
[INFO] Changes detected - recompiling the module!
[INFO] Compiling 8 source files to /home/gabsko/breaking-updates/target/test-classes
[INFO] 
[INFO] --- maven-surefire-plugin:2.22.0:test (default-test) @ maven-pdf-plugin ---
[INFO] 
[INFO] -------------------------------------------------------
[INFO]  T E S T S
[INFO] -------------------------------------------------------
[INFO] Running org.apache.maven.plugins.pdf.DocumentModelBuilderTest
[ERROR] Tests run: 3, Failures: 0, Errors: 2, Skipped: 0, Time elapsed: 0.064 s <<< FAILURE! - in org.apache.maven.plugins.pdf.DocumentModelBuilderTest
[ERROR] testGetDocumentModel(org.apache.maven.plugins.pdf.DocumentModelBuilderTest)  Time elapsed: 0.03 s  <<< ERROR!
java.lang.RuntimeException: org.codehaus.plexus.util.xml.pull.XmlPullParserException: UTF-8 BOM plus xml decl of ISO-8859-1 is incompatible (position: START_DOCUMENT seen <?xml version="1.0" encoding="ISO-8859-1"... @1:41) 
	at org.apache.maven.plugins.pdf.DocumentModelBuilderTest.testGetDocumentModel(DocumentModelBuilderTest.java:66)
Caused by: org.codehaus.plexus.util.xml.pull.XmlPullParserException: UTF-8 BOM plus xml decl of ISO-8859-1 is incompatible (position: START_DOCUMENT seen <?xml version="1.0" encoding="ISO-8859-1"... @1:41) 
	at org.apache.maven.plugins.pdf.DocumentModelBuilderTest.testGetDocumentModel(DocumentModelBuilderTest.java:66)

[ERROR] testGetDocumentModelWithSiteDescriptor(org.apache.maven.plugins.pdf.DocumentModelBuilderTest)  Time elapsed: 0.007 s  <<< ERROR!
java.lang.RuntimeException: org.codehaus.plexus.util.xml.pull.XmlPullParserException: UTF-8 BOM plus xml decl of ISO-8859-1 is incompatible (position: START_DOCUMENT seen <?xml version="1.0" encoding="ISO-8859-1"... @1:41) 
	at org.apache.maven.plugins.pdf.DocumentModelBuilderTest.testGetDocumentModelWithSiteDescriptor(DocumentModelBuilderTest.java:100)
Caused by: org.codehaus.plexus.util.xml.pull.XmlPullParserException: UTF-8 BOM plus xml decl of ISO-8859-1 is incompatible (position: START_DOCUMENT seen <?xml version="1.0" encoding="ISO-8859-1"... @1:41) 
	at org.apache.maven.plugins.pdf.DocumentModelBuilderTest.testGetDocumentModelWithSiteDescriptor(DocumentModelBuilderTest.java:100)

[INFO] Running org.apache.maven.plugins.pdf.DocumentDescriptorReaderTest
[INFO] Tests run: 2, Failures: 0, Errors: 0, Skipped: 0, Time elapsed: 0.019 s - in org.apache.maven.plugins.pdf.DocumentDescriptorReaderTest
[INFO] Running org.apache.maven.plugins.pdf.DateBeanTest
[INFO] Tests run: 1, Failures: 0, Errors: 0, Skipped: 0, Time elapsed: 0 s - in org.apache.maven.plugins.pdf.DateBeanTest
[INFO] Running org.apache.maven.plugins.pdf.PdfMojoTest
[INFO] Tests run: 3, Failures: 0, Errors: 0, Skipped: 0, Time elapsed: 0.682 s - in org.apache.maven.plugins.pdf.PdfMojoTest
[INFO] 
[INFO] Results:
[INFO] 
[ERROR] Errors: 
[ERROR]   DocumentModelBuilderTest.testGetDocumentModel:66 » Runtime org.codehaus.plexus...
[ERROR]   DocumentModelBuilderTest.testGetDocumentModelWithSiteDescriptor:100 » Runtime ...
[INFO] 
[ERROR] Tests run: 9, Failures: 0, Errors: 2, Skipped: 0
[INFO] 
[INFO] ------------------------------------------------------------------------
[INFO] BUILD FAILURE
[INFO] ------------------------------------------------------------------------
[INFO] Total time:  7.729 s
[INFO] Finished at: 2023-01-06T19:57:32Z
[INFO] ------------------------------------------------------------------------
[ERROR] Failed to execute goal org.apache.maven.plugins:maven-surefire-plugin:2.22.0:test (default-test) on project maven-pdf-plugin: There are test failures.
[ERROR] 
[ERROR] Please refer to /home/gabsko/breaking-updates/target/surefire-reports for the individual test results.
[ERROR] Please refer to dump files (if any exist) [date]-jvmRun[N].dump, [date].dumpstream and [date]-jvmRun[N].dumpstream.
[ERROR] -> [Help 1]
[ERROR] 
[ERROR] To see the full stack trace of the errors, re-run Maven with the -e switch.
[ERROR] Re-run Maven using the -X switch to enable full debug logging.
[ERROR] 
[ERROR] For more information about the errors and possible solutions, please read the following articles:
[ERROR] [Help 1] http://cwiki.apache.org/confluence/display/MAVEN/MojoFailureException
