[INFO] Scanning for projects...
[INFO] 
[INFO] --< org.cyclonedx.contrib.com.lmco.efoss.unix.sbom:linux-sbom-generator >--
[INFO] Building linux-sbom-generator 3.1.0-SNAPSHOT
[INFO] --------------------------------[ jar ]---------------------------------
[INFO] Downloading from ossrh-snapshot: https://oss.sonatype.org/content/repositories/snapshots/org/cyclonedx/contrib/com/lmco/efoss/sbom/sbom-commons/1.2.0-SNAPSHOT/maven-metadata.xml
[INFO] Downloaded from ossrh-snapshot: https://oss.sonatype.org/content/repositories/snapshots/org/cyclonedx/contrib/com/lmco/efoss/sbom/sbom-commons/1.2.0-SNAPSHOT/maven-metadata.xml (1.4 kB at 1.7 kB/s)
[INFO] 
[INFO] --- maven-clean-plugin:3.1.0:clean (default-clean) @ linux-sbom-generator ---
[INFO] Deleting /home/gabsko/breaking-updates/target
[INFO] Deleting /home/gabsko/breaking-updates/output (includes = [**/*], excludes = [])
[INFO] Deleting /home/gabsko/breaking-updates/unitTests (includes = [**/*], excludes = [])
[INFO] 
[INFO] --- jacoco-maven-plugin:0.8.7:prepare-agent (default) @ linux-sbom-generator ---
[INFO] argLine set to -javaagent:/home/gabsko/.m2/repository/org/jacoco/org.jacoco.agent/0.8.7/org.jacoco.agent-0.8.7-runtime.jar=destfile=/home/gabsko/breaking-updates/target/jacoco.exec
[INFO] 
[INFO] --- maven-resources-plugin:3.2.0:resources (default-resources) @ linux-sbom-generator ---
[INFO] Using 'UTF-8' encoding to copy filtered resources.
[INFO] Using 'UTF-8' encoding to copy filtered properties files.
[INFO] Copying 1 resource
[INFO] 
[INFO] --- maven-compiler-plugin:3.8.1:compile (default-compile) @ linux-sbom-generator ---
[INFO] Changes detected - recompiling the module!
[INFO] Compiling 9 source files to /home/gabsko/breaking-updates/target/classes
[INFO] /home/gabsko/breaking-updates/src/main/java/org/cyclonedx/contrib/com/lmco/efoss/unix/sbom/utils/OperatingSystemUtils.java: /home/gabsko/breaking-updates/src/main/java/org/cyclonedx/contrib/com/lmco/efoss/unix/sbom/utils/OperatingSystemUtils.java uses or overrides a deprecated API.
[INFO] /home/gabsko/breaking-updates/src/main/java/org/cyclonedx/contrib/com/lmco/efoss/unix/sbom/utils/OperatingSystemUtils.java: Recompile with -Xlint:deprecation for details.
[INFO] 
[INFO] --- maven-resources-plugin:3.2.0:testResources (default-testResources) @ linux-sbom-generator ---
[INFO] Using 'UTF-8' encoding to copy filtered resources.
[INFO] Using 'UTF-8' encoding to copy filtered properties files.
[INFO] Copying 36 resources
[INFO] 
[INFO] --- maven-compiler-plugin:3.8.1:testCompile (default-testCompile) @ linux-sbom-generator ---
[INFO] Changes detected - recompiling the module!
[INFO] Compiling 11 source files to /home/gabsko/breaking-updates/target/test-classes
[INFO] /home/gabsko/breaking-updates/src/test/java/org/cyclonedx/contrib/com/lmco/efoss/unix/sbom/generator/UnixSBomGeneratorTest.java: Some input files use or override a deprecated API.
[INFO] /home/gabsko/breaking-updates/src/test/java/org/cyclonedx/contrib/com/lmco/efoss/unix/sbom/generator/UnixSBomGeneratorTest.java: Recompile with -Xlint:deprecation for details.
[INFO] 
[INFO] --- maven-surefire-plugin:2.22.2:test (default-test) @ linux-sbom-generator ---
[INFO] 
[INFO] -------------------------------------------------------
[INFO]  T E S T S
[INFO] -------------------------------------------------------
[INFO] Running org.cyclonedx.contrib.com.lmco.efoss.unix.sbom.utils.DateUtilsTest
Starting toStringTest Test (2023 01 06 14:54:06.003).
Starting zeroDiffTest Test (2023 01 06 14:54:06.039).
[INFO] Tests run: 2, Failures: 0, Errors: 0, Skipped: 0, Time elapsed: 0.164 s - in org.cyclonedx.contrib.com.lmco.efoss.unix.sbom.utils.DateUtilsTest
[INFO] Running org.cyclonedx.contrib.com.lmco.efoss.unix.sbom.utils.OperatingSystemUtilsTest
Starting getOsVersionAlpine Test (2023 01 06 14:54:06.050).
Starting getOsVersionCentos Test (2023 01 06 14:54:06.073).
Starting getOsVersionDebian Test (2023 01 06 14:54:06.081).
Starting getOsVersionRedhat Test (2023 01 06 14:54:06.087).
Starting getOsVersionUbuntu Test (2023 01 06 14:54:06.097).
Starting getOsNameAlpine Test (2023 01 06 14:54:06.105).
Starting getOsNameCentos Test (2023 01 06 14:54:06.112).
Starting getOsNameDebian Test (2023 01 06 14:54:06.117).
Starting getOsNameRedhat Test (2023 01 06 14:54:06.123).
Starting getOsNameUbuntu Test (2023 01 06 14:54:06.129).
Starting getOsVenderAlpine Test (2023 01 06 14:54:06.134).
Starting getOsVenderCentos Test (2023 01 06 14:54:06.162).
Starting getOsVenderDebian Test (2023 01 06 14:54:06.166).
Starting testReadOsUbuntu Test (2023 01 06 14:54:06.170).
Starting getOsVenderRedhat Test (2023 01 06 14:54:06.194).
Starting getOsVenderUbuntu Test (2023 01 06 14:54:06.199).
[INFO] Tests run: 16, Failures: 0, Errors: 0, Skipped: 0, Time elapsed: 0.136 s - in org.cyclonedx.contrib.com.lmco.efoss.unix.sbom.utils.OperatingSystemUtilsTest
[INFO] Running org.cyclonedx.contrib.com.lmco.efoss.unix.sbom.generator.SBomGeneratorTest
Starting geneateBomsTest Test (2023 01 06 14:54:06.204).
Starting addBomToolsTest Test (2023 01 06 14:54:06.661).
[ERROR] Tests run: 2, Failures: 0, Errors: 2, Skipped: 0, Time elapsed: 0.455 s <<< FAILURE! - in org.cyclonedx.contrib.com.lmco.efoss.unix.sbom.generator.SBomGeneratorTest
[ERROR] geneateBomsTest  Time elapsed: 0.449 s  <<< ERROR!
java.lang.NoSuchMethodError: 'com.fasterxml.jackson.core.io.ContentReference com.fasterxml.jackson.core.io.IOContext.contentReference()'
	at org.cyclonedx.contrib.com.lmco.efoss.unix.sbom.generator.SBomGeneratorTest.geneateBomsTest(SBomGeneratorTest.java:106)

[ERROR] addBomToolsTest  Time elapsed: 0.003 s  <<< ERROR!
java.lang.NoSuchMethodError: 'com.fasterxml.jackson.core.io.ContentReference com.fasterxml.jackson.core.io.IOContext.contentReference()'
	at org.cyclonedx.contrib.com.lmco.efoss.unix.sbom.generator.SBomGeneratorTest.addBomToolsTest(SBomGeneratorTest.java:65)

[INFO] Running org.cyclonedx.contrib.com.lmco.efoss.unix.sbom.generator.AlpineSBomGeneratorTest
Starting testParseVersion Test (2023 01 06 14:54:06.677).
Starting readVersionFromProcessTest Test (2023 01 06 14:54:06.681).
Starting readVersionFailFromProcessTest Test (2023 01 06 14:54:08.071).
Starting getVersionTest Test (2023 01 06 14:54:08.101).
[INFO] Tests run: 4, Failures: 0, Errors: 0, Skipped: 0, Time elapsed: 1.541 s - in org.cyclonedx.contrib.com.lmco.efoss.unix.sbom.generator.AlpineSBomGeneratorTest
[INFO] Running org.cyclonedx.contrib.com.lmco.efoss.unix.sbom.generator.UbuntuSBomGeneratorTest
Starting readVersionFromProcessTest Test (2023 01 06 14:54:08.231).
Starting readVersionFailFromProcessTest Test (2023 01 06 14:54:08.243).
Starting parseVersionTest Test (2023 01 06 14:54:08.258).
Starting parseVersionFailureTest Test (2023 01 06 14:54:08.264).
Starting getInstalledVersionTest Test (2023 01 06 14:54:08.272).
Starting buildExternalReferencesTest Test (2023 01 06 14:54:08.286).
[INFO] Tests run: 6, Failures: 0, Errors: 0, Skipped: 0, Time elapsed: 0.073 s - in org.cyclonedx.contrib.com.lmco.efoss.unix.sbom.generator.UbuntuSBomGeneratorTest
[INFO] Running org.cyclonedx.contrib.com.lmco.efoss.unix.sbom.generator.UnixSBomGeneratorTest
Starting ubuntuDetailMapTest Test (2023 01 06 14:54:08.305).
Starting ubuntuDetailMapIOExceptionTest Test (2023 01 06 14:54:08.318).
Starting alpineDetailMapFromProcessTest Test (2023 01 06 14:54:08.327).
Starting redhatDetailMapFromProcessTest Test (2023 01 06 14:54:08.334).
Starting readVersionFailFromProcessTest Test (2023 01 06 14:54:08.341).
Starting redHatSoftwareListTest Test (2023 01 06 14:54:08.351).
Starting addPackageManagerToComponetTest Test (2023 01 06 14:54:08.364).
Starting ubuntuParseLicenseTest Test (2023 01 06 14:54:08.373).
Starting alpineDetialMapTest Test (2023 01 06 14:54:08.383).
Starting createComponentsTest Test (2023 01 06 14:54:08.388).
Starting alpineSoftwareListTest Test (2023 01 06 14:54:08.394).
Starting alpineDetailMapIOExceptionTest Test (2023 01 06 14:54:08.399).
Starting ubuntuPackageListTest Test (2023 01 06 14:54:08.404).
Starting redhatDetailMapIOExceptionTest Test (2023 01 06 14:54:08.414).
Starting ubuntuSoftwareListTest Test (2023 01 06 14:54:08.418).
Starting redhatDetailMapTest Test (2023 01 06 14:54:08.425).
Starting ubuntuDetailMapFromProcessTest Test (2023 01 06 14:54:08.430).
Starting redhatParseLicenseTest Test (2023 01 06 14:54:08.435).
[INFO] Tests run: 18, Failures: 0, Errors: 0, Skipped: 0, Time elapsed: 0.148 s - in org.cyclonedx.contrib.com.lmco.efoss.unix.sbom.generator.UnixSBomGeneratorTest
[INFO] Running org.cyclonedx.contrib.com.lmco.efoss.unix.sbom.generator.RedHatSBomGeneratorTest
Starting getPurlTest Test (2023 01 06 14:54:08.448).
Starting parseBadPurlCmdOutput Test (2023 01 06 14:54:08.457).
Starting testPurlCmdIOException Test (2023 01 06 14:54:08.460).
Starting parsePurlCmdOutput Test (2023 01 06 14:54:08.464).
Starting parsePurlProcessTest Test (2023 01 06 14:54:08.470).
Starting buildExternalReferencesTest Test (2023 01 06 14:54:08.481).
[INFO] Tests run: 6, Failures: 0, Errors: 0, Skipped: 0, Time elapsed: 0.032 s - in org.cyclonedx.contrib.com.lmco.efoss.unix.sbom.generator.RedHatSBomGeneratorTest
[INFO] Running org.cyclonedx.contrib.com.lmco.efoss.unix.sbom.UnixSbomGeneratorApplicationTests
Starting testHelp Test (2023 01 06 14:54:08.493).
[INFO] Tests run: 1, Failures: 0, Errors: 0, Skipped: 0, Time elapsed: 0.021 s - in org.cyclonedx.contrib.com.lmco.efoss.unix.sbom.UnixSbomGeneratorApplicationTests
[INFO] 
[INFO] Results:
[INFO] 
[ERROR] Errors: 
[ERROR]   SBomGeneratorTest.addBomToolsTest:65 » NoSuchMethod 'com.fasterxml.jackson.cor...
[ERROR]   SBomGeneratorTest.geneateBomsTest:106 » NoSuchMethod 'com.fasterxml.jackson.co...
[INFO] 
[ERROR] Tests run: 55, Failures: 0, Errors: 2, Skipped: 0
[INFO] 
[INFO] ------------------------------------------------------------------------
[INFO] BUILD FAILURE
[INFO] ------------------------------------------------------------------------
[INFO] Total time:  6.936 s
[INFO] Finished at: 2023-01-06T14:54:08Z
[INFO] ------------------------------------------------------------------------
[ERROR] Failed to execute goal org.apache.maven.plugins:maven-surefire-plugin:2.22.2:test (default-test) on project linux-sbom-generator: There are test failures.
[ERROR] 
[ERROR] Please refer to /home/gabsko/breaking-updates/target/surefire-reports for the individual test results.
[ERROR] Please refer to dump files (if any exist) [date].dump, [date]-jvmRun[N].dump and [date].dumpstream.
[ERROR] -> [Help 1]
[ERROR] 
[ERROR] To see the full stack trace of the errors, re-run Maven with the -e switch.
[ERROR] Re-run Maven using the -X switch to enable full debug logging.
[ERROR] 
[ERROR] For more information about the errors and possible solutions, please read the following articles:
[ERROR] [Help 1] http://cwiki.apache.org/confluence/display/MAVEN/MojoFailureException
