[INFO] Scanning for projects...
[INFO] 
[INFO] -------------------< com.maxmind.minfraud:minfraud >--------------------
[INFO] Building MaxMind minFraud Score, Insights, Factors and Report Transaction API 1.16.1-SNAPSHOT
[INFO] --------------------------------[ jar ]---------------------------------
[WARNING] The POM for org.glassfish.jaxb:jaxb-runtime:jar:2.2.11 is invalid, transitive dependencies (if any) will not be available, enable debug logging for more details
[INFO] 
[INFO] --- maven-clean-plugin:2.5:clean (default-clean) @ minfraud ---
[INFO] Deleting /home/gabsko/breaking-updates/target
[INFO] 
[INFO] --- maven-enforcer-plugin:1.0:enforce (enforce-maven) @ minfraud ---
[INFO] 
[INFO] --- maven-resources-plugin:2.6:resources (default-resources) @ minfraud ---
[INFO] Using 'UTF-8' encoding to copy filtered resources.
[INFO] skip non existing resourceDirectory /home/gabsko/breaking-updates/src/main/resources
[INFO] 
[INFO] --- maven-compiler-plugin:3.8.1:compile (default-compile) @ minfraud ---
[INFO] Changes detected - recompiling the module!
[INFO] Compiling 41 source files to /home/gabsko/breaking-updates/target/classes
[INFO] 
[INFO] --- maven-resources-plugin:2.6:testResources (default-testResources) @ minfraud ---
[INFO] Using 'UTF-8' encoding to copy filtered resources.
[INFO] Copying 5 resources
[INFO] 
[INFO] --- maven-compiler-plugin:3.8.1:testCompile (default-testCompile) @ minfraud ---
[INFO] Changes detected - recompiling the module!
[INFO] Compiling 36 source files to /home/gabsko/breaking-updates/target/test-classes
[INFO] /home/gabsko/breaking-updates/src/test/java/com/maxmind/minfraud/response/FactorsResponseTest.java: Some input files use or override a deprecated API.
[INFO] /home/gabsko/breaking-updates/src/test/java/com/maxmind/minfraud/response/FactorsResponseTest.java: Recompile with -Xlint:deprecation for details.
[INFO] 
[INFO] --- maven-surefire-plugin:2.12.4:test (default-test) @ minfraud ---
[INFO] Surefire report directory: /home/gabsko/breaking-updates/target/surefire-reports

-------------------------------------------------------
 T E S T S
-------------------------------------------------------
Running com.maxmind.minfraud.exception.HttpExceptionTest
Tests run: 1, Failures: 0, Errors: 0, Skipped: 0, Time elapsed: 0.049 sec
Running com.maxmind.minfraud.exception.InvalidRequestExceptionTest
Tests run: 1, Failures: 0, Errors: 0, Skipped: 0, Time elapsed: 0 sec
Running com.maxmind.minfraud.response.InsightsResponseTest
Tests run: 1, Failures: 0, Errors: 0, Skipped: 0, Time elapsed: 0.247 sec
Running com.maxmind.minfraud.response.CreditCardTest
Tests run: 1, Failures: 0, Errors: 0, Skipped: 0, Time elapsed: 0.001 sec
Running com.maxmind.minfraud.response.IssuerTest
Tests run: 1, Failures: 0, Errors: 0, Skipped: 0, Time elapsed: 0 sec
Running com.maxmind.minfraud.response.SubscoresTest
Tests run: 1, Failures: 0, Errors: 0, Skipped: 0, Time elapsed: 0.003 sec
Running com.maxmind.minfraud.response.EmailTest
Tests run: 2, Failures: 0, Errors: 0, Skipped: 0, Time elapsed: 0.002 sec
Running com.maxmind.minfraud.response.GeoIp2CountryTest
Tests run: 1, Failures: 0, Errors: 0, Skipped: 0, Time elapsed: 0 sec
Running com.maxmind.minfraud.response.DispositionTest
Tests run: 1, Failures: 0, Errors: 0, Skipped: 0, Time elapsed: 0.001 sec
Running com.maxmind.minfraud.response.BillingAddressTest
Tests run: 1, Failures: 0, Errors: 0, Skipped: 0, Time elapsed: 0 sec
Running com.maxmind.minfraud.response.FactorsResponseTest
Tests run: 1, Failures: 0, Errors: 0, Skipped: 0, Time elapsed: 0.017 sec
Running com.maxmind.minfraud.response.WarningTest
Tests run: 1, Failures: 0, Errors: 0, Skipped: 0, Time elapsed: 0.001 sec
Running com.maxmind.minfraud.response.ScoreResponseTest
Tests run: 1, Failures: 0, Errors: 0, Skipped: 0, Time elapsed: 0.012 sec
Running com.maxmind.minfraud.response.EmailDomainTest
Tests run: 1, Failures: 0, Errors: 0, Skipped: 0, Time elapsed: 0 sec
Running com.maxmind.minfraud.response.IpAddressTest
Tests run: 1, Failures: 0, Errors: 0, Skipped: 0, Time elapsed: 0.007 sec
Running com.maxmind.minfraud.response.ShippingAddressTest
Tests run: 1, Failures: 0, Errors: 0, Skipped: 0, Time elapsed: 0 sec
Running com.maxmind.minfraud.response.DeviceTest
Tests run: 1, Failures: 0, Errors: 0, Skipped: 0, Time elapsed: 0.001 sec
Running com.maxmind.minfraud.response.GeoIp2LocationTest
Tests run: 1, Failures: 0, Errors: 0, Skipped: 0, Time elapsed: 0 sec
Running com.maxmind.minfraud.WebServiceClientTest
[main] INFO org.eclipse.jetty.util.log - Logging initialized @855ms
[main] INFO org.eclipse.jetty.server.Server - jetty-9.2.28.v20190418
[main] INFO org.eclipse.jetty.server.handler.ContextHandler - Started o.e.j.s.ServletContextHandler@665e9289{/__admin,null,AVAILABLE}
[main] INFO org.eclipse.jetty.server.handler.ContextHandler - Started o.e.j.s.ServletContextHandler@69637b10{/,null,AVAILABLE}
[main] INFO org.eclipse.jetty.server.NetworkTrafficServerConnector - Started NetworkTrafficServerConnector@107ed6fc{HTTP/1.1}{0.0.0.0:45091}
[main] INFO org.eclipse.jetty.server.Server - Started @932ms
[qtp955324150-28] INFO /__admin - RequestHandlerClass from context returned com.github.tomakehurst.wiremock.http.AdminRequestHandler. Normalized mapped under returned 'null'
[main] INFO org.eclipse.jetty.server.NetworkTrafficServerConnector - Stopped NetworkTrafficServerConnector@107ed6fc{HTTP/1.1}{0.0.0.0:0}
[main] INFO org.eclipse.jetty.server.handler.ContextHandler - Stopped o.e.j.s.ServletContextHandler@69637b10{/,null,UNAVAILABLE}
[main] INFO org.eclipse.jetty.server.handler.ContextHandler - Stopped o.e.j.s.ServletContextHandler@665e9289{/__admin,null,UNAVAILABLE}
[main] INFO org.eclipse.jetty.server.Server - jetty-9.2.28.v20190418
[main] INFO org.eclipse.jetty.server.handler.ContextHandler - Started o.e.j.s.ServletContextHandler@55a8dc49{/__admin,null,AVAILABLE}
[main] INFO org.eclipse.jetty.server.handler.ContextHandler - Started o.e.j.s.ServletContextHandler@71ea1fda{/,null,AVAILABLE}
[main] INFO org.eclipse.jetty.server.NetworkTrafficServerConnector - Started NetworkTrafficServerConnector@62b3df3a{HTTP/1.1}{0.0.0.0:44613}
[main] INFO org.eclipse.jetty.server.Server - Started @1218ms
[qtp1365197105-41] INFO /__admin - RequestHandlerClass from context returned com.github.tomakehurst.wiremock.http.AdminRequestHandler. Normalized mapped under returned 'null'
[main] INFO org.eclipse.jetty.server.NetworkTrafficServerConnector - Stopped NetworkTrafficServerConnector@62b3df3a{HTTP/1.1}{0.0.0.0:0}
[main] INFO org.eclipse.jetty.server.handler.ContextHandler - Stopped o.e.j.s.ServletContextHandler@71ea1fda{/,null,UNAVAILABLE}
[main] INFO org.eclipse.jetty.server.handler.ContextHandler - Stopped o.e.j.s.ServletContextHandler@55a8dc49{/__admin,null,UNAVAILABLE}
[main] INFO org.eclipse.jetty.server.Server - jetty-9.2.28.v20190418
[main] INFO org.eclipse.jetty.server.handler.ContextHandler - Started o.e.j.s.ServletContextHandler@70d8de{/__admin,null,AVAILABLE}
[main] INFO org.eclipse.jetty.server.handler.ContextHandler - Started o.e.j.s.ServletContextHandler@46b695ec{/,null,AVAILABLE}
[main] INFO org.eclipse.jetty.server.NetworkTrafficServerConnector - Started NetworkTrafficServerConnector@408613cc{HTTP/1.1}{0.0.0.0:33005}
[main] INFO org.eclipse.jetty.server.Server - Started @1279ms
[qtp1735330400-54] INFO /__admin - RequestHandlerClass from context returned com.github.tomakehurst.wiremock.http.AdminRequestHandler. Normalized mapped under returned 'null'
[main] INFO org.eclipse.jetty.server.NetworkTrafficServerConnector - Stopped NetworkTrafficServerConnector@408613cc{HTTP/1.1}{0.0.0.0:0}
[main] INFO org.eclipse.jetty.server.handler.ContextHandler - Stopped o.e.j.s.ServletContextHandler@46b695ec{/,null,UNAVAILABLE}
[main] INFO org.eclipse.jetty.server.handler.ContextHandler - Stopped o.e.j.s.ServletContextHandler@70d8de{/__admin,null,UNAVAILABLE}
[main] INFO org.eclipse.jetty.server.Server - jetty-9.2.28.v20190418
[main] INFO org.eclipse.jetty.server.handler.ContextHandler - Started o.e.j.s.ServletContextHandler@778ca8ef{/__admin,null,AVAILABLE}
[main] INFO org.eclipse.jetty.server.handler.ContextHandler - Started o.e.j.s.ServletContextHandler@261d8190{/,null,AVAILABLE}
[main] INFO org.eclipse.jetty.server.NetworkTrafficServerConnector - Started NetworkTrafficServerConnector@34448e6c{HTTP/1.1}{0.0.0.0:38109}
[main] INFO org.eclipse.jetty.server.Server - Started @1320ms
[qtp109065770-66] INFO /__admin - RequestHandlerClass from context returned com.github.tomakehurst.wiremock.http.AdminRequestHandler. Normalized mapped under returned 'null'
[main] INFO org.eclipse.jetty.server.NetworkTrafficServerConnector - Stopped NetworkTrafficServerConnector@34448e6c{HTTP/1.1}{0.0.0.0:0}
[main] INFO org.eclipse.jetty.server.handler.ContextHandler - Stopped o.e.j.s.ServletContextHandler@261d8190{/,null,UNAVAILABLE}
[main] INFO org.eclipse.jetty.server.handler.ContextHandler - Stopped o.e.j.s.ServletContextHandler@778ca8ef{/__admin,null,UNAVAILABLE}
[main] INFO org.eclipse.jetty.server.Server - jetty-9.2.28.v20190418
[main] INFO org.eclipse.jetty.server.handler.ContextHandler - Started o.e.j.s.ServletContextHandler@408a247c{/__admin,null,AVAILABLE}
[main] INFO org.eclipse.jetty.server.handler.ContextHandler - Started o.e.j.s.ServletContextHandler@5f5b5ca4{/,null,AVAILABLE}
[main] INFO org.eclipse.jetty.server.NetworkTrafficServerConnector - Started NetworkTrafficServerConnector@4ee33af7{HTTP/1.1}{0.0.0.0:34771}
[main] INFO org.eclipse.jetty.server.Server - Started @1366ms
[qtp605686842-78] INFO /__admin - RequestHandlerClass from context returned com.github.tomakehurst.wiremock.http.AdminRequestHandler. Normalized mapped under returned 'null'
[main] INFO org.eclipse.jetty.server.NetworkTrafficServerConnector - Stopped NetworkTrafficServerConnector@4ee33af7{HTTP/1.1}{0.0.0.0:0}
[main] INFO org.eclipse.jetty.server.handler.ContextHandler - Stopped o.e.j.s.ServletContextHandler@5f5b5ca4{/,null,UNAVAILABLE}
[main] INFO org.eclipse.jetty.server.handler.ContextHandler - Stopped o.e.j.s.ServletContextHandler@408a247c{/__admin,null,UNAVAILABLE}
[main] INFO org.eclipse.jetty.server.Server - jetty-9.2.28.v20190418
[main] INFO org.eclipse.jetty.server.handler.ContextHandler - Started o.e.j.s.ServletContextHandler@40226788{/__admin,null,AVAILABLE}
[main] INFO org.eclipse.jetty.server.handler.ContextHandler - Started o.e.j.s.ServletContextHandler@23cd4ff2{/,null,AVAILABLE}
[main] INFO org.eclipse.jetty.server.NetworkTrafficServerConnector - Started NetworkTrafficServerConnector@70807224{HTTP/1.1}{0.0.0.0:38483}
[main] INFO org.eclipse.jetty.server.Server - Started @1413ms
[qtp1329897103-87] INFO /__admin - RequestHandlerClass from context returned com.github.tomakehurst.wiremock.http.AdminRequestHandler. Normalized mapped under returned 'null'
[main] INFO org.eclipse.jetty.server.NetworkTrafficServerConnector - Stopped NetworkTrafficServerConnector@70807224{HTTP/1.1}{0.0.0.0:0}
[main] INFO org.eclipse.jetty.server.handler.ContextHandler - Stopped o.e.j.s.ServletContextHandler@23cd4ff2{/,null,UNAVAILABLE}
[main] INFO org.eclipse.jetty.server.handler.ContextHandler - Stopped o.e.j.s.ServletContextHandler@40226788{/__admin,null,UNAVAILABLE}
[main] INFO org.eclipse.jetty.server.Server - jetty-9.2.28.v20190418
[main] INFO org.eclipse.jetty.server.handler.ContextHandler - Started o.e.j.s.ServletContextHandler@7c8326a4{/__admin,null,AVAILABLE}
[main] INFO org.eclipse.jetty.server.handler.ContextHandler - Started o.e.j.s.ServletContextHandler@69ce2f62{/,null,AVAILABLE}
[main] INFO org.eclipse.jetty.server.NetworkTrafficServerConnector - Started NetworkTrafficServerConnector@c9d82f9{HTTP/1.1}{0.0.0.0:42001}
[main] INFO org.eclipse.jetty.server.Server - Started @1449ms
[qtp633727380-105] INFO /__admin - RequestHandlerClass from context returned com.github.tomakehurst.wiremock.http.AdminRequestHandler. Normalized mapped under returned 'null'
[main] INFO org.eclipse.jetty.server.NetworkTrafficServerConnector - Stopped NetworkTrafficServerConnector@c9d82f9{HTTP/1.1}{0.0.0.0:0}
[main] INFO org.eclipse.jetty.server.handler.ContextHandler - Stopped o.e.j.s.ServletContextHandler@69ce2f62{/,null,UNAVAILABLE}
[main] INFO org.eclipse.jetty.server.handler.ContextHandler - Stopped o.e.j.s.ServletContextHandler@7c8326a4{/__admin,null,UNAVAILABLE}
[main] INFO org.eclipse.jetty.server.Server - jetty-9.2.28.v20190418
[main] INFO org.eclipse.jetty.server.handler.ContextHandler - Started o.e.j.s.ServletContextHandler@71c905a3{/__admin,null,AVAILABLE}
[main] INFO org.eclipse.jetty.server.handler.ContextHandler - Started o.e.j.s.ServletContextHandler@1dab9dd6{/,null,AVAILABLE}
[main] INFO org.eclipse.jetty.server.NetworkTrafficServerConnector - Started NetworkTrafficServerConnector@247667dd{HTTP/1.1}{0.0.0.0:41739}
[main] INFO org.eclipse.jetty.server.Server - Started @1492ms
[qtp1530870688-117] INFO /__admin - RequestHandlerClass from context returned com.github.tomakehurst.wiremock.http.AdminRequestHandler. Normalized mapped under returned 'null'
[main] INFO org.eclipse.jetty.server.NetworkTrafficServerConnector - Stopped NetworkTrafficServerConnector@247667dd{HTTP/1.1}{0.0.0.0:0}
[main] INFO org.eclipse.jetty.server.handler.ContextHandler - Stopped o.e.j.s.ServletContextHandler@1dab9dd6{/,null,UNAVAILABLE}
[main] INFO org.eclipse.jetty.server.handler.ContextHandler - Stopped o.e.j.s.ServletContextHandler@71c905a3{/__admin,null,UNAVAILABLE}
[main] INFO org.eclipse.jetty.server.Server - jetty-9.2.28.v20190418
[main] INFO org.eclipse.jetty.server.handler.ContextHandler - Started o.e.j.s.ServletContextHandler@4a29f290{/__admin,null,AVAILABLE}
[main] INFO org.eclipse.jetty.server.handler.ContextHandler - Started o.e.j.s.ServletContextHandler@44c5a16f{/,null,AVAILABLE}
[main] INFO org.eclipse.jetty.server.NetworkTrafficServerConnector - Started NetworkTrafficServerConnector@417d6615{HTTP/1.1}{0.0.0.0:37325}
[main] INFO org.eclipse.jetty.server.Server - Started @1551ms
[qtp2040623756-129] INFO /__admin - RequestHandlerClass from context returned com.github.tomakehurst.wiremock.http.AdminRequestHandler. Normalized mapped under returned 'null'
[main] INFO org.eclipse.jetty.server.NetworkTrafficServerConnector - Stopped NetworkTrafficServerConnector@417d6615{HTTP/1.1}{0.0.0.0:0}
[main] INFO org.eclipse.jetty.server.handler.ContextHandler - Stopped o.e.j.s.ServletContextHandler@44c5a16f{/,null,UNAVAILABLE}
[main] INFO org.eclipse.jetty.server.handler.ContextHandler - Stopped o.e.j.s.ServletContextHandler@4a29f290{/__admin,null,UNAVAILABLE}
[main] INFO org.eclipse.jetty.server.Server - jetty-9.2.28.v20190418
[main] INFO org.eclipse.jetty.server.handler.ContextHandler - Started o.e.j.s.ServletContextHandler@660591fb{/__admin,null,AVAILABLE}
[main] INFO org.eclipse.jetty.server.handler.ContextHandler - Started o.e.j.s.ServletContextHandler@226b143b{/,null,AVAILABLE}
[main] INFO org.eclipse.jetty.server.NetworkTrafficServerConnector - Started NetworkTrafficServerConnector@682bd3c4{HTTP/1.1}{0.0.0.0:38471}
[main] INFO org.eclipse.jetty.server.Server - Started @1592ms
[qtp1044965465-141] INFO /__admin - RequestHandlerClass from context returned com.github.tomakehurst.wiremock.http.AdminRequestHandler. Normalized mapped under returned 'null'
[main] INFO org.eclipse.jetty.server.NetworkTrafficServerConnector - Stopped NetworkTrafficServerConnector@682bd3c4{HTTP/1.1}{0.0.0.0:0}
[main] INFO org.eclipse.jetty.server.handler.ContextHandler - Stopped o.e.j.s.ServletContextHandler@226b143b{/,null,UNAVAILABLE}
[main] INFO org.eclipse.jetty.server.handler.ContextHandler - Stopped o.e.j.s.ServletContextHandler@660591fb{/__admin,null,UNAVAILABLE}
[main] INFO org.eclipse.jetty.server.Server - jetty-9.2.28.v20190418
[main] INFO org.eclipse.jetty.server.handler.ContextHandler - Started o.e.j.s.ServletContextHandler@770b3be0{/__admin,null,AVAILABLE}
[main] INFO org.eclipse.jetty.server.handler.ContextHandler - Started o.e.j.s.ServletContextHandler@2b8bd14b{/,null,AVAILABLE}
[main] INFO org.eclipse.jetty.server.NetworkTrafficServerConnector - Started NetworkTrafficServerConnector@5f13be1{HTTP/1.1}{0.0.0.0:33365}
[main] INFO org.eclipse.jetty.server.Server - Started @1633ms
[qtp1734343965-153] INFO /__admin - RequestHandlerClass from context returned com.github.tomakehurst.wiremock.http.AdminRequestHandler. Normalized mapped under returned 'null'
[main] INFO org.eclipse.jetty.server.NetworkTrafficServerConnector - Stopped NetworkTrafficServerConnector@5f13be1{HTTP/1.1}{0.0.0.0:0}
[main] INFO org.eclipse.jetty.server.handler.ContextHandler - Stopped o.e.j.s.ServletContextHandler@2b8bd14b{/,null,UNAVAILABLE}
[main] INFO org.eclipse.jetty.server.handler.ContextHandler - Stopped o.e.j.s.ServletContextHandler@770b3be0{/__admin,null,UNAVAILABLE}
[main] INFO org.eclipse.jetty.server.Server - jetty-9.2.28.v20190418
[main] INFO org.eclipse.jetty.server.handler.ContextHandler - Started o.e.j.s.ServletContextHandler@3e7dfd44{/__admin,null,AVAILABLE}
[main] INFO org.eclipse.jetty.server.handler.ContextHandler - Started o.e.j.s.ServletContextHandler@796065aa{/,null,AVAILABLE}
[main] INFO org.eclipse.jetty.server.NetworkTrafficServerConnector - Started NetworkTrafficServerConnector@28a6301f{HTTP/1.1}{0.0.0.0:41273}
[main] INFO org.eclipse.jetty.server.Server - Started @1665ms
[qtp957387062-166] INFO /__admin - RequestHandlerClass from context returned com.github.tomakehurst.wiremock.http.AdminRequestHandler. Normalized mapped under returned 'null'
[qtp957387062-167] INFO / - RequestHandlerClass from context returned com.github.tomakehurst.wiremock.http.StubRequestHandler. Normalized mapped under returned 'null'
[main] INFO org.eclipse.jetty.server.NetworkTrafficServerConnector - Stopped NetworkTrafficServerConnector@28a6301f{HTTP/1.1}{0.0.0.0:0}
[main] INFO org.eclipse.jetty.server.handler.ContextHandler - Stopped o.e.j.s.ServletContextHandler@796065aa{/,null,UNAVAILABLE}
[main] INFO org.eclipse.jetty.server.handler.ContextHandler - Stopped o.e.j.s.ServletContextHandler@3e7dfd44{/__admin,null,UNAVAILABLE}
[main] INFO org.eclipse.jetty.server.Server - jetty-9.2.28.v20190418
[main] INFO org.eclipse.jetty.server.handler.ContextHandler - Started o.e.j.s.ServletContextHandler@6f7e336b{/__admin,null,AVAILABLE}
[main] INFO org.eclipse.jetty.server.handler.ContextHandler - Started o.e.j.s.ServletContextHandler@12958360{/,null,AVAILABLE}
[main] INFO org.eclipse.jetty.server.NetworkTrafficServerConnector - Started NetworkTrafficServerConnector@c6e0f32{HTTP/1.1}{0.0.0.0:36189}
[main] INFO org.eclipse.jetty.server.Server - Started @1765ms
[qtp1155399955-179] INFO /__admin - RequestHandlerClass from context returned com.github.tomakehurst.wiremock.http.AdminRequestHandler. Normalized mapped under returned 'null'
[main] INFO org.eclipse.jetty.server.NetworkTrafficServerConnector - Stopped NetworkTrafficServerConnector@c6e0f32{HTTP/1.1}{0.0.0.0:0}
[main] INFO org.eclipse.jetty.server.handler.ContextHandler - Stopped o.e.j.s.ServletContextHandler@12958360{/,null,UNAVAILABLE}
[main] INFO org.eclipse.jetty.server.handler.ContextHandler - Stopped o.e.j.s.ServletContextHandler@6f7e336b{/__admin,null,UNAVAILABLE}
[main] INFO org.eclipse.jetty.server.Server - jetty-9.2.28.v20190418
[main] INFO org.eclipse.jetty.server.handler.ContextHandler - Started o.e.j.s.ServletContextHandler@5cbd159f{/__admin,null,AVAILABLE}
[main] INFO org.eclipse.jetty.server.handler.ContextHandler - Started o.e.j.s.ServletContextHandler@7d0cc890{/,null,AVAILABLE}
[main] INFO org.eclipse.jetty.server.NetworkTrafficServerConnector - Started NetworkTrafficServerConnector@49293b43{HTTP/1.1}{0.0.0.0:45129}
[main] INFO org.eclipse.jetty.server.Server - Started @1802ms
[qtp1022251996-192] INFO /__admin - RequestHandlerClass from context returned com.github.tomakehurst.wiremock.http.AdminRequestHandler. Normalized mapped under returned 'null'
[main] INFO org.eclipse.jetty.server.NetworkTrafficServerConnector - Stopped NetworkTrafficServerConnector@49293b43{HTTP/1.1}{0.0.0.0:0}
[main] INFO org.eclipse.jetty.server.handler.ContextHandler - Stopped o.e.j.s.ServletContextHandler@7d0cc890{/,null,UNAVAILABLE}
[main] INFO org.eclipse.jetty.server.handler.ContextHandler - Stopped o.e.j.s.ServletContextHandler@5cbd159f{/__admin,null,UNAVAILABLE}
[main] INFO org.eclipse.jetty.server.Server - jetty-9.2.28.v20190418
[main] INFO org.eclipse.jetty.server.handler.ContextHandler - Started o.e.j.s.ServletContextHandler@3cae7b8b{/__admin,null,AVAILABLE}
[main] INFO org.eclipse.jetty.server.handler.ContextHandler - Started o.e.j.s.ServletContextHandler@359ff4d9{/,null,AVAILABLE}
[main] INFO org.eclipse.jetty.server.NetworkTrafficServerConnector - Started NetworkTrafficServerConnector@7a22a3c2{HTTP/1.1}{0.0.0.0:46869}
[main] INFO org.eclipse.jetty.server.Server - Started @1843ms
[qtp87845070-204] INFO /__admin - RequestHandlerClass from context returned com.github.tomakehurst.wiremock.http.AdminRequestHandler. Normalized mapped under returned 'null'
[main] INFO org.eclipse.jetty.server.NetworkTrafficServerConnector - Stopped NetworkTrafficServerConnector@7a22a3c2{HTTP/1.1}{0.0.0.0:0}
[main] INFO org.eclipse.jetty.server.handler.ContextHandler - Stopped o.e.j.s.ServletContextHandler@359ff4d9{/,null,UNAVAILABLE}
[main] INFO org.eclipse.jetty.server.handler.ContextHandler - Stopped o.e.j.s.ServletContextHandler@3cae7b8b{/__admin,null,UNAVAILABLE}
[main] INFO org.eclipse.jetty.server.Server - jetty-9.2.28.v20190418
[main] INFO org.eclipse.jetty.server.handler.ContextHandler - Started o.e.j.s.ServletContextHandler@3f4cd155{/__admin,null,AVAILABLE}
[main] INFO org.eclipse.jetty.server.handler.ContextHandler - Started o.e.j.s.ServletContextHandler@3e6534e7{/,null,AVAILABLE}
[main] INFO org.eclipse.jetty.server.NetworkTrafficServerConnector - Started NetworkTrafficServerConnector@66ad7bf0{HTTP/1.1}{0.0.0.0:46237}
[main] INFO org.eclipse.jetty.server.Server - Started @1886ms
[qtp577037372-216] INFO /__admin - RequestHandlerClass from context returned com.github.tomakehurst.wiremock.http.AdminRequestHandler. Normalized mapped under returned 'null'
[main] INFO org.eclipse.jetty.server.NetworkTrafficServerConnector - Stopped NetworkTrafficServerConnector@66ad7bf0{HTTP/1.1}{0.0.0.0:0}
[main] INFO org.eclipse.jetty.server.handler.ContextHandler - Stopped o.e.j.s.ServletContextHandler@3e6534e7{/,null,UNAVAILABLE}
[main] INFO org.eclipse.jetty.server.handler.ContextHandler - Stopped o.e.j.s.ServletContextHandler@3f4cd155{/__admin,null,UNAVAILABLE}
[main] INFO org.eclipse.jetty.server.Server - jetty-9.2.28.v20190418
[main] INFO org.eclipse.jetty.server.handler.ContextHandler - Started o.e.j.s.ServletContextHandler@1fba386c{/__admin,null,AVAILABLE}
[main] INFO org.eclipse.jetty.server.handler.ContextHandler - Started o.e.j.s.ServletContextHandler@76c387f9{/,null,AVAILABLE}
[main] INFO org.eclipse.jetty.server.NetworkTrafficServerConnector - Started NetworkTrafficServerConnector@3874b815{HTTP/1.1}{0.0.0.0:35507}
[main] INFO org.eclipse.jetty.server.Server - Started @1931ms
[qtp880908391-228] INFO /__admin - RequestHandlerClass from context returned com.github.tomakehurst.wiremock.http.AdminRequestHandler. Normalized mapped under returned 'null'
[qtp880908391-229] INFO / - RequestHandlerClass from context returned com.github.tomakehurst.wiremock.http.StubRequestHandler. Normalized mapped under returned 'null'
[main] INFO org.eclipse.jetty.server.NetworkTrafficServerConnector - Stopped NetworkTrafficServerConnector@3874b815{HTTP/1.1}{0.0.0.0:0}
[main] INFO org.eclipse.jetty.server.handler.ContextHandler - Stopped o.e.j.s.ServletContextHandler@76c387f9{/,null,UNAVAILABLE}
[main] INFO org.eclipse.jetty.server.handler.ContextHandler - Stopped o.e.j.s.ServletContextHandler@1fba386c{/__admin,null,UNAVAILABLE}
[main] INFO org.eclipse.jetty.server.Server - jetty-9.2.28.v20190418
[main] INFO org.eclipse.jetty.server.handler.ContextHandler - Started o.e.j.s.ServletContextHandler@3659d7b1{/__admin,null,AVAILABLE}
[main] INFO org.eclipse.jetty.server.handler.ContextHandler - Started o.e.j.s.ServletContextHandler@64693226{/,null,AVAILABLE}
[main] INFO org.eclipse.jetty.server.NetworkTrafficServerConnector - Started NetworkTrafficServerConnector@1c758545{HTTP/1.1}{0.0.0.0:35481}
[main] INFO org.eclipse.jetty.server.Server - Started @1971ms
[qtp409778321-240] INFO /__admin - RequestHandlerClass from context returned com.github.tomakehurst.wiremock.http.AdminRequestHandler. Normalized mapped under returned 'null'
[main] INFO org.eclipse.jetty.server.NetworkTrafficServerConnector - Stopped NetworkTrafficServerConnector@1c758545{HTTP/1.1}{0.0.0.0:0}
[main] INFO org.eclipse.jetty.server.handler.ContextHandler - Stopped o.e.j.s.ServletContextHandler@64693226{/,null,UNAVAILABLE}
[main] INFO org.eclipse.jetty.server.handler.ContextHandler - Stopped o.e.j.s.ServletContextHandler@3659d7b1{/__admin,null,UNAVAILABLE}
[main] INFO org.eclipse.jetty.server.Server - jetty-9.2.28.v20190418
[main] INFO org.eclipse.jetty.server.handler.ContextHandler - Started o.e.j.s.ServletContextHandler@1c5c616f{/__admin,null,AVAILABLE}
[main] INFO org.eclipse.jetty.server.handler.ContextHandler - Started o.e.j.s.ServletContextHandler@c6b2dd9{/,null,AVAILABLE}
[main] INFO org.eclipse.jetty.server.NetworkTrafficServerConnector - Started NetworkTrafficServerConnector@73437222{HTTP/1.1}{0.0.0.0:41515}
[main] INFO org.eclipse.jetty.server.Server - Started @2017ms
[qtp1462661081-253] INFO /__admin - RequestHandlerClass from context returned com.github.tomakehurst.wiremock.http.AdminRequestHandler. Normalized mapped under returned 'null'
[main] INFO org.eclipse.jetty.server.NetworkTrafficServerConnector - Stopped NetworkTrafficServerConnector@73437222{HTTP/1.1}{0.0.0.0:0}
[main] INFO org.eclipse.jetty.server.handler.ContextHandler - Stopped o.e.j.s.ServletContextHandler@c6b2dd9{/,null,UNAVAILABLE}
[main] INFO org.eclipse.jetty.server.handler.ContextHandler - Stopped o.e.j.s.ServletContextHandler@1c5c616f{/__admin,null,UNAVAILABLE}
[main] INFO org.eclipse.jetty.server.Server - jetty-9.2.28.v20190418
[main] INFO org.eclipse.jetty.server.handler.ContextHandler - Started o.e.j.s.ServletContextHandler@65753040{/__admin,null,AVAILABLE}
[main] INFO org.eclipse.jetty.server.handler.ContextHandler - Started o.e.j.s.ServletContextHandler@7be3a9ce{/,null,AVAILABLE}
[main] INFO org.eclipse.jetty.server.NetworkTrafficServerConnector - Started NetworkTrafficServerConnector@37d871c2{HTTP/1.1}{0.0.0.0:46765}
[main] INFO org.eclipse.jetty.server.Server - Started @2047ms
[qtp1522975986-265] INFO /__admin - RequestHandlerClass from context returned com.github.tomakehurst.wiremock.http.AdminRequestHandler. Normalized mapped under returned 'null'
[main] INFO org.eclipse.jetty.server.NetworkTrafficServerConnector - Stopped NetworkTrafficServerConnector@37d871c2{HTTP/1.1}{0.0.0.0:0}
[main] INFO org.eclipse.jetty.server.handler.ContextHandler - Stopped o.e.j.s.ServletContextHandler@7be3a9ce{/,null,UNAVAILABLE}
[main] INFO org.eclipse.jetty.server.handler.ContextHandler - Stopped o.e.j.s.ServletContextHandler@65753040{/__admin,null,UNAVAILABLE}
[main] INFO org.eclipse.jetty.server.Server - jetty-9.2.28.v20190418
[main] INFO org.eclipse.jetty.server.handler.ContextHandler - Started o.e.j.s.ServletContextHandler@5e8cda75{/__admin,null,AVAILABLE}
[main] INFO org.eclipse.jetty.server.handler.ContextHandler - Started o.e.j.s.ServletContextHandler@3e1a3801{/,null,AVAILABLE}
[main] INFO org.eclipse.jetty.server.NetworkTrafficServerConnector - Started NetworkTrafficServerConnector@6fd12c5{HTTP/1.1}{0.0.0.0:39283}
[main] INFO org.eclipse.jetty.server.Server - Started @2083ms
[qtp1954133542-278] INFO /__admin - RequestHandlerClass from context returned com.github.tomakehurst.wiremock.http.AdminRequestHandler. Normalized mapped under returned 'null'
[main] INFO org.eclipse.jetty.server.NetworkTrafficServerConnector - Stopped NetworkTrafficServerConnector@6fd12c5{HTTP/1.1}{0.0.0.0:0}
[main] INFO org.eclipse.jetty.server.handler.ContextHandler - Stopped o.e.j.s.ServletContextHandler@3e1a3801{/,null,UNAVAILABLE}
[main] INFO org.eclipse.jetty.server.handler.ContextHandler - Stopped o.e.j.s.ServletContextHandler@5e8cda75{/__admin,null,UNAVAILABLE}
Tests run: 21, Failures: 15, Errors: 4, Skipped: 0, Time elapsed: 1.527 sec <<< FAILURE!
test200WithInvalidJson(com.maxmind.minfraud.WebServiceClientTest)  Time elapsed: 0.613 sec  <<< FAILURE!
java.lang.AssertionError: unexpected exception type thrown; expected:<com.maxmind.minfraud.exception.MinFraudException> but was:<java.lang.NoSuchMethodError>
	at org.junit.Assert.assertThrows(Assert.java:1020)
	at org.junit.Assert.assertThrows(Assert.java:981)
	at com.maxmind.minfraud.WebServiceClientTest.test200WithInvalidJson(WebServiceClientTest.java:155)
	at java.base/jdk.internal.reflect.NativeMethodAccessorImpl.invoke0(Native Method)
	at java.base/jdk.internal.reflect.NativeMethodAccessorImpl.invoke(NativeMethodAccessorImpl.java:62)
	at java.base/jdk.internal.reflect.DelegatingMethodAccessorImpl.invoke(DelegatingMethodAccessorImpl.java:43)
	at java.base/java.lang.reflect.Method.invoke(Method.java:566)
	at org.junit.runners.model.FrameworkMethod$1.runReflectiveCall(FrameworkMethod.java:59)
	at org.junit.internal.runners.model.ReflectiveCallable.run(ReflectiveCallable.java:12)
	at org.junit.runners.model.FrameworkMethod.invokeExplosively(FrameworkMethod.java:56)
	at org.junit.internal.runners.statements.InvokeMethod.evaluate(InvokeMethod.java:17)
	at com.github.tomakehurst.wiremock.junit.WireMockRule$1.evaluate(WireMockRule.java:79)
	at org.junit.runners.ParentRunner$3.evaluate(ParentRunner.java:306)
	at org.junit.runners.BlockJUnit4ClassRunner$1.evaluate(BlockJUnit4ClassRunner.java:100)
	at org.junit.runners.ParentRunner.runLeaf(ParentRunner.java:366)
	at org.junit.runners.BlockJUnit4ClassRunner.runChild(BlockJUnit4ClassRunner.java:103)
	at junitparams.JUnitParamsRunner.runChild(JUnitParamsRunner.java:449)
	at junitparams.JUnitParamsRunner.runChild(JUnitParamsRunner.java:393)
	at org.junit.runners.ParentRunner$4.run(ParentRunner.java:331)
	at org.junit.runners.ParentRunner$1.schedule(ParentRunner.java:79)
	at org.junit.runners.ParentRunner.runChildren(ParentRunner.java:329)
	at org.junit.runners.ParentRunner.access$100(ParentRunner.java:66)
	at org.junit.runners.ParentRunner$2.evaluate(ParentRunner.java:293)
	at org.junit.runners.ParentRunner$3.evaluate(ParentRunner.java:306)
	at org.junit.runners.ParentRunner.run(ParentRunner.java:413)
	at org.apache.maven.surefire.junit4.JUnit4Provider.execute(JUnit4Provider.java:252)
	at org.apache.maven.surefire.junit4.JUnit4Provider.executeTestSet(JUnit4Provider.java:141)
	at org.apache.maven.surefire.junit4.JUnit4Provider.invoke(JUnit4Provider.java:112)
	at java.base/jdk.internal.reflect.NativeMethodAccessorImpl.invoke0(Native Method)
	at java.base/jdk.internal.reflect.NativeMethodAccessorImpl.invoke(NativeMethodAccessorImpl.java:62)
	at java.base/jdk.internal.reflect.DelegatingMethodAccessorImpl.invoke(DelegatingMethodAccessorImpl.java:43)
	at java.base/java.lang.reflect.Method.invoke(Method.java:566)
	at org.apache.maven.surefire.util.ReflectionUtils.invokeMethodWithArray(ReflectionUtils.java:189)
	at org.apache.maven.surefire.booter.ProviderFactory$ProviderProxy.invoke(ProviderFactory.java:165)
	at org.apache.maven.surefire.booter.ProviderFactory.invokeProvider(ProviderFactory.java:85)
	at org.apache.maven.surefire.booter.ForkedBooter.runSuitesInProcess(ForkedBooter.java:115)
	at org.apache.maven.surefire.booter.ForkedBooter.main(ForkedBooter.java:75)
Caused by: java.lang.NoSuchMethodError: 'boolean com.fasterxml.jackson.databind.SerializationConfig.hasExplicitTimeZone()'
	at com.fasterxml.jackson.datatype.jsr310.ser.InstantSerializerBase.formatValue(InstantSerializerBase.java:144)
	at com.fasterxml.jackson.datatype.jsr310.ser.InstantSerializerBase.serialize(InstantSerializerBase.java:103)
	at com.fasterxml.jackson.datatype.jsr310.ser.ZonedDateTimeSerializer.serialize(ZonedDateTimeSerializer.java:79)
	at com.fasterxml.jackson.datatype.jsr310.ser.ZonedDateTimeSerializer.serialize(ZonedDateTimeSerializer.java:13)
	at com.fasterxml.jackson.databind.ser.BeanPropertyWriter.serializeAsField(BeanPropertyWriter.java:728)
	at com.fasterxml.jackson.databind.ser.std.BeanSerializerBase.serializeFields(BeanSerializerBase.java:755)
	at com.fasterxml.jackson.databind.ser.BeanSerializer.serialize(BeanSerializer.java:178)
	at com.fasterxml.jackson.databind.ser.BeanPropertyWriter.serializeAsField(BeanPropertyWriter.java:728)
	at com.fasterxml.jackson.databind.ser.std.BeanSerializerBase.serializeFields(BeanSerializerBase.java:755)
	at com.fasterxml.jackson.databind.ser.BeanSerializer.serialize(BeanSerializer.java:178)
	at com.fasterxml.jackson.databind.ser.DefaultSerializerProvider._serialize(DefaultSerializerProvider.java:480)
	at com.fasterxml.jackson.databind.ser.DefaultSerializerProvider.serializeValue(DefaultSerializerProvider.java:319)
	at com.fasterxml.jackson.databind.ObjectMapper._writeValueAndClose(ObjectMapper.java:4409)
	at com.fasterxml.jackson.databind.ObjectMapper.writeValueAsString(ObjectMapper.java:3663)
	at com.maxmind.minfraud.AbstractModel.toJson(AbstractModel.java:28)
	at com.maxmind.minfraud.WebServiceClient.requestFor(WebServiceClient.java:348)
	at com.maxmind.minfraud.WebServiceClient.responseFor(WebServiceClient.java:323)
	at com.maxmind.minfraud.WebServiceClient.insights(WebServiceClient.java:257)
	at com.maxmind.minfraud.WebServiceClientTest.lambda$test200WithInvalidJson$1(WebServiceClientTest.java:155)
	at org.junit.Assert.assertThrows(Assert.java:1001)
	... 36 more

testFullFactorsTransaction(com.maxmind.minfraud.WebServiceClientTest)  Time elapsed: 0.06 sec  <<< ERROR!
java.lang.NoSuchMethodError: 'boolean com.fasterxml.jackson.databind.SerializationConfig.hasExplicitTimeZone()'
	at com.fasterxml.jackson.datatype.jsr310.ser.InstantSerializerBase.formatValue(InstantSerializerBase.java:144)
	at com.fasterxml.jackson.datatype.jsr310.ser.InstantSerializerBase.serialize(InstantSerializerBase.java:103)
	at com.fasterxml.jackson.datatype.jsr310.ser.ZonedDateTimeSerializer.serialize(ZonedDateTimeSerializer.java:79)
	at com.fasterxml.jackson.datatype.jsr310.ser.ZonedDateTimeSerializer.serialize(ZonedDateTimeSerializer.java:13)
	at com.fasterxml.jackson.databind.ser.BeanPropertyWriter.serializeAsField(BeanPropertyWriter.java:728)
	at com.fasterxml.jackson.databind.ser.std.BeanSerializerBase.serializeFields(BeanSerializerBase.java:755)
	at com.fasterxml.jackson.databind.ser.BeanSerializer.serialize(BeanSerializer.java:178)
	at com.fasterxml.jackson.databind.ser.BeanPropertyWriter.serializeAsField(BeanPropertyWriter.java:728)
	at com.fasterxml.jackson.databind.ser.std.BeanSerializerBase.serializeFields(BeanSerializerBase.java:755)
	at com.fasterxml.jackson.databind.ser.BeanSerializer.serialize(BeanSerializer.java:178)
	at com.fasterxml.jackson.databind.ser.DefaultSerializerProvider._serialize(DefaultSerializerProvider.java:480)
	at com.fasterxml.jackson.databind.ser.DefaultSerializerProvider.serializeValue(DefaultSerializerProvider.java:319)
	at com.fasterxml.jackson.databind.ObjectMapper._writeValueAndClose(ObjectMapper.java:4409)
	at com.fasterxml.jackson.databind.ObjectMapper.writeValueAsString(ObjectMapper.java:3663)
	at com.maxmind.minfraud.AbstractModel.toJson(AbstractModel.java:28)
	at com.maxmind.minfraud.WebServiceClient.requestFor(WebServiceClient.java:348)
	at com.maxmind.minfraud.WebServiceClient.responseFor(WebServiceClient.java:323)
	at com.maxmind.minfraud.WebServiceClient.factors(WebServiceClient.java:232)
	at com.maxmind.minfraud.WebServiceClientTest.testFullFactorsTransaction(WebServiceClientTest.java:100)
	at java.base/jdk.internal.reflect.NativeMethodAccessorImpl.invoke0(Native Method)
	at java.base/jdk.internal.reflect.NativeMethodAccessorImpl.invoke(NativeMethodAccessorImpl.java:62)
	at java.base/jdk.internal.reflect.DelegatingMethodAccessorImpl.invoke(DelegatingMethodAccessorImpl.java:43)
	at java.base/java.lang.reflect.Method.invoke(Method.java:566)
	at org.junit.runners.model.FrameworkMethod$1.runReflectiveCall(FrameworkMethod.java:59)
	at org.junit.internal.runners.model.ReflectiveCallable.run(ReflectiveCallable.java:12)
	at org.junit.runners.model.FrameworkMethod.invokeExplosively(FrameworkMethod.java:56)
	at org.junit.internal.runners.statements.InvokeMethod.evaluate(InvokeMethod.java:17)
	at com.github.tomakehurst.wiremock.junit.WireMockRule$1.evaluate(WireMockRule.java:79)
	at org.junit.runners.ParentRunner$3.evaluate(ParentRunner.java:306)
	at org.junit.runners.BlockJUnit4ClassRunner$1.evaluate(BlockJUnit4ClassRunner.java:100)
	at org.junit.runners.ParentRunner.runLeaf(ParentRunner.java:366)
	at org.junit.runners.BlockJUnit4ClassRunner.runChild(BlockJUnit4ClassRunner.java:103)
	at junitparams.JUnitParamsRunner.runChild(JUnitParamsRunner.java:449)
	at junitparams.JUnitParamsRunner.runChild(JUnitParamsRunner.java:393)
	at org.junit.runners.ParentRunner$4.run(ParentRunner.java:331)
	at org.junit.runners.ParentRunner$1.schedule(ParentRunner.java:79)
	at org.junit.runners.ParentRunner.runChildren(ParentRunner.java:329)
	at org.junit.runners.ParentRunner.access$100(ParentRunner.java:66)
	at org.junit.runners.ParentRunner$2.evaluate(ParentRunner.java:293)
	at org.junit.runners.ParentRunner$3.evaluate(ParentRunner.java:306)
	at org.junit.runners.ParentRunner.run(ParentRunner.java:413)
	at org.apache.maven.surefire.junit4.JUnit4Provider.execute(JUnit4Provider.java:252)
	at org.apache.maven.surefire.junit4.JUnit4Provider.executeTestSet(JUnit4Provider.java:141)
	at org.apache.maven.surefire.junit4.JUnit4Provider.invoke(JUnit4Provider.java:112)
	at java.base/jdk.internal.reflect.NativeMethodAccessorImpl.invoke0(Native Method)
	at java.base/jdk.internal.reflect.NativeMethodAccessorImpl.invoke(NativeMethodAccessorImpl.java:62)
	at java.base/jdk.internal.reflect.DelegatingMethodAccessorImpl.invoke(DelegatingMethodAccessorImpl.java:43)
	at java.base/java.lang.reflect.Method.invoke(Method.java:566)
	at org.apache.maven.surefire.util.ReflectionUtils.invokeMethodWithArray(ReflectionUtils.java:189)
	at org.apache.maven.surefire.booter.ProviderFactory$ProviderProxy.invoke(ProviderFactory.java:165)
	at org.apache.maven.surefire.booter.ProviderFactory.invokeProvider(ProviderFactory.java:85)
	at org.apache.maven.surefire.booter.ForkedBooter.runSuitesInProcess(ForkedBooter.java:115)
	at org.apache.maven.surefire.booter.ForkedBooter.main(ForkedBooter.java:75)

testInvalidAuth(ACCOUNT_ID_REQUIRED) [0](com.maxmind.minfraud.WebServiceClientTest)  Time elapsed: 0.04 sec  <<< FAILURE!
java.lang.AssertionError: unexpected exception type thrown; expected:<com.maxmind.minfraud.exception.AuthenticationException> but was:<java.lang.NoSuchMethodError>
	at org.junit.Assert.assertThrows(Assert.java:1020)
	at org.junit.Assert.assertThrows(Assert.java:981)
	at com.maxmind.minfraud.WebServiceClientTest.testInvalidAuth(WebServiceClientTest.java:178)
	at java.base/jdk.internal.reflect.NativeMethodAccessorImpl.invoke0(Native Method)
	at java.base/jdk.internal.reflect.NativeMethodAccessorImpl.invoke(NativeMethodAccessorImpl.java:62)
	at java.base/jdk.internal.reflect.DelegatingMethodAccessorImpl.invoke(DelegatingMethodAccessorImpl.java:43)
	at java.base/java.lang.reflect.Method.invoke(Method.java:566)
	at org.junit.runners.model.FrameworkMethod$1.runReflectiveCall(FrameworkMethod.java:59)
	at org.junit.internal.runners.model.ReflectiveCallable.run(ReflectiveCallable.java:12)
	at org.junit.runners.model.FrameworkMethod.invokeExplosively(FrameworkMethod.java:56)
	at junitparams.internal.InvokeParameterisedMethod.evaluate(InvokeParameterisedMethod.java:234)
	at com.github.tomakehurst.wiremock.junit.WireMockRule$1.evaluate(WireMockRule.java:79)
	at org.junit.runners.ParentRunner$3.evaluate(ParentRunner.java:306)
	at junitparams.internal.ParameterisedTestMethodRunner.runMethodInvoker(ParameterisedTestMethodRunner.java:47)
	at junitparams.internal.ParameterisedTestMethodRunner.runTestMethod(ParameterisedTestMethodRunner.java:40)
	at junitparams.internal.ParameterisedTestClassRunner.runParameterisedTest(ParameterisedTestClassRunner.java:146)
	at junitparams.JUnitParamsRunner.runChild(JUnitParamsRunner.java:446)
	at junitparams.JUnitParamsRunner.runChild(JUnitParamsRunner.java:393)
	at org.junit.runners.ParentRunner$4.run(ParentRunner.java:331)
	at org.junit.runners.ParentRunner$1.schedule(ParentRunner.java:79)
	at org.junit.runners.ParentRunner.runChildren(ParentRunner.java:329)
	at org.junit.runners.ParentRunner.access$100(ParentRunner.java:66)
	at org.junit.runners.ParentRunner$2.evaluate(ParentRunner.java:293)
	at org.junit.runners.ParentRunner$3.evaluate(ParentRunner.java:306)
	at org.junit.runners.ParentRunner.run(ParentRunner.java:413)
	at org.apache.maven.surefire.junit4.JUnit4Provider.execute(JUnit4Provider.java:252)
	at org.apache.maven.surefire.junit4.JUnit4Provider.executeTestSet(JUnit4Provider.java:141)
	at org.apache.maven.surefire.junit4.JUnit4Provider.invoke(JUnit4Provider.java:112)
	at java.base/jdk.internal.reflect.NativeMethodAccessorImpl.invoke0(Native Method)
	at java.base/jdk.internal.reflect.NativeMethodAccessorImpl.invoke(NativeMethodAccessorImpl.java:62)
	at java.base/jdk.internal.reflect.DelegatingMethodAccessorImpl.invoke(DelegatingMethodAccessorImpl.java:43)
	at java.base/java.lang.reflect.Method.invoke(Method.java:566)
	at org.apache.maven.surefire.util.ReflectionUtils.invokeMethodWithArray(ReflectionUtils.java:189)
	at org.apache.maven.surefire.booter.ProviderFactory$ProviderProxy.invoke(ProviderFactory.java:165)
	at org.apache.maven.surefire.booter.ProviderFactory.invokeProvider(ProviderFactory.java:85)
	at org.apache.maven.surefire.booter.ForkedBooter.runSuitesInProcess(ForkedBooter.java:115)
	at org.apache.maven.surefire.booter.ForkedBooter.main(ForkedBooter.java:75)
Caused by: java.lang.NoSuchMethodError: 'boolean com.fasterxml.jackson.databind.SerializationConfig.hasExplicitTimeZone()'
	at com.fasterxml.jackson.datatype.jsr310.ser.InstantSerializerBase.formatValue(InstantSerializerBase.java:144)
	at com.fasterxml.jackson.datatype.jsr310.ser.InstantSerializerBase.serialize(InstantSerializerBase.java:103)
	at com.fasterxml.jackson.datatype.jsr310.ser.ZonedDateTimeSerializer.serialize(ZonedDateTimeSerializer.java:79)
	at com.fasterxml.jackson.datatype.jsr310.ser.ZonedDateTimeSerializer.serialize(ZonedDateTimeSerializer.java:13)
	at com.fasterxml.jackson.databind.ser.BeanPropertyWriter.serializeAsField(BeanPropertyWriter.java:728)
	at com.fasterxml.jackson.databind.ser.std.BeanSerializerBase.serializeFields(BeanSerializerBase.java:755)
	at com.fasterxml.jackson.databind.ser.BeanSerializer.serialize(BeanSerializer.java:178)
	at com.fasterxml.jackson.databind.ser.BeanPropertyWriter.serializeAsField(BeanPropertyWriter.java:728)
	at com.fasterxml.jackson.databind.ser.std.BeanSerializerBase.serializeFields(BeanSerializerBase.java:755)
	at com.fasterxml.jackson.databind.ser.BeanSerializer.serialize(BeanSerializer.java:178)
	at com.fasterxml.jackson.databind.ser.DefaultSerializerProvider._serialize(DefaultSerializerProvider.java:480)
	at com.fasterxml.jackson.databind.ser.DefaultSerializerProvider.serializeValue(DefaultSerializerProvider.java:319)
	at com.fasterxml.jackson.databind.ObjectMapper._writeValueAndClose(ObjectMapper.java:4409)
	at com.fasterxml.jackson.databind.ObjectMapper.writeValueAsString(ObjectMapper.java:3663)
	at com.maxmind.minfraud.AbstractModel.toJson(AbstractModel.java:28)
	at com.maxmind.minfraud.WebServiceClient.requestFor(WebServiceClient.java:348)
	at com.maxmind.minfraud.WebServiceClient.responseFor(WebServiceClient.java:323)
	at com.maxmind.minfraud.WebServiceClient.insights(WebServiceClient.java:257)
	at com.maxmind.minfraud.WebServiceClientTest.createInsightsError(WebServiceClientTest.java:300)
	at com.maxmind.minfraud.WebServiceClientTest.lambda$testInvalidAuth$3(WebServiceClientTest.java:179)
	at org.junit.Assert.assertThrows(Assert.java:1001)
	... 36 more

testInvalidAuth(AUTHORIZATION_INVALID) [1](com.maxmind.minfraud.WebServiceClientTest)  Time elapsed: 0.041 sec  <<< FAILURE!
java.lang.AssertionError: unexpected exception type thrown; expected:<com.maxmind.minfraud.exception.AuthenticationException> but was:<java.lang.NoSuchMethodError>
	at org.junit.Assert.assertThrows(Assert.java:1020)
	at org.junit.Assert.assertThrows(Assert.java:981)
	at com.maxmind.minfraud.WebServiceClientTest.testInvalidAuth(WebServiceClientTest.java:178)
	at java.base/jdk.internal.reflect.NativeMethodAccessorImpl.invoke0(Native Method)
	at java.base/jdk.internal.reflect.NativeMethodAccessorImpl.invoke(NativeMethodAccessorImpl.java:62)
	at java.base/jdk.internal.reflect.DelegatingMethodAccessorImpl.invoke(DelegatingMethodAccessorImpl.java:43)
	at java.base/java.lang.reflect.Method.invoke(Method.java:566)
	at org.junit.runners.model.FrameworkMethod$1.runReflectiveCall(FrameworkMethod.java:59)
	at org.junit.internal.runners.model.ReflectiveCallable.run(ReflectiveCallable.java:12)
	at org.junit.runners.model.FrameworkMethod.invokeExplosively(FrameworkMethod.java:56)
	at junitparams.internal.InvokeParameterisedMethod.evaluate(InvokeParameterisedMethod.java:234)
	at com.github.tomakehurst.wiremock.junit.WireMockRule$1.evaluate(WireMockRule.java:79)
	at org.junit.runners.ParentRunner$3.evaluate(ParentRunner.java:306)
	at junitparams.internal.ParameterisedTestMethodRunner.runMethodInvoker(ParameterisedTestMethodRunner.java:47)
	at junitparams.internal.ParameterisedTestMethodRunner.runTestMethod(ParameterisedTestMethodRunner.java:40)
	at junitparams.internal.ParameterisedTestClassRunner.runParameterisedTest(ParameterisedTestClassRunner.java:146)
	at junitparams.JUnitParamsRunner.runChild(JUnitParamsRunner.java:446)
	at junitparams.JUnitParamsRunner.runChild(JUnitParamsRunner.java:393)
	at org.junit.runners.ParentRunner$4.run(ParentRunner.java:331)
	at org.junit.runners.ParentRunner$1.schedule(ParentRunner.java:79)
	at org.junit.runners.ParentRunner.runChildren(ParentRunner.java:329)
	at org.junit.runners.ParentRunner.access$100(ParentRunner.java:66)
	at org.junit.runners.ParentRunner$2.evaluate(ParentRunner.java:293)
	at org.junit.runners.ParentRunner$3.evaluate(ParentRunner.java:306)
	at org.junit.runners.ParentRunner.run(ParentRunner.java:413)
	at org.apache.maven.surefire.junit4.JUnit4Provider.execute(JUnit4Provider.java:252)
	at org.apache.maven.surefire.junit4.JUnit4Provider.executeTestSet(JUnit4Provider.java:141)
	at org.apache.maven.surefire.junit4.JUnit4Provider.invoke(JUnit4Provider.java:112)
	at java.base/jdk.internal.reflect.NativeMethodAccessorImpl.invoke0(Native Method)
	at java.base/jdk.internal.reflect.NativeMethodAccessorImpl.invoke(NativeMethodAccessorImpl.java:62)
	at java.base/jdk.internal.reflect.DelegatingMethodAccessorImpl.invoke(DelegatingMethodAccessorImpl.java:43)
	at java.base/java.lang.reflect.Method.invoke(Method.java:566)
	at org.apache.maven.surefire.util.ReflectionUtils.invokeMethodWithArray(ReflectionUtils.java:189)
	at org.apache.maven.surefire.booter.ProviderFactory$ProviderProxy.invoke(ProviderFactory.java:165)
	at org.apache.maven.surefire.booter.ProviderFactory.invokeProvider(ProviderFactory.java:85)
	at org.apache.maven.surefire.booter.ForkedBooter.runSuitesInProcess(ForkedBooter.java:115)
	at org.apache.maven.surefire.booter.ForkedBooter.main(ForkedBooter.java:75)
Caused by: java.lang.NoSuchMethodError: 'boolean com.fasterxml.jackson.databind.SerializationConfig.hasExplicitTimeZone()'
	at com.fasterxml.jackson.datatype.jsr310.ser.InstantSerializerBase.formatValue(InstantSerializerBase.java:144)
	at com.fasterxml.jackson.datatype.jsr310.ser.InstantSerializerBase.serialize(InstantSerializerBase.java:103)
	at com.fasterxml.jackson.datatype.jsr310.ser.ZonedDateTimeSerializer.serialize(ZonedDateTimeSerializer.java:79)
	at com.fasterxml.jackson.datatype.jsr310.ser.ZonedDateTimeSerializer.serialize(ZonedDateTimeSerializer.java:13)
	at com.fasterxml.jackson.databind.ser.BeanPropertyWriter.serializeAsField(BeanPropertyWriter.java:728)
	at com.fasterxml.jackson.databind.ser.std.BeanSerializerBase.serializeFields(BeanSerializerBase.java:755)
	at com.fasterxml.jackson.databind.ser.BeanSerializer.serialize(BeanSerializer.java:178)
	at com.fasterxml.jackson.databind.ser.BeanPropertyWriter.serializeAsField(BeanPropertyWriter.java:728)
	at com.fasterxml.jackson.databind.ser.std.BeanSerializerBase.serializeFields(BeanSerializerBase.java:755)
	at com.fasterxml.jackson.databind.ser.BeanSerializer.serialize(BeanSerializer.java:178)
	at com.fasterxml.jackson.databind.ser.DefaultSerializerProvider._serialize(DefaultSerializerProvider.java:480)
	at com.fasterxml.jackson.databind.ser.DefaultSerializerProvider.serializeValue(DefaultSerializerProvider.java:319)
	at com.fasterxml.jackson.databind.ObjectMapper._writeValueAndClose(ObjectMapper.java:4409)
	at com.fasterxml.jackson.databind.ObjectMapper.writeValueAsString(ObjectMapper.java:3663)
	at com.maxmind.minfraud.AbstractModel.toJson(AbstractModel.java:28)
	at com.maxmind.minfraud.WebServiceClient.requestFor(WebServiceClient.java:348)
	at com.maxmind.minfraud.WebServiceClient.responseFor(WebServiceClient.java:323)
	at com.maxmind.minfraud.WebServiceClient.insights(WebServiceClient.java:257)
	at com.maxmind.minfraud.WebServiceClientTest.createInsightsError(WebServiceClientTest.java:300)
	at com.maxmind.minfraud.WebServiceClientTest.lambda$testInvalidAuth$3(WebServiceClientTest.java:179)
	at org.junit.Assert.assertThrows(Assert.java:1001)
	... 36 more

testInvalidAuth(LICENSE_KEY_REQUIRED) [2](com.maxmind.minfraud.WebServiceClientTest)  Time elapsed: 0.043 sec  <<< FAILURE!
java.lang.AssertionError: unexpected exception type thrown; expected:<com.maxmind.minfraud.exception.AuthenticationException> but was:<java.lang.NoSuchMethodError>
	at org.junit.Assert.assertThrows(Assert.java:1020)
	at org.junit.Assert.assertThrows(Assert.java:981)
	at com.maxmind.minfraud.WebServiceClientTest.testInvalidAuth(WebServiceClientTest.java:178)
	at java.base/jdk.internal.reflect.NativeMethodAccessorImpl.invoke0(Native Method)
	at java.base/jdk.internal.reflect.NativeMethodAccessorImpl.invoke(NativeMethodAccessorImpl.java:62)
	at java.base/jdk.internal.reflect.DelegatingMethodAccessorImpl.invoke(DelegatingMethodAccessorImpl.java:43)
	at java.base/java.lang.reflect.Method.invoke(Method.java:566)
	at org.junit.runners.model.FrameworkMethod$1.runReflectiveCall(FrameworkMethod.java:59)
	at org.junit.internal.runners.model.ReflectiveCallable.run(ReflectiveCallable.java:12)
	at org.junit.runners.model.FrameworkMethod.invokeExplosively(FrameworkMethod.java:56)
	at junitparams.internal.InvokeParameterisedMethod.evaluate(InvokeParameterisedMethod.java:234)
	at com.github.tomakehurst.wiremock.junit.WireMockRule$1.evaluate(WireMockRule.java:79)
	at org.junit.runners.ParentRunner$3.evaluate(ParentRunner.java:306)
	at junitparams.internal.ParameterisedTestMethodRunner.runMethodInvoker(ParameterisedTestMethodRunner.java:47)
	at junitparams.internal.ParameterisedTestMethodRunner.runTestMethod(ParameterisedTestMethodRunner.java:40)
	at junitparams.internal.ParameterisedTestClassRunner.runParameterisedTest(ParameterisedTestClassRunner.java:146)
	at junitparams.JUnitParamsRunner.runChild(JUnitParamsRunner.java:446)
	at junitparams.JUnitParamsRunner.runChild(JUnitParamsRunner.java:393)
	at org.junit.runners.ParentRunner$4.run(ParentRunner.java:331)
	at org.junit.runners.ParentRunner$1.schedule(ParentRunner.java:79)
	at org.junit.runners.ParentRunner.runChildren(ParentRunner.java:329)
	at org.junit.runners.ParentRunner.access$100(ParentRunner.java:66)
	at org.junit.runners.ParentRunner$2.evaluate(ParentRunner.java:293)
	at org.junit.runners.ParentRunner$3.evaluate(ParentRunner.java:306)
	at org.junit.runners.ParentRunner.run(ParentRunner.java:413)
	at org.apache.maven.surefire.junit4.JUnit4Provider.execute(JUnit4Provider.java:252)
	at org.apache.maven.surefire.junit4.JUnit4Provider.executeTestSet(JUnit4Provider.java:141)
	at org.apache.maven.surefire.junit4.JUnit4Provider.invoke(JUnit4Provider.java:112)
	at java.base/jdk.internal.reflect.NativeMethodAccessorImpl.invoke0(Native Method)
	at java.base/jdk.internal.reflect.NativeMethodAccessorImpl.invoke(NativeMethodAccessorImpl.java:62)
	at java.base/jdk.internal.reflect.DelegatingMethodAccessorImpl.invoke(DelegatingMethodAccessorImpl.java:43)
	at java.base/java.lang.reflect.Method.invoke(Method.java:566)
	at org.apache.maven.surefire.util.ReflectionUtils.invokeMethodWithArray(ReflectionUtils.java:189)
	at org.apache.maven.surefire.booter.ProviderFactory$ProviderProxy.invoke(ProviderFactory.java:165)
	at org.apache.maven.surefire.booter.ProviderFactory.invokeProvider(ProviderFactory.java:85)
	at org.apache.maven.surefire.booter.ForkedBooter.runSuitesInProcess(ForkedBooter.java:115)
	at org.apache.maven.surefire.booter.ForkedBooter.main(ForkedBooter.java:75)
Caused by: java.lang.NoSuchMethodError: 'boolean com.fasterxml.jackson.databind.SerializationConfig.hasExplicitTimeZone()'
	at com.fasterxml.jackson.datatype.jsr310.ser.InstantSerializerBase.formatValue(InstantSerializerBase.java:144)
	at com.fasterxml.jackson.datatype.jsr310.ser.InstantSerializerBase.serialize(InstantSerializerBase.java:103)
	at com.fasterxml.jackson.datatype.jsr310.ser.ZonedDateTimeSerializer.serialize(ZonedDateTimeSerializer.java:79)
	at com.fasterxml.jackson.datatype.jsr310.ser.ZonedDateTimeSerializer.serialize(ZonedDateTimeSerializer.java:13)
	at com.fasterxml.jackson.databind.ser.BeanPropertyWriter.serializeAsField(BeanPropertyWriter.java:728)
	at com.fasterxml.jackson.databind.ser.std.BeanSerializerBase.serializeFields(BeanSerializerBase.java:755)
	at com.fasterxml.jackson.databind.ser.BeanSerializer.serialize(BeanSerializer.java:178)
	at com.fasterxml.jackson.databind.ser.BeanPropertyWriter.serializeAsField(BeanPropertyWriter.java:728)
	at com.fasterxml.jackson.databind.ser.std.BeanSerializerBase.serializeFields(BeanSerializerBase.java:755)
	at com.fasterxml.jackson.databind.ser.BeanSerializer.serialize(BeanSerializer.java:178)
	at com.fasterxml.jackson.databind.ser.DefaultSerializerProvider._serialize(DefaultSerializerProvider.java:480)
	at com.fasterxml.jackson.databind.ser.DefaultSerializerProvider.serializeValue(DefaultSerializerProvider.java:319)
	at com.fasterxml.jackson.databind.ObjectMapper._writeValueAndClose(ObjectMapper.java:4409)
	at com.fasterxml.jackson.databind.ObjectMapper.writeValueAsString(ObjectMapper.java:3663)
	at com.maxmind.minfraud.AbstractModel.toJson(AbstractModel.java:28)
	at com.maxmind.minfraud.WebServiceClient.requestFor(WebServiceClient.java:348)
	at com.maxmind.minfraud.WebServiceClient.responseFor(WebServiceClient.java:323)
	at com.maxmind.minfraud.WebServiceClient.insights(WebServiceClient.java:257)
	at com.maxmind.minfraud.WebServiceClientTest.createInsightsError(WebServiceClientTest.java:300)
	at com.maxmind.minfraud.WebServiceClientTest.lambda$testInvalidAuth$3(WebServiceClientTest.java:179)
	at org.junit.Assert.assertThrows(Assert.java:1001)
	... 36 more

testInvalidAuth(USER_ID_REQUIRED) [3](com.maxmind.minfraud.WebServiceClientTest)  Time elapsed: 0.035 sec  <<< FAILURE!
java.lang.AssertionError: unexpected exception type thrown; expected:<com.maxmind.minfraud.exception.AuthenticationException> but was:<java.lang.NoSuchMethodError>
	at org.junit.Assert.assertThrows(Assert.java:1020)
	at org.junit.Assert.assertThrows(Assert.java:981)
	at com.maxmind.minfraud.WebServiceClientTest.testInvalidAuth(WebServiceClientTest.java:178)
	at java.base/jdk.internal.reflect.NativeMethodAccessorImpl.invoke0(Native Method)
	at java.base/jdk.internal.reflect.NativeMethodAccessorImpl.invoke(NativeMethodAccessorImpl.java:62)
	at java.base/jdk.internal.reflect.DelegatingMethodAccessorImpl.invoke(DelegatingMethodAccessorImpl.java:43)
	at java.base/java.lang.reflect.Method.invoke(Method.java:566)
	at org.junit.runners.model.FrameworkMethod$1.runReflectiveCall(FrameworkMethod.java:59)
	at org.junit.internal.runners.model.ReflectiveCallable.run(ReflectiveCallable.java:12)
	at org.junit.runners.model.FrameworkMethod.invokeExplosively(FrameworkMethod.java:56)
	at junitparams.internal.InvokeParameterisedMethod.evaluate(InvokeParameterisedMethod.java:234)
	at com.github.tomakehurst.wiremock.junit.WireMockRule$1.evaluate(WireMockRule.java:79)
	at org.junit.runners.ParentRunner$3.evaluate(ParentRunner.java:306)
	at junitparams.internal.ParameterisedTestMethodRunner.runMethodInvoker(ParameterisedTestMethodRunner.java:47)
	at junitparams.internal.ParameterisedTestMethodRunner.runTestMethod(ParameterisedTestMethodRunner.java:40)
	at junitparams.internal.ParameterisedTestClassRunner.runParameterisedTest(ParameterisedTestClassRunner.java:146)
	at junitparams.JUnitParamsRunner.runChild(JUnitParamsRunner.java:446)
	at junitparams.JUnitParamsRunner.runChild(JUnitParamsRunner.java:393)
	at org.junit.runners.ParentRunner$4.run(ParentRunner.java:331)
	at org.junit.runners.ParentRunner$1.schedule(ParentRunner.java:79)
	at org.junit.runners.ParentRunner.runChildren(ParentRunner.java:329)
	at org.junit.runners.ParentRunner.access$100(ParentRunner.java:66)
	at org.junit.runners.ParentRunner$2.evaluate(ParentRunner.java:293)
	at org.junit.runners.ParentRunner$3.evaluate(ParentRunner.java:306)
	at org.junit.runners.ParentRunner.run(ParentRunner.java:413)
	at org.apache.maven.surefire.junit4.JUnit4Provider.execute(JUnit4Provider.java:252)
	at org.apache.maven.surefire.junit4.JUnit4Provider.executeTestSet(JUnit4Provider.java:141)
	at org.apache.maven.surefire.junit4.JUnit4Provider.invoke(JUnit4Provider.java:112)
	at java.base/jdk.internal.reflect.NativeMethodAccessorImpl.invoke0(Native Method)
	at java.base/jdk.internal.reflect.NativeMethodAccessorImpl.invoke(NativeMethodAccessorImpl.java:62)
	at java.base/jdk.internal.reflect.DelegatingMethodAccessorImpl.invoke(DelegatingMethodAccessorImpl.java:43)
	at java.base/java.lang.reflect.Method.invoke(Method.java:566)
	at org.apache.maven.surefire.util.ReflectionUtils.invokeMethodWithArray(ReflectionUtils.java:189)
	at org.apache.maven.surefire.booter.ProviderFactory$ProviderProxy.invoke(ProviderFactory.java:165)
	at org.apache.maven.surefire.booter.ProviderFactory.invokeProvider(ProviderFactory.java:85)
	at org.apache.maven.surefire.booter.ForkedBooter.runSuitesInProcess(ForkedBooter.java:115)
	at org.apache.maven.surefire.booter.ForkedBooter.main(ForkedBooter.java:75)
Caused by: java.lang.NoSuchMethodError: 'boolean com.fasterxml.jackson.databind.SerializationConfig.hasExplicitTimeZone()'
	at com.fasterxml.jackson.datatype.jsr310.ser.InstantSerializerBase.formatValue(InstantSerializerBase.java:144)
	at com.fasterxml.jackson.datatype.jsr310.ser.InstantSerializerBase.serialize(InstantSerializerBase.java:103)
	at com.fasterxml.jackson.datatype.jsr310.ser.ZonedDateTimeSerializer.serialize(ZonedDateTimeSerializer.java:79)
	at com.fasterxml.jackson.datatype.jsr310.ser.ZonedDateTimeSerializer.serialize(ZonedDateTimeSerializer.java:13)
	at com.fasterxml.jackson.databind.ser.BeanPropertyWriter.serializeAsField(BeanPropertyWriter.java:728)
	at com.fasterxml.jackson.databind.ser.std.BeanSerializerBase.serializeFields(BeanSerializerBase.java:755)
	at com.fasterxml.jackson.databind.ser.BeanSerializer.serialize(BeanSerializer.java:178)
	at com.fasterxml.jackson.databind.ser.BeanPropertyWriter.serializeAsField(BeanPropertyWriter.java:728)
	at com.fasterxml.jackson.databind.ser.std.BeanSerializerBase.serializeFields(BeanSerializerBase.java:755)
	at com.fasterxml.jackson.databind.ser.BeanSerializer.serialize(BeanSerializer.java:178)
	at com.fasterxml.jackson.databind.ser.DefaultSerializerProvider._serialize(DefaultSerializerProvider.java:480)
	at com.fasterxml.jackson.databind.ser.DefaultSerializerProvider.serializeValue(DefaultSerializerProvider.java:319)
	at com.fasterxml.jackson.databind.ObjectMapper._writeValueAndClose(ObjectMapper.java:4409)
	at com.fasterxml.jackson.databind.ObjectMapper.writeValueAsString(ObjectMapper.java:3663)
	at com.maxmind.minfraud.AbstractModel.toJson(AbstractModel.java:28)
	at com.maxmind.minfraud.WebServiceClient.requestFor(WebServiceClient.java:348)
	at com.maxmind.minfraud.WebServiceClient.responseFor(WebServiceClient.java:323)
	at com.maxmind.minfraud.WebServiceClient.insights(WebServiceClient.java:257)
	at com.maxmind.minfraud.WebServiceClientTest.createInsightsError(WebServiceClientTest.java:300)
	at com.maxmind.minfraud.WebServiceClientTest.lambda$testInvalidAuth$3(WebServiceClientTest.java:179)
	at org.junit.Assert.assertThrows(Assert.java:1001)
	... 36 more

test300(com.maxmind.minfraud.WebServiceClientTest)  Time elapsed: 0.038 sec  <<< FAILURE!
java.lang.AssertionError: unexpected exception type thrown; expected:<com.maxmind.minfraud.exception.HttpException> but was:<java.lang.NoSuchMethodError>
	at org.junit.Assert.assertThrows(Assert.java:1020)
	at org.junit.Assert.assertThrows(Assert.java:981)
	at com.maxmind.minfraud.WebServiceClientTest.test300(WebServiceClientTest.java:261)
	at java.base/jdk.internal.reflect.NativeMethodAccessorImpl.invoke0(Native Method)
	at java.base/jdk.internal.reflect.NativeMethodAccessorImpl.invoke(NativeMethodAccessorImpl.java:62)
	at java.base/jdk.internal.reflect.DelegatingMethodAccessorImpl.invoke(DelegatingMethodAccessorImpl.java:43)
	at java.base/java.lang.reflect.Method.invoke(Method.java:566)
	at org.junit.runners.model.FrameworkMethod$1.runReflectiveCall(FrameworkMethod.java:59)
	at org.junit.internal.runners.model.ReflectiveCallable.run(ReflectiveCallable.java:12)
	at org.junit.runners.model.FrameworkMethod.invokeExplosively(FrameworkMethod.java:56)
	at org.junit.internal.runners.statements.InvokeMethod.evaluate(InvokeMethod.java:17)
	at com.github.tomakehurst.wiremock.junit.WireMockRule$1.evaluate(WireMockRule.java:79)
	at org.junit.runners.ParentRunner$3.evaluate(ParentRunner.java:306)
	at org.junit.runners.BlockJUnit4ClassRunner$1.evaluate(BlockJUnit4ClassRunner.java:100)
	at org.junit.runners.ParentRunner.runLeaf(ParentRunner.java:366)
	at org.junit.runners.BlockJUnit4ClassRunner.runChild(BlockJUnit4ClassRunner.java:103)
	at junitparams.JUnitParamsRunner.runChild(JUnitParamsRunner.java:449)
	at junitparams.JUnitParamsRunner.runChild(JUnitParamsRunner.java:393)
	at org.junit.runners.ParentRunner$4.run(ParentRunner.java:331)
	at org.junit.runners.ParentRunner$1.schedule(ParentRunner.java:79)
	at org.junit.runners.ParentRunner.runChildren(ParentRunner.java:329)
	at org.junit.runners.ParentRunner.access$100(ParentRunner.java:66)
	at org.junit.runners.ParentRunner$2.evaluate(ParentRunner.java:293)
	at org.junit.runners.ParentRunner$3.evaluate(ParentRunner.java:306)
	at org.junit.runners.ParentRunner.run(ParentRunner.java:413)
	at org.apache.maven.surefire.junit4.JUnit4Provider.execute(JUnit4Provider.java:252)
	at org.apache.maven.surefire.junit4.JUnit4Provider.executeTestSet(JUnit4Provider.java:141)
	at org.apache.maven.surefire.junit4.JUnit4Provider.invoke(JUnit4Provider.java:112)
	at java.base/jdk.internal.reflect.NativeMethodAccessorImpl.invoke0(Native Method)
	at java.base/jdk.internal.reflect.NativeMethodAccessorImpl.invoke(NativeMethodAccessorImpl.java:62)
	at java.base/jdk.internal.reflect.DelegatingMethodAccessorImpl.invoke(DelegatingMethodAccessorImpl.java:43)
	at java.base/java.lang.reflect.Method.invoke(Method.java:566)
	at org.apache.maven.surefire.util.ReflectionUtils.invokeMethodWithArray(ReflectionUtils.java:189)
	at org.apache.maven.surefire.booter.ProviderFactory$ProviderProxy.invoke(ProviderFactory.java:165)
	at org.apache.maven.surefire.booter.ProviderFactory.invokeProvider(ProviderFactory.java:85)
	at org.apache.maven.surefire.booter.ForkedBooter.runSuitesInProcess(ForkedBooter.java:115)
	at org.apache.maven.surefire.booter.ForkedBooter.main(ForkedBooter.java:75)
Caused by: java.lang.NoSuchMethodError: 'boolean com.fasterxml.jackson.databind.SerializationConfig.hasExplicitTimeZone()'
	at com.fasterxml.jackson.datatype.jsr310.ser.InstantSerializerBase.formatValue(InstantSerializerBase.java:144)
	at com.fasterxml.jackson.datatype.jsr310.ser.InstantSerializerBase.serialize(InstantSerializerBase.java:103)
	at com.fasterxml.jackson.datatype.jsr310.ser.ZonedDateTimeSerializer.serialize(ZonedDateTimeSerializer.java:79)
	at com.fasterxml.jackson.datatype.jsr310.ser.ZonedDateTimeSerializer.serialize(ZonedDateTimeSerializer.java:13)
	at com.fasterxml.jackson.databind.ser.BeanPropertyWriter.serializeAsField(BeanPropertyWriter.java:728)
	at com.fasterxml.jackson.databind.ser.std.BeanSerializerBase.serializeFields(BeanSerializerBase.java:755)
	at com.fasterxml.jackson.databind.ser.BeanSerializer.serialize(BeanSerializer.java:178)
	at com.fasterxml.jackson.databind.ser.BeanPropertyWriter.serializeAsField(BeanPropertyWriter.java:728)
	at com.fasterxml.jackson.databind.ser.std.BeanSerializerBase.serializeFields(BeanSerializerBase.java:755)
	at com.fasterxml.jackson.databind.ser.BeanSerializer.serialize(BeanSerializer.java:178)
	at com.fasterxml.jackson.databind.ser.DefaultSerializerProvider._serialize(DefaultSerializerProvider.java:480)
	at com.fasterxml.jackson.databind.ser.DefaultSerializerProvider.serializeValue(DefaultSerializerProvider.java:319)
	at com.fasterxml.jackson.databind.ObjectMapper._writeValueAndClose(ObjectMapper.java:4409)
	at com.fasterxml.jackson.databind.ObjectMapper.writeValueAsString(ObjectMapper.java:3663)
	at com.maxmind.minfraud.AbstractModel.toJson(AbstractModel.java:28)
	at com.maxmind.minfraud.WebServiceClient.requestFor(WebServiceClient.java:348)
	at com.maxmind.minfraud.WebServiceClient.responseFor(WebServiceClient.java:323)
	at com.maxmind.minfraud.WebServiceClient.insights(WebServiceClient.java:257)
	at com.maxmind.minfraud.WebServiceClientTest.createInsightsError(WebServiceClientTest.java:300)
	at com.maxmind.minfraud.WebServiceClientTest.lambda$test300$10(WebServiceClientTest.java:262)
	at org.junit.Assert.assertThrows(Assert.java:1001)
	... 36 more

test500(com.maxmind.minfraud.WebServiceClientTest)  Time elapsed: 0.061 sec  <<< FAILURE!
java.lang.AssertionError: unexpected exception type thrown; expected:<com.maxmind.minfraud.exception.HttpException> but was:<java.lang.NoSuchMethodError>
	at org.junit.Assert.assertThrows(Assert.java:1020)
	at org.junit.Assert.assertThrows(Assert.java:981)
	at com.maxmind.minfraud.WebServiceClientTest.test500(WebServiceClientTest.java:274)
	at java.base/jdk.internal.reflect.NativeMethodAccessorImpl.invoke0(Native Method)
	at java.base/jdk.internal.reflect.NativeMethodAccessorImpl.invoke(NativeMethodAccessorImpl.java:62)
	at java.base/jdk.internal.reflect.DelegatingMethodAccessorImpl.invoke(DelegatingMethodAccessorImpl.java:43)
	at java.base/java.lang.reflect.Method.invoke(Method.java:566)
	at org.junit.runners.model.FrameworkMethod$1.runReflectiveCall(FrameworkMethod.java:59)
	at org.junit.internal.runners.model.ReflectiveCallable.run(ReflectiveCallable.java:12)
	at org.junit.runners.model.FrameworkMethod.invokeExplosively(FrameworkMethod.java:56)
	at org.junit.internal.runners.statements.InvokeMethod.evaluate(InvokeMethod.java:17)
	at com.github.tomakehurst.wiremock.junit.WireMockRule$1.evaluate(WireMockRule.java:79)
	at org.junit.runners.ParentRunner$3.evaluate(ParentRunner.java:306)
	at org.junit.runners.BlockJUnit4ClassRunner$1.evaluate(BlockJUnit4ClassRunner.java:100)
	at org.junit.runners.ParentRunner.runLeaf(ParentRunner.java:366)
	at org.junit.runners.BlockJUnit4ClassRunner.runChild(BlockJUnit4ClassRunner.java:103)
	at junitparams.JUnitParamsRunner.runChild(JUnitParamsRunner.java:449)
	at junitparams.JUnitParamsRunner.runChild(JUnitParamsRunner.java:393)
	at org.junit.runners.ParentRunner$4.run(ParentRunner.java:331)
	at org.junit.runners.ParentRunner$1.schedule(ParentRunner.java:79)
	at org.junit.runners.ParentRunner.runChildren(ParentRunner.java:329)
	at org.junit.runners.ParentRunner.access$100(ParentRunner.java:66)
	at org.junit.runners.ParentRunner$2.evaluate(ParentRunner.java:293)
	at org.junit.runners.ParentRunner$3.evaluate(ParentRunner.java:306)
	at org.junit.runners.ParentRunner.run(ParentRunner.java:413)
	at org.apache.maven.surefire.junit4.JUnit4Provider.execute(JUnit4Provider.java:252)
	at org.apache.maven.surefire.junit4.JUnit4Provider.executeTestSet(JUnit4Provider.java:141)
	at org.apache.maven.surefire.junit4.JUnit4Provider.invoke(JUnit4Provider.java:112)
	at java.base/jdk.internal.reflect.NativeMethodAccessorImpl.invoke0(Native Method)
	at java.base/jdk.internal.reflect.NativeMethodAccessorImpl.invoke(NativeMethodAccessorImpl.java:62)
	at java.base/jdk.internal.reflect.DelegatingMethodAccessorImpl.invoke(DelegatingMethodAccessorImpl.java:43)
	at java.base/java.lang.reflect.Method.invoke(Method.java:566)
	at org.apache.maven.surefire.util.ReflectionUtils.invokeMethodWithArray(ReflectionUtils.java:189)
	at org.apache.maven.surefire.booter.ProviderFactory$ProviderProxy.invoke(ProviderFactory.java:165)
	at org.apache.maven.surefire.booter.ProviderFactory.invokeProvider(ProviderFactory.java:85)
	at org.apache.maven.surefire.booter.ForkedBooter.runSuitesInProcess(ForkedBooter.java:115)
	at org.apache.maven.surefire.booter.ForkedBooter.main(ForkedBooter.java:75)
Caused by: java.lang.NoSuchMethodError: 'boolean com.fasterxml.jackson.databind.SerializationConfig.hasExplicitTimeZone()'
	at com.fasterxml.jackson.datatype.jsr310.ser.InstantSerializerBase.formatValue(InstantSerializerBase.java:144)
	at com.fasterxml.jackson.datatype.jsr310.ser.InstantSerializerBase.serialize(InstantSerializerBase.java:103)
	at com.fasterxml.jackson.datatype.jsr310.ser.ZonedDateTimeSerializer.serialize(ZonedDateTimeSerializer.java:79)
	at com.fasterxml.jackson.datatype.jsr310.ser.ZonedDateTimeSerializer.serialize(ZonedDateTimeSerializer.java:13)
	at com.fasterxml.jackson.databind.ser.BeanPropertyWriter.serializeAsField(BeanPropertyWriter.java:728)
	at com.fasterxml.jackson.databind.ser.std.BeanSerializerBase.serializeFields(BeanSerializerBase.java:755)
	at com.fasterxml.jackson.databind.ser.BeanSerializer.serialize(BeanSerializer.java:178)
	at com.fasterxml.jackson.databind.ser.BeanPropertyWriter.serializeAsField(BeanPropertyWriter.java:728)
	at com.fasterxml.jackson.databind.ser.std.BeanSerializerBase.serializeFields(BeanSerializerBase.java:755)
	at com.fasterxml.jackson.databind.ser.BeanSerializer.serialize(BeanSerializer.java:178)
	at com.fasterxml.jackson.databind.ser.DefaultSerializerProvider._serialize(DefaultSerializerProvider.java:480)
	at com.fasterxml.jackson.databind.ser.DefaultSerializerProvider.serializeValue(DefaultSerializerProvider.java:319)
	at com.fasterxml.jackson.databind.ObjectMapper._writeValueAndClose(ObjectMapper.java:4409)
	at com.fasterxml.jackson.databind.ObjectMapper.writeValueAsString(ObjectMapper.java:3663)
	at com.maxmind.minfraud.AbstractModel.toJson(AbstractModel.java:28)
	at com.maxmind.minfraud.WebServiceClient.requestFor(WebServiceClient.java:348)
	at com.maxmind.minfraud.WebServiceClient.responseFor(WebServiceClient.java:323)
	at com.maxmind.minfraud.WebServiceClient.insights(WebServiceClient.java:257)
	at com.maxmind.minfraud.WebServiceClientTest.createInsightsError(WebServiceClientTest.java:300)
	at com.maxmind.minfraud.WebServiceClientTest.lambda$test500$11(WebServiceClientTest.java:275)
	at org.junit.Assert.assertThrows(Assert.java:1001)
	... 36 more

testInsufficientCredit(com.maxmind.minfraud.WebServiceClientTest)  Time elapsed: 0.041 sec  <<< FAILURE!
java.lang.AssertionError: unexpected exception type thrown; expected:<com.maxmind.minfraud.exception.InsufficientFundsException> but was:<java.lang.NoSuchMethodError>
	at org.junit.Assert.assertThrows(Assert.java:1020)
	at org.junit.Assert.assertThrows(Assert.java:981)
	at com.maxmind.minfraud.WebServiceClientTest.testInsufficientCredit(WebServiceClientTest.java:163)
	at java.base/jdk.internal.reflect.NativeMethodAccessorImpl.invoke0(Native Method)
	at java.base/jdk.internal.reflect.NativeMethodAccessorImpl.invoke(NativeMethodAccessorImpl.java:62)
	at java.base/jdk.internal.reflect.DelegatingMethodAccessorImpl.invoke(DelegatingMethodAccessorImpl.java:43)
	at java.base/java.lang.reflect.Method.invoke(Method.java:566)
	at org.junit.runners.model.FrameworkMethod$1.runReflectiveCall(FrameworkMethod.java:59)
	at org.junit.internal.runners.model.ReflectiveCallable.run(ReflectiveCallable.java:12)
	at org.junit.runners.model.FrameworkMethod.invokeExplosively(FrameworkMethod.java:56)
	at org.junit.internal.runners.statements.InvokeMethod.evaluate(InvokeMethod.java:17)
	at com.github.tomakehurst.wiremock.junit.WireMockRule$1.evaluate(WireMockRule.java:79)
	at org.junit.runners.ParentRunner$3.evaluate(ParentRunner.java:306)
	at org.junit.runners.BlockJUnit4ClassRunner$1.evaluate(BlockJUnit4ClassRunner.java:100)
	at org.junit.runners.ParentRunner.runLeaf(ParentRunner.java:366)
	at org.junit.runners.BlockJUnit4ClassRunner.runChild(BlockJUnit4ClassRunner.java:103)
	at junitparams.JUnitParamsRunner.runChild(JUnitParamsRunner.java:449)
	at junitparams.JUnitParamsRunner.runChild(JUnitParamsRunner.java:393)
	at org.junit.runners.ParentRunner$4.run(ParentRunner.java:331)
	at org.junit.runners.ParentRunner$1.schedule(ParentRunner.java:79)
	at org.junit.runners.ParentRunner.runChildren(ParentRunner.java:329)
	at org.junit.runners.ParentRunner.access$100(ParentRunner.java:66)
	at org.junit.runners.ParentRunner$2.evaluate(ParentRunner.java:293)
	at org.junit.runners.ParentRunner$3.evaluate(ParentRunner.java:306)
	at org.junit.runners.ParentRunner.run(ParentRunner.java:413)
	at org.apache.maven.surefire.junit4.JUnit4Provider.execute(JUnit4Provider.java:252)
	at org.apache.maven.surefire.junit4.JUnit4Provider.executeTestSet(JUnit4Provider.java:141)
	at org.apache.maven.surefire.junit4.JUnit4Provider.invoke(JUnit4Provider.java:112)
	at java.base/jdk.internal.reflect.NativeMethodAccessorImpl.invoke0(Native Method)
	at java.base/jdk.internal.reflect.NativeMethodAccessorImpl.invoke(NativeMethodAccessorImpl.java:62)
	at java.base/jdk.internal.reflect.DelegatingMethodAccessorImpl.invoke(DelegatingMethodAccessorImpl.java:43)
	at java.base/java.lang.reflect.Method.invoke(Method.java:566)
	at org.apache.maven.surefire.util.ReflectionUtils.invokeMethodWithArray(ReflectionUtils.java:189)
	at org.apache.maven.surefire.booter.ProviderFactory$ProviderProxy.invoke(ProviderFactory.java:165)
	at org.apache.maven.surefire.booter.ProviderFactory.invokeProvider(ProviderFactory.java:85)
	at org.apache.maven.surefire.booter.ForkedBooter.runSuitesInProcess(ForkedBooter.java:115)
	at org.apache.maven.surefire.booter.ForkedBooter.main(ForkedBooter.java:75)
Caused by: java.lang.NoSuchMethodError: 'boolean com.fasterxml.jackson.databind.SerializationConfig.hasExplicitTimeZone()'
	at com.fasterxml.jackson.datatype.jsr310.ser.InstantSerializerBase.formatValue(InstantSerializerBase.java:144)
	at com.fasterxml.jackson.datatype.jsr310.ser.InstantSerializerBase.serialize(InstantSerializerBase.java:103)
	at com.fasterxml.jackson.datatype.jsr310.ser.ZonedDateTimeSerializer.serialize(ZonedDateTimeSerializer.java:79)
	at com.fasterxml.jackson.datatype.jsr310.ser.ZonedDateTimeSerializer.serialize(ZonedDateTimeSerializer.java:13)
	at com.fasterxml.jackson.databind.ser.BeanPropertyWriter.serializeAsField(BeanPropertyWriter.java:728)
	at com.fasterxml.jackson.databind.ser.std.BeanSerializerBase.serializeFields(BeanSerializerBase.java:755)
	at com.fasterxml.jackson.databind.ser.BeanSerializer.serialize(BeanSerializer.java:178)
	at com.fasterxml.jackson.databind.ser.BeanPropertyWriter.serializeAsField(BeanPropertyWriter.java:728)
	at com.fasterxml.jackson.databind.ser.std.BeanSerializerBase.serializeFields(BeanSerializerBase.java:755)
	at com.fasterxml.jackson.databind.ser.BeanSerializer.serialize(BeanSerializer.java:178)
	at com.fasterxml.jackson.databind.ser.DefaultSerializerProvider._serialize(DefaultSerializerProvider.java:480)
	at com.fasterxml.jackson.databind.ser.DefaultSerializerProvider.serializeValue(DefaultSerializerProvider.java:319)
	at com.fasterxml.jackson.databind.ObjectMapper._writeValueAndClose(ObjectMapper.java:4409)
	at com.fasterxml.jackson.databind.ObjectMapper.writeValueAsString(ObjectMapper.java:3663)
	at com.maxmind.minfraud.AbstractModel.toJson(AbstractModel.java:28)
	at com.maxmind.minfraud.WebServiceClient.requestFor(WebServiceClient.java:348)
	at com.maxmind.minfraud.WebServiceClient.responseFor(WebServiceClient.java:323)
	at com.maxmind.minfraud.WebServiceClient.insights(WebServiceClient.java:257)
	at com.maxmind.minfraud.WebServiceClientTest.createInsightsError(WebServiceClientTest.java:300)
	at com.maxmind.minfraud.WebServiceClientTest.lambda$testInsufficientCredit$2(WebServiceClientTest.java:163)
	at org.junit.Assert.assertThrows(Assert.java:1001)
	... 36 more

testFullScoreTransaction(com.maxmind.minfraud.WebServiceClientTest)  Time elapsed: 0.04 sec  <<< ERROR!
java.lang.NoSuchMethodError: 'boolean com.fasterxml.jackson.databind.SerializationConfig.hasExplicitTimeZone()'
	at com.fasterxml.jackson.datatype.jsr310.ser.InstantSerializerBase.formatValue(InstantSerializerBase.java:144)
	at com.fasterxml.jackson.datatype.jsr310.ser.InstantSerializerBase.serialize(InstantSerializerBase.java:103)
	at com.fasterxml.jackson.datatype.jsr310.ser.ZonedDateTimeSerializer.serialize(ZonedDateTimeSerializer.java:79)
	at com.fasterxml.jackson.datatype.jsr310.ser.ZonedDateTimeSerializer.serialize(ZonedDateTimeSerializer.java:13)
	at com.fasterxml.jackson.databind.ser.BeanPropertyWriter.serializeAsField(BeanPropertyWriter.java:728)
	at com.fasterxml.jackson.databind.ser.std.BeanSerializerBase.serializeFields(BeanSerializerBase.java:755)
	at com.fasterxml.jackson.databind.ser.BeanSerializer.serialize(BeanSerializer.java:178)
	at com.fasterxml.jackson.databind.ser.BeanPropertyWriter.serializeAsField(BeanPropertyWriter.java:728)
	at com.fasterxml.jackson.databind.ser.std.BeanSerializerBase.serializeFields(BeanSerializerBase.java:755)
	at com.fasterxml.jackson.databind.ser.BeanSerializer.serialize(BeanSerializer.java:178)
	at com.fasterxml.jackson.databind.ser.DefaultSerializerProvider._serialize(DefaultSerializerProvider.java:480)
	at com.fasterxml.jackson.databind.ser.DefaultSerializerProvider.serializeValue(DefaultSerializerProvider.java:319)
	at com.fasterxml.jackson.databind.ObjectMapper._writeValueAndClose(ObjectMapper.java:4409)
	at com.fasterxml.jackson.databind.ObjectMapper.writeValueAsString(ObjectMapper.java:3663)
	at com.maxmind.minfraud.AbstractModel.toJson(AbstractModel.java:28)
	at com.maxmind.minfraud.WebServiceClient.requestFor(WebServiceClient.java:348)
	at com.maxmind.minfraud.WebServiceClient.responseFor(WebServiceClient.java:323)
	at com.maxmind.minfraud.WebServiceClient.score(WebServiceClient.java:282)
	at com.maxmind.minfraud.WebServiceClientTest.testFullScoreTransaction(WebServiceClientTest.java:46)
	at java.base/jdk.internal.reflect.NativeMethodAccessorImpl.invoke0(Native Method)
	at java.base/jdk.internal.reflect.NativeMethodAccessorImpl.invoke(NativeMethodAccessorImpl.java:62)
	at java.base/jdk.internal.reflect.DelegatingMethodAccessorImpl.invoke(DelegatingMethodAccessorImpl.java:43)
	at java.base/java.lang.reflect.Method.invoke(Method.java:566)
	at org.junit.runners.model.FrameworkMethod$1.runReflectiveCall(FrameworkMethod.java:59)
	at org.junit.internal.runners.model.ReflectiveCallable.run(ReflectiveCallable.java:12)
	at org.junit.runners.model.FrameworkMethod.invokeExplosively(FrameworkMethod.java:56)
	at org.junit.internal.runners.statements.InvokeMethod.evaluate(InvokeMethod.java:17)
	at com.github.tomakehurst.wiremock.junit.WireMockRule$1.evaluate(WireMockRule.java:79)
	at org.junit.runners.ParentRunner$3.evaluate(ParentRunner.java:306)
	at org.junit.runners.BlockJUnit4ClassRunner$1.evaluate(BlockJUnit4ClassRunner.java:100)
	at org.junit.runners.ParentRunner.runLeaf(ParentRunner.java:366)
	at org.junit.runners.BlockJUnit4ClassRunner.runChild(BlockJUnit4ClassRunner.java:103)
	at junitparams.JUnitParamsRunner.runChild(JUnitParamsRunner.java:449)
	at junitparams.JUnitParamsRunner.runChild(JUnitParamsRunner.java:393)
	at org.junit.runners.ParentRunner$4.run(ParentRunner.java:331)
	at org.junit.runners.ParentRunner$1.schedule(ParentRunner.java:79)
	at org.junit.runners.ParentRunner.runChildren(ParentRunner.java:329)
	at org.junit.runners.ParentRunner.access$100(ParentRunner.java:66)
	at org.junit.runners.ParentRunner$2.evaluate(ParentRunner.java:293)
	at org.junit.runners.ParentRunner$3.evaluate(ParentRunner.java:306)
	at org.junit.runners.ParentRunner.run(ParentRunner.java:413)
	at org.apache.maven.surefire.junit4.JUnit4Provider.execute(JUnit4Provider.java:252)
	at org.apache.maven.surefire.junit4.JUnit4Provider.executeTestSet(JUnit4Provider.java:141)
	at org.apache.maven.surefire.junit4.JUnit4Provider.invoke(JUnit4Provider.java:112)
	at java.base/jdk.internal.reflect.NativeMethodAccessorImpl.invoke0(Native Method)
	at java.base/jdk.internal.reflect.NativeMethodAccessorImpl.invoke(NativeMethodAccessorImpl.java:62)
	at java.base/jdk.internal.reflect.DelegatingMethodAccessorImpl.invoke(DelegatingMethodAccessorImpl.java:43)
	at java.base/java.lang.reflect.Method.invoke(Method.java:566)
	at org.apache.maven.surefire.util.ReflectionUtils.invokeMethodWithArray(ReflectionUtils.java:189)
	at org.apache.maven.surefire.booter.ProviderFactory$ProviderProxy.invoke(ProviderFactory.java:165)
	at org.apache.maven.surefire.booter.ProviderFactory.invokeProvider(ProviderFactory.java:85)
	at org.apache.maven.surefire.booter.ForkedBooter.runSuitesInProcess(ForkedBooter.java:115)
	at org.apache.maven.surefire.booter.ForkedBooter.main(ForkedBooter.java:75)

testInvalidRequest(com.maxmind.minfraud.WebServiceClientTest)  Time elapsed: 0.032 sec  <<< FAILURE!
java.lang.AssertionError: unexpected exception type thrown; expected:<com.maxmind.minfraud.exception.InvalidRequestException> but was:<java.lang.NoSuchMethodError>
	at org.junit.Assert.assertThrows(Assert.java:1020)
	at org.junit.Assert.assertThrows(Assert.java:981)
	at com.maxmind.minfraud.WebServiceClientTest.testInvalidRequest(WebServiceClientTest.java:200)
	at java.base/jdk.internal.reflect.NativeMethodAccessorImpl.invoke0(Native Method)
	at java.base/jdk.internal.reflect.NativeMethodAccessorImpl.invoke(NativeMethodAccessorImpl.java:62)
	at java.base/jdk.internal.reflect.DelegatingMethodAccessorImpl.invoke(DelegatingMethodAccessorImpl.java:43)
	at java.base/java.lang.reflect.Method.invoke(Method.java:566)
	at org.junit.runners.model.FrameworkMethod$1.runReflectiveCall(FrameworkMethod.java:59)
	at org.junit.internal.runners.model.ReflectiveCallable.run(ReflectiveCallable.java:12)
	at org.junit.runners.model.FrameworkMethod.invokeExplosively(FrameworkMethod.java:56)
	at org.junit.internal.runners.statements.InvokeMethod.evaluate(InvokeMethod.java:17)
	at com.github.tomakehurst.wiremock.junit.WireMockRule$1.evaluate(WireMockRule.java:79)
	at org.junit.runners.ParentRunner$3.evaluate(ParentRunner.java:306)
	at org.junit.runners.BlockJUnit4ClassRunner$1.evaluate(BlockJUnit4ClassRunner.java:100)
	at org.junit.runners.ParentRunner.runLeaf(ParentRunner.java:366)
	at org.junit.runners.BlockJUnit4ClassRunner.runChild(BlockJUnit4ClassRunner.java:103)
	at junitparams.JUnitParamsRunner.runChild(JUnitParamsRunner.java:449)
	at junitparams.JUnitParamsRunner.runChild(JUnitParamsRunner.java:393)
	at org.junit.runners.ParentRunner$4.run(ParentRunner.java:331)
	at org.junit.runners.ParentRunner$1.schedule(ParentRunner.java:79)
	at org.junit.runners.ParentRunner.runChildren(ParentRunner.java:329)
	at org.junit.runners.ParentRunner.access$100(ParentRunner.java:66)
	at org.junit.runners.ParentRunner$2.evaluate(ParentRunner.java:293)
	at org.junit.runners.ParentRunner$3.evaluate(ParentRunner.java:306)
	at org.junit.runners.ParentRunner.run(ParentRunner.java:413)
	at org.apache.maven.surefire.junit4.JUnit4Provider.execute(JUnit4Provider.java:252)
	at org.apache.maven.surefire.junit4.JUnit4Provider.executeTestSet(JUnit4Provider.java:141)
	at org.apache.maven.surefire.junit4.JUnit4Provider.invoke(JUnit4Provider.java:112)
	at java.base/jdk.internal.reflect.NativeMethodAccessorImpl.invoke0(Native Method)
	at java.base/jdk.internal.reflect.NativeMethodAccessorImpl.invoke(NativeMethodAccessorImpl.java:62)
	at java.base/jdk.internal.reflect.DelegatingMethodAccessorImpl.invoke(DelegatingMethodAccessorImpl.java:43)
	at java.base/java.lang.reflect.Method.invoke(Method.java:566)
	at org.apache.maven.surefire.util.ReflectionUtils.invokeMethodWithArray(ReflectionUtils.java:189)
	at org.apache.maven.surefire.booter.ProviderFactory$ProviderProxy.invoke(ProviderFactory.java:165)
	at org.apache.maven.surefire.booter.ProviderFactory.invokeProvider(ProviderFactory.java:85)
	at org.apache.maven.surefire.booter.ForkedBooter.runSuitesInProcess(ForkedBooter.java:115)
	at org.apache.maven.surefire.booter.ForkedBooter.main(ForkedBooter.java:75)
Caused by: java.lang.NoSuchMethodError: 'boolean com.fasterxml.jackson.databind.SerializationConfig.hasExplicitTimeZone()'
	at com.fasterxml.jackson.datatype.jsr310.ser.InstantSerializerBase.formatValue(InstantSerializerBase.java:144)
	at com.fasterxml.jackson.datatype.jsr310.ser.InstantSerializerBase.serialize(InstantSerializerBase.java:103)
	at com.fasterxml.jackson.datatype.jsr310.ser.ZonedDateTimeSerializer.serialize(ZonedDateTimeSerializer.java:79)
	at com.fasterxml.jackson.datatype.jsr310.ser.ZonedDateTimeSerializer.serialize(ZonedDateTimeSerializer.java:13)
	at com.fasterxml.jackson.databind.ser.BeanPropertyWriter.serializeAsField(BeanPropertyWriter.java:728)
	at com.fasterxml.jackson.databind.ser.std.BeanSerializerBase.serializeFields(BeanSerializerBase.java:755)
	at com.fasterxml.jackson.databind.ser.BeanSerializer.serialize(BeanSerializer.java:178)
	at com.fasterxml.jackson.databind.ser.BeanPropertyWriter.serializeAsField(BeanPropertyWriter.java:728)
	at com.fasterxml.jackson.databind.ser.std.BeanSerializerBase.serializeFields(BeanSerializerBase.java:755)
	at com.fasterxml.jackson.databind.ser.BeanSerializer.serialize(BeanSerializer.java:178)
	at com.fasterxml.jackson.databind.ser.DefaultSerializerProvider._serialize(DefaultSerializerProvider.java:480)
	at com.fasterxml.jackson.databind.ser.DefaultSerializerProvider.serializeValue(DefaultSerializerProvider.java:319)
	at com.fasterxml.jackson.databind.ObjectMapper._writeValueAndClose(ObjectMapper.java:4409)
	at com.fasterxml.jackson.databind.ObjectMapper.writeValueAsString(ObjectMapper.java:3663)
	at com.maxmind.minfraud.AbstractModel.toJson(AbstractModel.java:28)
	at com.maxmind.minfraud.WebServiceClient.requestFor(WebServiceClient.java:348)
	at com.maxmind.minfraud.WebServiceClient.responseFor(WebServiceClient.java:323)
	at com.maxmind.minfraud.WebServiceClient.insights(WebServiceClient.java:257)
	at com.maxmind.minfraud.WebServiceClientTest.createInsightsError(WebServiceClientTest.java:300)
	at com.maxmind.minfraud.WebServiceClientTest.lambda$testInvalidRequest$5(WebServiceClientTest.java:201)
	at org.junit.Assert.assertThrows(Assert.java:1001)
	... 36 more

testPermissionRequired(com.maxmind.minfraud.WebServiceClientTest)  Time elapsed: 0.035 sec  <<< FAILURE!
java.lang.AssertionError: unexpected exception type thrown; expected:<com.maxmind.minfraud.exception.PermissionRequiredException> but was:<java.lang.NoSuchMethodError>
	at org.junit.Assert.assertThrows(Assert.java:1020)
	at org.junit.Assert.assertThrows(Assert.java:981)
	at com.maxmind.minfraud.WebServiceClientTest.testPermissionRequired(WebServiceClientTest.java:190)
	at java.base/jdk.internal.reflect.NativeMethodAccessorImpl.invoke0(Native Method)
	at java.base/jdk.internal.reflect.NativeMethodAccessorImpl.invoke(NativeMethodAccessorImpl.java:62)
	at java.base/jdk.internal.reflect.DelegatingMethodAccessorImpl.invoke(DelegatingMethodAccessorImpl.java:43)
	at java.base/java.lang.reflect.Method.invoke(Method.java:566)
	at org.junit.runners.model.FrameworkMethod$1.runReflectiveCall(FrameworkMethod.java:59)
	at org.junit.internal.runners.model.ReflectiveCallable.run(ReflectiveCallable.java:12)
	at org.junit.runners.model.FrameworkMethod.invokeExplosively(FrameworkMethod.java:56)
	at org.junit.internal.runners.statements.InvokeMethod.evaluate(InvokeMethod.java:17)
	at com.github.tomakehurst.wiremock.junit.WireMockRule$1.evaluate(WireMockRule.java:79)
	at org.junit.runners.ParentRunner$3.evaluate(ParentRunner.java:306)
	at org.junit.runners.BlockJUnit4ClassRunner$1.evaluate(BlockJUnit4ClassRunner.java:100)
	at org.junit.runners.ParentRunner.runLeaf(ParentRunner.java:366)
	at org.junit.runners.BlockJUnit4ClassRunner.runChild(BlockJUnit4ClassRunner.java:103)
	at junitparams.JUnitParamsRunner.runChild(JUnitParamsRunner.java:449)
	at junitparams.JUnitParamsRunner.runChild(JUnitParamsRunner.java:393)
	at org.junit.runners.ParentRunner$4.run(ParentRunner.java:331)
	at org.junit.runners.ParentRunner$1.schedule(ParentRunner.java:79)
	at org.junit.runners.ParentRunner.runChildren(ParentRunner.java:329)
	at org.junit.runners.ParentRunner.access$100(ParentRunner.java:66)
	at org.junit.runners.ParentRunner$2.evaluate(ParentRunner.java:293)
	at org.junit.runners.ParentRunner$3.evaluate(ParentRunner.java:306)
	at org.junit.runners.ParentRunner.run(ParentRunner.java:413)
	at org.apache.maven.surefire.junit4.JUnit4Provider.execute(JUnit4Provider.java:252)
	at org.apache.maven.surefire.junit4.JUnit4Provider.executeTestSet(JUnit4Provider.java:141)
	at org.apache.maven.surefire.junit4.JUnit4Provider.invoke(JUnit4Provider.java:112)
	at java.base/jdk.internal.reflect.NativeMethodAccessorImpl.invoke0(Native Method)
	at java.base/jdk.internal.reflect.NativeMethodAccessorImpl.invoke(NativeMethodAccessorImpl.java:62)
	at java.base/jdk.internal.reflect.DelegatingMethodAccessorImpl.invoke(DelegatingMethodAccessorImpl.java:43)
	at java.base/java.lang.reflect.Method.invoke(Method.java:566)
	at org.apache.maven.surefire.util.ReflectionUtils.invokeMethodWithArray(ReflectionUtils.java:189)
	at org.apache.maven.surefire.booter.ProviderFactory$ProviderProxy.invoke(ProviderFactory.java:165)
	at org.apache.maven.surefire.booter.ProviderFactory.invokeProvider(ProviderFactory.java:85)
	at org.apache.maven.surefire.booter.ForkedBooter.runSuitesInProcess(ForkedBooter.java:115)
	at org.apache.maven.surefire.booter.ForkedBooter.main(ForkedBooter.java:75)
Caused by: java.lang.NoSuchMethodError: 'boolean com.fasterxml.jackson.databind.SerializationConfig.hasExplicitTimeZone()'
	at com.fasterxml.jackson.datatype.jsr310.ser.InstantSerializerBase.formatValue(InstantSerializerBase.java:144)
	at com.fasterxml.jackson.datatype.jsr310.ser.InstantSerializerBase.serialize(InstantSerializerBase.java:103)
	at com.fasterxml.jackson.datatype.jsr310.ser.ZonedDateTimeSerializer.serialize(ZonedDateTimeSerializer.java:79)
	at com.fasterxml.jackson.datatype.jsr310.ser.ZonedDateTimeSerializer.serialize(ZonedDateTimeSerializer.java:13)
	at com.fasterxml.jackson.databind.ser.BeanPropertyWriter.serializeAsField(BeanPropertyWriter.java:728)
	at com.fasterxml.jackson.databind.ser.std.BeanSerializerBase.serializeFields(BeanSerializerBase.java:755)
	at com.fasterxml.jackson.databind.ser.BeanSerializer.serialize(BeanSerializer.java:178)
	at com.fasterxml.jackson.databind.ser.BeanPropertyWriter.serializeAsField(BeanPropertyWriter.java:728)
	at com.fasterxml.jackson.databind.ser.std.BeanSerializerBase.serializeFields(BeanSerializerBase.java:755)
	at com.fasterxml.jackson.databind.ser.BeanSerializer.serialize(BeanSerializer.java:178)
	at com.fasterxml.jackson.databind.ser.DefaultSerializerProvider._serialize(DefaultSerializerProvider.java:480)
	at com.fasterxml.jackson.databind.ser.DefaultSerializerProvider.serializeValue(DefaultSerializerProvider.java:319)
	at com.fasterxml.jackson.databind.ObjectMapper._writeValueAndClose(ObjectMapper.java:4409)
	at com.fasterxml.jackson.databind.ObjectMapper.writeValueAsString(ObjectMapper.java:3663)
	at com.maxmind.minfraud.AbstractModel.toJson(AbstractModel.java:28)
	at com.maxmind.minfraud.WebServiceClient.requestFor(WebServiceClient.java:348)
	at com.maxmind.minfraud.WebServiceClient.responseFor(WebServiceClient.java:323)
	at com.maxmind.minfraud.WebServiceClient.insights(WebServiceClient.java:257)
	at com.maxmind.minfraud.WebServiceClientTest.createInsightsError(WebServiceClientTest.java:300)
	at com.maxmind.minfraud.WebServiceClientTest.lambda$testPermissionRequired$4(WebServiceClientTest.java:190)
	at org.junit.Assert.assertThrows(Assert.java:1001)
	... 36 more

test400WithNoBody(com.maxmind.minfraud.WebServiceClientTest)  Time elapsed: 0.039 sec  <<< FAILURE!
java.lang.AssertionError: unexpected exception type thrown; expected:<com.maxmind.minfraud.exception.HttpException> but was:<java.lang.NoSuchMethodError>
	at org.junit.Assert.assertThrows(Assert.java:1020)
	at org.junit.Assert.assertThrows(Assert.java:981)
	at com.maxmind.minfraud.WebServiceClientTest.test400WithNoBody(WebServiceClientTest.java:224)
	at java.base/jdk.internal.reflect.NativeMethodAccessorImpl.invoke0(Native Method)
	at java.base/jdk.internal.reflect.NativeMethodAccessorImpl.invoke(NativeMethodAccessorImpl.java:62)
	at java.base/jdk.internal.reflect.DelegatingMethodAccessorImpl.invoke(DelegatingMethodAccessorImpl.java:43)
	at java.base/java.lang.reflect.Method.invoke(Method.java:566)
	at org.junit.runners.model.FrameworkMethod$1.runReflectiveCall(FrameworkMethod.java:59)
	at org.junit.internal.runners.model.ReflectiveCallable.run(ReflectiveCallable.java:12)
	at org.junit.runners.model.FrameworkMethod.invokeExplosively(FrameworkMethod.java:56)
	at org.junit.internal.runners.statements.InvokeMethod.evaluate(InvokeMethod.java:17)
	at com.github.tomakehurst.wiremock.junit.WireMockRule$1.evaluate(WireMockRule.java:79)
	at org.junit.runners.ParentRunner$3.evaluate(ParentRunner.java:306)
	at org.junit.runners.BlockJUnit4ClassRunner$1.evaluate(BlockJUnit4ClassRunner.java:100)
	at org.junit.runners.ParentRunner.runLeaf(ParentRunner.java:366)
	at org.junit.runners.BlockJUnit4ClassRunner.runChild(BlockJUnit4ClassRunner.java:103)
	at junitparams.JUnitParamsRunner.runChild(JUnitParamsRunner.java:449)
	at junitparams.JUnitParamsRunner.runChild(JUnitParamsRunner.java:393)
	at org.junit.runners.ParentRunner$4.run(ParentRunner.java:331)
	at org.junit.runners.ParentRunner$1.schedule(ParentRunner.java:79)
	at org.junit.runners.ParentRunner.runChildren(ParentRunner.java:329)
	at org.junit.runners.ParentRunner.access$100(ParentRunner.java:66)
	at org.junit.runners.ParentRunner$2.evaluate(ParentRunner.java:293)
	at org.junit.runners.ParentRunner$3.evaluate(ParentRunner.java:306)
	at org.junit.runners.ParentRunner.run(ParentRunner.java:413)
	at org.apache.maven.surefire.junit4.JUnit4Provider.execute(JUnit4Provider.java:252)
	at org.apache.maven.surefire.junit4.JUnit4Provider.executeTestSet(JUnit4Provider.java:141)
	at org.apache.maven.surefire.junit4.JUnit4Provider.invoke(JUnit4Provider.java:112)
	at java.base/jdk.internal.reflect.NativeMethodAccessorImpl.invoke0(Native Method)
	at java.base/jdk.internal.reflect.NativeMethodAccessorImpl.invoke(NativeMethodAccessorImpl.java:62)
	at java.base/jdk.internal.reflect.DelegatingMethodAccessorImpl.invoke(DelegatingMethodAccessorImpl.java:43)
	at java.base/java.lang.reflect.Method.invoke(Method.java:566)
	at org.apache.maven.surefire.util.ReflectionUtils.invokeMethodWithArray(ReflectionUtils.java:189)
	at org.apache.maven.surefire.booter.ProviderFactory$ProviderProxy.invoke(ProviderFactory.java:165)
	at org.apache.maven.surefire.booter.ProviderFactory.invokeProvider(ProviderFactory.java:85)
	at org.apache.maven.surefire.booter.ForkedBooter.runSuitesInProcess(ForkedBooter.java:115)
	at org.apache.maven.surefire.booter.ForkedBooter.main(ForkedBooter.java:75)
Caused by: java.lang.NoSuchMethodError: 'boolean com.fasterxml.jackson.databind.SerializationConfig.hasExplicitTimeZone()'
	at com.fasterxml.jackson.datatype.jsr310.ser.InstantSerializerBase.formatValue(InstantSerializerBase.java:144)
	at com.fasterxml.jackson.datatype.jsr310.ser.InstantSerializerBase.serialize(InstantSerializerBase.java:103)
	at com.fasterxml.jackson.datatype.jsr310.ser.ZonedDateTimeSerializer.serialize(ZonedDateTimeSerializer.java:79)
	at com.fasterxml.jackson.datatype.jsr310.ser.ZonedDateTimeSerializer.serialize(ZonedDateTimeSerializer.java:13)
	at com.fasterxml.jackson.databind.ser.BeanPropertyWriter.serializeAsField(BeanPropertyWriter.java:728)
	at com.fasterxml.jackson.databind.ser.std.BeanSerializerBase.serializeFields(BeanSerializerBase.java:755)
	at com.fasterxml.jackson.databind.ser.BeanSerializer.serialize(BeanSerializer.java:178)
	at com.fasterxml.jackson.databind.ser.BeanPropertyWriter.serializeAsField(BeanPropertyWriter.java:728)
	at com.fasterxml.jackson.databind.ser.std.BeanSerializerBase.serializeFields(BeanSerializerBase.java:755)
	at com.fasterxml.jackson.databind.ser.BeanSerializer.serialize(BeanSerializer.java:178)
	at com.fasterxml.jackson.databind.ser.DefaultSerializerProvider._serialize(DefaultSerializerProvider.java:480)
	at com.fasterxml.jackson.databind.ser.DefaultSerializerProvider.serializeValue(DefaultSerializerProvider.java:319)
	at com.fasterxml.jackson.databind.ObjectMapper._writeValueAndClose(ObjectMapper.java:4409)
	at com.fasterxml.jackson.databind.ObjectMapper.writeValueAsString(ObjectMapper.java:3663)
	at com.maxmind.minfraud.AbstractModel.toJson(AbstractModel.java:28)
	at com.maxmind.minfraud.WebServiceClient.requestFor(WebServiceClient.java:348)
	at com.maxmind.minfraud.WebServiceClient.responseFor(WebServiceClient.java:323)
	at com.maxmind.minfraud.WebServiceClient.insights(WebServiceClient.java:257)
	at com.maxmind.minfraud.WebServiceClientTest.createInsightsError(WebServiceClientTest.java:300)
	at com.maxmind.minfraud.WebServiceClientTest.lambda$test400WithNoBody$7(WebServiceClientTest.java:225)
	at org.junit.Assert.assertThrows(Assert.java:1001)
	... 36 more

test400WithInvalidJson(com.maxmind.minfraud.WebServiceClientTest)  Time elapsed: 0.041 sec  <<< FAILURE!
java.lang.AssertionError: unexpected exception type thrown; expected:<com.maxmind.minfraud.exception.HttpException> but was:<java.lang.NoSuchMethodError>
	at org.junit.Assert.assertThrows(Assert.java:1020)
	at org.junit.Assert.assertThrows(Assert.java:981)
	at com.maxmind.minfraud.WebServiceClientTest.test400WithInvalidJson(WebServiceClientTest.java:212)
	at java.base/jdk.internal.reflect.NativeMethodAccessorImpl.invoke0(Native Method)
	at java.base/jdk.internal.reflect.NativeMethodAccessorImpl.invoke(NativeMethodAccessorImpl.java:62)
	at java.base/jdk.internal.reflect.DelegatingMethodAccessorImpl.invoke(DelegatingMethodAccessorImpl.java:43)
	at java.base/java.lang.reflect.Method.invoke(Method.java:566)
	at org.junit.runners.model.FrameworkMethod$1.runReflectiveCall(FrameworkMethod.java:59)
	at org.junit.internal.runners.model.ReflectiveCallable.run(ReflectiveCallable.java:12)
	at org.junit.runners.model.FrameworkMethod.invokeExplosively(FrameworkMethod.java:56)
	at org.junit.internal.runners.statements.InvokeMethod.evaluate(InvokeMethod.java:17)
	at com.github.tomakehurst.wiremock.junit.WireMockRule$1.evaluate(WireMockRule.java:79)
	at org.junit.runners.ParentRunner$3.evaluate(ParentRunner.java:306)
	at org.junit.runners.BlockJUnit4ClassRunner$1.evaluate(BlockJUnit4ClassRunner.java:100)
	at org.junit.runners.ParentRunner.runLeaf(ParentRunner.java:366)
	at org.junit.runners.BlockJUnit4ClassRunner.runChild(BlockJUnit4ClassRunner.java:103)
	at junitparams.JUnitParamsRunner.runChild(JUnitParamsRunner.java:449)
	at junitparams.JUnitParamsRunner.runChild(JUnitParamsRunner.java:393)
	at org.junit.runners.ParentRunner$4.run(ParentRunner.java:331)
	at org.junit.runners.ParentRunner$1.schedule(ParentRunner.java:79)
	at org.junit.runners.ParentRunner.runChildren(ParentRunner.java:329)
	at org.junit.runners.ParentRunner.access$100(ParentRunner.java:66)
	at org.junit.runners.ParentRunner$2.evaluate(ParentRunner.java:293)
	at org.junit.runners.ParentRunner$3.evaluate(ParentRunner.java:306)
	at org.junit.runners.ParentRunner.run(ParentRunner.java:413)
	at org.apache.maven.surefire.junit4.JUnit4Provider.execute(JUnit4Provider.java:252)
	at org.apache.maven.surefire.junit4.JUnit4Provider.executeTestSet(JUnit4Provider.java:141)
	at org.apache.maven.surefire.junit4.JUnit4Provider.invoke(JUnit4Provider.java:112)
	at java.base/jdk.internal.reflect.NativeMethodAccessorImpl.invoke0(Native Method)
	at java.base/jdk.internal.reflect.NativeMethodAccessorImpl.invoke(NativeMethodAccessorImpl.java:62)
	at java.base/jdk.internal.reflect.DelegatingMethodAccessorImpl.invoke(DelegatingMethodAccessorImpl.java:43)
	at java.base/java.lang.reflect.Method.invoke(Method.java:566)
	at org.apache.maven.surefire.util.ReflectionUtils.invokeMethodWithArray(ReflectionUtils.java:189)
	at org.apache.maven.surefire.booter.ProviderFactory$ProviderProxy.invoke(ProviderFactory.java:165)
	at org.apache.maven.surefire.booter.ProviderFactory.invokeProvider(ProviderFactory.java:85)
	at org.apache.maven.surefire.booter.ForkedBooter.runSuitesInProcess(ForkedBooter.java:115)
	at org.apache.maven.surefire.booter.ForkedBooter.main(ForkedBooter.java:75)
Caused by: java.lang.NoSuchMethodError: 'boolean com.fasterxml.jackson.databind.SerializationConfig.hasExplicitTimeZone()'
	at com.fasterxml.jackson.datatype.jsr310.ser.InstantSerializerBase.formatValue(InstantSerializerBase.java:144)
	at com.fasterxml.jackson.datatype.jsr310.ser.InstantSerializerBase.serialize(InstantSerializerBase.java:103)
	at com.fasterxml.jackson.datatype.jsr310.ser.ZonedDateTimeSerializer.serialize(ZonedDateTimeSerializer.java:79)
	at com.fasterxml.jackson.datatype.jsr310.ser.ZonedDateTimeSerializer.serialize(ZonedDateTimeSerializer.java:13)
	at com.fasterxml.jackson.databind.ser.BeanPropertyWriter.serializeAsField(BeanPropertyWriter.java:728)
	at com.fasterxml.jackson.databind.ser.std.BeanSerializerBase.serializeFields(BeanSerializerBase.java:755)
	at com.fasterxml.jackson.databind.ser.BeanSerializer.serialize(BeanSerializer.java:178)
	at com.fasterxml.jackson.databind.ser.BeanPropertyWriter.serializeAsField(BeanPropertyWriter.java:728)
	at com.fasterxml.jackson.databind.ser.std.BeanSerializerBase.serializeFields(BeanSerializerBase.java:755)
	at com.fasterxml.jackson.databind.ser.BeanSerializer.serialize(BeanSerializer.java:178)
	at com.fasterxml.jackson.databind.ser.DefaultSerializerProvider._serialize(DefaultSerializerProvider.java:480)
	at com.fasterxml.jackson.databind.ser.DefaultSerializerProvider.serializeValue(DefaultSerializerProvider.java:319)
	at com.fasterxml.jackson.databind.ObjectMapper._writeValueAndClose(ObjectMapper.java:4409)
	at com.fasterxml.jackson.databind.ObjectMapper.writeValueAsString(ObjectMapper.java:3663)
	at com.maxmind.minfraud.AbstractModel.toJson(AbstractModel.java:28)
	at com.maxmind.minfraud.WebServiceClient.requestFor(WebServiceClient.java:348)
	at com.maxmind.minfraud.WebServiceClient.responseFor(WebServiceClient.java:323)
	at com.maxmind.minfraud.WebServiceClient.insights(WebServiceClient.java:257)
	at com.maxmind.minfraud.WebServiceClientTest.createInsightsError(WebServiceClientTest.java:300)
	at com.maxmind.minfraud.WebServiceClientTest.lambda$test400WithInvalidJson$6(WebServiceClientTest.java:213)
	at org.junit.Assert.assertThrows(Assert.java:1001)
	... 36 more

test200WithNoBody(com.maxmind.minfraud.WebServiceClientTest)  Time elapsed: 0.048 sec  <<< FAILURE!
java.lang.AssertionError: unexpected exception type thrown; expected:<com.maxmind.minfraud.exception.MinFraudException> but was:<java.lang.NoSuchMethodError>
	at org.junit.Assert.assertThrows(Assert.java:1020)
	at org.junit.Assert.assertThrows(Assert.java:981)
	at com.maxmind.minfraud.WebServiceClientTest.test200WithNoBody(WebServiceClientTest.java:144)
	at java.base/jdk.internal.reflect.NativeMethodAccessorImpl.invoke0(Native Method)
	at java.base/jdk.internal.reflect.NativeMethodAccessorImpl.invoke(NativeMethodAccessorImpl.java:62)
	at java.base/jdk.internal.reflect.DelegatingMethodAccessorImpl.invoke(DelegatingMethodAccessorImpl.java:43)
	at java.base/java.lang.reflect.Method.invoke(Method.java:566)
	at org.junit.runners.model.FrameworkMethod$1.runReflectiveCall(FrameworkMethod.java:59)
	at org.junit.internal.runners.model.ReflectiveCallable.run(ReflectiveCallable.java:12)
	at org.junit.runners.model.FrameworkMethod.invokeExplosively(FrameworkMethod.java:56)
	at org.junit.internal.runners.statements.InvokeMethod.evaluate(InvokeMethod.java:17)
	at com.github.tomakehurst.wiremock.junit.WireMockRule$1.evaluate(WireMockRule.java:79)
	at org.junit.runners.ParentRunner$3.evaluate(ParentRunner.java:306)
	at org.junit.runners.BlockJUnit4ClassRunner$1.evaluate(BlockJUnit4ClassRunner.java:100)
	at org.junit.runners.ParentRunner.runLeaf(ParentRunner.java:366)
	at org.junit.runners.BlockJUnit4ClassRunner.runChild(BlockJUnit4ClassRunner.java:103)
	at junitparams.JUnitParamsRunner.runChild(JUnitParamsRunner.java:449)
	at junitparams.JUnitParamsRunner.runChild(JUnitParamsRunner.java:393)
	at org.junit.runners.ParentRunner$4.run(ParentRunner.java:331)
	at org.junit.runners.ParentRunner$1.schedule(ParentRunner.java:79)
	at org.junit.runners.ParentRunner.runChildren(ParentRunner.java:329)
	at org.junit.runners.ParentRunner.access$100(ParentRunner.java:66)
	at org.junit.runners.ParentRunner$2.evaluate(ParentRunner.java:293)
	at org.junit.runners.ParentRunner$3.evaluate(ParentRunner.java:306)
	at org.junit.runners.ParentRunner.run(ParentRunner.java:413)
	at org.apache.maven.surefire.junit4.JUnit4Provider.execute(JUnit4Provider.java:252)
	at org.apache.maven.surefire.junit4.JUnit4Provider.executeTestSet(JUnit4Provider.java:141)
	at org.apache.maven.surefire.junit4.JUnit4Provider.invoke(JUnit4Provider.java:112)
	at java.base/jdk.internal.reflect.NativeMethodAccessorImpl.invoke0(Native Method)
	at java.base/jdk.internal.reflect.NativeMethodAccessorImpl.invoke(NativeMethodAccessorImpl.java:62)
	at java.base/jdk.internal.reflect.DelegatingMethodAccessorImpl.invoke(DelegatingMethodAccessorImpl.java:43)
	at java.base/java.lang.reflect.Method.invoke(Method.java:566)
	at org.apache.maven.surefire.util.ReflectionUtils.invokeMethodWithArray(ReflectionUtils.java:189)
	at org.apache.maven.surefire.booter.ProviderFactory$ProviderProxy.invoke(ProviderFactory.java:165)
	at org.apache.maven.surefire.booter.ProviderFactory.invokeProvider(ProviderFactory.java:85)
	at org.apache.maven.surefire.booter.ForkedBooter.runSuitesInProcess(ForkedBooter.java:115)
	at org.apache.maven.surefire.booter.ForkedBooter.main(ForkedBooter.java:75)
Caused by: java.lang.NoSuchMethodError: 'boolean com.fasterxml.jackson.databind.SerializationConfig.hasExplicitTimeZone()'
	at com.fasterxml.jackson.datatype.jsr310.ser.InstantSerializerBase.formatValue(InstantSerializerBase.java:144)
	at com.fasterxml.jackson.datatype.jsr310.ser.InstantSerializerBase.serialize(InstantSerializerBase.java:103)
	at com.fasterxml.jackson.datatype.jsr310.ser.ZonedDateTimeSerializer.serialize(ZonedDateTimeSerializer.java:79)
	at com.fasterxml.jackson.datatype.jsr310.ser.ZonedDateTimeSerializer.serialize(ZonedDateTimeSerializer.java:13)
	at com.fasterxml.jackson.databind.ser.BeanPropertyWriter.serializeAsField(BeanPropertyWriter.java:728)
	at com.fasterxml.jackson.databind.ser.std.BeanSerializerBase.serializeFields(BeanSerializerBase.java:755)
	at com.fasterxml.jackson.databind.ser.BeanSerializer.serialize(BeanSerializer.java:178)
	at com.fasterxml.jackson.databind.ser.BeanPropertyWriter.serializeAsField(BeanPropertyWriter.java:728)
	at com.fasterxml.jackson.databind.ser.std.BeanSerializerBase.serializeFields(BeanSerializerBase.java:755)
	at com.fasterxml.jackson.databind.ser.BeanSerializer.serialize(BeanSerializer.java:178)
	at com.fasterxml.jackson.databind.ser.DefaultSerializerProvider._serialize(DefaultSerializerProvider.java:480)
	at com.fasterxml.jackson.databind.ser.DefaultSerializerProvider.serializeValue(DefaultSerializerProvider.java:319)
	at com.fasterxml.jackson.databind.ObjectMapper._writeValueAndClose(ObjectMapper.java:4409)
	at com.fasterxml.jackson.databind.ObjectMapper.writeValueAsString(ObjectMapper.java:3663)
	at com.maxmind.minfraud.AbstractModel.toJson(AbstractModel.java:28)
	at com.maxmind.minfraud.WebServiceClient.requestFor(WebServiceClient.java:348)
	at com.maxmind.minfraud.WebServiceClient.responseFor(WebServiceClient.java:323)
	at com.maxmind.minfraud.WebServiceClient.insights(WebServiceClient.java:257)
	at com.maxmind.minfraud.WebServiceClientTest.lambda$test200WithNoBody$0(WebServiceClientTest.java:144)
	at org.junit.Assert.assertThrows(Assert.java:1001)
	... 36 more

testFullInsightsTransaction(com.maxmind.minfraud.WebServiceClientTest)  Time elapsed: 0.048 sec  <<< ERROR!
java.lang.NoSuchMethodError: 'boolean com.fasterxml.jackson.databind.SerializationConfig.hasExplicitTimeZone()'
	at com.fasterxml.jackson.datatype.jsr310.ser.InstantSerializerBase.formatValue(InstantSerializerBase.java:144)
	at com.fasterxml.jackson.datatype.jsr310.ser.InstantSerializerBase.serialize(InstantSerializerBase.java:103)
	at com.fasterxml.jackson.datatype.jsr310.ser.ZonedDateTimeSerializer.serialize(ZonedDateTimeSerializer.java:79)
	at com.fasterxml.jackson.datatype.jsr310.ser.ZonedDateTimeSerializer.serialize(ZonedDateTimeSerializer.java:13)
	at com.fasterxml.jackson.databind.ser.BeanPropertyWriter.serializeAsField(BeanPropertyWriter.java:728)
	at com.fasterxml.jackson.databind.ser.std.BeanSerializerBase.serializeFields(BeanSerializerBase.java:755)
	at com.fasterxml.jackson.databind.ser.BeanSerializer.serialize(BeanSerializer.java:178)
	at com.fasterxml.jackson.databind.ser.BeanPropertyWriter.serializeAsField(BeanPropertyWriter.java:728)
	at com.fasterxml.jackson.databind.ser.std.BeanSerializerBase.serializeFields(BeanSerializerBase.java:755)
	at com.fasterxml.jackson.databind.ser.BeanSerializer.serialize(BeanSerializer.java:178)
	at com.fasterxml.jackson.databind.ser.DefaultSerializerProvider._serialize(DefaultSerializerProvider.java:480)
	at com.fasterxml.jackson.databind.ser.DefaultSerializerProvider.serializeValue(DefaultSerializerProvider.java:319)
	at com.fasterxml.jackson.databind.ObjectMapper._writeValueAndClose(ObjectMapper.java:4409)
	at com.fasterxml.jackson.databind.ObjectMapper.writeValueAsString(ObjectMapper.java:3663)
	at com.maxmind.minfraud.AbstractModel.toJson(AbstractModel.java:28)
	at com.maxmind.minfraud.WebServiceClient.requestFor(WebServiceClient.java:348)
	at com.maxmind.minfraud.WebServiceClient.responseFor(WebServiceClient.java:323)
	at com.maxmind.minfraud.WebServiceClient.insights(WebServiceClient.java:257)
	at com.maxmind.minfraud.WebServiceClientTest.testFullInsightsTransaction(WebServiceClientTest.java:70)
	at java.base/jdk.internal.reflect.NativeMethodAccessorImpl.invoke0(Native Method)
	at java.base/jdk.internal.reflect.NativeMethodAccessorImpl.invoke(NativeMethodAccessorImpl.java:62)
	at java.base/jdk.internal.reflect.DelegatingMethodAccessorImpl.invoke(DelegatingMethodAccessorImpl.java:43)
	at java.base/java.lang.reflect.Method.invoke(Method.java:566)
	at org.junit.runners.model.FrameworkMethod$1.runReflectiveCall(FrameworkMethod.java:59)
	at org.junit.internal.runners.model.ReflectiveCallable.run(ReflectiveCallable.java:12)
	at org.junit.runners.model.FrameworkMethod.invokeExplosively(FrameworkMethod.java:56)
	at org.junit.internal.runners.statements.InvokeMethod.evaluate(InvokeMethod.java:17)
	at com.github.tomakehurst.wiremock.junit.WireMockRule$1.evaluate(WireMockRule.java:79)
	at org.junit.runners.ParentRunner$3.evaluate(ParentRunner.java:306)
	at org.junit.runners.BlockJUnit4ClassRunner$1.evaluate(BlockJUnit4ClassRunner.java:100)
	at org.junit.runners.ParentRunner.runLeaf(ParentRunner.java:366)
	at org.junit.runners.BlockJUnit4ClassRunner.runChild(BlockJUnit4ClassRunner.java:103)
	at junitparams.JUnitParamsRunner.runChild(JUnitParamsRunner.java:449)
	at junitparams.JUnitParamsRunner.runChild(JUnitParamsRunner.java:393)
	at org.junit.runners.ParentRunner$4.run(ParentRunner.java:331)
	at org.junit.runners.ParentRunner$1.schedule(ParentRunner.java:79)
	at org.junit.runners.ParentRunner.runChildren(ParentRunner.java:329)
	at org.junit.runners.ParentRunner.access$100(ParentRunner.java:66)
	at org.junit.runners.ParentRunner$2.evaluate(ParentRunner.java:293)
	at org.junit.runners.ParentRunner$3.evaluate(ParentRunner.java:306)
	at org.junit.runners.ParentRunner.run(ParentRunner.java:413)
	at org.apache.maven.surefire.junit4.JUnit4Provider.execute(JUnit4Provider.java:252)
	at org.apache.maven.surefire.junit4.JUnit4Provider.executeTestSet(JUnit4Provider.java:141)
	at org.apache.maven.surefire.junit4.JUnit4Provider.invoke(JUnit4Provider.java:112)
	at java.base/jdk.internal.reflect.NativeMethodAccessorImpl.invoke0(Native Method)
	at java.base/jdk.internal.reflect.NativeMethodAccessorImpl.invoke(NativeMethodAccessorImpl.java:62)
	at java.base/jdk.internal.reflect.DelegatingMethodAccessorImpl.invoke(DelegatingMethodAccessorImpl.java:43)
	at java.base/java.lang.reflect.Method.invoke(Method.java:566)
	at org.apache.maven.surefire.util.ReflectionUtils.invokeMethodWithArray(ReflectionUtils.java:189)
	at org.apache.maven.surefire.booter.ProviderFactory$ProviderProxy.invoke(ProviderFactory.java:165)
	at org.apache.maven.surefire.booter.ProviderFactory.invokeProvider(ProviderFactory.java:85)
	at org.apache.maven.surefire.booter.ForkedBooter.runSuitesInProcess(ForkedBooter.java:115)
	at org.apache.maven.surefire.booter.ForkedBooter.main(ForkedBooter.java:75)

test400WithUnexpectedJson(com.maxmind.minfraud.WebServiceClientTest)  Time elapsed: 0.028 sec  <<< FAILURE!
java.lang.AssertionError: unexpected exception type thrown; expected:<com.maxmind.minfraud.exception.HttpException> but was:<java.lang.NoSuchMethodError>
	at org.junit.Assert.assertThrows(Assert.java:1020)
	at org.junit.Assert.assertThrows(Assert.java:981)
	at com.maxmind.minfraud.WebServiceClientTest.test400WithUnexpectedJson(WebServiceClientTest.java:249)
	at java.base/jdk.internal.reflect.NativeMethodAccessorImpl.invoke0(Native Method)
	at java.base/jdk.internal.reflect.NativeMethodAccessorImpl.invoke(NativeMethodAccessorImpl.java:62)
	at java.base/jdk.internal.reflect.DelegatingMethodAccessorImpl.invoke(DelegatingMethodAccessorImpl.java:43)
	at java.base/java.lang.reflect.Method.invoke(Method.java:566)
	at org.junit.runners.model.FrameworkMethod$1.runReflectiveCall(FrameworkMethod.java:59)
	at org.junit.internal.runners.model.ReflectiveCallable.run(ReflectiveCallable.java:12)
	at org.junit.runners.model.FrameworkMethod.invokeExplosively(FrameworkMethod.java:56)
	at org.junit.internal.runners.statements.InvokeMethod.evaluate(InvokeMethod.java:17)
	at com.github.tomakehurst.wiremock.junit.WireMockRule$1.evaluate(WireMockRule.java:79)
	at org.junit.runners.ParentRunner$3.evaluate(ParentRunner.java:306)
	at org.junit.runners.BlockJUnit4ClassRunner$1.evaluate(BlockJUnit4ClassRunner.java:100)
	at org.junit.runners.ParentRunner.runLeaf(ParentRunner.java:366)
	at org.junit.runners.BlockJUnit4ClassRunner.runChild(BlockJUnit4ClassRunner.java:103)
	at junitparams.JUnitParamsRunner.runChild(JUnitParamsRunner.java:449)
	at junitparams.JUnitParamsRunner.runChild(JUnitParamsRunner.java:393)
	at org.junit.runners.ParentRunner$4.run(ParentRunner.java:331)
	at org.junit.runners.ParentRunner$1.schedule(ParentRunner.java:79)
	at org.junit.runners.ParentRunner.runChildren(ParentRunner.java:329)
	at org.junit.runners.ParentRunner.access$100(ParentRunner.java:66)
	at org.junit.runners.ParentRunner$2.evaluate(ParentRunner.java:293)
	at org.junit.runners.ParentRunner$3.evaluate(ParentRunner.java:306)
	at org.junit.runners.ParentRunner.run(ParentRunner.java:413)
	at org.apache.maven.surefire.junit4.JUnit4Provider.execute(JUnit4Provider.java:252)
	at org.apache.maven.surefire.junit4.JUnit4Provider.executeTestSet(JUnit4Provider.java:141)
	at org.apache.maven.surefire.junit4.JUnit4Provider.invoke(JUnit4Provider.java:112)
	at java.base/jdk.internal.reflect.NativeMethodAccessorImpl.invoke0(Native Method)
	at java.base/jdk.internal.reflect.NativeMethodAccessorImpl.invoke(NativeMethodAccessorImpl.java:62)
	at java.base/jdk.internal.reflect.DelegatingMethodAccessorImpl.invoke(DelegatingMethodAccessorImpl.java:43)
	at java.base/java.lang.reflect.Method.invoke(Method.java:566)
	at org.apache.maven.surefire.util.ReflectionUtils.invokeMethodWithArray(ReflectionUtils.java:189)
	at org.apache.maven.surefire.booter.ProviderFactory$ProviderProxy.invoke(ProviderFactory.java:165)
	at org.apache.maven.surefire.booter.ProviderFactory.invokeProvider(ProviderFactory.java:85)
	at org.apache.maven.surefire.booter.ForkedBooter.runSuitesInProcess(ForkedBooter.java:115)
	at org.apache.maven.surefire.booter.ForkedBooter.main(ForkedBooter.java:75)
Caused by: java.lang.NoSuchMethodError: 'boolean com.fasterxml.jackson.databind.SerializationConfig.hasExplicitTimeZone()'
	at com.fasterxml.jackson.datatype.jsr310.ser.InstantSerializerBase.formatValue(InstantSerializerBase.java:144)
	at com.fasterxml.jackson.datatype.jsr310.ser.InstantSerializerBase.serialize(InstantSerializerBase.java:103)
	at com.fasterxml.jackson.datatype.jsr310.ser.ZonedDateTimeSerializer.serialize(ZonedDateTimeSerializer.java:79)
	at com.fasterxml.jackson.datatype.jsr310.ser.ZonedDateTimeSerializer.serialize(ZonedDateTimeSerializer.java:13)
	at com.fasterxml.jackson.databind.ser.BeanPropertyWriter.serializeAsField(BeanPropertyWriter.java:728)
	at com.fasterxml.jackson.databind.ser.std.BeanSerializerBase.serializeFields(BeanSerializerBase.java:755)
	at com.fasterxml.jackson.databind.ser.BeanSerializer.serialize(BeanSerializer.java:178)
	at com.fasterxml.jackson.databind.ser.BeanPropertyWriter.serializeAsField(BeanPropertyWriter.java:728)
	at com.fasterxml.jackson.databind.ser.std.BeanSerializerBase.serializeFields(BeanSerializerBase.java:755)
	at com.fasterxml.jackson.databind.ser.BeanSerializer.serialize(BeanSerializer.java:178)
	at com.fasterxml.jackson.databind.ser.DefaultSerializerProvider._serialize(DefaultSerializerProvider.java:480)
	at com.fasterxml.jackson.databind.ser.DefaultSerializerProvider.serializeValue(DefaultSerializerProvider.java:319)
	at com.fasterxml.jackson.databind.ObjectMapper._writeValueAndClose(ObjectMapper.java:4409)
	at com.fasterxml.jackson.databind.ObjectMapper.writeValueAsString(ObjectMapper.java:3663)
	at com.maxmind.minfraud.AbstractModel.toJson(AbstractModel.java:28)
	at com.maxmind.minfraud.WebServiceClient.requestFor(WebServiceClient.java:348)
	at com.maxmind.minfraud.WebServiceClient.responseFor(WebServiceClient.java:323)
	at com.maxmind.minfraud.WebServiceClient.insights(WebServiceClient.java:257)
	at com.maxmind.minfraud.WebServiceClientTest.createInsightsError(WebServiceClientTest.java:300)
	at com.maxmind.minfraud.WebServiceClientTest.lambda$test400WithUnexpectedJson$9(WebServiceClientTest.java:250)
	at org.junit.Assert.assertThrows(Assert.java:1001)
	... 36 more

test400WithUnexpectedContentType(com.maxmind.minfraud.WebServiceClientTest)  Time elapsed: 0.037 sec  <<< FAILURE!
java.lang.AssertionError: unexpected exception type thrown; expected:<com.maxmind.minfraud.exception.HttpException> but was:<java.lang.NoSuchMethodError>
	at org.junit.Assert.assertThrows(Assert.java:1020)
	at org.junit.Assert.assertThrows(Assert.java:981)
	at com.maxmind.minfraud.WebServiceClientTest.test400WithUnexpectedContentType(WebServiceClientTest.java:236)
	at java.base/jdk.internal.reflect.NativeMethodAccessorImpl.invoke0(Native Method)
	at java.base/jdk.internal.reflect.NativeMethodAccessorImpl.invoke(NativeMethodAccessorImpl.java:62)
	at java.base/jdk.internal.reflect.DelegatingMethodAccessorImpl.invoke(DelegatingMethodAccessorImpl.java:43)
	at java.base/java.lang.reflect.Method.invoke(Method.java:566)
	at org.junit.runners.model.FrameworkMethod$1.runReflectiveCall(FrameworkMethod.java:59)
	at org.junit.internal.runners.model.ReflectiveCallable.run(ReflectiveCallable.java:12)
	at org.junit.runners.model.FrameworkMethod.invokeExplosively(FrameworkMethod.java:56)
	at org.junit.internal.runners.statements.InvokeMethod.evaluate(InvokeMethod.java:17)
	at com.github.tomakehurst.wiremock.junit.WireMockRule$1.evaluate(WireMockRule.java:79)
	at org.junit.runners.ParentRunner$3.evaluate(ParentRunner.java:306)
	at org.junit.runners.BlockJUnit4ClassRunner$1.evaluate(BlockJUnit4ClassRunner.java:100)
	at org.junit.runners.ParentRunner.runLeaf(ParentRunner.java:366)
	at org.junit.runners.BlockJUnit4ClassRunner.runChild(BlockJUnit4ClassRunner.java:103)
	at junitparams.JUnitParamsRunner.runChild(JUnitParamsRunner.java:449)
	at junitparams.JUnitParamsRunner.runChild(JUnitParamsRunner.java:393)
	at org.junit.runners.ParentRunner$4.run(ParentRunner.java:331)
	at org.junit.runners.ParentRunner$1.schedule(ParentRunner.java:79)
	at org.junit.runners.ParentRunner.runChildren(ParentRunner.java:329)
	at org.junit.runners.ParentRunner.access$100(ParentRunner.java:66)
	at org.junit.runners.ParentRunner$2.evaluate(ParentRunner.java:293)
	at org.junit.runners.ParentRunner$3.evaluate(ParentRunner.java:306)
	at org.junit.runners.ParentRunner.run(ParentRunner.java:413)
	at org.apache.maven.surefire.junit4.JUnit4Provider.execute(JUnit4Provider.java:252)
	at org.apache.maven.surefire.junit4.JUnit4Provider.executeTestSet(JUnit4Provider.java:141)
	at org.apache.maven.surefire.junit4.JUnit4Provider.invoke(JUnit4Provider.java:112)
	at java.base/jdk.internal.reflect.NativeMethodAccessorImpl.invoke0(Native Method)
	at java.base/jdk.internal.reflect.NativeMethodAccessorImpl.invoke(NativeMethodAccessorImpl.java:62)
	at java.base/jdk.internal.reflect.DelegatingMethodAccessorImpl.invoke(DelegatingMethodAccessorImpl.java:43)
	at java.base/java.lang.reflect.Method.invoke(Method.java:566)
	at org.apache.maven.surefire.util.ReflectionUtils.invokeMethodWithArray(ReflectionUtils.java:189)
	at org.apache.maven.surefire.booter.ProviderFactory$ProviderProxy.invoke(ProviderFactory.java:165)
	at org.apache.maven.surefire.booter.ProviderFactory.invokeProvider(ProviderFactory.java:85)
	at org.apache.maven.surefire.booter.ForkedBooter.runSuitesInProcess(ForkedBooter.java:115)
	at org.apache.maven.surefire.booter.ForkedBooter.main(ForkedBooter.java:75)
Caused by: java.lang.NoSuchMethodError: 'boolean com.fasterxml.jackson.databind.SerializationConfig.hasExplicitTimeZone()'
	at com.fasterxml.jackson.datatype.jsr310.ser.InstantSerializerBase.formatValue(InstantSerializerBase.java:144)
	at com.fasterxml.jackson.datatype.jsr310.ser.InstantSerializerBase.serialize(InstantSerializerBase.java:103)
	at com.fasterxml.jackson.datatype.jsr310.ser.ZonedDateTimeSerializer.serialize(ZonedDateTimeSerializer.java:79)
	at com.fasterxml.jackson.datatype.jsr310.ser.ZonedDateTimeSerializer.serialize(ZonedDateTimeSerializer.java:13)
	at com.fasterxml.jackson.databind.ser.BeanPropertyWriter.serializeAsField(BeanPropertyWriter.java:728)
	at com.fasterxml.jackson.databind.ser.std.BeanSerializerBase.serializeFields(BeanSerializerBase.java:755)
	at com.fasterxml.jackson.databind.ser.BeanSerializer.serialize(BeanSerializer.java:178)
	at com.fasterxml.jackson.databind.ser.BeanPropertyWriter.serializeAsField(BeanPropertyWriter.java:728)
	at com.fasterxml.jackson.databind.ser.std.BeanSerializerBase.serializeFields(BeanSerializerBase.java:755)
	at com.fasterxml.jackson.databind.ser.BeanSerializer.serialize(BeanSerializer.java:178)
	at com.fasterxml.jackson.databind.ser.DefaultSerializerProvider._serialize(DefaultSerializerProvider.java:480)
	at com.fasterxml.jackson.databind.ser.DefaultSerializerProvider.serializeValue(DefaultSerializerProvider.java:319)
	at com.fasterxml.jackson.databind.ObjectMapper._writeValueAndClose(ObjectMapper.java:4409)
	at com.fasterxml.jackson.databind.ObjectMapper.writeValueAsString(ObjectMapper.java:3663)
	at com.maxmind.minfraud.AbstractModel.toJson(AbstractModel.java:28)
	at com.maxmind.minfraud.WebServiceClient.requestFor(WebServiceClient.java:348)
	at com.maxmind.minfraud.WebServiceClient.responseFor(WebServiceClient.java:323)
	at com.maxmind.minfraud.WebServiceClient.insights(WebServiceClient.java:257)
	at com.maxmind.minfraud.WebServiceClientTest.createInsightsError(WebServiceClientTest.java:300)
	at com.maxmind.minfraud.WebServiceClientTest.lambda$test400WithUnexpectedContentType$8(WebServiceClientTest.java:237)
	at org.junit.Assert.assertThrows(Assert.java:1001)
	... 36 more

testFullScoreTransactionWithEmailMd5(com.maxmind.minfraud.WebServiceClientTest)  Time elapsed: 0.034 sec  <<< ERROR!
java.lang.NoSuchMethodError: 'boolean com.fasterxml.jackson.databind.SerializationConfig.hasExplicitTimeZone()'
	at com.fasterxml.jackson.datatype.jsr310.ser.InstantSerializerBase.formatValue(InstantSerializerBase.java:144)
	at com.fasterxml.jackson.datatype.jsr310.ser.InstantSerializerBase.serialize(InstantSerializerBase.java:103)
	at com.fasterxml.jackson.datatype.jsr310.ser.ZonedDateTimeSerializer.serialize(ZonedDateTimeSerializer.java:79)
	at com.fasterxml.jackson.datatype.jsr310.ser.ZonedDateTimeSerializer.serialize(ZonedDateTimeSerializer.java:13)
	at com.fasterxml.jackson.databind.ser.BeanPropertyWriter.serializeAsField(BeanPropertyWriter.java:728)
	at com.fasterxml.jackson.databind.ser.std.BeanSerializerBase.serializeFields(BeanSerializerBase.java:755)
	at com.fasterxml.jackson.databind.ser.BeanSerializer.serialize(BeanSerializer.java:178)
	at com.fasterxml.jackson.databind.ser.BeanPropertyWriter.serializeAsField(BeanPropertyWriter.java:728)
	at com.fasterxml.jackson.databind.ser.std.BeanSerializerBase.serializeFields(BeanSerializerBase.java:755)
	at com.fasterxml.jackson.databind.ser.BeanSerializer.serialize(BeanSerializer.java:178)
	at com.fasterxml.jackson.databind.ser.DefaultSerializerProvider._serialize(DefaultSerializerProvider.java:480)
	at com.fasterxml.jackson.databind.ser.DefaultSerializerProvider.serializeValue(DefaultSerializerProvider.java:319)
	at com.fasterxml.jackson.databind.ObjectMapper._writeValueAndClose(ObjectMapper.java:4409)
	at com.fasterxml.jackson.databind.ObjectMapper.writeValueAsString(ObjectMapper.java:3663)
	at com.maxmind.minfraud.AbstractModel.toJson(AbstractModel.java:28)
	at com.maxmind.minfraud.WebServiceClient.requestFor(WebServiceClient.java:348)
	at com.maxmind.minfraud.WebServiceClient.responseFor(WebServiceClient.java:323)
	at com.maxmind.minfraud.WebServiceClient.score(WebServiceClient.java:282)
	at com.maxmind.minfraud.WebServiceClientTest.testFullScoreTransactionWithEmailMd5(WebServiceClientTest.java:58)
	at java.base/jdk.internal.reflect.NativeMethodAccessorImpl.invoke0(Native Method)
	at java.base/jdk.internal.reflect.NativeMethodAccessorImpl.invoke(NativeMethodAccessorImpl.java:62)
	at java.base/jdk.internal.reflect.DelegatingMethodAccessorImpl.invoke(DelegatingMethodAccessorImpl.java:43)
	at java.base/java.lang.reflect.Method.invoke(Method.java:566)
	at org.junit.runners.model.FrameworkMethod$1.runReflectiveCall(FrameworkMethod.java:59)
	at org.junit.internal.runners.model.ReflectiveCallable.run(ReflectiveCallable.java:12)
	at org.junit.runners.model.FrameworkMethod.invokeExplosively(FrameworkMethod.java:56)
	at org.junit.internal.runners.statements.InvokeMethod.evaluate(InvokeMethod.java:17)
	at com.github.tomakehurst.wiremock.junit.WireMockRule$1.evaluate(WireMockRule.java:79)
	at org.junit.runners.ParentRunner$3.evaluate(ParentRunner.java:306)
	at org.junit.runners.BlockJUnit4ClassRunner$1.evaluate(BlockJUnit4ClassRunner.java:100)
	at org.junit.runners.ParentRunner.runLeaf(ParentRunner.java:366)
	at org.junit.runners.BlockJUnit4ClassRunner.runChild(BlockJUnit4ClassRunner.java:103)
	at junitparams.JUnitParamsRunner.runChild(JUnitParamsRunner.java:449)
	at junitparams.JUnitParamsRunner.runChild(JUnitParamsRunner.java:393)
	at org.junit.runners.ParentRunner$4.run(ParentRunner.java:331)
	at org.junit.runners.ParentRunner$1.schedule(ParentRunner.java:79)
	at org.junit.runners.ParentRunner.runChildren(ParentRunner.java:329)
	at org.junit.runners.ParentRunner.access$100(ParentRunner.java:66)
	at org.junit.runners.ParentRunner$2.evaluate(ParentRunner.java:293)
	at org.junit.runners.ParentRunner$3.evaluate(ParentRunner.java:306)
	at org.junit.runners.ParentRunner.run(ParentRunner.java:413)
	at org.apache.maven.surefire.junit4.JUnit4Provider.execute(JUnit4Provider.java:252)
	at org.apache.maven.surefire.junit4.JUnit4Provider.executeTestSet(JUnit4Provider.java:141)
	at org.apache.maven.surefire.junit4.JUnit4Provider.invoke(JUnit4Provider.java:112)
	at java.base/jdk.internal.reflect.NativeMethodAccessorImpl.invoke0(Native Method)
	at java.base/jdk.internal.reflect.NativeMethodAccessorImpl.invoke(NativeMethodAccessorImpl.java:62)
	at java.base/jdk.internal.reflect.DelegatingMethodAccessorImpl.invoke(DelegatingMethodAccessorImpl.java:43)
	at java.base/java.lang.reflect.Method.invoke(Method.java:566)
	at org.apache.maven.surefire.util.ReflectionUtils.invokeMethodWithArray(ReflectionUtils.java:189)
	at org.apache.maven.surefire.booter.ProviderFactory$ProviderProxy.invoke(ProviderFactory.java:165)
	at org.apache.maven.surefire.booter.ProviderFactory.invokeProvider(ProviderFactory.java:85)
	at org.apache.maven.surefire.booter.ForkedBooter.runSuitesInProcess(ForkedBooter.java:115)
	at org.apache.maven.surefire.booter.ForkedBooter.main(ForkedBooter.java:75)

Running com.maxmind.minfraud.request.CreditCardTest
Tests run: 21, Failures: 0, Errors: 0, Skipped: 0, Time elapsed: 0.001 sec
Running com.maxmind.minfraud.request.EventTest
Tests run: 5, Failures: 0, Errors: 0, Skipped: 0, Time elapsed: 0 sec
Running com.maxmind.minfraud.request.OrderTest
Tests run: 13, Failures: 0, Errors: 0, Skipped: 0, Time elapsed: 0 sec
Running com.maxmind.minfraud.request.TransactionTest
Tests run: 13, Failures: 0, Errors: 0, Skipped: 0, Time elapsed: 0 sec
Running com.maxmind.minfraud.request.AccountTest
Tests run: 2, Failures: 0, Errors: 0, Skipped: 0, Time elapsed: 0 sec
Running com.maxmind.minfraud.request.CustomInputsTest
Tests run: 7, Failures: 0, Errors: 0, Skipped: 0, Time elapsed: 0 sec
Running com.maxmind.minfraud.request.EmailTest
Tests run: 12, Failures: 0, Errors: 0, Skipped: 0, Time elapsed: 0 sec
Running com.maxmind.minfraud.request.BillingTest
Tests run: 14, Failures: 0, Errors: 0, Skipped: 0, Time elapsed: 0 sec
Running com.maxmind.minfraud.request.TransactionReportTest
Tests run: 12, Failures: 0, Errors: 0, Skipped: 0, Time elapsed: 0.002 sec
Running com.maxmind.minfraud.request.ShoppingCartTest
Tests run: 5, Failures: 0, Errors: 0, Skipped: 0, Time elapsed: 0 sec
Running com.maxmind.minfraud.request.PaymentTest
Tests run: 3, Failures: 0, Errors: 0, Skipped: 0, Time elapsed: 0.001 sec
Running com.maxmind.minfraud.request.DeviceTest
Tests run: 7, Failures: 0, Errors: 0, Skipped: 0, Time elapsed: 0 sec
Running com.maxmind.minfraud.request.ShippingTest
Tests run: 15, Failures: 0, Errors: 0, Skipped: 0, Time elapsed: 0.001 sec

Results :

Failed tests:   test200WithInvalidJson(com.maxmind.minfraud.WebServiceClientTest): unexpected exception type thrown; expected:<com.maxmind.minfraud.exception.MinFraudException> but was:<java.lang.NoSuchMethodError>
  testInvalidAuth(ACCOUNT_ID_REQUIRED) [0](com.maxmind.minfraud.WebServiceClientTest): unexpected exception type thrown; expected:<com.maxmind.minfraud.exception.AuthenticationException> but was:<java.lang.NoSuchMethodError>
  testInvalidAuth(AUTHORIZATION_INVALID) [1](com.maxmind.minfraud.WebServiceClientTest): unexpected exception type thrown; expected:<com.maxmind.minfraud.exception.AuthenticationException> but was:<java.lang.NoSuchMethodError>
  testInvalidAuth(LICENSE_KEY_REQUIRED) [2](com.maxmind.minfraud.WebServiceClientTest): unexpected exception type thrown; expected:<com.maxmind.minfraud.exception.AuthenticationException> but was:<java.lang.NoSuchMethodError>
  testInvalidAuth(USER_ID_REQUIRED) [3](com.maxmind.minfraud.WebServiceClientTest): unexpected exception type thrown; expected:<com.maxmind.minfraud.exception.AuthenticationException> but was:<java.lang.NoSuchMethodError>
  test300(com.maxmind.minfraud.WebServiceClientTest): unexpected exception type thrown; expected:<com.maxmind.minfraud.exception.HttpException> but was:<java.lang.NoSuchMethodError>
  test500(com.maxmind.minfraud.WebServiceClientTest): unexpected exception type thrown; expected:<com.maxmind.minfraud.exception.HttpException> but was:<java.lang.NoSuchMethodError>
  testInsufficientCredit(com.maxmind.minfraud.WebServiceClientTest): unexpected exception type thrown; expected:<com.maxmind.minfraud.exception.InsufficientFundsException> but was:<java.lang.NoSuchMethodError>
  testInvalidRequest(com.maxmind.minfraud.WebServiceClientTest): unexpected exception type thrown; expected:<com.maxmind.minfraud.exception.InvalidRequestException> but was:<java.lang.NoSuchMethodError>
  testPermissionRequired(com.maxmind.minfraud.WebServiceClientTest): unexpected exception type thrown; expected:<com.maxmind.minfraud.exception.PermissionRequiredException> but was:<java.lang.NoSuchMethodError>
  test400WithNoBody(com.maxmind.minfraud.WebServiceClientTest): unexpected exception type thrown; expected:<com.maxmind.minfraud.exception.HttpException> but was:<java.lang.NoSuchMethodError>
  test400WithInvalidJson(com.maxmind.minfraud.WebServiceClientTest): unexpected exception type thrown; expected:<com.maxmind.minfraud.exception.HttpException> but was:<java.lang.NoSuchMethodError>
  test200WithNoBody(com.maxmind.minfraud.WebServiceClientTest): unexpected exception type thrown; expected:<com.maxmind.minfraud.exception.MinFraudException> but was:<java.lang.NoSuchMethodError>
  test400WithUnexpectedJson(com.maxmind.minfraud.WebServiceClientTest): unexpected exception type thrown; expected:<com.maxmind.minfraud.exception.HttpException> but was:<java.lang.NoSuchMethodError>
  test400WithUnexpectedContentType(com.maxmind.minfraud.WebServiceClientTest): unexpected exception type thrown; expected:<com.maxmind.minfraud.exception.HttpException> but was:<java.lang.NoSuchMethodError>

Tests in error: 
  testFullFactorsTransaction(com.maxmind.minfraud.WebServiceClientTest): 'boolean com.fasterxml.jackson.databind.SerializationConfig.hasExplicitTimeZone()'
  testFullScoreTransaction(com.maxmind.minfraud.WebServiceClientTest): 'boolean com.fasterxml.jackson.databind.SerializationConfig.hasExplicitTimeZone()'
  testFullInsightsTransaction(com.maxmind.minfraud.WebServiceClientTest): 'boolean com.fasterxml.jackson.databind.SerializationConfig.hasExplicitTimeZone()'
  testFullScoreTransactionWithEmailMd5(com.maxmind.minfraud.WebServiceClientTest): 'boolean com.fasterxml.jackson.databind.SerializationConfig.hasExplicitTimeZone()'

Tests run: 169, Failures: 15, Errors: 4, Skipped: 0

[INFO] ------------------------------------------------------------------------
[INFO] BUILD FAILURE
[INFO] ------------------------------------------------------------------------
[INFO] Total time:  4.245 s
[INFO] Finished at: 2023-01-13T20:01:50Z
[INFO] ------------------------------------------------------------------------
[ERROR] Failed to execute goal org.apache.maven.plugins:maven-surefire-plugin:2.12.4:test (default-test) on project minfraud: There are test failures.
[ERROR] 
[ERROR] Please refer to /home/gabsko/breaking-updates/target/surefire-reports for the individual test results.
[ERROR] -> [Help 1]
[ERROR] 
[ERROR] To see the full stack trace of the errors, re-run Maven with the -e switch.
[ERROR] Re-run Maven using the -X switch to enable full debug logging.
[ERROR] 
[ERROR] For more information about the errors and possible solutions, please read the following articles:
[ERROR] [Help 1] http://cwiki.apache.org/confluence/display/MAVEN/MojoFailureException
