[INFO] Scanning for projects...
[WARNING] The POM for org.jenkins-ci.tools:maven-hpi-plugin:jar:3.20 is missing, no dependency information available
[WARNING] Failed to build parent project for org.jenkins-ci.plugins:build-monitor:pom:1.13-SNAPSHOT
[INFO] ------------------------------------------------------------------------
[INFO] Reactor Build Order:
[INFO] 
[INFO] Build Monitor                                                      [pom]
[INFO] Build Monitor View                                                 [hpi]
[INFO] Build Monitor Acceptance Tests                                     [jar]
[INFO] 
[INFO] ----------------< org.jenkins-ci.plugins:build-monitor >----------------
[INFO] Building Build Monitor 1.13-SNAPSHOT                               [1/3]
[INFO] --------------------------------[ pom ]---------------------------------
[INFO] 
[INFO] --- maven-clean-plugin:3.1.0:clean (default-clean) @ build-monitor ---
[INFO] Deleting /home/gabsko/breaking-updates/target
[INFO] 
[INFO] --- maven-enforcer-plugin:3.0.0-M3:display-info (display-info) @ build-monitor ---
[INFO] Maven Version: 3.8.6
[INFO] JDK Version: 11.0.17 normalized as: 11.0.17
[INFO] OS Info: Arch: amd64 Family: unix Name: linux Version: 5.4.0-113-generic
[INFO] 
[INFO] --- maven-enforcer-plugin:3.0.0-M3:enforce (display-info) @ build-monitor ---
[INFO] Adding ignore: module-info
[INFO] Ignoring requireUpperBoundDeps in org.eclipse.jetty:jetty-webapp
[INFO] Ignoring requireUpperBoundDeps in org.eclipse.jetty:jetty-security
[INFO] Ignoring requireUpperBoundDeps in org.eclipse.jetty.websocket:websocket-api
[INFO] Ignoring requireUpperBoundDeps in org.eclipse.jetty.websocket:websocket-server
[INFO] 
[INFO] --- maven-enforcer-plugin:3.0.0-M3:enforce (no-snapshots-in-release) @ build-monitor ---
[INFO] 
[INFO] --- gmavenplus-plugin:1.13.0:addTestSources (test-in-groovy) @ build-monitor ---
[INFO] 
[INFO] --- localizer-maven-plugin:1.31:generate (default) @ build-monitor ---
[INFO] 
[INFO] --- gmavenplus-plugin:1.13.0:generateTestStubs (test-in-groovy) @ build-monitor ---
[INFO] No sources specified for stub generation. Skipping.
[INFO] Generated 0 stubs.
[INFO] 
[INFO] --- maven-antrun-plugin:3.0.0:run (createTempDir) @ build-monitor ---
[INFO] Executing tasks
[INFO]     [mkdir] Created dir: /home/gabsko/breaking-updates/target/tmp
[INFO] Executed tasks
[INFO] 
[INFO] --- gmavenplus-plugin:1.13.0:compileTests (test-in-groovy) @ build-monitor ---
[INFO] No sources specified for compilation. Skipping.
[INFO] 
[INFO] --- animal-sniffer-maven-plugin:1.20:check (check) @ build-monitor ---
[INFO] Resolved signature org.codehaus.mojo.signature:java18 version as 1.0 from dependencyManagement
[INFO] Checking unresolved references to org.codehaus.mojo.signature:java18:1.0
[INFO] 
[INFO] ------------< org.jenkins-ci.plugins:build-monitor-plugin >-------------
[INFO] Building Build Monitor View 1.13-SNAPSHOT                          [2/3]
[INFO] --------------------------------[ hpi ]---------------------------------
[INFO] 
[INFO] --- maven-clean-plugin:3.1.0:clean (default-clean) @ build-monitor-plugin ---
[INFO] Deleting /home/gabsko/breaking-updates/build-monitor-plugin/target
[INFO] 
[INFO] --- maven-hpi-plugin:3.20:validate (default-validate) @ build-monitor-plugin ---
[INFO] 
[INFO] --- maven-hpi-plugin:3.20:validate-hpi (default-validate-hpi) @ build-monitor-plugin ---
[INFO] 
[INFO] --- maven-enforcer-plugin:3.0.0-M3:display-info (display-info) @ build-monitor-plugin ---
[INFO] Maven Version: 3.8.6
[INFO] JDK Version: 11.0.17 normalized as: 11.0.17
[INFO] OS Info: Arch: amd64 Family: unix Name: linux Version: 5.4.0-113-generic
[INFO] 
[INFO] --- maven-enforcer-plugin:3.0.0-M3:enforce (display-info) @ build-monitor-plugin ---
[INFO] Adding ignore: module-info
[WARNING] Invalid bytecodeVersion for com.fasterxml.jackson.dataformat:jackson-dataformat-yaml:jar:2.13.0:compile : META-INF/versions/11/module-info.class: expected 55, but was 53
[WARNING] Invalid bytecodeVersion for com.fasterxml.jackson.datatype:jackson-datatype-json-org:jar:2.13.0:compile : META-INF/versions/11/module-info.class: expected 55, but was 53
[WARNING] Invalid bytecodeVersion for com.fasterxml.jackson.module:jackson-module-jaxb-annotations:jar:2.13.0:compile : META-INF/versions/11/module-info.class: expected 55, but was 53
[WARNING] Invalid bytecodeVersion for com.fasterxml.jackson.core:jackson-core:jar:2.13.0:compile : META-INF/versions/11/module-info.class: expected 55, but was 53
[WARNING] Invalid bytecodeVersion for com.fasterxml.jackson.datatype:jackson-datatype-jdk8:jar:2.13.0:compile : META-INF/versions/11/module-info.class: expected 55, but was 53
[WARNING] Invalid bytecodeVersion for com.fasterxml.jackson.core:jackson-databind:jar:2.13.0:compile : META-INF/versions/11/module-info.class: expected 55, but was 53
[WARNING] Invalid bytecodeVersion for com.fasterxml.jackson.module:jackson-module-parameter-names:jar:2.13.0:compile : META-INF/versions/11/module-info.class: expected 55, but was 53
[WARNING] Invalid bytecodeVersion for com.fasterxml.jackson.dataformat:jackson-dataformat-xml:jar:2.13.0:compile : META-INF/versions/11/module-info.class: expected 55, but was 53
[WARNING] Invalid bytecodeVersion for com.fasterxml.jackson.datatype:jackson-datatype-jsr310:jar:2.13.0:compile : META-INF/versions/11/module-info.class: expected 55, but was 53
[WARNING] Invalid bytecodeVersion for com.fasterxml.jackson.dataformat:jackson-dataformat-cbor:jar:2.13.0:compile : META-INF/versions/11/module-info.class: expected 55, but was 53
[INFO] Ignoring requireUpperBoundDeps in com.google.guava:guava
[INFO] Ignoring requireUpperBoundDeps in org.eclipse.jetty:jetty-webapp
[INFO] Ignoring requireUpperBoundDeps in org.eclipse.jetty:jetty-security
[INFO] Ignoring requireUpperBoundDeps in org.eclipse.jetty.websocket:websocket-api
[INFO] Ignoring requireUpperBoundDeps in org.eclipse.jetty.websocket:websocket-server
[INFO] 
[INFO] --- maven-enforcer-plugin:3.0.0-M3:enforce (no-snapshots-in-release) @ build-monitor-plugin ---
[INFO] 
[INFO] --- gmavenplus-plugin:1.13.0:addTestSources (test-in-groovy) @ build-monitor-plugin ---
[INFO] 
[INFO] --- jacoco-maven-plugin:0.8.7:prepare-agent (jacoco-initialize) @ build-monitor-plugin ---
[INFO] argLine set to -javaagent:/home/gabsko/.m2/repository/org/jacoco/org.jacoco.agent/0.8.7/org.jacoco.agent-0.8.7-runtime.jar=destfile=/home/gabsko/breaking-updates/build-monitor-plugin/target/coverage/jacoco-unit.exec -Xms768M -Xmx768M -XX:+HeapDumpOnOutOfMemoryError -XX:+TieredCompilation -XX:TieredStopAtLevel=1
[INFO] 
[INFO] --- localizer-maven-plugin:1.31:generate (default) @ build-monitor-plugin ---
[INFO] 
[INFO] --- maven-resources-plugin:3.2.0:resources (default-resources) @ build-monitor-plugin ---
[INFO] Using 'UTF-8' encoding to copy filtered resources.
[INFO] Using 'UTF-8' encoding to copy filtered properties files.
[INFO] Copying 10 resources
[INFO] 
[INFO] --- release-candidate-maven-plugin:1.0-201605132325.9e7d5be:version (default) @ build-monitor-plugin ---
[INFO] Detected version: '1.13-SNAPSHOT'
[INFO] 
[INFO] --- maven-compiler-plugin:3.8.1:compile (default-compile) @ build-monitor-plugin ---
[INFO] Changes detected - recompiling the module!
[INFO] Compiling 56 source files to /home/gabsko/breaking-updates/build-monitor-plugin/target/classes
[INFO] /home/gabsko/breaking-updates/build-monitor-plugin/src/main/java/com/smartcodeltd/jenkinsci/plugins/buildmonitor/facade/RelativeLocation.java: Some input files use or override a deprecated API.
[INFO] /home/gabsko/breaking-updates/build-monitor-plugin/src/main/java/com/smartcodeltd/jenkinsci/plugins/buildmonitor/facade/RelativeLocation.java: Recompile with -Xlint:deprecation for details.
[INFO] /home/gabsko/breaking-updates/build-monitor-plugin/src/main/java/com/smartcodeltd/jenkinsci/plugins/buildmonitor/viewmodel/JobView.java: Some input files use unchecked or unsafe operations.
[INFO] /home/gabsko/breaking-updates/build-monitor-plugin/src/main/java/com/smartcodeltd/jenkinsci/plugins/buildmonitor/viewmodel/JobView.java: Recompile with -Xlint:unchecked for details.
[INFO] 
[INFO] --- access-modifier-checker:1.25:enforce (default-enforce) @ build-monitor-plugin ---
[INFO] 
[INFO] --- maven-hpi-plugin:3.20:insert-test (default-insert-test) @ build-monitor-plugin ---
[INFO] 
[INFO] --- gmavenplus-plugin:1.13.0:generateTestStubs (test-in-groovy) @ build-monitor-plugin ---
[INFO] No sources specified for stub generation. Skipping.
[INFO] Generated 0 stubs.
[INFO] 
[INFO] --- maven-antrun-plugin:3.0.0:run (createTempDir) @ build-monitor-plugin ---
[INFO] Executing tasks
[INFO]     [mkdir] Created dir: /home/gabsko/breaking-updates/build-monitor-plugin/target/tmp
[INFO] Executed tasks
[INFO] 
[INFO] --- frontend-maven-plugin:1.12.0:install-node-and-npm (install node and npm) @ build-monitor-plugin ---
[INFO] Node v16.13.0 is already installed.
[INFO] NPM 8.1.0 is already installed.
[INFO] 
[INFO] --- frontend-maven-plugin:1.12.0:npm (npm install) @ build-monitor-plugin ---
[INFO] Running 'npm install --silent' in /home/gabsko/breaking-updates/build-monitor-plugin
[INFO] 
[INFO] --- maven-resources-plugin:3.2.0:testResources (default-testResources) @ build-monitor-plugin ---
[INFO] Using 'UTF-8' encoding to copy filtered resources.
[INFO] Using 'UTF-8' encoding to copy filtered properties files.
[INFO] Copying 10 resources
[INFO] 
[INFO] --- phantomjs-maven-plugin:0.7:install (default) @ build-monitor-plugin ---
[INFO] Resolved artifact /home/gabsko/.m2/repository/com/github/klieber/phantomjs/1.9.7/phantomjs-1.9.7-linux-x86_64.tar.bz2 from repo.jenkins-ci.org (https://repo.jenkins-ci.org/public/, default, releases+snapshots)
[INFO] Extracting /home/gabsko/.m2/repository/com/github/klieber/phantomjs/1.9.7/phantomjs-1.9.7-linux-x86_64.tar.bz2/phantomjs-1.9.7-linux-x86_64/bin/phantomjs to /home/gabsko/breaking-updates/build-monitor-plugin/target/phantomjs-maven-plugin/phantomjs-1.9.7-linux-x86_64/bin/phantomjs
[INFO] 
[INFO] --- maven-compiler-plugin:3.8.1:testCompile (default-testCompile) @ build-monitor-plugin ---
[INFO] Changes detected - recompiling the module!
[INFO] Compiling 30 source files to /home/gabsko/breaking-updates/build-monitor-plugin/target/test-classes
[INFO] /home/gabsko/breaking-updates/build-monitor-plugin/src/test/java/com/smartcodeltd/jenkinsci/plugins/buildmonitor/pipeline/PipelineHelperTest.java: Some input files use or override a deprecated API.
[INFO] /home/gabsko/breaking-updates/build-monitor-plugin/src/test/java/com/smartcodeltd/jenkinsci/plugins/buildmonitor/pipeline/PipelineHelperTest.java: Recompile with -Xlint:deprecation for details.
[INFO] /home/gabsko/breaking-updates/build-monitor-plugin/src/test/java/com/smartcodeltd/jenkinsci/plugins/buildmonitor/viewmodel/syntacticsugar/BuildStateRecipe.java: Some input files use unchecked or unsafe operations.
[INFO] /home/gabsko/breaking-updates/build-monitor-plugin/src/test/java/com/smartcodeltd/jenkinsci/plugins/buildmonitor/viewmodel/syntacticsugar/BuildStateRecipe.java: Recompile with -Xlint:unchecked for details.
[INFO] 
[INFO] --- maven-hpi-plugin:3.20:test-hpl (default-test-hpl) @ build-monitor-plugin ---
[INFO] Generating /home/gabsko/breaking-updates/build-monitor-plugin/target/test-classes/the.hpl
[INFO] webappDirectory does not exist, will use warSourceDirectory
[INFO] 
[INFO] --- maven-hpi-plugin:3.20:resolve-test-dependencies (default-resolve-test-dependencies) @ build-monitor-plugin ---
[INFO] Downloading from repo.jenkins-ci.org: https://repo.jenkins-ci.org/public/org/jenkins-ci/main/maven-plugin/1.448/maven-plugin-1.448.hpi
[INFO] Downloaded from repo.jenkins-ci.org: https://repo.jenkins-ci.org/public/org/jenkins-ci/main/maven-plugin/1.448/maven-plugin-1.448.hpi (11 MB at 3.8 MB/s)
[INFO] Downloading from repo.jenkins-ci.org: https://repo.jenkins-ci.org/public/org/jenkins-ci/plugins/buildgraph-view/1.8/buildgraph-view-1.8.hpi
[INFO] Downloaded from repo.jenkins-ci.org: https://repo.jenkins-ci.org/public/org/jenkins-ci/plugins/buildgraph-view/1.8/buildgraph-view-1.8.hpi (3.1 MB at 3.6 MB/s)
[INFO] Downloading from repo.jenkins-ci.org: https://repo.jenkins-ci.org/public/org/jenkins-ci/plugins/parameterized-trigger/2.18/parameterized-trigger-2.18.hpi
[INFO] Downloaded from repo.jenkins-ci.org: https://repo.jenkins-ci.org/public/org/jenkins-ci/plugins/parameterized-trigger/2.18/parameterized-trigger-2.18.hpi (128 kB at 183 kB/s)
[INFO] Downloading from repo.jenkins-ci.org: https://repo.jenkins-ci.org/public/org/jenkins-ci/plugins/promoted-builds/2.17/promoted-builds-2.17.hpi
[INFO] Downloaded from repo.jenkins-ci.org: https://repo.jenkins-ci.org/public/org/jenkins-ci/plugins/promoted-builds/2.17/promoted-builds-2.17.hpi (231 kB at 342 kB/s)
[INFO] 
[INFO] --- gmavenplus-plugin:1.13.0:compileTests (test-in-groovy) @ build-monitor-plugin ---
[INFO] No sources specified for compilation. Skipping.
[INFO] 
[INFO] --- maven-surefire-plugin:3.0.0-M4:test (default-test) @ build-monitor-plugin ---
[INFO] 
[INFO] -------------------------------------------------------
[INFO]  T E S T S
[INFO] -------------------------------------------------------
[INFO] Running InjectedTest
[ERROR] Tests run: 13, Failures: 0, Errors: 1, Skipped: 0, Time elapsed: 12.912 s <<< FAILURE! - in InjectedTest
[ERROR] org.jvnet.hudson.test.PluginAutomaticTestBuilder$OtherTests.testPluginActive  Time elapsed: 0.007 s  <<< ERROR!
java.lang.Error: Plugin git failed to start
	at org.jvnet.hudson.test.PluginAutomaticTestBuilder$OtherTests.testPluginActive(PluginAutomaticTestBuilder.java:99)
	at java.base/jdk.internal.reflect.NativeMethodAccessorImpl.invoke0(Native Method)
	at java.base/jdk.internal.reflect.NativeMethodAccessorImpl.invoke(NativeMethodAccessorImpl.java:62)
	at java.base/jdk.internal.reflect.DelegatingMethodAccessorImpl.invoke(DelegatingMethodAccessorImpl.java:43)
	at java.base/java.lang.reflect.Method.invoke(Method.java:566)
	at junit.framework.TestCase.runTest(TestCase.java:177)
	at junit.framework.TestCase.runBare(TestCase.java:142)
	at junit.framework.TestResult$1.protect(TestResult.java:122)
	at junit.framework.TestResult.runProtected(TestResult.java:142)
	at junit.framework.TestResult.run(TestResult.java:125)
	at junit.framework.TestCase.run(TestCase.java:130)
	at junit.framework.TestSuite.runTest(TestSuite.java:241)
	at junit.framework.TestSuite.run(TestSuite.java:236)
	at org.jvnet.hudson.test.junit.GroupedTest.runGroupedTests(GroupedTest.java:67)
	at org.jvnet.hudson.test.JellyTestSuiteBuilder$JellyTestSuite.doTests(JellyTestSuiteBuilder.java:152)
	at org.jvnet.hudson.test.JellyTestSuiteBuilder$JellyTestSuite.access$100(JellyTestSuiteBuilder.java:138)
	at org.jvnet.hudson.test.JellyTestSuiteBuilder$JellyTestSuite$2.call(JellyTestSuiteBuilder.java:160)
	at org.jvnet.hudson.test.HudsonTestCase$WebClient$5.run(HudsonTestCase.java:1528)
	at org.jvnet.hudson.test.ClosureExecuterAction.doIndex(ClosureExecuterAction.java:53)
	at java.base/java.lang.invoke.MethodHandle.invokeWithArguments(MethodHandle.java:710)
	at org.kohsuke.stapler.Function$MethodFunction.invoke(Function.java:396)
	at org.kohsuke.stapler.Function$InstanceFunction.invoke(Function.java:408)
	at org.kohsuke.stapler.Function.bindAndInvoke(Function.java:212)
	at org.kohsuke.stapler.Function.bindAndInvokeAndServeResponse(Function.java:145)
	at org.kohsuke.stapler.IndexDispatcher.dispatch(IndexDispatcher.java:27)
	at org.kohsuke.stapler.Stapler.tryInvoke(Stapler.java:766)
	at org.kohsuke.stapler.Stapler.invoke(Stapler.java:898)
	at org.kohsuke.stapler.MetaClass$9.dispatch(MetaClass.java:457)
	at org.kohsuke.stapler.Stapler.tryInvoke(Stapler.java:766)
	at org.kohsuke.stapler.Stapler.invoke(Stapler.java:898)
	at org.kohsuke.stapler.Stapler.invoke(Stapler.java:694)
	at org.kohsuke.stapler.Stapler.service(Stapler.java:240)
	at javax.servlet.http.HttpServlet.service(HttpServlet.java:820)
	at org.eclipse.jetty.servlet.ServletHolder.handle(ServletHolder.java:876)
	at org.eclipse.jetty.servlet.ServletHandler$CachedChain.doFilter(ServletHandler.java:1623)
	at hudson.util.PluginServletFilter$1.doFilter(PluginServletFilter.java:154)
	at jenkins.telemetry.impl.UserLanguages$AcceptLanguageFilter.doFilter(UserLanguages.java:129)
	at hudson.util.PluginServletFilter$1.doFilter(PluginServletFilter.java:151)
	at jenkins.security.ResourceDomainFilter.doFilter(ResourceDomainFilter.java:76)
	at hudson.util.PluginServletFilter$1.doFilter(PluginServletFilter.java:151)
	at com.smartcodeltd.jenkinsci.plugin.assetbundler.filters.LessCSS.doFilter(LessCSS.java:47)
	at hudson.util.PluginServletFilter$1.doFilter(PluginServletFilter.java:151)
	at hudson.util.PluginServletFilter.doFilter(PluginServletFilter.java:157)
	at org.eclipse.jetty.servlet.ServletHandler$CachedChain.doFilter(ServletHandler.java:1610)
	at hudson.security.csrf.CrumbFilter.doFilter(CrumbFilter.java:159)
	at org.eclipse.jetty.servlet.ServletHandler$CachedChain.doFilter(ServletHandler.java:1610)
	at hudson.security.ChainedServletFilter$1.doFilter(ChainedServletFilter.java:92)
	at hudson.security.ChainedServletFilter.doFilter(ChainedServletFilter.java:109)
	at hudson.security.HudsonFilter.doFilter(HudsonFilter.java:168)
	at org.eclipse.jetty.servlet.ServletHandler$CachedChain.doFilter(ServletHandler.java:1610)
	at org.kohsuke.stapler.compression.CompressionFilter.doFilter(CompressionFilter.java:51)
	at org.eclipse.jetty.servlet.ServletHandler$CachedChain.doFilter(ServletHandler.java:1610)
	at hudson.util.CharacterEncodingFilter.doFilter(CharacterEncodingFilter.java:82)
	at org.eclipse.jetty.servlet.ServletHandler$CachedChain.doFilter(ServletHandler.java:1610)
	at org.kohsuke.stapler.DiagnosticThreadNameFilter.doFilter(DiagnosticThreadNameFilter.java:30)
	at org.eclipse.jetty.servlet.ServletHandler$CachedChain.doFilter(ServletHandler.java:1610)
	at jenkins.security.SuspiciousRequestFilter.doFilter(SuspiciousRequestFilter.java:36)
	at org.eclipse.jetty.servlet.ServletHandler$CachedChain.doFilter(ServletHandler.java:1610)
	at org.eclipse.jetty.servlet.ServletHandler.doHandle(ServletHandler.java:540)
	at org.eclipse.jetty.server.handler.ScopedHandler.handle(ScopedHandler.java:146)
	at org.eclipse.jetty.security.SecurityHandler.handle(SecurityHandler.java:524)
	at org.eclipse.jetty.server.handler.HandlerWrapper.handle(HandlerWrapper.java:132)
	at org.eclipse.jetty.server.handler.ScopedHandler.nextHandle(ScopedHandler.java:257)
	at org.eclipse.jetty.server.session.SessionHandler.doHandle(SessionHandler.java:1711)
	at org.eclipse.jetty.server.handler.ScopedHandler.nextHandle(ScopedHandler.java:255)
	at org.eclipse.jetty.server.handler.ContextHandler.doHandle(ContextHandler.java:1347)
	at org.eclipse.jetty.server.handler.ScopedHandler.nextScope(ScopedHandler.java:203)
	at org.eclipse.jetty.servlet.ServletHandler.doScope(ServletHandler.java:480)
	at org.eclipse.jetty.server.session.SessionHandler.doScope(SessionHandler.java:1678)
	at org.eclipse.jetty.server.handler.ScopedHandler.nextScope(ScopedHandler.java:201)
	at org.eclipse.jetty.server.handler.ContextHandler.doScope(ContextHandler.java:1249)
	at org.eclipse.jetty.server.handler.ScopedHandler.handle(ScopedHandler.java:144)
	at org.eclipse.jetty.server.handler.HandlerWrapper.handle(HandlerWrapper.java:132)
	at org.eclipse.jetty.server.Server.handle(Server.java:505)
	at org.eclipse.jetty.server.HttpChannel.handle(HttpChannel.java:370)
	at org.eclipse.jetty.server.HttpConnection.onFillable(HttpConnection.java:267)
	at org.eclipse.jetty.io.AbstractConnection$ReadCallback.succeeded(AbstractConnection.java:305)
	at org.eclipse.jetty.io.FillInterest.fillable(FillInterest.java:103)
	at org.eclipse.jetty.io.ChannelEndPoint$2.run(ChannelEndPoint.java:117)
	at org.eclipse.jetty.util.thread.QueuedThreadPool.runJob(QueuedThreadPool.java:781)
	at org.eclipse.jetty.util.thread.QueuedThreadPool$Runner.run(QueuedThreadPool.java:917)
	at java.base/java.lang.Thread.run(Thread.java:829)
Caused by: java.io.IOException: Failed to load: Jenkins Git plugin (4.10.0)
 - Update required: Jenkins Parameterized Trigger plugin (2.18) to be updated to 2.39 or higher
 - Update required: Jenkins promoted builds plugin (2.17) to be updated to 3.9.1 or higher
	at hudson.PluginWrapper.resolvePluginDependencies(PluginWrapper.java:963)
	at hudson.PluginManager$2$1$1.run(PluginManager.java:550)
	at org.jvnet.hudson.reactor.TaskGraphBuilder$TaskImpl.run(TaskGraphBuilder.java:169)
	at org.jvnet.hudson.reactor.Reactor.runTask(Reactor.java:296)
	at jenkins.model.Jenkins$5.runTask(Jenkins.java:1129)
	at org.jvnet.hudson.reactor.Reactor$2.run(Reactor.java:214)
	at org.jvnet.hudson.reactor.Reactor$Node.run(Reactor.java:117)
	at jenkins.security.ImpersonatingExecutorService$1.run(ImpersonatingExecutorService.java:68)
	at java.base/java.util.concurrent.ThreadPoolExecutor.runWorker(ThreadPoolExecutor.java:1128)
	at java.base/java.util.concurrent.ThreadPoolExecutor$Worker.run(ThreadPoolExecutor.java:628)
	... 1 more

[INFO] Running com.smartcodeltd.jenkinsci.plugin.assetbundler.PathToAssetTest
[INFO] Tests run: 3, Failures: 0, Errors: 0, Skipped: 0, Time elapsed: 0.082 s - in com.smartcodeltd.jenkinsci.plugin.assetbundler.PathToAssetTest
[INFO] Running com.smartcodeltd.jenkinsci.plugins.buildmonitor.BuildMonitorDescriptorTest
[INFO] Tests run: 2, Failures: 0, Errors: 0, Skipped: 0, Time elapsed: 10.954 s - in com.smartcodeltd.jenkinsci.plugins.buildmonitor.BuildMonitorDescriptorTest
[INFO] Running com.smartcodeltd.jenkinsci.plugins.buildmonitor.installation.BuildMonitorInstallationTest
[INFO] Tests run: 2, Failures: 0, Errors: 0, Skipped: 0, Time elapsed: 1.097 s - in com.smartcodeltd.jenkinsci.plugins.buildmonitor.installation.BuildMonitorInstallationTest
[INFO] Running com.smartcodeltd.jenkinsci.plugins.buildmonitor.jcasc.ConfigurationAsCodeTest
[INFO] Tests run: 2, Failures: 0, Errors: 0, Skipped: 0, Time elapsed: 10.662 s - in com.smartcodeltd.jenkinsci.plugins.buildmonitor.jcasc.ConfigurationAsCodeTest
[INFO] Running com.smartcodeltd.jenkinsci.plugins.buildmonitor.pipeline.BreadthFirstNodeTraversalTest
[INFO] Tests run: 2, Failures: 0, Errors: 0, Skipped: 0, Time elapsed: 0.071 s - in com.smartcodeltd.jenkinsci.plugins.buildmonitor.pipeline.BreadthFirstNodeTraversalTest
[INFO] Running com.smartcodeltd.jenkinsci.plugins.buildmonitor.pipeline.PipelineHelperTest
[INFO] Tests run: 2, Failures: 0, Errors: 0, Skipped: 0, Time elapsed: 2.38 s - in com.smartcodeltd.jenkinsci.plugins.buildmonitor.pipeline.PipelineHelperTest
[INFO] Running com.smartcodeltd.jenkinsci.plugins.buildmonitor.viewmodel.BuildViewTest
[INFO] Tests run: 1, Failures: 0, Errors: 0, Skipped: 0, Time elapsed: 2.81 s - in com.smartcodeltd.jenkinsci.plugins.buildmonitor.viewmodel.BuildViewTest
[INFO] Running com.smartcodeltd.jenkinsci.plugins.buildmonitor.viewmodel.JobViewTest
[INFO] Tests run: 23, Failures: 0, Errors: 0, Skipped: 0, Time elapsed: 3.448 s - in com.smartcodeltd.jenkinsci.plugins.buildmonitor.viewmodel.JobViewTest
[INFO] Running com.smartcodeltd.jenkinsci.plugins.buildmonitor.viewmodel.features.CanBeClaimedTest
[INFO] Tests run: 3, Failures: 0, Errors: 0, Skipped: 0, Time elapsed: 3.069 s - in com.smartcodeltd.jenkinsci.plugins.buildmonitor.viewmodel.features.CanBeClaimedTest
[INFO] Running com.smartcodeltd.jenkinsci.plugins.buildmonitor.viewmodel.features.CanBeDiagnosedForProblemsTest
[INFO] Tests run: 1, Failures: 0, Errors: 0, Skipped: 0, Time elapsed: 3.065 s - in com.smartcodeltd.jenkinsci.plugins.buildmonitor.viewmodel.features.CanBeDiagnosedForProblemsTest
[INFO] Running com.smartcodeltd.jenkinsci.plugins.buildmonitor.viewmodel.features.HasBadgesBadgePluginTest
[INFO] Tests run: 4, Failures: 0, Errors: 0, Skipped: 0, Time elapsed: 3.277 s - in com.smartcodeltd.jenkinsci.plugins.buildmonitor.viewmodel.features.HasBadgesBadgePluginTest
[INFO] Running com.smartcodeltd.jenkinsci.plugins.buildmonitor.viewmodel.features.HasHeadlineShowingFailedBuildDetailsTest
[INFO] Tests run: 7, Failures: 0, Errors: 0, Skipped: 0, Time elapsed: 3.16 s - in com.smartcodeltd.jenkinsci.plugins.buildmonitor.viewmodel.features.HasHeadlineShowingFailedBuildDetailsTest
[INFO] Running com.smartcodeltd.jenkinsci.plugins.buildmonitor.viewmodel.features.HasHeadlineShowingFixedBuildDetailsTest
[INFO] Tests run: 6, Failures: 0, Errors: 0, Skipped: 0, Time elapsed: 3.115 s - in com.smartcodeltd.jenkinsci.plugins.buildmonitor.viewmodel.features.HasHeadlineShowingFixedBuildDetailsTest
[INFO] Running com.smartcodeltd.jenkinsci.plugins.buildmonitor.viewmodel.features.HasHeadlineShowingRunningBuildDetailsTest
[INFO] Tests run: 4, Failures: 0, Errors: 0, Skipped: 0, Time elapsed: 3.015 s - in com.smartcodeltd.jenkinsci.plugins.buildmonitor.viewmodel.features.HasHeadlineShowingRunningBuildDetailsTest
[INFO] Running com.smartcodeltd.jenkinsci.plugins.buildmonitor.viewmodel.features.HasHeadlineWhichShowsNothingTest
[INFO] Tests run: 1, Failures: 0, Errors: 0, Skipped: 0, Time elapsed: 1.738 s - in com.smartcodeltd.jenkinsci.plugins.buildmonitor.viewmodel.features.HasHeadlineWhichShowsNothingTest
[INFO] Running com.smartcodeltd.jenkinsci.plugins.buildmonitor.viewmodel.features.KnowsCurrentBuildsDetailsTest
[INFO] Tests run: 4, Failures: 0, Errors: 0, Skipped: 0, Time elapsed: 3.093 s - in com.smartcodeltd.jenkinsci.plugins.buildmonitor.viewmodel.features.KnowsCurrentBuildsDetailsTest
[INFO] Running com.smartcodeltd.jenkinsci.plugins.buildmonitor.viewmodel.features.KnowsLastCompletedBuildDetailsTest
[INFO] Tests run: 5, Failures: 0, Errors: 0, Skipped: 0, Time elapsed: 3.124 s - in com.smartcodeltd.jenkinsci.plugins.buildmonitor.viewmodel.features.KnowsLastCompletedBuildDetailsTest
[INFO] Running com.smartcodeltd.jenkinsci.plugins.buildmonitor.viewmodel.readability.ListerTest
[INFO] Tests run: 7, Failures: 0, Errors: 0, Skipped: 0, Time elapsed: 0.096 s - in com.smartcodeltd.jenkinsci.plugins.buildmonitor.viewmodel.readability.ListerTest
[INFO] Running com.smartcodeltd.jenkinsci.plugins.buildmonitor.viewmodel.readability.PluraliserTest
[INFO] Tests run: 3, Failures: 0, Errors: 0, Skipped: 0, Time elapsed: 0.064 s - in com.smartcodeltd.jenkinsci.plugins.buildmonitor.viewmodel.readability.PluraliserTest
[INFO] 
[INFO] Results:
[INFO] 
[ERROR] Errors: 
[ERROR]   PluginAutomaticTestBuilder$OtherTests.testPluginActive:99  Plugin git failed t...
[INFO] 
[ERROR] Tests run: 95, Failures: 0, Errors: 1, Skipped: 0
[INFO] 
[INFO] ------------------------------------------------------------------------
[INFO] Reactor Summary for Build Monitor 1.13-SNAPSHOT:
[INFO] 
[INFO] Build Monitor ...................................... SUCCESS [  2.717 s]
[INFO] Build Monitor View ................................. FAILURE [01:48 min]
[INFO] Build Monitor Acceptance Tests ..................... SKIPPED
[INFO] ------------------------------------------------------------------------
[INFO] BUILD FAILURE
[INFO] ------------------------------------------------------------------------
[INFO] Total time:  01:51 min
[INFO] Finished at: 2023-01-13T18:38:39Z
[INFO] ------------------------------------------------------------------------
[ERROR] Failed to execute goal org.apache.maven.plugins:maven-surefire-plugin:3.0.0-M4:test (default-test) on project build-monitor-plugin: There are test failures.
[ERROR] 
[ERROR] Please refer to /home/gabsko/breaking-updates/build-monitor-plugin/target/surefire-reports for the individual test results.
[ERROR] Please refer to dump files (if any exist) [date].dump, [date]-jvmRun[N].dump and [date].dumpstream.
[ERROR] -> [Help 1]
[ERROR] 
[ERROR] To see the full stack trace of the errors, re-run Maven with the -e switch.
[ERROR] Re-run Maven using the -X switch to enable full debug logging.
[ERROR] 
[ERROR] For more information about the errors and possible solutions, please read the following articles:
[ERROR] [Help 1] http://cwiki.apache.org/confluence/display/MAVEN/MojoFailureException
[ERROR] 
[ERROR] After correcting the problems, you can resume the build with the command
[ERROR]   mvn <args> -rf :build-monitor-plugin
