[INFO] Scanning for projects...
[INFO] ------------------------------------------------------------------------
[INFO] Reactor Build Order:
[INFO] 
[INFO] SmallRye Health: Parent                                            [pom]
[INFO] SmallRye Health: API                                               [jar]
[INFO] SmallRye Health: Implementation                                    [jar]
[INFO] SmallRye Health: Test Suite Parent                                 [pom]
[INFO] SmallRye Health: TCK                                               [jar]
[INFO] SmallRye Health: Experimental Test Suite                           [jar]
[INFO] SmallRye Health: UI                                                [jar]
[INFO] SmallRye Health: Provided Health Checks                            [jar]
[INFO] SmallRye Health: Empty Release Project to Avoid Maven Bug          [pom]
[INFO] 
[INFO] -----------------< io.smallrye:smallrye-health-parent >-----------------
[INFO] Building SmallRye Health: Parent 3.1.0-SNAPSHOT                    [1/9]
[INFO] --------------------------------[ pom ]---------------------------------
[INFO] 
[INFO] --- maven-clean-plugin:2.5:clean (default-clean) @ smallrye-health-parent ---
[INFO] 
[INFO] --- formatter-maven-plugin:2.14.0:format (default) @ smallrye-health-parent ---
[INFO] Using 'UTF-8' encoding to format source files.
[INFO] Number of files to be formatted: 0
[INFO] 
[INFO] --- impsort-maven-plugin:1.5.0:sort (sort-imports) @ smallrye-health-parent ---
[INFO] Using compiler compliance level: JAVA_8
[INFO]  Total Files Processed: 0 in 00:00.001
[INFO]         Already Sorted: 0
[INFO]         Needed Sorting: 0
[INFO] 
[INFO] --- maven-compiler-plugin:3.8.1:compile (default-compile) @ smallrye-health-parent ---
[INFO] No sources to compile
[INFO] 
[INFO] ------------------< io.smallrye:smallrye-health-api >-------------------
[INFO] Building SmallRye Health: API 3.1.0-SNAPSHOT                       [2/9]
[INFO] --------------------------------[ jar ]---------------------------------
[INFO] 
[INFO] --- maven-clean-plugin:2.5:clean (default-clean) @ smallrye-health-api ---
[INFO] Deleting /home/gabsko/breaking-updates/api/target
[INFO] 
[INFO] --- formatter-maven-plugin:2.14.0:format (default) @ smallrye-health-api ---
[INFO] Using 'UTF-8' encoding to format source files.
[INFO] Number of files to be formatted: 6
[INFO] Successfully formatted:          0 file(s)
[INFO] Fail to format:                  0 file(s)
[INFO] Skipped:                         6 file(s)
[INFO] Read only skipped:               0 file(s)
[INFO] Approximate time taken:          0s
[INFO] 
[INFO] --- impsort-maven-plugin:1.5.0:sort (sort-imports) @ smallrye-health-api ---
[INFO] Using compiler compliance level: JAVA_8
[INFO]  Total Files Processed: 6 in 00:00.209
[INFO]         Already Sorted: 6
[INFO]         Needed Sorting: 0
[INFO] 
[INFO] --- maven-resources-plugin:2.6:resources (default-resources) @ smallrye-health-api ---
[INFO] Using 'UTF-8' encoding to copy filtered resources.
[INFO] skip non existing resourceDirectory /home/gabsko/breaking-updates/api/src/main/resources
[INFO] 
[INFO] --- maven-compiler-plugin:3.8.1:compile (default-compile) @ smallrye-health-api ---
[INFO] Changes detected - recompiling the module!
[INFO] Compiling 6 source files to /home/gabsko/breaking-updates/api/target/classes
[INFO] 
[INFO] --- maven-resources-plugin:2.6:testResources (default-testResources) @ smallrye-health-api ---
[INFO] Using 'UTF-8' encoding to copy filtered resources.
[INFO] skip non existing resourceDirectory /home/gabsko/breaking-updates/api/src/test/resources
[INFO] 
[INFO] --- maven-compiler-plugin:3.8.1:testCompile (default-testCompile) @ smallrye-health-api ---
[INFO] No sources to compile
[INFO] 
[INFO] --- maven-surefire-plugin:2.22.2:test (default-test) @ smallrye-health-api ---
[INFO] No tests to run.
[INFO] 
[INFO] --------------------< io.smallrye:smallrye-health >---------------------
[INFO] Building SmallRye Health: Implementation 3.1.0-SNAPSHOT            [3/9]
[INFO] --------------------------------[ jar ]---------------------------------
[INFO] 
[INFO] --- maven-clean-plugin:2.5:clean (default-clean) @ smallrye-health ---
[INFO] Deleting /home/gabsko/breaking-updates/implementation/target
[INFO] 
[INFO] --- formatter-maven-plugin:2.14.0:format (default) @ smallrye-health ---
[INFO] Using 'UTF-8' encoding to format source files.
[INFO] Number of files to be formatted: 17
[INFO] Successfully formatted:          0 file(s)
[INFO] Fail to format:                  0 file(s)
[INFO] Skipped:                         17 file(s)
[INFO] Read only skipped:               0 file(s)
[INFO] Approximate time taken:          0s
[INFO] 
[INFO] --- impsort-maven-plugin:1.5.0:sort (sort-imports) @ smallrye-health ---
[INFO] Using compiler compliance level: JAVA_8
[INFO]  Total Files Processed: 17 in 00:00.135
[INFO]         Already Sorted: 17
[INFO]         Needed Sorting:  0
[INFO] 
[INFO] --- maven-resources-plugin:2.6:resources (default-resources) @ smallrye-health ---
[INFO] Using 'UTF-8' encoding to copy filtered resources.
[INFO] Copying 2 resources
[INFO] 
[INFO] --- maven-compiler-plugin:3.8.1:compile (default-compile) @ smallrye-health ---
[INFO] Changes detected - recompiling the module!
[INFO] Compiling 12 source files to /home/gabsko/breaking-updates/implementation/target/classes
[INFO] 
[INFO] --- maven-resources-plugin:2.6:testResources (default-testResources) @ smallrye-health ---
[INFO] Using 'UTF-8' encoding to copy filtered resources.
[INFO] skip non existing resourceDirectory /home/gabsko/breaking-updates/implementation/src/test/resources
[INFO] 
[INFO] --- maven-compiler-plugin:3.8.1:testCompile (default-testCompile) @ smallrye-health ---
[INFO] Changes detected - recompiling the module!
[INFO] Compiling 5 source files to /home/gabsko/breaking-updates/implementation/target/test-classes
[INFO] 
[INFO] --- maven-surefire-plugin:2.22.2:test (default-test) @ smallrye-health ---
[INFO] 
[INFO] -------------------------------------------------------
[INFO]  T E S T S
[INFO] -------------------------------------------------------
[INFO] Running io.smallrye.health.HealthCheckResponseProviderTest
[INFO] Tests run: 1, Failures: 0, Errors: 0, Skipped: 0, Time elapsed: 0.039 s - in io.smallrye.health.HealthCheckResponseProviderTest
[INFO] Running io.smallrye.health.ResponseBuilderTest
[INFO] Tests run: 2, Failures: 0, Errors: 0, Skipped: 0, Time elapsed: 0 s - in io.smallrye.health.ResponseBuilderTest
[INFO] Running io.smallrye.health.HealthRegistryTest
[INFO] Tests run: 3, Failures: 0, Errors: 0, Skipped: 0, Time elapsed: 0.014 s - in io.smallrye.health.HealthRegistryTest
[INFO] Running io.smallrye.health.SmallRyeHealthReporterTest
Jan 18, 2023 10:25:20 AM io.smallrye.health.AsyncHealthCheckFactory handleFailure
ERROR: SRHCK01000: Error processing Health Checks
java.lang.RuntimeException: this health check has failed
	at io.smallrye.health.SmallRyeHealthReporterTest$FailingHealthCheck.call(SmallRyeHealthReporterTest.java:48)
	at io.smallrye.mutiny.operators.uni.builders.UniCreateFromItemSupplier.subscribe(UniCreateFromItemSupplier.java:28)
	at io.smallrye.mutiny.operators.AbstractUni.subscribe(AbstractUni.java:37)
	at io.smallrye.mutiny.operators.uni.UniOnFailureFlatMap.subscribe(UniOnFailureFlatMap.java:31)
	at io.smallrye.mutiny.operators.AbstractUni.subscribe(AbstractUni.java:37)
	at io.smallrye.mutiny.operators.uni.UniOnItemTransform.subscribe(UniOnItemTransform.java:22)
	at io.smallrye.mutiny.operators.AbstractUni.subscribe(AbstractUni.java:37)
	at io.smallrye.mutiny.operators.uni.UniAndCombination$UniHandler.subscribe(UniAndCombination.java:203)
	at java.base/java.util.ArrayList.forEach(ArrayList.java:1541)
	at io.smallrye.mutiny.operators.uni.UniAndCombination$AndSupervisor.run(UniAndCombination.java:71)
	at io.smallrye.mutiny.operators.uni.UniAndCombination$AndSupervisor.access$000(UniAndCombination.java:53)
	at io.smallrye.mutiny.operators.uni.UniAndCombination.subscribe(UniAndCombination.java:50)
	at io.smallrye.mutiny.operators.AbstractUni.subscribe(AbstractUni.java:37)
	at io.smallrye.mutiny.operators.uni.UniBlockingAwait.await(UniBlockingAwait.java:54)
	at io.smallrye.mutiny.groups.UniAwait.atMost(UniAwait.java:61)
	at io.smallrye.health.SmallRyeHealthReporter.getHealth(SmallRyeHealthReporter.java:178)
	at io.smallrye.health.SmallRyeHealthReporterTest.lambda$testGetHealthWithFailingCheckAndStyleStackTrace$9(SmallRyeHealthReporterTest.java:184)
	at io.smallrye.health.SmallRyeHealthReporterTest.testGetHealthWithFailingCheckAndStyleStackTrace(SmallRyeHealthReporterTest.java:495)
	at io.smallrye.health.SmallRyeHealthReporterTest.testGetHealthWithFailingCheckAndStyleStackTrace(SmallRyeHealthReporterTest.java:181)
	at java.base/jdk.internal.reflect.NativeMethodAccessorImpl.invoke0(Native Method)
	at java.base/jdk.internal.reflect.NativeMethodAccessorImpl.invoke(NativeMethodAccessorImpl.java:62)
	at java.base/jdk.internal.reflect.DelegatingMethodAccessorImpl.invoke(DelegatingMethodAccessorImpl.java:43)
	at java.base/java.lang.reflect.Method.invoke(Method.java:566)
	at org.junit.runners.model.FrameworkMethod$1.runReflectiveCall(FrameworkMethod.java:59)
	at org.junit.internal.runners.model.ReflectiveCallable.run(ReflectiveCallable.java:12)
	at org.junit.runners.model.FrameworkMethod.invokeExplosively(FrameworkMethod.java:56)
	at org.junit.internal.runners.statements.InvokeMethod.evaluate(InvokeMethod.java:17)
	at org.junit.internal.runners.statements.RunBefores.evaluate(RunBefores.java:26)
	at org.junit.runners.ParentRunner$3.evaluate(ParentRunner.java:306)
	at org.junit.runners.BlockJUnit4ClassRunner$1.evaluate(BlockJUnit4ClassRunner.java:100)
	at org.junit.runners.ParentRunner.runLeaf(ParentRunner.java:366)
	at org.junit.runners.BlockJUnit4ClassRunner.runChild(BlockJUnit4ClassRunner.java:103)
	at org.junit.runners.BlockJUnit4ClassRunner.runChild(BlockJUnit4ClassRunner.java:63)
	at org.junit.runners.ParentRunner$4.run(ParentRunner.java:331)
	at org.junit.runners.ParentRunner$1.schedule(ParentRunner.java:79)
	at org.junit.runners.ParentRunner.runChildren(ParentRunner.java:329)
	at org.junit.runners.ParentRunner.access$100(ParentRunner.java:66)
	at org.junit.runners.ParentRunner$2.evaluate(ParentRunner.java:293)
	at org.junit.runners.ParentRunner$3.evaluate(ParentRunner.java:306)
	at org.junit.runners.ParentRunner.run(ParentRunner.java:413)
	at org.apache.maven.surefire.junit4.JUnit4Provider.execute(JUnit4Provider.java:365)
	at org.apache.maven.surefire.junit4.JUnit4Provider.executeWithRerun(JUnit4Provider.java:273)
	at org.apache.maven.surefire.junit4.JUnit4Provider.executeTestSet(JUnit4Provider.java:238)
	at org.apache.maven.surefire.junit4.JUnit4Provider.invoke(JUnit4Provider.java:159)
	at org.apache.maven.surefire.booter.ForkedBooter.invokeProviderInSameClassLoader(ForkedBooter.java:384)
	at org.apache.maven.surefire.booter.ForkedBooter.runSuitesInProcess(ForkedBooter.java:345)
	at org.apache.maven.surefire.booter.ForkedBooter.execute(ForkedBooter.java:126)
	at org.apache.maven.surefire.booter.ForkedBooter.main(ForkedBooter.java:418)

Jan 18, 2023 10:25:20 AM io.smallrye.health.AsyncHealthCheckFactory handleFailure
ERROR: SRHCK01000: Error processing Health Checks
java.lang.RuntimeException: this health check has failed
	at io.smallrye.health.SmallRyeHealthReporterTest$FailingAsyncHealthCheck.call(SmallRyeHealthReporterTest.java:69)
	at io.smallrye.mutiny.operators.uni.builders.UniCreateFromDeferredSupplier.subscribe(UniCreateFromDeferredSupplier.java:25)
	at io.smallrye.mutiny.operators.AbstractUni.subscribe(AbstractUni.java:37)
	at io.smallrye.mutiny.operators.uni.UniOnFailureFlatMap.subscribe(UniOnFailureFlatMap.java:31)
	at io.smallrye.mutiny.operators.AbstractUni.subscribe(AbstractUni.java:37)
	at io.smallrye.mutiny.operators.uni.UniOnItemTransform.subscribe(UniOnItemTransform.java:22)
	at io.smallrye.mutiny.operators.AbstractUni.subscribe(AbstractUni.java:37)
	at io.smallrye.mutiny.operators.uni.UniAndCombination$UniHandler.subscribe(UniAndCombination.java:203)
	at java.base/java.util.ArrayList.forEach(ArrayList.java:1541)
	at io.smallrye.mutiny.operators.uni.UniAndCombination$AndSupervisor.run(UniAndCombination.java:71)
	at io.smallrye.mutiny.operators.uni.UniAndCombination$AndSupervisor.access$000(UniAndCombination.java:53)
	at io.smallrye.mutiny.operators.uni.UniAndCombination.subscribe(UniAndCombination.java:50)
	at io.smallrye.mutiny.operators.AbstractUni.subscribe(AbstractUni.java:37)
	at io.smallrye.mutiny.operators.uni.UniBlockingAwait.await(UniBlockingAwait.java:54)
	at io.smallrye.mutiny.groups.UniAwait.atMost(UniAwait.java:61)
	at io.smallrye.health.SmallRyeHealthReporterTest.lambda$testGetHealthWithFailingCheckAndStyleNoneAsync$8(SmallRyeHealthReporterTest.java:175)
	at io.smallrye.health.SmallRyeHealthReporterTest.testGetHealthWithFailingCheckAndStyleNone(SmallRyeHealthReporterTest.java:482)
	at io.smallrye.health.SmallRyeHealthReporterTest.testGetHealthWithFailingCheckAndStyleNoneAsync(SmallRyeHealthReporterTest.java:172)
	at java.base/jdk.internal.reflect.NativeMethodAccessorImpl.invoke0(Native Method)
	at java.base/jdk.internal.reflect.NativeMethodAccessorImpl.invoke(NativeMethodAccessorImpl.java:62)
	at java.base/jdk.internal.reflect.DelegatingMethodAccessorImpl.invoke(DelegatingMethodAccessorImpl.java:43)
	at java.base/java.lang.reflect.Method.invoke(Method.java:566)
	at org.junit.runners.model.FrameworkMethod$1.runReflectiveCall(FrameworkMethod.java:59)
	at org.junit.internal.runners.model.ReflectiveCallable.run(ReflectiveCallable.java:12)
	at org.junit.runners.model.FrameworkMethod.invokeExplosively(FrameworkMethod.java:56)
	at org.junit.internal.runners.statements.InvokeMethod.evaluate(InvokeMethod.java:17)
	at org.junit.internal.runners.statements.RunBefores.evaluate(RunBefores.java:26)
	at org.junit.runners.ParentRunner$3.evaluate(ParentRunner.java:306)
	at org.junit.runners.BlockJUnit4ClassRunner$1.evaluate(BlockJUnit4ClassRunner.java:100)
	at org.junit.runners.ParentRunner.runLeaf(ParentRunner.java:366)
	at org.junit.runners.BlockJUnit4ClassRunner.runChild(BlockJUnit4ClassRunner.java:103)
	at org.junit.runners.BlockJUnit4ClassRunner.runChild(BlockJUnit4ClassRunner.java:63)
	at org.junit.runners.ParentRunner$4.run(ParentRunner.java:331)
	at org.junit.runners.ParentRunner$1.schedule(ParentRunner.java:79)
	at org.junit.runners.ParentRunner.runChildren(ParentRunner.java:329)
	at org.junit.runners.ParentRunner.access$100(ParentRunner.java:66)
	at org.junit.runners.ParentRunner$2.evaluate(ParentRunner.java:293)
	at org.junit.runners.ParentRunner$3.evaluate(ParentRunner.java:306)
	at org.junit.runners.ParentRunner.run(ParentRunner.java:413)
	at org.apache.maven.surefire.junit4.JUnit4Provider.execute(JUnit4Provider.java:365)
	at org.apache.maven.surefire.junit4.JUnit4Provider.executeWithRerun(JUnit4Provider.java:273)
	at org.apache.maven.surefire.junit4.JUnit4Provider.executeTestSet(JUnit4Provider.java:238)
	at org.apache.maven.surefire.junit4.JUnit4Provider.invoke(JUnit4Provider.java:159)
	at org.apache.maven.surefire.booter.ForkedBooter.invokeProviderInSameClassLoader(ForkedBooter.java:384)
	at org.apache.maven.surefire.booter.ForkedBooter.runSuitesInProcess(ForkedBooter.java:345)
	at org.apache.maven.surefire.booter.ForkedBooter.execute(ForkedBooter.java:126)
	at org.apache.maven.surefire.booter.ForkedBooter.main(ForkedBooter.java:418)

Jan 18, 2023 10:25:20 AM io.smallrye.health.AsyncHealthCheckFactory handleFailure
ERROR: SRHCK01000: Error processing Health Checks
java.lang.RuntimeException: this health check has failed
	at io.smallrye.health.SmallRyeHealthReporterTest$FailingAsyncHealthCheck.call(SmallRyeHealthReporterTest.java:69)
	at io.smallrye.mutiny.operators.uni.builders.UniCreateFromDeferredSupplier.subscribe(UniCreateFromDeferredSupplier.java:25)
	at io.smallrye.mutiny.operators.AbstractUni.subscribe(AbstractUni.java:37)
	at io.smallrye.mutiny.operators.uni.UniOnFailureFlatMap.subscribe(UniOnFailureFlatMap.java:31)
	at io.smallrye.mutiny.operators.AbstractUni.subscribe(AbstractUni.java:37)
	at io.smallrye.mutiny.operators.uni.UniOnItemTransform.subscribe(UniOnItemTransform.java:22)
	at io.smallrye.mutiny.operators.AbstractUni.subscribe(AbstractUni.java:37)
	at io.smallrye.mutiny.operators.uni.UniAndCombination$UniHandler.subscribe(UniAndCombination.java:203)
	at java.base/java.util.ArrayList.forEach(ArrayList.java:1541)
	at io.smallrye.mutiny.operators.uni.UniAndCombination$AndSupervisor.run(UniAndCombination.java:71)
	at io.smallrye.mutiny.operators.uni.UniAndCombination$AndSupervisor.access$000(UniAndCombination.java:53)
	at io.smallrye.mutiny.operators.uni.UniAndCombination.subscribe(UniAndCombination.java:50)
	at io.smallrye.mutiny.operators.AbstractUni.subscribe(AbstractUni.java:37)
	at io.smallrye.mutiny.operators.uni.UniBlockingAwait.await(UniBlockingAwait.java:54)
	at io.smallrye.mutiny.groups.UniAwait.atMost(UniAwait.java:61)
	at io.smallrye.health.SmallRyeHealthReporterTest.lambda$testGetHealthWithMixedChecksAndStyleNoneAsync$14(SmallRyeHealthReporterTest.java:237)
	at io.smallrye.health.SmallRyeHealthReporterTest.testGetHealthWithMixedChecksAndStyleNone(SmallRyeHealthReporterTest.java:533)
	at io.smallrye.health.SmallRyeHealthReporterTest.testGetHealthWithMixedChecksAndStyleNoneAsync(SmallRyeHealthReporterTest.java:232)
	at java.base/jdk.internal.reflect.NativeMethodAccessorImpl.invoke0(Native Method)
	at java.base/jdk.internal.reflect.NativeMethodAccessorImpl.invoke(NativeMethodAccessorImpl.java:62)
	at java.base/jdk.internal.reflect.DelegatingMethodAccessorImpl.invoke(DelegatingMethodAccessorImpl.java:43)
	at java.base/java.lang.reflect.Method.invoke(Method.java:566)
	at org.junit.runners.model.FrameworkMethod$1.runReflectiveCall(FrameworkMethod.java:59)
	at org.junit.internal.runners.model.ReflectiveCallable.run(ReflectiveCallable.java:12)
	at org.junit.runners.model.FrameworkMethod.invokeExplosively(FrameworkMethod.java:56)
	at org.junit.internal.runners.statements.InvokeMethod.evaluate(InvokeMethod.java:17)
	at org.junit.internal.runners.statements.RunBefores.evaluate(RunBefores.java:26)
	at org.junit.runners.ParentRunner$3.evaluate(ParentRunner.java:306)
	at org.junit.runners.BlockJUnit4ClassRunner$1.evaluate(BlockJUnit4ClassRunner.java:100)
	at org.junit.runners.ParentRunner.runLeaf(ParentRunner.java:366)
	at org.junit.runners.BlockJUnit4ClassRunner.runChild(BlockJUnit4ClassRunner.java:103)
	at org.junit.runners.BlockJUnit4ClassRunner.runChild(BlockJUnit4ClassRunner.java:63)
	at org.junit.runners.ParentRunner$4.run(ParentRunner.java:331)
	at org.junit.runners.ParentRunner$1.schedule(ParentRunner.java:79)
	at org.junit.runners.ParentRunner.runChildren(ParentRunner.java:329)
	at org.junit.runners.ParentRunner.access$100(ParentRunner.java:66)
	at org.junit.runners.ParentRunner$2.evaluate(ParentRunner.java:293)
	at org.junit.runners.ParentRunner$3.evaluate(ParentRunner.java:306)
	at org.junit.runners.ParentRunner.run(ParentRunner.java:413)
	at org.apache.maven.surefire.junit4.JUnit4Provider.execute(JUnit4Provider.java:365)
	at org.apache.maven.surefire.junit4.JUnit4Provider.executeWithRerun(JUnit4Provider.java:273)
	at org.apache.maven.surefire.junit4.JUnit4Provider.executeTestSet(JUnit4Provider.java:238)
	at org.apache.maven.surefire.junit4.JUnit4Provider.invoke(JUnit4Provider.java:159)
	at org.apache.maven.surefire.booter.ForkedBooter.invokeProviderInSameClassLoader(ForkedBooter.java:384)
	at org.apache.maven.surefire.booter.ForkedBooter.runSuitesInProcess(ForkedBooter.java:345)
	at org.apache.maven.surefire.booter.ForkedBooter.execute(ForkedBooter.java:126)
	at org.apache.maven.surefire.booter.ForkedBooter.main(ForkedBooter.java:418)

Jan 18, 2023 10:25:20 AM io.smallrye.health.AsyncHealthCheckFactory handleFailure
ERROR: SRHCK01000: Error processing Health Checks
java.lang.RuntimeException: this health check has failed
	at io.smallrye.health.SmallRyeHealthReporterTest$FailingAsyncHealthCheck.call(SmallRyeHealthReporterTest.java:69)
	at io.smallrye.mutiny.operators.uni.builders.UniCreateFromDeferredSupplier.subscribe(UniCreateFromDeferredSupplier.java:25)
	at io.smallrye.mutiny.operators.AbstractUni.subscribe(AbstractUni.java:37)
	at io.smallrye.mutiny.operators.uni.UniOnFailureFlatMap.subscribe(UniOnFailureFlatMap.java:31)
	at io.smallrye.mutiny.operators.AbstractUni.subscribe(AbstractUni.java:37)
	at io.smallrye.mutiny.operators.uni.UniOnItemTransform.subscribe(UniOnItemTransform.java:22)
	at io.smallrye.mutiny.operators.AbstractUni.subscribe(AbstractUni.java:37)
	at io.smallrye.mutiny.operators.uni.UniAndCombination$UniHandler.subscribe(UniAndCombination.java:203)
	at java.base/java.util.ArrayList.forEach(ArrayList.java:1541)
	at io.smallrye.mutiny.operators.uni.UniAndCombination$AndSupervisor.run(UniAndCombination.java:71)
	at io.smallrye.mutiny.operators.uni.UniAndCombination$AndSupervisor.access$000(UniAndCombination.java:53)
	at io.smallrye.mutiny.operators.uni.UniAndCombination.subscribe(UniAndCombination.java:50)
	at io.smallrye.mutiny.operators.AbstractUni.subscribe(AbstractUni.java:37)
	at io.smallrye.mutiny.operators.uni.UniBlockingAwait.await(UniBlockingAwait.java:54)
	at io.smallrye.mutiny.groups.UniAwait.atMost(UniAwait.java:61)
	at io.smallrye.health.SmallRyeHealthReporterTest.lambda$testGetHealthWithFailingCheckAndStyleDefaultAsync$6(SmallRyeHealthReporterTest.java:157)
	at io.smallrye.health.SmallRyeHealthReporterTest.testGetHealthWithFailingCheckAndStyleDefault(SmallRyeHealthReporterTest.java:468)
	at io.smallrye.health.SmallRyeHealthReporterTest.testGetHealthWithFailingCheckAndStyleDefaultAsync(SmallRyeHealthReporterTest.java:154)
	at java.base/jdk.internal.reflect.NativeMethodAccessorImpl.invoke0(Native Method)
	at java.base/jdk.internal.reflect.NativeMethodAccessorImpl.invoke(NativeMethodAccessorImpl.java:62)
	at java.base/jdk.internal.reflect.DelegatingMethodAccessorImpl.invoke(DelegatingMethodAccessorImpl.java:43)
	at java.base/java.lang.reflect.Method.invoke(Method.java:566)
	at org.junit.runners.model.FrameworkMethod$1.runReflectiveCall(FrameworkMethod.java:59)
	at org.junit.internal.runners.model.ReflectiveCallable.run(ReflectiveCallable.java:12)
	at org.junit.runners.model.FrameworkMethod.invokeExplosively(FrameworkMethod.java:56)
	at org.junit.internal.runners.statements.InvokeMethod.evaluate(InvokeMethod.java:17)
	at org.junit.internal.runners.statements.RunBefores.evaluate(RunBefores.java:26)
	at org.junit.runners.ParentRunner$3.evaluate(ParentRunner.java:306)
	at org.junit.runners.BlockJUnit4ClassRunner$1.evaluate(BlockJUnit4ClassRunner.java:100)
	at org.junit.runners.ParentRunner.runLeaf(ParentRunner.java:366)
	at org.junit.runners.BlockJUnit4ClassRunner.runChild(BlockJUnit4ClassRunner.java:103)
	at org.junit.runners.BlockJUnit4ClassRunner.runChild(BlockJUnit4ClassRunner.java:63)
	at org.junit.runners.ParentRunner$4.run(ParentRunner.java:331)
	at org.junit.runners.ParentRunner$1.schedule(ParentRunner.java:79)
	at org.junit.runners.ParentRunner.runChildren(ParentRunner.java:329)
	at org.junit.runners.ParentRunner.access$100(ParentRunner.java:66)
	at org.junit.runners.ParentRunner$2.evaluate(ParentRunner.java:293)
	at org.junit.runners.ParentRunner$3.evaluate(ParentRunner.java:306)
	at org.junit.runners.ParentRunner.run(ParentRunner.java:413)
	at org.apache.maven.surefire.junit4.JUnit4Provider.execute(JUnit4Provider.java:365)
	at org.apache.maven.surefire.junit4.JUnit4Provider.executeWithRerun(JUnit4Provider.java:273)
	at org.apache.maven.surefire.junit4.JUnit4Provider.executeTestSet(JUnit4Provider.java:238)
	at org.apache.maven.surefire.junit4.JUnit4Provider.invoke(JUnit4Provider.java:159)
	at org.apache.maven.surefire.booter.ForkedBooter.invokeProviderInSameClassLoader(ForkedBooter.java:384)
	at org.apache.maven.surefire.booter.ForkedBooter.runSuitesInProcess(ForkedBooter.java:345)
	at org.apache.maven.surefire.booter.ForkedBooter.execute(ForkedBooter.java:126)
	at org.apache.maven.surefire.booter.ForkedBooter.main(ForkedBooter.java:418)

[INFO] Tests run: 24, Failures: 0, Errors: 0, Skipped: 0, Time elapsed: 0.089 s - in io.smallrye.health.SmallRyeHealthReporterTest
[INFO] Running io.smallrye.health.HealthStatusTest
[INFO] Tests run: 5, Failures: 0, Errors: 0, Skipped: 0, Time elapsed: 0.003 s - in io.smallrye.health.HealthStatusTest
[INFO] 
[INFO] Results:
[INFO] 
[INFO] Tests run: 35, Failures: 0, Errors: 0, Skipped: 0
[INFO] 
[INFO] 
[INFO] ------------< io.smallrye:smallrye-health-testsuite-parent >------------
[INFO] Building SmallRye Health: Test Suite Parent 3.1.0-SNAPSHOT         [4/9]
[INFO] --------------------------------[ pom ]---------------------------------
[INFO] 
[INFO] --- maven-clean-plugin:2.5:clean (default-clean) @ smallrye-health-testsuite-parent ---
[INFO] 
[INFO] --- formatter-maven-plugin:2.14.0:format (default) @ smallrye-health-testsuite-parent ---
[INFO] Using 'UTF-8' encoding to format source files.
[INFO] Number of files to be formatted: 0
[INFO] 
[INFO] --- impsort-maven-plugin:1.5.0:sort (sort-imports) @ smallrye-health-testsuite-parent ---
[INFO] Using compiler compliance level: JAVA_8
[INFO]  Total Files Processed: 0 in 00:00.000
[INFO]         Already Sorted: 0
[INFO]         Needed Sorting: 0
[INFO] 
[INFO] --- maven-compiler-plugin:3.8.1:compile (default-compile) @ smallrye-health-testsuite-parent ---
[INFO] No sources to compile
[INFO] 
[INFO] ------------------< io.smallrye:smallrye-health-tck >-------------------
[INFO] Building SmallRye Health: TCK 3.1.0-SNAPSHOT                       [5/9]
[INFO] --------------------------------[ jar ]---------------------------------
[INFO] 
[INFO] --- maven-clean-plugin:2.5:clean (default-clean) @ smallrye-health-tck ---
[INFO] Deleting /home/gabsko/breaking-updates/testsuite/tck/target
[INFO] 
[INFO] --- formatter-maven-plugin:2.14.0:format (default) @ smallrye-health-tck ---
[INFO] Using 'UTF-8' encoding to format source files.
[INFO] Number of files to be formatted: 9
[INFO] Successfully formatted:          0 file(s)
[INFO] Fail to format:                  0 file(s)
[INFO] Skipped:                         9 file(s)
[INFO] Read only skipped:               0 file(s)
[INFO] Approximate time taken:          0s
[INFO] 
[INFO] --- impsort-maven-plugin:1.5.0:sort (sort-imports) @ smallrye-health-tck ---
[INFO] Using compiler compliance level: JAVA_8
[INFO]  Total Files Processed: 9 in 00:00.022
[INFO]         Already Sorted: 9
[INFO]         Needed Sorting: 0
[INFO] 
[INFO] --- maven-resources-plugin:2.6:resources (default-resources) @ smallrye-health-tck ---
[INFO] Using 'UTF-8' encoding to copy filtered resources.
[INFO] skip non existing resourceDirectory /home/gabsko/breaking-updates/testsuite/tck/src/main/resources
[INFO] 
[INFO] --- maven-compiler-plugin:3.8.1:compile (default-compile) @ smallrye-health-tck ---
[INFO] Changes detected - recompiling the module!
[INFO] Compiling 6 source files to /home/gabsko/breaking-updates/testsuite/tck/target/classes
[INFO] 
[INFO] --- maven-resources-plugin:2.6:testResources (default-testResources) @ smallrye-health-tck ---
[INFO] Using 'UTF-8' encoding to copy filtered resources.
[INFO] Copying 3 resources
[INFO] 
[INFO] --- maven-compiler-plugin:3.8.1:testCompile (default-testCompile) @ smallrye-health-tck ---
[INFO] Changes detected - recompiling the module!
[INFO] Compiling 3 source files to /home/gabsko/breaking-updates/testsuite/tck/target/test-classes
[INFO] 
[INFO] --- maven-dependency-plugin:2.8:unpack (unpack) @ smallrye-health-tck ---
[INFO] Configured Artifact: org.wildfly:wildfly-servlet-dist:18.0.1.Final:zip
[INFO] Unpacking /home/gabsko/.m2/repository/org/wildfly/wildfly-servlet-dist/18.0.1.Final/wildfly-servlet-dist-18.0.1.Final.zip to /home/gabsko/breaking-updates/testsuite/tck/target with includes "" and excludes ""
[INFO] 
[INFO] --- maven-surefire-plugin:2.22.2:test (default-test) @ smallrye-health-tck ---
[INFO] 
[INFO] -------------------------------------------------------
[INFO]  T E S T S
[INFO] -------------------------------------------------------
[INFO] Running TestSuite
Jan 18, 2023 10:25:23 AM org.jboss.threads.Version <clinit>
INFO: JBoss Threads version 2.3.3.Final
Jan 18, 2023 10:25:23 AM org.jboss.logmanager.JBossLoggerFinder getLogger
ERROR: The LogManager accessed before the "java.util.logging.manager" system property was set to "org.jboss.logmanager.LogManager". Results may be unexpected.
Jan 18, 2023 10:25:23 AM org.jboss.as.arquillian.container.CommonManagedDeployableContainer startInternal
INFO: Starting container with: [/usr/lib/jvm/java-11-openjdk-amd64/bin/java, -D[Standalone], --add-modules, java.se, -ea, -Djboss.home.dir=/home/gabsko/breaking-updates/testsuite/tck/target/wildfly-servlet-18.0.1.Final, --add-exports=java.base/sun.nio.ch=ALL-UNNAMED, --add-exports=jdk.unsupported/sun.reflect=ALL-UNNAMED, --add-exports=jdk.unsupported/sun.misc=ALL-UNNAMED, --add-modules=java.se, -Djboss.home.dir=/home/gabsko/breaking-updates/testsuite/tck/target/wildfly-servlet-18.0.1.Final, -Djboss.server.base.dir=/home/gabsko/breaking-updates/testsuite/tck/target/wildfly-servlet-18.0.1.Final/standalone, -Djboss.server.log.dir=/home/gabsko/breaking-updates/testsuite/tck/target/wildfly-servlet-18.0.1.Final/standalone/log, -Djboss.server.config.dir=/home/gabsko/breaking-updates/testsuite/tck/target/wildfly-servlet-18.0.1.Final/standalone/configuration, -Dorg.jboss.boot.log.file=/home/gabsko/breaking-updates/testsuite/tck/target/wildfly-servlet-18.0.1.Final/standalone/log/server.log, -Dlogging.configuration=file:/home/gabsko/breaking-updates/testsuite/tck/target/wildfly-servlet-18.0.1.Final/standalone/configuration/logging.properties, -jar, /home/gabsko/breaking-updates/testsuite/tck/target/wildfly-servlet-18.0.1.Final/jboss-modules.jar, -mp, /home/gabsko/breaking-updates/testsuite/tck/target/wildfly-servlet-18.0.1.Final/modules, org.jboss.as.standalone]
Jan 18, 2023 10:25:23 AM org.jboss.remoting3.EndpointImpl <clinit>
INFO: JBoss Remoting version 5.0.19.Final
Jan 18, 2023 10:25:23 AM org.xnio.Xnio <clinit>
INFO: XNIO version 3.8.2.Final
Jan 18, 2023 10:25:23 AM org.xnio.nio.NioXnio <clinit>
INFO: XNIO NIO Implementation Version 3.8.2.Final
Jan 18, 2023 10:25:23 AM org.wildfly.security.Version <clinit>
INFO: ELY00001: WildFly Elytron version 1.13.0.Final
[0m10:25:23,830 INFO  [org.jboss.modules] (main) JBoss Modules version 1.9.1.Final
[0m[0m10:25:24,100 INFO  [org.jboss.msc] (main) JBoss MSC version 1.4.11.Final
[0m[0m10:25:24,105 INFO  [org.jboss.threads] (main) JBoss Threads version 2.3.3.Final
[0m[0m10:25:24,203 INFO  [org.jboss.as] (MSC service thread 1-2) WFLYSRV0049: WildFly Servlet 18.0.1.Final (WildFly Core 10.0.3.Final) starting
[0m[0m10:25:24,719 INFO  [org.wildfly.security] (ServerService Thread Pool -- 9) ELY00001: WildFly Elytron version 1.10.4.Final
[0m[0m10:25:24,881 INFO  [org.jboss.as.controller.management-deprecated] (Controller Boot Thread) WFLYCTL0028: Attribute 'security-realm' in the resource at address '/core-service=management/management-interface=http-interface' is deprecated, and may be removed in a future version. See the attribute description in the output of the read-resource-description operation to learn more about the deprecation.
[0m[0m10:25:24,901 INFO  [org.jboss.as.controller.management-deprecated] (ServerService Thread Pool -- 2) WFLYCTL0028: Attribute 'security-realm' in the resource at address '/subsystem=undertow/server=default-server/https-listener=https' is deprecated, and may be removed in a future version. See the attribute description in the output of the read-resource-description operation to learn more about the deprecation.
[0m[0m10:25:24,921 INFO  [org.jboss.as.server] (Controller Boot Thread) WFLYSRV0039: Creating http management service using socket-binding (management-http)
[0m[0m10:25:24,933 INFO  [org.xnio] (MSC service thread 1-4) XNIO version 3.7.3.Final
[0m[0m10:25:24,939 INFO  [org.xnio.nio] (MSC service thread 1-4) XNIO NIO Implementation Version 3.7.3.Final
[0m[0m10:25:24,955 INFO  [org.jboss.as.naming] (ServerService Thread Pool -- 21) WFLYNAM0001: Activating Naming Subsystem
[0m[0m10:25:24,959 INFO  [org.wildfly.extension.io] (ServerService Thread Pool -- 19) WFLYIO001: Worker 'default' has auto-configured to 72 core threads with 576 task threads based on your 36 available processors
[0m[0m10:25:24,960 INFO  [org.jboss.as.security] (ServerService Thread Pool -- 23) WFLYSEC0002: Activating Security Subsystem
[0m[0m10:25:24,964 INFO  [org.jboss.as.security] (MSC service thread 1-3) WFLYSEC0001: Current PicketBox version=5.0.3.Final
[0m[0m10:25:24,970 INFO  [org.jboss.as.naming] (MSC service thread 1-8) WFLYNAM0003: Starting Naming Service
[0m[0m10:25:24,995 INFO  [org.wildfly.extension.undertow] (MSC service thread 1-3) WFLYUT0003: Undertow 2.0.27.Final starting
[0m[0m10:25:25,010 INFO  [org.jboss.remoting] (MSC service thread 1-5) JBoss Remoting version 5.0.15.Final
[0m[0m10:25:25,066 INFO  [org.wildfly.extension.undertow] (ServerService Thread Pool -- 25) WFLYUT0014: Creating file handler for path '/home/gabsko/breaking-updates/testsuite/tck/target/wildfly-servlet-18.0.1.Final/welcome-content' with options [directory-listing: 'false', follow-symlink: 'false', case-sensitive: 'true', safe-symlink-paths: '[]']
[0m[0m10:25:25,083 INFO  [org.wildfly.extension.undertow] (MSC service thread 1-1) WFLYUT0012: Started server default-server.
[0m[0m10:25:25,085 INFO  [org.wildfly.extension.undertow] (MSC service thread 1-1) WFLYUT0018: Host default-host starting
[0m[0m10:25:25,120 INFO  [org.wildfly.extension.undertow] (MSC service thread 1-3) WFLYUT0006: Undertow HTTP listener default listening on 127.0.0.1:8080
[0m[0m10:25:25,121 INFO  [org.jboss.as.patching] (MSC service thread 1-4) WFLYPAT0050: WildFly Servlet cumulative patch ID is: base, one-off patches include: none
[0m[33m10:25:25,128 WARN  [org.jboss.as.domain.management.security] (MSC service thread 1-4) WFLYDM0111: Keystore /home/gabsko/breaking-updates/testsuite/tck/target/wildfly-servlet-18.0.1.Final/standalone/configuration/application.keystore not found, it will be auto generated on first use with a self signed certificate for host localhost
[0m[0m10:25:25,134 INFO  [org.jboss.as.server.deployment.scanner] (MSC service thread 1-2) WFLYDS0013: Started FileSystemDeploymentService for directory /home/gabsko/breaking-updates/testsuite/tck/target/wildfly-servlet-18.0.1.Final/standalone/deployments
[0m[33m10:25:25,152 WARN  [org.jboss.as.domain.http.api.undertow] (MSC service thread 1-7) WFLYDMHTTP0003: Unable to load console module for slot main, disabling console
[0m[0m10:25:25,183 INFO  [org.wildfly.extension.undertow] (MSC service thread 1-2) WFLYUT0006: Undertow HTTPS listener https listening on 127.0.0.1:8443
[0m[0m10:25:25,206 INFO  [org.jboss.as.server] (Controller Boot Thread) WFLYSRV0212: Resuming server
[0m[0m10:25:25,208 INFO  [org.jboss.as] (Controller Boot Thread) WFLYSRV0060: Http management interface listening on http://127.0.0.1:9990/management
[0m[0m10:25:25,208 INFO  [org.jboss.as] (Controller Boot Thread) WFLYSRV0051: Admin console listening on http://127.0.0.1:9990
[0m[0m10:25:25,208 INFO  [org.jboss.as] (Controller Boot Thread) WFLYSRV0025: WildFly Servlet 18.0.1.Final (WildFly Core 10.0.3.Final) started in 1638ms - Started 138 of 142 services (40 services are lazy, passive or on-demand)
[0mSLF4J: Failed to load class "org.slf4j.impl.StaticLoggerBinder".
SLF4J: Defaulting to no-operation (NOP) logger implementation
SLF4J: See http://www.slf4j.org/codes.html#StaticLoggerBinder for further details.
Jan 18, 2023 10:25:26 AM org.jboss.shrinkwrap.resolver.impl.maven.logging.LogTransferListener transferFailed
WARNING: Failed downloading io/smallrye/smallrye-health/3.1.0-SNAPSHOT/maven-metadata.xml from https://repo1.maven.org/maven2/. Reason: 
org.eclipse.aether.transfer.MetadataNotFoundException: Could not find metadata io.smallrye:smallrye-health:3.1.0-SNAPSHOT/maven-metadata.xml in central (https://repo1.maven.org/maven2)
Jan 18, 2023 10:25:26 AM org.jboss.shrinkwrap.resolver.impl.maven.logging.LogTransferListener transferFailed
WARNING: Failed downloading io/smallrye/smallrye-health-api/3.1.0-SNAPSHOT/maven-metadata.xml from https://repo1.maven.org/maven2/. Reason: 
org.eclipse.aether.transfer.MetadataNotFoundException: Could not find metadata io.smallrye:smallrye-health-api:3.1.0-SNAPSHOT/maven-metadata.xml in central (https://repo1.maven.org/maven2)
Jan 18, 2023 10:25:26 AM org.jboss.shrinkwrap.resolver.impl.maven.logging.LogTransferListener transferFailed
WARNING: Failed downloading io/smallrye/smallrye-health-tck/3.1.0-SNAPSHOT/maven-metadata.xml from https://repo1.maven.org/maven2/. Reason: 
org.eclipse.aether.transfer.MetadataNotFoundException: Could not find metadata io.smallrye:smallrye-health-tck:3.1.0-SNAPSHOT/maven-metadata.xml in central (https://repo1.maven.org/maven2)
[0m10:25:28,275 INFO  [org.jboss.as.repository] (management-handler-thread - 1) WFLYDR0001: Content added at location /home/gabsko/breaking-updates/testsuite/tck/target/wildfly-servlet-18.0.1.Final/standalone/data/content/15/5e715bd5442afa5c7ffc4ef6c8dabe8a5aa5e5/content
[0m[0m10:25:28,297 INFO  [org.jboss.as.server.deployment] (MSC service thread 1-6) WFLYSRV0027: Starting deployment of "OnlySuccessfulProcedureTest.war" (runtime-name: "OnlySuccessfulProcedureTest.war")
[0m[31m10:25:28,766 ERROR [org.jboss.as.server.deployment] (MSC service thread 1-4) WFLYSRV0002: Could not read provided index: /content/OnlySuccessfulProcedureTest.war/WEB-INF/lib/mutiny-0.16.0.jar/META-INF/jandex.idx
[0m[0m10:25:29,976 INFO  [org.jboss.weld.environment.servletWeldServlet] (ServerService Thread Pool -- 5) WELD-ENV-001008: Initialize Weld using ServletContainerInitializer
[0m[0m10:25:29,983 INFO  [org.jboss.weld.Version] (ServerService Thread Pool -- 5) WELD-000900: 3.1.6 (Final)
[0m[0m10:25:30,156 INFO  [org.jboss.weld.environment.deployment.discovery.DefaultBeanArchiveScanner] (ServerService Thread Pool -- 5) Unable to adapt URL: vfs:/content/OnlySuccessfulProcedureTest.war/WEB-INF/lib/smallrye-health-13213523788083583738.jar/META-INF/beans.xml, using its external form instead
[0m[0m10:25:30,164 INFO  [org.jboss.weld.Bootstrap] (ServerService Thread Pool -- 5) WELD-ENV-000014: Falling back to Java Reflection for bean-discovery-mode="annotated" discovery. Add org.jboss:jandex to the classpath to speed-up startup.
[0mWARNING: An illegal reflective access operation has occurred
WARNING: Illegal reflective access by org.jboss.weld.util.bytecode.ClassFileUtils$1 (vfs:/content/OnlySuccessfulProcedureTest.war/WEB-INF/lib/weld-core-impl-3.1.6.Final.jar) to method java.lang.ClassLoader.defineClass(java.lang.String,byte[],int,int)
WARNING: Please consider reporting this to the maintainers of org.jboss.weld.util.bytecode.ClassFileUtils$1
WARNING: Use --illegal-access=warn to enable warnings of further illegal reflective access operations
WARNING: All illegal access operations will be denied in a future release
[0m10:25:30,219 INFO  [org.jboss.weld.Bootstrap] (ServerService Thread Pool -- 5) WELD-000101: Transactional services not available. Injection of @Inject UserTransaction not available. Transactional observers will be invoked synchronously.
[0m[0m10:25:30,366 INFO  [org.jboss.weld.environment.servletUndertow] (ServerService Thread Pool -- 5) WELD-ENV-001302: Undertow detected, CDI injection will be available in Servlets, Filters and Listeners.
[0m[0m10:25:30,609 INFO  [org.wildfly.extension.undertow] (ServerService Thread Pool -- 5) WFLYUT0021: Registered web context: '/OnlySuccessfulProcedureTest' for server 'default-server'
[0m[0m10:25:30,696 INFO  [org.jboss.as.server] (management-handler-thread - 1) WFLYSRV0010: Deployed "OnlySuccessfulProcedureTest.war" (runtime-name : "OnlySuccessfulProcedureTest.war")
[0mJan 18, 2023 10:25:30 AM org.eclipse.microprofile.health.tck.TCKBase beforeMethod
INFO: Running test: OnlySuccessfulProcedureTest#testSuccessfulLivenessResponsePayload
{"status":"UP","checks":[{"name":"successful-check","status":"UP"}]}
Jan 18, 2023 10:25:31 AM org.eclipse.microprofile.health.tck.TCKBase beforeMethod
INFO: Running test: OnlySuccessfulProcedureTest#testSuccessfulReadinessResponsePayload
{"status":"UP","checks":[{"name":"successful-check","status":"UP"}]}
[0m10:25:31,119 INFO  [org.wildfly.extension.undertow] (ServerService Thread Pool -- 5) WFLYUT0022: Unregistered web context: '/OnlySuccessfulProcedureTest' from server 'default-server'
[0m[0m10:25:31,196 INFO  [org.jboss.as.server.deployment] (MSC service thread 1-6) WFLYSRV0028: Stopped deployment OnlySuccessfulProcedureTest.war (runtime-name: OnlySuccessfulProcedureTest.war) in 80ms
[0m[0m10:25:31,218 INFO  [org.jboss.as.repository] (management-handler-thread - 1) WFLYDR0002: Content removed from location /home/gabsko/breaking-updates/testsuite/tck/target/wildfly-servlet-18.0.1.Final/standalone/data/content/15/5e715bd5442afa5c7ffc4ef6c8dabe8a5aa5e5/content
[0m[0m10:25:31,218 INFO  [org.jboss.as.server] (management-handler-thread - 1) WFLYSRV0009: Undeployed "OnlySuccessfulProcedureTest.war" (runtime-name: "OnlySuccessfulProcedureTest.war")
[0mJan 18, 2023 10:25:31 AM org.jboss.shrinkwrap.resolver.impl.maven.logging.LogTransferListener transferFailed
WARNING: Failed downloading io/smallrye/smallrye-health/3.1.0-SNAPSHOT/maven-metadata.xml from https://repo1.maven.org/maven2/. Reason: 
org.eclipse.aether.transfer.MetadataNotFoundException: Could not find metadata io.smallrye:smallrye-health:3.1.0-SNAPSHOT/maven-metadata.xml in central (https://repo1.maven.org/maven2)
Jan 18, 2023 10:25:31 AM org.jboss.shrinkwrap.resolver.impl.maven.logging.LogTransferListener transferFailed
WARNING: Failed downloading io/smallrye/smallrye-health-api/3.1.0-SNAPSHOT/maven-metadata.xml from https://repo1.maven.org/maven2/. Reason: 
org.eclipse.aether.transfer.MetadataNotFoundException: Could not find metadata io.smallrye:smallrye-health-api:3.1.0-SNAPSHOT/maven-metadata.xml in central (https://repo1.maven.org/maven2)
Jan 18, 2023 10:25:31 AM org.jboss.shrinkwrap.resolver.impl.maven.logging.LogTransferListener transferFailed
WARNING: Failed downloading io/smallrye/smallrye-health-tck/3.1.0-SNAPSHOT/maven-metadata.xml from https://repo1.maven.org/maven2/. Reason: 
org.eclipse.aether.transfer.MetadataNotFoundException: Could not find metadata io.smallrye:smallrye-health-tck:3.1.0-SNAPSHOT/maven-metadata.xml in central (https://repo1.maven.org/maven2)
[0m10:25:32,927 INFO  [org.jboss.as.repository] (management-handler-thread - 1) WFLYDR0001: Content added at location /home/gabsko/breaking-updates/testsuite/tck/target/wildfly-servlet-18.0.1.Final/standalone/data/content/40/8ebb326ad3842c7ae315b18a413d2f0b4b81c5/content
[0m[0m10:25:32,929 INFO  [org.jboss.as.server.deployment] (MSC service thread 1-4) WFLYSRV0027: Starting deployment of "HealthCheckResponseAttributesTest.war" (runtime-name: "HealthCheckResponseAttributesTest.war")
[0m[31m10:25:33,308 ERROR [org.jboss.as.server.deployment] (MSC service thread 1-3) WFLYSRV0002: Could not read provided index: /content/HealthCheckResponseAttributesTest.war/WEB-INF/lib/mutiny-0.16.0.jar/META-INF/jandex.idx
[0m[0m10:25:34,232 INFO  [org.jboss.weld.environment.servletWeldServlet] (ServerService Thread Pool -- 6) WELD-ENV-001008: Initialize Weld using ServletContainerInitializer
[0m[0m10:25:34,243 INFO  [org.jboss.weld.Version] (ServerService Thread Pool -- 6) WELD-000900: 3.1.6 (Final)
[0m[0m10:25:34,278 INFO  [org.jboss.weld.environment.deployment.discovery.DefaultBeanArchiveScanner] (ServerService Thread Pool -- 6) Unable to adapt URL: vfs:/content/HealthCheckResponseAttributesTest.war/WEB-INF/lib/smallrye-health-691305374432274440.jar/META-INF/beans.xml, using its external form instead
[0m[0m10:25:34,281 INFO  [org.jboss.weld.Bootstrap] (ServerService Thread Pool -- 6) WELD-ENV-000014: Falling back to Java Reflection for bean-discovery-mode="annotated" discovery. Add org.jboss:jandex to the classpath to speed-up startup.
[0m[0m10:25:34,319 INFO  [org.jboss.weld.Bootstrap] (ServerService Thread Pool -- 6) WELD-000101: Transactional services not available. Injection of @Inject UserTransaction not available. Transactional observers will be invoked synchronously.
[0m[0m10:25:34,454 INFO  [org.jboss.weld.environment.servletUndertow] (ServerService Thread Pool -- 6) WELD-ENV-001302: Undertow detected, CDI injection will be available in Servlets, Filters and Listeners.
[0m[0m10:25:34,695 INFO  [org.wildfly.extension.undertow] (ServerService Thread Pool -- 6) WFLYUT0021: Registered web context: '/HealthCheckResponseAttributesTest' for server 'default-server'
[0m[0m10:25:34,713 INFO  [org.jboss.as.server] (management-handler-thread - 1) WFLYSRV0010: Deployed "HealthCheckResponseAttributesTest.war" (runtime-name : "HealthCheckResponseAttributesTest.war")
[0mJan 18, 2023 10:25:34 AM org.eclipse.microprofile.health.tck.TCKBase beforeMethod
INFO: Running test: HealthCheckResponseAttributesTest#testSuccessResponsePayload
{"status":"UP","checks":[{"name":"attributes-check","status":"UP","data":{"first-key":"first-val","second-key":"second-val"}}]}
[0m10:25:34,809 INFO  [org.wildfly.extension.undertow] (ServerService Thread Pool -- 5) WFLYUT0022: Unregistered web context: '/HealthCheckResponseAttributesTest' from server 'default-server'
[0m[0m10:25:34,882 INFO  [org.jboss.as.server.deployment] (MSC service thread 1-5) WFLYSRV0028: Stopped deployment HealthCheckResponseAttributesTest.war (runtime-name: HealthCheckResponseAttributesTest.war) in 74ms
[0m[0m10:25:34,904 INFO  [org.jboss.as.repository] (management-handler-thread - 1) WFLYDR0002: Content removed from location /home/gabsko/breaking-updates/testsuite/tck/target/wildfly-servlet-18.0.1.Final/standalone/data/content/40/8ebb326ad3842c7ae315b18a413d2f0b4b81c5/content
[0m[0m10:25:34,905 INFO  [org.jboss.as.server] (management-handler-thread - 1) WFLYSRV0009: Undeployed "HealthCheckResponseAttributesTest.war" (runtime-name: "HealthCheckResponseAttributesTest.war")
[0mJan 18, 2023 10:25:34 AM org.jboss.shrinkwrap.resolver.impl.maven.logging.LogTransferListener transferFailed
WARNING: Failed downloading io/smallrye/smallrye-health/3.1.0-SNAPSHOT/maven-metadata.xml from https://repo1.maven.org/maven2/. Reason: 
org.eclipse.aether.transfer.MetadataNotFoundException: Could not find metadata io.smallrye:smallrye-health:3.1.0-SNAPSHOT/maven-metadata.xml in central (https://repo1.maven.org/maven2)
Jan 18, 2023 10:25:34 AM org.jboss.shrinkwrap.resolver.impl.maven.logging.LogTransferListener transferFailed
WARNING: Failed downloading io/smallrye/smallrye-health-api/3.1.0-SNAPSHOT/maven-metadata.xml from https://repo1.maven.org/maven2/. Reason: 
org.eclipse.aether.transfer.MetadataNotFoundException: Could not find metadata io.smallrye:smallrye-health-api:3.1.0-SNAPSHOT/maven-metadata.xml in central (https://repo1.maven.org/maven2)
Jan 18, 2023 10:25:35 AM org.jboss.shrinkwrap.resolver.impl.maven.logging.LogTransferListener transferFailed
WARNING: Failed downloading io/smallrye/smallrye-health-tck/3.1.0-SNAPSHOT/maven-metadata.xml from https://repo1.maven.org/maven2/. Reason: 
org.eclipse.aether.transfer.MetadataNotFoundException: Could not find metadata io.smallrye:smallrye-health-tck:3.1.0-SNAPSHOT/maven-metadata.xml in central (https://repo1.maven.org/maven2)
[0m10:25:36,435 INFO  [org.jboss.as.repository] (management-handler-thread - 1) WFLYDR0001: Content added at location /home/gabsko/breaking-updates/testsuite/tck/target/wildfly-servlet-18.0.1.Final/standalone/data/content/b3/4847ac73f8f4967ebe51c5d71a160a3bdc2450/content
[0m[0m10:25:36,437 INFO  [org.jboss.as.server.deployment] (MSC service thread 1-6) WFLYSRV0027: Starting deployment of "EnforceQualifierTest.war" (runtime-name: "EnforceQualifierTest.war")
[0m[31m10:25:36,773 ERROR [org.jboss.as.server.deployment] (MSC service thread 1-1) WFLYSRV0002: Could not read provided index: /content/EnforceQualifierTest.war/WEB-INF/lib/mutiny-0.16.0.jar/META-INF/jandex.idx
[0m[0m10:25:37,661 INFO  [org.jboss.weld.environment.servletWeldServlet] (ServerService Thread Pool -- 6) WELD-ENV-001008: Initialize Weld using ServletContainerInitializer
[0m[0m10:25:37,672 INFO  [org.jboss.weld.Version] (ServerService Thread Pool -- 6) WELD-000900: 3.1.6 (Final)
[0m[0m10:25:37,710 INFO  [org.jboss.weld.environment.deployment.discovery.DefaultBeanArchiveScanner] (ServerService Thread Pool -- 6) Unable to adapt URL: vfs:/content/EnforceQualifierTest.war/WEB-INF/lib/smallrye-health-11181806347427373320.jar/META-INF/beans.xml, using its external form instead
[0m[0m10:25:37,713 INFO  [org.jboss.weld.Bootstrap] (ServerService Thread Pool -- 6) WELD-ENV-000014: Falling back to Java Reflection for bean-discovery-mode="annotated" discovery. Add org.jboss:jandex to the classpath to speed-up startup.
[0m[0m10:25:37,745 INFO  [org.jboss.weld.Bootstrap] (ServerService Thread Pool -- 6) WELD-000101: Transactional services not available. Injection of @Inject UserTransaction not available. Transactional observers will be invoked synchronously.
[0m[0m10:25:37,862 INFO  [org.jboss.weld.environment.servletUndertow] (ServerService Thread Pool -- 6) WELD-ENV-001302: Undertow detected, CDI injection will be available in Servlets, Filters and Listeners.
[0m[0m10:25:38,137 INFO  [org.wildfly.extension.undertow] (ServerService Thread Pool -- 6) WFLYUT0021: Registered web context: '/EnforceQualifierTest' for server 'default-server'
[0m[0m10:25:38,156 INFO  [org.jboss.as.server] (management-handler-thread - 1) WFLYSRV0010: Deployed "EnforceQualifierTest.war" (runtime-name : "EnforceQualifierTest.war")
[0mJan 18, 2023 10:25:38 AM org.eclipse.microprofile.health.tck.TCKBase beforeMethod
INFO: Running test: EnforceQualifierTest#testFailureResponsePayload
{"status":"UP","checks":[]}
[0m10:25:38,228 INFO  [org.wildfly.extension.undertow] (ServerService Thread Pool -- 6) WFLYUT0022: Unregistered web context: '/EnforceQualifierTest' from server 'default-server'
[0m[0m10:25:38,275 INFO  [org.jboss.as.server.deployment] (MSC service thread 1-2) WFLYSRV0028: Stopped deployment EnforceQualifierTest.war (runtime-name: EnforceQualifierTest.war) in 47ms
[0m[0m10:25:38,294 INFO  [org.jboss.as.repository] (management-handler-thread - 1) WFLYDR0002: Content removed from location /home/gabsko/breaking-updates/testsuite/tck/target/wildfly-servlet-18.0.1.Final/standalone/data/content/b3/4847ac73f8f4967ebe51c5d71a160a3bdc2450/content
[0m[0m10:25:38,294 INFO  [org.jboss.as.server] (management-handler-thread - 1) WFLYSRV0009: Undeployed "EnforceQualifierTest.war" (runtime-name: "EnforceQualifierTest.war")
[0mJan 18, 2023 10:25:38 AM org.jboss.shrinkwrap.resolver.impl.maven.logging.LogTransferListener transferFailed
WARNING: Failed downloading io/smallrye/smallrye-health/3.1.0-SNAPSHOT/maven-metadata.xml from https://repo1.maven.org/maven2/. Reason: 
org.eclipse.aether.transfer.MetadataNotFoundException: Could not find metadata io.smallrye:smallrye-health:3.1.0-SNAPSHOT/maven-metadata.xml in central (https://repo1.maven.org/maven2)
Jan 18, 2023 10:25:38 AM org.jboss.shrinkwrap.resolver.impl.maven.logging.LogTransferListener transferFailed
WARNING: Failed downloading io/smallrye/smallrye-health-api/3.1.0-SNAPSHOT/maven-metadata.xml from https://repo1.maven.org/maven2/. Reason: 
org.eclipse.aether.transfer.MetadataNotFoundException: Could not find metadata io.smallrye:smallrye-health-api:3.1.0-SNAPSHOT/maven-metadata.xml in central (https://repo1.maven.org/maven2)
Jan 18, 2023 10:25:38 AM org.jboss.shrinkwrap.resolver.impl.maven.logging.LogTransferListener transferFailed
WARNING: Failed downloading io/smallrye/smallrye-health-tck/3.1.0-SNAPSHOT/maven-metadata.xml from https://repo1.maven.org/maven2/. Reason: 
org.eclipse.aether.transfer.MetadataNotFoundException: Could not find metadata io.smallrye:smallrye-health-tck:3.1.0-SNAPSHOT/maven-metadata.xml in central (https://repo1.maven.org/maven2)
[0m10:25:39,788 INFO  [org.jboss.as.repository] (management-handler-thread - 1) WFLYDR0001: Content added at location /home/gabsko/breaking-updates/testsuite/tck/target/wildfly-servlet-18.0.1.Final/standalone/data/content/7f/2ceb6cf6810d6795338e6dfffa7348d543a8bf/content
[0m[0m10:25:39,791 INFO  [org.jboss.as.server.deployment] (MSC service thread 1-1) WFLYSRV0027: Starting deployment of "CDIProducedProceduresTest.war" (runtime-name: "CDIProducedProceduresTest.war")
[0m[31m10:25:40,107 ERROR [org.jboss.as.server.deployment] (MSC service thread 1-2) WFLYSRV0002: Could not read provided index: /content/CDIProducedProceduresTest.war/WEB-INF/lib/mutiny-0.16.0.jar/META-INF/jandex.idx
[0m[0m10:25:40,859 INFO  [org.jboss.weld.environment.servletWeldServlet] (ServerService Thread Pool -- 7) WELD-ENV-001008: Initialize Weld using ServletContainerInitializer
[0m[0m10:25:40,874 INFO  [org.jboss.weld.Version] (ServerService Thread Pool -- 7) WELD-000900: 3.1.6 (Final)
[0m[0m10:25:40,908 INFO  [org.jboss.weld.environment.deployment.discovery.DefaultBeanArchiveScanner] (ServerService Thread Pool -- 7) Unable to adapt URL: vfs:/content/CDIProducedProceduresTest.war/WEB-INF/lib/smallrye-health-14376878915731155260.jar/META-INF/beans.xml, using its external form instead
[0m[0m10:25:40,911 INFO  [org.jboss.weld.Bootstrap] (ServerService Thread Pool -- 7) WELD-ENV-000014: Falling back to Java Reflection for bean-discovery-mode="annotated" discovery. Add org.jboss:jandex to the classpath to speed-up startup.
[0m[0m10:25:40,942 INFO  [org.jboss.weld.Bootstrap] (ServerService Thread Pool -- 7) WELD-000101: Transactional services not available. Injection of @Inject UserTransaction not available. Transactional observers will be invoked synchronously.
[0m[0m10:25:41,060 INFO  [org.jboss.weld.environment.servletUndertow] (ServerService Thread Pool -- 7) WELD-ENV-001302: Undertow detected, CDI injection will be available in Servlets, Filters and Listeners.
[0m[0m10:25:41,300 INFO  [org.wildfly.extension.undertow] (ServerService Thread Pool -- 7) WFLYUT0021: Registered web context: '/CDIProducedProceduresTest' for server 'default-server'
[0m[0m10:25:41,317 INFO  [org.jboss.as.server] (management-handler-thread - 1) WFLYSRV0010: Deployed "CDIProducedProceduresTest.war" (runtime-name : "CDIProducedProceduresTest.war")
[0mJan 18, 2023 10:25:41 AM org.eclipse.microprofile.health.tck.TCKBase beforeMethod
INFO: Running test: CDIProducedProceduresTest#testFailureReadinessResponsePayload
[0m10:25:41,387 INFO  [io.smallrye.health] (default task-1) SRHCK01001: Reporting health down status: {"status":"DOWN","checks":[{"name":"cdi-produced-failed-check","status":"DOWN"}]}
[0m{"status":"DOWN","checks":[{"name":"cdi-produced-failed-check","status":"DOWN"}]}
Jan 18, 2023 10:25:41 AM org.eclipse.microprofile.health.tck.TCKBase beforeMethod
INFO: Running test: CDIProducedProceduresTest#testSuccessfulLivenessResponsePayload
{"status":"UP","checks":[{"name":"cdi-produced-successful-check","status":"UP"}]}
[0m10:25:41,406 INFO  [org.wildfly.extension.undertow] (ServerService Thread Pool -- 7) WFLYUT0022: Unregistered web context: '/CDIProducedProceduresTest' from server 'default-server'
[0m[0m10:25:41,462 INFO  [org.jboss.as.server.deployment] (MSC service thread 1-1) WFLYSRV0028: Stopped deployment CDIProducedProceduresTest.war (runtime-name: CDIProducedProceduresTest.war) in 57ms
[0m[0m10:25:41,472 INFO  [org.jboss.as.repository] (management-handler-thread - 1) WFLYDR0002: Content removed from location /home/gabsko/breaking-updates/testsuite/tck/target/wildfly-servlet-18.0.1.Final/standalone/data/content/7f/2ceb6cf6810d6795338e6dfffa7348d543a8bf/content
[0m[0m10:25:41,472 INFO  [org.jboss.as.server] (management-handler-thread - 1) WFLYSRV0009: Undeployed "CDIProducedProceduresTest.war" (runtime-name: "CDIProducedProceduresTest.war")
[0mJan 18, 2023 10:25:41 AM org.jboss.shrinkwrap.resolver.impl.maven.logging.LogTransferListener transferFailed
WARNING: Failed downloading io/smallrye/smallrye-health/3.1.0-SNAPSHOT/maven-metadata.xml from https://repo1.maven.org/maven2/. Reason: 
org.eclipse.aether.transfer.MetadataNotFoundException: Could not find metadata io.smallrye:smallrye-health:3.1.0-SNAPSHOT/maven-metadata.xml in central (https://repo1.maven.org/maven2)
Jan 18, 2023 10:25:41 AM org.jboss.shrinkwrap.resolver.impl.maven.logging.LogTransferListener transferFailed
WARNING: Failed downloading io/smallrye/smallrye-health-api/3.1.0-SNAPSHOT/maven-metadata.xml from https://repo1.maven.org/maven2/. Reason: 
org.eclipse.aether.transfer.MetadataNotFoundException: Could not find metadata io.smallrye:smallrye-health-api:3.1.0-SNAPSHOT/maven-metadata.xml in central (https://repo1.maven.org/maven2)
Jan 18, 2023 10:25:41 AM org.jboss.shrinkwrap.resolver.impl.maven.logging.LogTransferListener transferFailed
WARNING: Failed downloading io/smallrye/smallrye-health-tck/3.1.0-SNAPSHOT/maven-metadata.xml from https://repo1.maven.org/maven2/. Reason: 
org.eclipse.aether.transfer.MetadataNotFoundException: Could not find metadata io.smallrye:smallrye-health-tck:3.1.0-SNAPSHOT/maven-metadata.xml in central (https://repo1.maven.org/maven2)
[0m10:25:42,975 INFO  [org.jboss.as.repository] (management-handler-thread - 1) WFLYDR0001: Content added at location /home/gabsko/breaking-updates/testsuite/tck/target/wildfly-servlet-18.0.1.Final/standalone/data/content/24/833dc7f29137226403d320ef2075c1b0d4d3cf/content
[0m[0m10:25:42,978 INFO  [org.jboss.as.server.deployment] (MSC service thread 1-6) WFLYSRV0027: Starting deployment of "MultipleReadinessFailedTest.war" (runtime-name: "MultipleReadinessFailedTest.war")
[0m[31m10:25:43,304 ERROR [org.jboss.as.server.deployment] (MSC service thread 1-2) WFLYSRV0002: Could not read provided index: /content/MultipleReadinessFailedTest.war/WEB-INF/lib/mutiny-0.16.0.jar/META-INF/jandex.idx
[0m[0m10:25:44,073 INFO  [org.jboss.weld.environment.servletWeldServlet] (ServerService Thread Pool -- 26) WELD-ENV-001008: Initialize Weld using ServletContainerInitializer
[0m[0m10:25:44,083 INFO  [org.jboss.weld.Version] (ServerService Thread Pool -- 26) WELD-000900: 3.1.6 (Final)
[0m[0m10:25:44,110 INFO  [org.jboss.weld.environment.deployment.discovery.DefaultBeanArchiveScanner] (ServerService Thread Pool -- 26) Unable to adapt URL: vfs:/content/MultipleReadinessFailedTest.war/WEB-INF/lib/smallrye-health-7055139721425702374.jar/META-INF/beans.xml, using its external form instead
[0m[0m10:25:44,113 INFO  [org.jboss.weld.Bootstrap] (ServerService Thread Pool -- 26) WELD-ENV-000014: Falling back to Java Reflection for bean-discovery-mode="annotated" discovery. Add org.jboss:jandex to the classpath to speed-up startup.
[0m[0m10:25:44,145 INFO  [org.jboss.weld.Bootstrap] (ServerService Thread Pool -- 26) WELD-000101: Transactional services not available. Injection of @Inject UserTransaction not available. Transactional observers will be invoked synchronously.
[0m[0m10:25:44,256 INFO  [org.jboss.weld.environment.servletUndertow] (ServerService Thread Pool -- 26) WELD-ENV-001302: Undertow detected, CDI injection will be available in Servlets, Filters and Listeners.
[0m[0m10:25:44,481 INFO  [org.wildfly.extension.undertow] (ServerService Thread Pool -- 26) WFLYUT0021: Registered web context: '/MultipleReadinessFailedTest' for server 'default-server'
[0m[0m10:25:44,499 INFO  [org.jboss.as.server] (management-handler-thread - 1) WFLYSRV0010: Deployed "MultipleReadinessFailedTest.war" (runtime-name : "MultipleReadinessFailedTest.war")
[0mJan 18, 2023 10:25:44 AM org.eclipse.microprofile.health.tck.TCKBase beforeMethod
INFO: Running test: MultipleReadinessFailedTest#testFailureResponsePayload
[0m10:25:44,581 INFO  [io.smallrye.health] (default task-1) SRHCK01001: Reporting health down status: {"status":"DOWN","checks":[{"name":"successful-check","status":"UP"},{"name":"failed-check","status":"DOWN"}]}
[0m{"status":"DOWN","checks":[{"name":"successful-check","status":"UP"},{"name":"failed-check","status":"DOWN"}]}
Jan 18, 2023 10:25:44 AM org.eclipse.microprofile.health.tck.TCKBase beforeMethod
INFO: Running test: MultipleReadinessFailedTest#testSuccessfulLivenessResponsePayload
{"status":"UP","checks":[{"name":"successful-check","status":"UP"}]}
[0m10:25:44,604 INFO  [org.wildfly.extension.undertow] (ServerService Thread Pool -- 26) WFLYUT0022: Unregistered web context: '/MultipleReadinessFailedTest' from server 'default-server'
[0m[0m10:25:44,648 INFO  [org.jboss.as.server.deployment] (MSC service thread 1-5) WFLYSRV0028: Stopped deployment MultipleReadinessFailedTest.war (runtime-name: MultipleReadinessFailedTest.war) in 44ms
[0m[0m10:25:44,658 INFO  [org.jboss.as.repository] (management-handler-thread - 1) WFLYDR0002: Content removed from location /home/gabsko/breaking-updates/testsuite/tck/target/wildfly-servlet-18.0.1.Final/standalone/data/content/24/833dc7f29137226403d320ef2075c1b0d4d3cf/content
[0m[0m10:25:44,658 INFO  [org.jboss.as.server] (management-handler-thread - 1) WFLYSRV0009: Undeployed "MultipleReadinessFailedTest.war" (runtime-name: "MultipleReadinessFailedTest.war")
[0mJan 18, 2023 10:25:44 AM org.jboss.shrinkwrap.resolver.impl.maven.logging.LogTransferListener transferFailed
WARNING: Failed downloading io/smallrye/smallrye-health/3.1.0-SNAPSHOT/maven-metadata.xml from https://repo1.maven.org/maven2/. Reason: 
org.eclipse.aether.transfer.MetadataNotFoundException: Could not find metadata io.smallrye:smallrye-health:3.1.0-SNAPSHOT/maven-metadata.xml in central (https://repo1.maven.org/maven2)
Jan 18, 2023 10:25:44 AM org.jboss.shrinkwrap.resolver.impl.maven.logging.LogTransferListener transferFailed
WARNING: Failed downloading io/smallrye/smallrye-health-api/3.1.0-SNAPSHOT/maven-metadata.xml from https://repo1.maven.org/maven2/. Reason: 
org.eclipse.aether.transfer.MetadataNotFoundException: Could not find metadata io.smallrye:smallrye-health-api:3.1.0-SNAPSHOT/maven-metadata.xml in central (https://repo1.maven.org/maven2)
Jan 18, 2023 10:25:44 AM org.jboss.shrinkwrap.resolver.impl.maven.logging.LogTransferListener transferFailed
WARNING: Failed downloading io/smallrye/smallrye-health-tck/3.1.0-SNAPSHOT/maven-metadata.xml from https://repo1.maven.org/maven2/. Reason: 
org.eclipse.aether.transfer.MetadataNotFoundException: Could not find metadata io.smallrye:smallrye-health-tck:3.1.0-SNAPSHOT/maven-metadata.xml in central (https://repo1.maven.org/maven2)
[0m10:25:46,099 INFO  [org.jboss.as.repository] (management-handler-thread - 1) WFLYDR0001: Content added at location /home/gabsko/breaking-updates/testsuite/tck/target/wildfly-servlet-18.0.1.Final/standalone/data/content/8e/027f93c23e89e50701c655787c8819c36d1028/content
[0m[0m10:25:46,102 INFO  [org.jboss.as.server.deployment] (MSC service thread 1-4) WFLYSRV0027: Starting deployment of "SingleLivenessFailedTest.war" (runtime-name: "SingleLivenessFailedTest.war")
[0m[31m10:25:46,409 ERROR [org.jboss.as.server.deployment] (MSC service thread 1-8) WFLYSRV0002: Could not read provided index: /content/SingleLivenessFailedTest.war/WEB-INF/lib/mutiny-0.16.0.jar/META-INF/jandex.idx
[0m[0m10:25:47,193 INFO  [org.jboss.weld.environment.servletWeldServlet] (ServerService Thread Pool -- 12) WELD-ENV-001008: Initialize Weld using ServletContainerInitializer
[0m[0m10:25:47,204 INFO  [org.jboss.weld.Version] (ServerService Thread Pool -- 12) WELD-000900: 3.1.6 (Final)
[0m[0m10:25:47,229 INFO  [org.jboss.weld.environment.deployment.discovery.DefaultBeanArchiveScanner] (ServerService Thread Pool -- 12) Unable to adapt URL: vfs:/content/SingleLivenessFailedTest.war/WEB-INF/lib/smallrye-health-4158548565439697618.jar/META-INF/beans.xml, using its external form instead
[0m[0m10:25:47,231 INFO  [org.jboss.weld.Bootstrap] (ServerService Thread Pool -- 12) WELD-ENV-000014: Falling back to Java Reflection for bean-discovery-mode="annotated" discovery. Add org.jboss:jandex to the classpath to speed-up startup.
[0m[0m10:25:47,261 INFO  [org.jboss.weld.Bootstrap] (ServerService Thread Pool -- 12) WELD-000101: Transactional services not available. Injection of @Inject UserTransaction not available. Transactional observers will be invoked synchronously.
[0m[0m10:25:47,354 INFO  [org.jboss.weld.environment.servletUndertow] (ServerService Thread Pool -- 12) WELD-ENV-001302: Undertow detected, CDI injection will be available in Servlets, Filters and Listeners.
[0m[0m10:25:47,618 INFO  [org.wildfly.extension.undertow] (ServerService Thread Pool -- 12) WFLYUT0021: Registered web context: '/SingleLivenessFailedTest' for server 'default-server'
[0m[0m10:25:47,632 INFO  [org.jboss.as.server] (management-handler-thread - 1) WFLYSRV0010: Deployed "SingleLivenessFailedTest.war" (runtime-name : "SingleLivenessFailedTest.war")
[0mJan 18, 2023 10:25:47 AM org.eclipse.microprofile.health.tck.TCKBase beforeMethod
INFO: Running test: SingleLivenessFailedTest#testFailureResponsePayload
[0m10:25:47,720 INFO  [io.smallrye.health] (default task-1) SRHCK01001: Reporting health down status: {"status":"DOWN","checks":[{"name":"failed-check","status":"DOWN"}]}
[0m{"status":"DOWN","checks":[{"name":"failed-check","status":"DOWN"}]}
[0m10:25:47,726 INFO  [org.wildfly.extension.undertow] (ServerService Thread Pool -- 26) WFLYUT0022: Unregistered web context: '/SingleLivenessFailedTest' from server 'default-server'
[0m[0m10:25:47,769 INFO  [org.jboss.as.server.deployment] (MSC service thread 1-3) WFLYSRV0028: Stopped deployment SingleLivenessFailedTest.war (runtime-name: SingleLivenessFailedTest.war) in 43ms
[0m[0m10:25:47,787 INFO  [org.jboss.as.repository] (management-handler-thread - 1) WFLYDR0002: Content removed from location /home/gabsko/breaking-updates/testsuite/tck/target/wildfly-servlet-18.0.1.Final/standalone/data/content/8e/027f93c23e89e50701c655787c8819c36d1028/content
[0m[0m10:25:47,787 INFO  [org.jboss.as.server] (management-handler-thread - 1) WFLYSRV0009: Undeployed "SingleLivenessFailedTest.war" (runtime-name: "SingleLivenessFailedTest.war")
[0mJan 18, 2023 10:25:47 AM org.jboss.shrinkwrap.resolver.impl.maven.logging.LogTransferListener transferFailed
WARNING: Failed downloading io/smallrye/smallrye-health/3.1.0-SNAPSHOT/maven-metadata.xml from https://repo1.maven.org/maven2/. Reason: 
org.eclipse.aether.transfer.MetadataNotFoundException: Could not find metadata io.smallrye:smallrye-health:3.1.0-SNAPSHOT/maven-metadata.xml in central (https://repo1.maven.org/maven2)
Jan 18, 2023 10:25:47 AM org.jboss.shrinkwrap.resolver.impl.maven.logging.LogTransferListener transferFailed
WARNING: Failed downloading io/smallrye/smallrye-health-api/3.1.0-SNAPSHOT/maven-metadata.xml from https://repo1.maven.org/maven2/. Reason: 
org.eclipse.aether.transfer.MetadataNotFoundException: Could not find metadata io.smallrye:smallrye-health-api:3.1.0-SNAPSHOT/maven-metadata.xml in central (https://repo1.maven.org/maven2)
Jan 18, 2023 10:25:47 AM org.jboss.shrinkwrap.resolver.impl.maven.logging.LogTransferListener transferFailed
WARNING: Failed downloading io/smallrye/smallrye-health-tck/3.1.0-SNAPSHOT/maven-metadata.xml from https://repo1.maven.org/maven2/. Reason: 
org.eclipse.aether.transfer.MetadataNotFoundException: Could not find metadata io.smallrye:smallrye-health-tck:3.1.0-SNAPSHOT/maven-metadata.xml in central (https://repo1.maven.org/maven2)
[0m10:25:49,396 INFO  [org.jboss.as.repository] (management-handler-thread - 1) WFLYDR0001: Content added at location /home/gabsko/breaking-updates/testsuite/tck/target/wildfly-servlet-18.0.1.Final/standalone/data/content/ac/7aa5139df84bb9a4ab1a309374cb5eac5c11ac/content
[0m[0m10:25:49,398 INFO  [org.jboss.as.server.deployment] (MSC service thread 1-7) WFLYSRV0027: Starting deployment of "NoProcedureSuccessfulTest.war" (runtime-name: "NoProcedureSuccessfulTest.war")
[0m[31m10:25:49,711 ERROR [org.jboss.as.server.deployment] (MSC service thread 1-2) WFLYSRV0002: Could not read provided index: /content/NoProcedureSuccessfulTest.war/WEB-INF/lib/mutiny-0.16.0.jar/META-INF/jandex.idx
[0m[0m10:25:50,467 INFO  [org.jboss.weld.environment.servletWeldServlet] (ServerService Thread Pool -- 10) WELD-ENV-001008: Initialize Weld using ServletContainerInitializer
[0m[0m10:25:50,477 INFO  [org.jboss.weld.Version] (ServerService Thread Pool -- 10) WELD-000900: 3.1.6 (Final)
[0m[0m10:25:50,509 INFO  [org.jboss.weld.environment.deployment.discovery.DefaultBeanArchiveScanner] (ServerService Thread Pool -- 10) Unable to adapt URL: vfs:/content/NoProcedureSuccessfulTest.war/WEB-INF/lib/smallrye-health-6264864066738278497.jar/META-INF/beans.xml, using its external form instead
[0m[0m10:25:50,515 INFO  [org.jboss.weld.Bootstrap] (ServerService Thread Pool -- 10) WELD-ENV-000014: Falling back to Java Reflection for bean-discovery-mode="annotated" discovery. Add org.jboss:jandex to the classpath to speed-up startup.
[0m[0m10:25:50,551 INFO  [org.jboss.weld.Bootstrap] (ServerService Thread Pool -- 10) WELD-000101: Transactional services not available. Injection of @Inject UserTransaction not available. Transactional observers will be invoked synchronously.
[0m[0m10:25:50,664 INFO  [org.jboss.weld.environment.servletUndertow] (ServerService Thread Pool -- 10) WELD-ENV-001302: Undertow detected, CDI injection will be available in Servlets, Filters and Listeners.
[0m[0m10:25:50,891 INFO  [org.wildfly.extension.undertow] (ServerService Thread Pool -- 10) WFLYUT0021: Registered web context: '/NoProcedureSuccessfulTest' for server 'default-server'
[0m[0m10:25:50,906 INFO  [org.jboss.as.server] (management-handler-thread - 1) WFLYSRV0010: Deployed "NoProcedureSuccessfulTest.war" (runtime-name : "NoProcedureSuccessfulTest.war")
[0mJan 18, 2023 10:25:50 AM org.eclipse.microprofile.health.tck.TCKBase beforeMethod
INFO: Running test: NoProcedureSuccessfulTest#testSuccessResponsePayload
{"status":"UP","checks":[]}
[0m10:25:51,005 INFO  [org.wildfly.extension.undertow] (ServerService Thread Pool -- 10) WFLYUT0022: Unregistered web context: '/NoProcedureSuccessfulTest' from server 'default-server'
[0m[0m10:25:51,051 INFO  [org.jboss.as.server.deployment] (MSC service thread 1-3) WFLYSRV0028: Stopped deployment NoProcedureSuccessfulTest.war (runtime-name: NoProcedureSuccessfulTest.war) in 45ms
[0m[0m10:25:51,071 INFO  [org.jboss.as.repository] (management-handler-thread - 1) WFLYDR0002: Content removed from location /home/gabsko/breaking-updates/testsuite/tck/target/wildfly-servlet-18.0.1.Final/standalone/data/content/ac/7aa5139df84bb9a4ab1a309374cb5eac5c11ac/content
[0m[0m10:25:51,071 INFO  [org.jboss.as.server] (management-handler-thread - 1) WFLYSRV0009: Undeployed "NoProcedureSuccessfulTest.war" (runtime-name: "NoProcedureSuccessfulTest.war")
[0mJan 18, 2023 10:25:51 AM org.jboss.shrinkwrap.resolver.impl.maven.logging.LogTransferListener transferFailed
WARNING: Failed downloading io/smallrye/smallrye-health/3.1.0-SNAPSHOT/maven-metadata.xml from https://repo1.maven.org/maven2/. Reason: 
org.eclipse.aether.transfer.MetadataNotFoundException: Could not find metadata io.smallrye:smallrye-health:3.1.0-SNAPSHOT/maven-metadata.xml in central (https://repo1.maven.org/maven2)
Jan 18, 2023 10:25:51 AM org.jboss.shrinkwrap.resolver.impl.maven.logging.LogTransferListener transferFailed
WARNING: Failed downloading io/smallrye/smallrye-health-api/3.1.0-SNAPSHOT/maven-metadata.xml from https://repo1.maven.org/maven2/. Reason: 
org.eclipse.aether.transfer.MetadataNotFoundException: Could not find metadata io.smallrye:smallrye-health-api:3.1.0-SNAPSHOT/maven-metadata.xml in central (https://repo1.maven.org/maven2)
Jan 18, 2023 10:25:51 AM org.jboss.shrinkwrap.resolver.impl.maven.logging.LogTransferListener transferFailed
WARNING: Failed downloading io/smallrye/smallrye-health-tck/3.1.0-SNAPSHOT/maven-metadata.xml from https://repo1.maven.org/maven2/. Reason: 
org.eclipse.aether.transfer.MetadataNotFoundException: Could not find metadata io.smallrye:smallrye-health-tck:3.1.0-SNAPSHOT/maven-metadata.xml in central (https://repo1.maven.org/maven2)
[0m10:25:52,636 INFO  [org.jboss.as.repository] (management-handler-thread - 1) WFLYDR0001: Content added at location /home/gabsko/breaking-updates/testsuite/tck/target/wildfly-servlet-18.0.1.Final/standalone/data/content/8d/d198b8bb4c898593bf154057dc9ed594b57221/content
[0m[0m10:25:52,637 INFO  [org.jboss.as.server.deployment] (MSC service thread 1-8) WFLYSRV0027: Starting deployment of "MultipleLivenessFailedTest.war" (runtime-name: "MultipleLivenessFailedTest.war")
[0m[31m10:25:52,939 ERROR [org.jboss.as.server.deployment] (MSC service thread 1-1) WFLYSRV0002: Could not read provided index: /content/MultipleLivenessFailedTest.war/WEB-INF/lib/mutiny-0.16.0.jar/META-INF/jandex.idx
[0m[0m10:25:53,701 INFO  [org.jboss.weld.environment.servletWeldServlet] (ServerService Thread Pool -- 7) WELD-ENV-001008: Initialize Weld using ServletContainerInitializer
[0m[0m10:25:53,715 INFO  [org.jboss.weld.Version] (ServerService Thread Pool -- 7) WELD-000900: 3.1.6 (Final)
[0m[0m10:25:53,747 INFO  [org.jboss.weld.environment.deployment.discovery.DefaultBeanArchiveScanner] (ServerService Thread Pool -- 7) Unable to adapt URL: vfs:/content/MultipleLivenessFailedTest.war/WEB-INF/lib/smallrye-health-17824310142418604827.jar/META-INF/beans.xml, using its external form instead
[0m[0m10:25:53,749 INFO  [org.jboss.weld.Bootstrap] (ServerService Thread Pool -- 7) WELD-ENV-000014: Falling back to Java Reflection for bean-discovery-mode="annotated" discovery. Add org.jboss:jandex to the classpath to speed-up startup.
[0m[0m10:25:53,781 INFO  [org.jboss.weld.Bootstrap] (ServerService Thread Pool -- 7) WELD-000101: Transactional services not available. Injection of @Inject UserTransaction not available. Transactional observers will be invoked synchronously.
[0m[0m10:25:53,878 INFO  [org.jboss.weld.environment.servletUndertow] (ServerService Thread Pool -- 7) WELD-ENV-001302: Undertow detected, CDI injection will be available in Servlets, Filters and Listeners.
[0m[0m10:25:54,116 INFO  [org.wildfly.extension.undertow] (ServerService Thread Pool -- 7) WFLYUT0021: Registered web context: '/MultipleLivenessFailedTest' for server 'default-server'
[0m[0m10:25:54,132 INFO  [org.jboss.as.server] (management-handler-thread - 1) WFLYSRV0010: Deployed "MultipleLivenessFailedTest.war" (runtime-name : "MultipleLivenessFailedTest.war")
[0mJan 18, 2023 10:25:54 AM org.eclipse.microprofile.health.tck.TCKBase beforeMethod
INFO: Running test: MultipleLivenessFailedTest#testFailureLivenessResponsePayload
[0m10:25:54,225 INFO  [io.smallrye.health] (default task-1) SRHCK01001: Reporting health down status: {"status":"DOWN","checks":[{"name":"failed-check","status":"DOWN"},{"name":"successful-check","status":"UP"}]}
[0m{"status":"DOWN","checks":[{"name":"failed-check","status":"DOWN"},{"name":"successful-check","status":"UP"}]}
Jan 18, 2023 10:25:54 AM org.eclipse.microprofile.health.tck.TCKBase beforeMethod
INFO: Running test: MultipleLivenessFailedTest#testSuccessfulReadinessResponsePayload
{"status":"UP","checks":[{"name":"successful-check","status":"UP"}]}
[0m10:25:54,247 INFO  [org.wildfly.extension.undertow] (ServerService Thread Pool -- 7) WFLYUT0022: Unregistered web context: '/MultipleLivenessFailedTest' from server 'default-server'
[0m[0m10:25:54,291 INFO  [org.jboss.as.server.deployment] (MSC service thread 1-6) WFLYSRV0028: Stopped deployment MultipleLivenessFailedTest.war (runtime-name: MultipleLivenessFailedTest.war) in 44ms
[0m[0m10:25:54,301 INFO  [org.jboss.as.repository] (management-handler-thread - 1) WFLYDR0002: Content removed from location /home/gabsko/breaking-updates/testsuite/tck/target/wildfly-servlet-18.0.1.Final/standalone/data/content/8d/d198b8bb4c898593bf154057dc9ed594b57221/content
[0m[0m10:25:54,301 INFO  [org.jboss.as.server] (management-handler-thread - 1) WFLYSRV0009: Undeployed "MultipleLivenessFailedTest.war" (runtime-name: "MultipleLivenessFailedTest.war")
[0mJan 18, 2023 10:25:54 AM org.jboss.shrinkwrap.resolver.impl.maven.logging.LogTransferListener transferFailed
WARNING: Failed downloading io/smallrye/smallrye-health/3.1.0-SNAPSHOT/maven-metadata.xml from https://repo1.maven.org/maven2/. Reason: 
org.eclipse.aether.transfer.MetadataNotFoundException: Could not find metadata io.smallrye:smallrye-health:3.1.0-SNAPSHOT/maven-metadata.xml in central (https://repo1.maven.org/maven2)
Jan 18, 2023 10:25:54 AM org.jboss.shrinkwrap.resolver.impl.maven.logging.LogTransferListener transferFailed
WARNING: Failed downloading io/smallrye/smallrye-health-api/3.1.0-SNAPSHOT/maven-metadata.xml from https://repo1.maven.org/maven2/. Reason: 
org.eclipse.aether.transfer.MetadataNotFoundException: Could not find metadata io.smallrye:smallrye-health-api:3.1.0-SNAPSHOT/maven-metadata.xml in central (https://repo1.maven.org/maven2)
Jan 18, 2023 10:25:54 AM org.jboss.shrinkwrap.resolver.impl.maven.logging.LogTransferListener transferFailed
WARNING: Failed downloading io/smallrye/smallrye-health-tck/3.1.0-SNAPSHOT/maven-metadata.xml from https://repo1.maven.org/maven2/. Reason: 
org.eclipse.aether.transfer.MetadataNotFoundException: Could not find metadata io.smallrye:smallrye-health-tck:3.1.0-SNAPSHOT/maven-metadata.xml in central (https://repo1.maven.org/maven2)
[0m10:25:55,874 INFO  [org.jboss.as.repository] (management-handler-thread - 1) WFLYDR0001: Content added at location /home/gabsko/breaking-updates/testsuite/tck/target/wildfly-servlet-18.0.1.Final/standalone/data/content/24/c4ff924135c1af4541a2ec98e3b260cceda75b/content
[0m[0m10:25:55,876 INFO  [org.jboss.as.server.deployment] (MSC service thread 1-3) WFLYSRV0027: Starting deployment of "DelegateHealthSuccessfulTest.war" (runtime-name: "DelegateHealthSuccessfulTest.war")
[0m[31m10:25:56,173 ERROR [org.jboss.as.server.deployment] (MSC service thread 1-6) WFLYSRV0002: Could not read provided index: /content/DelegateHealthSuccessfulTest.war/WEB-INF/lib/mutiny-0.16.0.jar/META-INF/jandex.idx
[0m[0m10:25:56,887 INFO  [org.jboss.weld.environment.servletWeldServlet] (ServerService Thread Pool -- 2) WELD-ENV-001008: Initialize Weld using ServletContainerInitializer
[0m[0m10:25:56,896 INFO  [org.jboss.weld.Version] (ServerService Thread Pool -- 2) WELD-000900: 3.1.6 (Final)
[0m[0m10:25:56,923 INFO  [org.jboss.weld.environment.deployment.discovery.DefaultBeanArchiveScanner] (ServerService Thread Pool -- 2) Unable to adapt URL: vfs:/content/DelegateHealthSuccessfulTest.war/WEB-INF/lib/smallrye-health-1778957843292774033.jar/META-INF/beans.xml, using its external form instead
[0m[0m10:25:56,926 INFO  [org.jboss.weld.Bootstrap] (ServerService Thread Pool -- 2) WELD-ENV-000014: Falling back to Java Reflection for bean-discovery-mode="annotated" discovery. Add org.jboss:jandex to the classpath to speed-up startup.
[0m[0m10:25:56,955 INFO  [org.jboss.weld.Bootstrap] (ServerService Thread Pool -- 2) WELD-000101: Transactional services not available. Injection of @Inject UserTransaction not available. Transactional observers will be invoked synchronously.
[0m[0m10:25:57,061 INFO  [org.jboss.weld.environment.servletUndertow] (ServerService Thread Pool -- 2) WELD-ENV-001302: Undertow detected, CDI injection will be available in Servlets, Filters and Listeners.
[0m[0m10:25:57,282 INFO  [org.wildfly.extension.undertow] (ServerService Thread Pool -- 2) WFLYUT0021: Registered web context: '/DelegateHealthSuccessfulTest' for server 'default-server'
[0m[0m10:25:57,293 INFO  [org.jboss.as.server] (management-handler-thread - 1) WFLYSRV0010: Deployed "DelegateHealthSuccessfulTest.war" (runtime-name : "DelegateHealthSuccessfulTest.war")
[0mJan 18, 2023 10:25:57 AM org.eclipse.microprofile.health.tck.TCKBase beforeMethod
INFO: Running test: DelegateHealthSuccessfulTest#testSuccessfulDelegateInvocation
{"status":"UP","checks":[{"name":"delegate-check","status":"UP"}]}
[0m10:25:57,382 INFO  [org.wildfly.extension.undertow] (ServerService Thread Pool -- 12) WFLYUT0022: Unregistered web context: '/DelegateHealthSuccessfulTest' from server 'default-server'
[0m[0m10:25:57,428 INFO  [org.jboss.as.server.deployment] (MSC service thread 1-3) WFLYSRV0028: Stopped deployment DelegateHealthSuccessfulTest.war (runtime-name: DelegateHealthSuccessfulTest.war) in 46ms
[0m[0m10:25:57,446 INFO  [org.jboss.as.repository] (management-handler-thread - 1) WFLYDR0002: Content removed from location /home/gabsko/breaking-updates/testsuite/tck/target/wildfly-servlet-18.0.1.Final/standalone/data/content/24/c4ff924135c1af4541a2ec98e3b260cceda75b/content
[0m[0m10:25:57,447 INFO  [org.jboss.as.server] (management-handler-thread - 1) WFLYSRV0009: Undeployed "DelegateHealthSuccessfulTest.war" (runtime-name: "DelegateHealthSuccessfulTest.war")
[0mJan 18, 2023 10:25:57 AM org.jboss.shrinkwrap.resolver.impl.maven.logging.LogTransferListener transferFailed
WARNING: Failed downloading io/smallrye/smallrye-health/3.1.0-SNAPSHOT/maven-metadata.xml from https://repo1.maven.org/maven2/. Reason: 
org.eclipse.aether.transfer.MetadataNotFoundException: Could not find metadata io.smallrye:smallrye-health:3.1.0-SNAPSHOT/maven-metadata.xml in central (https://repo1.maven.org/maven2)
Jan 18, 2023 10:25:57 AM org.jboss.shrinkwrap.resolver.impl.maven.logging.LogTransferListener transferFailed
WARNING: Failed downloading io/smallrye/smallrye-health-api/3.1.0-SNAPSHOT/maven-metadata.xml from https://repo1.maven.org/maven2/. Reason: 
org.eclipse.aether.transfer.MetadataNotFoundException: Could not find metadata io.smallrye:smallrye-health-api:3.1.0-SNAPSHOT/maven-metadata.xml in central (https://repo1.maven.org/maven2)
Jan 18, 2023 10:25:57 AM org.jboss.shrinkwrap.resolver.impl.maven.logging.LogTransferListener transferFailed
WARNING: Failed downloading io/smallrye/smallrye-health-tck/3.1.0-SNAPSHOT/maven-metadata.xml from https://repo1.maven.org/maven2/. Reason: 
org.eclipse.aether.transfer.MetadataNotFoundException: Could not find metadata io.smallrye:smallrye-health-tck:3.1.0-SNAPSHOT/maven-metadata.xml in central (https://repo1.maven.org/maven2)
[0m10:25:58,821 INFO  [org.jboss.as.repository] (management-handler-thread - 1) WFLYDR0001: Content added at location /home/gabsko/breaking-updates/testsuite/tck/target/wildfly-servlet-18.0.1.Final/standalone/data/content/ef/7d153972f24aed82b58bdfb5106dd73bc0e6c7/content
[0m[0m10:25:58,823 INFO  [org.jboss.as.server.deployment] (MSC service thread 1-6) WFLYSRV0027: Starting deployment of "SingleReadinessSuccessfulTest.war" (runtime-name: "SingleReadinessSuccessfulTest.war")
[0m[31m10:25:59,094 ERROR [org.jboss.as.server.deployment] (MSC service thread 1-5) WFLYSRV0002: Could not read provided index: /content/SingleReadinessSuccessfulTest.war/WEB-INF/lib/mutiny-0.16.0.jar/META-INF/jandex.idx
[0m[0m10:25:59,836 INFO  [org.jboss.weld.environment.servletWeldServlet] (ServerService Thread Pool -- 10) WELD-ENV-001008: Initialize Weld using ServletContainerInitializer
[0m[0m10:25:59,841 INFO  [org.jboss.weld.Version] (ServerService Thread Pool -- 10) WELD-000900: 3.1.6 (Final)
[0m[0m10:25:59,861 INFO  [org.jboss.weld.environment.deployment.discovery.DefaultBeanArchiveScanner] (ServerService Thread Pool -- 10) Unable to adapt URL: vfs:/content/SingleReadinessSuccessfulTest.war/WEB-INF/lib/smallrye-health-7946409324757032751.jar/META-INF/beans.xml, using its external form instead
[0m[0m10:25:59,863 INFO  [org.jboss.weld.Bootstrap] (ServerService Thread Pool -- 10) WELD-ENV-000014: Falling back to Java Reflection for bean-discovery-mode="annotated" discovery. Add org.jboss:jandex to the classpath to speed-up startup.
[0m[0m10:25:59,893 INFO  [org.jboss.weld.Bootstrap] (ServerService Thread Pool -- 10) WELD-000101: Transactional services not available. Injection of @Inject UserTransaction not available. Transactional observers will be invoked synchronously.
[0m[0m10:26:00,003 INFO  [org.jboss.weld.environment.servletUndertow] (ServerService Thread Pool -- 10) WELD-ENV-001302: Undertow detected, CDI injection will be available in Servlets, Filters and Listeners.
[0m[0m10:26:00,243 INFO  [org.wildfly.extension.undertow] (ServerService Thread Pool -- 10) WFLYUT0021: Registered web context: '/SingleReadinessSuccessfulTest' for server 'default-server'
[0m[0m10:26:00,250 INFO  [org.jboss.as.server] (management-handler-thread - 1) WFLYSRV0010: Deployed "SingleReadinessSuccessfulTest.war" (runtime-name : "SingleReadinessSuccessfulTest.war")
[0mJan 18, 2023 10:26:00 AM org.eclipse.microprofile.health.tck.TCKBase beforeMethod
INFO: Running test: SingleReadinessSuccessfulTest#testSuccessResponsePayload
{"status":"UP","checks":[{"name":"successful-check","status":"UP"}]}
[0m10:26:00,360 INFO  [org.wildfly.extension.undertow] (ServerService Thread Pool -- 10) WFLYUT0022: Unregistered web context: '/SingleReadinessSuccessfulTest' from server 'default-server'
[0m[0m10:26:00,400 INFO  [org.jboss.as.server.deployment] (MSC service thread 1-5) WFLYSRV0028: Stopped deployment SingleReadinessSuccessfulTest.war (runtime-name: SingleReadinessSuccessfulTest.war) in 39ms
[0m[0m10:26:00,418 INFO  [org.jboss.as.repository] (management-handler-thread - 1) WFLYDR0002: Content removed from location /home/gabsko/breaking-updates/testsuite/tck/target/wildfly-servlet-18.0.1.Final/standalone/data/content/ef/7d153972f24aed82b58bdfb5106dd73bc0e6c7/content
[0m[0m10:26:00,418 INFO  [org.jboss.as.server] (management-handler-thread - 1) WFLYSRV0009: Undeployed "SingleReadinessSuccessfulTest.war" (runtime-name: "SingleReadinessSuccessfulTest.war")
[0mJan 18, 2023 10:26:00 AM org.jboss.shrinkwrap.resolver.impl.maven.logging.LogTransferListener transferFailed
WARNING: Failed downloading io/smallrye/smallrye-health/3.1.0-SNAPSHOT/maven-metadata.xml from https://repo1.maven.org/maven2/. Reason: 
org.eclipse.aether.transfer.MetadataNotFoundException: Could not find metadata io.smallrye:smallrye-health:3.1.0-SNAPSHOT/maven-metadata.xml in central (https://repo1.maven.org/maven2)
Jan 18, 2023 10:26:00 AM org.jboss.shrinkwrap.resolver.impl.maven.logging.LogTransferListener transferFailed
WARNING: Failed downloading io/smallrye/smallrye-health-api/3.1.0-SNAPSHOT/maven-metadata.xml from https://repo1.maven.org/maven2/. Reason: 
org.eclipse.aether.transfer.MetadataNotFoundException: Could not find metadata io.smallrye:smallrye-health-api:3.1.0-SNAPSHOT/maven-metadata.xml in central (https://repo1.maven.org/maven2)
Jan 18, 2023 10:26:00 AM org.jboss.shrinkwrap.resolver.impl.maven.logging.LogTransferListener transferFailed
WARNING: Failed downloading io/smallrye/smallrye-health-tck/3.1.0-SNAPSHOT/maven-metadata.xml from https://repo1.maven.org/maven2/. Reason: 
org.eclipse.aether.transfer.MetadataNotFoundException: Could not find metadata io.smallrye:smallrye-health-tck:3.1.0-SNAPSHOT/maven-metadata.xml in central (https://repo1.maven.org/maven2)
[0m10:26:01,885 INFO  [org.jboss.as.repository] (management-handler-thread - 1) WFLYDR0001: Content added at location /home/gabsko/breaking-updates/testsuite/tck/target/wildfly-servlet-18.0.1.Final/standalone/data/content/98/e5468e34b21ccb5bb0fa640e6da903590e3a72/content
[0m[0m10:26:01,887 INFO  [org.jboss.as.server.deployment] (MSC service thread 1-1) WFLYSRV0027: Starting deployment of "SingleLivenessSuccessfulTest.war" (runtime-name: "SingleLivenessSuccessfulTest.war")
[0m[31m10:26:02,203 ERROR [org.jboss.as.server.deployment] (MSC service thread 1-5) WFLYSRV0002: Could not read provided index: /content/SingleLivenessSuccessfulTest.war/WEB-INF/lib/mutiny-0.16.0.jar/META-INF/jandex.idx
[0m[0m10:26:02,905 INFO  [org.jboss.weld.environment.servletWeldServlet] (ServerService Thread Pool -- 3) WELD-ENV-001008: Initialize Weld using ServletContainerInitializer
[0m[0m10:26:02,918 INFO  [org.jboss.weld.Version] (ServerService Thread Pool -- 3) WELD-000900: 3.1.6 (Final)
[0m[0m10:26:02,952 INFO  [org.jboss.weld.environment.deployment.discovery.DefaultBeanArchiveScanner] (ServerService Thread Pool -- 3) Unable to adapt URL: vfs:/content/SingleLivenessSuccessfulTest.war/WEB-INF/lib/smallrye-health-5887136937052844767.jar/META-INF/beans.xml, using its external form instead
[0m[0m10:26:02,954 INFO  [org.jboss.weld.Bootstrap] (ServerService Thread Pool -- 3) WELD-ENV-000014: Falling back to Java Reflection for bean-discovery-mode="annotated" discovery. Add org.jboss:jandex to the classpath to speed-up startup.
[0m[0m10:26:02,985 INFO  [org.jboss.weld.Bootstrap] (ServerService Thread Pool -- 3) WELD-000101: Transactional services not available. Injection of @Inject UserTransaction not available. Transactional observers will be invoked synchronously.
[0m[0m10:26:03,099 INFO  [org.jboss.weld.environment.servletUndertow] (ServerService Thread Pool -- 3) WELD-ENV-001302: Undertow detected, CDI injection will be available in Servlets, Filters and Listeners.
[0m[0m10:26:03,349 INFO  [org.wildfly.extension.undertow] (ServerService Thread Pool -- 3) WFLYUT0021: Registered web context: '/SingleLivenessSuccessfulTest' for server 'default-server'
[0m[0m10:26:03,365 INFO  [org.jboss.as.server] (management-handler-thread - 1) WFLYSRV0010: Deployed "SingleLivenessSuccessfulTest.war" (runtime-name : "SingleLivenessSuccessfulTest.war")
[0mJan 18, 2023 10:26:03 AM org.eclipse.microprofile.health.tck.TCKBase beforeMethod
INFO: Running test: SingleLivenessSuccessfulTest#testSuccessResponsePayload
{"status":"UP","checks":[{"name":"successful-check","status":"UP"}]}
[0m10:26:03,478 INFO  [org.wildfly.extension.undertow] (ServerService Thread Pool -- 3) WFLYUT0022: Unregistered web context: '/SingleLivenessSuccessfulTest' from server 'default-server'
[0m[0m10:26:03,525 INFO  [org.jboss.as.server.deployment] (MSC service thread 1-5) WFLYSRV0028: Stopped deployment SingleLivenessSuccessfulTest.war (runtime-name: SingleLivenessSuccessfulTest.war) in 47ms
[0m[0m10:26:03,542 INFO  [org.jboss.as.repository] (management-handler-thread - 1) WFLYDR0002: Content removed from location /home/gabsko/breaking-updates/testsuite/tck/target/wildfly-servlet-18.0.1.Final/standalone/data/content/98/e5468e34b21ccb5bb0fa640e6da903590e3a72/content
[0m[0m10:26:03,542 INFO  [org.jboss.as.server] (management-handler-thread - 1) WFLYSRV0009: Undeployed "SingleLivenessSuccessfulTest.war" (runtime-name: "SingleLivenessSuccessfulTest.war")
[0mJan 18, 2023 10:26:03 AM org.jboss.shrinkwrap.resolver.impl.maven.logging.LogTransferListener transferFailed
WARNING: Failed downloading io/smallrye/smallrye-health/3.1.0-SNAPSHOT/maven-metadata.xml from https://repo1.maven.org/maven2/. Reason: 
org.eclipse.aether.transfer.MetadataNotFoundException: Could not find metadata io.smallrye:smallrye-health:3.1.0-SNAPSHOT/maven-metadata.xml in central (https://repo1.maven.org/maven2)
Jan 18, 2023 10:26:03 AM org.jboss.shrinkwrap.resolver.impl.maven.logging.LogTransferListener transferFailed
WARNING: Failed downloading io/smallrye/smallrye-health-api/3.1.0-SNAPSHOT/maven-metadata.xml from https://repo1.maven.org/maven2/. Reason: 
org.eclipse.aether.transfer.MetadataNotFoundException: Could not find metadata io.smallrye:smallrye-health-api:3.1.0-SNAPSHOT/maven-metadata.xml in central (https://repo1.maven.org/maven2)
Jan 18, 2023 10:26:03 AM org.jboss.shrinkwrap.resolver.impl.maven.logging.LogTransferListener transferFailed
WARNING: Failed downloading io/smallrye/smallrye-health-tck/3.1.0-SNAPSHOT/maven-metadata.xml from https://repo1.maven.org/maven2/. Reason: 
org.eclipse.aether.transfer.MetadataNotFoundException: Could not find metadata io.smallrye:smallrye-health-tck:3.1.0-SNAPSHOT/maven-metadata.xml in central (https://repo1.maven.org/maven2)
[0m10:26:05,010 INFO  [org.jboss.as.repository] (management-handler-thread - 1) WFLYDR0001: Content added at location /home/gabsko/breaking-updates/testsuite/tck/target/wildfly-servlet-18.0.1.Final/standalone/data/content/04/40807ff7c48094768f53a74104cc8271a6510a/content
[0m[0m10:26:05,012 INFO  [org.jboss.as.server.deployment] (MSC service thread 1-5) WFLYSRV0027: Starting deployment of "DelayedCheckTest.war" (runtime-name: "DelayedCheckTest.war")
[0m[31m10:26:05,325 ERROR [org.jboss.as.server.deployment] (MSC service thread 1-1) WFLYSRV0002: Could not read provided index: /content/DelayedCheckTest.war/WEB-INF/lib/mutiny-0.16.0.jar/META-INF/jandex.idx
[0m[0m10:26:06,033 INFO  [org.jboss.weld.environment.servletWeldServlet] (ServerService Thread Pool -- 6) WELD-ENV-001008: Initialize Weld using ServletContainerInitializer
[0m[0m10:26:06,044 INFO  [org.jboss.weld.Version] (ServerService Thread Pool -- 6) WELD-000900: 3.1.6 (Final)
[0m[0m10:26:06,076 INFO  [org.jboss.weld.environment.deployment.discovery.DefaultBeanArchiveScanner] (ServerService Thread Pool -- 6) Unable to adapt URL: vfs:/content/DelayedCheckTest.war/WEB-INF/lib/smallrye-health-15683915167177550496.jar/META-INF/beans.xml, using its external form instead
[0m[0m10:26:06,079 INFO  [org.jboss.weld.Bootstrap] (ServerService Thread Pool -- 6) WELD-ENV-000014: Falling back to Java Reflection for bean-discovery-mode="annotated" discovery. Add org.jboss:jandex to the classpath to speed-up startup.
[0m[0m10:26:06,109 INFO  [org.jboss.weld.Bootstrap] (ServerService Thread Pool -- 6) WELD-000101: Transactional services not available. Injection of @Inject UserTransaction not available. Transactional observers will be invoked synchronously.
[0m[0m10:26:06,206 INFO  [org.jboss.weld.environment.servletUndertow] (ServerService Thread Pool -- 6) WELD-ENV-001302: Undertow detected, CDI injection will be available in Servlets, Filters and Listeners.
[0m[0m10:26:06,468 INFO  [org.wildfly.extension.undertow] (ServerService Thread Pool -- 6) WFLYUT0021: Registered web context: '/DelayedCheckTest' for server 'default-server'
[0m[0m10:26:06,483 INFO  [org.jboss.as.server] (management-handler-thread - 1) WFLYSRV0010: Deployed "DelayedCheckTest.war" (runtime-name : "DelayedCheckTest.war")
[0mJan 18, 2023 10:26:06 AM org.eclipse.microprofile.health.tck.TCKBase beforeMethod
INFO: Running test: DelayedCheckTest#testSuccessResponsePayload
[0m10:26:12,603 INFO  [io.smallrye.health] (default task-1) SRHCK01001: Reporting health down status: {"status":"DOWN","checks":[{"name":"delayed-check","status":"DOWN"}]}
[0m{"status":"DOWN","checks":[{"name":"delayed-check","status":"DOWN"}]}
[0m10:26:12,614 INFO  [org.wildfly.extension.undertow] (ServerService Thread Pool -- 6) WFLYUT0022: Unregistered web context: '/DelayedCheckTest' from server 'default-server'
[0m[0m10:26:12,667 INFO  [org.jboss.as.server.deployment] (MSC service thread 1-3) WFLYSRV0028: Stopped deployment DelayedCheckTest.war (runtime-name: DelayedCheckTest.war) in 53ms
[0m[0m10:26:12,689 INFO  [org.jboss.as.repository] (management-handler-thread - 1) WFLYDR0002: Content removed from location /home/gabsko/breaking-updates/testsuite/tck/target/wildfly-servlet-18.0.1.Final/standalone/data/content/04/40807ff7c48094768f53a74104cc8271a6510a/content
[0m[0m10:26:12,689 INFO  [org.jboss.as.server] (management-handler-thread - 1) WFLYSRV0009: Undeployed "DelayedCheckTest.war" (runtime-name: "DelayedCheckTest.war")
[0mJan 18, 2023 10:26:12 AM org.jboss.shrinkwrap.resolver.impl.maven.logging.LogTransferListener transferFailed
WARNING: Failed downloading io/smallrye/smallrye-health/3.1.0-SNAPSHOT/maven-metadata.xml from https://repo1.maven.org/maven2/. Reason: 
org.eclipse.aether.transfer.MetadataNotFoundException: Could not find metadata io.smallrye:smallrye-health:3.1.0-SNAPSHOT/maven-metadata.xml in central (https://repo1.maven.org/maven2)
Jan 18, 2023 10:26:12 AM org.jboss.shrinkwrap.resolver.impl.maven.logging.LogTransferListener transferFailed
WARNING: Failed downloading io/smallrye/smallrye-health-api/3.1.0-SNAPSHOT/maven-metadata.xml from https://repo1.maven.org/maven2/. Reason: 
org.eclipse.aether.transfer.MetadataNotFoundException: Could not find metadata io.smallrye:smallrye-health-api:3.1.0-SNAPSHOT/maven-metadata.xml in central (https://repo1.maven.org/maven2)
Jan 18, 2023 10:26:12 AM org.jboss.shrinkwrap.resolver.impl.maven.logging.LogTransferListener transferFailed
WARNING: Failed downloading io/smallrye/smallrye-health-tck/3.1.0-SNAPSHOT/maven-metadata.xml from https://repo1.maven.org/maven2/. Reason: 
org.eclipse.aether.transfer.MetadataNotFoundException: Could not find metadata io.smallrye:smallrye-health-tck:3.1.0-SNAPSHOT/maven-metadata.xml in central (https://repo1.maven.org/maven2)
[0m10:26:14,185 INFO  [org.jboss.as.repository] (management-handler-thread - 1) WFLYDR0001: Content added at location /home/gabsko/breaking-updates/testsuite/tck/target/wildfly-servlet-18.0.1.Final/standalone/data/content/5c/2524385462cd554235375ea38248277d1c9635/content
[0m[0m10:26:14,186 INFO  [org.jboss.as.server.deployment] (MSC service thread 1-4) WFLYSRV0027: Starting deployment of "HealthCheckResponseValidationTest.war" (runtime-name: "HealthCheckResponseValidationTest.war")
[0m[31m10:26:14,482 ERROR [org.jboss.as.server.deployment] (MSC service thread 1-3) WFLYSRV0002: Could not read provided index: /content/HealthCheckResponseValidationTest.war/WEB-INF/lib/mutiny-0.16.0.jar/META-INF/jandex.idx
[0m[0m10:26:15,233 INFO  [org.jboss.weld.environment.servletWeldServlet] (ServerService Thread Pool -- 26) WELD-ENV-001008: Initialize Weld using ServletContainerInitializer
[0m[0m10:26:15,243 INFO  [org.jboss.weld.Version] (ServerService Thread Pool -- 26) WELD-000900: 3.1.6 (Final)
[0m[0m10:26:15,273 INFO  [org.jboss.weld.environment.deployment.discovery.DefaultBeanArchiveScanner] (ServerService Thread Pool -- 26) Unable to adapt URL: vfs:/content/HealthCheckResponseValidationTest.war/WEB-INF/lib/smallrye-health-17122988773158284599.jar/META-INF/beans.xml, using its external form instead
[0m[0m10:26:15,278 INFO  [org.jboss.weld.Bootstrap] (ServerService Thread Pool -- 26) WELD-ENV-000014: Falling back to Java Reflection for bean-discovery-mode="annotated" discovery. Add org.jboss:jandex to the classpath to speed-up startup.
[0m[0m10:26:15,315 INFO  [org.jboss.weld.Bootstrap] (ServerService Thread Pool -- 26) WELD-000101: Transactional services not available. Injection of @Inject UserTransaction not available. Transactional observers will be invoked synchronously.
[0m[0m10:26:15,442 INFO  [org.jboss.weld.environment.servletUndertow] (ServerService Thread Pool -- 26) WELD-ENV-001302: Undertow detected, CDI injection will be available in Servlets, Filters and Listeners.
[0m[0m10:26:15,698 INFO  [org.wildfly.extension.undertow] (ServerService Thread Pool -- 26) WFLYUT0021: Registered web context: '/HealthCheckResponseValidationTest' for server 'default-server'
[0m[0m10:26:15,713 INFO  [org.jboss.as.server] (management-handler-thread - 1) WFLYSRV0010: Deployed "HealthCheckResponseValidationTest.war" (runtime-name : "HealthCheckResponseValidationTest.war")
[0mJan 18, 2023 10:26:15 AM org.eclipse.microprofile.health.tck.TCKBase beforeMethod
INFO: Running test: HealthCheckResponseValidationTest#testValidateConcreteHealthCheckResponse
{"status":"UP","checks":[{"name":"successful-check","status":"UP"}]}
[0m10:26:15,892 INFO  [org.wildfly.extension.undertow] (ServerService Thread Pool -- 26) WFLYUT0022: Unregistered web context: '/HealthCheckResponseValidationTest' from server 'default-server'
[0m[0m10:26:15,934 INFO  [org.jboss.as.server.deployment] (MSC service thread 1-3) WFLYSRV0028: Stopped deployment HealthCheckResponseValidationTest.war (runtime-name: HealthCheckResponseValidationTest.war) in 42ms
[0m[0m10:26:15,952 INFO  [org.jboss.as.repository] (management-handler-thread - 1) WFLYDR0002: Content removed from location /home/gabsko/breaking-updates/testsuite/tck/target/wildfly-servlet-18.0.1.Final/standalone/data/content/5c/2524385462cd554235375ea38248277d1c9635/content
[0m[0m10:26:15,952 INFO  [org.jboss.as.server] (management-handler-thread - 1) WFLYSRV0009: Undeployed "HealthCheckResponseValidationTest.war" (runtime-name: "HealthCheckResponseValidationTest.war")
[0mJan 18, 2023 10:26:15 AM org.jboss.shrinkwrap.resolver.impl.maven.logging.LogTransferListener transferFailed
WARNING: Failed downloading io/smallrye/smallrye-health/3.1.0-SNAPSHOT/maven-metadata.xml from https://repo1.maven.org/maven2/. Reason: 
org.eclipse.aether.transfer.MetadataNotFoundException: Could not find metadata io.smallrye:smallrye-health:3.1.0-SNAPSHOT/maven-metadata.xml in central (https://repo1.maven.org/maven2)
Jan 18, 2023 10:26:16 AM org.jboss.shrinkwrap.resolver.impl.maven.logging.LogTransferListener transferFailed
WARNING: Failed downloading io/smallrye/smallrye-health-api/3.1.0-SNAPSHOT/maven-metadata.xml from https://repo1.maven.org/maven2/. Reason: 
org.eclipse.aether.transfer.MetadataNotFoundException: Could not find metadata io.smallrye:smallrye-health-api:3.1.0-SNAPSHOT/maven-metadata.xml in central (https://repo1.maven.org/maven2)
Jan 18, 2023 10:26:16 AM org.jboss.shrinkwrap.resolver.impl.maven.logging.LogTransferListener transferFailed
WARNING: Failed downloading io/smallrye/smallrye-health-tck/3.1.0-SNAPSHOT/maven-metadata.xml from https://repo1.maven.org/maven2/. Reason: 
org.eclipse.aether.transfer.MetadataNotFoundException: Could not find metadata io.smallrye:smallrye-health-tck:3.1.0-SNAPSHOT/maven-metadata.xml in central (https://repo1.maven.org/maven2)
[0m10:26:17,396 INFO  [org.jboss.as.repository] (management-handler-thread - 1) WFLYDR0001: Content added at location /home/gabsko/breaking-updates/testsuite/tck/target/wildfly-servlet-18.0.1.Final/standalone/data/content/d7/515b520ff63b698770c7d9aad890b91e68b813/content
[0m[0m10:26:17,399 INFO  [org.jboss.as.server.deployment] (MSC service thread 1-3) WFLYSRV0027: Starting deployment of "JsonSchemaValidationTest.war" (runtime-name: "JsonSchemaValidationTest.war")
[0m[31m10:26:17,720 ERROR [org.jboss.as.server.deployment] (MSC service thread 1-8) WFLYSRV0002: Could not read provided index: /content/JsonSchemaValidationTest.war/WEB-INF/lib/mutiny-0.16.0.jar/META-INF/jandex.idx
[0m[0m10:26:18,456 INFO  [org.jboss.weld.environment.servletWeldServlet] (ServerService Thread Pool -- 6) WELD-ENV-001008: Initialize Weld using ServletContainerInitializer
[0m[0m10:26:18,468 INFO  [org.jboss.weld.Version] (ServerService Thread Pool -- 6) WELD-000900: 3.1.6 (Final)
[0m[0m10:26:18,499 INFO  [org.jboss.weld.environment.deployment.discovery.DefaultBeanArchiveScanner] (ServerService Thread Pool -- 6) Unable to adapt URL: vfs:/content/JsonSchemaValidationTest.war/WEB-INF/lib/smallrye-health-240874165310090329.jar/META-INF/beans.xml, using its external form instead
[0m[0m10:26:18,501 INFO  [org.jboss.weld.Bootstrap] (ServerService Thread Pool -- 6) WELD-ENV-000014: Falling back to Java Reflection for bean-discovery-mode="annotated" discovery. Add org.jboss:jandex to the classpath to speed-up startup.
[0m[0m10:26:18,562 INFO  [org.jboss.weld.Bootstrap] (ServerService Thread Pool -- 6) WELD-000101: Transactional services not available. Injection of @Inject UserTransaction not available. Transactional observers will be invoked synchronously.
[0m[0m10:26:18,692 INFO  [org.jboss.weld.environment.servletUndertow] (ServerService Thread Pool -- 6) WELD-ENV-001302: Undertow detected, CDI injection will be available in Servlets, Filters and Listeners.
[0m[0m10:26:18,917 INFO  [org.wildfly.extension.undertow] (ServerService Thread Pool -- 6) WFLYUT0021: Registered web context: '/JsonSchemaValidationTest' for server 'default-server'
[0m[0m10:26:18,932 INFO  [org.jboss.as.server] (management-handler-thread - 1) WFLYSRV0010: Deployed "JsonSchemaValidationTest.war" (runtime-name : "JsonSchemaValidationTest.war")
[0mJan 18, 2023 10:26:18 AM org.eclipse.microprofile.health.tck.TCKBase beforeMethod
INFO: Running test: JsonSchemaValidationTest#testPayloadJsonVerifiesWithTheSpecificationSchema
{"status":"UP","checks":[{"name":"successful-check","status":"UP"},{"name":"successful-check","status":"UP"}]}
[0m10:26:19,113 INFO  [org.wildfly.extension.undertow] (ServerService Thread Pool -- 6) WFLYUT0022: Unregistered web context: '/JsonSchemaValidationTest' from server 'default-server'
[0m[0m10:26:19,153 INFO  [org.jboss.as.server.deployment] (MSC service thread 1-2) WFLYSRV0028: Stopped deployment JsonSchemaValidationTest.war (runtime-name: JsonSchemaValidationTest.war) in 41ms
[0m[0m10:26:19,173 INFO  [org.jboss.as.repository] (management-handler-thread - 1) WFLYDR0002: Content removed from location /home/gabsko/breaking-updates/testsuite/tck/target/wildfly-servlet-18.0.1.Final/standalone/data/content/d7/515b520ff63b698770c7d9aad890b91e68b813/content
[0m[0m10:26:19,173 INFO  [org.jboss.as.server] (management-handler-thread - 1) WFLYSRV0009: Undeployed "JsonSchemaValidationTest.war" (runtime-name: "JsonSchemaValidationTest.war")
[0mJan 18, 2023 10:26:19 AM org.jboss.shrinkwrap.resolver.impl.maven.logging.LogTransferListener transferFailed
WARNING: Failed downloading io/smallrye/smallrye-health/3.1.0-SNAPSHOT/maven-metadata.xml from https://repo1.maven.org/maven2/. Reason: 
org.eclipse.aether.transfer.MetadataNotFoundException: Could not find metadata io.smallrye:smallrye-health:3.1.0-SNAPSHOT/maven-metadata.xml in central (https://repo1.maven.org/maven2)
Jan 18, 2023 10:26:19 AM org.jboss.shrinkwrap.resolver.impl.maven.logging.LogTransferListener transferFailed
WARNING: Failed downloading io/smallrye/smallrye-health-api/3.1.0-SNAPSHOT/maven-metadata.xml from https://repo1.maven.org/maven2/. Reason: 
org.eclipse.aether.transfer.MetadataNotFoundException: Could not find metadata io.smallrye:smallrye-health-api:3.1.0-SNAPSHOT/maven-metadata.xml in central (https://repo1.maven.org/maven2)
Jan 18, 2023 10:26:19 AM org.jboss.shrinkwrap.resolver.impl.maven.logging.LogTransferListener transferFailed
WARNING: Failed downloading io/smallrye/smallrye-health-tck/3.1.0-SNAPSHOT/maven-metadata.xml from https://repo1.maven.org/maven2/. Reason: 
org.eclipse.aether.transfer.MetadataNotFoundException: Could not find metadata io.smallrye:smallrye-health-tck:3.1.0-SNAPSHOT/maven-metadata.xml in central (https://repo1.maven.org/maven2)
[0m10:26:20,614 INFO  [org.jboss.as.repository] (management-handler-thread - 1) WFLYDR0001: Content added at location /home/gabsko/breaking-updates/testsuite/tck/target/wildfly-servlet-18.0.1.Final/standalone/data/content/68/d8ed4f973dade9df4cad6bfcc7a5e3c415805e/content
[0m[0m10:26:20,616 INFO  [org.jboss.as.server.deployment] (MSC service thread 1-5) WFLYSRV0027: Starting deployment of "ConfigTest.war" (runtime-name: "ConfigTest.war")
[0m[31m10:26:20,940 ERROR [org.jboss.as.server.deployment] (MSC service thread 1-6) WFLYSRV0002: Could not read provided index: /content/ConfigTest.war/WEB-INF/lib/mutiny-0.16.0.jar/META-INF/jandex.idx
[0m[0m10:26:21,709 INFO  [org.jboss.weld.environment.servletWeldServlet] (ServerService Thread Pool -- 26) WELD-ENV-001008: Initialize Weld using ServletContainerInitializer
[0m[0m10:26:21,720 INFO  [org.jboss.weld.Version] (ServerService Thread Pool -- 26) WELD-000900: 3.1.6 (Final)
[0m[0m10:26:21,744 INFO  [org.jboss.weld.environment.deployment.discovery.DefaultBeanArchiveScanner] (ServerService Thread Pool -- 26) Unable to adapt URL: vfs:/content/ConfigTest.war/WEB-INF/lib/smallrye-health-2444663062706952659.jar/META-INF/beans.xml, using its external form instead
[0m[0m10:26:21,746 INFO  [org.jboss.weld.Bootstrap] (ServerService Thread Pool -- 26) WELD-ENV-000014: Falling back to Java Reflection for bean-discovery-mode="annotated" discovery. Add org.jboss:jandex to the classpath to speed-up startup.
[0m[0m10:26:21,787 INFO  [org.jboss.weld.Bootstrap] (ServerService Thread Pool -- 26) WELD-000101: Transactional services not available. Injection of @Inject UserTransaction not available. Transactional observers will be invoked synchronously.
[0m[0m10:26:21,917 INFO  [org.jboss.weld.environment.servletUndertow] (ServerService Thread Pool -- 26) WELD-ENV-001302: Undertow detected, CDI injection will be available in Servlets, Filters and Listeners.
[0m[0m10:26:22,143 INFO  [org.wildfly.extension.undertow] (ServerService Thread Pool -- 26) WFLYUT0021: Registered web context: '/ConfigTest' for server 'default-server'
[0m[0m10:26:22,159 INFO  [org.jboss.as.server] (management-handler-thread - 1) WFLYSRV0010: Deployed "ConfigTest.war" (runtime-name : "ConfigTest.war")
[0mJan 18, 2023 10:26:22 AM org.eclipse.microprofile.health.tck.TCKBase beforeMethod
INFO: Running test: ConfigTest#testEmptyReadinessWithConfig
{"status":"UP","checks":[]}
[0m10:26:22,240 INFO  [org.wildfly.extension.undertow] (ServerService Thread Pool -- 26) WFLYUT0022: Unregistered web context: '/ConfigTest' from server 'default-server'
[0m[0m10:26:22,288 INFO  [org.jboss.as.server.deployment] (MSC service thread 1-2) WFLYSRV0028: Stopped deployment ConfigTest.war (runtime-name: ConfigTest.war) in 48ms
[0m[0m10:26:22,297 INFO  [org.jboss.as.repository] (management-handler-thread - 1) WFLYDR0002: Content removed from location /home/gabsko/breaking-updates/testsuite/tck/target/wildfly-servlet-18.0.1.Final/standalone/data/content/68/d8ed4f973dade9df4cad6bfcc7a5e3c415805e/content
[0m[0m10:26:22,298 INFO  [org.jboss.as.server] (management-handler-thread - 1) WFLYSRV0009: Undeployed "ConfigTest.war" (runtime-name: "ConfigTest.war")
[0mJan 18, 2023 10:26:22 AM org.jboss.shrinkwrap.resolver.impl.maven.logging.LogTransferListener transferFailed
WARNING: Failed downloading io/smallrye/smallrye-health/3.1.0-SNAPSHOT/maven-metadata.xml from https://repo1.maven.org/maven2/. Reason: 
org.eclipse.aether.transfer.MetadataNotFoundException: Could not find metadata io.smallrye:smallrye-health:3.1.0-SNAPSHOT/maven-metadata.xml in central (https://repo1.maven.org/maven2)
Jan 18, 2023 10:26:22 AM org.jboss.shrinkwrap.resolver.impl.maven.logging.LogTransferListener transferFailed
WARNING: Failed downloading io/smallrye/smallrye-health-api/3.1.0-SNAPSHOT/maven-metadata.xml from https://repo1.maven.org/maven2/. Reason: 
org.eclipse.aether.transfer.MetadataNotFoundException: Could not find metadata io.smallrye:smallrye-health-api:3.1.0-SNAPSHOT/maven-metadata.xml in central (https://repo1.maven.org/maven2)
Jan 18, 2023 10:26:22 AM org.jboss.shrinkwrap.resolver.impl.maven.logging.LogTransferListener transferFailed
WARNING: Failed downloading io/smallrye/smallrye-health-tck/3.1.0-SNAPSHOT/maven-metadata.xml from https://repo1.maven.org/maven2/. Reason: 
org.eclipse.aether.transfer.MetadataNotFoundException: Could not find metadata io.smallrye:smallrye-health-tck:3.1.0-SNAPSHOT/maven-metadata.xml in central (https://repo1.maven.org/maven2)
[0m10:26:23,747 INFO  [org.jboss.as.repository] (management-handler-thread - 1) WFLYDR0001: Content added at location /home/gabsko/breaking-updates/testsuite/tck/target/wildfly-servlet-18.0.1.Final/standalone/data/content/c7/306aed7b7a7d6b12ddf76789d2986b14afdbac/content
[0m[0m10:26:23,749 INFO  [org.jboss.as.server.deployment] (MSC service thread 1-2) WFLYSRV0027: Starting deployment of "MultipleProceduresFailedTest.war" (runtime-name: "MultipleProceduresFailedTest.war")
[0m[31m10:26:24,055 ERROR [org.jboss.as.server.deployment] (MSC service thread 1-3) WFLYSRV0002: Could not read provided index: /content/MultipleProceduresFailedTest.war/WEB-INF/lib/mutiny-0.16.0.jar/META-INF/jandex.idx
[0m[0m10:26:24,801 INFO  [org.jboss.weld.environment.servletWeldServlet] (ServerService Thread Pool -- 26) WELD-ENV-001008: Initialize Weld using ServletContainerInitializer
[0m[0m10:26:24,810 INFO  [org.jboss.weld.Version] (ServerService Thread Pool -- 26) WELD-000900: 3.1.6 (Final)
[0m[0m10:26:24,834 INFO  [org.jboss.weld.environment.deployment.discovery.DefaultBeanArchiveScanner] (ServerService Thread Pool -- 26) Unable to adapt URL: vfs:/content/MultipleProceduresFailedTest.war/WEB-INF/lib/smallrye-health-1245327274652600837.jar/META-INF/beans.xml, using its external form instead
[0m[0m10:26:24,836 INFO  [org.jboss.weld.Bootstrap] (ServerService Thread Pool -- 26) WELD-ENV-000014: Falling back to Java Reflection for bean-discovery-mode="annotated" discovery. Add org.jboss:jandex to the classpath to speed-up startup.
[0m[0m10:26:24,868 INFO  [org.jboss.weld.Bootstrap] (ServerService Thread Pool -- 26) WELD-000101: Transactional services not available. Injection of @Inject UserTransaction not available. Transactional observers will be invoked synchronously.
[0m[0m10:26:24,972 INFO  [org.jboss.weld.environment.servletUndertow] (ServerService Thread Pool -- 26) WELD-ENV-001302: Undertow detected, CDI injection will be available in Servlets, Filters and Listeners.
[0m[0m10:26:25,204 INFO  [org.wildfly.extension.undertow] (ServerService Thread Pool -- 26) WFLYUT0021: Registered web context: '/MultipleProceduresFailedTest' for server 'default-server'
[0m[0m10:26:25,219 INFO  [org.jboss.as.server] (management-handler-thread - 1) WFLYSRV0010: Deployed "MultipleProceduresFailedTest.war" (runtime-name : "MultipleProceduresFailedTest.war")
[0mJan 18, 2023 10:26:25 AM org.eclipse.microprofile.health.tck.TCKBase beforeMethod
INFO: Running test: MultipleProceduresFailedTest#testFailureResponsePayload
[0m10:26:25,313 INFO  [io.smallrye.health] (default task-1) SRHCK01001: Reporting health down status: {"status":"DOWN","checks":[{"name":"successful-check","status":"UP"},{"name":"failed-check","status":"DOWN"},{"name":"successful-check","status":"UP"}]}
[0m{"status":"DOWN","checks":[{"name":"successful-check","status":"UP"},{"name":"failed-check","status":"DOWN"},{"name":"successful-check","status":"UP"}]}
[0m10:26:25,319 INFO  [org.wildfly.extension.undertow] (ServerService Thread Pool -- 26) WFLYUT0022: Unregistered web context: '/MultipleProceduresFailedTest' from server 'default-server'
[0m[0m10:26:25,358 INFO  [org.jboss.as.server.deployment] (MSC service thread 1-7) WFLYSRV0028: Stopped deployment MultipleProceduresFailedTest.war (runtime-name: MultipleProceduresFailedTest.war) in 40ms
[0m[0m10:26:25,378 INFO  [org.jboss.as.repository] (management-handler-thread - 1) WFLYDR0002: Content removed from location /home/gabsko/breaking-updates/testsuite/tck/target/wildfly-servlet-18.0.1.Final/standalone/data/content/c7/306aed7b7a7d6b12ddf76789d2986b14afdbac/content
[0m[0m10:26:25,379 INFO  [org.jboss.as.server] (management-handler-thread - 1) WFLYSRV0009: Undeployed "MultipleProceduresFailedTest.war" (runtime-name: "MultipleProceduresFailedTest.war")
[0mJan 18, 2023 10:26:25 AM org.jboss.shrinkwrap.resolver.impl.maven.logging.LogTransferListener transferFailed
WARNING: Failed downloading io/smallrye/smallrye-health/3.1.0-SNAPSHOT/maven-metadata.xml from https://repo1.maven.org/maven2/. Reason: 
org.eclipse.aether.transfer.MetadataNotFoundException: Could not find metadata io.smallrye:smallrye-health:3.1.0-SNAPSHOT/maven-metadata.xml in central (https://repo1.maven.org/maven2)
Jan 18, 2023 10:26:25 AM org.jboss.shrinkwrap.resolver.impl.maven.logging.LogTransferListener transferFailed
WARNING: Failed downloading io/smallrye/smallrye-health-api/3.1.0-SNAPSHOT/maven-metadata.xml from https://repo1.maven.org/maven2/. Reason: 
org.eclipse.aether.transfer.MetadataNotFoundException: Could not find metadata io.smallrye:smallrye-health-api:3.1.0-SNAPSHOT/maven-metadata.xml in central (https://repo1.maven.org/maven2)
Jan 18, 2023 10:26:25 AM org.jboss.shrinkwrap.resolver.impl.maven.logging.LogTransferListener transferFailed
WARNING: Failed downloading io/smallrye/smallrye-health-tck/3.1.0-SNAPSHOT/maven-metadata.xml from https://repo1.maven.org/maven2/. Reason: 
org.eclipse.aether.transfer.MetadataNotFoundException: Could not find metadata io.smallrye:smallrye-health-tck:3.1.0-SNAPSHOT/maven-metadata.xml in central (https://repo1.maven.org/maven2)
[0m10:26:26,838 INFO  [org.jboss.as.repository] (management-handler-thread - 1) WFLYDR0001: Content added at location /home/gabsko/breaking-updates/testsuite/tck/target/wildfly-servlet-18.0.1.Final/standalone/data/content/15/1ddf738315dc97ea18ac459dc4f7c190ca612e/content
[0m[0m10:26:26,839 INFO  [org.jboss.as.server.deployment] (MSC service thread 1-6) WFLYSRV0027: Starting deployment of "SingleReadinessFailedTest.war" (runtime-name: "SingleReadinessFailedTest.war")
[0m[31m10:26:27,164 ERROR [org.jboss.as.server.deployment] (MSC service thread 1-7) WFLYSRV0002: Could not read provided index: /content/SingleReadinessFailedTest.war/WEB-INF/lib/mutiny-0.16.0.jar/META-INF/jandex.idx
[0m[0m10:26:27,934 INFO  [org.jboss.weld.environment.servletWeldServlet] (ServerService Thread Pool -- 5) WELD-ENV-001008: Initialize Weld using ServletContainerInitializer
[0m[0m10:26:27,947 INFO  [org.jboss.weld.Version] (ServerService Thread Pool -- 5) WELD-000900: 3.1.6 (Final)
[0m[0m10:26:27,974 INFO  [org.jboss.weld.environment.deployment.discovery.DefaultBeanArchiveScanner] (ServerService Thread Pool -- 5) Unable to adapt URL: vfs:/content/SingleReadinessFailedTest.war/WEB-INF/lib/smallrye-health-17887888391276024696.jar/META-INF/beans.xml, using its external form instead
[0m[0m10:26:27,976 INFO  [org.jboss.weld.Bootstrap] (ServerService Thread Pool -- 5) WELD-ENV-000014: Falling back to Java Reflection for bean-discovery-mode="annotated" discovery. Add org.jboss:jandex to the classpath to speed-up startup.
[0m[0m10:26:28,007 INFO  [org.jboss.weld.Bootstrap] (ServerService Thread Pool -- 5) WELD-000101: Transactional services not available. Injection of @Inject UserTransaction not available. Transactional observers will be invoked synchronously.
[0m[0m10:26:28,115 INFO  [org.jboss.weld.environment.servletUndertow] (ServerService Thread Pool -- 5) WELD-ENV-001302: Undertow detected, CDI injection will be available in Servlets, Filters and Listeners.
[0m[0m10:26:28,370 INFO  [org.wildfly.extension.undertow] (ServerService Thread Pool -- 5) WFLYUT0021: Registered web context: '/SingleReadinessFailedTest' for server 'default-server'
[0m[0m10:26:28,385 INFO  [org.jboss.as.server] (management-handler-thread - 1) WFLYSRV0010: Deployed "SingleReadinessFailedTest.war" (runtime-name : "SingleReadinessFailedTest.war")
[0mJan 18, 2023 10:26:28 AM org.eclipse.microprofile.health.tck.TCKBase beforeMethod
INFO: Running test: SingleReadinessFailedTest#testFailureResponsePayload
[0m10:26:28,499 INFO  [io.smallrye.health] (default task-1) SRHCK01001: Reporting health down status: {"status":"DOWN","checks":[{"name":"failed-check","status":"DOWN"}]}
[0m{"status":"DOWN","checks":[{"name":"failed-check","status":"DOWN"}]}
[0m10:26:28,505 INFO  [org.wildfly.extension.undertow] (ServerService Thread Pool -- 5) WFLYUT0022: Unregistered web context: '/SingleReadinessFailedTest' from server 'default-server'
[0m[0m10:26:28,544 INFO  [org.jboss.as.server.deployment] (MSC service thread 1-2) WFLYSRV0028: Stopped deployment SingleReadinessFailedTest.war (runtime-name: SingleReadinessFailedTest.war) in 40ms
[0m[0m10:26:28,562 INFO  [org.jboss.as.repository] (management-handler-thread - 1) WFLYDR0002: Content removed from location /home/gabsko/breaking-updates/testsuite/tck/target/wildfly-servlet-18.0.1.Final/standalone/data/content/15/1ddf738315dc97ea18ac459dc4f7c190ca612e/content
[0m[0m10:26:28,563 INFO  [org.jboss.as.server] (management-handler-thread - 1) WFLYSRV0009: Undeployed "SingleReadinessFailedTest.war" (runtime-name: "SingleReadinessFailedTest.war")
[0m[0m10:26:28,602 INFO  [org.jboss.as.server] (management-handler-thread - 1) WFLYSRV0272: Suspending server
[0m[0m10:26:28,605 INFO  [org.jboss.as.server] (Management Triggered Shutdown) WFLYSRV0241: Shutting down in response to management operation 'shutdown'
[0m[0m10:26:28,614 INFO  [org.wildfly.extension.undertow] (MSC service thread 1-2) WFLYUT0008: Undertow HTTP listener default suspending
[0m[0m10:26:28,614 INFO  [org.wildfly.extension.undertow] (MSC service thread 1-3) WFLYUT0008: Undertow HTTPS listener https suspending
[0m[0m10:26:28,616 INFO  [org.wildfly.extension.undertow] (MSC service thread 1-8) WFLYUT0019: Host default-host stopping
[0m[0m10:26:28,620 INFO  [org.wildfly.extension.undertow] (MSC service thread 1-3) WFLYUT0007: Undertow HTTPS listener https stopped, was bound to 127.0.0.1:8443
[0m[0m10:26:28,620 INFO  [org.wildfly.extension.undertow] (MSC service thread 1-2) WFLYUT0007: Undertow HTTP listener default stopped, was bound to 127.0.0.1:8080
[0m[0m10:26:28,623 INFO  [org.wildfly.extension.undertow] (MSC service thread 1-8) WFLYUT0004: Undertow 2.0.27.Final stopping
[0m[0m10:26:28,641 INFO  [org.jboss.as] (MSC service thread 1-5) WFLYSRV0050: WildFly Servlet 18.0.1.Final (WildFly Core 10.0.3.Final) stopped in 31ms
[0m[ERROR] Tests run: 21, Failures: 1, Errors: 0, Skipped: 0, Time elapsed: 65.902 s <<< FAILURE! - in TestSuite
[ERROR] testPayloadJsonVerifiesWithTheSpecificationSchema(org.eclipse.microprofile.health.tck.JsonSchemaValidationTest)  Time elapsed: 0.169 s  <<< FAILURE!
java.lang.NoClassDefFoundError: javax/mail/internet/AddressException
	at org.eclipse.microprofile.health.tck.JsonSchemaValidationTest.testPayloadJsonVerifiesWithTheSpecificationSchema(JsonSchemaValidationTest.java:71)
Caused by: java.lang.ClassNotFoundException: javax.mail.internet.AddressException
	at org.eclipse.microprofile.health.tck.JsonSchemaValidationTest.testPayloadJsonVerifiesWithTheSpecificationSchema(JsonSchemaValidationTest.java:71)

[INFO] 
[INFO] Results:
[INFO] 
[ERROR] Failures: 
[ERROR]   JsonSchemaValidationTest>Arquillian.run:138->testPayloadJsonVerifiesWithTheSpecificationSchema:71 » NoClassDefFound
[INFO] 
[ERROR] Tests run: 21, Failures: 1, Errors: 0, Skipped: 0
[INFO] 
[INFO] ------------------------------------------------------------------------
[INFO] Reactor Summary for SmallRye Health: Parent 3.1.0-SNAPSHOT:
[INFO] 
[INFO] SmallRye Health: Parent ............................ SUCCESS [  0.440 s]
[INFO] SmallRye Health: API ............................... SUCCESS [  1.443 s]
[INFO] SmallRye Health: Implementation .................... SUCCESS [  1.951 s]
[INFO] SmallRye Health: Test Suite Parent ................. SUCCESS [  0.010 s]
[INFO] SmallRye Health: TCK ............................... FAILURE [01:08 min]
[INFO] SmallRye Health: Experimental Test Suite ........... SKIPPED
[INFO] SmallRye Health: UI ................................ SKIPPED
[INFO] SmallRye Health: Provided Health Checks ............ SKIPPED
[INFO] SmallRye Health: Empty Release Project to Avoid Maven Bug SKIPPED
[INFO] ------------------------------------------------------------------------
[INFO] BUILD FAILURE
[INFO] ------------------------------------------------------------------------
[INFO] Total time:  01:12 min
[INFO] Finished at: 2023-01-18T10:26:29Z
[INFO] ------------------------------------------------------------------------
[ERROR] Failed to execute goal org.apache.maven.plugins:maven-surefire-plugin:2.22.2:test (default-test) on project smallrye-health-tck: There are test failures.
[ERROR] 
[ERROR] Please refer to /home/gabsko/breaking-updates/testsuite/tck/target/surefire-reports for the individual test results.
[ERROR] Please refer to dump files (if any exist) [date].dump, [date]-jvmRun[N].dump and [date].dumpstream.
[ERROR] -> [Help 1]
[ERROR] 
[ERROR] To see the full stack trace of the errors, re-run Maven with the -e switch.
[ERROR] Re-run Maven using the -X switch to enable full debug logging.
[ERROR] 
[ERROR] For more information about the errors and possible solutions, please read the following articles:
[ERROR] [Help 1] http://cwiki.apache.org/confluence/display/MAVEN/MojoFailureException
[ERROR] 
[ERROR] After correcting the problems, you can resume the build with the command
[ERROR]   mvn <args> -rf :smallrye-health-tck
