[INFO] Scanning for projects...
[INFO] Inspecting build with total of 8 modules...
[INFO] Installing Nexus Staging features:
[INFO]   ... total of 8 executions of maven-deploy-plugin replaced with nexus-staging-maven-plugin
[INFO] ------------------------------------------------------------------------
[INFO] Reactor Build Order:
[INFO] 
[INFO] avans :: parent                                                    [pom]
[INFO] avans                                                              [jar]
[INFO] avans-jmh                                                          [jar]
[INFO] avans-freemarker                                                   [jar]
[INFO] avans-tinyvalidator                                                [jar]
[INFO] avans-session                                                      [jar]
[INFO] avans-session-spymemcached                                         [jar]
[INFO] avans-setup                                                        [jar]
[INFO] 
[INFO] -----------------------< me.geso:avans-project >------------------------
[INFO] Building avans :: parent 2.5.1-SNAPSHOT                            [1/8]
[INFO] --------------------------------[ pom ]---------------------------------
[INFO] 
[INFO] --- maven-clean-plugin:2.5:clean (default-clean) @ avans-project ---
[INFO] 
[INFO] ---------------------------< me.geso:avans >----------------------------
[INFO] Building avans 2.5.1-SNAPSHOT                                      [2/8]
[INFO] --------------------------------[ jar ]---------------------------------
[INFO] 
[INFO] --- maven-clean-plugin:2.5:clean (default-clean) @ avans ---
[INFO] Deleting /home/gabsko/breaking-updates/avans/target
[INFO] 
[INFO] --- maven-resources-plugin:2.6:resources (default-resources) @ avans ---
[INFO] Using 'UTF-8' encoding to copy filtered resources.
[INFO] skip non existing resourceDirectory /home/gabsko/breaking-updates/avans/src/main/resources
[INFO] 
[INFO] --- maven-compiler-plugin:3.10.1:compile (default-compile) @ avans ---
[INFO] Changes detected - recompiling the module!
[INFO] Compiling 30 source files to /home/gabsko/breaking-updates/avans/target/classes
[INFO] /home/gabsko/breaking-updates/avans/src/main/java/me/geso/avans/ControllerBase.java: Some input files use or override a deprecated API.
[INFO] /home/gabsko/breaking-updates/avans/src/main/java/me/geso/avans/ControllerBase.java: Recompile with -Xlint:deprecation for details.
[INFO] /home/gabsko/breaking-updates/avans/src/main/java/me/geso/avans/ControllerBase.java: /home/gabsko/breaking-updates/avans/src/main/java/me/geso/avans/ControllerBase.java uses unchecked or unsafe operations.
[INFO] /home/gabsko/breaking-updates/avans/src/main/java/me/geso/avans/ControllerBase.java: Recompile with -Xlint:unchecked for details.
[INFO] 
[INFO] --- maven-resources-plugin:2.6:testResources (default-testResources) @ avans ---
[INFO] Using 'UTF-8' encoding to copy filtered resources.
[INFO] Copying 3 resources
[INFO] 
[INFO] --- maven-compiler-plugin:3.10.1:testCompile (default-testCompile) @ avans ---
[INFO] Changes detected - recompiling the module!
[INFO] Compiling 12 source files to /home/gabsko/breaking-updates/avans/target/test-classes
[INFO] /home/gabsko/breaking-updates/avans/src/test/java/me/geso/avans/ControllerBaseTest.java: Some input files use or override a deprecated API.
[INFO] /home/gabsko/breaking-updates/avans/src/test/java/me/geso/avans/ControllerBaseTest.java: Recompile with -Xlint:deprecation for details.
[INFO] 
[INFO] --- maven-surefire-plugin:2.5:test (default-test) @ avans ---
[INFO] Surefire report directory: /home/gabsko/breaking-updates/avans/target/surefire-reports

-------------------------------------------------------
 T E S T S
-------------------------------------------------------
Running me.geso.avans.annotationbased.AnnotationBasedDispatcherTest
[main] INFO me.geso.avans.Dispatcher - Registering package: me.geso.avans.annotationbased
[main] INFO me.geso.avans.Dispatcher - Registering class: class me.geso.avans.annotationbased.MyController
[main] INFO me.geso.avans.Dispatcher - GET /
[main] INFO me.geso.avans.Dispatcher - POST /postForm
[main] INFO me.geso.avans.Dispatcher - class me.geso.avans.annotationbased.AnnotationBasedDispatcherTest is not a Controller
[main] INFO org.eclipse.jetty.util.log - Logging initialized @348ms
[main] INFO org.eclipse.jetty.server.Server - jetty-9.2.3.v20140905
[main] INFO org.eclipse.jetty.server.handler.ContextHandler - Started o.e.j.s.ServletContextHandler@1622f1b{/,null,AVAILABLE}
[main] INFO org.eclipse.jetty.server.ServerConnector - Started ServerConnector@123ef382{HTTP/1.1}{0.0.0.0:35141}
[main] INFO org.eclipse.jetty.server.Server - Started @435ms
[main] INFO org.eclipse.jetty.server.ServerConnector - Stopped ServerConnector@123ef382{HTTP/1.1}{0.0.0.0:0}
[main] INFO org.eclipse.jetty.server.handler.ContextHandler - Stopped o.e.j.s.ServletContextHandler@1622f1b{/,null,UNAVAILABLE}
[main] INFO me.geso.avans.Dispatcher - Registering package: me.geso.avans.annotationbased
[main] INFO me.geso.avans.Dispatcher - Registering class: class me.geso.avans.annotationbased.MyController
[main] INFO me.geso.avans.Dispatcher - GET /
[main] INFO me.geso.avans.Dispatcher - POST /postForm
[main] INFO me.geso.avans.Dispatcher - class me.geso.avans.annotationbased.AnnotationBasedDispatcherTest is not a Controller
[main] INFO org.eclipse.jetty.server.Server - jetty-9.2.3.v20140905
[main] INFO org.eclipse.jetty.server.handler.ContextHandler - Started o.e.j.s.ServletContextHandler@222a59e6{/,null,AVAILABLE}
[main] INFO org.eclipse.jetty.server.ServerConnector - Started ServerConnector@6c7a164b{HTTP/1.1}{0.0.0.0:38789}
[main] INFO org.eclipse.jetty.server.Server - Started @909ms
[main] INFO org.eclipse.jetty.server.ServerConnector - Stopped ServerConnector@6c7a164b{HTTP/1.1}{0.0.0.0:0}
[main] INFO org.eclipse.jetty.server.handler.ContextHandler - Stopped o.e.j.s.ServletContextHandler@222a59e6{/,null,UNAVAILABLE}
Tests run: 2, Failures: 0, Errors: 0, Skipped: 0, Time elapsed: 0.814 sec
Running me.geso.avans.trigger.ResponseConverterTest
[main] INFO me.geso.avans.Dispatcher - Registering class: class me.geso.avans.trigger.ResponseConverterTest$MyController
[main] INFO me.geso.avans.Dispatcher - GET /
[main] INFO org.eclipse.jetty.server.Server - jetty-9.2.3.v20140905
[main] INFO org.eclipse.jetty.server.handler.ContextHandler - Started o.e.j.s.ServletContextHandler@e25951c{/,null,AVAILABLE}
[main] INFO org.eclipse.jetty.server.ServerConnector - Started ServerConnector@15f47664{HTTP/1.1}{0.0.0.0:39969}
[main] INFO org.eclipse.jetty.server.Server - Started @959ms
[main] INFO me.geso.mech2.Mech2 - http://127.0.0.1:39969/: HTTP/1.1 200 OK, 0.006 secs
[main] INFO org.eclipse.jetty.server.ServerConnector - Stopped ServerConnector@15f47664{HTTP/1.1}{0.0.0.0:0}
[main] INFO org.eclipse.jetty.server.handler.ContextHandler - Stopped o.e.j.s.ServletContextHandler@e25951c{/,null,UNAVAILABLE}
Tests run: 1, Failures: 0, Errors: 0, Skipped: 0, Time elapsed: 0.032 sec
Running me.geso.avans.AvansWebApplicationTest
[main] INFO org.eclipse.jetty.server.Server - jetty-9.2.3.v20140905
[main] INFO org.eclipse.jetty.server.handler.ContextHandler - Started o.e.j.s.ServletContextHandler@6aa8e115{/,null,AVAILABLE}
[main] INFO org.eclipse.jetty.server.ServerConnector - Started ServerConnector@5e21e98f{HTTP/1.1}{0.0.0.0:41687}
[main] INFO org.eclipse.jetty.server.Server - Started @992ms
[qtp412925308-81] INFO me.geso.avans.Dispatcher - Registering class: class me.geso.avans.AvansWebApplicationTest$MyController
[qtp412925308-81] INFO me.geso.avans.Dispatcher - GET /
[qtp412925308-81] INFO me.geso.avans.Dispatcher - GET /query
[qtp412925308-81] INFO me.geso.avans.Dispatcher - GET /jsonEasy
[qtp412925308-81] INFO me.geso.avans.Dispatcher - POST /jsonParam
[qtp412925308-81] INFO me.geso.avans.Dispatcher - GET /ng/param/get
[qtp412925308-81] INFO me.geso.avans.Dispatcher - POST /ng/param/post
[qtp412925308-81] INFO me.geso.avans.Dispatcher - POST /ng/part/single
[qtp412925308-81] INFO me.geso.avans.Dispatcher - POST /ng/part/array
[qtp412925308-81] INFO me.geso.avans.Dispatcher - GET /pathParamAnnotation/{a}
[qtp412925308-81] INFO me.geso.avans.Dispatcher - GET /optionalString
[qtp412925308-81] INFO me.geso.avans.Dispatcher - POST /uploadFile
[qtp412925308-81] INFO me.geso.avans.Dispatcher - POST /uploadOptionalFile
[qtp412925308-81] INFO me.geso.avans.Dispatcher - POST /uploadFileArray
[qtp412925308-81] INFO me.geso.avans.Dispatcher - GET /escapeHTML
[qtp412925308-81] INFO me.geso.avans.Dispatcher - GET /queryParamAnnotation
[qtp412925308-81] INFO me.geso.avans.Dispatcher - POST /postMultipart
[qtp412925308-81] INFO me.geso.avans.Dispatcher - POST /postForm
[qtp412925308-81] INFO me.geso.avans.Dispatcher - GET /cb
[main] INFO org.eclipse.jetty.server.ServerConnector - Stopped ServerConnector@5e21e98f{HTTP/1.1}{0.0.0.0:0}
[main] INFO org.eclipse.jetty.server.handler.ContextHandler - Stopped o.e.j.s.ServletContextHandler@6aa8e115{/,null,UNAVAILABLE}
[main] INFO org.eclipse.jetty.server.Server - jetty-9.2.3.v20140905
[main] INFO org.eclipse.jetty.server.handler.ContextHandler - Started o.e.j.s.ServletContextHandler@37911f88{/,null,AVAILABLE}
[main] INFO org.eclipse.jetty.server.ServerConnector - Started ServerConnector@6f1c29b7{HTTP/1.1}{0.0.0.0:37293}
[main] INFO org.eclipse.jetty.server.Server - Started @1015ms
[main] INFO org.eclipse.jetty.server.ServerConnector - Stopped ServerConnector@6f1c29b7{HTTP/1.1}{0.0.0.0:0}
[main] INFO org.eclipse.jetty.server.handler.ContextHandler - Stopped o.e.j.s.ServletContextHandler@37911f88{/,null,UNAVAILABLE}
[main] INFO org.eclipse.jetty.server.Server - jetty-9.2.3.v20140905
[main] INFO org.eclipse.jetty.server.handler.ContextHandler - Started o.e.j.s.ServletContextHandler@495ee280{/,null,AVAILABLE}
[main] INFO org.eclipse.jetty.server.ServerConnector - Started ServerConnector@4fa1c212{HTTP/1.1}{0.0.0.0:34561}
[main] INFO org.eclipse.jetty.server.Server - Started @1028ms
[main] INFO org.eclipse.jetty.server.ServerConnector - Stopped ServerConnector@4fa1c212{HTTP/1.1}{0.0.0.0:0}
[main] INFO org.eclipse.jetty.server.handler.ContextHandler - Stopped o.e.j.s.ServletContextHandler@495ee280{/,null,UNAVAILABLE}
[main] INFO org.eclipse.jetty.server.Server - jetty-9.2.3.v20140905
[main] INFO org.eclipse.jetty.server.handler.ContextHandler - Started o.e.j.s.ServletContextHandler@3e44f2a5{/,null,AVAILABLE}
[main] INFO org.eclipse.jetty.server.ServerConnector - Started ServerConnector@295cf707{HTTP/1.1}{0.0.0.0:36861}
[main] INFO org.eclipse.jetty.server.Server - Started @1035ms
[main] INFO org.eclipse.jetty.server.ServerConnector - Stopped ServerConnector@295cf707{HTTP/1.1}{0.0.0.0:0}
[main] INFO org.eclipse.jetty.server.handler.ContextHandler - Stopped o.e.j.s.ServletContextHandler@3e44f2a5{/,null,UNAVAILABLE}
[main] INFO org.eclipse.jetty.server.Server - jetty-9.2.3.v20140905
[main] INFO org.eclipse.jetty.server.handler.ContextHandler - Started o.e.j.s.ServletContextHandler@53b7f657{/,null,AVAILABLE}
[main] INFO org.eclipse.jetty.server.ServerConnector - Started ServerConnector@797b0699{HTTP/1.1}{0.0.0.0:39201}
[main] INFO org.eclipse.jetty.server.Server - Started @1059ms
p: heyfile:hello
file:hello,hello
[main] INFO org.eclipse.jetty.server.ServerConnector - Stopped ServerConnector@797b0699{HTTP/1.1}{0.0.0.0:0}
[main] INFO org.eclipse.jetty.server.handler.ContextHandler - Stopped o.e.j.s.ServletContextHandler@53b7f657{/,null,UNAVAILABLE}
[main] INFO org.eclipse.jetty.server.Server - jetty-9.2.3.v20140905
[main] INFO org.eclipse.jetty.server.handler.ContextHandler - Started o.e.j.s.ServletContextHandler@6e01f9b0{/,null,AVAILABLE}
[main] INFO org.eclipse.jetty.server.ServerConnector - Started ServerConnector@2b9ed6da{HTTP/1.1}{0.0.0.0:46591}
[main] INFO org.eclipse.jetty.server.Server - Started @1114ms
[main] INFO org.eclipse.jetty.server.ServerConnector - Stopped ServerConnector@2b9ed6da{HTTP/1.1}{0.0.0.0:0}
[main] INFO org.eclipse.jetty.server.handler.ContextHandler - Stopped o.e.j.s.ServletContextHandler@6e01f9b0{/,null,UNAVAILABLE}
[main] INFO org.eclipse.jetty.server.Server - jetty-9.2.3.v20140905
[main] INFO org.eclipse.jetty.server.handler.ContextHandler - Started o.e.j.s.ServletContextHandler@78a773fd{/,null,AVAILABLE}
[main] INFO org.eclipse.jetty.server.ServerConnector - Started ServerConnector@57c03d88{HTTP/1.1}{0.0.0.0:35355}
[main] INFO org.eclipse.jetty.server.Server - Started @1131ms
[main] INFO org.eclipse.jetty.server.ServerConnector - Stopped ServerConnector@57c03d88{HTTP/1.1}{0.0.0.0:0}
[main] INFO org.eclipse.jetty.server.handler.ContextHandler - Stopped o.e.j.s.ServletContextHandler@78a773fd{/,null,UNAVAILABLE}
[main] INFO org.eclipse.jetty.server.Server - jetty-9.2.3.v20140905
[main] INFO org.eclipse.jetty.server.handler.ContextHandler - Started o.e.j.s.ServletContextHandler@14fa86ae{/,null,AVAILABLE}
[main] INFO org.eclipse.jetty.server.ServerConnector - Started ServerConnector@6e15fe2{HTTP/1.1}{0.0.0.0:35995}
[main] INFO org.eclipse.jetty.server.Server - Started @1148ms
[main] INFO org.eclipse.jetty.server.ServerConnector - Stopped ServerConnector@6e15fe2{HTTP/1.1}{0.0.0.0:0}
[main] INFO org.eclipse.jetty.server.handler.ContextHandler - Stopped o.e.j.s.ServletContextHandler@14fa86ae{/,null,UNAVAILABLE}
[main] INFO org.eclipse.jetty.server.Server - jetty-9.2.3.v20140905
[main] INFO org.eclipse.jetty.server.handler.ContextHandler - Started o.e.j.s.ServletContextHandler@55cf0d14{/,null,AVAILABLE}
[main] INFO org.eclipse.jetty.server.ServerConnector - Started ServerConnector@3b74ac8{HTTP/1.1}{0.0.0.0:40073}
[main] INFO org.eclipse.jetty.server.Server - Started @1194ms
{"code":400,"messages":["Missing mandatory parameter: name"]}
[main] INFO org.eclipse.jetty.server.ServerConnector - Stopped ServerConnector@3b74ac8{HTTP/1.1}{0.0.0.0:0}
[main] INFO org.eclipse.jetty.server.handler.ContextHandler - Stopped o.e.j.s.ServletContextHandler@55cf0d14{/,null,UNAVAILABLE}
[main] INFO org.eclipse.jetty.server.Server - jetty-9.2.3.v20140905
[main] INFO org.eclipse.jetty.server.handler.ContextHandler - Started o.e.j.s.ServletContextHandler@5117dd67{/,null,AVAILABLE}
[main] INFO org.eclipse.jetty.server.ServerConnector - Started ServerConnector@5be49b60{HTTP/1.1}{0.0.0.0:36535}
[main] INFO org.eclipse.jetty.server.Server - Started @1280ms
[qtp672313607-214] WARN org.eclipse.jetty.util.MultiPartInputStreamParser - Badly formatted multipart request
[qtp672313607-214] INFO me.geso.avans.ControllerBase - class java.io.IOException: Missing initial multi part boundary
[main] INFO org.eclipse.jetty.server.ServerConnector - Stopped ServerConnector@5be49b60{HTTP/1.1}{0.0.0.0:0}
[main] INFO org.eclipse.jetty.server.handler.ContextHandler - Stopped o.e.j.s.ServletContextHandler@5117dd67{/,null,UNAVAILABLE}
[main] INFO org.eclipse.jetty.server.Server - jetty-9.2.3.v20140905
[main] INFO org.eclipse.jetty.server.handler.ContextHandler - Started o.e.j.s.ServletContextHandler@2474f125{/,null,AVAILABLE}
[main] INFO org.eclipse.jetty.server.ServerConnector - Started ServerConnector@7357a011{HTTP/1.1}{0.0.0.0:40375}
[main] INFO org.eclipse.jetty.server.Server - Started @1303ms
[main] INFO org.eclipse.jetty.server.ServerConnector - Stopped ServerConnector@7357a011{HTTP/1.1}{0.0.0.0:0}
[main] INFO org.eclipse.jetty.server.handler.ContextHandler - Stopped o.e.j.s.ServletContextHandler@2474f125{/,null,UNAVAILABLE}
[main] INFO org.eclipse.jetty.server.Server - jetty-9.2.3.v20140905
[main] INFO org.eclipse.jetty.server.handler.ContextHandler - Started o.e.j.s.ServletContextHandler@5b7a8434{/,null,AVAILABLE}
[main] INFO org.eclipse.jetty.server.ServerConnector - Started ServerConnector@5c45d770{HTTP/1.1}{0.0.0.0:41741}
[main] INFO org.eclipse.jetty.server.Server - Started @1318ms
[main] INFO org.eclipse.jetty.server.ServerConnector - Stopped ServerConnector@5c45d770{HTTP/1.1}{0.0.0.0:0}
[main] INFO org.eclipse.jetty.server.handler.ContextHandler - Stopped o.e.j.s.ServletContextHandler@5b7a8434{/,null,UNAVAILABLE}
[main] INFO org.eclipse.jetty.server.Server - jetty-9.2.3.v20140905
[main] INFO org.eclipse.jetty.server.handler.ContextHandler - Started o.e.j.s.ServletContextHandler@50dfbc58{/,null,AVAILABLE}
[main] INFO org.eclipse.jetty.server.ServerConnector - Started ServerConnector@4416d64f{HTTP/1.1}{0.0.0.0:40133}
[main] INFO org.eclipse.jetty.server.Server - Started @1333ms
[main] INFO org.eclipse.jetty.server.ServerConnector - Stopped ServerConnector@4416d64f{HTTP/1.1}{0.0.0.0:0}
[main] INFO org.eclipse.jetty.server.handler.ContextHandler - Stopped o.e.j.s.ServletContextHandler@50dfbc58{/,null,UNAVAILABLE}
[main] INFO org.eclipse.jetty.server.Server - jetty-9.2.3.v20140905
[main] INFO org.eclipse.jetty.server.handler.ContextHandler - Started o.e.j.s.ServletContextHandler@9573584{/,null,AVAILABLE}
[main] INFO org.eclipse.jetty.server.ServerConnector - Started ServerConnector@3370f42{HTTP/1.1}{0.0.0.0:39167}
[main] INFO org.eclipse.jetty.server.Server - Started @1352ms
[main] INFO org.eclipse.jetty.server.ServerConnector - Stopped ServerConnector@3370f42{HTTP/1.1}{0.0.0.0:0}
[main] INFO org.eclipse.jetty.server.handler.ContextHandler - Stopped o.e.j.s.ServletContextHandler@9573584{/,null,UNAVAILABLE}
Tests run: 14, Failures: 0, Errors: 0, Skipped: 0, Time elapsed: 0.386 sec
Running me.geso.avans.jackson.JacksonJsonViewTest
Tests run: 2, Failures: 0, Errors: 0, Skipped: 0, Time elapsed: 0.066 sec
Running me.geso.avans.jackson.JacksonJsonParamReaderTest
Tests run: 1, Failures: 0, Errors: 0, Skipped: 0, Time elapsed: 0.009 sec
Running me.geso.avans.trigger.HTMLFilterTest
[main] INFO me.geso.avans.Dispatcher - Registering class: class me.geso.avans.trigger.HTMLFilterTest$MyController
[main] INFO me.geso.avans.Dispatcher - GET /
[main] INFO org.eclipse.jetty.server.Server - jetty-9.2.3.v20140905
[main] INFO org.eclipse.jetty.server.handler.ContextHandler - Started o.e.j.s.ServletContextHandler@12d2ce03{/,null,AVAILABLE}
[main] INFO org.eclipse.jetty.server.ServerConnector - Started ServerConnector@7e5c856f{HTTP/1.1}{0.0.0.0:39635}
[main] INFO org.eclipse.jetty.server.Server - Started @1448ms
[main] INFO me.geso.mech2.Mech2 - http://127.0.0.1:39635/: HTTP/1.1 200 OK, 0.004 secs
[main] INFO org.eclipse.jetty.server.ServerConnector - Stopped ServerConnector@7e5c856f{HTTP/1.1}{0.0.0.0:0}
[main] INFO org.eclipse.jetty.server.handler.ContextHandler - Stopped o.e.j.s.ServletContextHandler@12d2ce03{/,null,UNAVAILABLE}
Tests run: 1, Failures: 0, Errors: 0, Skipped: 0, Time elapsed: 0.013 sec
Running me.geso.avans.trigger.ParamProcessorTest
[main] INFO me.geso.avans.Dispatcher - Registering class: class me.geso.avans.trigger.ParamProcessorTest$MyController
[main] INFO me.geso.avans.Dispatcher - GET /
[main] INFO me.geso.avans.Dispatcher - GET /annotation
[main] INFO me.geso.avans.Dispatcher - GET /annotation2
[main] INFO org.eclipse.jetty.server.Server - jetty-9.2.3.v20140905
[main] INFO org.eclipse.jetty.server.handler.ContextHandler - Started o.e.j.s.ServletContextHandler@68df9280{/,null,AVAILABLE}
[main] INFO org.eclipse.jetty.server.ServerConnector - Started ServerConnector@479460a6{HTTP/1.1}{0.0.0.0:40115}
[main] INFO org.eclipse.jetty.server.Server - Started @1461ms
[qtp951221468-304] INFO me.geso.avans.trigger.ParamProcessorTest$MyController - paramAnnotation2
[main] INFO me.geso.mech2.Mech2 - http://127.0.0.1:40115/annotation2: HTTP/1.1 200 OK, 0.007 secs
[main] INFO org.eclipse.jetty.server.ServerConnector - Stopped ServerConnector@479460a6{HTTP/1.1}{0.0.0.0:0}
[main] INFO org.eclipse.jetty.server.handler.ContextHandler - Stopped o.e.j.s.ServletContextHandler@68df9280{/,null,UNAVAILABLE}
[main] INFO me.geso.avans.Dispatcher - Registering class: class me.geso.avans.trigger.ParamProcessorTest$MyController
[main] INFO me.geso.avans.Dispatcher - GET /
[main] INFO me.geso.avans.Dispatcher - GET /annotation
[main] INFO me.geso.avans.Dispatcher - GET /annotation2
[main] INFO org.eclipse.jetty.server.Server - jetty-9.2.3.v20140905
[main] INFO org.eclipse.jetty.server.handler.ContextHandler - Started o.e.j.s.ServletContextHandler@172b013{/,null,AVAILABLE}
[main] INFO org.eclipse.jetty.server.ServerConnector - Started ServerConnector@56673b2c{HTTP/1.1}{0.0.0.0:37205}
[main] INFO org.eclipse.jetty.server.Server - Started @1472ms
[qtp2049051802-319] INFO me.geso.avans.trigger.ParamProcessorTest$MyController - paramUpperQ
[main] INFO me.geso.mech2.Mech2 - http://127.0.0.1:37205/: HTTP/1.1 400 Bad Request, 0.006 secs
[qtp2049051802-319] INFO me.geso.avans.trigger.ParamProcessorTest$MyController - paramUpperQ
[main] INFO me.geso.mech2.Mech2 - http://127.0.0.1:37205/?q=hoge: HTTP/1.1 200 OK, 0.003 secs
[main] INFO org.eclipse.jetty.server.ServerConnector - Stopped ServerConnector@56673b2c{HTTP/1.1}{0.0.0.0:0}
[main] INFO org.eclipse.jetty.server.handler.ContextHandler - Stopped o.e.j.s.ServletContextHandler@172b013{/,null,UNAVAILABLE}
[main] INFO me.geso.avans.Dispatcher - Registering class: class me.geso.avans.trigger.ParamProcessorTest$MyController
[main] INFO me.geso.avans.Dispatcher - GET /
[main] INFO me.geso.avans.Dispatcher - GET /annotation
[main] INFO me.geso.avans.Dispatcher - GET /annotation2
[main] INFO org.eclipse.jetty.server.Server - jetty-9.2.3.v20140905
[main] INFO org.eclipse.jetty.server.handler.ContextHandler - Started o.e.j.s.ServletContextHandler@7a67e3c6{/,null,AVAILABLE}
[main] INFO org.eclipse.jetty.server.ServerConnector - Started ServerConnector@6cc558c6{HTTP/1.1}{0.0.0.0:42733}
[main] INFO org.eclipse.jetty.server.Server - Started @1488ms
[qtp1533985074-334] INFO me.geso.avans.trigger.ParamProcessorTest$MyController - paramAnnotation
[main] INFO me.geso.mech2.Mech2 - http://127.0.0.1:42733/annotation: HTTP/1.1 200 OK, 0.006 secs
[main] INFO org.eclipse.jetty.server.ServerConnector - Stopped ServerConnector@6cc558c6{HTTP/1.1}{0.0.0.0:0}
[main] INFO org.eclipse.jetty.server.handler.ContextHandler - Stopped o.e.j.s.ServletContextHandler@7a67e3c6{/,null,UNAVAILABLE}
Tests run: 4, Failures: 0, Errors: 0, Skipped: 0, Time elapsed: 0.044 sec
Running me.geso.avans.trigger.ResponseFilterTest
[main] INFO me.geso.avans.Dispatcher - Registering class: class me.geso.avans.trigger.ResponseFilterTest$MyController
[main] INFO me.geso.avans.Dispatcher - GET /
[main] INFO org.eclipse.jetty.server.Server - jetty-9.2.3.v20140905
[main] INFO org.eclipse.jetty.server.handler.ContextHandler - Started o.e.j.s.ServletContextHandler@6c2c1385{/,null,AVAILABLE}
[main] INFO org.eclipse.jetty.server.ServerConnector - Started ServerConnector@5f354bcf{HTTP/1.1}{0.0.0.0:43755}
[main] INFO org.eclipse.jetty.server.Server - Started @1506ms
[main] INFO me.geso.mech2.Mech2 - http://127.0.0.1:43755/: HTTP/1.1 200 OK, 0.004 secs
[main] INFO org.eclipse.jetty.server.ServerConnector - Stopped ServerConnector@5f354bcf{HTTP/1.1}{0.0.0.0:0}
[main] INFO org.eclipse.jetty.server.handler.ContextHandler - Stopped o.e.j.s.ServletContextHandler@6c2c1385{/,null,UNAVAILABLE}
Tests run: 1, Failures: 0, Errors: 0, Skipped: 0, Time elapsed: 0.016 sec
Running me.geso.avans.ControllerBaseTest
[main] INFO me.geso.avans.Dispatcher - Registering class: class me.geso.avans.ControllerBaseTest$TestForBadNumberFormatExeption$Controller
[main] INFO me.geso.avans.Dispatcher - GET /
[main] INFO org.eclipse.jetty.server.Server - jetty-9.2.3.v20140905
[main] INFO org.eclipse.jetty.server.handler.ContextHandler - Started o.e.j.s.ServletContextHandler@7a1a14a4{/,null,AVAILABLE}
[main] INFO org.eclipse.jetty.server.ServerConnector - Started ServerConnector@265adfad{HTTP/1.1}{0.0.0.0:37553}
[main] INFO org.eclipse.jetty.server.Server - Started @1541ms
[main] INFO me.geso.mech2.Mech2 - http://127.0.0.1:37553/?q=12345678901555555555555555555555555555555555555555555555555555555555555555555555555555555555234567: HTTP/1.1 400 Bad Request, 0.013 secs
[main] INFO org.eclipse.jetty.server.ServerConnector - Stopped ServerConnector@265adfad{HTTP/1.1}{0.0.0.0:0}
[main] INFO org.eclipse.jetty.server.handler.ContextHandler - Stopped o.e.j.s.ServletContextHandler@7a1a14a4{/,null,UNAVAILABLE}
[main] INFO me.geso.avans.Dispatcher - Registering class: class me.geso.avans.ControllerBaseTest$TestForBigIntegerParameters$Controller
[main] INFO me.geso.avans.Dispatcher - GET /
[main] INFO org.eclipse.jetty.server.Server - jetty-9.2.3.v20140905
[main] INFO org.eclipse.jetty.server.handler.ContextHandler - Started o.e.j.s.ServletContextHandler@30e868be{/,null,AVAILABLE}
[main] INFO org.eclipse.jetty.server.ServerConnector - Started ServerConnector@66c92293{HTTP/1.1}{0.0.0.0:42271}
[main] INFO org.eclipse.jetty.server.Server - Started @1564ms
[main] INFO me.geso.mech2.Mech2 - http://127.0.0.1:42271/: HTTP/1.1 400 Bad Request, 0.005 secs
[main] INFO org.eclipse.jetty.server.ServerConnector - Stopped ServerConnector@66c92293{HTTP/1.1}{0.0.0.0:0}
[main] INFO org.eclipse.jetty.server.handler.ContextHandler - Stopped o.e.j.s.ServletContextHandler@30e868be{/,null,UNAVAILABLE}
[main] INFO org.eclipse.jetty.server.Server - jetty-9.2.3.v20140905
[main] INFO org.eclipse.jetty.server.handler.ContextHandler - Started o.e.j.s.ServletContextHandler@3fed2870{/,null,AVAILABLE}
[main] INFO org.eclipse.jetty.server.ServerConnector - Started ServerConnector@77128536{HTTP/1.1}{0.0.0.0:45865}
[main] INFO org.eclipse.jetty.server.Server - Started @1574ms
[main] INFO me.geso.mech2.Mech2 - http://127.0.0.1:45865/?q=: HTTP/1.1 400 Bad Request, 0.003 secs
[main] INFO org.eclipse.jetty.server.ServerConnector - Stopped ServerConnector@77128536{HTTP/1.1}{0.0.0.0:0}
[main] INFO org.eclipse.jetty.server.handler.ContextHandler - Stopped o.e.j.s.ServletContextHandler@3fed2870{/,null,UNAVAILABLE}
[main] INFO org.eclipse.jetty.server.Server - jetty-9.2.3.v20140905
[main] INFO org.eclipse.jetty.server.handler.ContextHandler - Started o.e.j.s.ServletContextHandler@602e0143{/,null,AVAILABLE}
[main] INFO org.eclipse.jetty.server.ServerConnector - Started ServerConnector@2c07545f{HTTP/1.1}{0.0.0.0:33627}
[main] INFO org.eclipse.jetty.server.Server - Started @1584ms
[main] INFO me.geso.mech2.Mech2 - http://127.0.0.1:33627/?q=123456789012345678901234567890: HTTP/1.1 200 OK, 0.004 secs
[main] INFO org.eclipse.jetty.server.ServerConnector - Stopped ServerConnector@2c07545f{HTTP/1.1}{0.0.0.0:0}
[main] INFO org.eclipse.jetty.server.handler.ContextHandler - Stopped o.e.j.s.ServletContextHandler@602e0143{/,null,UNAVAILABLE}
[main] INFO me.geso.avans.Dispatcher - Registering class: class me.geso.avans.ControllerBaseTest$TestURIWith$Controller
[main] INFO me.geso.avans.Dispatcher - GET /b
[main] INFO org.eclipse.jetty.server.Server - jetty-9.2.3.v20140905
[main] INFO org.eclipse.jetty.server.handler.ContextHandler - Started o.e.j.s.ServletContextHandler@29526c05{/,null,AVAILABLE}
[main] INFO org.eclipse.jetty.server.ServerConnector - Started ServerConnector@2ef14fe{HTTP/1.1}{0.0.0.0:36739}
[main] INFO org.eclipse.jetty.server.Server - Started @1595ms
[main] INFO me.geso.mech2.Mech2 - http://127.0.0.1:36739/b?x=ok: HTTP/1.1 200 OK, 0.012 secs
http://127.0.0.1:36739/b?x=ok&foo=bar
[main] INFO org.eclipse.jetty.server.ServerConnector - Stopped ServerConnector@2ef14fe{HTTP/1.1}{0.0.0.0:0}
[main] INFO org.eclipse.jetty.server.handler.ContextHandler - Stopped o.e.j.s.ServletContextHandler@29526c05{/,null,UNAVAILABLE}
[main] INFO me.geso.avans.Dispatcher - Registering class: class me.geso.avans.ControllerBaseTest$TestURIFor$Controller
[main] INFO me.geso.avans.Dispatcher - GET /b
[main] INFO me.geso.avans.Dispatcher - GET /uriFor1
[main] INFO me.geso.avans.Dispatcher - GET /c/d
[main] INFO me.geso.avans.Dispatcher - GET /m/d/e
[main] INFO org.eclipse.jetty.server.Server - jetty-9.2.3.v20140905
[main] INFO org.eclipse.jetty.server.handler.ContextHandler - Started o.e.j.s.ServletContextHandler@49964d75{/aaaa,null,AVAILABLE}
[main] INFO org.eclipse.jetty.server.ServerConnector - Started ServerConnector@528c868{HTTP/1.1}{0.0.0.0:40463}
[main] INFO org.eclipse.jetty.server.Server - Started @1615ms
[main] INFO me.geso.mech2.Mech2 - http://127.0.0.1:40463/aaaa/uriFor1?x=ok: HTTP/1.1 200 OK, 0.009 secs
http://127.0.0.1:40463/aaaa/o
[main] INFO me.geso.mech2.Mech2 - http://127.0.0.1:40463/aaaa/b?x=ok: HTTP/1.1 200 OK, 0.005 secs
http://127.0.0.1:40463/aaaa/x?foo=bar
[main] INFO me.geso.mech2.Mech2 - http://127.0.0.1:40463/aaaa/c/d?x=ok: HTTP/1.1 200 OK, 0.005 secs
http://127.0.0.1:40463/aaaa/c/iyan?foo=bar
[main] INFO me.geso.mech2.Mech2 - http://127.0.0.1:40463/aaaa/m/d/e?x=ok: HTTP/1.1 200 OK, 0.003 secs
http://127.0.0.1:40463/aaaa/m/upper?foo=bar&boo=wow
[main] INFO org.eclipse.jetty.server.ServerConnector - Stopped ServerConnector@528c868{HTTP/1.1}{0.0.0.0:0}
[main] INFO org.eclipse.jetty.server.handler.ContextHandler - Stopped o.e.j.s.ServletContextHandler@49964d75{/aaaa,null,UNAVAILABLE}
[main] INFO me.geso.avans.Dispatcher - Registering class: class me.geso.avans.ControllerBaseTest$TestURIFor$Controller
[main] INFO me.geso.avans.Dispatcher - GET /b
[main] INFO me.geso.avans.Dispatcher - GET /uriFor1
[main] INFO me.geso.avans.Dispatcher - GET /c/d
[main] INFO me.geso.avans.Dispatcher - GET /m/d/e
[main] INFO org.eclipse.jetty.server.Server - jetty-9.2.3.v20140905
[main] INFO org.eclipse.jetty.server.handler.ContextHandler - Started o.e.j.s.ServletContextHandler@554e218{/,null,AVAILABLE}
[main] INFO org.eclipse.jetty.server.ServerConnector - Started ServerConnector@1608bcbd{HTTP/1.1}{0.0.0.0:36471}
[main] INFO org.eclipse.jetty.server.Server - Started @1648ms
[main] INFO me.geso.mech2.Mech2 - http://127.0.0.1:36471/uriFor1?x=ok: HTTP/1.1 200 OK, 0.005 secs
http://127.0.0.1:36471/o
[main] INFO me.geso.mech2.Mech2 - http://127.0.0.1:36471/b?x=ok: HTTP/1.1 200 OK, 0.003 secs
http://127.0.0.1:36471/x?foo=bar
[main] INFO org.eclipse.jetty.server.ServerConnector - Stopped ServerConnector@1608bcbd{HTTP/1.1}{0.0.0.0:0}
[main] INFO org.eclipse.jetty.server.handler.ContextHandler - Stopped o.e.j.s.ServletContextHandler@554e218{/,null,UNAVAILABLE}
[main] INFO me.geso.avans.Dispatcher - Registering class: class me.geso.avans.ControllerBaseTest$TestGetCurrentURL$Controller
[main] INFO me.geso.avans.Dispatcher - GET /a
[main] WARN org.eclipse.jetty.server.handler.ContextHandler - o.e.j.s.ServletContextHandler@34158c08{/,null,null} contextPath ends with /
[main] INFO org.eclipse.jetty.server.Server - jetty-9.2.3.v20140905
[main] INFO org.eclipse.jetty.server.handler.ContextHandler - Started o.e.j.s.ServletContextHandler@34158c08{/xxxx,null,AVAILABLE}
[main] INFO org.eclipse.jetty.server.ServerConnector - Started ServerConnector@21fd5faa{HTTP/1.1}{0.0.0.0:43979}
[main] INFO org.eclipse.jetty.server.Server - Started @1666ms
[main] INFO me.geso.mech2.Mech2 - http://127.0.0.1:43979/xxxx/a?x=ok: HTTP/1.1 200 OK, 0.004 secs
http://127.0.0.1:43979/xxxx/a?x=ok
[main] INFO me.geso.mech2.Mech2 - http://127.0.0.1:43979/xxxx/a: HTTP/1.1 200 OK, 0.003 secs
http://127.0.0.1:43979/xxxx/a
[main] INFO org.eclipse.jetty.server.ServerConnector - Stopped ServerConnector@21fd5faa{HTTP/1.1}{0.0.0.0:0}
[main] INFO org.eclipse.jetty.server.handler.ContextHandler - Stopped o.e.j.s.ServletContextHandler@34158c08{/xxxx,null,UNAVAILABLE}
[main] INFO me.geso.avans.Dispatcher - Registering class: class me.geso.avans.ControllerBaseTest$TestGetCurrentURL$Controller
[main] INFO me.geso.avans.Dispatcher - GET /a
[main] INFO org.eclipse.jetty.server.Server - jetty-9.2.3.v20140905
[main] INFO org.eclipse.jetty.server.handler.ContextHandler - Started o.e.j.s.ServletContextHandler@335b5620{/,null,AVAILABLE}
[main] INFO org.eclipse.jetty.server.ServerConnector - Started ServerConnector@29a0cdb{HTTP/1.1}{0.0.0.0:45785}
[main] INFO org.eclipse.jetty.server.Server - Started @1682ms
[main] INFO me.geso.mech2.Mech2 - http://127.0.0.1:45785/a?x=ok: HTTP/1.1 200 OK, 0.005 secs
http://127.0.0.1:45785/a?x=ok
[main] INFO me.geso.mech2.Mech2 - http://127.0.0.1:45785/a: HTTP/1.1 200 OK, 0.003 secs
http://127.0.0.1:45785/a
[main] INFO org.eclipse.jetty.server.ServerConnector - Stopped ServerConnector@29a0cdb{HTTP/1.1}{0.0.0.0:0}
[main] INFO org.eclipse.jetty.server.handler.ContextHandler - Stopped o.e.j.s.ServletContextHandler@335b5620{/,null,UNAVAILABLE}
[main] INFO me.geso.avans.Dispatcher - Registering class: class me.geso.avans.ControllerBaseTest$TestRedirectWithQueryParameters$Controller
[main] INFO me.geso.avans.Dispatcher - GET /b
[main] INFO me.geso.avans.Dispatcher - GET /c
[main] INFO me.geso.avans.Dispatcher - GET /a
[main] INFO me.geso.avans.Dispatcher - GET /z
[main] INFO org.eclipse.jetty.server.Server - jetty-9.2.3.v20140905
[main] INFO org.eclipse.jetty.server.handler.ContextHandler - Started o.e.j.s.ServletContextHandler@2631f68c{/,null,AVAILABLE}
[main] INFO org.eclipse.jetty.server.ServerConnector - Started ServerConnector@6ed3f258{HTTP/1.1}{0.0.0.0:35873}
[main] INFO org.eclipse.jetty.server.Server - Started @1701ms
[main] INFO me.geso.mech2.Mech2 - http://127.0.0.1:35873/z: HTTP/1.1 302 Found, 0.007 secs
[main] INFO me.geso.mech2.Mech2 - http://127.0.0.1:35873/a: HTTP/1.1 302 Found, 0.004 secs
[main] INFO me.geso.mech2.Mech2 - http://127.0.0.1:35873/b: HTTP/1.1 302 Found, 0.004 secs
[main] INFO me.geso.mech2.Mech2 - http://127.0.0.1:35873/c: HTTP/1.1 302 Found, 0.004 secs
[main] INFO org.eclipse.jetty.server.ServerConnector - Stopped ServerConnector@6ed3f258{HTTP/1.1}{0.0.0.0:0}
[main] INFO org.eclipse.jetty.server.handler.ContextHandler - Stopped o.e.j.s.ServletContextHandler@2631f68c{/,null,UNAVAILABLE}
[main] INFO me.geso.avans.Dispatcher - Registering class: class me.geso.avans.ControllerBaseTest$TestRedirect$Controller
[main] INFO me.geso.avans.Dispatcher - GET /
[main] INFO me.geso.avans.Dispatcher - GET /xxx/yyy
[main] INFO org.eclipse.jetty.server.Server - jetty-9.2.3.v20140905
[main] INFO org.eclipse.jetty.server.handler.ContextHandler - Started o.e.j.s.ServletContextHandler@344f4dea{/,null,AVAILABLE}
[main] INFO org.eclipse.jetty.server.ServerConnector - Started ServerConnector@1b7c473a{HTTP/1.1}{0.0.0.0:43389}
[main] INFO org.eclipse.jetty.server.Server - Started @1731ms
[main] INFO me.geso.mech2.Mech2 - http://127.0.0.1:43389/: HTTP/1.1 200 OK, 0.009 secs
[main] INFO org.eclipse.jetty.server.ServerConnector - Stopped ServerConnector@1b7c473a{HTTP/1.1}{0.0.0.0:0}
[main] INFO org.eclipse.jetty.server.handler.ContextHandler - Stopped o.e.j.s.ServletContextHandler@344f4dea{/,null,UNAVAILABLE}
[main] INFO me.geso.avans.Dispatcher - Registering class: class me.geso.avans.ControllerBaseTest$TestLocalDateTimeParameter$Controller
[main] INFO me.geso.avans.Dispatcher - GET /
[main] INFO org.eclipse.jetty.server.Server - jetty-9.2.3.v20140905
[main] INFO org.eclipse.jetty.server.handler.ContextHandler - Started o.e.j.s.ServletContextHandler@6155d082{/,null,AVAILABLE}
[main] INFO org.eclipse.jetty.server.ServerConnector - Started ServerConnector@3a5ecce3{HTTP/1.1}{0.0.0.0:45657}
[main] INFO org.eclipse.jetty.server.Server - Started @1748ms
[main] INFO me.geso.mech2.Mech2 - http://127.0.0.1:45657/: HTTP/1.1 400 Bad Request, 0.004 secs
[main] INFO org.eclipse.jetty.server.ServerConnector - Stopped ServerConnector@3a5ecce3{HTTP/1.1}{0.0.0.0:0}
[main] INFO org.eclipse.jetty.server.handler.ContextHandler - Stopped o.e.j.s.ServletContextHandler@6155d082{/,null,UNAVAILABLE}
[main] INFO org.eclipse.jetty.server.Server - jetty-9.2.3.v20140905
[main] INFO org.eclipse.jetty.server.handler.ContextHandler - Started o.e.j.s.ServletContextHandler@6f3c660a{/,null,AVAILABLE}
[main] INFO org.eclipse.jetty.server.ServerConnector - Started ServerConnector@74f5ce22{HTTP/1.1}{0.0.0.0:42993}
[main] INFO org.eclipse.jetty.server.Server - Started @1757ms
[main] INFO me.geso.mech2.Mech2 - http://127.0.0.1:42993/?q=: HTTP/1.1 400 Bad Request, 0.004 secs
[main] INFO org.eclipse.jetty.server.ServerConnector - Stopped ServerConnector@74f5ce22{HTTP/1.1}{0.0.0.0:0}
[main] INFO org.eclipse.jetty.server.handler.ContextHandler - Stopped o.e.j.s.ServletContextHandler@6f3c660a{/,null,UNAVAILABLE}
[main] INFO org.eclipse.jetty.server.Server - jetty-9.2.3.v20140905
[main] INFO org.eclipse.jetty.server.handler.ContextHandler - Started o.e.j.s.ServletContextHandler@3a0baae5{/,null,AVAILABLE}
[main] INFO org.eclipse.jetty.server.ServerConnector - Started ServerConnector@7ac0e420{HTTP/1.1}{0.0.0.0:40079}
[main] INFO org.eclipse.jetty.server.Server - Started @1765ms
[main] INFO me.geso.mech2.Mech2 - http://127.0.0.1:40079/?q=2015-02-05T03%3A04%3A04: HTTP/1.1 200 OK, 0.009 secs
[main] INFO org.eclipse.jetty.server.ServerConnector - Stopped ServerConnector@7ac0e420{HTTP/1.1}{0.0.0.0:0}
[main] INFO org.eclipse.jetty.server.handler.ContextHandler - Stopped o.e.j.s.ServletContextHandler@3a0baae5{/,null,UNAVAILABLE}
[main] INFO org.eclipse.jetty.server.Server - jetty-9.2.3.v20140905
[main] INFO org.eclipse.jetty.server.handler.ContextHandler - Started o.e.j.s.ServletContextHandler@5b1ebf56{/,null,AVAILABLE}
[main] INFO org.eclipse.jetty.server.ServerConnector - Started ServerConnector@294a6b8e{HTTP/1.1}{0.0.0.0:36969}
[main] INFO org.eclipse.jetty.server.Server - Started @1781ms
[main] INFO me.geso.mech2.Mech2 - http://127.0.0.1:36969/?q=2015-00-00: HTTP/1.1 400 Bad Request, 0.005 secs
[main] INFO org.eclipse.jetty.server.ServerConnector - Stopped ServerConnector@294a6b8e{HTTP/1.1}{0.0.0.0:0}
[main] INFO org.eclipse.jetty.server.handler.ContextHandler - Stopped o.e.j.s.ServletContextHandler@5b1ebf56{/,null,UNAVAILABLE}
[main] INFO me.geso.avans.Dispatcher - Registering class: class me.geso.avans.ControllerBaseTest$TestLocalTimeParameter$Controller
[main] INFO me.geso.avans.Dispatcher - GET /
[main] INFO org.eclipse.jetty.server.Server - jetty-9.2.3.v20140905
[main] INFO org.eclipse.jetty.server.handler.ContextHandler - Started o.e.j.s.ServletContextHandler@421bba99{/,null,AVAILABLE}
[main] INFO org.eclipse.jetty.server.ServerConnector - Started ServerConnector@5d12a356{HTTP/1.1}{0.0.0.0:42293}
[main] INFO org.eclipse.jetty.server.Server - Started @1794ms
[main] INFO me.geso.mech2.Mech2 - http://127.0.0.1:42293/: HTTP/1.1 400 Bad Request, 0.006 secs
[main] INFO org.eclipse.jetty.server.ServerConnector - Stopped ServerConnector@5d12a356{HTTP/1.1}{0.0.0.0:0}
[main] INFO org.eclipse.jetty.server.handler.ContextHandler - Stopped o.e.j.s.ServletContextHandler@421bba99{/,null,UNAVAILABLE}
[main] INFO org.eclipse.jetty.server.Server - jetty-9.2.3.v20140905
[main] INFO org.eclipse.jetty.server.handler.ContextHandler - Started o.e.j.s.ServletContextHandler@38831718{/,null,AVAILABLE}
[main] INFO org.eclipse.jetty.server.ServerConnector - Started ServerConnector@2c1156a7{HTTP/1.1}{0.0.0.0:42239}
[main] INFO org.eclipse.jetty.server.Server - Started @1857ms
[main] INFO me.geso.mech2.Mech2 - http://127.0.0.1:42239/?q=: HTTP/1.1 400 Bad Request, 0.006 secs
[main] INFO org.eclipse.jetty.server.ServerConnector - Stopped ServerConnector@2c1156a7{HTTP/1.1}{0.0.0.0:0}
[main] INFO org.eclipse.jetty.server.handler.ContextHandler - Stopped o.e.j.s.ServletContextHandler@38831718{/,null,UNAVAILABLE}
[main] INFO org.eclipse.jetty.server.Server - jetty-9.2.3.v20140905
[main] INFO org.eclipse.jetty.server.handler.ContextHandler - Started o.e.j.s.ServletContextHandler@7241a47d{/,null,AVAILABLE}
[main] INFO org.eclipse.jetty.server.ServerConnector - Started ServerConnector@70f59913{HTTP/1.1}{0.0.0.0:36331}
[main] INFO org.eclipse.jetty.server.Server - Started @1869ms
[main] INFO me.geso.mech2.Mech2 - http://127.0.0.1:36331/?q=03%3A04: HTTP/1.1 200 OK, 0.005 secs
[main] INFO org.eclipse.jetty.server.ServerConnector - Stopped ServerConnector@70f59913{HTTP/1.1}{0.0.0.0:0}
[main] INFO org.eclipse.jetty.server.handler.ContextHandler - Stopped o.e.j.s.ServletContextHandler@7241a47d{/,null,UNAVAILABLE}
[main] INFO org.eclipse.jetty.server.Server - jetty-9.2.3.v20140905
[main] INFO org.eclipse.jetty.server.handler.ContextHandler - Started o.e.j.s.ServletContextHandler@59b38691{/,null,AVAILABLE}
[main] INFO org.eclipse.jetty.server.ServerConnector - Started ServerConnector@2e2ff723{HTTP/1.1}{0.0.0.0:35189}
[main] INFO org.eclipse.jetty.server.Server - Started @1882ms
[main] INFO me.geso.mech2.Mech2 - http://127.0.0.1:35189/?q=2015-00-00: HTTP/1.1 400 Bad Request, 0.006 secs
[main] INFO org.eclipse.jetty.server.ServerConnector - Stopped ServerConnector@2e2ff723{HTTP/1.1}{0.0.0.0:0}
[main] INFO org.eclipse.jetty.server.handler.ContextHandler - Stopped o.e.j.s.ServletContextHandler@59b38691{/,null,UNAVAILABLE}
[main] INFO me.geso.avans.Dispatcher - Registering class: class me.geso.avans.ControllerBaseTest$TestlLocalDateParameter$Controller
[main] INFO me.geso.avans.Dispatcher - GET /
[main] INFO org.eclipse.jetty.server.Server - jetty-9.2.3.v20140905
[main] INFO org.eclipse.jetty.server.handler.ContextHandler - Started o.e.j.s.ServletContextHandler@2a448449{/,null,AVAILABLE}
[main] INFO org.eclipse.jetty.server.ServerConnector - Started ServerConnector@32f232a5{HTTP/1.1}{0.0.0.0:36037}
[main] INFO org.eclipse.jetty.server.Server - Started @1895ms
[main] INFO me.geso.mech2.Mech2 - http://127.0.0.1:36037/: HTTP/1.1 400 Bad Request, 0.005 secs
[main] INFO org.eclipse.jetty.server.ServerConnector - Stopped ServerConnector@32f232a5{HTTP/1.1}{0.0.0.0:0}
[main] INFO org.eclipse.jetty.server.handler.ContextHandler - Stopped o.e.j.s.ServletContextHandler@2a448449{/,null,UNAVAILABLE}
[main] INFO org.eclipse.jetty.server.Server - jetty-9.2.3.v20140905
[main] INFO org.eclipse.jetty.server.handler.ContextHandler - Started o.e.j.s.ServletContextHandler@55322aab{/,null,AVAILABLE}
[main] INFO org.eclipse.jetty.server.ServerConnector - Started ServerConnector@2b4c1d96{HTTP/1.1}{0.0.0.0:36993}
[main] INFO org.eclipse.jetty.server.Server - Started @1906ms
[main] INFO me.geso.mech2.Mech2 - http://127.0.0.1:36993/?q=: HTTP/1.1 400 Bad Request, 0.005 secs
[main] INFO org.eclipse.jetty.server.ServerConnector - Stopped ServerConnector@2b4c1d96{HTTP/1.1}{0.0.0.0:0}
[main] INFO org.eclipse.jetty.server.handler.ContextHandler - Stopped o.e.j.s.ServletContextHandler@55322aab{/,null,UNAVAILABLE}
[main] INFO org.eclipse.jetty.server.Server - jetty-9.2.3.v20140905
[main] INFO org.eclipse.jetty.server.handler.ContextHandler - Started o.e.j.s.ServletContextHandler@4879dfad{/,null,AVAILABLE}
[main] INFO org.eclipse.jetty.server.ServerConnector - Started ServerConnector@4758820d{HTTP/1.1}{0.0.0.0:46255}
[main] INFO org.eclipse.jetty.server.Server - Started @1918ms
[main] INFO me.geso.mech2.Mech2 - http://127.0.0.1:46255/?q=2015-01-03: HTTP/1.1 200 OK, 0.006 secs
[main] INFO org.eclipse.jetty.server.ServerConnector - Stopped ServerConnector@4758820d{HTTP/1.1}{0.0.0.0:0}
[main] INFO org.eclipse.jetty.server.handler.ContextHandler - Stopped o.e.j.s.ServletContextHandler@4879dfad{/,null,UNAVAILABLE}
[main] INFO org.eclipse.jetty.server.Server - jetty-9.2.3.v20140905
[main] INFO org.eclipse.jetty.server.handler.ContextHandler - Started o.e.j.s.ServletContextHandler@2654635{/,null,AVAILABLE}
[main] INFO org.eclipse.jetty.server.ServerConnector - Started ServerConnector@737a135b{HTTP/1.1}{0.0.0.0:35813}
[main] INFO org.eclipse.jetty.server.Server - Started @1931ms
[main] INFO me.geso.mech2.Mech2 - http://127.0.0.1:35813/?q=2015-00-00: HTTP/1.1 400 Bad Request, 0.006 secs
[main] INFO org.eclipse.jetty.server.ServerConnector - Stopped ServerConnector@737a135b{HTTP/1.1}{0.0.0.0:0}
[main] INFO org.eclipse.jetty.server.handler.ContextHandler - Stopped o.e.j.s.ServletContextHandler@2654635{/,null,UNAVAILABLE}
[main] INFO me.geso.avans.Dispatcher - Registering class: class me.geso.avans.ControllerBaseTest$TestOptionalLocalDateTimeParameter$Controller
[main] INFO me.geso.avans.Dispatcher - GET /
[main] INFO org.eclipse.jetty.server.Server - jetty-9.2.3.v20140905
[main] INFO org.eclipse.jetty.server.handler.ContextHandler - Started o.e.j.s.ServletContextHandler@76012793{/,null,AVAILABLE}
[main] INFO org.eclipse.jetty.server.ServerConnector - Started ServerConnector@635572a7{HTTP/1.1}{0.0.0.0:43767}
[main] INFO org.eclipse.jetty.server.Server - Started @1944ms
[main] INFO me.geso.mech2.Mech2 - http://127.0.0.1:43767/: HTTP/1.1 200 OK, 0.004 secs
[main] INFO org.eclipse.jetty.server.ServerConnector - Stopped ServerConnector@635572a7{HTTP/1.1}{0.0.0.0:0}
[main] INFO org.eclipse.jetty.server.handler.ContextHandler - Stopped o.e.j.s.ServletContextHandler@76012793{/,null,UNAVAILABLE}
[main] INFO org.eclipse.jetty.server.Server - jetty-9.2.3.v20140905
[main] INFO org.eclipse.jetty.server.handler.ContextHandler - Started o.e.j.s.ServletContextHandler@46268f08{/,null,AVAILABLE}
[main] INFO org.eclipse.jetty.server.ServerConnector - Started ServerConnector@2a76840c{HTTP/1.1}{0.0.0.0:34967}
[main] INFO org.eclipse.jetty.server.Server - Started @1955ms
[main] INFO me.geso.mech2.Mech2 - http://127.0.0.1:34967/?q=: HTTP/1.1 200 OK, 0.005 secs
[main] INFO org.eclipse.jetty.server.ServerConnector - Stopped ServerConnector@2a76840c{HTTP/1.1}{0.0.0.0:0}
[main] INFO org.eclipse.jetty.server.handler.ContextHandler - Stopped o.e.j.s.ServletContextHandler@46268f08{/,null,UNAVAILABLE}
[main] INFO org.eclipse.jetty.server.Server - jetty-9.2.3.v20140905
[main] INFO org.eclipse.jetty.server.handler.ContextHandler - Started o.e.j.s.ServletContextHandler@49c6c24f{/,null,AVAILABLE}
[main] INFO org.eclipse.jetty.server.ServerConnector - Started ServerConnector@6fe1b4fb{HTTP/1.1}{0.0.0.0:41843}
[main] INFO org.eclipse.jetty.server.Server - Started @1967ms
[main] INFO me.geso.mech2.Mech2 - http://127.0.0.1:41843/?q=2015-02-05T03%3A04%3A04: HTTP/1.1 200 OK, 0.005 secs
[main] INFO org.eclipse.jetty.server.ServerConnector - Stopped ServerConnector@6fe1b4fb{HTTP/1.1}{0.0.0.0:0}
[main] INFO org.eclipse.jetty.server.handler.ContextHandler - Stopped o.e.j.s.ServletContextHandler@49c6c24f{/,null,UNAVAILABLE}
[main] INFO org.eclipse.jetty.server.Server - jetty-9.2.3.v20140905
[main] INFO org.eclipse.jetty.server.handler.ContextHandler - Started o.e.j.s.ServletContextHandler@63a270c9{/,null,AVAILABLE}
[main] INFO org.eclipse.jetty.server.ServerConnector - Started ServerConnector@37c7595{HTTP/1.1}{0.0.0.0:35181}
[main] INFO org.eclipse.jetty.server.Server - Started @1979ms
[main] INFO me.geso.mech2.Mech2 - http://127.0.0.1:35181/?q=2015-00-00: HTTP/1.1 400 Bad Request, 0.005 secs
[main] INFO org.eclipse.jetty.server.ServerConnector - Stopped ServerConnector@37c7595{HTTP/1.1}{0.0.0.0:0}
[main] INFO org.eclipse.jetty.server.handler.ContextHandler - Stopped o.e.j.s.ServletContextHandler@63a270c9{/,null,UNAVAILABLE}
[main] INFO me.geso.avans.Dispatcher - Registering class: class me.geso.avans.ControllerBaseTest$TestOptionalLocalTimeParameter$Controller
[main] INFO me.geso.avans.Dispatcher - GET /
[main] INFO org.eclipse.jetty.server.Server - jetty-9.2.3.v20140905
[main] INFO org.eclipse.jetty.server.handler.ContextHandler - Started o.e.j.s.ServletContextHandler@758705fa{/,null,AVAILABLE}
[main] INFO org.eclipse.jetty.server.ServerConnector - Started ServerConnector@ebaa6cb{HTTP/1.1}{0.0.0.0:40737}
[main] INFO org.eclipse.jetty.server.Server - Started @1992ms
[main] INFO me.geso.mech2.Mech2 - http://127.0.0.1:40737/: HTTP/1.1 200 OK, 0.006 secs
[main] INFO org.eclipse.jetty.server.ServerConnector - Stopped ServerConnector@ebaa6cb{HTTP/1.1}{0.0.0.0:0}
[main] INFO org.eclipse.jetty.server.handler.ContextHandler - Stopped o.e.j.s.ServletContextHandler@758705fa{/,null,UNAVAILABLE}
[main] INFO org.eclipse.jetty.server.Server - jetty-9.2.3.v20140905
[main] INFO org.eclipse.jetty.server.handler.ContextHandler - Started o.e.j.s.ServletContextHandler@5d8bafa9{/,null,AVAILABLE}
[main] INFO org.eclipse.jetty.server.ServerConnector - Started ServerConnector@576f63f6{HTTP/1.1}{0.0.0.0:36801}
[main] INFO org.eclipse.jetty.server.Server - Started @2005ms
[main] INFO me.geso.mech2.Mech2 - http://127.0.0.1:36801/?q=: HTTP/1.1 200 OK, 0.005 secs
[main] INFO org.eclipse.jetty.server.ServerConnector - Stopped ServerConnector@576f63f6{HTTP/1.1}{0.0.0.0:0}
[main] INFO org.eclipse.jetty.server.handler.ContextHandler - Stopped o.e.j.s.ServletContextHandler@5d8bafa9{/,null,UNAVAILABLE}
[main] INFO org.eclipse.jetty.server.Server - jetty-9.2.3.v20140905
[main] INFO org.eclipse.jetty.server.handler.ContextHandler - Started o.e.j.s.ServletContextHandler@1d3ac898{/,null,AVAILABLE}
[main] INFO org.eclipse.jetty.server.ServerConnector - Started ServerConnector@1b73be9f{HTTP/1.1}{0.0.0.0:36837}
[main] INFO org.eclipse.jetty.server.Server - Started @2017ms
[main] INFO me.geso.mech2.Mech2 - http://127.0.0.1:36837/?q=03%3A04: HTTP/1.1 200 OK, 0.005 secs
[main] INFO org.eclipse.jetty.server.ServerConnector - Stopped ServerConnector@1b73be9f{HTTP/1.1}{0.0.0.0:0}
[main] INFO org.eclipse.jetty.server.handler.ContextHandler - Stopped o.e.j.s.ServletContextHandler@1d3ac898{/,null,UNAVAILABLE}
[main] INFO org.eclipse.jetty.server.Server - jetty-9.2.3.v20140905
[main] INFO org.eclipse.jetty.server.handler.ContextHandler - Started o.e.j.s.ServletContextHandler@63dd899{/,null,AVAILABLE}
[main] INFO org.eclipse.jetty.server.ServerConnector - Started ServerConnector@59d2400d{HTTP/1.1}{0.0.0.0:35289}
[main] INFO org.eclipse.jetty.server.Server - Started @2028ms
[main] INFO me.geso.mech2.Mech2 - http://127.0.0.1:35289/?q=2015-00-00: HTTP/1.1 400 Bad Request, 0.005 secs
[main] INFO org.eclipse.jetty.server.ServerConnector - Stopped ServerConnector@59d2400d{HTTP/1.1}{0.0.0.0:0}
[main] INFO org.eclipse.jetty.server.handler.ContextHandler - Stopped o.e.j.s.ServletContextHandler@63dd899{/,null,UNAVAILABLE}
[main] INFO me.geso.avans.Dispatcher - Registering class: class me.geso.avans.ControllerBaseTest$TestOptionalLocalDateParameter$Controller
[main] INFO me.geso.avans.Dispatcher - GET /
[main] INFO org.eclipse.jetty.server.Server - jetty-9.2.3.v20140905
[main] INFO org.eclipse.jetty.server.handler.ContextHandler - Started o.e.j.s.ServletContextHandler@22ffa91a{/,null,AVAILABLE}
[main] INFO org.eclipse.jetty.server.ServerConnector - Started ServerConnector@74960bfa{HTTP/1.1}{0.0.0.0:42409}
[main] INFO org.eclipse.jetty.server.Server - Started @2041ms
[main] INFO me.geso.mech2.Mech2 - http://127.0.0.1:42409/: HTTP/1.1 200 OK, 0.004 secs
[main] INFO org.eclipse.jetty.server.ServerConnector - Stopped ServerConnector@74960bfa{HTTP/1.1}{0.0.0.0:0}
[main] INFO org.eclipse.jetty.server.handler.ContextHandler - Stopped o.e.j.s.ServletContextHandler@22ffa91a{/,null,UNAVAILABLE}
[main] INFO org.eclipse.jetty.server.Server - jetty-9.2.3.v20140905
[main] INFO org.eclipse.jetty.server.handler.ContextHandler - Started o.e.j.s.ServletContextHandler@3a3e78f{/,null,AVAILABLE}
[main] INFO org.eclipse.jetty.server.ServerConnector - Started ServerConnector@301ec38b{HTTP/1.1}{0.0.0.0:42855}
[main] INFO org.eclipse.jetty.server.Server - Started @2051ms
[main] INFO me.geso.mech2.Mech2 - http://127.0.0.1:42855/?q=: HTTP/1.1 200 OK, 0.004 secs
[main] INFO org.eclipse.jetty.server.ServerConnector - Stopped ServerConnector@301ec38b{HTTP/1.1}{0.0.0.0:0}
[main] INFO org.eclipse.jetty.server.handler.ContextHandler - Stopped o.e.j.s.ServletContextHandler@3a3e78f{/,null,UNAVAILABLE}
[main] INFO org.eclipse.jetty.server.Server - jetty-9.2.3.v20140905
[main] INFO org.eclipse.jetty.server.handler.ContextHandler - Started o.e.j.s.ServletContextHandler@5a9d6f02{/,null,AVAILABLE}
[main] INFO org.eclipse.jetty.server.ServerConnector - Started ServerConnector@362045c0{HTTP/1.1}{0.0.0.0:46289}
[main] INFO org.eclipse.jetty.server.Server - Started @2061ms
[main] INFO me.geso.mech2.Mech2 - http://127.0.0.1:46289/?q=2015-01-03: HTTP/1.1 200 OK, 0.004 secs
[main] INFO org.eclipse.jetty.server.ServerConnector - Stopped ServerConnector@362045c0{HTTP/1.1}{0.0.0.0:0}
[main] INFO org.eclipse.jetty.server.handler.ContextHandler - Stopped o.e.j.s.ServletContextHandler@5a9d6f02{/,null,UNAVAILABLE}
[main] INFO org.eclipse.jetty.server.Server - jetty-9.2.3.v20140905
[main] INFO org.eclipse.jetty.server.handler.ContextHandler - Started o.e.j.s.ServletContextHandler@3b00856b{/,null,AVAILABLE}
[main] INFO org.eclipse.jetty.server.ServerConnector - Started ServerConnector@3016fd5e{HTTP/1.1}{0.0.0.0:41705}
[main] INFO org.eclipse.jetty.server.Server - Started @2072ms
[main] INFO me.geso.mech2.Mech2 - http://127.0.0.1:41705/?q=2015-00-00: HTTP/1.1 400 Bad Request, 0.005 secs
[main] INFO org.eclipse.jetty.server.ServerConnector - Stopped ServerConnector@3016fd5e{HTTP/1.1}{0.0.0.0:0}
[main] INFO org.eclipse.jetty.server.handler.ContextHandler - Stopped o.e.j.s.ServletContextHandler@3b00856b{/,null,UNAVAILABLE}
[main] INFO me.geso.avans.Dispatcher - Registering class: class me.geso.avans.ControllerBaseTest$TestOptionalBooleanParameter$Controller
[main] INFO me.geso.avans.Dispatcher - GET /
[main] INFO org.eclipse.jetty.server.Server - jetty-9.2.3.v20140905
[main] INFO org.eclipse.jetty.server.handler.ContextHandler - Started o.e.j.s.ServletContextHandler@613a8ee1{/,null,AVAILABLE}
[main] INFO org.eclipse.jetty.server.ServerConnector - Started ServerConnector@178213b{HTTP/1.1}{0.0.0.0:37411}
[main] INFO org.eclipse.jetty.server.Server - Started @2085ms
[main] INFO me.geso.mech2.Mech2 - http://127.0.0.1:37411/: HTTP/1.1 200 OK, 0.005 secs
[main] INFO org.eclipse.jetty.server.ServerConnector - Stopped ServerConnector@178213b{HTTP/1.1}{0.0.0.0:0}
[main] INFO org.eclipse.jetty.server.handler.ContextHandler - Stopped o.e.j.s.ServletContextHandler@613a8ee1{/,null,UNAVAILABLE}
[main] INFO org.eclipse.jetty.server.Server - jetty-9.2.3.v20140905
[main] INFO org.eclipse.jetty.server.handler.ContextHandler - Started o.e.j.s.ServletContextHandler@294e5088{/,null,AVAILABLE}
[main] INFO org.eclipse.jetty.server.ServerConnector - Started ServerConnector@51972dc7{HTTP/1.1}{0.0.0.0:39363}
[main] INFO org.eclipse.jetty.server.Server - Started @2096ms
[main] INFO me.geso.mech2.Mech2 - http://127.0.0.1:39363/?q=: HTTP/1.1 200 OK, 0.005 secs
[main] INFO org.eclipse.jetty.server.ServerConnector - Stopped ServerConnector@51972dc7{HTTP/1.1}{0.0.0.0:0}
[main] INFO org.eclipse.jetty.server.handler.ContextHandler - Stopped o.e.j.s.ServletContextHandler@294e5088{/,null,UNAVAILABLE}
[main] INFO org.eclipse.jetty.server.Server - jetty-9.2.3.v20140905
[main] INFO org.eclipse.jetty.server.handler.ContextHandler - Started o.e.j.s.ServletContextHandler@6ff65192{/,null,AVAILABLE}
[main] INFO org.eclipse.jetty.server.ServerConnector - Started ServerConnector@2dd80673{HTTP/1.1}{0.0.0.0:38953}
[main] INFO org.eclipse.jetty.server.Server - Started @2107ms
[main] INFO me.geso.mech2.Mech2 - http://127.0.0.1:38953/?q=true: HTTP/1.1 200 OK, 0.005 secs
[main] INFO me.geso.mech2.Mech2 - http://127.0.0.1:38953/?q=false: HTTP/1.1 200 OK, 0.003 secs
[main] INFO org.eclipse.jetty.server.ServerConnector - Stopped ServerConnector@2dd80673{HTTP/1.1}{0.0.0.0:0}
[main] INFO org.eclipse.jetty.server.handler.ContextHandler - Stopped o.e.j.s.ServletContextHandler@6ff65192{/,null,UNAVAILABLE}
[main] INFO me.geso.avans.Dispatcher - Registering class: class me.geso.avans.ControllerBaseTest$TestOptionalStringParameter$Controller
[main] INFO me.geso.avans.Dispatcher - GET /
[main] INFO org.eclipse.jetty.server.Server - jetty-9.2.3.v20140905
[main] INFO org.eclipse.jetty.server.handler.ContextHandler - Started o.e.j.s.ServletContextHandler@299321e2{/,null,AVAILABLE}
[main] INFO org.eclipse.jetty.server.ServerConnector - Started ServerConnector@23fb172e{HTTP/1.1}{0.0.0.0:42213}
[main] INFO org.eclipse.jetty.server.Server - Started @2124ms
[main] INFO me.geso.mech2.Mech2 - http://127.0.0.1:42213/: HTTP/1.1 200 OK, 0.004 secs
[main] INFO org.eclipse.jetty.server.ServerConnector - Stopped ServerConnector@23fb172e{HTTP/1.1}{0.0.0.0:0}
[main] INFO org.eclipse.jetty.server.handler.ContextHandler - Stopped o.e.j.s.ServletContextHandler@299321e2{/,null,UNAVAILABLE}
[main] INFO org.eclipse.jetty.server.Server - jetty-9.2.3.v20140905
[main] INFO org.eclipse.jetty.server.handler.ContextHandler - Started o.e.j.s.ServletContextHandler@43b6123e{/,null,AVAILABLE}
[main] INFO org.eclipse.jetty.server.ServerConnector - Started ServerConnector@260e86a1{HTTP/1.1}{0.0.0.0:37451}
[main] INFO org.eclipse.jetty.server.Server - Started @2134ms
[main] INFO me.geso.mech2.Mech2 - http://127.0.0.1:37451/?q=: HTTP/1.1 200 OK, 0.003 secs
[main] INFO org.eclipse.jetty.server.ServerConnector - Stopped ServerConnector@260e86a1{HTTP/1.1}{0.0.0.0:0}
[main] INFO org.eclipse.jetty.server.handler.ContextHandler - Stopped o.e.j.s.ServletContextHandler@43b6123e{/,null,UNAVAILABLE}
[main] INFO org.eclipse.jetty.server.Server - jetty-9.2.3.v20140905
[main] INFO org.eclipse.jetty.server.handler.ContextHandler - Started o.e.j.s.ServletContextHandler@49872d67{/,null,AVAILABLE}
[main] INFO org.eclipse.jetty.server.ServerConnector - Started ServerConnector@56303b57{HTTP/1.1}{0.0.0.0:42141}
[main] INFO org.eclipse.jetty.server.Server - Started @2149ms
[main] INFO me.geso.mech2.Mech2 - http://127.0.0.1:42141/?q=4649: HTTP/1.1 200 OK, 0.005 secs
[main] INFO org.eclipse.jetty.server.ServerConnector - Stopped ServerConnector@56303b57{HTTP/1.1}{0.0.0.0:0}
[main] INFO org.eclipse.jetty.server.handler.ContextHandler - Stopped o.e.j.s.ServletContextHandler@49872d67{/,null,UNAVAILABLE}
[main] INFO me.geso.avans.Dispatcher - Registering class: class me.geso.avans.ControllerBaseTest$TestList$Controller
[main] INFO me.geso.avans.Dispatcher - GET /strings
[main] INFO me.geso.avans.Dispatcher - GET /Longs
[main] INFO me.geso.avans.Dispatcher - GET /Booleans
[main] INFO me.geso.avans.Dispatcher - GET /Integers
[main] INFO me.geso.avans.Dispatcher - GET /BigIntegers
[main] INFO org.eclipse.jetty.server.Server - jetty-9.2.3.v20140905
[main] INFO org.eclipse.jetty.server.handler.ContextHandler - Started o.e.j.s.ServletContextHandler@68ead359{/,null,AVAILABLE}
[main] INFO org.eclipse.jetty.server.ServerConnector - Started ServerConnector@6b53bcc2{HTTP/1.1}{0.0.0.0:41947}
[main] INFO org.eclipse.jetty.server.Server - Started @2159ms
[main] INFO me.geso.mech2.Mech2 - http://127.0.0.1:41947/strings: HTTP/1.1 200 OK, 0.004 secs
[main] INFO org.eclipse.jetty.server.ServerConnector - Stopped ServerConnector@6b53bcc2{HTTP/1.1}{0.0.0.0:0}
[main] INFO org.eclipse.jetty.server.handler.ContextHandler - Stopped o.e.j.s.ServletContextHandler@68ead359{/,null,UNAVAILABLE}
[main] INFO org.eclipse.jetty.server.Server - jetty-9.2.3.v20140905
[main] INFO org.eclipse.jetty.server.handler.ContextHandler - Started o.e.j.s.ServletContextHandler@37efd131{/,null,AVAILABLE}
[main] INFO org.eclipse.jetty.server.ServerConnector - Started ServerConnector@7e7b159b{HTTP/1.1}{0.0.0.0:35671}
[main] INFO org.eclipse.jetty.server.Server - Started @2169ms
[main] INFO me.geso.mech2.Mech2 - http://127.0.0.1:35671/strings?q=a&q=b: HTTP/1.1 200 OK, 0.004 secs
[main] INFO org.eclipse.jetty.server.ServerConnector - Stopped ServerConnector@7e7b159b{HTTP/1.1}{0.0.0.0:0}
[main] INFO org.eclipse.jetty.server.handler.ContextHandler - Stopped o.e.j.s.ServletContextHandler@37efd131{/,null,UNAVAILABLE}
[main] INFO org.eclipse.jetty.server.Server - jetty-9.2.3.v20140905
[main] INFO org.eclipse.jetty.server.handler.ContextHandler - Started o.e.j.s.ServletContextHandler@1253e7cb{/,null,AVAILABLE}
[main] INFO org.eclipse.jetty.server.ServerConnector - Started ServerConnector@2d36e77e{HTTP/1.1}{0.0.0.0:33463}
[main] INFO org.eclipse.jetty.server.Server - Started @2178ms
[main] INFO me.geso.mech2.Mech2 - http://127.0.0.1:33463/Longs?q=5&q=9&q=6&q=3: HTTP/1.1 200 OK, 0.005 secs
[main] INFO org.eclipse.jetty.server.ServerConnector - Stopped ServerConnector@2d36e77e{HTTP/1.1}{0.0.0.0:0}
[main] INFO org.eclipse.jetty.server.handler.ContextHandler - Stopped o.e.j.s.ServletContextHandler@1253e7cb{/,null,UNAVAILABLE}
[main] INFO org.eclipse.jetty.server.Server - jetty-9.2.3.v20140905
[main] INFO org.eclipse.jetty.server.handler.ContextHandler - Started o.e.j.s.ServletContextHandler@708400f6{/,null,AVAILABLE}
[main] INFO org.eclipse.jetty.server.ServerConnector - Started ServerConnector@5829e4f4{HTTP/1.1}{0.0.0.0:37241}
[main] INFO org.eclipse.jetty.server.Server - Started @2189ms
[main] INFO me.geso.mech2.Mech2 - http://127.0.0.1:37241/Integers?q=5&q=9&q=6&q=3: HTTP/1.1 200 OK, 0.004 secs
[main] INFO org.eclipse.jetty.server.ServerConnector - Stopped ServerConnector@5829e4f4{HTTP/1.1}{0.0.0.0:0}
[main] INFO org.eclipse.jetty.server.handler.ContextHandler - Stopped o.e.j.s.ServletContextHandler@708400f6{/,null,UNAVAILABLE}
[main] INFO org.eclipse.jetty.server.Server - jetty-9.2.3.v20140905
[main] INFO org.eclipse.jetty.server.handler.ContextHandler - Started o.e.j.s.ServletContextHandler@4c2cc639{/,null,AVAILABLE}
[main] INFO org.eclipse.jetty.server.ServerConnector - Started ServerConnector@ccb4b1b{HTTP/1.1}{0.0.0.0:32777}
[main] INFO org.eclipse.jetty.server.Server - Started @2198ms
[main] INFO me.geso.mech2.Mech2 - http://127.0.0.1:32777/Booleans?q=true&q=false&q=true: HTTP/1.1 200 OK, 0.005 secs
[main] INFO org.eclipse.jetty.server.ServerConnector - Stopped ServerConnector@ccb4b1b{HTTP/1.1}{0.0.0.0:0}
[main] INFO org.eclipse.jetty.server.handler.ContextHandler - Stopped o.e.j.s.ServletContextHandler@4c2cc639{/,null,UNAVAILABLE}
[main] INFO org.eclipse.jetty.server.Server - jetty-9.2.3.v20140905
[main] INFO org.eclipse.jetty.server.handler.ContextHandler - Started o.e.j.s.ServletContextHandler@25e2ab5a{/,null,AVAILABLE}
[main] INFO org.eclipse.jetty.server.ServerConnector - Started ServerConnector@35e5d0e5{HTTP/1.1}{0.0.0.0:37221}
[main] INFO org.eclipse.jetty.server.Server - Started @2207ms
[main] INFO me.geso.mech2.Mech2 - http://127.0.0.1:37221/BigIntegers?q=1234567890&q=12345678901234567890&q=123456789012345678901234567890: HTTP/1.1 200 OK, 0.005 secs
[main] INFO org.eclipse.jetty.server.ServerConnector - Stopped ServerConnector@35e5d0e5{HTTP/1.1}{0.0.0.0:0}
[main] INFO org.eclipse.jetty.server.handler.ContextHandler - Stopped o.e.j.s.ServletContextHandler@25e2ab5a{/,null,UNAVAILABLE}
[main] INFO me.geso.avans.Dispatcher - Registering class: class me.geso.avans.ControllerBaseTest$TestArrays$Controller
[main] INFO me.geso.avans.Dispatcher - GET /longs
[main] INFO me.geso.avans.Dispatcher - GET /ints
[main] INFO me.geso.avans.Dispatcher - GET /strings
[main] INFO me.geso.avans.Dispatcher - GET /Longs
[main] INFO me.geso.avans.Dispatcher - GET /Booleans
[main] INFO me.geso.avans.Dispatcher - GET /Integers
[main] INFO me.geso.avans.Dispatcher - GET /BigIntegers
[main] INFO me.geso.avans.Dispatcher - GET /booleans
[main] INFO org.eclipse.jetty.server.Server - jetty-9.2.3.v20140905
[main] INFO org.eclipse.jetty.server.handler.ContextHandler - Started o.e.j.s.ServletContextHandler@544820b7{/,null,AVAILABLE}
[main] INFO org.eclipse.jetty.server.ServerConnector - Started ServerConnector@6b98a075{HTTP/1.1}{0.0.0.0:40663}
[main] INFO org.eclipse.jetty.server.Server - Started @2219ms
[main] INFO me.geso.mech2.Mech2 - http://127.0.0.1:40663/strings: HTTP/1.1 200 OK, 0.004 secs
[main] INFO org.eclipse.jetty.server.ServerConnector - Stopped ServerConnector@6b98a075{HTTP/1.1}{0.0.0.0:0}
[main] INFO org.eclipse.jetty.server.handler.ContextHandler - Stopped o.e.j.s.ServletContextHandler@544820b7{/,null,UNAVAILABLE}
[main] INFO org.eclipse.jetty.server.Server - jetty-9.2.3.v20140905
[main] INFO org.eclipse.jetty.server.handler.ContextHandler - Started o.e.j.s.ServletContextHandler@5ee2b6f9{/,null,AVAILABLE}
[main] INFO org.eclipse.jetty.server.ServerConnector - Started ServerConnector@23d1e5d0{HTTP/1.1}{0.0.0.0:38513}
[main] INFO org.eclipse.jetty.server.Server - Started @2228ms
[main] INFO me.geso.mech2.Mech2 - http://127.0.0.1:38513/strings?q=hoge&q=fuga: HTTP/1.1 200 OK, 0.004 secs
[main] INFO org.eclipse.jetty.server.ServerConnector - Stopped ServerConnector@23d1e5d0{HTTP/1.1}{0.0.0.0:0}
[main] INFO org.eclipse.jetty.server.handler.ContextHandler - Stopped o.e.j.s.ServletContextHandler@5ee2b6f9{/,null,UNAVAILABLE}
[main] INFO org.eclipse.jetty.server.Server - jetty-9.2.3.v20140905
[main] INFO org.eclipse.jetty.server.handler.ContextHandler - Started o.e.j.s.ServletContextHandler@2b5f4d54{/,null,AVAILABLE}
[main] INFO org.eclipse.jetty.server.ServerConnector - Started ServerConnector@5f7b97da{HTTP/1.1}{0.0.0.0:39427}
[main] INFO org.eclipse.jetty.server.Server - Started @2238ms
[main] INFO me.geso.mech2.Mech2 - http://127.0.0.1:39427/longs: HTTP/1.1 200 OK, 0.003 secs
[main] INFO org.eclipse.jetty.server.ServerConnector - Stopped ServerConnector@5f7b97da{HTTP/1.1}{0.0.0.0:0}
[main] INFO org.eclipse.jetty.server.handler.ContextHandler - Stopped o.e.j.s.ServletContextHandler@2b5f4d54{/,null,UNAVAILABLE}
[main] INFO org.eclipse.jetty.server.Server - jetty-9.2.3.v20140905
[main] INFO org.eclipse.jetty.server.handler.ContextHandler - Started o.e.j.s.ServletContextHandler@5c10f1c3{/,null,AVAILABLE}
[main] INFO org.eclipse.jetty.server.ServerConnector - Started ServerConnector@7ac2e39b{HTTP/1.1}{0.0.0.0:42023}
[main] INFO org.eclipse.jetty.server.Server - Started @2247ms
[main] INFO me.geso.mech2.Mech2 - http://127.0.0.1:42023/longs?q=5963&q=4649: HTTP/1.1 200 OK, 0.008 secs
[main] INFO org.eclipse.jetty.server.ServerConnector - Stopped ServerConnector@7ac2e39b{HTTP/1.1}{0.0.0.0:0}
[main] INFO org.eclipse.jetty.server.handler.ContextHandler - Stopped o.e.j.s.ServletContextHandler@5c10f1c3{/,null,UNAVAILABLE}
[main] INFO org.eclipse.jetty.server.Server - jetty-9.2.3.v20140905
[main] INFO org.eclipse.jetty.server.handler.ContextHandler - Started o.e.j.s.ServletContextHandler@1755e85b{/,null,AVAILABLE}
[main] INFO org.eclipse.jetty.server.ServerConnector - Started ServerConnector@736d6a5c{HTTP/1.1}{0.0.0.0:39271}
[main] INFO org.eclipse.jetty.server.Server - Started @2261ms
[main] INFO me.geso.mech2.Mech2 - http://127.0.0.1:39271/Longs: HTTP/1.1 200 OK, 0.004 secs
[main] INFO org.eclipse.jetty.server.ServerConnector - Stopped ServerConnector@736d6a5c{HTTP/1.1}{0.0.0.0:0}
[main] INFO org.eclipse.jetty.server.handler.ContextHandler - Stopped o.e.j.s.ServletContextHandler@1755e85b{/,null,UNAVAILABLE}
[main] INFO org.eclipse.jetty.server.Server - jetty-9.2.3.v20140905
[main] INFO org.eclipse.jetty.server.handler.ContextHandler - Started o.e.j.s.ServletContextHandler@1506f20f{/,null,AVAILABLE}
[main] INFO org.eclipse.jetty.server.ServerConnector - Started ServerConnector@47a5b70d{HTTP/1.1}{0.0.0.0:37517}
[main] INFO org.eclipse.jetty.server.Server - Started @2270ms
[main] INFO me.geso.mech2.Mech2 - http://127.0.0.1:37517/Longs?q=5963&q=4649: HTTP/1.1 200 OK, 0.005 secs
[main] INFO org.eclipse.jetty.server.ServerConnector - Stopped ServerConnector@47a5b70d{HTTP/1.1}{0.0.0.0:0}
[main] INFO org.eclipse.jetty.server.handler.ContextHandler - Stopped o.e.j.s.ServletContextHandler@1506f20f{/,null,UNAVAILABLE}
[main] INFO org.eclipse.jetty.server.Server - jetty-9.2.3.v20140905
[main] INFO org.eclipse.jetty.server.handler.ContextHandler - Started o.e.j.s.ServletContextHandler@b70da4c{/,null,AVAILABLE}
[main] INFO org.eclipse.jetty.server.ServerConnector - Started ServerConnector@4a11eb84{HTTP/1.1}{0.0.0.0:42913}
[main] INFO org.eclipse.jetty.server.Server - Started @2281ms
[main] INFO me.geso.mech2.Mech2 - http://127.0.0.1:42913/Integers: HTTP/1.1 200 OK, 0.004 secs
[main] INFO org.eclipse.jetty.server.ServerConnector - Stopped ServerConnector@4a11eb84{HTTP/1.1}{0.0.0.0:0}
[main] INFO org.eclipse.jetty.server.handler.ContextHandler - Stopped o.e.j.s.ServletContextHandler@b70da4c{/,null,UNAVAILABLE}
[main] INFO org.eclipse.jetty.server.Server - jetty-9.2.3.v20140905
[main] INFO org.eclipse.jetty.server.handler.ContextHandler - Started o.e.j.s.ServletContextHandler@7fe7c640{/,null,AVAILABLE}
[main] INFO org.eclipse.jetty.server.ServerConnector - Started ServerConnector@4c4748bf{HTTP/1.1}{0.0.0.0:35289}
[main] INFO org.eclipse.jetty.server.Server - Started @2290ms
[main] INFO me.geso.mech2.Mech2 - http://127.0.0.1:35289/Integers?q=5963&q=4649: HTTP/1.1 200 OK, 0.004 secs
[main] INFO org.eclipse.jetty.server.ServerConnector - Stopped ServerConnector@4c4748bf{HTTP/1.1}{0.0.0.0:0}
[main] INFO org.eclipse.jetty.server.handler.ContextHandler - Stopped o.e.j.s.ServletContextHandler@7fe7c640{/,null,UNAVAILABLE}
[main] INFO org.eclipse.jetty.server.Server - jetty-9.2.3.v20140905
[main] INFO org.eclipse.jetty.server.handler.ContextHandler - Started o.e.j.s.ServletContextHandler@4b7e96a{/,null,AVAILABLE}
[main] INFO org.eclipse.jetty.server.ServerConnector - Started ServerConnector@6475472c{HTTP/1.1}{0.0.0.0:43983}
[main] INFO org.eclipse.jetty.server.Server - Started @2301ms
[main] INFO me.geso.mech2.Mech2 - http://127.0.0.1:43983/ints: HTTP/1.1 200 OK, 0.004 secs
[main] INFO org.eclipse.jetty.server.ServerConnector - Stopped ServerConnector@6475472c{HTTP/1.1}{0.0.0.0:0}
[main] INFO org.eclipse.jetty.server.handler.ContextHandler - Stopped o.e.j.s.ServletContextHandler@4b7e96a{/,null,UNAVAILABLE}
[main] INFO org.eclipse.jetty.server.Server - jetty-9.2.3.v20140905
[main] INFO org.eclipse.jetty.server.handler.ContextHandler - Started o.e.j.s.ServletContextHandler@33aeca0b{/,null,AVAILABLE}
[main] INFO org.eclipse.jetty.server.ServerConnector - Started ServerConnector@43aaf813{HTTP/1.1}{0.0.0.0:41353}
[main] INFO org.eclipse.jetty.server.Server - Started @2310ms
[main] INFO me.geso.mech2.Mech2 - http://127.0.0.1:41353/ints?q=5963&q=4649: HTTP/1.1 200 OK, 0.007 secs
[main] INFO org.eclipse.jetty.server.ServerConnector - Stopped ServerConnector@43aaf813{HTTP/1.1}{0.0.0.0:0}
[main] INFO org.eclipse.jetty.server.handler.ContextHandler - Stopped o.e.j.s.ServletContextHandler@33aeca0b{/,null,UNAVAILABLE}
[main] INFO org.eclipse.jetty.server.Server - jetty-9.2.3.v20140905
[main] INFO org.eclipse.jetty.server.handler.ContextHandler - Started o.e.j.s.ServletContextHandler@13f17eb4{/,null,AVAILABLE}
[main] INFO org.eclipse.jetty.server.ServerConnector - Started ServerConnector@1d0d6318{HTTP/1.1}{0.0.0.0:41817}
[main] INFO org.eclipse.jetty.server.Server - Started @2322ms
[main] INFO me.geso.mech2.Mech2 - http://127.0.0.1:41817/booleans: HTTP/1.1 200 OK, 0.003 secs
[main] INFO org.eclipse.jetty.server.ServerConnector - Stopped ServerConnector@1d0d6318{HTTP/1.1}{0.0.0.0:0}
[main] INFO org.eclipse.jetty.server.handler.ContextHandler - Stopped o.e.j.s.ServletContextHandler@13f17eb4{/,null,UNAVAILABLE}
[main] INFO org.eclipse.jetty.server.Server - jetty-9.2.3.v20140905
[main] INFO org.eclipse.jetty.server.handler.ContextHandler - Started o.e.j.s.ServletContextHandler@4351c8c3{/,null,AVAILABLE}
[main] INFO org.eclipse.jetty.server.ServerConnector - Started ServerConnector@3381b4fc{HTTP/1.1}{0.0.0.0:41535}
[main] INFO org.eclipse.jetty.server.Server - Started @2331ms
[main] INFO me.geso.mech2.Mech2 - http://127.0.0.1:41535/booleans?q=true&q=false&q=true: HTTP/1.1 200 OK, 0.007 secs
[main] INFO org.eclipse.jetty.server.ServerConnector - Stopped ServerConnector@3381b4fc{HTTP/1.1}{0.0.0.0:0}
[main] INFO org.eclipse.jetty.server.handler.ContextHandler - Stopped o.e.j.s.ServletContextHandler@4351c8c3{/,null,UNAVAILABLE}
[main] INFO org.eclipse.jetty.server.Server - jetty-9.2.3.v20140905
[main] INFO org.eclipse.jetty.server.handler.ContextHandler - Started o.e.j.s.ServletContextHandler@45905bff{/,null,AVAILABLE}
[main] INFO org.eclipse.jetty.server.ServerConnector - Started ServerConnector@2a2c13a8{HTTP/1.1}{0.0.0.0:43143}
[main] INFO org.eclipse.jetty.server.Server - Started @2372ms
[main] INFO me.geso.mech2.Mech2 - http://127.0.0.1:43143/Booleans: HTTP/1.1 200 OK, 0.004 secs
[main] INFO org.eclipse.jetty.server.ServerConnector - Stopped ServerConnector@2a2c13a8{HTTP/1.1}{0.0.0.0:0}
[main] INFO org.eclipse.jetty.server.handler.ContextHandler - Stopped o.e.j.s.ServletContextHandler@45905bff{/,null,UNAVAILABLE}
[main] INFO org.eclipse.jetty.server.Server - jetty-9.2.3.v20140905
[main] INFO org.eclipse.jetty.server.handler.ContextHandler - Started o.e.j.s.ServletContextHandler@c1bd0be{/,null,AVAILABLE}
[main] INFO org.eclipse.jetty.server.ServerConnector - Started ServerConnector@476b0ae6{HTTP/1.1}{0.0.0.0:40497}
[main] INFO org.eclipse.jetty.server.Server - Started @2382ms
[main] INFO me.geso.mech2.Mech2 - http://127.0.0.1:40497/Booleans?q=true&q=false&q=true: HTTP/1.1 200 OK, 0.005 secs
[main] INFO org.eclipse.jetty.server.ServerConnector - Stopped ServerConnector@476b0ae6{HTTP/1.1}{0.0.0.0:0}
[main] INFO org.eclipse.jetty.server.handler.ContextHandler - Stopped o.e.j.s.ServletContextHandler@c1bd0be{/,null,UNAVAILABLE}
[main] INFO org.eclipse.jetty.server.Server - jetty-9.2.3.v20140905
[main] INFO org.eclipse.jetty.server.handler.ContextHandler - Started o.e.j.s.ServletContextHandler@18025ced{/,null,AVAILABLE}
[main] INFO org.eclipse.jetty.server.ServerConnector - Started ServerConnector@13cf7d52{HTTP/1.1}{0.0.0.0:33467}
[main] INFO org.eclipse.jetty.server.Server - Started @2393ms
[main] INFO me.geso.mech2.Mech2 - http://127.0.0.1:33467/BigIntegers: HTTP/1.1 200 OK, 0.004 secs
[main] INFO org.eclipse.jetty.server.ServerConnector - Stopped ServerConnector@13cf7d52{HTTP/1.1}{0.0.0.0:0}
[main] INFO org.eclipse.jetty.server.handler.ContextHandler - Stopped o.e.j.s.ServletContextHandler@18025ced{/,null,UNAVAILABLE}
[main] INFO org.eclipse.jetty.server.Server - jetty-9.2.3.v20140905
[main] INFO org.eclipse.jetty.server.handler.ContextHandler - Started o.e.j.s.ServletContextHandler@5bc9ba1d{/,null,AVAILABLE}
[main] INFO org.eclipse.jetty.server.ServerConnector - Started ServerConnector@1021f6c9{HTTP/1.1}{0.0.0.0:34403}
[main] INFO org.eclipse.jetty.server.Server - Started @2403ms
[main] INFO me.geso.mech2.Mech2 - http://127.0.0.1:34403/BigIntegers?q=1234567890&q=12345678901234567890&q=123456789012345678901234567890: HTTP/1.1 200 OK, 0.006 secs
[main] INFO org.eclipse.jetty.server.ServerConnector - Stopped ServerConnector@1021f6c9{HTTP/1.1}{0.0.0.0:0}
[main] INFO org.eclipse.jetty.server.handler.ContextHandler - Stopped o.e.j.s.ServletContextHandler@5bc9ba1d{/,null,UNAVAILABLE}
[main] INFO me.geso.avans.Dispatcher - Registering class: class me.geso.avans.ControllerBaseTest$TestOptionalDouble$Controller
[main] INFO me.geso.avans.Dispatcher - GET /
[main] INFO org.eclipse.jetty.server.Server - jetty-9.2.3.v20140905
[main] INFO org.eclipse.jetty.server.handler.ContextHandler - Started o.e.j.s.ServletContextHandler@58fe0499{/,null,AVAILABLE}
[main] INFO org.eclipse.jetty.server.ServerConnector - Started ServerConnector@686449f9{HTTP/1.1}{0.0.0.0:35929}
[main] INFO org.eclipse.jetty.server.Server - Started @2417ms
[main] INFO me.geso.mech2.Mech2 - http://127.0.0.1:35929/: HTTP/1.1 200 OK, 0.005 secs
[main] INFO org.eclipse.jetty.server.ServerConnector - Stopped ServerConnector@686449f9{HTTP/1.1}{0.0.0.0:0}
[main] INFO org.eclipse.jetty.server.handler.ContextHandler - Stopped o.e.j.s.ServletContextHandler@58fe0499{/,null,UNAVAILABLE}
[main] INFO org.eclipse.jetty.server.Server - jetty-9.2.3.v20140905
[main] INFO org.eclipse.jetty.server.handler.ContextHandler - Started o.e.j.s.ServletContextHandler@1cbf6e72{/,null,AVAILABLE}
[main] INFO org.eclipse.jetty.server.ServerConnector - Started ServerConnector@6aecbb8d{HTTP/1.1}{0.0.0.0:35759}
[main] INFO org.eclipse.jetty.server.Server - Started @2428ms
[main] INFO me.geso.mech2.Mech2 - http://127.0.0.1:35759/?q=: HTTP/1.1 200 OK, 0.005 secs
[main] INFO org.eclipse.jetty.server.ServerConnector - Stopped ServerConnector@6aecbb8d{HTTP/1.1}{0.0.0.0:0}
[main] INFO org.eclipse.jetty.server.handler.ContextHandler - Stopped o.e.j.s.ServletContextHandler@1cbf6e72{/,null,UNAVAILABLE}
[main] INFO org.eclipse.jetty.server.Server - jetty-9.2.3.v20140905
[main] INFO org.eclipse.jetty.server.handler.ContextHandler - Started o.e.j.s.ServletContextHandler@5dd91bca{/,null,AVAILABLE}
[main] INFO org.eclipse.jetty.server.ServerConnector - Started ServerConnector@40cb698e{HTTP/1.1}{0.0.0.0:32889}
[main] INFO org.eclipse.jetty.server.Server - Started @2439ms
[main] INFO me.geso.mech2.Mech2 - http://127.0.0.1:32889/?q=2.71: HTTP/1.1 200 OK, 0.004 secs
[main] INFO org.eclipse.jetty.server.ServerConnector - Stopped ServerConnector@40cb698e{HTTP/1.1}{0.0.0.0:0}
[main] INFO org.eclipse.jetty.server.handler.ContextHandler - Stopped o.e.j.s.ServletContextHandler@5dd91bca{/,null,UNAVAILABLE}
[main] INFO me.geso.avans.Dispatcher - Registering class: class me.geso.avans.ControllerBaseTest$TestOptionalInt$Controller
[main] INFO me.geso.avans.Dispatcher - GET /
[main] INFO org.eclipse.jetty.server.Server - jetty-9.2.3.v20140905
[main] INFO org.eclipse.jetty.server.handler.ContextHandler - Started o.e.j.s.ServletContextHandler@6cfcd46d{/,null,AVAILABLE}
[main] INFO org.eclipse.jetty.server.ServerConnector - Started ServerConnector@52045dbe{HTTP/1.1}{0.0.0.0:45741}
[main] INFO org.eclipse.jetty.server.Server - Started @2453ms
[main] INFO me.geso.mech2.Mech2 - http://127.0.0.1:45741/: HTTP/1.1 200 OK, 0.005 secs
[main] INFO org.eclipse.jetty.server.ServerConnector - Stopped ServerConnector@52045dbe{HTTP/1.1}{0.0.0.0:0}
[main] INFO org.eclipse.jetty.server.handler.ContextHandler - Stopped o.e.j.s.ServletContextHandler@6cfcd46d{/,null,UNAVAILABLE}
[main] INFO org.eclipse.jetty.server.Server - jetty-9.2.3.v20140905
[main] INFO org.eclipse.jetty.server.handler.ContextHandler - Started o.e.j.s.ServletContextHandler@207b8649{/,null,AVAILABLE}
[main] INFO org.eclipse.jetty.server.ServerConnector - Started ServerConnector@65b3a85a{HTTP/1.1}{0.0.0.0:35005}
[main] INFO org.eclipse.jetty.server.Server - Started @2464ms
[main] INFO me.geso.mech2.Mech2 - http://127.0.0.1:35005/?q=: HTTP/1.1 200 OK, 0.004 secs
[main] INFO org.eclipse.jetty.server.ServerConnector - Stopped ServerConnector@65b3a85a{HTTP/1.1}{0.0.0.0:0}
[main] INFO org.eclipse.jetty.server.handler.ContextHandler - Stopped o.e.j.s.ServletContextHandler@207b8649{/,null,UNAVAILABLE}
[main] INFO org.eclipse.jetty.server.Server - jetty-9.2.3.v20140905
[main] INFO org.eclipse.jetty.server.handler.ContextHandler - Started o.e.j.s.ServletContextHandler@25e2a451{/,null,AVAILABLE}
[main] INFO org.eclipse.jetty.server.ServerConnector - Started ServerConnector@1698ee84{HTTP/1.1}{0.0.0.0:40843}
[main] INFO org.eclipse.jetty.server.Server - Started @2475ms
[main] INFO me.geso.mech2.Mech2 - http://127.0.0.1:40843/?q=4649: HTTP/1.1 200 OK, 0.004 secs
[main] INFO org.eclipse.jetty.server.ServerConnector - Stopped ServerConnector@1698ee84{HTTP/1.1}{0.0.0.0:0}
[main] INFO org.eclipse.jetty.server.handler.ContextHandler - Stopped o.e.j.s.ServletContextHandler@25e2a451{/,null,UNAVAILABLE}
[main] INFO me.geso.avans.Dispatcher - Registering class: class me.geso.avans.ControllerBaseTest$TestOptionalLong$Controller
[main] INFO me.geso.avans.Dispatcher - GET /
[main] INFO org.eclipse.jetty.server.Server - jetty-9.2.3.v20140905
[main] INFO org.eclipse.jetty.server.handler.ContextHandler - Started o.e.j.s.ServletContextHandler@15cafec7{/,null,AVAILABLE}
[main] INFO org.eclipse.jetty.server.ServerConnector - Started ServerConnector@5b444398{HTTP/1.1}{0.0.0.0:34065}
[main] INFO org.eclipse.jetty.server.Server - Started @2487ms
[main] INFO me.geso.mech2.Mech2 - http://127.0.0.1:34065/: HTTP/1.1 200 OK, 0.004 secs
[main] INFO org.eclipse.jetty.server.ServerConnector - Stopped ServerConnector@5b444398{HTTP/1.1}{0.0.0.0:0}
[main] INFO org.eclipse.jetty.server.handler.ContextHandler - Stopped o.e.j.s.ServletContextHandler@15cafec7{/,null,UNAVAILABLE}
[main] INFO org.eclipse.jetty.server.Server - jetty-9.2.3.v20140905
[main] INFO org.eclipse.jetty.server.handler.ContextHandler - Started o.e.j.s.ServletContextHandler@5af3a0f{/,null,AVAILABLE}
[main] INFO org.eclipse.jetty.server.ServerConnector - Started ServerConnector@19ae6bb{HTTP/1.1}{0.0.0.0:40515}
[main] INFO org.eclipse.jetty.server.Server - Started @2498ms
[main] INFO me.geso.mech2.Mech2 - http://127.0.0.1:40515/?q=: HTTP/1.1 200 OK, 0.004 secs
[main] INFO org.eclipse.jetty.server.ServerConnector - Stopped ServerConnector@19ae6bb{HTTP/1.1}{0.0.0.0:0}
[main] INFO org.eclipse.jetty.server.handler.ContextHandler - Stopped o.e.j.s.ServletContextHandler@5af3a0f{/,null,UNAVAILABLE}
[main] INFO org.eclipse.jetty.server.Server - jetty-9.2.3.v20140905
[main] INFO org.eclipse.jetty.server.handler.ContextHandler - Started o.e.j.s.ServletContextHandler@18230356{/,null,AVAILABLE}
[main] INFO org.eclipse.jetty.server.ServerConnector - Started ServerConnector@d8305c2{HTTP/1.1}{0.0.0.0:46807}
[main] INFO org.eclipse.jetty.server.Server - Started @2508ms
[main] INFO me.geso.mech2.Mech2 - http://127.0.0.1:46807/?q=4649: HTTP/1.1 200 OK, 0.004 secs
[main] INFO org.eclipse.jetty.server.ServerConnector - Stopped ServerConnector@d8305c2{HTTP/1.1}{0.0.0.0:0}
[main] INFO org.eclipse.jetty.server.handler.ContextHandler - Stopped o.e.j.s.ServletContextHandler@18230356{/,null,UNAVAILABLE}
[main] INFO me.geso.avans.Dispatcher - Registering class: class me.geso.avans.ControllerBaseTest$TestLong$Controller
[main] INFO me.geso.avans.Dispatcher - GET /
[main] INFO org.eclipse.jetty.server.Server - jetty-9.2.3.v20140905
[main] INFO org.eclipse.jetty.server.handler.ContextHandler - Started o.e.j.s.ServletContextHandler@7c2b6087{/,null,AVAILABLE}
[main] INFO org.eclipse.jetty.server.ServerConnector - Started ServerConnector@3fffff43{HTTP/1.1}{0.0.0.0:37851}
[main] INFO org.eclipse.jetty.server.Server - Started @2521ms
[main] INFO me.geso.mech2.Mech2 - http://127.0.0.1:37851/?q=5963: HTTP/1.1 200 OK, 0.004 secs
[main] INFO org.eclipse.jetty.server.ServerConnector - Stopped ServerConnector@3fffff43{HTTP/1.1}{0.0.0.0:0}
[main] INFO org.eclipse.jetty.server.handler.ContextHandler - Stopped o.e.j.s.ServletContextHandler@7c2b6087{/,null,UNAVAILABLE}
[main] INFO org.eclipse.jetty.server.Server - jetty-9.2.3.v20140905
[main] INFO org.eclipse.jetty.server.handler.ContextHandler - Started o.e.j.s.ServletContextHandler@6f8f9349{/,null,AVAILABLE}
[main] INFO org.eclipse.jetty.server.ServerConnector - Started ServerConnector@75c9e76b{HTTP/1.1}{0.0.0.0:32937}
[main] INFO org.eclipse.jetty.server.Server - Started @2532ms
[main] INFO me.geso.mech2.Mech2 - http://127.0.0.1:32937/?q=: HTTP/1.1 400 Bad Request, 0.005 secs
[main] INFO org.eclipse.jetty.server.ServerConnector - Stopped ServerConnector@75c9e76b{HTTP/1.1}{0.0.0.0:0}
[main] INFO org.eclipse.jetty.server.handler.ContextHandler - Stopped o.e.j.s.ServletContextHandler@6f8f9349{/,null,UNAVAILABLE}
[main] INFO org.eclipse.jetty.server.Server - jetty-9.2.3.v20140905
[main] INFO org.eclipse.jetty.server.handler.ContextHandler - Started o.e.j.s.ServletContextHandler@5b43fbf6{/,null,AVAILABLE}
[main] INFO org.eclipse.jetty.server.ServerConnector - Started ServerConnector@1080b026{HTTP/1.1}{0.0.0.0:36177}
[main] INFO org.eclipse.jetty.server.Server - Started @2544ms
[main] INFO me.geso.mech2.Mech2 - http://127.0.0.1:36177/?q=4649: HTTP/1.1 200 OK, 0.004 secs
[main] INFO org.eclipse.jetty.server.ServerConnector - Stopped ServerConnector@1080b026{HTTP/1.1}{0.0.0.0:0}
[main] INFO org.eclipse.jetty.server.handler.ContextHandler - Stopped o.e.j.s.ServletContextHandler@5b43fbf6{/,null,UNAVAILABLE}
Tests run: 25, Failures: 0, Errors: 0, Skipped: 2, Time elapsed: 1.037 sec
Running me.geso.avans.annotation.BeanParamTest
[main] INFO me.geso.avans.Dispatcher - Registering class: class me.geso.avans.annotation.BeanParamTest$MyController2
[main] INFO me.geso.avans.Dispatcher - GET /
[main] INFO org.eclipse.jetty.server.Server - jetty-9.2.3.v20140905
[main] INFO org.eclipse.jetty.server.handler.ContextHandler - Started o.e.j.s.ServletContextHandler@6b9ce1bf{/,null,AVAILABLE}
[main] INFO org.eclipse.jetty.server.ServerConnector - Started ServerConnector@61884cb1{HTTP/1.1}{0.0.0.0:38281}
[main] INFO org.eclipse.jetty.server.Server - Started @2561ms
[main] INFO me.geso.mech2.Mech2 - http://127.0.0.1:38281/?childName=John&parentName=Nick: HTTP/1.1 200 OK, 0.008 secs
[main] INFO org.eclipse.jetty.server.ServerConnector - Stopped ServerConnector@61884cb1{HTTP/1.1}{0.0.0.0:0}
[main] INFO org.eclipse.jetty.server.handler.ContextHandler - Stopped o.e.j.s.ServletContextHandler@6b9ce1bf{/,null,UNAVAILABLE}
[main] INFO me.geso.avans.Dispatcher - Registering class: class me.geso.avans.annotation.BeanParamTest$MyController3
[main] INFO me.geso.avans.Dispatcher - GET /
[main] INFO org.eclipse.jetty.server.Server - jetty-9.2.3.v20140905
[main] INFO org.eclipse.jetty.server.handler.ContextHandler - Started o.e.j.s.ServletContextHandler@666b83a4{/,null,AVAILABLE}
[main] INFO org.eclipse.jetty.server.ServerConnector - Started ServerConnector@749c877b{HTTP/1.1}{0.0.0.0:44029}
[main] INFO org.eclipse.jetty.server.Server - Started @2588ms
[main] INFO me.geso.mech2.Mech2 - http://127.0.0.1:44029/?n=3: HTTP/1.1 200 OK, 0.007 secs
[main] INFO org.eclipse.jetty.server.ServerConnector - Stopped ServerConnector@749c877b{HTTP/1.1}{0.0.0.0:0}
[main] INFO org.eclipse.jetty.server.handler.ContextHandler - Stopped o.e.j.s.ServletContextHandler@666b83a4{/,null,UNAVAILABLE}
[main] INFO me.geso.avans.Dispatcher - Registering class: class me.geso.avans.annotation.BeanParamTest$MyController
[main] INFO me.geso.avans.Dispatcher - GET /
[main] INFO me.geso.avans.Dispatcher - POST /fileBean
[main] INFO me.geso.avans.Dispatcher - GET /oBean
[main] INFO org.eclipse.jetty.server.Server - jetty-9.2.3.v20140905
[main] INFO org.eclipse.jetty.server.handler.ContextHandler - Started o.e.j.s.ServletContextHandler@2c88b9fc{/,null,AVAILABLE}
[main] INFO org.eclipse.jetty.server.ServerConnector - Started ServerConnector@64dafeed{HTTP/1.1}{0.0.0.0:39445}
[main] INFO org.eclipse.jetty.server.Server - Started @2607ms
[main] INFO me.geso.mech2.Mech2 - http://127.0.0.1:39445/fileBean: HTTP/1.1 200 OK, 0.026 secs
[main] INFO me.geso.avans.annotation.BeanParamTest - response: {"string":"SSS","part":"hello","parts":"hello,hello"}
[main] INFO org.eclipse.jetty.server.ServerConnector - Stopped ServerConnector@64dafeed{HTTP/1.1}{0.0.0.0:0}
[main] INFO org.eclipse.jetty.server.handler.ContextHandler - Stopped o.e.j.s.ServletContextHandler@2c88b9fc{/,null,UNAVAILABLE}
[main] INFO me.geso.avans.Dispatcher - Registering class: class me.geso.avans.annotation.BeanParamTest$MyController
[main] INFO me.geso.avans.Dispatcher - GET /
[main] INFO me.geso.avans.Dispatcher - POST /fileBean
[main] INFO me.geso.avans.Dispatcher - GET /oBean
[main] INFO org.eclipse.jetty.server.Server - jetty-9.2.3.v20140905
[main] INFO org.eclipse.jetty.server.handler.ContextHandler - Started o.e.j.s.ServletContextHandler@45cff11c{/,null,AVAILABLE}
[main] INFO org.eclipse.jetty.server.ServerConnector - Started ServerConnector@207ea13{HTTP/1.1}{0.0.0.0:42021}
[main] INFO org.eclipse.jetty.server.Server - Started @2642ms
[main] INFO me.geso.mech2.Mech2 - http://127.0.0.1:42021/?string=a&primitive_long=1&object_long=2&primitive_short=3&object_short=4&primitive_int=5&object_int=6&primitive_boolean=false&object_boolean=true: HTTP/1.1 200 OK, 0.011 secs
[main] INFO me.geso.avans.annotation.BeanParamTest - response: {"string":"a","primitive_long":1,"object_long":2,"object_short":4,"primitive_short":3,"object_int":6,"primitive_int":5,"primitive_boolean":false,"object_boolean":true}
[main] INFO me.geso.mech2.Mech2 - http://127.0.0.1:42021/oBean: HTTP/1.1 200 OK, 0.005 secs
[main] INFO me.geso.avans.annotation.BeanParamTest - response: {"int":0,"long":0,"string":"-"}
[main] INFO me.geso.mech2.Mech2 - http://127.0.0.1:42021/oBean?int=5963&long=4949&string=hello: HTTP/1.1 200 OK, 0.004 secs
[main] INFO me.geso.avans.annotation.BeanParamTest - response: {"int":0,"long":0,"string":"-"}
[main] INFO org.eclipse.jetty.server.ServerConnector - Stopped ServerConnector@207ea13{HTTP/1.1}{0.0.0.0:0}
[main] INFO org.eclipse.jetty.server.handler.ContextHandler - Stopped o.e.j.s.ServletContextHandler@45cff11c{/,null,UNAVAILABLE}
Tests run: 4, Failures: 0, Errors: 0, Skipped: 0, Time elapsed: 0.113 sec
Running me.geso.avans.trigger.BeforeDispatchTriggerTest
[main] INFO me.geso.avans.Dispatcher - Registering class: class me.geso.avans.trigger.BeforeDispatchTriggerTest$MyController
[main] INFO me.geso.avans.Dispatcher - GET /
[main] INFO org.eclipse.jetty.server.Server - jetty-9.2.3.v20140905
[main] INFO org.eclipse.jetty.server.handler.ContextHandler - Started o.e.j.s.ServletContextHandler@53f48368{/,null,AVAILABLE}
[main] INFO org.eclipse.jetty.server.ServerConnector - Started ServerConnector@24d4d7c9{HTTP/1.1}{0.0.0.0:35595}
[main] INFO org.eclipse.jetty.server.Server - Started @2675ms
[main] INFO me.geso.mech2.Mech2 - http://127.0.0.1:35595/: HTTP/1.1 200 OK, 0.004 secs
[main] INFO org.eclipse.jetty.server.ServerConnector - Stopped ServerConnector@24d4d7c9{HTTP/1.1}{0.0.0.0:0}
[main] INFO org.eclipse.jetty.server.handler.ContextHandler - Stopped o.e.j.s.ServletContextHandler@53f48368{/,null,UNAVAILABLE}
[main] INFO me.geso.avans.Dispatcher - Registering class: class me.geso.avans.trigger.BeforeDispatchTriggerTest$MyController2
[main] INFO me.geso.avans.Dispatcher - GET /
[main] INFO org.eclipse.jetty.server.Server - jetty-9.2.3.v20140905
[main] INFO org.eclipse.jetty.server.handler.ContextHandler - Started o.e.j.s.ServletContextHandler@5357c287{/,null,AVAILABLE}
[main] INFO org.eclipse.jetty.server.ServerConnector - Started ServerConnector@1623134f{HTTP/1.1}{0.0.0.0:44435}
[main] INFO org.eclipse.jetty.server.Server - Started @2685ms
[main] INFO me.geso.mech2.Mech2 - http://127.0.0.1:44435/: HTTP/1.1 200 OK, 0.003 secs
[main] INFO org.eclipse.jetty.server.ServerConnector - Stopped ServerConnector@1623134f{HTTP/1.1}{0.0.0.0:0}
[main] INFO org.eclipse.jetty.server.handler.ContextHandler - Stopped o.e.j.s.ServletContextHandler@5357c287{/,null,UNAVAILABLE}
Tests run: 2, Failures: 0, Errors: 0, Skipped: 0, Time elapsed: 0.025 sec

Results :

Tests run: 57, Failures: 0, Errors: 0, Skipped: 2

[INFO] 
[INFO] -------------------------< me.geso:avans-jmh >--------------------------
[INFO] Building avans-jmh 2.5.1-SNAPSHOT                                  [3/8]
[INFO] --------------------------------[ jar ]---------------------------------
[INFO] 
[INFO] --- maven-clean-plugin:2.5:clean (default-clean) @ avans-jmh ---
[INFO] Deleting /home/gabsko/breaking-updates/avans-jmh/target
[INFO] 
[INFO] --- maven-resources-plugin:2.6:resources (default-resources) @ avans-jmh ---
[INFO] Using 'UTF-8' encoding to copy filtered resources.
[INFO] Copying 1 resource
[INFO] 
[INFO] --- maven-compiler-plugin:3.10.1:compile (default-compile) @ avans-jmh ---
[INFO] Changes detected - recompiling the module!
[INFO] Compiling 3 source files to /home/gabsko/breaking-updates/avans-jmh/target/classes
[INFO] 
[INFO] --- maven-resources-plugin:2.6:testResources (default-testResources) @ avans-jmh ---
[INFO] Using 'UTF-8' encoding to copy filtered resources.
[INFO] skip non existing resourceDirectory /home/gabsko/breaking-updates/avans-jmh/src/test/resources
[INFO] 
[INFO] --- maven-compiler-plugin:3.10.1:testCompile (default-testCompile) @ avans-jmh ---
[INFO] No sources to compile
[INFO] 
[INFO] --- maven-surefire-plugin:2.5:test (default-test) @ avans-jmh ---
[INFO] No tests to run.
[INFO] 
[INFO] ----------------------< me.geso:avans-freemarker >----------------------
[INFO] Building avans-freemarker 2.5.1-SNAPSHOT                           [4/8]
[INFO] --------------------------------[ jar ]---------------------------------
[INFO] 
[INFO] --- maven-clean-plugin:2.5:clean (default-clean) @ avans-freemarker ---
[INFO] Deleting /home/gabsko/breaking-updates/avans-freemarker/target
[INFO] 
[INFO] --- maven-resources-plugin:2.6:resources (default-resources) @ avans-freemarker ---
[INFO] Using 'UTF-8' encoding to copy filtered resources.
[INFO] skip non existing resourceDirectory /home/gabsko/breaking-updates/avans-freemarker/src/main/resources
[INFO] 
[INFO] --- maven-compiler-plugin:3.10.1:compile (default-compile) @ avans-freemarker ---
[INFO] Changes detected - recompiling the module!
[INFO] Compiling 1 source file to /home/gabsko/breaking-updates/avans-freemarker/target/classes
[INFO] 
[INFO] --- maven-resources-plugin:2.6:testResources (default-testResources) @ avans-freemarker ---
[INFO] Using 'UTF-8' encoding to copy filtered resources.
[INFO] Copying 1 resource
[INFO] 
[INFO] --- maven-compiler-plugin:3.10.1:testCompile (default-testCompile) @ avans-freemarker ---
[INFO] Changes detected - recompiling the module!
[INFO] Compiling 1 source file to /home/gabsko/breaking-updates/avans-freemarker/target/test-classes
[INFO] /home/gabsko/breaking-updates/avans-freemarker/src/test/java/me/geso/avans/freemarker/FreeMarkerViewTest.java: /home/gabsko/breaking-updates/avans-freemarker/src/test/java/me/geso/avans/freemarker/FreeMarkerViewTest.java uses or overrides a deprecated API.
[INFO] /home/gabsko/breaking-updates/avans-freemarker/src/test/java/me/geso/avans/freemarker/FreeMarkerViewTest.java: Recompile with -Xlint:deprecation for details.
[INFO] 
[INFO] --- maven-surefire-plugin:2.5:test (default-test) @ avans-freemarker ---
[INFO] Surefire report directory: /home/gabsko/breaking-updates/avans-freemarker/target/surefire-reports

-------------------------------------------------------
 T E S T S
-------------------------------------------------------
Running me.geso.avans.freemarker.FreeMarkerViewTest
[main] INFO me.geso.avans.Dispatcher - Registering class: class me.geso.avans.freemarker.FreeMarkerViewTest$MyController
[main] INFO me.geso.avans.Dispatcher - GET /
[main] INFO org.eclipse.jetty.util.log - Logging initialized @267ms
[main] INFO org.eclipse.jetty.server.Server - jetty-9.2.3.v20140905
[main] INFO org.eclipse.jetty.server.handler.ContextHandler - Started o.e.j.s.ServletContextHandler@551bdc27{/,null,AVAILABLE}
[main] INFO org.eclipse.jetty.server.ServerConnector - Started ServerConnector@75c072cb{HTTP/1.1}{0.0.0.0:38573}
[main] INFO org.eclipse.jetty.server.Server - Started @336ms
[main] INFO org.eclipse.jetty.server.ServerConnector - Stopped ServerConnector@75c072cb{HTTP/1.1}{0.0.0.0:0}
[main] INFO org.eclipse.jetty.server.handler.ContextHandler - Stopped o.e.j.s.ServletContextHandler@551bdc27{/,null,UNAVAILABLE}
Tests run: 1, Failures: 0, Errors: 0, Skipped: 0, Time elapsed: 0.624 sec

Results :

Tests run: 1, Failures: 0, Errors: 0, Skipped: 0

[INFO] 
[INFO] --------------------< me.geso:avans-tinyvalidator >---------------------
[INFO] Building avans-tinyvalidator 2.5.1-SNAPSHOT                        [5/8]
[INFO] --------------------------------[ jar ]---------------------------------
[INFO] 
[INFO] --- maven-clean-plugin:2.5:clean (default-clean) @ avans-tinyvalidator ---
[INFO] Deleting /home/gabsko/breaking-updates/avans-tinyvalidator/target
[INFO] 
[INFO] --- maven-resources-plugin:2.6:resources (default-resources) @ avans-tinyvalidator ---
[INFO] Using 'UTF-8' encoding to copy filtered resources.
[INFO] skip non existing resourceDirectory /home/gabsko/breaking-updates/avans-tinyvalidator/src/main/resources
[INFO] 
[INFO] --- maven-compiler-plugin:3.10.1:compile (default-compile) @ avans-tinyvalidator ---
[INFO] Changes detected - recompiling the module!
[INFO] Compiling 1 source file to /home/gabsko/breaking-updates/avans-tinyvalidator/target/classes
[INFO] 
[INFO] --- maven-resources-plugin:2.6:testResources (default-testResources) @ avans-tinyvalidator ---
[INFO] Using 'UTF-8' encoding to copy filtered resources.
[INFO] skip non existing resourceDirectory /home/gabsko/breaking-updates/avans-tinyvalidator/src/test/resources
[INFO] 
[INFO] --- maven-compiler-plugin:3.10.1:testCompile (default-testCompile) @ avans-tinyvalidator ---
[INFO] Changes detected - recompiling the module!
[INFO] Compiling 1 source file to /home/gabsko/breaking-updates/avans-tinyvalidator/target/test-classes
[INFO] /home/gabsko/breaking-updates/avans-tinyvalidator/src/test/java/me/geso/avans/tinyvalidator/TinyValidatorValidatorTest.java: /home/gabsko/breaking-updates/avans-tinyvalidator/src/test/java/me/geso/avans/tinyvalidator/TinyValidatorValidatorTest.java uses or overrides a deprecated API.
[INFO] /home/gabsko/breaking-updates/avans-tinyvalidator/src/test/java/me/geso/avans/tinyvalidator/TinyValidatorValidatorTest.java: Recompile with -Xlint:deprecation for details.
[INFO] 
[INFO] --- maven-surefire-plugin:2.5:test (default-test) @ avans-tinyvalidator ---
[INFO] Surefire report directory: /home/gabsko/breaking-updates/avans-tinyvalidator/target/surefire-reports

-------------------------------------------------------
 T E S T S
-------------------------------------------------------
Running me.geso.avans.tinyvalidator.TinyValidatorValidatorTest
[main] INFO me.geso.avans.Dispatcher - Registering class: class me.geso.avans.tinyvalidator.TinyValidatorValidatorTest$MyController2
[main] INFO me.geso.avans.Dispatcher - GET /
[main] INFO org.eclipse.jetty.util.log - Logging initialized @246ms
[main] INFO org.eclipse.jetty.server.Server - jetty-9.2.3.v20140905
[main] INFO org.eclipse.jetty.server.handler.ContextHandler - Started o.e.j.s.ServletContextHandler@58a90037{/,null,AVAILABLE}
[main] INFO org.eclipse.jetty.server.ServerConnector - Started ServerConnector@709ba3fb{HTTP/1.1}{0.0.0.0:36037}
[main] INFO org.eclipse.jetty.server.Server - Started @345ms
[main] INFO me.geso.mech2.Mech2 - http://127.0.0.1:36037/?childName=John&parentName=Nick: HTTP/1.1 200 OK, 0.26 secs
[main] INFO org.eclipse.jetty.server.ServerConnector - Stopped ServerConnector@709ba3fb{HTTP/1.1}{0.0.0.0:0}
[main] INFO org.eclipse.jetty.server.handler.ContextHandler - Stopped o.e.j.s.ServletContextHandler@58a90037{/,null,UNAVAILABLE}
[main] INFO me.geso.avans.Dispatcher - Registering class: class me.geso.avans.tinyvalidator.TinyValidatorValidatorTest$PatternController
[main] INFO me.geso.avans.Dispatcher - GET /
[main] INFO me.geso.avans.tinyvalidator.TinyValidatorValidatorTest - [ConstraintViolation(value=null, annotation=@me.geso.tinyvalidator.constraints.NotNull(message="may not be null."), name=childName)]
[main] INFO org.eclipse.jetty.server.Server - jetty-9.2.3.v20140905
[main] INFO org.eclipse.jetty.server.handler.ContextHandler - Started o.e.j.s.ServletContextHandler@389c4eb1{/,null,AVAILABLE}
[main] INFO org.eclipse.jetty.server.ServerConnector - Started ServerConnector@3fc79729{HTTP/1.1}{0.0.0.0:38281}
[main] INFO org.eclipse.jetty.server.Server - Started @760ms
[main] INFO me.geso.mech2.Mech2 - http://127.0.0.1:38281/?childName=: HTTP/1.1 200 OK, 0.045 secs
[main] INFO me.geso.avans.tinyvalidator.TinyValidatorValidatorTest - response: {"code":403,"messages":["childName must match ."]}
[main] INFO org.eclipse.jetty.server.ServerConnector - Stopped ServerConnector@3fc79729{HTTP/1.1}{0.0.0.0:0}
[main] INFO org.eclipse.jetty.server.handler.ContextHandler - Stopped o.e.j.s.ServletContextHandler@389c4eb1{/,null,UNAVAILABLE}
[main] INFO me.geso.avans.Dispatcher - Registering class: class me.geso.avans.tinyvalidator.TinyValidatorValidatorTest$MyController
[main] INFO me.geso.avans.Dispatcher - POST /jsonParam
[main] INFO org.eclipse.jetty.server.Server - jetty-9.2.3.v20140905
[main] INFO org.eclipse.jetty.server.handler.ContextHandler - Started o.e.j.s.ServletContextHandler@4fbe37eb{/,null,AVAILABLE}
[main] INFO org.eclipse.jetty.server.ServerConnector - Started ServerConnector@12a94400{HTTP/1.1}{0.0.0.0:45003}
[main] INFO org.eclipse.jetty.server.Server - Started @826ms
---- PASS validation rules ----
[main] INFO me.geso.mech2.Mech2 - http://127.0.0.1:45003/jsonParam: HTTP/1.1 200 OK, 0.017 secs
---- FAIL ----
[main] INFO me.geso.mech2.Mech2 - http://127.0.0.1:45003/jsonParam: HTTP/1.1 200 OK, 0.005 secs
[main] INFO org.eclipse.jetty.server.ServerConnector - Stopped ServerConnector@12a94400{HTTP/1.1}{0.0.0.0:0}
[main] INFO org.eclipse.jetty.server.handler.ContextHandler - Stopped o.e.j.s.ServletContextHandler@4fbe37eb{/,null,UNAVAILABLE}
Tests run: 3, Failures: 0, Errors: 0, Skipped: 0, Time elapsed: 0.723 sec

Results :

Tests run: 3, Failures: 0, Errors: 0, Skipped: 0

[INFO] 
[INFO] -----------------------< me.geso:avans-session >------------------------
[INFO] Building avans-session 2.5.1-SNAPSHOT                              [6/8]
[INFO] --------------------------------[ jar ]---------------------------------
[INFO] 
[INFO] --- maven-clean-plugin:2.5:clean (default-clean) @ avans-session ---
[INFO] Deleting /home/gabsko/breaking-updates/avans-session/target
[INFO] 
[INFO] --- maven-resources-plugin:2.6:resources (default-resources) @ avans-session ---
[INFO] Using 'UTF-8' encoding to copy filtered resources.
[INFO] skip non existing resourceDirectory /home/gabsko/breaking-updates/avans-session/src/main/resources
[INFO] 
[INFO] --- maven-compiler-plugin:3.10.1:compile (default-compile) @ avans-session ---
[INFO] Changes detected - recompiling the module!
[INFO] Compiling 11 source files to /home/gabsko/breaking-updates/avans-session/target/classes
[INFO] 
[INFO] --- maven-resources-plugin:2.6:testResources (default-testResources) @ avans-session ---
[INFO] Using 'UTF-8' encoding to copy filtered resources.
[INFO] skip non existing resourceDirectory /home/gabsko/breaking-updates/avans-session/src/test/resources
[INFO] 
[INFO] --- maven-compiler-plugin:3.10.1:testCompile (default-testCompile) @ avans-session ---
[INFO] Changes detected - recompiling the module!
[INFO] Compiling 4 source files to /home/gabsko/breaking-updates/avans-session/target/test-classes
[INFO] /home/gabsko/breaking-updates/avans-session/src/test/java/me/geso/avans/session/DefaultXSRFTokenCookieFactoryTest.java: Some input files use or override a deprecated API.
[INFO] /home/gabsko/breaking-updates/avans-session/src/test/java/me/geso/avans/session/DefaultXSRFTokenCookieFactoryTest.java: Recompile with -Xlint:deprecation for details.
[INFO] 
[INFO] --- maven-surefire-plugin:2.5:test (default-test) @ avans-session ---
[INFO] Surefire report directory: /home/gabsko/breaking-updates/avans-session/target/surefire-reports

-------------------------------------------------------
 T E S T S
-------------------------------------------------------
Running me.geso.avans.session.DefaultSessionCookieFactoryTest
Tests run: 1, Failures: 0, Errors: 0, Skipped: 0, Time elapsed: 0.063 sec
Running me.geso.avans.session.SecureRandomSessionIDGeneratorTest
O2VkVrcipYDGoh2PVyd3APWpS6tlUrhN
Pj8KiNZq6Ii3Mm32PtId81o69G79Or4U
d-kPTKhKKHNDnrZ6LMOHginG_wysLxH4
kdWRmbgZYkLJOLbziMDqSL_xjoSG_Z6z
z3ssLcSoJ93QgBvgO1kjXZUUXnTFUE0M
68dWzbus11NrytdQG1_EQcuotMPGk3QS
pU8WhdDQEfGV1Dq_vtlI7YXVDjS74vqW
jxah-zqFcdsG5q4ehwzbgHha56jc0gRW
wU8EfrvpXq6Xda-j1ZbGht8FBK9vS20o
ubEXjXaG_FArVp0BNdu15fjI5bUcuIkW
ZegOBopytSQnCtWupMR5hVT5N2CcPWeJ
OhLqVZRVxP0N2KGIel46WQCzSV2pC9e8
eOEoa9DbKD0N2mgOnZyBJt-ijVVFeCML
Z2-lhZD8IBaVvLHSRuE60cnwvfbDamca
U871XBaZ-oSA8P0VZphsRDDA2IrQZZrt
GBZuhFVio6F3L9EzMBCTRXnYGPUT5n-y
5raRvD-iZJFC-0nxUaD6dPh0oAWcwr1l
MuwearZz6WK2jaXxwA58-2ux0apDM83-
4Fm2ZL99g8Ted2FV7neeFg6RfxZ4yB-P
D2NSkIZnuYxI7LmULDRb4gsxkBap0jcZ
_0QX54cs3sn0gL1dK3X7gzV6HHnOtM_r
oDd7mdTN6iIoVAiKJDCqYJuMCrgGX5Bz
mkCfueqmlZFhIZbj27kpj_t5P0BT2fS1
WMRmRZSQUej1SwF-Au4nS2DzijaOaeBZ
ORtqWdHPvBvqDaFweJazkhmRViEiQ8JH
NPi9TaQJFj1a_ZWFKB8Xt2B5ITnmxBHw
i0VjksD-5cVYGGgX8wA_IH2mu2NiX5U2
bQW-uU3ckCmxNuWRaikQneWXuJYcgvHb
-HxyhxGWJK5WEOprbEB1GJaycXRQnQ4y
KklCETfCykdJy3R12ZqtS-jxZwdPttGa
TJ_AevmaKPPY4VuZte5GKBXxbw0kw178
gj7XcW1TuvrBeUodHWKlc43-vt-HvwhP
ao35MDaVWDn2If-r8fcHOtl3zC9gthqg
J2YdtwbUWVqcaFzZ2dN2e8erJLHDy-TE
y5trMHiBrEu9cp3ptcNvDmUjYEr0bLqU
yH98xAFdD4cGsGmM2G2KhgmGdozoHde0
cJrrO-FnJn0pKRG0ZoRPFK0QhLDfuGdb
rIGBbJ6e4C7XnMyoA23YTXI70KDGS_OZ
1Y7k0UeIO8cFX1tB_K85Xt9RHBSX387U
qqidHF51pBvQW5thdyhI1xflh8z1gkdR
XQm-0NkS42Tba7aXZDlKqFRmnfJ5_nZ9
dNErOfpJZ2_8zOcZsU5eyZUPBAVhTorF
bw1JtCAGdt3tq6l3Ee8TQ-S8GjnnY1jU
UAqNd7pK84CvtaauO8nYgze-63tDJs0e
JZ-XTFPl5xLcr8VpLmrjg_FJDuV9A_uF
oVxNyY0tbYV25SRVE14_qVO4_MKUYUfW
2cA42zXYS1QVHamXvaOyBB6F-PDHjoN7
AjQAQZ1-0NkWOD4lGf0IWhYyvJRjdAg_
-wHz_Wo77L7VXcjMfruoGD8Ifwbai5fU
QGXNegCSeGVlX5_UcKeyyllJ7DV_YfJF
uct61c3P60Aztjqvi8I7p9-Uv5acisYv
8Eh_VF0TpjOFomK60YLtIFEtSo_OjXKM
CcUaLsWDEJjxrGPDGRFhz4Y7zWsVHT5N
XsD9vJnb1qJssK826OrFKAdAAuHwFUCf
DXRM4LlYN2Li2ZHJRDjk0z-KqlZydvFW
vXQDzuctWNvaie_KizI-uz7dnWKCLajn
evV_VhBaFwDtgV6OrcKzlsNTf4yGE2ZX
OeLGmlCvhzZYfiVmpsSbsbXqkLGh_TdW
2dkMox9GKHFZ7zX9rv0jEZ2vSf5BkkmX
1NWb0_S5ddXniQ1RhjAToDbGkc73P2Gv
pcm7BhhcnsxLYQZ0q_QJA9GqtM8_sa3u
E0QsAavb1WBou1IHTlGdm5EiCbToG7UN
9yvU5ozlWNuMyZkWSyPFbbMCdqb5VpAm
4wxg0qMsuxs31Ck3rCggi_a9ksHwNLnO
WEqlF51oSZ5mc34L3qES3Q_ra695nzLp
3GRcUDcUIm_XyuZvGEmC3QtgIzCG4i1q
MGaKTGMMrUqBQx2al0t8kPYmbDKieOR0
h5caGvNoSnv7I7cib3UxoGBOMt5oMG6V
1rwah3P2JPCXydmKU_Qb3MMSTMLplJVN
4mttJh-qBm4QyPdvK2vIKRx9zenDkQBf
b8OdQRy5wVOxZ0LZP96yUnwYHdwQTBC4
ix-w-Zc-ij2M-rOyZlD_rmhh0ZOuP2oL
WhPCPlbIRQCBomohyCSnjrfgORlOx6X1
98IH-dVvI41UZSt2ItNldw2cVX-oXJUJ
0X7Fp8AgYWD8D7LEh1GRAs8_hkCA1Nfe
bsAtRb2koHgN7jLrofQIrd-zulRx02n-
4y9ljkAfynqk0LHbEuZcD10VKtFhOM0W
gHjGzYP6HAW7NO--RAGBoJ7CPcDsPlUA
yhvhcV694YyJpMMBMkqH9yYGN-_auJTs
A4bDtRQ4gs7XxKR75QDomjVqqlryx9qo
Ue_6fLYFwbsO7WD2E8PkxS8ao75d1Ryv
G8xx1eMnOjVJGK_BvQVRLZF4I9PJyVoq
0olvZtLb8X-Gdbz44cmg7HRSri-e6k1n
qokq0pvhXA6BWtto3I7O6v7Wf1bCUBAL
KT0yIqKJc8excmCR7DvwK_HQptsZwwHC
629haDJmiXm-2GSA_GkWh2DKHGJSVbcz
PZn1ZZJpbVGXIXe-5SQj0fC-IFbU1Djb
KCxh-ejRcNA5c_a4a49t491sE_4l4W54
t8LYXaUOIA9TXHVGfDNYp2kHzLgWBKdf
LuOQ0xLeAQKFKyeT2jKMxWE28IhOvGNK
HUxB2Js9sc-jwB_BW3xMyl1O8Zd0rBJc
MvyfELY_tARMW2i21QXaGzB5w2s_TWXt
ymdOPRFQKki7G_NVZhj25LgUN-zDpYrB
CsYlfpfVzi7JV_BegGwexH77-fNpAFLQ
YMvj6_q3tmjlA0SH0j8H7WTfBzoa96JE
36rELLUOUdxH88_5BJ-bDi1idb0MQVUX
6gfFjdvBIwEpYKMDvdHWH2b4hl9DrNaA
bZ3E8X-EVwZlPzpg0gwK_qr-LL4Q_3q2
S26h-Xc2wHdjY-Y-f2SSa2Bc7Now7wsu
SwcX9MT-LZZ8tLlDg5j4TFqpH2XAxvnI
Tests run: 1, Failures: 0, Errors: 0, Skipped: 0, Time elapsed: 0.014 sec
Running me.geso.avans.session.DefaultXSRFTokenCookieFactoryTest
aQdwvcP2urhxvtkZFVMbIxHD7C8=
Tests run: 1, Failures: 0, Errors: 0, Skipped: 0, Time elapsed: 0.026 sec
Running me.geso.avans.session.SessionMixinTest
[main] INFO me.geso.avans.Dispatcher - Registering class: class me.geso.avans.session.SessionMixinTest$MyController
[main] INFO me.geso.avans.Dispatcher - POST /counter
[main] INFO me.geso.avans.Dispatcher - GET /getSessionID
[main] INFO me.geso.avans.Dispatcher - GET /getXSRFToken
[main] INFO me.geso.avans.Dispatcher - GET /expire
[main] INFO org.eclipse.jetty.util.log - Logging initialized @302ms
[main] INFO org.eclipse.jetty.server.Server - jetty-9.2.3.v20140905
[main] INFO org.eclipse.jetty.server.handler.ContextHandler - Started o.e.j.s.ServletContextHandler@197d671{/,null,AVAILABLE}
[main] INFO org.eclipse.jetty.server.ServerConnector - Started ServerConnector@7c469c48{HTTP/1.1}{0.0.0.0:37163}
[main] INFO org.eclipse.jetty.server.Server - Started @366ms
[main] INFO me.geso.mech2.Mech2 - http://127.0.0.1:37163/counter: HTTP/1.1 200 OK, 0.25 secs
Set-Cookie: avans_session_id=bqdxT61YmH6vCbYf-EP1V6WThjxzYW-w;Path=/;Expires=Thu, 19-Jan-2023 12:15:18 GMT;HttpOnly
[main] INFO me.geso.mech2.Mech2 - http://127.0.0.1:37163/counter: HTTP/1.1 200 OK, 0.013 secs
[main] INFO me.geso.mech2.Mech2 - http://127.0.0.1:37163/getSessionID: HTTP/1.1 200 OK, 0.004 secs
[main] INFO me.geso.mech2.Mech2 - http://127.0.0.1:37163/counter: HTTP/1.1 200 OK, 0.005 secs
[main] INFO me.geso.mech2.Mech2 - http://127.0.0.1:37163/getSessionID: HTTP/1.1 200 OK, 0.005 secs
[main] INFO me.geso.mech2.Mech2 - http://127.0.0.1:37163/getXSRFToken: HTTP/1.1 200 OK, 0.005 secs
[main] INFO me.geso.mech2.Mech2 - http://127.0.0.1:37163/getXSRFToken: HTTP/1.1 200 OK, 0.005 secs
[main] INFO me.geso.mech2.Mech2 - http://127.0.0.1:37163/expire: HTTP/1.1 200 OK, 0.003 secs
[main] INFO me.geso.mech2.Mech2 - http://127.0.0.1:37163/counter: HTTP/1.1 200 OK, 0.005 secs
[main] INFO me.geso.mech2.Mech2 - http://127.0.0.1:37163/getXSRFToken: HTTP/1.1 200 OK, 0.004 secs
[main] INFO me.geso.mech2.Mech2 - http://127.0.0.1:37163/counter: HTTP/1.1 200 OK, 0.005 secs
[main] INFO org.eclipse.jetty.server.ServerConnector - Stopped ServerConnector@7c469c48{HTTP/1.1}{0.0.0.0:0}
[main] INFO org.eclipse.jetty.server.handler.ContextHandler - Stopped o.e.j.s.ServletContextHandler@197d671{/,null,UNAVAILABLE}
Tests run: 1, Failures: 0, Errors: 0, Skipped: 0, Time elapsed: 0.536 sec

Results :

Tests run: 4, Failures: 0, Errors: 0, Skipped: 0

[INFO] 
[INFO] -----------------< me.geso:avans-session-spymemcached >-----------------
[INFO] Building avans-session-spymemcached 2.5.1-SNAPSHOT                 [7/8]
[INFO] --------------------------------[ jar ]---------------------------------
[INFO] 
[INFO] --- maven-clean-plugin:2.5:clean (default-clean) @ avans-session-spymemcached ---
[INFO] Deleting /home/gabsko/breaking-updates/avans-session-spymemcached/target
[INFO] 
[INFO] --- maven-resources-plugin:2.6:resources (default-resources) @ avans-session-spymemcached ---
[INFO] Using 'UTF-8' encoding to copy filtered resources.
[INFO] skip non existing resourceDirectory /home/gabsko/breaking-updates/avans-session-spymemcached/src/main/resources
[INFO] 
[INFO] --- maven-compiler-plugin:3.10.1:compile (default-compile) @ avans-session-spymemcached ---
[INFO] Changes detected - recompiling the module!
[INFO] Compiling 1 source file to /home/gabsko/breaking-updates/avans-session-spymemcached/target/classes
[INFO] 
[INFO] --- maven-resources-plugin:2.6:testResources (default-testResources) @ avans-session-spymemcached ---
[INFO] Using 'UTF-8' encoding to copy filtered resources.
[INFO] skip non existing resourceDirectory /home/gabsko/breaking-updates/avans-session-spymemcached/src/test/resources
[INFO] 
[INFO] --- maven-compiler-plugin:3.10.1:testCompile (default-testCompile) @ avans-session-spymemcached ---
[INFO] Changes detected - recompiling the module!
[INFO] Compiling 2 source files to /home/gabsko/breaking-updates/avans-session-spymemcached/target/test-classes
[INFO] /home/gabsko/breaking-updates/avans-session-spymemcached/src/test/java/me/geso/avans/session/spymemcached/SpyMemcachedSessionStoreTest.java: /home/gabsko/breaking-updates/avans-session-spymemcached/src/test/java/me/geso/avans/session/spymemcached/SpyMemcachedSessionStoreTest.java uses or overrides a deprecated API.
[INFO] /home/gabsko/breaking-updates/avans-session-spymemcached/src/test/java/me/geso/avans/session/spymemcached/SpyMemcachedSessionStoreTest.java: Recompile with -Xlint:deprecation for details.
[INFO] 
[INFO] --- maven-surefire-plugin:2.5:test (default-test) @ avans-session-spymemcached ---
[INFO] Surefire report directory: /home/gabsko/breaking-updates/avans-session-spymemcached/target/surefire-reports

-------------------------------------------------------
 T E S T S
-------------------------------------------------------
Running me.geso.avans.session.spymemcached.SpyMemcachedSessionStoreTest
[main] INFO com.thimbleware.jmemcached.MemCacheDaemon - Listening on localhost:11211
2023-01-18 12:15:19.142 INFO net.spy.memcached.MemcachedConnection:  Setting retryQueueSize to -1
2023-01-18 12:15:19.145 INFO net.spy.memcached.MemcachedConnection:  Added {QA sa=localhost/127.0.0.1:11211, #Rops=0, #Wops=0, #iq=0, topRop=null, topWop=null, toWrite=0, interested=0} to connect queue
[New I/O server worker #1-1] INFO com.thimbleware.jmemcached.protocol.MemcachedCommandHandler - SET com.thimbleware.jmemcached.Key@f0a72e90
[main] INFO me.geso.avans.Dispatcher - Registering class: class me.geso.avans.session.spymemcached.SpyMemcachedSessionStoreTest$MyController
[main] INFO me.geso.avans.Dispatcher - GET /
[main] INFO org.eclipse.jetty.util.log - Logging initialized @514ms
[main] INFO org.eclipse.jetty.server.Server - jetty-9.2.3.v20140905
[main] INFO org.eclipse.jetty.server.handler.ContextHandler - Started o.e.j.s.ServletContextHandler@5a59ca5e{/,null,AVAILABLE}
[main] INFO org.eclipse.jetty.server.ServerConnector - Started ServerConnector@2ab4bc72{HTTP/1.1}{0.0.0.0:38033}
[main] INFO org.eclipse.jetty.server.Server - Started @564ms
2023-01-18 12:15:19.616 INFO net.spy.memcached.MemcachedConnection:  Setting retryQueueSize to -1
2023-01-18 12:15:19.617 INFO net.spy.memcached.MemcachedConnection:  Added {QA sa=/127.0.0.1:11211, #Rops=0, #Wops=0, #iq=0, topRop=null, topWop=null, toWrite=0, interested=0} to connect queue
[qtp224100622-40] ERROR avans.exception.RootCause - GET, /, Apache-HttpClient/4.5.13 (Java/11.0.17), 127.0.0.1, class java.lang.NoSuchMethodError: 'com.fasterxml.jackson.core.json.JsonWriteContext com.fasterxml.jackson.dataformat.cbor.CBORGenerator.getOutputContext()' at com.fasterxml.jackson.dataformat.cbor.CBORGenerator.close(CBORGenerator.java:783)
[qtp224100622-40] ERROR avans.exception.StackTrace - class java.lang.NoSuchMethodError: 'com.fasterxml.jackson.core.json.JsonWriteContext com.fasterxml.jackson.dataformat.cbor.CBORGenerator.getOutputContext()'
java.lang.reflect.InvocationTargetException
	at java.base/jdk.internal.reflect.NativeMethodAccessorImpl.invoke0(Native Method)
	at java.base/jdk.internal.reflect.NativeMethodAccessorImpl.invoke(NativeMethodAccessorImpl.java:62)
	at java.base/jdk.internal.reflect.DelegatingMethodAccessorImpl.invoke(DelegatingMethodAccessorImpl.java:43)
	at java.base/java.lang.reflect.Method.invoke(Method.java:566)
	at me.geso.avans.ControllerBase.invoke(ControllerBase.java:207)
	at me.geso.avans.Dispatcher.runController(Dispatcher.java:128)
	at me.geso.avans.Dispatcher.handler(Dispatcher.java:117)
	at me.geso.avans.AvansServlet.service(AvansServlet.java:107)
	at org.eclipse.jetty.servlet.ServletHolder.handle(ServletHolder.java:769)
	at org.eclipse.jetty.servlet.ServletHandler.doHandle(ServletHandler.java:585)
	at org.eclipse.jetty.server.session.SessionHandler.doHandle(SessionHandler.java:221)
	at org.eclipse.jetty.server.handler.ContextHandler.doHandle(ContextHandler.java:1125)
	at org.eclipse.jetty.servlet.ServletHandler.doScope(ServletHandler.java:515)
	at org.eclipse.jetty.server.session.SessionHandler.doScope(SessionHandler.java:185)
	at org.eclipse.jetty.server.handler.ContextHandler.doScope(ContextHandler.java:1059)
	at org.eclipse.jetty.server.handler.ScopedHandler.handle(ScopedHandler.java:141)
	at org.eclipse.jetty.server.handler.HandlerWrapper.handle(HandlerWrapper.java:97)
	at org.eclipse.jetty.server.Server.handle(Server.java:497)
	at org.eclipse.jetty.server.HttpChannel.handle(HttpChannel.java:311)
	at org.eclipse.jetty.server.HttpConnection.onFillable(HttpConnection.java:248)
	at org.eclipse.jetty.io.AbstractConnection$2.run(AbstractConnection.java:540)
	at org.eclipse.jetty.util.thread.QueuedThreadPool.runJob(QueuedThreadPool.java:610)
	at org.eclipse.jetty.util.thread.QueuedThreadPool$3.run(QueuedThreadPool.java:539)
	at java.base/java.lang.Thread.run(Thread.java:829)
Caused by: java.lang.NoSuchMethodError: 'com.fasterxml.jackson.core.json.JsonWriteContext com.fasterxml.jackson.dataformat.cbor.CBORGenerator.getOutputContext()'
	at com.fasterxml.jackson.dataformat.cbor.CBORGenerator.close(CBORGenerator.java:783)
	at com.fasterxml.jackson.databind.ObjectMapper._configAndWriteValue(ObjectMapper.java:2820)
	at com.fasterxml.jackson.databind.ObjectMapper.writeValueAsBytes(ObjectMapper.java:2299)
	at me.geso.avans.session.spymemcached.SpyMemcachedSessionStore.save(SpyMemcachedSessionStore.java:84)
	at me.geso.avans.session.DefaultWebSessionManager.responseFilter(DefaultWebSessionManager.java:232)
	at me.geso.avans.session.SessionMixin.responseFilter(SessionMixin.java:31)
	... 24 more

[main] INFO org.eclipse.jetty.server.ServerConnector - Stopped ServerConnector@2ab4bc72{HTTP/1.1}{0.0.0.0:0}
[main] INFO org.eclipse.jetty.server.handler.ContextHandler - Stopped o.e.j.s.ServletContextHandler@5a59ca5e{/,null,UNAVAILABLE}
[New I/O server worker #1-1] INFO com.thimbleware.jmemcached.protocol.MemcachedCommandHandler - GET com.thimbleware.jmemcached.Key@eaee2b98
[main] INFO com.thimbleware.jmemcached.MemCacheDaemon - terminating daemon; closing all channels
[main] INFO com.thimbleware.jmemcached.MemCacheDaemon - channels closed, freeing cache storage
[main] INFO com.thimbleware.jmemcached.MemCacheDaemon - successfully shut down
Tests run: 4, Failures: 1, Errors: 2, Skipped: 0, Time elapsed: 0.731 sec <<< FAILURE!

Results :

Failed tests: 
  testIntegration(me.geso.avans.session.spymemcached.SpyMemcachedSessionStoreTest)

Tests in error: 
  test(me.geso.avans.session.spymemcached.SpyMemcachedSessionStoreTest)
  testRemove(me.geso.avans.session.spymemcached.SpyMemcachedSessionStoreTest)

Tests run: 4, Failures: 1, Errors: 2, Skipped: 0

[INFO] ------------------------------------------------------------------------
[INFO] Reactor Summary for avans :: parent 2.5.1-SNAPSHOT:
[INFO] 
[INFO] avans :: parent .................................... SUCCESS [  0.109 s]
[INFO] avans .............................................. SUCCESS [  5.240 s]
[INFO] avans-jmh .......................................... SUCCESS [  0.435 s]
[INFO] avans-freemarker ................................... SUCCESS [  1.169 s]
[INFO] avans-tinyvalidator ................................ SUCCESS [  1.336 s]
[INFO] avans-session ...................................... SUCCESS [  1.278 s]
[INFO] avans-session-spymemcached ......................... FAILURE [  1.659 s]
[INFO] avans-setup ........................................ SKIPPED
[INFO] ------------------------------------------------------------------------
[INFO] BUILD FAILURE
[INFO] ------------------------------------------------------------------------
[INFO] Total time:  11.574 s
[INFO] Finished at: 2023-01-18T12:15:20Z
[INFO] ------------------------------------------------------------------------
[ERROR] Failed to execute goal org.apache.maven.plugins:maven-surefire-plugin:2.5:test (default-test) on project avans-session-spymemcached: There are test failures.
[ERROR] 
[ERROR] Please refer to /home/gabsko/breaking-updates/avans-session-spymemcached/target/surefire-reports for the individual test results.
[ERROR] -> [Help 1]
[ERROR] 
[ERROR] To see the full stack trace of the errors, re-run Maven with the -e switch.
[ERROR] Re-run Maven using the -X switch to enable full debug logging.
[ERROR] 
[ERROR] For more information about the errors and possible solutions, please read the following articles:
[ERROR] [Help 1] http://cwiki.apache.org/confluence/display/MAVEN/MojoFailureException
[ERROR] 
[ERROR] After correcting the problems, you can resume the build with the command
[ERROR]   mvn <args> -rf :avans-session-spymemcached
