[INFO] Scanning for projects...
[INFO] 
[INFO] -----------------------< com.sqlancer:sqlancer >------------------------
[INFO] Building SQLancer 1.1.0
[INFO] --------------------------------[ jar ]---------------------------------
[INFO] 
[INFO] --- maven-clean-plugin:2.5:clean (default-clean) @ sqlancer ---
[INFO] Deleting /home/gabsko/breaking-updates/target
[INFO] 
[INFO] --- jacoco-maven-plugin:0.8.6:prepare-agent (default) @ sqlancer ---
[INFO] argLine set to -javaagent:/home/gabsko/.m2/repository/org/jacoco/org.jacoco.agent/0.8.6/org.jacoco.agent-0.8.6-runtime.jar=destfile=/home/gabsko/breaking-updates/target/jacoco.exec
[INFO] 
[INFO] --- maven-resources-plugin:2.6:resources (default-resources) @ sqlancer ---
[INFO] Using 'UTF-8' encoding to copy filtered resources.
[INFO] skip non existing resourceDirectory /home/gabsko/breaking-updates/src/main/resources
[INFO] 
[INFO] --- maven-compiler-plugin:3.8.1:compile (default-compile) @ sqlancer ---
[INFO] Changes detected - recompiling the module!
[INFO] 
[INFO] --- maven-resources-plugin:2.6:testResources (default-testResources) @ sqlancer ---
[INFO] Using 'UTF-8' encoding to copy filtered resources.
[INFO] skip non existing resourceDirectory /home/gabsko/breaking-updates/src/test/resources
[INFO] 
[INFO] --- maven-compiler-plugin:3.8.1:testCompile (default-testCompile) @ sqlancer ---
[INFO] Changes detected - recompiling the module!
[INFO] 
[INFO] --- maven-surefire-plugin:2.22.2:test (default-test) @ sqlancer ---
[INFO] 
[INFO] -------------------------------------------------------
[INFO]  T E S T S
[INFO] -------------------------------------------------------
[INFO] Running sqlancer.pqs.sqlite.cast.TestCastToInt
[INFO] Tests run: 13, Failures: 0, Errors: 0, Skipped: 0, Time elapsed: 0.042 s - in sqlancer.pqs.sqlite.cast.TestCastToInt
[INFO] Running sqlancer.pqs.sqlite.cast.TestCastToBoolean
[INFO] Tests run: 1, Failures: 0, Errors: 0, Skipped: 0, Time elapsed: 0 s - in sqlancer.pqs.sqlite.cast.TestCastToBoolean
[INFO] Running sqlancer.pqs.sqlite.cast.TestCastToBlob
[INFO] Tests run: 4, Failures: 0, Errors: 0, Skipped: 0, Time elapsed: 0 s - in sqlancer.pqs.sqlite.cast.TestCastToBlob
[INFO] Running sqlancer.pqs.sqlite.cast.TestCastToNumeric
[INFO] Tests run: 3, Failures: 0, Errors: 0, Skipped: 0, Time elapsed: 0 s - in sqlancer.pqs.sqlite.cast.TestCastToNumeric
[INFO] Running sqlancer.TestParameterFormat
[INFO] Tests run: 1, Failures: 0, Errors: 0, Skipped: 0, Time elapsed: 0.074 s - in sqlancer.TestParameterFormat
[INFO] Running sqlancer.TestExpectedErrors
[INFO] Tests run: 3, Failures: 0, Errors: 0, Skipped: 0, Time elapsed: 0.003 s - in sqlancer.TestExpectedErrors
[INFO] Running sqlancer.dbms.TestMySQLTLP
[WARNING] Tests run: 1, Failures: 0, Errors: 0, Skipped: 1, Time elapsed: 0.009 s - in sqlancer.dbms.TestMySQLTLP
[INFO] Running sqlancer.dbms.TestSQLite3
[2023/01/18 11:53:52] Executed 0 queries (0 queries/s; 19.40/s dbs, successful statements: 63%). Threads shut down: 0.
[2023/01/18 11:53:57] Executed 0 queries (0 queries/s; 20.81/s dbs, successful statements: 62%). Threads shut down: 0.
[2023/01/18 11:54:02] Executed 0 queries (0 queries/s; 17.60/s dbs, successful statements: 61%). Threads shut down: 0.
[2023/01/18 11:54:07] Executed 0 queries (0 queries/s; 25.20/s dbs, successful statements: 62%). Threads shut down: 0.
[2023/01/18 11:54:12] Executed 0 queries (0 queries/s; 26.00/s dbs, successful statements: 62%). Threads shut down: 0.
[2023/01/18 11:54:17] Executed 0 queries (0 queries/s; 24.40/s dbs, successful statements: 62%). Threads shut down: 0.
[2023/01/18 11:54:22] Executed 0 queries (0 queries/s; 24.60/s dbs, successful statements: 62%). Threads shut down: 0.
[2023/01/18 11:54:27] Executed 0 queries (0 queries/s; 21.80/s dbs, successful statements: 62%). Threads shut down: 0.
[2023/01/18 11:54:32] Executed 0 queries (0 queries/s; 25.00/s dbs, successful statements: 61%). Threads shut down: 0.
[2023/01/18 11:54:37] Executed 0 queries (0 queries/s; 22.40/s dbs, successful statements: 61%). Threads shut down: 0.
[2023/01/18 11:54:42] Executed 0 queries (0 queries/s; 23.60/s dbs, successful statements: 61%). Threads shut down: 0.
[2023/01/18 11:54:47] Executed 0 queries (0 queries/s; 24.40/s dbs, successful statements: 61%). Threads shut down: 0.
[2023/01/18 11:54:52] Executed 0 queries (0 queries/s; 24.20/s dbs, successful statements: 61%). Threads shut down: 0.
[2023/01/18 11:54:57] Executed 0 queries (0 queries/s; 23.00/s dbs, successful statements: 61%). Threads shut down: 0.
[2023/01/18 11:55:02] Executed 0 queries (0 queries/s; 15.60/s dbs, successful statements: 61%). Threads shut down: 0.
[2023/01/18 11:55:07] Executed 0 queries (0 queries/s; 18.00/s dbs, successful statements: 61%). Threads shut down: 0.
[2023/01/18 11:55:12] Executed 0 queries (0 queries/s; 23.00/s dbs, successful statements: 60%). Threads shut down: 0.
[2023/01/18 11:55:17] Executed 0 queries (0 queries/s; 24.40/s dbs, successful statements: 61%). Threads shut down: 0.
[2023/01/18 11:55:22] Executed 0 queries (0 queries/s; 29.60/s dbs, successful statements: 61%). Threads shut down: 0.
[2023/01/18 11:55:27] Executed 0 queries (0 queries/s; 29.40/s dbs, successful statements: 61%). Threads shut down: 0.
[2023/01/18 11:55:32] Executed 0 queries (0 queries/s; 28.20/s dbs, successful statements: 61%). Threads shut down: 0.
[2023/01/18 11:55:37] Executed 0 queries (0 queries/s; 27.80/s dbs, successful statements: 61%). Threads shut down: 0.
[2023/01/18 11:55:42] Executed 0 queries (0 queries/s; 16.00/s dbs, successful statements: 61%). Threads shut down: 0.
[2023/01/18 11:55:47] Executed 0 queries (0 queries/s; 21.20/s dbs, successful statements: 61%). Threads shut down: 0.
[2023/01/18 11:55:52] Executed 0 queries (0 queries/s; 23.80/s dbs, successful statements: 61%). Threads shut down: 0.
[2023/01/18 11:55:57] Executed 0 queries (0 queries/s; 19.60/s dbs, successful statements: 61%). Threads shut down: 0.
[2023/01/18 11:56:02] Executed 0 queries (0 queries/s; 20.20/s dbs, successful statements: 61%). Threads shut down: 0.
[2023/01/18 11:56:07] Executed 0 queries (0 queries/s; 27.40/s dbs, successful statements: 61%). Threads shut down: 0.
[2023/01/18 11:56:12] Executed 0 queries (0 queries/s; 16.00/s dbs, successful statements: 61%). Threads shut down: 0.
[2023/01/18 11:56:17] Executed 0 queries (0 queries/s; 28.60/s dbs, successful statements: 61%). Threads shut down: 0.
[2023/01/18 11:56:22] Executed 0 queries (0 queries/s; 32.20/s dbs, successful statements: 61%). Threads shut down: 0.
[2023/01/18 11:56:27] Executed 0 queries (0 queries/s; 23.40/s dbs, successful statements: 61%). Threads shut down: 0.
[2023/01/18 11:56:32] Executed 0 queries (0 queries/s; 26.40/s dbs, successful statements: 61%). Threads shut down: 0.
[2023/01/18 11:56:37] Executed 0 queries (0 queries/s; 28.40/s dbs, successful statements: 61%). Threads shut down: 0.
[2023/01/18 11:56:42] Executed 0 queries (0 queries/s; 20.20/s dbs, successful statements: 61%). Threads shut down: 0.
[2023/01/18 11:56:47] Executed 0 queries (0 queries/s; 21.20/s dbs, successful statements: 61%). Threads shut down: 0.
[2023/01/18 11:56:52] Executed 0 queries (0 queries/s; 25.60/s dbs, successful statements: 61%). Threads shut down: 0.
[2023/01/18 11:56:57] Executed 0 queries (0 queries/s; 21.80/s dbs, successful statements: 61%). Threads shut down: 0.
[2023/01/18 11:57:02] Executed 0 queries (0 queries/s; 21.40/s dbs, successful statements: 61%). Threads shut down: 0.
[2023/01/18 11:57:07] Executed 0 queries (0 queries/s; 25.00/s dbs, successful statements: 61%). Threads shut down: 0.
[2023/01/18 11:57:12] Executed 0 queries (0 queries/s; 18.00/s dbs, successful statements: 61%). Threads shut down: 0.
[2023/01/18 11:57:17] Executed 0 queries (0 queries/s; 19.20/s dbs, successful statements: 61%). Threads shut down: 0.
[2023/01/18 11:57:22] Executed 0 queries (0 queries/s; 20.00/s dbs, successful statements: 61%). Threads shut down: 0.
[2023/01/18 11:57:27] Executed 0 queries (0 queries/s; 21.60/s dbs, successful statements: 61%). Threads shut down: 0.
[2023/01/18 11:57:32] Executed 0 queries (0 queries/s; 14.20/s dbs, successful statements: 60%). Threads shut down: 0.
[2023/01/18 11:57:37] Executed 0 queries (0 queries/s; 21.00/s dbs, successful statements: 60%). Threads shut down: 0.
[2023/01/18 11:57:42] Executed 0 queries (0 queries/s; 14.20/s dbs, successful statements: 60%). Threads shut down: 0.
[2023/01/18 11:57:47] Executed 0 queries (0 queries/s; 24.60/s dbs, successful statements: 60%). Threads shut down: 0.
[2023/01/18 11:57:52] Executed 0 queries (0 queries/s; 26.20/s dbs, successful statements: 60%). Threads shut down: 0.
[2023/01/18 11:57:57] Executed 0 queries (0 queries/s; 25.40/s dbs, successful statements: 60%). Threads shut down: 0.
[2023/01/18 11:58:02] Executed 0 queries (0 queries/s; 17.60/s dbs, successful statements: 60%). Threads shut down: 0.
[2023/01/18 11:58:07] Executed 0 queries (0 queries/s; 24.00/s dbs, successful statements: 60%). Threads shut down: 0.
[2023/01/18 11:58:12] Executed 0 queries (0 queries/s; 27.20/s dbs, successful statements: 60%). Threads shut down: 0.
[2023/01/18 11:58:17] Executed 0 queries (0 queries/s; 18.20/s dbs, successful statements: 60%). Threads shut down: 0.
[2023/01/18 11:58:22] Executed 0 queries (0 queries/s; 24.80/s dbs, successful statements: 60%). Threads shut down: 0.
[2023/01/18 11:58:27] Executed 0 queries (0 queries/s; 29.40/s dbs, successful statements: 60%). Threads shut down: 0.
[2023/01/18 11:58:32] Executed 0 queries (0 queries/s; 22.40/s dbs, successful statements: 60%). Threads shut down: 0.
[2023/01/18 11:58:37] Executed 0 queries (0 queries/s; 25.80/s dbs, successful statements: 60%). Threads shut down: 0.
[2023/01/18 11:58:42] Executed 0 queries (0 queries/s; 27.00/s dbs, successful statements: 60%). Threads shut down: 0.
[2023/01/18 11:58:47] Executed 0 queries (0 queries/s; 21.40/s dbs, successful statements: 60%). Threads shut down: 0.
[INFO] Tests run: 1, Failures: 0, Errors: 0, Skipped: 0, Time elapsed: 300.679 s - in sqlancer.dbms.TestSQLite3
[INFO] Running sqlancer.dbms.TestCitus
[WARNING] Tests run: 1, Failures: 0, Errors: 0, Skipped: 1, Time elapsed: 0 s - in sqlancer.dbms.TestCitus
[INFO] Running sqlancer.dbms.TestPostgres
[WARNING] Tests run: 2, Failures: 0, Errors: 0, Skipped: 2, Time elapsed: 0.001 s - in sqlancer.dbms.TestPostgres
[INFO] Running sqlancer.dbms.TestDuckDB
[2023/01/18 11:58:52] Executed 0 queries (0 queries/s; 23.20/s dbs, successful statements: 60%). Threads shut down: 0.
[2023/01/18 11:58:57] Executed 0 queries (0 queries/s; 15.00/s dbs, successful statements: 60%). Threads shut down: 0.
[2023/01/18 11:59:02] Executed 0 queries (0 queries/s; 24.40/s dbs, successful statements: 60%). Threads shut down: 0.
[2023/01/18 11:59:07] Executed 0 queries (0 queries/s; 31.00/s dbs, successful statements: 60%). Threads shut down: 0.
[2023/01/18 11:59:12] Executed 0 queries (0 queries/s; 35.60/s dbs, successful statements: 60%). Threads shut down: 0.
[2023/01/18 11:59:17] Executed 0 queries (0 queries/s; 27.20/s dbs, successful statements: 60%). Threads shut down: 0.
[2023/01/18 11:59:22] Executed 0 queries (0 queries/s; 25.20/s dbs, successful statements: 60%). Threads shut down: 0.
[2023/01/18 11:59:27] Executed 0 queries (0 queries/s; 22.00/s dbs, successful statements: 60%). Threads shut down: 0.
[2023/01/18 11:59:32] Executed 0 queries (0 queries/s; 30.20/s dbs, successful statements: 59%). Threads shut down: 0.
[2023/01/18 11:59:37] Executed 0 queries (0 queries/s; 32.40/s dbs, successful statements: 59%). Threads shut down: 0.
[2023/01/18 11:59:42] Executed 0 queries (0 queries/s; 26.60/s dbs, successful statements: 59%). Threads shut down: 0.
[2023/01/18 11:59:47] Executed 0 queries (0 queries/s; 20.60/s dbs, successful statements: 59%). Threads shut down: 0.
[2023/01/18 11:59:52] Executed 0 queries (0 queries/s; 21.00/s dbs, successful statements: 59%). Threads shut down: 0.
[2023/01/18 11:59:57] Executed 0 queries (0 queries/s; 25.80/s dbs, successful statements: 59%). Threads shut down: 0.
[2023/01/18 12:00:02] Executed 0 queries (0 queries/s; 20.60/s dbs, successful statements: 59%). Threads shut down: 0.
[2023/01/18 12:00:07] Executed 0 queries (0 queries/s; 24.40/s dbs, successful statements: 59%). Threads shut down: 0.
[2023/01/18 12:00:12] Executed 0 queries (0 queries/s; 25.80/s dbs, successful statements: 59%). Threads shut down: 0.
[2023/01/18 12:00:17] Executed 0 queries (0 queries/s; 22.40/s dbs, successful statements: 59%). Threads shut down: 0.
[2023/01/18 12:00:22] Executed 0 queries (0 queries/s; 27.40/s dbs, successful statements: 59%). Threads shut down: 0.
[2023/01/18 12:00:27] Executed 0 queries (0 queries/s; 22.40/s dbs, successful statements: 59%). Threads shut down: 0.
[2023/01/18 12:00:32] Executed 0 queries (0 queries/s; 26.00/s dbs, successful statements: 59%). Threads shut down: 0.
[2023/01/18 12:00:37] Executed 0 queries (0 queries/s; 29.00/s dbs, successful statements: 59%). Threads shut down: 0.
[2023/01/18 12:00:42] Executed 0 queries (0 queries/s; 23.20/s dbs, successful statements: 59%). Threads shut down: 0.
[2023/01/18 12:00:47] Executed 0 queries (0 queries/s; 26.00/s dbs, successful statements: 58%). Threads shut down: 0.
[2023/01/18 12:00:52] Executed 0 queries (0 queries/s; 20.40/s dbs, successful statements: 58%). Threads shut down: 0.
[2023/01/18 12:00:57] Executed 0 queries (0 queries/s; 26.80/s dbs, successful statements: 58%). Threads shut down: 0.
[2023/01/18 12:01:02] Executed 0 queries (0 queries/s; 35.40/s dbs, successful statements: 58%). Threads shut down: 0.
[2023/01/18 12:01:07] Executed 0 queries (0 queries/s; 23.40/s dbs, successful statements: 58%). Threads shut down: 0.
[2023/01/18 12:01:12] Executed 0 queries (0 queries/s; 28.20/s dbs, successful statements: 58%). Threads shut down: 0.
[2023/01/18 12:01:17] Executed 0 queries (0 queries/s; 22.40/s dbs, successful statements: 58%). Threads shut down: 0.
[2023/01/18 12:01:22] Executed 0 queries (0 queries/s; 26.40/s dbs, successful statements: 58%). Threads shut down: 0.
[2023/01/18 12:01:27] Executed 0 queries (0 queries/s; 18.20/s dbs, successful statements: 58%). Threads shut down: 0.
[2023/01/18 12:01:32] Executed 0 queries (0 queries/s; 26.20/s dbs, successful statements: 58%). Threads shut down: 0.
[2023/01/18 12:01:37] Executed 0 queries (0 queries/s; 19.00/s dbs, successful statements: 58%). Threads shut down: 0.
[2023/01/18 12:01:42] Executed 0 queries (0 queries/s; 26.80/s dbs, successful statements: 58%). Threads shut down: 0.
[2023/01/18 12:01:47] Executed 0 queries (0 queries/s; 27.80/s dbs, successful statements: 58%). Threads shut down: 0.
[2023/01/18 12:01:52] Executed 0 queries (0 queries/s; 23.20/s dbs, successful statements: 58%). Threads shut down: 0.
[2023/01/18 12:01:57] Executed 0 queries (0 queries/s; 27.00/s dbs, successful statements: 58%). Threads shut down: 0.
[2023/01/18 12:02:02] Executed 0 queries (0 queries/s; 24.40/s dbs, successful statements: 58%). Threads shut down: 0.
[2023/01/18 12:02:07] Executed 0 queries (0 queries/s; 29.20/s dbs, successful statements: 58%). Threads shut down: 0.
[2023/01/18 12:02:12] Executed 0 queries (0 queries/s; 30.80/s dbs, successful statements: 58%). Threads shut down: 0.
[2023/01/18 12:02:17] Executed 0 queries (0 queries/s; 20.00/s dbs, successful statements: 58%). Threads shut down: 0.
[2023/01/18 12:02:22] Executed 0 queries (0 queries/s; 23.20/s dbs, successful statements: 58%). Threads shut down: 0.
[2023/01/18 12:02:27] Executed 0 queries (0 queries/s; 24.00/s dbs, successful statements: 58%). Threads shut down: 0.
[2023/01/18 12:02:32] Executed 0 queries (0 queries/s; 30.40/s dbs, successful statements: 58%). Threads shut down: 0.
[2023/01/18 12:02:37] Executed 0 queries (0 queries/s; 15.00/s dbs, successful statements: 58%). Threads shut down: 0.
[2023/01/18 12:02:42] Executed 0 queries (0 queries/s; 23.00/s dbs, successful statements: 58%). Threads shut down: 0.
[2023/01/18 12:02:47] Executed 0 queries (0 queries/s; 25.00/s dbs, successful statements: 58%). Threads shut down: 0.
[2023/01/18 12:02:52] Executed 0 queries (0 queries/s; 25.60/s dbs, successful statements: 58%). Threads shut down: 0.
[2023/01/18 12:02:57] Executed 0 queries (0 queries/s; 22.00/s dbs, successful statements: 58%). Threads shut down: 0.
[2023/01/18 12:03:02] Executed 0 queries (0 queries/s; 19.40/s dbs, successful statements: 58%). Threads shut down: 0.
[2023/01/18 12:03:07] Executed 0 queries (0 queries/s; 27.00/s dbs, successful statements: 58%). Threads shut down: 0.
[2023/01/18 12:03:12] Executed 0 queries (0 queries/s; 28.60/s dbs, successful statements: 58%). Threads shut down: 0.
[2023/01/18 12:03:17] Executed 0 queries (0 queries/s; 25.60/s dbs, successful statements: 58%). Threads shut down: 0.
[2023/01/18 12:03:22] Executed 0 queries (0 queries/s; 23.80/s dbs, successful statements: 58%). Threads shut down: 0.
[2023/01/18 12:03:27] Executed 0 queries (0 queries/s; 22.60/s dbs, successful statements: 58%). Threads shut down: 0.
[2023/01/18 12:03:32] Executed 0 queries (0 queries/s; 27.40/s dbs, successful statements: 57%). Threads shut down: 0.
[2023/01/18 12:03:37] Executed 0 queries (0 queries/s; 24.20/s dbs, successful statements: 57%). Threads shut down: 0.
[2023/01/18 12:03:42] Executed 0 queries (0 queries/s; 36.60/s dbs, successful statements: 57%). Threads shut down: 0.
[2023/01/18 12:03:47] Executed 0 queries (0 queries/s; 29.00/s dbs, successful statements: 57%). Threads shut down: 0.
[INFO] Tests run: 1, Failures: 0, Errors: 0, Skipped: 0, Time elapsed: 300.143 s - in sqlancer.dbms.TestDuckDB
[INFO] Running sqlancer.dbms.TestCockroachDB
[WARNING] Tests run: 1, Failures: 0, Errors: 0, Skipped: 1, Time elapsed: 0.001 s - in sqlancer.dbms.TestCockroachDB
[INFO] Running sqlancer.dbms.TestH2
[WARNING] Tests run: 1, Failures: 0, Errors: 0, Skipped: 1, Time elapsed: 0 s - in sqlancer.dbms.TestH2
[INFO] Running sqlancer.dbms.TestMariaDB
[WARNING] Tests run: 1, Failures: 0, Errors: 0, Skipped: 1, Time elapsed: 0 s - in sqlancer.dbms.TestMariaDB
[INFO] Running sqlancer.dbms.TestClickHouse
[WARNING] Tests run: 6, Failures: 0, Errors: 0, Skipped: 6, Time elapsed: 0.007 s - in sqlancer.dbms.TestClickHouse
[INFO] Running sqlancer.dbms.TestMySQLPQS
[WARNING] Tests run: 1, Failures: 0, Errors: 0, Skipped: 1, Time elapsed: 0.001 s - in sqlancer.dbms.TestMySQLPQS
[INFO] Running sqlancer.dbms.TestSQLitePQS
[2023/01/18 12:03:52] Executed 6990 queries (1398 queries/s; 25.80/s dbs, successful statements: 57%). Threads shut down: 0.
[2023/01/18 12:03:57] Executed 16107 queries (1823 queries/s; 31.80/s dbs, successful statements: 58%). Threads shut down: 0.
[2023/01/18 12:04:02] Executed 27102 queries (2199 queries/s; 29.80/s dbs, successful statements: 58%). Threads shut down: 0.
[2023/01/18 12:04:07] Executed 36464 queries (1872 queries/s; 25.20/s dbs, successful statements: 58%). Threads shut down: 0.
[2023/01/18 12:04:12] Executed 46559 queries (2019 queries/s; 28.80/s dbs, successful statements: 58%). Threads shut down: 0.
[2023/01/18 12:04:17] Executed 54581 queries (1604 queries/s; 20.00/s dbs, successful statements: 58%). Threads shut down: 0.
[2023/01/18 12:04:22] Executed 63376 queries (1759 queries/s; 29.00/s dbs, successful statements: 58%). Threads shut down: 0.
[2023/01/18 12:04:27] Executed 75059 queries (2336 queries/s; 27.20/s dbs, successful statements: 58%). Threads shut down: 0.
[2023/01/18 12:04:32] Executed 86885 queries (2365 queries/s; 31.40/s dbs, successful statements: 58%). Threads shut down: 0.
[2023/01/18 12:04:37] Executed 98891 queries (2401 queries/s; 18.20/s dbs, successful statements: 58%). Threads shut down: 0.
[2023/01/18 12:04:42] Executed 110437 queries (2309 queries/s; 29.80/s dbs, successful statements: 58%). Threads shut down: 0.
[2023/01/18 12:04:47] Executed 118666 queries (1645 queries/s; 30.60/s dbs, successful statements: 58%). Threads shut down: 0.
[2023/01/18 12:04:52] Executed 129431 queries (2153 queries/s; 27.40/s dbs, successful statements: 58%). Threads shut down: 0.
[2023/01/18 12:04:57] Executed 139691 queries (2052 queries/s; 21.00/s dbs, successful statements: 58%). Threads shut down: 0.
[2023/01/18 12:05:02] Executed 150641 queries (2190 queries/s; 25.00/s dbs, successful statements: 58%). Threads shut down: 0.
[2023/01/18 12:05:07] Executed 159900 queries (1851 queries/s; 24.20/s dbs, successful statements: 58%). Threads shut down: 0.
[2023/01/18 12:05:12] Executed 170573 queries (2134 queries/s; 17.00/s dbs, successful statements: 58%). Threads shut down: 0.
[2023/01/18 12:05:17] Executed 180373 queries (1960 queries/s; 25.20/s dbs, successful statements: 58%). Threads shut down: 0.
[2023/01/18 12:05:22] Executed 192369 queries (2399 queries/s; 20.60/s dbs, successful statements: 58%). Threads shut down: 0.
[2023/01/18 12:05:27] Executed 200433 queries (1612 queries/s; 29.60/s dbs, successful statements: 58%). Threads shut down: 0.
[2023/01/18 12:05:32] Executed 211458 queries (2205 queries/s; 29.40/s dbs, successful statements: 58%). Threads shut down: 0.
[2023/01/18 12:05:37] Executed 221761 queries (2060 queries/s; 22.80/s dbs, successful statements: 58%). Threads shut down: 0.
[2023/01/18 12:05:42] Executed 231732 queries (1994 queries/s; 27.80/s dbs, successful statements: 58%). Threads shut down: 0.
[2023/01/18 12:05:47] Executed 244102 queries (2474 queries/s; 22.60/s dbs, successful statements: 58%). Threads shut down: 0.
[2023/01/18 12:05:52] Executed 255169 queries (2213 queries/s; 23.80/s dbs, successful statements: 58%). Threads shut down: 0.
[2023/01/18 12:05:57] Executed 265565 queries (2079 queries/s; 20.80/s dbs, successful statements: 58%). Threads shut down: 0.
[2023/01/18 12:06:02] Executed 278268 queries (2540 queries/s; 31.00/s dbs, successful statements: 58%). Threads shut down: 0.
[2023/01/18 12:06:07] Executed 288374 queries (2021 queries/s; 25.40/s dbs, successful statements: 58%). Threads shut down: 0.
[2023/01/18 12:06:12] Executed 298241 queries (1973 queries/s; 33.20/s dbs, successful statements: 58%). Threads shut down: 0.
[2023/01/18 12:06:17] Executed 307291 queries (1810 queries/s; 24.00/s dbs, successful statements: 58%). Threads shut down: 0.
[2023/01/18 12:06:22] Executed 317464 queries (2034 queries/s; 33.00/s dbs, successful statements: 58%). Threads shut down: 0.
[2023/01/18 12:06:27] Executed 326656 queries (1838 queries/s; 29.60/s dbs, successful statements: 58%). Threads shut down: 0.
[2023/01/18 12:06:32] Executed 337495 queries (2167 queries/s; 29.40/s dbs, successful statements: 58%). Threads shut down: 0.
[2023/01/18 12:06:37] Executed 349935 queries (2488 queries/s; 31.20/s dbs, successful statements: 58%). Threads shut down: 0.
[2023/01/18 12:06:42] Executed 359405 queries (1894 queries/s; 25.60/s dbs, successful statements: 58%). Threads shut down: 0.
[2023/01/18 12:06:47] Executed 369848 queries (2088 queries/s; 35.60/s dbs, successful statements: 58%). Threads shut down: 0.
[2023/01/18 12:06:52] Executed 378984 queries (1827 queries/s; 29.20/s dbs, successful statements: 58%). Threads shut down: 0.
[2023/01/18 12:06:57] Executed 389232 queries (2049 queries/s; 27.40/s dbs, successful statements: 58%). Threads shut down: 0.
[2023/01/18 12:07:02] Executed 399697 queries (2093 queries/s; 21.80/s dbs, successful statements: 58%). Threads shut down: 0.
[2023/01/18 12:07:07] Executed 410388 queries (2138 queries/s; 26.80/s dbs, successful statements: 58%). Threads shut down: 0.
[2023/01/18 12:07:12] Executed 421002 queries (2122 queries/s; 29.20/s dbs, successful statements: 58%). Threads shut down: 0.
[2023/01/18 12:07:17] Executed 431386 queries (2076 queries/s; 29.60/s dbs, successful statements: 58%). Threads shut down: 0.
[2023/01/18 12:07:22] Executed 440302 queries (1783 queries/s; 31.00/s dbs, successful statements: 58%). Threads shut down: 0.
[2023/01/18 12:07:27] Executed 450634 queries (2066 queries/s; 29.20/s dbs, successful statements: 58%). Threads shut down: 0.
[2023/01/18 12:07:32] Executed 459138 queries (1700 queries/s; 20.00/s dbs, successful statements: 58%). Threads shut down: 0.
[2023/01/18 12:07:37] Executed 470953 queries (2363 queries/s; 18.20/s dbs, successful statements: 58%). Threads shut down: 0.
[2023/01/18 12:07:42] Executed 481037 queries (2016 queries/s; 26.60/s dbs, successful statements: 58%). Threads shut down: 0.
[2023/01/18 12:07:47] Executed 489690 queries (1730 queries/s; 26.00/s dbs, successful statements: 58%). Threads shut down: 0.
[2023/01/18 12:07:52] Executed 500923 queries (2246 queries/s; 26.80/s dbs, successful statements: 58%). Threads shut down: 0.
[2023/01/18 12:07:57] Executed 509747 queries (1764 queries/s; 33.80/s dbs, successful statements: 58%). Threads shut down: 0.
[2023/01/18 12:08:02] Executed 518668 queries (1784 queries/s; 25.40/s dbs, successful statements: 58%). Threads shut down: 0.
[2023/01/18 12:08:07] Executed 532177 queries (2701 queries/s; 31.00/s dbs, successful statements: 58%). Threads shut down: 0.
[2023/01/18 12:08:12] Executed 542363 queries (2037 queries/s; 23.60/s dbs, successful statements: 58%). Threads shut down: 0.
[2023/01/18 12:08:17] Executed 553825 queries (2292 queries/s; 28.00/s dbs, successful statements: 58%). Threads shut down: 0.
[2023/01/18 12:08:22] Executed 563618 queries (1958 queries/s; 24.60/s dbs, successful statements: 58%). Threads shut down: 0.
[2023/01/18 12:08:27] Executed 575277 queries (2331 queries/s; 26.40/s dbs, successful statements: 58%). Threads shut down: 0.
[2023/01/18 12:08:32] Executed 586910 queries (2326 queries/s; 29.80/s dbs, successful statements: 58%). Threads shut down: 0.
[2023/01/18 12:08:37] Executed 596894 queries (1996 queries/s; 34.80/s dbs, successful statements: 58%). Threads shut down: 0.
[2023/01/18 12:08:42] Executed 606096 queries (1840 queries/s; 28.20/s dbs, successful statements: 58%). Threads shut down: 0.
[2023/01/18 12:08:47] Executed 615493 queries (1879 queries/s; 32.80/s dbs, successful statements: 58%). Threads shut down: 0.
[INFO] Tests run: 1, Failures: 0, Errors: 0, Skipped: 0, Time elapsed: 300.006 s - in sqlancer.dbms.TestSQLitePQS
[INFO] Running sqlancer.dbms.TestTiDB
[WARNING] Tests run: 1, Failures: 0, Errors: 0, Skipped: 1, Time elapsed: 0 s - in sqlancer.dbms.TestTiDB
[INFO] Running sqlancer.clickhouse.ast.ClickHouseBinaryComparisonOperationTest
[ERROR] Tests run: 6, Failures: 1, Errors: 0, Skipped: 0, Time elapsed: 0.021 s <<< FAILURE! - in sqlancer.clickhouse.ast.ClickHouseBinaryComparisonOperationTest
[ERROR] getExpectedValueIntEqualsInt  Time elapsed: 0.001 s  <<< FAILURE!
java.lang.AssertionError: UInt256
	at sqlancer.clickhouse.ast.ClickHouseBinaryComparisonOperationTest.getExpectedValueIntEqualsInt(ClickHouseBinaryComparisonOperationTest.java:82)

[INFO] Running sqlancer.TestRandomly
[INFO] Tests run: 13, Failures: 0, Errors: 0, Skipped: 0, Time elapsed: 1.407 s - in sqlancer.TestRandomly
[INFO] 
[INFO] Results:
[INFO] 
[ERROR] Failures: 
[ERROR]   ClickHouseBinaryComparisonOperationTest.getExpectedValueIntEqualsInt:82 UInt256
[INFO] 
[ERROR] Tests run: 62, Failures: 1, Errors: 0, Skipped: 15
[INFO] 
[INFO] ------------------------------------------------------------------------
[INFO] BUILD FAILURE
[INFO] ------------------------------------------------------------------------
[INFO] Total time:  15:07 min
[INFO] Finished at: 2023-01-18T12:08:50Z
[INFO] ------------------------------------------------------------------------
[ERROR] Failed to execute goal org.apache.maven.plugins:maven-surefire-plugin:2.22.2:test (default-test) on project sqlancer: There are test failures.
[ERROR] 
[ERROR] Please refer to /home/gabsko/breaking-updates/target/surefire-reports for the individual test results.
[ERROR] Please refer to dump files (if any exist) [date].dump, [date]-jvmRun[N].dump and [date].dumpstream.
[ERROR] -> [Help 1]
[ERROR] 
[ERROR] To see the full stack trace of the errors, re-run Maven with the -e switch.
[ERROR] Re-run Maven using the -X switch to enable full debug logging.
[ERROR] 
[ERROR] For more information about the errors and possible solutions, please read the following articles:
[ERROR] [Help 1] http://cwiki.apache.org/confluence/display/MAVEN/MojoFailureException
