[INFO] Scanning for projects...
[INFO] 
[INFO] -----------------------< uk.gov.pay:pay-cardid >------------------------
[INFO] Building pay-cardid 0.1-SNAPSHOT
[INFO] --------------------------------[ jar ]---------------------------------
[INFO] 
[INFO] --- maven-clean-plugin:3.1.0:clean (default-clean) @ pay-cardid ---
[INFO] Deleting /home/gabsko/breaking-updates/target
[INFO] 
[INFO] --- maven-resources-plugin:3.2.0:copy-resources (copy-resources) @ pay-cardid ---
[INFO] Using 'UTF-8' encoding to copy filtered resources.
[INFO] Using 'UTF-8' encoding to copy filtered properties files.
[INFO] Copying 1 resource
[INFO] 
[INFO] --- maven-resources-plugin:3.2.0:resources (default-resources) @ pay-cardid ---
[INFO] Using 'UTF-8' encoding to copy filtered resources.
[INFO] Using 'UTF-8' encoding to copy filtered properties files.
[INFO] Copying 2 resources
[INFO] 
[INFO] --- maven-compiler-plugin:3.8.1:compile (default-compile) @ pay-cardid ---
[INFO] Changes detected - recompiling the module!
[INFO] Compiling 15 source files to /home/gabsko/breaking-updates/target/classes
[INFO] /home/gabsko/breaking-updates/src/main/java/uk/gov/pay/card/model/CardInformationRequest.java: /home/gabsko/breaking-updates/src/main/java/uk/gov/pay/card/model/CardInformationRequest.java uses or overrides a deprecated API.
[INFO] /home/gabsko/breaking-updates/src/main/java/uk/gov/pay/card/model/CardInformationRequest.java: Recompile with -Xlint:deprecation for details.
[INFO] 
[INFO] --- maven-resources-plugin:3.2.0:testResources (default-testResources) @ pay-cardid ---
[INFO] Using 'UTF-8' encoding to copy filtered resources.
[INFO] Using 'UTF-8' encoding to copy filtered properties files.
[INFO] Copying 6 resources
[INFO] 
[INFO] --- maven-compiler-plugin:3.8.1:testCompile (default-testCompile) @ pay-cardid ---
[INFO] Changes detected - recompiling the module!
[INFO] Compiling 7 source files to /home/gabsko/breaking-updates/target/test-classes
[INFO] 
[INFO] --- maven-surefire-plugin:2.22.2:test (default-test) @ pay-cardid ---
[INFO] 
[INFO] -------------------------------------------------------
[INFO]  T E S T S
[INFO] -------------------------------------------------------
[INFO] Running uk.gov.pay.card.service.CardServiceTest
[INFO] Tests run: 3, Failures: 0, Errors: 0, Skipped: 0, Time elapsed: 0.499 s - in uk.gov.pay.card.service.CardServiceTest
[INFO] Running uk.gov.pay.card.resources.HealthCheckResourceTest
15:16:06.554 [main] DEBUG com.jayway.jsonpath.internal.path.CompiledPath - Evaluating path: $[*]
15:16:06.559 [main] DEBUG com.jayway.jsonpath.internal.path.CompiledPath - Evaluating path: $['ping']['healthy']
15:16:06.559 [main] DEBUG com.jayway.jsonpath.internal.path.CompiledPath - Evaluating path: $['deadlocks']['healthy']
15:16:06.564 [main] DEBUG com.jayway.jsonpath.internal.path.CompiledPath - Evaluating path: $[*]
15:16:06.564 [main] DEBUG com.jayway.jsonpath.internal.path.CompiledPath - Evaluating path: $['ping']['healthy']
15:16:06.564 [main] DEBUG com.jayway.jsonpath.internal.path.CompiledPath - Evaluating path: $['deadlocks']['healthy']
15:16:06.569 [main] DEBUG com.jayway.jsonpath.internal.path.CompiledPath - Evaluating path: $[*]
15:16:06.569 [main] DEBUG com.jayway.jsonpath.internal.path.CompiledPath - Evaluating path: $['ping']['healthy']
15:16:06.569 [main] DEBUG com.jayway.jsonpath.internal.path.CompiledPath - Evaluating path: $['deadlocks']['healthy']
[INFO] Tests run: 3, Failures: 0, Errors: 0, Skipped: 0, Time elapsed: 0.392 s - in uk.gov.pay.card.resources.HealthCheckResourceTest
[INFO] Running uk.gov.pay.card.it.resources.CardIdResourceITest
[ERROR] Tests run: 1, Failures: 0, Errors: 1, Skipped: 0, Time elapsed: 0.556 s <<< FAILURE! - in uk.gov.pay.card.it.resources.CardIdResourceITest
[ERROR] uk.gov.pay.card.it.resources.CardIdResourceITest  Time elapsed: 0.556 s  <<< ERROR!
io.dropwizard.configuration.ConfigurationParsingException: 
/home/gabsko/breaking-updates/target/classes/config/config.yaml has an error:
  * Unrecognized field at: logging.appenders.[1].stacktraceAppPackages
    Did you mean?:
      - inAppExcludes
      - inAppIncludes
      - serverName
      - filterFactories
      - messageRate
        [13 more]

Caused by: com.fasterxml.jackson.databind.exc.UnrecognizedPropertyException: 
Unrecognized field "stacktraceAppPackages" (class org.dhatim.dropwizard.sentry.logging.SentryAppenderFactory), not marked as ignorable (18 known properties: "neverBlock", "discardingThreshold", "layout", "threshold", "serverName", "filterFactories", "queueSize", "environment", "inAppExcludes", "timeZone", "logFormat", "includeCallerData", "dsn", "messageRate", "configurator", "tags", "release", "inAppIncludes"])
 at [Source: UNKNOWN; byte offset: #UNKNOWN] (through reference chain: uk.gov.pay.card.app.config.CardConfiguration["logging"]->io.dropwizard.logging.DefaultLoggingFactory["appenders"]->java.util.ArrayList[1]->org.dhatim.dropwizard.sentry.logging.SentryAppenderFactory["stacktraceAppPackages"])

[INFO] Running uk.gov.pay.card.db.loader.BinRangeParserTest
[INFO] Tests run: 20, Failures: 0, Errors: 0, Skipped: 0, Time elapsed: 0.018 s - in uk.gov.pay.card.db.loader.BinRangeParserTest
[INFO] Running uk.gov.pay.card.db.loader.BinRangeDataLoaderTest
[INFO] Tests run: 4, Failures: 0, Errors: 0, Skipped: 0, Time elapsed: 0.013 s - in uk.gov.pay.card.db.loader.BinRangeDataLoaderTest
[INFO] Running uk.gov.pay.card.db.RangeSetCardInformationStoreTest
[INFO] Tests run: 3, Failures: 0, Errors: 0, Skipped: 0, Time elapsed: 0.033 s - in uk.gov.pay.card.db.RangeSetCardInformationStoreTest
[INFO] 
[INFO] Results:
[INFO] 
[ERROR] Errors: 
[ERROR]   CardIdResourceITest Â» ConfigurationParsing /home/gabsko/breaking-updates/targe...
[INFO] 
[ERROR] Tests run: 34, Failures: 0, Errors: 1, Skipped: 0
[INFO] 
[INFO] ------------------------------------------------------------------------
[INFO] BUILD FAILURE
[INFO] ------------------------------------------------------------------------
[INFO] Total time:  6.404 s
[INFO] Finished at: 2023-01-24T15:16:07Z
[INFO] ------------------------------------------------------------------------
[ERROR] Failed to execute goal org.apache.maven.plugins:maven-surefire-plugin:2.22.2:test (default-test) on project pay-cardid: There are test failures.
[ERROR] 
[ERROR] Please refer to /home/gabsko/breaking-updates/target/surefire-reports for the individual test results.
[ERROR] Please refer to dump files (if any exist) [date].dump, [date]-jvmRun[N].dump and [date].dumpstream.
[ERROR] -> [Help 1]
[ERROR] 
[ERROR] To see the full stack trace of the errors, re-run Maven with the -e switch.
[ERROR] Re-run Maven using the -X switch to enable full debug logging.
[ERROR] 
[ERROR] For more information about the errors and possible solutions, please read the following articles:
[ERROR] [Help 1] http://cwiki.apache.org/confluence/display/MAVEN/MojoFailureException
