[INFO] Scanning for projects...
[INFO] ------------------------------------------------------------------------
[INFO] Reactor Build Order:
[INFO] 
[INFO] Ledger Writer                                                      [jar]
[INFO] Transaction History                                                [jar]
[INFO] Balance Reader                                                     [jar]
[INFO] Ledger Monolith                                                    [jar]
[INFO] bank-of-anthos                                                     [pom]
[INFO] 
[INFO] ---------------< org.springframework.boot:ledgerwriter >----------------
[INFO] Building Ledger Writer 1.0                                         [1/5]
[INFO] --------------------------------[ jar ]---------------------------------
[INFO] 
[INFO] --- maven-clean-plugin:3.1.0:clean (default-clean) @ ledgerwriter ---
[INFO] Deleting /home/gabsko/breaking-updates/src/ledgerwriter/target
[INFO] 
[INFO] --- jacoco-maven-plugin:0.8.5:prepare-agent (default-prepare-agent) @ ledgerwriter ---
[INFO] argLine set to -javaagent:/home/gabsko/.m2/repository/org/jacoco/org.jacoco.agent/0.8.5/org.jacoco.agent-0.8.5-runtime.jar=destfile=/home/gabsko/breaking-updates/src/ledgerwriter/target/jacoco.exec
[INFO] 
[INFO] --- maven-resources-plugin:3.1.0:resources (default-resources) @ ledgerwriter ---
[INFO] Using 'UTF-8' encoding to copy filtered resources.
[INFO] Copying 1 resource
[INFO] Copying 2 resources
[INFO] 
[INFO] --- maven-compiler-plugin:3.8.1:compile (default-compile) @ ledgerwriter ---
[INFO] Changes detected - recompiling the module!
[INFO] Compiling 7 source files to /home/gabsko/breaking-updates/src/ledgerwriter/target/classes
[INFO] /home/gabsko/breaking-updates/src/ledgerwriter/src/main/java/anthos/samples/bankofanthos/ledgerwriter/LedgerWriterController.java: /home/gabsko/breaking-updates/src/ledgerwriter/src/main/java/anthos/samples/bankofanthos/ledgerwriter/LedgerWriterController.java uses unchecked or unsafe operations.
[INFO] /home/gabsko/breaking-updates/src/ledgerwriter/src/main/java/anthos/samples/bankofanthos/ledgerwriter/LedgerWriterController.java: Recompile with -Xlint:unchecked for details.
[INFO] 
[INFO] --- maven-resources-plugin:3.1.0:testResources (default-testResources) @ ledgerwriter ---
[INFO] Using 'UTF-8' encoding to copy filtered resources.
[INFO] Copying 1 resource
[INFO] 
[INFO] --- maven-compiler-plugin:3.8.1:testCompile (default-testCompile) @ ledgerwriter ---
[INFO] Changes detected - recompiling the module!
[INFO] Compiling 2 source files to /home/gabsko/breaking-updates/src/ledgerwriter/target/test-classes
[INFO] 
[INFO] --- maven-surefire-plugin:2.22.2:test (default-test) @ ledgerwriter ---
[INFO] 
[INFO] -------------------------------------------------------
[INFO]  T E S T S
[INFO] -------------------------------------------------------
[INFO] Running anthos.samples.bankofanthos.ledgerwriter.TransactionValidatorTest
{"timestamp": "2023-01-24 13:12:46", "message": "validateTransaction | Invalid transaction: Invalid account details", "severity": "ERROR"}
{"timestamp": "2023-01-24 13:12:46", "message": "validateTransaction | Invalid transaction: Invalid account details", "severity": "ERROR"}
{"timestamp": "2023-01-24 13:12:46", "message": "validateTransaction | Invalid transaction: Invalid account details", "severity": "ERROR"}
{"timestamp": "2023-01-24 13:12:46", "message": "validateTransaction | Invalid transaction: Invalid account details", "severity": "ERROR"}
{"timestamp": "2023-01-24 13:12:46", "message": "validateTransaction | Invalid transaction: Invalid account details", "severity": "ERROR"}
{"timestamp": "2023-01-24 13:12:46", "message": "validateTransaction | Invalid transaction: Invalid account details", "severity": "ERROR"}
{"timestamp": "2023-01-24 13:12:46", "message": "validateTransaction | Invalid transaction: Invalid account details", "severity": "ERROR"}
{"timestamp": "2023-01-24 13:12:46", "message": "validateTransaction | Invalid transaction: Invalid account details", "severity": "ERROR"}
{"timestamp": "2023-01-24 13:12:46", "message": "validateTransaction | Invalid transaction: Invalid account details", "severity": "ERROR"}
{"timestamp": "2023-01-24 13:12:46", "message": "validateTransaction | Invalid transaction: Invalid account details", "severity": "ERROR"}
{"timestamp": "2023-01-24 13:12:46", "message": "validateTransaction | Invalid transaction: Invalid account details", "severity": "ERROR"}
{"timestamp": "2023-01-24 13:12:46", "message": "validateTransaction | Invalid transaction: Invalid account details", "severity": "ERROR"}
{"timestamp": "2023-01-24 13:12:46", "message": "validateTransaction | Invalid transaction: Invalid account details", "severity": "ERROR"}
{"timestamp": "2023-01-24 13:12:46", "message": "validateTransaction | Invalid transaction: Invalid account details", "severity": "ERROR"}
{"timestamp": "2023-01-24 13:12:46", "message": "validateTransaction | Invalid transaction: Invalid account details", "severity": "ERROR"}
{"timestamp": "2023-01-24 13:12:46", "message": "validateTransaction | Invalid transaction: Invalid account details", "severity": "ERROR"}
{"timestamp": "2023-01-24 13:12:46", "message": "validateTransaction | Invalid transaction: Invalid account details", "severity": "ERROR"}
{"timestamp": "2023-01-24 13:12:46", "message": "validateTransaction | Invalid transaction: Invalid account details", "severity": "ERROR"}
{"timestamp": "2023-01-24 13:12:46", "message": "validateTransaction | Invalid transaction: Invalid account details", "severity": "ERROR"}
{"timestamp": "2023-01-24 13:12:46", "message": "validateTransaction | Invalid transaction: Invalid account details", "severity": "ERROR"}
{"timestamp": "2023-01-24 13:12:46", "message": "validateTransaction | Invalid transaction: Invalid account details", "severity": "ERROR"}
{"timestamp": "2023-01-24 13:12:46", "message": "validateTransaction | Invalid transaction: Invalid account details", "severity": "ERROR"}
{"timestamp": "2023-01-24 13:12:46", "message": "validateTransaction | Invalid transaction: Invalid account details", "severity": "ERROR"}
{"timestamp": "2023-01-24 13:12:46", "message": "validateTransaction | Invalid transaction: Invalid account details", "severity": "ERROR"}
{"timestamp": "2023-01-24 13:12:46", "message": "validateTransaction | Invalid transaction: Transaction amount invalid", "severity": "ERROR"}
{"timestamp": "2023-01-24 13:12:46", "message": "validateTransaction | Invalid transaction: Transaction amount invalid", "severity": "ERROR"}
{"timestamp": "2023-01-24 13:12:46", "message": "validateTransaction | Invalid transaction: Transaction amount invalid", "severity": "ERROR"}
{"timestamp": "2023-01-24 13:12:46", "message": "validateTransaction | Invalid transaction: Invalid account details", "severity": "ERROR"}
{"timestamp": "2023-01-24 13:12:46", "message": "validateTransaction | Invalid transaction: Invalid account details", "severity": "ERROR"}
{"timestamp": "2023-01-24 13:12:46", "message": "validateTransaction | Invalid transaction: Invalid account details", "severity": "ERROR"}
{"timestamp": "2023-01-24 13:12:46", "message": "validateTransaction | Invalid transaction: Invalid account details", "severity": "ERROR"}
{"timestamp": "2023-01-24 13:12:46", "message": "validateTransaction | Invalid transaction: Invalid account details", "severity": "ERROR"}
{"timestamp": "2023-01-24 13:12:46", "message": "validateTransaction | Invalid transaction: Invalid account details", "severity": "ERROR"}
{"timestamp": "2023-01-24 13:12:46", "message": "validateTransaction | Invalid transaction: Invalid account details", "severity": "ERROR"}
{"timestamp": "2023-01-24 13:12:46", "message": "validateTransaction | Invalid transaction: Invalid account details", "severity": "ERROR"}
{"timestamp": "2023-01-24 13:12:46", "message": "validateTransaction | Invalid transaction: Invalid account details", "severity": "ERROR"}
{"timestamp": "2023-01-24 13:12:46", "message": "validateTransaction | Invalid transaction: Invalid account details", "severity": "ERROR"}
{"timestamp": "2023-01-24 13:12:46", "message": "validateTransaction | Invalid transaction: Invalid account details", "severity": "ERROR"}
{"timestamp": "2023-01-24 13:12:46", "message": "validateTransaction | Invalid transaction: Invalid account details", "severity": "ERROR"}
{"timestamp": "2023-01-24 13:12:46", "message": "validateTransaction | Invalid transaction: Sender is also receiver", "severity": "ERROR"}
{"timestamp": "2023-01-24 13:12:46", "message": "validateTransaction | Invalid transaction: Invalid account details", "severity": "ERROR"}
{"timestamp": "2023-01-24 13:12:46", "message": "validateTransaction | Invalid transaction: Invalid account details", "severity": "ERROR"}
{"timestamp": "2023-01-24 13:12:46", "message": "validateTransaction | Invalid transaction: Invalid account details", "severity": "ERROR"}
{"timestamp": "2023-01-24 13:12:46", "message": "validateTransaction | Invalid transaction: Invalid account details", "severity": "ERROR"}
{"timestamp": "2023-01-24 13:12:46", "message": "validateTransaction | Invalid transaction: Invalid account details", "severity": "ERROR"}
{"timestamp": "2023-01-24 13:12:46", "message": "validateTransaction | Invalid transaction: Invalid account details", "severity": "ERROR"}
{"timestamp": "2023-01-24 13:12:46", "message": "validateTransaction | Invalid transaction: Invalid account details", "severity": "ERROR"}
{"timestamp": "2023-01-24 13:12:46", "message": "validateTransaction | Invalid transaction: Invalid account details", "severity": "ERROR"}
{"timestamp": "2023-01-24 13:12:46", "message": "validateTransaction | Invalid transaction: Invalid account details", "severity": "ERROR"}
{"timestamp": "2023-01-24 13:12:46", "message": "validateTransaction | Invalid transaction: Invalid account details", "severity": "ERROR"}
{"timestamp": "2023-01-24 13:12:46", "message": "validateTransaction | Invalid transaction: Invalid account details", "severity": "ERROR"}
{"timestamp": "2023-01-24 13:12:46", "message": "validateTransaction | Invalid transaction: Invalid account details", "severity": "ERROR"}
{"timestamp": "2023-01-24 13:12:46", "message": "validateTransaction | Invalid transaction: Sender not authorized", "severity": "ERROR"}
[INFO] Tests run: 8, Failures: 0, Errors: 0, Skipped: 0, Time elapsed: 2.209 s - in anthos.samples.bankofanthos.ledgerwriter.TransactionValidatorTest
[INFO] Running anthos.samples.bankofanthos.ledgerwriter.LedgerWriterControllerTest
{"timestamp": "2023-01-24 13:12:47", "message": "addTransaction | Submitted transaction successfully", "severity": "INFO"}
{"timestamp": "2023-01-24 13:12:47", "message": "addTransaction | Submitted transaction successfully", "severity": "INFO"}
{"timestamp": "2023-01-24 13:12:47", "message": "addTransaction | Failed to retrieve account balance: bad request", "severity": "ERROR"}
{"timestamp": "2023-01-24 13:12:47", "message": "addTransaction | Failed to retrieve account balance", "severity": "ERROR"}
{"timestamp": "2023-01-24 13:12:47", "message": "addTransaction | Failed to retrieve account balance", "severity": "ERROR"}
{"timestamp": "2023-01-24 13:12:47", "message": "addTransaction | Failed to submit transaction: not authorized", "severity": "ERROR"}
{"timestamp": "2023-01-24 13:12:47", "message": "addTransaction | Failed to retrieve account balance: bad request", "severity": "ERROR"}
{"timestamp": "2023-01-24 13:12:47", "message": "addTransaction | Submitted transaction successfully", "severity": "INFO"}
{"timestamp": "2023-01-24 13:12:47", "message": "addTransaction | Transaction submission failed: Insufficient balance", "severity": "ERROR"}
{"timestamp": "2023-01-24 13:12:47", "message": "addTransaction | Failed to retrieve account balance: bad request", "severity": "ERROR"}
{"timestamp": "2023-01-24 13:12:47", "message": "addTransaction | Transaction submission failed: Authorization header null", "severity": "ERROR"}
{"timestamp": "2023-01-24 13:12:47", "message": "addTransaction | Failed to retrieve account balance: bad request", "severity": "ERROR"}
{"timestamp": "2023-01-24 13:12:47", "message": "addTransaction | Submitted transaction successfully", "severity": "INFO"}
{"timestamp": "2023-01-24 13:12:47", "message": "addTransaction | Failed to retrieve account balance", "severity": "ERROR"}
[INFO] Tests run: 13, Failures: 0, Errors: 0, Skipped: 0, Time elapsed: 1.029 s - in anthos.samples.bankofanthos.ledgerwriter.LedgerWriterControllerTest
[INFO] 
[INFO] Results:
[INFO] 
[INFO] Tests run: 21, Failures: 0, Errors: 0, Skipped: 0
[INFO] 
[INFO] 
[INFO] ------------< org.springframework.boot:transactionhistory >-------------
[INFO] Building Transaction History 1.0                                   [2/5]
[INFO] --------------------------------[ jar ]---------------------------------
[INFO] 
[INFO] --- maven-clean-plugin:3.1.0:clean (default-clean) @ transactionhistory ---
[INFO] Deleting /home/gabsko/breaking-updates/src/transactionhistory/target
[INFO] 
[INFO] --- jacoco-maven-plugin:0.8.5:prepare-agent (default) @ transactionhistory ---
[INFO] argLine set to -javaagent:/home/gabsko/.m2/repository/org/jacoco/org.jacoco.agent/0.8.5/org.jacoco.agent-0.8.5-runtime.jar=destfile=/home/gabsko/breaking-updates/src/transactionhistory/target/jacoco.exec
[INFO] 
[INFO] --- maven-resources-plugin:3.1.0:resources (default-resources) @ transactionhistory ---
[INFO] Using 'UTF-8' encoding to copy filtered resources.
[INFO] Copying 1 resource
[INFO] Copying 2 resources
[INFO] 
[INFO] --- maven-compiler-plugin:3.8.1:compile (default-compile) @ transactionhistory ---
[INFO] Changes detected - recompiling the module!
[INFO] Compiling 7 source files to /home/gabsko/breaking-updates/src/transactionhistory/target/classes
[INFO] /home/gabsko/breaking-updates/src/transactionhistory/src/main/java/anthos/samples/bankofanthos/transactionhistory/TransactionCache.java: /home/gabsko/breaking-updates/src/transactionhistory/src/main/java/anthos/samples/bankofanthos/transactionhistory/TransactionCache.java uses unchecked or unsafe operations.
[INFO] /home/gabsko/breaking-updates/src/transactionhistory/src/main/java/anthos/samples/bankofanthos/transactionhistory/TransactionCache.java: Recompile with -Xlint:unchecked for details.
[INFO] 
[INFO] --- maven-resources-plugin:3.1.0:testResources (default-testResources) @ transactionhistory ---
[INFO] Using 'UTF-8' encoding to copy filtered resources.
[INFO] Copying 1 resource
[INFO] 
[INFO] --- maven-compiler-plugin:3.8.1:testCompile (default-testCompile) @ transactionhistory ---
[INFO] Changes detected - recompiling the module!
[INFO] Compiling 1 source file to /home/gabsko/breaking-updates/src/transactionhistory/target/test-classes
[INFO] 
[INFO] --- maven-surefire-plugin:2.22.2:test (default-test) @ transactionhistory ---
[INFO] 
[INFO] -------------------------------------------------------
[INFO]  T E S T S
[INFO] -------------------------------------------------------
[INFO] Running anthos.samples.bankofanthos.transactionhistory.TransactionHistoryControllerTest
[ERROR] Tests run: 8, Failures: 0, Errors: 8, Skipped: 0, Time elapsed: 1.688 s <<< FAILURE! - in anthos.samples.bankofanthos.transactionhistory.TransactionHistoryControllerTest
[ERROR] livenessFailsWhenLedgerReaderIsNotAlive  Time elapsed: 1.647 s  <<< ERROR!
java.lang.NoSuchFieldError: EMPTY_BYTE_ARRAY
	at anthos.samples.bankofanthos.transactionhistory.TransactionHistoryControllerTest.setUp(TransactionHistoryControllerTest.java:76)

[ERROR] readiness  Time elapsed: 0.004 s  <<< ERROR!
java.lang.NoClassDefFoundError: Could not initialize class anthos.samples.bankofanthos.transactionhistory.LedgerReader
	at anthos.samples.bankofanthos.transactionhistory.TransactionHistoryControllerTest.setUp(TransactionHistoryControllerTest.java:76)

[ERROR] getTransactionsSucceedsWhenAccountMatchesAuthenticatedUser  Time elapsed: 0.002 s  <<< ERROR!
java.lang.NoClassDefFoundError: Could not initialize class anthos.samples.bankofanthos.transactionhistory.LedgerReader
	at anthos.samples.bankofanthos.transactionhistory.TransactionHistoryControllerTest.setUp(TransactionHistoryControllerTest.java:76)

[ERROR] version  Time elapsed: 0.001 s  <<< ERROR!
java.lang.NoClassDefFoundError: Could not initialize class anthos.samples.bankofanthos.transactionhistory.LedgerReader
	at anthos.samples.bankofanthos.transactionhistory.TransactionHistoryControllerTest.setUp(TransactionHistoryControllerTest.java:76)

[ERROR] getTransactionsFailsWhenCacheThrowsError  Time elapsed: 0.005 s  <<< ERROR!
java.lang.NoClassDefFoundError: Could not initialize class anthos.samples.bankofanthos.transactionhistory.LedgerReader
	at anthos.samples.bankofanthos.transactionhistory.TransactionHistoryControllerTest.setUp(TransactionHistoryControllerTest.java:76)

[ERROR] livenessSucceedsWhenLedgerReaderIsAlive  Time elapsed: 0.002 s  <<< ERROR!
java.lang.NoClassDefFoundError: Could not initialize class anthos.samples.bankofanthos.transactionhistory.LedgerReader
	at anthos.samples.bankofanthos.transactionhistory.TransactionHistoryControllerTest.setUp(TransactionHistoryControllerTest.java:76)

[ERROR] getTransactionsFailsWhenUserNotAuthenticated  Time elapsed: 0.001 s  <<< ERROR!
java.lang.NoClassDefFoundError: Could not initialize class anthos.samples.bankofanthos.transactionhistory.LedgerReader
	at anthos.samples.bankofanthos.transactionhistory.TransactionHistoryControllerTest.setUp(TransactionHistoryControllerTest.java:76)

[ERROR] getTransactionsFailsWhenAccountDoesNotMatchAuthenticatedUser  Time elapsed: 0.001 s  <<< ERROR!
java.lang.NoClassDefFoundError: Could not initialize class anthos.samples.bankofanthos.transactionhistory.LedgerReader
	at anthos.samples.bankofanthos.transactionhistory.TransactionHistoryControllerTest.setUp(TransactionHistoryControllerTest.java:76)

[INFO] 
[INFO] Results:
[INFO] 
[ERROR] Errors: 
[ERROR]   TransactionHistoryControllerTest.setUp:76 » NoClassDefFound Could not initiali...
[ERROR]   TransactionHistoryControllerTest.setUp:76 » NoClassDefFound Could not initiali...
[ERROR]   TransactionHistoryControllerTest.setUp:76 » NoClassDefFound Could not initiali...
[ERROR]   TransactionHistoryControllerTest.setUp:76 » NoClassDefFound Could not initiali...
[ERROR]   TransactionHistoryControllerTest.setUp:76 » NoSuchField EMPTY_BYTE_ARRAY
[ERROR]   TransactionHistoryControllerTest.setUp:76 » NoClassDefFound Could not initiali...
[ERROR]   TransactionHistoryControllerTest.setUp:76 » NoClassDefFound Could not initiali...
[ERROR]   TransactionHistoryControllerTest.setUp:76 » NoClassDefFound Could not initiali...
[INFO] 
[ERROR] Tests run: 8, Failures: 0, Errors: 8, Skipped: 0
[INFO] 
[INFO] ------------------------------------------------------------------------
[INFO] Reactor Summary for bank-of-anthos 1.0:
[INFO] 
[INFO] Ledger Writer ...................................... SUCCESS [  7.811 s]
[INFO] Transaction History ................................ FAILURE [  4.121 s]
[INFO] Balance Reader ..................................... SKIPPED
[INFO] Ledger Monolith .................................... SKIPPED
[INFO] bank-of-anthos ..................................... SKIPPED
[INFO] ------------------------------------------------------------------------
[INFO] BUILD FAILURE
[INFO] ------------------------------------------------------------------------
[INFO] Total time:  12.283 s
[INFO] Finished at: 2023-01-24T13:12:52Z
[INFO] ------------------------------------------------------------------------
[ERROR] Failed to execute goal org.apache.maven.plugins:maven-surefire-plugin:2.22.2:test (default-test) on project transactionhistory: There are test failures.
[ERROR] 
[ERROR] Please refer to /home/gabsko/breaking-updates/src/transactionhistory/target/surefire-reports for the individual test results.
[ERROR] Please refer to dump files (if any exist) [date].dump, [date]-jvmRun[N].dump and [date].dumpstream.
[ERROR] -> [Help 1]
[ERROR] 
[ERROR] To see the full stack trace of the errors, re-run Maven with the -e switch.
[ERROR] Re-run Maven using the -X switch to enable full debug logging.
[ERROR] 
[ERROR] For more information about the errors and possible solutions, please read the following articles:
[ERROR] [Help 1] http://cwiki.apache.org/confluence/display/MAVEN/MojoFailureException
[ERROR] 
[ERROR] After correcting the problems, you can resume the build with the command
[ERROR]   mvn <args> -rf :transactionhistory
