[INFO] Scanning for projects...
[INFO] Inspecting build with total of 3 modules...
[INFO] Installing Nexus Staging features:
[INFO]   ... total of 3 executions of maven-deploy-plugin replaced with nexus-staging-maven-plugin
[INFO] ------------------------------------------------------------------------
[INFO] Reactor Build Order:
[INFO] 
[INFO] gooddata-java-parent                                               [pom]
[INFO] gooddata-java-model                                                [jar]
[INFO] gooddata-java                                                      [jar]
[INFO] 
[INFO] -----------------< com.gooddata:gooddata-java-parent >------------------
[INFO] Building gooddata-java-parent 3.11.1+api3-SNAPSHOT                 [1/3]
[INFO] --------------------------------[ pom ]---------------------------------
[INFO] 
[INFO] --- maven-clean-plugin:3.0.0:clean (default-clean) @ gooddata-java-parent ---
[INFO] Deleting /home/gabsko/breaking-updates/target
[INFO] 
[INFO] --- maven-enforcer-plugin:1.2:enforce (enforce-maven) @ gooddata-java-parent ---
[INFO] 
[INFO] >>> findbugs-maven-plugin:3.0.5:check (default) > :findbugs @ gooddata-java-parent >>>
[INFO] 
[INFO] --- findbugs-maven-plugin:3.0.5:findbugs (findbugs) @ gooddata-java-parent ---
[INFO] 
[INFO] <<< findbugs-maven-plugin:3.0.5:check (default) < :findbugs @ gooddata-java-parent <<<
[INFO] 
[INFO] 
[INFO] --- findbugs-maven-plugin:3.0.5:check (default) @ gooddata-java-parent ---
[INFO] 
[INFO] ------------------< com.gooddata:gooddata-java-model >------------------
[INFO] Building gooddata-java-model 3.11.1+api3-SNAPSHOT                  [2/3]
[INFO] --------------------------------[ jar ]---------------------------------
[INFO] 
[INFO] --- maven-clean-plugin:3.0.0:clean (default-clean) @ gooddata-java-model ---
[INFO] Deleting /home/gabsko/breaking-updates/gooddata-java-model/target
[INFO] 
[INFO] --- maven-enforcer-plugin:1.2:enforce (enforce-maven) @ gooddata-java-model ---
[INFO] 
[INFO] --- gmavenplus-plugin:1.13.0:addTestSources (default) @ gooddata-java-model ---
[INFO] 
[INFO] --- maven-resources-plugin:2.6:resources (default-resources) @ gooddata-java-model ---
[INFO] Using 'UTF-8' encoding to copy filtered resources.
[INFO] Copying 1 resource
[INFO] 
[INFO] --- maven-compiler-plugin:3.8.1:compile (default-compile) @ gooddata-java-model ---
[INFO] Changes detected - recompiling the module!
[INFO] Compiling 292 source files to /home/gabsko/breaking-updates/gooddata-java-model/target/classes
[WARNING] Unable to autodetect 'javac' path, using 'javac' from the environment.
[WARNING] /home/gabsko/breaking-updates/gooddata-java-model/src/main/java/com/gooddata/sdk/model/executeafm/afm/MeasureDefinition.java:[13,46] [deprecation] VOPopMeasureDefinition in com.gooddata.sdk.model.md.visualization has been deprecated
[WARNING] /home/gabsko/breaking-updates/gooddata-java-model/src/main/java/com/gooddata/sdk/model/executeafm/afm/MeasureDefinition.java:[14,46] [deprecation] VOSimpleMeasureDefinition in com.gooddata.sdk.model.md.visualization has been deprecated
[WARNING] /home/gabsko/breaking-updates/gooddata-java-model/src/main/java/com/gooddata/sdk/model/executeafm/afm/PopMeasureDefinition.java:[19,51] [deprecation] PopMeasureDefinition in com.gooddata.sdk.model.executeafm.afm has been deprecated
[WARNING] /home/gabsko/breaking-updates/gooddata-java-model/src/main/java/com/gooddata/sdk/model/md/visualization/VOPopMeasureDefinition.java:[13,44] [deprecation] PopMeasureDefinition in com.gooddata.sdk.model.executeafm.afm has been deprecated
[WARNING] /home/gabsko/breaking-updates/gooddata-java-model/src/main/java/com/gooddata/sdk/model/md/visualization/VOPopMeasureDefinition.java:[15,53] [deprecation] VOPopMeasureDefinition in com.gooddata.sdk.model.md.visualization has been deprecated
[WARNING] /home/gabsko/breaking-updates/gooddata-java-model/src/main/java/com/gooddata/sdk/model/md/visualization/VOSimpleMeasureDefinition.java:[20,53] [deprecation] VOSimpleMeasureDefinition in com.gooddata.sdk.model.md.visualization has been deprecated
[INFO] 
[INFO] --- maven-resources-plugin:2.6:testResources (default-testResources) @ gooddata-java-model ---
[INFO] Using 'UTF-8' encoding to copy filtered resources.
[INFO] Copying 302 resources
[INFO] 
[INFO] --- maven-compiler-plugin:3.8.1:testCompile (default-testCompile) @ gooddata-java-model ---
[INFO] Changes detected - recompiling the module!
[INFO] Compiling 139 source files to /home/gabsko/breaking-updates/gooddata-java-model/target/test-classes
[WARNING] Unable to autodetect 'javac' path, using 'javac' from the environment.
[WARNING] /home/gabsko/breaking-updates/gooddata-java-model/src/test/java/com/gooddata/sdk/model/featureflag/FeatureFlagTest.java:[15,32] [deprecation] FeatureFlag in com.gooddata.sdk.model.featureflag has been deprecated
[WARNING] /home/gabsko/breaking-updates/gooddata-java-model/src/test/java/com/gooddata/sdk/model/featureflag/ProjectFeatureFlagTest.java:[20,14] [deprecation] ProjectFeatureFlag in com.gooddata.sdk.model.featureflag has been deprecated
[WARNING] /home/gabsko/breaking-updates/gooddata-java-model/src/test/java/com/gooddata/sdk/model/featureflag/ProjectFeatureFlagTest.java:[20,44] [deprecation] ProjectFeatureFlag in com.gooddata.sdk.model.featureflag has been deprecated
[WARNING] /home/gabsko/breaking-updates/gooddata-java-model/src/test/java/com/gooddata/sdk/model/featureflag/ProjectFeatureFlagTest.java:[26,14] [deprecation] ProjectFeatureFlag in com.gooddata.sdk.model.featureflag has been deprecated
[WARNING] /home/gabsko/breaking-updates/gooddata-java-model/src/test/java/com/gooddata/sdk/model/featureflag/ProjectFeatureFlagTest.java:[26,44] [deprecation] ProjectFeatureFlag in com.gooddata.sdk.model.featureflag has been deprecated
[WARNING] /home/gabsko/breaking-updates/gooddata-java-model/src/test/java/com/gooddata/sdk/model/featureflag/ProjectFeatureFlagTest.java:[32,12] [deprecation] ProjectFeatureFlag in com.gooddata.sdk.model.featureflag has been deprecated
[WARNING] /home/gabsko/breaking-updates/gooddata-java-model/src/test/java/com/gooddata/sdk/model/featureflag/ProjectFeatureFlagTest.java:[37,12] [deprecation] ProjectFeatureFlag in com.gooddata.sdk.model.featureflag has been deprecated
[WARNING] /home/gabsko/breaking-updates/gooddata-java-model/src/test/java/com/gooddata/sdk/model/featureflag/ProjectFeatureFlagTest.java:[42,14] [deprecation] ProjectFeatureFlag in com.gooddata.sdk.model.featureflag has been deprecated
[WARNING] /home/gabsko/breaking-updates/gooddata-java-model/src/test/java/com/gooddata/sdk/model/featureflag/ProjectFeatureFlagTest.java:[42,44] [deprecation] ProjectFeatureFlag in com.gooddata.sdk.model.featureflag has been deprecated
[WARNING] /home/gabsko/breaking-updates/gooddata-java-model/src/test/java/com/gooddata/sdk/model/featureflag/ProjectFeatureFlagTest.java:[44,51] [deprecation] ProjectFeatureFlag in com.gooddata.sdk.model.featureflag has been deprecated
[WARNING] /home/gabsko/breaking-updates/gooddata-java-model/src/test/java/com/gooddata/sdk/model/featureflag/ProjectFeatureFlagTest.java:[49,32] [deprecation] ProjectFeatureFlag in com.gooddata.sdk.model.featureflag has been deprecated
[WARNING] /home/gabsko/breaking-updates/gooddata-java-model/src/test/java/com/gooddata/sdk/model/featureflag/FeatureFlagsTest.java:[25,14] [deprecation] FeatureFlags in com.gooddata.sdk.model.featureflag has been deprecated
[WARNING] /home/gabsko/breaking-updates/gooddata-java-model/src/test/java/com/gooddata/sdk/model/featureflag/FeatureFlagsTest.java:[25,104] [deprecation] FeatureFlags in com.gooddata.sdk.model.featureflag has been deprecated
[WARNING] /home/gabsko/breaking-updates/gooddata-java-model/src/test/java/com/gooddata/sdk/model/featureflag/FeatureFlagsTest.java:[29,20] [deprecation] FeatureFlag in com.gooddata.sdk.model.featureflag has been deprecated
[WARNING] /home/gabsko/breaking-updates/gooddata-java-model/src/test/java/com/gooddata/sdk/model/featureflag/FeatureFlagsTest.java:[30,20] [deprecation] FeatureFlag in com.gooddata.sdk.model.featureflag has been deprecated
[WARNING] /home/gabsko/breaking-updates/gooddata-java-model/src/test/java/com/gooddata/sdk/model/featureflag/FeatureFlagsTest.java:[35,14] [deprecation] FeatureFlags in com.gooddata.sdk.model.featureflag has been deprecated
[WARNING] /home/gabsko/breaking-updates/gooddata-java-model/src/test/java/com/gooddata/sdk/model/featureflag/FeatureFlagsTest.java:[35,39] [deprecation] FeatureFlags in com.gooddata.sdk.model.featureflag has been deprecated
[WARNING] /home/gabsko/breaking-updates/gooddata-java-model/src/test/java/com/gooddata/sdk/model/featureflag/FeatureFlagsTest.java:[44,14] [deprecation] FeatureFlags in com.gooddata.sdk.model.featureflag has been deprecated
[WARNING] /home/gabsko/breaking-updates/gooddata-java-model/src/test/java/com/gooddata/sdk/model/featureflag/FeatureFlagsTest.java:[44,104] [deprecation] FeatureFlags in com.gooddata.sdk.model.featureflag has been deprecated
[WARNING] /home/gabsko/breaking-updates/gooddata-java-model/src/test/java/com/gooddata/sdk/model/featureflag/FeatureFlagsTest.java:[45,13] [deprecation] FeatureFlag in com.gooddata.sdk.model.featureflag has been deprecated
[WARNING] /home/gabsko/breaking-updates/gooddata-java-model/src/test/java/com/gooddata/sdk/model/featureflag/FeatureFlagsTest.java:[47,24] [deprecation] FeatureFlag in com.gooddata.sdk.model.featureflag has been deprecated
[WARNING] /home/gabsko/breaking-updates/gooddata-java-model/src/test/java/com/gooddata/sdk/model/featureflag/FeatureFlagsTest.java:[48,24] [deprecation] FeatureFlag in com.gooddata.sdk.model.featureflag has been deprecated
[WARNING] /home/gabsko/breaking-updates/gooddata-java-model/src/test/java/com/gooddata/sdk/model/featureflag/FeatureFlagsTest.java:[54,14] [deprecation] FeatureFlags in com.gooddata.sdk.model.featureflag has been deprecated
[WARNING] /home/gabsko/breaking-updates/gooddata-java-model/src/test/java/com/gooddata/sdk/model/featureflag/FeatureFlagsTest.java:[54,39] [deprecation] FeatureFlags in com.gooddata.sdk.model.featureflag has been deprecated
[WARNING] /home/gabsko/breaking-updates/gooddata-java-model/src/test/java/com/gooddata/sdk/model/featureflag/FeatureFlagsTest.java:[65,14] [deprecation] FeatureFlags in com.gooddata.sdk.model.featureflag has been deprecated
[WARNING] /home/gabsko/breaking-updates/gooddata-java-model/src/test/java/com/gooddata/sdk/model/featureflag/FeatureFlagsTest.java:[65,39] [deprecation] FeatureFlags in com.gooddata.sdk.model.featureflag has been deprecated
[WARNING] /home/gabsko/breaking-updates/gooddata-java-model/src/test/java/com/gooddata/sdk/model/featureflag/FeatureFlagsTest.java:[71,14] [deprecation] FeatureFlags in com.gooddata.sdk.model.featureflag has been deprecated
[WARNING] /home/gabsko/breaking-updates/gooddata-java-model/src/test/java/com/gooddata/sdk/model/featureflag/FeatureFlagsTest.java:[71,39] [deprecation] FeatureFlags in com.gooddata.sdk.model.featureflag has been deprecated
[WARNING] /home/gabsko/breaking-updates/gooddata-java-model/src/test/java/com/gooddata/sdk/model/featureflag/FeatureFlagsTest.java:[82,14] [deprecation] FeatureFlags in com.gooddata.sdk.model.featureflag has been deprecated
[WARNING] /home/gabsko/breaking-updates/gooddata-java-model/src/test/java/com/gooddata/sdk/model/featureflag/FeatureFlagsTest.java:[82,39] [deprecation] FeatureFlags in com.gooddata.sdk.model.featureflag has been deprecated
[WARNING] /home/gabsko/breaking-updates/gooddata-java-model/src/test/java/com/gooddata/sdk/model/featureflag/FeatureFlagsTest.java:[84,52] [deprecation] FeatureFlags in com.gooddata.sdk.model.featureflag has been deprecated
[WARNING] /home/gabsko/breaking-updates/gooddata-java-model/src/test/java/com/gooddata/sdk/model/featureflag/ProjectFeatureFlagsTest.java:[28,14] [deprecation] ProjectFeatureFlags in com.gooddata.sdk.model.featureflag has been deprecated
[WARNING] /home/gabsko/breaking-updates/gooddata-java-model/src/test/java/com/gooddata/sdk/model/featureflag/ProjectFeatureFlagsTest.java:[29,16] [deprecation] ProjectFeatureFlags in com.gooddata.sdk.model.featureflag has been deprecated
[WARNING] /home/gabsko/breaking-updates/gooddata-java-model/src/test/java/com/gooddata/sdk/model/featureflag/ProjectFeatureFlagsTest.java:[33,20] [deprecation] ProjectFeatureFlag in com.gooddata.sdk.model.featureflag has been deprecated
[WARNING] /home/gabsko/breaking-updates/gooddata-java-model/src/test/java/com/gooddata/sdk/model/featureflag/ProjectFeatureFlagsTest.java:[34,20] [deprecation] ProjectFeatureFlag in com.gooddata.sdk.model.featureflag has been deprecated
[WARNING] /home/gabsko/breaking-updates/gooddata-java-model/src/test/java/com/gooddata/sdk/model/featureflag/ProjectFeatureFlagsTest.java:[35,20] [deprecation] ProjectFeatureFlag in com.gooddata.sdk.model.featureflag has been deprecated
[WARNING] /home/gabsko/breaking-updates/gooddata-java-model/src/test/java/com/gooddata/sdk/model/featureflag/ProjectFeatureFlagsTest.java:[40,14] [deprecation] ProjectFeatureFlags in com.gooddata.sdk.model.featureflag has been deprecated
[WARNING] /home/gabsko/breaking-updates/gooddata-java-model/src/test/java/com/gooddata/sdk/model/featureflag/ProjectFeatureFlagsTest.java:[40,60] [deprecation] ProjectFeatureFlags in com.gooddata.sdk.model.featureflag has been deprecated
[WARNING] /home/gabsko/breaking-updates/gooddata-java-model/src/test/java/com/gooddata/sdk/model/featureflag/ProjectFeatureFlagsTest.java:[41,20] [deprecation] ProjectFeatureFlag in com.gooddata.sdk.model.featureflag has been deprecated
[WARNING] /home/gabsko/breaking-updates/gooddata-java-model/src/test/java/com/gooddata/sdk/model/featureflag/ProjectFeatureFlagsTest.java:[42,20] [deprecation] ProjectFeatureFlag in com.gooddata.sdk.model.featureflag has been deprecated
[WARNING] /home/gabsko/breaking-updates/gooddata-java-model/src/test/java/com/gooddata/sdk/model/featureflag/ProjectFeatureFlagsTest.java:[53,14] [deprecation] ProjectFeatureFlags in com.gooddata.sdk.model.featureflag has been deprecated
[WARNING] /home/gabsko/breaking-updates/gooddata-java-model/src/test/java/com/gooddata/sdk/model/featureflag/ProjectFeatureFlagsTest.java:[54,16] [deprecation] ProjectFeatureFlags in com.gooddata.sdk.model.featureflag has been deprecated
[WARNING] /home/gabsko/breaking-updates/gooddata-java-model/src/test/java/com/gooddata/sdk/model/featureflag/ProjectFeatureFlagsTest.java:[55,13] [deprecation] ProjectFeatureFlag in com.gooddata.sdk.model.featureflag has been deprecated
[WARNING] /home/gabsko/breaking-updates/gooddata-java-model/src/test/java/com/gooddata/sdk/model/featureflag/ProjectFeatureFlagsTest.java:[57,24] [deprecation] ProjectFeatureFlag in com.gooddata.sdk.model.featureflag has been deprecated
[WARNING] /home/gabsko/breaking-updates/gooddata-java-model/src/test/java/com/gooddata/sdk/model/featureflag/ProjectFeatureFlagsTest.java:[58,24] [deprecation] ProjectFeatureFlag in com.gooddata.sdk.model.featureflag has been deprecated
[WARNING] /home/gabsko/breaking-updates/gooddata-java-model/src/test/java/com/gooddata/sdk/model/featureflag/ProjectFeatureFlagsTest.java:[59,24] [deprecation] ProjectFeatureFlag in com.gooddata.sdk.model.featureflag has been deprecated
[WARNING] /home/gabsko/breaking-updates/gooddata-java-model/src/test/java/com/gooddata/sdk/model/featureflag/ProjectFeatureFlagsTest.java:[65,14] [deprecation] ProjectFeatureFlags in com.gooddata.sdk.model.featureflag has been deprecated
[WARNING] /home/gabsko/breaking-updates/gooddata-java-model/src/test/java/com/gooddata/sdk/model/featureflag/ProjectFeatureFlagsTest.java:[65,46] [deprecation] ProjectFeatureFlags in com.gooddata.sdk.model.featureflag has been deprecated
[WARNING] /home/gabsko/breaking-updates/gooddata-java-model/src/test/java/com/gooddata/sdk/model/featureflag/ProjectFeatureFlagsTest.java:[66,16] [deprecation] ProjectFeatureFlag in com.gooddata.sdk.model.featureflag has been deprecated
[WARNING] /home/gabsko/breaking-updates/gooddata-java-model/src/test/java/com/gooddata/sdk/model/featureflag/ProjectFeatureFlagsTest.java:[67,16] [deprecation] ProjectFeatureFlag in com.gooddata.sdk.model.featureflag has been deprecated
[WARNING] /home/gabsko/breaking-updates/gooddata-java-model/src/test/java/com/gooddata/sdk/model/featureflag/ProjectFeatureFlagsTest.java:[77,14] [deprecation] ProjectFeatureFlags in com.gooddata.sdk.model.featureflag has been deprecated
[WARNING] /home/gabsko/breaking-updates/gooddata-java-model/src/test/java/com/gooddata/sdk/model/featureflag/ProjectFeatureFlagsTest.java:[77,46] [deprecation] ProjectFeatureFlags in com.gooddata.sdk.model.featureflag has been deprecated
[WARNING] /home/gabsko/breaking-updates/gooddata-java-model/src/test/java/com/gooddata/sdk/model/featureflag/ProjectFeatureFlagsTest.java:[78,34] [deprecation] ProjectFeatureFlag in com.gooddata.sdk.model.featureflag has been deprecated
[WARNING] /home/gabsko/breaking-updates/gooddata-java-model/src/test/java/com/gooddata/sdk/model/featureflag/ProjectFeatureFlagsTest.java:[84,14] [deprecation] ProjectFeatureFlags in com.gooddata.sdk.model.featureflag has been deprecated
[WARNING] /home/gabsko/breaking-updates/gooddata-java-model/src/test/java/com/gooddata/sdk/model/featureflag/ProjectFeatureFlagsTest.java:[84,46] [deprecation] ProjectFeatureFlags in com.gooddata.sdk.model.featureflag has been deprecated
[INFO] 
[INFO] --- gmavenplus-plugin:1.13.0:compileTests (default) @ gooddata-java-model ---
[INFO] Using isolated classloader, without GMavenPlus classpath.
[INFO] Using Groovy 2.5.4 to perform compileTests.
[INFO] Compiled 166 files.
[INFO] 
[INFO] --- maven-surefire-plugin:2.22.2:test (default-test) @ gooddata-java-model ---
[INFO] 
[INFO] -------------------------------------------------------
[INFO]  T E S T S
[INFO] -------------------------------------------------------
[INFO] Running com.gooddata.sdk.model.account.SeparatorSettingsTest
[INFO] Tests run: 1, Failures: 0, Errors: 0, Skipped: 0, Time elapsed: 0.229 s - in com.gooddata.sdk.model.account.SeparatorSettingsTest
[INFO] Running com.gooddata.sdk.model.md.UriToIdentifierTest
[INFO] Tests run: 1, Failures: 0, Errors: 0, Skipped: 0, Time elapsed: 0.356 s - in com.gooddata.sdk.model.md.UriToIdentifierTest
[INFO] Running com.gooddata.sdk.model.md.report.TotalTest
[INFO] Tests run: 3, Failures: 0, Errors: 0, Skipped: 0, Time elapsed: 0.038 s - in com.gooddata.sdk.model.md.report.TotalTest
[INFO] Running com.gooddata.sdk.model.md.dashboard.KpiTest
[INFO] Tests run: 2, Failures: 0, Errors: 0, Skipped: 0, Time elapsed: 0.117 s - in com.gooddata.sdk.model.md.dashboard.KpiTest
[INFO] Running com.gooddata.sdk.model.md.dashboard.AnalyticalDashboardTest
[INFO] Tests run: 2, Failures: 0, Errors: 0, Skipped: 0, Time elapsed: 0.008 s - in com.gooddata.sdk.model.md.dashboard.AnalyticalDashboardTest
[INFO] Running com.gooddata.sdk.model.md.dashboard.KpiAlertTest
[INFO] Tests run: 3, Failures: 0, Errors: 0, Skipped: 0, Time elapsed: 0.011 s - in com.gooddata.sdk.model.md.dashboard.KpiAlertTest
[INFO] Running com.gooddata.sdk.model.md.dashboard.filter.AttributeFilterReferenceTest
[INFO] Tests run: 2, Failures: 0, Errors: 0, Skipped: 0, Time elapsed: 0.001 s - in com.gooddata.sdk.model.md.dashboard.filter.AttributeFilterReferenceTest
[INFO] Running com.gooddata.sdk.model.md.dashboard.filter.DashboardAttributeFilterTest
[INFO] Tests run: 2, Failures: 0, Errors: 0, Skipped: 0, Time elapsed: 0.004 s - in com.gooddata.sdk.model.md.dashboard.filter.DashboardAttributeFilterTest
[INFO] Running com.gooddata.sdk.model.md.dashboard.filter.DashboardDateFilterTest
[INFO] Tests run: 3, Failures: 0, Errors: 0, Skipped: 0, Time elapsed: 0.03 s - in com.gooddata.sdk.model.md.dashboard.filter.DashboardDateFilterTest
[INFO] Running com.gooddata.sdk.model.md.dashboard.filter.DateFilterReferenceTest
[INFO] Tests run: 2, Failures: 0, Errors: 0, Skipped: 0, Time elapsed: 0.003 s - in com.gooddata.sdk.model.md.dashboard.filter.DateFilterReferenceTest
[INFO] Running com.gooddata.sdk.model.md.dashboard.filter.DashboardFilterContextTest
[INFO] Tests run: 2, Failures: 0, Errors: 0, Skipped: 0, Time elapsed: 0.012 s - in com.gooddata.sdk.model.md.dashboard.filter.DashboardFilterContextTest
[INFO] Running com.gooddata.sdk.model.md.visualization.VisualizationConverterTest
[INFO] Tests run: 24, Failures: 0, Errors: 0, Skipped: 0, Time elapsed: 0.617 s - in com.gooddata.sdk.model.md.visualization.VisualizationConverterTest
[INFO] Running com.gooddata.sdk.model.md.visualization.BucketTest
[INFO] Tests run: 5, Failures: 0, Errors: 0, Skipped: 0, Time elapsed: 0.058 s - in com.gooddata.sdk.model.md.visualization.BucketTest
[INFO] Running com.gooddata.sdk.model.md.visualization.VisualizationClassTest
[INFO] Tests run: 4, Failures: 0, Errors: 0, Skipped: 0, Time elapsed: 0.012 s - in com.gooddata.sdk.model.md.visualization.VisualizationClassTest
[INFO] Running com.gooddata.sdk.model.md.visualization.MeasureTest
[INFO] Tests run: 6, Failures: 0, Errors: 0, Skipped: 0, Time elapsed: 0.042 s - in com.gooddata.sdk.model.md.visualization.MeasureTest
[INFO] Running com.gooddata.sdk.model.md.visualization.VisualizationObjectTest
[INFO] Tests run: 19, Failures: 0, Errors: 0, Skipped: 0, Time elapsed: 0.087 s - in com.gooddata.sdk.model.md.visualization.VisualizationObjectTest
[INFO] Running com.gooddata.sdk.model.md.visualization.VisualizationAttributeTest
[INFO] Tests run: 3, Failures: 0, Errors: 0, Skipped: 0, Time elapsed: 0.006 s - in com.gooddata.sdk.model.md.visualization.VisualizationAttributeTest
[INFO] Running com.gooddata.sdk.model.md.IdentifiersAndUrisTest
[INFO] Tests run: 2, Failures: 0, Errors: 0, Skipped: 0, Time elapsed: 0.011 s - in com.gooddata.sdk.model.md.IdentifiersAndUrisTest
[INFO] Running com.gooddata.sdk.model.util.UriHelperTest
[INFO] Tests run: 4, Failures: 0, Errors: 0, Skipped: 0, Time elapsed: 0.004 s - in com.gooddata.sdk.model.util.UriHelperTest
[INFO] Running com.gooddata.sdk.model.executeafm.response.TotalHeaderItemTest
[INFO] Tests run: 2, Failures: 0, Errors: 0, Skipped: 0, Time elapsed: 0.02 s - in com.gooddata.sdk.model.executeafm.response.TotalHeaderItemTest
[INFO] Running com.gooddata.sdk.model.executeafm.response.MeasureGroupHeaderTest
[INFO] Tests run: 2, Failures: 0, Errors: 0, Skipped: 0, Time elapsed: 0.009 s - in com.gooddata.sdk.model.executeafm.response.MeasureGroupHeaderTest
[INFO] Running com.gooddata.sdk.model.executeafm.response.AttributeHeaderTest
[INFO] Tests run: 6, Failures: 0, Errors: 0, Skipped: 0, Time elapsed: 0.012 s - in com.gooddata.sdk.model.executeafm.response.AttributeHeaderTest
[INFO] Running com.gooddata.sdk.model.executeafm.response.AttributeInHeaderTest
[INFO] Tests run: 3, Failures: 0, Errors: 0, Skipped: 0, Time elapsed: 0.01 s - in com.gooddata.sdk.model.executeafm.response.AttributeInHeaderTest
[INFO] Running com.gooddata.sdk.model.executeafm.response.ExecutionResponseTest
[INFO] Tests run: 2, Failures: 0, Errors: 0, Skipped: 0, Time elapsed: 0.007 s - in com.gooddata.sdk.model.executeafm.response.ExecutionResponseTest
[INFO] Running com.gooddata.sdk.model.executeafm.response.HeaderTest
[INFO] Tests run: 2, Failures: 0, Errors: 0, Skipped: 0, Time elapsed: 0 s - in com.gooddata.sdk.model.executeafm.response.HeaderTest
[INFO] Running com.gooddata.sdk.model.executeafm.response.MeasureHeaderItemTest
[INFO] Tests run: 5, Failures: 0, Errors: 0, Skipped: 0, Time elapsed: 0.003 s - in com.gooddata.sdk.model.executeafm.response.MeasureHeaderItemTest
[INFO] Running com.gooddata.sdk.model.executeafm.response.ResultDimensionTest
[INFO] Tests run: 2, Failures: 0, Errors: 0, Skipped: 0, Time elapsed: 0.004 s - in com.gooddata.sdk.model.executeafm.response.ResultDimensionTest
[INFO] Running com.gooddata.sdk.model.executeafm.QualifierTest
[INFO] Tests run: 4, Failures: 0, Errors: 0, Skipped: 0, Time elapsed: 0.004 s - in com.gooddata.sdk.model.executeafm.QualifierTest
[INFO] Running com.gooddata.sdk.model.executeafm.VisualizationExecutionTest
[INFO] Tests run: 3, Failures: 0, Errors: 0, Skipped: 0, Time elapsed: 0.012 s - in com.gooddata.sdk.model.executeafm.VisualizationExecutionTest
[INFO] Running com.gooddata.sdk.model.executeafm.IdentifierObjQualifierTest
[INFO] Tests run: 4, Failures: 0, Errors: 0, Skipped: 0, Time elapsed: 0.01 s - in com.gooddata.sdk.model.executeafm.IdentifierObjQualifierTest
[INFO] Running com.gooddata.sdk.model.executeafm.UriObjQualifierTest
[INFO] Tests run: 4, Failures: 0, Errors: 0, Skipped: 0, Time elapsed: 0.007 s - in com.gooddata.sdk.model.executeafm.UriObjQualifierTest
[INFO] Running com.gooddata.sdk.model.executeafm.resultspec.TotalItemTest
[INFO] Tests run: 3, Failures: 0, Errors: 0, Skipped: 0, Time elapsed: 0.01 s - in com.gooddata.sdk.model.executeafm.resultspec.TotalItemTest
[INFO] Running com.gooddata.sdk.model.executeafm.resultspec.AttributeSortItemTest
[INFO] Tests run: 3, Failures: 0, Errors: 0, Skipped: 0, Time elapsed: 0.003 s - in com.gooddata.sdk.model.executeafm.resultspec.AttributeSortItemTest
[INFO] Running com.gooddata.sdk.model.executeafm.resultspec.TotalLocatorItemTest
[INFO] Tests run: 2, Failures: 0, Errors: 0, Skipped: 0, Time elapsed: 0.003 s - in com.gooddata.sdk.model.executeafm.resultspec.TotalLocatorItemTest
[INFO] Running com.gooddata.sdk.model.executeafm.resultspec.DimensionTest
[INFO] Tests run: 5, Failures: 0, Errors: 0, Skipped: 0, Time elapsed: 0.006 s - in com.gooddata.sdk.model.executeafm.resultspec.DimensionTest
[INFO] Running com.gooddata.sdk.model.executeafm.resultspec.AttributeLocatorItemTest
[INFO] Tests run: 2, Failures: 0, Errors: 0, Skipped: 0, Time elapsed: 0.002 s - in com.gooddata.sdk.model.executeafm.resultspec.AttributeLocatorItemTest
[INFO] Running com.gooddata.sdk.model.executeafm.resultspec.ResultSpecTest
[INFO] Tests run: 5, Failures: 0, Errors: 0, Skipped: 0, Time elapsed: 0.016 s - in com.gooddata.sdk.model.executeafm.resultspec.ResultSpecTest
[INFO] Running com.gooddata.sdk.model.executeafm.resultspec.MeasureSortItemTest
[INFO] Tests run: 2, Failures: 0, Errors: 0, Skipped: 0, Time elapsed: 0.003 s - in com.gooddata.sdk.model.executeafm.resultspec.MeasureSortItemTest
[INFO] Running com.gooddata.sdk.model.executeafm.resultspec.MeasureLocatorItemTest
[INFO] Tests run: 2, Failures: 0, Errors: 0, Skipped: 0, Time elapsed: 0.002 s - in com.gooddata.sdk.model.executeafm.resultspec.MeasureLocatorItemTest
[INFO] Running com.gooddata.sdk.model.executeafm.ResultPageTest
[INFO] Tests run: 6, Failures: 0, Errors: 0, Skipped: 0, Time elapsed: 0.005 s - in com.gooddata.sdk.model.executeafm.ResultPageTest
[INFO] Running com.gooddata.sdk.model.executeafm.ObjQualifierTest
[INFO] Tests run: 3, Failures: 0, Errors: 0, Skipped: 0, Time elapsed: 0.003 s - in com.gooddata.sdk.model.executeafm.ObjQualifierTest
[INFO] Running com.gooddata.sdk.model.executeafm.LocalIdentifierQualifierTest
[INFO] Tests run: 4, Failures: 0, Errors: 0, Skipped: 0, Time elapsed: 0.017 s - in com.gooddata.sdk.model.executeafm.LocalIdentifierQualifierTest
[INFO] Running com.gooddata.sdk.model.executeafm.afm.SimpleMeasureDefinitionTest
[INFO] Tests run: 12, Failures: 0, Errors: 0, Skipped: 0, Time elapsed: 0.048 s - in com.gooddata.sdk.model.executeafm.afm.SimpleMeasureDefinitionTest
[INFO] Running com.gooddata.sdk.model.executeafm.afm.MeasureDefinitionTest
[INFO] Tests run: 5, Failures: 0, Errors: 0, Skipped: 0, Time elapsed: 0.018 s - in com.gooddata.sdk.model.executeafm.afm.MeasureDefinitionTest
[INFO] Running com.gooddata.sdk.model.executeafm.afm.PreviousPeriodDateDataSetTest
[INFO] Tests run: 5, Failures: 0, Errors: 0, Skipped: 0, Time elapsed: 0.012 s - in com.gooddata.sdk.model.executeafm.afm.PreviousPeriodDateDataSetTest
[INFO] Running com.gooddata.sdk.model.executeafm.afm.AttributeItemTest
[INFO] Tests run: 6, Failures: 0, Errors: 0, Skipped: 0, Time elapsed: 0.013 s - in com.gooddata.sdk.model.executeafm.afm.AttributeItemTest
[INFO] Running com.gooddata.sdk.model.executeafm.afm.ObjIdentifierUtilitiesTest
[INFO] Tests run: 4, Failures: 0, Errors: 0, Skipped: 0, Time elapsed: 0.011 s - in com.gooddata.sdk.model.executeafm.afm.ObjIdentifierUtilitiesTest
[INFO] Running com.gooddata.sdk.model.executeafm.afm.OverPeriodDateAttributeTest
[INFO] Tests run: 5, Failures: 0, Errors: 0, Skipped: 0, Time elapsed: 0.013 s - in com.gooddata.sdk.model.executeafm.afm.OverPeriodDateAttributeTest
[INFO] Running com.gooddata.sdk.model.executeafm.afm.PreviousPeriodMeasureDefinitionTest
[INFO] Tests run: 8, Failures: 0, Errors: 0, Skipped: 0, Time elapsed: 0.028 s - in com.gooddata.sdk.model.executeafm.afm.PreviousPeriodMeasureDefinitionTest
[INFO] Running com.gooddata.sdk.model.executeafm.afm.PopMeasureDefinitionTest
[INFO] Tests run: 8, Failures: 0, Errors: 0, Skipped: 0, Time elapsed: 0.021 s - in com.gooddata.sdk.model.executeafm.afm.PopMeasureDefinitionTest
[INFO] Running com.gooddata.sdk.model.executeafm.afm.OverPeriodMeasureDefinitionTest
[INFO] Tests run: 8, Failures: 0, Errors: 0, Skipped: 0, Time elapsed: 0.031 s - in com.gooddata.sdk.model.executeafm.afm.OverPeriodMeasureDefinitionTest
[INFO] Running com.gooddata.sdk.model.executeafm.afm.MeasureItemTest
[INFO] Tests run: 7, Failures: 0, Errors: 0, Skipped: 0, Time elapsed: 0.017 s - in com.gooddata.sdk.model.executeafm.afm.MeasureItemTest
[INFO] Running com.gooddata.sdk.model.executeafm.afm.ArithmeticMeasureDefinitionTest
[INFO] Tests run: 4, Failures: 0, Errors: 0, Skipped: 0, Time elapsed: 0.005 s - in com.gooddata.sdk.model.executeafm.afm.ArithmeticMeasureDefinitionTest
[INFO] Running com.gooddata.sdk.model.executeafm.afm.AfmTest
[INFO] Tests run: 8, Failures: 0, Errors: 0, Skipped: 0, Time elapsed: 0.026 s - in com.gooddata.sdk.model.executeafm.afm.AfmTest
[INFO] Running com.gooddata.sdk.model.executeafm.afm.NativeTotalItemTest
[INFO] Tests run: 2, Failures: 0, Errors: 0, Skipped: 0, Time elapsed: 0.002 s - in com.gooddata.sdk.model.executeafm.afm.NativeTotalItemTest
[INFO] Running com.gooddata.sdk.model.executeafm.afm.filter.RelativeDateFilterTest
[INFO] Tests run: 5, Failures: 0, Errors: 0, Skipped: 0, Time elapsed: 0.017 s - in com.gooddata.sdk.model.executeafm.afm.filter.RelativeDateFilterTest
[INFO] Running com.gooddata.sdk.model.executeafm.afm.filter.CompatibilityFilterTest
[INFO] Tests run: 8, Failures: 0, Errors: 0, Skipped: 0, Time elapsed: 0.004 s - in com.gooddata.sdk.model.executeafm.afm.filter.CompatibilityFilterTest
[INFO] Running com.gooddata.sdk.model.executeafm.afm.filter.ExpressionFilterTest
[INFO] Tests run: 3, Failures: 0, Errors: 0, Skipped: 0, Time elapsed: 0.005 s - in com.gooddata.sdk.model.executeafm.afm.filter.ExpressionFilterTest
[INFO] Running com.gooddata.sdk.model.executeafm.afm.filter.PositiveAttributeFilterTest
[INFO] Tests run: 5, Failures: 0, Errors: 0, Skipped: 0, Time elapsed: 0.022 s - in com.gooddata.sdk.model.executeafm.afm.filter.PositiveAttributeFilterTest
[INFO] Running com.gooddata.sdk.model.executeafm.afm.filter.ExtendedFilterTest
[INFO] Tests run: 7, Failures: 0, Errors: 0, Skipped: 0, Time elapsed: 0.003 s - in com.gooddata.sdk.model.executeafm.afm.filter.ExtendedFilterTest
[INFO] Running com.gooddata.sdk.model.executeafm.afm.filter.MeasureValueFilterConditionTest
[INFO] Tests run: 2, Failures: 0, Errors: 0, Skipped: 0, Time elapsed: 0.002 s - in com.gooddata.sdk.model.executeafm.afm.filter.MeasureValueFilterConditionTest
[INFO] Running com.gooddata.sdk.model.executeafm.afm.filter.FilterItemTest
[INFO] Tests run: 4, Failures: 0, Errors: 0, Skipped: 0, Time elapsed: 0.003 s - in com.gooddata.sdk.model.executeafm.afm.filter.FilterItemTest
[INFO] Running com.gooddata.sdk.model.executeafm.afm.filter.UriAttributeFilterElementsTest
[INFO] Tests run: 3, Failures: 0, Errors: 0, Skipped: 0, Time elapsed: 0.006 s - in com.gooddata.sdk.model.executeafm.afm.filter.UriAttributeFilterElementsTest
[INFO] Running com.gooddata.sdk.model.executeafm.afm.filter.RankingFilterOperatorTest
[INFO] Tests run: 6, Failures: 0, Errors: 0, Skipped: 0, Time elapsed: 0.003 s - in com.gooddata.sdk.model.executeafm.afm.filter.RankingFilterOperatorTest
[INFO] Running com.gooddata.sdk.model.executeafm.afm.filter.AbsoluteDateFilterTest
[INFO] Tests run: 5, Failures: 0, Errors: 0, Skipped: 0, Time elapsed: 0.022 s - in com.gooddata.sdk.model.executeafm.afm.filter.AbsoluteDateFilterTest
[INFO] Running com.gooddata.sdk.model.executeafm.afm.filter.RangeConditionTest
[ERROR] Tests run: 13, Failures: 1, Errors: 0, Skipped: 0, Time elapsed: 0.076 s <<< FAILURE! - in com.gooddata.sdk.model.executeafm.afm.filter.RangeConditionTest
[ERROR] should verify equals(com.gooddata.sdk.model.executeafm.afm.filter.RangeConditionTest)  Time elapsed: 0.057 s  <<< FAILURE!
org.spockframework.runtime.ConditionFailedWithExceptionError: 
Condition failed with Exception:

EqualsVerifier.forClass(RangeCondition).usingGetClass().verify()
|              |        |               |               |
|              |        |               |               java.lang.AssertionError: EqualsVerifier found a problem in class com.gooddata.sdk.model.executeafm.afm.filter.RangeCondition.
|              |        |               |               -> BigDecimal equality: object does not equal a copy of itself where BigDecimal field from has a value that is equal using compareTo: 0 compared to 0.0
|              |        |               |               If these values should be considered equal then use compareTo rather than equals for this field.
|              |        |               |               If these values should not be considered equal, suppress Warning.BIGDECIMAL_EQUALITY to disable this check.
|              |        |               |                
|              |        |               |               For more information, go to: https://www.jqno.nl/equalsverifier/errormessages
|              |        |               |               	at nl.jqno.equalsverifier.api.SingleTypeEqualsVerifierApi.verify(SingleTypeEqualsVerifierApi.java:314)
|              |        |               |               	at com.gooddata.sdk.model.executeafm.afm.filter.RangeConditionTest.should verify equals(RangeConditionTest.groovy:115)
|              |        |               |               Caused by: nl.jqno.equalsverifier.internal.exceptions.AssertionException
|              |        |               |               	at nl.jqno.equalsverifier.internal.util.Assert.assertEquals(Assert.java:25)
|              |        |               |               	at nl.jqno.equalsverifier.internal.checkers.fieldchecks.BigDecimalFieldCheck.checkEquals(BigDecimalFieldCheck.java:65)
|              |        |               |               	at nl.jqno.equalsverifier.internal.checkers.fieldchecks.BigDecimalFieldCheck.execute(BigDecimalFieldCheck.java:42)
|              |        |               |               	at nl.jqno.equalsverifier.internal.checkers.FieldInspector.check(FieldInspector.java:29)
|              |        |               |               	at nl.jqno.equalsverifier.internal.checkers.FieldsChecker.check(FieldsChecker.java:88)
|              |        |               |               	at nl.jqno.equalsverifier.api.SingleTypeEqualsVerifierApi.verifyWithExamples(SingleTypeEqualsVerifierApi.java:421)
|              |        |               |               	at nl.jqno.equalsverifier.api.SingleTypeEqualsVerifierApi.performVerification(SingleTypeEqualsVerifierApi.java:377)
|              |        |               |               	at nl.jqno.equalsverifier.api.SingleTypeEqualsVerifierApi.verify(SingleTypeEqualsVerifierApi.java:312)
|              |        |               |               	... 1 more
|              |        |               <nl.jqno.equalsverifier.api.SingleTypeEqualsVerifierApi@36478bce type=class com.gooddata.sdk.model.executeafm.afm.filter.RangeCondition actualFields=[treatNullValuesAs, serialVersionUID, from, to, operator, NAME] warningsToSuppress=[] usingGetClass=true hasRedefinedSuperclass=false redefinedSubclass=null factoryCache=nl.jqno.equalsverifier.internal.prefabvalues.FactoryCache@39d77de9 cachedHashCodeInitializer=nl.jqno.equalsverifier.internal.util.CachedHashCodeInitializer@696fad31 allExcludedFields=[] allIncludedFields=[] nonnullFields=[] ignoredAnnotationClassNames=[] equalExamples=[] unequalExamples=[]>
|              |        class com.gooddata.sdk.model.executeafm.afm.filter.RangeCondition
|              <nl.jqno.equalsverifier.api.SingleTypeEqualsVerifierApi@36478bce type=class com.gooddata.sdk.model.executeafm.afm.filter.RangeCondition actualFields=[treatNullValuesAs, serialVersionUID, from, to, operator, NAME] warningsToSuppress=[] usingGetClass=true hasRedefinedSuperclass=false redefinedSubclass=null factoryCache=nl.jqno.equalsverifier.internal.prefabvalues.FactoryCache@39d77de9 cachedHashCodeInitializer=nl.jqno.equalsverifier.internal.util.CachedHashCodeInitializer@696fad31 allExcludedFields=[] allIncludedFields=[] nonnullFields=[] ignoredAnnotationClassNames=[] equalExamples=[] unequalExamples=[]>
class nl.jqno.equalsverifier.EqualsVerifier

	at com.gooddata.sdk.model.executeafm.afm.filter.RangeConditionTest.should verify equals(RangeConditionTest.groovy:115)
Caused by: java.lang.AssertionError: 
EqualsVerifier found a problem in class com.gooddata.sdk.model.executeafm.afm.filter.RangeCondition.
-> BigDecimal equality: object does not equal a copy of itself where BigDecimal field from has a value that is equal using compareTo: 0 compared to 0.0
If these values should be considered equal then use compareTo rather than equals for this field.
If these values should not be considered equal, suppress Warning.BIGDECIMAL_EQUALITY to disable this check.

For more information, go to: https://www.jqno.nl/equalsverifier/errormessages
	at com.gooddata.sdk.model.executeafm.afm.filter.RangeConditionTest.should verify equals(RangeConditionTest.groovy:115)
Caused by: nl.jqno.equalsverifier.internal.exceptions.AssertionException
	at com.gooddata.sdk.model.executeafm.afm.filter.RangeConditionTest.should verify equals(RangeConditionTest.groovy:115)

[INFO] Running com.gooddata.sdk.model.executeafm.afm.filter.MeasureValueFilterTest
[INFO] Tests run: 5, Failures: 0, Errors: 0, Skipped: 0, Time elapsed: 0.011 s - in com.gooddata.sdk.model.executeafm.afm.filter.MeasureValueFilterTest
[INFO] Running com.gooddata.sdk.model.executeafm.afm.filter.NegativeAttributeFilterTest
[INFO] Tests run: 5, Failures: 0, Errors: 0, Skipped: 0, Time elapsed: 0.023 s - in com.gooddata.sdk.model.executeafm.afm.filter.NegativeAttributeFilterTest
[INFO] Running com.gooddata.sdk.model.executeafm.afm.filter.ComparisonConditionTest
[ERROR] Tests run: 21, Failures: 1, Errors: 0, Skipped: 0, Time elapsed: 0.031 s <<< FAILURE! - in com.gooddata.sdk.model.executeafm.afm.filter.ComparisonConditionTest
[ERROR] should verify equals(com.gooddata.sdk.model.executeafm.afm.filter.ComparisonConditionTest)  Time elapsed: 0.015 s  <<< FAILURE!
org.spockframework.runtime.ConditionFailedWithExceptionError: 
Condition failed with Exception:

EqualsVerifier.forClass(ComparisonCondition).usingGetClass().verify()
|              |        |                    |               |
|              |        |                    |               java.lang.AssertionError: EqualsVerifier found a problem in class com.gooddata.sdk.model.executeafm.afm.filter.ComparisonCondition.
|              |        |                    |               -> BigDecimal equality: object does not equal a copy of itself where BigDecimal field value has a value that is equal using compareTo: 0 compared to 0.0
|              |        |                    |               If these values should be considered equal then use compareTo rather than equals for this field.
|              |        |                    |               If these values should not be considered equal, suppress Warning.BIGDECIMAL_EQUALITY to disable this check.
|              |        |                    |                
|              |        |                    |               For more information, go to: https://www.jqno.nl/equalsverifier/errormessages
|              |        |                    |               	at nl.jqno.equalsverifier.api.SingleTypeEqualsVerifierApi.verify(SingleTypeEqualsVerifierApi.java:314)
|              |        |                    |               	at com.gooddata.sdk.model.executeafm.afm.filter.ComparisonConditionTest.should verify equals(ComparisonConditionTest.groovy:127)
|              |        |                    |               Caused by: nl.jqno.equalsverifier.internal.exceptions.AssertionException
|              |        |                    |               	at nl.jqno.equalsverifier.internal.util.Assert.assertEquals(Assert.java:25)
|              |        |                    |               	at nl.jqno.equalsverifier.internal.checkers.fieldchecks.BigDecimalFieldCheck.checkEquals(BigDecimalFieldCheck.java:65)
|              |        |                    |               	at nl.jqno.equalsverifier.internal.checkers.fieldchecks.BigDecimalFieldCheck.execute(BigDecimalFieldCheck.java:42)
|              |        |                    |               	at nl.jqno.equalsverifier.internal.checkers.FieldInspector.check(FieldInspector.java:29)
|              |        |                    |               	at nl.jqno.equalsverifier.internal.checkers.FieldsChecker.check(FieldsChecker.java:88)
|              |        |                    |               	at nl.jqno.equalsverifier.api.SingleTypeEqualsVerifierApi.verifyWithExamples(SingleTypeEqualsVerifierApi.java:421)
|              |        |                    |               	at nl.jqno.equalsverifier.api.SingleTypeEqualsVerifierApi.performVerification(SingleTypeEqualsVerifierApi.java:377)
|              |        |                    |               	at nl.jqno.equalsverifier.api.SingleTypeEqualsVerifierApi.verify(SingleTypeEqualsVerifierApi.java:312)
|              |        |                    |               	... 1 more
|              |        |                    <nl.jqno.equalsverifier.api.SingleTypeEqualsVerifierApi@255d9277 type=class com.gooddata.sdk.model.executeafm.afm.filter.ComparisonCondition actualFields=[treatNullValuesAs, serialVersionUID, value, operator, NAME] warningsToSuppress=[] usingGetClass=true hasRedefinedSuperclass=false redefinedSubclass=null factoryCache=nl.jqno.equalsverifier.internal.prefabvalues.FactoryCache@1de13f34 cachedHashCodeInitializer=nl.jqno.equalsverifier.internal.util.CachedHashCodeInitializer@7e191fda allExcludedFields=[] allIncludedFields=[] nonnullFields=[] ignoredAnnotationClassNames=[] equalExamples=[] unequalExamples=[]>
|              |        class com.gooddata.sdk.model.executeafm.afm.filter.ComparisonCondition
|              <nl.jqno.equalsverifier.api.SingleTypeEqualsVerifierApi@255d9277 type=class com.gooddata.sdk.model.executeafm.afm.filter.ComparisonCondition actualFields=[treatNullValuesAs, serialVersionUID, value, operator, NAME] warningsToSuppress=[] usingGetClass=true hasRedefinedSuperclass=false redefinedSubclass=null factoryCache=nl.jqno.equalsverifier.internal.prefabvalues.FactoryCache@1de13f34 cachedHashCodeInitializer=nl.jqno.equalsverifier.internal.util.CachedHashCodeInitializer@7e191fda allExcludedFields=[] allIncludedFields=[] nonnullFields=[] ignoredAnnotationClassNames=[] equalExamples=[] unequalExamples=[]>
class nl.jqno.equalsverifier.EqualsVerifier

	at com.gooddata.sdk.model.executeafm.afm.filter.ComparisonConditionTest.should verify equals(ComparisonConditionTest.groovy:127)
Caused by: java.lang.AssertionError: 
EqualsVerifier found a problem in class com.gooddata.sdk.model.executeafm.afm.filter.ComparisonCondition.
-> BigDecimal equality: object does not equal a copy of itself where BigDecimal field value has a value that is equal using compareTo: 0 compared to 0.0
If these values should be considered equal then use compareTo rather than equals for this field.
If these values should not be considered equal, suppress Warning.BIGDECIMAL_EQUALITY to disable this check.

For more information, go to: https://www.jqno.nl/equalsverifier/errormessages
	at com.gooddata.sdk.model.executeafm.afm.filter.ComparisonConditionTest.should verify equals(ComparisonConditionTest.groovy:127)
Caused by: nl.jqno.equalsverifier.internal.exceptions.AssertionException
	at com.gooddata.sdk.model.executeafm.afm.filter.ComparisonConditionTest.should verify equals(ComparisonConditionTest.groovy:127)

[INFO] Running com.gooddata.sdk.model.executeafm.afm.filter.ValueAttributeFilterElementsTest
[INFO] Tests run: 3, Failures: 0, Errors: 0, Skipped: 0, Time elapsed: 0.003 s - in com.gooddata.sdk.model.executeafm.afm.filter.ValueAttributeFilterElementsTest
[INFO] Running com.gooddata.sdk.model.executeafm.afm.filter.RankingFilterTest
[INFO] Tests run: 13, Failures: 0, Errors: 0, Skipped: 0, Time elapsed: 0.031 s - in com.gooddata.sdk.model.executeafm.afm.filter.RankingFilterTest
[INFO] Running com.gooddata.sdk.model.executeafm.ExecutionTest
[INFO] Tests run: 5, Failures: 0, Errors: 0, Skipped: 0, Time elapsed: 0.007 s - in com.gooddata.sdk.model.executeafm.ExecutionTest
[INFO] Running com.gooddata.sdk.model.executeafm.result.DataListTest
[INFO] Tests run: 5, Failures: 0, Errors: 0, Skipped: 0, Time elapsed: 0.056 s - in com.gooddata.sdk.model.executeafm.result.DataListTest
[INFO] Running com.gooddata.sdk.model.executeafm.result.ResultTotalHeaderItemTest
[INFO] Tests run: 3, Failures: 0, Errors: 0, Skipped: 0, Time elapsed: 0.006 s - in com.gooddata.sdk.model.executeafm.result.ResultTotalHeaderItemTest
[INFO] Running com.gooddata.sdk.model.executeafm.result.ResultHeaderItemTest
[INFO] Tests run: 5, Failures: 0, Errors: 0, Skipped: 0, Time elapsed: 0.006 s - in com.gooddata.sdk.model.executeafm.result.ResultHeaderItemTest
[INFO] Running com.gooddata.sdk.model.executeafm.result.PagingTest
[INFO] Tests run: 3, Failures: 0, Errors: 0, Skipped: 0, Time elapsed: 0.005 s - in com.gooddata.sdk.model.executeafm.result.PagingTest
[INFO] Running com.gooddata.sdk.model.executeafm.result.ExecutionResultTest
[INFO] Tests run: 5, Failures: 0, Errors: 0, Skipped: 0, Time elapsed: 0.017 s - in com.gooddata.sdk.model.executeafm.result.ExecutionResultTest
[INFO] Running com.gooddata.sdk.model.executeafm.result.DataValueTest
[INFO] Tests run: 4, Failures: 0, Errors: 0, Skipped: 0, Time elapsed: 0.007 s - in com.gooddata.sdk.model.executeafm.result.DataValueTest
[INFO] Running com.gooddata.sdk.model.executeafm.result.WarningTest
[INFO] Tests run: 3, Failures: 0, Errors: 0, Skipped: 0, Time elapsed: 0.009 s - in com.gooddata.sdk.model.executeafm.result.WarningTest
[INFO] Running com.gooddata.sdk.model.executeafm.result.AttributeHeaderItemTest
[INFO] Tests run: 2, Failures: 0, Errors: 0, Skipped: 0, Time elapsed: 0.001 s - in com.gooddata.sdk.model.executeafm.result.AttributeHeaderItemTest
[INFO] Running com.gooddata.sdk.model.executeafm.result.ResultMeasureHeaderItemTest
[INFO] Tests run: 2, Failures: 0, Errors: 0, Skipped: 0, Time elapsed: 0.001 s - in com.gooddata.sdk.model.executeafm.result.ResultMeasureHeaderItemTest
[INFO] Running com.gooddata.sdk.model.executeafm.result.DataTest
[INFO] Tests run: 1, Failures: 0, Errors: 0, Skipped: 0, Time elapsed: 0.001 s - in com.gooddata.sdk.model.executeafm.result.DataTest
[INFO] Running com.gooddata.sdk.model.lcm.LcmEntityFilterTest
[INFO] Tests run: 2, Failures: 0, Errors: 0, Skipped: 0, Time elapsed: 0.002 s - in com.gooddata.sdk.model.lcm.LcmEntityFilterTest
[INFO] Running com.gooddata.sdk.model.lcm.LcmEntityTest
[INFO] Tests run: 5, Failures: 0, Errors: 0, Skipped: 0, Time elapsed: 0.059 s - in com.gooddata.sdk.model.lcm.LcmEntityTest
[INFO] Running com.gooddata.sdk.model.lcm.LcmEntitiesTest
[INFO] Tests run: 4, Failures: 0, Errors: 0, Skipped: 0, Time elapsed: 0.011 s - in com.gooddata.sdk.model.lcm.LcmEntitiesTest
[INFO] Running com.gooddata.sdk.model.project.ProjectsTest
[INFO] Tests run: 1, Failures: 0, Errors: 0, Skipped: 0, Time elapsed: 0.01 s - in com.gooddata.sdk.model.project.ProjectsTest
[INFO] 
[INFO] Results:
[INFO] 
[ERROR] Failures: 
[ERROR]   ComparisonConditionTest.should verify equals:127 Condition failed with Exception:

EqualsVerifier.forClass(ComparisonCondition).usingGetClass().verify()
|              |        |                    |               |
|              |        |                    |               java.lang.AssertionError: EqualsVerifier found a problem in class com.gooddata.sdk.model.executeafm.afm.filter.ComparisonCondition.
|              |        |                    |               -> BigDecimal equality: object does not equal a copy of itself where BigDecimal field value has a value that is equal using compareTo: 0 compared to 0.0
|              |        |                    |               If these values should be considered equal then use compareTo rather than equals for this field.
|              |        |                    |               If these values should not be considered equal, suppress Warning.BIGDECIMAL_EQUALITY to disable this check.
|              |        |                    |                
|              |        |                    |               For more information, go to: https://www.jqno.nl/equalsverifier/errormessages
|              |        |                    |               	at nl.jqno.equalsverifier.api.SingleTypeEqualsVerifierApi.verify(SingleTypeEqualsVerifierApi.java:314)
|              |        |                    |               	at com.gooddata.sdk.model.executeafm.afm.filter.ComparisonConditionTest.should verify equals(ComparisonConditionTest.groovy:127)
|              |        |                    |               Caused by: nl.jqno.equalsverifier.internal.exceptions.AssertionException
|              |        |                    |               	at nl.jqno.equalsverifier.internal.util.Assert.assertEquals(Assert.java:25)
|              |        |                    |               	at nl.jqno.equalsverifier.internal.checkers.fieldchecks.BigDecimalFieldCheck.checkEquals(BigDecimalFieldCheck.java:65)
|              |        |                    |               	at nl.jqno.equalsverifier.internal.checkers.fieldchecks.BigDecimalFieldCheck.execute(BigDecimalFieldCheck.java:42)
|              |        |                    |               	at nl.jqno.equalsverifier.internal.checkers.FieldInspector.check(FieldInspector.java:29)
|              |        |                    |               	at nl.jqno.equalsverifier.internal.checkers.FieldsChecker.check(FieldsChecker.java:88)
|              |        |                    |               	at nl.jqno.equalsverifier.api.SingleTypeEqualsVerifierApi.verifyWithExamples(SingleTypeEqualsVerifierApi.java:421)
|              |        |                    |               	at nl.jqno.equalsverifier.api.SingleTypeEqualsVerifierApi.performVerification(SingleTypeEqualsVerifierApi.java:377)
|              |        |                    |               	at nl.jqno.equalsverifier.api.SingleTypeEqualsVerifierApi.verify(SingleTypeEqualsVerifierApi.java:312)
|              |        |                    |               	... 1 more
|              |        |                    <nl.jqno.equalsverifier.api.SingleTypeEqualsVerifierApi@255d9277 type=class com.gooddata.sdk.model.executeafm.afm.filter.ComparisonCondition actualFields=[treatNullValuesAs, serialVersionUID, value, operator, NAME] warningsToSuppress=[] usingGetClass=true hasRedefinedSuperclass=false redefinedSubclass=null factoryCache=nl.jqno.equalsverifier.internal.prefabvalues.FactoryCache@1de13f34 cachedHashCodeInitializer=nl.jqno.equalsverifier.internal.util.CachedHashCodeInitializer@7e191fda allExcludedFields=[] allIncludedFields=[] nonnullFields=[] ignoredAnnotationClassNames=[] equalExamples=[] unequalExamples=[]>
|              |        class com.gooddata.sdk.model.executeafm.afm.filter.ComparisonCondition
|              <nl.jqno.equalsverifier.api.SingleTypeEqualsVerifierApi@255d9277 type=class com.gooddata.sdk.model.executeafm.afm.filter.ComparisonCondition actualFields=[treatNullValuesAs, serialVersionUID, value, operator, NAME] warningsToSuppress=[] usingGetClass=true hasRedefinedSuperclass=false redefinedSubclass=null factoryCache=nl.jqno.equalsverifier.internal.prefabvalues.FactoryCache@1de13f34 cachedHashCodeInitializer=nl.jqno.equalsverifier.internal.util.CachedHashCodeInitializer@7e191fda allExcludedFields=[] allIncludedFields=[] nonnullFields=[] ignoredAnnotationClassNames=[] equalExamples=[] unequalExamples=[]>
class nl.jqno.equalsverifier.EqualsVerifier

[ERROR]   RangeConditionTest.should verify equals:115 Condition failed with Exception:

EqualsVerifier.forClass(RangeCondition).usingGetClass().verify()
|              |        |               |               |
|              |        |               |               java.lang.AssertionError: EqualsVerifier found a problem in class com.gooddata.sdk.model.executeafm.afm.filter.RangeCondition.
|              |        |               |               -> BigDecimal equality: object does not equal a copy of itself where BigDecimal field from has a value that is equal using compareTo: 0 compared to 0.0
|              |        |               |               If these values should be considered equal then use compareTo rather than equals for this field.
|              |        |               |               If these values should not be considered equal, suppress Warning.BIGDECIMAL_EQUALITY to disable this check.
|              |        |               |                
|              |        |               |               For more information, go to: https://www.jqno.nl/equalsverifier/errormessages
|              |        |               |               	at nl.jqno.equalsverifier.api.SingleTypeEqualsVerifierApi.verify(SingleTypeEqualsVerifierApi.java:314)
|              |        |               |               	at com.gooddata.sdk.model.executeafm.afm.filter.RangeConditionTest.should verify equals(RangeConditionTest.groovy:115)
|              |        |               |               Caused by: nl.jqno.equalsverifier.internal.exceptions.AssertionException
|              |        |               |               	at nl.jqno.equalsverifier.internal.util.Assert.assertEquals(Assert.java:25)
|              |        |               |               	at nl.jqno.equalsverifier.internal.checkers.fieldchecks.BigDecimalFieldCheck.checkEquals(BigDecimalFieldCheck.java:65)
|              |        |               |               	at nl.jqno.equalsverifier.internal.checkers.fieldchecks.BigDecimalFieldCheck.execute(BigDecimalFieldCheck.java:42)
|              |        |               |               	at nl.jqno.equalsverifier.internal.checkers.FieldInspector.check(FieldInspector.java:29)
|              |        |               |               	at nl.jqno.equalsverifier.internal.checkers.FieldsChecker.check(FieldsChecker.java:88)
|              |        |               |               	at nl.jqno.equalsverifier.api.SingleTypeEqualsVerifierApi.verifyWithExamples(SingleTypeEqualsVerifierApi.java:421)
|              |        |               |               	at nl.jqno.equalsverifier.api.SingleTypeEqualsVerifierApi.performVerification(SingleTypeEqualsVerifierApi.java:377)
|              |        |               |               	at nl.jqno.equalsverifier.api.SingleTypeEqualsVerifierApi.verify(SingleTypeEqualsVerifierApi.java:312)
|              |        |               |               	... 1 more
|              |        |               <nl.jqno.equalsverifier.api.SingleTypeEqualsVerifierApi@36478bce type=class com.gooddata.sdk.model.executeafm.afm.filter.RangeCondition actualFields=[treatNullValuesAs, serialVersionUID, from, to, operator, NAME] warningsToSuppress=[] usingGetClass=true hasRedefinedSuperclass=false redefinedSubclass=null factoryCache=nl.jqno.equalsverifier.internal.prefabvalues.FactoryCache@39d77de9 cachedHashCodeInitializer=nl.jqno.equalsverifier.internal.util.CachedHashCodeInitializer@696fad31 allExcludedFields=[] allIncludedFields=[] nonnullFields=[] ignoredAnnotationClassNames=[] equalExamples=[] unequalExamples=[]>
|              |        class com.gooddata.sdk.model.executeafm.afm.filter.RangeCondition
|              <nl.jqno.equalsverifier.api.SingleTypeEqualsVerifierApi@36478bce type=class com.gooddata.sdk.model.executeafm.afm.filter.RangeCondition actualFields=[treatNullValuesAs, serialVersionUID, from, to, operator, NAME] warningsToSuppress=[] usingGetClass=true hasRedefinedSuperclass=false redefinedSubclass=null factoryCache=nl.jqno.equalsverifier.internal.prefabvalues.FactoryCache@39d77de9 cachedHashCodeInitializer=nl.jqno.equalsverifier.internal.util.CachedHashCodeInitializer@696fad31 allExcludedFields=[] allIncludedFields=[] nonnullFields=[] ignoredAnnotationClassNames=[] equalExamples=[] unequalExamples=[]>
class nl.jqno.equalsverifier.EqualsVerifier

[INFO] 
[ERROR] Tests run: 406, Failures: 2, Errors: 0, Skipped: 0
[INFO] 
[INFO] 
[INFO] -------------------------------------------------------
[INFO]  T E S T S
[INFO] -------------------------------------------------------
[INFO] Running TestSuite
[INFO] Tests run: 465, Failures: 0, Errors: 0, Skipped: 0, Time elapsed: 3.279 s - in TestSuite
[INFO] 
[INFO] Results:
[INFO] 
[INFO] Tests run: 465, Failures: 0, Errors: 0, Skipped: 0
[INFO] 
[INFO] ------------------------------------------------------------------------
[INFO] Reactor Summary for gooddata-java-parent 3.11.1+api3-SNAPSHOT:
[INFO] 
[INFO] gooddata-java-parent ............................... SUCCESS [  0.917 s]
[INFO] gooddata-java-model ................................ FAILURE [ 15.522 s]
[INFO] gooddata-java ...................................... SKIPPED
[INFO] ------------------------------------------------------------------------
[INFO] BUILD FAILURE
[INFO] ------------------------------------------------------------------------
[INFO] Total time:  16.934 s
[INFO] Finished at: 2023-01-25T01:48:25Z
[INFO] ------------------------------------------------------------------------
[ERROR] Failed to execute goal org.apache.maven.plugins:maven-surefire-plugin:2.22.2:test (default-test) on project gooddata-java-model: There are test failures.
[ERROR] 
[ERROR] Please refer to /home/gabsko/breaking-updates/gooddata-java-model/target/surefire-reports for the individual test results.
[ERROR] Please refer to dump files (if any exist) [date].dump, [date]-jvmRun[N].dump and [date].dumpstream.
[ERROR] -> [Help 1]
[ERROR] 
[ERROR] To see the full stack trace of the errors, re-run Maven with the -e switch.
[ERROR] Re-run Maven using the -X switch to enable full debug logging.
[ERROR] 
[ERROR] For more information about the errors and possible solutions, please read the following articles:
[ERROR] [Help 1] http://cwiki.apache.org/confluence/display/MAVEN/MojoFailureException
[ERROR] 
[ERROR] After correcting the problems, you can resume the build with the command
[ERROR]   mvn <args> -rf :gooddata-java-model
