[INFO] Scanning for projects...
[WARNING] 
[WARNING] Some problems were encountered while building the effective model for com.webank.wecube.platform:platform-workflow:jar:3.2.2
[WARNING] 'build.plugins.plugin.version' for org.apache.maven.plugins:maven-compiler-plugin is missing. @ line 103, column 21
[WARNING] 
[WARNING] Some problems were encountered while building the effective model for com.webank.wecube.platform:platform-auth-client:jar:3.2.2
[WARNING] 'build.plugins.plugin.version' for org.apache.maven.plugins:maven-compiler-plugin is missing. @ line 114, column 21
[WARNING] 
[WARNING] Some problems were encountered while building the effective model for com.webank.wecube.platform:platform-auth-server:jar:3.2.2
[WARNING] 'build.plugins.plugin.version' for org.apache.maven.plugins:maven-compiler-plugin is missing. @ line 183, column 21
[WARNING] 'build.plugins.plugin.version' for org.apache.maven.plugins:maven-resources-plugin is missing. @ line 193, column 21
[WARNING] 'build.plugins.plugin.version' for org.springframework.boot:spring-boot-maven-plugin is missing. @ line 172, column 21
[WARNING] 
[WARNING] Some problems were encountered while building the effective model for com.webank.wecube.platform:platform-core:jar:3.2.2
[WARNING] 'build.plugins.plugin.version' for org.apache.maven.plugins:maven-compiler-plugin is missing. @ line 291, column 12
[WARNING] 'build.plugins.plugin.version' for org.apache.maven.plugins:maven-surefire-plugin is missing. @ line 271, column 12
[WARNING] 'build.plugins.plugin.version' for org.apache.maven.plugins:maven-resources-plugin is missing. @ line 301, column 12
[WARNING] 'build.plugins.plugin.version' for org.springframework.boot:spring-boot-maven-plugin is missing. @ line 280, column 12
[WARNING] 
[WARNING] Some problems were encountered while building the effective model for com.webank.wecube.platform:platform-gateway:jar:3.2.2
[WARNING] 'build.plugins.plugin.version' for org.apache.maven.plugins:maven-compiler-plugin is missing. @ line 137, column 12
[WARNING] 'build.plugins.plugin.version' for org.springframework.boot:spring-boot-maven-plugin is missing. @ line 126, column 12
[WARNING] 
[WARNING] It is highly recommended to fix these problems because they threaten the stability of your build.
[WARNING] 
[WARNING] For this reason, future Maven versions might no longer support building such malformed projects.
[WARNING] 
[INFO] ------------------------------------------------------------------------
[INFO] Reactor Build Order:
[INFO] 
[INFO] wecube-platform                                                    [pom]
[INFO] platform-workflow                                                  [jar]
[INFO] platform-auth-client                                               [jar]
[INFO] platform-auth-server                                               [jar]
[INFO] platform-core                                                      [jar]
[INFO] platform-gateway                                                   [jar]
[INFO] 
[INFO] -------------< com.webank.wecube.platform:wecube-platform >-------------
[INFO] Building wecube-platform 3.2.2                                     [1/6]
[INFO] --------------------------------[ pom ]---------------------------------
[INFO] 
[INFO] --- maven-clean-plugin:2.5:clean (default-clean) @ wecube-platform ---
[INFO] 
[INFO] ------------< com.webank.wecube.platform:platform-workflow >------------
[INFO] Building platform-workflow 3.2.2                                   [2/6]
[INFO] --------------------------------[ jar ]---------------------------------
[INFO] 
[INFO] --- maven-clean-plugin:2.5:clean (default-clean) @ platform-workflow ---
[INFO] Deleting /home/gabsko/breaking-updates/platform-workflow/target
[INFO] 
[INFO] --- maven-resources-plugin:2.6:resources (default-resources) @ platform-workflow ---
[WARNING] Using platform encoding (UTF-8 actually) to copy filtered resources, i.e. build is platform dependent!
[INFO] Copying 2 resources
[INFO] 
[INFO] --- maven-compiler-plugin:3.1:compile (default-compile) @ platform-workflow ---
[INFO] Changes detected - recompiling the module!
[INFO] Compiling 48 source files to /home/gabsko/breaking-updates/platform-workflow/target/classes
[INFO] 
[INFO] --- maven-resources-plugin:2.6:testResources (default-testResources) @ platform-workflow ---
[WARNING] Using platform encoding (UTF-8 actually) to copy filtered resources, i.e. build is platform dependent!
[INFO] skip non existing resourceDirectory /home/gabsko/breaking-updates/platform-workflow/src/test/resources
[INFO] 
[INFO] --- maven-compiler-plugin:3.1:testCompile (default-testCompile) @ platform-workflow ---
[INFO] No sources to compile
[INFO] 
[INFO] --- maven-surefire-plugin:2.12.4:test (default-test) @ platform-workflow ---
[INFO] No tests to run.
[INFO] 
[INFO] ----------< com.webank.wecube.platform:platform-auth-client >-----------
[INFO] Building platform-auth-client 3.2.2                                [3/6]
[INFO] --------------------------------[ jar ]---------------------------------
[INFO] 
[INFO] --- maven-clean-plugin:2.5:clean (default-clean) @ platform-auth-client ---
[INFO] Deleting /home/gabsko/breaking-updates/platform-auth-client/target
[INFO] 
[INFO] --- maven-resources-plugin:2.6:resources (default-resources) @ platform-auth-client ---
[WARNING] Using platform encoding (UTF-8 actually) to copy filtered resources, i.e. build is platform dependent!
[INFO] skip non existing resourceDirectory /home/gabsko/breaking-updates/platform-auth-client/src/main/resources
[INFO] 
[INFO] --- maven-compiler-plugin:3.1:compile (default-compile) @ platform-auth-client ---
[INFO] Changes detected - recompiling the module!
[INFO] Compiling 30 source files to /home/gabsko/breaking-updates/platform-auth-client/target/classes
[INFO] 
[INFO] --- maven-resources-plugin:2.6:testResources (default-testResources) @ platform-auth-client ---
[WARNING] Using platform encoding (UTF-8 actually) to copy filtered resources, i.e. build is platform dependent!
[INFO] skip non existing resourceDirectory /home/gabsko/breaking-updates/platform-auth-client/src/test/resources
[INFO] 
[INFO] --- maven-compiler-plugin:3.1:testCompile (default-testCompile) @ platform-auth-client ---
[INFO] No sources to compile
[INFO] 
[INFO] --- maven-surefire-plugin:2.12.4:test (default-test) @ platform-auth-client ---
[INFO] No tests to run.
[INFO] 
[INFO] ----------< com.webank.wecube.platform:platform-auth-server >-----------
[INFO] Building platform-auth-server 3.2.2                                [4/6]
[INFO] --------------------------------[ jar ]---------------------------------
[WARNING] The POM for com.alibaba:druid:jar:1.0.19 is invalid, transitive dependencies (if any) will not be available, enable debug logging for more details
[INFO] 
[INFO] --- maven-clean-plugin:2.5:clean (default-clean) @ platform-auth-server ---
[INFO] Deleting /home/gabsko/breaking-updates/platform-auth-server/target
[INFO] 
[INFO] --- maven-resources-plugin:2.6:resources (default-resources) @ platform-auth-server ---
[WARNING] File encoding has not been set, using platform encoding UTF-8, i.e. build is platform dependent!
[WARNING] Using platform encoding (UTF-8 actually) to copy filtered resources, i.e. build is platform dependent!
[INFO] Copying 1 resource
[INFO] Copying 16 resources
[INFO] 
[INFO] --- maven-compiler-plugin:3.1:compile (default-compile) @ platform-auth-server ---
[INFO] Changes detected - recompiling the module!
[INFO] Compiling 115 source files to /home/gabsko/breaking-updates/platform-auth-server/target/classes
[INFO] 
[INFO] --- maven-resources-plugin:2.6:testResources (default-testResources) @ platform-auth-server ---
[WARNING] Using platform encoding (UTF-8 actually) to copy filtered resources, i.e. build is platform dependent!
[INFO] Copying 1 resource
[INFO] 
[INFO] --- maven-compiler-plugin:3.1:testCompile (default-testCompile) @ platform-auth-server ---
[INFO] Changes detected - recompiling the module!
[INFO] Compiling 1 source file to /home/gabsko/breaking-updates/platform-auth-server/target/test-classes
[INFO] 
[INFO] --- maven-surefire-plugin:2.12.4:test (default-test) @ platform-auth-server ---
[INFO] Surefire report directory: /home/gabsko/breaking-updates/platform-auth-server/target/surefire-reports

-------------------------------------------------------
 T E S T S
-------------------------------------------------------
Running com.webank.wecube.platform.auth.server.encryption.EncryptionUtilsTest
15:07:06.222 [main] INFO com.webank.wecube.platform.auth.server.encryption.EncryptionUtilsTest - privateKey:MIIBVAIBADANBgkqhkiG9w0BAQEFAASCAT4wggE6AgEAAkEAlVfe8gfZrwmqs1rPMiJ4w6hlihUOknkrrQAoVxRAX9tj3NHEu0UdlEtUvsPy0TEaSmZ8yRwVoyBGkK7ki5Hd9wIDAQABAkA1uV6iguB0b23RB6HxzyTSfgnJGrobRyvHGH9qlAZ0dNM3L47OUJhSobI+eMznbrOvHtjrYOyetF2RFHmJYF1BAiEAyy/4C/OWP2xGVmUoTqeBjDH6/xPO7eD8fs7vXbcYyWMCIQC8KSDjdI6RVHlX/vi6I04kZpLXgWvR2ZVbdc2oYmUHXQIgBiXibIInVq3xBuYyrQaWfeZ5QMSZq0r2eOPMDFrg7h8CIQCdMYL/Yx3D/h2NzT5AS0R6FpNwpPfNjghAK2+Pz/v1JQIgJDysZYYJg9DZRMqwaf9bNYuO1Y8QHAh9RRQ08yW0I6A=
15:07:06.225 [main] INFO com.webank.wecube.platform.auth.server.encryption.EncryptionUtilsTest - publicKey:MFwwDQYJKoZIhvcNAQEBBQADSwAwSAJBAJVX3vIH2a8JqrNazzIieMOoZYoVDpJ5K60AKFcUQF/bY9zRxLtFHZRLVL7D8tExGkpmfMkcFaMgRpCu5IuR3fcCAwEAAQ==
15:07:06.233 [main] INFO com.webank.wecube.platform.auth.server.encryption.EncryptionUtilsTest - password:gftm7XgRh8VOvKpBOTccgaLiMYCi6bXB+b9lrWiGQum/nuPOjVNW10XBSvPR4a/LnXF6h+qyzxwiRQFAdc7unw==
Tests run: 16, Failures: 0, Errors: 0, Skipped: 1, Time elapsed: 0.502 sec

Results :

Tests run: 16, Failures: 0, Errors: 0, Skipped: 1

[INFO] 
[INFO] --------------< com.webank.wecube.platform:platform-core >--------------
[INFO] Building platform-core 3.2.2                                       [5/6]
[INFO] --------------------------------[ jar ]---------------------------------
[INFO] 
[INFO] --- maven-clean-plugin:2.5:clean (default-clean) @ platform-core ---
[INFO] Deleting /home/gabsko/breaking-updates/platform-core/target
[INFO] 
[INFO] --- maven-resources-plugin:2.6:resources (default-resources) @ platform-core ---
[WARNING] File encoding has not been set, using platform encoding UTF-8, i.e. build is platform dependent!
[WARNING] Using platform encoding (UTF-8 actually) to copy filtered resources, i.e. build is platform dependent!
[INFO] Copying 1 resource
[INFO] Copying 80 resources
[INFO] 
[INFO] --- maven-compiler-plugin:3.1:compile (default-compile) @ platform-core ---
[INFO] Changes detected - recompiling the module!
[INFO] Compiling 556 source files to /home/gabsko/breaking-updates/platform-core/target/classes
[INFO] 
[INFO] --- maven-resources-plugin:2.6:testResources (default-testResources) @ platform-core ---
[WARNING] Using platform encoding (UTF-8 actually) to copy filtered resources, i.e. build is platform dependent!
[INFO] Copying 32 resources
[INFO] 
[INFO] --- maven-compiler-plugin:3.1:testCompile (default-testCompile) @ platform-core ---
[INFO] Changes detected - recompiling the module!
[INFO] Compiling 20 source files to /home/gabsko/breaking-updates/platform-core/target/test-classes
[INFO] 
[INFO] --- maven-surefire-plugin:2.12.4:test (default-test) @ platform-core ---
[INFO] Surefire report directory: /home/gabsko/breaking-updates/platform-core/target/surefire-reports

-------------------------------------------------------
 T E S T S
-------------------------------------------------------
Running com.webank.wecube.platform.core.utils.StringUtilsExTest
15:07:11.569 [main] INFO com.webank.wecube.platform.core.utils.StringUtilsExTest - Checking IP: 0.0.0.0
15:07:11.615 [main] INFO com.webank.wecube.platform.core.utils.StringUtilsExTest - Checking IP: 255.256.255.255
15:07:11.616 [main] INFO com.webank.wecube.platform.core.utils.StringUtilsExTest - Checking IP: 019.0.0.1
15:07:11.617 [main] INFO com.webank.wecube.platform.core.utils.StringUtilsExTest - Checking IP: 211212
15:07:11.617 [main] INFO com.webank.wecube.platform.core.utils.StringUtilsExTest - Checking IP: 192.0.0.1
15:07:11.618 [main] INFO com.webank.wecube.platform.core.utils.StringUtilsExTest - Checking IP: 127.10.10.10
15:07:11.618 [main] INFO com.webank.wecube.platform.core.utils.StringUtilsExTest - Checking IP: 196.0.0.72
Tests run: 8, Failures: 0, Errors: 0, Skipped: 0, Time elapsed: 0.146 sec
Running com.webank.wecube.platform.core.utils.EncryptionUtilsTest
15:07:11.645 [main] DEBUG org.springframework.test.context.junit4.SpringJUnit4ClassRunner - SpringJUnit4ClassRunner constructor called with [class com.webank.wecube.platform.core.utils.EncryptionUtilsTest]
15:07:11.646 [main] DEBUG org.springframework.test.context.BootstrapUtils - Instantiating CacheAwareContextLoaderDelegate from class [org.springframework.test.context.cache.DefaultCacheAwareContextLoaderDelegate]
15:07:11.652 [main] DEBUG org.springframework.test.context.BootstrapUtils - Instantiating BootstrapContext using constructor [public org.springframework.test.context.support.DefaultBootstrapContext(java.lang.Class,org.springframework.test.context.CacheAwareContextLoaderDelegate)]
15:07:11.669 [main] DEBUG org.springframework.test.context.BootstrapUtils - Instantiating TestContextBootstrapper for test class [com.webank.wecube.platform.core.utils.EncryptionUtilsTest] from class [org.springframework.boot.test.context.SpringBootTestContextBootstrapper]
15:07:11.678 [main] INFO org.springframework.boot.test.context.SpringBootTestContextBootstrapper - Neither @ContextConfiguration nor @ContextHierarchy found for test class [com.webank.wecube.platform.core.utils.EncryptionUtilsTest], using SpringBootContextLoader
15:07:11.680 [main] DEBUG org.springframework.test.context.support.AbstractContextLoader - Did not detect default resource location for test class [com.webank.wecube.platform.core.utils.EncryptionUtilsTest]: class path resource [com/webank/wecube/platform/core/utils/EncryptionUtilsTest-context.xml] does not exist
15:07:11.681 [main] DEBUG org.springframework.test.context.support.AbstractContextLoader - Did not detect default resource location for test class [com.webank.wecube.platform.core.utils.EncryptionUtilsTest]: class path resource [com/webank/wecube/platform/core/utils/EncryptionUtilsTestContext.groovy] does not exist
15:07:11.681 [main] INFO org.springframework.test.context.support.AbstractContextLoader - Could not detect default resource locations for test class [com.webank.wecube.platform.core.utils.EncryptionUtilsTest]: no resource found for suffixes {-context.xml, Context.groovy}.
15:07:11.682 [main] INFO org.springframework.test.context.support.AnnotationConfigContextLoaderUtils - Could not detect default configuration classes for test class [com.webank.wecube.platform.core.utils.EncryptionUtilsTest]: EncryptionUtilsTest does not declare any static, non-private, non-final, nested classes annotated with @Configuration.
15:07:11.815 [main] DEBUG org.springframework.context.annotation.ClassPathScanningCandidateComponentProvider - Identified candidate component class: file [/home/gabsko/breaking-updates/platform-core/target/classes/com/webank/wecube/platform/core/Application.class]
15:07:11.816 [main] INFO org.springframework.boot.test.context.SpringBootTestContextBootstrapper - Found @SpringBootConfiguration com.webank.wecube.platform.core.Application for test class com.webank.wecube.platform.core.utils.EncryptionUtilsTest
15:07:11.913 [main] DEBUG org.springframework.boot.test.context.SpringBootTestContextBootstrapper - @TestExecutionListeners is not present for class [com.webank.wecube.platform.core.utils.EncryptionUtilsTest]: using defaults.
15:07:11.913 [main] INFO org.springframework.boot.test.context.SpringBootTestContextBootstrapper - Loaded default TestExecutionListener class names from location [META-INF/spring.factories]: [org.springframework.boot.test.mock.mockito.MockitoTestExecutionListener, org.springframework.boot.test.mock.mockito.ResetMocksTestExecutionListener, org.springframework.boot.test.autoconfigure.restdocs.RestDocsTestExecutionListener, org.springframework.boot.test.autoconfigure.web.client.MockRestServiceServerResetTestExecutionListener, org.springframework.boot.test.autoconfigure.web.servlet.MockMvcPrintOnlyOnFailureTestExecutionListener, org.springframework.boot.test.autoconfigure.web.servlet.WebDriverTestExecutionListener, org.springframework.test.context.web.ServletTestExecutionListener, org.springframework.test.context.support.DirtiesContextBeforeModesTestExecutionListener, org.springframework.test.context.support.DependencyInjectionTestExecutionListener, org.springframework.test.context.support.DirtiesContextTestExecutionListener, org.springframework.test.context.transaction.TransactionalTestExecutionListener, org.springframework.test.context.jdbc.SqlScriptsTestExecutionListener, org.springframework.security.test.context.support.WithSecurityContextTestExecutionListener, org.springframework.security.test.context.support.ReactorContextTestExecutionListener]
15:07:11.930 [main] INFO org.springframework.boot.test.context.SpringBootTestContextBootstrapper - Using TestExecutionListeners: [org.springframework.test.context.web.ServletTestExecutionListener@24c22fe, org.springframework.test.context.support.DirtiesContextBeforeModesTestExecutionListener@93081b6, org.springframework.boot.test.mock.mockito.MockitoTestExecutionListener@cd1e646, org.springframework.boot.test.autoconfigure.SpringBootDependencyInjectionTestExecutionListener@7ba8c737, org.springframework.test.context.support.DirtiesContextTestExecutionListener@1890516e, org.springframework.test.context.transaction.TransactionalTestExecutionListener@15a04efb, org.springframework.test.context.jdbc.SqlScriptsTestExecutionListener@16c069df, org.springframework.security.test.context.support.WithSecurityContextTestExecutionListener@2bec854f, org.springframework.security.test.context.support.ReactorContextTestExecutionListener@31edaa7d, org.springframework.boot.test.mock.mockito.ResetMocksTestExecutionListener@26adfd2d, org.springframework.boot.test.autoconfigure.restdocs.RestDocsTestExecutionListener@3336e6b6, org.springframework.boot.test.autoconfigure.web.client.MockRestServiceServerResetTestExecutionListener@7c3fdb62, org.springframework.boot.test.autoconfigure.web.servlet.MockMvcPrintOnlyOnFailureTestExecutionListener@205d38da, org.springframework.boot.test.autoconfigure.web.servlet.WebDriverTestExecutionListener@6950ed69]
15:07:11.932 [main] DEBUG org.springframework.test.annotation.ProfileValueUtils - Retrieved @ProfileValueSourceConfiguration [null] for test class [com.webank.wecube.platform.core.utils.EncryptionUtilsTest]
15:07:11.932 [main] DEBUG org.springframework.test.annotation.ProfileValueUtils - Retrieved ProfileValueSource type [class org.springframework.test.annotation.SystemProfileValueSource] for class [com.webank.wecube.platform.core.utils.EncryptionUtilsTest]
15:07:11.932 [main] DEBUG org.springframework.test.annotation.ProfileValueUtils - Retrieved @ProfileValueSourceConfiguration [null] for test class [com.webank.wecube.platform.core.utils.EncryptionUtilsTest]
15:07:11.933 [main] DEBUG org.springframework.test.annotation.ProfileValueUtils - Retrieved ProfileValueSource type [class org.springframework.test.annotation.SystemProfileValueSource] for class [com.webank.wecube.platform.core.utils.EncryptionUtilsTest]
15:07:11.939 [main] DEBUG org.springframework.test.context.support.AbstractDirtiesContextTestExecutionListener - Before test class: context [DefaultTestContext@f627d13 testClass = EncryptionUtilsTest, testInstance = [null], testMethod = [null], testException = [null], mergedContextConfiguration = [WebMergedContextConfiguration@4e928fbf testClass = EncryptionUtilsTest, locations = '{}', classes = '{class com.webank.wecube.platform.core.Application}', contextInitializerClasses = '[]', activeProfiles = '{test}', propertySourceLocations = '{}', propertySourceProperties = '{org.springframework.boot.test.context.SpringBootTestContextBootstrapper=true}', contextCustomizers = set[[ImportsContextCustomizer@352ff4da key = [@org.springframework.context.annotation.Import(value={org.springframework.boot.context.properties.EnableConfigurationPropertiesImportSelector.class}), @org.springframework.test.context.BootstrapWith(value=org.springframework.boot.test.context.SpringBootTestContextBootstrapper.class), @org.springframework.boot.context.properties.EnableConfigurationProperties(value={com.webank.wecube.platform.core.commons.ApplicationProperties.class, com.webank.wecube.platform.core.commons.ApplicationProperties$PluginProperties.class, com.webank.wecube.platform.core.commons.ApplicationProperties$S3Properties.class}), @org.junit.runner.RunWith(value=org.springframework.test.context.junit4.SpringRunner.class), @org.springframework.test.context.ActiveProfiles(profiles={}, resolver=org.springframework.test.context.ActiveProfilesResolver.class, value={"test"}, inheritProfiles=true), @org.springframework.boot.test.context.SpringBootTest(webEnvironment=MOCK, value={}, properties={}, classes={})]], org.springframework.boot.test.context.filter.ExcludeFilterContextCustomizer@76505305, org.springframework.boot.test.json.DuplicateJsonObjectContextCustomizerFactory$DuplicateJsonObjectContextCustomizer@73a1e9a9, org.springframework.boot.test.mock.mockito.MockitoContextCustomizer@0, org.springframework.boot.test.web.client.TestRestTemplateContextCustomizer@28701274, org.springframework.boot.test.autoconfigure.properties.PropertyMappingContextCustomizer@0, org.springframework.boot.test.autoconfigure.web.servlet.WebDriverContextCustomizerFactory$Customizer@4c12331b], resourceBasePath = 'src/main/webapp', contextLoader = 'org.springframework.boot.test.context.SpringBootContextLoader', parent = [null]], attributes = map['org.springframework.test.context.web.ServletTestExecutionListener.activateListener' -> true]], class annotated with @DirtiesContext [false] with mode [null].
15:07:11.940 [main] DEBUG org.springframework.test.annotation.ProfileValueUtils - Retrieved @ProfileValueSourceConfiguration [null] for test class [com.webank.wecube.platform.core.utils.EncryptionUtilsTest]
15:07:11.940 [main] DEBUG org.springframework.test.annotation.ProfileValueUtils - Retrieved ProfileValueSource type [class org.springframework.test.annotation.SystemProfileValueSource] for class [com.webank.wecube.platform.core.utils.EncryptionUtilsTest]
15:07:11.962 [main] DEBUG org.springframework.test.context.support.TestPropertySourceUtils - Adding inlined properties to environment: {spring.jmx.enabled=false, org.springframework.boot.test.context.SpringBootTestContextBootstrapper=true, server.port=-1}
  ____    _           _      __                                       ____                       
 |  _ \  | |   __ _  | |_   / _|   ___    _ __   _ __ ___            / ___|   ___    _ __    ___ 
 | |_) | | |  / _` | | __| | |_   / _ \  | '__| | '_ ` _ \   _____  | |      / _ \  | '__|  / _ \
 |  __/  | | | (_| | | |_  |  _| | (_) | | |    | | | | | | |_____| | |___  | (_) | | |    |  __/
 |_|     |_|  \__,_|  \__| |_|    \___/  |_|    |_| |_| |_|          \____|  \___/  |_|     \___|
                                                                                                 
2023-01-24 15:07:12 INFO  c.w.w.platform.core.utils.EncryptionUtilsTest    - Starting EncryptionUtilsTest on repairnator with PID 7786 (started by gabsko in /home/gabsko/breaking-updates/platform-core)
2023-01-24 15:07:12 DEBUG c.w.w.platform.core.utils.EncryptionUtilsTest    - Running with Spring Boot v2.1.18.RELEASE, Spring v5.1.19.RELEASE
2023-01-24 15:07:12 INFO  c.w.w.platform.core.utils.EncryptionUtilsTest    - The following profiles are active: test
2023-01-24 15:07:14 INFO  c.w.w.p.core.boot.MysqlDatabaseInitializer       - Database initialize strategy:none
  ____    _           _      __                                       ____                       
 |  _ \  | |   __ _  | |_   / _|   ___    _ __   _ __ ___            / ___|   ___    _ __    ___ 
 | |_) | | |  / _` | | __| | |_   / _ \  | '__| | '_ ` _ \   _____  | |      / _ \  | '__|  / _ \
 |  __/  | | | (_| | | |_  |  _| | (_) | | |    | | | | | | |_____| | |___  | (_) | | |    |  __/
 |_|     |_|  \__,_|  \__| |_|    \___/  |_|    |_| |_| |_|          \____|  \___/  |_|     \___|
                                                                                                 
2023-01-24 15:07:14 INFO  c.w.w.platform.core.utils.EncryptionUtilsTest    - Starting EncryptionUtilsTest on repairnator with PID 7786 (started by gabsko in /home/gabsko/breaking-updates/platform-core)
2023-01-24 15:07:14 DEBUG c.w.w.platform.core.utils.EncryptionUtilsTest    - Running with Spring Boot v2.1.18.RELEASE, Spring v5.1.19.RELEASE
2023-01-24 15:07:14 INFO  c.w.w.platform.core.utils.EncryptionUtilsTest    - The following profiles are active: test
2023-01-24 15:07:15 INFO  c.w.w.p.core.boot.MysqlDatabaseInitializer       - Database initialize strategy:none
  ____    _           _      __                                       ____                       
 |  _ \  | |   __ _  | |_   / _|   ___    _ __   _ __ ___            / ___|   ___    _ __    ___ 
 | |_) | | |  / _` | | __| | |_   / _ \  | '__| | '_ ` _ \   _____  | |      / _ \  | '__|  / _ \
 |  __/  | | | (_| | | |_  |  _| | (_) | | |    | | | | | | |_____| | |___  | (_) | | |    |  __/
 |_|     |_|  \__,_|  \__| |_|    \___/  |_|    |_| |_| |_|          \____|  \___/  |_|     \___|
                                                                                                 
2023-01-24 15:07:15 INFO  c.w.w.platform.core.utils.EncryptionUtilsTest    - Starting EncryptionUtilsTest on repairnator with PID 7786 (started by gabsko in /home/gabsko/breaking-updates/platform-core)
2023-01-24 15:07:15 DEBUG c.w.w.platform.core.utils.EncryptionUtilsTest    - Running with Spring Boot v2.1.18.RELEASE, Spring v5.1.19.RELEASE
2023-01-24 15:07:15 INFO  c.w.w.platform.core.utils.EncryptionUtilsTest    - The following profiles are active: test
2023-01-24 15:07:16 INFO  c.w.w.p.core.boot.MysqlDatabaseInitializer       - Database initialize strategy:none
  ____    _           _      __                                       ____                       
 |  _ \  | |   __ _  | |_   / _|   ___    _ __   _ __ ___            / ___|   ___    _ __    ___ 
 | |_) | | |  / _` | | __| | |_   / _ \  | '__| | '_ ` _ \   _____  | |      / _ \  | '__|  / _ \
 |  __/  | | | (_| | | |_  |  _| | (_) | | |    | | | | | | |_____| | |___  | (_) | | |    |  __/
 |_|     |_|  \__,_|  \__| |_|    \___/  |_|    |_| |_| |_|          \____|  \___/  |_|     \___|
                                                                                                 
2023-01-24 15:07:16 INFO  c.w.w.platform.core.utils.EncryptionUtilsTest    - Starting EncryptionUtilsTest on repairnator with PID 7786 (started by gabsko in /home/gabsko/breaking-updates/platform-core)
2023-01-24 15:07:16 DEBUG c.w.w.platform.core.utils.EncryptionUtilsTest    - Running with Spring Boot v2.1.18.RELEASE, Spring v5.1.19.RELEASE
2023-01-24 15:07:16 INFO  c.w.w.platform.core.utils.EncryptionUtilsTest    - The following profiles are active: test
2023-01-24 15:07:16 INFO  c.w.w.p.core.boot.MysqlDatabaseInitializer       - Database initialize strategy:none
Tests run: 4, Failures: 0, Errors: 4, Skipped: 0, Time elapsed: 4.96 sec <<< FAILURE!
encryptPasswordTest(com.webank.wecube.platform.core.utils.EncryptionUtilsTest)  Time elapsed: 0.023 sec  <<< ERROR!
java.lang.IllegalStateException: Failed to load ApplicationContext
	at org.springframework.test.context.cache.DefaultCacheAwareContextLoaderDelegate.loadContext(DefaultCacheAwareContextLoaderDelegate.java:125)
	at org.springframework.test.context.support.DefaultTestContext.getApplicationContext(DefaultTestContext.java:108)
	at org.springframework.test.context.web.ServletTestExecutionListener.setUpRequestContextIfNecessary(ServletTestExecutionListener.java:190)
	at org.springframework.test.context.web.ServletTestExecutionListener.prepareTestInstance(ServletTestExecutionListener.java:132)
	at org.springframework.test.context.TestContextManager.prepareTestInstance(TestContextManager.java:246)
	at org.springframework.test.context.junit4.SpringJUnit4ClassRunner.createTest(SpringJUnit4ClassRunner.java:227)
	at org.springframework.test.context.junit4.SpringJUnit4ClassRunner$1.runReflectiveCall(SpringJUnit4ClassRunner.java:289)
	at org.junit.internal.runners.model.ReflectiveCallable.run(ReflectiveCallable.java:12)
	at org.springframework.test.context.junit4.SpringJUnit4ClassRunner.methodBlock(SpringJUnit4ClassRunner.java:291)
	at org.springframework.test.context.junit4.SpringJUnit4ClassRunner.runChild(SpringJUnit4ClassRunner.java:246)
	at org.springframework.test.context.junit4.SpringJUnit4ClassRunner.runChild(SpringJUnit4ClassRunner.java:97)
	at org.junit.runners.ParentRunner$3.run(ParentRunner.java:290)
	at org.junit.runners.ParentRunner$1.schedule(ParentRunner.java:71)
	at org.junit.runners.ParentRunner.runChildren(ParentRunner.java:288)
	at org.junit.runners.ParentRunner.access$000(ParentRunner.java:58)
	at org.junit.runners.ParentRunner$2.evaluate(ParentRunner.java:268)
	at org.springframework.test.context.junit4.statements.RunBeforeTestClassCallbacks.evaluate(RunBeforeTestClassCallbacks.java:61)
	at org.springframework.test.context.junit4.statements.RunAfterTestClassCallbacks.evaluate(RunAfterTestClassCallbacks.java:70)
	at org.junit.runners.ParentRunner.run(ParentRunner.java:363)
	at org.springframework.test.context.junit4.SpringJUnit4ClassRunner.run(SpringJUnit4ClassRunner.java:190)
	at org.apache.maven.surefire.junit4.JUnit4Provider.execute(JUnit4Provider.java:252)
	at org.apache.maven.surefire.junit4.JUnit4Provider.executeTestSet(JUnit4Provider.java:141)
	at org.apache.maven.surefire.junit4.JUnit4Provider.invoke(JUnit4Provider.java:112)
	at java.base/jdk.internal.reflect.NativeMethodAccessorImpl.invoke0(Native Method)
	at java.base/jdk.internal.reflect.NativeMethodAccessorImpl.invoke(NativeMethodAccessorImpl.java:62)
	at java.base/jdk.internal.reflect.DelegatingMethodAccessorImpl.invoke(DelegatingMethodAccessorImpl.java:43)
	at java.base/java.lang.reflect.Method.invoke(Method.java:566)
	at org.apache.maven.surefire.util.ReflectionUtils.invokeMethodWithArray(ReflectionUtils.java:189)
	at org.apache.maven.surefire.booter.ProviderFactory$ProviderProxy.invoke(ProviderFactory.java:165)
	at org.apache.maven.surefire.booter.ProviderFactory.invokeProvider(ProviderFactory.java:85)
	at org.apache.maven.surefire.booter.ForkedBooter.runSuitesInProcess(ForkedBooter.java:115)
	at org.apache.maven.surefire.booter.ForkedBooter.main(ForkedBooter.java:75)
Caused by: org.springframework.beans.factory.UnsatisfiedDependencyException: Error creating bean with name 'entityDataCenterController': Unsatisfied dependency expressed through field 'entityDataCenterService'; nested exception is org.springframework.beans.factory.UnsatisfiedDependencyException: Error creating bean with name 'entityDataCenterService': Unsatisfied dependency expressed through field 'userJwtSsoTokenRestTemplate'; nested exception is org.springframework.beans.factory.BeanCreationException: Error creating bean with name 'userJwtSsoTokenRestTemplate' defined in class path resource [com/webank/wecube/platform/core/config/HttpClientConfig.class]: Bean instantiation via factory method failed; nested exception is org.springframework.beans.BeanInstantiationException: Failed to instantiate [com.webank.wecube.platform.core.http.UserJwtSsoTokenRestTemplate]: Factory method 'userJwtSsoTokenRestTemplate' threw exception; nested exception is java.lang.NoClassDefFoundError: com/fasterxml/jackson/core/util/JacksonFeature
	at org.springframework.beans.factory.annotation.AutowiredAnnotationBeanPostProcessor$AutowiredFieldElement.inject(AutowiredAnnotationBeanPostProcessor.java:598)
	at org.springframework.beans.factory.annotation.InjectionMetadata.inject(InjectionMetadata.java:90)
	at org.springframework.beans.factory.annotation.AutowiredAnnotationBeanPostProcessor.postProcessProperties(AutowiredAnnotationBeanPostProcessor.java:376)
	at org.springframework.beans.factory.support.AbstractAutowireCapableBeanFactory.populateBean(AbstractAutowireCapableBeanFactory.java:1402)
	at org.springframework.beans.factory.support.AbstractAutowireCapableBeanFactory.doCreateBean(AbstractAutowireCapableBeanFactory.java:591)
	at org.springframework.beans.factory.support.AbstractAutowireCapableBeanFactory.createBean(AbstractAutowireCapableBeanFactory.java:514)
	at org.springframework.beans.factory.support.AbstractBeanFactory.lambda$doGetBean$0(AbstractBeanFactory.java:321)
	at org.springframework.beans.factory.support.DefaultSingletonBeanRegistry.getSingleton(DefaultSingletonBeanRegistry.java:234)
	at org.springframework.beans.factory.support.AbstractBeanFactory.doGetBean(AbstractBeanFactory.java:319)
	at org.springframework.beans.factory.support.AbstractBeanFactory.getBean(AbstractBeanFactory.java:199)
	at org.springframework.beans.factory.support.DefaultListableBeanFactory.preInstantiateSingletons(DefaultListableBeanFactory.java:866)
	at org.springframework.context.support.AbstractApplicationContext.finishBeanFactoryInitialization(AbstractApplicationContext.java:878)
	at org.springframework.context.support.AbstractApplicationContext.refresh(AbstractApplicationContext.java:550)
	at org.springframework.boot.SpringApplication.refresh(SpringApplication.java:744)
	at org.springframework.boot.SpringApplication.refreshContext(SpringApplication.java:391)
	at org.springframework.boot.SpringApplication.run(SpringApplication.java:312)
	at org.springframework.boot.test.context.SpringBootContextLoader.loadContext(SpringBootContextLoader.java:121)
	at org.springframework.test.context.cache.DefaultCacheAwareContextLoaderDelegate.loadContextInternal(DefaultCacheAwareContextLoaderDelegate.java:99)
	at org.springframework.test.context.cache.DefaultCacheAwareContextLoaderDelegate.loadContext(DefaultCacheAwareContextLoaderDelegate.java:117)
	... 31 more
Caused by: org.springframework.beans.factory.UnsatisfiedDependencyException: Error creating bean with name 'entityDataCenterService': Unsatisfied dependency expressed through field 'userJwtSsoTokenRestTemplate'; nested exception is org.springframework.beans.factory.BeanCreationException: Error creating bean with name 'userJwtSsoTokenRestTemplate' defined in class path resource [com/webank/wecube/platform/core/config/HttpClientConfig.class]: Bean instantiation via factory method failed; nested exception is org.springframework.beans.BeanInstantiationException: Failed to instantiate [com.webank.wecube.platform.core.http.UserJwtSsoTokenRestTemplate]: Factory method 'userJwtSsoTokenRestTemplate' threw exception; nested exception is java.lang.NoClassDefFoundError: com/fasterxml/jackson/core/util/JacksonFeature
	at org.springframework.beans.factory.annotation.AutowiredAnnotationBeanPostProcessor$AutowiredFieldElement.inject(AutowiredAnnotationBeanPostProcessor.java:598)
	at org.springframework.beans.factory.annotation.InjectionMetadata.inject(InjectionMetadata.java:90)
	at org.springframework.beans.factory.annotation.AutowiredAnnotationBeanPostProcessor.postProcessProperties(AutowiredAnnotationBeanPostProcessor.java:376)
	at org.springframework.beans.factory.support.AbstractAutowireCapableBeanFactory.populateBean(AbstractAutowireCapableBeanFactory.java:1402)
	at org.springframework.beans.factory.support.AbstractAutowireCapableBeanFactory.doCreateBean(AbstractAutowireCapableBeanFactory.java:591)
	at org.springframework.beans.factory.support.AbstractAutowireCapableBeanFactory.createBean(AbstractAutowireCapableBeanFactory.java:514)
	at org.springframework.beans.factory.support.AbstractBeanFactory.lambda$doGetBean$0(AbstractBeanFactory.java:321)
	at org.springframework.beans.factory.support.DefaultSingletonBeanRegistry.getSingleton(DefaultSingletonBeanRegistry.java:234)
	at org.springframework.beans.factory.support.AbstractBeanFactory.doGetBean(AbstractBeanFactory.java:319)
	at org.springframework.beans.factory.support.AbstractBeanFactory.getBean(AbstractBeanFactory.java:199)
	at org.springframework.beans.factory.config.DependencyDescriptor.resolveCandidate(DependencyDescriptor.java:277)
	at org.springframework.beans.factory.support.DefaultListableBeanFactory.doResolveDependency(DefaultListableBeanFactory.java:1276)
	at org.springframework.beans.factory.support.DefaultListableBeanFactory.resolveDependency(DefaultListableBeanFactory.java:1196)
	at org.springframework.beans.factory.annotation.AutowiredAnnotationBeanPostProcessor$AutowiredFieldElement.inject(AutowiredAnnotationBeanPostProcessor.java:595)
	... 49 more
Caused by: org.springframework.beans.factory.BeanCreationException: Error creating bean with name 'userJwtSsoTokenRestTemplate' defined in class path resource [com/webank/wecube/platform/core/config/HttpClientConfig.class]: Bean instantiation via factory method failed; nested exception is org.springframework.beans.BeanInstantiationException: Failed to instantiate [com.webank.wecube.platform.core.http.UserJwtSsoTokenRestTemplate]: Factory method 'userJwtSsoTokenRestTemplate' threw exception; nested exception is java.lang.NoClassDefFoundError: com/fasterxml/jackson/core/util/JacksonFeature
	at org.springframework.beans.factory.support.ConstructorResolver.instantiate(ConstructorResolver.java:627)
	at org.springframework.beans.factory.support.ConstructorResolver.instantiateUsingFactoryMethod(ConstructorResolver.java:456)
	at org.springframework.beans.factory.support.AbstractAutowireCapableBeanFactory.instantiateUsingFactoryMethod(AbstractAutowireCapableBeanFactory.java:1318)
	at org.springframework.beans.factory.support.AbstractAutowireCapableBeanFactory.createBeanInstance(AbstractAutowireCapableBeanFactory.java:1158)
	at org.springframework.beans.factory.support.AbstractAutowireCapableBeanFactory.doCreateBean(AbstractAutowireCapableBeanFactory.java:554)
	at org.springframework.beans.factory.support.AbstractAutowireCapableBeanFactory.createBean(AbstractAutowireCapableBeanFactory.java:514)
	at org.springframework.beans.factory.support.AbstractBeanFactory.lambda$doGetBean$0(AbstractBeanFactory.java:321)
	at org.springframework.beans.factory.support.DefaultSingletonBeanRegistry.getSingleton(DefaultSingletonBeanRegistry.java:234)
	at org.springframework.beans.factory.support.AbstractBeanFactory.doGetBean(AbstractBeanFactory.java:319)
	at org.springframework.beans.factory.support.AbstractBeanFactory.getBean(AbstractBeanFactory.java:199)
	at org.springframework.beans.factory.config.DependencyDescriptor.resolveCandidate(DependencyDescriptor.java:277)
	at org.springframework.beans.factory.support.DefaultListableBeanFactory.doResolveDependency(DefaultListableBeanFactory.java:1276)
	at org.springframework.beans.factory.support.DefaultListableBeanFactory.resolveDependency(DefaultListableBeanFactory.java:1196)
	at org.springframework.beans.factory.annotation.AutowiredAnnotationBeanPostProcessor$AutowiredFieldElement.inject(AutowiredAnnotationBeanPostProcessor.java:595)
	... 62 more
Caused by: org.springframework.beans.BeanInstantiationException: Failed to instantiate [com.webank.wecube.platform.core.http.UserJwtSsoTokenRestTemplate]: Factory method 'userJwtSsoTokenRestTemplate' threw exception; nested exception is java.lang.NoClassDefFoundError: com/fasterxml/jackson/core/util/JacksonFeature
	at org.springframework.beans.factory.support.SimpleInstantiationStrategy.instantiate(SimpleInstantiationStrategy.java:185)
	at org.springframework.beans.factory.support.ConstructorResolver.instantiate(ConstructorResolver.java:622)
	... 75 more
Caused by: java.lang.NoClassDefFoundError: com/fasterxml/jackson/core/util/JacksonFeature
	at com.fasterxml.jackson.databind.ObjectMapper.<init>(ObjectMapper.java:674)
	at com.fasterxml.jackson.databind.ObjectMapper.<init>(ObjectMapper.java:576)
	at org.springframework.http.converter.json.Jackson2ObjectMapperBuilder.build(Jackson2ObjectMapperBuilder.java:631)
	at org.springframework.http.converter.json.MappingJackson2HttpMessageConverter.<init>(MappingJackson2HttpMessageConverter.java:59)
	at org.springframework.http.converter.support.AllEncompassingFormHttpMessageConverter.<init>(AllEncompassingFormHttpMessageConverter.java:76)
	at org.springframework.web.client.RestTemplate.<init>(RestTemplate.java:144)
	at com.webank.wecube.platform.core.http.UserJwtSsoTokenRestTemplate.<init>(UserJwtSsoTokenRestTemplate.java:22)
	at com.webank.wecube.platform.core.config.HttpClientConfig.userJwtSsoTokenRestTemplate(HttpClientConfig.java:160)
	at com.webank.wecube.platform.core.config.HttpClientConfig$$EnhancerBySpringCGLIB$$2f07e836.CGLIB$userJwtSsoTokenRestTemplate$6(<generated>)
	at com.webank.wecube.platform.core.config.HttpClientConfig$$EnhancerBySpringCGLIB$$2f07e836$$FastClassBySpringCGLIB$$f390fc71.invoke(<generated>)
	at org.springframework.cglib.proxy.MethodProxy.invokeSuper(MethodProxy.java:244)
	at org.springframework.context.annotation.ConfigurationClassEnhancer$BeanMethodInterceptor.intercept(ConfigurationClassEnhancer.java:363)
	at com.webank.wecube.platform.core.config.HttpClientConfig$$EnhancerBySpringCGLIB$$2f07e836.userJwtSsoTokenRestTemplate(<generated>)
	at java.base/jdk.internal.reflect.NativeMethodAccessorImpl.invoke0(Native Method)
	at java.base/jdk.internal.reflect.NativeMethodAccessorImpl.invoke(NativeMethodAccessorImpl.java:62)
	at java.base/jdk.internal.reflect.DelegatingMethodAccessorImpl.invoke(DelegatingMethodAccessorImpl.java:43)
	at java.base/java.lang.reflect.Method.invoke(Method.java:566)
	at org.springframework.beans.factory.support.SimpleInstantiationStrategy.instantiate(SimpleInstantiationStrategy.java:154)
	... 76 more
Caused by: java.lang.ClassNotFoundException: com.fasterxml.jackson.core.util.JacksonFeature
	at java.base/jdk.internal.loader.BuiltinClassLoader.loadClass(BuiltinClassLoader.java:581)
	at java.base/jdk.internal.loader.ClassLoaders$AppClassLoader.loadClass(ClassLoaders.java:178)
	at java.base/java.lang.ClassLoader.loadClass(ClassLoader.java:522)
	... 94 more

encryptPasswordTestS3Host(com.webank.wecube.platform.core.utils.EncryptionUtilsTest)  Time elapsed: 0.002 sec  <<< ERROR!
java.lang.IllegalStateException: Failed to load ApplicationContext
	at org.springframework.test.context.cache.DefaultCacheAwareContextLoaderDelegate.loadContext(DefaultCacheAwareContextLoaderDelegate.java:125)
	at org.springframework.test.context.support.DefaultTestContext.getApplicationContext(DefaultTestContext.java:108)
	at org.springframework.test.context.web.ServletTestExecutionListener.setUpRequestContextIfNecessary(ServletTestExecutionListener.java:190)
	at org.springframework.test.context.web.ServletTestExecutionListener.prepareTestInstance(ServletTestExecutionListener.java:132)
	at org.springframework.test.context.TestContextManager.prepareTestInstance(TestContextManager.java:246)
	at org.springframework.test.context.junit4.SpringJUnit4ClassRunner.createTest(SpringJUnit4ClassRunner.java:227)
	at org.springframework.test.context.junit4.SpringJUnit4ClassRunner$1.runReflectiveCall(SpringJUnit4ClassRunner.java:289)
	at org.junit.internal.runners.model.ReflectiveCallable.run(ReflectiveCallable.java:12)
	at org.springframework.test.context.junit4.SpringJUnit4ClassRunner.methodBlock(SpringJUnit4ClassRunner.java:291)
	at org.springframework.test.context.junit4.SpringJUnit4ClassRunner.runChild(SpringJUnit4ClassRunner.java:246)
	at org.springframework.test.context.junit4.SpringJUnit4ClassRunner.runChild(SpringJUnit4ClassRunner.java:97)
	at org.junit.runners.ParentRunner$3.run(ParentRunner.java:290)
	at org.junit.runners.ParentRunner$1.schedule(ParentRunner.java:71)
	at org.junit.runners.ParentRunner.runChildren(ParentRunner.java:288)
	at org.junit.runners.ParentRunner.access$000(ParentRunner.java:58)
	at org.junit.runners.ParentRunner$2.evaluate(ParentRunner.java:268)
	at org.springframework.test.context.junit4.statements.RunBeforeTestClassCallbacks.evaluate(RunBeforeTestClassCallbacks.java:61)
	at org.springframework.test.context.junit4.statements.RunAfterTestClassCallbacks.evaluate(RunAfterTestClassCallbacks.java:70)
	at org.junit.runners.ParentRunner.run(ParentRunner.java:363)
	at org.springframework.test.context.junit4.SpringJUnit4ClassRunner.run(SpringJUnit4ClassRunner.java:190)
	at org.apache.maven.surefire.junit4.JUnit4Provider.execute(JUnit4Provider.java:252)
	at org.apache.maven.surefire.junit4.JUnit4Provider.executeTestSet(JUnit4Provider.java:141)
	at org.apache.maven.surefire.junit4.JUnit4Provider.invoke(JUnit4Provider.java:112)
	at java.base/jdk.internal.reflect.NativeMethodAccessorImpl.invoke0(Native Method)
	at java.base/jdk.internal.reflect.NativeMethodAccessorImpl.invoke(NativeMethodAccessorImpl.java:62)
	at java.base/jdk.internal.reflect.DelegatingMethodAccessorImpl.invoke(DelegatingMethodAccessorImpl.java:43)
	at java.base/java.lang.reflect.Method.invoke(Method.java:566)
	at org.apache.maven.surefire.util.ReflectionUtils.invokeMethodWithArray(ReflectionUtils.java:189)
	at org.apache.maven.surefire.booter.ProviderFactory$ProviderProxy.invoke(ProviderFactory.java:165)
	at org.apache.maven.surefire.booter.ProviderFactory.invokeProvider(ProviderFactory.java:85)
	at org.apache.maven.surefire.booter.ForkedBooter.runSuitesInProcess(ForkedBooter.java:115)
	at org.apache.maven.surefire.booter.ForkedBooter.main(ForkedBooter.java:75)
Caused by: org.springframework.beans.factory.UnsatisfiedDependencyException: Error creating bean with name 'entityDataCenterController': Unsatisfied dependency expressed through field 'entityDataCenterService'; nested exception is org.springframework.beans.factory.UnsatisfiedDependencyException: Error creating bean with name 'entityDataCenterService': Unsatisfied dependency expressed through field 'userJwtSsoTokenRestTemplate'; nested exception is org.springframework.beans.factory.BeanCreationException: Error creating bean with name 'userJwtSsoTokenRestTemplate' defined in class path resource [com/webank/wecube/platform/core/config/HttpClientConfig.class]: Bean instantiation via factory method failed; nested exception is org.springframework.beans.BeanInstantiationException: Failed to instantiate [com.webank.wecube.platform.core.http.UserJwtSsoTokenRestTemplate]: Factory method 'userJwtSsoTokenRestTemplate' threw exception; nested exception is java.lang.NoClassDefFoundError: com/fasterxml/jackson/core/util/JacksonFeature
	at org.springframework.beans.factory.annotation.AutowiredAnnotationBeanPostProcessor$AutowiredFieldElement.inject(AutowiredAnnotationBeanPostProcessor.java:598)
	at org.springframework.beans.factory.annotation.InjectionMetadata.inject(InjectionMetadata.java:90)
	at org.springframework.beans.factory.annotation.AutowiredAnnotationBeanPostProcessor.postProcessProperties(AutowiredAnnotationBeanPostProcessor.java:376)
	at org.springframework.beans.factory.support.AbstractAutowireCapableBeanFactory.populateBean(AbstractAutowireCapableBeanFactory.java:1402)
	at org.springframework.beans.factory.support.AbstractAutowireCapableBeanFactory.doCreateBean(AbstractAutowireCapableBeanFactory.java:591)
	at org.springframework.beans.factory.support.AbstractAutowireCapableBeanFactory.createBean(AbstractAutowireCapableBeanFactory.java:514)
	at org.springframework.beans.factory.support.AbstractBeanFactory.lambda$doGetBean$0(AbstractBeanFactory.java:321)
	at org.springframework.beans.factory.support.DefaultSingletonBeanRegistry.getSingleton(DefaultSingletonBeanRegistry.java:234)
	at org.springframework.beans.factory.support.AbstractBeanFactory.doGetBean(AbstractBeanFactory.java:319)
	at org.springframework.beans.factory.support.AbstractBeanFactory.getBean(AbstractBeanFactory.java:199)
	at org.springframework.beans.factory.support.DefaultListableBeanFactory.preInstantiateSingletons(DefaultListableBeanFactory.java:866)
	at org.springframework.context.support.AbstractApplicationContext.finishBeanFactoryInitialization(AbstractApplicationContext.java:878)
	at org.springframework.context.support.AbstractApplicationContext.refresh(AbstractApplicationContext.java:550)
	at org.springframework.boot.SpringApplication.refresh(SpringApplication.java:744)
	at org.springframework.boot.SpringApplication.refreshContext(SpringApplication.java:391)
	at org.springframework.boot.SpringApplication.run(SpringApplication.java:312)
	at org.springframework.boot.test.context.SpringBootContextLoader.loadContext(SpringBootContextLoader.java:121)
	at org.springframework.test.context.cache.DefaultCacheAwareContextLoaderDelegate.loadContextInternal(DefaultCacheAwareContextLoaderDelegate.java:99)
	at org.springframework.test.context.cache.DefaultCacheAwareContextLoaderDelegate.loadContext(DefaultCacheAwareContextLoaderDelegate.java:117)
	... 31 more
Caused by: org.springframework.beans.factory.UnsatisfiedDependencyException: Error creating bean with name 'entityDataCenterService': Unsatisfied dependency expressed through field 'userJwtSsoTokenRestTemplate'; nested exception is org.springframework.beans.factory.BeanCreationException: Error creating bean with name 'userJwtSsoTokenRestTemplate' defined in class path resource [com/webank/wecube/platform/core/config/HttpClientConfig.class]: Bean instantiation via factory method failed; nested exception is org.springframework.beans.BeanInstantiationException: Failed to instantiate [com.webank.wecube.platform.core.http.UserJwtSsoTokenRestTemplate]: Factory method 'userJwtSsoTokenRestTemplate' threw exception; nested exception is java.lang.NoClassDefFoundError: com/fasterxml/jackson/core/util/JacksonFeature
	at org.springframework.beans.factory.annotation.AutowiredAnnotationBeanPostProcessor$AutowiredFieldElement.inject(AutowiredAnnotationBeanPostProcessor.java:598)
	at org.springframework.beans.factory.annotation.InjectionMetadata.inject(InjectionMetadata.java:90)
	at org.springframework.beans.factory.annotation.AutowiredAnnotationBeanPostProcessor.postProcessProperties(AutowiredAnnotationBeanPostProcessor.java:376)
	at org.springframework.beans.factory.support.AbstractAutowireCapableBeanFactory.populateBean(AbstractAutowireCapableBeanFactory.java:1402)
	at org.springframework.beans.factory.support.AbstractAutowireCapableBeanFactory.doCreateBean(AbstractAutowireCapableBeanFactory.java:591)
	at org.springframework.beans.factory.support.AbstractAutowireCapableBeanFactory.createBean(AbstractAutowireCapableBeanFactory.java:514)
	at org.springframework.beans.factory.support.AbstractBeanFactory.lambda$doGetBean$0(AbstractBeanFactory.java:321)
	at org.springframework.beans.factory.support.DefaultSingletonBeanRegistry.getSingleton(DefaultSingletonBeanRegistry.java:234)
	at org.springframework.beans.factory.support.AbstractBeanFactory.doGetBean(AbstractBeanFactory.java:319)
	at org.springframework.beans.factory.support.AbstractBeanFactory.getBean(AbstractBeanFactory.java:199)
	at org.springframework.beans.factory.config.DependencyDescriptor.resolveCandidate(DependencyDescriptor.java:277)
	at org.springframework.beans.factory.support.DefaultListableBeanFactory.doResolveDependency(DefaultListableBeanFactory.java:1276)
	at org.springframework.beans.factory.support.DefaultListableBeanFactory.resolveDependency(DefaultListableBeanFactory.java:1196)
	at org.springframework.beans.factory.annotation.AutowiredAnnotationBeanPostProcessor$AutowiredFieldElement.inject(AutowiredAnnotationBeanPostProcessor.java:595)
	... 49 more
Caused by: org.springframework.beans.factory.BeanCreationException: Error creating bean with name 'userJwtSsoTokenRestTemplate' defined in class path resource [com/webank/wecube/platform/core/config/HttpClientConfig.class]: Bean instantiation via factory method failed; nested exception is org.springframework.beans.BeanInstantiationException: Failed to instantiate [com.webank.wecube.platform.core.http.UserJwtSsoTokenRestTemplate]: Factory method 'userJwtSsoTokenRestTemplate' threw exception; nested exception is java.lang.NoClassDefFoundError: com/fasterxml/jackson/core/util/JacksonFeature
	at org.springframework.beans.factory.support.ConstructorResolver.instantiate(ConstructorResolver.java:627)
	at org.springframework.beans.factory.support.ConstructorResolver.instantiateUsingFactoryMethod(ConstructorResolver.java:456)
	at org.springframework.beans.factory.support.AbstractAutowireCapableBeanFactory.instantiateUsingFactoryMethod(AbstractAutowireCapableBeanFactory.java:1318)
	at org.springframework.beans.factory.support.AbstractAutowireCapableBeanFactory.createBeanInstance(AbstractAutowireCapableBeanFactory.java:1158)
	at org.springframework.beans.factory.support.AbstractAutowireCapableBeanFactory.doCreateBean(AbstractAutowireCapableBeanFactory.java:554)
	at org.springframework.beans.factory.support.AbstractAutowireCapableBeanFactory.createBean(AbstractAutowireCapableBeanFactory.java:514)
	at org.springframework.beans.factory.support.AbstractBeanFactory.lambda$doGetBean$0(AbstractBeanFactory.java:321)
	at org.springframework.beans.factory.support.DefaultSingletonBeanRegistry.getSingleton(DefaultSingletonBeanRegistry.java:234)
	at org.springframework.beans.factory.support.AbstractBeanFactory.doGetBean(AbstractBeanFactory.java:319)
	at org.springframework.beans.factory.support.AbstractBeanFactory.getBean(AbstractBeanFactory.java:199)
	at org.springframework.beans.factory.config.DependencyDescriptor.resolveCandidate(DependencyDescriptor.java:277)
	at org.springframework.beans.factory.support.DefaultListableBeanFactory.doResolveDependency(DefaultListableBeanFactory.java:1276)
	at org.springframework.beans.factory.support.DefaultListableBeanFactory.resolveDependency(DefaultListableBeanFactory.java:1196)
	at org.springframework.beans.factory.annotation.AutowiredAnnotationBeanPostProcessor$AutowiredFieldElement.inject(AutowiredAnnotationBeanPostProcessor.java:595)
	... 62 more
Caused by: org.springframework.beans.BeanInstantiationException: Failed to instantiate [com.webank.wecube.platform.core.http.UserJwtSsoTokenRestTemplate]: Factory method 'userJwtSsoTokenRestTemplate' threw exception; nested exception is java.lang.NoClassDefFoundError: com/fasterxml/jackson/core/util/JacksonFeature
	at org.springframework.beans.factory.support.SimpleInstantiationStrategy.instantiate(SimpleInstantiationStrategy.java:185)
	at org.springframework.beans.factory.support.ConstructorResolver.instantiate(ConstructorResolver.java:622)
	... 75 more
Caused by: java.lang.NoClassDefFoundError: com/fasterxml/jackson/core/util/JacksonFeature
	at com.fasterxml.jackson.databind.ObjectMapper.<init>(ObjectMapper.java:674)
	at com.fasterxml.jackson.databind.ObjectMapper.<init>(ObjectMapper.java:576)
	at org.springframework.http.converter.json.Jackson2ObjectMapperBuilder.build(Jackson2ObjectMapperBuilder.java:631)
	at org.springframework.http.converter.json.MappingJackson2HttpMessageConverter.<init>(MappingJackson2HttpMessageConverter.java:59)
	at org.springframework.http.converter.support.AllEncompassingFormHttpMessageConverter.<init>(AllEncompassingFormHttpMessageConverter.java:76)
	at org.springframework.web.client.RestTemplate.<init>(RestTemplate.java:144)
	at com.webank.wecube.platform.core.http.UserJwtSsoTokenRestTemplate.<init>(UserJwtSsoTokenRestTemplate.java:22)
	at com.webank.wecube.platform.core.config.HttpClientConfig.userJwtSsoTokenRestTemplate(HttpClientConfig.java:160)
	at com.webank.wecube.platform.core.config.HttpClientConfig$$EnhancerBySpringCGLIB$$2f07e836.CGLIB$userJwtSsoTokenRestTemplate$6(<generated>)
	at com.webank.wecube.platform.core.config.HttpClientConfig$$EnhancerBySpringCGLIB$$2f07e836$$FastClassBySpringCGLIB$$f390fc71.invoke(<generated>)
	at org.springframework.cglib.proxy.MethodProxy.invokeSuper(MethodProxy.java:244)
	at org.springframework.context.annotation.ConfigurationClassEnhancer$BeanMethodInterceptor.intercept(ConfigurationClassEnhancer.java:363)
	at com.webank.wecube.platform.core.config.HttpClientConfig$$EnhancerBySpringCGLIB$$2f07e836.userJwtSsoTokenRestTemplate(<generated>)
	at java.base/jdk.internal.reflect.NativeMethodAccessorImpl.invoke0(Native Method)
	at java.base/jdk.internal.reflect.NativeMethodAccessorImpl.invoke(NativeMethodAccessorImpl.java:62)
	at java.base/jdk.internal.reflect.DelegatingMethodAccessorImpl.invoke(DelegatingMethodAccessorImpl.java:43)
	at java.base/java.lang.reflect.Method.invoke(Method.java:566)
	at org.springframework.beans.factory.support.SimpleInstantiationStrategy.instantiate(SimpleInstantiationStrategy.java:154)
	... 76 more
Caused by: java.lang.ClassNotFoundException: com.fasterxml.jackson.core.util.JacksonFeature
	at java.base/jdk.internal.loader.BuiltinClassLoader.loadClass(BuiltinClassLoader.java:581)
	at java.base/jdk.internal.loader.ClassLoaders$AppClassLoader.loadClass(ClassLoaders.java:178)
	at java.base/java.lang.ClassLoader.loadClass(ClassLoader.java:522)
	... 94 more

decryptPasswordTest(com.webank.wecube.platform.core.utils.EncryptionUtilsTest)  Time elapsed: 0.003 sec  <<< ERROR!
java.lang.IllegalStateException: Failed to load ApplicationContext
	at org.springframework.test.context.cache.DefaultCacheAwareContextLoaderDelegate.loadContext(DefaultCacheAwareContextLoaderDelegate.java:125)
	at org.springframework.test.context.support.DefaultTestContext.getApplicationContext(DefaultTestContext.java:108)
	at org.springframework.test.context.web.ServletTestExecutionListener.setUpRequestContextIfNecessary(ServletTestExecutionListener.java:190)
	at org.springframework.test.context.web.ServletTestExecutionListener.prepareTestInstance(ServletTestExecutionListener.java:132)
	at org.springframework.test.context.TestContextManager.prepareTestInstance(TestContextManager.java:246)
	at org.springframework.test.context.junit4.SpringJUnit4ClassRunner.createTest(SpringJUnit4ClassRunner.java:227)
	at org.springframework.test.context.junit4.SpringJUnit4ClassRunner$1.runReflectiveCall(SpringJUnit4ClassRunner.java:289)
	at org.junit.internal.runners.model.ReflectiveCallable.run(ReflectiveCallable.java:12)
	at org.springframework.test.context.junit4.SpringJUnit4ClassRunner.methodBlock(SpringJUnit4ClassRunner.java:291)
	at org.springframework.test.context.junit4.SpringJUnit4ClassRunner.runChild(SpringJUnit4ClassRunner.java:246)
	at org.springframework.test.context.junit4.SpringJUnit4ClassRunner.runChild(SpringJUnit4ClassRunner.java:97)
	at org.junit.runners.ParentRunner$3.run(ParentRunner.java:290)
	at org.junit.runners.ParentRunner$1.schedule(ParentRunner.java:71)
	at org.junit.runners.ParentRunner.runChildren(ParentRunner.java:288)
	at org.junit.runners.ParentRunner.access$000(ParentRunner.java:58)
	at org.junit.runners.ParentRunner$2.evaluate(ParentRunner.java:268)
	at org.springframework.test.context.junit4.statements.RunBeforeTestClassCallbacks.evaluate(RunBeforeTestClassCallbacks.java:61)
	at org.springframework.test.context.junit4.statements.RunAfterTestClassCallbacks.evaluate(RunAfterTestClassCallbacks.java:70)
	at org.junit.runners.ParentRunner.run(ParentRunner.java:363)
	at org.springframework.test.context.junit4.SpringJUnit4ClassRunner.run(SpringJUnit4ClassRunner.java:190)
	at org.apache.maven.surefire.junit4.JUnit4Provider.execute(JUnit4Provider.java:252)
	at org.apache.maven.surefire.junit4.JUnit4Provider.executeTestSet(JUnit4Provider.java:141)
	at org.apache.maven.surefire.junit4.JUnit4Provider.invoke(JUnit4Provider.java:112)
	at java.base/jdk.internal.reflect.NativeMethodAccessorImpl.invoke0(Native Method)
	at java.base/jdk.internal.reflect.NativeMethodAccessorImpl.invoke(NativeMethodAccessorImpl.java:62)
	at java.base/jdk.internal.reflect.DelegatingMethodAccessorImpl.invoke(DelegatingMethodAccessorImpl.java:43)
	at java.base/java.lang.reflect.Method.invoke(Method.java:566)
	at org.apache.maven.surefire.util.ReflectionUtils.invokeMethodWithArray(ReflectionUtils.java:189)
	at org.apache.maven.surefire.booter.ProviderFactory$ProviderProxy.invoke(ProviderFactory.java:165)
	at org.apache.maven.surefire.booter.ProviderFactory.invokeProvider(ProviderFactory.java:85)
	at org.apache.maven.surefire.booter.ForkedBooter.runSuitesInProcess(ForkedBooter.java:115)
	at org.apache.maven.surefire.booter.ForkedBooter.main(ForkedBooter.java:75)
Caused by: org.springframework.beans.factory.UnsatisfiedDependencyException: Error creating bean with name 'entityDataCenterController': Unsatisfied dependency expressed through field 'entityDataCenterService'; nested exception is org.springframework.beans.factory.UnsatisfiedDependencyException: Error creating bean with name 'entityDataCenterService': Unsatisfied dependency expressed through field 'userJwtSsoTokenRestTemplate'; nested exception is org.springframework.beans.factory.BeanCreationException: Error creating bean with name 'userJwtSsoTokenRestTemplate' defined in class path resource [com/webank/wecube/platform/core/config/HttpClientConfig.class]: Bean instantiation via factory method failed; nested exception is org.springframework.beans.BeanInstantiationException: Failed to instantiate [com.webank.wecube.platform.core.http.UserJwtSsoTokenRestTemplate]: Factory method 'userJwtSsoTokenRestTemplate' threw exception; nested exception is java.lang.NoClassDefFoundError: com/fasterxml/jackson/core/util/JacksonFeature
	at org.springframework.beans.factory.annotation.AutowiredAnnotationBeanPostProcessor$AutowiredFieldElement.inject(AutowiredAnnotationBeanPostProcessor.java:598)
	at org.springframework.beans.factory.annotation.InjectionMetadata.inject(InjectionMetadata.java:90)
	at org.springframework.beans.factory.annotation.AutowiredAnnotationBeanPostProcessor.postProcessProperties(AutowiredAnnotationBeanPostProcessor.java:376)
	at org.springframework.beans.factory.support.AbstractAutowireCapableBeanFactory.populateBean(AbstractAutowireCapableBeanFactory.java:1402)
	at org.springframework.beans.factory.support.AbstractAutowireCapableBeanFactory.doCreateBean(AbstractAutowireCapableBeanFactory.java:591)
	at org.springframework.beans.factory.support.AbstractAutowireCapableBeanFactory.createBean(AbstractAutowireCapableBeanFactory.java:514)
	at org.springframework.beans.factory.support.AbstractBeanFactory.lambda$doGetBean$0(AbstractBeanFactory.java:321)
	at org.springframework.beans.factory.support.DefaultSingletonBeanRegistry.getSingleton(DefaultSingletonBeanRegistry.java:234)
	at org.springframework.beans.factory.support.AbstractBeanFactory.doGetBean(AbstractBeanFactory.java:319)
	at org.springframework.beans.factory.support.AbstractBeanFactory.getBean(AbstractBeanFactory.java:199)
	at org.springframework.beans.factory.support.DefaultListableBeanFactory.preInstantiateSingletons(DefaultListableBeanFactory.java:866)
	at org.springframework.context.support.AbstractApplicationContext.finishBeanFactoryInitialization(AbstractApplicationContext.java:878)
	at org.springframework.context.support.AbstractApplicationContext.refresh(AbstractApplicationContext.java:550)
	at org.springframework.boot.SpringApplication.refresh(SpringApplication.java:744)
	at org.springframework.boot.SpringApplication.refreshContext(SpringApplication.java:391)
	at org.springframework.boot.SpringApplication.run(SpringApplication.java:312)
	at org.springframework.boot.test.context.SpringBootContextLoader.loadContext(SpringBootContextLoader.java:121)
	at org.springframework.test.context.cache.DefaultCacheAwareContextLoaderDelegate.loadContextInternal(DefaultCacheAwareContextLoaderDelegate.java:99)
	at org.springframework.test.context.cache.DefaultCacheAwareContextLoaderDelegate.loadContext(DefaultCacheAwareContextLoaderDelegate.java:117)
	... 31 more
Caused by: org.springframework.beans.factory.UnsatisfiedDependencyException: Error creating bean with name 'entityDataCenterService': Unsatisfied dependency expressed through field 'userJwtSsoTokenRestTemplate'; nested exception is org.springframework.beans.factory.BeanCreationException: Error creating bean with name 'userJwtSsoTokenRestTemplate' defined in class path resource [com/webank/wecube/platform/core/config/HttpClientConfig.class]: Bean instantiation via factory method failed; nested exception is org.springframework.beans.BeanInstantiationException: Failed to instantiate [com.webank.wecube.platform.core.http.UserJwtSsoTokenRestTemplate]: Factory method 'userJwtSsoTokenRestTemplate' threw exception; nested exception is java.lang.NoClassDefFoundError: com/fasterxml/jackson/core/util/JacksonFeature
	at org.springframework.beans.factory.annotation.AutowiredAnnotationBeanPostProcessor$AutowiredFieldElement.inject(AutowiredAnnotationBeanPostProcessor.java:598)
	at org.springframework.beans.factory.annotation.InjectionMetadata.inject(InjectionMetadata.java:90)
	at org.springframework.beans.factory.annotation.AutowiredAnnotationBeanPostProcessor.postProcessProperties(AutowiredAnnotationBeanPostProcessor.java:376)
	at org.springframework.beans.factory.support.AbstractAutowireCapableBeanFactory.populateBean(AbstractAutowireCapableBeanFactory.java:1402)
	at org.springframework.beans.factory.support.AbstractAutowireCapableBeanFactory.doCreateBean(AbstractAutowireCapableBeanFactory.java:591)
	at org.springframework.beans.factory.support.AbstractAutowireCapableBeanFactory.createBean(AbstractAutowireCapableBeanFactory.java:514)
	at org.springframework.beans.factory.support.AbstractBeanFactory.lambda$doGetBean$0(AbstractBeanFactory.java:321)
	at org.springframework.beans.factory.support.DefaultSingletonBeanRegistry.getSingleton(DefaultSingletonBeanRegistry.java:234)
	at org.springframework.beans.factory.support.AbstractBeanFactory.doGetBean(AbstractBeanFactory.java:319)
	at org.springframework.beans.factory.support.AbstractBeanFactory.getBean(AbstractBeanFactory.java:199)
	at org.springframework.beans.factory.config.DependencyDescriptor.resolveCandidate(DependencyDescriptor.java:277)
	at org.springframework.beans.factory.support.DefaultListableBeanFactory.doResolveDependency(DefaultListableBeanFactory.java:1276)
	at org.springframework.beans.factory.support.DefaultListableBeanFactory.resolveDependency(DefaultListableBeanFactory.java:1196)
	at org.springframework.beans.factory.annotation.AutowiredAnnotationBeanPostProcessor$AutowiredFieldElement.inject(AutowiredAnnotationBeanPostProcessor.java:595)
	... 49 more
Caused by: org.springframework.beans.factory.BeanCreationException: Error creating bean with name 'userJwtSsoTokenRestTemplate' defined in class path resource [com/webank/wecube/platform/core/config/HttpClientConfig.class]: Bean instantiation via factory method failed; nested exception is org.springframework.beans.BeanInstantiationException: Failed to instantiate [com.webank.wecube.platform.core.http.UserJwtSsoTokenRestTemplate]: Factory method 'userJwtSsoTokenRestTemplate' threw exception; nested exception is java.lang.NoClassDefFoundError: com/fasterxml/jackson/core/util/JacksonFeature
	at org.springframework.beans.factory.support.ConstructorResolver.instantiate(ConstructorResolver.java:627)
	at org.springframework.beans.factory.support.ConstructorResolver.instantiateUsingFactoryMethod(ConstructorResolver.java:456)
	at org.springframework.beans.factory.support.AbstractAutowireCapableBeanFactory.instantiateUsingFactoryMethod(AbstractAutowireCapableBeanFactory.java:1318)
	at org.springframework.beans.factory.support.AbstractAutowireCapableBeanFactory.createBeanInstance(AbstractAutowireCapableBeanFactory.java:1158)
	at org.springframework.beans.factory.support.AbstractAutowireCapableBeanFactory.doCreateBean(AbstractAutowireCapableBeanFactory.java:554)
	at org.springframework.beans.factory.support.AbstractAutowireCapableBeanFactory.createBean(AbstractAutowireCapableBeanFactory.java:514)
	at org.springframework.beans.factory.support.AbstractBeanFactory.lambda$doGetBean$0(AbstractBeanFactory.java:321)
	at org.springframework.beans.factory.support.DefaultSingletonBeanRegistry.getSingleton(DefaultSingletonBeanRegistry.java:234)
	at org.springframework.beans.factory.support.AbstractBeanFactory.doGetBean(AbstractBeanFactory.java:319)
	at org.springframework.beans.factory.support.AbstractBeanFactory.getBean(AbstractBeanFactory.java:199)
	at org.springframework.beans.factory.config.DependencyDescriptor.resolveCandidate(DependencyDescriptor.java:277)
	at org.springframework.beans.factory.support.DefaultListableBeanFactory.doResolveDependency(DefaultListableBeanFactory.java:1276)
	at org.springframework.beans.factory.support.DefaultListableBeanFactory.resolveDependency(DefaultListableBeanFactory.java:1196)
	at org.springframework.beans.factory.annotation.AutowiredAnnotationBeanPostProcessor$AutowiredFieldElement.inject(AutowiredAnnotationBeanPostProcessor.java:595)
	... 62 more
Caused by: org.springframework.beans.BeanInstantiationException: Failed to instantiate [com.webank.wecube.platform.core.http.UserJwtSsoTokenRestTemplate]: Factory method 'userJwtSsoTokenRestTemplate' threw exception; nested exception is java.lang.NoClassDefFoundError: com/fasterxml/jackson/core/util/JacksonFeature
	at org.springframework.beans.factory.support.SimpleInstantiationStrategy.instantiate(SimpleInstantiationStrategy.java:185)
	at org.springframework.beans.factory.support.ConstructorResolver.instantiate(ConstructorResolver.java:622)
	... 75 more
Caused by: java.lang.NoClassDefFoundError: com/fasterxml/jackson/core/util/JacksonFeature
	at com.fasterxml.jackson.databind.ObjectMapper.<init>(ObjectMapper.java:674)
	at com.fasterxml.jackson.databind.ObjectMapper.<init>(ObjectMapper.java:576)
	at org.springframework.http.converter.json.Jackson2ObjectMapperBuilder.build(Jackson2ObjectMapperBuilder.java:631)
	at org.springframework.http.converter.json.MappingJackson2HttpMessageConverter.<init>(MappingJackson2HttpMessageConverter.java:59)
	at org.springframework.http.converter.support.AllEncompassingFormHttpMessageConverter.<init>(AllEncompassingFormHttpMessageConverter.java:76)
	at org.springframework.web.client.RestTemplate.<init>(RestTemplate.java:144)
	at com.webank.wecube.platform.core.http.UserJwtSsoTokenRestTemplate.<init>(UserJwtSsoTokenRestTemplate.java:22)
	at com.webank.wecube.platform.core.config.HttpClientConfig.userJwtSsoTokenRestTemplate(HttpClientConfig.java:160)
	at com.webank.wecube.platform.core.config.HttpClientConfig$$EnhancerBySpringCGLIB$$2f07e836.CGLIB$userJwtSsoTokenRestTemplate$6(<generated>)
	at com.webank.wecube.platform.core.config.HttpClientConfig$$EnhancerBySpringCGLIB$$2f07e836$$FastClassBySpringCGLIB$$f390fc71.invoke(<generated>)
	at org.springframework.cglib.proxy.MethodProxy.invokeSuper(MethodProxy.java:244)
	at org.springframework.context.annotation.ConfigurationClassEnhancer$BeanMethodInterceptor.intercept(ConfigurationClassEnhancer.java:363)
	at com.webank.wecube.platform.core.config.HttpClientConfig$$EnhancerBySpringCGLIB$$2f07e836.userJwtSsoTokenRestTemplate(<generated>)
	at java.base/jdk.internal.reflect.NativeMethodAccessorImpl.invoke0(Native Method)
	at java.base/jdk.internal.reflect.NativeMethodAccessorImpl.invoke(NativeMethodAccessorImpl.java:62)
	at java.base/jdk.internal.reflect.DelegatingMethodAccessorImpl.invoke(DelegatingMethodAccessorImpl.java:43)
	at java.base/java.lang.reflect.Method.invoke(Method.java:566)
	at org.springframework.beans.factory.support.SimpleInstantiationStrategy.instantiate(SimpleInstantiationStrategy.java:154)
	... 76 more
Caused by: java.lang.ClassNotFoundException: com.fasterxml.jackson.core.util.JacksonFeature
	at java.base/jdk.internal.loader.BuiltinClassLoader.loadClass(BuiltinClassLoader.java:581)
	at java.base/jdk.internal.loader.ClassLoaders$AppClassLoader.loadClass(ClassLoaders.java:178)
	at java.base/java.lang.ClassLoader.loadClass(ClassLoader.java:522)
	... 94 more

encryptPasswordTest2(com.webank.wecube.platform.core.utils.EncryptionUtilsTest)  Time elapsed: 0.002 sec  <<< ERROR!
java.lang.IllegalStateException: Failed to load ApplicationContext
	at org.springframework.test.context.cache.DefaultCacheAwareContextLoaderDelegate.loadContext(DefaultCacheAwareContextLoaderDelegate.java:125)
	at org.springframework.test.context.support.DefaultTestContext.getApplicationContext(DefaultTestContext.java:108)
	at org.springframework.test.context.web.ServletTestExecutionListener.setUpRequestContextIfNecessary(ServletTestExecutionListener.java:190)
	at org.springframework.test.context.web.ServletTestExecutionListener.prepareTestInstance(ServletTestExecutionListener.java:132)
	at org.springframework.test.context.TestContextManager.prepareTestInstance(TestContextManager.java:246)
	at org.springframework.test.context.junit4.SpringJUnit4ClassRunner.createTest(SpringJUnit4ClassRunner.java:227)
	at org.springframework.test.context.junit4.SpringJUnit4ClassRunner$1.runReflectiveCall(SpringJUnit4ClassRunner.java:289)
	at org.junit.internal.runners.model.ReflectiveCallable.run(ReflectiveCallable.java:12)
	at org.springframework.test.context.junit4.SpringJUnit4ClassRunner.methodBlock(SpringJUnit4ClassRunner.java:291)
	at org.springframework.test.context.junit4.SpringJUnit4ClassRunner.runChild(SpringJUnit4ClassRunner.java:246)
	at org.springframework.test.context.junit4.SpringJUnit4ClassRunner.runChild(SpringJUnit4ClassRunner.java:97)
	at org.junit.runners.ParentRunner$3.run(ParentRunner.java:290)
	at org.junit.runners.ParentRunner$1.schedule(ParentRunner.java:71)
	at org.junit.runners.ParentRunner.runChildren(ParentRunner.java:288)
	at org.junit.runners.ParentRunner.access$000(ParentRunner.java:58)
	at org.junit.runners.ParentRunner$2.evaluate(ParentRunner.java:268)
	at org.springframework.test.context.junit4.statements.RunBeforeTestClassCallbacks.evaluate(RunBeforeTestClassCallbacks.java:61)
	at org.springframework.test.context.junit4.statements.RunAfterTestClassCallbacks.evaluate(RunAfterTestClassCallbacks.java:70)
	at org.junit.runners.ParentRunner.run(ParentRunner.java:363)
	at org.springframework.test.context.junit4.SpringJUnit4ClassRunner.run(SpringJUnit4ClassRunner.java:190)
	at org.apache.maven.surefire.junit4.JUnit4Provider.execute(JUnit4Provider.java:252)
	at org.apache.maven.surefire.junit4.JUnit4Provider.executeTestSet(JUnit4Provider.java:141)
	at org.apache.maven.surefire.junit4.JUnit4Provider.invoke(JUnit4Provider.java:112)
	at java.base/jdk.internal.reflect.NativeMethodAccessorImpl.invoke0(Native Method)
	at java.base/jdk.internal.reflect.NativeMethodAccessorImpl.invoke(NativeMethodAccessorImpl.java:62)
	at java.base/jdk.internal.reflect.DelegatingMethodAccessorImpl.invoke(DelegatingMethodAccessorImpl.java:43)
	at java.base/java.lang.reflect.Method.invoke(Method.java:566)
	at org.apache.maven.surefire.util.ReflectionUtils.invokeMethodWithArray(ReflectionUtils.java:189)
	at org.apache.maven.surefire.booter.ProviderFactory$ProviderProxy.invoke(ProviderFactory.java:165)
	at org.apache.maven.surefire.booter.ProviderFactory.invokeProvider(ProviderFactory.java:85)
	at org.apache.maven.surefire.booter.ForkedBooter.runSuitesInProcess(ForkedBooter.java:115)
	at org.apache.maven.surefire.booter.ForkedBooter.main(ForkedBooter.java:75)
Caused by: org.springframework.beans.factory.UnsatisfiedDependencyException: Error creating bean with name 'entityDataCenterController': Unsatisfied dependency expressed through field 'entityDataCenterService'; nested exception is org.springframework.beans.factory.UnsatisfiedDependencyException: Error creating bean with name 'entityDataCenterService': Unsatisfied dependency expressed through field 'userJwtSsoTokenRestTemplate'; nested exception is org.springframework.beans.factory.BeanCreationException: Error creating bean with name 'userJwtSsoTokenRestTemplate' defined in class path resource [com/webank/wecube/platform/core/config/HttpClientConfig.class]: Bean instantiation via factory method failed; nested exception is org.springframework.beans.BeanInstantiationException: Failed to instantiate [com.webank.wecube.platform.core.http.UserJwtSsoTokenRestTemplate]: Factory method 'userJwtSsoTokenRestTemplate' threw exception; nested exception is java.lang.NoClassDefFoundError: com/fasterxml/jackson/core/util/JacksonFeature
	at org.springframework.beans.factory.annotation.AutowiredAnnotationBeanPostProcessor$AutowiredFieldElement.inject(AutowiredAnnotationBeanPostProcessor.java:598)
	at org.springframework.beans.factory.annotation.InjectionMetadata.inject(InjectionMetadata.java:90)
	at org.springframework.beans.factory.annotation.AutowiredAnnotationBeanPostProcessor.postProcessProperties(AutowiredAnnotationBeanPostProcessor.java:376)
	at org.springframework.beans.factory.support.AbstractAutowireCapableBeanFactory.populateBean(AbstractAutowireCapableBeanFactory.java:1402)
	at org.springframework.beans.factory.support.AbstractAutowireCapableBeanFactory.doCreateBean(AbstractAutowireCapableBeanFactory.java:591)
	at org.springframework.beans.factory.support.AbstractAutowireCapableBeanFactory.createBean(AbstractAutowireCapableBeanFactory.java:514)
	at org.springframework.beans.factory.support.AbstractBeanFactory.lambda$doGetBean$0(AbstractBeanFactory.java:321)
	at org.springframework.beans.factory.support.DefaultSingletonBeanRegistry.getSingleton(DefaultSingletonBeanRegistry.java:234)
	at org.springframework.beans.factory.support.AbstractBeanFactory.doGetBean(AbstractBeanFactory.java:319)
	at org.springframework.beans.factory.support.AbstractBeanFactory.getBean(AbstractBeanFactory.java:199)
	at org.springframework.beans.factory.support.DefaultListableBeanFactory.preInstantiateSingletons(DefaultListableBeanFactory.java:866)
	at org.springframework.context.support.AbstractApplicationContext.finishBeanFactoryInitialization(AbstractApplicationContext.java:878)
	at org.springframework.context.support.AbstractApplicationContext.refresh(AbstractApplicationContext.java:550)
	at org.springframework.boot.SpringApplication.refresh(SpringApplication.java:744)
	at org.springframework.boot.SpringApplication.refreshContext(SpringApplication.java:391)
	at org.springframework.boot.SpringApplication.run(SpringApplication.java:312)
	at org.springframework.boot.test.context.SpringBootContextLoader.loadContext(SpringBootContextLoader.java:121)
	at org.springframework.test.context.cache.DefaultCacheAwareContextLoaderDelegate.loadContextInternal(DefaultCacheAwareContextLoaderDelegate.java:99)
	at org.springframework.test.context.cache.DefaultCacheAwareContextLoaderDelegate.loadContext(DefaultCacheAwareContextLoaderDelegate.java:117)
	... 31 more
Caused by: org.springframework.beans.factory.UnsatisfiedDependencyException: Error creating bean with name 'entityDataCenterService': Unsatisfied dependency expressed through field 'userJwtSsoTokenRestTemplate'; nested exception is org.springframework.beans.factory.BeanCreationException: Error creating bean with name 'userJwtSsoTokenRestTemplate' defined in class path resource [com/webank/wecube/platform/core/config/HttpClientConfig.class]: Bean instantiation via factory method failed; nested exception is org.springframework.beans.BeanInstantiationException: Failed to instantiate [com.webank.wecube.platform.core.http.UserJwtSsoTokenRestTemplate]: Factory method 'userJwtSsoTokenRestTemplate' threw exception; nested exception is java.lang.NoClassDefFoundError: com/fasterxml/jackson/core/util/JacksonFeature
	at org.springframework.beans.factory.annotation.AutowiredAnnotationBeanPostProcessor$AutowiredFieldElement.inject(AutowiredAnnotationBeanPostProcessor.java:598)
	at org.springframework.beans.factory.annotation.InjectionMetadata.inject(InjectionMetadata.java:90)
	at org.springframework.beans.factory.annotation.AutowiredAnnotationBeanPostProcessor.postProcessProperties(AutowiredAnnotationBeanPostProcessor.java:376)
	at org.springframework.beans.factory.support.AbstractAutowireCapableBeanFactory.populateBean(AbstractAutowireCapableBeanFactory.java:1402)
	at org.springframework.beans.factory.support.AbstractAutowireCapableBeanFactory.doCreateBean(AbstractAutowireCapableBeanFactory.java:591)
	at org.springframework.beans.factory.support.AbstractAutowireCapableBeanFactory.createBean(AbstractAutowireCapableBeanFactory.java:514)
	at org.springframework.beans.factory.support.AbstractBeanFactory.lambda$doGetBean$0(AbstractBeanFactory.java:321)
	at org.springframework.beans.factory.support.DefaultSingletonBeanRegistry.getSingleton(DefaultSingletonBeanRegistry.java:234)
	at org.springframework.beans.factory.support.AbstractBeanFactory.doGetBean(AbstractBeanFactory.java:319)
	at org.springframework.beans.factory.support.AbstractBeanFactory.getBean(AbstractBeanFactory.java:199)
	at org.springframework.beans.factory.config.DependencyDescriptor.resolveCandidate(DependencyDescriptor.java:277)
	at org.springframework.beans.factory.support.DefaultListableBeanFactory.doResolveDependency(DefaultListableBeanFactory.java:1276)
	at org.springframework.beans.factory.support.DefaultListableBeanFactory.resolveDependency(DefaultListableBeanFactory.java:1196)
	at org.springframework.beans.factory.annotation.AutowiredAnnotationBeanPostProcessor$AutowiredFieldElement.inject(AutowiredAnnotationBeanPostProcessor.java:595)
	... 49 more
Caused by: org.springframework.beans.factory.BeanCreationException: Error creating bean with name 'userJwtSsoTokenRestTemplate' defined in class path resource [com/webank/wecube/platform/core/config/HttpClientConfig.class]: Bean instantiation via factory method failed; nested exception is org.springframework.beans.BeanInstantiationException: Failed to instantiate [com.webank.wecube.platform.core.http.UserJwtSsoTokenRestTemplate]: Factory method 'userJwtSsoTokenRestTemplate' threw exception; nested exception is java.lang.NoClassDefFoundError: com/fasterxml/jackson/core/util/JacksonFeature
	at org.springframework.beans.factory.support.ConstructorResolver.instantiate(ConstructorResolver.java:627)
	at org.springframework.beans.factory.support.ConstructorResolver.instantiateUsingFactoryMethod(ConstructorResolver.java:456)
	at org.springframework.beans.factory.support.AbstractAutowireCapableBeanFactory.instantiateUsingFactoryMethod(AbstractAutowireCapableBeanFactory.java:1318)
	at org.springframework.beans.factory.support.AbstractAutowireCapableBeanFactory.createBeanInstance(AbstractAutowireCapableBeanFactory.java:1158)
	at org.springframework.beans.factory.support.AbstractAutowireCapableBeanFactory.doCreateBean(AbstractAutowireCapableBeanFactory.java:554)
	at org.springframework.beans.factory.support.AbstractAutowireCapableBeanFactory.createBean(AbstractAutowireCapableBeanFactory.java:514)
	at org.springframework.beans.factory.support.AbstractBeanFactory.lambda$doGetBean$0(AbstractBeanFactory.java:321)
	at org.springframework.beans.factory.support.DefaultSingletonBeanRegistry.getSingleton(DefaultSingletonBeanRegistry.java:234)
	at org.springframework.beans.factory.support.AbstractBeanFactory.doGetBean(AbstractBeanFactory.java:319)
	at org.springframework.beans.factory.support.AbstractBeanFactory.getBean(AbstractBeanFactory.java:199)
	at org.springframework.beans.factory.config.DependencyDescriptor.resolveCandidate(DependencyDescriptor.java:277)
	at org.springframework.beans.factory.support.DefaultListableBeanFactory.doResolveDependency(DefaultListableBeanFactory.java:1276)
	at org.springframework.beans.factory.support.DefaultListableBeanFactory.resolveDependency(DefaultListableBeanFactory.java:1196)
	at org.springframework.beans.factory.annotation.AutowiredAnnotationBeanPostProcessor$AutowiredFieldElement.inject(AutowiredAnnotationBeanPostProcessor.java:595)
	... 62 more
Caused by: org.springframework.beans.BeanInstantiationException: Failed to instantiate [com.webank.wecube.platform.core.http.UserJwtSsoTokenRestTemplate]: Factory method 'userJwtSsoTokenRestTemplate' threw exception; nested exception is java.lang.NoClassDefFoundError: com/fasterxml/jackson/core/util/JacksonFeature
	at org.springframework.beans.factory.support.SimpleInstantiationStrategy.instantiate(SimpleInstantiationStrategy.java:185)
	at org.springframework.beans.factory.support.ConstructorResolver.instantiate(ConstructorResolver.java:622)
	... 75 more
Caused by: java.lang.NoClassDefFoundError: com/fasterxml/jackson/core/util/JacksonFeature
	at com.fasterxml.jackson.databind.ObjectMapper.<init>(ObjectMapper.java:674)
	at com.fasterxml.jackson.databind.ObjectMapper.<init>(ObjectMapper.java:576)
	at org.springframework.http.converter.json.Jackson2ObjectMapperBuilder.build(Jackson2ObjectMapperBuilder.java:631)
	at org.springframework.http.converter.json.MappingJackson2HttpMessageConverter.<init>(MappingJackson2HttpMessageConverter.java:59)
	at org.springframework.http.converter.support.AllEncompassingFormHttpMessageConverter.<init>(AllEncompassingFormHttpMessageConverter.java:76)
	at org.springframework.web.client.RestTemplate.<init>(RestTemplate.java:144)
	at com.webank.wecube.platform.core.http.UserJwtSsoTokenRestTemplate.<init>(UserJwtSsoTokenRestTemplate.java:22)
	at com.webank.wecube.platform.core.config.HttpClientConfig.userJwtSsoTokenRestTemplate(HttpClientConfig.java:160)
	at com.webank.wecube.platform.core.config.HttpClientConfig$$EnhancerBySpringCGLIB$$2f07e836.CGLIB$userJwtSsoTokenRestTemplate$6(<generated>)
	at com.webank.wecube.platform.core.config.HttpClientConfig$$EnhancerBySpringCGLIB$$2f07e836$$FastClassBySpringCGLIB$$f390fc71.invoke(<generated>)
	at org.springframework.cglib.proxy.MethodProxy.invokeSuper(MethodProxy.java:244)
	at org.springframework.context.annotation.ConfigurationClassEnhancer$BeanMethodInterceptor.intercept(ConfigurationClassEnhancer.java:363)
	at com.webank.wecube.platform.core.config.HttpClientConfig$$EnhancerBySpringCGLIB$$2f07e836.userJwtSsoTokenRestTemplate(<generated>)
	at java.base/jdk.internal.reflect.NativeMethodAccessorImpl.invoke0(Native Method)
	at java.base/jdk.internal.reflect.NativeMethodAccessorImpl.invoke(NativeMethodAccessorImpl.java:62)
	at java.base/jdk.internal.reflect.DelegatingMethodAccessorImpl.invoke(DelegatingMethodAccessorImpl.java:43)
	at java.base/java.lang.reflect.Method.invoke(Method.java:566)
	at org.springframework.beans.factory.support.SimpleInstantiationStrategy.instantiate(SimpleInstantiationStrategy.java:154)
	... 76 more
Caused by: java.lang.ClassNotFoundException: com.fasterxml.jackson.core.util.JacksonFeature
	at java.base/jdk.internal.loader.BuiltinClassLoader.loadClass(BuiltinClassLoader.java:581)
	at java.base/jdk.internal.loader.ClassLoaders$AppClassLoader.loadClass(ClassLoaders.java:178)
	at java.base/java.lang.ClassLoader.loadClass(ClassLoader.java:522)
	... 94 more

Running com.webank.wecube.platform.core.utils.FindVarNameUtilsTest
2023-01-24 15:07:16 INFO  c.w.w.platform.core.utils.FindVarNameUtilsTest   - Checking str: {{ALLOCATE_PORT}}:21000
2023-01-24 15:07:16 INFO  c.w.w.platform.core.utils.FindVarNameUtilsTest   - Checking stringList: [{{ALLOCATE_PORT}}]
2023-01-24 15:07:16 INFO  c.w.w.platform.core.utils.FindVarNameUtilsTest   - Checking str: {{BASE_MOUNT_PATH}}/service-mgmt/log:/log
2023-01-24 15:07:16 INFO  c.w.w.platform.core.utils.FindVarNameUtilsTest   - Checking str: DB_HOST={{DB_HOST}},DB_PORT={{DB_PORT}},DB_SCHEMA={{DB_SCHEMA}},DB_USER={{DB_USER}},DB_PWD={{DB_PWD}},CORE_ADDR={{CORE_ADDR}}
Tests run: 3, Failures: 0, Errors: 0, Skipped: 0, Time elapsed: 0.008 sec
Running com.webank.wecube.platform.core.utils.CollectionUtilsTest
Tests run: 1, Failures: 0, Errors: 0, Skipped: 0, Time elapsed: 0 sec
Running com.webank.wecube.platform.core.service.datamodel.RootlessExpressionServiceTest
Tests run: 1, Failures: 0, Errors: 0, Skipped: 1, Time elapsed: 0 sec
Running com.webank.wecube.platform.core.service.MenuServiceTest
Tests run: 1, Failures: 0, Errors: 0, Skipped: 1, Time elapsed: 0 sec
Running com.webank.wecube.platform.core.service.dme.StandardEntityOperationServiceTest
Tests run: 1, Failures: 0, Errors: 0, Skipped: 1, Time elapsed: 0 sec
Running com.webank.wecube.platform.core.service.workflow.WorkflowStatisticsServiceTest
Tests run: 1, Failures: 0, Errors: 0, Skipped: 1, Time elapsed: 0 sec
Running com.webank.wecube.platform.core.service.SystemVariableServiceTest
Tests run: 1, Failures: 0, Errors: 0, Skipped: 1, Time elapsed: 0 sec
Running com.webank.wecube.platform.core.controller.DataModelControllerTest
Tests run: 1, Failures: 0, Errors: 0, Skipped: 1, Time elapsed: 0 sec
Running com.webank.wecube.platform.core.controller.DataServiceControllerTest
Tests run: 1, Failures: 0, Errors: 0, Skipped: 1, Time elapsed: 0.001 sec
Running com.webank.wecube.platform.core.controller.PluginPackageResourceFileControllerTest
Tests run: 1, Failures: 0, Errors: 0, Skipped: 1, Time elapsed: 0 sec
Running com.webank.wecube.platform.core.dto.PluginConfigDtoTest
Tests run: 1, Failures: 0, Errors: 0, Skipped: 0, Time elapsed: 0.001 sec

Results :

Tests in error: 
  encryptPasswordTest(com.webank.wecube.platform.core.utils.EncryptionUtilsTest): Failed to load ApplicationContext
  encryptPasswordTestS3Host(com.webank.wecube.platform.core.utils.EncryptionUtilsTest): Failed to load ApplicationContext
  decryptPasswordTest(com.webank.wecube.platform.core.utils.EncryptionUtilsTest): Failed to load ApplicationContext
  encryptPasswordTest2(com.webank.wecube.platform.core.utils.EncryptionUtilsTest): Failed to load ApplicationContext

Tests run: 25, Failures: 0, Errors: 4, Skipped: 8

[INFO] ------------------------------------------------------------------------
[INFO] Reactor Summary for wecube-platform 3.2.2:
[INFO] 
[INFO] wecube-platform .................................... SUCCESS [  0.092 s]
[INFO] platform-workflow .................................. SUCCESS [  2.079 s]
[INFO] platform-auth-client ............................... SUCCESS [  0.477 s]
[INFO] platform-auth-server ............................... SUCCESS [  2.615 s]
[INFO] platform-core ...................................... FAILURE [ 10.424 s]
[INFO] platform-gateway ................................... SKIPPED
[INFO] ------------------------------------------------------------------------
[INFO] BUILD FAILURE
[INFO] ------------------------------------------------------------------------
[INFO] Total time:  15.939 s
[INFO] Finished at: 2023-01-24T15:07:16Z
[INFO] ------------------------------------------------------------------------
[ERROR] Failed to execute goal org.apache.maven.plugins:maven-surefire-plugin:2.12.4:test (default-test) on project platform-core: There are test failures.
[ERROR] 
[ERROR] Please refer to /home/gabsko/breaking-updates/platform-core/target/surefire-reports for the individual test results.
[ERROR] -> [Help 1]
[ERROR] 
[ERROR] To see the full stack trace of the errors, re-run Maven with the -e switch.
[ERROR] Re-run Maven using the -X switch to enable full debug logging.
[ERROR] 
[ERROR] For more information about the errors and possible solutions, please read the following articles:
[ERROR] [Help 1] http://cwiki.apache.org/confluence/display/MAVEN/MojoFailureException
[ERROR] 
[ERROR] After correcting the problems, you can resume the build with the command
[ERROR]   mvn <args> -rf :platform-core
