[INFO] Scanning for projects...
[INFO] ------------------------------------------------------------------------
[INFO] Reactor Build Order:
[INFO] 
[INFO] messaging-services                                                 [pom]
[INFO] core                                                               [jar]
[INFO] messaging                                                          [jar]
[INFO] clearinghouse                                                      [jar]
[INFO] broker                                                             [jar]
[INFO] vocol                                                              [jar]
[INFO] paris                                                              [jar]
[INFO] appstore                                                           [jar]
[INFO] 
[INFO] -----------< de.fraunhofer.ids.messaging:messaging-services >-----------
[INFO] Building messaging-services 6.1.1                                  [1/8]
[INFO] --------------------------------[ pom ]---------------------------------
[INFO] 
[INFO] --- maven-clean-plugin:2.5:clean (default-clean) @ messaging-services ---
[INFO] 
[INFO] --- flatten-maven-plugin:1.2.7:clean (flatten.clean) @ messaging-services ---
[INFO] Deleting /home/gabsko/breaking-updates/.flattened-pom.xml
[INFO] 
[INFO] --- flatten-maven-plugin:1.2.7:flatten (flatten) @ messaging-services ---
[INFO] Generating flattened POM of project de.fraunhofer.ids.messaging:messaging-services:pom:6.1.1...
[INFO] 
[INFO] ------------------< de.fraunhofer.ids.messaging:core >------------------
[INFO] Building core 6.1.1                                                [2/8]
[INFO] --------------------------------[ jar ]---------------------------------
[INFO] 
[INFO] --- maven-clean-plugin:2.5:clean (default-clean) @ core ---
[INFO] Deleting /home/gabsko/breaking-updates/core/target
[INFO] 
[INFO] --- flatten-maven-plugin:1.2.7:clean (flatten.clean) @ core ---
[INFO] Deleting /home/gabsko/breaking-updates/core/.flattened-pom.xml
[INFO] 
[INFO] --- maven-resources-plugin:2.6:resources (default-resources) @ core ---
[INFO] Using 'UTF-8' encoding to copy filtered resources.
[INFO] skip non existing resourceDirectory /home/gabsko/breaking-updates/core/src/main/resources
[INFO] 
[INFO] --- flatten-maven-plugin:1.2.7:flatten (flatten) @ core ---
[INFO] Generating flattened POM of project de.fraunhofer.ids.messaging:core:jar:6.1.1...
[INFO] 
[INFO] --- maven-compiler-plugin:3.10.1:compile (default-compile) @ core ---
[INFO] Changes detected - recompiling the module!
[INFO] Compiling 29 source files to /home/gabsko/breaking-updates/core/target/classes
[INFO] /home/gabsko/breaking-updates/core/src/main/java/de/fraunhofer/ids/messaging/core/config/ConfigProducer.java: /home/gabsko/breaking-updates/core/src/main/java/de/fraunhofer/ids/messaging/core/config/ConfigProducer.java uses or overrides a deprecated API.
[INFO] /home/gabsko/breaking-updates/core/src/main/java/de/fraunhofer/ids/messaging/core/config/ConfigProducer.java: Recompile with -Xlint:deprecation for details.
[INFO] 
[INFO] --- maven-resources-plugin:2.6:testResources (default-testResources) @ core ---
[INFO] Using 'UTF-8' encoding to copy filtered resources.
[INFO] Copying 4 resources
[INFO] 
[INFO] --- maven-compiler-plugin:3.10.1:testCompile (default-testCompile) @ core ---
[INFO] Changes detected - recompiling the module!
[INFO] Compiling 6 source files to /home/gabsko/breaking-updates/core/target/test-classes
[INFO] /home/gabsko/breaking-updates/core/src/test/java/de/fraunhofer/ids/messaging/core/config/PreConfigInterceptor.java: /home/gabsko/breaking-updates/core/src/test/java/de/fraunhofer/ids/messaging/core/config/PreConfigInterceptor.java uses or overrides a deprecated API.
[INFO] /home/gabsko/breaking-updates/core/src/test/java/de/fraunhofer/ids/messaging/core/config/PreConfigInterceptor.java: Recompile with -Xlint:deprecation for details.
[INFO] 
[INFO] --- maven-surefire-plugin:2.19.1:test (default-test) @ core ---

-------------------------------------------------------
 T E S T S
-------------------------------------------------------
Running de.fraunhofer.ids.messaging.core.config.ConfigProducerTest
13:18:16.077 [main] DEBUG org.springframework.test.context.BootstrapUtils - Instantiating CacheAwareContextLoaderDelegate from class [org.springframework.test.context.cache.DefaultCacheAwareContextLoaderDelegate]
13:18:16.088 [main] DEBUG org.springframework.test.context.BootstrapUtils - Instantiating BootstrapContext using constructor [public org.springframework.test.context.support.DefaultBootstrapContext(java.lang.Class,org.springframework.test.context.CacheAwareContextLoaderDelegate)]
13:18:16.126 [main] DEBUG org.springframework.test.context.BootstrapUtils - Instantiating TestContextBootstrapper for test class [de.fraunhofer.ids.messaging.core.config.ConfigProducerTest] from class [org.springframework.boot.test.context.SpringBootTestContextBootstrapper]
13:18:16.138 [main] INFO org.springframework.boot.test.context.SpringBootTestContextBootstrapper - Neither @ContextConfiguration nor @ContextHierarchy found for test class [de.fraunhofer.ids.messaging.core.config.ConfigProducerTest], using SpringBootContextLoader
13:18:16.141 [main] DEBUG org.springframework.test.context.support.AbstractContextLoader - Did not detect default resource location for test class [de.fraunhofer.ids.messaging.core.config.ConfigProducerTest]: class path resource [de/fraunhofer/ids/messaging/core/config/ConfigProducerTest-context.xml] does not exist
13:18:16.142 [main] DEBUG org.springframework.test.context.support.AbstractContextLoader - Did not detect default resource location for test class [de.fraunhofer.ids.messaging.core.config.ConfigProducerTest]: class path resource [de/fraunhofer/ids/messaging/core/config/ConfigProducerTestContext.groovy] does not exist
13:18:16.142 [main] INFO org.springframework.test.context.support.AbstractContextLoader - Could not detect default resource locations for test class [de.fraunhofer.ids.messaging.core.config.ConfigProducerTest]: no resource found for suffixes {-context.xml, Context.groovy}.
13:18:16.191 [main] DEBUG org.springframework.test.context.support.ActiveProfilesUtils - Could not find an 'annotation declaring class' for annotation type [org.springframework.test.context.ActiveProfiles] and class [de.fraunhofer.ids.messaging.core.config.ConfigProducerTest]
13:18:16.286 [main] DEBUG org.springframework.boot.test.context.SpringBootTestContextBootstrapper - @TestExecutionListeners is not present for class [de.fraunhofer.ids.messaging.core.config.ConfigProducerTest]: using defaults.
13:18:16.287 [main] INFO org.springframework.boot.test.context.SpringBootTestContextBootstrapper - Loaded default TestExecutionListener class names from location [META-INF/spring.factories]: [org.springframework.boot.test.mock.mockito.MockitoTestExecutionListener, org.springframework.boot.test.mock.mockito.ResetMocksTestExecutionListener, org.springframework.boot.test.autoconfigure.restdocs.RestDocsTestExecutionListener, org.springframework.boot.test.autoconfigure.web.client.MockRestServiceServerResetTestExecutionListener, org.springframework.boot.test.autoconfigure.web.servlet.MockMvcPrintOnlyOnFailureTestExecutionListener, org.springframework.boot.test.autoconfigure.web.servlet.WebDriverTestExecutionListener, org.springframework.boot.test.autoconfigure.webservices.client.MockWebServiceServerTestExecutionListener, org.springframework.test.context.web.ServletTestExecutionListener, org.springframework.test.context.support.DirtiesContextBeforeModesTestExecutionListener, org.springframework.test.context.event.ApplicationEventsTestExecutionListener, org.springframework.test.context.support.DependencyInjectionTestExecutionListener, org.springframework.test.context.support.DirtiesContextTestExecutionListener, org.springframework.test.context.transaction.TransactionalTestExecutionListener, org.springframework.test.context.jdbc.SqlScriptsTestExecutionListener, org.springframework.test.context.event.EventPublishingTestExecutionListener]
13:18:16.294 [main] DEBUG org.springframework.boot.test.context.SpringBootTestContextBootstrapper - Skipping candidate TestExecutionListener [org.springframework.test.context.web.ServletTestExecutionListener] due to a missing dependency. Specify custom listener classes or make the default listener classes and their required dependencies available. Offending class: [org/springframework/web/context/request/RequestAttributes]
13:18:16.296 [main] DEBUG org.springframework.boot.test.context.SpringBootTestContextBootstrapper - Skipping candidate TestExecutionListener [org.springframework.test.context.transaction.TransactionalTestExecutionListener] due to a missing dependency. Specify custom listener classes or make the default listener classes and their required dependencies available. Offending class: [org/springframework/transaction/interceptor/TransactionAttributeSource]
13:18:16.296 [main] DEBUG org.springframework.boot.test.context.SpringBootTestContextBootstrapper - Skipping candidate TestExecutionListener [org.springframework.test.context.jdbc.SqlScriptsTestExecutionListener] due to a missing dependency. Specify custom listener classes or make the default listener classes and their required dependencies available. Offending class: [org/springframework/transaction/interceptor/TransactionAttribute]
13:18:16.296 [main] INFO org.springframework.boot.test.context.SpringBootTestContextBootstrapper - Using TestExecutionListeners: [org.springframework.test.context.support.DirtiesContextBeforeModesTestExecutionListener@7f284218, org.springframework.test.context.event.ApplicationEventsTestExecutionListener@407a7f2a, org.springframework.boot.test.mock.mockito.MockitoTestExecutionListener@4ea5b703, org.springframework.boot.test.autoconfigure.SpringBootDependencyInjectionTestExecutionListener@2a7ed1f, org.springframework.test.context.support.DirtiesContextTestExecutionListener@3fa247d1, org.springframework.test.context.event.EventPublishingTestExecutionListener@2cb2fc20, org.springframework.boot.test.mock.mockito.ResetMocksTestExecutionListener@4f4c4b1a, org.springframework.boot.test.autoconfigure.restdocs.RestDocsTestExecutionListener@723e88f9, org.springframework.boot.test.autoconfigure.web.client.MockRestServiceServerResetTestExecutionListener@5f0fd5a0, org.springframework.boot.test.autoconfigure.web.servlet.MockMvcPrintOnlyOnFailureTestExecutionListener@64e7619d, org.springframework.boot.test.autoconfigure.web.servlet.WebDriverTestExecutionListener@495ee280, org.springframework.boot.test.autoconfigure.webservices.client.MockWebServiceServerTestExecutionListener@4fa1c212]
13:18:16.299 [main] DEBUG org.springframework.test.context.support.AbstractDirtiesContextTestExecutionListener - Before test class: context [DefaultTestContext@4a00d9cf testClass = ConfigProducerTest, testInstance = [null], testMethod = [null], testException = [null], mergedContextConfiguration = [MergedContextConfiguration@6736fa8d testClass = ConfigProducerTest, locations = '{}', classes = '{class de.fraunhofer.ids.messaging.core.config.TestSpringApp}', contextInitializerClasses = '[]', activeProfiles = '{}', propertySourceLocations = '{classpath:application.properties}', propertySourceProperties = '{org.springframework.boot.test.context.SpringBootTestContextBootstrapper=true}', contextCustomizers = set[org.springframework.boot.test.context.filter.ExcludeFilterContextCustomizer@770d3326, org.springframework.boot.test.json.DuplicateJsonObjectContextCustomizerFactory$DuplicateJsonObjectContextCustomizer@19d481b, org.springframework.boot.test.mock.mockito.MockitoContextCustomizer@0, org.springframework.boot.test.web.client.TestRestTemplateContextCustomizer@e7edb54, org.springframework.boot.test.autoconfigure.actuate.metrics.MetricsExportContextCustomizerFactory$DisableMetricExportContextCustomizer@696da30b, org.springframework.boot.test.autoconfigure.properties.PropertyMappingContextCustomizer@0, org.springframework.boot.test.autoconfigure.web.servlet.WebDriverContextCustomizerFactory$Customizer@a2431d0, org.springframework.boot.test.context.SpringBootTestArgs@1, org.springframework.boot.test.context.SpringBootTestWebEnvironment@578486a3], contextLoader = 'org.springframework.boot.test.context.SpringBootContextLoader', parent = [null]], attributes = map[[empty]]], class annotated with @DirtiesContext [false] with mode [null].
13:18:16.311 [main] DEBUG org.springframework.test.context.support.DependencyInjectionTestExecutionListener - Performing dependency injection for test context [[DefaultTestContext@4a00d9cf testClass = ConfigProducerTest, testInstance = de.fraunhofer.ids.messaging.core.config.ConfigProducerTest@3ddc6915, testMethod = [null], testException = [null], mergedContextConfiguration = [MergedContextConfiguration@6736fa8d testClass = ConfigProducerTest, locations = '{}', classes = '{class de.fraunhofer.ids.messaging.core.config.TestSpringApp}', contextInitializerClasses = '[]', activeProfiles = '{}', propertySourceLocations = '{classpath:application.properties}', propertySourceProperties = '{org.springframework.boot.test.context.SpringBootTestContextBootstrapper=true}', contextCustomizers = set[org.springframework.boot.test.context.filter.ExcludeFilterContextCustomizer@770d3326, org.springframework.boot.test.json.DuplicateJsonObjectContextCustomizerFactory$DuplicateJsonObjectContextCustomizer@19d481b, org.springframework.boot.test.mock.mockito.MockitoContextCustomizer@0, org.springframework.boot.test.web.client.TestRestTemplateContextCustomizer@e7edb54, org.springframework.boot.test.autoconfigure.actuate.metrics.MetricsExportContextCustomizerFactory$DisableMetricExportContextCustomizer@696da30b, org.springframework.boot.test.autoconfigure.properties.PropertyMappingContextCustomizer@0, org.springframework.boot.test.autoconfigure.web.servlet.WebDriverContextCustomizerFactory$Customizer@a2431d0, org.springframework.boot.test.context.SpringBootTestArgs@1, org.springframework.boot.test.context.SpringBootTestWebEnvironment@578486a3], contextLoader = 'org.springframework.boot.test.context.SpringBootContextLoader', parent = [null]], attributes = map['org.springframework.test.context.event.ApplicationEventsTestExecutionListener.recordApplicationEvents' -> false]]].

  .   ____          _            __ _ _
 /\\ / ___'_ __ _ _(_)_ __  __ _ \ \ \ \
( ( )\___ | '_ | '_| | '_ \/ _` | \ \ \ \
 \\/  ___)| |_)| | | | | || (_| |  ) ) ) )
  '  |____| .__|_| |_|_| |_\__, | / / / /
 =========|_|==============|___/=/_/_/_/
 :: Spring Boot ::                (v2.6.4)

2023-01-24 13:18:16.624  INFO 12690 --- [           main] d.f.i.m.core.config.ConfigProducerTest   : Starting ConfigProducerTest using Java 11.0.17 on repairnator with PID 12690 (started by gabsko in /home/gabsko/breaking-updates/core)
2023-01-24 13:18:16.626  INFO 12690 --- [           main] d.f.i.m.core.config.ConfigProducerTest   : No active profile set, falling back to 1 default profile: "default"
2023-01-24 13:18:17.234  INFO 12690 --- [           main] d.f.i.m.c.config.PreConfigInterceptor    : Intercepting loading of configuration!
2023-01-24 13:18:17.234  INFO 12690 --- [           main] d.f.i.m.c.config.PreConfigInterceptor    : Loading config from classpath: configmodel.json
2023-01-24 13:18:17.240  INFO 12690 --- [           main] d.f.i.m.c.config.PreConfigInterceptor    : Importing configuration from file.
2023-01-24 13:18:17.995  INFO 12690 --- [           main] d.f.i.m.c.c.s.keystore.KeyStoreManager   : Successfully loaded Keystore.
2023-01-24 13:18:18.009  INFO 12690 --- [           main] d.f.i.m.c.c.s.keystore.KeyStoreManager   : Successfully loaded Truststore.
2023-01-24 13:18:18.334  WARN 12690 --- [           main] d.f.i.m.core.config.ClientProvider       : Trustmanager is trusting all Certificates in TEST_DEPLOYMENT mode, you should not use this in production! [code=(IMSCOW0032)]
2023-01-24 13:18:18.370  INFO 12690 --- [           main] d.f.i.m.c.config.PostConfigInterceptor   : Modifying configuration using interceptor interface.
2023-01-24 13:18:18.485  INFO 12690 --- [           main] d.f.i.m.core.config.ConfigProducerTest   : Started ConfigProducerTest in 2.151 seconds (JVM running for 3.216)
2023-01-24 13:18:19.258  WARN 12690 --- [           main] d.f.i.m.c.d.a.AisecTokenManagerService   : TEST_DEPLOYMENT: IDS-Message is sent without a valid DAT, will not be sent in PRODUCTIVE_DEPLOYMENT. [code=(IMSCOW0041), reason=(Error connecting to DAPS (possibly currently not reachable or wrong DAPS-URL): Unexpected code Response{protocol=http/1.1, code=400, message=Bad Request, url=https://daps.aisec.fraunhofer.de/v2/token} Body: {"error":"invalid_client","error_description":"Error decoding JWT: Client does not exist"})]
2023-01-24 13:18:19.826  WARN 12690 --- [           main] d.f.i.m.core.config.ClientProvider       : Proxy port invalid! Trying to skip using this proxy! Please check configuration! [code=(IMSCOW0031), port=(-1)]
2023-01-24 13:18:20.023  INFO 12690 --- [           main] d.f.i.m.c.c.s.keystore.KeyStoreManager   : Successfully loaded Keystore.
2023-01-24 13:18:20.029  INFO 12690 --- [           main] d.f.i.m.c.c.s.keystore.KeyStoreManager   : Successfully loaded Truststore.
2023-01-24 13:18:20.038  WARN 12690 --- [           main] d.f.i.m.core.config.ClientProvider       : Trustmanager is trusting all Certificates in TEST_DEPLOYMENT mode, you should not use this in production! [code=(IMSCOW0032)]
Tests run: 3, Failures: 0, Errors: 0, Skipped: 0, Time elapsed: 4.025 sec - in de.fraunhofer.ids.messaging.core.config.ConfigProducerTest
Running de.fraunhofer.ids.messaging.core.daps.DapsValidatorTest
2023-01-24 13:18:20.054  INFO 12690 --- [           main] o.s.t.c.s.DefaultTestContextBootstrapper : Loaded default TestExecutionListener class names from location [META-INF/spring.factories]: [org.springframework.boot.test.mock.mockito.MockitoTestExecutionListener, org.springframework.boot.test.mock.mockito.ResetMocksTestExecutionListener, org.springframework.boot.test.autoconfigure.restdocs.RestDocsTestExecutionListener, org.springframework.boot.test.autoconfigure.web.client.MockRestServiceServerResetTestExecutionListener, org.springframework.boot.test.autoconfigure.web.servlet.MockMvcPrintOnlyOnFailureTestExecutionListener, org.springframework.boot.test.autoconfigure.web.servlet.WebDriverTestExecutionListener, org.springframework.boot.test.autoconfigure.webservices.client.MockWebServiceServerTestExecutionListener, org.springframework.test.context.web.ServletTestExecutionListener, org.springframework.test.context.support.DirtiesContextBeforeModesTestExecutionListener, org.springframework.test.context.event.ApplicationEventsTestExecutionListener, org.springframework.test.context.support.DependencyInjectionTestExecutionListener, org.springframework.test.context.support.DirtiesContextTestExecutionListener, org.springframework.test.context.transaction.TransactionalTestExecutionListener, org.springframework.test.context.jdbc.SqlScriptsTestExecutionListener, org.springframework.test.context.event.EventPublishingTestExecutionListener]
2023-01-24 13:18:20.055  INFO 12690 --- [           main] o.s.t.c.s.DefaultTestContextBootstrapper : Using TestExecutionListeners: [org.springframework.test.context.support.DirtiesContextBeforeModesTestExecutionListener@45f1413c, org.springframework.test.context.event.ApplicationEventsTestExecutionListener@1a139347, org.springframework.boot.test.mock.mockito.MockitoTestExecutionListener@186295cc, org.springframework.test.context.support.DependencyInjectionTestExecutionListener@4e85dcb2, org.springframework.test.context.support.DirtiesContextTestExecutionListener@1b28cff, org.springframework.test.context.event.EventPublishingTestExecutionListener@73dbe25, org.springframework.boot.test.mock.mockito.ResetMocksTestExecutionListener@bfd97fb, org.springframework.boot.test.autoconfigure.restdocs.RestDocsTestExecutionListener@6bfdaa7a, org.springframework.boot.test.autoconfigure.web.client.MockRestServiceServerResetTestExecutionListener@7e3d168e, org.springframework.boot.test.autoconfigure.web.servlet.MockMvcPrintOnlyOnFailureTestExecutionListener@149b53fa, org.springframework.boot.test.autoconfigure.web.servlet.WebDriverTestExecutionListener@73be4cdd, org.springframework.boot.test.autoconfigure.webservices.client.MockWebServiceServerTestExecutionListener@751686aa]
2023-01-24 13:18:20.334  INFO 12690 --- [           main] d.f.i.messaging.core.daps.DapsVerifier   : Successfully verified DAT claims.
2023-01-24 13:18:20.337  INFO 12690 --- [           main] d.f.i.messaging.core.daps.DapsVerifier   : Successfully verified DAT claims.
2023-01-24 13:18:20.339  WARN 12690 --- [           main] d.f.i.messaging.core.daps.DapsValidator  : SecurityProfile could not be successfully verified! [message=(Security profile violation. Registered security profile at DAPS is: idsc:BASE_CONNECTOR_SECURITY_PROFILE, but the given security profile is: idsc:TRUSTED_CONNECTOR_SECURITY_PROFILE), code=(IMSCOW0033)]
2023-01-24 13:18:20.341  WARN 12690 --- [           main] d.f.i.messaging.core.daps.DapsValidator  : SecurityProfile could not be successfully verified! [message=(Security profile violation. Registered security profile at DAPS is: idsc:BASE_CONNECTOR_SECURITY_PROFILE, but the given security profile is: aiosdhiuaghduiwh), code=(IMSCOW0033)]
2023-01-24 13:18:20.360  WARN 12690 --- [           main] d.f.i.messaging.core.daps.DapsValidator  : SecurityProfile could not be successfully verified! [message=(Security profile violation. Registered security profile at DAPS is: sjondfasdhfiou, but the given security profile is: idsc:TRUSTED_CONNECTOR_SECURITY_PROFILE), code=(IMSCOW0033)]
2023-01-24 13:18:20.376  WARN 12690 --- [           main] d.f.i.messaging.core.daps.DapsValidator  : SecurityProfile could not be successfully verified! [message=(Security profile violation. No security profile given in DAT!), code=(IMSCOW0033)]
2023-01-24 13:18:20.409  INFO 12690 --- [           main] d.f.i.messaging.core.daps.DapsVerifier   : Successfully verified DAT claims.
Tests run: 2, Failures: 0, Errors: 0, Skipped: 0, Time elapsed: 0.372 sec - in de.fraunhofer.ids.messaging.core.daps.DapsValidatorTest
Running de.fraunhofer.ids.messaging.core.daps.DapsVerifierTest
2023-01-24 13:18:20.427  WARN 12690 --- [           main] d.f.i.messaging.core.daps.DapsVerifier   : Could not verify DAT Claims! [code=(IMSCOW0036)]
2023-01-24 13:18:20.427  INFO 12690 --- [           main] d.f.i.messaging.core.daps.DapsVerifier   : Successfully verified DAT claims.
2023-01-24 13:18:20.428  INFO 12690 --- [           main] d.f.i.messaging.core.daps.DapsVerifier   : Successfully verified DAT claims.
2023-01-24 13:18:20.429  INFO 12690 --- [           main] d.f.i.messaging.core.daps.DapsVerifier   : Successfully verified DAT claims.
2023-01-24 13:18:20.429  WARN 12690 --- [           main] d.f.i.messaging.core.daps.DapsVerifier   : Custom DAT validation rule failed! [code=(IMSCOW0035), message=(This rule sometimes fails!)]
2023-01-24 13:18:20.430  WARN 12690 --- [           main] d.f.i.messaging.core.daps.DapsVerifier   : Custom DAT validation rule failed! [code=(IMSCOW0035), message=(This rule sometimes fails!)]
Tests run: 1, Failures: 0, Errors: 0, Skipped: 0, Time elapsed: 0.002 sec - in de.fraunhofer.ids.messaging.core.daps.DapsVerifierTest

Results :

Tests run: 6, Failures: 0, Errors: 0, Skipped: 0

[INFO] 
[INFO] ---------------< de.fraunhofer.ids.messaging:messaging >----------------
[INFO] Building messaging 6.1.1                                           [3/8]
[INFO] --------------------------------[ jar ]---------------------------------
[INFO] 
[INFO] --- maven-clean-plugin:2.5:clean (default-clean) @ messaging ---
[INFO] Deleting /home/gabsko/breaking-updates/messaging/target
[INFO] 
[INFO] --- flatten-maven-plugin:1.2.7:clean (flatten.clean) @ messaging ---
[INFO] Deleting /home/gabsko/breaking-updates/messaging/.flattened-pom.xml
[INFO] 
[INFO] --- maven-resources-plugin:2.6:resources (default-resources) @ messaging ---
[INFO] Using 'UTF-8' encoding to copy filtered resources.
[INFO] skip non existing resourceDirectory /home/gabsko/breaking-updates/messaging/src/main/resources
[INFO] 
[INFO] --- flatten-maven-plugin:1.2.7:flatten (flatten) @ messaging ---
[INFO] Generating flattened POM of project de.fraunhofer.ids.messaging:messaging:jar:6.1.1...
[INFO] 
[INFO] --- maven-compiler-plugin:3.10.1:compile (default-compile) @ messaging ---
[INFO] Changes detected - recompiling the module!
[INFO] Compiling 103 source files to /home/gabsko/breaking-updates/messaging/target/classes
[INFO] /home/gabsko/breaking-updates/messaging/src/main/java/de/fraunhofer/ids/messaging/protocol/multipart/parser/MultipartParser.java: /home/gabsko/breaking-updates/messaging/src/main/java/de/fraunhofer/ids/messaging/protocol/multipart/parser/MultipartParser.java uses or overrides a deprecated API.
[INFO] /home/gabsko/breaking-updates/messaging/src/main/java/de/fraunhofer/ids/messaging/protocol/multipart/parser/MultipartParser.java: Recompile with -Xlint:deprecation for details.
[INFO] /home/gabsko/breaking-updates/messaging/src/main/java/de/fraunhofer/ids/messaging/requests/builder/IdsRequestBuilder.java: /home/gabsko/breaking-updates/messaging/src/main/java/de/fraunhofer/ids/messaging/requests/builder/IdsRequestBuilder.java uses unchecked or unsafe operations.
[INFO] /home/gabsko/breaking-updates/messaging/src/main/java/de/fraunhofer/ids/messaging/requests/builder/IdsRequestBuilder.java: Recompile with -Xlint:unchecked for details.
[INFO] 
[INFO] --- maven-resources-plugin:2.6:testResources (default-testResources) @ messaging ---
[INFO] Using 'UTF-8' encoding to copy filtered resources.
[INFO] Copying 1 resource
[INFO] 
[INFO] --- maven-compiler-plugin:3.10.1:testCompile (default-testCompile) @ messaging ---
[INFO] Changes detected - recompiling the module!
[INFO] Compiling 15 source files to /home/gabsko/breaking-updates/messaging/target/test-classes
[INFO] 
[INFO] --- maven-surefire-plugin:2.19.1:test (default-test) @ messaging ---

-------------------------------------------------------
 T E S T S
-------------------------------------------------------
Running de.fraunhofer.ids.messaging.endpoint.MessageControllerTest
SLF4J: No SLF4J providers were found.
SLF4J: Defaulting to no-operation (NOP) logger implementation
SLF4J: See http://www.slf4j.org/codes.html#noProviders for further details.
SLF4J: Class path contains SLF4J bindings targeting slf4j-api versions prior to 1.8.
SLF4J: Ignoring binding found at [jar:file:/home/gabsko/.m2/repository/ch/qos/logback/logback-classic/1.2.10/logback-classic-1.2.10.jar!/org/slf4j/impl/StaticLoggerBinder.class]
SLF4J: See http://www.slf4j.org/codes.html#ignoredBindings for an explanation.

  .   ____          _            __ _ _
 /\\ / ___'_ __ _ _(_)_ __  __ _ \ \ \ \
( ( )\___ | '_ | '_| | '_ \/ _` | \ \ \ \
 \\/  ___)| |_)| | | | | || (_| |  ) ) ) )
  '  |____| .__|_| |_|_| |_\__, | / / / /
 =========|_|==============|___/=/_/_/_/
 :: Spring Boot ::                (v2.6.4)

Tests run: 1, Failures: 0, Errors: 1, Skipped: 0, Time elapsed: 2.954 sec <<< FAILURE! - in de.fraunhofer.ids.messaging.endpoint.MessageControllerTest
testGetValidMultipartReturn  Time elapsed: 0.267 sec  <<< ERROR!
java.lang.NoClassDefFoundError: com/fasterxml/jackson/annotation/JsonKey
	at de.fraunhofer.ids.messaging.endpoint.MessageControllerTest.testGetValidMultipartReturn(MessageControllerTest.java:151)
Caused by: java.lang.ClassNotFoundException: com.fasterxml.jackson.annotation.JsonKey
	at de.fraunhofer.ids.messaging.endpoint.MessageControllerTest.testGetValidMultipartReturn(MessageControllerTest.java:151)

Running de.fraunhofer.ids.messaging.endpoint.EndpointServiceTest

  .   ____          _            __ _ _
 /\\ / ___'_ __ _ _(_)_ __  __ _ \ \ \ \
( ( )\___ | '_ | '_| | '_ \/ _` | \ \ \ \
 \\/  ___)| |_)| | | | | || (_| |  ) ) ) )
  '  |____| .__|_| |_|_| |_\__, | / / / /
 =========|_|==============|___/=/_/_/_/
 :: Spring Boot ::                (v2.6.4)

Tests run: 1, Failures: 0, Errors: 0, Skipped: 0, Time elapsed: 0.403 sec - in de.fraunhofer.ids.messaging.endpoint.EndpointServiceTest
Running de.fraunhofer.ids.messaging.response.MessageResponseTest
Tests run: 1, Failures: 0, Errors: 1, Skipped: 0, Time elapsed: 0.032 sec <<< FAILURE! - in de.fraunhofer.ids.messaging.response.MessageResponseTest
testResponses  Time elapsed: 0.032 sec  <<< ERROR!
java.lang.NoClassDefFoundError: com/fasterxml/jackson/annotation/JsonKey
	at de.fraunhofer.ids.messaging.response.MessageResponseTest.testResponses(MessageResponseTest.java:44)

Running de.fraunhofer.ids.messaging.requests.InfrastructureServiceTest
Tests run: 1, Failures: 0, Errors: 1, Skipped: 0, Time elapsed: 0.446 sec <<< FAILURE! - in de.fraunhofer.ids.messaging.requests.InfrastructureServiceTest
testInfrastructureService  Time elapsed: 0.255 sec  <<< ERROR!
java.lang.NoClassDefFoundError: com/fasterxml/jackson/annotation/JsonKey
	at de.fraunhofer.ids.messaging.requests.InfrastructureServiceTest.testInfrastructureService(InfrastructureServiceTest.java:154)

Running de.fraunhofer.ids.messaging.util.InfomodelMessageBuilderTest
Tests run: 1, Failures: 0, Errors: 1, Skipped: 0, Time elapsed: 0.028 sec <<< FAILURE! - in de.fraunhofer.ids.messaging.util.InfomodelMessageBuilderTest
testBuildMessage  Time elapsed: 0.028 sec  <<< ERROR!
java.lang.NoClassDefFoundError: com/fasterxml/jackson/annotation/JsonKey
	at de.fraunhofer.ids.messaging.util.InfomodelMessageBuilderTest.testBuildMessage(InfomodelMessageBuilderTest.java:35)

Running de.fraunhofer.ids.messaging.util.IdsMessageUtilsTest
Tests run: 1, Failures: 1, Errors: 0, Skipped: 0, Time elapsed: 0.054 sec <<< FAILURE! - in de.fraunhofer.ids.messaging.util.IdsMessageUtilsTest
testUtils  Time elapsed: 0.054 sec  <<< FAILURE!
org.opentest4j.AssertionFailedError: Unexpected exception thrown: java.lang.NoClassDefFoundError: com/fasterxml/jackson/annotation/JsonKey
	at de.fraunhofer.ids.messaging.util.IdsMessageUtilsTest.testUtils(IdsMessageUtilsTest.java:54)
Caused by: java.lang.NoClassDefFoundError: com/fasterxml/jackson/annotation/JsonKey
	at de.fraunhofer.ids.messaging.util.IdsMessageUtilsTest.lambda$testUtils$0(IdsMessageUtilsTest.java:54)
	at de.fraunhofer.ids.messaging.util.IdsMessageUtilsTest.testUtils(IdsMessageUtilsTest.java:54)

Running de.fraunhofer.ids.messaging.util.RequestUtilsTest
Tests run: 1, Failures: 0, Errors: 0, Skipped: 0, Time elapsed: 0.013 sec - in de.fraunhofer.ids.messaging.util.RequestUtilsTest
Running de.fraunhofer.ids.messaging.util.SerializerProviderTest
Tests run: 1, Failures: 0, Errors: 0, Skipped: 0, Time elapsed: 0 sec - in de.fraunhofer.ids.messaging.util.SerializerProviderTest
Running de.fraunhofer.ids.messaging.dispatcher.MessageDispatcherTest

  .   ____          _            __ _ _
 /\\ / ___'_ __ _ _(_)_ __  __ _ \ \ \ \
( ( )\___ | '_ | '_| | '_ \/ _` | \ \ \ \
 \\/  ___)| |_)| | | | | || (_| |  ) ) ) )
  '  |____| .__|_| |_|_| |_\__, | / / / /
 =========|_|==============|___/=/_/_/_/
 :: Spring Boot ::                (v2.6.4)

Tests run: 1, Failures: 0, Errors: 0, Skipped: 0, Time elapsed: 0.464 sec - in de.fraunhofer.ids.messaging.dispatcher.MessageDispatcherTest
Running de.fraunhofer.ids.messaging.protocol.multipart.MultipartResponseConverterTest
Tests run: 1, Failures: 0, Errors: 1, Skipped: 0, Time elapsed: 0.038 sec <<< FAILURE! - in de.fraunhofer.ids.messaging.protocol.multipart.MultipartResponseConverterTest
testConvertResponse  Time elapsed: 0.038 sec  <<< ERROR!
java.lang.NoClassDefFoundError: com/fasterxml/jackson/annotation/JsonKey
	at de.fraunhofer.ids.messaging.protocol.multipart.MultipartResponseConverterTest.buildMultipart(MultipartResponseConverterTest.java:205)
	at de.fraunhofer.ids.messaging.protocol.multipart.MultipartResponseConverterTest.testConvertResponse(MultipartResponseConverterTest.java:100)

Running de.fraunhofer.ids.messaging.protocol.multipart.parser.MultipartParserTest
Tests run: 1, Failures: 0, Errors: 0, Skipped: 0, Time elapsed: 0.026 sec - in de.fraunhofer.ids.messaging.protocol.multipart.parser.MultipartParserTest
Running de.fraunhofer.ids.messaging.protocol.http.IdsHttpServiceTest
Tests run: 1, Failures: 0, Errors: 0, Skipped: 0, Time elapsed: 0.122 sec - in de.fraunhofer.ids.messaging.protocol.http.IdsHttpServiceTest

Results :

Failed tests: 
  IdsMessageUtilsTest.testUtils:54 Unexpected exception thrown: java.lang.NoClassDefFoundError: com/fasterxml/jackson/annotation/JsonKey
Tests in error: 
  MessageControllerTest.testGetValidMultipartReturn:151 » NoClassDefFound com/fa...
  MultipartResponseConverterTest.testConvertResponse:100->buildMultipart:205 » NoClassDefFound
  InfrastructureServiceTest.testInfrastructureService:154 » NoClassDefFound com/...
  MessageResponseTest.testResponses:44 » NoClassDefFound com/fasterxml/jackson/a...
  InfomodelMessageBuilderTest.testBuildMessage:35 » NoClassDefFound com/fasterxm...

Tests run: 12, Failures: 1, Errors: 5, Skipped: 0

[INFO] ------------------------------------------------------------------------
[INFO] Reactor Summary for messaging-services 6.1.1:
[INFO] 
[INFO] messaging-services ................................. SUCCESS [  0.818 s]
[INFO] core ............................................... SUCCESS [  8.944 s]
[INFO] messaging .......................................... FAILURE [  8.433 s]
[INFO] clearinghouse ...................................... SKIPPED
[INFO] broker ............................................. SKIPPED
[INFO] vocol .............................................. SKIPPED
[INFO] paris .............................................. SKIPPED
[INFO] appstore ........................................... SKIPPED
[INFO] ------------------------------------------------------------------------
[INFO] BUILD FAILURE
[INFO] ------------------------------------------------------------------------
[INFO] Total time:  18.311 s
[INFO] Finished at: 2023-01-24T13:18:29Z
[INFO] ------------------------------------------------------------------------
[ERROR] Failed to execute goal org.apache.maven.plugins:maven-surefire-plugin:2.19.1:test (default-test) on project messaging: There are test failures.
[ERROR] 
[ERROR] Please refer to /home/gabsko/breaking-updates/messaging/target/surefire-reports for the individual test results.
[ERROR] -> [Help 1]
[ERROR] 
[ERROR] To see the full stack trace of the errors, re-run Maven with the -e switch.
[ERROR] Re-run Maven using the -X switch to enable full debug logging.
[ERROR] 
[ERROR] For more information about the errors and possible solutions, please read the following articles:
[ERROR] [Help 1] http://cwiki.apache.org/confluence/display/MAVEN/MojoFailureException
[ERROR] 
[ERROR] After correcting the problems, you can resume the build with the command
[ERROR]   mvn <args> -rf :messaging
