[INFO] Scanning for projects...
[INFO] 
[INFO] -----------------------< de.retest:recheck.cli >------------------------
[INFO] Building recheck.cli 1.14.0-SNAPSHOT
[INFO] --------------------------------[ jar ]---------------------------------
[INFO] 
[INFO] --- maven-clean-plugin:2.5:clean (default-clean) @ recheck.cli ---
[INFO] Deleting /home/gabsko/breaking-updates/target
[INFO] 
[INFO] --- maven-resources-plugin:3.2.0:resources (default-resources) @ recheck.cli ---
[INFO] Using 'UTF-8' encoding to copy filtered resources.
[INFO] Using 'UTF-8' encoding to copy filtered properties files.
[INFO] Copying 4 resources
[INFO] The encoding used to copy filtered properties files have not been set. This means that the same encoding will be used to copy filtered properties files as when copying other filtered resources. This might not be what you want! Run your build with --debug to see which files might be affected. Read more at https://maven.apache.org/plugins/maven-resources-plugin/examples/filtering-properties-files.html
[INFO] 
[INFO] --- maven-resources-plugin:3.2.0:copy-resources (copy-resources-to-release) @ recheck.cli ---
[INFO] Using 'UTF-8' encoding to copy filtered resources.
[INFO] Using 'UTF-8' encoding to copy filtered properties files.
[INFO] Copying 2 resources
[INFO] 
[INFO] --- maven-compiler-plugin:3.10.1:compile (default-compile) @ recheck.cli ---
[INFO] Changes detected - recompiling the module!
[INFO] Compiling 24 source files to /home/gabsko/breaking-updates/target/classes
[WARNING] /home/gabsko/breaking-updates/src/main/java/de/retest/recheck/cli/subcommands/Ignore.java:[20,32] de.retest.recheck.ignore.RecheckIgnoreUtil in de.retest.recheck.ignore has been deprecated
[WARNING] /home/gabsko/breaking-updates/src/main/java/de/retest/recheck/cli/subcommands/Ignore.java:[20,32] de.retest.recheck.ignore.RecheckIgnoreUtil in de.retest.recheck.ignore has been deprecated
[WARNING] /home/gabsko/breaking-updates/src/main/java/de/retest/recheck/cli/subcommands/Ignore.java:[20,32] de.retest.recheck.ignore.RecheckIgnoreUtil in de.retest.recheck.ignore has been deprecated
[WARNING] /home/gabsko/breaking-updates/src/main/java/de/retest/recheck/cli/subcommands/Ignore.java:[20,32] de.retest.recheck.ignore.RecheckIgnoreUtil in de.retest.recheck.ignore has been deprecated
[WARNING] /home/gabsko/breaking-updates/src/main/java/de/retest/recheck/cli/subcommands/Ignore.java:[20,32] de.retest.recheck.ignore.RecheckIgnoreUtil in de.retest.recheck.ignore has been deprecated
[WARNING] /home/gabsko/breaking-updates/src/main/java/de/retest/recheck/cli/subcommands/Ignore.java:[67,41] de.retest.recheck.ignore.RecheckIgnoreUtil in de.retest.recheck.ignore has been deprecated
[WARNING] /home/gabsko/breaking-updates/src/main/java/de/retest/recheck/cli/subcommands/Ignore.java:[67,58] getProjectIgnoreFile(java.lang.String) in de.retest.recheck.ignore.RecheckIgnoreUtil has been deprecated
[INFO] 
[INFO] --- maven-resources-plugin:3.2.0:testResources (default-testResources) @ recheck.cli ---
[INFO] Using 'UTF-8' encoding to copy filtered resources.
[INFO] Using 'UTF-8' encoding to copy filtered properties files.
[INFO] skip non existing resourceDirectory /home/gabsko/breaking-updates/src/test/resources
[INFO] 
[INFO] --- maven-compiler-plugin:3.10.1:testCompile (default-testCompile) @ recheck.cli ---
[INFO] Changes detected - recompiling the module!
[INFO] Compiling 13 source files to /home/gabsko/breaking-updates/target/test-classes
[INFO] 
[INFO] --- maven-surefire-plugin:2.22.2:test (default-test) @ recheck.cli ---
[INFO] 
[INFO] -------------------------------------------------------
[INFO]  T E S T S
[INFO] -------------------------------------------------------
[INFO] Running de.retest.recheck.cli.utils.FilterUtilTest
SLF4J: Failed to load class "org.slf4j.impl.StaticLoggerBinder".
SLF4J: Defaulting to no-operation (NOP) logger implementation
SLF4J: See http://www.slf4j.org/codes.html#StaticLoggerBinder for further details.
[INFO] Tests run: 5, Failures: 0, Errors: 0, Skipped: 0, Time elapsed: 0.109 s - in de.retest.recheck.cli.utils.FilterUtilTest
[INFO] Running de.retest.recheck.cli.utils.VersionProviderTest
[INFO] Tests run: 1, Failures: 0, Errors: 0, Skipped: 0, Time elapsed: 0.035 s - in de.retest.recheck.cli.utils.VersionProviderTest
[INFO] Running de.retest.recheck.cli.utils.SystemInUtilTest
[ERROR] Tests run: 3, Failures: 1, Errors: 0, Skipped: 0, Time elapsed: 0.02 s <<< FAILURE! - in de.retest.recheck.cli.utils.SystemInUtilTest
[ERROR] should_repeatedly_ask_yes_or_no_when_input_is_invalid  Time elapsed: 0.014 s  <<< FAILURE!
java.lang.AssertionError: 

Expecting actual:
  ""
to contain:
  "Invalid input, please only use (y)es or (n)o:" 
	at de.retest.recheck.cli.utils.SystemInUtilTest.should_repeatedly_ask_yes_or_no_when_input_is_invalid(SystemInUtilTest.java:42)

[INFO] Running de.retest.recheck.cli.utils.TestReportUtilTest
[INFO] Tests run: 2, Failures: 0, Errors: 0, Skipped: 0, Time elapsed: 0.724 s - in de.retest.recheck.cli.utils.TestReportUtilTest
[INFO] Running de.retest.recheck.cli.PreConditionTest
[ERROR] Tests run: 1, Failures: 1, Errors: 0, Skipped: 0, Time elapsed: 0 s <<< FAILURE! - in de.retest.recheck.cli.PreConditionTest
[ERROR] should_warn_when_not_a_recheck_project  Time elapsed: 0 s  <<< FAILURE!
java.lang.AssertionError: 

Expecting actual:
  ""
to contain:
  "Not a recheck project." 
	at de.retest.recheck.cli.PreConditionTest.should_warn_when_not_a_recheck_project(PreConditionTest.java:24)

[INFO] 
[INFO] Results:
[INFO] 
[ERROR] Failures: 
[ERROR]   PreConditionTest.should_warn_when_not_a_recheck_project:24 
Expecting actual:
  ""
to contain:
  "Not a recheck project." 
[ERROR]   SystemInUtilTest.should_repeatedly_ask_yes_or_no_when_input_is_invalid:42 
Expecting actual:
  ""
to contain:
  "Invalid input, please only use (y)es or (n)o:" 
[INFO] 
[ERROR] Tests run: 12, Failures: 2, Errors: 0, Skipped: 0
[INFO] 
[INFO] ------------------------------------------------------------------------
[INFO] BUILD FAILURE
[INFO] ------------------------------------------------------------------------
[INFO] Total time:  4.620 s
[INFO] Finished at: 2023-01-30T17:42:48Z
[INFO] ------------------------------------------------------------------------
[ERROR] Failed to execute goal org.apache.maven.plugins:maven-surefire-plugin:2.22.2:test (default-test) on project recheck.cli: There are test failures.
[ERROR] 
[ERROR] Please refer to /home/gabsko/breaking-updates/target/surefire-reports for the individual test results.
[ERROR] Please refer to dump files (if any exist) [date].dump, [date]-jvmRun[N].dump and [date].dumpstream.
[ERROR] -> [Help 1]
[ERROR] 
[ERROR] To see the full stack trace of the errors, re-run Maven with the -e switch.
[ERROR] Re-run Maven using the -X switch to enable full debug logging.
[ERROR] 
[ERROR] For more information about the errors and possible solutions, please read the following articles:
[ERROR] [Help 1] http://cwiki.apache.org/confluence/display/MAVEN/MojoFailureException
