[INFO] Scanning for projects...
[INFO] ------------------------------------------------------------------------
[INFO] Reactor Build Order:
[INFO] 
[INFO] opentracing-toolbox                                                [pom]
[INFO] opentracing-flowid-parent                                          [pom]
[INFO] opentracing-flowid                                                 [jar]
[INFO] opentracing-flowid-bom                                             [pom]
[INFO] opentracing-flowid-httpclient                                      [jar]
[INFO] opentracing-flowid-okhttp                                          [jar]
[INFO] opentracing-flowid-servlet                                         [jar]
[INFO] opentracing-flowid-autoconfigure                                   [jar]
[INFO] opentracing-flowid-starter                                         [jar]
[INFO] opentracing-proxy-parent                                           [pom]
[INFO] opentracing-proxy                                                  [jar]
[INFO] opentracing-jdbc-parent                                            [pom]
[INFO] opentracing-jdbc                                                   [jar]
[INFO] opentracing-jdbc-autoconfigure                                     [jar]
[INFO] opentracing-jdbc-starter                                           [jar]
[INFO] opentracing-kotlin                                                 [jar]
[INFO] opentracing-proxy-autoconfigure                                    [jar]
[INFO] opentracing-proxy-starter                                          [jar]
[INFO] opentracing-servlet-extension-parent                               [pom]
[INFO] opentracing-servlet-extension                                      [jar]
[INFO] opentracing-servlet-extension-autoconfigure                        [jar]
[INFO] opentracing-servlet-extension-starter                              [jar]
[INFO] opentracing-spring-extension                                       [pom]
[INFO] opentracing-spring-web-extension                                   [jar]
[INFO] opentracing-spring-web-extension-autoconfigure                     [jar]
[INFO] opentracing-spring-web-extension-starter                           [jar]
[INFO] opentracing-spring-webflux-extension                               [jar]
[INFO] opentracing-spring-webflux-extension-autoconfigure                 [jar]
[INFO] opentracing-spring-webflux-extension-starter                       [jar]
[INFO] opentracing-toolbox-spring-boot-starter                            [jar]
[INFO] 
[INFO] ------------------< org.zalando:opentracing-toolbox >-------------------
[INFO] Building opentracing-toolbox 4.1.1-SNAPSHOT                       [1/30]
[INFO] --------------------------------[ pom ]---------------------------------
[INFO] 
[INFO] --- maven-clean-plugin:2.5:clean (default-clean) @ opentracing-toolbox ---
[INFO] 
[INFO] --- maven-enforcer-plugin:3.0.0:enforce (enforce-maven) @ opentracing-toolbox ---
[INFO] 
[INFO] --- duplicate-finder-maven-plugin:1.5.1:check (default) @ opentracing-toolbox ---
[INFO] Ignoring POM project!
[INFO] 
[INFO] --- jacoco-maven-plugin:0.8.7:prepare-agent (prepare-agent) @ opentracing-toolbox ---
[INFO] argLine set to -javaagent:/home/gabsko/.m2/repository/org/jacoco/org.jacoco.agent/0.8.7/org.jacoco.agent-0.8.7-runtime.jar=destfile=/home/gabsko/breaking-updates/target/jacoco.exec
[INFO] 
[INFO] --- kotlin-maven-plugin:1.6.20:compile (compile) @ opentracing-toolbox ---
[WARNING] No sources found skipping Kotlin compile
[INFO] 
[INFO] --- kotlin-maven-plugin:1.6.20:test-compile (test-compile) @ opentracing-toolbox ---
[WARNING] No sources found skipping Kotlin compile
[INFO] 
[INFO] ---------------< org.zalando:opentracing-flowid-parent >----------------
[INFO] Building opentracing-flowid-parent 4.1.1-SNAPSHOT                 [2/30]
[INFO] --------------------------------[ pom ]---------------------------------
[INFO] 
[INFO] --- maven-clean-plugin:2.5:clean (default-clean) @ opentracing-flowid-parent ---
[INFO] 
[INFO] --- maven-enforcer-plugin:3.0.0:enforce (enforce-maven) @ opentracing-flowid-parent ---
[INFO] 
[INFO] --- duplicate-finder-maven-plugin:1.5.1:check (default) @ opentracing-flowid-parent ---
[INFO] Ignoring POM project!
[INFO] 
[INFO] --- jacoco-maven-plugin:0.8.7:prepare-agent (prepare-agent) @ opentracing-flowid-parent ---
[INFO] argLine set to -javaagent:/home/gabsko/.m2/repository/org/jacoco/org.jacoco.agent/0.8.7/org.jacoco.agent-0.8.7-runtime.jar=destfile=/home/gabsko/breaking-updates/opentracing-flowid/target/jacoco.exec
[INFO] 
[INFO] --- kotlin-maven-plugin:1.6.20:compile (compile) @ opentracing-flowid-parent ---
[WARNING] No sources found skipping Kotlin compile
[INFO] 
[INFO] --- kotlin-maven-plugin:1.6.20:test-compile (test-compile) @ opentracing-flowid-parent ---
[WARNING] No sources found skipping Kotlin compile
[INFO] 
[INFO] -------------------< org.zalando:opentracing-flowid >-------------------
[INFO] Building opentracing-flowid 4.1.1-SNAPSHOT                        [3/30]
[INFO] --------------------------------[ jar ]---------------------------------
[INFO] 
[INFO] --- maven-clean-plugin:2.5:clean (default-clean) @ opentracing-flowid ---
[INFO] Deleting /home/gabsko/breaking-updates/opentracing-flowid/opentracing-flowid/target
[INFO] 
[INFO] --- maven-enforcer-plugin:3.0.0:enforce (enforce-maven) @ opentracing-flowid ---
[INFO] 
[INFO] --- duplicate-finder-maven-plugin:1.5.1:check (default) @ opentracing-flowid ---
[INFO] Checking compile classpath
[INFO] Checking runtime classpath
[INFO] Checking test classpath
[INFO] 
[INFO] --- jacoco-maven-plugin:0.8.7:prepare-agent (prepare-agent) @ opentracing-flowid ---
[INFO] argLine set to -javaagent:/home/gabsko/.m2/repository/org/jacoco/org.jacoco.agent/0.8.7/org.jacoco.agent-0.8.7-runtime.jar=destfile=/home/gabsko/breaking-updates/opentracing-flowid/opentracing-flowid/target/jacoco.exec
[INFO] 
[INFO] --- maven-resources-plugin:3.2.0:resources (default-resources) @ opentracing-flowid ---
[INFO] Using 'UTF-8' encoding to copy filtered resources.
[INFO] Using 'UTF-8' encoding to copy filtered properties files.
[INFO] skip non existing resourceDirectory /home/gabsko/breaking-updates/opentracing-flowid/opentracing-flowid/src/main/resources
[INFO] 
[INFO] --- maven-compiler-plugin:3.10.1:compile (default-compile) @ opentracing-flowid ---
[INFO] Changes detected - recompiling the module!
[INFO] Compiling 13 source files to /home/gabsko/breaking-updates/opentracing-flowid/opentracing-flowid/target/classes
[INFO] 
[INFO] --- kotlin-maven-plugin:1.6.20:compile (compile) @ opentracing-flowid ---
[WARNING] No sources found skipping Kotlin compile
[INFO] 
[INFO] --- maven-resources-plugin:3.2.0:testResources (default-testResources) @ opentracing-flowid ---
[INFO] Using 'UTF-8' encoding to copy filtered resources.
[INFO] Using 'UTF-8' encoding to copy filtered properties files.
[INFO] Copying 1 resource
[INFO] 
[INFO] --- maven-compiler-plugin:3.10.1:testCompile (default-testCompile) @ opentracing-flowid ---
[INFO] Changes detected - recompiling the module!
[INFO] Compiling 3 source files to /home/gabsko/breaking-updates/opentracing-flowid/opentracing-flowid/target/test-classes
[INFO] 
[INFO] --- kotlin-maven-plugin:1.6.20:test-compile (test-compile) @ opentracing-flowid ---
[WARNING] No sources found skipping Kotlin compile
[INFO] 
[INFO] --- maven-surefire-plugin:2.22.2:test (default-test) @ opentracing-flowid ---
[INFO] 
[INFO] -------------------------------------------------------
[INFO]  T E S T S
[INFO] -------------------------------------------------------
[INFO] Running org.zalando.opentracing.flowid.DefaultFlowTest
[INFO] Tests run: 9, Failures: 0, Errors: 0, Skipped: 0, Time elapsed: 0.648 s - in org.zalando.opentracing.flowid.DefaultFlowTest
[INFO] Running org.zalando.opentracing.flowid.DefaultFlowNoopTracerTest
[INFO] Tests run: 2, Failures: 0, Errors: 0, Skipped: 0, Time elapsed: 0.001 s - in org.zalando.opentracing.flowid.DefaultFlowNoopTracerTest
[INFO] Running org.zalando.opentracing.flowid.FlowTest
[INFO] Tests run: 5, Failures: 0, Errors: 0, Skipped: 0, Time elapsed: 0 s - in org.zalando.opentracing.flowid.FlowTest
[INFO] 
[INFO] Results:
[INFO] 
[INFO] Tests run: 16, Failures: 0, Errors: 0, Skipped: 0
[INFO] 
[INFO] 
[INFO] -----------------< org.zalando:opentracing-flowid-bom >-----------------
[INFO] Building opentracing-flowid-bom 4.1.1-SNAPSHOT                    [4/30]
[INFO] --------------------------------[ pom ]---------------------------------
[INFO] 
[INFO] --- maven-clean-plugin:2.5:clean (default-clean) @ opentracing-flowid-bom ---
[INFO] 
[INFO] --- maven-enforcer-plugin:3.0.0:enforce (enforce-maven) @ opentracing-flowid-bom ---
[INFO] 
[INFO] --- duplicate-finder-maven-plugin:1.5.1:check (default) @ opentracing-flowid-bom ---
[INFO] Ignoring POM project!
[INFO] 
[INFO] --- jacoco-maven-plugin:0.8.7:prepare-agent (prepare-agent) @ opentracing-flowid-bom ---
[INFO] argLine set to -javaagent:/home/gabsko/.m2/repository/org/jacoco/org.jacoco.agent/0.8.7/org.jacoco.agent-0.8.7-runtime.jar=destfile=/home/gabsko/breaking-updates/opentracing-flowid/opentracing-flowid-bom/target/jacoco.exec
[INFO] 
[INFO] --- kotlin-maven-plugin:1.6.20:compile (compile) @ opentracing-flowid-bom ---
[WARNING] No sources found skipping Kotlin compile
[INFO] 
[INFO] --- kotlin-maven-plugin:1.6.20:test-compile (test-compile) @ opentracing-flowid-bom ---
[WARNING] No sources found skipping Kotlin compile
[INFO] 
[INFO] -------------< org.zalando:opentracing-flowid-httpclient >--------------
[INFO] Building opentracing-flowid-httpclient 4.1.1-SNAPSHOT             [5/30]
[INFO] --------------------------------[ jar ]---------------------------------
[INFO] 
[INFO] --- maven-clean-plugin:2.5:clean (default-clean) @ opentracing-flowid-httpclient ---
[INFO] Deleting /home/gabsko/breaking-updates/opentracing-flowid/opentracing-flowid-httpclient/target
[INFO] 
[INFO] --- maven-enforcer-plugin:3.0.0:enforce (enforce-maven) @ opentracing-flowid-httpclient ---
[INFO] 
[INFO] --- duplicate-finder-maven-plugin:1.5.1:check (default) @ opentracing-flowid-httpclient ---
[INFO] Checking compile classpath
[INFO] Checking runtime classpath
[INFO] Checking test classpath
[INFO] 
[INFO] --- jacoco-maven-plugin:0.8.7:prepare-agent (prepare-agent) @ opentracing-flowid-httpclient ---
[INFO] argLine set to -javaagent:/home/gabsko/.m2/repository/org/jacoco/org.jacoco.agent/0.8.7/org.jacoco.agent-0.8.7-runtime.jar=destfile=/home/gabsko/breaking-updates/opentracing-flowid/opentracing-flowid-httpclient/target/jacoco.exec
[INFO] 
[INFO] --- maven-resources-plugin:3.2.0:resources (default-resources) @ opentracing-flowid-httpclient ---
[INFO] Using 'UTF-8' encoding to copy filtered resources.
[INFO] Using 'UTF-8' encoding to copy filtered properties files.
[INFO] skip non existing resourceDirectory /home/gabsko/breaking-updates/opentracing-flowid/opentracing-flowid-httpclient/src/main/resources
[INFO] 
[INFO] --- maven-compiler-plugin:3.10.1:compile (default-compile) @ opentracing-flowid-httpclient ---
[INFO] Changes detected - recompiling the module!
[INFO] Compiling 2 source files to /home/gabsko/breaking-updates/opentracing-flowid/opentracing-flowid-httpclient/target/classes
[INFO] 
[INFO] --- kotlin-maven-plugin:1.6.20:compile (compile) @ opentracing-flowid-httpclient ---
[WARNING] No sources found skipping Kotlin compile
[INFO] 
[INFO] --- maven-resources-plugin:3.2.0:testResources (default-testResources) @ opentracing-flowid-httpclient ---
[INFO] Using 'UTF-8' encoding to copy filtered resources.
[INFO] Using 'UTF-8' encoding to copy filtered properties files.
[INFO] skip non existing resourceDirectory /home/gabsko/breaking-updates/opentracing-flowid/opentracing-flowid-httpclient/src/test/resources
[INFO] 
[INFO] --- maven-compiler-plugin:3.10.1:testCompile (default-testCompile) @ opentracing-flowid-httpclient ---
[INFO] Changes detected - recompiling the module!
[INFO] Compiling 1 source file to /home/gabsko/breaking-updates/opentracing-flowid/opentracing-flowid-httpclient/target/test-classes
[INFO] 
[INFO] --- kotlin-maven-plugin:1.6.20:test-compile (test-compile) @ opentracing-flowid-httpclient ---
[WARNING] No sources found skipping Kotlin compile
[INFO] 
[INFO] --- maven-surefire-plugin:2.22.2:test (default-test) @ opentracing-flowid-httpclient ---
[INFO] 
[INFO] -------------------------------------------------------
[INFO]  T E S T S
[INFO] -------------------------------------------------------
[INFO] Running org.zalando.opentracing.flowid.httpclient.FlowHttpRequestInterceptorTest
[INFO] Tests run: 2, Failures: 0, Errors: 0, Skipped: 0, Time elapsed: 0.703 s - in org.zalando.opentracing.flowid.httpclient.FlowHttpRequestInterceptorTest
[INFO] 
[INFO] Results:
[INFO] 
[INFO] Tests run: 2, Failures: 0, Errors: 0, Skipped: 0
[INFO] 
[INFO] 
[INFO] ---------------< org.zalando:opentracing-flowid-okhttp >----------------
[INFO] Building opentracing-flowid-okhttp 4.1.1-SNAPSHOT                 [6/30]
[INFO] --------------------------------[ jar ]---------------------------------
[INFO] 
[INFO] --- maven-clean-plugin:2.5:clean (default-clean) @ opentracing-flowid-okhttp ---
[INFO] Deleting /home/gabsko/breaking-updates/opentracing-flowid/opentracing-flowid-okhttp/target
[INFO] 
[INFO] --- maven-enforcer-plugin:3.0.0:enforce (enforce-maven) @ opentracing-flowid-okhttp ---
[INFO] 
[INFO] --- duplicate-finder-maven-plugin:1.5.1:check (default) @ opentracing-flowid-okhttp ---
[INFO] Checking compile classpath
[INFO] Checking runtime classpath
[INFO] Checking test classpath
[INFO] 
[INFO] --- jacoco-maven-plugin:0.8.7:prepare-agent (prepare-agent) @ opentracing-flowid-okhttp ---
[INFO] argLine set to -javaagent:/home/gabsko/.m2/repository/org/jacoco/org.jacoco.agent/0.8.7/org.jacoco.agent-0.8.7-runtime.jar=destfile=/home/gabsko/breaking-updates/opentracing-flowid/opentracing-flowid-okhttp/target/jacoco.exec
[INFO] 
[INFO] --- maven-resources-plugin:3.2.0:resources (default-resources) @ opentracing-flowid-okhttp ---
[INFO] Using 'UTF-8' encoding to copy filtered resources.
[INFO] Using 'UTF-8' encoding to copy filtered properties files.
[INFO] skip non existing resourceDirectory /home/gabsko/breaking-updates/opentracing-flowid/opentracing-flowid-okhttp/src/main/resources
[INFO] 
[INFO] --- maven-compiler-plugin:3.10.1:compile (default-compile) @ opentracing-flowid-okhttp ---
[INFO] Changes detected - recompiling the module!
[INFO] Compiling 2 source files to /home/gabsko/breaking-updates/opentracing-flowid/opentracing-flowid-okhttp/target/classes
[INFO] 
[INFO] --- kotlin-maven-plugin:1.6.20:compile (compile) @ opentracing-flowid-okhttp ---
[WARNING] No sources found skipping Kotlin compile
[INFO] 
[INFO] --- maven-resources-plugin:3.2.0:testResources (default-testResources) @ opentracing-flowid-okhttp ---
[INFO] Using 'UTF-8' encoding to copy filtered resources.
[INFO] Using 'UTF-8' encoding to copy filtered properties files.
[INFO] skip non existing resourceDirectory /home/gabsko/breaking-updates/opentracing-flowid/opentracing-flowid-okhttp/src/test/resources
[INFO] 
[INFO] --- maven-compiler-plugin:3.10.1:testCompile (default-testCompile) @ opentracing-flowid-okhttp ---
[INFO] Changes detected - recompiling the module!
[INFO] Compiling 1 source file to /home/gabsko/breaking-updates/opentracing-flowid/opentracing-flowid-okhttp/target/test-classes
[INFO] 
[INFO] --- kotlin-maven-plugin:1.6.20:test-compile (test-compile) @ opentracing-flowid-okhttp ---
[WARNING] No sources found skipping Kotlin compile
[INFO] 
[INFO] --- maven-surefire-plugin:2.22.2:test (default-test) @ opentracing-flowid-okhttp ---
[INFO] 
[INFO] -------------------------------------------------------
[INFO]  T E S T S
[INFO] -------------------------------------------------------
[INFO] Running org.zalando.opentracing.flowid.okhttp.FlowInterceptorTest
[INFO] Tests run: 2, Failures: 0, Errors: 0, Skipped: 0, Time elapsed: 0.932 s - in org.zalando.opentracing.flowid.okhttp.FlowInterceptorTest
[INFO] 
[INFO] Results:
[INFO] 
[INFO] Tests run: 2, Failures: 0, Errors: 0, Skipped: 0
[INFO] 
[INFO] 
[INFO] ---------------< org.zalando:opentracing-flowid-servlet >---------------
[INFO] Building opentracing-flowid-servlet 4.1.1-SNAPSHOT                [7/30]
[INFO] --------------------------------[ jar ]---------------------------------
[INFO] 
[INFO] --- maven-clean-plugin:2.5:clean (default-clean) @ opentracing-flowid-servlet ---
[INFO] Deleting /home/gabsko/breaking-updates/opentracing-flowid/opentracing-flowid-servlet/target
[INFO] 
[INFO] --- maven-enforcer-plugin:3.0.0:enforce (enforce-maven) @ opentracing-flowid-servlet ---
[INFO] 
[INFO] --- duplicate-finder-maven-plugin:1.5.1:check (default) @ opentracing-flowid-servlet ---
[INFO] Checking compile classpath
[INFO] Checking runtime classpath
[INFO] Checking test classpath
[INFO] 
[INFO] --- jacoco-maven-plugin:0.8.7:prepare-agent (prepare-agent) @ opentracing-flowid-servlet ---
[INFO] argLine set to -javaagent:/home/gabsko/.m2/repository/org/jacoco/org.jacoco.agent/0.8.7/org.jacoco.agent-0.8.7-runtime.jar=destfile=/home/gabsko/breaking-updates/opentracing-flowid/opentracing-flowid-servlet/target/jacoco.exec
[INFO] 
[INFO] --- maven-resources-plugin:3.2.0:resources (default-resources) @ opentracing-flowid-servlet ---
[INFO] Using 'UTF-8' encoding to copy filtered resources.
[INFO] Using 'UTF-8' encoding to copy filtered properties files.
[INFO] skip non existing resourceDirectory /home/gabsko/breaking-updates/opentracing-flowid/opentracing-flowid-servlet/src/main/resources
[INFO] 
[INFO] --- maven-compiler-plugin:3.10.1:compile (default-compile) @ opentracing-flowid-servlet ---
[INFO] Changes detected - recompiling the module!
[INFO] Compiling 3 source files to /home/gabsko/breaking-updates/opentracing-flowid/opentracing-flowid-servlet/target/classes
[INFO] 
[INFO] --- kotlin-maven-plugin:1.6.20:compile (compile) @ opentracing-flowid-servlet ---
[WARNING] No sources found skipping Kotlin compile
[INFO] 
[INFO] --- maven-resources-plugin:3.2.0:testResources (default-testResources) @ opentracing-flowid-servlet ---
[INFO] Using 'UTF-8' encoding to copy filtered resources.
[INFO] Using 'UTF-8' encoding to copy filtered properties files.
[INFO] skip non existing resourceDirectory /home/gabsko/breaking-updates/opentracing-flowid/opentracing-flowid-servlet/src/test/resources
[INFO] 
[INFO] --- maven-compiler-plugin:3.10.1:testCompile (default-testCompile) @ opentracing-flowid-servlet ---
[INFO] Changes detected - recompiling the module!
[INFO] Compiling 3 source files to /home/gabsko/breaking-updates/opentracing-flowid/opentracing-flowid-servlet/target/test-classes
[INFO] 
[INFO] --- kotlin-maven-plugin:1.6.20:test-compile (test-compile) @ opentracing-flowid-servlet ---
[WARNING] No sources found skipping Kotlin compile
[INFO] 
[INFO] --- maven-surefire-plugin:2.22.2:test (default-test) @ opentracing-flowid-servlet ---
[INFO] 
[INFO] -------------------------------------------------------
[INFO]  T E S T S
[INFO] -------------------------------------------------------
[INFO] Running org.zalando.opentracing.flowid.servlet.FlowFilterTest
[ERROR] Tests run: 5, Failures: 2, Errors: 0, Skipped: 0, Time elapsed: 2.233 s <<< FAILURE! - in org.zalando.opentracing.flowid.servlet.FlowFilterTest
[ERROR] shouldDenyNonHttpResponse  Time elapsed: 0.076 s  <<< FAILURE!
org.opentest4j.AssertionFailedError: Unexpected exception type thrown ==> expected: <java.lang.IllegalArgumentException> but was: <java.lang.IllegalStateException>
	at org.zalando.opentracing.flowid.servlet.FlowFilterTest.shouldDenyNonHttpResponse(FlowFilterTest.java:76)
Caused by: java.lang.IllegalStateException: Could not initialize plugin: interface org.mockito.plugins.MockMaker (alternate: null)
	at org.zalando.opentracing.flowid.servlet.FlowFilterTest.lambda$shouldDenyNonHttpResponse$1(FlowFilterTest.java:77)
	at org.zalando.opentracing.flowid.servlet.FlowFilterTest.shouldDenyNonHttpResponse(FlowFilterTest.java:76)
Caused by: java.lang.IllegalStateException: Internal problem occurred, please report it. Mockito is unable to load the default implementation of class that is a part of Mockito distribution. Failed to load interface org.mockito.plugins.MockMaker
	at org.zalando.opentracing.flowid.servlet.FlowFilterTest.lambda$shouldDenyNonHttpResponse$1(FlowFilterTest.java:77)
	at org.zalando.opentracing.flowid.servlet.FlowFilterTest.shouldDenyNonHttpResponse(FlowFilterTest.java:76)
Caused by: java.lang.reflect.InvocationTargetException
	at org.zalando.opentracing.flowid.servlet.FlowFilterTest.lambda$shouldDenyNonHttpResponse$1(FlowFilterTest.java:77)
	at org.zalando.opentracing.flowid.servlet.FlowFilterTest.shouldDenyNonHttpResponse(FlowFilterTest.java:76)
Caused by: org.mockito.exceptions.base.MockitoInitializationException: 

It seems like you are running Mockito with an incomplete or inconsistent class path. Byte Buddy could not be loaded.

Byte Buddy is available on Maven Central as 'net.bytebuddy:byte-buddy' with the module name 'net.bytebuddy'.
For the inline mock maker, 'net.bytebuddy:byte-buddy-agent' with the module name 'net.bytebuddy.agent' is also required.
Normally, your IDE or build tool (such as Maven or Gradle) should take care of your class path completion but 
	at org.zalando.opentracing.flowid.servlet.FlowFilterTest.lambda$shouldDenyNonHttpResponse$1(FlowFilterTest.java:77)
	at org.zalando.opentracing.flowid.servlet.FlowFilterTest.shouldDenyNonHttpResponse(FlowFilterTest.java:76)
Caused by: java.lang.NoClassDefFoundError: net/bytebuddy/utility/GraalImageCode
	at org.zalando.opentracing.flowid.servlet.FlowFilterTest.lambda$shouldDenyNonHttpResponse$1(FlowFilterTest.java:77)
	at org.zalando.opentracing.flowid.servlet.FlowFilterTest.shouldDenyNonHttpResponse(FlowFilterTest.java:76)
Caused by: java.lang.ClassNotFoundException: net.bytebuddy.utility.GraalImageCode
	at org.zalando.opentracing.flowid.servlet.FlowFilterTest.lambda$shouldDenyNonHttpResponse$1(FlowFilterTest.java:77)
	at org.zalando.opentracing.flowid.servlet.FlowFilterTest.shouldDenyNonHttpResponse(FlowFilterTest.java:76)

[ERROR] shouldDenyNonHttpRequest  Time elapsed: 0.006 s  <<< FAILURE!
org.opentest4j.AssertionFailedError: Unexpected exception type thrown ==> expected: <java.lang.IllegalArgumentException> but was: <java.lang.IllegalStateException>
	at org.zalando.opentracing.flowid.servlet.FlowFilterTest.shouldDenyNonHttpRequest(FlowFilterTest.java:70)
Caused by: java.lang.IllegalStateException: Could not initialize plugin: interface org.mockito.plugins.MockMaker (alternate: null)
	at org.zalando.opentracing.flowid.servlet.FlowFilterTest.lambda$shouldDenyNonHttpRequest$0(FlowFilterTest.java:71)
	at org.zalando.opentracing.flowid.servlet.FlowFilterTest.shouldDenyNonHttpRequest(FlowFilterTest.java:70)
Caused by: java.lang.IllegalStateException: Internal problem occurred, please report it. Mockito is unable to load the default implementation of class that is a part of Mockito distribution. Failed to load interface org.mockito.plugins.MockMaker
	at org.zalando.opentracing.flowid.servlet.FlowFilterTest.lambda$shouldDenyNonHttpResponse$1(FlowFilterTest.java:77)
	at org.zalando.opentracing.flowid.servlet.FlowFilterTest.shouldDenyNonHttpResponse(FlowFilterTest.java:76)
Caused by: java.lang.reflect.InvocationTargetException
	at org.zalando.opentracing.flowid.servlet.FlowFilterTest.lambda$shouldDenyNonHttpResponse$1(FlowFilterTest.java:77)
	at org.zalando.opentracing.flowid.servlet.FlowFilterTest.shouldDenyNonHttpResponse(FlowFilterTest.java:76)
Caused by: org.mockito.exceptions.base.MockitoInitializationException: 

It seems like you are running Mockito with an incomplete or inconsistent class path. Byte Buddy could not be loaded.

Byte Buddy is available on Maven Central as 'net.bytebuddy:byte-buddy' with the module name 'net.bytebuddy'.
For the inline mock maker, 'net.bytebuddy:byte-buddy-agent' with the module name 'net.bytebuddy.agent' is also required.
Normally, your IDE or build tool (such as Maven or Gradle) should take care of your class path completion but 
	at org.zalando.opentracing.flowid.servlet.FlowFilterTest.lambda$shouldDenyNonHttpResponse$1(FlowFilterTest.java:77)
	at org.zalando.opentracing.flowid.servlet.FlowFilterTest.shouldDenyNonHttpResponse(FlowFilterTest.java:76)
Caused by: java.lang.NoClassDefFoundError: net/bytebuddy/utility/GraalImageCode
	at org.zalando.opentracing.flowid.servlet.FlowFilterTest.lambda$shouldDenyNonHttpResponse$1(FlowFilterTest.java:77)
	at org.zalando.opentracing.flowid.servlet.FlowFilterTest.shouldDenyNonHttpResponse(FlowFilterTest.java:76)
Caused by: java.lang.ClassNotFoundException: net.bytebuddy.utility.GraalImageCode
	at org.zalando.opentracing.flowid.servlet.FlowFilterTest.lambda$shouldDenyNonHttpResponse$1(FlowFilterTest.java:77)
	at org.zalando.opentracing.flowid.servlet.FlowFilterTest.shouldDenyNonHttpResponse(FlowFilterTest.java:76)

[INFO] 
[INFO] Results:
[INFO] 
[ERROR] Failures: 
[ERROR]   FlowFilterTest.shouldDenyNonHttpRequest:70 Unexpected exception type thrown ==> expected: <java.lang.IllegalArgumentException> but was: <java.lang.IllegalStateException>
[ERROR]   FlowFilterTest.shouldDenyNonHttpResponse:76 Unexpected exception type thrown ==> expected: <java.lang.IllegalArgumentException> but was: <java.lang.IllegalStateException>
[INFO] 
[ERROR] Tests run: 5, Failures: 2, Errors: 0, Skipped: 0
[INFO] 
[INFO] ------------------------------------------------------------------------
[INFO] Reactor Summary for opentracing-toolbox 4.1.1-SNAPSHOT:
[INFO] 
[INFO] opentracing-toolbox ................................ SUCCESS [  0.630 s]
[INFO] opentracing-flowid-parent .......................... SUCCESS [  0.020 s]
[INFO] opentracing-flowid ................................. SUCCESS [  3.973 s]
[INFO] opentracing-flowid-bom ............................. SUCCESS [  0.025 s]
[INFO] opentracing-flowid-httpclient ...................... SUCCESS [  2.679 s]
[INFO] opentracing-flowid-okhttp .......................... SUCCESS [  2.644 s]
[INFO] opentracing-flowid-servlet ......................... FAILURE [  4.096 s]
[INFO] opentracing-flowid-autoconfigure ................... SKIPPED
[INFO] opentracing-flowid-starter ......................... SKIPPED
[INFO] opentracing-proxy-parent ........................... SKIPPED
[INFO] opentracing-proxy .................................. SKIPPED
[INFO] opentracing-jdbc-parent ............................ SKIPPED
[INFO] opentracing-jdbc ................................... SKIPPED
[INFO] opentracing-jdbc-autoconfigure ..................... SKIPPED
[INFO] opentracing-jdbc-starter ........................... SKIPPED
[INFO] opentracing-kotlin ................................. SKIPPED
[INFO] opentracing-proxy-autoconfigure .................... SKIPPED
[INFO] opentracing-proxy-starter .......................... SKIPPED
[INFO] opentracing-servlet-extension-parent ............... SKIPPED
[INFO] opentracing-servlet-extension ...................... SKIPPED
[INFO] opentracing-servlet-extension-autoconfigure ........ SKIPPED
[INFO] opentracing-servlet-extension-starter .............. SKIPPED
[INFO] opentracing-spring-extension ....................... SKIPPED
[INFO] opentracing-spring-web-extension ................... SKIPPED
[INFO] opentracing-spring-web-extension-autoconfigure ..... SKIPPED
[INFO] opentracing-spring-web-extension-starter ........... SKIPPED
[INFO] opentracing-spring-webflux-extension ............... SKIPPED
[INFO] opentracing-spring-webflux-extension-autoconfigure . SKIPPED
[INFO] opentracing-spring-webflux-extension-starter ....... SKIPPED
[INFO] opentracing-toolbox-spring-boot-starter ............ SKIPPED
[INFO] ------------------------------------------------------------------------
[INFO] BUILD FAILURE
[INFO] ------------------------------------------------------------------------
[INFO] Total time:  14.360 s
[INFO] Finished at: 2023-01-31T00:45:35Z
[INFO] ------------------------------------------------------------------------
[ERROR] Failed to execute goal org.apache.maven.plugins:maven-surefire-plugin:2.22.2:test (default-test) on project opentracing-flowid-servlet: There are test failures.
[ERROR] 
[ERROR] Please refer to /home/gabsko/breaking-updates/opentracing-flowid/opentracing-flowid-servlet/target/surefire-reports for the individual test results.
[ERROR] Please refer to dump files (if any exist) [date].dump, [date]-jvmRun[N].dump and [date].dumpstream.
[ERROR] -> [Help 1]
[ERROR] 
[ERROR] To see the full stack trace of the errors, re-run Maven with the -e switch.
[ERROR] Re-run Maven using the -X switch to enable full debug logging.
[ERROR] 
[ERROR] For more information about the errors and possible solutions, please read the following articles:
[ERROR] [Help 1] http://cwiki.apache.org/confluence/display/MAVEN/MojoFailureException
[ERROR] 
[ERROR] After correcting the problems, you can resume the build with the command
[ERROR]   mvn <args> -rf :opentracing-flowid-servlet
