[INFO] Scanning for projects...
[INFO] ------------------------------------------------------------------------
[INFO] Reactor Build Order:
[INFO] 
[INFO] Apache Commons JCS                                                 [pom]
[INFO] Apache Commons JCS :: Core                                         [jar]
[INFO] Apache Commons JCS :: JCache                                       [jar]
[INFO] Apache Commons JCS :: JCache TCK                                   [jar]
[INFO] Apache Commons JCS :: JCache Extras                                [jar]
[INFO] Apache Commons JCS :: JCache OpenJPA                               [jar]
[INFO] Apache Commons JCS :: Distribution                                 [pom]
[INFO] 
[INFO] ------------------< org.apache.commons:commons-jcs3 >-------------------
[INFO] Building Apache Commons JCS 3.2-SNAPSHOT                           [1/7]
[INFO] --------------------------------[ pom ]---------------------------------
[INFO] 
[INFO] --- maven-clean-plugin:3.1.0:clean (default-clean) @ commons-jcs3 ---
[INFO] Deleting /home/gabsko/breaking-updates/target
[INFO] 
[INFO] --- maven-enforcer-plugin:3.0.0:enforce (enforce-maven-version) @ commons-jcs3 ---
[INFO] 
[INFO] --- maven-enforcer-plugin:3.0.0:enforce (enforce-java-version) @ commons-jcs3 ---
[INFO] 
[INFO] --- maven-enforcer-plugin:3.0.0:enforce (enforce-output-timestamp-property) @ commons-jcs3 ---
[INFO] 
[INFO] --- maven-enforcer-plugin:3.0.0:enforce (enforce-maven-3) @ commons-jcs3 ---
[INFO] 
[INFO] --- apache-rat-plugin:0.13:check (rat-check) @ commons-jcs3 ---
[INFO] Enabled default license matchers.
[INFO] Will parse SCM ignores for exclusions...
[INFO] Parsing exclusions from /home/gabsko/breaking-updates/.gitignore
[INFO] Finished adding exclusions from SCM ignore files.
[INFO] 72 implicit excludes (use -debug for more details).
[INFO] 9 explicit excludes (use -debug for more details).
[INFO] 196 resources included (use -debug for more details)
[INFO] Rat check: Summary over all files. Unapproved: 0, unknown: 0, generated: 0, approved: 191 licenses.
[INFO] 
[INFO] --- build-helper-maven-plugin:3.2.0:parse-version (parse-version) @ commons-jcs3 ---
[INFO] 
[INFO] --- maven-antrun-plugin:3.0.0:run (javadoc.resources) @ commons-jcs3 ---
[INFO] Skipping Antrun execution
[INFO] 
[INFO] --- maven-remote-resources-plugin:1.7.0:process (process-resource-bundles) @ commons-jcs3 ---
[INFO] Preparing remote bundle org.apache:apache-jar-resource-bundle:1.4
[INFO] Copying 3 resources from 1 bundle.
[INFO] 
[INFO] --- buildnumber-maven-plugin:3.0.0:create (default) @ commons-jcs3 ---
[INFO] Executing: /bin/sh -c cd '/home/gabsko/breaking-updates' && 'git' 'rev-parse' '--verify' 'HEAD'
[INFO] Working directory: /home/gabsko/breaking-updates
[INFO] Storing buildNumber: null at timestamp: 1674730256501
[INFO] Storing buildScmBranch: branch-apache/commons-jcs-43c4affa2dc24f33fe7de965263f4336799faf2b
[INFO] 
[INFO] --- maven-bundle-plugin:5.1.4:manifest (bundle-manifest) @ commons-jcs3 ---
[WARNING] Ignoring project type pom - supportedProjectTypes = [jar, bundle]
[INFO] 
[INFO] --- animal-sniffer-maven-plugin:1.21:check (checkAPIcompatibility) @ commons-jcs3 ---
[INFO] Checking unresolved references to org.codehaus.mojo.signature:java18:1.0
[INFO] 
[INFO] ----------------< org.apache.commons:commons-jcs3-core >----------------
[INFO] Building Apache Commons JCS :: Core 3.2-SNAPSHOT                   [2/7]
[INFO] --------------------------------[ jar ]---------------------------------
[INFO] 
[INFO] --- maven-clean-plugin:3.1.0:clean (default-clean) @ commons-jcs3-core ---
[INFO] Deleting /home/gabsko/breaking-updates/commons-jcs-core/target
[INFO] 
[INFO] --- maven-enforcer-plugin:3.0.0:enforce (enforce-maven-version) @ commons-jcs3-core ---
[INFO] 
[INFO] --- maven-enforcer-plugin:3.0.0:enforce (enforce-java-version) @ commons-jcs3-core ---
[INFO] 
[INFO] --- maven-enforcer-plugin:3.0.0:enforce (enforce-output-timestamp-property) @ commons-jcs3-core ---
[INFO] 
[INFO] --- maven-enforcer-plugin:3.0.0:enforce (enforce-maven-3) @ commons-jcs3-core ---
[INFO] 
[INFO] --- apache-rat-plugin:0.13:check (rat-check) @ commons-jcs3-core ---
[INFO] Enabled default license matchers.
[INFO] Will parse SCM ignores for exclusions...
[INFO] Finished adding exclusions from SCM ignore files.
[INFO] 62 implicit excludes (use -debug for more details).
[INFO] 9 explicit excludes (use -debug for more details).
[INFO] 494 resources included (use -debug for more details)
[INFO] Rat check: Summary over all files. Unapproved: 0, unknown: 0, generated: 0, approved: 494 licenses.
[INFO] 
[INFO] --- build-helper-maven-plugin:3.2.0:parse-version (parse-version) @ commons-jcs3-core ---
[INFO] 
[INFO] --- maven-antrun-plugin:3.0.0:run (javadoc.resources) @ commons-jcs3-core ---
[INFO] Skipping Antrun execution
[INFO] 
[INFO] --- maven-remote-resources-plugin:1.7.0:process (process-resource-bundles) @ commons-jcs3-core ---
[INFO] Preparing remote bundle org.apache:apache-jar-resource-bundle:1.4
[INFO] Copying 3 resources from 1 bundle.
[INFO] 
[INFO] --- buildnumber-maven-plugin:3.0.0:create (default) @ commons-jcs3-core ---
[INFO] Executing: /bin/sh -c cd '/home/gabsko/breaking-updates/commons-jcs-core' && 'git' 'rev-parse' '--verify' 'HEAD'
[INFO] Working directory: /home/gabsko/breaking-updates/commons-jcs-core
[INFO] Storing buildNumber: null at timestamp: 1674730257573
[INFO] Storing buildScmBranch: branch-apache/commons-jcs-43c4affa2dc24f33fe7de965263f4336799faf2b
[INFO] 
[INFO] --- maven-resources-plugin:3.2.0:resources (default-resources) @ commons-jcs3-core ---
[INFO] Using 'UTF-8' encoding to copy filtered resources.
[INFO] Using 'UTF-8' encoding to copy filtered properties files.
[INFO] Copying 1 resource
[INFO] Copying 0 resource to META-INF
[INFO] Copying 3 resources
[INFO] 
[INFO] --- maven-compiler-plugin:3.10.1:compile (default-compile) @ commons-jcs3-core ---
[INFO] Changes detected - recompiling the module!
[INFO] Compiling 233 source files to /home/gabsko/breaking-updates/commons-jcs-core/target/classes
[INFO] /home/gabsko/breaking-updates/commons-jcs-core/src/main/java/org/apache/commons/jcs3/io/ObjectInputStreamClassLoaderAware.java: /home/gabsko/breaking-updates/commons-jcs-core/src/main/java/org/apache/commons/jcs3/io/ObjectInputStreamClassLoaderAware.java uses or overrides a deprecated API.
[INFO] /home/gabsko/breaking-updates/commons-jcs-core/src/main/java/org/apache/commons/jcs3/io/ObjectInputStreamClassLoaderAware.java: Recompile with -Xlint:deprecation for details.
[INFO] /home/gabsko/breaking-updates/commons-jcs-core/src/main/java/org/apache/commons/jcs3/utils/config/PropertySetter.java: /home/gabsko/breaking-updates/commons-jcs-core/src/main/java/org/apache/commons/jcs3/utils/config/PropertySetter.java uses unchecked or unsafe operations.
[INFO] /home/gabsko/breaking-updates/commons-jcs-core/src/main/java/org/apache/commons/jcs3/utils/config/PropertySetter.java: Recompile with -Xlint:unchecked for details.
[INFO] 
[INFO] --- maven-bundle-plugin:5.1.4:manifest (bundle-manifest) @ commons-jcs3-core ---
[INFO] Writing manifest: /home/gabsko/breaking-updates/commons-jcs-core/target/osgi/MANIFEST.MF
[INFO] 
[INFO] --- maven-resources-plugin:3.2.0:testResources (default-testResources) @ commons-jcs3-core ---
[INFO] Using 'UTF-8' encoding to copy filtered resources.
[INFO] Using 'UTF-8' encoding to copy filtered properties files.
[INFO] Copying 49 resources
[INFO] Copying 3 resources
[INFO] 
[INFO] --- maven-compiler-plugin:3.10.1:testCompile (default-testCompile) @ commons-jcs3-core ---
[INFO] Changes detected - recompiling the module!
[INFO] Compiling 146 source files to /home/gabsko/breaking-updates/commons-jcs-core/target/test-classes
[INFO] /home/gabsko/breaking-updates/commons-jcs-core/src/test/java/org/apache/commons/jcs3/auxiliary/disk/jdbc/JDBCDiskCacheRemovalUnitTest.java: Some input files use or override a deprecated API.
[INFO] /home/gabsko/breaking-updates/commons-jcs-core/src/test/java/org/apache/commons/jcs3/auxiliary/disk/jdbc/JDBCDiskCacheRemovalUnitTest.java: Recompile with -Xlint:deprecation for details.
[INFO] 
[INFO] --- maven-surefire-plugin:2.22.2:test (default-test) @ commons-jcs3-core ---
[INFO] 
[INFO] -------------------------------------------------------
[INFO]  T E S T S
[INFO] -------------------------------------------------------
[INFO] Running org.apache.commons.jcs3.JCSUnitTest
[INFO] Tests run: 1, Failures: 0, Errors: 0, Skipped: 0, Time elapsed: 0.198 s - in org.apache.commons.jcs3.JCSUnitTest
[INFO] Running org.apache.commons.jcs3.engine.match.KeyMatcherPatternImpllUnitTest
[INFO] Tests run: 3, Failures: 0, Errors: 0, Skipped: 0, Time elapsed: 0.03 s - in org.apache.commons.jcs3.engine.match.KeyMatcherPatternImpllUnitTest
[INFO] Running org.apache.commons.jcs3.engine.ZombieCacheServiceNonLocalUnitTest
[INFO] Tests run: 4, Failures: 0, Errors: 0, Skipped: 0, Time elapsed: 0.08 s - in org.apache.commons.jcs3.engine.ZombieCacheServiceNonLocalUnitTest
[INFO] Running org.apache.commons.jcs3.engine.logging.CacheEventLoggerDebugLoggerUnitTest
[INFO] Tests run: 3, Failures: 0, Errors: 0, Skipped: 0, Time elapsed: 0.061 s - in org.apache.commons.jcs3.engine.logging.CacheEventLoggerDebugLoggerUnitTest
[INFO] Running org.apache.commons.jcs3.engine.memory.soft.SoftReferenceMemoryCacheUnitTest
[INFO] Tests run: 6, Failures: 0, Errors: 0, Skipped: 0, Time elapsed: 0.27 s - in org.apache.commons.jcs3.engine.memory.soft.SoftReferenceMemoryCacheUnitTest
[INFO] Running org.apache.commons.jcs3.engine.memory.mru.MRUMemoryCacheUnitTest
[INFO] Tests run: 8, Failures: 0, Errors: 0, Skipped: 0, Time elapsed: 0.345 s - in org.apache.commons.jcs3.engine.memory.mru.MRUMemoryCacheUnitTest
[INFO] Running org.apache.commons.jcs3.engine.memory.shrinking.ShrinkerThreadUnitTest
[INFO] Tests run: 7, Failures: 0, Errors: 0, Skipped: 0, Time elapsed: 1.6 s - in org.apache.commons.jcs3.engine.memory.shrinking.ShrinkerThreadUnitTest
[INFO] Running org.apache.commons.jcs3.engine.memory.lru.LHMLRUMemoryCacheConcurrentUnitTest
[INFO] Tests run: 1, Failures: 0, Errors: 0, Skipped: 0, Time elapsed: 0.195 s - in org.apache.commons.jcs3.engine.memory.lru.LHMLRUMemoryCacheConcurrentUnitTest
[INFO] Running org.apache.commons.jcs3.engine.memory.lru.LHMLRUMemoryCacheUnitTest
[INFO] Tests run: 8, Failures: 0, Errors: 0, Skipped: 0, Time elapsed: 0.238 s - in org.apache.commons.jcs3.engine.memory.lru.LHMLRUMemoryCacheUnitTest
[INFO] Running org.apache.commons.jcs3.engine.memory.lru.LRUMemoryCacheConcurrentUnitTest
[INFO] Tests run: 1, Failures: 0, Errors: 0, Skipped: 0, Time elapsed: 0.238 s - in org.apache.commons.jcs3.engine.memory.lru.LRUMemoryCacheConcurrentUnitTest
[INFO] Running org.apache.commons.jcs3.engine.memory.fifo.FIFOMemoryCacheUnitTest
[onemore, key2, key5, key6, key3, key4, key9, key7, key8, key10]
[INFO] Tests run: 2, Failures: 0, Errors: 0, Skipped: 0, Time elapsed: 0.084 s - in org.apache.commons.jcs3.engine.memory.fifo.FIFOMemoryCacheUnitTest
[INFO] Running org.apache.commons.jcs3.engine.control.event.SimpleEventHandlingUnitTest
[INFO] Tests run: 7, Failures: 0, Errors: 0, Skipped: 0, Time elapsed: 3.133 s - in org.apache.commons.jcs3.engine.control.event.SimpleEventHandlingUnitTest
[INFO] Running org.apache.commons.jcs3.engine.control.CompositeCacheUnitTest
[INFO] Tests run: 5, Failures: 0, Errors: 0, Skipped: 0, Time elapsed: 0.117 s - in org.apache.commons.jcs3.engine.control.CompositeCacheUnitTest
[INFO] Running org.apache.commons.jcs3.engine.control.CompositeCacheDiskUsageUnitTest
[INFO] Tests run: 8, Failures: 0, Errors: 0, Skipped: 0, Time elapsed: 0.205 s - in org.apache.commons.jcs3.engine.control.CompositeCacheDiskUsageUnitTest
[INFO] Running org.apache.commons.jcs3.engine.control.CompositeCacheConfiguratorUnitTest
[INFO] Tests run: 2, Failures: 0, Errors: 0, Skipped: 0, Time elapsed: 0.24 s - in org.apache.commons.jcs3.engine.control.CompositeCacheConfiguratorUnitTest
[INFO] Running org.apache.commons.jcs3.engine.control.CacheManagerStatsUnitTest
[INFO] Tests run: 1, Failures: 0, Errors: 0, Skipped: 0, Time elapsed: 0.166 s - in org.apache.commons.jcs3.engine.control.CacheManagerStatsUnitTest
[INFO] Running org.apache.commons.jcs3.engine.CacheEventQueueFactoryUnitTest
[INFO] Tests run: 2, Failures: 0, Errors: 0, Skipped: 0, Time elapsed: 0.084 s - in org.apache.commons.jcs3.engine.CacheEventQueueFactoryUnitTest
[INFO] Running org.apache.commons.jcs3.engine.SystemPropertyUsageUnitTest
[INFO] Tests run: 2, Failures: 0, Errors: 0, Skipped: 0, Time elapsed: 0.199 s - in org.apache.commons.jcs3.engine.SystemPropertyUsageUnitTest
[INFO] Running org.apache.commons.jcs3.JCSLightLoadUnitTest
[INFO] Tests run: 1, Failures: 0, Errors: 0, Skipped: 0, Time elapsed: 0.254 s - in org.apache.commons.jcs3.JCSLightLoadUnitTest
[INFO] Running org.apache.commons.jcs3.utils.config.PropertySetterUnitTest
[INFO] Tests run: 1, Failures: 0, Errors: 0, Skipped: 0, Time elapsed: 0.06 s - in org.apache.commons.jcs3.utils.config.PropertySetterUnitTest
[INFO] Running org.apache.commons.jcs3.utils.net.HostNameUtilUnitTest
[INFO] Tests run: 1, Failures: 0, Errors: 0, Skipped: 0, Time elapsed: 0.036 s - in org.apache.commons.jcs3.utils.net.HostNameUtilUnitTest
[INFO] Running org.apache.commons.jcs3.utils.discovery.UDPDiscoverySenderEncryptedUnitTest
[INFO] Tests run: 3, Failures: 0, Errors: 0, Skipped: 0, Time elapsed: 0.173 s - in org.apache.commons.jcs3.utils.discovery.UDPDiscoverySenderEncryptedUnitTest
[INFO] Running org.apache.commons.jcs3.utils.discovery.UDPDiscoveryServiceUnitTest
[INFO] Tests run: 4, Failures: 0, Errors: 0, Skipped: 0, Time elapsed: 0.164 s - in org.apache.commons.jcs3.utils.discovery.UDPDiscoveryServiceUnitTest
[INFO] Running org.apache.commons.jcs3.utils.threadpool.ThreadPoolManagerUnitTest
[INFO] Tests run: 3, Failures: 0, Errors: 0, Skipped: 0, Time elapsed: 0.061 s - in org.apache.commons.jcs3.utils.threadpool.ThreadPoolManagerUnitTest
[INFO] Running org.apache.commons.jcs3.utils.zip.CompressionUtilUnitTest
[INFO] Tests run: 3, Failures: 0, Errors: 0, Skipped: 0, Time elapsed: 0.041 s - in org.apache.commons.jcs3.utils.zip.CompressionUtilUnitTest
[INFO] Running org.apache.commons.jcs3.utils.access.JCSWorkerUnitTest
[INFO] Tests run: 1, Failures: 0, Errors: 0, Skipped: 0, Time elapsed: 0.205 s - in org.apache.commons.jcs3.utils.access.JCSWorkerUnitTest
[INFO] Running org.apache.commons.jcs3.utils.struct.DoubleLinkedListDumpUnitTest
[INFO] Tests run: 1, Failures: 0, Errors: 0, Skipped: 0, Time elapsed: 0.045 s - in org.apache.commons.jcs3.utils.struct.DoubleLinkedListDumpUnitTest
[INFO] Running org.apache.commons.jcs3.utils.struct.LRUMapConcurrentUnitTest
[INFO] Tests run: 8, Failures: 0, Errors: 0, Skipped: 0, Time elapsed: 0.147 s - in org.apache.commons.jcs3.utils.struct.LRUMapConcurrentUnitTest
[INFO] Running org.apache.commons.jcs3.utils.struct.DoubleLinkedListUnitTest
[INFO] Tests run: 6, Failures: 0, Errors: 0, Skipped: 0, Time elapsed: 0.038 s - in org.apache.commons.jcs3.utils.struct.DoubleLinkedListUnitTest
[INFO] Running org.apache.commons.jcs3.utils.struct.LRUMapUnitTest
[INFO] Tests run: 5, Failures: 0, Errors: 0, Skipped: 0, Time elapsed: 0.04 s - in org.apache.commons.jcs3.utils.struct.LRUMapUnitTest
[INFO] Running org.apache.commons.jcs3.utils.serialization.StandardSerializerUnitTest
[INFO] Tests run: 3, Failures: 0, Errors: 0, Skipped: 0, Time elapsed: 0.031 s - in org.apache.commons.jcs3.utils.serialization.StandardSerializerUnitTest
[INFO] Running org.apache.commons.jcs3.utils.serialization.SerializerUnitTest
[INFO] Tests run: 1, Failures: 0, Errors: 0, Skipped: 0, Time elapsed: 5.362 s - in org.apache.commons.jcs3.utils.serialization.SerializerUnitTest
[INFO] Running org.apache.commons.jcs3.utils.serialization.CompressingSerializerUnitTest
[INFO] Tests run: 4, Failures: 0, Errors: 0, Skipped: 0, Time elapsed: 0.059 s - in org.apache.commons.jcs3.utils.serialization.CompressingSerializerUnitTest
[INFO] Running org.apache.commons.jcs3.utils.serialization.SerializationConversionUtilUnitTest
[INFO] Tests run: 5, Failures: 0, Errors: 0, Skipped: 0, Time elapsed: 0.041 s - in org.apache.commons.jcs3.utils.serialization.SerializationConversionUtilUnitTest
[INFO] Running org.apache.commons.jcs3.utils.serialization.EncryptingSerializerUnitTest
[INFO] Tests run: 5, Failures: 0, Errors: 0, Skipped: 0, Time elapsed: 0.105 s - in org.apache.commons.jcs3.utils.serialization.EncryptingSerializerUnitTest
[INFO] Running org.apache.commons.jcs3.auxiliary.disk.block.BlockDiskUnitTest
[INFO] Tests run: 12, Failures: 0, Errors: 0, Skipped: 0, Time elapsed: 0.188 s - in org.apache.commons.jcs3.auxiliary.disk.block.BlockDiskUnitTest
[INFO] Running org.apache.commons.jcs3.auxiliary.disk.block.BlockDiskCacheSizeUnitTest
[INFO] Tests run: 12, Failures: 0, Errors: 0, Skipped: 0, Time elapsed: 7.469 s - in org.apache.commons.jcs3.auxiliary.disk.block.BlockDiskCacheSizeUnitTest
[INFO] Running org.apache.commons.jcs3.auxiliary.disk.block.BlockDiskCacheSameRegionConcurrentUnitTest
[INFO] Tests run: 4, Failures: 0, Errors: 0, Skipped: 0, Time elapsed: 0.4 s - in org.apache.commons.jcs3.auxiliary.disk.block.BlockDiskCacheSameRegionConcurrentUnitTest
[INFO] Running org.apache.commons.jcs3.auxiliary.disk.block.BlockDiskCacheKeyStoreUnitTest
[INFO] Tests run: 5, Failures: 0, Errors: 0, Skipped: 0, Time elapsed: 0.748 s - in org.apache.commons.jcs3.auxiliary.disk.block.BlockDiskCacheKeyStoreUnitTest
[INFO] Running org.apache.commons.jcs3.auxiliary.disk.block.BlockDiskCacheCountUnitTest
[INFO] Tests run: 12, Failures: 0, Errors: 0, Skipped: 0, Time elapsed: 7.473 s - in org.apache.commons.jcs3.auxiliary.disk.block.BlockDiskCacheCountUnitTest
[INFO] Running org.apache.commons.jcs3.auxiliary.disk.block.BlockDiskCacheConcurrentUnitTest
[INFO] Tests run: 4, Failures: 0, Errors: 0, Skipped: 0, Time elapsed: 0.417 s - in org.apache.commons.jcs3.auxiliary.disk.block.BlockDiskCacheConcurrentUnitTest
[INFO] Running org.apache.commons.jcs3.auxiliary.disk.PurgatoryElementUnitTest
[INFO] Tests run: 3, Failures: 0, Errors: 0, Skipped: 0, Time elapsed: 0.02 s - in org.apache.commons.jcs3.auxiliary.disk.PurgatoryElementUnitTest
[INFO] Running org.apache.commons.jcs3.auxiliary.disk.indexed.IndexedDiskCacheSameRegionConcurrentUnitTest
[INFO] Tests run: 5, Failures: 0, Errors: 0, Skipped: 0, Time elapsed: 0.739 s - in org.apache.commons.jcs3.auxiliary.disk.indexed.IndexedDiskCacheSameRegionConcurrentUnitTest
[INFO] Running org.apache.commons.jcs3.auxiliary.disk.indexed.IndexedDiskCacheKeyStoreUnitTest
[INFO] Tests run: 2, Failures: 0, Errors: 0, Skipped: 0, Time elapsed: 0.13 s - in org.apache.commons.jcs3.auxiliary.disk.indexed.IndexedDiskCacheKeyStoreUnitTest
[INFO] Running org.apache.commons.jcs3.auxiliary.disk.indexed.IndexedDiskCacheConcurrentNoDeadLockUnitTest
[INFO] Tests run: 5, Failures: 0, Errors: 0, Skipped: 0, Time elapsed: 1.39 s - in org.apache.commons.jcs3.auxiliary.disk.indexed.IndexedDiskCacheConcurrentNoDeadLockUnitTest
[INFO] Running org.apache.commons.jcs3.auxiliary.disk.indexed.IndexDiskCacheCountUnitTest
[INFO] Tests run: 25, Failures: 0, Errors: 0, Skipped: 0, Time elapsed: 5.391 s - in org.apache.commons.jcs3.auxiliary.disk.indexed.IndexDiskCacheCountUnitTest
[INFO] Running org.apache.commons.jcs3.auxiliary.disk.indexed.IndexedDiskCacheNoMemoryUnitTest
[INFO] Tests run: 3, Failures: 0, Errors: 0, Skipped: 0, Time elapsed: 0.631 s - in org.apache.commons.jcs3.auxiliary.disk.indexed.IndexedDiskCacheNoMemoryUnitTest
[INFO] Running org.apache.commons.jcs3.auxiliary.disk.indexed.IndexedDiskCacheConcurrentUnitTest
[INFO] Tests run: 4, Failures: 0, Errors: 0, Skipped: 0, Time elapsed: 0.306 s - in org.apache.commons.jcs3.auxiliary.disk.indexed.IndexedDiskCacheConcurrentUnitTest
[INFO] Running org.apache.commons.jcs3.auxiliary.disk.indexed.IndexedDiskCacheOptimizationUnitTest
[INFO] Tests run: 1, Failures: 0, Errors: 0, Skipped: 0, Time elapsed: 2.154 s - in org.apache.commons.jcs3.auxiliary.disk.indexed.IndexedDiskCacheOptimizationUnitTest
[INFO] Running org.apache.commons.jcs3.auxiliary.disk.indexed.IndexDiskCacheSizeUnitTest
[INFO] Tests run: 25, Failures: 0, Errors: 0, Skipped: 0, Time elapsed: 5.654 s - in org.apache.commons.jcs3.auxiliary.disk.indexed.IndexDiskCacheSizeUnitTest
[INFO] Running org.apache.commons.jcs3.auxiliary.disk.jdbc.JDBCDiskCacheUnitTest
[INFO] Tests run: 2, Failures: 0, Errors: 0, Skipped: 0, Time elapsed: 1.67 s - in org.apache.commons.jcs3.auxiliary.disk.jdbc.JDBCDiskCacheUnitTest
[INFO] Running org.apache.commons.jcs3.auxiliary.disk.jdbc.JDBCDiskCacheSharedPoolUnitTest
[INFO] Tests run: 1, Failures: 0, Errors: 0, Skipped: 0, Time elapsed: 1.777 s - in org.apache.commons.jcs3.auxiliary.disk.jdbc.JDBCDiskCacheSharedPoolUnitTest
[INFO] Running org.apache.commons.jcs3.auxiliary.disk.jdbc.JDBCDataSourceFactoryUnitTest
[INFO] Tests run: 3, Failures: 0, Errors: 0, Skipped: 0, Time elapsed: 0.161 s - in org.apache.commons.jcs3.auxiliary.disk.jdbc.JDBCDataSourceFactoryUnitTest
[INFO] Running org.apache.commons.jcs3.auxiliary.disk.jdbc.mysql.MySQLDiskCacheHsqlBackedUnitTest
[INFO] Tests run: 2, Failures: 0, Errors: 0, Skipped: 0, Time elapsed: 2.669 s - in org.apache.commons.jcs3.auxiliary.disk.jdbc.mysql.MySQLDiskCacheHsqlBackedUnitTest
[INFO] Running org.apache.commons.jcs3.auxiliary.disk.jdbc.mysql.MySQLDiskCacheUnitTest
[INFO] Tests run: 1, Failures: 0, Errors: 0, Skipped: 0, Time elapsed: 0.119 s - in org.apache.commons.jcs3.auxiliary.disk.jdbc.mysql.MySQLDiskCacheUnitTest
[INFO] Running org.apache.commons.jcs3.auxiliary.disk.jdbc.mysql.util.ScheduleParserUtilUnitTest
[INFO] Tests run: 6, Failures: 0, Errors: 0, Skipped: 0, Time elapsed: 0.038 s - in org.apache.commons.jcs3.auxiliary.disk.jdbc.mysql.util.ScheduleParserUtilUnitTest
[INFO] Running org.apache.commons.jcs3.auxiliary.disk.jdbc.JDBCDiskCacheShrinkUnitTest
[INFO] Tests run: 3, Failures: 0, Errors: 0, Skipped: 0, Time elapsed: 10.712 s - in org.apache.commons.jcs3.auxiliary.disk.jdbc.JDBCDiskCacheShrinkUnitTest
[INFO] Running org.apache.commons.jcs3.auxiliary.disk.jdbc.hsql.HSQLDiskCacheUnitTest
[INFO] Tests run: 3, Failures: 0, Errors: 0, Skipped: 0, Time elapsed: 0.586 s - in org.apache.commons.jcs3.auxiliary.disk.jdbc.hsql.HSQLDiskCacheUnitTest
[INFO] Running org.apache.commons.jcs3.auxiliary.disk.jdbc.hsql.HSQLDiskCacheConcurrentUnitTest
[INFO] Tests run: 3, Failures: 0, Errors: 0, Skipped: 0, Time elapsed: 0.707 s - in org.apache.commons.jcs3.auxiliary.disk.jdbc.hsql.HSQLDiskCacheConcurrentUnitTest
[INFO] Running org.apache.commons.jcs3.auxiliary.disk.jdbc.JDBCDiskCacheRemovalUnitTest
[INFO] Tests run: 1, Failures: 0, Errors: 0, Skipped: 0, Time elapsed: 1.419 s - in org.apache.commons.jcs3.auxiliary.disk.jdbc.JDBCDiskCacheRemovalUnitTest
[INFO] Running org.apache.commons.jcs3.auxiliary.disk.AbstractDiskCacheUnitTest
[INFO] Tests run: 4, Failures: 0, Errors: 0, Skipped: 0, Time elapsed: 0.114 s - in org.apache.commons.jcs3.auxiliary.disk.AbstractDiskCacheUnitTest
[INFO] Running org.apache.commons.jcs3.auxiliary.AuxiliaryCacheConfiguratorUnitTest
[INFO] Tests run: 5, Failures: 0, Errors: 0, Skipped: 0, Time elapsed: 0.103 s - in org.apache.commons.jcs3.auxiliary.AuxiliaryCacheConfiguratorUnitTest
[INFO] Running org.apache.commons.jcs3.auxiliary.lateral.LateralCacheNoWaitFacadeUnitTest
[INFO] Tests run: 4, Failures: 0, Errors: 0, Skipped: 0, Time elapsed: 0.108 s - in org.apache.commons.jcs3.auxiliary.lateral.LateralCacheNoWaitFacadeUnitTest
[INFO] Running org.apache.commons.jcs3.auxiliary.lateral.socket.tcp.TestTCPLateralUnitTest
[INFO] Tests run: 8, Failures: 0, Errors: 0, Skipped: 0, Time elapsed: 10.028 s - in org.apache.commons.jcs3.auxiliary.lateral.socket.tcp.TestTCPLateralUnitTest
[INFO] Running org.apache.commons.jcs3.auxiliary.lateral.socket.tcp.LateralTCPFilterRemoveHashCodeUnitTest
[INFO] Tests run: 1, Failures: 0, Errors: 0, Skipped: 0, Time elapsed: 0.604 s - in org.apache.commons.jcs3.auxiliary.lateral.socket.tcp.LateralTCPFilterRemoveHashCodeUnitTest
[INFO] Running org.apache.commons.jcs3.auxiliary.lateral.socket.tcp.LateralTCPIssueRemoveOnPutUnitTest
[INFO] Tests run: 2, Failures: 0, Errors: 0, Skipped: 0, Time elapsed: 1.686 s - in org.apache.commons.jcs3.auxiliary.lateral.socket.tcp.LateralTCPIssueRemoveOnPutUnitTest
[INFO] Running org.apache.commons.jcs3.auxiliary.lateral.socket.tcp.LateralTCPDiscoveryListenerUnitTest
[INFO] Tests run: 9, Failures: 0, Errors: 0, Skipped: 0, Time elapsed: 0.291 s - in org.apache.commons.jcs3.auxiliary.lateral.socket.tcp.LateralTCPDiscoveryListenerUnitTest
[INFO] Running org.apache.commons.jcs3.auxiliary.remote.RemoteCacheNoWaitFacadeUnitTest
[INFO] Tests run: 2, Failures: 0, Errors: 0, Skipped: 0, Time elapsed: 0.135 s - in org.apache.commons.jcs3.auxiliary.remote.RemoteCacheNoWaitFacadeUnitTest
[INFO] Running org.apache.commons.jcs3.auxiliary.remote.ZombieRemoteCacheServiceUnitTest
[INFO] Tests run: 4, Failures: 0, Errors: 0, Skipped: 0, Time elapsed: 0.08 s - in org.apache.commons.jcs3.auxiliary.remote.ZombieRemoteCacheServiceUnitTest
[INFO] Running org.apache.commons.jcs3.auxiliary.remote.http.client.RemoteHttpCacheFactoryUnitTest
[INFO] Tests run: 3, Failures: 0, Errors: 0, Skipped: 0, Time elapsed: 0.308 s - in org.apache.commons.jcs3.auxiliary.remote.http.client.RemoteHttpCacheFactoryUnitTest
[INFO] Running org.apache.commons.jcs3.auxiliary.remote.http.client.RemoteHttpCacheClientUnitTest
[INFO] Tests run: 8, Failures: 0, Errors: 0, Skipped: 0, Time elapsed: 0.314 s - in org.apache.commons.jcs3.auxiliary.remote.http.client.RemoteHttpCacheClientUnitTest
[INFO] Running org.apache.commons.jcs3.auxiliary.remote.http.server.RemoteHttpCacheServletUnitTest
[INFO] Tests run: 7, Failures: 0, Errors: 0, Skipped: 0, Time elapsed: 0.235 s - in org.apache.commons.jcs3.auxiliary.remote.http.server.RemoteHttpCacheServletUnitTest
[INFO] Running org.apache.commons.jcs3.auxiliary.remote.http.server.RemoteHttpCacheServiceUnitTest
[INFO] Tests run: 6, Failures: 0, Errors: 0, Skipped: 0, Time elapsed: 0.105 s - in org.apache.commons.jcs3.auxiliary.remote.http.server.RemoteHttpCacheServiceUnitTest
[INFO] Running org.apache.commons.jcs3.auxiliary.remote.server.RemoteCacheServerUnitTest
[INFO] Tests run: 13, Failures: 0, Errors: 0, Skipped: 0, Time elapsed: 1.5 s - in org.apache.commons.jcs3.auxiliary.remote.server.RemoteCacheServerUnitTest
[INFO] Running org.apache.commons.jcs3.auxiliary.remote.server.BasicRemoteCacheClientServerUnitTest
localhost=localhost/127.0.0.1
InetAddress.getLocalHost()=repairnator/127.0.1.1
Found: /fe80:0:0:0:4c8e:d5ff:fe3a:9b3e%veth3686a56 isLoopback: false isSiteLocal: false
Found: /fe80:0:0:0:d085:3bff:fef5:da8a%vethdffbab3 isLoopback: false isSiteLocal: false
Found: /fe80:0:0:0:ecee:eeff:feee:eeee%cali6d94c70c663 isLoopback: false isSiteLocal: false
Found: /fe80:0:0:0:ecee:eeff:feee:eeee%cali784f4284df0 isLoopback: false isSiteLocal: false
Found: /fe80:0:0:0:ecee:eeff:feee:eeee%cali8b36ed6a686 isLoopback: false isSiteLocal: false
Found: /fe80:0:0:0:ecee:eeff:feee:eeee%cali86a2d114318 isLoopback: false isSiteLocal: false
Found: /fe80:0:0:0:ecee:eeff:feee:eeee%calie015e278cad isLoopback: false isSiteLocal: false
Found: /fe80:0:0:0:ecee:eeff:feee:eeee%calidb6668e276c isLoopback: false isSiteLocal: false
Found: /fe80:0:0:0:ecee:eeff:feee:eeee%cali0daa583cc59 isLoopback: false isSiteLocal: false
Found: /fe80:0:0:0:ecee:eeff:feee:eeee%calic9e9c651c2a isLoopback: false isSiteLocal: false
Found: /fe80:0:0:0:ecee:eeff:feee:eeee%cali6363f33e1c1 isLoopback: false isSiteLocal: false
Found: /fe80:0:0:0:ecee:eeff:feee:eeee%calie81c009e819 isLoopback: false isSiteLocal: false
Found: /fe80:0:0:0:ecee:eeff:feee:eeee%calicb007e13f67 isLoopback: false isSiteLocal: false
Found: /fe80:0:0:0:ecee:eeff:feee:eeee%calie4fa8b61981 isLoopback: false isSiteLocal: false
Found: /fe80:0:0:0:ecee:eeff:feee:eeee%caliadf8f614c99 isLoopback: false isSiteLocal: false
Found: /fe80:0:0:0:ecee:eeff:feee:eeee%calidf63e273613 isLoopback: false isSiteLocal: false
Found: /fe80:0:0:0:f822:aeff:fecc:4c2f%vetha72107e isLoopback: false isSiteLocal: false
Found: /fe80:0:0:0:94b8:64ff:fe1d:346c%vxlan-6784 isLoopback: false isSiteLocal: false
Found: /fe80:0:0:0:a4db:79ff:fe71:bedf%veth78bd252 isLoopback: false isSiteLocal: false
Found: /fe80:0:0:0:ac3b:a4ff:fe97:4bc5%vethwe-bridge isLoopback: false isSiteLocal: false
Found: /fe80:0:0:0:a403:99ff:fe26:fbf9%veth70377b5 isLoopback: false isSiteLocal: false
Found: /fe80:0:0:0:50a7:70ff:feca:b777%vethwe-datapath isLoopback: false isSiteLocal: false
Found: /fe80:0:0:0:7462:4bff:fe20:54af%datapath isLoopback: false isSiteLocal: false
Found: /fe80:0:0:0:42:beff:fe13:ca60%br-e4e840885e9c isLoopback: false isSiteLocal: false
Found: /172.18.0.1 isLoopback: false isSiteLocal: true *
Found: /192.168.12.128 isLoopback: false isSiteLocal: true *
Found: /fe80:0:0:0:9014:9cff:fee8:2249%weave isLoopback: false isSiteLocal: false
Found: /10.42.0.0 isLoopback: false isSiteLocal: true *
Found: /fe80:0:0:0:42:6aff:fe75:8c4d%docker0 isLoopback: false isSiteLocal: false
Found: /172.17.0.1 isLoopback: false isSiteLocal: true *
Found: /fe80:0:0:0:6d4:c4ff:fe5b:94c0%enp180s0f0 isLoopback: false isSiteLocal: false
Found: /2001:6b0:1:1de0:6d4:c4ff:fe5b:94c0%enp180s0f0 isLoopback: false isSiteLocal: false
Found: /130.237.222.185 isLoopback: false isSiteLocal: false
Found: /0:0:0:0:0:0:0:1%lo isLoopback: true isSiteLocal: false
Found: /127.0.0.1 isLoopback: true isSiteLocal: false
[INFO] Tests run: 5, Failures: 0, Errors: 0, Skipped: 0, Time elapsed: 1.957 s - in org.apache.commons.jcs3.auxiliary.remote.server.BasicRemoteCacheClientServerUnitTest
[INFO] Running org.apache.commons.jcs3.auxiliary.remote.server.RemoteCacheServerFactoryUnitTest
[INFO] Tests run: 10, Failures: 0, Errors: 0, Skipped: 0, Time elapsed: 0.116 s - in org.apache.commons.jcs3.auxiliary.remote.server.RemoteCacheServerFactoryUnitTest
[INFO] Running org.apache.commons.jcs3.auxiliary.remote.server.TimeoutConfigurableRMISocketFactoryUnitTest
[INFO] Tests run: 1, Failures: 0, Errors: 0, Skipped: 0, Time elapsed: 0.025 s - in org.apache.commons.jcs3.auxiliary.remote.server.TimeoutConfigurableRMISocketFactoryUnitTest
[INFO] Running org.apache.commons.jcs3.auxiliary.remote.server.RemoteCacheServerAttributesUnitTest
[INFO] Tests run: 3, Failures: 0, Errors: 0, Skipped: 0, Time elapsed: 0.026 s - in org.apache.commons.jcs3.auxiliary.remote.server.RemoteCacheServerAttributesUnitTest
[INFO] Running org.apache.commons.jcs3.auxiliary.remote.RemoteCacheNoWaitUnitTest
[INFO] Tests run: 7, Failures: 0, Errors: 0, Skipped: 0, Time elapsed: 0.177 s - in org.apache.commons.jcs3.auxiliary.remote.RemoteCacheNoWaitUnitTest
[INFO] Running org.apache.commons.jcs3.auxiliary.remote.util.RemoteCacheRequestFactoryUnitTest
[INFO] Tests run: 6, Failures: 0, Errors: 0, Skipped: 0, Time elapsed: 0.067 s - in org.apache.commons.jcs3.auxiliary.remote.util.RemoteCacheRequestFactoryUnitTest
[INFO] Running org.apache.commons.jcs3.auxiliary.remote.RemoteUtilsUnitTest
[INFO] Tests run: 3, Failures: 0, Errors: 0, Skipped: 0, Time elapsed: 0.092 s - in org.apache.commons.jcs3.auxiliary.remote.RemoteUtilsUnitTest
[INFO] Running org.apache.commons.jcs3.auxiliary.remote.RemoteCacheUnitTest
[INFO] Tests run: 10, Failures: 0, Errors: 0, Skipped: 0, Time elapsed: 0.102 s - in org.apache.commons.jcs3.auxiliary.remote.RemoteCacheUnitTest
[INFO] Running org.apache.commons.jcs3.auxiliary.remote.RemoteCacheListenerUnitTest
[INFO] Tests run: 2, Failures: 0, Errors: 0, Skipped: 0, Time elapsed: 0.134 s - in org.apache.commons.jcs3.auxiliary.remote.RemoteCacheListenerUnitTest
[INFO] Running org.apache.commons.jcs3.JCSConcurrentCacheAccessUnitTest
[INFO] Tests run: 1, Failures: 0, Errors: 0, Skipped: 0, Time elapsed: 0.92 s - in org.apache.commons.jcs3.JCSConcurrentCacheAccessUnitTest
[INFO] Running org.apache.commons.jcs3.ZeroSizeCacheUnitTest
[INFO] Tests run: 1, Failures: 0, Errors: 0, Skipped: 0, Time elapsed: 0.809 s - in org.apache.commons.jcs3.ZeroSizeCacheUnitTest
[INFO] Running org.apache.commons.jcs3.access.GroupCacheAccessUnitTest
[INFO] Tests run: 6, Failures: 0, Errors: 0, Skipped: 0, Time elapsed: 0.18 s - in org.apache.commons.jcs3.access.GroupCacheAccessUnitTest
[INFO] Running org.apache.commons.jcs3.access.SystemPropertyUnitTest
[INFO] Tests run: 2, Failures: 0, Errors: 0, Skipped: 0, Time elapsed: 0.216 s - in org.apache.commons.jcs3.access.SystemPropertyUnitTest
[INFO] Running org.apache.commons.jcs3.access.CacheAccessUnitTest
[INFO] Tests run: 10, Failures: 0, Errors: 0, Skipped: 0, Time elapsed: 0.227 s - in org.apache.commons.jcs3.access.CacheAccessUnitTest
[INFO] Running org.apache.commons.jcs3.admin.AdminBeanUnitTest
[INFO] Tests run: 4, Failures: 0, Errors: 0, Skipped: 0, Time elapsed: 0.192 s - in org.apache.commons.jcs3.admin.AdminBeanUnitTest
[INFO] Running org.apache.commons.jcs3.admin.CountingStreamUnitTest
[INFO] Tests run: 3, Failures: 0, Errors: 0, Skipped: 0, Time elapsed: 0.019 s - in org.apache.commons.jcs3.admin.CountingStreamUnitTest
[INFO] Running org.apache.commons.jcs3.JCSCacheElementRetrievalUnitTest
[INFO] Tests run: 1, Failures: 0, Errors: 0, Skipped: 0, Time elapsed: 0.161 s - in org.apache.commons.jcs3.JCSCacheElementRetrievalUnitTest
[INFO] 
[INFO] Results:
[INFO] 
[INFO] Tests run: 424, Failures: 0, Errors: 0, Skipped: 0
[INFO] 
[INFO] 
[INFO] ---------------< org.apache.commons:commons-jcs3-jcache >---------------
[INFO] Building Apache Commons JCS :: JCache 3.2-SNAPSHOT                 [3/7]
[INFO] --------------------------------[ jar ]---------------------------------
[INFO] 
[INFO] --- maven-clean-plugin:3.1.0:clean (default-clean) @ commons-jcs3-jcache ---
[INFO] Deleting /home/gabsko/breaking-updates/commons-jcs-jcache/target
[INFO] 
[INFO] --- maven-enforcer-plugin:3.0.0:enforce (enforce-maven-version) @ commons-jcs3-jcache ---
[INFO] 
[INFO] --- maven-enforcer-plugin:3.0.0:enforce (enforce-java-version) @ commons-jcs3-jcache ---
[INFO] 
[INFO] --- maven-enforcer-plugin:3.0.0:enforce (enforce-output-timestamp-property) @ commons-jcs3-jcache ---
[INFO] 
[INFO] --- maven-enforcer-plugin:3.0.0:enforce (enforce-maven-3) @ commons-jcs3-jcache ---
[INFO] 
[INFO] --- apache-rat-plugin:0.13:check (rat-check) @ commons-jcs3-jcache ---
[INFO] Enabled default license matchers.
[INFO] Will parse SCM ignores for exclusions...
[INFO] Finished adding exclusions from SCM ignore files.
[INFO] 62 implicit excludes (use -debug for more details).
[INFO] 9 explicit excludes (use -debug for more details).
[INFO] 51 resources included (use -debug for more details)
[INFO] Rat check: Summary over all files. Unapproved: 0, unknown: 0, generated: 0, approved: 51 licenses.
[INFO] 
[INFO] --- build-helper-maven-plugin:3.2.0:parse-version (parse-version) @ commons-jcs3-jcache ---
[INFO] 
[INFO] --- maven-antrun-plugin:3.0.0:run (javadoc.resources) @ commons-jcs3-jcache ---
[INFO] Skipping Antrun execution
[INFO] 
[INFO] --- maven-remote-resources-plugin:1.7.0:process (process-resource-bundles) @ commons-jcs3-jcache ---
[INFO] Preparing remote bundle org.apache:apache-jar-resource-bundle:1.4
[INFO] Copying 3 resources from 1 bundle.
[INFO] 
[INFO] --- buildnumber-maven-plugin:3.0.0:create (default) @ commons-jcs3-jcache ---
[INFO] Executing: /bin/sh -c cd '/home/gabsko/breaking-updates/commons-jcs-jcache' && 'git' 'rev-parse' '--verify' 'HEAD'
[INFO] Working directory: /home/gabsko/breaking-updates/commons-jcs-jcache
[INFO] Storing buildNumber: null at timestamp: 1674730418830
[INFO] Storing buildScmBranch: branch-apache/commons-jcs-43c4affa2dc24f33fe7de965263f4336799faf2b
[INFO] 
[INFO] --- maven-resources-plugin:3.2.0:resources (default-resources) @ commons-jcs3-jcache ---
[INFO] Using 'UTF-8' encoding to copy filtered resources.
[INFO] Using 'UTF-8' encoding to copy filtered properties files.
[INFO] Copying 2 resources
[INFO] Copying 0 resource to META-INF
[INFO] Copying 3 resources
[INFO] 
[INFO] --- maven-compiler-plugin:3.10.1:compile (default-compile) @ commons-jcs3-jcache ---
[INFO] Changes detected - recompiling the module!
[INFO] Compiling 44 source files to /home/gabsko/breaking-updates/commons-jcs-jcache/target/classes
[INFO] /home/gabsko/breaking-updates/commons-jcs-jcache/src/main/java/org/apache/commons/jcs3/jcache/cdi/MakeJCacheCDIInterceptorFriendly.java: /home/gabsko/breaking-updates/commons-jcs-jcache/src/main/java/org/apache/commons/jcs3/jcache/cdi/MakeJCacheCDIInterceptorFriendly.java uses or overrides a deprecated API.
[INFO] /home/gabsko/breaking-updates/commons-jcs-jcache/src/main/java/org/apache/commons/jcs3/jcache/cdi/MakeJCacheCDIInterceptorFriendly.java: Recompile with -Xlint:deprecation for details.
[INFO] /home/gabsko/breaking-updates/commons-jcs-jcache/src/main/java/org/apache/commons/jcs3/jcache/TempStateCacheView.java: Some input files use unchecked or unsafe operations.
[INFO] /home/gabsko/breaking-updates/commons-jcs-jcache/src/main/java/org/apache/commons/jcs3/jcache/TempStateCacheView.java: Recompile with -Xlint:unchecked for details.
[INFO] 
[INFO] --- maven-bundle-plugin:5.1.4:manifest (bundle-manifest) @ commons-jcs3-jcache ---
[INFO] Writing manifest: /home/gabsko/breaking-updates/commons-jcs-jcache/target/osgi/MANIFEST.MF
[INFO] 
[INFO] --- maven-resources-plugin:3.2.0:testResources (default-testResources) @ commons-jcs3-jcache ---
[INFO] Using 'UTF-8' encoding to copy filtered resources.
[INFO] Using 'UTF-8' encoding to copy filtered properties files.
[INFO] skip non existing resourceDirectory /home/gabsko/breaking-updates/commons-jcs-jcache/src/test/resources
[INFO] Copying 0 resource to META-INF
[INFO] Copying 3 resources
[INFO] 
[INFO] --- maven-compiler-plugin:3.10.1:testCompile (default-testCompile) @ commons-jcs3-jcache ---
[INFO] Changes detected - recompiling the module!
[INFO] Compiling 6 source files to /home/gabsko/breaking-updates/commons-jcs-jcache/target/test-classes
[INFO] 
[INFO] --- animal-sniffer-maven-plugin:1.21:check (checkAPIcompatibility) @ commons-jcs3-jcache ---
[INFO] Checking unresolved references to org.codehaus.mojo.signature:java18:1.0
[INFO] 
[INFO] --- maven-surefire-plugin:2.22.2:test (default-test) @ commons-jcs3-jcache ---
[INFO] 
[INFO] -------------------------------------------------------
[INFO]  T E S T S
[INFO] -------------------------------------------------------
[INFO] Running org.apache.commons.jcs3.jcache.ExpiryListenerTest
Jan 26, 2023 10:53:39 AM org.apache.commons.jcs3.engine.control.CompositeCacheManager 
INFO: Setting default auxiliaries to "null"
Jan 26, 2023 10:53:39 AM org.apache.commons.jcs3.engine.control.CompositeCacheConfigurator 
INFO: No special CompositeCacheAttributes class defined for key [jcs.default.cacheattributes], using default class.
Jan 26, 2023 10:53:39 AM org.apache.commons.jcs3.engine.control.CompositeCacheManager 
INFO: setting defaultCompositeCacheAttributes to [ useLateral = true, useRemote = true, useDisk = true, maxObjs = 100, maxSpoolPerRun = -1, diskUsagePattern = SWAP, spoolChunkSize = 2 ]
Jan 26, 2023 10:53:39 AM org.apache.commons.jcs3.engine.control.CompositeCacheConfigurator 
INFO: No special ElementAttribute class defined for key [jcs.default.elementattributes], using default class.
Jan 26, 2023 10:53:39 AM org.apache.commons.jcs3.engine.control.CompositeCacheManager 
INFO: setting defaultElementAttributes to [ IS_LATERAL = true, IS_SPOOL = true, IS_REMOTE = true, IS_ETERNAL = true, MaxLifeSeconds = -1, IdleTime = -1, CreateTime = 1674730419716, LastAccessTime = 1674730419716, getTimeToLiveSeconds() = -1, createTime = 1674730419716 ]
Jan 26, 2023 10:53:39 AM org.apache.commons.jcs3.engine.control.CompositeCacheConfigurator 
INFO: Parsed regions []
Jan 26, 2023 10:53:39 AM org.apache.commons.jcs3.engine.control.CompositeCacheManager 
INFO: Finished configuration in 15 ms.
Jan 26, 2023 10:53:39 AM org.apache.commons.jcs3.engine.control.CompositeCacheConfigurator 
INFO: No special ElementAttribute class defined for key [jcs.region.default.elementattributes], using default class.
Jan 26, 2023 10:53:39 AM org.apache.commons.jcs3.engine.memory.AbstractDoubleLinkedListMemoryCache 
INFO: initialized MemoryCache for default
Jan 26, 2023 10:53:39 AM org.apache.commons.jcs3.engine.control.CompositeCache 
INFO: Constructed cache with name [default] and cache attributes [ useLateral = true, useRemote = true, useDisk = true, maxObjs = 100, maxSpoolPerRun = -1, diskUsagePattern = SWAP, spoolChunkSize = 2 ]
Jan 26, 2023 10:53:39 AM org.apache.commons.jcs3.engine.control.event.ElementEventQueue 
INFO: Element event queue destroyed: org.apache.commons.jcs3.engine.control.event.ElementEventQueue@12e61fe6
Jan 26, 2023 10:53:39 AM org.apache.commons.jcs3.engine.control.CompositeCache 
INFO: In DISPOSE, [default] fromRemote [false]
Jan 26, 2023 10:53:39 AM org.apache.commons.jcs3.engine.control.CompositeCache 
INFO: In DISPOSE, [default] disposing of memory cache.
Jan 26, 2023 10:53:39 AM org.apache.commons.jcs3.engine.memory.AbstractMemoryCache 
INFO: Memory Cache dispose called.
[INFO] Tests run: 1, Failures: 0, Errors: 0, Skipped: 0, Time elapsed: 0.241 s - in org.apache.commons.jcs3.jcache.ExpiryListenerTest
[INFO] Running org.apache.commons.jcs3.jcache.ImmediateExpiryTest
Jan 26, 2023 10:53:39 AM org.apache.commons.jcs3.engine.control.CompositeCacheManager 
INFO: Setting default auxiliaries to "null"
Jan 26, 2023 10:53:39 AM org.apache.commons.jcs3.engine.control.CompositeCacheConfigurator 
INFO: No special CompositeCacheAttributes class defined for key [jcs.default.cacheattributes], using default class.
Jan 26, 2023 10:53:39 AM org.apache.commons.jcs3.engine.control.CompositeCacheManager 
INFO: setting defaultCompositeCacheAttributes to [ useLateral = true, useRemote = true, useDisk = true, maxObjs = 100, maxSpoolPerRun = -1, diskUsagePattern = SWAP, spoolChunkSize = 2 ]
Jan 26, 2023 10:53:39 AM org.apache.commons.jcs3.engine.control.CompositeCacheConfigurator 
INFO: No special ElementAttribute class defined for key [jcs.default.elementattributes], using default class.
Jan 26, 2023 10:53:39 AM org.apache.commons.jcs3.engine.control.CompositeCacheManager 
INFO: setting defaultElementAttributes to [ IS_LATERAL = true, IS_SPOOL = true, IS_REMOTE = true, IS_ETERNAL = true, MaxLifeSeconds = -1, IdleTime = -1, CreateTime = 1674730419757, LastAccessTime = 1674730419757, getTimeToLiveSeconds() = -1, createTime = 1674730419757 ]
Jan 26, 2023 10:53:39 AM org.apache.commons.jcs3.engine.control.CompositeCacheConfigurator 
INFO: Parsed regions []
Jan 26, 2023 10:53:39 AM org.apache.commons.jcs3.engine.control.CompositeCacheManager 
INFO: Finished configuration in 2 ms.
Jan 26, 2023 10:53:39 AM org.apache.commons.jcs3.engine.control.CompositeCacheConfigurator 
INFO: No special ElementAttribute class defined for key [jcs.region.default.elementattributes], using default class.
Jan 26, 2023 10:53:39 AM org.apache.commons.jcs3.engine.memory.AbstractDoubleLinkedListMemoryCache 
INFO: initialized MemoryCache for default
Jan 26, 2023 10:53:39 AM org.apache.commons.jcs3.engine.control.CompositeCache 
INFO: Constructed cache with name [default] and cache attributes [ useLateral = true, useRemote = true, useDisk = true, maxObjs = 100, maxSpoolPerRun = -1, diskUsagePattern = SWAP, spoolChunkSize = 2 ]
Jan 26, 2023 10:53:39 AM org.apache.commons.jcs3.engine.control.event.ElementEventQueue 
INFO: Element event queue destroyed: org.apache.commons.jcs3.engine.control.event.ElementEventQueue@56528192
Jan 26, 2023 10:53:39 AM org.apache.commons.jcs3.engine.control.CompositeCache 
INFO: In DISPOSE, [default] fromRemote [false]
Jan 26, 2023 10:53:39 AM org.apache.commons.jcs3.engine.control.CompositeCache 
INFO: In DISPOSE, [default] disposing of memory cache.
Jan 26, 2023 10:53:39 AM org.apache.commons.jcs3.engine.memory.AbstractMemoryCache 
INFO: Memory Cache dispose called.
[INFO] Tests run: 1, Failures: 0, Errors: 0, Skipped: 0, Time elapsed: 0.006 s - in org.apache.commons.jcs3.jcache.ImmediateExpiryTest
[INFO] Running org.apache.commons.jcs3.jcache.CachingProviderTest
Jan 26, 2023 10:53:39 AM org.apache.commons.jcs3.engine.control.CompositeCacheManager 
INFO: Setting default auxiliaries to "null"
Jan 26, 2023 10:53:39 AM org.apache.commons.jcs3.engine.control.CompositeCacheConfigurator 
INFO: No special CompositeCacheAttributes class defined for key [jcs.default.cacheattributes], using default class.
Jan 26, 2023 10:53:39 AM org.apache.commons.jcs3.engine.control.CompositeCacheManager 
INFO: setting defaultCompositeCacheAttributes to [ useLateral = true, useRemote = true, useDisk = true, maxObjs = 100, maxSpoolPerRun = -1, diskUsagePattern = SWAP, spoolChunkSize = 2 ]
Jan 26, 2023 10:53:39 AM org.apache.commons.jcs3.engine.control.CompositeCacheConfigurator 
INFO: No special ElementAttribute class defined for key [jcs.default.elementattributes], using default class.
Jan 26, 2023 10:53:39 AM org.apache.commons.jcs3.engine.control.CompositeCacheManager 
INFO: setting defaultElementAttributes to [ IS_LATERAL = true, IS_SPOOL = true, IS_REMOTE = true, IS_ETERNAL = true, MaxLifeSeconds = -1, IdleTime = -1, CreateTime = 1674730419766, LastAccessTime = 1674730419766, getTimeToLiveSeconds() = -1, createTime = 1674730419766 ]
Jan 26, 2023 10:53:39 AM org.apache.commons.jcs3.engine.control.CompositeCacheConfigurator 
INFO: Parsed regions []
Jan 26, 2023 10:53:39 AM org.apache.commons.jcs3.engine.control.CompositeCacheManager 
INFO: Finished configuration in 1 ms.
Jan 26, 2023 10:53:39 AM org.apache.commons.jcs3.engine.control.event.ElementEventQueue 
INFO: Element event queue destroyed: org.apache.commons.jcs3.engine.control.event.ElementEventQueue@1ed1993a
[INFO] Tests run: 2, Failures: 0, Errors: 0, Skipped: 0, Time elapsed: 0.005 s - in org.apache.commons.jcs3.jcache.CachingProviderTest
[INFO] Running org.apache.commons.jcs3.jcache.CacheTest
Jan 26, 2023 10:53:39 AM org.apache.commons.jcs3.engine.control.CompositeCacheManager 
INFO: Setting default auxiliaries to "null"
Jan 26, 2023 10:53:39 AM org.apache.commons.jcs3.engine.control.CompositeCacheConfigurator 
INFO: No special CompositeCacheAttributes class defined for key [jcs.default.cacheattributes], using default class.
Jan 26, 2023 10:53:39 AM org.apache.commons.jcs3.engine.control.CompositeCacheManager 
INFO: setting defaultCompositeCacheAttributes to [ useLateral = true, useRemote = true, useDisk = true, maxObjs = 100, maxSpoolPerRun = -1, diskUsagePattern = SWAP, spoolChunkSize = 2 ]
Jan 26, 2023 10:53:39 AM org.apache.commons.jcs3.engine.control.CompositeCacheConfigurator 
INFO: No special ElementAttribute class defined for key [jcs.default.elementattributes], using default class.
Jan 26, 2023 10:53:39 AM org.apache.commons.jcs3.engine.control.CompositeCacheManager 
INFO: setting defaultElementAttributes to [ IS_LATERAL = true, IS_SPOOL = true, IS_REMOTE = true, IS_ETERNAL = true, MaxLifeSeconds = -1, IdleTime = -1, CreateTime = 1674730419771, LastAccessTime = 1674730419771, getTimeToLiveSeconds() = -1, createTime = 1674730419771 ]
Jan 26, 2023 10:53:39 AM org.apache.commons.jcs3.engine.control.CompositeCacheConfigurator 
INFO: Parsed regions []
Jan 26, 2023 10:53:39 AM org.apache.commons.jcs3.engine.control.CompositeCacheManager 
INFO: Finished configuration in 2 ms.
Jan 26, 2023 10:53:39 AM org.apache.commons.jcs3.engine.control.CompositeCacheConfigurator 
INFO: No special ElementAttribute class defined for key [jcs.region.default.elementattributes], using default class.
Jan 26, 2023 10:53:39 AM org.apache.commons.jcs3.engine.memory.AbstractDoubleLinkedListMemoryCache 
INFO: initialized MemoryCache for default
Jan 26, 2023 10:53:39 AM org.apache.commons.jcs3.engine.control.CompositeCache 
INFO: Constructed cache with name [default] and cache attributes [ useLateral = true, useRemote = true, useDisk = true, maxObjs = 100, maxSpoolPerRun = -1, diskUsagePattern = SWAP, spoolChunkSize = 2 ]
Jan 26, 2023 10:53:39 AM org.apache.commons.jcs3.engine.control.event.ElementEventQueue 
INFO: Element event queue destroyed: org.apache.commons.jcs3.engine.control.event.ElementEventQueue@3cc2931c
Jan 26, 2023 10:53:39 AM org.apache.commons.jcs3.engine.control.CompositeCache 
INFO: In DISPOSE, [default] fromRemote [false]
Jan 26, 2023 10:53:39 AM org.apache.commons.jcs3.engine.control.CompositeCache 
INFO: In DISPOSE, [default] disposing of memory cache.
Jan 26, 2023 10:53:39 AM org.apache.commons.jcs3.engine.memory.AbstractMemoryCache 
INFO: Memory Cache dispose called.
Jan 26, 2023 10:53:39 AM org.apache.commons.jcs3.engine.control.CompositeCacheManager 
INFO: Setting default auxiliaries to "null"
Jan 26, 2023 10:53:39 AM org.apache.commons.jcs3.engine.control.CompositeCacheConfigurator 
INFO: No special CompositeCacheAttributes class defined for key [jcs.default.cacheattributes], using default class.
Jan 26, 2023 10:53:39 AM org.apache.commons.jcs3.engine.control.CompositeCacheManager 
INFO: setting defaultCompositeCacheAttributes to [ useLateral = true, useRemote = true, useDisk = true, maxObjs = 100, maxSpoolPerRun = -1, diskUsagePattern = SWAP, spoolChunkSize = 2 ]
Jan 26, 2023 10:53:39 AM org.apache.commons.jcs3.engine.control.CompositeCacheConfigurator 
INFO: No special ElementAttribute class defined for key [jcs.default.elementattributes], using default class.
Jan 26, 2023 10:53:39 AM org.apache.commons.jcs3.engine.control.CompositeCacheManager 
INFO: setting defaultElementAttributes to [ IS_LATERAL = true, IS_SPOOL = true, IS_REMOTE = true, IS_ETERNAL = true, MaxLifeSeconds = -1, IdleTime = -1, CreateTime = 1674730419777, LastAccessTime = 1674730419777, getTimeToLiveSeconds() = -1, createTime = 1674730419777 ]
Jan 26, 2023 10:53:39 AM org.apache.commons.jcs3.engine.control.CompositeCacheConfigurator 
INFO: Parsed regions []
Jan 26, 2023 10:53:39 AM org.apache.commons.jcs3.engine.control.CompositeCacheManager 
INFO: Finished configuration in 1 ms.
Jan 26, 2023 10:53:39 AM org.apache.commons.jcs3.engine.control.CompositeCacheConfigurator 
INFO: No special ElementAttribute class defined for key [jcs.region.default.elementattributes], using default class.
Jan 26, 2023 10:53:39 AM org.apache.commons.jcs3.engine.memory.AbstractDoubleLinkedListMemoryCache 
INFO: initialized MemoryCache for default
Jan 26, 2023 10:53:39 AM org.apache.commons.jcs3.engine.control.CompositeCache 
INFO: Constructed cache with name [default] and cache attributes [ useLateral = true, useRemote = true, useDisk = true, maxObjs = 100, maxSpoolPerRun = -1, diskUsagePattern = SWAP, spoolChunkSize = 2 ]
Jan 26, 2023 10:53:39 AM org.apache.commons.jcs3.engine.control.event.ElementEventQueue 
INFO: Element event queue destroyed: org.apache.commons.jcs3.engine.control.event.ElementEventQueue@79b06cab
Jan 26, 2023 10:53:39 AM org.apache.commons.jcs3.engine.control.CompositeCache 
INFO: In DISPOSE, [default] fromRemote [false]
Jan 26, 2023 10:53:39 AM org.apache.commons.jcs3.engine.control.CompositeCache 
INFO: In DISPOSE, [default] disposing of memory cache.
Jan 26, 2023 10:53:39 AM org.apache.commons.jcs3.engine.memory.AbstractMemoryCache 
INFO: Memory Cache dispose called.
Jan 26, 2023 10:53:39 AM org.apache.commons.jcs3.engine.control.CompositeCacheManager 
INFO: Setting default auxiliaries to "null"
Jan 26, 2023 10:53:39 AM org.apache.commons.jcs3.engine.control.CompositeCacheConfigurator 
INFO: No special CompositeCacheAttributes class defined for key [jcs.default.cacheattributes], using default class.
Jan 26, 2023 10:53:39 AM org.apache.commons.jcs3.engine.control.CompositeCacheManager 
INFO: setting defaultCompositeCacheAttributes to [ useLateral = true, useRemote = true, useDisk = true, maxObjs = 100, maxSpoolPerRun = -1, diskUsagePattern = SWAP, spoolChunkSize = 2 ]
Jan 26, 2023 10:53:39 AM org.apache.commons.jcs3.engine.control.CompositeCacheConfigurator 
INFO: No special ElementAttribute class defined for key [jcs.default.elementattributes], using default class.
Jan 26, 2023 10:53:39 AM org.apache.commons.jcs3.engine.control.CompositeCacheManager 
INFO: setting defaultElementAttributes to [ IS_LATERAL = true, IS_SPOOL = true, IS_REMOTE = true, IS_ETERNAL = true, MaxLifeSeconds = -1, IdleTime = -1, CreateTime = 1674730419782, LastAccessTime = 1674730419782, getTimeToLiveSeconds() = -1, createTime = 1674730419782 ]
Jan 26, 2023 10:53:39 AM org.apache.commons.jcs3.engine.control.CompositeCacheConfigurator 
INFO: Parsed regions []
Jan 26, 2023 10:53:39 AM org.apache.commons.jcs3.engine.control.CompositeCacheManager 
INFO: Finished configuration in 1 ms.
Jan 26, 2023 10:53:39 AM org.apache.commons.jcs3.engine.control.CompositeCacheConfigurator 
INFO: No special ElementAttribute class defined for key [jcs.region.default.elementattributes], using default class.
Jan 26, 2023 10:53:39 AM org.apache.commons.jcs3.engine.memory.AbstractDoubleLinkedListMemoryCache 
INFO: initialized MemoryCache for default
Jan 26, 2023 10:53:39 AM org.apache.commons.jcs3.engine.control.CompositeCache 
INFO: Constructed cache with name [default] and cache attributes [ useLateral = true, useRemote = true, useDisk = true, maxObjs = 100, maxSpoolPerRun = -1, diskUsagePattern = SWAP, spoolChunkSize = 2 ]
Jan 26, 2023 10:53:39 AM org.apache.commons.jcs3.engine.control.event.ElementEventQueue 
INFO: Element event queue destroyed: org.apache.commons.jcs3.engine.control.event.ElementEventQueue@36c88a32
Jan 26, 2023 10:53:39 AM org.apache.commons.jcs3.engine.control.CompositeCache 
INFO: In DISPOSE, [default] fromRemote [false]
Jan 26, 2023 10:53:39 AM org.apache.commons.jcs3.engine.control.CompositeCache 
INFO: In DISPOSE, [default] disposing of memory cache.
Jan 26, 2023 10:53:39 AM org.apache.commons.jcs3.engine.memory.AbstractMemoryCache 
INFO: Memory Cache dispose called.
Jan 26, 2023 10:53:39 AM org.apache.commons.jcs3.engine.control.CompositeCacheManager 
INFO: Setting default auxiliaries to "null"
Jan 26, 2023 10:53:39 AM org.apache.commons.jcs3.engine.control.CompositeCacheConfigurator 
INFO: No special CompositeCacheAttributes class defined for key [jcs.default.cacheattributes], using default class.
Jan 26, 2023 10:53:39 AM org.apache.commons.jcs3.engine.control.CompositeCacheManager 
INFO: setting defaultCompositeCacheAttributes to [ useLateral = true, useRemote = true, useDisk = true, maxObjs = 100, maxSpoolPerRun = -1, diskUsagePattern = SWAP, spoolChunkSize = 2 ]
Jan 26, 2023 10:53:39 AM org.apache.commons.jcs3.engine.control.CompositeCacheConfigurator 
INFO: No special ElementAttribute class defined for key [jcs.default.elementattributes], using default class.
Jan 26, 2023 10:53:39 AM org.apache.commons.jcs3.engine.control.CompositeCacheManager 
INFO: setting defaultElementAttributes to [ IS_LATERAL = true, IS_SPOOL = true, IS_REMOTE = true, IS_ETERNAL = true, MaxLifeSeconds = -1, IdleTime = -1, CreateTime = 1674730419788, LastAccessTime = 1674730419788, getTimeToLiveSeconds() = -1, createTime = 1674730419788 ]
Jan 26, 2023 10:53:39 AM org.apache.commons.jcs3.engine.control.CompositeCacheConfigurator 
INFO: Parsed regions []
Jan 26, 2023 10:53:39 AM org.apache.commons.jcs3.engine.control.CompositeCacheManager 
INFO: Finished configuration in 1 ms.
Jan 26, 2023 10:53:39 AM org.apache.commons.jcs3.engine.control.CompositeCacheConfigurator 
INFO: No special ElementAttribute class defined for key [jcs.region.test.elementattributes], using default class.
Jan 26, 2023 10:53:39 AM org.apache.commons.jcs3.engine.memory.AbstractDoubleLinkedListMemoryCache 
INFO: initialized MemoryCache for test
Jan 26, 2023 10:53:39 AM org.apache.commons.jcs3.engine.control.CompositeCache 
INFO: Constructed cache with name [test] and cache attributes [ useLateral = true, useRemote = true, useDisk = true, maxObjs = 100, maxSpoolPerRun = -1, diskUsagePattern = SWAP, spoolChunkSize = 2 ]
Jan 26, 2023 10:53:41 AM org.apache.commons.jcs3.engine.control.event.ElementEventQueue 
INFO: Element event queue destroyed: org.apache.commons.jcs3.engine.control.event.ElementEventQueue@470f1802
Jan 26, 2023 10:53:41 AM org.apache.commons.jcs3.engine.control.CompositeCache 
INFO: In DISPOSE, [test] fromRemote [false]
Jan 26, 2023 10:53:41 AM org.apache.commons.jcs3.engine.control.CompositeCache 
INFO: In DISPOSE, [test] disposing of memory cache.
Jan 26, 2023 10:53:41 AM org.apache.commons.jcs3.engine.memory.AbstractMemoryCache 
INFO: Memory Cache dispose called.
[INFO] Tests run: 4, Failures: 0, Errors: 0, Skipped: 0, Time elapsed: 2.077 s - in org.apache.commons.jcs3.jcache.CacheTest
[INFO] Running org.apache.commons.jcs3.jcache.cdi.CDIJCacheHelperTest
Jan 26, 2023 10:53:41 AM org.apache.commons.jcs3.engine.control.CompositeCacheManager 
INFO: Setting default auxiliaries to "null"
Jan 26, 2023 10:53:41 AM org.apache.commons.jcs3.engine.control.CompositeCacheConfigurator 
INFO: No special CompositeCacheAttributes class defined for key [jcs.default.cacheattributes], using default class.
Jan 26, 2023 10:53:41 AM org.apache.commons.jcs3.engine.control.CompositeCacheManager 
INFO: setting defaultCompositeCacheAttributes to [ useLateral = true, useRemote = true, useDisk = true, maxObjs = 100, maxSpoolPerRun = -1, diskUsagePattern = SWAP, spoolChunkSize = 2 ]
Jan 26, 2023 10:53:41 AM org.apache.commons.jcs3.engine.control.CompositeCacheConfigurator 
INFO: No special ElementAttribute class defined for key [jcs.default.elementattributes], using default class.
Jan 26, 2023 10:53:41 AM org.apache.commons.jcs3.engine.control.CompositeCacheManager 
INFO: setting defaultElementAttributes to [ IS_LATERAL = true, IS_SPOOL = true, IS_REMOTE = true, IS_ETERNAL = true, MaxLifeSeconds = -1, IdleTime = -1, CreateTime = 1674730421858, LastAccessTime = 1674730421858, getTimeToLiveSeconds() = -1, createTime = 1674730421858 ]
Jan 26, 2023 10:53:41 AM org.apache.commons.jcs3.engine.control.CompositeCacheConfigurator 
INFO: Parsed regions []
Jan 26, 2023 10:53:41 AM org.apache.commons.jcs3.engine.control.CompositeCacheManager 
INFO: Finished configuration in 1 ms.
[INFO] Tests run: 1, Failures: 0, Errors: 0, Skipped: 0, Time elapsed: 0.014 s - in org.apache.commons.jcs3.jcache.cdi.CDIJCacheHelperTest
[INFO] Running org.apache.commons.jcs3.jcache.NotSerializableTest
Jan 26, 2023 10:53:41 AM org.apache.commons.jcs3.engine.control.CompositeCacheConfigurator 
INFO: No special ElementAttribute class defined for key [jcs.region.default.elementattributes], using default class.
Jan 26, 2023 10:53:41 AM org.apache.commons.jcs3.engine.memory.AbstractDoubleLinkedListMemoryCache 
INFO: initialized MemoryCache for default
Jan 26, 2023 10:53:41 AM org.apache.commons.jcs3.engine.control.CompositeCache 
INFO: Constructed cache with name [default] and cache attributes [ useLateral = true, useRemote = true, useDisk = true, maxObjs = 100, maxSpoolPerRun = -1, diskUsagePattern = SWAP, spoolChunkSize = 2 ]
Jan 26, 2023 10:53:41 AM org.apache.commons.jcs3.engine.control.event.ElementEventQueue 
INFO: Element event queue destroyed: org.apache.commons.jcs3.engine.control.event.ElementEventQueue@15eb5ee5
Jan 26, 2023 10:53:41 AM org.apache.commons.jcs3.engine.control.CompositeCache 
INFO: In DISPOSE, [default] fromRemote [false]
Jan 26, 2023 10:53:41 AM org.apache.commons.jcs3.engine.control.CompositeCache 
INFO: In DISPOSE, [default] disposing of memory cache.
Jan 26, 2023 10:53:41 AM org.apache.commons.jcs3.engine.memory.AbstractMemoryCache 
INFO: Memory Cache dispose called.
[INFO] Tests run: 1, Failures: 0, Errors: 0, Skipped: 0, Time elapsed: 0.002 s - in org.apache.commons.jcs3.jcache.NotSerializableTest
[INFO] 
[INFO] Results:
[INFO] 
[INFO] Tests run: 10, Failures: 0, Errors: 0, Skipped: 0
[INFO] 
[INFO] 
[INFO] -------------< org.apache.commons:commons-jcs3-jcache-tck >-------------
[INFO] Building Apache Commons JCS :: JCache TCK 3.2-SNAPSHOT             [4/7]
[INFO] --------------------------------[ jar ]---------------------------------
[INFO] 
[INFO] --- maven-clean-plugin:3.1.0:clean (default-clean) @ commons-jcs3-jcache-tck ---
[INFO] Deleting /home/gabsko/breaking-updates/commons-jcs-tck-tests/target
[INFO] 
[INFO] --- maven-enforcer-plugin:3.0.0:enforce (enforce-maven-version) @ commons-jcs3-jcache-tck ---
[INFO] 
[INFO] --- maven-enforcer-plugin:3.0.0:enforce (enforce-java-version) @ commons-jcs3-jcache-tck ---
[INFO] 
[INFO] --- maven-enforcer-plugin:3.0.0:enforce (enforce-output-timestamp-property) @ commons-jcs3-jcache-tck ---
[INFO] 
[INFO] --- maven-enforcer-plugin:3.0.0:enforce (enforce-maven-3) @ commons-jcs3-jcache-tck ---
[INFO] 
[INFO] --- apache-rat-plugin:0.13:check (rat-check) @ commons-jcs3-jcache-tck ---
[INFO] Enabled default license matchers.
[INFO] Will parse SCM ignores for exclusions...
[INFO] Finished adding exclusions from SCM ignore files.
[INFO] 62 implicit excludes (use -debug for more details).
[INFO] 9 explicit excludes (use -debug for more details).
[INFO] 5 resources included (use -debug for more details)
[INFO] Rat check: Summary over all files. Unapproved: 0, unknown: 0, generated: 0, approved: 5 licenses.
[INFO] 
[INFO] --- build-helper-maven-plugin:3.2.0:parse-version (parse-version) @ commons-jcs3-jcache-tck ---
[INFO] 
[INFO] --- maven-antrun-plugin:3.0.0:run (javadoc.resources) @ commons-jcs3-jcache-tck ---
[INFO] Skipping Antrun execution
[INFO] 
[INFO] --- maven-remote-resources-plugin:1.7.0:process (process-resource-bundles) @ commons-jcs3-jcache-tck ---
[INFO] Preparing remote bundle org.apache:apache-jar-resource-bundle:1.4
[INFO] Copying 3 resources from 1 bundle.
[INFO] 
[INFO] --- buildnumber-maven-plugin:3.0.0:create (default) @ commons-jcs3-jcache-tck ---
[INFO] Executing: /bin/sh -c cd '/home/gabsko/breaking-updates/commons-jcs-tck-tests' && 'git' 'rev-parse' '--verify' 'HEAD'
[INFO] Working directory: /home/gabsko/breaking-updates/commons-jcs-tck-tests
[INFO] Storing buildNumber: null at timestamp: 1674730422322
[INFO] Storing buildScmBranch: branch-apache/commons-jcs-43c4affa2dc24f33fe7de965263f4336799faf2b
[INFO] 
[INFO] --- maven-resources-plugin:3.2.0:resources (default-resources) @ commons-jcs3-jcache-tck ---
[INFO] Using 'UTF-8' encoding to copy filtered resources.
[INFO] Using 'UTF-8' encoding to copy filtered properties files.
[INFO] skip non existing resourceDirectory /home/gabsko/breaking-updates/commons-jcs-tck-tests/src/main/resources
[INFO] Copying 0 resource to META-INF
[INFO] Copying 3 resources
[INFO] 
[INFO] --- maven-compiler-plugin:3.10.1:compile (default-compile) @ commons-jcs3-jcache-tck ---
[INFO] No sources to compile
[INFO] 
[INFO] --- maven-bundle-plugin:5.1.4:manifest (bundle-manifest) @ commons-jcs3-jcache-tck ---
[WARNING] Manifest org.apache.commons:commons-jcs3-jcache-tck:jar:3.2-SNAPSHOT : Unused Export-Package instructions: [org.apache.commons.*] 
[INFO] Writing manifest: /home/gabsko/breaking-updates/commons-jcs-tck-tests/target/osgi/MANIFEST.MF
[INFO] 
[INFO] --- maven-resources-plugin:3.2.0:testResources (default-testResources) @ commons-jcs3-jcache-tck ---
[INFO] Using 'UTF-8' encoding to copy filtered resources.
[INFO] Using 'UTF-8' encoding to copy filtered properties files.
[INFO] Copying 2 resources
[INFO] Copying 3 resources
[INFO] 
[INFO] --- maven-compiler-plugin:3.10.1:testCompile (default-testCompile) @ commons-jcs3-jcache-tck ---
[INFO] Changes detected - recompiling the module!
[INFO] Compiling 2 source files to /home/gabsko/breaking-updates/commons-jcs-tck-tests/target/test-classes
[INFO] /home/gabsko/breaking-updates/commons-jcs-tck-tests/src/test/java/org/apache/commons/jcs3/jcache/EnsureCDIIsTestedWhenTCKsRunTest.java: /home/gabsko/breaking-updates/commons-jcs-tck-tests/src/test/java/org/apache/commons/jcs3/jcache/EnsureCDIIsTestedWhenTCKsRunTest.java uses or overrides a deprecated API.
[INFO] /home/gabsko/breaking-updates/commons-jcs-tck-tests/src/test/java/org/apache/commons/jcs3/jcache/EnsureCDIIsTestedWhenTCKsRunTest.java: Recompile with -Xlint:deprecation for details.
[INFO] /home/gabsko/breaking-updates/commons-jcs-tck-tests/src/test/java/org/apache/commons/jcs3/jcache/OWBBeanProvider.java: /home/gabsko/breaking-updates/commons-jcs-tck-tests/src/test/java/org/apache/commons/jcs3/jcache/OWBBeanProvider.java uses unchecked or unsafe operations.
[INFO] /home/gabsko/breaking-updates/commons-jcs-tck-tests/src/test/java/org/apache/commons/jcs3/jcache/OWBBeanProvider.java: Recompile with -Xlint:unchecked for details.
[INFO] 
[INFO] --- animal-sniffer-maven-plugin:1.21:check (checkAPIcompatibility) @ commons-jcs3-jcache-tck ---
[INFO] Checking unresolved references to org.codehaus.mojo.signature:java18:1.0
[INFO] 
[INFO] --- maven-surefire-plugin:2.22.2:test (default-test) @ commons-jcs3-jcache-tck ---
[INFO] 
[INFO] -------------------------------------------------------
[INFO]  T E S T S
[INFO] -------------------------------------------------------
[INFO] Running org.apache.commons.jcs3.jcache.EnsureCDIIsTestedWhenTCKsRunTest
Jan 26, 2023 10:53:42 AM org.apache.webbeans.lifecycle.AbstractLifeCycle bootstrapApplication
INFO: OpenWebBeans Container is starting...
Jan 26, 2023 10:53:42 AM org.apache.webbeans.corespi.scanner.AbstractMetaDataDiscovery addWebBeansXmlLocation
INFO: added beans archive URL: jar:file:/home/gabsko/.m2/repository/javax/cache/test-domain/1.0.1/test-domain-1.0.1.jar!/META-INF/beans.xml
Jan 26, 2023 10:53:42 AM org.apache.webbeans.corespi.scanner.AbstractMetaDataDiscovery addWebBeansXmlLocation
INFO: added beans archive URL: file:/home/gabsko/breaking-updates/commons-jcs-tck-tests/target/test-classes/
Jan 26, 2023 10:53:42 AM org.apache.webbeans.corespi.scanner.AbstractMetaDataDiscovery addWebBeansXmlLocation
INFO: added beans archive URL: jar:file:/usr/share/java/java-atk-wrapper.jar!/
Jan 26, 2023 10:53:42 AM org.apache.webbeans.corespi.scanner.AbstractMetaDataDiscovery addWebBeansXmlLocation
INFO: added beans archive URL: file:/home/gabsko/breaking-updates/commons-jcs-jcache/target/classes/
Jan 26, 2023 10:53:42 AM org.apache.webbeans.corespi.scanner.AbstractMetaDataDiscovery addWebBeansXmlLocation
INFO: added beans archive URL: file:/home/gabsko/breaking-updates/commons-jcs-core/target/classes/
Jan 26, 2023 10:53:42 AM org.apache.webbeans.corespi.scanner.AbstractMetaDataDiscovery addWebBeansXmlLocation
INFO: added beans archive URL: file:/home/gabsko/breaking-updates/commons-jcs-tck-tests/target/classes/
Jan 26, 2023 10:53:43 AM org.apache.webbeans.config.BeansDeployer validateInjectionPoints
INFO: All injection points were validated successfully.
Jan 26, 2023 10:53:43 AM org.apache.webbeans.lifecycle.AbstractLifeCycle bootstrapApplication
INFO: OpenWebBeans Container has started, it took [256] ms.
[INFO] Tests run: 1, Failures: 0, Errors: 0, Skipped: 0, Time elapsed: 0.389 s - in org.apache.commons.jcs3.jcache.EnsureCDIIsTestedWhenTCKsRunTest
[INFO] 
[INFO] Results:
[INFO] 
[INFO] Tests run: 1, Failures: 0, Errors: 0, Skipped: 0
[INFO] 
[INFO] 
[INFO] -----------< org.apache.commons:commons-jcs3-jcache-extras >------------
[INFO] Building Apache Commons JCS :: JCache Extras 3.2-SNAPSHOT          [5/7]
[INFO] --------------------------------[ jar ]---------------------------------
[INFO] 
[INFO] --- maven-clean-plugin:3.1.0:clean (default-clean) @ commons-jcs3-jcache-extras ---
[INFO] Deleting /home/gabsko/breaking-updates/commons-jcs-jcache-extras/target
[INFO] 
[INFO] --- maven-enforcer-plugin:3.0.0:enforce (enforce-maven-version) @ commons-jcs3-jcache-extras ---
[INFO] 
[INFO] --- maven-enforcer-plugin:3.0.0:enforce (enforce-java-version) @ commons-jcs3-jcache-extras ---
[INFO] 
[INFO] --- maven-enforcer-plugin:3.0.0:enforce (enforce-output-timestamp-property) @ commons-jcs3-jcache-extras ---
[INFO] 
[INFO] --- maven-enforcer-plugin:3.0.0:enforce (enforce-maven-3) @ commons-jcs3-jcache-extras ---
[INFO] 
[INFO] --- apache-rat-plugin:0.13:check (rat-check) @ commons-jcs3-jcache-extras ---
[INFO] Enabled default license matchers.
[INFO] Will parse SCM ignores for exclusions...
[INFO] Finished adding exclusions from SCM ignore files.
[INFO] 62 implicit excludes (use -debug for more details).
[INFO] 9 explicit excludes (use -debug for more details).
[INFO] 22 resources included (use -debug for more details)
[INFO] Rat check: Summary over all files. Unapproved: 0, unknown: 0, generated: 0, approved: 22 licenses.
[INFO] 
[INFO] --- build-helper-maven-plugin:3.2.0:parse-version (parse-version) @ commons-jcs3-jcache-extras ---
[INFO] 
[INFO] --- maven-antrun-plugin:3.0.0:run (javadoc.resources) @ commons-jcs3-jcache-extras ---
[INFO] Skipping Antrun execution
[INFO] 
[INFO] --- maven-remote-resources-plugin:1.7.0:process (process-resource-bundles) @ commons-jcs3-jcache-extras ---
[INFO] Preparing remote bundle org.apache:apache-jar-resource-bundle:1.4
[INFO] Copying 3 resources from 1 bundle.
[INFO] 
[INFO] --- buildnumber-maven-plugin:3.0.0:create (default) @ commons-jcs3-jcache-extras ---
[INFO] Executing: /bin/sh -c cd '/home/gabsko/breaking-updates/commons-jcs-jcache-extras' && 'git' 'rev-parse' '--verify' 'HEAD'
[INFO] Working directory: /home/gabsko/breaking-updates/commons-jcs-jcache-extras
[INFO] Storing buildNumber: null at timestamp: 1674730423429
[INFO] Storing buildScmBranch: branch-apache/commons-jcs-43c4affa2dc24f33fe7de965263f4336799faf2b
[INFO] 
[INFO] --- maven-resources-plugin:3.2.0:resources (default-resources) @ commons-jcs3-jcache-extras ---
[INFO] Using 'UTF-8' encoding to copy filtered resources.
[INFO] Using 'UTF-8' encoding to copy filtered properties files.
[INFO] Copying 1 resource
[INFO] Copying 0 resource to META-INF
[INFO] Copying 3 resources
[INFO] 
[INFO] --- maven-compiler-plugin:3.10.1:compile (default-compile) @ commons-jcs3-jcache-extras ---
[INFO] Changes detected - recompiling the module!
[INFO] Compiling 13 source files to /home/gabsko/breaking-updates/commons-jcs-jcache-extras/target/classes
[INFO] /home/gabsko/breaking-updates/commons-jcs-jcache-extras/src/main/java/org/apache/commons/jcs3/jcache/extras/cdi/CacheManagerBean.java: Some input files use or override a deprecated API.
[INFO] /home/gabsko/breaking-updates/commons-jcs-jcache-extras/src/main/java/org/apache/commons/jcs3/jcache/extras/cdi/CacheManagerBean.java: Recompile with -Xlint:deprecation for details.
[INFO] /home/gabsko/breaking-updates/commons-jcs-jcache-extras/src/main/java/org/apache/commons/jcs3/jcache/extras/writer/CompositeCacheWriter.java: Some input files use unchecked or unsafe operations.
[INFO] /home/gabsko/breaking-updates/commons-jcs-jcache-extras/src/main/java/org/apache/commons/jcs3/jcache/extras/writer/CompositeCacheWriter.java: Recompile with -Xlint:unchecked for details.
[INFO] 
[INFO] --- maven-bundle-plugin:5.1.4:manifest (bundle-manifest) @ commons-jcs3-jcache-extras ---
[INFO] Writing manifest: /home/gabsko/breaking-updates/commons-jcs-jcache-extras/target/osgi/MANIFEST.MF
[INFO] 
[INFO] --- maven-resources-plugin:3.2.0:testResources (default-testResources) @ commons-jcs3-jcache-extras ---
[INFO] Using 'UTF-8' encoding to copy filtered resources.
[INFO] Using 'UTF-8' encoding to copy filtered properties files.
[INFO] Copying 1 resource
[INFO] Copying 0 resource to META-INF
[INFO] Copying 3 resources
[INFO] 
[INFO] --- maven-compiler-plugin:3.10.1:testCompile (default-testCompile) @ commons-jcs3-jcache-extras ---
[INFO] Changes detected - recompiling the module!
[INFO] Compiling 7 source files to /home/gabsko/breaking-updates/commons-jcs-jcache-extras/target/test-classes
[INFO] /home/gabsko/breaking-updates/commons-jcs-jcache-extras/src/test/java/org/apache/commons/jcs3/jcache/extras/web/JCacheFilterTest.java: /home/gabsko/breaking-updates/commons-jcs-jcache-extras/src/test/java/org/apache/commons/jcs3/jcache/extras/web/JCacheFilterTest.java uses or overrides a deprecated API.
[INFO] /home/gabsko/breaking-updates/commons-jcs-jcache-extras/src/test/java/org/apache/commons/jcs3/jcache/extras/web/JCacheFilterTest.java: Recompile with -Xlint:deprecation for details.
[INFO] /home/gabsko/breaking-updates/commons-jcs-jcache-extras/src/test/java/org/apache/commons/jcs3/jcache/extras/writer/CompositeCacheWriterTest.java: Some input files use unchecked or unsafe operations.
[INFO] /home/gabsko/breaking-updates/commons-jcs-jcache-extras/src/test/java/org/apache/commons/jcs3/jcache/extras/writer/CompositeCacheWriterTest.java: Recompile with -Xlint:unchecked for details.
[INFO] 
[INFO] --- animal-sniffer-maven-plugin:1.21:check (checkAPIcompatibility) @ commons-jcs3-jcache-extras ---
[INFO] Checking unresolved references to org.codehaus.mojo.signature:java18:1.0
[INFO] 
[INFO] --- maven-surefire-plugin:2.22.2:test (default-test) @ commons-jcs3-jcache-extras ---
[INFO] 
[INFO] -------------------------------------------------------
[INFO]  T E S T S
[INFO] -------------------------------------------------------
[INFO] Running org.apache.commons.jcs3.jcache.extras.loader.CompositeCacheLoaderTest
Jan 26, 2023 10:53:44 AM org.apache.commons.jcs3.engine.control.CompositeCacheManager 
INFO: Setting default auxiliaries to "null"
Jan 26, 2023 10:53:44 AM org.apache.commons.jcs3.engine.control.CompositeCacheConfigurator 
INFO: No special CompositeCacheAttributes class defined for key [jcs.default.cacheattributes], using default class.
Jan 26, 2023 10:53:44 AM org.apache.commons.jcs3.engine.control.CompositeCacheManager 
INFO: setting defaultCompositeCacheAttributes to [ useLateral = true, useRemote = true, useDisk = true, maxObjs = 100, maxSpoolPerRun = -1, diskUsagePattern = SWAP, spoolChunkSize = 2 ]
Jan 26, 2023 10:53:44 AM org.apache.commons.jcs3.engine.control.CompositeCacheConfigurator 
INFO: No special ElementAttribute class defined for key [jcs.default.elementattributes], using default class.
Jan 26, 2023 10:53:44 AM org.apache.commons.jcs3.engine.control.CompositeCacheManager 
INFO: setting defaultElementAttributes to [ IS_LATERAL = true, IS_SPOOL = true, IS_REMOTE = true, IS_ETERNAL = true, MaxLifeSeconds = -1, IdleTime = -1, CreateTime = 1674730424101, LastAccessTime = 1674730424101, getTimeToLiveSeconds() = -1, createTime = 1674730424101 ]
Jan 26, 2023 10:53:44 AM org.apache.commons.jcs3.engine.control.CompositeCacheConfigurator 
INFO: Parsed regions []
Jan 26, 2023 10:53:44 AM org.apache.commons.jcs3.engine.control.CompositeCacheManager 
INFO: Finished configuration in 15 ms.
Jan 26, 2023 10:53:44 AM org.apache.commons.jcs3.engine.control.CompositeCacheConfigurator 
INFO: No special ElementAttribute class defined for key [jcs.region.cache.elementattributes], using default class.
Jan 26, 2023 10:53:44 AM org.apache.commons.jcs3.engine.memory.AbstractDoubleLinkedListMemoryCache 
INFO: initialized MemoryCache for cache
Jan 26, 2023 10:53:44 AM org.apache.commons.jcs3.engine.control.CompositeCache 
INFO: Constructed cache with name [cache] and cache attributes [ useLateral = true, useRemote = true, useDisk = true, maxObjs = 100, maxSpoolPerRun = -1, diskUsagePattern = SWAP, spoolChunkSize = 2 ]
Jan 26, 2023 10:53:44 AM org.apache.commons.jcs3.engine.control.event.ElementEventQueue 
INFO: Element event queue destroyed: org.apache.commons.jcs3.engine.control.event.ElementEventQueue@7995092a
Jan 26, 2023 10:53:44 AM org.apache.commons.jcs3.engine.control.CompositeCache 
INFO: In DISPOSE, [cache] fromRemote [false]
Jan 26, 2023 10:53:44 AM org.apache.commons.jcs3.engine.control.CompositeCache 
INFO: In DISPOSE, [cache] disposing of memory cache.
Jan 26, 2023 10:53:44 AM org.apache.commons.jcs3.engine.memory.AbstractMemoryCache 
INFO: Memory Cache dispose called.
[INFO] Tests run: 1, Failures: 0, Errors: 0, Skipped: 0, Time elapsed: 0.202 s - in org.apache.commons.jcs3.jcache.extras.loader.CompositeCacheLoaderTest
[INFO] Running org.apache.commons.jcs3.jcache.extras.loader.CacheLoaderAdapterTest
Jan 26, 2023 10:53:44 AM org.apache.commons.jcs3.engine.control.CompositeCacheManager 
INFO: Setting default auxiliaries to "null"
Jan 26, 2023 10:53:44 AM org.apache.commons.jcs3.engine.control.CompositeCacheConfigurator 
INFO: No special CompositeCacheAttributes class defined for key [jcs.default.cacheattributes], using default class.
Jan 26, 2023 10:53:44 AM org.apache.commons.jcs3.engine.control.CompositeCacheManager 
INFO: setting defaultCompositeCacheAttributes to [ useLateral = true, useRemote = true, useDisk = true, maxObjs = 100, maxSpoolPerRun = -1, diskUsagePattern = SWAP, spoolChunkSize = 2 ]
Jan 26, 2023 10:53:44 AM org.apache.commons.jcs3.engine.control.CompositeCacheConfigurator 
INFO: No special ElementAttribute class defined for key [jcs.default.elementattributes], using default class.
Jan 26, 2023 10:53:44 AM org.apache.commons.jcs3.engine.control.CompositeCacheManager 
INFO: setting defaultElementAttributes to [ IS_LATERAL = true, IS_SPOOL = true, IS_REMOTE = true, IS_ETERNAL = true, MaxLifeSeconds = -1, IdleTime = -1, CreateTime = 1674730424129, LastAccessTime = 1674730424129, getTimeToLiveSeconds() = -1, createTime = 1674730424129 ]
Jan 26, 2023 10:53:44 AM org.apache.commons.jcs3.engine.control.CompositeCacheConfigurator 
INFO: Parsed regions []
Jan 26, 2023 10:53:44 AM org.apache.commons.jcs3.engine.control.CompositeCacheManager 
INFO: Finished configuration in 4 ms.
Jan 26, 2023 10:53:44 AM org.apache.commons.jcs3.engine.control.CompositeCacheConfigurator 
INFO: No special ElementAttribute class defined for key [jcs.region.cache.elementattributes], using default class.
Jan 26, 2023 10:53:44 AM org.apache.commons.jcs3.engine.memory.AbstractDoubleLinkedListMemoryCache 
INFO: initialized MemoryCache for cache
Jan 26, 2023 10:53:44 AM org.apache.commons.jcs3.engine.control.CompositeCache 
INFO: Constructed cache with name [cache] and cache attributes [ useLateral = true, useRemote = true, useDisk = true, maxObjs = 100, maxSpoolPerRun = -1, diskUsagePattern = SWAP, spoolChunkSize = 2 ]
Jan 26, 2023 10:53:44 AM org.apache.commons.jcs3.engine.control.event.ElementEventQueue 
INFO: Element event queue destroyed: org.apache.commons.jcs3.engine.control.event.ElementEventQueue@4278a03f
Jan 26, 2023 10:53:44 AM org.apache.commons.jcs3.engine.control.CompositeCache 
INFO: In DISPOSE, [cache] fromRemote [false]
Jan 26, 2023 10:53:44 AM org.apache.commons.jcs3.engine.control.CompositeCache 
INFO: In DISPOSE, [cache] disposing of memory cache.
Jan 26, 2023 10:53:44 AM org.apache.commons.jcs3.engine.memory.AbstractMemoryCache 
INFO: Memory Cache dispose called.
[INFO] Tests run: 1, Failures: 0, Errors: 0, Skipped: 0, Time elapsed: 0.043 s - in org.apache.commons.jcs3.jcache.extras.loader.CacheLoaderAdapterTest
[INFO] Running org.apache.commons.jcs3.jcache.extras.web.JCacheFilterTest
[ERROR] Tests run: 2, Failures: 0, Errors: 2, Skipped: 0, Time elapsed: 0.014 s <<< FAILURE! - in org.apache.commons.jcs3.jcache.extras.web.JCacheFilterTest
[ERROR] testFilterNoOutput(org.apache.commons.jcs3.jcache.extras.web.JCacheFilterTest)  Time elapsed: 0.013 s  <<< ERROR!
java.lang.NoSuchMethodError: 'void org.apache.tomcat.util.ExceptionUtils.preload()'
	at org.apache.commons.jcs3.jcache.extras.web.JCacheFilterTest.testFilterNoOutput(JCacheFilterTest.java:59)

[ERROR] testFilter(org.apache.commons.jcs3.jcache.extras.web.JCacheFilterTest)  Time elapsed: 0.001 s  <<< ERROR!
java.lang.NoSuchMethodError: 'void org.apache.tomcat.util.ExceptionUtils.preload()'
	at org.apache.commons.jcs3.jcache.extras.web.JCacheFilterTest.testFilter(JCacheFilterTest.java:87)

[INFO] Running org.apache.commons.jcs3.jcache.extras.writer.CacheWriterAdapterTest
Jan 26, 2023 10:53:44 AM org.apache.commons.jcs3.engine.control.CompositeCacheManager 
INFO: Setting default auxiliaries to "null"
Jan 26, 2023 10:53:44 AM org.apache.commons.jcs3.engine.control.CompositeCacheConfigurator 
INFO: No special CompositeCacheAttributes class defined for key [jcs.default.cacheattributes], using default class.
Jan 26, 2023 10:53:44 AM org.apache.commons.jcs3.engine.control.CompositeCacheManager 
INFO: setting defaultCompositeCacheAttributes to [ useLateral = true, useRemote = true, useDisk = true, maxObjs = 100, maxSpoolPerRun = -1, diskUsagePattern = SWAP, spoolChunkSize = 2 ]
Jan 26, 2023 10:53:44 AM org.apache.commons.jcs3.engine.control.CompositeCacheConfigurator 
INFO: No special ElementAttribute class defined for key [jcs.default.elementattributes], using default class.
Jan 26, 2023 10:53:44 AM org.apache.commons.jcs3.engine.control.CompositeCacheManager 
INFO: setting defaultElementAttributes to [ IS_LATERAL = true, IS_SPOOL = true, IS_REMOTE = true, IS_ETERNAL = true, MaxLifeSeconds = -1, IdleTime = -1, CreateTime = 1674730424187, LastAccessTime = 1674730424187, getTimeToLiveSeconds() = -1, createTime = 1674730424187 ]
Jan 26, 2023 10:53:44 AM org.apache.commons.jcs3.engine.control.CompositeCacheConfigurator 
INFO: Parsed regions []
Jan 26, 2023 10:53:44 AM org.apache.commons.jcs3.engine.control.CompositeCacheManager 
INFO: Finished configuration in 1 ms.
Jan 26, 2023 10:53:44 AM org.apache.commons.jcs3.engine.control.CompositeCacheConfigurator 
INFO: No special ElementAttribute class defined for key [jcs.region.cache.elementattributes], using default class.
Jan 26, 2023 10:53:44 AM org.apache.commons.jcs3.engine.memory.AbstractDoubleLinkedListMemoryCache 
INFO: initialized MemoryCache for cache
Jan 26, 2023 10:53:44 AM org.apache.commons.jcs3.engine.control.CompositeCache 
INFO: Constructed cache with name [cache] and cache attributes [ useLateral = true, useRemote = true, useDisk = true, maxObjs = 100, maxSpoolPerRun = -1, diskUsagePattern = SWAP, spoolChunkSize = 2 ]
Jan 26, 2023 10:53:44 AM org.apache.commons.jcs3.engine.control.event.ElementEventQueue 
INFO: Element event queue destroyed: org.apache.commons.jcs3.engine.control.event.ElementEventQueue@69b2283a
Jan 26, 2023 10:53:44 AM org.apache.commons.jcs3.engine.control.CompositeCache 
INFO: In DISPOSE, [cache] fromRemote [false]
Jan 26, 2023 10:53:44 AM org.apache.commons.jcs3.engine.control.CompositeCache 
INFO: In DISPOSE, [cache] disposing of memory cache.
Jan 26, 2023 10:53:44 AM org.apache.commons.jcs3.engine.memory.AbstractMemoryCache 
INFO: Memory Cache dispose called.
[INFO] Tests run: 1, Failures: 0, Errors: 0, Skipped: 0, Time elapsed: 0.004 s - in org.apache.commons.jcs3.jcache.extras.writer.CacheWriterAdapterTest
[INFO] Running org.apache.commons.jcs3.jcache.extras.writer.CompositeCacheWriterTest
Jan 26, 2023 10:53:44 AM org.apache.commons.jcs3.engine.control.CompositeCacheManager 
INFO: Setting default auxiliaries to "null"
Jan 26, 2023 10:53:44 AM org.apache.commons.jcs3.engine.control.CompositeCacheConfigurator 
INFO: No special CompositeCacheAttributes class defined for key [jcs.default.cacheattributes], using default class.
Jan 26, 2023 10:53:44 AM org.apache.commons.jcs3.engine.control.CompositeCacheManager 
INFO: setting defaultCompositeCacheAttributes to [ useLateral = true, useRemote = true, useDisk = true, maxObjs = 100, maxSpoolPerRun = -1, diskUsagePattern = SWAP, spoolChunkSize = 2 ]
Jan 26, 2023 10:53:44 AM org.apache.commons.jcs3.engine.control.CompositeCacheConfigurator 
INFO: No special ElementAttribute class defined for key [jcs.default.elementattributes], using default class.
Jan 26, 2023 10:53:44 AM org.apache.commons.jcs3.engine.control.CompositeCacheManager 
INFO: setting defaultElementAttributes to [ IS_LATERAL = true, IS_SPOOL = true, IS_REMOTE = true, IS_ETERNAL = true, MaxLifeSeconds = -1, IdleTime = -1, CreateTime = 1674730424196, LastAccessTime = 1674730424196, getTimeToLiveSeconds() = -1, createTime = 1674730424196 ]
Jan 26, 2023 10:53:44 AM org.apache.commons.jcs3.engine.control.CompositeCacheConfigurator 
INFO: Parsed regions []
Jan 26, 2023 10:53:44 AM org.apache.commons.jcs3.engine.control.CompositeCacheManager 
INFO: Finished configuration in 1 ms.
Jan 26, 2023 10:53:44 AM org.apache.commons.jcs3.engine.control.CompositeCacheConfigurator 
INFO: No special ElementAttribute class defined for key [jcs.region.cache.elementattributes], using default class.
Jan 26, 2023 10:53:44 AM org.apache.commons.jcs3.engine.memory.AbstractDoubleLinkedListMemoryCache 
INFO: initialized MemoryCache for cache
Jan 26, 2023 10:53:44 AM org.apache.commons.jcs3.engine.control.CompositeCache 
INFO: Constructed cache with name [cache] and cache attributes [ useLateral = true, useRemote = true, useDisk = true, maxObjs = 100, maxSpoolPerRun = -1, diskUsagePattern = SWAP, spoolChunkSize = 2 ]
Jan 26, 2023 10:53:44 AM org.apache.commons.jcs3.engine.control.event.ElementEventQueue 
INFO: Element event queue destroyed: org.apache.commons.jcs3.engine.control.event.ElementEventQueue@769f71a9
Jan 26, 2023 10:53:44 AM org.apache.commons.jcs3.engine.control.CompositeCache 
INFO: In DISPOSE, [cache] fromRemote [false]
Jan 26, 2023 10:53:44 AM org.apache.commons.jcs3.engine.control.CompositeCache 
INFO: In DISPOSE, [cache] disposing of memory cache.
Jan 26, 2023 10:53:44 AM org.apache.commons.jcs3.engine.memory.AbstractMemoryCache 
INFO: Memory Cache dispose called.
[INFO] Tests run: 1, Failures: 0, Errors: 0, Skipped: 0, Time elapsed: 0.005 s - in org.apache.commons.jcs3.jcache.extras.writer.CompositeCacheWriterTest
[INFO] Running org.apache.commons.jcs3.jcache.extras.cdi.ExtraJCacheExtensionTest
Jan 26, 2023 10:53:44 AM org.apache.webbeans.lifecycle.AbstractLifeCycle bootstrapApplication
INFO: OpenWebBeans Container is starting...
Jan 26, 2023 10:53:44 AM org.apache.webbeans.corespi.scanner.AbstractMetaDataDiscovery addWebBeansXmlLocation
INFO: added beans archive URL: file:/home/gabsko/breaking-updates/commons-jcs-jcache-extras/target/test-classes/META-INF/beans.xml
Jan 26, 2023 10:53:44 AM org.apache.webbeans.corespi.scanner.AbstractMetaDataDiscovery addWebBeansXmlLocation
INFO: added beans archive URL: jar:file:/usr/share/java/java-atk-wrapper.jar!/
Jan 26, 2023 10:53:44 AM org.apache.webbeans.corespi.scanner.AbstractMetaDataDiscovery addWebBeansXmlLocation
INFO: added beans archive URL: file:/home/gabsko/breaking-updates/commons-jcs-jcache-extras/target/classes/
Jan 26, 2023 10:53:44 AM org.apache.webbeans.corespi.scanner.AbstractMetaDataDiscovery addWebBeansXmlLocation
INFO: added beans archive URL: file:/home/gabsko/breaking-updates/commons-jcs-core/target/classes/
Jan 26, 2023 10:53:44 AM org.apache.webbeans.corespi.scanner.AbstractMetaDataDiscovery addWebBeansXmlLocation
INFO: added beans archive URL: file:/home/gabsko/breaking-updates/commons-jcs-jcache/target/classes/
Jan 26, 2023 10:53:44 AM org.apache.commons.jcs3.engine.control.CompositeCacheManager 
INFO: Setting default auxiliaries to "null"
Jan 26, 2023 10:53:44 AM org.apache.commons.jcs3.engine.control.CompositeCacheConfigurator 
INFO: No special CompositeCacheAttributes class defined for key [jcs.default.cacheattributes], using default class.
Jan 26, 2023 10:53:44 AM org.apache.commons.jcs3.engine.control.CompositeCacheManager 
INFO: setting defaultCompositeCacheAttributes to [ useLateral = true, useRemote = true, useDisk = true, maxObjs = 100, maxSpoolPerRun = -1, diskUsagePattern = SWAP, spoolChunkSize = 2 ]
Jan 26, 2023 10:53:44 AM org.apache.commons.jcs3.engine.control.CompositeCacheConfigurator 
INFO: No special ElementAttribute class defined for key [jcs.default.elementattributes], using default class.
Jan 26, 2023 10:53:44 AM org.apache.commons.jcs3.engine.control.CompositeCacheManager 
INFO: setting defaultElementAttributes to [ IS_LATERAL = true, IS_SPOOL = true, IS_REMOTE = true, IS_ETERNAL = true, MaxLifeSeconds = -1, IdleTime = -1, CreateTime = 1674730424458, LastAccessTime = 1674730424458, getTimeToLiveSeconds() = -1, createTime = 1674730424458 ]
Jan 26, 2023 10:53:44 AM org.apache.commons.jcs3.engine.control.CompositeCacheConfigurator 
INFO: Parsed regions []
Jan 26, 2023 10:53:44 AM org.apache.commons.jcs3.engine.control.CompositeCacheManager 
INFO: Finished configuration in 1 ms.
Jan 26, 2023 10:53:44 AM org.apache.webbeans.config.BeansDeployer validateInjectionPoints
INFO: All injection points were validated successfully.
Jan 26, 2023 10:53:44 AM org.apache.webbeans.lifecycle.AbstractLifeCycle bootstrapApplication
INFO: OpenWebBeans Container has started, it took [215] ms.
Jan 26, 2023 10:53:44 AM org.apache.commons.jcs3.engine.control.event.ElementEventQueue 
INFO: Element event queue destroyed: org.apache.commons.jcs3.engine.control.event.ElementEventQueue@1c481ff2
[INFO] Tests run: 2, Failures: 0, Errors: 0, Skipped: 0, Time elapsed: 0.295 s - in org.apache.commons.jcs3.jcache.extras.cdi.ExtraJCacheExtensionTest
[INFO] 
[INFO] Results:
[INFO] 
[ERROR] Errors: 
[ERROR]   JCacheFilterTest.testFilter:87 » NoSuchMethod 'void org.apache.tomcat.util.Exc...
[ERROR]   JCacheFilterTest.testFilterNoOutput:59 » NoSuchMethod 'void org.apache.tomcat....
[INFO] 
[ERROR] Tests run: 8, Failures: 0, Errors: 2, Skipped: 0
[INFO] 
[INFO] ------------------------------------------------------------------------
[INFO] Reactor Summary for Apache Commons JCS 3.2-SNAPSHOT:
[INFO] 
[INFO] Apache Commons JCS ................................. SUCCESS [  2.301 s]
[INFO] Apache Commons JCS :: Core ......................... SUCCESS [02:41 min]
[INFO] Apache Commons JCS :: JCache ....................... SUCCESS [  3.474 s]
[INFO] Apache Commons JCS :: JCache TCK ................... SUCCESS [  1.171 s]
[INFO] Apache Commons JCS :: JCache Extras ................ FAILURE [  1.463 s]
[INFO] Apache Commons JCS :: JCache OpenJPA ............... SKIPPED
[INFO] Apache Commons JCS :: Distribution ................. SKIPPED
[INFO] ------------------------------------------------------------------------
[INFO] BUILD FAILURE
[INFO] ------------------------------------------------------------------------
[INFO] Total time:  02:50 min
[INFO] Finished at: 2023-01-26T10:53:44Z
[INFO] ------------------------------------------------------------------------
[ERROR] Failed to execute goal org.apache.maven.plugins:maven-surefire-plugin:2.22.2:test (default-test) on project commons-jcs3-jcache-extras: There are test failures.
[ERROR] 
[ERROR] Please refer to /home/gabsko/breaking-updates/commons-jcs-jcache-extras/target/surefire-reports for the individual test results.
[ERROR] Please refer to dump files (if any exist) [date].dump, [date]-jvmRun[N].dump and [date].dumpstream.
[ERROR] -> [Help 1]
[ERROR] 
[ERROR] To see the full stack trace of the errors, re-run Maven with the -e switch.
[ERROR] Re-run Maven using the -X switch to enable full debug logging.
[ERROR] 
[ERROR] For more information about the errors and possible solutions, please read the following articles:
[ERROR] [Help 1] http://cwiki.apache.org/confluence/display/MAVEN/MojoFailureException
[ERROR] 
[ERROR] After correcting the problems, you can resume the build with the command
[ERROR]   mvn <args> -rf :commons-jcs3-jcache-extras
