[INFO] Scanning for projects...
[INFO] 
[INFO] --< org.cyclonedx.contrib.com.lmco.efoss.unix.sbom:linux-sbom-generator >--
[INFO] Building linux-sbom-generator 3.1.0-SNAPSHOT
[INFO] --------------------------------[ jar ]---------------------------------
[INFO] Downloading from ossrh-snapshot: https://oss.sonatype.org/content/repositories/snapshots/org/cyclonedx/contrib/com/lmco/efoss/sbom/sbom-commons/1.2.0-SNAPSHOT/maven-metadata.xml
[INFO] Downloaded from ossrh-snapshot: https://oss.sonatype.org/content/repositories/snapshots/org/cyclonedx/contrib/com/lmco/efoss/sbom/sbom-commons/1.2.0-SNAPSHOT/maven-metadata.xml (1.4 kB at 1.8 kB/s)
[INFO] 
[INFO] --- maven-clean-plugin:3.1.0:clean (default-clean) @ linux-sbom-generator ---
[INFO] Deleting /home/gabsko/breaking-updates/target
[INFO] Deleting /home/gabsko/breaking-updates/output (includes = [**/*], excludes = [])
[INFO] Deleting /home/gabsko/breaking-updates/unitTests (includes = [**/*], excludes = [])
[INFO] 
[INFO] --- jacoco-maven-plugin:0.8.7:prepare-agent (default) @ linux-sbom-generator ---
[INFO] argLine set to -javaagent:/home/gabsko/.m2/repository/org/jacoco/org.jacoco.agent/0.8.7/org.jacoco.agent-0.8.7-runtime.jar=destfile=/home/gabsko/breaking-updates/target/jacoco.exec
[INFO] 
[INFO] --- maven-resources-plugin:3.2.0:resources (default-resources) @ linux-sbom-generator ---
[INFO] Using 'UTF-8' encoding to copy filtered resources.
[INFO] Using 'UTF-8' encoding to copy filtered properties files.
[INFO] Copying 1 resource
[INFO] 
[INFO] --- maven-compiler-plugin:3.8.1:compile (default-compile) @ linux-sbom-generator ---
[INFO] Changes detected - recompiling the module!
[INFO] Compiling 9 source files to /home/gabsko/breaking-updates/target/classes
[INFO] /home/gabsko/breaking-updates/src/main/java/org/cyclonedx/contrib/com/lmco/efoss/unix/sbom/utils/OperatingSystemUtils.java: /home/gabsko/breaking-updates/src/main/java/org/cyclonedx/contrib/com/lmco/efoss/unix/sbom/utils/OperatingSystemUtils.java uses or overrides a deprecated API.
[INFO] /home/gabsko/breaking-updates/src/main/java/org/cyclonedx/contrib/com/lmco/efoss/unix/sbom/utils/OperatingSystemUtils.java: Recompile with -Xlint:deprecation for details.
[INFO] 
[INFO] --- maven-resources-plugin:3.2.0:testResources (default-testResources) @ linux-sbom-generator ---
[INFO] Using 'UTF-8' encoding to copy filtered resources.
[INFO] Using 'UTF-8' encoding to copy filtered properties files.
[INFO] Copying 36 resources
[INFO] 
[INFO] --- maven-compiler-plugin:3.8.1:testCompile (default-testCompile) @ linux-sbom-generator ---
[INFO] Changes detected - recompiling the module!
[INFO] Compiling 11 source files to /home/gabsko/breaking-updates/target/test-classes
[INFO] /home/gabsko/breaking-updates/src/test/java/org/cyclonedx/contrib/com/lmco/efoss/unix/sbom/generator/UnixSBomGeneratorTest.java: Some input files use or override a deprecated API.
[INFO] /home/gabsko/breaking-updates/src/test/java/org/cyclonedx/contrib/com/lmco/efoss/unix/sbom/generator/UnixSBomGeneratorTest.java: Recompile with -Xlint:deprecation for details.
[INFO] 
[INFO] --- maven-surefire-plugin:2.22.2:test (default-test) @ linux-sbom-generator ---
[INFO] 
[INFO] -------------------------------------------------------
[INFO]  T E S T S
[INFO] -------------------------------------------------------
[INFO] Running org.cyclonedx.contrib.com.lmco.efoss.unix.sbom.utils.DateUtilsTest
Starting toStringTest Test (2023 01 26 08:41:34.361).
Starting zeroDiffTest Test (2023 01 26 08:41:34.473).
[INFO] Tests run: 2, Failures: 0, Errors: 0, Skipped: 0, Time elapsed: 0.242 s - in org.cyclonedx.contrib.com.lmco.efoss.unix.sbom.utils.DateUtilsTest
[INFO] Running org.cyclonedx.contrib.com.lmco.efoss.unix.sbom.utils.OperatingSystemUtilsTest
Starting getOsVersionAlpine Test (2023 01 26 08:41:34.498).
Starting getOsVersionCentos Test (2023 01 26 08:41:34.597).
Starting getOsVersionDebian Test (2023 01 26 08:41:34.639).
Starting getOsVersionRedhat Test (2023 01 26 08:41:34.652).
Starting getOsVersionUbuntu Test (2023 01 26 08:41:34.674).
Starting getOsNameAlpine Test (2023 01 26 08:41:34.704).
Starting getOsNameCentos Test (2023 01 26 08:41:34.744).
Starting getOsNameDebian Test (2023 01 26 08:41:34.752).
Starting getOsNameRedhat Test (2023 01 26 08:41:34.760).
Starting getOsNameUbuntu Test (2023 01 26 08:41:34.768).
Starting getOsVenderAlpine Test (2023 01 26 08:41:34.775).
Starting getOsVenderCentos Test (2023 01 26 08:41:34.798).
Starting getOsVenderDebian Test (2023 01 26 08:41:34.840).
Starting testReadOsUbuntu Test (2023 01 26 08:41:34.846).
Starting getOsVenderRedhat Test (2023 01 26 08:41:34.860).
Starting getOsVenderUbuntu Test (2023 01 26 08:41:34.868).
[INFO] Tests run: 16, Failures: 0, Errors: 0, Skipped: 0, Time elapsed: 0.309 s - in org.cyclonedx.contrib.com.lmco.efoss.unix.sbom.utils.OperatingSystemUtilsTest
[INFO] Running org.cyclonedx.contrib.com.lmco.efoss.unix.sbom.generator.SBomGeneratorTest
Starting geneateBomsTest Test (2023 01 26 08:41:34.877).
Starting addBomToolsTest Test (2023 01 26 08:41:35.344).
[ERROR] Tests run: 2, Failures: 0, Errors: 2, Skipped: 0, Time elapsed: 0.472 s <<< FAILURE! - in org.cyclonedx.contrib.com.lmco.efoss.unix.sbom.generator.SBomGeneratorTest
[ERROR] geneateBomsTest  Time elapsed: 0.463 s  <<< ERROR!
java.lang.NoSuchMethodError: 'com.fasterxml.jackson.core.io.ContentReference com.fasterxml.jackson.core.io.IOContext.contentReference()'
	at org.cyclonedx.contrib.com.lmco.efoss.unix.sbom.generator.SBomGeneratorTest.geneateBomsTest(SBomGeneratorTest.java:106)

[ERROR] addBomToolsTest  Time elapsed: 0.004 s  <<< ERROR!
java.lang.NoSuchMethodError: 'com.fasterxml.jackson.core.io.ContentReference com.fasterxml.jackson.core.io.IOContext.contentReference()'
	at org.cyclonedx.contrib.com.lmco.efoss.unix.sbom.generator.SBomGeneratorTest.addBomToolsTest(SBomGeneratorTest.java:65)

[INFO] Running org.cyclonedx.contrib.com.lmco.efoss.unix.sbom.generator.AlpineSBomGeneratorTest
Starting testParseVersion Test (2023 01 26 08:41:35.362).
Starting readVersionFromProcessTest Test (2023 01 26 08:41:35.367).
Starting readVersionFailFromProcessTest Test (2023 01 26 08:41:36.741).
Starting getVersionTest Test (2023 01 26 08:41:36.776).
[INFO] Tests run: 4, Failures: 0, Errors: 0, Skipped: 0, Time elapsed: 1.55 s - in org.cyclonedx.contrib.com.lmco.efoss.unix.sbom.generator.AlpineSBomGeneratorTest
[INFO] Running org.cyclonedx.contrib.com.lmco.efoss.unix.sbom.generator.UbuntuSBomGeneratorTest
Starting readVersionFromProcessTest Test (2023 01 26 08:41:36.922).
Starting readVersionFailFromProcessTest Test (2023 01 26 08:41:36.942).
Starting parseVersionTest Test (2023 01 26 08:41:36.955).
Starting parseVersionFailureTest Test (2023 01 26 08:41:36.962).
Starting getInstalledVersionTest Test (2023 01 26 08:41:36.971).
Starting buildExternalReferencesTest Test (2023 01 26 08:41:36.990).
[INFO] Tests run: 6, Failures: 0, Errors: 0, Skipped: 0, Time elapsed: 0.084 s - in org.cyclonedx.contrib.com.lmco.efoss.unix.sbom.generator.UbuntuSBomGeneratorTest
[INFO] Running org.cyclonedx.contrib.com.lmco.efoss.unix.sbom.generator.UnixSBomGeneratorTest
Starting ubuntuDetailMapTest Test (2023 01 26 08:41:37.005).
Starting ubuntuDetailMapIOExceptionTest Test (2023 01 26 08:41:37.013).
Starting alpineDetailMapFromProcessTest Test (2023 01 26 08:41:37.021).
Starting redhatDetailMapFromProcessTest Test (2023 01 26 08:41:37.029).
Starting readVersionFailFromProcessTest Test (2023 01 26 08:41:37.038).
Starting redHatSoftwareListTest Test (2023 01 26 08:41:37.047).
Starting addPackageManagerToComponetTest Test (2023 01 26 08:41:37.056).
Starting ubuntuParseLicenseTest Test (2023 01 26 08:41:37.066).
Starting alpineDetialMapTest Test (2023 01 26 08:41:37.073).
Starting createComponentsTest Test (2023 01 26 08:41:37.078).
Starting alpineSoftwareListTest Test (2023 01 26 08:41:37.085).
Starting alpineDetailMapIOExceptionTest Test (2023 01 26 08:41:37.090).
Starting ubuntuPackageListTest Test (2023 01 26 08:41:37.095).
Starting redhatDetailMapIOExceptionTest Test (2023 01 26 08:41:37.105).
Starting ubuntuSoftwareListTest Test (2023 01 26 08:41:37.110).
Starting redhatDetailMapTest Test (2023 01 26 08:41:37.117).
Starting ubuntuDetailMapFromProcessTest Test (2023 01 26 08:41:37.121).
Starting redhatParseLicenseTest Test (2023 01 26 08:41:37.126).
[INFO] Tests run: 18, Failures: 0, Errors: 0, Skipped: 0, Time elapsed: 0.134 s - in org.cyclonedx.contrib.com.lmco.efoss.unix.sbom.generator.UnixSBomGeneratorTest
[INFO] Running org.cyclonedx.contrib.com.lmco.efoss.unix.sbom.generator.RedHatSBomGeneratorTest
Starting getPurlTest Test (2023 01 26 08:41:37.139).
Starting parseBadPurlCmdOutput Test (2023 01 26 08:41:37.153).
Starting testPurlCmdIOException Test (2023 01 26 08:41:37.157).
Starting parsePurlCmdOutput Test (2023 01 26 08:41:37.162).
Starting parsePurlProcessTest Test (2023 01 26 08:41:37.166).
Starting buildExternalReferencesTest Test (2023 01 26 08:41:37.172).
[INFO] Tests run: 6, Failures: 0, Errors: 0, Skipped: 0, Time elapsed: 0.037 s - in org.cyclonedx.contrib.com.lmco.efoss.unix.sbom.generator.RedHatSBomGeneratorTest
[INFO] Running org.cyclonedx.contrib.com.lmco.efoss.unix.sbom.UnixSbomGeneratorApplicationTests
Starting testHelp Test (2023 01 26 08:41:37.183).
[INFO] Tests run: 1, Failures: 0, Errors: 0, Skipped: 0, Time elapsed: 0.025 s - in org.cyclonedx.contrib.com.lmco.efoss.unix.sbom.UnixSbomGeneratorApplicationTests
[INFO] 
[INFO] Results:
[INFO] 
[ERROR] Errors: 
[ERROR]   SBomGeneratorTest.addBomToolsTest:65 » NoSuchMethod 'com.fasterxml.jackson.cor...
[ERROR]   SBomGeneratorTest.geneateBomsTest:106 » NoSuchMethod 'com.fasterxml.jackson.co...
[INFO] 
[ERROR] Tests run: 55, Failures: 0, Errors: 2, Skipped: 0
[INFO] 
[INFO] ------------------------------------------------------------------------
[INFO] BUILD FAILURE
[INFO] ------------------------------------------------------------------------
[INFO] Total time:  7.724 s
[INFO] Finished at: 2023-01-26T08:41:37Z
[INFO] ------------------------------------------------------------------------
[ERROR] Failed to execute goal org.apache.maven.plugins:maven-surefire-plugin:2.22.2:test (default-test) on project linux-sbom-generator: There are test failures.
[ERROR] 
[ERROR] Please refer to /home/gabsko/breaking-updates/target/surefire-reports for the individual test results.
[ERROR] Please refer to dump files (if any exist) [date].dump, [date]-jvmRun[N].dump and [date].dumpstream.
[ERROR] -> [Help 1]
[ERROR] 
[ERROR] To see the full stack trace of the errors, re-run Maven with the -e switch.
[ERROR] Re-run Maven using the -X switch to enable full debug logging.
[ERROR] 
[ERROR] For more information about the errors and possible solutions, please read the following articles:
[ERROR] [Help 1] http://cwiki.apache.org/confluence/display/MAVEN/MojoFailureException
