[INFO] Scanning for projects...
[INFO] 
[INFO] -----------------------< com.sqlancer:sqlancer >------------------------
[INFO] Building SQLancer 2.0.0
[INFO] --------------------------------[ jar ]---------------------------------
[INFO] 
[INFO] --- maven-clean-plugin:2.5:clean (default-clean) @ sqlancer ---
[INFO] Deleting /home/gabsko/breaking-updates/target
[INFO] 
[INFO] --- jacoco-maven-plugin:0.8.8:prepare-agent (default) @ sqlancer ---
[INFO] argLine set to -javaagent:/home/gabsko/.m2/repository/org/jacoco/org.jacoco.agent/0.8.8/org.jacoco.agent-0.8.8-runtime.jar=destfile=/home/gabsko/breaking-updates/target/jacoco.exec
[INFO] 
[INFO] --- maven-resources-plugin:2.6:resources (default-resources) @ sqlancer ---
[INFO] Using 'UTF-8' encoding to copy filtered resources.
[INFO] skip non existing resourceDirectory /home/gabsko/breaking-updates/src/main/resources
[INFO] 
[INFO] --- maven-compiler-plugin:3.10.1:compile (default-compile) @ sqlancer ---
[INFO] Changes detected - recompiling the module!
[INFO] 
[INFO] --- maven-resources-plugin:2.6:testResources (default-testResources) @ sqlancer ---
[INFO] Using 'UTF-8' encoding to copy filtered resources.
[INFO] skip non existing resourceDirectory /home/gabsko/breaking-updates/src/test/resources
[INFO] 
[INFO] --- maven-compiler-plugin:3.10.1:testCompile (default-testCompile) @ sqlancer ---
[INFO] Changes detected - recompiling the module!
[INFO] 
[INFO] --- maven-surefire-plugin:2.22.2:test (default-test) @ sqlancer ---
[INFO] 
[INFO] -------------------------------------------------------
[INFO]  T E S T S
[INFO] -------------------------------------------------------
[INFO] Running sqlancer.pqs.sqlite.cast.TestCastToInt
[INFO] Tests run: 13, Failures: 0, Errors: 0, Skipped: 0, Time elapsed: 0.055 s - in sqlancer.pqs.sqlite.cast.TestCastToInt
[INFO] Running sqlancer.pqs.sqlite.cast.TestCastToBoolean
[INFO] Tests run: 1, Failures: 0, Errors: 0, Skipped: 0, Time elapsed: 0.001 s - in sqlancer.pqs.sqlite.cast.TestCastToBoolean
[INFO] Running sqlancer.pqs.sqlite.cast.TestCastToBlob
[INFO] Tests run: 4, Failures: 0, Errors: 0, Skipped: 0, Time elapsed: 0 s - in sqlancer.pqs.sqlite.cast.TestCastToBlob
[INFO] Running sqlancer.pqs.sqlite.cast.TestCastToNumeric
[INFO] Tests run: 3, Failures: 0, Errors: 0, Skipped: 0, Time elapsed: 0 s - in sqlancer.pqs.sqlite.cast.TestCastToNumeric
[INFO] Running sqlancer.TestUsageNamingConvention
[INFO] Tests run: 1, Failures: 0, Errors: 0, Skipped: 0, Time elapsed: 0.072 s - in sqlancer.TestUsageNamingConvention
[INFO] Running sqlancer.TestParameterFormat
[INFO] Tests run: 1, Failures: 0, Errors: 0, Skipped: 0, Time elapsed: 0.049 s - in sqlancer.TestParameterFormat
[INFO] Running sqlancer.TestExpectedErrors
[INFO] Tests run: 3, Failures: 0, Errors: 0, Skipped: 0, Time elapsed: 0.001 s - in sqlancer.TestExpectedErrors
[INFO] Running sqlancer.dbms.TestMySQLTLP
[WARNING] Tests run: 1, Failures: 0, Errors: 0, Skipped: 1, Time elapsed: 0.026 s - in sqlancer.dbms.TestMySQLTLP
[INFO] Running sqlancer.dbms.TestSQLite3
[2023/01/30 19:52:36] Executed 0 queries (0 queries/s; 17.20/s dbs, successful statements: 63%). Threads shut down: 0.
[2023/01/30 19:52:41] Executed 0 queries (0 queries/s; 16.81/s dbs, successful statements: 62%). Threads shut down: 0.
[2023/01/30 19:52:46] Executed 0 queries (0 queries/s; 18.60/s dbs, successful statements: 61%). Threads shut down: 0.
[2023/01/30 19:52:51] Executed 0 queries (0 queries/s; 23.40/s dbs, successful statements: 62%). Threads shut down: 0.
[2023/01/30 19:52:56] Executed 0 queries (0 queries/s; 18.00/s dbs, successful statements: 62%). Threads shut down: 0.
[2023/01/30 19:53:01] Executed 0 queries (0 queries/s; 27.00/s dbs, successful statements: 62%). Threads shut down: 0.
[2023/01/30 19:53:06] Executed 0 queries (0 queries/s; 21.40/s dbs, successful statements: 62%). Threads shut down: 0.
[2023/01/30 19:53:11] Executed 0 queries (0 queries/s; 23.00/s dbs, successful statements: 62%). Threads shut down: 0.
[2023/01/30 19:53:16] Executed 0 queries (0 queries/s; 19.80/s dbs, successful statements: 62%). Threads shut down: 0.
[2023/01/30 19:53:21] Executed 0 queries (0 queries/s; 22.00/s dbs, successful statements: 61%). Threads shut down: 0.
[2023/01/30 19:53:26] Executed 0 queries (0 queries/s; 20.20/s dbs, successful statements: 61%). Threads shut down: 0.
[2023/01/30 19:53:31] Executed 0 queries (0 queries/s; 21.60/s dbs, successful statements: 61%). Threads shut down: 0.
[2023/01/30 19:53:36] Executed 0 queries (0 queries/s; 20.60/s dbs, successful statements: 61%). Threads shut down: 0.
[2023/01/30 19:53:41] Executed 0 queries (0 queries/s; 26.80/s dbs, successful statements: 61%). Threads shut down: 0.
[2023/01/30 19:53:46] Executed 0 queries (0 queries/s; 16.80/s dbs, successful statements: 61%). Threads shut down: 0.
[2023/01/30 19:53:51] Executed 0 queries (0 queries/s; 15.60/s dbs, successful statements: 61%). Threads shut down: 0.
[2023/01/30 19:53:56] Executed 0 queries (0 queries/s; 26.20/s dbs, successful statements: 61%). Threads shut down: 0.
[2023/01/30 19:54:01] Executed 0 queries (0 queries/s; 29.20/s dbs, successful statements: 61%). Threads shut down: 0.
[2023/01/30 19:54:06] Executed 0 queries (0 queries/s; 15.40/s dbs, successful statements: 61%). Threads shut down: 0.
[2023/01/30 19:54:11] Executed 0 queries (0 queries/s; 15.00/s dbs, successful statements: 61%). Threads shut down: 0.
[2023/01/30 19:54:16] Executed 0 queries (0 queries/s; 22.00/s dbs, successful statements: 61%). Threads shut down: 0.
[2023/01/30 19:54:21] Executed 0 queries (0 queries/s; 7.60/s dbs, successful statements: 61%). Threads shut down: 0.
[2023/01/30 19:54:26] Executed 0 queries (0 queries/s; 33.40/s dbs, successful statements: 61%). Threads shut down: 0.
[2023/01/30 19:54:31] Executed 0 queries (0 queries/s; 24.60/s dbs, successful statements: 61%). Threads shut down: 0.
[2023/01/30 19:54:36] Executed 0 queries (0 queries/s; 23.40/s dbs, successful statements: 61%). Threads shut down: 0.
[2023/01/30 19:54:41] Executed 0 queries (0 queries/s; 20.40/s dbs, successful statements: 61%). Threads shut down: 0.
[2023/01/30 19:54:46] Executed 0 queries (0 queries/s; 17.60/s dbs, successful statements: 61%). Threads shut down: 0.
[2023/01/30 19:54:51] Executed 0 queries (0 queries/s; 22.20/s dbs, successful statements: 61%). Threads shut down: 0.
[2023/01/30 19:54:56] Executed 0 queries (0 queries/s; 16.00/s dbs, successful statements: 61%). Threads shut down: 0.
[2023/01/30 19:55:01] Executed 0 queries (0 queries/s; 18.40/s dbs, successful statements: 61%). Threads shut down: 0.
[2023/01/30 19:55:06] Executed 0 queries (0 queries/s; 20.20/s dbs, successful statements: 61%). Threads shut down: 0.
[2023/01/30 19:55:11] Executed 0 queries (0 queries/s; 16.00/s dbs, successful statements: 61%). Threads shut down: 0.
[2023/01/30 19:55:16] Executed 0 queries (0 queries/s; 15.40/s dbs, successful statements: 61%). Threads shut down: 0.
[2023/01/30 19:55:21] Executed 0 queries (0 queries/s; 22.60/s dbs, successful statements: 61%). Threads shut down: 0.
[2023/01/30 19:55:26] Executed 0 queries (0 queries/s; 22.80/s dbs, successful statements: 61%). Threads shut down: 0.
[2023/01/30 19:55:31] Executed 0 queries (0 queries/s; 25.00/s dbs, successful statements: 61%). Threads shut down: 0.
[2023/01/30 19:55:36] Executed 0 queries (0 queries/s; 22.80/s dbs, successful statements: 61%). Threads shut down: 0.
[2023/01/30 19:55:41] Executed 0 queries (0 queries/s; 20.20/s dbs, successful statements: 61%). Threads shut down: 0.
[2023/01/30 19:55:46] Executed 0 queries (0 queries/s; 26.20/s dbs, successful statements: 61%). Threads shut down: 0.
[2023/01/30 19:55:51] Executed 0 queries (0 queries/s; 23.40/s dbs, successful statements: 61%). Threads shut down: 0.
[2023/01/30 19:55:56] Executed 0 queries (0 queries/s; 22.00/s dbs, successful statements: 61%). Threads shut down: 0.
[2023/01/30 19:56:01] Executed 0 queries (0 queries/s; 18.60/s dbs, successful statements: 61%). Threads shut down: 0.
[2023/01/30 19:56:06] Executed 0 queries (0 queries/s; 15.40/s dbs, successful statements: 61%). Threads shut down: 0.
[2023/01/30 19:56:11] Executed 0 queries (0 queries/s; 20.20/s dbs, successful statements: 61%). Threads shut down: 0.
[2023/01/30 19:56:16] Executed 0 queries (0 queries/s; 28.20/s dbs, successful statements: 61%). Threads shut down: 0.
[2023/01/30 19:56:21] Executed 0 queries (0 queries/s; 22.80/s dbs, successful statements: 61%). Threads shut down: 0.
[2023/01/30 19:56:26] Executed 0 queries (0 queries/s; 21.40/s dbs, successful statements: 61%). Threads shut down: 0.
[2023/01/30 19:56:31] Executed 0 queries (0 queries/s; 17.00/s dbs, successful statements: 61%). Threads shut down: 0.
[2023/01/30 19:56:36] Executed 0 queries (0 queries/s; 22.40/s dbs, successful statements: 61%). Threads shut down: 0.
[2023/01/30 19:56:41] Executed 0 queries (0 queries/s; 22.80/s dbs, successful statements: 61%). Threads shut down: 0.
[2023/01/30 19:56:46] Executed 0 queries (0 queries/s; 24.20/s dbs, successful statements: 61%). Threads shut down: 0.
[2023/01/30 19:56:51] Executed 0 queries (0 queries/s; 23.40/s dbs, successful statements: 61%). Threads shut down: 0.
[2023/01/30 19:56:56] Executed 0 queries (0 queries/s; 21.80/s dbs, successful statements: 61%). Threads shut down: 0.
[2023/01/30 19:57:01] Executed 0 queries (0 queries/s; 23.80/s dbs, successful statements: 61%). Threads shut down: 0.
[2023/01/30 19:57:06] Executed 0 queries (0 queries/s; 20.20/s dbs, successful statements: 61%). Threads shut down: 0.
[2023/01/30 19:57:11] Executed 0 queries (0 queries/s; 21.80/s dbs, successful statements: 61%). Threads shut down: 0.
[2023/01/30 19:57:16] Executed 0 queries (0 queries/s; 20.80/s dbs, successful statements: 61%). Threads shut down: 0.
[2023/01/30 19:57:21] Executed 0 queries (0 queries/s; 20.20/s dbs, successful statements: 61%). Threads shut down: 0.
[2023/01/30 19:57:26] Executed 0 queries (0 queries/s; 18.00/s dbs, successful statements: 61%). Threads shut down: 0.
[2023/01/30 19:57:31] Executed 0 queries (0 queries/s; 15.20/s dbs, successful statements: 61%). Threads shut down: 0.
[INFO] Tests run: 1, Failures: 0, Errors: 0, Skipped: 0, Time elapsed: 300.739 s - in sqlancer.dbms.TestSQLite3
[INFO] Running sqlancer.dbms.TestCitus
[WARNING] Tests run: 1, Failures: 0, Errors: 0, Skipped: 1, Time elapsed: 0.002 s - in sqlancer.dbms.TestCitus
[INFO] Running sqlancer.dbms.TestPostgres
[WARNING] Tests run: 2, Failures: 0, Errors: 0, Skipped: 2, Time elapsed: 0.001 s - in sqlancer.dbms.TestPostgres
[INFO] Running sqlancer.dbms.TestDuckDB
java.lang.AssertionError
	at sqlancer.GlobalState.getSchema(GlobalState.java:134)
	at sqlancer.duckdb.gen.DuckDBTableGenerator.getQuery(DuckDBTableGenerator.java:25)
	at sqlancer.duckdb.DuckDBProvider.generateDatabase(DuckDBProvider.java:105)
	at sqlancer.duckdb.DuckDBProvider.generateDatabase(DuckDBProvider.java:1)
	at sqlancer.ProviderAdapter.generateAndTestDatabase(ProviderAdapter.java:40)
	at sqlancer.Main$DBMSExecutor.run(Main.java:315)
	at sqlancer.Main$2.run(Main.java:492)
	at sqlancer.Main$2.runThread(Main.java:474)
	at sqlancer.Main$2.run(Main.java:465)
	at java.base/java.util.concurrent.ThreadPoolExecutor.runWorker(ThreadPoolExecutor.java:1128)
	at java.base/java.util.concurrent.ThreadPoolExecutor$Worker.run(ThreadPoolExecutor.java:628)
	at java.base/java.lang.Thread.run(Thread.java:829)
--java.lang.AssertionError
--	at sqlancer.GlobalState.getSchema(GlobalState.java:134)
--	at sqlancer.duckdb.gen.DuckDBTableGenerator.getQuery(DuckDBTableGenerator.java:25)
--	at sqlancer.duckdb.DuckDBProvider.generateDatabase(DuckDBProvider.java:105)
--	at sqlancer.duckdb.DuckDBProvider.generateDatabase(DuckDBProvider.java:1)
--	at sqlancer.ProviderAdapter.generateAndTestDatabase(ProviderAdapter.java:40)
--	at sqlancer.Main$DBMSExecutor.run(Main.java:315)
--	at sqlancer.Main$2.run(Main.java:492)
--	at sqlancer.Main$2.runThread(Main.java:474)
--	at sqlancer.Main$2.run(Main.java:465)
--	at java.base/java.util.concurrent.ThreadPoolExecutor.runWorker(ThreadPoolExecutor.java:1128)
--	at java.base/java.util.concurrent.ThreadPoolExecutor$Worker.run(ThreadPoolExecutor.java:628)
--	at java.base/java.lang.Thread.run(Thread.java:829)
--
-- Time: 2023/01/30 19:57:32
-- Database: database0
-- Database version: v0.3.2
-- seed value: 0

java.lang.AssertionError
	at sqlancer.GlobalState.getSchema(GlobalState.java:134)
	at sqlancer.duckdb.gen.DuckDBTableGenerator.getQuery(DuckDBTableGenerator.java:25)
	at sqlancer.duckdb.DuckDBProvider.generateDatabase(DuckDBProvider.java:105)
	at sqlancer.duckdb.DuckDBProvider.generateDatabase(DuckDBProvider.java:1)
	at sqlancer.ProviderAdapter.generateAndTestDatabase(ProviderAdapter.java:40)
	at sqlancer.Main$DBMSExecutor.run(Main.java:315)
	at sqlancer.Main$2.run(Main.java:492)
	at sqlancer.Main$2.runThread(Main.java:474)
	at sqlancer.Main$2.run(Main.java:465)
	at java.base/java.util.concurrent.ThreadPoolExecutor.runWorker(ThreadPoolExecutor.java:1128)
	at java.base/java.util.concurrent.ThreadPoolExecutor$Worker.run(ThreadPoolExecutor.java:628)
	at java.base/java.lang.Thread.run(Thread.java:829)
--java.lang.AssertionError
--	at sqlancer.GlobalState.getSchema(GlobalState.java:134)
--	at sqlancer.duckdb.gen.DuckDBTableGenerator.getQuery(DuckDBTableGenerator.java:25)
--	at sqlancer.duckdb.DuckDBProvider.generateDatabase(DuckDBProvider.java:105)
--	at sqlancer.duckdb.DuckDBProvider.generateDatabase(DuckDBProvider.java:1)
--	at sqlancer.ProviderAdapter.generateAndTestDatabase(ProviderAdapter.java:40)
--	at sqlancer.Main$DBMSExecutor.run(Main.java:315)
--	at sqlancer.Main$2.run(Main.java:492)
--	at sqlancer.Main$2.runThread(Main.java:474)
--	at sqlancer.Main$2.run(Main.java:465)
--	at java.base/java.util.concurrent.ThreadPoolExecutor.runWorker(ThreadPoolExecutor.java:1128)
--	at java.base/java.util.concurrent.ThreadPoolExecutor$Worker.run(ThreadPoolExecutor.java:628)
--	at java.base/java.lang.Thread.run(Thread.java:829)
--
-- Time: 2023/01/30 19:57:32
-- Database: database1
-- Database version: v0.3.2
-- seed value: 1

java.lang.AssertionError
	at sqlancer.GlobalState.getSchema(GlobalState.java:134)
	at sqlancer.duckdb.gen.DuckDBTableGenerator.getQuery(DuckDBTableGenerator.java:25)
	at sqlancer.duckdb.DuckDBProvider.generateDatabase(DuckDBProvider.java:105)
	at sqlancer.duckdb.DuckDBProvider.generateDatabase(DuckDBProvider.java:1)
	at sqlancer.ProviderAdapter.generateAndTestDatabase(ProviderAdapter.java:40)
	at sqlancer.Main$DBMSExecutor.run(Main.java:315)
	at sqlancer.Main$2.run(Main.java:492)
	at sqlancer.Main$2.runThread(Main.java:474)
	at sqlancer.Main$2.run(Main.java:465)
	at java.base/java.util.concurrent.ThreadPoolExecutor.runWorker(ThreadPoolExecutor.java:1128)
	at java.base/java.util.concurrent.ThreadPoolExecutor$Worker.run(ThreadPoolExecutor.java:628)
	at java.base/java.lang.Thread.run(Thread.java:829)
--java.lang.AssertionError
--	at sqlancer.GlobalState.getSchema(GlobalState.java:134)
--	at sqlancer.duckdb.gen.DuckDBTableGenerator.getQuery(DuckDBTableGenerator.java:25)
--	at sqlancer.duckdb.DuckDBProvider.generateDatabase(DuckDBProvider.java:105)
--	at sqlancer.duckdb.DuckDBProvider.generateDatabase(DuckDBProvider.java:1)
--	at sqlancer.ProviderAdapter.generateAndTestDatabase(ProviderAdapter.java:40)
--	at sqlancer.Main$DBMSExecutor.run(Main.java:315)
--	at sqlancer.Main$2.run(Main.java:492)
--	at sqlancer.Main$2.runThread(Main.java:474)
--	at sqlancer.Main$2.run(Main.java:465)
--	at java.base/java.util.concurrent.ThreadPoolExecutor.runWorker(ThreadPoolExecutor.java:1128)
--	at java.base/java.util.concurrent.ThreadPoolExecutor$Worker.run(ThreadPoolExecutor.java:628)
--	at java.base/java.lang.Thread.run(Thread.java:829)
--
-- Time: 2023/01/30 19:57:32
-- Database: database2
-- Database version: v0.3.2
-- seed value: 2

java.lang.AssertionError
	at sqlancer.GlobalState.getSchema(GlobalState.java:134)
	at sqlancer.duckdb.gen.DuckDBTableGenerator.getQuery(DuckDBTableGenerator.java:25)
	at sqlancer.duckdb.DuckDBProvider.generateDatabase(DuckDBProvider.java:105)
	at sqlancer.duckdb.DuckDBProvider.generateDatabase(DuckDBProvider.java:1)
	at sqlancer.ProviderAdapter.generateAndTestDatabase(ProviderAdapter.java:40)
	at sqlancer.Main$DBMSExecutor.run(Main.java:315)
	at sqlancer.Main$2.run(Main.java:492)
	at sqlancer.Main$2.runThread(Main.java:474)
	at sqlancer.Main$2.run(Main.java:465)
	at java.base/java.util.concurrent.ThreadPoolExecutor.runWorker(ThreadPoolExecutor.java:1128)
	at java.base/java.util.concurrent.ThreadPoolExecutor$Worker.run(ThreadPoolExecutor.java:628)
	at java.base/java.lang.Thread.run(Thread.java:829)
--java.lang.AssertionError
--	at sqlancer.GlobalState.getSchema(GlobalState.java:134)
--	at sqlancer.duckdb.gen.DuckDBTableGenerator.getQuery(DuckDBTableGenerator.java:25)
--	at sqlancer.duckdb.DuckDBProvider.generateDatabase(DuckDBProvider.java:105)
--	at sqlancer.duckdb.DuckDBProvider.generateDatabase(DuckDBProvider.java:1)
--	at sqlancer.ProviderAdapter.generateAndTestDatabase(ProviderAdapter.java:40)
--	at sqlancer.Main$DBMSExecutor.run(Main.java:315)
--	at sqlancer.Main$2.run(Main.java:492)
--	at sqlancer.Main$2.runThread(Main.java:474)
--	at sqlancer.Main$2.run(Main.java:465)
--	at java.base/java.util.concurrent.ThreadPoolExecutor.runWorker(ThreadPoolExecutor.java:1128)
--	at java.base/java.util.concurrent.ThreadPoolExecutor$Worker.run(ThreadPoolExecutor.java:628)
--	at java.base/java.lang.Thread.run(Thread.java:829)
--
-- Time: 2023/01/30 19:57:32
-- Database: database3
-- Database version: v0.3.2
-- seed value: 3

java.lang.AssertionError
	at sqlancer.GlobalState.getSchema(GlobalState.java:134)
	at sqlancer.duckdb.gen.DuckDBTableGenerator.getQuery(DuckDBTableGenerator.java:25)
	at sqlancer.duckdb.DuckDBProvider.generateDatabase(DuckDBProvider.java:105)
	at sqlancer.duckdb.DuckDBProvider.generateDatabase(DuckDBProvider.java:1)
	at sqlancer.ProviderAdapter.generateAndTestDatabase(ProviderAdapter.java:40)
	at sqlancer.Main$DBMSExecutor.run(Main.java:315)
	at sqlancer.Main$2.run(Main.java:492)
	at sqlancer.Main$2.runThread(Main.java:474)
	at sqlancer.Main$2.run(Main.java:465)
	at java.base/java.util.concurrent.ThreadPoolExecutor.runWorker(ThreadPoolExecutor.java:1128)
	at java.base/java.util.concurrent.ThreadPoolExecutor$Worker.run(ThreadPoolExecutor.java:628)
	at java.base/java.lang.Thread.run(Thread.java:829)
--java.lang.AssertionError
--	at sqlancer.GlobalState.getSchema(GlobalState.java:134)
--	at sqlancer.duckdb.gen.DuckDBTableGenerator.getQuery(DuckDBTableGenerator.java:25)
--	at sqlancer.duckdb.DuckDBProvider.generateDatabase(DuckDBProvider.java:105)
--	at sqlancer.duckdb.DuckDBProvider.generateDatabase(DuckDBProvider.java:1)
--	at sqlancer.ProviderAdapter.generateAndTestDatabase(ProviderAdapter.java:40)
--	at sqlancer.Main$DBMSExecutor.run(Main.java:315)
--	at sqlancer.Main$2.run(Main.java:492)
--	at sqlancer.Main$2.runThread(Main.java:474)
--	at sqlancer.Main$2.run(Main.java:465)
--	at java.base/java.util.concurrent.ThreadPoolExecutor.runWorker(ThreadPoolExecutor.java:1128)
--	at java.base/java.util.concurrent.ThreadPoolExecutor$Worker.run(ThreadPoolExecutor.java:628)
--	at java.base/java.lang.Thread.run(Thread.java:829)
--
-- Time: 2023/01/30 19:57:32
-- Database: database4
-- Database version: v0.3.2
-- seed value: 4

java.lang.AssertionError
	at sqlancer.GlobalState.getSchema(GlobalState.java:134)
	at sqlancer.duckdb.gen.DuckDBTableGenerator.getQuery(DuckDBTableGenerator.java:25)
	at sqlancer.duckdb.DuckDBProvider.generateDatabase(DuckDBProvider.java:105)
	at sqlancer.duckdb.DuckDBProvider.generateDatabase(DuckDBProvider.java:1)
	at sqlancer.ProviderAdapter.generateAndTestDatabase(ProviderAdapter.java:40)
	at sqlancer.Main$DBMSExecutor.run(Main.java:315)
	at sqlancer.Main$2.run(Main.java:492)
	at sqlancer.Main$2.runThread(Main.java:474)
	at sqlancer.Main$2.run(Main.java:465)
	at java.base/java.util.concurrent.ThreadPoolExecutor.runWorker(ThreadPoolExecutor.java:1128)
	at java.base/java.util.concurrent.ThreadPoolExecutor$Worker.run(ThreadPoolExecutor.java:628)
	at java.base/java.lang.Thread.run(Thread.java:829)
--java.lang.AssertionError
--	at sqlancer.GlobalState.getSchema(GlobalState.java:134)
--	at sqlancer.duckdb.gen.DuckDBTableGenerator.getQuery(DuckDBTableGenerator.java:25)
--	at sqlancer.duckdb.DuckDBProvider.generateDatabase(DuckDBProvider.java:105)
--	at sqlancer.duckdb.DuckDBProvider.generateDatabase(DuckDBProvider.java:1)
--	at sqlancer.ProviderAdapter.generateAndTestDatabase(ProviderAdapter.java:40)
--	at sqlancer.Main$DBMSExecutor.run(Main.java:315)
--	at sqlancer.Main$2.run(Main.java:492)
--	at sqlancer.Main$2.runThread(Main.java:474)
--	at sqlancer.Main$2.run(Main.java:465)
--	at java.base/java.util.concurrent.ThreadPoolExecutor.runWorker(ThreadPoolExecutor.java:1128)
--	at java.base/java.util.concurrent.ThreadPoolExecutor$Worker.run(ThreadPoolExecutor.java:628)
--	at java.base/java.lang.Thread.run(Thread.java:829)
--
-- Time: 2023/01/30 19:57:32
-- Database: database5
-- Database version: v0.3.2
-- seed value: 5

java.lang.AssertionError
	at sqlancer.GlobalState.getSchema(GlobalState.java:134)
	at sqlancer.duckdb.gen.DuckDBTableGenerator.getQuery(DuckDBTableGenerator.java:25)
	at sqlancer.duckdb.DuckDBProvider.generateDatabase(DuckDBProvider.java:105)
	at sqlancer.duckdb.DuckDBProvider.generateDatabase(DuckDBProvider.java:1)
	at sqlancer.ProviderAdapter.generateAndTestDatabase(ProviderAdapter.java:40)
	at sqlancer.Main$DBMSExecutor.run(Main.java:315)
	at sqlancer.Main$2.run(Main.java:492)
	at sqlancer.Main$2.runThread(Main.java:474)
	at sqlancer.Main$2.run(Main.java:465)
	at java.base/java.util.concurrent.ThreadPoolExecutor.runWorker(ThreadPoolExecutor.java:1128)
	at java.base/java.util.concurrent.ThreadPoolExecutor$Worker.run(ThreadPoolExecutor.java:628)
	at java.base/java.lang.Thread.run(Thread.java:829)
--java.lang.AssertionError
--	at sqlancer.GlobalState.getSchema(GlobalState.java:134)
--	at sqlancer.duckdb.gen.DuckDBTableGenerator.getQuery(DuckDBTableGenerator.java:25)
--	at sqlancer.duckdb.DuckDBProvider.generateDatabase(DuckDBProvider.java:105)
--	at sqlancer.duckdb.DuckDBProvider.generateDatabase(DuckDBProvider.java:1)
--	at sqlancer.ProviderAdapter.generateAndTestDatabase(ProviderAdapter.java:40)
--	at sqlancer.Main$DBMSExecutor.run(Main.java:315)
--	at sqlancer.Main$2.run(Main.java:492)
--	at sqlancer.Main$2.runThread(Main.java:474)
--	at sqlancer.Main$2.run(Main.java:465)
--	at java.base/java.util.concurrent.ThreadPoolExecutor.runWorker(ThreadPoolExecutor.java:1128)
--	at java.base/java.util.concurrent.ThreadPoolExecutor$Worker.run(ThreadPoolExecutor.java:628)
--	at java.base/java.lang.Thread.run(Thread.java:829)
--
-- Time: 2023/01/30 19:57:32
-- Database: database6
-- Database version: v0.3.2
-- seed value: 6

java.lang.AssertionError
	at sqlancer.GlobalState.getSchema(GlobalState.java:134)
	at sqlancer.duckdb.gen.DuckDBTableGenerator.getQuery(DuckDBTableGenerator.java:25)
	at sqlancer.duckdb.DuckDBProvider.generateDatabase(DuckDBProvider.java:105)
	at sqlancer.duckdb.DuckDBProvider.generateDatabase(DuckDBProvider.java:1)
	at sqlancer.ProviderAdapter.generateAndTestDatabase(ProviderAdapter.java:40)
	at sqlancer.Main$DBMSExecutor.run(Main.java:315)
	at sqlancer.Main$2.run(Main.java:492)
	at sqlancer.Main$2.runThread(Main.java:474)
	at sqlancer.Main$2.run(Main.java:465)
	at java.base/java.util.concurrent.ThreadPoolExecutor.runWorker(ThreadPoolExecutor.java:1128)
	at java.base/java.util.concurrent.ThreadPoolExecutor$Worker.run(ThreadPoolExecutor.java:628)
	at java.base/java.lang.Thread.run(Thread.java:829)
--java.lang.AssertionError
--	at sqlancer.GlobalState.getSchema(GlobalState.java:134)
--	at sqlancer.duckdb.gen.DuckDBTableGenerator.getQuery(DuckDBTableGenerator.java:25)
--	at sqlancer.duckdb.DuckDBProvider.generateDatabase(DuckDBProvider.java:105)
--	at sqlancer.duckdb.DuckDBProvider.generateDatabase(DuckDBProvider.java:1)
--	at sqlancer.ProviderAdapter.generateAndTestDatabase(ProviderAdapter.java:40)
--	at sqlancer.Main$DBMSExecutor.run(Main.java:315)
--	at sqlancer.Main$2.run(Main.java:492)
--	at sqlancer.Main$2.runThread(Main.java:474)
--	at sqlancer.Main$2.run(Main.java:465)
--	at java.base/java.util.concurrent.ThreadPoolExecutor.runWorker(ThreadPoolExecutor.java:1128)
--	at java.base/java.util.concurrent.ThreadPoolExecutor$Worker.run(ThreadPoolExecutor.java:628)
--	at java.base/java.lang.Thread.run(Thread.java:829)
--
-- Time: 2023/01/30 19:57:32
-- Database: database7
-- Database version: v0.3.2
-- seed value: 7

java.lang.AssertionError
	at sqlancer.GlobalState.getSchema(GlobalState.java:134)
	at sqlancer.duckdb.gen.DuckDBTableGenerator.getQuery(DuckDBTableGenerator.java:25)
	at sqlancer.duckdb.DuckDBProvider.generateDatabase(DuckDBProvider.java:105)
	at sqlancer.duckdb.DuckDBProvider.generateDatabase(DuckDBProvider.java:1)
	at sqlancer.ProviderAdapter.generateAndTestDatabase(ProviderAdapter.java:40)
	at sqlancer.Main$DBMSExecutor.run(Main.java:315)
	at sqlancer.Main$2.run(Main.java:492)
	at sqlancer.Main$2.runThread(Main.java:474)
	at sqlancer.Main$2.run(Main.java:465)
	at java.base/java.util.concurrent.ThreadPoolExecutor.runWorker(ThreadPoolExecutor.java:1128)
	at java.base/java.util.concurrent.ThreadPoolExecutor$Worker.run(ThreadPoolExecutor.java:628)
	at java.base/java.lang.Thread.run(Thread.java:829)
--java.lang.AssertionError
--	at sqlancer.GlobalState.getSchema(GlobalState.java:134)
--	at sqlancer.duckdb.gen.DuckDBTableGenerator.getQuery(DuckDBTableGenerator.java:25)
--	at sqlancer.duckdb.DuckDBProvider.generateDatabase(DuckDBProvider.java:105)
--	at sqlancer.duckdb.DuckDBProvider.generateDatabase(DuckDBProvider.java:1)
--	at sqlancer.ProviderAdapter.generateAndTestDatabase(ProviderAdapter.java:40)
--	at sqlancer.Main$DBMSExecutor.run(Main.java:315)
--	at sqlancer.Main$2.run(Main.java:492)
--	at sqlancer.Main$2.runThread(Main.java:474)
--	at sqlancer.Main$2.run(Main.java:465)
--	at java.base/java.util.concurrent.ThreadPoolExecutor.runWorker(ThreadPoolExecutor.java:1128)
--	at java.base/java.util.concurrent.ThreadPoolExecutor$Worker.run(ThreadPoolExecutor.java:628)
--	at java.base/java.lang.Thread.run(Thread.java:829)
--
-- Time: 2023/01/30 19:57:32
-- Database: database8
-- Database version: v0.3.2
-- seed value: 8

java.lang.AssertionError
	at sqlancer.GlobalState.getSchema(GlobalState.java:134)
	at sqlancer.duckdb.gen.DuckDBTableGenerator.getQuery(DuckDBTableGenerator.java:25)
	at sqlancer.duckdb.DuckDBProvider.generateDatabase(DuckDBProvider.java:105)
	at sqlancer.duckdb.DuckDBProvider.generateDatabase(DuckDBProvider.java:1)
	at sqlancer.ProviderAdapter.generateAndTestDatabase(ProviderAdapter.java:40)
	at sqlancer.Main$DBMSExecutor.run(Main.java:315)
	at sqlancer.Main$2.run(Main.java:492)
	at sqlancer.Main$2.runThread(Main.java:474)
	at sqlancer.Main$2.run(Main.java:465)
	at java.base/java.util.concurrent.ThreadPoolExecutor.runWorker(ThreadPoolExecutor.java:1128)
	at java.base/java.util.concurrent.ThreadPoolExecutor$Worker.run(ThreadPoolExecutor.java:628)
	at java.base/java.lang.Thread.run(Thread.java:829)
--java.lang.AssertionError
--	at sqlancer.GlobalState.getSchema(GlobalState.java:134)
--	at sqlancer.duckdb.gen.DuckDBTableGenerator.getQuery(DuckDBTableGenerator.java:25)
--	at sqlancer.duckdb.DuckDBProvider.generateDatabase(DuckDBProvider.java:105)
--	at sqlancer.duckdb.DuckDBProvider.generateDatabase(DuckDBProvider.java:1)
--	at sqlancer.ProviderAdapter.generateAndTestDatabase(ProviderAdapter.java:40)
--	at sqlancer.Main$DBMSExecutor.run(Main.java:315)
--	at sqlancer.Main$2.run(Main.java:492)
--	at sqlancer.Main$2.runThread(Main.java:474)
--	at sqlancer.Main$2.run(Main.java:465)
--	at java.base/java.util.concurrent.ThreadPoolExecutor.runWorker(ThreadPoolExecutor.java:1128)
--	at java.base/java.util.concurrent.ThreadPoolExecutor$Worker.run(ThreadPoolExecutor.java:628)
--	at java.base/java.lang.Thread.run(Thread.java:829)
--
-- Time: 2023/01/30 19:57:32
-- Database: database9
-- Database version: v0.3.2
-- seed value: 9

java.lang.AssertionError
	at sqlancer.GlobalState.getSchema(GlobalState.java:134)
	at sqlancer.duckdb.gen.DuckDBTableGenerator.getQuery(DuckDBTableGenerator.java:25)
	at sqlancer.duckdb.DuckDBProvider.generateDatabase(DuckDBProvider.java:105)
	at sqlancer.duckdb.DuckDBProvider.generateDatabase(DuckDBProvider.java:1)
	at sqlancer.ProviderAdapter.generateAndTestDatabase(ProviderAdapter.java:40)
	at sqlancer.Main$DBMSExecutor.run(Main.java:315)
	at sqlancer.Main$2.run(Main.java:492)
	at sqlancer.Main$2.runThread(Main.java:474)
	at sqlancer.Main$2.run(Main.java:465)
	at java.base/java.util.concurrent.ThreadPoolExecutor.runWorker(ThreadPoolExecutor.java:1128)
	at java.base/java.util.concurrent.ThreadPoolExecutor$Worker.run(ThreadPoolExecutor.java:628)
	at java.base/java.lang.Thread.run(Thread.java:829)
--java.lang.AssertionError
--	at sqlancer.GlobalState.getSchema(GlobalState.java:134)
--	at sqlancer.duckdb.gen.DuckDBTableGenerator.getQuery(DuckDBTableGenerator.java:25)
--	at sqlancer.duckdb.DuckDBProvider.generateDatabase(DuckDBProvider.java:105)
--	at sqlancer.duckdb.DuckDBProvider.generateDatabase(DuckDBProvider.java:1)
--	at sqlancer.ProviderAdapter.generateAndTestDatabase(ProviderAdapter.java:40)
--	at sqlancer.Main$DBMSExecutor.run(Main.java:315)
--	at sqlancer.Main$2.run(Main.java:492)
--	at sqlancer.Main$2.runThread(Main.java:474)
--	at sqlancer.Main$2.run(Main.java:465)
--	at java.base/java.util.concurrent.ThreadPoolExecutor.runWorker(ThreadPoolExecutor.java:1128)
--	at java.base/java.util.concurrent.ThreadPoolExecutor$Worker.run(ThreadPoolExecutor.java:628)
--	at java.base/java.lang.Thread.run(Thread.java:829)
--
-- Time: 2023/01/30 19:57:32
-- Database: database10
-- Database version: v0.3.2
-- seed value: 10

java.lang.AssertionError
	at sqlancer.GlobalState.getSchema(GlobalState.java:134)
	at sqlancer.duckdb.gen.DuckDBTableGenerator.getQuery(DuckDBTableGenerator.java:25)
	at sqlancer.duckdb.DuckDBProvider.generateDatabase(DuckDBProvider.java:105)
	at sqlancer.duckdb.DuckDBProvider.generateDatabase(DuckDBProvider.java:1)
	at sqlancer.ProviderAdapter.generateAndTestDatabase(ProviderAdapter.java:40)
	at sqlancer.Main$DBMSExecutor.run(Main.java:315)
	at sqlancer.Main$2.run(Main.java:492)
	at sqlancer.Main$2.runThread(Main.java:474)
	at sqlancer.Main$2.run(Main.java:465)
	at java.base/java.util.concurrent.ThreadPoolExecutor.runWorker(ThreadPoolExecutor.java:1128)
	at java.base/java.util.concurrent.ThreadPoolExecutor$Worker.run(ThreadPoolExecutor.java:628)
	at java.base/java.lang.Thread.run(Thread.java:829)
--java.lang.AssertionError
--	at sqlancer.GlobalState.getSchema(GlobalState.java:134)
--	at sqlancer.duckdb.gen.DuckDBTableGenerator.getQuery(DuckDBTableGenerator.java:25)
--	at sqlancer.duckdb.DuckDBProvider.generateDatabase(DuckDBProvider.java:105)
--	at sqlancer.duckdb.DuckDBProvider.generateDatabase(DuckDBProvider.java:1)
--	at sqlancer.ProviderAdapter.generateAndTestDatabase(ProviderAdapter.java:40)
--	at sqlancer.Main$DBMSExecutor.run(Main.java:315)
--	at sqlancer.Main$2.run(Main.java:492)
--	at sqlancer.Main$2.runThread(Main.java:474)
--	at sqlancer.Main$2.run(Main.java:465)
--	at java.base/java.util.concurrent.ThreadPoolExecutor.runWorker(ThreadPoolExecutor.java:1128)
--	at java.base/java.util.concurrent.ThreadPoolExecutor$Worker.run(ThreadPoolExecutor.java:628)
--	at java.base/java.lang.Thread.run(Thread.java:829)
--
-- Time: 2023/01/30 19:57:32
-- Database: database11
-- Database version: v0.3.2
-- seed value: 11

java.lang.AssertionError
	at sqlancer.GlobalState.getSchema(GlobalState.java:134)
	at sqlancer.duckdb.gen.DuckDBTableGenerator.getQuery(DuckDBTableGenerator.java:25)
	at sqlancer.duckdb.DuckDBProvider.generateDatabase(DuckDBProvider.java:105)
	at sqlancer.duckdb.DuckDBProvider.generateDatabase(DuckDBProvider.java:1)
	at sqlancer.ProviderAdapter.generateAndTestDatabase(ProviderAdapter.java:40)
	at sqlancer.Main$DBMSExecutor.run(Main.java:315)
	at sqlancer.Main$2.run(Main.java:492)
	at sqlancer.Main$2.runThread(Main.java:474)
	at sqlancer.Main$2.run(Main.java:465)
	at java.base/java.util.concurrent.ThreadPoolExecutor.runWorker(ThreadPoolExecutor.java:1128)
	at java.base/java.util.concurrent.ThreadPoolExecutor$Worker.run(ThreadPoolExecutor.java:628)
	at java.base/java.lang.Thread.run(Thread.java:829)
--java.lang.AssertionError
--	at sqlancer.GlobalState.getSchema(GlobalState.java:134)
--	at sqlancer.duckdb.gen.DuckDBTableGenerator.getQuery(DuckDBTableGenerator.java:25)
--	at sqlancer.duckdb.DuckDBProvider.generateDatabase(DuckDBProvider.java:105)
--	at sqlancer.duckdb.DuckDBProvider.generateDatabase(DuckDBProvider.java:1)
--	at sqlancer.ProviderAdapter.generateAndTestDatabase(ProviderAdapter.java:40)
--	at sqlancer.Main$DBMSExecutor.run(Main.java:315)
--	at sqlancer.Main$2.run(Main.java:492)
--	at sqlancer.Main$2.runThread(Main.java:474)
--	at sqlancer.Main$2.run(Main.java:465)
--	at java.base/java.util.concurrent.ThreadPoolExecutor.runWorker(ThreadPoolExecutor.java:1128)
--	at java.base/java.util.concurrent.ThreadPoolExecutor$Worker.run(ThreadPoolExecutor.java:628)
--	at java.base/java.lang.Thread.run(Thread.java:829)
--
-- Time: 2023/01/30 19:57:32
-- Database: database12
-- Database version: v0.3.2
-- seed value: 12

java.lang.AssertionError
	at sqlancer.GlobalState.getSchema(GlobalState.java:134)
	at sqlancer.duckdb.gen.DuckDBTableGenerator.getQuery(DuckDBTableGenerator.java:25)
	at sqlancer.duckdb.DuckDBProvider.generateDatabase(DuckDBProvider.java:105)
	at sqlancer.duckdb.DuckDBProvider.generateDatabase(DuckDBProvider.java:1)
	at sqlancer.ProviderAdapter.generateAndTestDatabase(ProviderAdapter.java:40)
	at sqlancer.Main$DBMSExecutor.run(Main.java:315)
	at sqlancer.Main$2.run(Main.java:492)
	at sqlancer.Main$2.runThread(Main.java:474)
	at sqlancer.Main$2.run(Main.java:465)
	at java.base/java.util.concurrent.ThreadPoolExecutor.runWorker(ThreadPoolExecutor.java:1128)
	at java.base/java.util.concurrent.ThreadPoolExecutor$Worker.run(ThreadPoolExecutor.java:628)
	at java.base/java.lang.Thread.run(Thread.java:829)
--java.lang.AssertionError
--	at sqlancer.GlobalState.getSchema(GlobalState.java:134)
--	at sqlancer.duckdb.gen.DuckDBTableGenerator.getQuery(DuckDBTableGenerator.java:25)
--	at sqlancer.duckdb.DuckDBProvider.generateDatabase(DuckDBProvider.java:105)
--	at sqlancer.duckdb.DuckDBProvider.generateDatabase(DuckDBProvider.java:1)
--	at sqlancer.ProviderAdapter.generateAndTestDatabase(ProviderAdapter.java:40)
--	at sqlancer.Main$DBMSExecutor.run(Main.java:315)
--	at sqlancer.Main$2.run(Main.java:492)
--	at sqlancer.Main$2.runThread(Main.java:474)
--	at sqlancer.Main$2.run(Main.java:465)
--	at java.base/java.util.concurrent.ThreadPoolExecutor.runWorker(ThreadPoolExecutor.java:1128)
--	at java.base/java.util.concurrent.ThreadPoolExecutor$Worker.run(ThreadPoolExecutor.java:628)
--	at java.base/java.lang.Thread.run(Thread.java:829)
--
-- Time: 2023/01/30 19:57:32
-- Database: database13
-- Database version: v0.3.2
-- seed value: 13

java.lang.AssertionError
	at sqlancer.GlobalState.getSchema(GlobalState.java:134)
	at sqlancer.duckdb.gen.DuckDBTableGenerator.getQuery(DuckDBTableGenerator.java:25)
	at sqlancer.duckdb.DuckDBProvider.generateDatabase(DuckDBProvider.java:105)
	at sqlancer.duckdb.DuckDBProvider.generateDatabase(DuckDBProvider.java:1)
	at sqlancer.ProviderAdapter.generateAndTestDatabase(ProviderAdapter.java:40)
	at sqlancer.Main$DBMSExecutor.run(Main.java:315)
	at sqlancer.Main$2.run(Main.java:492)
	at sqlancer.Main$2.runThread(Main.java:474)
	at sqlancer.Main$2.run(Main.java:465)
	at java.base/java.util.concurrent.ThreadPoolExecutor.runWorker(ThreadPoolExecutor.java:1128)
	at java.base/java.util.concurrent.ThreadPoolExecutor$Worker.run(ThreadPoolExecutor.java:628)
	at java.base/java.lang.Thread.run(Thread.java:829)
--java.lang.AssertionError
--	at sqlancer.GlobalState.getSchema(GlobalState.java:134)
--	at sqlancer.duckdb.gen.DuckDBTableGenerator.getQuery(DuckDBTableGenerator.java:25)
--	at sqlancer.duckdb.DuckDBProvider.generateDatabase(DuckDBProvider.java:105)
--	at sqlancer.duckdb.DuckDBProvider.generateDatabase(DuckDBProvider.java:1)
--	at sqlancer.ProviderAdapter.generateAndTestDatabase(ProviderAdapter.java:40)
--	at sqlancer.Main$DBMSExecutor.run(Main.java:315)
--	at sqlancer.Main$2.run(Main.java:492)
--	at sqlancer.Main$2.runThread(Main.java:474)
--	at sqlancer.Main$2.run(Main.java:465)
--	at java.base/java.util.concurrent.ThreadPoolExecutor.runWorker(ThreadPoolExecutor.java:1128)
--	at java.base/java.util.concurrent.ThreadPoolExecutor$Worker.run(ThreadPoolExecutor.java:628)
--	at java.base/java.lang.Thread.run(Thread.java:829)
--
-- Time: 2023/01/30 19:57:32
-- Database: database14
-- Database version: v0.3.2
-- seed value: 14

java.lang.AssertionError
	at sqlancer.GlobalState.getSchema(GlobalState.java:134)
	at sqlancer.duckdb.gen.DuckDBTableGenerator.getQuery(DuckDBTableGenerator.java:25)
	at sqlancer.duckdb.DuckDBProvider.generateDatabase(DuckDBProvider.java:105)
	at sqlancer.duckdb.DuckDBProvider.generateDatabase(DuckDBProvider.java:1)
	at sqlancer.ProviderAdapter.generateAndTestDatabase(ProviderAdapter.java:40)
	at sqlancer.Main$DBMSExecutor.run(Main.java:315)
	at sqlancer.Main$2.run(Main.java:492)
	at sqlancer.Main$2.runThread(Main.java:474)
	at sqlancer.Main$2.run(Main.java:465)
	at java.base/java.util.concurrent.ThreadPoolExecutor.runWorker(ThreadPoolExecutor.java:1128)
	at java.base/java.util.concurrent.ThreadPoolExecutor$Worker.run(ThreadPoolExecutor.java:628)
	at java.base/java.lang.Thread.run(Thread.java:829)
--java.lang.AssertionError
--	at sqlancer.GlobalState.getSchema(GlobalState.java:134)
--	at sqlancer.duckdb.gen.DuckDBTableGenerator.getQuery(DuckDBTableGenerator.java:25)
--	at sqlancer.duckdb.DuckDBProvider.generateDatabase(DuckDBProvider.java:105)
--	at sqlancer.duckdb.DuckDBProvider.generateDatabase(DuckDBProvider.java:1)
--	at sqlancer.ProviderAdapter.generateAndTestDatabase(ProviderAdapter.java:40)
--	at sqlancer.Main$DBMSExecutor.run(Main.java:315)
--	at sqlancer.Main$2.run(Main.java:492)
--	at sqlancer.Main$2.runThread(Main.java:474)
--	at sqlancer.Main$2.run(Main.java:465)
--	at java.base/java.util.concurrent.ThreadPoolExecutor.runWorker(ThreadPoolExecutor.java:1128)
--	at java.base/java.util.concurrent.ThreadPoolExecutor$Worker.run(ThreadPoolExecutor.java:628)
--	at java.base/java.lang.Thread.run(Thread.java:829)
--
-- Time: 2023/01/30 19:57:32
-- Database: database15
-- Database version: v0.3.2
-- seed value: 15

java.lang.AssertionError
	at sqlancer.GlobalState.getSchema(GlobalState.java:134)
	at sqlancer.duckdb.gen.DuckDBTableGenerator.getQuery(DuckDBTableGenerator.java:25)
	at sqlancer.duckdb.DuckDBProvider.generateDatabase(DuckDBProvider.java:105)
	at sqlancer.duckdb.DuckDBProvider.generateDatabase(DuckDBProvider.java:1)
	at sqlancer.ProviderAdapter.generateAndTestDatabase(ProviderAdapter.java:40)
	at sqlancer.Main$DBMSExecutor.run(Main.java:315)
	at sqlancer.Main$2.run(Main.java:492)
	at sqlancer.Main$2.runThread(Main.java:474)
	at sqlancer.Main$2.run(Main.java:465)
	at java.base/java.util.concurrent.ThreadPoolExecutor.runWorker(ThreadPoolExecutor.java:1128)
	at java.base/java.util.concurrent.ThreadPoolExecutor$Worker.run(ThreadPoolExecutor.java:628)
	at java.base/java.lang.Thread.run(Thread.java:829)
--java.lang.AssertionError
--	at sqlancer.GlobalState.getSchema(GlobalState.java:134)
--	at sqlancer.duckdb.gen.DuckDBTableGenerator.getQuery(DuckDBTableGenerator.java:25)
--	at sqlancer.duckdb.DuckDBProvider.generateDatabase(DuckDBProvider.java:105)
--	at sqlancer.duckdb.DuckDBProvider.generateDatabase(DuckDBProvider.java:1)
--	at sqlancer.ProviderAdapter.generateAndTestDatabase(ProviderAdapter.java:40)
--	at sqlancer.Main$DBMSExecutor.run(Main.java:315)
--	at sqlancer.Main$2.run(Main.java:492)
--	at sqlancer.Main$2.runThread(Main.java:474)
--	at sqlancer.Main$2.run(Main.java:465)
--	at java.base/java.util.concurrent.ThreadPoolExecutor.runWorker(ThreadPoolExecutor.java:1128)
--	at java.base/java.util.concurrent.ThreadPoolExecutor$Worker.run(ThreadPoolExecutor.java:628)
--	at java.base/java.lang.Thread.run(Thread.java:829)
--
-- Time: 2023/01/30 19:57:32
-- Database: database16
-- Database version: v0.3.2
-- seed value: 16

java.lang.AssertionError
	at sqlancer.GlobalState.getSchema(GlobalState.java:134)
	at sqlancer.duckdb.gen.DuckDBTableGenerator.getQuery(DuckDBTableGenerator.java:25)
	at sqlancer.duckdb.DuckDBProvider.generateDatabase(DuckDBProvider.java:105)
	at sqlancer.duckdb.DuckDBProvider.generateDatabase(DuckDBProvider.java:1)
	at sqlancer.ProviderAdapter.generateAndTestDatabase(ProviderAdapter.java:40)
	at sqlancer.Main$DBMSExecutor.run(Main.java:315)
	at sqlancer.Main$2.run(Main.java:492)
	at sqlancer.Main$2.runThread(Main.java:474)
	at sqlancer.Main$2.run(Main.java:465)
	at java.base/java.util.concurrent.ThreadPoolExecutor.runWorker(ThreadPoolExecutor.java:1128)
	at java.base/java.util.concurrent.ThreadPoolExecutor$Worker.run(ThreadPoolExecutor.java:628)
	at java.base/java.lang.Thread.run(Thread.java:829)
--java.lang.AssertionError
--	at sqlancer.GlobalState.getSchema(GlobalState.java:134)
--	at sqlancer.duckdb.gen.DuckDBTableGenerator.getQuery(DuckDBTableGenerator.java:25)
--	at sqlancer.duckdb.DuckDBProvider.generateDatabase(DuckDBProvider.java:105)
--	at sqlancer.duckdb.DuckDBProvider.generateDatabase(DuckDBProvider.java:1)
--	at sqlancer.ProviderAdapter.generateAndTestDatabase(ProviderAdapter.java:40)
--	at sqlancer.Main$DBMSExecutor.run(Main.java:315)
--	at sqlancer.Main$2.run(Main.java:492)
--	at sqlancer.Main$2.runThread(Main.java:474)
--	at sqlancer.Main$2.run(Main.java:465)
--	at java.base/java.util.concurrent.ThreadPoolExecutor.runWorker(ThreadPoolExecutor.java:1128)
--	at java.base/java.util.concurrent.ThreadPoolExecutor$Worker.run(ThreadPoolExecutor.java:628)
--	at java.base/java.lang.Thread.run(Thread.java:829)
--
-- Time: 2023/01/30 19:57:32
-- Database: database17
-- Database version: v0.3.2
-- seed value: 17

java.lang.AssertionError
	at sqlancer.GlobalState.getSchema(GlobalState.java:134)
	at sqlancer.duckdb.gen.DuckDBTableGenerator.getQuery(DuckDBTableGenerator.java:25)
	at sqlancer.duckdb.DuckDBProvider.generateDatabase(DuckDBProvider.java:105)
	at sqlancer.duckdb.DuckDBProvider.generateDatabase(DuckDBProvider.java:1)
	at sqlancer.ProviderAdapter.generateAndTestDatabase(ProviderAdapter.java:40)
	at sqlancer.Main$DBMSExecutor.run(Main.java:315)
	at sqlancer.Main$2.run(Main.java:492)
	at sqlancer.Main$2.runThread(Main.java:474)
	at sqlancer.Main$2.run(Main.java:465)
	at java.base/java.util.concurrent.ThreadPoolExecutor.runWorker(ThreadPoolExecutor.java:1128)
	at java.base/java.util.concurrent.ThreadPoolExecutor$Worker.run(ThreadPoolExecutor.java:628)
	at java.base/java.lang.Thread.run(Thread.java:829)
--java.lang.AssertionError
--	at sqlancer.GlobalState.getSchema(GlobalState.java:134)
--	at sqlancer.duckdb.gen.DuckDBTableGenerator.getQuery(DuckDBTableGenerator.java:25)
--	at sqlancer.duckdb.DuckDBProvider.generateDatabase(DuckDBProvider.java:105)
--	at sqlancer.duckdb.DuckDBProvider.generateDatabase(DuckDBProvider.java:1)
--	at sqlancer.ProviderAdapter.generateAndTestDatabase(ProviderAdapter.java:40)
--	at sqlancer.Main$DBMSExecutor.run(Main.java:315)
--	at sqlancer.Main$2.run(Main.java:492)
--	at sqlancer.Main$2.runThread(Main.java:474)
--	at sqlancer.Main$2.run(Main.java:465)
--	at java.base/java.util.concurrent.ThreadPoolExecutor.runWorker(ThreadPoolExecutor.java:1128)
--	at java.base/java.util.concurrent.ThreadPoolExecutor$Worker.run(ThreadPoolExecutor.java:628)
--	at java.base/java.lang.Thread.run(Thread.java:829)
--
-- Time: 2023/01/30 19:57:32
-- Database: database18
-- Database version: v0.3.2
-- seed value: 18

java.lang.AssertionError
	at sqlancer.GlobalState.getSchema(GlobalState.java:134)
	at sqlancer.duckdb.gen.DuckDBTableGenerator.getQuery(DuckDBTableGenerator.java:25)
	at sqlancer.duckdb.DuckDBProvider.generateDatabase(DuckDBProvider.java:105)
	at sqlancer.duckdb.DuckDBProvider.generateDatabase(DuckDBProvider.java:1)
	at sqlancer.ProviderAdapter.generateAndTestDatabase(ProviderAdapter.java:40)
	at sqlancer.Main$DBMSExecutor.run(Main.java:315)
	at sqlancer.Main$2.run(Main.java:492)
	at sqlancer.Main$2.runThread(Main.java:474)
	at sqlancer.Main$2.run(Main.java:465)
	at java.base/java.util.concurrent.ThreadPoolExecutor.runWorker(ThreadPoolExecutor.java:1128)
	at java.base/java.util.concurrent.ThreadPoolExecutor$Worker.run(ThreadPoolExecutor.java:628)
	at java.base/java.lang.Thread.run(Thread.java:829)
--java.lang.AssertionError
--	at sqlancer.GlobalState.getSchema(GlobalState.java:134)
--	at sqlancer.duckdb.gen.DuckDBTableGenerator.getQuery(DuckDBTableGenerator.java:25)
--	at sqlancer.duckdb.DuckDBProvider.generateDatabase(DuckDBProvider.java:105)
--	at sqlancer.duckdb.DuckDBProvider.generateDatabase(DuckDBProvider.java:1)
--	at sqlancer.ProviderAdapter.generateAndTestDatabase(ProviderAdapter.java:40)
--	at sqlancer.Main$DBMSExecutor.run(Main.java:315)
--	at sqlancer.Main$2.run(Main.java:492)
--	at sqlancer.Main$2.runThread(Main.java:474)
--	at sqlancer.Main$2.run(Main.java:465)
--	at java.base/java.util.concurrent.ThreadPoolExecutor.runWorker(ThreadPoolExecutor.java:1128)
--	at java.base/java.util.concurrent.ThreadPoolExecutor$Worker.run(ThreadPoolExecutor.java:628)
--	at java.base/java.lang.Thread.run(Thread.java:829)
--
-- Time: 2023/01/30 19:57:32
-- Database: database19
-- Database version: v0.3.2
-- seed value: 19

java.lang.AssertionError
	at sqlancer.GlobalState.getSchema(GlobalState.java:134)
	at sqlancer.duckdb.gen.DuckDBTableGenerator.getQuery(DuckDBTableGenerator.java:25)
	at sqlancer.duckdb.DuckDBProvider.generateDatabase(DuckDBProvider.java:105)
	at sqlancer.duckdb.DuckDBProvider.generateDatabase(DuckDBProvider.java:1)
	at sqlancer.ProviderAdapter.generateAndTestDatabase(ProviderAdapter.java:40)
	at sqlancer.Main$DBMSExecutor.run(Main.java:315)
	at sqlancer.Main$2.run(Main.java:492)
	at sqlancer.Main$2.runThread(Main.java:474)
	at sqlancer.Main$2.run(Main.java:465)
	at java.base/java.util.concurrent.ThreadPoolExecutor.runWorker(ThreadPoolExecutor.java:1128)
	at java.base/java.util.concurrent.ThreadPoolExecutor$Worker.run(ThreadPoolExecutor.java:628)
	at java.base/java.lang.Thread.run(Thread.java:829)
--java.lang.AssertionError
--	at sqlancer.GlobalState.getSchema(GlobalState.java:134)
--	at sqlancer.duckdb.gen.DuckDBTableGenerator.getQuery(DuckDBTableGenerator.java:25)
--	at sqlancer.duckdb.DuckDBProvider.generateDatabase(DuckDBProvider.java:105)
--	at sqlancer.duckdb.DuckDBProvider.generateDatabase(DuckDBProvider.java:1)
--	at sqlancer.ProviderAdapter.generateAndTestDatabase(ProviderAdapter.java:40)
--	at sqlancer.Main$DBMSExecutor.run(Main.java:315)
--	at sqlancer.Main$2.run(Main.java:492)
--	at sqlancer.Main$2.runThread(Main.java:474)
--	at sqlancer.Main$2.run(Main.java:465)
--	at java.base/java.util.concurrent.ThreadPoolExecutor.runWorker(ThreadPoolExecutor.java:1128)
--	at java.base/java.util.concurrent.ThreadPoolExecutor$Worker.run(ThreadPoolExecutor.java:628)
--	at java.base/java.lang.Thread.run(Thread.java:829)
--
-- Time: 2023/01/30 19:57:32
-- Database: database20
-- Database version: v0.3.2
-- seed value: 20

java.lang.AssertionError
	at sqlancer.GlobalState.getSchema(GlobalState.java:134)
	at sqlancer.duckdb.gen.DuckDBTableGenerator.getQuery(DuckDBTableGenerator.java:25)
	at sqlancer.duckdb.DuckDBProvider.generateDatabase(DuckDBProvider.java:105)
	at sqlancer.duckdb.DuckDBProvider.generateDatabase(DuckDBProvider.java:1)
	at sqlancer.ProviderAdapter.generateAndTestDatabase(ProviderAdapter.java:40)
	at sqlancer.Main$DBMSExecutor.run(Main.java:315)
	at sqlancer.Main$2.run(Main.java:492)
	at sqlancer.Main$2.runThread(Main.java:474)
	at sqlancer.Main$2.run(Main.java:465)
	at java.base/java.util.concurrent.ThreadPoolExecutor.runWorker(ThreadPoolExecutor.java:1128)
	at java.base/java.util.concurrent.ThreadPoolExecutor$Worker.run(ThreadPoolExecutor.java:628)
	at java.base/java.lang.Thread.run(Thread.java:829)
--java.lang.AssertionError
--	at sqlancer.GlobalState.getSchema(GlobalState.java:134)
--	at sqlancer.duckdb.gen.DuckDBTableGenerator.getQuery(DuckDBTableGenerator.java:25)
--	at sqlancer.duckdb.DuckDBProvider.generateDatabase(DuckDBProvider.java:105)
--	at sqlancer.duckdb.DuckDBProvider.generateDatabase(DuckDBProvider.java:1)
--	at sqlancer.ProviderAdapter.generateAndTestDatabase(ProviderAdapter.java:40)
--	at sqlancer.Main$DBMSExecutor.run(Main.java:315)
--	at sqlancer.Main$2.run(Main.java:492)
--	at sqlancer.Main$2.runThread(Main.java:474)
--	at sqlancer.Main$2.run(Main.java:465)
--	at java.base/java.util.concurrent.ThreadPoolExecutor.runWorker(ThreadPoolExecutor.java:1128)
--	at java.base/java.util.concurrent.ThreadPoolExecutor$Worker.run(ThreadPoolExecutor.java:628)
--	at java.base/java.lang.Thread.run(Thread.java:829)
--
-- Time: 2023/01/30 19:57:32
-- Database: database21
-- Database version: v0.3.2
-- seed value: 21

java.lang.AssertionError
	at sqlancer.GlobalState.getSchema(GlobalState.java:134)
	at sqlancer.duckdb.gen.DuckDBTableGenerator.getQuery(DuckDBTableGenerator.java:25)
	at sqlancer.duckdb.DuckDBProvider.generateDatabase(DuckDBProvider.java:105)
	at sqlancer.duckdb.DuckDBProvider.generateDatabase(DuckDBProvider.java:1)
	at sqlancer.ProviderAdapter.generateAndTestDatabase(ProviderAdapter.java:40)
	at sqlancer.Main$DBMSExecutor.run(Main.java:315)
	at sqlancer.Main$2.run(Main.java:492)
	at sqlancer.Main$2.runThread(Main.java:474)
	at sqlancer.Main$2.run(Main.java:465)
	at java.base/java.util.concurrent.ThreadPoolExecutor.runWorker(ThreadPoolExecutor.java:1128)
	at java.base/java.util.concurrent.ThreadPoolExecutor$Worker.run(ThreadPoolExecutor.java:628)
	at java.base/java.lang.Thread.run(Thread.java:829)
--java.lang.AssertionError
--	at sqlancer.GlobalState.getSchema(GlobalState.java:134)
--	at sqlancer.duckdb.gen.DuckDBTableGenerator.getQuery(DuckDBTableGenerator.java:25)
--	at sqlancer.duckdb.DuckDBProvider.generateDatabase(DuckDBProvider.java:105)
--	at sqlancer.duckdb.DuckDBProvider.generateDatabase(DuckDBProvider.java:1)
--	at sqlancer.ProviderAdapter.generateAndTestDatabase(ProviderAdapter.java:40)
--	at sqlancer.Main$DBMSExecutor.run(Main.java:315)
--	at sqlancer.Main$2.run(Main.java:492)
--	at sqlancer.Main$2.runThread(Main.java:474)
--	at sqlancer.Main$2.run(Main.java:465)
--	at java.base/java.util.concurrent.ThreadPoolExecutor.runWorker(ThreadPoolExecutor.java:1128)
--	at java.base/java.util.concurrent.ThreadPoolExecutor$Worker.run(ThreadPoolExecutor.java:628)
--	at java.base/java.lang.Thread.run(Thread.java:829)
--
-- Time: 2023/01/30 19:57:32
-- Database: database22
-- Database version: v0.3.2
-- seed value: 22

java.lang.AssertionError
	at sqlancer.GlobalState.getSchema(GlobalState.java:134)
	at sqlancer.duckdb.gen.DuckDBTableGenerator.getQuery(DuckDBTableGenerator.java:25)
	at sqlancer.duckdb.DuckDBProvider.generateDatabase(DuckDBProvider.java:105)
	at sqlancer.duckdb.DuckDBProvider.generateDatabase(DuckDBProvider.java:1)
	at sqlancer.ProviderAdapter.generateAndTestDatabase(ProviderAdapter.java:40)
	at sqlancer.Main$DBMSExecutor.run(Main.java:315)
	at sqlancer.Main$2.run(Main.java:492)
	at sqlancer.Main$2.runThread(Main.java:474)
	at sqlancer.Main$2.run(Main.java:465)
	at java.base/java.util.concurrent.ThreadPoolExecutor.runWorker(ThreadPoolExecutor.java:1128)
	at java.base/java.util.concurrent.ThreadPoolExecutor$Worker.run(ThreadPoolExecutor.java:628)
	at java.base/java.lang.Thread.run(Thread.java:829)
--java.lang.AssertionError
--	at sqlancer.GlobalState.getSchema(GlobalState.java:134)
--	at sqlancer.duckdb.gen.DuckDBTableGenerator.getQuery(DuckDBTableGenerator.java:25)
--	at sqlancer.duckdb.DuckDBProvider.generateDatabase(DuckDBProvider.java:105)
--	at sqlancer.duckdb.DuckDBProvider.generateDatabase(DuckDBProvider.java:1)
--	at sqlancer.ProviderAdapter.generateAndTestDatabase(ProviderAdapter.java:40)
--	at sqlancer.Main$DBMSExecutor.run(Main.java:315)
--	at sqlancer.Main$2.run(Main.java:492)
--	at sqlancer.Main$2.runThread(Main.java:474)
--	at sqlancer.Main$2.run(Main.java:465)
--	at java.base/java.util.concurrent.ThreadPoolExecutor.runWorker(ThreadPoolExecutor.java:1128)
--	at java.base/java.util.concurrent.ThreadPoolExecutor$Worker.run(ThreadPoolExecutor.java:628)
--	at java.base/java.lang.Thread.run(Thread.java:829)
--
-- Time: 2023/01/30 19:57:32
-- Database: database23
-- Database version: v0.3.2
-- seed value: 23

java.lang.AssertionError
	at sqlancer.GlobalState.getSchema(GlobalState.java:134)
	at sqlancer.duckdb.gen.DuckDBTableGenerator.getQuery(DuckDBTableGenerator.java:25)
	at sqlancer.duckdb.DuckDBProvider.generateDatabase(DuckDBProvider.java:105)
	at sqlancer.duckdb.DuckDBProvider.generateDatabase(DuckDBProvider.java:1)
	at sqlancer.ProviderAdapter.generateAndTestDatabase(ProviderAdapter.java:40)
	at sqlancer.Main$DBMSExecutor.run(Main.java:315)
	at sqlancer.Main$2.run(Main.java:492)
	at sqlancer.Main$2.runThread(Main.java:474)
	at sqlancer.Main$2.run(Main.java:465)
	at java.base/java.util.concurrent.ThreadPoolExecutor.runWorker(ThreadPoolExecutor.java:1128)
	at java.base/java.util.concurrent.ThreadPoolExecutor$Worker.run(ThreadPoolExecutor.java:628)
	at java.base/java.lang.Thread.run(Thread.java:829)
--java.lang.AssertionError
--	at sqlancer.GlobalState.getSchema(GlobalState.java:134)
--	at sqlancer.duckdb.gen.DuckDBTableGenerator.getQuery(DuckDBTableGenerator.java:25)
--	at sqlancer.duckdb.DuckDBProvider.generateDatabase(DuckDBProvider.java:105)
--	at sqlancer.duckdb.DuckDBProvider.generateDatabase(DuckDBProvider.java:1)
--	at sqlancer.ProviderAdapter.generateAndTestDatabase(ProviderAdapter.java:40)
--	at sqlancer.Main$DBMSExecutor.run(Main.java:315)
--	at sqlancer.Main$2.run(Main.java:492)
--	at sqlancer.Main$2.runThread(Main.java:474)
--	at sqlancer.Main$2.run(Main.java:465)
--	at java.base/java.util.concurrent.ThreadPoolExecutor.runWorker(ThreadPoolExecutor.java:1128)
--	at java.base/java.util.concurrent.ThreadPoolExecutor$Worker.run(ThreadPoolExecutor.java:628)
--	at java.base/java.lang.Thread.run(Thread.java:829)
--
-- Time: 2023/01/30 19:57:32
-- Database: database24
-- Database version: v0.3.2
-- seed value: 24

java.lang.AssertionError
	at sqlancer.GlobalState.getSchema(GlobalState.java:134)
	at sqlancer.duckdb.gen.DuckDBTableGenerator.getQuery(DuckDBTableGenerator.java:25)
	at sqlancer.duckdb.DuckDBProvider.generateDatabase(DuckDBProvider.java:105)
	at sqlancer.duckdb.DuckDBProvider.generateDatabase(DuckDBProvider.java:1)
	at sqlancer.ProviderAdapter.generateAndTestDatabase(ProviderAdapter.java:40)
	at sqlancer.Main$DBMSExecutor.run(Main.java:315)
	at sqlancer.Main$2.run(Main.java:492)
	at sqlancer.Main$2.runThread(Main.java:474)
	at sqlancer.Main$2.run(Main.java:465)
	at java.base/java.util.concurrent.ThreadPoolExecutor.runWorker(ThreadPoolExecutor.java:1128)
	at java.base/java.util.concurrent.ThreadPoolExecutor$Worker.run(ThreadPoolExecutor.java:628)
	at java.base/java.lang.Thread.run(Thread.java:829)
--java.lang.AssertionError
--	at sqlancer.GlobalState.getSchema(GlobalState.java:134)
--	at sqlancer.duckdb.gen.DuckDBTableGenerator.getQuery(DuckDBTableGenerator.java:25)
--	at sqlancer.duckdb.DuckDBProvider.generateDatabase(DuckDBProvider.java:105)
--	at sqlancer.duckdb.DuckDBProvider.generateDatabase(DuckDBProvider.java:1)
--	at sqlancer.ProviderAdapter.generateAndTestDatabase(ProviderAdapter.java:40)
--	at sqlancer.Main$DBMSExecutor.run(Main.java:315)
--	at sqlancer.Main$2.run(Main.java:492)
--	at sqlancer.Main$2.runThread(Main.java:474)
--	at sqlancer.Main$2.run(Main.java:465)
--	at java.base/java.util.concurrent.ThreadPoolExecutor.runWorker(ThreadPoolExecutor.java:1128)
--	at java.base/java.util.concurrent.ThreadPoolExecutor$Worker.run(ThreadPoolExecutor.java:628)
--	at java.base/java.lang.Thread.run(Thread.java:829)
--
-- Time: 2023/01/30 19:57:32
-- Database: database25
-- Database version: v0.3.2
-- seed value: 25

java.lang.AssertionError
	at sqlancer.GlobalState.getSchema(GlobalState.java:134)
	at sqlancer.duckdb.gen.DuckDBTableGenerator.getQuery(DuckDBTableGenerator.java:25)
	at sqlancer.duckdb.DuckDBProvider.generateDatabase(DuckDBProvider.java:105)
	at sqlancer.duckdb.DuckDBProvider.generateDatabase(DuckDBProvider.java:1)
	at sqlancer.ProviderAdapter.generateAndTestDatabase(ProviderAdapter.java:40)
	at sqlancer.Main$DBMSExecutor.run(Main.java:315)
	at sqlancer.Main$2.run(Main.java:492)
	at sqlancer.Main$2.runThread(Main.java:474)
	at sqlancer.Main$2.run(Main.java:465)
	at java.base/java.util.concurrent.ThreadPoolExecutor.runWorker(ThreadPoolExecutor.java:1128)
	at java.base/java.util.concurrent.ThreadPoolExecutor$Worker.run(ThreadPoolExecutor.java:628)
	at java.base/java.lang.Thread.run(Thread.java:829)
--java.lang.AssertionError
--	at sqlancer.GlobalState.getSchema(GlobalState.java:134)
--	at sqlancer.duckdb.gen.DuckDBTableGenerator.getQuery(DuckDBTableGenerator.java:25)
--	at sqlancer.duckdb.DuckDBProvider.generateDatabase(DuckDBProvider.java:105)
--	at sqlancer.duckdb.DuckDBProvider.generateDatabase(DuckDBProvider.java:1)
--	at sqlancer.ProviderAdapter.generateAndTestDatabase(ProviderAdapter.java:40)
--	at sqlancer.Main$DBMSExecutor.run(Main.java:315)
--	at sqlancer.Main$2.run(Main.java:492)
--	at sqlancer.Main$2.runThread(Main.java:474)
--	at sqlancer.Main$2.run(Main.java:465)
--	at java.base/java.util.concurrent.ThreadPoolExecutor.runWorker(ThreadPoolExecutor.java:1128)
--	at java.base/java.util.concurrent.ThreadPoolExecutor$Worker.run(ThreadPoolExecutor.java:628)
--	at java.base/java.lang.Thread.run(Thread.java:829)
--
-- Time: 2023/01/30 19:57:32
-- Database: database26
-- Database version: v0.3.2
-- seed value: 26

java.lang.AssertionError
	at sqlancer.GlobalState.getSchema(GlobalState.java:134)
	at sqlancer.duckdb.gen.DuckDBTableGenerator.getQuery(DuckDBTableGenerator.java:25)
	at sqlancer.duckdb.DuckDBProvider.generateDatabase(DuckDBProvider.java:105)
	at sqlancer.duckdb.DuckDBProvider.generateDatabase(DuckDBProvider.java:1)
	at sqlancer.ProviderAdapter.generateAndTestDatabase(ProviderAdapter.java:40)
	at sqlancer.Main$DBMSExecutor.run(Main.java:315)
	at sqlancer.Main$2.run(Main.java:492)
	at sqlancer.Main$2.runThread(Main.java:474)
	at sqlancer.Main$2.run(Main.java:465)
	at java.base/java.util.concurrent.ThreadPoolExecutor.runWorker(ThreadPoolExecutor.java:1128)
	at java.base/java.util.concurrent.ThreadPoolExecutor$Worker.run(ThreadPoolExecutor.java:628)
	at java.base/java.lang.Thread.run(Thread.java:829)
--java.lang.AssertionError
--	at sqlancer.GlobalState.getSchema(GlobalState.java:134)
--	at sqlancer.duckdb.gen.DuckDBTableGenerator.getQuery(DuckDBTableGenerator.java:25)
--	at sqlancer.duckdb.DuckDBProvider.generateDatabase(DuckDBProvider.java:105)
--	at sqlancer.duckdb.DuckDBProvider.generateDatabase(DuckDBProvider.java:1)
--	at sqlancer.ProviderAdapter.generateAndTestDatabase(ProviderAdapter.java:40)
--	at sqlancer.Main$DBMSExecutor.run(Main.java:315)
--	at sqlancer.Main$2.run(Main.java:492)
--	at sqlancer.Main$2.runThread(Main.java:474)
--	at sqlancer.Main$2.run(Main.java:465)
--	at java.base/java.util.concurrent.ThreadPoolExecutor.runWorker(ThreadPoolExecutor.java:1128)
--	at java.base/java.util.concurrent.ThreadPoolExecutor$Worker.run(ThreadPoolExecutor.java:628)
--	at java.base/java.lang.Thread.run(Thread.java:829)
--
-- Time: 2023/01/30 19:57:32
-- Database: database27
-- Database version: v0.3.2
-- seed value: 27

java.lang.AssertionError
	at sqlancer.GlobalState.getSchema(GlobalState.java:134)
	at sqlancer.duckdb.gen.DuckDBTableGenerator.getQuery(DuckDBTableGenerator.java:25)
	at sqlancer.duckdb.DuckDBProvider.generateDatabase(DuckDBProvider.java:105)
	at sqlancer.duckdb.DuckDBProvider.generateDatabase(DuckDBProvider.java:1)
	at sqlancer.ProviderAdapter.generateAndTestDatabase(ProviderAdapter.java:40)
	at sqlancer.Main$DBMSExecutor.run(Main.java:315)
	at sqlancer.Main$2.run(Main.java:492)
	at sqlancer.Main$2.runThread(Main.java:474)
	at sqlancer.Main$2.run(Main.java:465)
	at java.base/java.util.concurrent.ThreadPoolExecutor.runWorker(ThreadPoolExecutor.java:1128)
	at java.base/java.util.concurrent.ThreadPoolExecutor$Worker.run(ThreadPoolExecutor.java:628)
	at java.base/java.lang.Thread.run(Thread.java:829)
--java.lang.AssertionError
--	at sqlancer.GlobalState.getSchema(GlobalState.java:134)
--	at sqlancer.duckdb.gen.DuckDBTableGenerator.getQuery(DuckDBTableGenerator.java:25)
--	at sqlancer.duckdb.DuckDBProvider.generateDatabase(DuckDBProvider.java:105)
--	at sqlancer.duckdb.DuckDBProvider.generateDatabase(DuckDBProvider.java:1)
--	at sqlancer.ProviderAdapter.generateAndTestDatabase(ProviderAdapter.java:40)
--	at sqlancer.Main$DBMSExecutor.run(Main.java:315)
--	at sqlancer.Main$2.run(Main.java:492)
--	at sqlancer.Main$2.runThread(Main.java:474)
--	at sqlancer.Main$2.run(Main.java:465)
--	at java.base/java.util.concurrent.ThreadPoolExecutor.runWorker(ThreadPoolExecutor.java:1128)
--	at java.base/java.util.concurrent.ThreadPoolExecutor$Worker.run(ThreadPoolExecutor.java:628)
--	at java.base/java.lang.Thread.run(Thread.java:829)
--
-- Time: 2023/01/30 19:57:32
-- Database: database28
-- Database version: v0.3.2
-- seed value: 28

java.lang.AssertionError
	at sqlancer.GlobalState.getSchema(GlobalState.java:134)
	at sqlancer.duckdb.gen.DuckDBTableGenerator.getQuery(DuckDBTableGenerator.java:25)
	at sqlancer.duckdb.DuckDBProvider.generateDatabase(DuckDBProvider.java:105)
	at sqlancer.duckdb.DuckDBProvider.generateDatabase(DuckDBProvider.java:1)
	at sqlancer.ProviderAdapter.generateAndTestDatabase(ProviderAdapter.java:40)
	at sqlancer.Main$DBMSExecutor.run(Main.java:315)
	at sqlancer.Main$2.run(Main.java:492)
	at sqlancer.Main$2.runThread(Main.java:474)
	at sqlancer.Main$2.run(Main.java:465)
	at java.base/java.util.concurrent.ThreadPoolExecutor.runWorker(ThreadPoolExecutor.java:1128)
	at java.base/java.util.concurrent.ThreadPoolExecutor$Worker.run(ThreadPoolExecutor.java:628)
	at java.base/java.lang.Thread.run(Thread.java:829)
--java.lang.AssertionError
--	at sqlancer.GlobalState.getSchema(GlobalState.java:134)
--	at sqlancer.duckdb.gen.DuckDBTableGenerator.getQuery(DuckDBTableGenerator.java:25)
--	at sqlancer.duckdb.DuckDBProvider.generateDatabase(DuckDBProvider.java:105)
--	at sqlancer.duckdb.DuckDBProvider.generateDatabase(DuckDBProvider.java:1)
--	at sqlancer.ProviderAdapter.generateAndTestDatabase(ProviderAdapter.java:40)
--	at sqlancer.Main$DBMSExecutor.run(Main.java:315)
--	at sqlancer.Main$2.run(Main.java:492)
--	at sqlancer.Main$2.runThread(Main.java:474)
--	at sqlancer.Main$2.run(Main.java:465)
--	at java.base/java.util.concurrent.ThreadPoolExecutor.runWorker(ThreadPoolExecutor.java:1128)
--	at java.base/java.util.concurrent.ThreadPoolExecutor$Worker.run(ThreadPoolExecutor.java:628)
--	at java.base/java.lang.Thread.run(Thread.java:829)
--
-- Time: 2023/01/30 19:57:32
-- Database: database29
-- Database version: v0.3.2
-- seed value: 29

java.lang.AssertionError
	at sqlancer.GlobalState.getSchema(GlobalState.java:134)
	at sqlancer.duckdb.gen.DuckDBTableGenerator.getQuery(DuckDBTableGenerator.java:25)
	at sqlancer.duckdb.DuckDBProvider.generateDatabase(DuckDBProvider.java:105)
	at sqlancer.duckdb.DuckDBProvider.generateDatabase(DuckDBProvider.java:1)
	at sqlancer.ProviderAdapter.generateAndTestDatabase(ProviderAdapter.java:40)
	at sqlancer.Main$DBMSExecutor.run(Main.java:315)
	at sqlancer.Main$2.run(Main.java:492)
	at sqlancer.Main$2.runThread(Main.java:474)
	at sqlancer.Main$2.run(Main.java:465)
	at java.base/java.util.concurrent.ThreadPoolExecutor.runWorker(ThreadPoolExecutor.java:1128)
	at java.base/java.util.concurrent.ThreadPoolExecutor$Worker.run(ThreadPoolExecutor.java:628)
	at java.base/java.lang.Thread.run(Thread.java:829)
--java.lang.AssertionError
--	at sqlancer.GlobalState.getSchema(GlobalState.java:134)
--	at sqlancer.duckdb.gen.DuckDBTableGenerator.getQuery(DuckDBTableGenerator.java:25)
--	at sqlancer.duckdb.DuckDBProvider.generateDatabase(DuckDBProvider.java:105)
--	at sqlancer.duckdb.DuckDBProvider.generateDatabase(DuckDBProvider.java:1)
--	at sqlancer.ProviderAdapter.generateAndTestDatabase(ProviderAdapter.java:40)
--	at sqlancer.Main$DBMSExecutor.run(Main.java:315)
--	at sqlancer.Main$2.run(Main.java:492)
--	at sqlancer.Main$2.runThread(Main.java:474)
--	at sqlancer.Main$2.run(Main.java:465)
--	at java.base/java.util.concurrent.ThreadPoolExecutor.runWorker(ThreadPoolExecutor.java:1128)
--	at java.base/java.util.concurrent.ThreadPoolExecutor$Worker.run(ThreadPoolExecutor.java:628)
--	at java.base/java.lang.Thread.run(Thread.java:829)
--
-- Time: 2023/01/30 19:57:32
-- Database: database30
-- Database version: v0.3.2
-- seed value: 30

java.lang.AssertionError
	at sqlancer.GlobalState.getSchema(GlobalState.java:134)
	at sqlancer.duckdb.gen.DuckDBTableGenerator.getQuery(DuckDBTableGenerator.java:25)
	at sqlancer.duckdb.DuckDBProvider.generateDatabase(DuckDBProvider.java:105)
	at sqlancer.duckdb.DuckDBProvider.generateDatabase(DuckDBProvider.java:1)
	at sqlancer.ProviderAdapter.generateAndTestDatabase(ProviderAdapter.java:40)
	at sqlancer.Main$DBMSExecutor.run(Main.java:315)
	at sqlancer.Main$2.run(Main.java:492)
	at sqlancer.Main$2.runThread(Main.java:474)
	at sqlancer.Main$2.run(Main.java:465)
	at java.base/java.util.concurrent.ThreadPoolExecutor.runWorker(ThreadPoolExecutor.java:1128)
	at java.base/java.util.concurrent.ThreadPoolExecutor$Worker.run(ThreadPoolExecutor.java:628)
	at java.base/java.lang.Thread.run(Thread.java:829)
--java.lang.AssertionError
--	at sqlancer.GlobalState.getSchema(GlobalState.java:134)
--	at sqlancer.duckdb.gen.DuckDBTableGenerator.getQuery(DuckDBTableGenerator.java:25)
--	at sqlancer.duckdb.DuckDBProvider.generateDatabase(DuckDBProvider.java:105)
--	at sqlancer.duckdb.DuckDBProvider.generateDatabase(DuckDBProvider.java:1)
--	at sqlancer.ProviderAdapter.generateAndTestDatabase(ProviderAdapter.java:40)
--	at sqlancer.Main$DBMSExecutor.run(Main.java:315)
--	at sqlancer.Main$2.run(Main.java:492)
--	at sqlancer.Main$2.runThread(Main.java:474)
--	at sqlancer.Main$2.run(Main.java:465)
--	at java.base/java.util.concurrent.ThreadPoolExecutor.runWorker(ThreadPoolExecutor.java:1128)
--	at java.base/java.util.concurrent.ThreadPoolExecutor$Worker.run(ThreadPoolExecutor.java:628)
--	at java.base/java.lang.Thread.run(Thread.java:829)
--
-- Time: 2023/01/30 19:57:32
-- Database: database31
-- Database version: v0.3.2
-- seed value: 31

java.lang.AssertionError
	at sqlancer.GlobalState.getSchema(GlobalState.java:134)
	at sqlancer.duckdb.gen.DuckDBTableGenerator.getQuery(DuckDBTableGenerator.java:25)
	at sqlancer.duckdb.DuckDBProvider.generateDatabase(DuckDBProvider.java:105)
	at sqlancer.duckdb.DuckDBProvider.generateDatabase(DuckDBProvider.java:1)
	at sqlancer.ProviderAdapter.generateAndTestDatabase(ProviderAdapter.java:40)
	at sqlancer.Main$DBMSExecutor.run(Main.java:315)
	at sqlancer.Main$2.run(Main.java:492)
	at sqlancer.Main$2.runThread(Main.java:474)
	at sqlancer.Main$2.run(Main.java:465)
	at java.base/java.util.concurrent.ThreadPoolExecutor.runWorker(ThreadPoolExecutor.java:1128)
	at java.base/java.util.concurrent.ThreadPoolExecutor$Worker.run(ThreadPoolExecutor.java:628)
	at java.base/java.lang.Thread.run(Thread.java:829)
--java.lang.AssertionError
--	at sqlancer.GlobalState.getSchema(GlobalState.java:134)
--	at sqlancer.duckdb.gen.DuckDBTableGenerator.getQuery(DuckDBTableGenerator.java:25)
--	at sqlancer.duckdb.DuckDBProvider.generateDatabase(DuckDBProvider.java:105)
--	at sqlancer.duckdb.DuckDBProvider.generateDatabase(DuckDBProvider.java:1)
--	at sqlancer.ProviderAdapter.generateAndTestDatabase(ProviderAdapter.java:40)
--	at sqlancer.Main$DBMSExecutor.run(Main.java:315)
--	at sqlancer.Main$2.run(Main.java:492)
--	at sqlancer.Main$2.runThread(Main.java:474)
--	at sqlancer.Main$2.run(Main.java:465)
--	at java.base/java.util.concurrent.ThreadPoolExecutor.runWorker(ThreadPoolExecutor.java:1128)
--	at java.base/java.util.concurrent.ThreadPoolExecutor$Worker.run(ThreadPoolExecutor.java:628)
--	at java.base/java.lang.Thread.run(Thread.java:829)
--
-- Time: 2023/01/30 19:57:32
-- Database: database32
-- Database version: v0.3.2
-- seed value: 32

java.lang.AssertionError
	at sqlancer.GlobalState.getSchema(GlobalState.java:134)
	at sqlancer.duckdb.gen.DuckDBTableGenerator.getQuery(DuckDBTableGenerator.java:25)
	at sqlancer.duckdb.DuckDBProvider.generateDatabase(DuckDBProvider.java:105)
	at sqlancer.duckdb.DuckDBProvider.generateDatabase(DuckDBProvider.java:1)
	at sqlancer.ProviderAdapter.generateAndTestDatabase(ProviderAdapter.java:40)
	at sqlancer.Main$DBMSExecutor.run(Main.java:315)
	at sqlancer.Main$2.run(Main.java:492)
	at sqlancer.Main$2.runThread(Main.java:474)
	at sqlancer.Main$2.run(Main.java:465)
	at java.base/java.util.concurrent.ThreadPoolExecutor.runWorker(ThreadPoolExecutor.java:1128)
	at java.base/java.util.concurrent.ThreadPoolExecutor$Worker.run(ThreadPoolExecutor.java:628)
	at java.base/java.lang.Thread.run(Thread.java:829)
--java.lang.AssertionError
--	at sqlancer.GlobalState.getSchema(GlobalState.java:134)
--	at sqlancer.duckdb.gen.DuckDBTableGenerator.getQuery(DuckDBTableGenerator.java:25)
--	at sqlancer.duckdb.DuckDBProvider.generateDatabase(DuckDBProvider.java:105)
--	at sqlancer.duckdb.DuckDBProvider.generateDatabase(DuckDBProvider.java:1)
--	at sqlancer.ProviderAdapter.generateAndTestDatabase(ProviderAdapter.java:40)
--	at sqlancer.Main$DBMSExecutor.run(Main.java:315)
--	at sqlancer.Main$2.run(Main.java:492)
--	at sqlancer.Main$2.runThread(Main.java:474)
--	at sqlancer.Main$2.run(Main.java:465)
--	at java.base/java.util.concurrent.ThreadPoolExecutor.runWorker(ThreadPoolExecutor.java:1128)
--	at java.base/java.util.concurrent.ThreadPoolExecutor$Worker.run(ThreadPoolExecutor.java:628)
--	at java.base/java.lang.Thread.run(Thread.java:829)
--
-- Time: 2023/01/30 19:57:32
-- Database: database33
-- Database version: v0.3.2
-- seed value: 33

java.lang.AssertionError
	at sqlancer.GlobalState.getSchema(GlobalState.java:134)
	at sqlancer.duckdb.gen.DuckDBTableGenerator.getQuery(DuckDBTableGenerator.java:25)
	at sqlancer.duckdb.DuckDBProvider.generateDatabase(DuckDBProvider.java:105)
	at sqlancer.duckdb.DuckDBProvider.generateDatabase(DuckDBProvider.java:1)
	at sqlancer.ProviderAdapter.generateAndTestDatabase(ProviderAdapter.java:40)
	at sqlancer.Main$DBMSExecutor.run(Main.java:315)
	at sqlancer.Main$2.run(Main.java:492)
	at sqlancer.Main$2.runThread(Main.java:474)
	at sqlancer.Main$2.run(Main.java:465)
	at java.base/java.util.concurrent.ThreadPoolExecutor.runWorker(ThreadPoolExecutor.java:1128)
	at java.base/java.util.concurrent.ThreadPoolExecutor$Worker.run(ThreadPoolExecutor.java:628)
	at java.base/java.lang.Thread.run(Thread.java:829)
--java.lang.AssertionError
--	at sqlancer.GlobalState.getSchema(GlobalState.java:134)
--	at sqlancer.duckdb.gen.DuckDBTableGenerator.getQuery(DuckDBTableGenerator.java:25)
--	at sqlancer.duckdb.DuckDBProvider.generateDatabase(DuckDBProvider.java:105)
--	at sqlancer.duckdb.DuckDBProvider.generateDatabase(DuckDBProvider.java:1)
--	at sqlancer.ProviderAdapter.generateAndTestDatabase(ProviderAdapter.java:40)
--	at sqlancer.Main$DBMSExecutor.run(Main.java:315)
--	at sqlancer.Main$2.run(Main.java:492)
--	at sqlancer.Main$2.runThread(Main.java:474)
--	at sqlancer.Main$2.run(Main.java:465)
--	at java.base/java.util.concurrent.ThreadPoolExecutor.runWorker(ThreadPoolExecutor.java:1128)
--	at java.base/java.util.concurrent.ThreadPoolExecutor$Worker.run(ThreadPoolExecutor.java:628)
--	at java.base/java.lang.Thread.run(Thread.java:829)
--
-- Time: 2023/01/30 19:57:32
-- Database: database34
-- Database version: v0.3.2
-- seed value: 34

java.lang.AssertionError
	at sqlancer.GlobalState.getSchema(GlobalState.java:134)
	at sqlancer.duckdb.gen.DuckDBTableGenerator.getQuery(DuckDBTableGenerator.java:25)
	at sqlancer.duckdb.DuckDBProvider.generateDatabase(DuckDBProvider.java:105)
	at sqlancer.duckdb.DuckDBProvider.generateDatabase(DuckDBProvider.java:1)
	at sqlancer.ProviderAdapter.generateAndTestDatabase(ProviderAdapter.java:40)
	at sqlancer.Main$DBMSExecutor.run(Main.java:315)
	at sqlancer.Main$2.run(Main.java:492)
	at sqlancer.Main$2.runThread(Main.java:474)
	at sqlancer.Main$2.run(Main.java:465)
	at java.base/java.util.concurrent.ThreadPoolExecutor.runWorker(ThreadPoolExecutor.java:1128)
	at java.base/java.util.concurrent.ThreadPoolExecutor$Worker.run(ThreadPoolExecutor.java:628)
	at java.base/java.lang.Thread.run(Thread.java:829)
--java.lang.AssertionError
--	at sqlancer.GlobalState.getSchema(GlobalState.java:134)
--	at sqlancer.duckdb.gen.DuckDBTableGenerator.getQuery(DuckDBTableGenerator.java:25)
--	at sqlancer.duckdb.DuckDBProvider.generateDatabase(DuckDBProvider.java:105)
--	at sqlancer.duckdb.DuckDBProvider.generateDatabase(DuckDBProvider.java:1)
--	at sqlancer.ProviderAdapter.generateAndTestDatabase(ProviderAdapter.java:40)
--	at sqlancer.Main$DBMSExecutor.run(Main.java:315)
--	at sqlancer.Main$2.run(Main.java:492)
--	at sqlancer.Main$2.runThread(Main.java:474)
--	at sqlancer.Main$2.run(Main.java:465)
--	at java.base/java.util.concurrent.ThreadPoolExecutor.runWorker(ThreadPoolExecutor.java:1128)
--	at java.base/java.util.concurrent.ThreadPoolExecutor$Worker.run(ThreadPoolExecutor.java:628)
--	at java.base/java.lang.Thread.run(Thread.java:829)
--
-- Time: 2023/01/30 19:57:32
-- Database: database35
-- Database version: v0.3.2
-- seed value: 35

java.lang.AssertionError
	at sqlancer.GlobalState.getSchema(GlobalState.java:134)
	at sqlancer.duckdb.gen.DuckDBTableGenerator.getQuery(DuckDBTableGenerator.java:25)
	at sqlancer.duckdb.DuckDBProvider.generateDatabase(DuckDBProvider.java:105)
	at sqlancer.duckdb.DuckDBProvider.generateDatabase(DuckDBProvider.java:1)
	at sqlancer.ProviderAdapter.generateAndTestDatabase(ProviderAdapter.java:40)
	at sqlancer.Main$DBMSExecutor.run(Main.java:315)
	at sqlancer.Main$2.run(Main.java:492)
	at sqlancer.Main$2.runThread(Main.java:474)
	at sqlancer.Main$2.run(Main.java:465)
	at java.base/java.util.concurrent.ThreadPoolExecutor.runWorker(ThreadPoolExecutor.java:1128)
	at java.base/java.util.concurrent.ThreadPoolExecutor$Worker.run(ThreadPoolExecutor.java:628)
	at java.base/java.lang.Thread.run(Thread.java:829)
--java.lang.AssertionError
--	at sqlancer.GlobalState.getSchema(GlobalState.java:134)
--	at sqlancer.duckdb.gen.DuckDBTableGenerator.getQuery(DuckDBTableGenerator.java:25)
--	at sqlancer.duckdb.DuckDBProvider.generateDatabase(DuckDBProvider.java:105)
--	at sqlancer.duckdb.DuckDBProvider.generateDatabase(DuckDBProvider.java:1)
--	at sqlancer.ProviderAdapter.generateAndTestDatabase(ProviderAdapter.java:40)
--	at sqlancer.Main$DBMSExecutor.run(Main.java:315)
--	at sqlancer.Main$2.run(Main.java:492)
--	at sqlancer.Main$2.runThread(Main.java:474)
--	at sqlancer.Main$2.run(Main.java:465)
--	at java.base/java.util.concurrent.ThreadPoolExecutor.runWorker(ThreadPoolExecutor.java:1128)
--	at java.base/java.util.concurrent.ThreadPoolExecutor$Worker.run(ThreadPoolExecutor.java:628)
--	at java.base/java.lang.Thread.run(Thread.java:829)
--
-- Time: 2023/01/30 19:57:32
-- Database: database36
-- Database version: v0.3.2
-- seed value: 36

java.lang.AssertionError
	at sqlancer.GlobalState.getSchema(GlobalState.java:134)
	at sqlancer.duckdb.gen.DuckDBTableGenerator.getQuery(DuckDBTableGenerator.java:25)
	at sqlancer.duckdb.DuckDBProvider.generateDatabase(DuckDBProvider.java:105)
	at sqlancer.duckdb.DuckDBProvider.generateDatabase(DuckDBProvider.java:1)
	at sqlancer.ProviderAdapter.generateAndTestDatabase(ProviderAdapter.java:40)
	at sqlancer.Main$DBMSExecutor.run(Main.java:315)
	at sqlancer.Main$2.run(Main.java:492)
	at sqlancer.Main$2.runThread(Main.java:474)
	at sqlancer.Main$2.run(Main.java:465)
	at java.base/java.util.concurrent.ThreadPoolExecutor.runWorker(ThreadPoolExecutor.java:1128)
	at java.base/java.util.concurrent.ThreadPoolExecutor$Worker.run(ThreadPoolExecutor.java:628)
	at java.base/java.lang.Thread.run(Thread.java:829)
--java.lang.AssertionError
--	at sqlancer.GlobalState.getSchema(GlobalState.java:134)
--	at sqlancer.duckdb.gen.DuckDBTableGenerator.getQuery(DuckDBTableGenerator.java:25)
--	at sqlancer.duckdb.DuckDBProvider.generateDatabase(DuckDBProvider.java:105)
--	at sqlancer.duckdb.DuckDBProvider.generateDatabase(DuckDBProvider.java:1)
--	at sqlancer.ProviderAdapter.generateAndTestDatabase(ProviderAdapter.java:40)
--	at sqlancer.Main$DBMSExecutor.run(Main.java:315)
--	at sqlancer.Main$2.run(Main.java:492)
--	at sqlancer.Main$2.runThread(Main.java:474)
--	at sqlancer.Main$2.run(Main.java:465)
--	at java.base/java.util.concurrent.ThreadPoolExecutor.runWorker(ThreadPoolExecutor.java:1128)
--	at java.base/java.util.concurrent.ThreadPoolExecutor$Worker.run(ThreadPoolExecutor.java:628)
--	at java.base/java.lang.Thread.run(Thread.java:829)
--
-- Time: 2023/01/30 19:57:32
-- Database: database37
-- Database version: v0.3.2
-- seed value: 37

java.lang.AssertionError
	at sqlancer.GlobalState.getSchema(GlobalState.java:134)
	at sqlancer.duckdb.gen.DuckDBTableGenerator.getQuery(DuckDBTableGenerator.java:25)
	at sqlancer.duckdb.DuckDBProvider.generateDatabase(DuckDBProvider.java:105)
	at sqlancer.duckdb.DuckDBProvider.generateDatabase(DuckDBProvider.java:1)
	at sqlancer.ProviderAdapter.generateAndTestDatabase(ProviderAdapter.java:40)
	at sqlancer.Main$DBMSExecutor.run(Main.java:315)
	at sqlancer.Main$2.run(Main.java:492)
	at sqlancer.Main$2.runThread(Main.java:474)
	at sqlancer.Main$2.run(Main.java:465)
	at java.base/java.util.concurrent.ThreadPoolExecutor.runWorker(ThreadPoolExecutor.java:1128)
	at java.base/java.util.concurrent.ThreadPoolExecutor$Worker.run(ThreadPoolExecutor.java:628)
	at java.base/java.lang.Thread.run(Thread.java:829)
--java.lang.AssertionError
--	at sqlancer.GlobalState.getSchema(GlobalState.java:134)
--	at sqlancer.duckdb.gen.DuckDBTableGenerator.getQuery(DuckDBTableGenerator.java:25)
--	at sqlancer.duckdb.DuckDBProvider.generateDatabase(DuckDBProvider.java:105)
--	at sqlancer.duckdb.DuckDBProvider.generateDatabase(DuckDBProvider.java:1)
--	at sqlancer.ProviderAdapter.generateAndTestDatabase(ProviderAdapter.java:40)
--	at sqlancer.Main$DBMSExecutor.run(Main.java:315)
--	at sqlancer.Main$2.run(Main.java:492)
--	at sqlancer.Main$2.runThread(Main.java:474)
--	at sqlancer.Main$2.run(Main.java:465)
--	at java.base/java.util.concurrent.ThreadPoolExecutor.runWorker(ThreadPoolExecutor.java:1128)
--	at java.base/java.util.concurrent.ThreadPoolExecutor$Worker.run(ThreadPoolExecutor.java:628)
--	at java.base/java.lang.Thread.run(Thread.java:829)
--
-- Time: 2023/01/30 19:57:32
-- Database: database38
-- Database version: v0.3.2
-- seed value: 38

java.lang.AssertionError
	at sqlancer.GlobalState.getSchema(GlobalState.java:134)
	at sqlancer.duckdb.gen.DuckDBTableGenerator.getQuery(DuckDBTableGenerator.java:25)
	at sqlancer.duckdb.DuckDBProvider.generateDatabase(DuckDBProvider.java:105)
	at sqlancer.duckdb.DuckDBProvider.generateDatabase(DuckDBProvider.java:1)
	at sqlancer.ProviderAdapter.generateAndTestDatabase(ProviderAdapter.java:40)
	at sqlancer.Main$DBMSExecutor.run(Main.java:315)
	at sqlancer.Main$2.run(Main.java:492)
	at sqlancer.Main$2.runThread(Main.java:474)
	at sqlancer.Main$2.run(Main.java:465)
	at java.base/java.util.concurrent.ThreadPoolExecutor.runWorker(ThreadPoolExecutor.java:1128)
	at java.base/java.util.concurrent.ThreadPoolExecutor$Worker.run(ThreadPoolExecutor.java:628)
	at java.base/java.lang.Thread.run(Thread.java:829)
--java.lang.AssertionError
--	at sqlancer.GlobalState.getSchema(GlobalState.java:134)
--	at sqlancer.duckdb.gen.DuckDBTableGenerator.getQuery(DuckDBTableGenerator.java:25)
--	at sqlancer.duckdb.DuckDBProvider.generateDatabase(DuckDBProvider.java:105)
--	at sqlancer.duckdb.DuckDBProvider.generateDatabase(DuckDBProvider.java:1)
--	at sqlancer.ProviderAdapter.generateAndTestDatabase(ProviderAdapter.java:40)
--	at sqlancer.Main$DBMSExecutor.run(Main.java:315)
--	at sqlancer.Main$2.run(Main.java:492)
--	at sqlancer.Main$2.runThread(Main.java:474)
--	at sqlancer.Main$2.run(Main.java:465)
--	at java.base/java.util.concurrent.ThreadPoolExecutor.runWorker(ThreadPoolExecutor.java:1128)
--	at java.base/java.util.concurrent.ThreadPoolExecutor$Worker.run(ThreadPoolExecutor.java:628)
--	at java.base/java.lang.Thread.run(Thread.java:829)
--
-- Time: 2023/01/30 19:57:32
-- Database: database39
-- Database version: v0.3.2
-- seed value: 39

java.lang.AssertionError
	at sqlancer.GlobalState.getSchema(GlobalState.java:134)
	at sqlancer.duckdb.gen.DuckDBTableGenerator.getQuery(DuckDBTableGenerator.java:25)
	at sqlancer.duckdb.DuckDBProvider.generateDatabase(DuckDBProvider.java:105)
	at sqlancer.duckdb.DuckDBProvider.generateDatabase(DuckDBProvider.java:1)
	at sqlancer.ProviderAdapter.generateAndTestDatabase(ProviderAdapter.java:40)
	at sqlancer.Main$DBMSExecutor.run(Main.java:315)
	at sqlancer.Main$2.run(Main.java:492)
	at sqlancer.Main$2.runThread(Main.java:474)
	at sqlancer.Main$2.run(Main.java:465)
	at java.base/java.util.concurrent.ThreadPoolExecutor.runWorker(ThreadPoolExecutor.java:1128)
	at java.base/java.util.concurrent.ThreadPoolExecutor$Worker.run(ThreadPoolExecutor.java:628)
	at java.base/java.lang.Thread.run(Thread.java:829)
--java.lang.AssertionError
--	at sqlancer.GlobalState.getSchema(GlobalState.java:134)
--	at sqlancer.duckdb.gen.DuckDBTableGenerator.getQuery(DuckDBTableGenerator.java:25)
--	at sqlancer.duckdb.DuckDBProvider.generateDatabase(DuckDBProvider.java:105)
--	at sqlancer.duckdb.DuckDBProvider.generateDatabase(DuckDBProvider.java:1)
--	at sqlancer.ProviderAdapter.generateAndTestDatabase(ProviderAdapter.java:40)
--	at sqlancer.Main$DBMSExecutor.run(Main.java:315)
--	at sqlancer.Main$2.run(Main.java:492)
--	at sqlancer.Main$2.runThread(Main.java:474)
--	at sqlancer.Main$2.run(Main.java:465)
--	at java.base/java.util.concurrent.ThreadPoolExecutor.runWorker(ThreadPoolExecutor.java:1128)
--	at java.base/java.util.concurrent.ThreadPoolExecutor$Worker.run(ThreadPoolExecutor.java:628)
--	at java.base/java.lang.Thread.run(Thread.java:829)
--
-- Time: 2023/01/30 19:57:32
-- Database: database40
-- Database version: v0.3.2
-- seed value: 40

java.lang.AssertionError
	at sqlancer.GlobalState.getSchema(GlobalState.java:134)
	at sqlancer.duckdb.gen.DuckDBTableGenerator.getQuery(DuckDBTableGenerator.java:25)
	at sqlancer.duckdb.DuckDBProvider.generateDatabase(DuckDBProvider.java:105)
	at sqlancer.duckdb.DuckDBProvider.generateDatabase(DuckDBProvider.java:1)
	at sqlancer.ProviderAdapter.generateAndTestDatabase(ProviderAdapter.java:40)
	at sqlancer.Main$DBMSExecutor.run(Main.java:315)
	at sqlancer.Main$2.run(Main.java:492)
	at sqlancer.Main$2.runThread(Main.java:474)
	at sqlancer.Main$2.run(Main.java:465)
	at java.base/java.util.concurrent.ThreadPoolExecutor.runWorker(ThreadPoolExecutor.java:1128)
	at java.base/java.util.concurrent.ThreadPoolExecutor$Worker.run(ThreadPoolExecutor.java:628)
	at java.base/java.lang.Thread.run(Thread.java:829)
--java.lang.AssertionError
--	at sqlancer.GlobalState.getSchema(GlobalState.java:134)
--	at sqlancer.duckdb.gen.DuckDBTableGenerator.getQuery(DuckDBTableGenerator.java:25)
--	at sqlancer.duckdb.DuckDBProvider.generateDatabase(DuckDBProvider.java:105)
--	at sqlancer.duckdb.DuckDBProvider.generateDatabase(DuckDBProvider.java:1)
--	at sqlancer.ProviderAdapter.generateAndTestDatabase(ProviderAdapter.java:40)
--	at sqlancer.Main$DBMSExecutor.run(Main.java:315)
--	at sqlancer.Main$2.run(Main.java:492)
--	at sqlancer.Main$2.runThread(Main.java:474)
--	at sqlancer.Main$2.run(Main.java:465)
--	at java.base/java.util.concurrent.ThreadPoolExecutor.runWorker(ThreadPoolExecutor.java:1128)
--	at java.base/java.util.concurrent.ThreadPoolExecutor$Worker.run(ThreadPoolExecutor.java:628)
--	at java.base/java.lang.Thread.run(Thread.java:829)
--
-- Time: 2023/01/30 19:57:32
-- Database: database41
-- Database version: v0.3.2
-- seed value: 41

java.lang.AssertionError
	at sqlancer.GlobalState.getSchema(GlobalState.java:134)
	at sqlancer.duckdb.gen.DuckDBTableGenerator.getQuery(DuckDBTableGenerator.java:25)
	at sqlancer.duckdb.DuckDBProvider.generateDatabase(DuckDBProvider.java:105)
	at sqlancer.duckdb.DuckDBProvider.generateDatabase(DuckDBProvider.java:1)
	at sqlancer.ProviderAdapter.generateAndTestDatabase(ProviderAdapter.java:40)
	at sqlancer.Main$DBMSExecutor.run(Main.java:315)
	at sqlancer.Main$2.run(Main.java:492)
	at sqlancer.Main$2.runThread(Main.java:474)
	at sqlancer.Main$2.run(Main.java:465)
	at java.base/java.util.concurrent.ThreadPoolExecutor.runWorker(ThreadPoolExecutor.java:1128)
	at java.base/java.util.concurrent.ThreadPoolExecutor$Worker.run(ThreadPoolExecutor.java:628)
	at java.base/java.lang.Thread.run(Thread.java:829)
--java.lang.AssertionError
--	at sqlancer.GlobalState.getSchema(GlobalState.java:134)
--	at sqlancer.duckdb.gen.DuckDBTableGenerator.getQuery(DuckDBTableGenerator.java:25)
--	at sqlancer.duckdb.DuckDBProvider.generateDatabase(DuckDBProvider.java:105)
--	at sqlancer.duckdb.DuckDBProvider.generateDatabase(DuckDBProvider.java:1)
--	at sqlancer.ProviderAdapter.generateAndTestDatabase(ProviderAdapter.java:40)
--	at sqlancer.Main$DBMSExecutor.run(Main.java:315)
--	at sqlancer.Main$2.run(Main.java:492)
--	at sqlancer.Main$2.runThread(Main.java:474)
--	at sqlancer.Main$2.run(Main.java:465)
--	at java.base/java.util.concurrent.ThreadPoolExecutor.runWorker(ThreadPoolExecutor.java:1128)
--	at java.base/java.util.concurrent.ThreadPoolExecutor$Worker.run(ThreadPoolExecutor.java:628)
--	at java.base/java.lang.Thread.run(Thread.java:829)
--
-- Time: 2023/01/30 19:57:32
-- Database: database42
-- Database version: v0.3.2
-- seed value: 42

java.lang.AssertionError
	at sqlancer.GlobalState.getSchema(GlobalState.java:134)
	at sqlancer.duckdb.gen.DuckDBTableGenerator.getQuery(DuckDBTableGenerator.java:25)
	at sqlancer.duckdb.DuckDBProvider.generateDatabase(DuckDBProvider.java:105)
	at sqlancer.duckdb.DuckDBProvider.generateDatabase(DuckDBProvider.java:1)
	at sqlancer.ProviderAdapter.generateAndTestDatabase(ProviderAdapter.java:40)
	at sqlancer.Main$DBMSExecutor.run(Main.java:315)
	at sqlancer.Main$2.run(Main.java:492)
	at sqlancer.Main$2.runThread(Main.java:474)
	at sqlancer.Main$2.run(Main.java:465)
	at java.base/java.util.concurrent.ThreadPoolExecutor.runWorker(ThreadPoolExecutor.java:1128)
	at java.base/java.util.concurrent.ThreadPoolExecutor$Worker.run(ThreadPoolExecutor.java:628)
	at java.base/java.lang.Thread.run(Thread.java:829)
--java.lang.AssertionError
--	at sqlancer.GlobalState.getSchema(GlobalState.java:134)
--	at sqlancer.duckdb.gen.DuckDBTableGenerator.getQuery(DuckDBTableGenerator.java:25)
--	at sqlancer.duckdb.DuckDBProvider.generateDatabase(DuckDBProvider.java:105)
--	at sqlancer.duckdb.DuckDBProvider.generateDatabase(DuckDBProvider.java:1)
--	at sqlancer.ProviderAdapter.generateAndTestDatabase(ProviderAdapter.java:40)
--	at sqlancer.Main$DBMSExecutor.run(Main.java:315)
--	at sqlancer.Main$2.run(Main.java:492)
--	at sqlancer.Main$2.runThread(Main.java:474)
--	at sqlancer.Main$2.run(Main.java:465)
--	at java.base/java.util.concurrent.ThreadPoolExecutor.runWorker(ThreadPoolExecutor.java:1128)
--	at java.base/java.util.concurrent.ThreadPoolExecutor$Worker.run(ThreadPoolExecutor.java:628)
--	at java.base/java.lang.Thread.run(Thread.java:829)
--
-- Time: 2023/01/30 19:57:32
-- Database: database43
-- Database version: v0.3.2
-- seed value: 43

java.lang.AssertionError
	at sqlancer.GlobalState.getSchema(GlobalState.java:134)
	at sqlancer.duckdb.gen.DuckDBTableGenerator.getQuery(DuckDBTableGenerator.java:25)
	at sqlancer.duckdb.DuckDBProvider.generateDatabase(DuckDBProvider.java:105)
	at sqlancer.duckdb.DuckDBProvider.generateDatabase(DuckDBProvider.java:1)
	at sqlancer.ProviderAdapter.generateAndTestDatabase(ProviderAdapter.java:40)
	at sqlancer.Main$DBMSExecutor.run(Main.java:315)
	at sqlancer.Main$2.run(Main.java:492)
	at sqlancer.Main$2.runThread(Main.java:474)
	at sqlancer.Main$2.run(Main.java:465)
	at java.base/java.util.concurrent.ThreadPoolExecutor.runWorker(ThreadPoolExecutor.java:1128)
	at java.base/java.util.concurrent.ThreadPoolExecutor$Worker.run(ThreadPoolExecutor.java:628)
	at java.base/java.lang.Thread.run(Thread.java:829)
--java.lang.AssertionError
--	at sqlancer.GlobalState.getSchema(GlobalState.java:134)
--	at sqlancer.duckdb.gen.DuckDBTableGenerator.getQuery(DuckDBTableGenerator.java:25)
--	at sqlancer.duckdb.DuckDBProvider.generateDatabase(DuckDBProvider.java:105)
--	at sqlancer.duckdb.DuckDBProvider.generateDatabase(DuckDBProvider.java:1)
--	at sqlancer.ProviderAdapter.generateAndTestDatabase(ProviderAdapter.java:40)
--	at sqlancer.Main$DBMSExecutor.run(Main.java:315)
--	at sqlancer.Main$2.run(Main.java:492)
--	at sqlancer.Main$2.runThread(Main.java:474)
--	at sqlancer.Main$2.run(Main.java:465)
--	at java.base/java.util.concurrent.ThreadPoolExecutor.runWorker(ThreadPoolExecutor.java:1128)
--	at java.base/java.util.concurrent.ThreadPoolExecutor$Worker.run(ThreadPoolExecutor.java:628)
--	at java.base/java.lang.Thread.run(Thread.java:829)
--
-- Time: 2023/01/30 19:57:32
-- Database: database44
-- Database version: v0.3.2
-- seed value: 44

java.lang.AssertionError
	at sqlancer.GlobalState.getSchema(GlobalState.java:134)
	at sqlancer.duckdb.gen.DuckDBTableGenerator.getQuery(DuckDBTableGenerator.java:25)
	at sqlancer.duckdb.DuckDBProvider.generateDatabase(DuckDBProvider.java:105)
	at sqlancer.duckdb.DuckDBProvider.generateDatabase(DuckDBProvider.java:1)
	at sqlancer.ProviderAdapter.generateAndTestDatabase(ProviderAdapter.java:40)
	at sqlancer.Main$DBMSExecutor.run(Main.java:315)
	at sqlancer.Main$2.run(Main.java:492)
	at sqlancer.Main$2.runThread(Main.java:474)
	at sqlancer.Main$2.run(Main.java:465)
	at java.base/java.util.concurrent.ThreadPoolExecutor.runWorker(ThreadPoolExecutor.java:1128)
	at java.base/java.util.concurrent.ThreadPoolExecutor$Worker.run(ThreadPoolExecutor.java:628)
	at java.base/java.lang.Thread.run(Thread.java:829)
--java.lang.AssertionError
--	at sqlancer.GlobalState.getSchema(GlobalState.java:134)
--	at sqlancer.duckdb.gen.DuckDBTableGenerator.getQuery(DuckDBTableGenerator.java:25)
--	at sqlancer.duckdb.DuckDBProvider.generateDatabase(DuckDBProvider.java:105)
--	at sqlancer.duckdb.DuckDBProvider.generateDatabase(DuckDBProvider.java:1)
--	at sqlancer.ProviderAdapter.generateAndTestDatabase(ProviderAdapter.java:40)
--	at sqlancer.Main$DBMSExecutor.run(Main.java:315)
--	at sqlancer.Main$2.run(Main.java:492)
--	at sqlancer.Main$2.runThread(Main.java:474)
--	at sqlancer.Main$2.run(Main.java:465)
--	at java.base/java.util.concurrent.ThreadPoolExecutor.runWorker(ThreadPoolExecutor.java:1128)
--	at java.base/java.util.concurrent.ThreadPoolExecutor$Worker.run(ThreadPoolExecutor.java:628)
--	at java.base/java.lang.Thread.run(Thread.java:829)
--
-- Time: 2023/01/30 19:57:32
-- Database: database45
-- Database version: v0.3.2
-- seed value: 45

java.lang.AssertionError
	at sqlancer.GlobalState.getSchema(GlobalState.java:134)
	at sqlancer.duckdb.gen.DuckDBTableGenerator.getQuery(DuckDBTableGenerator.java:25)
	at sqlancer.duckdb.DuckDBProvider.generateDatabase(DuckDBProvider.java:105)
	at sqlancer.duckdb.DuckDBProvider.generateDatabase(DuckDBProvider.java:1)
	at sqlancer.ProviderAdapter.generateAndTestDatabase(ProviderAdapter.java:40)
	at sqlancer.Main$DBMSExecutor.run(Main.java:315)
	at sqlancer.Main$2.run(Main.java:492)
	at sqlancer.Main$2.runThread(Main.java:474)
	at sqlancer.Main$2.run(Main.java:465)
	at java.base/java.util.concurrent.ThreadPoolExecutor.runWorker(ThreadPoolExecutor.java:1128)
	at java.base/java.util.concurrent.ThreadPoolExecutor$Worker.run(ThreadPoolExecutor.java:628)
	at java.base/java.lang.Thread.run(Thread.java:829)
--java.lang.AssertionError
--	at sqlancer.GlobalState.getSchema(GlobalState.java:134)
--	at sqlancer.duckdb.gen.DuckDBTableGenerator.getQuery(DuckDBTableGenerator.java:25)
--	at sqlancer.duckdb.DuckDBProvider.generateDatabase(DuckDBProvider.java:105)
--	at sqlancer.duckdb.DuckDBProvider.generateDatabase(DuckDBProvider.java:1)
--	at sqlancer.ProviderAdapter.generateAndTestDatabase(ProviderAdapter.java:40)
--	at sqlancer.Main$DBMSExecutor.run(Main.java:315)
--	at sqlancer.Main$2.run(Main.java:492)
--	at sqlancer.Main$2.runThread(Main.java:474)
--	at sqlancer.Main$2.run(Main.java:465)
--	at java.base/java.util.concurrent.ThreadPoolExecutor.runWorker(ThreadPoolExecutor.java:1128)
--	at java.base/java.util.concurrent.ThreadPoolExecutor$Worker.run(ThreadPoolExecutor.java:628)
--	at java.base/java.lang.Thread.run(Thread.java:829)
--
-- Time: 2023/01/30 19:57:32
-- Database: database46
-- Database version: v0.3.2
-- seed value: 46

java.lang.AssertionError
	at sqlancer.GlobalState.getSchema(GlobalState.java:134)
	at sqlancer.duckdb.gen.DuckDBTableGenerator.getQuery(DuckDBTableGenerator.java:25)
	at sqlancer.duckdb.DuckDBProvider.generateDatabase(DuckDBProvider.java:105)
	at sqlancer.duckdb.DuckDBProvider.generateDatabase(DuckDBProvider.java:1)
	at sqlancer.ProviderAdapter.generateAndTestDatabase(ProviderAdapter.java:40)
	at sqlancer.Main$DBMSExecutor.run(Main.java:315)
	at sqlancer.Main$2.run(Main.java:492)
	at sqlancer.Main$2.runThread(Main.java:474)
	at sqlancer.Main$2.run(Main.java:465)
	at java.base/java.util.concurrent.ThreadPoolExecutor.runWorker(ThreadPoolExecutor.java:1128)
	at java.base/java.util.concurrent.ThreadPoolExecutor$Worker.run(ThreadPoolExecutor.java:628)
	at java.base/java.lang.Thread.run(Thread.java:829)
--java.lang.AssertionError
--	at sqlancer.GlobalState.getSchema(GlobalState.java:134)
--	at sqlancer.duckdb.gen.DuckDBTableGenerator.getQuery(DuckDBTableGenerator.java:25)
--	at sqlancer.duckdb.DuckDBProvider.generateDatabase(DuckDBProvider.java:105)
--	at sqlancer.duckdb.DuckDBProvider.generateDatabase(DuckDBProvider.java:1)
--	at sqlancer.ProviderAdapter.generateAndTestDatabase(ProviderAdapter.java:40)
--	at sqlancer.Main$DBMSExecutor.run(Main.java:315)
--	at sqlancer.Main$2.run(Main.java:492)
--	at sqlancer.Main$2.runThread(Main.java:474)
--	at sqlancer.Main$2.run(Main.java:465)
--	at java.base/java.util.concurrent.ThreadPoolExecutor.runWorker(ThreadPoolExecutor.java:1128)
--	at java.base/java.util.concurrent.ThreadPoolExecutor$Worker.run(ThreadPoolExecutor.java:628)
--	at java.base/java.lang.Thread.run(Thread.java:829)
--
-- Time: 2023/01/30 19:57:33
-- Database: database47
-- Database version: v0.3.2
-- seed value: 47

java.lang.AssertionError
	at sqlancer.GlobalState.getSchema(GlobalState.java:134)
	at sqlancer.duckdb.gen.DuckDBTableGenerator.getQuery(DuckDBTableGenerator.java:25)
	at sqlancer.duckdb.DuckDBProvider.generateDatabase(DuckDBProvider.java:105)
	at sqlancer.duckdb.DuckDBProvider.generateDatabase(DuckDBProvider.java:1)
	at sqlancer.ProviderAdapter.generateAndTestDatabase(ProviderAdapter.java:40)
	at sqlancer.Main$DBMSExecutor.run(Main.java:315)
	at sqlancer.Main$2.run(Main.java:492)
	at sqlancer.Main$2.runThread(Main.java:474)
	at sqlancer.Main$2.run(Main.java:465)
	at java.base/java.util.concurrent.ThreadPoolExecutor.runWorker(ThreadPoolExecutor.java:1128)
	at java.base/java.util.concurrent.ThreadPoolExecutor$Worker.run(ThreadPoolExecutor.java:628)
	at java.base/java.lang.Thread.run(Thread.java:829)
--java.lang.AssertionError
--	at sqlancer.GlobalState.getSchema(GlobalState.java:134)
--	at sqlancer.duckdb.gen.DuckDBTableGenerator.getQuery(DuckDBTableGenerator.java:25)
--	at sqlancer.duckdb.DuckDBProvider.generateDatabase(DuckDBProvider.java:105)
--	at sqlancer.duckdb.DuckDBProvider.generateDatabase(DuckDBProvider.java:1)
--	at sqlancer.ProviderAdapter.generateAndTestDatabase(ProviderAdapter.java:40)
--	at sqlancer.Main$DBMSExecutor.run(Main.java:315)
--	at sqlancer.Main$2.run(Main.java:492)
--	at sqlancer.Main$2.runThread(Main.java:474)
--	at sqlancer.Main$2.run(Main.java:465)
--	at java.base/java.util.concurrent.ThreadPoolExecutor.runWorker(ThreadPoolExecutor.java:1128)
--	at java.base/java.util.concurrent.ThreadPoolExecutor$Worker.run(ThreadPoolExecutor.java:628)
--	at java.base/java.lang.Thread.run(Thread.java:829)
--
-- Time: 2023/01/30 19:57:33
-- Database: database48
-- Database version: v0.3.2
-- seed value: 48

java.lang.AssertionError
	at sqlancer.GlobalState.getSchema(GlobalState.java:134)
	at sqlancer.duckdb.gen.DuckDBTableGenerator.getQuery(DuckDBTableGenerator.java:25)
	at sqlancer.duckdb.DuckDBProvider.generateDatabase(DuckDBProvider.java:105)
	at sqlancer.duckdb.DuckDBProvider.generateDatabase(DuckDBProvider.java:1)
	at sqlancer.ProviderAdapter.generateAndTestDatabase(ProviderAdapter.java:40)
	at sqlancer.Main$DBMSExecutor.run(Main.java:315)
	at sqlancer.Main$2.run(Main.java:492)
	at sqlancer.Main$2.runThread(Main.java:474)
	at sqlancer.Main$2.run(Main.java:465)
	at java.base/java.util.concurrent.ThreadPoolExecutor.runWorker(ThreadPoolExecutor.java:1128)
	at java.base/java.util.concurrent.ThreadPoolExecutor$Worker.run(ThreadPoolExecutor.java:628)
	at java.base/java.lang.Thread.run(Thread.java:829)
--java.lang.AssertionError
--	at sqlancer.GlobalState.getSchema(GlobalState.java:134)
--	at sqlancer.duckdb.gen.DuckDBTableGenerator.getQuery(DuckDBTableGenerator.java:25)
--	at sqlancer.duckdb.DuckDBProvider.generateDatabase(DuckDBProvider.java:105)
--	at sqlancer.duckdb.DuckDBProvider.generateDatabase(DuckDBProvider.java:1)
--	at sqlancer.ProviderAdapter.generateAndTestDatabase(ProviderAdapter.java:40)
--	at sqlancer.Main$DBMSExecutor.run(Main.java:315)
--	at sqlancer.Main$2.run(Main.java:492)
--	at sqlancer.Main$2.runThread(Main.java:474)
--	at sqlancer.Main$2.run(Main.java:465)
--	at java.base/java.util.concurrent.ThreadPoolExecutor.runWorker(ThreadPoolExecutor.java:1128)
--	at java.base/java.util.concurrent.ThreadPoolExecutor$Worker.run(ThreadPoolExecutor.java:628)
--	at java.base/java.lang.Thread.run(Thread.java:829)
--
-- Time: 2023/01/30 19:57:33
-- Database: database49
-- Database version: v0.3.2
-- seed value: 49

java.lang.AssertionError
	at sqlancer.GlobalState.getSchema(GlobalState.java:134)
	at sqlancer.duckdb.gen.DuckDBTableGenerator.getQuery(DuckDBTableGenerator.java:25)
	at sqlancer.duckdb.DuckDBProvider.generateDatabase(DuckDBProvider.java:105)
	at sqlancer.duckdb.DuckDBProvider.generateDatabase(DuckDBProvider.java:1)
	at sqlancer.ProviderAdapter.generateAndTestDatabase(ProviderAdapter.java:40)
	at sqlancer.Main$DBMSExecutor.run(Main.java:315)
	at sqlancer.Main$2.run(Main.java:492)
	at sqlancer.Main$2.runThread(Main.java:474)
	at sqlancer.Main$2.run(Main.java:465)
	at java.base/java.util.concurrent.ThreadPoolExecutor.runWorker(ThreadPoolExecutor.java:1128)
	at java.base/java.util.concurrent.ThreadPoolExecutor$Worker.run(ThreadPoolExecutor.java:628)
	at java.base/java.lang.Thread.run(Thread.java:829)
--java.lang.AssertionError
--	at sqlancer.GlobalState.getSchema(GlobalState.java:134)
--	at sqlancer.duckdb.gen.DuckDBTableGenerator.getQuery(DuckDBTableGenerator.java:25)
--	at sqlancer.duckdb.DuckDBProvider.generateDatabase(DuckDBProvider.java:105)
--	at sqlancer.duckdb.DuckDBProvider.generateDatabase(DuckDBProvider.java:1)
--	at sqlancer.ProviderAdapter.generateAndTestDatabase(ProviderAdapter.java:40)
--	at sqlancer.Main$DBMSExecutor.run(Main.java:315)
--	at sqlancer.Main$2.run(Main.java:492)
--	at sqlancer.Main$2.runThread(Main.java:474)
--	at sqlancer.Main$2.run(Main.java:465)
--	at java.base/java.util.concurrent.ThreadPoolExecutor.runWorker(ThreadPoolExecutor.java:1128)
--	at java.base/java.util.concurrent.ThreadPoolExecutor$Worker.run(ThreadPoolExecutor.java:628)
--	at java.base/java.lang.Thread.run(Thread.java:829)
--
-- Time: 2023/01/30 19:57:33
-- Database: database50
-- Database version: v0.3.2
-- seed value: 50

java.lang.AssertionError
	at sqlancer.GlobalState.getSchema(GlobalState.java:134)
	at sqlancer.duckdb.gen.DuckDBTableGenerator.getQuery(DuckDBTableGenerator.java:25)
	at sqlancer.duckdb.DuckDBProvider.generateDatabase(DuckDBProvider.java:105)
	at sqlancer.duckdb.DuckDBProvider.generateDatabase(DuckDBProvider.java:1)
	at sqlancer.ProviderAdapter.generateAndTestDatabase(ProviderAdapter.java:40)
	at sqlancer.Main$DBMSExecutor.run(Main.java:315)
	at sqlancer.Main$2.run(Main.java:492)
	at sqlancer.Main$2.runThread(Main.java:474)
	at sqlancer.Main$2.run(Main.java:465)
	at java.base/java.util.concurrent.ThreadPoolExecutor.runWorker(ThreadPoolExecutor.java:1128)
	at java.base/java.util.concurrent.ThreadPoolExecutor$Worker.run(ThreadPoolExecutor.java:628)
	at java.base/java.lang.Thread.run(Thread.java:829)
--java.lang.AssertionError
--	at sqlancer.GlobalState.getSchema(GlobalState.java:134)
--	at sqlancer.duckdb.gen.DuckDBTableGenerator.getQuery(DuckDBTableGenerator.java:25)
--	at sqlancer.duckdb.DuckDBProvider.generateDatabase(DuckDBProvider.java:105)
--	at sqlancer.duckdb.DuckDBProvider.generateDatabase(DuckDBProvider.java:1)
--	at sqlancer.ProviderAdapter.generateAndTestDatabase(ProviderAdapter.java:40)
--	at sqlancer.Main$DBMSExecutor.run(Main.java:315)
--	at sqlancer.Main$2.run(Main.java:492)
--	at sqlancer.Main$2.runThread(Main.java:474)
--	at sqlancer.Main$2.run(Main.java:465)
--	at java.base/java.util.concurrent.ThreadPoolExecutor.runWorker(ThreadPoolExecutor.java:1128)
--	at java.base/java.util.concurrent.ThreadPoolExecutor$Worker.run(ThreadPoolExecutor.java:628)
--	at java.base/java.lang.Thread.run(Thread.java:829)
--
-- Time: 2023/01/30 19:57:33
-- Database: database51
-- Database version: v0.3.2
-- seed value: 51

java.lang.AssertionError
	at sqlancer.GlobalState.getSchema(GlobalState.java:134)
	at sqlancer.duckdb.gen.DuckDBTableGenerator.getQuery(DuckDBTableGenerator.java:25)
	at sqlancer.duckdb.DuckDBProvider.generateDatabase(DuckDBProvider.java:105)
	at sqlancer.duckdb.DuckDBProvider.generateDatabase(DuckDBProvider.java:1)
	at sqlancer.ProviderAdapter.generateAndTestDatabase(ProviderAdapter.java:40)
	at sqlancer.Main$DBMSExecutor.run(Main.java:315)
	at sqlancer.Main$2.run(Main.java:492)
	at sqlancer.Main$2.runThread(Main.java:474)
	at sqlancer.Main$2.run(Main.java:465)
	at java.base/java.util.concurrent.ThreadPoolExecutor.runWorker(ThreadPoolExecutor.java:1128)
	at java.base/java.util.concurrent.ThreadPoolExecutor$Worker.run(ThreadPoolExecutor.java:628)
	at java.base/java.lang.Thread.run(Thread.java:829)
--java.lang.AssertionError
--	at sqlancer.GlobalState.getSchema(GlobalState.java:134)
--	at sqlancer.duckdb.gen.DuckDBTableGenerator.getQuery(DuckDBTableGenerator.java:25)
--	at sqlancer.duckdb.DuckDBProvider.generateDatabase(DuckDBProvider.java:105)
--	at sqlancer.duckdb.DuckDBProvider.generateDatabase(DuckDBProvider.java:1)
--	at sqlancer.ProviderAdapter.generateAndTestDatabase(ProviderAdapter.java:40)
--	at sqlancer.Main$DBMSExecutor.run(Main.java:315)
--	at sqlancer.Main$2.run(Main.java:492)
--	at sqlancer.Main$2.runThread(Main.java:474)
--	at sqlancer.Main$2.run(Main.java:465)
--	at java.base/java.util.concurrent.ThreadPoolExecutor.runWorker(ThreadPoolExecutor.java:1128)
--	at java.base/java.util.concurrent.ThreadPoolExecutor$Worker.run(ThreadPoolExecutor.java:628)
--	at java.base/java.lang.Thread.run(Thread.java:829)
--
-- Time: 2023/01/30 19:57:33
-- Database: database52
-- Database version: v0.3.2
-- seed value: 52

java.lang.AssertionError
	at sqlancer.GlobalState.getSchema(GlobalState.java:134)
	at sqlancer.duckdb.gen.DuckDBTableGenerator.getQuery(DuckDBTableGenerator.java:25)
	at sqlancer.duckdb.DuckDBProvider.generateDatabase(DuckDBProvider.java:105)
	at sqlancer.duckdb.DuckDBProvider.generateDatabase(DuckDBProvider.java:1)
	at sqlancer.ProviderAdapter.generateAndTestDatabase(ProviderAdapter.java:40)
	at sqlancer.Main$DBMSExecutor.run(Main.java:315)
	at sqlancer.Main$2.run(Main.java:492)
	at sqlancer.Main$2.runThread(Main.java:474)
	at sqlancer.Main$2.run(Main.java:465)
	at java.base/java.util.concurrent.ThreadPoolExecutor.runWorker(ThreadPoolExecutor.java:1128)
	at java.base/java.util.concurrent.ThreadPoolExecutor$Worker.run(ThreadPoolExecutor.java:628)
	at java.base/java.lang.Thread.run(Thread.java:829)
--java.lang.AssertionError
--	at sqlancer.GlobalState.getSchema(GlobalState.java:134)
--	at sqlancer.duckdb.gen.DuckDBTableGenerator.getQuery(DuckDBTableGenerator.java:25)
--	at sqlancer.duckdb.DuckDBProvider.generateDatabase(DuckDBProvider.java:105)
--	at sqlancer.duckdb.DuckDBProvider.generateDatabase(DuckDBProvider.java:1)
--	at sqlancer.ProviderAdapter.generateAndTestDatabase(ProviderAdapter.java:40)
--	at sqlancer.Main$DBMSExecutor.run(Main.java:315)
--	at sqlancer.Main$2.run(Main.java:492)
--	at sqlancer.Main$2.runThread(Main.java:474)
--	at sqlancer.Main$2.run(Main.java:465)
--	at java.base/java.util.concurrent.ThreadPoolExecutor.runWorker(ThreadPoolExecutor.java:1128)
--	at java.base/java.util.concurrent.ThreadPoolExecutor$Worker.run(ThreadPoolExecutor.java:628)
--	at java.base/java.lang.Thread.run(Thread.java:829)
--
-- Time: 2023/01/30 19:57:33
-- Database: database53
-- Database version: v0.3.2
-- seed value: 53

java.lang.AssertionError
	at sqlancer.GlobalState.getSchema(GlobalState.java:134)
	at sqlancer.duckdb.gen.DuckDBTableGenerator.getQuery(DuckDBTableGenerator.java:25)
	at sqlancer.duckdb.DuckDBProvider.generateDatabase(DuckDBProvider.java:105)
	at sqlancer.duckdb.DuckDBProvider.generateDatabase(DuckDBProvider.java:1)
	at sqlancer.ProviderAdapter.generateAndTestDatabase(ProviderAdapter.java:40)
	at sqlancer.Main$DBMSExecutor.run(Main.java:315)
	at sqlancer.Main$2.run(Main.java:492)
	at sqlancer.Main$2.runThread(Main.java:474)
	at sqlancer.Main$2.run(Main.java:465)
	at java.base/java.util.concurrent.ThreadPoolExecutor.runWorker(ThreadPoolExecutor.java:1128)
	at java.base/java.util.concurrent.ThreadPoolExecutor$Worker.run(ThreadPoolExecutor.java:628)
	at java.base/java.lang.Thread.run(Thread.java:829)
--java.lang.AssertionError
--	at sqlancer.GlobalState.getSchema(GlobalState.java:134)
--	at sqlancer.duckdb.gen.DuckDBTableGenerator.getQuery(DuckDBTableGenerator.java:25)
--	at sqlancer.duckdb.DuckDBProvider.generateDatabase(DuckDBProvider.java:105)
--	at sqlancer.duckdb.DuckDBProvider.generateDatabase(DuckDBProvider.java:1)
--	at sqlancer.ProviderAdapter.generateAndTestDatabase(ProviderAdapter.java:40)
--	at sqlancer.Main$DBMSExecutor.run(Main.java:315)
--	at sqlancer.Main$2.run(Main.java:492)
--	at sqlancer.Main$2.runThread(Main.java:474)
--	at sqlancer.Main$2.run(Main.java:465)
--	at java.base/java.util.concurrent.ThreadPoolExecutor.runWorker(ThreadPoolExecutor.java:1128)
--	at java.base/java.util.concurrent.ThreadPoolExecutor$Worker.run(ThreadPoolExecutor.java:628)
--	at java.base/java.lang.Thread.run(Thread.java:829)
--
-- Time: 2023/01/30 19:57:33
-- Database: database54
-- Database version: v0.3.2
-- seed value: 54

java.lang.AssertionError
	at sqlancer.GlobalState.getSchema(GlobalState.java:134)
	at sqlancer.duckdb.gen.DuckDBTableGenerator.getQuery(DuckDBTableGenerator.java:25)
	at sqlancer.duckdb.DuckDBProvider.generateDatabase(DuckDBProvider.java:105)
	at sqlancer.duckdb.DuckDBProvider.generateDatabase(DuckDBProvider.java:1)
	at sqlancer.ProviderAdapter.generateAndTestDatabase(ProviderAdapter.java:40)
	at sqlancer.Main$DBMSExecutor.run(Main.java:315)
	at sqlancer.Main$2.run(Main.java:492)
	at sqlancer.Main$2.runThread(Main.java:474)
	at sqlancer.Main$2.run(Main.java:465)
	at java.base/java.util.concurrent.ThreadPoolExecutor.runWorker(ThreadPoolExecutor.java:1128)
	at java.base/java.util.concurrent.ThreadPoolExecutor$Worker.run(ThreadPoolExecutor.java:628)
	at java.base/java.lang.Thread.run(Thread.java:829)
--java.lang.AssertionError
--	at sqlancer.GlobalState.getSchema(GlobalState.java:134)
--	at sqlancer.duckdb.gen.DuckDBTableGenerator.getQuery(DuckDBTableGenerator.java:25)
--	at sqlancer.duckdb.DuckDBProvider.generateDatabase(DuckDBProvider.java:105)
--	at sqlancer.duckdb.DuckDBProvider.generateDatabase(DuckDBProvider.java:1)
--	at sqlancer.ProviderAdapter.generateAndTestDatabase(ProviderAdapter.java:40)
--	at sqlancer.Main$DBMSExecutor.run(Main.java:315)
--	at sqlancer.Main$2.run(Main.java:492)
--	at sqlancer.Main$2.runThread(Main.java:474)
--	at sqlancer.Main$2.run(Main.java:465)
--	at java.base/java.util.concurrent.ThreadPoolExecutor.runWorker(ThreadPoolExecutor.java:1128)
--	at java.base/java.util.concurrent.ThreadPoolExecutor$Worker.run(ThreadPoolExecutor.java:628)
--	at java.base/java.lang.Thread.run(Thread.java:829)
--
-- Time: 2023/01/30 19:57:33
-- Database: database55
-- Database version: v0.3.2
-- seed value: 55

java.lang.AssertionError
	at sqlancer.GlobalState.getSchema(GlobalState.java:134)
	at sqlancer.duckdb.gen.DuckDBTableGenerator.getQuery(DuckDBTableGenerator.java:25)
	at sqlancer.duckdb.DuckDBProvider.generateDatabase(DuckDBProvider.java:105)
	at sqlancer.duckdb.DuckDBProvider.generateDatabase(DuckDBProvider.java:1)
	at sqlancer.ProviderAdapter.generateAndTestDatabase(ProviderAdapter.java:40)
	at sqlancer.Main$DBMSExecutor.run(Main.java:315)
	at sqlancer.Main$2.run(Main.java:492)
	at sqlancer.Main$2.runThread(Main.java:474)
	at sqlancer.Main$2.run(Main.java:465)
	at java.base/java.util.concurrent.ThreadPoolExecutor.runWorker(ThreadPoolExecutor.java:1128)
	at java.base/java.util.concurrent.ThreadPoolExecutor$Worker.run(ThreadPoolExecutor.java:628)
	at java.base/java.lang.Thread.run(Thread.java:829)
--java.lang.AssertionError
--	at sqlancer.GlobalState.getSchema(GlobalState.java:134)
--	at sqlancer.duckdb.gen.DuckDBTableGenerator.getQuery(DuckDBTableGenerator.java:25)
--	at sqlancer.duckdb.DuckDBProvider.generateDatabase(DuckDBProvider.java:105)
--	at sqlancer.duckdb.DuckDBProvider.generateDatabase(DuckDBProvider.java:1)
--	at sqlancer.ProviderAdapter.generateAndTestDatabase(ProviderAdapter.java:40)
--	at sqlancer.Main$DBMSExecutor.run(Main.java:315)
--	at sqlancer.Main$2.run(Main.java:492)
--	at sqlancer.Main$2.runThread(Main.java:474)
--	at sqlancer.Main$2.run(Main.java:465)
--	at java.base/java.util.concurrent.ThreadPoolExecutor.runWorker(ThreadPoolExecutor.java:1128)
--	at java.base/java.util.concurrent.ThreadPoolExecutor$Worker.run(ThreadPoolExecutor.java:628)
--	at java.base/java.lang.Thread.run(Thread.java:829)
--
-- Time: 2023/01/30 19:57:33
-- Database: database56
-- Database version: v0.3.2
-- seed value: 56

java.lang.AssertionError
	at sqlancer.GlobalState.getSchema(GlobalState.java:134)
	at sqlancer.duckdb.gen.DuckDBTableGenerator.getQuery(DuckDBTableGenerator.java:25)
	at sqlancer.duckdb.DuckDBProvider.generateDatabase(DuckDBProvider.java:105)
	at sqlancer.duckdb.DuckDBProvider.generateDatabase(DuckDBProvider.java:1)
	at sqlancer.ProviderAdapter.generateAndTestDatabase(ProviderAdapter.java:40)
	at sqlancer.Main$DBMSExecutor.run(Main.java:315)
	at sqlancer.Main$2.run(Main.java:492)
	at sqlancer.Main$2.runThread(Main.java:474)
	at sqlancer.Main$2.run(Main.java:465)
	at java.base/java.util.concurrent.ThreadPoolExecutor.runWorker(ThreadPoolExecutor.java:1128)
	at java.base/java.util.concurrent.ThreadPoolExecutor$Worker.run(ThreadPoolExecutor.java:628)
	at java.base/java.lang.Thread.run(Thread.java:829)
--java.lang.AssertionError
--	at sqlancer.GlobalState.getSchema(GlobalState.java:134)
--	at sqlancer.duckdb.gen.DuckDBTableGenerator.getQuery(DuckDBTableGenerator.java:25)
--	at sqlancer.duckdb.DuckDBProvider.generateDatabase(DuckDBProvider.java:105)
--	at sqlancer.duckdb.DuckDBProvider.generateDatabase(DuckDBProvider.java:1)
--	at sqlancer.ProviderAdapter.generateAndTestDatabase(ProviderAdapter.java:40)
--	at sqlancer.Main$DBMSExecutor.run(Main.java:315)
--	at sqlancer.Main$2.run(Main.java:492)
--	at sqlancer.Main$2.runThread(Main.java:474)
--	at sqlancer.Main$2.run(Main.java:465)
--	at java.base/java.util.concurrent.ThreadPoolExecutor.runWorker(ThreadPoolExecutor.java:1128)
--	at java.base/java.util.concurrent.ThreadPoolExecutor$Worker.run(ThreadPoolExecutor.java:628)
--	at java.base/java.lang.Thread.run(Thread.java:829)
--
-- Time: 2023/01/30 19:57:33
-- Database: database57
-- Database version: v0.3.2
-- seed value: 57

java.lang.AssertionError
	at sqlancer.GlobalState.getSchema(GlobalState.java:134)
	at sqlancer.duckdb.gen.DuckDBTableGenerator.getQuery(DuckDBTableGenerator.java:25)
	at sqlancer.duckdb.DuckDBProvider.generateDatabase(DuckDBProvider.java:105)
	at sqlancer.duckdb.DuckDBProvider.generateDatabase(DuckDBProvider.java:1)
	at sqlancer.ProviderAdapter.generateAndTestDatabase(ProviderAdapter.java:40)
	at sqlancer.Main$DBMSExecutor.run(Main.java:315)
	at sqlancer.Main$2.run(Main.java:492)
	at sqlancer.Main$2.runThread(Main.java:474)
	at sqlancer.Main$2.run(Main.java:465)
	at java.base/java.util.concurrent.ThreadPoolExecutor.runWorker(ThreadPoolExecutor.java:1128)
	at java.base/java.util.concurrent.ThreadPoolExecutor$Worker.run(ThreadPoolExecutor.java:628)
	at java.base/java.lang.Thread.run(Thread.java:829)
--java.lang.AssertionError
--	at sqlancer.GlobalState.getSchema(GlobalState.java:134)
--	at sqlancer.duckdb.gen.DuckDBTableGenerator.getQuery(DuckDBTableGenerator.java:25)
--	at sqlancer.duckdb.DuckDBProvider.generateDatabase(DuckDBProvider.java:105)
--	at sqlancer.duckdb.DuckDBProvider.generateDatabase(DuckDBProvider.java:1)
--	at sqlancer.ProviderAdapter.generateAndTestDatabase(ProviderAdapter.java:40)
--	at sqlancer.Main$DBMSExecutor.run(Main.java:315)
--	at sqlancer.Main$2.run(Main.java:492)
--	at sqlancer.Main$2.runThread(Main.java:474)
--	at sqlancer.Main$2.run(Main.java:465)
--	at java.base/java.util.concurrent.ThreadPoolExecutor.runWorker(ThreadPoolExecutor.java:1128)
--	at java.base/java.util.concurrent.ThreadPoolExecutor$Worker.run(ThreadPoolExecutor.java:628)
--	at java.base/java.lang.Thread.run(Thread.java:829)
--
-- Time: 2023/01/30 19:57:33
-- Database: database58
-- Database version: v0.3.2
-- seed value: 58

java.lang.AssertionError
	at sqlancer.GlobalState.getSchema(GlobalState.java:134)
	at sqlancer.duckdb.gen.DuckDBTableGenerator.getQuery(DuckDBTableGenerator.java:25)
	at sqlancer.duckdb.DuckDBProvider.generateDatabase(DuckDBProvider.java:105)
	at sqlancer.duckdb.DuckDBProvider.generateDatabase(DuckDBProvider.java:1)
	at sqlancer.ProviderAdapter.generateAndTestDatabase(ProviderAdapter.java:40)
	at sqlancer.Main$DBMSExecutor.run(Main.java:315)
	at sqlancer.Main$2.run(Main.java:492)
	at sqlancer.Main$2.runThread(Main.java:474)
	at sqlancer.Main$2.run(Main.java:465)
	at java.base/java.util.concurrent.ThreadPoolExecutor.runWorker(ThreadPoolExecutor.java:1128)
	at java.base/java.util.concurrent.ThreadPoolExecutor$Worker.run(ThreadPoolExecutor.java:628)
	at java.base/java.lang.Thread.run(Thread.java:829)
--java.lang.AssertionError
--	at sqlancer.GlobalState.getSchema(GlobalState.java:134)
--	at sqlancer.duckdb.gen.DuckDBTableGenerator.getQuery(DuckDBTableGenerator.java:25)
--	at sqlancer.duckdb.DuckDBProvider.generateDatabase(DuckDBProvider.java:105)
--	at sqlancer.duckdb.DuckDBProvider.generateDatabase(DuckDBProvider.java:1)
--	at sqlancer.ProviderAdapter.generateAndTestDatabase(ProviderAdapter.java:40)
--	at sqlancer.Main$DBMSExecutor.run(Main.java:315)
--	at sqlancer.Main$2.run(Main.java:492)
--	at sqlancer.Main$2.runThread(Main.java:474)
--	at sqlancer.Main$2.run(Main.java:465)
--	at java.base/java.util.concurrent.ThreadPoolExecutor.runWorker(ThreadPoolExecutor.java:1128)
--	at java.base/java.util.concurrent.ThreadPoolExecutor$Worker.run(ThreadPoolExecutor.java:628)
--	at java.base/java.lang.Thread.run(Thread.java:829)
--
-- Time: 2023/01/30 19:57:33
-- Database: database59
-- Database version: v0.3.2
-- seed value: 59

java.lang.AssertionError
	at sqlancer.GlobalState.getSchema(GlobalState.java:134)
	at sqlancer.duckdb.gen.DuckDBTableGenerator.getQuery(DuckDBTableGenerator.java:25)
	at sqlancer.duckdb.DuckDBProvider.generateDatabase(DuckDBProvider.java:105)
	at sqlancer.duckdb.DuckDBProvider.generateDatabase(DuckDBProvider.java:1)
	at sqlancer.ProviderAdapter.generateAndTestDatabase(ProviderAdapter.java:40)
	at sqlancer.Main$DBMSExecutor.run(Main.java:315)
	at sqlancer.Main$2.run(Main.java:492)
	at sqlancer.Main$2.runThread(Main.java:474)
	at sqlancer.Main$2.run(Main.java:465)
	at java.base/java.util.concurrent.ThreadPoolExecutor.runWorker(ThreadPoolExecutor.java:1128)
	at java.base/java.util.concurrent.ThreadPoolExecutor$Worker.run(ThreadPoolExecutor.java:628)
	at java.base/java.lang.Thread.run(Thread.java:829)
--java.lang.AssertionError
--	at sqlancer.GlobalState.getSchema(GlobalState.java:134)
--	at sqlancer.duckdb.gen.DuckDBTableGenerator.getQuery(DuckDBTableGenerator.java:25)
--	at sqlancer.duckdb.DuckDBProvider.generateDatabase(DuckDBProvider.java:105)
--	at sqlancer.duckdb.DuckDBProvider.generateDatabase(DuckDBProvider.java:1)
--	at sqlancer.ProviderAdapter.generateAndTestDatabase(ProviderAdapter.java:40)
--	at sqlancer.Main$DBMSExecutor.run(Main.java:315)
--	at sqlancer.Main$2.run(Main.java:492)
--	at sqlancer.Main$2.runThread(Main.java:474)
--	at sqlancer.Main$2.run(Main.java:465)
--	at java.base/java.util.concurrent.ThreadPoolExecutor.runWorker(ThreadPoolExecutor.java:1128)
--	at java.base/java.util.concurrent.ThreadPoolExecutor$Worker.run(ThreadPoolExecutor.java:628)
--	at java.base/java.lang.Thread.run(Thread.java:829)
--
-- Time: 2023/01/30 19:57:33
-- Database: database60
-- Database version: v0.3.2
-- seed value: 60

java.lang.AssertionError
	at sqlancer.GlobalState.getSchema(GlobalState.java:134)
	at sqlancer.duckdb.gen.DuckDBTableGenerator.getQuery(DuckDBTableGenerator.java:25)
	at sqlancer.duckdb.DuckDBProvider.generateDatabase(DuckDBProvider.java:105)
	at sqlancer.duckdb.DuckDBProvider.generateDatabase(DuckDBProvider.java:1)
	at sqlancer.ProviderAdapter.generateAndTestDatabase(ProviderAdapter.java:40)
	at sqlancer.Main$DBMSExecutor.run(Main.java:315)
	at sqlancer.Main$2.run(Main.java:492)
	at sqlancer.Main$2.runThread(Main.java:474)
	at sqlancer.Main$2.run(Main.java:465)
	at java.base/java.util.concurrent.ThreadPoolExecutor.runWorker(ThreadPoolExecutor.java:1128)
	at java.base/java.util.concurrent.ThreadPoolExecutor$Worker.run(ThreadPoolExecutor.java:628)
	at java.base/java.lang.Thread.run(Thread.java:829)
--java.lang.AssertionError
--	at sqlancer.GlobalState.getSchema(GlobalState.java:134)
--	at sqlancer.duckdb.gen.DuckDBTableGenerator.getQuery(DuckDBTableGenerator.java:25)
--	at sqlancer.duckdb.DuckDBProvider.generateDatabase(DuckDBProvider.java:105)
--	at sqlancer.duckdb.DuckDBProvider.generateDatabase(DuckDBProvider.java:1)
--	at sqlancer.ProviderAdapter.generateAndTestDatabase(ProviderAdapter.java:40)
--	at sqlancer.Main$DBMSExecutor.run(Main.java:315)
--	at sqlancer.Main$2.run(Main.java:492)
--	at sqlancer.Main$2.runThread(Main.java:474)
--	at sqlancer.Main$2.run(Main.java:465)
--	at java.base/java.util.concurrent.ThreadPoolExecutor.runWorker(ThreadPoolExecutor.java:1128)
--	at java.base/java.util.concurrent.ThreadPoolExecutor$Worker.run(ThreadPoolExecutor.java:628)
--	at java.base/java.lang.Thread.run(Thread.java:829)
--
-- Time: 2023/01/30 19:57:33
-- Database: database61
-- Database version: v0.3.2
-- seed value: 61

java.lang.AssertionError
	at sqlancer.GlobalState.getSchema(GlobalState.java:134)
	at sqlancer.duckdb.gen.DuckDBTableGenerator.getQuery(DuckDBTableGenerator.java:25)
	at sqlancer.duckdb.DuckDBProvider.generateDatabase(DuckDBProvider.java:105)
	at sqlancer.duckdb.DuckDBProvider.generateDatabase(DuckDBProvider.java:1)
	at sqlancer.ProviderAdapter.generateAndTestDatabase(ProviderAdapter.java:40)
	at sqlancer.Main$DBMSExecutor.run(Main.java:315)
	at sqlancer.Main$2.run(Main.java:492)
	at sqlancer.Main$2.runThread(Main.java:474)
	at sqlancer.Main$2.run(Main.java:465)
	at java.base/java.util.concurrent.ThreadPoolExecutor.runWorker(ThreadPoolExecutor.java:1128)
	at java.base/java.util.concurrent.ThreadPoolExecutor$Worker.run(ThreadPoolExecutor.java:628)
	at java.base/java.lang.Thread.run(Thread.java:829)
--java.lang.AssertionError
--	at sqlancer.GlobalState.getSchema(GlobalState.java:134)
--	at sqlancer.duckdb.gen.DuckDBTableGenerator.getQuery(DuckDBTableGenerator.java:25)
--	at sqlancer.duckdb.DuckDBProvider.generateDatabase(DuckDBProvider.java:105)
--	at sqlancer.duckdb.DuckDBProvider.generateDatabase(DuckDBProvider.java:1)
--	at sqlancer.ProviderAdapter.generateAndTestDatabase(ProviderAdapter.java:40)
--	at sqlancer.Main$DBMSExecutor.run(Main.java:315)
--	at sqlancer.Main$2.run(Main.java:492)
--	at sqlancer.Main$2.runThread(Main.java:474)
--	at sqlancer.Main$2.run(Main.java:465)
--	at java.base/java.util.concurrent.ThreadPoolExecutor.runWorker(ThreadPoolExecutor.java:1128)
--	at java.base/java.util.concurrent.ThreadPoolExecutor$Worker.run(ThreadPoolExecutor.java:628)
--	at java.base/java.lang.Thread.run(Thread.java:829)
--
-- Time: 2023/01/30 19:57:33
-- Database: database62
-- Database version: v0.3.2
-- seed value: 62

java.lang.AssertionError
	at sqlancer.GlobalState.getSchema(GlobalState.java:134)
	at sqlancer.duckdb.gen.DuckDBTableGenerator.getQuery(DuckDBTableGenerator.java:25)
	at sqlancer.duckdb.DuckDBProvider.generateDatabase(DuckDBProvider.java:105)
	at sqlancer.duckdb.DuckDBProvider.generateDatabase(DuckDBProvider.java:1)
	at sqlancer.ProviderAdapter.generateAndTestDatabase(ProviderAdapter.java:40)
	at sqlancer.Main$DBMSExecutor.run(Main.java:315)
	at sqlancer.Main$2.run(Main.java:492)
	at sqlancer.Main$2.runThread(Main.java:474)
	at sqlancer.Main$2.run(Main.java:465)
	at java.base/java.util.concurrent.ThreadPoolExecutor.runWorker(ThreadPoolExecutor.java:1128)
	at java.base/java.util.concurrent.ThreadPoolExecutor$Worker.run(ThreadPoolExecutor.java:628)
	at java.base/java.lang.Thread.run(Thread.java:829)
--java.lang.AssertionError
--	at sqlancer.GlobalState.getSchema(GlobalState.java:134)
--	at sqlancer.duckdb.gen.DuckDBTableGenerator.getQuery(DuckDBTableGenerator.java:25)
--	at sqlancer.duckdb.DuckDBProvider.generateDatabase(DuckDBProvider.java:105)
--	at sqlancer.duckdb.DuckDBProvider.generateDatabase(DuckDBProvider.java:1)
--	at sqlancer.ProviderAdapter.generateAndTestDatabase(ProviderAdapter.java:40)
--	at sqlancer.Main$DBMSExecutor.run(Main.java:315)
--	at sqlancer.Main$2.run(Main.java:492)
--	at sqlancer.Main$2.runThread(Main.java:474)
--	at sqlancer.Main$2.run(Main.java:465)
--	at java.base/java.util.concurrent.ThreadPoolExecutor.runWorker(ThreadPoolExecutor.java:1128)
--	at java.base/java.util.concurrent.ThreadPoolExecutor$Worker.run(ThreadPoolExecutor.java:628)
--	at java.base/java.lang.Thread.run(Thread.java:829)
--
-- Time: 2023/01/30 19:57:33
-- Database: database63
-- Database version: v0.3.2
-- seed value: 63

java.lang.AssertionError
	at sqlancer.GlobalState.getSchema(GlobalState.java:134)
	at sqlancer.duckdb.gen.DuckDBTableGenerator.getQuery(DuckDBTableGenerator.java:25)
	at sqlancer.duckdb.DuckDBProvider.generateDatabase(DuckDBProvider.java:105)
	at sqlancer.duckdb.DuckDBProvider.generateDatabase(DuckDBProvider.java:1)
	at sqlancer.ProviderAdapter.generateAndTestDatabase(ProviderAdapter.java:40)
	at sqlancer.Main$DBMSExecutor.run(Main.java:315)
	at sqlancer.Main$2.run(Main.java:492)
	at sqlancer.Main$2.runThread(Main.java:474)
	at sqlancer.Main$2.run(Main.java:465)
	at java.base/java.util.concurrent.ThreadPoolExecutor.runWorker(ThreadPoolExecutor.java:1128)
	at java.base/java.util.concurrent.ThreadPoolExecutor$Worker.run(ThreadPoolExecutor.java:628)
	at java.base/java.lang.Thread.run(Thread.java:829)
--java.lang.AssertionError
--	at sqlancer.GlobalState.getSchema(GlobalState.java:134)
--	at sqlancer.duckdb.gen.DuckDBTableGenerator.getQuery(DuckDBTableGenerator.java:25)
--	at sqlancer.duckdb.DuckDBProvider.generateDatabase(DuckDBProvider.java:105)
--	at sqlancer.duckdb.DuckDBProvider.generateDatabase(DuckDBProvider.java:1)
--	at sqlancer.ProviderAdapter.generateAndTestDatabase(ProviderAdapter.java:40)
--	at sqlancer.Main$DBMSExecutor.run(Main.java:315)
--	at sqlancer.Main$2.run(Main.java:492)
--	at sqlancer.Main$2.runThread(Main.java:474)
--	at sqlancer.Main$2.run(Main.java:465)
--	at java.base/java.util.concurrent.ThreadPoolExecutor.runWorker(ThreadPoolExecutor.java:1128)
--	at java.base/java.util.concurrent.ThreadPoolExecutor$Worker.run(ThreadPoolExecutor.java:628)
--	at java.base/java.lang.Thread.run(Thread.java:829)
--
-- Time: 2023/01/30 19:57:33
-- Database: database64
-- Database version: v0.3.2
-- seed value: 64

java.lang.AssertionError
	at sqlancer.GlobalState.getSchema(GlobalState.java:134)
	at sqlancer.duckdb.gen.DuckDBTableGenerator.getQuery(DuckDBTableGenerator.java:25)
	at sqlancer.duckdb.DuckDBProvider.generateDatabase(DuckDBProvider.java:105)
	at sqlancer.duckdb.DuckDBProvider.generateDatabase(DuckDBProvider.java:1)
	at sqlancer.ProviderAdapter.generateAndTestDatabase(ProviderAdapter.java:40)
	at sqlancer.Main$DBMSExecutor.run(Main.java:315)
	at sqlancer.Main$2.run(Main.java:492)
	at sqlancer.Main$2.runThread(Main.java:474)
	at sqlancer.Main$2.run(Main.java:465)
	at java.base/java.util.concurrent.ThreadPoolExecutor.runWorker(ThreadPoolExecutor.java:1128)
	at java.base/java.util.concurrent.ThreadPoolExecutor$Worker.run(ThreadPoolExecutor.java:628)
	at java.base/java.lang.Thread.run(Thread.java:829)
--java.lang.AssertionError
--	at sqlancer.GlobalState.getSchema(GlobalState.java:134)
--	at sqlancer.duckdb.gen.DuckDBTableGenerator.getQuery(DuckDBTableGenerator.java:25)
--	at sqlancer.duckdb.DuckDBProvider.generateDatabase(DuckDBProvider.java:105)
--	at sqlancer.duckdb.DuckDBProvider.generateDatabase(DuckDBProvider.java:1)
--	at sqlancer.ProviderAdapter.generateAndTestDatabase(ProviderAdapter.java:40)
--	at sqlancer.Main$DBMSExecutor.run(Main.java:315)
--	at sqlancer.Main$2.run(Main.java:492)
--	at sqlancer.Main$2.runThread(Main.java:474)
--	at sqlancer.Main$2.run(Main.java:465)
--	at java.base/java.util.concurrent.ThreadPoolExecutor.runWorker(ThreadPoolExecutor.java:1128)
--	at java.base/java.util.concurrent.ThreadPoolExecutor$Worker.run(ThreadPoolExecutor.java:628)
--	at java.base/java.lang.Thread.run(Thread.java:829)
--
-- Time: 2023/01/30 19:57:33
-- Database: database65
-- Database version: v0.3.2
-- seed value: 65

java.lang.AssertionError
	at sqlancer.GlobalState.getSchema(GlobalState.java:134)
	at sqlancer.duckdb.gen.DuckDBTableGenerator.getQuery(DuckDBTableGenerator.java:25)
	at sqlancer.duckdb.DuckDBProvider.generateDatabase(DuckDBProvider.java:105)
	at sqlancer.duckdb.DuckDBProvider.generateDatabase(DuckDBProvider.java:1)
	at sqlancer.ProviderAdapter.generateAndTestDatabase(ProviderAdapter.java:40)
	at sqlancer.Main$DBMSExecutor.run(Main.java:315)
	at sqlancer.Main$2.run(Main.java:492)
	at sqlancer.Main$2.runThread(Main.java:474)
	at sqlancer.Main$2.run(Main.java:465)
	at java.base/java.util.concurrent.ThreadPoolExecutor.runWorker(ThreadPoolExecutor.java:1128)
	at java.base/java.util.concurrent.ThreadPoolExecutor$Worker.run(ThreadPoolExecutor.java:628)
	at java.base/java.lang.Thread.run(Thread.java:829)
--java.lang.AssertionError
--	at sqlancer.GlobalState.getSchema(GlobalState.java:134)
--	at sqlancer.duckdb.gen.DuckDBTableGenerator.getQuery(DuckDBTableGenerator.java:25)
--	at sqlancer.duckdb.DuckDBProvider.generateDatabase(DuckDBProvider.java:105)
--	at sqlancer.duckdb.DuckDBProvider.generateDatabase(DuckDBProvider.java:1)
--	at sqlancer.ProviderAdapter.generateAndTestDatabase(ProviderAdapter.java:40)
--	at sqlancer.Main$DBMSExecutor.run(Main.java:315)
--	at sqlancer.Main$2.run(Main.java:492)
--	at sqlancer.Main$2.runThread(Main.java:474)
--	at sqlancer.Main$2.run(Main.java:465)
--	at java.base/java.util.concurrent.ThreadPoolExecutor.runWorker(ThreadPoolExecutor.java:1128)
--	at java.base/java.util.concurrent.ThreadPoolExecutor$Worker.run(ThreadPoolExecutor.java:628)
--	at java.base/java.lang.Thread.run(Thread.java:829)
--
-- Time: 2023/01/30 19:57:33
-- Database: database66
-- Database version: v0.3.2
-- seed value: 66

java.lang.AssertionError
	at sqlancer.GlobalState.getSchema(GlobalState.java:134)
	at sqlancer.duckdb.gen.DuckDBTableGenerator.getQuery(DuckDBTableGenerator.java:25)
	at sqlancer.duckdb.DuckDBProvider.generateDatabase(DuckDBProvider.java:105)
	at sqlancer.duckdb.DuckDBProvider.generateDatabase(DuckDBProvider.java:1)
	at sqlancer.ProviderAdapter.generateAndTestDatabase(ProviderAdapter.java:40)
	at sqlancer.Main$DBMSExecutor.run(Main.java:315)
	at sqlancer.Main$2.run(Main.java:492)
	at sqlancer.Main$2.runThread(Main.java:474)
	at sqlancer.Main$2.run(Main.java:465)
	at java.base/java.util.concurrent.ThreadPoolExecutor.runWorker(ThreadPoolExecutor.java:1128)
	at java.base/java.util.concurrent.ThreadPoolExecutor$Worker.run(ThreadPoolExecutor.java:628)
	at java.base/java.lang.Thread.run(Thread.java:829)
--java.lang.AssertionError
--	at sqlancer.GlobalState.getSchema(GlobalState.java:134)
--	at sqlancer.duckdb.gen.DuckDBTableGenerator.getQuery(DuckDBTableGenerator.java:25)
--	at sqlancer.duckdb.DuckDBProvider.generateDatabase(DuckDBProvider.java:105)
--	at sqlancer.duckdb.DuckDBProvider.generateDatabase(DuckDBProvider.java:1)
--	at sqlancer.ProviderAdapter.generateAndTestDatabase(ProviderAdapter.java:40)
--	at sqlancer.Main$DBMSExecutor.run(Main.java:315)
--	at sqlancer.Main$2.run(Main.java:492)
--	at sqlancer.Main$2.runThread(Main.java:474)
--	at sqlancer.Main$2.run(Main.java:465)
--	at java.base/java.util.concurrent.ThreadPoolExecutor.runWorker(ThreadPoolExecutor.java:1128)
--	at java.base/java.util.concurrent.ThreadPoolExecutor$Worker.run(ThreadPoolExecutor.java:628)
--	at java.base/java.lang.Thread.run(Thread.java:829)
--
-- Time: 2023/01/30 19:57:33
-- Database: database67
-- Database version: v0.3.2
-- seed value: 67

java.lang.AssertionError
	at sqlancer.GlobalState.getSchema(GlobalState.java:134)
	at sqlancer.duckdb.gen.DuckDBTableGenerator.getQuery(DuckDBTableGenerator.java:25)
	at sqlancer.duckdb.DuckDBProvider.generateDatabase(DuckDBProvider.java:105)
	at sqlancer.duckdb.DuckDBProvider.generateDatabase(DuckDBProvider.java:1)
	at sqlancer.ProviderAdapter.generateAndTestDatabase(ProviderAdapter.java:40)
	at sqlancer.Main$DBMSExecutor.run(Main.java:315)
	at sqlancer.Main$2.run(Main.java:492)
	at sqlancer.Main$2.runThread(Main.java:474)
	at sqlancer.Main$2.run(Main.java:465)
	at java.base/java.util.concurrent.ThreadPoolExecutor.runWorker(ThreadPoolExecutor.java:1128)
	at java.base/java.util.concurrent.ThreadPoolExecutor$Worker.run(ThreadPoolExecutor.java:628)
	at java.base/java.lang.Thread.run(Thread.java:829)
--java.lang.AssertionError
--	at sqlancer.GlobalState.getSchema(GlobalState.java:134)
--	at sqlancer.duckdb.gen.DuckDBTableGenerator.getQuery(DuckDBTableGenerator.java:25)
--	at sqlancer.duckdb.DuckDBProvider.generateDatabase(DuckDBProvider.java:105)
--	at sqlancer.duckdb.DuckDBProvider.generateDatabase(DuckDBProvider.java:1)
--	at sqlancer.ProviderAdapter.generateAndTestDatabase(ProviderAdapter.java:40)
--	at sqlancer.Main$DBMSExecutor.run(Main.java:315)
--	at sqlancer.Main$2.run(Main.java:492)
--	at sqlancer.Main$2.runThread(Main.java:474)
--	at sqlancer.Main$2.run(Main.java:465)
--	at java.base/java.util.concurrent.ThreadPoolExecutor.runWorker(ThreadPoolExecutor.java:1128)
--	at java.base/java.util.concurrent.ThreadPoolExecutor$Worker.run(ThreadPoolExecutor.java:628)
--	at java.base/java.lang.Thread.run(Thread.java:829)
--
-- Time: 2023/01/30 19:57:33
-- Database: database68
-- Database version: v0.3.2
-- seed value: 68

java.lang.AssertionError
	at sqlancer.GlobalState.getSchema(GlobalState.java:134)
	at sqlancer.duckdb.gen.DuckDBTableGenerator.getQuery(DuckDBTableGenerator.java:25)
	at sqlancer.duckdb.DuckDBProvider.generateDatabase(DuckDBProvider.java:105)
	at sqlancer.duckdb.DuckDBProvider.generateDatabase(DuckDBProvider.java:1)
	at sqlancer.ProviderAdapter.generateAndTestDatabase(ProviderAdapter.java:40)
	at sqlancer.Main$DBMSExecutor.run(Main.java:315)
	at sqlancer.Main$2.run(Main.java:492)
	at sqlancer.Main$2.runThread(Main.java:474)
	at sqlancer.Main$2.run(Main.java:465)
	at java.base/java.util.concurrent.ThreadPoolExecutor.runWorker(ThreadPoolExecutor.java:1128)
	at java.base/java.util.concurrent.ThreadPoolExecutor$Worker.run(ThreadPoolExecutor.java:628)
	at java.base/java.lang.Thread.run(Thread.java:829)
--java.lang.AssertionError
--	at sqlancer.GlobalState.getSchema(GlobalState.java:134)
--	at sqlancer.duckdb.gen.DuckDBTableGenerator.getQuery(DuckDBTableGenerator.java:25)
--	at sqlancer.duckdb.DuckDBProvider.generateDatabase(DuckDBProvider.java:105)
--	at sqlancer.duckdb.DuckDBProvider.generateDatabase(DuckDBProvider.java:1)
--	at sqlancer.ProviderAdapter.generateAndTestDatabase(ProviderAdapter.java:40)
--	at sqlancer.Main$DBMSExecutor.run(Main.java:315)
--	at sqlancer.Main$2.run(Main.java:492)
--	at sqlancer.Main$2.runThread(Main.java:474)
--	at sqlancer.Main$2.run(Main.java:465)
--	at java.base/java.util.concurrent.ThreadPoolExecutor.runWorker(ThreadPoolExecutor.java:1128)
--	at java.base/java.util.concurrent.ThreadPoolExecutor$Worker.run(ThreadPoolExecutor.java:628)
--	at java.base/java.lang.Thread.run(Thread.java:829)
--
-- Time: 2023/01/30 19:57:33
-- Database: database69
-- Database version: v0.3.2
-- seed value: 69

java.lang.AssertionError
	at sqlancer.GlobalState.getSchema(GlobalState.java:134)
	at sqlancer.duckdb.gen.DuckDBTableGenerator.getQuery(DuckDBTableGenerator.java:25)
	at sqlancer.duckdb.DuckDBProvider.generateDatabase(DuckDBProvider.java:105)
	at sqlancer.duckdb.DuckDBProvider.generateDatabase(DuckDBProvider.java:1)
	at sqlancer.ProviderAdapter.generateAndTestDatabase(ProviderAdapter.java:40)
	at sqlancer.Main$DBMSExecutor.run(Main.java:315)
	at sqlancer.Main$2.run(Main.java:492)
	at sqlancer.Main$2.runThread(Main.java:474)
	at sqlancer.Main$2.run(Main.java:465)
	at java.base/java.util.concurrent.ThreadPoolExecutor.runWorker(ThreadPoolExecutor.java:1128)
	at java.base/java.util.concurrent.ThreadPoolExecutor$Worker.run(ThreadPoolExecutor.java:628)
	at java.base/java.lang.Thread.run(Thread.java:829)
--java.lang.AssertionError
--	at sqlancer.GlobalState.getSchema(GlobalState.java:134)
--	at sqlancer.duckdb.gen.DuckDBTableGenerator.getQuery(DuckDBTableGenerator.java:25)
--	at sqlancer.duckdb.DuckDBProvider.generateDatabase(DuckDBProvider.java:105)
--	at sqlancer.duckdb.DuckDBProvider.generateDatabase(DuckDBProvider.java:1)
--	at sqlancer.ProviderAdapter.generateAndTestDatabase(ProviderAdapter.java:40)
--	at sqlancer.Main$DBMSExecutor.run(Main.java:315)
--	at sqlancer.Main$2.run(Main.java:492)
--	at sqlancer.Main$2.runThread(Main.java:474)
--	at sqlancer.Main$2.run(Main.java:465)
--	at java.base/java.util.concurrent.ThreadPoolExecutor.runWorker(ThreadPoolExecutor.java:1128)
--	at java.base/java.util.concurrent.ThreadPoolExecutor$Worker.run(ThreadPoolExecutor.java:628)
--	at java.base/java.lang.Thread.run(Thread.java:829)
--
-- Time: 2023/01/30 19:57:33
-- Database: database70
-- Database version: v0.3.2
-- seed value: 70

java.lang.AssertionError
	at sqlancer.GlobalState.getSchema(GlobalState.java:134)
	at sqlancer.duckdb.gen.DuckDBTableGenerator.getQuery(DuckDBTableGenerator.java:25)
	at sqlancer.duckdb.DuckDBProvider.generateDatabase(DuckDBProvider.java:105)
	at sqlancer.duckdb.DuckDBProvider.generateDatabase(DuckDBProvider.java:1)
	at sqlancer.ProviderAdapter.generateAndTestDatabase(ProviderAdapter.java:40)
	at sqlancer.Main$DBMSExecutor.run(Main.java:315)
	at sqlancer.Main$2.run(Main.java:492)
	at sqlancer.Main$2.runThread(Main.java:474)
	at sqlancer.Main$2.run(Main.java:465)
	at java.base/java.util.concurrent.ThreadPoolExecutor.runWorker(ThreadPoolExecutor.java:1128)
	at java.base/java.util.concurrent.ThreadPoolExecutor$Worker.run(ThreadPoolExecutor.java:628)
	at java.base/java.lang.Thread.run(Thread.java:829)
--java.lang.AssertionError
--	at sqlancer.GlobalState.getSchema(GlobalState.java:134)
--	at sqlancer.duckdb.gen.DuckDBTableGenerator.getQuery(DuckDBTableGenerator.java:25)
--	at sqlancer.duckdb.DuckDBProvider.generateDatabase(DuckDBProvider.java:105)
--	at sqlancer.duckdb.DuckDBProvider.generateDatabase(DuckDBProvider.java:1)
--	at sqlancer.ProviderAdapter.generateAndTestDatabase(ProviderAdapter.java:40)
--	at sqlancer.Main$DBMSExecutor.run(Main.java:315)
--	at sqlancer.Main$2.run(Main.java:492)
--	at sqlancer.Main$2.runThread(Main.java:474)
--	at sqlancer.Main$2.run(Main.java:465)
--	at java.base/java.util.concurrent.ThreadPoolExecutor.runWorker(ThreadPoolExecutor.java:1128)
--	at java.base/java.util.concurrent.ThreadPoolExecutor$Worker.run(ThreadPoolExecutor.java:628)
--	at java.base/java.lang.Thread.run(Thread.java:829)
--
-- Time: 2023/01/30 19:57:33
-- Database: database71
-- Database version: v0.3.2
-- seed value: 71

java.lang.AssertionError
	at sqlancer.GlobalState.getSchema(GlobalState.java:134)
	at sqlancer.duckdb.gen.DuckDBTableGenerator.getQuery(DuckDBTableGenerator.java:25)
	at sqlancer.duckdb.DuckDBProvider.generateDatabase(DuckDBProvider.java:105)
	at sqlancer.duckdb.DuckDBProvider.generateDatabase(DuckDBProvider.java:1)
	at sqlancer.ProviderAdapter.generateAndTestDatabase(ProviderAdapter.java:40)
	at sqlancer.Main$DBMSExecutor.run(Main.java:315)
	at sqlancer.Main$2.run(Main.java:492)
	at sqlancer.Main$2.runThread(Main.java:474)
	at sqlancer.Main$2.run(Main.java:465)
	at java.base/java.util.concurrent.ThreadPoolExecutor.runWorker(ThreadPoolExecutor.java:1128)
	at java.base/java.util.concurrent.ThreadPoolExecutor$Worker.run(ThreadPoolExecutor.java:628)
	at java.base/java.lang.Thread.run(Thread.java:829)
--java.lang.AssertionError
--	at sqlancer.GlobalState.getSchema(GlobalState.java:134)
--	at sqlancer.duckdb.gen.DuckDBTableGenerator.getQuery(DuckDBTableGenerator.java:25)
--	at sqlancer.duckdb.DuckDBProvider.generateDatabase(DuckDBProvider.java:105)
--	at sqlancer.duckdb.DuckDBProvider.generateDatabase(DuckDBProvider.java:1)
--	at sqlancer.ProviderAdapter.generateAndTestDatabase(ProviderAdapter.java:40)
--	at sqlancer.Main$DBMSExecutor.run(Main.java:315)
--	at sqlancer.Main$2.run(Main.java:492)
--	at sqlancer.Main$2.runThread(Main.java:474)
--	at sqlancer.Main$2.run(Main.java:465)
--	at java.base/java.util.concurrent.ThreadPoolExecutor.runWorker(ThreadPoolExecutor.java:1128)
--	at java.base/java.util.concurrent.ThreadPoolExecutor$Worker.run(ThreadPoolExecutor.java:628)
--	at java.base/java.lang.Thread.run(Thread.java:829)
--
-- Time: 2023/01/30 19:57:33
-- Database: database72
-- Database version: v0.3.2
-- seed value: 72

java.lang.AssertionError
	at sqlancer.GlobalState.getSchema(GlobalState.java:134)
	at sqlancer.duckdb.gen.DuckDBTableGenerator.getQuery(DuckDBTableGenerator.java:25)
	at sqlancer.duckdb.DuckDBProvider.generateDatabase(DuckDBProvider.java:105)
	at sqlancer.duckdb.DuckDBProvider.generateDatabase(DuckDBProvider.java:1)
	at sqlancer.ProviderAdapter.generateAndTestDatabase(ProviderAdapter.java:40)
	at sqlancer.Main$DBMSExecutor.run(Main.java:315)
	at sqlancer.Main$2.run(Main.java:492)
	at sqlancer.Main$2.runThread(Main.java:474)
	at sqlancer.Main$2.run(Main.java:465)
	at java.base/java.util.concurrent.ThreadPoolExecutor.runWorker(ThreadPoolExecutor.java:1128)
	at java.base/java.util.concurrent.ThreadPoolExecutor$Worker.run(ThreadPoolExecutor.java:628)
	at java.base/java.lang.Thread.run(Thread.java:829)
--java.lang.AssertionError
--	at sqlancer.GlobalState.getSchema(GlobalState.java:134)
--	at sqlancer.duckdb.gen.DuckDBTableGenerator.getQuery(DuckDBTableGenerator.java:25)
--	at sqlancer.duckdb.DuckDBProvider.generateDatabase(DuckDBProvider.java:105)
--	at sqlancer.duckdb.DuckDBProvider.generateDatabase(DuckDBProvider.java:1)
--	at sqlancer.ProviderAdapter.generateAndTestDatabase(ProviderAdapter.java:40)
--	at sqlancer.Main$DBMSExecutor.run(Main.java:315)
--	at sqlancer.Main$2.run(Main.java:492)
--	at sqlancer.Main$2.runThread(Main.java:474)
--	at sqlancer.Main$2.run(Main.java:465)
--	at java.base/java.util.concurrent.ThreadPoolExecutor.runWorker(ThreadPoolExecutor.java:1128)
--	at java.base/java.util.concurrent.ThreadPoolExecutor$Worker.run(ThreadPoolExecutor.java:628)
--	at java.base/java.lang.Thread.run(Thread.java:829)
--
-- Time: 2023/01/30 19:57:33
-- Database: database73
-- Database version: v0.3.2
-- seed value: 73

java.lang.AssertionError
	at sqlancer.GlobalState.getSchema(GlobalState.java:134)
	at sqlancer.duckdb.gen.DuckDBTableGenerator.getQuery(DuckDBTableGenerator.java:25)
	at sqlancer.duckdb.DuckDBProvider.generateDatabase(DuckDBProvider.java:105)
	at sqlancer.duckdb.DuckDBProvider.generateDatabase(DuckDBProvider.java:1)
	at sqlancer.ProviderAdapter.generateAndTestDatabase(ProviderAdapter.java:40)
	at sqlancer.Main$DBMSExecutor.run(Main.java:315)
	at sqlancer.Main$2.run(Main.java:492)
	at sqlancer.Main$2.runThread(Main.java:474)
	at sqlancer.Main$2.run(Main.java:465)
	at java.base/java.util.concurrent.ThreadPoolExecutor.runWorker(ThreadPoolExecutor.java:1128)
	at java.base/java.util.concurrent.ThreadPoolExecutor$Worker.run(ThreadPoolExecutor.java:628)
	at java.base/java.lang.Thread.run(Thread.java:829)
--java.lang.AssertionError
--	at sqlancer.GlobalState.getSchema(GlobalState.java:134)
--	at sqlancer.duckdb.gen.DuckDBTableGenerator.getQuery(DuckDBTableGenerator.java:25)
--	at sqlancer.duckdb.DuckDBProvider.generateDatabase(DuckDBProvider.java:105)
--	at sqlancer.duckdb.DuckDBProvider.generateDatabase(DuckDBProvider.java:1)
--	at sqlancer.ProviderAdapter.generateAndTestDatabase(ProviderAdapter.java:40)
--	at sqlancer.Main$DBMSExecutor.run(Main.java:315)
--	at sqlancer.Main$2.run(Main.java:492)
--	at sqlancer.Main$2.runThread(Main.java:474)
--	at sqlancer.Main$2.run(Main.java:465)
--	at java.base/java.util.concurrent.ThreadPoolExecutor.runWorker(ThreadPoolExecutor.java:1128)
--	at java.base/java.util.concurrent.ThreadPoolExecutor$Worker.run(ThreadPoolExecutor.java:628)
--	at java.base/java.lang.Thread.run(Thread.java:829)
--
-- Time: 2023/01/30 19:57:33
-- Database: database74
-- Database version: v0.3.2
-- seed value: 74

java.lang.AssertionError
	at sqlancer.GlobalState.getSchema(GlobalState.java:134)
	at sqlancer.duckdb.gen.DuckDBTableGenerator.getQuery(DuckDBTableGenerator.java:25)
	at sqlancer.duckdb.DuckDBProvider.generateDatabase(DuckDBProvider.java:105)
	at sqlancer.duckdb.DuckDBProvider.generateDatabase(DuckDBProvider.java:1)
	at sqlancer.ProviderAdapter.generateAndTestDatabase(ProviderAdapter.java:40)
	at sqlancer.Main$DBMSExecutor.run(Main.java:315)
	at sqlancer.Main$2.run(Main.java:492)
	at sqlancer.Main$2.runThread(Main.java:474)
	at sqlancer.Main$2.run(Main.java:465)
	at java.base/java.util.concurrent.ThreadPoolExecutor.runWorker(ThreadPoolExecutor.java:1128)
	at java.base/java.util.concurrent.ThreadPoolExecutor$Worker.run(ThreadPoolExecutor.java:628)
	at java.base/java.lang.Thread.run(Thread.java:829)
--java.lang.AssertionError
--	at sqlancer.GlobalState.getSchema(GlobalState.java:134)
--	at sqlancer.duckdb.gen.DuckDBTableGenerator.getQuery(DuckDBTableGenerator.java:25)
--	at sqlancer.duckdb.DuckDBProvider.generateDatabase(DuckDBProvider.java:105)
--	at sqlancer.duckdb.DuckDBProvider.generateDatabase(DuckDBProvider.java:1)
--	at sqlancer.ProviderAdapter.generateAndTestDatabase(ProviderAdapter.java:40)
--	at sqlancer.Main$DBMSExecutor.run(Main.java:315)
--	at sqlancer.Main$2.run(Main.java:492)
--	at sqlancer.Main$2.runThread(Main.java:474)
--	at sqlancer.Main$2.run(Main.java:465)
--	at java.base/java.util.concurrent.ThreadPoolExecutor.runWorker(ThreadPoolExecutor.java:1128)
--	at java.base/java.util.concurrent.ThreadPoolExecutor$Worker.run(ThreadPoolExecutor.java:628)
--	at java.base/java.lang.Thread.run(Thread.java:829)
--
-- Time: 2023/01/30 19:57:33
-- Database: database75
-- Database version: v0.3.2
-- seed value: 75

java.lang.AssertionError
	at sqlancer.GlobalState.getSchema(GlobalState.java:134)
	at sqlancer.duckdb.gen.DuckDBTableGenerator.getQuery(DuckDBTableGenerator.java:25)
	at sqlancer.duckdb.DuckDBProvider.generateDatabase(DuckDBProvider.java:105)
	at sqlancer.duckdb.DuckDBProvider.generateDatabase(DuckDBProvider.java:1)
	at sqlancer.ProviderAdapter.generateAndTestDatabase(ProviderAdapter.java:40)
	at sqlancer.Main$DBMSExecutor.run(Main.java:315)
	at sqlancer.Main$2.run(Main.java:492)
	at sqlancer.Main$2.runThread(Main.java:474)
	at sqlancer.Main$2.run(Main.java:465)
	at java.base/java.util.concurrent.ThreadPoolExecutor.runWorker(ThreadPoolExecutor.java:1128)
	at java.base/java.util.concurrent.ThreadPoolExecutor$Worker.run(ThreadPoolExecutor.java:628)
	at java.base/java.lang.Thread.run(Thread.java:829)
--java.lang.AssertionError
--	at sqlancer.GlobalState.getSchema(GlobalState.java:134)
--	at sqlancer.duckdb.gen.DuckDBTableGenerator.getQuery(DuckDBTableGenerator.java:25)
--	at sqlancer.duckdb.DuckDBProvider.generateDatabase(DuckDBProvider.java:105)
--	at sqlancer.duckdb.DuckDBProvider.generateDatabase(DuckDBProvider.java:1)
--	at sqlancer.ProviderAdapter.generateAndTestDatabase(ProviderAdapter.java:40)
--	at sqlancer.Main$DBMSExecutor.run(Main.java:315)
--	at sqlancer.Main$2.run(Main.java:492)
--	at sqlancer.Main$2.runThread(Main.java:474)
--	at sqlancer.Main$2.run(Main.java:465)
--	at java.base/java.util.concurrent.ThreadPoolExecutor.runWorker(ThreadPoolExecutor.java:1128)
--	at java.base/java.util.concurrent.ThreadPoolExecutor$Worker.run(ThreadPoolExecutor.java:628)
--	at java.base/java.lang.Thread.run(Thread.java:829)
--
-- Time: 2023/01/30 19:57:33
-- Database: database76
-- Database version: v0.3.2
-- seed value: 76

java.lang.AssertionError
	at sqlancer.GlobalState.getSchema(GlobalState.java:134)
	at sqlancer.duckdb.gen.DuckDBTableGenerator.getQuery(DuckDBTableGenerator.java:25)
	at sqlancer.duckdb.DuckDBProvider.generateDatabase(DuckDBProvider.java:105)
	at sqlancer.duckdb.DuckDBProvider.generateDatabase(DuckDBProvider.java:1)
	at sqlancer.ProviderAdapter.generateAndTestDatabase(ProviderAdapter.java:40)
	at sqlancer.Main$DBMSExecutor.run(Main.java:315)
	at sqlancer.Main$2.run(Main.java:492)
	at sqlancer.Main$2.runThread(Main.java:474)
	at sqlancer.Main$2.run(Main.java:465)
	at java.base/java.util.concurrent.ThreadPoolExecutor.runWorker(ThreadPoolExecutor.java:1128)
	at java.base/java.util.concurrent.ThreadPoolExecutor$Worker.run(ThreadPoolExecutor.java:628)
	at java.base/java.lang.Thread.run(Thread.java:829)
--java.lang.AssertionError
--	at sqlancer.GlobalState.getSchema(GlobalState.java:134)
--	at sqlancer.duckdb.gen.DuckDBTableGenerator.getQuery(DuckDBTableGenerator.java:25)
--	at sqlancer.duckdb.DuckDBProvider.generateDatabase(DuckDBProvider.java:105)
--	at sqlancer.duckdb.DuckDBProvider.generateDatabase(DuckDBProvider.java:1)
--	at sqlancer.ProviderAdapter.generateAndTestDatabase(ProviderAdapter.java:40)
--	at sqlancer.Main$DBMSExecutor.run(Main.java:315)
--	at sqlancer.Main$2.run(Main.java:492)
--	at sqlancer.Main$2.runThread(Main.java:474)
--	at sqlancer.Main$2.run(Main.java:465)
--	at java.base/java.util.concurrent.ThreadPoolExecutor.runWorker(ThreadPoolExecutor.java:1128)
--	at java.base/java.util.concurrent.ThreadPoolExecutor$Worker.run(ThreadPoolExecutor.java:628)
--	at java.base/java.lang.Thread.run(Thread.java:829)
--
-- Time: 2023/01/30 19:57:33
-- Database: database77
-- Database version: v0.3.2
-- seed value: 77

java.lang.AssertionError
	at sqlancer.GlobalState.getSchema(GlobalState.java:134)
	at sqlancer.duckdb.gen.DuckDBTableGenerator.getQuery(DuckDBTableGenerator.java:25)
	at sqlancer.duckdb.DuckDBProvider.generateDatabase(DuckDBProvider.java:105)
	at sqlancer.duckdb.DuckDBProvider.generateDatabase(DuckDBProvider.java:1)
	at sqlancer.ProviderAdapter.generateAndTestDatabase(ProviderAdapter.java:40)
	at sqlancer.Main$DBMSExecutor.run(Main.java:315)
	at sqlancer.Main$2.run(Main.java:492)
	at sqlancer.Main$2.runThread(Main.java:474)
	at sqlancer.Main$2.run(Main.java:465)
	at java.base/java.util.concurrent.ThreadPoolExecutor.runWorker(ThreadPoolExecutor.java:1128)
	at java.base/java.util.concurrent.ThreadPoolExecutor$Worker.run(ThreadPoolExecutor.java:628)
	at java.base/java.lang.Thread.run(Thread.java:829)
--java.lang.AssertionError
--	at sqlancer.GlobalState.getSchema(GlobalState.java:134)
--	at sqlancer.duckdb.gen.DuckDBTableGenerator.getQuery(DuckDBTableGenerator.java:25)
--	at sqlancer.duckdb.DuckDBProvider.generateDatabase(DuckDBProvider.java:105)
--	at sqlancer.duckdb.DuckDBProvider.generateDatabase(DuckDBProvider.java:1)
--	at sqlancer.ProviderAdapter.generateAndTestDatabase(ProviderAdapter.java:40)
--	at sqlancer.Main$DBMSExecutor.run(Main.java:315)
--	at sqlancer.Main$2.run(Main.java:492)
--	at sqlancer.Main$2.runThread(Main.java:474)
--	at sqlancer.Main$2.run(Main.java:465)
--	at java.base/java.util.concurrent.ThreadPoolExecutor.runWorker(ThreadPoolExecutor.java:1128)
--	at java.base/java.util.concurrent.ThreadPoolExecutor$Worker.run(ThreadPoolExecutor.java:628)
--	at java.base/java.lang.Thread.run(Thread.java:829)
--
-- Time: 2023/01/30 19:57:33
-- Database: database78
-- Database version: v0.3.2
-- seed value: 78

java.lang.AssertionError
	at sqlancer.GlobalState.getSchema(GlobalState.java:134)
	at sqlancer.duckdb.gen.DuckDBTableGenerator.getQuery(DuckDBTableGenerator.java:25)
	at sqlancer.duckdb.DuckDBProvider.generateDatabase(DuckDBProvider.java:105)
	at sqlancer.duckdb.DuckDBProvider.generateDatabase(DuckDBProvider.java:1)
	at sqlancer.ProviderAdapter.generateAndTestDatabase(ProviderAdapter.java:40)
	at sqlancer.Main$DBMSExecutor.run(Main.java:315)
	at sqlancer.Main$2.run(Main.java:492)
	at sqlancer.Main$2.runThread(Main.java:474)
	at sqlancer.Main$2.run(Main.java:465)
	at java.base/java.util.concurrent.ThreadPoolExecutor.runWorker(ThreadPoolExecutor.java:1128)
	at java.base/java.util.concurrent.ThreadPoolExecutor$Worker.run(ThreadPoolExecutor.java:628)
	at java.base/java.lang.Thread.run(Thread.java:829)
--java.lang.AssertionError
--	at sqlancer.GlobalState.getSchema(GlobalState.java:134)
--	at sqlancer.duckdb.gen.DuckDBTableGenerator.getQuery(DuckDBTableGenerator.java:25)
--	at sqlancer.duckdb.DuckDBProvider.generateDatabase(DuckDBProvider.java:105)
--	at sqlancer.duckdb.DuckDBProvider.generateDatabase(DuckDBProvider.java:1)
--	at sqlancer.ProviderAdapter.generateAndTestDatabase(ProviderAdapter.java:40)
--	at sqlancer.Main$DBMSExecutor.run(Main.java:315)
--	at sqlancer.Main$2.run(Main.java:492)
--	at sqlancer.Main$2.runThread(Main.java:474)
--	at sqlancer.Main$2.run(Main.java:465)
--	at java.base/java.util.concurrent.ThreadPoolExecutor.runWorker(ThreadPoolExecutor.java:1128)
--	at java.base/java.util.concurrent.ThreadPoolExecutor$Worker.run(ThreadPoolExecutor.java:628)
--	at java.base/java.lang.Thread.run(Thread.java:829)
--
-- Time: 2023/01/30 19:57:33
-- Database: database79
-- Database version: v0.3.2
-- seed value: 79

java.lang.AssertionError
	at sqlancer.GlobalState.getSchema(GlobalState.java:134)
	at sqlancer.duckdb.gen.DuckDBTableGenerator.getQuery(DuckDBTableGenerator.java:25)
	at sqlancer.duckdb.DuckDBProvider.generateDatabase(DuckDBProvider.java:105)
	at sqlancer.duckdb.DuckDBProvider.generateDatabase(DuckDBProvider.java:1)
	at sqlancer.ProviderAdapter.generateAndTestDatabase(ProviderAdapter.java:40)
	at sqlancer.Main$DBMSExecutor.run(Main.java:315)
	at sqlancer.Main$2.run(Main.java:492)
	at sqlancer.Main$2.runThread(Main.java:474)
	at sqlancer.Main$2.run(Main.java:465)
	at java.base/java.util.concurrent.ThreadPoolExecutor.runWorker(ThreadPoolExecutor.java:1128)
	at java.base/java.util.concurrent.ThreadPoolExecutor$Worker.run(ThreadPoolExecutor.java:628)
	at java.base/java.lang.Thread.run(Thread.java:829)
--java.lang.AssertionError
--	at sqlancer.GlobalState.getSchema(GlobalState.java:134)
--	at sqlancer.duckdb.gen.DuckDBTableGenerator.getQuery(DuckDBTableGenerator.java:25)
--	at sqlancer.duckdb.DuckDBProvider.generateDatabase(DuckDBProvider.java:105)
--	at sqlancer.duckdb.DuckDBProvider.generateDatabase(DuckDBProvider.java:1)
--	at sqlancer.ProviderAdapter.generateAndTestDatabase(ProviderAdapter.java:40)
--	at sqlancer.Main$DBMSExecutor.run(Main.java:315)
--	at sqlancer.Main$2.run(Main.java:492)
--	at sqlancer.Main$2.runThread(Main.java:474)
--	at sqlancer.Main$2.run(Main.java:465)
--	at java.base/java.util.concurrent.ThreadPoolExecutor.runWorker(ThreadPoolExecutor.java:1128)
--	at java.base/java.util.concurrent.ThreadPoolExecutor$Worker.run(ThreadPoolExecutor.java:628)
--	at java.base/java.lang.Thread.run(Thread.java:829)
--
-- Time: 2023/01/30 19:57:33
-- Database: database80
-- Database version: v0.3.2
-- seed value: 80

java.lang.AssertionError
	at sqlancer.GlobalState.getSchema(GlobalState.java:134)
	at sqlancer.duckdb.gen.DuckDBTableGenerator.getQuery(DuckDBTableGenerator.java:25)
	at sqlancer.duckdb.DuckDBProvider.generateDatabase(DuckDBProvider.java:105)
	at sqlancer.duckdb.DuckDBProvider.generateDatabase(DuckDBProvider.java:1)
	at sqlancer.ProviderAdapter.generateAndTestDatabase(ProviderAdapter.java:40)
	at sqlancer.Main$DBMSExecutor.run(Main.java:315)
	at sqlancer.Main$2.run(Main.java:492)
	at sqlancer.Main$2.runThread(Main.java:474)
	at sqlancer.Main$2.run(Main.java:465)
	at java.base/java.util.concurrent.ThreadPoolExecutor.runWorker(ThreadPoolExecutor.java:1128)
	at java.base/java.util.concurrent.ThreadPoolExecutor$Worker.run(ThreadPoolExecutor.java:628)
	at java.base/java.lang.Thread.run(Thread.java:829)
--java.lang.AssertionError
--	at sqlancer.GlobalState.getSchema(GlobalState.java:134)
--	at sqlancer.duckdb.gen.DuckDBTableGenerator.getQuery(DuckDBTableGenerator.java:25)
--	at sqlancer.duckdb.DuckDBProvider.generateDatabase(DuckDBProvider.java:105)
--	at sqlancer.duckdb.DuckDBProvider.generateDatabase(DuckDBProvider.java:1)
--	at sqlancer.ProviderAdapter.generateAndTestDatabase(ProviderAdapter.java:40)
--	at sqlancer.Main$DBMSExecutor.run(Main.java:315)
--	at sqlancer.Main$2.run(Main.java:492)
--	at sqlancer.Main$2.runThread(Main.java:474)
--	at sqlancer.Main$2.run(Main.java:465)
--	at java.base/java.util.concurrent.ThreadPoolExecutor.runWorker(ThreadPoolExecutor.java:1128)
--	at java.base/java.util.concurrent.ThreadPoolExecutor$Worker.run(ThreadPoolExecutor.java:628)
--	at java.base/java.lang.Thread.run(Thread.java:829)
--
-- Time: 2023/01/30 19:57:33
-- Database: database81
-- Database version: v0.3.2
-- seed value: 81

java.lang.AssertionError
	at sqlancer.GlobalState.getSchema(GlobalState.java:134)
	at sqlancer.duckdb.gen.DuckDBTableGenerator.getQuery(DuckDBTableGenerator.java:25)
	at sqlancer.duckdb.DuckDBProvider.generateDatabase(DuckDBProvider.java:105)
	at sqlancer.duckdb.DuckDBProvider.generateDatabase(DuckDBProvider.java:1)
	at sqlancer.ProviderAdapter.generateAndTestDatabase(ProviderAdapter.java:40)
	at sqlancer.Main$DBMSExecutor.run(Main.java:315)
	at sqlancer.Main$2.run(Main.java:492)
	at sqlancer.Main$2.runThread(Main.java:474)
	at sqlancer.Main$2.run(Main.java:465)
	at java.base/java.util.concurrent.ThreadPoolExecutor.runWorker(ThreadPoolExecutor.java:1128)
	at java.base/java.util.concurrent.ThreadPoolExecutor$Worker.run(ThreadPoolExecutor.java:628)
	at java.base/java.lang.Thread.run(Thread.java:829)
--java.lang.AssertionError
--	at sqlancer.GlobalState.getSchema(GlobalState.java:134)
--	at sqlancer.duckdb.gen.DuckDBTableGenerator.getQuery(DuckDBTableGenerator.java:25)
--	at sqlancer.duckdb.DuckDBProvider.generateDatabase(DuckDBProvider.java:105)
--	at sqlancer.duckdb.DuckDBProvider.generateDatabase(DuckDBProvider.java:1)
--	at sqlancer.ProviderAdapter.generateAndTestDatabase(ProviderAdapter.java:40)
--	at sqlancer.Main$DBMSExecutor.run(Main.java:315)
--	at sqlancer.Main$2.run(Main.java:492)
--	at sqlancer.Main$2.runThread(Main.java:474)
--	at sqlancer.Main$2.run(Main.java:465)
--	at java.base/java.util.concurrent.ThreadPoolExecutor.runWorker(ThreadPoolExecutor.java:1128)
--	at java.base/java.util.concurrent.ThreadPoolExecutor$Worker.run(ThreadPoolExecutor.java:628)
--	at java.base/java.lang.Thread.run(Thread.java:829)
--
-- Time: 2023/01/30 19:57:33
-- Database: database82
-- Database version: v0.3.2
-- seed value: 82

java.lang.AssertionError
	at sqlancer.GlobalState.getSchema(GlobalState.java:134)
	at sqlancer.duckdb.gen.DuckDBTableGenerator.getQuery(DuckDBTableGenerator.java:25)
	at sqlancer.duckdb.DuckDBProvider.generateDatabase(DuckDBProvider.java:105)
	at sqlancer.duckdb.DuckDBProvider.generateDatabase(DuckDBProvider.java:1)
	at sqlancer.ProviderAdapter.generateAndTestDatabase(ProviderAdapter.java:40)
	at sqlancer.Main$DBMSExecutor.run(Main.java:315)
	at sqlancer.Main$2.run(Main.java:492)
	at sqlancer.Main$2.runThread(Main.java:474)
	at sqlancer.Main$2.run(Main.java:465)
	at java.base/java.util.concurrent.ThreadPoolExecutor.runWorker(ThreadPoolExecutor.java:1128)
	at java.base/java.util.concurrent.ThreadPoolExecutor$Worker.run(ThreadPoolExecutor.java:628)
	at java.base/java.lang.Thread.run(Thread.java:829)
--java.lang.AssertionError
--	at sqlancer.GlobalState.getSchema(GlobalState.java:134)
--	at sqlancer.duckdb.gen.DuckDBTableGenerator.getQuery(DuckDBTableGenerator.java:25)
--	at sqlancer.duckdb.DuckDBProvider.generateDatabase(DuckDBProvider.java:105)
--	at sqlancer.duckdb.DuckDBProvider.generateDatabase(DuckDBProvider.java:1)
--	at sqlancer.ProviderAdapter.generateAndTestDatabase(ProviderAdapter.java:40)
--	at sqlancer.Main$DBMSExecutor.run(Main.java:315)
--	at sqlancer.Main$2.run(Main.java:492)
--	at sqlancer.Main$2.runThread(Main.java:474)
--	at sqlancer.Main$2.run(Main.java:465)
--	at java.base/java.util.concurrent.ThreadPoolExecutor.runWorker(ThreadPoolExecutor.java:1128)
--	at java.base/java.util.concurrent.ThreadPoolExecutor$Worker.run(ThreadPoolExecutor.java:628)
--	at java.base/java.lang.Thread.run(Thread.java:829)
--
-- Time: 2023/01/30 19:57:33
-- Database: database83
-- Database version: v0.3.2
-- seed value: 83

java.lang.AssertionError
	at sqlancer.GlobalState.getSchema(GlobalState.java:134)
	at sqlancer.duckdb.gen.DuckDBTableGenerator.getQuery(DuckDBTableGenerator.java:25)
	at sqlancer.duckdb.DuckDBProvider.generateDatabase(DuckDBProvider.java:105)
	at sqlancer.duckdb.DuckDBProvider.generateDatabase(DuckDBProvider.java:1)
	at sqlancer.ProviderAdapter.generateAndTestDatabase(ProviderAdapter.java:40)
	at sqlancer.Main$DBMSExecutor.run(Main.java:315)
	at sqlancer.Main$2.run(Main.java:492)
	at sqlancer.Main$2.runThread(Main.java:474)
	at sqlancer.Main$2.run(Main.java:465)
	at java.base/java.util.concurrent.ThreadPoolExecutor.runWorker(ThreadPoolExecutor.java:1128)
	at java.base/java.util.concurrent.ThreadPoolExecutor$Worker.run(ThreadPoolExecutor.java:628)
	at java.base/java.lang.Thread.run(Thread.java:829)
--java.lang.AssertionError
--	at sqlancer.GlobalState.getSchema(GlobalState.java:134)
--	at sqlancer.duckdb.gen.DuckDBTableGenerator.getQuery(DuckDBTableGenerator.java:25)
--	at sqlancer.duckdb.DuckDBProvider.generateDatabase(DuckDBProvider.java:105)
--	at sqlancer.duckdb.DuckDBProvider.generateDatabase(DuckDBProvider.java:1)
--	at sqlancer.ProviderAdapter.generateAndTestDatabase(ProviderAdapter.java:40)
--	at sqlancer.Main$DBMSExecutor.run(Main.java:315)
--	at sqlancer.Main$2.run(Main.java:492)
--	at sqlancer.Main$2.runThread(Main.java:474)
--	at sqlancer.Main$2.run(Main.java:465)
--	at java.base/java.util.concurrent.ThreadPoolExecutor.runWorker(ThreadPoolExecutor.java:1128)
--	at java.base/java.util.concurrent.ThreadPoolExecutor$Worker.run(ThreadPoolExecutor.java:628)
--	at java.base/java.lang.Thread.run(Thread.java:829)
--
-- Time: 2023/01/30 19:57:33
-- Database: database84
-- Database version: v0.3.2
-- seed value: 84

java.lang.AssertionError
	at sqlancer.GlobalState.getSchema(GlobalState.java:134)
	at sqlancer.duckdb.gen.DuckDBTableGenerator.getQuery(DuckDBTableGenerator.java:25)
	at sqlancer.duckdb.DuckDBProvider.generateDatabase(DuckDBProvider.java:105)
	at sqlancer.duckdb.DuckDBProvider.generateDatabase(DuckDBProvider.java:1)
	at sqlancer.ProviderAdapter.generateAndTestDatabase(ProviderAdapter.java:40)
	at sqlancer.Main$DBMSExecutor.run(Main.java:315)
	at sqlancer.Main$2.run(Main.java:492)
	at sqlancer.Main$2.runThread(Main.java:474)
	at sqlancer.Main$2.run(Main.java:465)
	at java.base/java.util.concurrent.ThreadPoolExecutor.runWorker(ThreadPoolExecutor.java:1128)
	at java.base/java.util.concurrent.ThreadPoolExecutor$Worker.run(ThreadPoolExecutor.java:628)
	at java.base/java.lang.Thread.run(Thread.java:829)
--java.lang.AssertionError
--	at sqlancer.GlobalState.getSchema(GlobalState.java:134)
--	at sqlancer.duckdb.gen.DuckDBTableGenerator.getQuery(DuckDBTableGenerator.java:25)
--	at sqlancer.duckdb.DuckDBProvider.generateDatabase(DuckDBProvider.java:105)
--	at sqlancer.duckdb.DuckDBProvider.generateDatabase(DuckDBProvider.java:1)
--	at sqlancer.ProviderAdapter.generateAndTestDatabase(ProviderAdapter.java:40)
--	at sqlancer.Main$DBMSExecutor.run(Main.java:315)
--	at sqlancer.Main$2.run(Main.java:492)
--	at sqlancer.Main$2.runThread(Main.java:474)
--	at sqlancer.Main$2.run(Main.java:465)
--	at java.base/java.util.concurrent.ThreadPoolExecutor.runWorker(ThreadPoolExecutor.java:1128)
--	at java.base/java.util.concurrent.ThreadPoolExecutor$Worker.run(ThreadPoolExecutor.java:628)
--	at java.base/java.lang.Thread.run(Thread.java:829)
--
-- Time: 2023/01/30 19:57:33
-- Database: database85
-- Database version: v0.3.2
-- seed value: 85

java.lang.AssertionError
	at sqlancer.GlobalState.getSchema(GlobalState.java:134)
	at sqlancer.duckdb.gen.DuckDBTableGenerator.getQuery(DuckDBTableGenerator.java:25)
	at sqlancer.duckdb.DuckDBProvider.generateDatabase(DuckDBProvider.java:105)
	at sqlancer.duckdb.DuckDBProvider.generateDatabase(DuckDBProvider.java:1)
	at sqlancer.ProviderAdapter.generateAndTestDatabase(ProviderAdapter.java:40)
	at sqlancer.Main$DBMSExecutor.run(Main.java:315)
	at sqlancer.Main$2.run(Main.java:492)
	at sqlancer.Main$2.runThread(Main.java:474)
	at sqlancer.Main$2.run(Main.java:465)
	at java.base/java.util.concurrent.ThreadPoolExecutor.runWorker(ThreadPoolExecutor.java:1128)
	at java.base/java.util.concurrent.ThreadPoolExecutor$Worker.run(ThreadPoolExecutor.java:628)
	at java.base/java.lang.Thread.run(Thread.java:829)
--java.lang.AssertionError
--	at sqlancer.GlobalState.getSchema(GlobalState.java:134)
--	at sqlancer.duckdb.gen.DuckDBTableGenerator.getQuery(DuckDBTableGenerator.java:25)
--	at sqlancer.duckdb.DuckDBProvider.generateDatabase(DuckDBProvider.java:105)
--	at sqlancer.duckdb.DuckDBProvider.generateDatabase(DuckDBProvider.java:1)
--	at sqlancer.ProviderAdapter.generateAndTestDatabase(ProviderAdapter.java:40)
--	at sqlancer.Main$DBMSExecutor.run(Main.java:315)
--	at sqlancer.Main$2.run(Main.java:492)
--	at sqlancer.Main$2.runThread(Main.java:474)
--	at sqlancer.Main$2.run(Main.java:465)
--	at java.base/java.util.concurrent.ThreadPoolExecutor.runWorker(ThreadPoolExecutor.java:1128)
--	at java.base/java.util.concurrent.ThreadPoolExecutor$Worker.run(ThreadPoolExecutor.java:628)
--	at java.base/java.lang.Thread.run(Thread.java:829)
--
-- Time: 2023/01/30 19:57:33
-- Database: database86
-- Database version: v0.3.2
-- seed value: 86

java.lang.AssertionError
	at sqlancer.GlobalState.getSchema(GlobalState.java:134)
	at sqlancer.duckdb.gen.DuckDBTableGenerator.getQuery(DuckDBTableGenerator.java:25)
	at sqlancer.duckdb.DuckDBProvider.generateDatabase(DuckDBProvider.java:105)
	at sqlancer.duckdb.DuckDBProvider.generateDatabase(DuckDBProvider.java:1)
	at sqlancer.ProviderAdapter.generateAndTestDatabase(ProviderAdapter.java:40)
	at sqlancer.Main$DBMSExecutor.run(Main.java:315)
	at sqlancer.Main$2.run(Main.java:492)
	at sqlancer.Main$2.runThread(Main.java:474)
	at sqlancer.Main$2.run(Main.java:465)
	at java.base/java.util.concurrent.ThreadPoolExecutor.runWorker(ThreadPoolExecutor.java:1128)
	at java.base/java.util.concurrent.ThreadPoolExecutor$Worker.run(ThreadPoolExecutor.java:628)
	at java.base/java.lang.Thread.run(Thread.java:829)
--java.lang.AssertionError
--	at sqlancer.GlobalState.getSchema(GlobalState.java:134)
--	at sqlancer.duckdb.gen.DuckDBTableGenerator.getQuery(DuckDBTableGenerator.java:25)
--	at sqlancer.duckdb.DuckDBProvider.generateDatabase(DuckDBProvider.java:105)
--	at sqlancer.duckdb.DuckDBProvider.generateDatabase(DuckDBProvider.java:1)
--	at sqlancer.ProviderAdapter.generateAndTestDatabase(ProviderAdapter.java:40)
--	at sqlancer.Main$DBMSExecutor.run(Main.java:315)
--	at sqlancer.Main$2.run(Main.java:492)
--	at sqlancer.Main$2.runThread(Main.java:474)
--	at sqlancer.Main$2.run(Main.java:465)
--	at java.base/java.util.concurrent.ThreadPoolExecutor.runWorker(ThreadPoolExecutor.java:1128)
--	at java.base/java.util.concurrent.ThreadPoolExecutor$Worker.run(ThreadPoolExecutor.java:628)
--	at java.base/java.lang.Thread.run(Thread.java:829)
--
-- Time: 2023/01/30 19:57:33
-- Database: database87
-- Database version: v0.3.2
-- seed value: 87

java.lang.AssertionError
	at sqlancer.GlobalState.getSchema(GlobalState.java:134)
	at sqlancer.duckdb.gen.DuckDBTableGenerator.getQuery(DuckDBTableGenerator.java:25)
	at sqlancer.duckdb.DuckDBProvider.generateDatabase(DuckDBProvider.java:105)
	at sqlancer.duckdb.DuckDBProvider.generateDatabase(DuckDBProvider.java:1)
	at sqlancer.ProviderAdapter.generateAndTestDatabase(ProviderAdapter.java:40)
	at sqlancer.Main$DBMSExecutor.run(Main.java:315)
	at sqlancer.Main$2.run(Main.java:492)
	at sqlancer.Main$2.runThread(Main.java:474)
	at sqlancer.Main$2.run(Main.java:465)
	at java.base/java.util.concurrent.ThreadPoolExecutor.runWorker(ThreadPoolExecutor.java:1128)
	at java.base/java.util.concurrent.ThreadPoolExecutor$Worker.run(ThreadPoolExecutor.java:628)
	at java.base/java.lang.Thread.run(Thread.java:829)
--java.lang.AssertionError
--	at sqlancer.GlobalState.getSchema(GlobalState.java:134)
--	at sqlancer.duckdb.gen.DuckDBTableGenerator.getQuery(DuckDBTableGenerator.java:25)
--	at sqlancer.duckdb.DuckDBProvider.generateDatabase(DuckDBProvider.java:105)
--	at sqlancer.duckdb.DuckDBProvider.generateDatabase(DuckDBProvider.java:1)
--	at sqlancer.ProviderAdapter.generateAndTestDatabase(ProviderAdapter.java:40)
--	at sqlancer.Main$DBMSExecutor.run(Main.java:315)
--	at sqlancer.Main$2.run(Main.java:492)
--	at sqlancer.Main$2.runThread(Main.java:474)
--	at sqlancer.Main$2.run(Main.java:465)
--	at java.base/java.util.concurrent.ThreadPoolExecutor.runWorker(ThreadPoolExecutor.java:1128)
--	at java.base/java.util.concurrent.ThreadPoolExecutor$Worker.run(ThreadPoolExecutor.java:628)
--	at java.base/java.lang.Thread.run(Thread.java:829)
--
-- Time: 2023/01/30 19:57:33
-- Database: database88
-- Database version: v0.3.2
-- seed value: 88

java.lang.AssertionError
	at sqlancer.GlobalState.getSchema(GlobalState.java:134)
	at sqlancer.duckdb.gen.DuckDBTableGenerator.getQuery(DuckDBTableGenerator.java:25)
	at sqlancer.duckdb.DuckDBProvider.generateDatabase(DuckDBProvider.java:105)
	at sqlancer.duckdb.DuckDBProvider.generateDatabase(DuckDBProvider.java:1)
	at sqlancer.ProviderAdapter.generateAndTestDatabase(ProviderAdapter.java:40)
	at sqlancer.Main$DBMSExecutor.run(Main.java:315)
	at sqlancer.Main$2.run(Main.java:492)
	at sqlancer.Main$2.runThread(Main.java:474)
	at sqlancer.Main$2.run(Main.java:465)
	at java.base/java.util.concurrent.ThreadPoolExecutor.runWorker(ThreadPoolExecutor.java:1128)
	at java.base/java.util.concurrent.ThreadPoolExecutor$Worker.run(ThreadPoolExecutor.java:628)
	at java.base/java.lang.Thread.run(Thread.java:829)
--java.lang.AssertionError
--	at sqlancer.GlobalState.getSchema(GlobalState.java:134)
--	at sqlancer.duckdb.gen.DuckDBTableGenerator.getQuery(DuckDBTableGenerator.java:25)
--	at sqlancer.duckdb.DuckDBProvider.generateDatabase(DuckDBProvider.java:105)
--	at sqlancer.duckdb.DuckDBProvider.generateDatabase(DuckDBProvider.java:1)
--	at sqlancer.ProviderAdapter.generateAndTestDatabase(ProviderAdapter.java:40)
--	at sqlancer.Main$DBMSExecutor.run(Main.java:315)
--	at sqlancer.Main$2.run(Main.java:492)
--	at sqlancer.Main$2.runThread(Main.java:474)
--	at sqlancer.Main$2.run(Main.java:465)
--	at java.base/java.util.concurrent.ThreadPoolExecutor.runWorker(ThreadPoolExecutor.java:1128)
--	at java.base/java.util.concurrent.ThreadPoolExecutor$Worker.run(ThreadPoolExecutor.java:628)
--	at java.base/java.lang.Thread.run(Thread.java:829)
--
-- Time: 2023/01/30 19:57:33
-- Database: database89
-- Database version: v0.3.2
-- seed value: 89

java.lang.AssertionError
	at sqlancer.GlobalState.getSchema(GlobalState.java:134)
	at sqlancer.duckdb.gen.DuckDBTableGenerator.getQuery(DuckDBTableGenerator.java:25)
	at sqlancer.duckdb.DuckDBProvider.generateDatabase(DuckDBProvider.java:105)
	at sqlancer.duckdb.DuckDBProvider.generateDatabase(DuckDBProvider.java:1)
	at sqlancer.ProviderAdapter.generateAndTestDatabase(ProviderAdapter.java:40)
	at sqlancer.Main$DBMSExecutor.run(Main.java:315)
	at sqlancer.Main$2.run(Main.java:492)
	at sqlancer.Main$2.runThread(Main.java:474)
	at sqlancer.Main$2.run(Main.java:465)
	at java.base/java.util.concurrent.ThreadPoolExecutor.runWorker(ThreadPoolExecutor.java:1128)
	at java.base/java.util.concurrent.ThreadPoolExecutor$Worker.run(ThreadPoolExecutor.java:628)
	at java.base/java.lang.Thread.run(Thread.java:829)
--java.lang.AssertionError
--	at sqlancer.GlobalState.getSchema(GlobalState.java:134)
--	at sqlancer.duckdb.gen.DuckDBTableGenerator.getQuery(DuckDBTableGenerator.java:25)
--	at sqlancer.duckdb.DuckDBProvider.generateDatabase(DuckDBProvider.java:105)
--	at sqlancer.duckdb.DuckDBProvider.generateDatabase(DuckDBProvider.java:1)
--	at sqlancer.ProviderAdapter.generateAndTestDatabase(ProviderAdapter.java:40)
--	at sqlancer.Main$DBMSExecutor.run(Main.java:315)
--	at sqlancer.Main$2.run(Main.java:492)
--	at sqlancer.Main$2.runThread(Main.java:474)
--	at sqlancer.Main$2.run(Main.java:465)
--	at java.base/java.util.concurrent.ThreadPoolExecutor.runWorker(ThreadPoolExecutor.java:1128)
--	at java.base/java.util.concurrent.ThreadPoolExecutor$Worker.run(ThreadPoolExecutor.java:628)
--	at java.base/java.lang.Thread.run(Thread.java:829)
--
-- Time: 2023/01/30 19:57:33
-- Database: database90
-- Database version: v0.3.2
-- seed value: 90

java.lang.AssertionError
	at sqlancer.GlobalState.getSchema(GlobalState.java:134)
	at sqlancer.duckdb.gen.DuckDBTableGenerator.getQuery(DuckDBTableGenerator.java:25)
	at sqlancer.duckdb.DuckDBProvider.generateDatabase(DuckDBProvider.java:105)
	at sqlancer.duckdb.DuckDBProvider.generateDatabase(DuckDBProvider.java:1)
	at sqlancer.ProviderAdapter.generateAndTestDatabase(ProviderAdapter.java:40)
	at sqlancer.Main$DBMSExecutor.run(Main.java:315)
	at sqlancer.Main$2.run(Main.java:492)
	at sqlancer.Main$2.runThread(Main.java:474)
	at sqlancer.Main$2.run(Main.java:465)
	at java.base/java.util.concurrent.ThreadPoolExecutor.runWorker(ThreadPoolExecutor.java:1128)
	at java.base/java.util.concurrent.ThreadPoolExecutor$Worker.run(ThreadPoolExecutor.java:628)
	at java.base/java.lang.Thread.run(Thread.java:829)
--java.lang.AssertionError
--	at sqlancer.GlobalState.getSchema(GlobalState.java:134)
--	at sqlancer.duckdb.gen.DuckDBTableGenerator.getQuery(DuckDBTableGenerator.java:25)
--	at sqlancer.duckdb.DuckDBProvider.generateDatabase(DuckDBProvider.java:105)
--	at sqlancer.duckdb.DuckDBProvider.generateDatabase(DuckDBProvider.java:1)
--	at sqlancer.ProviderAdapter.generateAndTestDatabase(ProviderAdapter.java:40)
--	at sqlancer.Main$DBMSExecutor.run(Main.java:315)
--	at sqlancer.Main$2.run(Main.java:492)
--	at sqlancer.Main$2.runThread(Main.java:474)
--	at sqlancer.Main$2.run(Main.java:465)
--	at java.base/java.util.concurrent.ThreadPoolExecutor.runWorker(ThreadPoolExecutor.java:1128)
--	at java.base/java.util.concurrent.ThreadPoolExecutor$Worker.run(ThreadPoolExecutor.java:628)
--	at java.base/java.lang.Thread.run(Thread.java:829)
--
-- Time: 2023/01/30 19:57:33
-- Database: database91
-- Database version: v0.3.2
-- seed value: 91

java.lang.AssertionError
	at sqlancer.GlobalState.getSchema(GlobalState.java:134)
	at sqlancer.duckdb.gen.DuckDBTableGenerator.getQuery(DuckDBTableGenerator.java:25)
	at sqlancer.duckdb.DuckDBProvider.generateDatabase(DuckDBProvider.java:105)
	at sqlancer.duckdb.DuckDBProvider.generateDatabase(DuckDBProvider.java:1)
	at sqlancer.ProviderAdapter.generateAndTestDatabase(ProviderAdapter.java:40)
	at sqlancer.Main$DBMSExecutor.run(Main.java:315)
	at sqlancer.Main$2.run(Main.java:492)
	at sqlancer.Main$2.runThread(Main.java:474)
	at sqlancer.Main$2.run(Main.java:465)
	at java.base/java.util.concurrent.ThreadPoolExecutor.runWorker(ThreadPoolExecutor.java:1128)
	at java.base/java.util.concurrent.ThreadPoolExecutor$Worker.run(ThreadPoolExecutor.java:628)
	at java.base/java.lang.Thread.run(Thread.java:829)
--java.lang.AssertionError
--	at sqlancer.GlobalState.getSchema(GlobalState.java:134)
--	at sqlancer.duckdb.gen.DuckDBTableGenerator.getQuery(DuckDBTableGenerator.java:25)
--	at sqlancer.duckdb.DuckDBProvider.generateDatabase(DuckDBProvider.java:105)
--	at sqlancer.duckdb.DuckDBProvider.generateDatabase(DuckDBProvider.java:1)
--	at sqlancer.ProviderAdapter.generateAndTestDatabase(ProviderAdapter.java:40)
--	at sqlancer.Main$DBMSExecutor.run(Main.java:315)
--	at sqlancer.Main$2.run(Main.java:492)
--	at sqlancer.Main$2.runThread(Main.java:474)
--	at sqlancer.Main$2.run(Main.java:465)
--	at java.base/java.util.concurrent.ThreadPoolExecutor.runWorker(ThreadPoolExecutor.java:1128)
--	at java.base/java.util.concurrent.ThreadPoolExecutor$Worker.run(ThreadPoolExecutor.java:628)
--	at java.base/java.lang.Thread.run(Thread.java:829)
--
-- Time: 2023/01/30 19:57:33
-- Database: database92
-- Database version: v0.3.2
-- seed value: 92

java.lang.AssertionError
	at sqlancer.GlobalState.getSchema(GlobalState.java:134)
	at sqlancer.duckdb.gen.DuckDBTableGenerator.getQuery(DuckDBTableGenerator.java:25)
	at sqlancer.duckdb.DuckDBProvider.generateDatabase(DuckDBProvider.java:105)
	at sqlancer.duckdb.DuckDBProvider.generateDatabase(DuckDBProvider.java:1)
	at sqlancer.ProviderAdapter.generateAndTestDatabase(ProviderAdapter.java:40)
	at sqlancer.Main$DBMSExecutor.run(Main.java:315)
	at sqlancer.Main$2.run(Main.java:492)
	at sqlancer.Main$2.runThread(Main.java:474)
	at sqlancer.Main$2.run(Main.java:465)
	at java.base/java.util.concurrent.ThreadPoolExecutor.runWorker(ThreadPoolExecutor.java:1128)
	at java.base/java.util.concurrent.ThreadPoolExecutor$Worker.run(ThreadPoolExecutor.java:628)
	at java.base/java.lang.Thread.run(Thread.java:829)
--java.lang.AssertionError
--	at sqlancer.GlobalState.getSchema(GlobalState.java:134)
--	at sqlancer.duckdb.gen.DuckDBTableGenerator.getQuery(DuckDBTableGenerator.java:25)
--	at sqlancer.duckdb.DuckDBProvider.generateDatabase(DuckDBProvider.java:105)
--	at sqlancer.duckdb.DuckDBProvider.generateDatabase(DuckDBProvider.java:1)
--	at sqlancer.ProviderAdapter.generateAndTestDatabase(ProviderAdapter.java:40)
--	at sqlancer.Main$DBMSExecutor.run(Main.java:315)
--	at sqlancer.Main$2.run(Main.java:492)
--	at sqlancer.Main$2.runThread(Main.java:474)
--	at sqlancer.Main$2.run(Main.java:465)
--	at java.base/java.util.concurrent.ThreadPoolExecutor.runWorker(ThreadPoolExecutor.java:1128)
--	at java.base/java.util.concurrent.ThreadPoolExecutor$Worker.run(ThreadPoolExecutor.java:628)
--	at java.base/java.lang.Thread.run(Thread.java:829)
--
-- Time: 2023/01/30 19:57:33
-- Database: database93
-- Database version: v0.3.2
-- seed value: 93

java.lang.AssertionError
	at sqlancer.GlobalState.getSchema(GlobalState.java:134)
	at sqlancer.duckdb.gen.DuckDBTableGenerator.getQuery(DuckDBTableGenerator.java:25)
	at sqlancer.duckdb.DuckDBProvider.generateDatabase(DuckDBProvider.java:105)
	at sqlancer.duckdb.DuckDBProvider.generateDatabase(DuckDBProvider.java:1)
	at sqlancer.ProviderAdapter.generateAndTestDatabase(ProviderAdapter.java:40)
	at sqlancer.Main$DBMSExecutor.run(Main.java:315)
	at sqlancer.Main$2.run(Main.java:492)
	at sqlancer.Main$2.runThread(Main.java:474)
	at sqlancer.Main$2.run(Main.java:465)
	at java.base/java.util.concurrent.ThreadPoolExecutor.runWorker(ThreadPoolExecutor.java:1128)
	at java.base/java.util.concurrent.ThreadPoolExecutor$Worker.run(ThreadPoolExecutor.java:628)
	at java.base/java.lang.Thread.run(Thread.java:829)
--java.lang.AssertionError
--	at sqlancer.GlobalState.getSchema(GlobalState.java:134)
--	at sqlancer.duckdb.gen.DuckDBTableGenerator.getQuery(DuckDBTableGenerator.java:25)
--	at sqlancer.duckdb.DuckDBProvider.generateDatabase(DuckDBProvider.java:105)
--	at sqlancer.duckdb.DuckDBProvider.generateDatabase(DuckDBProvider.java:1)
--	at sqlancer.ProviderAdapter.generateAndTestDatabase(ProviderAdapter.java:40)
--	at sqlancer.Main$DBMSExecutor.run(Main.java:315)
--	at sqlancer.Main$2.run(Main.java:492)
--	at sqlancer.Main$2.runThread(Main.java:474)
--	at sqlancer.Main$2.run(Main.java:465)
--	at java.base/java.util.concurrent.ThreadPoolExecutor.runWorker(ThreadPoolExecutor.java:1128)
--	at java.base/java.util.concurrent.ThreadPoolExecutor$Worker.run(ThreadPoolExecutor.java:628)
--	at java.base/java.lang.Thread.run(Thread.java:829)
--
-- Time: 2023/01/30 19:57:33
-- Database: database94
-- Database version: v0.3.2
-- seed value: 94

java.lang.AssertionError
	at sqlancer.GlobalState.getSchema(GlobalState.java:134)
	at sqlancer.duckdb.gen.DuckDBTableGenerator.getQuery(DuckDBTableGenerator.java:25)
	at sqlancer.duckdb.DuckDBProvider.generateDatabase(DuckDBProvider.java:105)
	at sqlancer.duckdb.DuckDBProvider.generateDatabase(DuckDBProvider.java:1)
	at sqlancer.ProviderAdapter.generateAndTestDatabase(ProviderAdapter.java:40)
	at sqlancer.Main$DBMSExecutor.run(Main.java:315)
	at sqlancer.Main$2.run(Main.java:492)
	at sqlancer.Main$2.runThread(Main.java:474)
	at sqlancer.Main$2.run(Main.java:465)
	at java.base/java.util.concurrent.ThreadPoolExecutor.runWorker(ThreadPoolExecutor.java:1128)
	at java.base/java.util.concurrent.ThreadPoolExecutor$Worker.run(ThreadPoolExecutor.java:628)
	at java.base/java.lang.Thread.run(Thread.java:829)
--java.lang.AssertionError
--	at sqlancer.GlobalState.getSchema(GlobalState.java:134)
--	at sqlancer.duckdb.gen.DuckDBTableGenerator.getQuery(DuckDBTableGenerator.java:25)
--	at sqlancer.duckdb.DuckDBProvider.generateDatabase(DuckDBProvider.java:105)
--	at sqlancer.duckdb.DuckDBProvider.generateDatabase(DuckDBProvider.java:1)
--	at sqlancer.ProviderAdapter.generateAndTestDatabase(ProviderAdapter.java:40)
--	at sqlancer.Main$DBMSExecutor.run(Main.java:315)
--	at sqlancer.Main$2.run(Main.java:492)
--	at sqlancer.Main$2.runThread(Main.java:474)
--	at sqlancer.Main$2.run(Main.java:465)
--	at java.base/java.util.concurrent.ThreadPoolExecutor.runWorker(ThreadPoolExecutor.java:1128)
--	at java.base/java.util.concurrent.ThreadPoolExecutor$Worker.run(ThreadPoolExecutor.java:628)
--	at java.base/java.lang.Thread.run(Thread.java:829)
--
-- Time: 2023/01/30 19:57:33
-- Database: database95
-- Database version: v0.3.2
-- seed value: 95

java.lang.AssertionError
	at sqlancer.GlobalState.getSchema(GlobalState.java:134)
	at sqlancer.duckdb.gen.DuckDBTableGenerator.getQuery(DuckDBTableGenerator.java:25)
	at sqlancer.duckdb.DuckDBProvider.generateDatabase(DuckDBProvider.java:105)
	at sqlancer.duckdb.DuckDBProvider.generateDatabase(DuckDBProvider.java:1)
	at sqlancer.ProviderAdapter.generateAndTestDatabase(ProviderAdapter.java:40)
	at sqlancer.Main$DBMSExecutor.run(Main.java:315)
	at sqlancer.Main$2.run(Main.java:492)
	at sqlancer.Main$2.runThread(Main.java:474)
	at sqlancer.Main$2.run(Main.java:465)
	at java.base/java.util.concurrent.ThreadPoolExecutor.runWorker(ThreadPoolExecutor.java:1128)
	at java.base/java.util.concurrent.ThreadPoolExecutor$Worker.run(ThreadPoolExecutor.java:628)
	at java.base/java.lang.Thread.run(Thread.java:829)
--java.lang.AssertionError
--	at sqlancer.GlobalState.getSchema(GlobalState.java:134)
--	at sqlancer.duckdb.gen.DuckDBTableGenerator.getQuery(DuckDBTableGenerator.java:25)
--	at sqlancer.duckdb.DuckDBProvider.generateDatabase(DuckDBProvider.java:105)
--	at sqlancer.duckdb.DuckDBProvider.generateDatabase(DuckDBProvider.java:1)
--	at sqlancer.ProviderAdapter.generateAndTestDatabase(ProviderAdapter.java:40)
--	at sqlancer.Main$DBMSExecutor.run(Main.java:315)
--	at sqlancer.Main$2.run(Main.java:492)
--	at sqlancer.Main$2.runThread(Main.java:474)
--	at sqlancer.Main$2.run(Main.java:465)
--	at java.base/java.util.concurrent.ThreadPoolExecutor.runWorker(ThreadPoolExecutor.java:1128)
--	at java.base/java.util.concurrent.ThreadPoolExecutor$Worker.run(ThreadPoolExecutor.java:628)
--	at java.base/java.lang.Thread.run(Thread.java:829)
--
-- Time: 2023/01/30 19:57:33
-- Database: database96
-- Database version: v0.3.2
-- seed value: 96

java.lang.AssertionError
	at sqlancer.GlobalState.getSchema(GlobalState.java:134)
	at sqlancer.duckdb.gen.DuckDBTableGenerator.getQuery(DuckDBTableGenerator.java:25)
	at sqlancer.duckdb.DuckDBProvider.generateDatabase(DuckDBProvider.java:105)
	at sqlancer.duckdb.DuckDBProvider.generateDatabase(DuckDBProvider.java:1)
	at sqlancer.ProviderAdapter.generateAndTestDatabase(ProviderAdapter.java:40)
	at sqlancer.Main$DBMSExecutor.run(Main.java:315)
	at sqlancer.Main$2.run(Main.java:492)
	at sqlancer.Main$2.runThread(Main.java:474)
	at sqlancer.Main$2.run(Main.java:465)
	at java.base/java.util.concurrent.ThreadPoolExecutor.runWorker(ThreadPoolExecutor.java:1128)
	at java.base/java.util.concurrent.ThreadPoolExecutor$Worker.run(ThreadPoolExecutor.java:628)
	at java.base/java.lang.Thread.run(Thread.java:829)
--java.lang.AssertionError
--	at sqlancer.GlobalState.getSchema(GlobalState.java:134)
--	at sqlancer.duckdb.gen.DuckDBTableGenerator.getQuery(DuckDBTableGenerator.java:25)
--	at sqlancer.duckdb.DuckDBProvider.generateDatabase(DuckDBProvider.java:105)
--	at sqlancer.duckdb.DuckDBProvider.generateDatabase(DuckDBProvider.java:1)
--	at sqlancer.ProviderAdapter.generateAndTestDatabase(ProviderAdapter.java:40)
--	at sqlancer.Main$DBMSExecutor.run(Main.java:315)
--	at sqlancer.Main$2.run(Main.java:492)
--	at sqlancer.Main$2.runThread(Main.java:474)
--	at sqlancer.Main$2.run(Main.java:465)
--	at java.base/java.util.concurrent.ThreadPoolExecutor.runWorker(ThreadPoolExecutor.java:1128)
--	at java.base/java.util.concurrent.ThreadPoolExecutor$Worker.run(ThreadPoolExecutor.java:628)
--	at java.base/java.lang.Thread.run(Thread.java:829)
--
-- Time: 2023/01/30 19:57:33
-- Database: database97
-- Database version: v0.3.2
-- seed value: 97

java.lang.AssertionError
	at sqlancer.GlobalState.getSchema(GlobalState.java:134)
	at sqlancer.duckdb.gen.DuckDBTableGenerator.getQuery(DuckDBTableGenerator.java:25)
	at sqlancer.duckdb.DuckDBProvider.generateDatabase(DuckDBProvider.java:105)
	at sqlancer.duckdb.DuckDBProvider.generateDatabase(DuckDBProvider.java:1)
	at sqlancer.ProviderAdapter.generateAndTestDatabase(ProviderAdapter.java:40)
	at sqlancer.Main$DBMSExecutor.run(Main.java:315)
	at sqlancer.Main$2.run(Main.java:492)
	at sqlancer.Main$2.runThread(Main.java:474)
	at sqlancer.Main$2.run(Main.java:465)
	at java.base/java.util.concurrent.ThreadPoolExecutor.runWorker(ThreadPoolExecutor.java:1128)
	at java.base/java.util.concurrent.ThreadPoolExecutor$Worker.run(ThreadPoolExecutor.java:628)
	at java.base/java.lang.Thread.run(Thread.java:829)
--java.lang.AssertionError
--	at sqlancer.GlobalState.getSchema(GlobalState.java:134)
--	at sqlancer.duckdb.gen.DuckDBTableGenerator.getQuery(DuckDBTableGenerator.java:25)
--	at sqlancer.duckdb.DuckDBProvider.generateDatabase(DuckDBProvider.java:105)
--	at sqlancer.duckdb.DuckDBProvider.generateDatabase(DuckDBProvider.java:1)
--	at sqlancer.ProviderAdapter.generateAndTestDatabase(ProviderAdapter.java:40)
--	at sqlancer.Main$DBMSExecutor.run(Main.java:315)
--	at sqlancer.Main$2.run(Main.java:492)
--	at sqlancer.Main$2.runThread(Main.java:474)
--	at sqlancer.Main$2.run(Main.java:465)
--	at java.base/java.util.concurrent.ThreadPoolExecutor.runWorker(ThreadPoolExecutor.java:1128)
--	at java.base/java.util.concurrent.ThreadPoolExecutor$Worker.run(ThreadPoolExecutor.java:628)
--	at java.base/java.lang.Thread.run(Thread.java:829)
--
-- Time: 2023/01/30 19:57:33
-- Database: database98
-- Database version: v0.3.2
-- seed value: 98

java.lang.AssertionError
	at sqlancer.GlobalState.getSchema(GlobalState.java:134)
	at sqlancer.duckdb.gen.DuckDBTableGenerator.getQuery(DuckDBTableGenerator.java:25)
	at sqlancer.duckdb.DuckDBProvider.generateDatabase(DuckDBProvider.java:105)
	at sqlancer.duckdb.DuckDBProvider.generateDatabase(DuckDBProvider.java:1)
	at sqlancer.ProviderAdapter.generateAndTestDatabase(ProviderAdapter.java:40)
	at sqlancer.Main$DBMSExecutor.run(Main.java:315)
	at sqlancer.Main$2.run(Main.java:492)
	at sqlancer.Main$2.runThread(Main.java:474)
	at sqlancer.Main$2.run(Main.java:465)
	at java.base/java.util.concurrent.ThreadPoolExecutor.runWorker(ThreadPoolExecutor.java:1128)
	at java.base/java.util.concurrent.ThreadPoolExecutor$Worker.run(ThreadPoolExecutor.java:628)
	at java.base/java.lang.Thread.run(Thread.java:829)
--java.lang.AssertionError
--	at sqlancer.GlobalState.getSchema(GlobalState.java:134)
--	at sqlancer.duckdb.gen.DuckDBTableGenerator.getQuery(DuckDBTableGenerator.java:25)
--	at sqlancer.duckdb.DuckDBProvider.generateDatabase(DuckDBProvider.java:105)
--	at sqlancer.duckdb.DuckDBProvider.generateDatabase(DuckDBProvider.java:1)
--	at sqlancer.ProviderAdapter.generateAndTestDatabase(ProviderAdapter.java:40)
--	at sqlancer.Main$DBMSExecutor.run(Main.java:315)
--	at sqlancer.Main$2.run(Main.java:492)
--	at sqlancer.Main$2.runThread(Main.java:474)
--	at sqlancer.Main$2.run(Main.java:465)
--	at java.base/java.util.concurrent.ThreadPoolExecutor.runWorker(ThreadPoolExecutor.java:1128)
--	at java.base/java.util.concurrent.ThreadPoolExecutor$Worker.run(ThreadPoolExecutor.java:628)
--	at java.base/java.lang.Thread.run(Thread.java:829)
--
-- Time: 2023/01/30 19:57:33
-- Database: database99
-- Database version: v0.3.2
-- seed value: 99

[ERROR] Tests run: 1, Failures: 1, Errors: 0, Skipped: 0, Time elapsed: 0.867 s <<< FAILURE! - in sqlancer.dbms.TestDuckDB
[ERROR] testDuckDB  Time elapsed: 0.867 s  <<< FAILURE!
org.opentest4j.AssertionFailedError: expected: <0> but was: <-1>
	at sqlancer.dbms.TestDuckDB.testDuckDB(TestDuckDB.java:14)

[INFO] Running sqlancer.dbms.TestCockroachDB
[WARNING] Tests run: 1, Failures: 0, Errors: 0, Skipped: 1, Time elapsed: 0.001 s - in sqlancer.dbms.TestCockroachDB
[INFO] Running sqlancer.dbms.TestOceanBaseTLP
[WARNING] Tests run: 1, Failures: 0, Errors: 0, Skipped: 1, Time elapsed: 0 s - in sqlancer.dbms.TestOceanBaseTLP
[INFO] Running sqlancer.dbms.TestH2
[WARNING] Tests run: 1, Failures: 0, Errors: 0, Skipped: 1, Time elapsed: 0 s - in sqlancer.dbms.TestH2
[INFO] Running sqlancer.dbms.TestMariaDB
[WARNING] Tests run: 1, Failures: 0, Errors: 0, Skipped: 1, Time elapsed: 0 s - in sqlancer.dbms.TestMariaDB
[INFO] Running sqlancer.dbms.TestClickHouse
[WARNING] Tests run: 6, Failures: 0, Errors: 0, Skipped: 6, Time elapsed: 0 s - in sqlancer.dbms.TestClickHouse
[INFO] Running sqlancer.dbms.TestMySQLPQS
[WARNING] Tests run: 1, Failures: 0, Errors: 0, Skipped: 1, Time elapsed: 0 s - in sqlancer.dbms.TestMySQLPQS
[INFO] Running sqlancer.dbms.TestOceanBasePQS
[WARNING] Tests run: 1, Failures: 0, Errors: 0, Skipped: 1, Time elapsed: 0 s - in sqlancer.dbms.TestOceanBasePQS
[INFO] Running sqlancer.dbms.TestSQLitePQS
[2023/01/30 19:57:36] Executed 5424 queries (1084 queries/s; 24.80/s dbs, successful statements: 61%). Threads shut down: 100.
[2023/01/30 19:57:41] Executed 14511 queries (1817 queries/s; 24.60/s dbs, successful statements: 61%). Threads shut down: 100.
[2023/01/30 19:57:46] Executed 24616 queries (2021 queries/s; 20.80/s dbs, successful statements: 61%). Threads shut down: 100.
[2023/01/30 19:57:51] Executed 34140 queries (1904 queries/s; 21.60/s dbs, successful statements: 61%). Threads shut down: 100.
[2023/01/30 19:57:56] Executed 46284 queries (2428 queries/s; 29.40/s dbs, successful statements: 61%). Threads shut down: 100.
[2023/01/30 19:58:01] Executed 56792 queries (2101 queries/s; 23.00/s dbs, successful statements: 61%). Threads shut down: 100.
[2023/01/30 19:58:06] Executed 66161 queries (1873 queries/s; 23.40/s dbs, successful statements: 61%). Threads shut down: 100.
[2023/01/30 19:58:11] Executed 75755 queries (1918 queries/s; 30.20/s dbs, successful statements: 61%). Threads shut down: 100.
[2023/01/30 19:58:16] Executed 86152 queries (2079 queries/s; 21.80/s dbs, successful statements: 61%). Threads shut down: 100.
[2023/01/30 19:58:21] Executed 96720 queries (2113 queries/s; 22.40/s dbs, successful statements: 61%). Threads shut down: 100.
[2023/01/30 19:58:26] Executed 105717 queries (1799 queries/s; 14.20/s dbs, successful statements: 61%). Threads shut down: 100.
[2023/01/30 19:58:31] Executed 117847 queries (2426 queries/s; 19.40/s dbs, successful statements: 61%). Threads shut down: 100.
[2023/01/30 19:58:36] Executed 129353 queries (2301 queries/s; 24.40/s dbs, successful statements: 62%). Threads shut down: 100.
[2023/01/30 19:58:41] Executed 136840 queries (1497 queries/s; 21.20/s dbs, successful statements: 62%). Threads shut down: 100.
[2023/01/30 19:58:46] Executed 147545 queries (2141 queries/s; 21.80/s dbs, successful statements: 62%). Threads shut down: 100.
[2023/01/30 19:58:51] Executed 156518 queries (1794 queries/s; 24.40/s dbs, successful statements: 62%). Threads shut down: 100.
[2023/01/30 19:58:56] Executed 166708 queries (2038 queries/s; 24.80/s dbs, successful statements: 62%). Threads shut down: 100.
[2023/01/30 19:59:01] Executed 175935 queries (1845 queries/s; 21.40/s dbs, successful statements: 62%). Threads shut down: 100.
[2023/01/30 19:59:06] Executed 185987 queries (2010 queries/s; 23.00/s dbs, successful statements: 62%). Threads shut down: 100.
[2023/01/30 19:59:11] Executed 196336 queries (2069 queries/s; 24.40/s dbs, successful statements: 62%). Threads shut down: 100.
[2023/01/30 19:59:16] Executed 208630 queries (2458 queries/s; 23.60/s dbs, successful statements: 62%). Threads shut down: 100.
[2023/01/30 19:59:21] Executed 217894 queries (1852 queries/s; 17.40/s dbs, successful statements: 62%). Threads shut down: 100.
[2023/01/30 19:59:26] Executed 228710 queries (2163 queries/s; 24.00/s dbs, successful statements: 62%). Threads shut down: 100.
[2023/01/30 19:59:31] Executed 239586 queries (2175 queries/s; 24.00/s dbs, successful statements: 62%). Threads shut down: 100.
[2023/01/30 19:59:36] Executed 249114 queries (1905 queries/s; 26.40/s dbs, successful statements: 62%). Threads shut down: 100.
[2023/01/30 19:59:41] Executed 260090 queries (2195 queries/s; 30.60/s dbs, successful statements: 62%). Threads shut down: 100.
[2023/01/30 19:59:46] Executed 270081 queries (1998 queries/s; 26.00/s dbs, successful statements: 62%). Threads shut down: 100.
[2023/01/30 19:59:51] Executed 279798 queries (1943 queries/s; 26.60/s dbs, successful statements: 62%). Threads shut down: 100.
[2023/01/30 19:59:56] Executed 291148 queries (2270 queries/s; 28.40/s dbs, successful statements: 62%). Threads shut down: 100.
[2023/01/30 20:00:01] Executed 301349 queries (2040 queries/s; 23.00/s dbs, successful statements: 62%). Threads shut down: 100.
[2023/01/30 20:00:06] Executed 309633 queries (1656 queries/s; 17.80/s dbs, successful statements: 62%). Threads shut down: 100.
[2023/01/30 20:00:11] Executed 321691 queries (2411 queries/s; 18.00/s dbs, successful statements: 62%). Threads shut down: 100.
[2023/01/30 20:00:16] Executed 330014 queries (1664 queries/s; 27.60/s dbs, successful statements: 62%). Threads shut down: 100.
[2023/01/30 20:00:21] Executed 342070 queries (2411 queries/s; 19.60/s dbs, successful statements: 62%). Threads shut down: 100.
[2023/01/30 20:00:26] Executed 352113 queries (2008 queries/s; 24.80/s dbs, successful statements: 62%). Threads shut down: 100.
[2023/01/30 20:00:31] Executed 362586 queries (2094 queries/s; 19.80/s dbs, successful statements: 62%). Threads shut down: 100.
[2023/01/30 20:00:36] Executed 375208 queries (2524 queries/s; 23.20/s dbs, successful statements: 62%). Threads shut down: 100.
[2023/01/30 20:00:41] Executed 387236 queries (2405 queries/s; 24.40/s dbs, successful statements: 62%). Threads shut down: 100.
[2023/01/30 20:00:46] Executed 400868 queries (2726 queries/s; 19.40/s dbs, successful statements: 62%). Threads shut down: 100.
[2023/01/30 20:00:51] Executed 409761 queries (1778 queries/s; 21.80/s dbs, successful statements: 62%). Threads shut down: 100.
[2023/01/30 20:00:56] Executed 420180 queries (2083 queries/s; 23.60/s dbs, successful statements: 62%). Threads shut down: 100.
[2023/01/30 20:01:01] Executed 430766 queries (2117 queries/s; 28.00/s dbs, successful statements: 63%). Threads shut down: 100.
[2023/01/30 20:01:06] Executed 442251 queries (2297 queries/s; 20.40/s dbs, successful statements: 63%). Threads shut down: 100.
[2023/01/30 20:01:11] Executed 453291 queries (2208 queries/s; 24.00/s dbs, successful statements: 63%). Threads shut down: 100.
[2023/01/30 20:01:16] Executed 461408 queries (1623 queries/s; 22.80/s dbs, successful statements: 63%). Threads shut down: 100.
[2023/01/30 20:01:21] Executed 469752 queries (1668 queries/s; 24.20/s dbs, successful statements: 63%). Threads shut down: 100.
[2023/01/30 20:01:26] Executed 481463 queries (2342 queries/s; 24.80/s dbs, successful statements: 63%). Threads shut down: 100.
[2023/01/30 20:01:31] Executed 493460 queries (2399 queries/s; 26.80/s dbs, successful statements: 63%). Threads shut down: 100.
[2023/01/30 20:01:36] Executed 505381 queries (2384 queries/s; 25.00/s dbs, successful statements: 63%). Threads shut down: 100.
[2023/01/30 20:01:41] Executed 516337 queries (2191 queries/s; 17.60/s dbs, successful statements: 63%). Threads shut down: 100.
[2023/01/30 20:01:46] Executed 527220 queries (2176 queries/s; 26.60/s dbs, successful statements: 63%). Threads shut down: 100.
[2023/01/30 20:01:51] Executed 537147 queries (1985 queries/s; 28.40/s dbs, successful statements: 63%). Threads shut down: 100.
[2023/01/30 20:01:56] Executed 548093 queries (2189 queries/s; 33.00/s dbs, successful statements: 63%). Threads shut down: 100.
[2023/01/30 20:02:01] Executed 558738 queries (2129 queries/s; 23.20/s dbs, successful statements: 63%). Threads shut down: 100.
[2023/01/30 20:02:06] Executed 568277 queries (1907 queries/s; 24.40/s dbs, successful statements: 63%). Threads shut down: 100.
[2023/01/30 20:02:11] Executed 579869 queries (2318 queries/s; 24.40/s dbs, successful statements: 63%). Threads shut down: 100.
[2023/01/30 20:02:16] Executed 589624 queries (1951 queries/s; 24.00/s dbs, successful statements: 63%). Threads shut down: 100.
[2023/01/30 20:02:21] Executed 599813 queries (2037 queries/s; 21.80/s dbs, successful statements: 63%). Threads shut down: 100.
[2023/01/30 20:02:26] Executed 611622 queries (2361 queries/s; 19.00/s dbs, successful statements: 63%). Threads shut down: 100.
[2023/01/30 20:02:31] Executed 621489 queries (1973 queries/s; 26.00/s dbs, successful statements: 63%). Threads shut down: 100.
[INFO] Tests run: 1, Failures: 0, Errors: 0, Skipped: 0, Time elapsed: 299.969 s - in sqlancer.dbms.TestSQLitePQS
[INFO] Running sqlancer.dbms.TestOceanBaseNoREC
[WARNING] Tests run: 1, Failures: 0, Errors: 0, Skipped: 1, Time elapsed: 0 s - in sqlancer.dbms.TestOceanBaseNoREC
[INFO] Running sqlancer.dbms.TestTiDB
[WARNING] Tests run: 1, Failures: 0, Errors: 0, Skipped: 1, Time elapsed: 0 s - in sqlancer.dbms.TestTiDB
[INFO] Running sqlancer.clickhouse.ast.ClickHouseBinaryComparisonOperationTest
[INFO] Tests run: 6, Failures: 0, Errors: 0, Skipped: 0, Time elapsed: 0.022 s - in sqlancer.clickhouse.ast.ClickHouseBinaryComparisonOperationTest
[INFO] Running sqlancer.TestRandomly
[INFO] Tests run: 13, Failures: 0, Errors: 0, Skipped: 0, Time elapsed: 1.232 s - in sqlancer.TestRandomly
[INFO] 
[INFO] Results:
[INFO] 
[ERROR] Failures: 
[ERROR]   TestDuckDB.testDuckDB:14 expected: <0> but was: <-1>
[INFO] 
[ERROR] Tests run: 66, Failures: 1, Errors: 0, Skipped: 18
[INFO] 
[INFO] ------------------------------------------------------------------------
[INFO] BUILD FAILURE
[INFO] ------------------------------------------------------------------------
[INFO] Total time:  10:08 min
[INFO] Finished at: 2023-01-30T20:02:35Z
[INFO] ------------------------------------------------------------------------
[ERROR] Failed to execute goal org.apache.maven.plugins:maven-surefire-plugin:2.22.2:test (default-test) on project sqlancer: There are test failures.
[ERROR] 
[ERROR] Please refer to /home/gabsko/breaking-updates/target/surefire-reports for the individual test results.
[ERROR] Please refer to dump files (if any exist) [date].dump, [date]-jvmRun[N].dump and [date].dumpstream.
[ERROR] -> [Help 1]
[ERROR] 
[ERROR] To see the full stack trace of the errors, re-run Maven with the -e switch.
[ERROR] Re-run Maven using the -X switch to enable full debug logging.
[ERROR] 
[ERROR] For more information about the errors and possible solutions, please read the following articles:
[ERROR] [Help 1] http://cwiki.apache.org/confluence/display/MAVEN/MojoFailureException
