[INFO] Scanning for projects...
[INFO] 
[INFO] -----------------------< com.sqlancer:sqlancer >------------------------
[INFO] Building SQLancer 1.1.0
[INFO] --------------------------------[ jar ]---------------------------------
[INFO] 
[INFO] --- maven-clean-plugin:2.5:clean (default-clean) @ sqlancer ---
[INFO] Deleting /home/gabsko/breaking-updates/target
[INFO] 
[INFO] --- jacoco-maven-plugin:0.8.7:prepare-agent (default) @ sqlancer ---
[INFO] argLine set to -javaagent:/home/gabsko/.m2/repository/org/jacoco/org.jacoco.agent/0.8.7/org.jacoco.agent-0.8.7-runtime.jar=destfile=/home/gabsko/breaking-updates/target/jacoco.exec
[INFO] 
[INFO] --- maven-resources-plugin:2.6:resources (default-resources) @ sqlancer ---
[INFO] Using 'UTF-8' encoding to copy filtered resources.
[INFO] skip non existing resourceDirectory /home/gabsko/breaking-updates/src/main/resources
[INFO] 
[INFO] --- maven-compiler-plugin:3.8.1:compile (default-compile) @ sqlancer ---
[INFO] Changes detected - recompiling the module!
[INFO] 
[INFO] --- maven-resources-plugin:2.6:testResources (default-testResources) @ sqlancer ---
[INFO] Using 'UTF-8' encoding to copy filtered resources.
[INFO] skip non existing resourceDirectory /home/gabsko/breaking-updates/src/test/resources
[INFO] 
[INFO] --- maven-compiler-plugin:3.8.1:testCompile (default-testCompile) @ sqlancer ---
[INFO] Changes detected - recompiling the module!
[INFO] 
[INFO] --- maven-surefire-plugin:2.22.2:test (default-test) @ sqlancer ---
[INFO] 
[INFO] -------------------------------------------------------
[INFO]  T E S T S
[INFO] -------------------------------------------------------
[INFO] Running sqlancer.pqs.sqlite.cast.TestCastToInt
[INFO] Tests run: 13, Failures: 0, Errors: 0, Skipped: 0, Time elapsed: 0.036 s - in sqlancer.pqs.sqlite.cast.TestCastToInt
[INFO] Running sqlancer.pqs.sqlite.cast.TestCastToBoolean
[INFO] Tests run: 1, Failures: 0, Errors: 0, Skipped: 0, Time elapsed: 0.001 s - in sqlancer.pqs.sqlite.cast.TestCastToBoolean
[INFO] Running sqlancer.pqs.sqlite.cast.TestCastToBlob
[INFO] Tests run: 4, Failures: 0, Errors: 0, Skipped: 0, Time elapsed: 0 s - in sqlancer.pqs.sqlite.cast.TestCastToBlob
[INFO] Running sqlancer.pqs.sqlite.cast.TestCastToNumeric
[INFO] Tests run: 3, Failures: 0, Errors: 0, Skipped: 0, Time elapsed: 0 s - in sqlancer.pqs.sqlite.cast.TestCastToNumeric
[INFO] Running sqlancer.TestParameterFormat
[INFO] Tests run: 1, Failures: 0, Errors: 0, Skipped: 0, Time elapsed: 0.072 s - in sqlancer.TestParameterFormat
[INFO] Running sqlancer.TestExpectedErrors
[INFO] Tests run: 3, Failures: 0, Errors: 0, Skipped: 0, Time elapsed: 0.004 s - in sqlancer.TestExpectedErrors
[INFO] Running sqlancer.dbms.TestMySQLTLP
[WARNING] Tests run: 1, Failures: 0, Errors: 0, Skipped: 1, Time elapsed: 0.019 s - in sqlancer.dbms.TestMySQLTLP
[INFO] Running sqlancer.dbms.TestSQLite3
[2023/01/30 20:18:10] Executed 0 queries (0 queries/s; 17.00/s dbs, successful statements: 63%). Threads shut down: 0.
[2023/01/30 20:18:15] Executed 0 queries (0 queries/s; 17.20/s dbs, successful statements: 62%). Threads shut down: 0.
[2023/01/30 20:18:20] Executed 0 queries (0 queries/s; 18.40/s dbs, successful statements: 61%). Threads shut down: 0.
[2023/01/30 20:18:25] Executed 0 queries (0 queries/s; 23.40/s dbs, successful statements: 62%). Threads shut down: 0.
[2023/01/30 20:18:30] Executed 0 queries (0 queries/s; 18.00/s dbs, successful statements: 62%). Threads shut down: 0.
[2023/01/30 20:18:35] Executed 0 queries (0 queries/s; 25.80/s dbs, successful statements: 62%). Threads shut down: 0.
[2023/01/30 20:18:40] Executed 0 queries (0 queries/s; 22.60/s dbs, successful statements: 62%). Threads shut down: 0.
[2023/01/30 20:18:45] Executed 0 queries (0 queries/s; 21.60/s dbs, successful statements: 62%). Threads shut down: 0.
[2023/01/30 20:18:50] Executed 0 queries (0 queries/s; 20.60/s dbs, successful statements: 62%). Threads shut down: 0.
[2023/01/30 20:18:55] Executed 0 queries (0 queries/s; 20.60/s dbs, successful statements: 61%). Threads shut down: 0.
[2023/01/30 20:19:00] Executed 0 queries (0 queries/s; 21.00/s dbs, successful statements: 61%). Threads shut down: 0.
[2023/01/30 20:19:05] Executed 0 queries (0 queries/s; 19.00/s dbs, successful statements: 61%). Threads shut down: 0.
[2023/01/30 20:19:10] Executed 0 queries (0 queries/s; 20.80/s dbs, successful statements: 61%). Threads shut down: 0.
[2023/01/30 20:19:15] Executed 0 queries (0 queries/s; 26.40/s dbs, successful statements: 61%). Threads shut down: 0.
[2023/01/30 20:19:20] Executed 0 queries (0 queries/s; 18.40/s dbs, successful statements: 61%). Threads shut down: 0.
[2023/01/30 20:19:25] Executed 0 queries (0 queries/s; 16.20/s dbs, successful statements: 61%). Threads shut down: 0.
[2023/01/30 20:19:30] Executed 0 queries (0 queries/s; 24.00/s dbs, successful statements: 61%). Threads shut down: 0.
[2023/01/30 20:19:35] Executed 0 queries (0 queries/s; 29.00/s dbs, successful statements: 61%). Threads shut down: 0.
[2023/01/30 20:19:40] Executed 0 queries (0 queries/s; 17.00/s dbs, successful statements: 61%). Threads shut down: 0.
[2023/01/30 20:19:45] Executed 0 queries (0 queries/s; 13.20/s dbs, successful statements: 61%). Threads shut down: 0.
[2023/01/30 20:19:50] Executed 0 queries (0 queries/s; 26.20/s dbs, successful statements: 61%). Threads shut down: 0.
[2023/01/30 20:19:55] Executed 0 queries (0 queries/s; 3.60/s dbs, successful statements: 61%). Threads shut down: 0.
[2023/01/30 20:20:00] Executed 0 queries (0 queries/s; 30.40/s dbs, successful statements: 61%). Threads shut down: 0.
[2023/01/30 20:20:05] Executed 0 queries (0 queries/s; 27.40/s dbs, successful statements: 61%). Threads shut down: 0.
[2023/01/30 20:20:10] Executed 0 queries (0 queries/s; 21.00/s dbs, successful statements: 61%). Threads shut down: 0.
[2023/01/30 20:20:15] Executed 0 queries (0 queries/s; 23.00/s dbs, successful statements: 61%). Threads shut down: 0.
[2023/01/30 20:20:20] Executed 0 queries (0 queries/s; 19.20/s dbs, successful statements: 61%). Threads shut down: 0.
[2023/01/30 20:20:25] Executed 0 queries (0 queries/s; 19.60/s dbs, successful statements: 61%). Threads shut down: 0.
[2023/01/30 20:20:30] Executed 0 queries (0 queries/s; 12.60/s dbs, successful statements: 61%). Threads shut down: 0.
[2023/01/30 20:20:35] Executed 0 queries (0 queries/s; 21.80/s dbs, successful statements: 61%). Threads shut down: 0.
[2023/01/30 20:20:40] Executed 0 queries (0 queries/s; 21.20/s dbs, successful statements: 61%). Threads shut down: 0.
[2023/01/30 20:20:45] Executed 0 queries (0 queries/s; 12.80/s dbs, successful statements: 61%). Threads shut down: 0.
[2023/01/30 20:20:50] Executed 0 queries (0 queries/s; 16.60/s dbs, successful statements: 61%). Threads shut down: 0.
[2023/01/30 20:20:55] Executed 0 queries (0 queries/s; 18.20/s dbs, successful statements: 61%). Threads shut down: 0.
[2023/01/30 20:21:00] Executed 0 queries (0 queries/s; 23.80/s dbs, successful statements: 61%). Threads shut down: 0.
[2023/01/30 20:21:05] Executed 0 queries (0 queries/s; 21.40/s dbs, successful statements: 61%). Threads shut down: 0.
[2023/01/30 20:21:10] Executed 0 queries (0 queries/s; 24.80/s dbs, successful statements: 61%). Threads shut down: 0.
[2023/01/30 20:21:15] Executed 0 queries (0 queries/s; 19.60/s dbs, successful statements: 61%). Threads shut down: 0.
[2023/01/30 20:21:20] Executed 0 queries (0 queries/s; 20.00/s dbs, successful statements: 61%). Threads shut down: 0.
[2023/01/30 20:21:25] Executed 0 queries (0 queries/s; 21.00/s dbs, successful statements: 61%). Threads shut down: 0.
[2023/01/30 20:21:30] Executed 0 queries (0 queries/s; 23.20/s dbs, successful statements: 61%). Threads shut down: 0.
[2023/01/30 20:21:35] Executed 0 queries (0 queries/s; 21.40/s dbs, successful statements: 61%). Threads shut down: 0.
[2023/01/30 20:21:40] Executed 0 queries (0 queries/s; 21.00/s dbs, successful statements: 61%). Threads shut down: 0.
[2023/01/30 20:21:45] Executed 0 queries (0 queries/s; 26.20/s dbs, successful statements: 61%). Threads shut down: 0.
[2023/01/30 20:21:50] Executed 0 queries (0 queries/s; 22.00/s dbs, successful statements: 61%). Threads shut down: 0.
[2023/01/30 20:21:55] Executed 0 queries (0 queries/s; 14.20/s dbs, successful statements: 61%). Threads shut down: 0.
[2023/01/30 20:22:00] Executed 0 queries (0 queries/s; 19.20/s dbs, successful statements: 61%). Threads shut down: 0.
[2023/01/30 20:22:05] Executed 0 queries (0 queries/s; 16.80/s dbs, successful statements: 61%). Threads shut down: 0.
[2023/01/30 20:22:10] Executed 0 queries (0 queries/s; 19.60/s dbs, successful statements: 61%). Threads shut down: 0.
[2023/01/30 20:22:15] Executed 0 queries (0 queries/s; 15.20/s dbs, successful statements: 61%). Threads shut down: 0.
[2023/01/30 20:22:20] Executed 0 queries (0 queries/s; 16.00/s dbs, successful statements: 60%). Threads shut down: 0.
[2023/01/30 20:22:25] Executed 0 queries (0 queries/s; 16.20/s dbs, successful statements: 60%). Threads shut down: 0.
[2023/01/30 20:22:30] Executed 0 queries (0 queries/s; 15.80/s dbs, successful statements: 60%). Threads shut down: 0.
[2023/01/30 20:22:35] Executed 0 queries (0 queries/s; 20.40/s dbs, successful statements: 60%). Threads shut down: 0.
[2023/01/30 20:22:40] Executed 0 queries (0 queries/s; 23.20/s dbs, successful statements: 60%). Threads shut down: 0.
[2023/01/30 20:22:45] Executed 0 queries (0 queries/s; 21.40/s dbs, successful statements: 60%). Threads shut down: 0.
[2023/01/30 20:22:50] Executed 0 queries (0 queries/s; 19.80/s dbs, successful statements: 60%). Threads shut down: 0.
[2023/01/30 20:22:55] Executed 0 queries (0 queries/s; 16.00/s dbs, successful statements: 60%). Threads shut down: 0.
[2023/01/30 20:23:00] Executed 0 queries (0 queries/s; 23.80/s dbs, successful statements: 60%). Threads shut down: 0.
[2023/01/30 20:23:05] Executed 0 queries (0 queries/s; 18.40/s dbs, successful statements: 60%). Threads shut down: 0.
[INFO] Tests run: 1, Failures: 0, Errors: 0, Skipped: 0, Time elapsed: 300.736 s - in sqlancer.dbms.TestSQLite3
[INFO] Running sqlancer.dbms.TestCitus
[WARNING] Tests run: 1, Failures: 0, Errors: 0, Skipped: 1, Time elapsed: 0 s - in sqlancer.dbms.TestCitus
[INFO] Running sqlancer.dbms.TestPostgres
[WARNING] Tests run: 2, Failures: 0, Errors: 0, Skipped: 2, Time elapsed: 0.001 s - in sqlancer.dbms.TestPostgres
[INFO] Running sqlancer.dbms.TestDuckDB
java.lang.AssertionError
	at sqlancer.GlobalState.getSchema(GlobalState.java:134)
	at sqlancer.duckdb.gen.DuckDBTableGenerator.getQuery(DuckDBTableGenerator.java:25)
	at sqlancer.duckdb.DuckDBProvider.generateDatabase(DuckDBProvider.java:101)
	at sqlancer.duckdb.DuckDBProvider.generateDatabase(DuckDBProvider.java:1)
	at sqlancer.ProviderAdapter.generateAndTestDatabase(ProviderAdapter.java:40)
	at sqlancer.Main$DBMSExecutor.run(Main.java:326)
	at sqlancer.Main$2.run(Main.java:510)
	at sqlancer.Main$2.runThread(Main.java:488)
	at sqlancer.Main$2.run(Main.java:478)
	at java.base/java.util.concurrent.ThreadPoolExecutor.runWorker(ThreadPoolExecutor.java:1128)
	at java.base/java.util.concurrent.ThreadPoolExecutor$Worker.run(ThreadPoolExecutor.java:628)
	at java.base/java.lang.Thread.run(Thread.java:829)
--java.lang.AssertionError
--	at sqlancer.GlobalState.getSchema(GlobalState.java:134)
--	at sqlancer.duckdb.gen.DuckDBTableGenerator.getQuery(DuckDBTableGenerator.java:25)
--	at sqlancer.duckdb.DuckDBProvider.generateDatabase(DuckDBProvider.java:101)
--	at sqlancer.duckdb.DuckDBProvider.generateDatabase(DuckDBProvider.java:1)
--	at sqlancer.ProviderAdapter.generateAndTestDatabase(ProviderAdapter.java:40)
--	at sqlancer.Main$DBMSExecutor.run(Main.java:326)
--	at sqlancer.Main$2.run(Main.java:510)
--	at sqlancer.Main$2.runThread(Main.java:488)
--	at sqlancer.Main$2.run(Main.java:478)
--	at java.base/java.util.concurrent.ThreadPoolExecutor.runWorker(ThreadPoolExecutor.java:1128)
--	at java.base/java.util.concurrent.ThreadPoolExecutor$Worker.run(ThreadPoolExecutor.java:628)
--	at java.base/java.lang.Thread.run(Thread.java:829)
--
-- Time: 2023/01/30 20:23:06
-- Database: database0
-- Database version: v0.2.9
-- seed value: 0

java.lang.AssertionError
	at sqlancer.GlobalState.getSchema(GlobalState.java:134)
	at sqlancer.duckdb.gen.DuckDBTableGenerator.getQuery(DuckDBTableGenerator.java:25)
	at sqlancer.duckdb.DuckDBProvider.generateDatabase(DuckDBProvider.java:101)
	at sqlancer.duckdb.DuckDBProvider.generateDatabase(DuckDBProvider.java:1)
	at sqlancer.ProviderAdapter.generateAndTestDatabase(ProviderAdapter.java:40)
	at sqlancer.Main$DBMSExecutor.run(Main.java:326)
	at sqlancer.Main$2.run(Main.java:510)
	at sqlancer.Main$2.runThread(Main.java:488)
	at sqlancer.Main$2.run(Main.java:478)
	at java.base/java.util.concurrent.ThreadPoolExecutor.runWorker(ThreadPoolExecutor.java:1128)
	at java.base/java.util.concurrent.ThreadPoolExecutor$Worker.run(ThreadPoolExecutor.java:628)
	at java.base/java.lang.Thread.run(Thread.java:829)
--java.lang.AssertionError
--	at sqlancer.GlobalState.getSchema(GlobalState.java:134)
--	at sqlancer.duckdb.gen.DuckDBTableGenerator.getQuery(DuckDBTableGenerator.java:25)
--	at sqlancer.duckdb.DuckDBProvider.generateDatabase(DuckDBProvider.java:101)
--	at sqlancer.duckdb.DuckDBProvider.generateDatabase(DuckDBProvider.java:1)
--	at sqlancer.ProviderAdapter.generateAndTestDatabase(ProviderAdapter.java:40)
--	at sqlancer.Main$DBMSExecutor.run(Main.java:326)
--	at sqlancer.Main$2.run(Main.java:510)
--	at sqlancer.Main$2.runThread(Main.java:488)
--	at sqlancer.Main$2.run(Main.java:478)
--	at java.base/java.util.concurrent.ThreadPoolExecutor.runWorker(ThreadPoolExecutor.java:1128)
--	at java.base/java.util.concurrent.ThreadPoolExecutor$Worker.run(ThreadPoolExecutor.java:628)
--	at java.base/java.lang.Thread.run(Thread.java:829)
--
-- Time: 2023/01/30 20:23:06
-- Database: database1
-- Database version: v0.2.9
-- seed value: 1

java.lang.AssertionError
	at sqlancer.GlobalState.getSchema(GlobalState.java:134)
	at sqlancer.duckdb.gen.DuckDBTableGenerator.getQuery(DuckDBTableGenerator.java:25)
	at sqlancer.duckdb.DuckDBProvider.generateDatabase(DuckDBProvider.java:101)
	at sqlancer.duckdb.DuckDBProvider.generateDatabase(DuckDBProvider.java:1)
	at sqlancer.ProviderAdapter.generateAndTestDatabase(ProviderAdapter.java:40)
	at sqlancer.Main$DBMSExecutor.run(Main.java:326)
	at sqlancer.Main$2.run(Main.java:510)
	at sqlancer.Main$2.runThread(Main.java:488)
	at sqlancer.Main$2.run(Main.java:478)
	at java.base/java.util.concurrent.ThreadPoolExecutor.runWorker(ThreadPoolExecutor.java:1128)
	at java.base/java.util.concurrent.ThreadPoolExecutor$Worker.run(ThreadPoolExecutor.java:628)
	at java.base/java.lang.Thread.run(Thread.java:829)
--java.lang.AssertionError
--	at sqlancer.GlobalState.getSchema(GlobalState.java:134)
--	at sqlancer.duckdb.gen.DuckDBTableGenerator.getQuery(DuckDBTableGenerator.java:25)
--	at sqlancer.duckdb.DuckDBProvider.generateDatabase(DuckDBProvider.java:101)
--	at sqlancer.duckdb.DuckDBProvider.generateDatabase(DuckDBProvider.java:1)
--	at sqlancer.ProviderAdapter.generateAndTestDatabase(ProviderAdapter.java:40)
--	at sqlancer.Main$DBMSExecutor.run(Main.java:326)
--	at sqlancer.Main$2.run(Main.java:510)
--	at sqlancer.Main$2.runThread(Main.java:488)
--	at sqlancer.Main$2.run(Main.java:478)
--	at java.base/java.util.concurrent.ThreadPoolExecutor.runWorker(ThreadPoolExecutor.java:1128)
--	at java.base/java.util.concurrent.ThreadPoolExecutor$Worker.run(ThreadPoolExecutor.java:628)
--	at java.base/java.lang.Thread.run(Thread.java:829)
--
-- Time: 2023/01/30 20:23:06
-- Database: database2
-- Database version: v0.2.9
-- seed value: 2

java.lang.AssertionError
	at sqlancer.GlobalState.getSchema(GlobalState.java:134)
	at sqlancer.duckdb.gen.DuckDBTableGenerator.getQuery(DuckDBTableGenerator.java:25)
	at sqlancer.duckdb.DuckDBProvider.generateDatabase(DuckDBProvider.java:101)
	at sqlancer.duckdb.DuckDBProvider.generateDatabase(DuckDBProvider.java:1)
	at sqlancer.ProviderAdapter.generateAndTestDatabase(ProviderAdapter.java:40)
	at sqlancer.Main$DBMSExecutor.run(Main.java:326)
	at sqlancer.Main$2.run(Main.java:510)
	at sqlancer.Main$2.runThread(Main.java:488)
	at sqlancer.Main$2.run(Main.java:478)
	at java.base/java.util.concurrent.ThreadPoolExecutor.runWorker(ThreadPoolExecutor.java:1128)
	at java.base/java.util.concurrent.ThreadPoolExecutor$Worker.run(ThreadPoolExecutor.java:628)
	at java.base/java.lang.Thread.run(Thread.java:829)
--java.lang.AssertionError
--	at sqlancer.GlobalState.getSchema(GlobalState.java:134)
--	at sqlancer.duckdb.gen.DuckDBTableGenerator.getQuery(DuckDBTableGenerator.java:25)
--	at sqlancer.duckdb.DuckDBProvider.generateDatabase(DuckDBProvider.java:101)
--	at sqlancer.duckdb.DuckDBProvider.generateDatabase(DuckDBProvider.java:1)
--	at sqlancer.ProviderAdapter.generateAndTestDatabase(ProviderAdapter.java:40)
--	at sqlancer.Main$DBMSExecutor.run(Main.java:326)
--	at sqlancer.Main$2.run(Main.java:510)
--	at sqlancer.Main$2.runThread(Main.java:488)
--	at sqlancer.Main$2.run(Main.java:478)
--	at java.base/java.util.concurrent.ThreadPoolExecutor.runWorker(ThreadPoolExecutor.java:1128)
--	at java.base/java.util.concurrent.ThreadPoolExecutor$Worker.run(ThreadPoolExecutor.java:628)
--	at java.base/java.lang.Thread.run(Thread.java:829)
--
-- Time: 2023/01/30 20:23:06
-- Database: database3
-- Database version: v0.2.9
-- seed value: 3

java.lang.AssertionError
	at sqlancer.GlobalState.getSchema(GlobalState.java:134)
	at sqlancer.duckdb.gen.DuckDBTableGenerator.getQuery(DuckDBTableGenerator.java:25)
	at sqlancer.duckdb.DuckDBProvider.generateDatabase(DuckDBProvider.java:101)
	at sqlancer.duckdb.DuckDBProvider.generateDatabase(DuckDBProvider.java:1)
	at sqlancer.ProviderAdapter.generateAndTestDatabase(ProviderAdapter.java:40)
	at sqlancer.Main$DBMSExecutor.run(Main.java:326)
	at sqlancer.Main$2.run(Main.java:510)
	at sqlancer.Main$2.runThread(Main.java:488)
	at sqlancer.Main$2.run(Main.java:478)
	at java.base/java.util.concurrent.ThreadPoolExecutor.runWorker(ThreadPoolExecutor.java:1128)
	at java.base/java.util.concurrent.ThreadPoolExecutor$Worker.run(ThreadPoolExecutor.java:628)
	at java.base/java.lang.Thread.run(Thread.java:829)
--java.lang.AssertionError
--	at sqlancer.GlobalState.getSchema(GlobalState.java:134)
--	at sqlancer.duckdb.gen.DuckDBTableGenerator.getQuery(DuckDBTableGenerator.java:25)
--	at sqlancer.duckdb.DuckDBProvider.generateDatabase(DuckDBProvider.java:101)
--	at sqlancer.duckdb.DuckDBProvider.generateDatabase(DuckDBProvider.java:1)
--	at sqlancer.ProviderAdapter.generateAndTestDatabase(ProviderAdapter.java:40)
--	at sqlancer.Main$DBMSExecutor.run(Main.java:326)
--	at sqlancer.Main$2.run(Main.java:510)
--	at sqlancer.Main$2.runThread(Main.java:488)
--	at sqlancer.Main$2.run(Main.java:478)
--	at java.base/java.util.concurrent.ThreadPoolExecutor.runWorker(ThreadPoolExecutor.java:1128)
--	at java.base/java.util.concurrent.ThreadPoolExecutor$Worker.run(ThreadPoolExecutor.java:628)
--	at java.base/java.lang.Thread.run(Thread.java:829)
--
-- Time: 2023/01/30 20:23:06
-- Database: database4
-- Database version: v0.2.9
-- seed value: 4

java.lang.AssertionError
	at sqlancer.GlobalState.getSchema(GlobalState.java:134)
	at sqlancer.duckdb.gen.DuckDBTableGenerator.getQuery(DuckDBTableGenerator.java:25)
	at sqlancer.duckdb.DuckDBProvider.generateDatabase(DuckDBProvider.java:101)
	at sqlancer.duckdb.DuckDBProvider.generateDatabase(DuckDBProvider.java:1)
	at sqlancer.ProviderAdapter.generateAndTestDatabase(ProviderAdapter.java:40)
	at sqlancer.Main$DBMSExecutor.run(Main.java:326)
	at sqlancer.Main$2.run(Main.java:510)
	at sqlancer.Main$2.runThread(Main.java:488)
	at sqlancer.Main$2.run(Main.java:478)
	at java.base/java.util.concurrent.ThreadPoolExecutor.runWorker(ThreadPoolExecutor.java:1128)
	at java.base/java.util.concurrent.ThreadPoolExecutor$Worker.run(ThreadPoolExecutor.java:628)
	at java.base/java.lang.Thread.run(Thread.java:829)
--java.lang.AssertionError
--	at sqlancer.GlobalState.getSchema(GlobalState.java:134)
--	at sqlancer.duckdb.gen.DuckDBTableGenerator.getQuery(DuckDBTableGenerator.java:25)
--	at sqlancer.duckdb.DuckDBProvider.generateDatabase(DuckDBProvider.java:101)
--	at sqlancer.duckdb.DuckDBProvider.generateDatabase(DuckDBProvider.java:1)
--	at sqlancer.ProviderAdapter.generateAndTestDatabase(ProviderAdapter.java:40)
--	at sqlancer.Main$DBMSExecutor.run(Main.java:326)
--	at sqlancer.Main$2.run(Main.java:510)
--	at sqlancer.Main$2.runThread(Main.java:488)
--	at sqlancer.Main$2.run(Main.java:478)
--	at java.base/java.util.concurrent.ThreadPoolExecutor.runWorker(ThreadPoolExecutor.java:1128)
--	at java.base/java.util.concurrent.ThreadPoolExecutor$Worker.run(ThreadPoolExecutor.java:628)
--	at java.base/java.lang.Thread.run(Thread.java:829)
--
-- Time: 2023/01/30 20:23:06
-- Database: database5
-- Database version: v0.2.9
-- seed value: 5

java.lang.AssertionError
	at sqlancer.GlobalState.getSchema(GlobalState.java:134)
	at sqlancer.duckdb.gen.DuckDBTableGenerator.getQuery(DuckDBTableGenerator.java:25)
	at sqlancer.duckdb.DuckDBProvider.generateDatabase(DuckDBProvider.java:101)
	at sqlancer.duckdb.DuckDBProvider.generateDatabase(DuckDBProvider.java:1)
	at sqlancer.ProviderAdapter.generateAndTestDatabase(ProviderAdapter.java:40)
	at sqlancer.Main$DBMSExecutor.run(Main.java:326)
	at sqlancer.Main$2.run(Main.java:510)
	at sqlancer.Main$2.runThread(Main.java:488)
	at sqlancer.Main$2.run(Main.java:478)
	at java.base/java.util.concurrent.ThreadPoolExecutor.runWorker(ThreadPoolExecutor.java:1128)
	at java.base/java.util.concurrent.ThreadPoolExecutor$Worker.run(ThreadPoolExecutor.java:628)
	at java.base/java.lang.Thread.run(Thread.java:829)
--java.lang.AssertionError
--	at sqlancer.GlobalState.getSchema(GlobalState.java:134)
--	at sqlancer.duckdb.gen.DuckDBTableGenerator.getQuery(DuckDBTableGenerator.java:25)
--	at sqlancer.duckdb.DuckDBProvider.generateDatabase(DuckDBProvider.java:101)
--	at sqlancer.duckdb.DuckDBProvider.generateDatabase(DuckDBProvider.java:1)
--	at sqlancer.ProviderAdapter.generateAndTestDatabase(ProviderAdapter.java:40)
--	at sqlancer.Main$DBMSExecutor.run(Main.java:326)
--	at sqlancer.Main$2.run(Main.java:510)
--	at sqlancer.Main$2.runThread(Main.java:488)
--	at sqlancer.Main$2.run(Main.java:478)
--	at java.base/java.util.concurrent.ThreadPoolExecutor.runWorker(ThreadPoolExecutor.java:1128)
--	at java.base/java.util.concurrent.ThreadPoolExecutor$Worker.run(ThreadPoolExecutor.java:628)
--	at java.base/java.lang.Thread.run(Thread.java:829)
--
-- Time: 2023/01/30 20:23:06
-- Database: database6
-- Database version: v0.2.9
-- seed value: 6

java.lang.AssertionError
	at sqlancer.GlobalState.getSchema(GlobalState.java:134)
	at sqlancer.duckdb.gen.DuckDBTableGenerator.getQuery(DuckDBTableGenerator.java:25)
	at sqlancer.duckdb.DuckDBProvider.generateDatabase(DuckDBProvider.java:101)
	at sqlancer.duckdb.DuckDBProvider.generateDatabase(DuckDBProvider.java:1)
	at sqlancer.ProviderAdapter.generateAndTestDatabase(ProviderAdapter.java:40)
	at sqlancer.Main$DBMSExecutor.run(Main.java:326)
	at sqlancer.Main$2.run(Main.java:510)
	at sqlancer.Main$2.runThread(Main.java:488)
	at sqlancer.Main$2.run(Main.java:478)
	at java.base/java.util.concurrent.ThreadPoolExecutor.runWorker(ThreadPoolExecutor.java:1128)
	at java.base/java.util.concurrent.ThreadPoolExecutor$Worker.run(ThreadPoolExecutor.java:628)
	at java.base/java.lang.Thread.run(Thread.java:829)
--java.lang.AssertionError
--	at sqlancer.GlobalState.getSchema(GlobalState.java:134)
--	at sqlancer.duckdb.gen.DuckDBTableGenerator.getQuery(DuckDBTableGenerator.java:25)
--	at sqlancer.duckdb.DuckDBProvider.generateDatabase(DuckDBProvider.java:101)
--	at sqlancer.duckdb.DuckDBProvider.generateDatabase(DuckDBProvider.java:1)
--	at sqlancer.ProviderAdapter.generateAndTestDatabase(ProviderAdapter.java:40)
--	at sqlancer.Main$DBMSExecutor.run(Main.java:326)
--	at sqlancer.Main$2.run(Main.java:510)
--	at sqlancer.Main$2.runThread(Main.java:488)
--	at sqlancer.Main$2.run(Main.java:478)
--	at java.base/java.util.concurrent.ThreadPoolExecutor.runWorker(ThreadPoolExecutor.java:1128)
--	at java.base/java.util.concurrent.ThreadPoolExecutor$Worker.run(ThreadPoolExecutor.java:628)
--	at java.base/java.lang.Thread.run(Thread.java:829)
--
-- Time: 2023/01/30 20:23:06
-- Database: database7
-- Database version: v0.2.9
-- seed value: 7

java.lang.AssertionError
	at sqlancer.GlobalState.getSchema(GlobalState.java:134)
	at sqlancer.duckdb.gen.DuckDBTableGenerator.getQuery(DuckDBTableGenerator.java:25)
	at sqlancer.duckdb.DuckDBProvider.generateDatabase(DuckDBProvider.java:101)
	at sqlancer.duckdb.DuckDBProvider.generateDatabase(DuckDBProvider.java:1)
	at sqlancer.ProviderAdapter.generateAndTestDatabase(ProviderAdapter.java:40)
	at sqlancer.Main$DBMSExecutor.run(Main.java:326)
	at sqlancer.Main$2.run(Main.java:510)
	at sqlancer.Main$2.runThread(Main.java:488)
	at sqlancer.Main$2.run(Main.java:478)
	at java.base/java.util.concurrent.ThreadPoolExecutor.runWorker(ThreadPoolExecutor.java:1128)
	at java.base/java.util.concurrent.ThreadPoolExecutor$Worker.run(ThreadPoolExecutor.java:628)
	at java.base/java.lang.Thread.run(Thread.java:829)
--java.lang.AssertionError
--	at sqlancer.GlobalState.getSchema(GlobalState.java:134)
--	at sqlancer.duckdb.gen.DuckDBTableGenerator.getQuery(DuckDBTableGenerator.java:25)
--	at sqlancer.duckdb.DuckDBProvider.generateDatabase(DuckDBProvider.java:101)
--	at sqlancer.duckdb.DuckDBProvider.generateDatabase(DuckDBProvider.java:1)
--	at sqlancer.ProviderAdapter.generateAndTestDatabase(ProviderAdapter.java:40)
--	at sqlancer.Main$DBMSExecutor.run(Main.java:326)
--	at sqlancer.Main$2.run(Main.java:510)
--	at sqlancer.Main$2.runThread(Main.java:488)
--	at sqlancer.Main$2.run(Main.java:478)
--	at java.base/java.util.concurrent.ThreadPoolExecutor.runWorker(ThreadPoolExecutor.java:1128)
--	at java.base/java.util.concurrent.ThreadPoolExecutor$Worker.run(ThreadPoolExecutor.java:628)
--	at java.base/java.lang.Thread.run(Thread.java:829)
--
-- Time: 2023/01/30 20:23:06
-- Database: database8
-- Database version: v0.2.9
-- seed value: 8

java.lang.AssertionError
	at sqlancer.GlobalState.getSchema(GlobalState.java:134)
	at sqlancer.duckdb.gen.DuckDBTableGenerator.getQuery(DuckDBTableGenerator.java:25)
	at sqlancer.duckdb.DuckDBProvider.generateDatabase(DuckDBProvider.java:101)
	at sqlancer.duckdb.DuckDBProvider.generateDatabase(DuckDBProvider.java:1)
	at sqlancer.ProviderAdapter.generateAndTestDatabase(ProviderAdapter.java:40)
	at sqlancer.Main$DBMSExecutor.run(Main.java:326)
	at sqlancer.Main$2.run(Main.java:510)
	at sqlancer.Main$2.runThread(Main.java:488)
	at sqlancer.Main$2.run(Main.java:478)
	at java.base/java.util.concurrent.ThreadPoolExecutor.runWorker(ThreadPoolExecutor.java:1128)
	at java.base/java.util.concurrent.ThreadPoolExecutor$Worker.run(ThreadPoolExecutor.java:628)
	at java.base/java.lang.Thread.run(Thread.java:829)
--java.lang.AssertionError
--	at sqlancer.GlobalState.getSchema(GlobalState.java:134)
--	at sqlancer.duckdb.gen.DuckDBTableGenerator.getQuery(DuckDBTableGenerator.java:25)
--	at sqlancer.duckdb.DuckDBProvider.generateDatabase(DuckDBProvider.java:101)
--	at sqlancer.duckdb.DuckDBProvider.generateDatabase(DuckDBProvider.java:1)
--	at sqlancer.ProviderAdapter.generateAndTestDatabase(ProviderAdapter.java:40)
--	at sqlancer.Main$DBMSExecutor.run(Main.java:326)
--	at sqlancer.Main$2.run(Main.java:510)
--	at sqlancer.Main$2.runThread(Main.java:488)
--	at sqlancer.Main$2.run(Main.java:478)
--	at java.base/java.util.concurrent.ThreadPoolExecutor.runWorker(ThreadPoolExecutor.java:1128)
--	at java.base/java.util.concurrent.ThreadPoolExecutor$Worker.run(ThreadPoolExecutor.java:628)
--	at java.base/java.lang.Thread.run(Thread.java:829)
--
-- Time: 2023/01/30 20:23:06
-- Database: database9
-- Database version: v0.2.9
-- seed value: 9

java.lang.AssertionError
	at sqlancer.GlobalState.getSchema(GlobalState.java:134)
	at sqlancer.duckdb.gen.DuckDBTableGenerator.getQuery(DuckDBTableGenerator.java:25)
	at sqlancer.duckdb.DuckDBProvider.generateDatabase(DuckDBProvider.java:101)
	at sqlancer.duckdb.DuckDBProvider.generateDatabase(DuckDBProvider.java:1)
	at sqlancer.ProviderAdapter.generateAndTestDatabase(ProviderAdapter.java:40)
	at sqlancer.Main$DBMSExecutor.run(Main.java:326)
	at sqlancer.Main$2.run(Main.java:510)
	at sqlancer.Main$2.runThread(Main.java:488)
	at sqlancer.Main$2.run(Main.java:478)
	at java.base/java.util.concurrent.ThreadPoolExecutor.runWorker(ThreadPoolExecutor.java:1128)
	at java.base/java.util.concurrent.ThreadPoolExecutor$Worker.run(ThreadPoolExecutor.java:628)
	at java.base/java.lang.Thread.run(Thread.java:829)
--java.lang.AssertionError
--	at sqlancer.GlobalState.getSchema(GlobalState.java:134)
--	at sqlancer.duckdb.gen.DuckDBTableGenerator.getQuery(DuckDBTableGenerator.java:25)
--	at sqlancer.duckdb.DuckDBProvider.generateDatabase(DuckDBProvider.java:101)
--	at sqlancer.duckdb.DuckDBProvider.generateDatabase(DuckDBProvider.java:1)
--	at sqlancer.ProviderAdapter.generateAndTestDatabase(ProviderAdapter.java:40)
--	at sqlancer.Main$DBMSExecutor.run(Main.java:326)
--	at sqlancer.Main$2.run(Main.java:510)
--	at sqlancer.Main$2.runThread(Main.java:488)
--	at sqlancer.Main$2.run(Main.java:478)
--	at java.base/java.util.concurrent.ThreadPoolExecutor.runWorker(ThreadPoolExecutor.java:1128)
--	at java.base/java.util.concurrent.ThreadPoolExecutor$Worker.run(ThreadPoolExecutor.java:628)
--	at java.base/java.lang.Thread.run(Thread.java:829)
--
-- Time: 2023/01/30 20:23:06
-- Database: database10
-- Database version: v0.2.9
-- seed value: 10

java.lang.AssertionError
	at sqlancer.GlobalState.getSchema(GlobalState.java:134)
	at sqlancer.duckdb.gen.DuckDBTableGenerator.getQuery(DuckDBTableGenerator.java:25)
	at sqlancer.duckdb.DuckDBProvider.generateDatabase(DuckDBProvider.java:101)
	at sqlancer.duckdb.DuckDBProvider.generateDatabase(DuckDBProvider.java:1)
	at sqlancer.ProviderAdapter.generateAndTestDatabase(ProviderAdapter.java:40)
	at sqlancer.Main$DBMSExecutor.run(Main.java:326)
	at sqlancer.Main$2.run(Main.java:510)
	at sqlancer.Main$2.runThread(Main.java:488)
	at sqlancer.Main$2.run(Main.java:478)
	at java.base/java.util.concurrent.ThreadPoolExecutor.runWorker(ThreadPoolExecutor.java:1128)
	at java.base/java.util.concurrent.ThreadPoolExecutor$Worker.run(ThreadPoolExecutor.java:628)
	at java.base/java.lang.Thread.run(Thread.java:829)
--java.lang.AssertionError
--	at sqlancer.GlobalState.getSchema(GlobalState.java:134)
--	at sqlancer.duckdb.gen.DuckDBTableGenerator.getQuery(DuckDBTableGenerator.java:25)
--	at sqlancer.duckdb.DuckDBProvider.generateDatabase(DuckDBProvider.java:101)
--	at sqlancer.duckdb.DuckDBProvider.generateDatabase(DuckDBProvider.java:1)
--	at sqlancer.ProviderAdapter.generateAndTestDatabase(ProviderAdapter.java:40)
--	at sqlancer.Main$DBMSExecutor.run(Main.java:326)
--	at sqlancer.Main$2.run(Main.java:510)
--	at sqlancer.Main$2.runThread(Main.java:488)
--	at sqlancer.Main$2.run(Main.java:478)
--	at java.base/java.util.concurrent.ThreadPoolExecutor.runWorker(ThreadPoolExecutor.java:1128)
--	at java.base/java.util.concurrent.ThreadPoolExecutor$Worker.run(ThreadPoolExecutor.java:628)
--	at java.base/java.lang.Thread.run(Thread.java:829)
--
-- Time: 2023/01/30 20:23:06
-- Database: database11
-- Database version: v0.2.9
-- seed value: 11

java.lang.AssertionError
	at sqlancer.GlobalState.getSchema(GlobalState.java:134)
	at sqlancer.duckdb.gen.DuckDBTableGenerator.getQuery(DuckDBTableGenerator.java:25)
	at sqlancer.duckdb.DuckDBProvider.generateDatabase(DuckDBProvider.java:101)
	at sqlancer.duckdb.DuckDBProvider.generateDatabase(DuckDBProvider.java:1)
	at sqlancer.ProviderAdapter.generateAndTestDatabase(ProviderAdapter.java:40)
	at sqlancer.Main$DBMSExecutor.run(Main.java:326)
	at sqlancer.Main$2.run(Main.java:510)
	at sqlancer.Main$2.runThread(Main.java:488)
	at sqlancer.Main$2.run(Main.java:478)
	at java.base/java.util.concurrent.ThreadPoolExecutor.runWorker(ThreadPoolExecutor.java:1128)
	at java.base/java.util.concurrent.ThreadPoolExecutor$Worker.run(ThreadPoolExecutor.java:628)
	at java.base/java.lang.Thread.run(Thread.java:829)
--java.lang.AssertionError
--	at sqlancer.GlobalState.getSchema(GlobalState.java:134)
--	at sqlancer.duckdb.gen.DuckDBTableGenerator.getQuery(DuckDBTableGenerator.java:25)
--	at sqlancer.duckdb.DuckDBProvider.generateDatabase(DuckDBProvider.java:101)
--	at sqlancer.duckdb.DuckDBProvider.generateDatabase(DuckDBProvider.java:1)
--	at sqlancer.ProviderAdapter.generateAndTestDatabase(ProviderAdapter.java:40)
--	at sqlancer.Main$DBMSExecutor.run(Main.java:326)
--	at sqlancer.Main$2.run(Main.java:510)
--	at sqlancer.Main$2.runThread(Main.java:488)
--	at sqlancer.Main$2.run(Main.java:478)
--	at java.base/java.util.concurrent.ThreadPoolExecutor.runWorker(ThreadPoolExecutor.java:1128)
--	at java.base/java.util.concurrent.ThreadPoolExecutor$Worker.run(ThreadPoolExecutor.java:628)
--	at java.base/java.lang.Thread.run(Thread.java:829)
--
-- Time: 2023/01/30 20:23:06
-- Database: database12
-- Database version: v0.2.9
-- seed value: 12

java.lang.AssertionError
	at sqlancer.GlobalState.getSchema(GlobalState.java:134)
	at sqlancer.duckdb.gen.DuckDBTableGenerator.getQuery(DuckDBTableGenerator.java:25)
	at sqlancer.duckdb.DuckDBProvider.generateDatabase(DuckDBProvider.java:101)
	at sqlancer.duckdb.DuckDBProvider.generateDatabase(DuckDBProvider.java:1)
	at sqlancer.ProviderAdapter.generateAndTestDatabase(ProviderAdapter.java:40)
	at sqlancer.Main$DBMSExecutor.run(Main.java:326)
	at sqlancer.Main$2.run(Main.java:510)
	at sqlancer.Main$2.runThread(Main.java:488)
	at sqlancer.Main$2.run(Main.java:478)
	at java.base/java.util.concurrent.ThreadPoolExecutor.runWorker(ThreadPoolExecutor.java:1128)
	at java.base/java.util.concurrent.ThreadPoolExecutor$Worker.run(ThreadPoolExecutor.java:628)
	at java.base/java.lang.Thread.run(Thread.java:829)
--java.lang.AssertionError
--	at sqlancer.GlobalState.getSchema(GlobalState.java:134)
--	at sqlancer.duckdb.gen.DuckDBTableGenerator.getQuery(DuckDBTableGenerator.java:25)
--	at sqlancer.duckdb.DuckDBProvider.generateDatabase(DuckDBProvider.java:101)
--	at sqlancer.duckdb.DuckDBProvider.generateDatabase(DuckDBProvider.java:1)
--	at sqlancer.ProviderAdapter.generateAndTestDatabase(ProviderAdapter.java:40)
--	at sqlancer.Main$DBMSExecutor.run(Main.java:326)
--	at sqlancer.Main$2.run(Main.java:510)
--	at sqlancer.Main$2.runThread(Main.java:488)
--	at sqlancer.Main$2.run(Main.java:478)
--	at java.base/java.util.concurrent.ThreadPoolExecutor.runWorker(ThreadPoolExecutor.java:1128)
--	at java.base/java.util.concurrent.ThreadPoolExecutor$Worker.run(ThreadPoolExecutor.java:628)
--	at java.base/java.lang.Thread.run(Thread.java:829)
--
-- Time: 2023/01/30 20:23:06
-- Database: database13
-- Database version: v0.2.9
-- seed value: 13

java.lang.AssertionError
	at sqlancer.GlobalState.getSchema(GlobalState.java:134)
	at sqlancer.duckdb.gen.DuckDBTableGenerator.getQuery(DuckDBTableGenerator.java:25)
	at sqlancer.duckdb.DuckDBProvider.generateDatabase(DuckDBProvider.java:101)
	at sqlancer.duckdb.DuckDBProvider.generateDatabase(DuckDBProvider.java:1)
	at sqlancer.ProviderAdapter.generateAndTestDatabase(ProviderAdapter.java:40)
	at sqlancer.Main$DBMSExecutor.run(Main.java:326)
	at sqlancer.Main$2.run(Main.java:510)
	at sqlancer.Main$2.runThread(Main.java:488)
	at sqlancer.Main$2.run(Main.java:478)
	at java.base/java.util.concurrent.ThreadPoolExecutor.runWorker(ThreadPoolExecutor.java:1128)
	at java.base/java.util.concurrent.ThreadPoolExecutor$Worker.run(ThreadPoolExecutor.java:628)
	at java.base/java.lang.Thread.run(Thread.java:829)
--java.lang.AssertionError
--	at sqlancer.GlobalState.getSchema(GlobalState.java:134)
--	at sqlancer.duckdb.gen.DuckDBTableGenerator.getQuery(DuckDBTableGenerator.java:25)
--	at sqlancer.duckdb.DuckDBProvider.generateDatabase(DuckDBProvider.java:101)
--	at sqlancer.duckdb.DuckDBProvider.generateDatabase(DuckDBProvider.java:1)
--	at sqlancer.ProviderAdapter.generateAndTestDatabase(ProviderAdapter.java:40)
--	at sqlancer.Main$DBMSExecutor.run(Main.java:326)
--	at sqlancer.Main$2.run(Main.java:510)
--	at sqlancer.Main$2.runThread(Main.java:488)
--	at sqlancer.Main$2.run(Main.java:478)
--	at java.base/java.util.concurrent.ThreadPoolExecutor.runWorker(ThreadPoolExecutor.java:1128)
--	at java.base/java.util.concurrent.ThreadPoolExecutor$Worker.run(ThreadPoolExecutor.java:628)
--	at java.base/java.lang.Thread.run(Thread.java:829)
--
-- Time: 2023/01/30 20:23:06
-- Database: database14
-- Database version: v0.2.9
-- seed value: 14

java.lang.AssertionError
	at sqlancer.GlobalState.getSchema(GlobalState.java:134)
	at sqlancer.duckdb.gen.DuckDBTableGenerator.getQuery(DuckDBTableGenerator.java:25)
	at sqlancer.duckdb.DuckDBProvider.generateDatabase(DuckDBProvider.java:101)
	at sqlancer.duckdb.DuckDBProvider.generateDatabase(DuckDBProvider.java:1)
	at sqlancer.ProviderAdapter.generateAndTestDatabase(ProviderAdapter.java:40)
	at sqlancer.Main$DBMSExecutor.run(Main.java:326)
	at sqlancer.Main$2.run(Main.java:510)
	at sqlancer.Main$2.runThread(Main.java:488)
	at sqlancer.Main$2.run(Main.java:478)
	at java.base/java.util.concurrent.ThreadPoolExecutor.runWorker(ThreadPoolExecutor.java:1128)
	at java.base/java.util.concurrent.ThreadPoolExecutor$Worker.run(ThreadPoolExecutor.java:628)
	at java.base/java.lang.Thread.run(Thread.java:829)
--java.lang.AssertionError
--	at sqlancer.GlobalState.getSchema(GlobalState.java:134)
--	at sqlancer.duckdb.gen.DuckDBTableGenerator.getQuery(DuckDBTableGenerator.java:25)
--	at sqlancer.duckdb.DuckDBProvider.generateDatabase(DuckDBProvider.java:101)
--	at sqlancer.duckdb.DuckDBProvider.generateDatabase(DuckDBProvider.java:1)
--	at sqlancer.ProviderAdapter.generateAndTestDatabase(ProviderAdapter.java:40)
--	at sqlancer.Main$DBMSExecutor.run(Main.java:326)
--	at sqlancer.Main$2.run(Main.java:510)
--	at sqlancer.Main$2.runThread(Main.java:488)
--	at sqlancer.Main$2.run(Main.java:478)
--	at java.base/java.util.concurrent.ThreadPoolExecutor.runWorker(ThreadPoolExecutor.java:1128)
--	at java.base/java.util.concurrent.ThreadPoolExecutor$Worker.run(ThreadPoolExecutor.java:628)
--	at java.base/java.lang.Thread.run(Thread.java:829)
--
-- Time: 2023/01/30 20:23:06
-- Database: database15
-- Database version: v0.2.9
-- seed value: 15

java.lang.AssertionError
	at sqlancer.GlobalState.getSchema(GlobalState.java:134)
	at sqlancer.duckdb.gen.DuckDBTableGenerator.getQuery(DuckDBTableGenerator.java:25)
	at sqlancer.duckdb.DuckDBProvider.generateDatabase(DuckDBProvider.java:101)
	at sqlancer.duckdb.DuckDBProvider.generateDatabase(DuckDBProvider.java:1)
	at sqlancer.ProviderAdapter.generateAndTestDatabase(ProviderAdapter.java:40)
	at sqlancer.Main$DBMSExecutor.run(Main.java:326)
	at sqlancer.Main$2.run(Main.java:510)
	at sqlancer.Main$2.runThread(Main.java:488)
	at sqlancer.Main$2.run(Main.java:478)
	at java.base/java.util.concurrent.ThreadPoolExecutor.runWorker(ThreadPoolExecutor.java:1128)
	at java.base/java.util.concurrent.ThreadPoolExecutor$Worker.run(ThreadPoolExecutor.java:628)
	at java.base/java.lang.Thread.run(Thread.java:829)
--java.lang.AssertionError
--	at sqlancer.GlobalState.getSchema(GlobalState.java:134)
--	at sqlancer.duckdb.gen.DuckDBTableGenerator.getQuery(DuckDBTableGenerator.java:25)
--	at sqlancer.duckdb.DuckDBProvider.generateDatabase(DuckDBProvider.java:101)
--	at sqlancer.duckdb.DuckDBProvider.generateDatabase(DuckDBProvider.java:1)
--	at sqlancer.ProviderAdapter.generateAndTestDatabase(ProviderAdapter.java:40)
--	at sqlancer.Main$DBMSExecutor.run(Main.java:326)
--	at sqlancer.Main$2.run(Main.java:510)
--	at sqlancer.Main$2.runThread(Main.java:488)
--	at sqlancer.Main$2.run(Main.java:478)
--	at java.base/java.util.concurrent.ThreadPoolExecutor.runWorker(ThreadPoolExecutor.java:1128)
--	at java.base/java.util.concurrent.ThreadPoolExecutor$Worker.run(ThreadPoolExecutor.java:628)
--	at java.base/java.lang.Thread.run(Thread.java:829)
--
-- Time: 2023/01/30 20:23:06
-- Database: database16
-- Database version: v0.2.9
-- seed value: 16

java.lang.AssertionError
	at sqlancer.GlobalState.getSchema(GlobalState.java:134)
	at sqlancer.duckdb.gen.DuckDBTableGenerator.getQuery(DuckDBTableGenerator.java:25)
	at sqlancer.duckdb.DuckDBProvider.generateDatabase(DuckDBProvider.java:101)
	at sqlancer.duckdb.DuckDBProvider.generateDatabase(DuckDBProvider.java:1)
	at sqlancer.ProviderAdapter.generateAndTestDatabase(ProviderAdapter.java:40)
	at sqlancer.Main$DBMSExecutor.run(Main.java:326)
	at sqlancer.Main$2.run(Main.java:510)
	at sqlancer.Main$2.runThread(Main.java:488)
	at sqlancer.Main$2.run(Main.java:478)
	at java.base/java.util.concurrent.ThreadPoolExecutor.runWorker(ThreadPoolExecutor.java:1128)
	at java.base/java.util.concurrent.ThreadPoolExecutor$Worker.run(ThreadPoolExecutor.java:628)
	at java.base/java.lang.Thread.run(Thread.java:829)
--java.lang.AssertionError
--	at sqlancer.GlobalState.getSchema(GlobalState.java:134)
--	at sqlancer.duckdb.gen.DuckDBTableGenerator.getQuery(DuckDBTableGenerator.java:25)
--	at sqlancer.duckdb.DuckDBProvider.generateDatabase(DuckDBProvider.java:101)
--	at sqlancer.duckdb.DuckDBProvider.generateDatabase(DuckDBProvider.java:1)
--	at sqlancer.ProviderAdapter.generateAndTestDatabase(ProviderAdapter.java:40)
--	at sqlancer.Main$DBMSExecutor.run(Main.java:326)
--	at sqlancer.Main$2.run(Main.java:510)
--	at sqlancer.Main$2.runThread(Main.java:488)
--	at sqlancer.Main$2.run(Main.java:478)
--	at java.base/java.util.concurrent.ThreadPoolExecutor.runWorker(ThreadPoolExecutor.java:1128)
--	at java.base/java.util.concurrent.ThreadPoolExecutor$Worker.run(ThreadPoolExecutor.java:628)
--	at java.base/java.lang.Thread.run(Thread.java:829)
--
-- Time: 2023/01/30 20:23:06
-- Database: database17
-- Database version: v0.2.9
-- seed value: 17

java.lang.AssertionError
	at sqlancer.GlobalState.getSchema(GlobalState.java:134)
	at sqlancer.duckdb.gen.DuckDBTableGenerator.getQuery(DuckDBTableGenerator.java:25)
	at sqlancer.duckdb.DuckDBProvider.generateDatabase(DuckDBProvider.java:101)
	at sqlancer.duckdb.DuckDBProvider.generateDatabase(DuckDBProvider.java:1)
	at sqlancer.ProviderAdapter.generateAndTestDatabase(ProviderAdapter.java:40)
	at sqlancer.Main$DBMSExecutor.run(Main.java:326)
	at sqlancer.Main$2.run(Main.java:510)
	at sqlancer.Main$2.runThread(Main.java:488)
	at sqlancer.Main$2.run(Main.java:478)
	at java.base/java.util.concurrent.ThreadPoolExecutor.runWorker(ThreadPoolExecutor.java:1128)
	at java.base/java.util.concurrent.ThreadPoolExecutor$Worker.run(ThreadPoolExecutor.java:628)
	at java.base/java.lang.Thread.run(Thread.java:829)
--java.lang.AssertionError
--	at sqlancer.GlobalState.getSchema(GlobalState.java:134)
--	at sqlancer.duckdb.gen.DuckDBTableGenerator.getQuery(DuckDBTableGenerator.java:25)
--	at sqlancer.duckdb.DuckDBProvider.generateDatabase(DuckDBProvider.java:101)
--	at sqlancer.duckdb.DuckDBProvider.generateDatabase(DuckDBProvider.java:1)
--	at sqlancer.ProviderAdapter.generateAndTestDatabase(ProviderAdapter.java:40)
--	at sqlancer.Main$DBMSExecutor.run(Main.java:326)
--	at sqlancer.Main$2.run(Main.java:510)
--	at sqlancer.Main$2.runThread(Main.java:488)
--	at sqlancer.Main$2.run(Main.java:478)
--	at java.base/java.util.concurrent.ThreadPoolExecutor.runWorker(ThreadPoolExecutor.java:1128)
--	at java.base/java.util.concurrent.ThreadPoolExecutor$Worker.run(ThreadPoolExecutor.java:628)
--	at java.base/java.lang.Thread.run(Thread.java:829)
--
-- Time: 2023/01/30 20:23:06
-- Database: database18
-- Database version: v0.2.9
-- seed value: 18

java.lang.AssertionError
	at sqlancer.GlobalState.getSchema(GlobalState.java:134)
	at sqlancer.duckdb.gen.DuckDBTableGenerator.getQuery(DuckDBTableGenerator.java:25)
	at sqlancer.duckdb.DuckDBProvider.generateDatabase(DuckDBProvider.java:101)
	at sqlancer.duckdb.DuckDBProvider.generateDatabase(DuckDBProvider.java:1)
	at sqlancer.ProviderAdapter.generateAndTestDatabase(ProviderAdapter.java:40)
	at sqlancer.Main$DBMSExecutor.run(Main.java:326)
	at sqlancer.Main$2.run(Main.java:510)
	at sqlancer.Main$2.runThread(Main.java:488)
	at sqlancer.Main$2.run(Main.java:478)
	at java.base/java.util.concurrent.ThreadPoolExecutor.runWorker(ThreadPoolExecutor.java:1128)
	at java.base/java.util.concurrent.ThreadPoolExecutor$Worker.run(ThreadPoolExecutor.java:628)
	at java.base/java.lang.Thread.run(Thread.java:829)
--java.lang.AssertionError
--	at sqlancer.GlobalState.getSchema(GlobalState.java:134)
--	at sqlancer.duckdb.gen.DuckDBTableGenerator.getQuery(DuckDBTableGenerator.java:25)
--	at sqlancer.duckdb.DuckDBProvider.generateDatabase(DuckDBProvider.java:101)
--	at sqlancer.duckdb.DuckDBProvider.generateDatabase(DuckDBProvider.java:1)
--	at sqlancer.ProviderAdapter.generateAndTestDatabase(ProviderAdapter.java:40)
--	at sqlancer.Main$DBMSExecutor.run(Main.java:326)
--	at sqlancer.Main$2.run(Main.java:510)
--	at sqlancer.Main$2.runThread(Main.java:488)
--	at sqlancer.Main$2.run(Main.java:478)
--	at java.base/java.util.concurrent.ThreadPoolExecutor.runWorker(ThreadPoolExecutor.java:1128)
--	at java.base/java.util.concurrent.ThreadPoolExecutor$Worker.run(ThreadPoolExecutor.java:628)
--	at java.base/java.lang.Thread.run(Thread.java:829)
--
-- Time: 2023/01/30 20:23:06
-- Database: database19
-- Database version: v0.2.9
-- seed value: 19

java.lang.AssertionError
	at sqlancer.GlobalState.getSchema(GlobalState.java:134)
	at sqlancer.duckdb.gen.DuckDBTableGenerator.getQuery(DuckDBTableGenerator.java:25)
	at sqlancer.duckdb.DuckDBProvider.generateDatabase(DuckDBProvider.java:101)
	at sqlancer.duckdb.DuckDBProvider.generateDatabase(DuckDBProvider.java:1)
	at sqlancer.ProviderAdapter.generateAndTestDatabase(ProviderAdapter.java:40)
	at sqlancer.Main$DBMSExecutor.run(Main.java:326)
	at sqlancer.Main$2.run(Main.java:510)
	at sqlancer.Main$2.runThread(Main.java:488)
	at sqlancer.Main$2.run(Main.java:478)
	at java.base/java.util.concurrent.ThreadPoolExecutor.runWorker(ThreadPoolExecutor.java:1128)
	at java.base/java.util.concurrent.ThreadPoolExecutor$Worker.run(ThreadPoolExecutor.java:628)
	at java.base/java.lang.Thread.run(Thread.java:829)
--java.lang.AssertionError
--	at sqlancer.GlobalState.getSchema(GlobalState.java:134)
--	at sqlancer.duckdb.gen.DuckDBTableGenerator.getQuery(DuckDBTableGenerator.java:25)
--	at sqlancer.duckdb.DuckDBProvider.generateDatabase(DuckDBProvider.java:101)
--	at sqlancer.duckdb.DuckDBProvider.generateDatabase(DuckDBProvider.java:1)
--	at sqlancer.ProviderAdapter.generateAndTestDatabase(ProviderAdapter.java:40)
--	at sqlancer.Main$DBMSExecutor.run(Main.java:326)
--	at sqlancer.Main$2.run(Main.java:510)
--	at sqlancer.Main$2.runThread(Main.java:488)
--	at sqlancer.Main$2.run(Main.java:478)
--	at java.base/java.util.concurrent.ThreadPoolExecutor.runWorker(ThreadPoolExecutor.java:1128)
--	at java.base/java.util.concurrent.ThreadPoolExecutor$Worker.run(ThreadPoolExecutor.java:628)
--	at java.base/java.lang.Thread.run(Thread.java:829)
--
-- Time: 2023/01/30 20:23:06
-- Database: database20
-- Database version: v0.2.9
-- seed value: 20

java.lang.AssertionError
	at sqlancer.GlobalState.getSchema(GlobalState.java:134)
	at sqlancer.duckdb.gen.DuckDBTableGenerator.getQuery(DuckDBTableGenerator.java:25)
	at sqlancer.duckdb.DuckDBProvider.generateDatabase(DuckDBProvider.java:101)
	at sqlancer.duckdb.DuckDBProvider.generateDatabase(DuckDBProvider.java:1)
	at sqlancer.ProviderAdapter.generateAndTestDatabase(ProviderAdapter.java:40)
	at sqlancer.Main$DBMSExecutor.run(Main.java:326)
	at sqlancer.Main$2.run(Main.java:510)
	at sqlancer.Main$2.runThread(Main.java:488)
	at sqlancer.Main$2.run(Main.java:478)
	at java.base/java.util.concurrent.ThreadPoolExecutor.runWorker(ThreadPoolExecutor.java:1128)
	at java.base/java.util.concurrent.ThreadPoolExecutor$Worker.run(ThreadPoolExecutor.java:628)
	at java.base/java.lang.Thread.run(Thread.java:829)
--java.lang.AssertionError
--	at sqlancer.GlobalState.getSchema(GlobalState.java:134)
--	at sqlancer.duckdb.gen.DuckDBTableGenerator.getQuery(DuckDBTableGenerator.java:25)
--	at sqlancer.duckdb.DuckDBProvider.generateDatabase(DuckDBProvider.java:101)
--	at sqlancer.duckdb.DuckDBProvider.generateDatabase(DuckDBProvider.java:1)
--	at sqlancer.ProviderAdapter.generateAndTestDatabase(ProviderAdapter.java:40)
--	at sqlancer.Main$DBMSExecutor.run(Main.java:326)
--	at sqlancer.Main$2.run(Main.java:510)
--	at sqlancer.Main$2.runThread(Main.java:488)
--	at sqlancer.Main$2.run(Main.java:478)
--	at java.base/java.util.concurrent.ThreadPoolExecutor.runWorker(ThreadPoolExecutor.java:1128)
--	at java.base/java.util.concurrent.ThreadPoolExecutor$Worker.run(ThreadPoolExecutor.java:628)
--	at java.base/java.lang.Thread.run(Thread.java:829)
--
-- Time: 2023/01/30 20:23:06
-- Database: database21
-- Database version: v0.2.9
-- seed value: 21

java.lang.AssertionError
	at sqlancer.GlobalState.getSchema(GlobalState.java:134)
	at sqlancer.duckdb.gen.DuckDBTableGenerator.getQuery(DuckDBTableGenerator.java:25)
	at sqlancer.duckdb.DuckDBProvider.generateDatabase(DuckDBProvider.java:101)
	at sqlancer.duckdb.DuckDBProvider.generateDatabase(DuckDBProvider.java:1)
	at sqlancer.ProviderAdapter.generateAndTestDatabase(ProviderAdapter.java:40)
	at sqlancer.Main$DBMSExecutor.run(Main.java:326)
	at sqlancer.Main$2.run(Main.java:510)
	at sqlancer.Main$2.runThread(Main.java:488)
	at sqlancer.Main$2.run(Main.java:478)
	at java.base/java.util.concurrent.ThreadPoolExecutor.runWorker(ThreadPoolExecutor.java:1128)
	at java.base/java.util.concurrent.ThreadPoolExecutor$Worker.run(ThreadPoolExecutor.java:628)
	at java.base/java.lang.Thread.run(Thread.java:829)
--java.lang.AssertionError
--	at sqlancer.GlobalState.getSchema(GlobalState.java:134)
--	at sqlancer.duckdb.gen.DuckDBTableGenerator.getQuery(DuckDBTableGenerator.java:25)
--	at sqlancer.duckdb.DuckDBProvider.generateDatabase(DuckDBProvider.java:101)
--	at sqlancer.duckdb.DuckDBProvider.generateDatabase(DuckDBProvider.java:1)
--	at sqlancer.ProviderAdapter.generateAndTestDatabase(ProviderAdapter.java:40)
--	at sqlancer.Main$DBMSExecutor.run(Main.java:326)
--	at sqlancer.Main$2.run(Main.java:510)
--	at sqlancer.Main$2.runThread(Main.java:488)
--	at sqlancer.Main$2.run(Main.java:478)
--	at java.base/java.util.concurrent.ThreadPoolExecutor.runWorker(ThreadPoolExecutor.java:1128)
--	at java.base/java.util.concurrent.ThreadPoolExecutor$Worker.run(ThreadPoolExecutor.java:628)
--	at java.base/java.lang.Thread.run(Thread.java:829)
--
-- Time: 2023/01/30 20:23:06
-- Database: database22
-- Database version: v0.2.9
-- seed value: 22

java.lang.AssertionError
	at sqlancer.GlobalState.getSchema(GlobalState.java:134)
	at sqlancer.duckdb.gen.DuckDBTableGenerator.getQuery(DuckDBTableGenerator.java:25)
	at sqlancer.duckdb.DuckDBProvider.generateDatabase(DuckDBProvider.java:101)
	at sqlancer.duckdb.DuckDBProvider.generateDatabase(DuckDBProvider.java:1)
	at sqlancer.ProviderAdapter.generateAndTestDatabase(ProviderAdapter.java:40)
	at sqlancer.Main$DBMSExecutor.run(Main.java:326)
	at sqlancer.Main$2.run(Main.java:510)
	at sqlancer.Main$2.runThread(Main.java:488)
	at sqlancer.Main$2.run(Main.java:478)
	at java.base/java.util.concurrent.ThreadPoolExecutor.runWorker(ThreadPoolExecutor.java:1128)
	at java.base/java.util.concurrent.ThreadPoolExecutor$Worker.run(ThreadPoolExecutor.java:628)
	at java.base/java.lang.Thread.run(Thread.java:829)
--java.lang.AssertionError
--	at sqlancer.GlobalState.getSchema(GlobalState.java:134)
--	at sqlancer.duckdb.gen.DuckDBTableGenerator.getQuery(DuckDBTableGenerator.java:25)
--	at sqlancer.duckdb.DuckDBProvider.generateDatabase(DuckDBProvider.java:101)
--	at sqlancer.duckdb.DuckDBProvider.generateDatabase(DuckDBProvider.java:1)
--	at sqlancer.ProviderAdapter.generateAndTestDatabase(ProviderAdapter.java:40)
--	at sqlancer.Main$DBMSExecutor.run(Main.java:326)
--	at sqlancer.Main$2.run(Main.java:510)
--	at sqlancer.Main$2.runThread(Main.java:488)
--	at sqlancer.Main$2.run(Main.java:478)
--	at java.base/java.util.concurrent.ThreadPoolExecutor.runWorker(ThreadPoolExecutor.java:1128)
--	at java.base/java.util.concurrent.ThreadPoolExecutor$Worker.run(ThreadPoolExecutor.java:628)
--	at java.base/java.lang.Thread.run(Thread.java:829)
--
-- Time: 2023/01/30 20:23:06
-- Database: database23
-- Database version: v0.2.9
-- seed value: 23

java.lang.AssertionError
	at sqlancer.GlobalState.getSchema(GlobalState.java:134)
	at sqlancer.duckdb.gen.DuckDBTableGenerator.getQuery(DuckDBTableGenerator.java:25)
	at sqlancer.duckdb.DuckDBProvider.generateDatabase(DuckDBProvider.java:101)
	at sqlancer.duckdb.DuckDBProvider.generateDatabase(DuckDBProvider.java:1)
	at sqlancer.ProviderAdapter.generateAndTestDatabase(ProviderAdapter.java:40)
	at sqlancer.Main$DBMSExecutor.run(Main.java:326)
	at sqlancer.Main$2.run(Main.java:510)
	at sqlancer.Main$2.runThread(Main.java:488)
	at sqlancer.Main$2.run(Main.java:478)
	at java.base/java.util.concurrent.ThreadPoolExecutor.runWorker(ThreadPoolExecutor.java:1128)
	at java.base/java.util.concurrent.ThreadPoolExecutor$Worker.run(ThreadPoolExecutor.java:628)
	at java.base/java.lang.Thread.run(Thread.java:829)
--java.lang.AssertionError
--	at sqlancer.GlobalState.getSchema(GlobalState.java:134)
--	at sqlancer.duckdb.gen.DuckDBTableGenerator.getQuery(DuckDBTableGenerator.java:25)
--	at sqlancer.duckdb.DuckDBProvider.generateDatabase(DuckDBProvider.java:101)
--	at sqlancer.duckdb.DuckDBProvider.generateDatabase(DuckDBProvider.java:1)
--	at sqlancer.ProviderAdapter.generateAndTestDatabase(ProviderAdapter.java:40)
--	at sqlancer.Main$DBMSExecutor.run(Main.java:326)
--	at sqlancer.Main$2.run(Main.java:510)
--	at sqlancer.Main$2.runThread(Main.java:488)
--	at sqlancer.Main$2.run(Main.java:478)
--	at java.base/java.util.concurrent.ThreadPoolExecutor.runWorker(ThreadPoolExecutor.java:1128)
--	at java.base/java.util.concurrent.ThreadPoolExecutor$Worker.run(ThreadPoolExecutor.java:628)
--	at java.base/java.lang.Thread.run(Thread.java:829)
--
-- Time: 2023/01/30 20:23:06
-- Database: database24
-- Database version: v0.2.9
-- seed value: 24

java.lang.AssertionError
	at sqlancer.GlobalState.getSchema(GlobalState.java:134)
	at sqlancer.duckdb.gen.DuckDBTableGenerator.getQuery(DuckDBTableGenerator.java:25)
	at sqlancer.duckdb.DuckDBProvider.generateDatabase(DuckDBProvider.java:101)
	at sqlancer.duckdb.DuckDBProvider.generateDatabase(DuckDBProvider.java:1)
	at sqlancer.ProviderAdapter.generateAndTestDatabase(ProviderAdapter.java:40)
	at sqlancer.Main$DBMSExecutor.run(Main.java:326)
	at sqlancer.Main$2.run(Main.java:510)
	at sqlancer.Main$2.runThread(Main.java:488)
	at sqlancer.Main$2.run(Main.java:478)
	at java.base/java.util.concurrent.ThreadPoolExecutor.runWorker(ThreadPoolExecutor.java:1128)
	at java.base/java.util.concurrent.ThreadPoolExecutor$Worker.run(ThreadPoolExecutor.java:628)
	at java.base/java.lang.Thread.run(Thread.java:829)
--java.lang.AssertionError
--	at sqlancer.GlobalState.getSchema(GlobalState.java:134)
--	at sqlancer.duckdb.gen.DuckDBTableGenerator.getQuery(DuckDBTableGenerator.java:25)
--	at sqlancer.duckdb.DuckDBProvider.generateDatabase(DuckDBProvider.java:101)
--	at sqlancer.duckdb.DuckDBProvider.generateDatabase(DuckDBProvider.java:1)
--	at sqlancer.ProviderAdapter.generateAndTestDatabase(ProviderAdapter.java:40)
--	at sqlancer.Main$DBMSExecutor.run(Main.java:326)
--	at sqlancer.Main$2.run(Main.java:510)
--	at sqlancer.Main$2.runThread(Main.java:488)
--	at sqlancer.Main$2.run(Main.java:478)
--	at java.base/java.util.concurrent.ThreadPoolExecutor.runWorker(ThreadPoolExecutor.java:1128)
--	at java.base/java.util.concurrent.ThreadPoolExecutor$Worker.run(ThreadPoolExecutor.java:628)
--	at java.base/java.lang.Thread.run(Thread.java:829)
--
-- Time: 2023/01/30 20:23:06
-- Database: database25
-- Database version: v0.2.9
-- seed value: 25

java.lang.AssertionError
	at sqlancer.GlobalState.getSchema(GlobalState.java:134)
	at sqlancer.duckdb.gen.DuckDBTableGenerator.getQuery(DuckDBTableGenerator.java:25)
	at sqlancer.duckdb.DuckDBProvider.generateDatabase(DuckDBProvider.java:101)
	at sqlancer.duckdb.DuckDBProvider.generateDatabase(DuckDBProvider.java:1)
	at sqlancer.ProviderAdapter.generateAndTestDatabase(ProviderAdapter.java:40)
	at sqlancer.Main$DBMSExecutor.run(Main.java:326)
	at sqlancer.Main$2.run(Main.java:510)
	at sqlancer.Main$2.runThread(Main.java:488)
	at sqlancer.Main$2.run(Main.java:478)
	at java.base/java.util.concurrent.ThreadPoolExecutor.runWorker(ThreadPoolExecutor.java:1128)
	at java.base/java.util.concurrent.ThreadPoolExecutor$Worker.run(ThreadPoolExecutor.java:628)
	at java.base/java.lang.Thread.run(Thread.java:829)
--java.lang.AssertionError
--	at sqlancer.GlobalState.getSchema(GlobalState.java:134)
--	at sqlancer.duckdb.gen.DuckDBTableGenerator.getQuery(DuckDBTableGenerator.java:25)
--	at sqlancer.duckdb.DuckDBProvider.generateDatabase(DuckDBProvider.java:101)
--	at sqlancer.duckdb.DuckDBProvider.generateDatabase(DuckDBProvider.java:1)
--	at sqlancer.ProviderAdapter.generateAndTestDatabase(ProviderAdapter.java:40)
--	at sqlancer.Main$DBMSExecutor.run(Main.java:326)
--	at sqlancer.Main$2.run(Main.java:510)
--	at sqlancer.Main$2.runThread(Main.java:488)
--	at sqlancer.Main$2.run(Main.java:478)
--	at java.base/java.util.concurrent.ThreadPoolExecutor.runWorker(ThreadPoolExecutor.java:1128)
--	at java.base/java.util.concurrent.ThreadPoolExecutor$Worker.run(ThreadPoolExecutor.java:628)
--	at java.base/java.lang.Thread.run(Thread.java:829)
--
-- Time: 2023/01/30 20:23:06
-- Database: database26
-- Database version: v0.2.9
-- seed value: 26

java.lang.AssertionError
	at sqlancer.GlobalState.getSchema(GlobalState.java:134)
	at sqlancer.duckdb.gen.DuckDBTableGenerator.getQuery(DuckDBTableGenerator.java:25)
	at sqlancer.duckdb.DuckDBProvider.generateDatabase(DuckDBProvider.java:101)
	at sqlancer.duckdb.DuckDBProvider.generateDatabase(DuckDBProvider.java:1)
	at sqlancer.ProviderAdapter.generateAndTestDatabase(ProviderAdapter.java:40)
	at sqlancer.Main$DBMSExecutor.run(Main.java:326)
	at sqlancer.Main$2.run(Main.java:510)
	at sqlancer.Main$2.runThread(Main.java:488)
	at sqlancer.Main$2.run(Main.java:478)
	at java.base/java.util.concurrent.ThreadPoolExecutor.runWorker(ThreadPoolExecutor.java:1128)
	at java.base/java.util.concurrent.ThreadPoolExecutor$Worker.run(ThreadPoolExecutor.java:628)
	at java.base/java.lang.Thread.run(Thread.java:829)
--java.lang.AssertionError
--	at sqlancer.GlobalState.getSchema(GlobalState.java:134)
--	at sqlancer.duckdb.gen.DuckDBTableGenerator.getQuery(DuckDBTableGenerator.java:25)
--	at sqlancer.duckdb.DuckDBProvider.generateDatabase(DuckDBProvider.java:101)
--	at sqlancer.duckdb.DuckDBProvider.generateDatabase(DuckDBProvider.java:1)
--	at sqlancer.ProviderAdapter.generateAndTestDatabase(ProviderAdapter.java:40)
--	at sqlancer.Main$DBMSExecutor.run(Main.java:326)
--	at sqlancer.Main$2.run(Main.java:510)
--	at sqlancer.Main$2.runThread(Main.java:488)
--	at sqlancer.Main$2.run(Main.java:478)
--	at java.base/java.util.concurrent.ThreadPoolExecutor.runWorker(ThreadPoolExecutor.java:1128)
--	at java.base/java.util.concurrent.ThreadPoolExecutor$Worker.run(ThreadPoolExecutor.java:628)
--	at java.base/java.lang.Thread.run(Thread.java:829)
--
-- Time: 2023/01/30 20:23:06
-- Database: database27
-- Database version: v0.2.9
-- seed value: 27

java.lang.AssertionError
	at sqlancer.GlobalState.getSchema(GlobalState.java:134)
	at sqlancer.duckdb.gen.DuckDBTableGenerator.getQuery(DuckDBTableGenerator.java:25)
	at sqlancer.duckdb.DuckDBProvider.generateDatabase(DuckDBProvider.java:101)
	at sqlancer.duckdb.DuckDBProvider.generateDatabase(DuckDBProvider.java:1)
	at sqlancer.ProviderAdapter.generateAndTestDatabase(ProviderAdapter.java:40)
	at sqlancer.Main$DBMSExecutor.run(Main.java:326)
	at sqlancer.Main$2.run(Main.java:510)
	at sqlancer.Main$2.runThread(Main.java:488)
	at sqlancer.Main$2.run(Main.java:478)
	at java.base/java.util.concurrent.ThreadPoolExecutor.runWorker(ThreadPoolExecutor.java:1128)
	at java.base/java.util.concurrent.ThreadPoolExecutor$Worker.run(ThreadPoolExecutor.java:628)
	at java.base/java.lang.Thread.run(Thread.java:829)
--java.lang.AssertionError
--	at sqlancer.GlobalState.getSchema(GlobalState.java:134)
--	at sqlancer.duckdb.gen.DuckDBTableGenerator.getQuery(DuckDBTableGenerator.java:25)
--	at sqlancer.duckdb.DuckDBProvider.generateDatabase(DuckDBProvider.java:101)
--	at sqlancer.duckdb.DuckDBProvider.generateDatabase(DuckDBProvider.java:1)
--	at sqlancer.ProviderAdapter.generateAndTestDatabase(ProviderAdapter.java:40)
--	at sqlancer.Main$DBMSExecutor.run(Main.java:326)
--	at sqlancer.Main$2.run(Main.java:510)
--	at sqlancer.Main$2.runThread(Main.java:488)
--	at sqlancer.Main$2.run(Main.java:478)
--	at java.base/java.util.concurrent.ThreadPoolExecutor.runWorker(ThreadPoolExecutor.java:1128)
--	at java.base/java.util.concurrent.ThreadPoolExecutor$Worker.run(ThreadPoolExecutor.java:628)
--	at java.base/java.lang.Thread.run(Thread.java:829)
--
-- Time: 2023/01/30 20:23:06
-- Database: database28
-- Database version: v0.2.9
-- seed value: 28

java.lang.AssertionError
	at sqlancer.GlobalState.getSchema(GlobalState.java:134)
	at sqlancer.duckdb.gen.DuckDBTableGenerator.getQuery(DuckDBTableGenerator.java:25)
	at sqlancer.duckdb.DuckDBProvider.generateDatabase(DuckDBProvider.java:101)
	at sqlancer.duckdb.DuckDBProvider.generateDatabase(DuckDBProvider.java:1)
	at sqlancer.ProviderAdapter.generateAndTestDatabase(ProviderAdapter.java:40)
	at sqlancer.Main$DBMSExecutor.run(Main.java:326)
	at sqlancer.Main$2.run(Main.java:510)
	at sqlancer.Main$2.runThread(Main.java:488)
	at sqlancer.Main$2.run(Main.java:478)
	at java.base/java.util.concurrent.ThreadPoolExecutor.runWorker(ThreadPoolExecutor.java:1128)
	at java.base/java.util.concurrent.ThreadPoolExecutor$Worker.run(ThreadPoolExecutor.java:628)
	at java.base/java.lang.Thread.run(Thread.java:829)
--java.lang.AssertionError
--	at sqlancer.GlobalState.getSchema(GlobalState.java:134)
--	at sqlancer.duckdb.gen.DuckDBTableGenerator.getQuery(DuckDBTableGenerator.java:25)
--	at sqlancer.duckdb.DuckDBProvider.generateDatabase(DuckDBProvider.java:101)
--	at sqlancer.duckdb.DuckDBProvider.generateDatabase(DuckDBProvider.java:1)
--	at sqlancer.ProviderAdapter.generateAndTestDatabase(ProviderAdapter.java:40)
--	at sqlancer.Main$DBMSExecutor.run(Main.java:326)
--	at sqlancer.Main$2.run(Main.java:510)
--	at sqlancer.Main$2.runThread(Main.java:488)
--	at sqlancer.Main$2.run(Main.java:478)
--	at java.base/java.util.concurrent.ThreadPoolExecutor.runWorker(ThreadPoolExecutor.java:1128)
--	at java.base/java.util.concurrent.ThreadPoolExecutor$Worker.run(ThreadPoolExecutor.java:628)
--	at java.base/java.lang.Thread.run(Thread.java:829)
--
-- Time: 2023/01/30 20:23:06
-- Database: database29
-- Database version: v0.2.9
-- seed value: 29

java.lang.AssertionError
	at sqlancer.GlobalState.getSchema(GlobalState.java:134)
	at sqlancer.duckdb.gen.DuckDBTableGenerator.getQuery(DuckDBTableGenerator.java:25)
	at sqlancer.duckdb.DuckDBProvider.generateDatabase(DuckDBProvider.java:101)
	at sqlancer.duckdb.DuckDBProvider.generateDatabase(DuckDBProvider.java:1)
	at sqlancer.ProviderAdapter.generateAndTestDatabase(ProviderAdapter.java:40)
	at sqlancer.Main$DBMSExecutor.run(Main.java:326)
	at sqlancer.Main$2.run(Main.java:510)
	at sqlancer.Main$2.runThread(Main.java:488)
	at sqlancer.Main$2.run(Main.java:478)
	at java.base/java.util.concurrent.ThreadPoolExecutor.runWorker(ThreadPoolExecutor.java:1128)
	at java.base/java.util.concurrent.ThreadPoolExecutor$Worker.run(ThreadPoolExecutor.java:628)
	at java.base/java.lang.Thread.run(Thread.java:829)
--java.lang.AssertionError
--	at sqlancer.GlobalState.getSchema(GlobalState.java:134)
--	at sqlancer.duckdb.gen.DuckDBTableGenerator.getQuery(DuckDBTableGenerator.java:25)
--	at sqlancer.duckdb.DuckDBProvider.generateDatabase(DuckDBProvider.java:101)
--	at sqlancer.duckdb.DuckDBProvider.generateDatabase(DuckDBProvider.java:1)
--	at sqlancer.ProviderAdapter.generateAndTestDatabase(ProviderAdapter.java:40)
--	at sqlancer.Main$DBMSExecutor.run(Main.java:326)
--	at sqlancer.Main$2.run(Main.java:510)
--	at sqlancer.Main$2.runThread(Main.java:488)
--	at sqlancer.Main$2.run(Main.java:478)
--	at java.base/java.util.concurrent.ThreadPoolExecutor.runWorker(ThreadPoolExecutor.java:1128)
--	at java.base/java.util.concurrent.ThreadPoolExecutor$Worker.run(ThreadPoolExecutor.java:628)
--	at java.base/java.lang.Thread.run(Thread.java:829)
--
-- Time: 2023/01/30 20:23:06
-- Database: database30
-- Database version: v0.2.9
-- seed value: 30

java.lang.AssertionError
	at sqlancer.GlobalState.getSchema(GlobalState.java:134)
	at sqlancer.duckdb.gen.DuckDBTableGenerator.getQuery(DuckDBTableGenerator.java:25)
	at sqlancer.duckdb.DuckDBProvider.generateDatabase(DuckDBProvider.java:101)
	at sqlancer.duckdb.DuckDBProvider.generateDatabase(DuckDBProvider.java:1)
	at sqlancer.ProviderAdapter.generateAndTestDatabase(ProviderAdapter.java:40)
	at sqlancer.Main$DBMSExecutor.run(Main.java:326)
	at sqlancer.Main$2.run(Main.java:510)
	at sqlancer.Main$2.runThread(Main.java:488)
	at sqlancer.Main$2.run(Main.java:478)
	at java.base/java.util.concurrent.ThreadPoolExecutor.runWorker(ThreadPoolExecutor.java:1128)
	at java.base/java.util.concurrent.ThreadPoolExecutor$Worker.run(ThreadPoolExecutor.java:628)
	at java.base/java.lang.Thread.run(Thread.java:829)
--java.lang.AssertionError
--	at sqlancer.GlobalState.getSchema(GlobalState.java:134)
--	at sqlancer.duckdb.gen.DuckDBTableGenerator.getQuery(DuckDBTableGenerator.java:25)
--	at sqlancer.duckdb.DuckDBProvider.generateDatabase(DuckDBProvider.java:101)
--	at sqlancer.duckdb.DuckDBProvider.generateDatabase(DuckDBProvider.java:1)
--	at sqlancer.ProviderAdapter.generateAndTestDatabase(ProviderAdapter.java:40)
--	at sqlancer.Main$DBMSExecutor.run(Main.java:326)
--	at sqlancer.Main$2.run(Main.java:510)
--	at sqlancer.Main$2.runThread(Main.java:488)
--	at sqlancer.Main$2.run(Main.java:478)
--	at java.base/java.util.concurrent.ThreadPoolExecutor.runWorker(ThreadPoolExecutor.java:1128)
--	at java.base/java.util.concurrent.ThreadPoolExecutor$Worker.run(ThreadPoolExecutor.java:628)
--	at java.base/java.lang.Thread.run(Thread.java:829)
--
-- Time: 2023/01/30 20:23:06
-- Database: database31
-- Database version: v0.2.9
-- seed value: 31

java.lang.AssertionError
	at sqlancer.GlobalState.getSchema(GlobalState.java:134)
	at sqlancer.duckdb.gen.DuckDBTableGenerator.getQuery(DuckDBTableGenerator.java:25)
	at sqlancer.duckdb.DuckDBProvider.generateDatabase(DuckDBProvider.java:101)
	at sqlancer.duckdb.DuckDBProvider.generateDatabase(DuckDBProvider.java:1)
	at sqlancer.ProviderAdapter.generateAndTestDatabase(ProviderAdapter.java:40)
	at sqlancer.Main$DBMSExecutor.run(Main.java:326)
	at sqlancer.Main$2.run(Main.java:510)
	at sqlancer.Main$2.runThread(Main.java:488)
	at sqlancer.Main$2.run(Main.java:478)
	at java.base/java.util.concurrent.ThreadPoolExecutor.runWorker(ThreadPoolExecutor.java:1128)
	at java.base/java.util.concurrent.ThreadPoolExecutor$Worker.run(ThreadPoolExecutor.java:628)
	at java.base/java.lang.Thread.run(Thread.java:829)
--java.lang.AssertionError
--	at sqlancer.GlobalState.getSchema(GlobalState.java:134)
--	at sqlancer.duckdb.gen.DuckDBTableGenerator.getQuery(DuckDBTableGenerator.java:25)
--	at sqlancer.duckdb.DuckDBProvider.generateDatabase(DuckDBProvider.java:101)
--	at sqlancer.duckdb.DuckDBProvider.generateDatabase(DuckDBProvider.java:1)
--	at sqlancer.ProviderAdapter.generateAndTestDatabase(ProviderAdapter.java:40)
--	at sqlancer.Main$DBMSExecutor.run(Main.java:326)
--	at sqlancer.Main$2.run(Main.java:510)
--	at sqlancer.Main$2.runThread(Main.java:488)
--	at sqlancer.Main$2.run(Main.java:478)
--	at java.base/java.util.concurrent.ThreadPoolExecutor.runWorker(ThreadPoolExecutor.java:1128)
--	at java.base/java.util.concurrent.ThreadPoolExecutor$Worker.run(ThreadPoolExecutor.java:628)
--	at java.base/java.lang.Thread.run(Thread.java:829)
--
-- Time: 2023/01/30 20:23:06
-- Database: database32
-- Database version: v0.2.9
-- seed value: 32

java.lang.AssertionError
	at sqlancer.GlobalState.getSchema(GlobalState.java:134)
	at sqlancer.duckdb.gen.DuckDBTableGenerator.getQuery(DuckDBTableGenerator.java:25)
	at sqlancer.duckdb.DuckDBProvider.generateDatabase(DuckDBProvider.java:101)
	at sqlancer.duckdb.DuckDBProvider.generateDatabase(DuckDBProvider.java:1)
	at sqlancer.ProviderAdapter.generateAndTestDatabase(ProviderAdapter.java:40)
	at sqlancer.Main$DBMSExecutor.run(Main.java:326)
	at sqlancer.Main$2.run(Main.java:510)
	at sqlancer.Main$2.runThread(Main.java:488)
	at sqlancer.Main$2.run(Main.java:478)
	at java.base/java.util.concurrent.ThreadPoolExecutor.runWorker(ThreadPoolExecutor.java:1128)
	at java.base/java.util.concurrent.ThreadPoolExecutor$Worker.run(ThreadPoolExecutor.java:628)
	at java.base/java.lang.Thread.run(Thread.java:829)
--java.lang.AssertionError
--	at sqlancer.GlobalState.getSchema(GlobalState.java:134)
--	at sqlancer.duckdb.gen.DuckDBTableGenerator.getQuery(DuckDBTableGenerator.java:25)
--	at sqlancer.duckdb.DuckDBProvider.generateDatabase(DuckDBProvider.java:101)
--	at sqlancer.duckdb.DuckDBProvider.generateDatabase(DuckDBProvider.java:1)
--	at sqlancer.ProviderAdapter.generateAndTestDatabase(ProviderAdapter.java:40)
--	at sqlancer.Main$DBMSExecutor.run(Main.java:326)
--	at sqlancer.Main$2.run(Main.java:510)
--	at sqlancer.Main$2.runThread(Main.java:488)
--	at sqlancer.Main$2.run(Main.java:478)
--	at java.base/java.util.concurrent.ThreadPoolExecutor.runWorker(ThreadPoolExecutor.java:1128)
--	at java.base/java.util.concurrent.ThreadPoolExecutor$Worker.run(ThreadPoolExecutor.java:628)
--	at java.base/java.lang.Thread.run(Thread.java:829)
--
-- Time: 2023/01/30 20:23:06
-- Database: database33
-- Database version: v0.2.9
-- seed value: 33

java.lang.AssertionError
	at sqlancer.GlobalState.getSchema(GlobalState.java:134)
	at sqlancer.duckdb.gen.DuckDBTableGenerator.getQuery(DuckDBTableGenerator.java:25)
	at sqlancer.duckdb.DuckDBProvider.generateDatabase(DuckDBProvider.java:101)
	at sqlancer.duckdb.DuckDBProvider.generateDatabase(DuckDBProvider.java:1)
	at sqlancer.ProviderAdapter.generateAndTestDatabase(ProviderAdapter.java:40)
	at sqlancer.Main$DBMSExecutor.run(Main.java:326)
	at sqlancer.Main$2.run(Main.java:510)
	at sqlancer.Main$2.runThread(Main.java:488)
	at sqlancer.Main$2.run(Main.java:478)
	at java.base/java.util.concurrent.ThreadPoolExecutor.runWorker(ThreadPoolExecutor.java:1128)
	at java.base/java.util.concurrent.ThreadPoolExecutor$Worker.run(ThreadPoolExecutor.java:628)
	at java.base/java.lang.Thread.run(Thread.java:829)
--java.lang.AssertionError
--	at sqlancer.GlobalState.getSchema(GlobalState.java:134)
--	at sqlancer.duckdb.gen.DuckDBTableGenerator.getQuery(DuckDBTableGenerator.java:25)
--	at sqlancer.duckdb.DuckDBProvider.generateDatabase(DuckDBProvider.java:101)
--	at sqlancer.duckdb.DuckDBProvider.generateDatabase(DuckDBProvider.java:1)
--	at sqlancer.ProviderAdapter.generateAndTestDatabase(ProviderAdapter.java:40)
--	at sqlancer.Main$DBMSExecutor.run(Main.java:326)
--	at sqlancer.Main$2.run(Main.java:510)
--	at sqlancer.Main$2.runThread(Main.java:488)
--	at sqlancer.Main$2.run(Main.java:478)
--	at java.base/java.util.concurrent.ThreadPoolExecutor.runWorker(ThreadPoolExecutor.java:1128)
--	at java.base/java.util.concurrent.ThreadPoolExecutor$Worker.run(ThreadPoolExecutor.java:628)
--	at java.base/java.lang.Thread.run(Thread.java:829)
--
-- Time: 2023/01/30 20:23:06
-- Database: database34
-- Database version: v0.2.9
-- seed value: 34

java.lang.AssertionError
	at sqlancer.GlobalState.getSchema(GlobalState.java:134)
	at sqlancer.duckdb.gen.DuckDBTableGenerator.getQuery(DuckDBTableGenerator.java:25)
	at sqlancer.duckdb.DuckDBProvider.generateDatabase(DuckDBProvider.java:101)
	at sqlancer.duckdb.DuckDBProvider.generateDatabase(DuckDBProvider.java:1)
	at sqlancer.ProviderAdapter.generateAndTestDatabase(ProviderAdapter.java:40)
	at sqlancer.Main$DBMSExecutor.run(Main.java:326)
	at sqlancer.Main$2.run(Main.java:510)
	at sqlancer.Main$2.runThread(Main.java:488)
	at sqlancer.Main$2.run(Main.java:478)
	at java.base/java.util.concurrent.ThreadPoolExecutor.runWorker(ThreadPoolExecutor.java:1128)
	at java.base/java.util.concurrent.ThreadPoolExecutor$Worker.run(ThreadPoolExecutor.java:628)
	at java.base/java.lang.Thread.run(Thread.java:829)
--java.lang.AssertionError
--	at sqlancer.GlobalState.getSchema(GlobalState.java:134)
--	at sqlancer.duckdb.gen.DuckDBTableGenerator.getQuery(DuckDBTableGenerator.java:25)
--	at sqlancer.duckdb.DuckDBProvider.generateDatabase(DuckDBProvider.java:101)
--	at sqlancer.duckdb.DuckDBProvider.generateDatabase(DuckDBProvider.java:1)
--	at sqlancer.ProviderAdapter.generateAndTestDatabase(ProviderAdapter.java:40)
--	at sqlancer.Main$DBMSExecutor.run(Main.java:326)
--	at sqlancer.Main$2.run(Main.java:510)
--	at sqlancer.Main$2.runThread(Main.java:488)
--	at sqlancer.Main$2.run(Main.java:478)
--	at java.base/java.util.concurrent.ThreadPoolExecutor.runWorker(ThreadPoolExecutor.java:1128)
--	at java.base/java.util.concurrent.ThreadPoolExecutor$Worker.run(ThreadPoolExecutor.java:628)
--	at java.base/java.lang.Thread.run(Thread.java:829)
--
-- Time: 2023/01/30 20:23:06
-- Database: database35
-- Database version: v0.2.9
-- seed value: 35

java.lang.AssertionError
	at sqlancer.GlobalState.getSchema(GlobalState.java:134)
	at sqlancer.duckdb.gen.DuckDBTableGenerator.getQuery(DuckDBTableGenerator.java:25)
	at sqlancer.duckdb.DuckDBProvider.generateDatabase(DuckDBProvider.java:101)
	at sqlancer.duckdb.DuckDBProvider.generateDatabase(DuckDBProvider.java:1)
	at sqlancer.ProviderAdapter.generateAndTestDatabase(ProviderAdapter.java:40)
	at sqlancer.Main$DBMSExecutor.run(Main.java:326)
	at sqlancer.Main$2.run(Main.java:510)
	at sqlancer.Main$2.runThread(Main.java:488)
	at sqlancer.Main$2.run(Main.java:478)
	at java.base/java.util.concurrent.ThreadPoolExecutor.runWorker(ThreadPoolExecutor.java:1128)
	at java.base/java.util.concurrent.ThreadPoolExecutor$Worker.run(ThreadPoolExecutor.java:628)
	at java.base/java.lang.Thread.run(Thread.java:829)
--java.lang.AssertionError
--	at sqlancer.GlobalState.getSchema(GlobalState.java:134)
--	at sqlancer.duckdb.gen.DuckDBTableGenerator.getQuery(DuckDBTableGenerator.java:25)
--	at sqlancer.duckdb.DuckDBProvider.generateDatabase(DuckDBProvider.java:101)
--	at sqlancer.duckdb.DuckDBProvider.generateDatabase(DuckDBProvider.java:1)
--	at sqlancer.ProviderAdapter.generateAndTestDatabase(ProviderAdapter.java:40)
--	at sqlancer.Main$DBMSExecutor.run(Main.java:326)
--	at sqlancer.Main$2.run(Main.java:510)
--	at sqlancer.Main$2.runThread(Main.java:488)
--	at sqlancer.Main$2.run(Main.java:478)
--	at java.base/java.util.concurrent.ThreadPoolExecutor.runWorker(ThreadPoolExecutor.java:1128)
--	at java.base/java.util.concurrent.ThreadPoolExecutor$Worker.run(ThreadPoolExecutor.java:628)
--	at java.base/java.lang.Thread.run(Thread.java:829)
--
-- Time: 2023/01/30 20:23:06
-- Database: database36
-- Database version: v0.2.9
-- seed value: 36

java.lang.AssertionError
	at sqlancer.GlobalState.getSchema(GlobalState.java:134)
	at sqlancer.duckdb.gen.DuckDBTableGenerator.getQuery(DuckDBTableGenerator.java:25)
	at sqlancer.duckdb.DuckDBProvider.generateDatabase(DuckDBProvider.java:101)
	at sqlancer.duckdb.DuckDBProvider.generateDatabase(DuckDBProvider.java:1)
	at sqlancer.ProviderAdapter.generateAndTestDatabase(ProviderAdapter.java:40)
	at sqlancer.Main$DBMSExecutor.run(Main.java:326)
	at sqlancer.Main$2.run(Main.java:510)
	at sqlancer.Main$2.runThread(Main.java:488)
	at sqlancer.Main$2.run(Main.java:478)
	at java.base/java.util.concurrent.ThreadPoolExecutor.runWorker(ThreadPoolExecutor.java:1128)
	at java.base/java.util.concurrent.ThreadPoolExecutor$Worker.run(ThreadPoolExecutor.java:628)
	at java.base/java.lang.Thread.run(Thread.java:829)
--java.lang.AssertionError
--	at sqlancer.GlobalState.getSchema(GlobalState.java:134)
--	at sqlancer.duckdb.gen.DuckDBTableGenerator.getQuery(DuckDBTableGenerator.java:25)
--	at sqlancer.duckdb.DuckDBProvider.generateDatabase(DuckDBProvider.java:101)
--	at sqlancer.duckdb.DuckDBProvider.generateDatabase(DuckDBProvider.java:1)
--	at sqlancer.ProviderAdapter.generateAndTestDatabase(ProviderAdapter.java:40)
--	at sqlancer.Main$DBMSExecutor.run(Main.java:326)
--	at sqlancer.Main$2.run(Main.java:510)
--	at sqlancer.Main$2.runThread(Main.java:488)
--	at sqlancer.Main$2.run(Main.java:478)
--	at java.base/java.util.concurrent.ThreadPoolExecutor.runWorker(ThreadPoolExecutor.java:1128)
--	at java.base/java.util.concurrent.ThreadPoolExecutor$Worker.run(ThreadPoolExecutor.java:628)
--	at java.base/java.lang.Thread.run(Thread.java:829)
--
-- Time: 2023/01/30 20:23:06
-- Database: database37
-- Database version: v0.2.9
-- seed value: 37

java.lang.AssertionError
	at sqlancer.GlobalState.getSchema(GlobalState.java:134)
	at sqlancer.duckdb.gen.DuckDBTableGenerator.getQuery(DuckDBTableGenerator.java:25)
	at sqlancer.duckdb.DuckDBProvider.generateDatabase(DuckDBProvider.java:101)
	at sqlancer.duckdb.DuckDBProvider.generateDatabase(DuckDBProvider.java:1)
	at sqlancer.ProviderAdapter.generateAndTestDatabase(ProviderAdapter.java:40)
	at sqlancer.Main$DBMSExecutor.run(Main.java:326)
	at sqlancer.Main$2.run(Main.java:510)
	at sqlancer.Main$2.runThread(Main.java:488)
	at sqlancer.Main$2.run(Main.java:478)
	at java.base/java.util.concurrent.ThreadPoolExecutor.runWorker(ThreadPoolExecutor.java:1128)
	at java.base/java.util.concurrent.ThreadPoolExecutor$Worker.run(ThreadPoolExecutor.java:628)
	at java.base/java.lang.Thread.run(Thread.java:829)
--java.lang.AssertionError
--	at sqlancer.GlobalState.getSchema(GlobalState.java:134)
--	at sqlancer.duckdb.gen.DuckDBTableGenerator.getQuery(DuckDBTableGenerator.java:25)
--	at sqlancer.duckdb.DuckDBProvider.generateDatabase(DuckDBProvider.java:101)
--	at sqlancer.duckdb.DuckDBProvider.generateDatabase(DuckDBProvider.java:1)
--	at sqlancer.ProviderAdapter.generateAndTestDatabase(ProviderAdapter.java:40)
--	at sqlancer.Main$DBMSExecutor.run(Main.java:326)
--	at sqlancer.Main$2.run(Main.java:510)
--	at sqlancer.Main$2.runThread(Main.java:488)
--	at sqlancer.Main$2.run(Main.java:478)
--	at java.base/java.util.concurrent.ThreadPoolExecutor.runWorker(ThreadPoolExecutor.java:1128)
--	at java.base/java.util.concurrent.ThreadPoolExecutor$Worker.run(ThreadPoolExecutor.java:628)
--	at java.base/java.lang.Thread.run(Thread.java:829)
--
-- Time: 2023/01/30 20:23:06
-- Database: database38
-- Database version: v0.2.9
-- seed value: 38

java.lang.AssertionError
	at sqlancer.GlobalState.getSchema(GlobalState.java:134)
	at sqlancer.duckdb.gen.DuckDBTableGenerator.getQuery(DuckDBTableGenerator.java:25)
	at sqlancer.duckdb.DuckDBProvider.generateDatabase(DuckDBProvider.java:101)
	at sqlancer.duckdb.DuckDBProvider.generateDatabase(DuckDBProvider.java:1)
	at sqlancer.ProviderAdapter.generateAndTestDatabase(ProviderAdapter.java:40)
	at sqlancer.Main$DBMSExecutor.run(Main.java:326)
	at sqlancer.Main$2.run(Main.java:510)
	at sqlancer.Main$2.runThread(Main.java:488)
	at sqlancer.Main$2.run(Main.java:478)
	at java.base/java.util.concurrent.ThreadPoolExecutor.runWorker(ThreadPoolExecutor.java:1128)
	at java.base/java.util.concurrent.ThreadPoolExecutor$Worker.run(ThreadPoolExecutor.java:628)
	at java.base/java.lang.Thread.run(Thread.java:829)
--java.lang.AssertionError
--	at sqlancer.GlobalState.getSchema(GlobalState.java:134)
--	at sqlancer.duckdb.gen.DuckDBTableGenerator.getQuery(DuckDBTableGenerator.java:25)
--	at sqlancer.duckdb.DuckDBProvider.generateDatabase(DuckDBProvider.java:101)
--	at sqlancer.duckdb.DuckDBProvider.generateDatabase(DuckDBProvider.java:1)
--	at sqlancer.ProviderAdapter.generateAndTestDatabase(ProviderAdapter.java:40)
--	at sqlancer.Main$DBMSExecutor.run(Main.java:326)
--	at sqlancer.Main$2.run(Main.java:510)
--	at sqlancer.Main$2.runThread(Main.java:488)
--	at sqlancer.Main$2.run(Main.java:478)
--	at java.base/java.util.concurrent.ThreadPoolExecutor.runWorker(ThreadPoolExecutor.java:1128)
--	at java.base/java.util.concurrent.ThreadPoolExecutor$Worker.run(ThreadPoolExecutor.java:628)
--	at java.base/java.lang.Thread.run(Thread.java:829)
--
-- Time: 2023/01/30 20:23:06
-- Database: database39
-- Database version: v0.2.9
-- seed value: 39

java.lang.AssertionError
	at sqlancer.GlobalState.getSchema(GlobalState.java:134)
	at sqlancer.duckdb.gen.DuckDBTableGenerator.getQuery(DuckDBTableGenerator.java:25)
	at sqlancer.duckdb.DuckDBProvider.generateDatabase(DuckDBProvider.java:101)
	at sqlancer.duckdb.DuckDBProvider.generateDatabase(DuckDBProvider.java:1)
	at sqlancer.ProviderAdapter.generateAndTestDatabase(ProviderAdapter.java:40)
	at sqlancer.Main$DBMSExecutor.run(Main.java:326)
	at sqlancer.Main$2.run(Main.java:510)
	at sqlancer.Main$2.runThread(Main.java:488)
	at sqlancer.Main$2.run(Main.java:478)
	at java.base/java.util.concurrent.ThreadPoolExecutor.runWorker(ThreadPoolExecutor.java:1128)
	at java.base/java.util.concurrent.ThreadPoolExecutor$Worker.run(ThreadPoolExecutor.java:628)
	at java.base/java.lang.Thread.run(Thread.java:829)
--java.lang.AssertionError
--	at sqlancer.GlobalState.getSchema(GlobalState.java:134)
--	at sqlancer.duckdb.gen.DuckDBTableGenerator.getQuery(DuckDBTableGenerator.java:25)
--	at sqlancer.duckdb.DuckDBProvider.generateDatabase(DuckDBProvider.java:101)
--	at sqlancer.duckdb.DuckDBProvider.generateDatabase(DuckDBProvider.java:1)
--	at sqlancer.ProviderAdapter.generateAndTestDatabase(ProviderAdapter.java:40)
--	at sqlancer.Main$DBMSExecutor.run(Main.java:326)
--	at sqlancer.Main$2.run(Main.java:510)
--	at sqlancer.Main$2.runThread(Main.java:488)
--	at sqlancer.Main$2.run(Main.java:478)
--	at java.base/java.util.concurrent.ThreadPoolExecutor.runWorker(ThreadPoolExecutor.java:1128)
--	at java.base/java.util.concurrent.ThreadPoolExecutor$Worker.run(ThreadPoolExecutor.java:628)
--	at java.base/java.lang.Thread.run(Thread.java:829)
--
-- Time: 2023/01/30 20:23:06
-- Database: database40
-- Database version: v0.2.9
-- seed value: 40

java.lang.AssertionError
	at sqlancer.GlobalState.getSchema(GlobalState.java:134)
	at sqlancer.duckdb.gen.DuckDBTableGenerator.getQuery(DuckDBTableGenerator.java:25)
	at sqlancer.duckdb.DuckDBProvider.generateDatabase(DuckDBProvider.java:101)
	at sqlancer.duckdb.DuckDBProvider.generateDatabase(DuckDBProvider.java:1)
	at sqlancer.ProviderAdapter.generateAndTestDatabase(ProviderAdapter.java:40)
	at sqlancer.Main$DBMSExecutor.run(Main.java:326)
	at sqlancer.Main$2.run(Main.java:510)
	at sqlancer.Main$2.runThread(Main.java:488)
	at sqlancer.Main$2.run(Main.java:478)
	at java.base/java.util.concurrent.ThreadPoolExecutor.runWorker(ThreadPoolExecutor.java:1128)
	at java.base/java.util.concurrent.ThreadPoolExecutor$Worker.run(ThreadPoolExecutor.java:628)
	at java.base/java.lang.Thread.run(Thread.java:829)
--java.lang.AssertionError
--	at sqlancer.GlobalState.getSchema(GlobalState.java:134)
--	at sqlancer.duckdb.gen.DuckDBTableGenerator.getQuery(DuckDBTableGenerator.java:25)
--	at sqlancer.duckdb.DuckDBProvider.generateDatabase(DuckDBProvider.java:101)
--	at sqlancer.duckdb.DuckDBProvider.generateDatabase(DuckDBProvider.java:1)
--	at sqlancer.ProviderAdapter.generateAndTestDatabase(ProviderAdapter.java:40)
--	at sqlancer.Main$DBMSExecutor.run(Main.java:326)
--	at sqlancer.Main$2.run(Main.java:510)
--	at sqlancer.Main$2.runThread(Main.java:488)
--	at sqlancer.Main$2.run(Main.java:478)
--	at java.base/java.util.concurrent.ThreadPoolExecutor.runWorker(ThreadPoolExecutor.java:1128)
--	at java.base/java.util.concurrent.ThreadPoolExecutor$Worker.run(ThreadPoolExecutor.java:628)
--	at java.base/java.lang.Thread.run(Thread.java:829)
--
-- Time: 2023/01/30 20:23:06
-- Database: database41
-- Database version: v0.2.9
-- seed value: 41

java.lang.AssertionError
	at sqlancer.GlobalState.getSchema(GlobalState.java:134)
	at sqlancer.duckdb.gen.DuckDBTableGenerator.getQuery(DuckDBTableGenerator.java:25)
	at sqlancer.duckdb.DuckDBProvider.generateDatabase(DuckDBProvider.java:101)
	at sqlancer.duckdb.DuckDBProvider.generateDatabase(DuckDBProvider.java:1)
	at sqlancer.ProviderAdapter.generateAndTestDatabase(ProviderAdapter.java:40)
	at sqlancer.Main$DBMSExecutor.run(Main.java:326)
	at sqlancer.Main$2.run(Main.java:510)
	at sqlancer.Main$2.runThread(Main.java:488)
	at sqlancer.Main$2.run(Main.java:478)
	at java.base/java.util.concurrent.ThreadPoolExecutor.runWorker(ThreadPoolExecutor.java:1128)
	at java.base/java.util.concurrent.ThreadPoolExecutor$Worker.run(ThreadPoolExecutor.java:628)
	at java.base/java.lang.Thread.run(Thread.java:829)
--java.lang.AssertionError
--	at sqlancer.GlobalState.getSchema(GlobalState.java:134)
--	at sqlancer.duckdb.gen.DuckDBTableGenerator.getQuery(DuckDBTableGenerator.java:25)
--	at sqlancer.duckdb.DuckDBProvider.generateDatabase(DuckDBProvider.java:101)
--	at sqlancer.duckdb.DuckDBProvider.generateDatabase(DuckDBProvider.java:1)
--	at sqlancer.ProviderAdapter.generateAndTestDatabase(ProviderAdapter.java:40)
--	at sqlancer.Main$DBMSExecutor.run(Main.java:326)
--	at sqlancer.Main$2.run(Main.java:510)
--	at sqlancer.Main$2.runThread(Main.java:488)
--	at sqlancer.Main$2.run(Main.java:478)
--	at java.base/java.util.concurrent.ThreadPoolExecutor.runWorker(ThreadPoolExecutor.java:1128)
--	at java.base/java.util.concurrent.ThreadPoolExecutor$Worker.run(ThreadPoolExecutor.java:628)
--	at java.base/java.lang.Thread.run(Thread.java:829)
--
-- Time: 2023/01/30 20:23:06
-- Database: database42
-- Database version: v0.2.9
-- seed value: 42

java.lang.AssertionError
	at sqlancer.GlobalState.getSchema(GlobalState.java:134)
	at sqlancer.duckdb.gen.DuckDBTableGenerator.getQuery(DuckDBTableGenerator.java:25)
	at sqlancer.duckdb.DuckDBProvider.generateDatabase(DuckDBProvider.java:101)
	at sqlancer.duckdb.DuckDBProvider.generateDatabase(DuckDBProvider.java:1)
	at sqlancer.ProviderAdapter.generateAndTestDatabase(ProviderAdapter.java:40)
	at sqlancer.Main$DBMSExecutor.run(Main.java:326)
	at sqlancer.Main$2.run(Main.java:510)
	at sqlancer.Main$2.runThread(Main.java:488)
	at sqlancer.Main$2.run(Main.java:478)
	at java.base/java.util.concurrent.ThreadPoolExecutor.runWorker(ThreadPoolExecutor.java:1128)
	at java.base/java.util.concurrent.ThreadPoolExecutor$Worker.run(ThreadPoolExecutor.java:628)
	at java.base/java.lang.Thread.run(Thread.java:829)
--java.lang.AssertionError
--	at sqlancer.GlobalState.getSchema(GlobalState.java:134)
--	at sqlancer.duckdb.gen.DuckDBTableGenerator.getQuery(DuckDBTableGenerator.java:25)
--	at sqlancer.duckdb.DuckDBProvider.generateDatabase(DuckDBProvider.java:101)
--	at sqlancer.duckdb.DuckDBProvider.generateDatabase(DuckDBProvider.java:1)
--	at sqlancer.ProviderAdapter.generateAndTestDatabase(ProviderAdapter.java:40)
--	at sqlancer.Main$DBMSExecutor.run(Main.java:326)
--	at sqlancer.Main$2.run(Main.java:510)
--	at sqlancer.Main$2.runThread(Main.java:488)
--	at sqlancer.Main$2.run(Main.java:478)
--	at java.base/java.util.concurrent.ThreadPoolExecutor.runWorker(ThreadPoolExecutor.java:1128)
--	at java.base/java.util.concurrent.ThreadPoolExecutor$Worker.run(ThreadPoolExecutor.java:628)
--	at java.base/java.lang.Thread.run(Thread.java:829)
--
-- Time: 2023/01/30 20:23:06
-- Database: database43
-- Database version: v0.2.9
-- seed value: 43

java.lang.AssertionError
	at sqlancer.GlobalState.getSchema(GlobalState.java:134)
	at sqlancer.duckdb.gen.DuckDBTableGenerator.getQuery(DuckDBTableGenerator.java:25)
	at sqlancer.duckdb.DuckDBProvider.generateDatabase(DuckDBProvider.java:101)
	at sqlancer.duckdb.DuckDBProvider.generateDatabase(DuckDBProvider.java:1)
	at sqlancer.ProviderAdapter.generateAndTestDatabase(ProviderAdapter.java:40)
	at sqlancer.Main$DBMSExecutor.run(Main.java:326)
	at sqlancer.Main$2.run(Main.java:510)
	at sqlancer.Main$2.runThread(Main.java:488)
	at sqlancer.Main$2.run(Main.java:478)
	at java.base/java.util.concurrent.ThreadPoolExecutor.runWorker(ThreadPoolExecutor.java:1128)
	at java.base/java.util.concurrent.ThreadPoolExecutor$Worker.run(ThreadPoolExecutor.java:628)
	at java.base/java.lang.Thread.run(Thread.java:829)
--java.lang.AssertionError
--	at sqlancer.GlobalState.getSchema(GlobalState.java:134)
--	at sqlancer.duckdb.gen.DuckDBTableGenerator.getQuery(DuckDBTableGenerator.java:25)
--	at sqlancer.duckdb.DuckDBProvider.generateDatabase(DuckDBProvider.java:101)
--	at sqlancer.duckdb.DuckDBProvider.generateDatabase(DuckDBProvider.java:1)
--	at sqlancer.ProviderAdapter.generateAndTestDatabase(ProviderAdapter.java:40)
--	at sqlancer.Main$DBMSExecutor.run(Main.java:326)
--	at sqlancer.Main$2.run(Main.java:510)
--	at sqlancer.Main$2.runThread(Main.java:488)
--	at sqlancer.Main$2.run(Main.java:478)
--	at java.base/java.util.concurrent.ThreadPoolExecutor.runWorker(ThreadPoolExecutor.java:1128)
--	at java.base/java.util.concurrent.ThreadPoolExecutor$Worker.run(ThreadPoolExecutor.java:628)
--	at java.base/java.lang.Thread.run(Thread.java:829)
--
-- Time: 2023/01/30 20:23:06
-- Database: database44
-- Database version: v0.2.9
-- seed value: 44

java.lang.AssertionError
	at sqlancer.GlobalState.getSchema(GlobalState.java:134)
	at sqlancer.duckdb.gen.DuckDBTableGenerator.getQuery(DuckDBTableGenerator.java:25)
	at sqlancer.duckdb.DuckDBProvider.generateDatabase(DuckDBProvider.java:101)
	at sqlancer.duckdb.DuckDBProvider.generateDatabase(DuckDBProvider.java:1)
	at sqlancer.ProviderAdapter.generateAndTestDatabase(ProviderAdapter.java:40)
	at sqlancer.Main$DBMSExecutor.run(Main.java:326)
	at sqlancer.Main$2.run(Main.java:510)
	at sqlancer.Main$2.runThread(Main.java:488)
	at sqlancer.Main$2.run(Main.java:478)
	at java.base/java.util.concurrent.ThreadPoolExecutor.runWorker(ThreadPoolExecutor.java:1128)
	at java.base/java.util.concurrent.ThreadPoolExecutor$Worker.run(ThreadPoolExecutor.java:628)
	at java.base/java.lang.Thread.run(Thread.java:829)
--java.lang.AssertionError
--	at sqlancer.GlobalState.getSchema(GlobalState.java:134)
--	at sqlancer.duckdb.gen.DuckDBTableGenerator.getQuery(DuckDBTableGenerator.java:25)
--	at sqlancer.duckdb.DuckDBProvider.generateDatabase(DuckDBProvider.java:101)
--	at sqlancer.duckdb.DuckDBProvider.generateDatabase(DuckDBProvider.java:1)
--	at sqlancer.ProviderAdapter.generateAndTestDatabase(ProviderAdapter.java:40)
--	at sqlancer.Main$DBMSExecutor.run(Main.java:326)
--	at sqlancer.Main$2.run(Main.java:510)
--	at sqlancer.Main$2.runThread(Main.java:488)
--	at sqlancer.Main$2.run(Main.java:478)
--	at java.base/java.util.concurrent.ThreadPoolExecutor.runWorker(ThreadPoolExecutor.java:1128)
--	at java.base/java.util.concurrent.ThreadPoolExecutor$Worker.run(ThreadPoolExecutor.java:628)
--	at java.base/java.lang.Thread.run(Thread.java:829)
--
-- Time: 2023/01/30 20:23:06
-- Database: database45
-- Database version: v0.2.9
-- seed value: 45

java.lang.AssertionError
	at sqlancer.GlobalState.getSchema(GlobalState.java:134)
	at sqlancer.duckdb.gen.DuckDBTableGenerator.getQuery(DuckDBTableGenerator.java:25)
	at sqlancer.duckdb.DuckDBProvider.generateDatabase(DuckDBProvider.java:101)
	at sqlancer.duckdb.DuckDBProvider.generateDatabase(DuckDBProvider.java:1)
	at sqlancer.ProviderAdapter.generateAndTestDatabase(ProviderAdapter.java:40)
	at sqlancer.Main$DBMSExecutor.run(Main.java:326)
	at sqlancer.Main$2.run(Main.java:510)
	at sqlancer.Main$2.runThread(Main.java:488)
	at sqlancer.Main$2.run(Main.java:478)
	at java.base/java.util.concurrent.ThreadPoolExecutor.runWorker(ThreadPoolExecutor.java:1128)
	at java.base/java.util.concurrent.ThreadPoolExecutor$Worker.run(ThreadPoolExecutor.java:628)
	at java.base/java.lang.Thread.run(Thread.java:829)
--java.lang.AssertionError
--	at sqlancer.GlobalState.getSchema(GlobalState.java:134)
--	at sqlancer.duckdb.gen.DuckDBTableGenerator.getQuery(DuckDBTableGenerator.java:25)
--	at sqlancer.duckdb.DuckDBProvider.generateDatabase(DuckDBProvider.java:101)
--	at sqlancer.duckdb.DuckDBProvider.generateDatabase(DuckDBProvider.java:1)
--	at sqlancer.ProviderAdapter.generateAndTestDatabase(ProviderAdapter.java:40)
--	at sqlancer.Main$DBMSExecutor.run(Main.java:326)
--	at sqlancer.Main$2.run(Main.java:510)
--	at sqlancer.Main$2.runThread(Main.java:488)
--	at sqlancer.Main$2.run(Main.java:478)
--	at java.base/java.util.concurrent.ThreadPoolExecutor.runWorker(ThreadPoolExecutor.java:1128)
--	at java.base/java.util.concurrent.ThreadPoolExecutor$Worker.run(ThreadPoolExecutor.java:628)
--	at java.base/java.lang.Thread.run(Thread.java:829)
--
-- Time: 2023/01/30 20:23:06
-- Database: database46
-- Database version: v0.2.9
-- seed value: 46

java.lang.AssertionError
	at sqlancer.GlobalState.getSchema(GlobalState.java:134)
	at sqlancer.duckdb.gen.DuckDBTableGenerator.getQuery(DuckDBTableGenerator.java:25)
	at sqlancer.duckdb.DuckDBProvider.generateDatabase(DuckDBProvider.java:101)
	at sqlancer.duckdb.DuckDBProvider.generateDatabase(DuckDBProvider.java:1)
	at sqlancer.ProviderAdapter.generateAndTestDatabase(ProviderAdapter.java:40)
	at sqlancer.Main$DBMSExecutor.run(Main.java:326)
	at sqlancer.Main$2.run(Main.java:510)
	at sqlancer.Main$2.runThread(Main.java:488)
	at sqlancer.Main$2.run(Main.java:478)
	at java.base/java.util.concurrent.ThreadPoolExecutor.runWorker(ThreadPoolExecutor.java:1128)
	at java.base/java.util.concurrent.ThreadPoolExecutor$Worker.run(ThreadPoolExecutor.java:628)
	at java.base/java.lang.Thread.run(Thread.java:829)
--java.lang.AssertionError
--	at sqlancer.GlobalState.getSchema(GlobalState.java:134)
--	at sqlancer.duckdb.gen.DuckDBTableGenerator.getQuery(DuckDBTableGenerator.java:25)
--	at sqlancer.duckdb.DuckDBProvider.generateDatabase(DuckDBProvider.java:101)
--	at sqlancer.duckdb.DuckDBProvider.generateDatabase(DuckDBProvider.java:1)
--	at sqlancer.ProviderAdapter.generateAndTestDatabase(ProviderAdapter.java:40)
--	at sqlancer.Main$DBMSExecutor.run(Main.java:326)
--	at sqlancer.Main$2.run(Main.java:510)
--	at sqlancer.Main$2.runThread(Main.java:488)
--	at sqlancer.Main$2.run(Main.java:478)
--	at java.base/java.util.concurrent.ThreadPoolExecutor.runWorker(ThreadPoolExecutor.java:1128)
--	at java.base/java.util.concurrent.ThreadPoolExecutor$Worker.run(ThreadPoolExecutor.java:628)
--	at java.base/java.lang.Thread.run(Thread.java:829)
--
-- Time: 2023/01/30 20:23:06
-- Database: database47
-- Database version: v0.2.9
-- seed value: 47

java.lang.AssertionError
	at sqlancer.GlobalState.getSchema(GlobalState.java:134)
	at sqlancer.duckdb.gen.DuckDBTableGenerator.getQuery(DuckDBTableGenerator.java:25)
	at sqlancer.duckdb.DuckDBProvider.generateDatabase(DuckDBProvider.java:101)
	at sqlancer.duckdb.DuckDBProvider.generateDatabase(DuckDBProvider.java:1)
	at sqlancer.ProviderAdapter.generateAndTestDatabase(ProviderAdapter.java:40)
	at sqlancer.Main$DBMSExecutor.run(Main.java:326)
	at sqlancer.Main$2.run(Main.java:510)
	at sqlancer.Main$2.runThread(Main.java:488)
	at sqlancer.Main$2.run(Main.java:478)
	at java.base/java.util.concurrent.ThreadPoolExecutor.runWorker(ThreadPoolExecutor.java:1128)
	at java.base/java.util.concurrent.ThreadPoolExecutor$Worker.run(ThreadPoolExecutor.java:628)
	at java.base/java.lang.Thread.run(Thread.java:829)
--java.lang.AssertionError
--	at sqlancer.GlobalState.getSchema(GlobalState.java:134)
--	at sqlancer.duckdb.gen.DuckDBTableGenerator.getQuery(DuckDBTableGenerator.java:25)
--	at sqlancer.duckdb.DuckDBProvider.generateDatabase(DuckDBProvider.java:101)
--	at sqlancer.duckdb.DuckDBProvider.generateDatabase(DuckDBProvider.java:1)
--	at sqlancer.ProviderAdapter.generateAndTestDatabase(ProviderAdapter.java:40)
--	at sqlancer.Main$DBMSExecutor.run(Main.java:326)
--	at sqlancer.Main$2.run(Main.java:510)
--	at sqlancer.Main$2.runThread(Main.java:488)
--	at sqlancer.Main$2.run(Main.java:478)
--	at java.base/java.util.concurrent.ThreadPoolExecutor.runWorker(ThreadPoolExecutor.java:1128)
--	at java.base/java.util.concurrent.ThreadPoolExecutor$Worker.run(ThreadPoolExecutor.java:628)
--	at java.base/java.lang.Thread.run(Thread.java:829)
--
-- Time: 2023/01/30 20:23:06
-- Database: database48
-- Database version: v0.2.9
-- seed value: 48

java.lang.AssertionError
	at sqlancer.GlobalState.getSchema(GlobalState.java:134)
	at sqlancer.duckdb.gen.DuckDBTableGenerator.getQuery(DuckDBTableGenerator.java:25)
	at sqlancer.duckdb.DuckDBProvider.generateDatabase(DuckDBProvider.java:101)
	at sqlancer.duckdb.DuckDBProvider.generateDatabase(DuckDBProvider.java:1)
	at sqlancer.ProviderAdapter.generateAndTestDatabase(ProviderAdapter.java:40)
	at sqlancer.Main$DBMSExecutor.run(Main.java:326)
	at sqlancer.Main$2.run(Main.java:510)
	at sqlancer.Main$2.runThread(Main.java:488)
	at sqlancer.Main$2.run(Main.java:478)
	at java.base/java.util.concurrent.ThreadPoolExecutor.runWorker(ThreadPoolExecutor.java:1128)
	at java.base/java.util.concurrent.ThreadPoolExecutor$Worker.run(ThreadPoolExecutor.java:628)
	at java.base/java.lang.Thread.run(Thread.java:829)
--java.lang.AssertionError
--	at sqlancer.GlobalState.getSchema(GlobalState.java:134)
--	at sqlancer.duckdb.gen.DuckDBTableGenerator.getQuery(DuckDBTableGenerator.java:25)
--	at sqlancer.duckdb.DuckDBProvider.generateDatabase(DuckDBProvider.java:101)
--	at sqlancer.duckdb.DuckDBProvider.generateDatabase(DuckDBProvider.java:1)
--	at sqlancer.ProviderAdapter.generateAndTestDatabase(ProviderAdapter.java:40)
--	at sqlancer.Main$DBMSExecutor.run(Main.java:326)
--	at sqlancer.Main$2.run(Main.java:510)
--	at sqlancer.Main$2.runThread(Main.java:488)
--	at sqlancer.Main$2.run(Main.java:478)
--	at java.base/java.util.concurrent.ThreadPoolExecutor.runWorker(ThreadPoolExecutor.java:1128)
--	at java.base/java.util.concurrent.ThreadPoolExecutor$Worker.run(ThreadPoolExecutor.java:628)
--	at java.base/java.lang.Thread.run(Thread.java:829)
--
-- Time: 2023/01/30 20:23:06
-- Database: database49
-- Database version: v0.2.9
-- seed value: 49

java.lang.AssertionError
	at sqlancer.GlobalState.getSchema(GlobalState.java:134)
	at sqlancer.duckdb.gen.DuckDBTableGenerator.getQuery(DuckDBTableGenerator.java:25)
	at sqlancer.duckdb.DuckDBProvider.generateDatabase(DuckDBProvider.java:101)
	at sqlancer.duckdb.DuckDBProvider.generateDatabase(DuckDBProvider.java:1)
	at sqlancer.ProviderAdapter.generateAndTestDatabase(ProviderAdapter.java:40)
	at sqlancer.Main$DBMSExecutor.run(Main.java:326)
	at sqlancer.Main$2.run(Main.java:510)
	at sqlancer.Main$2.runThread(Main.java:488)
	at sqlancer.Main$2.run(Main.java:478)
	at java.base/java.util.concurrent.ThreadPoolExecutor.runWorker(ThreadPoolExecutor.java:1128)
	at java.base/java.util.concurrent.ThreadPoolExecutor$Worker.run(ThreadPoolExecutor.java:628)
	at java.base/java.lang.Thread.run(Thread.java:829)
--java.lang.AssertionError
--	at sqlancer.GlobalState.getSchema(GlobalState.java:134)
--	at sqlancer.duckdb.gen.DuckDBTableGenerator.getQuery(DuckDBTableGenerator.java:25)
--	at sqlancer.duckdb.DuckDBProvider.generateDatabase(DuckDBProvider.java:101)
--	at sqlancer.duckdb.DuckDBProvider.generateDatabase(DuckDBProvider.java:1)
--	at sqlancer.ProviderAdapter.generateAndTestDatabase(ProviderAdapter.java:40)
--	at sqlancer.Main$DBMSExecutor.run(Main.java:326)
--	at sqlancer.Main$2.run(Main.java:510)
--	at sqlancer.Main$2.runThread(Main.java:488)
--	at sqlancer.Main$2.run(Main.java:478)
--	at java.base/java.util.concurrent.ThreadPoolExecutor.runWorker(ThreadPoolExecutor.java:1128)
--	at java.base/java.util.concurrent.ThreadPoolExecutor$Worker.run(ThreadPoolExecutor.java:628)
--	at java.base/java.lang.Thread.run(Thread.java:829)
--
-- Time: 2023/01/30 20:23:06
-- Database: database50
-- Database version: v0.2.9
-- seed value: 50

java.lang.AssertionError
	at sqlancer.GlobalState.getSchema(GlobalState.java:134)
	at sqlancer.duckdb.gen.DuckDBTableGenerator.getQuery(DuckDBTableGenerator.java:25)
	at sqlancer.duckdb.DuckDBProvider.generateDatabase(DuckDBProvider.java:101)
	at sqlancer.duckdb.DuckDBProvider.generateDatabase(DuckDBProvider.java:1)
	at sqlancer.ProviderAdapter.generateAndTestDatabase(ProviderAdapter.java:40)
	at sqlancer.Main$DBMSExecutor.run(Main.java:326)
	at sqlancer.Main$2.run(Main.java:510)
	at sqlancer.Main$2.runThread(Main.java:488)
	at sqlancer.Main$2.run(Main.java:478)
	at java.base/java.util.concurrent.ThreadPoolExecutor.runWorker(ThreadPoolExecutor.java:1128)
	at java.base/java.util.concurrent.ThreadPoolExecutor$Worker.run(ThreadPoolExecutor.java:628)
	at java.base/java.lang.Thread.run(Thread.java:829)
--java.lang.AssertionError
--	at sqlancer.GlobalState.getSchema(GlobalState.java:134)
--	at sqlancer.duckdb.gen.DuckDBTableGenerator.getQuery(DuckDBTableGenerator.java:25)
--	at sqlancer.duckdb.DuckDBProvider.generateDatabase(DuckDBProvider.java:101)
--	at sqlancer.duckdb.DuckDBProvider.generateDatabase(DuckDBProvider.java:1)
--	at sqlancer.ProviderAdapter.generateAndTestDatabase(ProviderAdapter.java:40)
--	at sqlancer.Main$DBMSExecutor.run(Main.java:326)
--	at sqlancer.Main$2.run(Main.java:510)
--	at sqlancer.Main$2.runThread(Main.java:488)
--	at sqlancer.Main$2.run(Main.java:478)
--	at java.base/java.util.concurrent.ThreadPoolExecutor.runWorker(ThreadPoolExecutor.java:1128)
--	at java.base/java.util.concurrent.ThreadPoolExecutor$Worker.run(ThreadPoolExecutor.java:628)
--	at java.base/java.lang.Thread.run(Thread.java:829)
--
-- Time: 2023/01/30 20:23:06
-- Database: database51
-- Database version: v0.2.9
-- seed value: 51

java.lang.AssertionError
	at sqlancer.GlobalState.getSchema(GlobalState.java:134)
	at sqlancer.duckdb.gen.DuckDBTableGenerator.getQuery(DuckDBTableGenerator.java:25)
	at sqlancer.duckdb.DuckDBProvider.generateDatabase(DuckDBProvider.java:101)
	at sqlancer.duckdb.DuckDBProvider.generateDatabase(DuckDBProvider.java:1)
	at sqlancer.ProviderAdapter.generateAndTestDatabase(ProviderAdapter.java:40)
	at sqlancer.Main$DBMSExecutor.run(Main.java:326)
	at sqlancer.Main$2.run(Main.java:510)
	at sqlancer.Main$2.runThread(Main.java:488)
	at sqlancer.Main$2.run(Main.java:478)
	at java.base/java.util.concurrent.ThreadPoolExecutor.runWorker(ThreadPoolExecutor.java:1128)
	at java.base/java.util.concurrent.ThreadPoolExecutor$Worker.run(ThreadPoolExecutor.java:628)
	at java.base/java.lang.Thread.run(Thread.java:829)
--java.lang.AssertionError
--	at sqlancer.GlobalState.getSchema(GlobalState.java:134)
--	at sqlancer.duckdb.gen.DuckDBTableGenerator.getQuery(DuckDBTableGenerator.java:25)
--	at sqlancer.duckdb.DuckDBProvider.generateDatabase(DuckDBProvider.java:101)
--	at sqlancer.duckdb.DuckDBProvider.generateDatabase(DuckDBProvider.java:1)
--	at sqlancer.ProviderAdapter.generateAndTestDatabase(ProviderAdapter.java:40)
--	at sqlancer.Main$DBMSExecutor.run(Main.java:326)
--	at sqlancer.Main$2.run(Main.java:510)
--	at sqlancer.Main$2.runThread(Main.java:488)
--	at sqlancer.Main$2.run(Main.java:478)
--	at java.base/java.util.concurrent.ThreadPoolExecutor.runWorker(ThreadPoolExecutor.java:1128)
--	at java.base/java.util.concurrent.ThreadPoolExecutor$Worker.run(ThreadPoolExecutor.java:628)
--	at java.base/java.lang.Thread.run(Thread.java:829)
--
-- Time: 2023/01/30 20:23:06
-- Database: database52
-- Database version: v0.2.9
-- seed value: 52

java.lang.AssertionError
	at sqlancer.GlobalState.getSchema(GlobalState.java:134)
	at sqlancer.duckdb.gen.DuckDBTableGenerator.getQuery(DuckDBTableGenerator.java:25)
	at sqlancer.duckdb.DuckDBProvider.generateDatabase(DuckDBProvider.java:101)
	at sqlancer.duckdb.DuckDBProvider.generateDatabase(DuckDBProvider.java:1)
	at sqlancer.ProviderAdapter.generateAndTestDatabase(ProviderAdapter.java:40)
	at sqlancer.Main$DBMSExecutor.run(Main.java:326)
	at sqlancer.Main$2.run(Main.java:510)
	at sqlancer.Main$2.runThread(Main.java:488)
	at sqlancer.Main$2.run(Main.java:478)
	at java.base/java.util.concurrent.ThreadPoolExecutor.runWorker(ThreadPoolExecutor.java:1128)
	at java.base/java.util.concurrent.ThreadPoolExecutor$Worker.run(ThreadPoolExecutor.java:628)
	at java.base/java.lang.Thread.run(Thread.java:829)
--java.lang.AssertionError
--	at sqlancer.GlobalState.getSchema(GlobalState.java:134)
--	at sqlancer.duckdb.gen.DuckDBTableGenerator.getQuery(DuckDBTableGenerator.java:25)
--	at sqlancer.duckdb.DuckDBProvider.generateDatabase(DuckDBProvider.java:101)
--	at sqlancer.duckdb.DuckDBProvider.generateDatabase(DuckDBProvider.java:1)
--	at sqlancer.ProviderAdapter.generateAndTestDatabase(ProviderAdapter.java:40)
--	at sqlancer.Main$DBMSExecutor.run(Main.java:326)
--	at sqlancer.Main$2.run(Main.java:510)
--	at sqlancer.Main$2.runThread(Main.java:488)
--	at sqlancer.Main$2.run(Main.java:478)
--	at java.base/java.util.concurrent.ThreadPoolExecutor.runWorker(ThreadPoolExecutor.java:1128)
--	at java.base/java.util.concurrent.ThreadPoolExecutor$Worker.run(ThreadPoolExecutor.java:628)
--	at java.base/java.lang.Thread.run(Thread.java:829)
--
-- Time: 2023/01/30 20:23:06
-- Database: database53
-- Database version: v0.2.9
-- seed value: 53

java.lang.AssertionError
	at sqlancer.GlobalState.getSchema(GlobalState.java:134)
	at sqlancer.duckdb.gen.DuckDBTableGenerator.getQuery(DuckDBTableGenerator.java:25)
	at sqlancer.duckdb.DuckDBProvider.generateDatabase(DuckDBProvider.java:101)
	at sqlancer.duckdb.DuckDBProvider.generateDatabase(DuckDBProvider.java:1)
	at sqlancer.ProviderAdapter.generateAndTestDatabase(ProviderAdapter.java:40)
	at sqlancer.Main$DBMSExecutor.run(Main.java:326)
	at sqlancer.Main$2.run(Main.java:510)
	at sqlancer.Main$2.runThread(Main.java:488)
	at sqlancer.Main$2.run(Main.java:478)
	at java.base/java.util.concurrent.ThreadPoolExecutor.runWorker(ThreadPoolExecutor.java:1128)
	at java.base/java.util.concurrent.ThreadPoolExecutor$Worker.run(ThreadPoolExecutor.java:628)
	at java.base/java.lang.Thread.run(Thread.java:829)
--java.lang.AssertionError
--	at sqlancer.GlobalState.getSchema(GlobalState.java:134)
--	at sqlancer.duckdb.gen.DuckDBTableGenerator.getQuery(DuckDBTableGenerator.java:25)
--	at sqlancer.duckdb.DuckDBProvider.generateDatabase(DuckDBProvider.java:101)
--	at sqlancer.duckdb.DuckDBProvider.generateDatabase(DuckDBProvider.java:1)
--	at sqlancer.ProviderAdapter.generateAndTestDatabase(ProviderAdapter.java:40)
--	at sqlancer.Main$DBMSExecutor.run(Main.java:326)
--	at sqlancer.Main$2.run(Main.java:510)
--	at sqlancer.Main$2.runThread(Main.java:488)
--	at sqlancer.Main$2.run(Main.java:478)
--	at java.base/java.util.concurrent.ThreadPoolExecutor.runWorker(ThreadPoolExecutor.java:1128)
--	at java.base/java.util.concurrent.ThreadPoolExecutor$Worker.run(ThreadPoolExecutor.java:628)
--	at java.base/java.lang.Thread.run(Thread.java:829)
--
-- Time: 2023/01/30 20:23:06
-- Database: database54
-- Database version: v0.2.9
-- seed value: 54

java.lang.AssertionError
	at sqlancer.GlobalState.getSchema(GlobalState.java:134)
	at sqlancer.duckdb.gen.DuckDBTableGenerator.getQuery(DuckDBTableGenerator.java:25)
	at sqlancer.duckdb.DuckDBProvider.generateDatabase(DuckDBProvider.java:101)
	at sqlancer.duckdb.DuckDBProvider.generateDatabase(DuckDBProvider.java:1)
	at sqlancer.ProviderAdapter.generateAndTestDatabase(ProviderAdapter.java:40)
	at sqlancer.Main$DBMSExecutor.run(Main.java:326)
	at sqlancer.Main$2.run(Main.java:510)
	at sqlancer.Main$2.runThread(Main.java:488)
	at sqlancer.Main$2.run(Main.java:478)
	at java.base/java.util.concurrent.ThreadPoolExecutor.runWorker(ThreadPoolExecutor.java:1128)
	at java.base/java.util.concurrent.ThreadPoolExecutor$Worker.run(ThreadPoolExecutor.java:628)
	at java.base/java.lang.Thread.run(Thread.java:829)
--java.lang.AssertionError
--	at sqlancer.GlobalState.getSchema(GlobalState.java:134)
--	at sqlancer.duckdb.gen.DuckDBTableGenerator.getQuery(DuckDBTableGenerator.java:25)
--	at sqlancer.duckdb.DuckDBProvider.generateDatabase(DuckDBProvider.java:101)
--	at sqlancer.duckdb.DuckDBProvider.generateDatabase(DuckDBProvider.java:1)
--	at sqlancer.ProviderAdapter.generateAndTestDatabase(ProviderAdapter.java:40)
--	at sqlancer.Main$DBMSExecutor.run(Main.java:326)
--	at sqlancer.Main$2.run(Main.java:510)
--	at sqlancer.Main$2.runThread(Main.java:488)
--	at sqlancer.Main$2.run(Main.java:478)
--	at java.base/java.util.concurrent.ThreadPoolExecutor.runWorker(ThreadPoolExecutor.java:1128)
--	at java.base/java.util.concurrent.ThreadPoolExecutor$Worker.run(ThreadPoolExecutor.java:628)
--	at java.base/java.lang.Thread.run(Thread.java:829)
--
-- Time: 2023/01/30 20:23:06
-- Database: database55
-- Database version: v0.2.9
-- seed value: 55

java.lang.AssertionError
	at sqlancer.GlobalState.getSchema(GlobalState.java:134)
	at sqlancer.duckdb.gen.DuckDBTableGenerator.getQuery(DuckDBTableGenerator.java:25)
	at sqlancer.duckdb.DuckDBProvider.generateDatabase(DuckDBProvider.java:101)
	at sqlancer.duckdb.DuckDBProvider.generateDatabase(DuckDBProvider.java:1)
	at sqlancer.ProviderAdapter.generateAndTestDatabase(ProviderAdapter.java:40)
	at sqlancer.Main$DBMSExecutor.run(Main.java:326)
	at sqlancer.Main$2.run(Main.java:510)
	at sqlancer.Main$2.runThread(Main.java:488)
	at sqlancer.Main$2.run(Main.java:478)
	at java.base/java.util.concurrent.ThreadPoolExecutor.runWorker(ThreadPoolExecutor.java:1128)
	at java.base/java.util.concurrent.ThreadPoolExecutor$Worker.run(ThreadPoolExecutor.java:628)
	at java.base/java.lang.Thread.run(Thread.java:829)
--java.lang.AssertionError
--	at sqlancer.GlobalState.getSchema(GlobalState.java:134)
--	at sqlancer.duckdb.gen.DuckDBTableGenerator.getQuery(DuckDBTableGenerator.java:25)
--	at sqlancer.duckdb.DuckDBProvider.generateDatabase(DuckDBProvider.java:101)
--	at sqlancer.duckdb.DuckDBProvider.generateDatabase(DuckDBProvider.java:1)
--	at sqlancer.ProviderAdapter.generateAndTestDatabase(ProviderAdapter.java:40)
--	at sqlancer.Main$DBMSExecutor.run(Main.java:326)
--	at sqlancer.Main$2.run(Main.java:510)
--	at sqlancer.Main$2.runThread(Main.java:488)
--	at sqlancer.Main$2.run(Main.java:478)
--	at java.base/java.util.concurrent.ThreadPoolExecutor.runWorker(ThreadPoolExecutor.java:1128)
--	at java.base/java.util.concurrent.ThreadPoolExecutor$Worker.run(ThreadPoolExecutor.java:628)
--	at java.base/java.lang.Thread.run(Thread.java:829)
--
-- Time: 2023/01/30 20:23:06
-- Database: database56
-- Database version: v0.2.9
-- seed value: 56

java.lang.AssertionError
	at sqlancer.GlobalState.getSchema(GlobalState.java:134)
	at sqlancer.duckdb.gen.DuckDBTableGenerator.getQuery(DuckDBTableGenerator.java:25)
	at sqlancer.duckdb.DuckDBProvider.generateDatabase(DuckDBProvider.java:101)
	at sqlancer.duckdb.DuckDBProvider.generateDatabase(DuckDBProvider.java:1)
	at sqlancer.ProviderAdapter.generateAndTestDatabase(ProviderAdapter.java:40)
	at sqlancer.Main$DBMSExecutor.run(Main.java:326)
	at sqlancer.Main$2.run(Main.java:510)
	at sqlancer.Main$2.runThread(Main.java:488)
	at sqlancer.Main$2.run(Main.java:478)
	at java.base/java.util.concurrent.ThreadPoolExecutor.runWorker(ThreadPoolExecutor.java:1128)
	at java.base/java.util.concurrent.ThreadPoolExecutor$Worker.run(ThreadPoolExecutor.java:628)
	at java.base/java.lang.Thread.run(Thread.java:829)
--java.lang.AssertionError
--	at sqlancer.GlobalState.getSchema(GlobalState.java:134)
--	at sqlancer.duckdb.gen.DuckDBTableGenerator.getQuery(DuckDBTableGenerator.java:25)
--	at sqlancer.duckdb.DuckDBProvider.generateDatabase(DuckDBProvider.java:101)
--	at sqlancer.duckdb.DuckDBProvider.generateDatabase(DuckDBProvider.java:1)
--	at sqlancer.ProviderAdapter.generateAndTestDatabase(ProviderAdapter.java:40)
--	at sqlancer.Main$DBMSExecutor.run(Main.java:326)
--	at sqlancer.Main$2.run(Main.java:510)
--	at sqlancer.Main$2.runThread(Main.java:488)
--	at sqlancer.Main$2.run(Main.java:478)
--	at java.base/java.util.concurrent.ThreadPoolExecutor.runWorker(ThreadPoolExecutor.java:1128)
--	at java.base/java.util.concurrent.ThreadPoolExecutor$Worker.run(ThreadPoolExecutor.java:628)
--	at java.base/java.lang.Thread.run(Thread.java:829)
--
-- Time: 2023/01/30 20:23:06
-- Database: database57
-- Database version: v0.2.9
-- seed value: 57

java.lang.AssertionError
	at sqlancer.GlobalState.getSchema(GlobalState.java:134)
	at sqlancer.duckdb.gen.DuckDBTableGenerator.getQuery(DuckDBTableGenerator.java:25)
	at sqlancer.duckdb.DuckDBProvider.generateDatabase(DuckDBProvider.java:101)
	at sqlancer.duckdb.DuckDBProvider.generateDatabase(DuckDBProvider.java:1)
	at sqlancer.ProviderAdapter.generateAndTestDatabase(ProviderAdapter.java:40)
	at sqlancer.Main$DBMSExecutor.run(Main.java:326)
	at sqlancer.Main$2.run(Main.java:510)
	at sqlancer.Main$2.runThread(Main.java:488)
	at sqlancer.Main$2.run(Main.java:478)
	at java.base/java.util.concurrent.ThreadPoolExecutor.runWorker(ThreadPoolExecutor.java:1128)
	at java.base/java.util.concurrent.ThreadPoolExecutor$Worker.run(ThreadPoolExecutor.java:628)
	at java.base/java.lang.Thread.run(Thread.java:829)
--java.lang.AssertionError
--	at sqlancer.GlobalState.getSchema(GlobalState.java:134)
--	at sqlancer.duckdb.gen.DuckDBTableGenerator.getQuery(DuckDBTableGenerator.java:25)
--	at sqlancer.duckdb.DuckDBProvider.generateDatabase(DuckDBProvider.java:101)
--	at sqlancer.duckdb.DuckDBProvider.generateDatabase(DuckDBProvider.java:1)
--	at sqlancer.ProviderAdapter.generateAndTestDatabase(ProviderAdapter.java:40)
--	at sqlancer.Main$DBMSExecutor.run(Main.java:326)
--	at sqlancer.Main$2.run(Main.java:510)
--	at sqlancer.Main$2.runThread(Main.java:488)
--	at sqlancer.Main$2.run(Main.java:478)
--	at java.base/java.util.concurrent.ThreadPoolExecutor.runWorker(ThreadPoolExecutor.java:1128)
--	at java.base/java.util.concurrent.ThreadPoolExecutor$Worker.run(ThreadPoolExecutor.java:628)
--	at java.base/java.lang.Thread.run(Thread.java:829)
--
-- Time: 2023/01/30 20:23:06
-- Database: database58
-- Database version: v0.2.9
-- seed value: 58

java.lang.AssertionError
	at sqlancer.GlobalState.getSchema(GlobalState.java:134)
	at sqlancer.duckdb.gen.DuckDBTableGenerator.getQuery(DuckDBTableGenerator.java:25)
	at sqlancer.duckdb.DuckDBProvider.generateDatabase(DuckDBProvider.java:101)
	at sqlancer.duckdb.DuckDBProvider.generateDatabase(DuckDBProvider.java:1)
	at sqlancer.ProviderAdapter.generateAndTestDatabase(ProviderAdapter.java:40)
	at sqlancer.Main$DBMSExecutor.run(Main.java:326)
	at sqlancer.Main$2.run(Main.java:510)
	at sqlancer.Main$2.runThread(Main.java:488)
	at sqlancer.Main$2.run(Main.java:478)
	at java.base/java.util.concurrent.ThreadPoolExecutor.runWorker(ThreadPoolExecutor.java:1128)
	at java.base/java.util.concurrent.ThreadPoolExecutor$Worker.run(ThreadPoolExecutor.java:628)
	at java.base/java.lang.Thread.run(Thread.java:829)
--java.lang.AssertionError
--	at sqlancer.GlobalState.getSchema(GlobalState.java:134)
--	at sqlancer.duckdb.gen.DuckDBTableGenerator.getQuery(DuckDBTableGenerator.java:25)
--	at sqlancer.duckdb.DuckDBProvider.generateDatabase(DuckDBProvider.java:101)
--	at sqlancer.duckdb.DuckDBProvider.generateDatabase(DuckDBProvider.java:1)
--	at sqlancer.ProviderAdapter.generateAndTestDatabase(ProviderAdapter.java:40)
--	at sqlancer.Main$DBMSExecutor.run(Main.java:326)
--	at sqlancer.Main$2.run(Main.java:510)
--	at sqlancer.Main$2.runThread(Main.java:488)
--	at sqlancer.Main$2.run(Main.java:478)
--	at java.base/java.util.concurrent.ThreadPoolExecutor.runWorker(ThreadPoolExecutor.java:1128)
--	at java.base/java.util.concurrent.ThreadPoolExecutor$Worker.run(ThreadPoolExecutor.java:628)
--	at java.base/java.lang.Thread.run(Thread.java:829)
--
-- Time: 2023/01/30 20:23:06
-- Database: database59
-- Database version: v0.2.9
-- seed value: 59

java.lang.AssertionError
	at sqlancer.GlobalState.getSchema(GlobalState.java:134)
	at sqlancer.duckdb.gen.DuckDBTableGenerator.getQuery(DuckDBTableGenerator.java:25)
	at sqlancer.duckdb.DuckDBProvider.generateDatabase(DuckDBProvider.java:101)
	at sqlancer.duckdb.DuckDBProvider.generateDatabase(DuckDBProvider.java:1)
	at sqlancer.ProviderAdapter.generateAndTestDatabase(ProviderAdapter.java:40)
	at sqlancer.Main$DBMSExecutor.run(Main.java:326)
	at sqlancer.Main$2.run(Main.java:510)
	at sqlancer.Main$2.runThread(Main.java:488)
	at sqlancer.Main$2.run(Main.java:478)
	at java.base/java.util.concurrent.ThreadPoolExecutor.runWorker(ThreadPoolExecutor.java:1128)
	at java.base/java.util.concurrent.ThreadPoolExecutor$Worker.run(ThreadPoolExecutor.java:628)
	at java.base/java.lang.Thread.run(Thread.java:829)
--java.lang.AssertionError
--	at sqlancer.GlobalState.getSchema(GlobalState.java:134)
--	at sqlancer.duckdb.gen.DuckDBTableGenerator.getQuery(DuckDBTableGenerator.java:25)
--	at sqlancer.duckdb.DuckDBProvider.generateDatabase(DuckDBProvider.java:101)
--	at sqlancer.duckdb.DuckDBProvider.generateDatabase(DuckDBProvider.java:1)
--	at sqlancer.ProviderAdapter.generateAndTestDatabase(ProviderAdapter.java:40)
--	at sqlancer.Main$DBMSExecutor.run(Main.java:326)
--	at sqlancer.Main$2.run(Main.java:510)
--	at sqlancer.Main$2.runThread(Main.java:488)
--	at sqlancer.Main$2.run(Main.java:478)
--	at java.base/java.util.concurrent.ThreadPoolExecutor.runWorker(ThreadPoolExecutor.java:1128)
--	at java.base/java.util.concurrent.ThreadPoolExecutor$Worker.run(ThreadPoolExecutor.java:628)
--	at java.base/java.lang.Thread.run(Thread.java:829)
--
-- Time: 2023/01/30 20:23:06
-- Database: database60
-- Database version: v0.2.9
-- seed value: 60

java.lang.AssertionError
	at sqlancer.GlobalState.getSchema(GlobalState.java:134)
	at sqlancer.duckdb.gen.DuckDBTableGenerator.getQuery(DuckDBTableGenerator.java:25)
	at sqlancer.duckdb.DuckDBProvider.generateDatabase(DuckDBProvider.java:101)
	at sqlancer.duckdb.DuckDBProvider.generateDatabase(DuckDBProvider.java:1)
	at sqlancer.ProviderAdapter.generateAndTestDatabase(ProviderAdapter.java:40)
	at sqlancer.Main$DBMSExecutor.run(Main.java:326)
	at sqlancer.Main$2.run(Main.java:510)
	at sqlancer.Main$2.runThread(Main.java:488)
	at sqlancer.Main$2.run(Main.java:478)
	at java.base/java.util.concurrent.ThreadPoolExecutor.runWorker(ThreadPoolExecutor.java:1128)
	at java.base/java.util.concurrent.ThreadPoolExecutor$Worker.run(ThreadPoolExecutor.java:628)
	at java.base/java.lang.Thread.run(Thread.java:829)
--java.lang.AssertionError
--	at sqlancer.GlobalState.getSchema(GlobalState.java:134)
--	at sqlancer.duckdb.gen.DuckDBTableGenerator.getQuery(DuckDBTableGenerator.java:25)
--	at sqlancer.duckdb.DuckDBProvider.generateDatabase(DuckDBProvider.java:101)
--	at sqlancer.duckdb.DuckDBProvider.generateDatabase(DuckDBProvider.java:1)
--	at sqlancer.ProviderAdapter.generateAndTestDatabase(ProviderAdapter.java:40)
--	at sqlancer.Main$DBMSExecutor.run(Main.java:326)
--	at sqlancer.Main$2.run(Main.java:510)
--	at sqlancer.Main$2.runThread(Main.java:488)
--	at sqlancer.Main$2.run(Main.java:478)
--	at java.base/java.util.concurrent.ThreadPoolExecutor.runWorker(ThreadPoolExecutor.java:1128)
--	at java.base/java.util.concurrent.ThreadPoolExecutor$Worker.run(ThreadPoolExecutor.java:628)
--	at java.base/java.lang.Thread.run(Thread.java:829)
--
-- Time: 2023/01/30 20:23:06
-- Database: database61
-- Database version: v0.2.9
-- seed value: 61

java.lang.AssertionError
	at sqlancer.GlobalState.getSchema(GlobalState.java:134)
	at sqlancer.duckdb.gen.DuckDBTableGenerator.getQuery(DuckDBTableGenerator.java:25)
	at sqlancer.duckdb.DuckDBProvider.generateDatabase(DuckDBProvider.java:101)
	at sqlancer.duckdb.DuckDBProvider.generateDatabase(DuckDBProvider.java:1)
	at sqlancer.ProviderAdapter.generateAndTestDatabase(ProviderAdapter.java:40)
	at sqlancer.Main$DBMSExecutor.run(Main.java:326)
	at sqlancer.Main$2.run(Main.java:510)
	at sqlancer.Main$2.runThread(Main.java:488)
	at sqlancer.Main$2.run(Main.java:478)
	at java.base/java.util.concurrent.ThreadPoolExecutor.runWorker(ThreadPoolExecutor.java:1128)
	at java.base/java.util.concurrent.ThreadPoolExecutor$Worker.run(ThreadPoolExecutor.java:628)
	at java.base/java.lang.Thread.run(Thread.java:829)
--java.lang.AssertionError
--	at sqlancer.GlobalState.getSchema(GlobalState.java:134)
--	at sqlancer.duckdb.gen.DuckDBTableGenerator.getQuery(DuckDBTableGenerator.java:25)
--	at sqlancer.duckdb.DuckDBProvider.generateDatabase(DuckDBProvider.java:101)
--	at sqlancer.duckdb.DuckDBProvider.generateDatabase(DuckDBProvider.java:1)
--	at sqlancer.ProviderAdapter.generateAndTestDatabase(ProviderAdapter.java:40)
--	at sqlancer.Main$DBMSExecutor.run(Main.java:326)
--	at sqlancer.Main$2.run(Main.java:510)
--	at sqlancer.Main$2.runThread(Main.java:488)
--	at sqlancer.Main$2.run(Main.java:478)
--	at java.base/java.util.concurrent.ThreadPoolExecutor.runWorker(ThreadPoolExecutor.java:1128)
--	at java.base/java.util.concurrent.ThreadPoolExecutor$Worker.run(ThreadPoolExecutor.java:628)
--	at java.base/java.lang.Thread.run(Thread.java:829)
--
-- Time: 2023/01/30 20:23:06
-- Database: database62
-- Database version: v0.2.9
-- seed value: 62

java.lang.AssertionError
	at sqlancer.GlobalState.getSchema(GlobalState.java:134)
	at sqlancer.duckdb.gen.DuckDBTableGenerator.getQuery(DuckDBTableGenerator.java:25)
	at sqlancer.duckdb.DuckDBProvider.generateDatabase(DuckDBProvider.java:101)
	at sqlancer.duckdb.DuckDBProvider.generateDatabase(DuckDBProvider.java:1)
	at sqlancer.ProviderAdapter.generateAndTestDatabase(ProviderAdapter.java:40)
	at sqlancer.Main$DBMSExecutor.run(Main.java:326)
	at sqlancer.Main$2.run(Main.java:510)
	at sqlancer.Main$2.runThread(Main.java:488)
	at sqlancer.Main$2.run(Main.java:478)
	at java.base/java.util.concurrent.ThreadPoolExecutor.runWorker(ThreadPoolExecutor.java:1128)
	at java.base/java.util.concurrent.ThreadPoolExecutor$Worker.run(ThreadPoolExecutor.java:628)
	at java.base/java.lang.Thread.run(Thread.java:829)
--java.lang.AssertionError
--	at sqlancer.GlobalState.getSchema(GlobalState.java:134)
--	at sqlancer.duckdb.gen.DuckDBTableGenerator.getQuery(DuckDBTableGenerator.java:25)
--	at sqlancer.duckdb.DuckDBProvider.generateDatabase(DuckDBProvider.java:101)
--	at sqlancer.duckdb.DuckDBProvider.generateDatabase(DuckDBProvider.java:1)
--	at sqlancer.ProviderAdapter.generateAndTestDatabase(ProviderAdapter.java:40)
--	at sqlancer.Main$DBMSExecutor.run(Main.java:326)
--	at sqlancer.Main$2.run(Main.java:510)
--	at sqlancer.Main$2.runThread(Main.java:488)
--	at sqlancer.Main$2.run(Main.java:478)
--	at java.base/java.util.concurrent.ThreadPoolExecutor.runWorker(ThreadPoolExecutor.java:1128)
--	at java.base/java.util.concurrent.ThreadPoolExecutor$Worker.run(ThreadPoolExecutor.java:628)
--	at java.base/java.lang.Thread.run(Thread.java:829)
--
-- Time: 2023/01/30 20:23:06
-- Database: database63
-- Database version: v0.2.9
-- seed value: 63

java.lang.AssertionError
	at sqlancer.GlobalState.getSchema(GlobalState.java:134)
	at sqlancer.duckdb.gen.DuckDBTableGenerator.getQuery(DuckDBTableGenerator.java:25)
	at sqlancer.duckdb.DuckDBProvider.generateDatabase(DuckDBProvider.java:101)
	at sqlancer.duckdb.DuckDBProvider.generateDatabase(DuckDBProvider.java:1)
	at sqlancer.ProviderAdapter.generateAndTestDatabase(ProviderAdapter.java:40)
	at sqlancer.Main$DBMSExecutor.run(Main.java:326)
	at sqlancer.Main$2.run(Main.java:510)
	at sqlancer.Main$2.runThread(Main.java:488)
	at sqlancer.Main$2.run(Main.java:478)
	at java.base/java.util.concurrent.ThreadPoolExecutor.runWorker(ThreadPoolExecutor.java:1128)
	at java.base/java.util.concurrent.ThreadPoolExecutor$Worker.run(ThreadPoolExecutor.java:628)
	at java.base/java.lang.Thread.run(Thread.java:829)
--java.lang.AssertionError
--	at sqlancer.GlobalState.getSchema(GlobalState.java:134)
--	at sqlancer.duckdb.gen.DuckDBTableGenerator.getQuery(DuckDBTableGenerator.java:25)
--	at sqlancer.duckdb.DuckDBProvider.generateDatabase(DuckDBProvider.java:101)
--	at sqlancer.duckdb.DuckDBProvider.generateDatabase(DuckDBProvider.java:1)
--	at sqlancer.ProviderAdapter.generateAndTestDatabase(ProviderAdapter.java:40)
--	at sqlancer.Main$DBMSExecutor.run(Main.java:326)
--	at sqlancer.Main$2.run(Main.java:510)
--	at sqlancer.Main$2.runThread(Main.java:488)
--	at sqlancer.Main$2.run(Main.java:478)
--	at java.base/java.util.concurrent.ThreadPoolExecutor.runWorker(ThreadPoolExecutor.java:1128)
--	at java.base/java.util.concurrent.ThreadPoolExecutor$Worker.run(ThreadPoolExecutor.java:628)
--	at java.base/java.lang.Thread.run(Thread.java:829)
--
-- Time: 2023/01/30 20:23:06
-- Database: database64
-- Database version: v0.2.9
-- seed value: 64

java.lang.AssertionError
	at sqlancer.GlobalState.getSchema(GlobalState.java:134)
	at sqlancer.duckdb.gen.DuckDBTableGenerator.getQuery(DuckDBTableGenerator.java:25)
	at sqlancer.duckdb.DuckDBProvider.generateDatabase(DuckDBProvider.java:101)
	at sqlancer.duckdb.DuckDBProvider.generateDatabase(DuckDBProvider.java:1)
	at sqlancer.ProviderAdapter.generateAndTestDatabase(ProviderAdapter.java:40)
	at sqlancer.Main$DBMSExecutor.run(Main.java:326)
	at sqlancer.Main$2.run(Main.java:510)
	at sqlancer.Main$2.runThread(Main.java:488)
	at sqlancer.Main$2.run(Main.java:478)
	at java.base/java.util.concurrent.ThreadPoolExecutor.runWorker(ThreadPoolExecutor.java:1128)
	at java.base/java.util.concurrent.ThreadPoolExecutor$Worker.run(ThreadPoolExecutor.java:628)
	at java.base/java.lang.Thread.run(Thread.java:829)
--java.lang.AssertionError
--	at sqlancer.GlobalState.getSchema(GlobalState.java:134)
--	at sqlancer.duckdb.gen.DuckDBTableGenerator.getQuery(DuckDBTableGenerator.java:25)
--	at sqlancer.duckdb.DuckDBProvider.generateDatabase(DuckDBProvider.java:101)
--	at sqlancer.duckdb.DuckDBProvider.generateDatabase(DuckDBProvider.java:1)
--	at sqlancer.ProviderAdapter.generateAndTestDatabase(ProviderAdapter.java:40)
--	at sqlancer.Main$DBMSExecutor.run(Main.java:326)
--	at sqlancer.Main$2.run(Main.java:510)
--	at sqlancer.Main$2.runThread(Main.java:488)
--	at sqlancer.Main$2.run(Main.java:478)
--	at java.base/java.util.concurrent.ThreadPoolExecutor.runWorker(ThreadPoolExecutor.java:1128)
--	at java.base/java.util.concurrent.ThreadPoolExecutor$Worker.run(ThreadPoolExecutor.java:628)
--	at java.base/java.lang.Thread.run(Thread.java:829)
--
-- Time: 2023/01/30 20:23:06
-- Database: database65
-- Database version: v0.2.9
-- seed value: 65

java.lang.AssertionError
	at sqlancer.GlobalState.getSchema(GlobalState.java:134)
	at sqlancer.duckdb.gen.DuckDBTableGenerator.getQuery(DuckDBTableGenerator.java:25)
	at sqlancer.duckdb.DuckDBProvider.generateDatabase(DuckDBProvider.java:101)
	at sqlancer.duckdb.DuckDBProvider.generateDatabase(DuckDBProvider.java:1)
	at sqlancer.ProviderAdapter.generateAndTestDatabase(ProviderAdapter.java:40)
	at sqlancer.Main$DBMSExecutor.run(Main.java:326)
	at sqlancer.Main$2.run(Main.java:510)
	at sqlancer.Main$2.runThread(Main.java:488)
	at sqlancer.Main$2.run(Main.java:478)
	at java.base/java.util.concurrent.ThreadPoolExecutor.runWorker(ThreadPoolExecutor.java:1128)
	at java.base/java.util.concurrent.ThreadPoolExecutor$Worker.run(ThreadPoolExecutor.java:628)
	at java.base/java.lang.Thread.run(Thread.java:829)
--java.lang.AssertionError
--	at sqlancer.GlobalState.getSchema(GlobalState.java:134)
--	at sqlancer.duckdb.gen.DuckDBTableGenerator.getQuery(DuckDBTableGenerator.java:25)
--	at sqlancer.duckdb.DuckDBProvider.generateDatabase(DuckDBProvider.java:101)
--	at sqlancer.duckdb.DuckDBProvider.generateDatabase(DuckDBProvider.java:1)
--	at sqlancer.ProviderAdapter.generateAndTestDatabase(ProviderAdapter.java:40)
--	at sqlancer.Main$DBMSExecutor.run(Main.java:326)
--	at sqlancer.Main$2.run(Main.java:510)
--	at sqlancer.Main$2.runThread(Main.java:488)
--	at sqlancer.Main$2.run(Main.java:478)
--	at java.base/java.util.concurrent.ThreadPoolExecutor.runWorker(ThreadPoolExecutor.java:1128)
--	at java.base/java.util.concurrent.ThreadPoolExecutor$Worker.run(ThreadPoolExecutor.java:628)
--	at java.base/java.lang.Thread.run(Thread.java:829)
--
-- Time: 2023/01/30 20:23:06
-- Database: database66
-- Database version: v0.2.9
-- seed value: 66

java.lang.AssertionError
	at sqlancer.GlobalState.getSchema(GlobalState.java:134)
	at sqlancer.duckdb.gen.DuckDBTableGenerator.getQuery(DuckDBTableGenerator.java:25)
	at sqlancer.duckdb.DuckDBProvider.generateDatabase(DuckDBProvider.java:101)
	at sqlancer.duckdb.DuckDBProvider.generateDatabase(DuckDBProvider.java:1)
	at sqlancer.ProviderAdapter.generateAndTestDatabase(ProviderAdapter.java:40)
	at sqlancer.Main$DBMSExecutor.run(Main.java:326)
	at sqlancer.Main$2.run(Main.java:510)
	at sqlancer.Main$2.runThread(Main.java:488)
	at sqlancer.Main$2.run(Main.java:478)
	at java.base/java.util.concurrent.ThreadPoolExecutor.runWorker(ThreadPoolExecutor.java:1128)
	at java.base/java.util.concurrent.ThreadPoolExecutor$Worker.run(ThreadPoolExecutor.java:628)
	at java.base/java.lang.Thread.run(Thread.java:829)
--java.lang.AssertionError
--	at sqlancer.GlobalState.getSchema(GlobalState.java:134)
--	at sqlancer.duckdb.gen.DuckDBTableGenerator.getQuery(DuckDBTableGenerator.java:25)
--	at sqlancer.duckdb.DuckDBProvider.generateDatabase(DuckDBProvider.java:101)
--	at sqlancer.duckdb.DuckDBProvider.generateDatabase(DuckDBProvider.java:1)
--	at sqlancer.ProviderAdapter.generateAndTestDatabase(ProviderAdapter.java:40)
--	at sqlancer.Main$DBMSExecutor.run(Main.java:326)
--	at sqlancer.Main$2.run(Main.java:510)
--	at sqlancer.Main$2.runThread(Main.java:488)
--	at sqlancer.Main$2.run(Main.java:478)
--	at java.base/java.util.concurrent.ThreadPoolExecutor.runWorker(ThreadPoolExecutor.java:1128)
--	at java.base/java.util.concurrent.ThreadPoolExecutor$Worker.run(ThreadPoolExecutor.java:628)
--	at java.base/java.lang.Thread.run(Thread.java:829)
--
-- Time: 2023/01/30 20:23:06
-- Database: database67
-- Database version: v0.2.9
-- seed value: 67

java.lang.AssertionError
	at sqlancer.GlobalState.getSchema(GlobalState.java:134)
	at sqlancer.duckdb.gen.DuckDBTableGenerator.getQuery(DuckDBTableGenerator.java:25)
	at sqlancer.duckdb.DuckDBProvider.generateDatabase(DuckDBProvider.java:101)
	at sqlancer.duckdb.DuckDBProvider.generateDatabase(DuckDBProvider.java:1)
	at sqlancer.ProviderAdapter.generateAndTestDatabase(ProviderAdapter.java:40)
	at sqlancer.Main$DBMSExecutor.run(Main.java:326)
	at sqlancer.Main$2.run(Main.java:510)
	at sqlancer.Main$2.runThread(Main.java:488)
	at sqlancer.Main$2.run(Main.java:478)
	at java.base/java.util.concurrent.ThreadPoolExecutor.runWorker(ThreadPoolExecutor.java:1128)
	at java.base/java.util.concurrent.ThreadPoolExecutor$Worker.run(ThreadPoolExecutor.java:628)
	at java.base/java.lang.Thread.run(Thread.java:829)
--java.lang.AssertionError
--	at sqlancer.GlobalState.getSchema(GlobalState.java:134)
--	at sqlancer.duckdb.gen.DuckDBTableGenerator.getQuery(DuckDBTableGenerator.java:25)
--	at sqlancer.duckdb.DuckDBProvider.generateDatabase(DuckDBProvider.java:101)
--	at sqlancer.duckdb.DuckDBProvider.generateDatabase(DuckDBProvider.java:1)
--	at sqlancer.ProviderAdapter.generateAndTestDatabase(ProviderAdapter.java:40)
--	at sqlancer.Main$DBMSExecutor.run(Main.java:326)
--	at sqlancer.Main$2.run(Main.java:510)
--	at sqlancer.Main$2.runThread(Main.java:488)
--	at sqlancer.Main$2.run(Main.java:478)
--	at java.base/java.util.concurrent.ThreadPoolExecutor.runWorker(ThreadPoolExecutor.java:1128)
--	at java.base/java.util.concurrent.ThreadPoolExecutor$Worker.run(ThreadPoolExecutor.java:628)
--	at java.base/java.lang.Thread.run(Thread.java:829)
--
-- Time: 2023/01/30 20:23:06
-- Database: database68
-- Database version: v0.2.9
-- seed value: 68

java.lang.AssertionError
	at sqlancer.GlobalState.getSchema(GlobalState.java:134)
	at sqlancer.duckdb.gen.DuckDBTableGenerator.getQuery(DuckDBTableGenerator.java:25)
	at sqlancer.duckdb.DuckDBProvider.generateDatabase(DuckDBProvider.java:101)
	at sqlancer.duckdb.DuckDBProvider.generateDatabase(DuckDBProvider.java:1)
	at sqlancer.ProviderAdapter.generateAndTestDatabase(ProviderAdapter.java:40)
	at sqlancer.Main$DBMSExecutor.run(Main.java:326)
	at sqlancer.Main$2.run(Main.java:510)
	at sqlancer.Main$2.runThread(Main.java:488)
	at sqlancer.Main$2.run(Main.java:478)
	at java.base/java.util.concurrent.ThreadPoolExecutor.runWorker(ThreadPoolExecutor.java:1128)
	at java.base/java.util.concurrent.ThreadPoolExecutor$Worker.run(ThreadPoolExecutor.java:628)
	at java.base/java.lang.Thread.run(Thread.java:829)
--java.lang.AssertionError
--	at sqlancer.GlobalState.getSchema(GlobalState.java:134)
--	at sqlancer.duckdb.gen.DuckDBTableGenerator.getQuery(DuckDBTableGenerator.java:25)
--	at sqlancer.duckdb.DuckDBProvider.generateDatabase(DuckDBProvider.java:101)
--	at sqlancer.duckdb.DuckDBProvider.generateDatabase(DuckDBProvider.java:1)
--	at sqlancer.ProviderAdapter.generateAndTestDatabase(ProviderAdapter.java:40)
--	at sqlancer.Main$DBMSExecutor.run(Main.java:326)
--	at sqlancer.Main$2.run(Main.java:510)
--	at sqlancer.Main$2.runThread(Main.java:488)
--	at sqlancer.Main$2.run(Main.java:478)
--	at java.base/java.util.concurrent.ThreadPoolExecutor.runWorker(ThreadPoolExecutor.java:1128)
--	at java.base/java.util.concurrent.ThreadPoolExecutor$Worker.run(ThreadPoolExecutor.java:628)
--	at java.base/java.lang.Thread.run(Thread.java:829)
--
-- Time: 2023/01/30 20:23:06
-- Database: database69
-- Database version: v0.2.9
-- seed value: 69

java.lang.AssertionError
	at sqlancer.GlobalState.getSchema(GlobalState.java:134)
	at sqlancer.duckdb.gen.DuckDBTableGenerator.getQuery(DuckDBTableGenerator.java:25)
	at sqlancer.duckdb.DuckDBProvider.generateDatabase(DuckDBProvider.java:101)
	at sqlancer.duckdb.DuckDBProvider.generateDatabase(DuckDBProvider.java:1)
	at sqlancer.ProviderAdapter.generateAndTestDatabase(ProviderAdapter.java:40)
	at sqlancer.Main$DBMSExecutor.run(Main.java:326)
	at sqlancer.Main$2.run(Main.java:510)
	at sqlancer.Main$2.runThread(Main.java:488)
	at sqlancer.Main$2.run(Main.java:478)
	at java.base/java.util.concurrent.ThreadPoolExecutor.runWorker(ThreadPoolExecutor.java:1128)
	at java.base/java.util.concurrent.ThreadPoolExecutor$Worker.run(ThreadPoolExecutor.java:628)
	at java.base/java.lang.Thread.run(Thread.java:829)
--java.lang.AssertionError
--	at sqlancer.GlobalState.getSchema(GlobalState.java:134)
--	at sqlancer.duckdb.gen.DuckDBTableGenerator.getQuery(DuckDBTableGenerator.java:25)
--	at sqlancer.duckdb.DuckDBProvider.generateDatabase(DuckDBProvider.java:101)
--	at sqlancer.duckdb.DuckDBProvider.generateDatabase(DuckDBProvider.java:1)
--	at sqlancer.ProviderAdapter.generateAndTestDatabase(ProviderAdapter.java:40)
--	at sqlancer.Main$DBMSExecutor.run(Main.java:326)
--	at sqlancer.Main$2.run(Main.java:510)
--	at sqlancer.Main$2.runThread(Main.java:488)
--	at sqlancer.Main$2.run(Main.java:478)
--	at java.base/java.util.concurrent.ThreadPoolExecutor.runWorker(ThreadPoolExecutor.java:1128)
--	at java.base/java.util.concurrent.ThreadPoolExecutor$Worker.run(ThreadPoolExecutor.java:628)
--	at java.base/java.lang.Thread.run(Thread.java:829)
--
-- Time: 2023/01/30 20:23:06
-- Database: database70
-- Database version: v0.2.9
-- seed value: 70

java.lang.AssertionError
	at sqlancer.GlobalState.getSchema(GlobalState.java:134)
	at sqlancer.duckdb.gen.DuckDBTableGenerator.getQuery(DuckDBTableGenerator.java:25)
	at sqlancer.duckdb.DuckDBProvider.generateDatabase(DuckDBProvider.java:101)
	at sqlancer.duckdb.DuckDBProvider.generateDatabase(DuckDBProvider.java:1)
	at sqlancer.ProviderAdapter.generateAndTestDatabase(ProviderAdapter.java:40)
	at sqlancer.Main$DBMSExecutor.run(Main.java:326)
	at sqlancer.Main$2.run(Main.java:510)
	at sqlancer.Main$2.runThread(Main.java:488)
	at sqlancer.Main$2.run(Main.java:478)
	at java.base/java.util.concurrent.ThreadPoolExecutor.runWorker(ThreadPoolExecutor.java:1128)
	at java.base/java.util.concurrent.ThreadPoolExecutor$Worker.run(ThreadPoolExecutor.java:628)
	at java.base/java.lang.Thread.run(Thread.java:829)
--java.lang.AssertionError
--	at sqlancer.GlobalState.getSchema(GlobalState.java:134)
--	at sqlancer.duckdb.gen.DuckDBTableGenerator.getQuery(DuckDBTableGenerator.java:25)
--	at sqlancer.duckdb.DuckDBProvider.generateDatabase(DuckDBProvider.java:101)
--	at sqlancer.duckdb.DuckDBProvider.generateDatabase(DuckDBProvider.java:1)
--	at sqlancer.ProviderAdapter.generateAndTestDatabase(ProviderAdapter.java:40)
--	at sqlancer.Main$DBMSExecutor.run(Main.java:326)
--	at sqlancer.Main$2.run(Main.java:510)
--	at sqlancer.Main$2.runThread(Main.java:488)
--	at sqlancer.Main$2.run(Main.java:478)
--	at java.base/java.util.concurrent.ThreadPoolExecutor.runWorker(ThreadPoolExecutor.java:1128)
--	at java.base/java.util.concurrent.ThreadPoolExecutor$Worker.run(ThreadPoolExecutor.java:628)
--	at java.base/java.lang.Thread.run(Thread.java:829)
--
-- Time: 2023/01/30 20:23:06
-- Database: database71
-- Database version: v0.2.9
-- seed value: 71

java.lang.AssertionError
	at sqlancer.GlobalState.getSchema(GlobalState.java:134)
	at sqlancer.duckdb.gen.DuckDBTableGenerator.getQuery(DuckDBTableGenerator.java:25)
	at sqlancer.duckdb.DuckDBProvider.generateDatabase(DuckDBProvider.java:101)
	at sqlancer.duckdb.DuckDBProvider.generateDatabase(DuckDBProvider.java:1)
	at sqlancer.ProviderAdapter.generateAndTestDatabase(ProviderAdapter.java:40)
	at sqlancer.Main$DBMSExecutor.run(Main.java:326)
	at sqlancer.Main$2.run(Main.java:510)
	at sqlancer.Main$2.runThread(Main.java:488)
	at sqlancer.Main$2.run(Main.java:478)
	at java.base/java.util.concurrent.ThreadPoolExecutor.runWorker(ThreadPoolExecutor.java:1128)
	at java.base/java.util.concurrent.ThreadPoolExecutor$Worker.run(ThreadPoolExecutor.java:628)
	at java.base/java.lang.Thread.run(Thread.java:829)
--java.lang.AssertionError
--	at sqlancer.GlobalState.getSchema(GlobalState.java:134)
--	at sqlancer.duckdb.gen.DuckDBTableGenerator.getQuery(DuckDBTableGenerator.java:25)
--	at sqlancer.duckdb.DuckDBProvider.generateDatabase(DuckDBProvider.java:101)
--	at sqlancer.duckdb.DuckDBProvider.generateDatabase(DuckDBProvider.java:1)
--	at sqlancer.ProviderAdapter.generateAndTestDatabase(ProviderAdapter.java:40)
--	at sqlancer.Main$DBMSExecutor.run(Main.java:326)
--	at sqlancer.Main$2.run(Main.java:510)
--	at sqlancer.Main$2.runThread(Main.java:488)
--	at sqlancer.Main$2.run(Main.java:478)
--	at java.base/java.util.concurrent.ThreadPoolExecutor.runWorker(ThreadPoolExecutor.java:1128)
--	at java.base/java.util.concurrent.ThreadPoolExecutor$Worker.run(ThreadPoolExecutor.java:628)
--	at java.base/java.lang.Thread.run(Thread.java:829)
--
-- Time: 2023/01/30 20:23:06
-- Database: database72
-- Database version: v0.2.9
-- seed value: 72

java.lang.AssertionError
	at sqlancer.GlobalState.getSchema(GlobalState.java:134)
	at sqlancer.duckdb.gen.DuckDBTableGenerator.getQuery(DuckDBTableGenerator.java:25)
	at sqlancer.duckdb.DuckDBProvider.generateDatabase(DuckDBProvider.java:101)
	at sqlancer.duckdb.DuckDBProvider.generateDatabase(DuckDBProvider.java:1)
	at sqlancer.ProviderAdapter.generateAndTestDatabase(ProviderAdapter.java:40)
	at sqlancer.Main$DBMSExecutor.run(Main.java:326)
	at sqlancer.Main$2.run(Main.java:510)
	at sqlancer.Main$2.runThread(Main.java:488)
	at sqlancer.Main$2.run(Main.java:478)
	at java.base/java.util.concurrent.ThreadPoolExecutor.runWorker(ThreadPoolExecutor.java:1128)
	at java.base/java.util.concurrent.ThreadPoolExecutor$Worker.run(ThreadPoolExecutor.java:628)
	at java.base/java.lang.Thread.run(Thread.java:829)
--java.lang.AssertionError
--	at sqlancer.GlobalState.getSchema(GlobalState.java:134)
--	at sqlancer.duckdb.gen.DuckDBTableGenerator.getQuery(DuckDBTableGenerator.java:25)
--	at sqlancer.duckdb.DuckDBProvider.generateDatabase(DuckDBProvider.java:101)
--	at sqlancer.duckdb.DuckDBProvider.generateDatabase(DuckDBProvider.java:1)
--	at sqlancer.ProviderAdapter.generateAndTestDatabase(ProviderAdapter.java:40)
--	at sqlancer.Main$DBMSExecutor.run(Main.java:326)
--	at sqlancer.Main$2.run(Main.java:510)
--	at sqlancer.Main$2.runThread(Main.java:488)
--	at sqlancer.Main$2.run(Main.java:478)
--	at java.base/java.util.concurrent.ThreadPoolExecutor.runWorker(ThreadPoolExecutor.java:1128)
--	at java.base/java.util.concurrent.ThreadPoolExecutor$Worker.run(ThreadPoolExecutor.java:628)
--	at java.base/java.lang.Thread.run(Thread.java:829)
--
-- Time: 2023/01/30 20:23:06
-- Database: database73
-- Database version: v0.2.9
-- seed value: 73

java.lang.AssertionError
	at sqlancer.GlobalState.getSchema(GlobalState.java:134)
	at sqlancer.duckdb.gen.DuckDBTableGenerator.getQuery(DuckDBTableGenerator.java:25)
	at sqlancer.duckdb.DuckDBProvider.generateDatabase(DuckDBProvider.java:101)
	at sqlancer.duckdb.DuckDBProvider.generateDatabase(DuckDBProvider.java:1)
	at sqlancer.ProviderAdapter.generateAndTestDatabase(ProviderAdapter.java:40)
	at sqlancer.Main$DBMSExecutor.run(Main.java:326)
	at sqlancer.Main$2.run(Main.java:510)
	at sqlancer.Main$2.runThread(Main.java:488)
	at sqlancer.Main$2.run(Main.java:478)
	at java.base/java.util.concurrent.ThreadPoolExecutor.runWorker(ThreadPoolExecutor.java:1128)
	at java.base/java.util.concurrent.ThreadPoolExecutor$Worker.run(ThreadPoolExecutor.java:628)
	at java.base/java.lang.Thread.run(Thread.java:829)
--java.lang.AssertionError
--	at sqlancer.GlobalState.getSchema(GlobalState.java:134)
--	at sqlancer.duckdb.gen.DuckDBTableGenerator.getQuery(DuckDBTableGenerator.java:25)
--	at sqlancer.duckdb.DuckDBProvider.generateDatabase(DuckDBProvider.java:101)
--	at sqlancer.duckdb.DuckDBProvider.generateDatabase(DuckDBProvider.java:1)
--	at sqlancer.ProviderAdapter.generateAndTestDatabase(ProviderAdapter.java:40)
--	at sqlancer.Main$DBMSExecutor.run(Main.java:326)
--	at sqlancer.Main$2.run(Main.java:510)
--	at sqlancer.Main$2.runThread(Main.java:488)
--	at sqlancer.Main$2.run(Main.java:478)
--	at java.base/java.util.concurrent.ThreadPoolExecutor.runWorker(ThreadPoolExecutor.java:1128)
--	at java.base/java.util.concurrent.ThreadPoolExecutor$Worker.run(ThreadPoolExecutor.java:628)
--	at java.base/java.lang.Thread.run(Thread.java:829)
--
-- Time: 2023/01/30 20:23:06
-- Database: database74
-- Database version: v0.2.9
-- seed value: 74

java.lang.AssertionError
	at sqlancer.GlobalState.getSchema(GlobalState.java:134)
	at sqlancer.duckdb.gen.DuckDBTableGenerator.getQuery(DuckDBTableGenerator.java:25)
	at sqlancer.duckdb.DuckDBProvider.generateDatabase(DuckDBProvider.java:101)
	at sqlancer.duckdb.DuckDBProvider.generateDatabase(DuckDBProvider.java:1)
	at sqlancer.ProviderAdapter.generateAndTestDatabase(ProviderAdapter.java:40)
	at sqlancer.Main$DBMSExecutor.run(Main.java:326)
	at sqlancer.Main$2.run(Main.java:510)
	at sqlancer.Main$2.runThread(Main.java:488)
	at sqlancer.Main$2.run(Main.java:478)
	at java.base/java.util.concurrent.ThreadPoolExecutor.runWorker(ThreadPoolExecutor.java:1128)
	at java.base/java.util.concurrent.ThreadPoolExecutor$Worker.run(ThreadPoolExecutor.java:628)
	at java.base/java.lang.Thread.run(Thread.java:829)
--java.lang.AssertionError
--	at sqlancer.GlobalState.getSchema(GlobalState.java:134)
--	at sqlancer.duckdb.gen.DuckDBTableGenerator.getQuery(DuckDBTableGenerator.java:25)
--	at sqlancer.duckdb.DuckDBProvider.generateDatabase(DuckDBProvider.java:101)
--	at sqlancer.duckdb.DuckDBProvider.generateDatabase(DuckDBProvider.java:1)
--	at sqlancer.ProviderAdapter.generateAndTestDatabase(ProviderAdapter.java:40)
--	at sqlancer.Main$DBMSExecutor.run(Main.java:326)
--	at sqlancer.Main$2.run(Main.java:510)
--	at sqlancer.Main$2.runThread(Main.java:488)
--	at sqlancer.Main$2.run(Main.java:478)
--	at java.base/java.util.concurrent.ThreadPoolExecutor.runWorker(ThreadPoolExecutor.java:1128)
--	at java.base/java.util.concurrent.ThreadPoolExecutor$Worker.run(ThreadPoolExecutor.java:628)
--	at java.base/java.lang.Thread.run(Thread.java:829)
--
-- Time: 2023/01/30 20:23:06
-- Database: database75
-- Database version: v0.2.9
-- seed value: 75

java.lang.AssertionError
	at sqlancer.GlobalState.getSchema(GlobalState.java:134)
	at sqlancer.duckdb.gen.DuckDBTableGenerator.getQuery(DuckDBTableGenerator.java:25)
	at sqlancer.duckdb.DuckDBProvider.generateDatabase(DuckDBProvider.java:101)
	at sqlancer.duckdb.DuckDBProvider.generateDatabase(DuckDBProvider.java:1)
	at sqlancer.ProviderAdapter.generateAndTestDatabase(ProviderAdapter.java:40)
	at sqlancer.Main$DBMSExecutor.run(Main.java:326)
	at sqlancer.Main$2.run(Main.java:510)
	at sqlancer.Main$2.runThread(Main.java:488)
	at sqlancer.Main$2.run(Main.java:478)
	at java.base/java.util.concurrent.ThreadPoolExecutor.runWorker(ThreadPoolExecutor.java:1128)
	at java.base/java.util.concurrent.ThreadPoolExecutor$Worker.run(ThreadPoolExecutor.java:628)
	at java.base/java.lang.Thread.run(Thread.java:829)
--java.lang.AssertionError
--	at sqlancer.GlobalState.getSchema(GlobalState.java:134)
--	at sqlancer.duckdb.gen.DuckDBTableGenerator.getQuery(DuckDBTableGenerator.java:25)
--	at sqlancer.duckdb.DuckDBProvider.generateDatabase(DuckDBProvider.java:101)
--	at sqlancer.duckdb.DuckDBProvider.generateDatabase(DuckDBProvider.java:1)
--	at sqlancer.ProviderAdapter.generateAndTestDatabase(ProviderAdapter.java:40)
--	at sqlancer.Main$DBMSExecutor.run(Main.java:326)
--	at sqlancer.Main$2.run(Main.java:510)
--	at sqlancer.Main$2.runThread(Main.java:488)
--	at sqlancer.Main$2.run(Main.java:478)
--	at java.base/java.util.concurrent.ThreadPoolExecutor.runWorker(ThreadPoolExecutor.java:1128)
--	at java.base/java.util.concurrent.ThreadPoolExecutor$Worker.run(ThreadPoolExecutor.java:628)
--	at java.base/java.lang.Thread.run(Thread.java:829)
--
-- Time: 2023/01/30 20:23:06
-- Database: database76
-- Database version: v0.2.9
-- seed value: 76

java.lang.AssertionError
	at sqlancer.GlobalState.getSchema(GlobalState.java:134)
	at sqlancer.duckdb.gen.DuckDBTableGenerator.getQuery(DuckDBTableGenerator.java:25)
	at sqlancer.duckdb.DuckDBProvider.generateDatabase(DuckDBProvider.java:101)
	at sqlancer.duckdb.DuckDBProvider.generateDatabase(DuckDBProvider.java:1)
	at sqlancer.ProviderAdapter.generateAndTestDatabase(ProviderAdapter.java:40)
	at sqlancer.Main$DBMSExecutor.run(Main.java:326)
	at sqlancer.Main$2.run(Main.java:510)
	at sqlancer.Main$2.runThread(Main.java:488)
	at sqlancer.Main$2.run(Main.java:478)
	at java.base/java.util.concurrent.ThreadPoolExecutor.runWorker(ThreadPoolExecutor.java:1128)
	at java.base/java.util.concurrent.ThreadPoolExecutor$Worker.run(ThreadPoolExecutor.java:628)
	at java.base/java.lang.Thread.run(Thread.java:829)
--java.lang.AssertionError
--	at sqlancer.GlobalState.getSchema(GlobalState.java:134)
--	at sqlancer.duckdb.gen.DuckDBTableGenerator.getQuery(DuckDBTableGenerator.java:25)
--	at sqlancer.duckdb.DuckDBProvider.generateDatabase(DuckDBProvider.java:101)
--	at sqlancer.duckdb.DuckDBProvider.generateDatabase(DuckDBProvider.java:1)
--	at sqlancer.ProviderAdapter.generateAndTestDatabase(ProviderAdapter.java:40)
--	at sqlancer.Main$DBMSExecutor.run(Main.java:326)
--	at sqlancer.Main$2.run(Main.java:510)
--	at sqlancer.Main$2.runThread(Main.java:488)
--	at sqlancer.Main$2.run(Main.java:478)
--	at java.base/java.util.concurrent.ThreadPoolExecutor.runWorker(ThreadPoolExecutor.java:1128)
--	at java.base/java.util.concurrent.ThreadPoolExecutor$Worker.run(ThreadPoolExecutor.java:628)
--	at java.base/java.lang.Thread.run(Thread.java:829)
--
-- Time: 2023/01/30 20:23:06
-- Database: database77
-- Database version: v0.2.9
-- seed value: 77

java.lang.AssertionError
	at sqlancer.GlobalState.getSchema(GlobalState.java:134)
	at sqlancer.duckdb.gen.DuckDBTableGenerator.getQuery(DuckDBTableGenerator.java:25)
	at sqlancer.duckdb.DuckDBProvider.generateDatabase(DuckDBProvider.java:101)
	at sqlancer.duckdb.DuckDBProvider.generateDatabase(DuckDBProvider.java:1)
	at sqlancer.ProviderAdapter.generateAndTestDatabase(ProviderAdapter.java:40)
	at sqlancer.Main$DBMSExecutor.run(Main.java:326)
	at sqlancer.Main$2.run(Main.java:510)
	at sqlancer.Main$2.runThread(Main.java:488)
	at sqlancer.Main$2.run(Main.java:478)
	at java.base/java.util.concurrent.ThreadPoolExecutor.runWorker(ThreadPoolExecutor.java:1128)
	at java.base/java.util.concurrent.ThreadPoolExecutor$Worker.run(ThreadPoolExecutor.java:628)
	at java.base/java.lang.Thread.run(Thread.java:829)
--java.lang.AssertionError
--	at sqlancer.GlobalState.getSchema(GlobalState.java:134)
--	at sqlancer.duckdb.gen.DuckDBTableGenerator.getQuery(DuckDBTableGenerator.java:25)
--	at sqlancer.duckdb.DuckDBProvider.generateDatabase(DuckDBProvider.java:101)
--	at sqlancer.duckdb.DuckDBProvider.generateDatabase(DuckDBProvider.java:1)
--	at sqlancer.ProviderAdapter.generateAndTestDatabase(ProviderAdapter.java:40)
--	at sqlancer.Main$DBMSExecutor.run(Main.java:326)
--	at sqlancer.Main$2.run(Main.java:510)
--	at sqlancer.Main$2.runThread(Main.java:488)
--	at sqlancer.Main$2.run(Main.java:478)
--	at java.base/java.util.concurrent.ThreadPoolExecutor.runWorker(ThreadPoolExecutor.java:1128)
--	at java.base/java.util.concurrent.ThreadPoolExecutor$Worker.run(ThreadPoolExecutor.java:628)
--	at java.base/java.lang.Thread.run(Thread.java:829)
--
-- Time: 2023/01/30 20:23:06
-- Database: database78
-- Database version: v0.2.9
-- seed value: 78

java.lang.AssertionError
	at sqlancer.GlobalState.getSchema(GlobalState.java:134)
	at sqlancer.duckdb.gen.DuckDBTableGenerator.getQuery(DuckDBTableGenerator.java:25)
	at sqlancer.duckdb.DuckDBProvider.generateDatabase(DuckDBProvider.java:101)
	at sqlancer.duckdb.DuckDBProvider.generateDatabase(DuckDBProvider.java:1)
	at sqlancer.ProviderAdapter.generateAndTestDatabase(ProviderAdapter.java:40)
	at sqlancer.Main$DBMSExecutor.run(Main.java:326)
	at sqlancer.Main$2.run(Main.java:510)
	at sqlancer.Main$2.runThread(Main.java:488)
	at sqlancer.Main$2.run(Main.java:478)
	at java.base/java.util.concurrent.ThreadPoolExecutor.runWorker(ThreadPoolExecutor.java:1128)
	at java.base/java.util.concurrent.ThreadPoolExecutor$Worker.run(ThreadPoolExecutor.java:628)
	at java.base/java.lang.Thread.run(Thread.java:829)
--java.lang.AssertionError
--	at sqlancer.GlobalState.getSchema(GlobalState.java:134)
--	at sqlancer.duckdb.gen.DuckDBTableGenerator.getQuery(DuckDBTableGenerator.java:25)
--	at sqlancer.duckdb.DuckDBProvider.generateDatabase(DuckDBProvider.java:101)
--	at sqlancer.duckdb.DuckDBProvider.generateDatabase(DuckDBProvider.java:1)
--	at sqlancer.ProviderAdapter.generateAndTestDatabase(ProviderAdapter.java:40)
--	at sqlancer.Main$DBMSExecutor.run(Main.java:326)
--	at sqlancer.Main$2.run(Main.java:510)
--	at sqlancer.Main$2.runThread(Main.java:488)
--	at sqlancer.Main$2.run(Main.java:478)
--	at java.base/java.util.concurrent.ThreadPoolExecutor.runWorker(ThreadPoolExecutor.java:1128)
--	at java.base/java.util.concurrent.ThreadPoolExecutor$Worker.run(ThreadPoolExecutor.java:628)
--	at java.base/java.lang.Thread.run(Thread.java:829)
--
-- Time: 2023/01/30 20:23:06
-- Database: database79
-- Database version: v0.2.9
-- seed value: 79

java.lang.AssertionError
	at sqlancer.GlobalState.getSchema(GlobalState.java:134)
	at sqlancer.duckdb.gen.DuckDBTableGenerator.getQuery(DuckDBTableGenerator.java:25)
	at sqlancer.duckdb.DuckDBProvider.generateDatabase(DuckDBProvider.java:101)
	at sqlancer.duckdb.DuckDBProvider.generateDatabase(DuckDBProvider.java:1)
	at sqlancer.ProviderAdapter.generateAndTestDatabase(ProviderAdapter.java:40)
	at sqlancer.Main$DBMSExecutor.run(Main.java:326)
	at sqlancer.Main$2.run(Main.java:510)
	at sqlancer.Main$2.runThread(Main.java:488)
	at sqlancer.Main$2.run(Main.java:478)
	at java.base/java.util.concurrent.ThreadPoolExecutor.runWorker(ThreadPoolExecutor.java:1128)
	at java.base/java.util.concurrent.ThreadPoolExecutor$Worker.run(ThreadPoolExecutor.java:628)
	at java.base/java.lang.Thread.run(Thread.java:829)
--java.lang.AssertionError
--	at sqlancer.GlobalState.getSchema(GlobalState.java:134)
--	at sqlancer.duckdb.gen.DuckDBTableGenerator.getQuery(DuckDBTableGenerator.java:25)
--	at sqlancer.duckdb.DuckDBProvider.generateDatabase(DuckDBProvider.java:101)
--	at sqlancer.duckdb.DuckDBProvider.generateDatabase(DuckDBProvider.java:1)
--	at sqlancer.ProviderAdapter.generateAndTestDatabase(ProviderAdapter.java:40)
--	at sqlancer.Main$DBMSExecutor.run(Main.java:326)
--	at sqlancer.Main$2.run(Main.java:510)
--	at sqlancer.Main$2.runThread(Main.java:488)
--	at sqlancer.Main$2.run(Main.java:478)
--	at java.base/java.util.concurrent.ThreadPoolExecutor.runWorker(ThreadPoolExecutor.java:1128)
--	at java.base/java.util.concurrent.ThreadPoolExecutor$Worker.run(ThreadPoolExecutor.java:628)
--	at java.base/java.lang.Thread.run(Thread.java:829)
--
-- Time: 2023/01/30 20:23:06
-- Database: database80
-- Database version: v0.2.9
-- seed value: 80

java.lang.AssertionError
	at sqlancer.GlobalState.getSchema(GlobalState.java:134)
	at sqlancer.duckdb.gen.DuckDBTableGenerator.getQuery(DuckDBTableGenerator.java:25)
	at sqlancer.duckdb.DuckDBProvider.generateDatabase(DuckDBProvider.java:101)
	at sqlancer.duckdb.DuckDBProvider.generateDatabase(DuckDBProvider.java:1)
	at sqlancer.ProviderAdapter.generateAndTestDatabase(ProviderAdapter.java:40)
	at sqlancer.Main$DBMSExecutor.run(Main.java:326)
	at sqlancer.Main$2.run(Main.java:510)
	at sqlancer.Main$2.runThread(Main.java:488)
	at sqlancer.Main$2.run(Main.java:478)
	at java.base/java.util.concurrent.ThreadPoolExecutor.runWorker(ThreadPoolExecutor.java:1128)
	at java.base/java.util.concurrent.ThreadPoolExecutor$Worker.run(ThreadPoolExecutor.java:628)
	at java.base/java.lang.Thread.run(Thread.java:829)
--java.lang.AssertionError
--	at sqlancer.GlobalState.getSchema(GlobalState.java:134)
--	at sqlancer.duckdb.gen.DuckDBTableGenerator.getQuery(DuckDBTableGenerator.java:25)
--	at sqlancer.duckdb.DuckDBProvider.generateDatabase(DuckDBProvider.java:101)
--	at sqlancer.duckdb.DuckDBProvider.generateDatabase(DuckDBProvider.java:1)
--	at sqlancer.ProviderAdapter.generateAndTestDatabase(ProviderAdapter.java:40)
--	at sqlancer.Main$DBMSExecutor.run(Main.java:326)
--	at sqlancer.Main$2.run(Main.java:510)
--	at sqlancer.Main$2.runThread(Main.java:488)
--	at sqlancer.Main$2.run(Main.java:478)
--	at java.base/java.util.concurrent.ThreadPoolExecutor.runWorker(ThreadPoolExecutor.java:1128)
--	at java.base/java.util.concurrent.ThreadPoolExecutor$Worker.run(ThreadPoolExecutor.java:628)
--	at java.base/java.lang.Thread.run(Thread.java:829)
--
-- Time: 2023/01/30 20:23:06
-- Database: database81
-- Database version: v0.2.9
-- seed value: 81

java.lang.AssertionError
	at sqlancer.GlobalState.getSchema(GlobalState.java:134)
	at sqlancer.duckdb.gen.DuckDBTableGenerator.getQuery(DuckDBTableGenerator.java:25)
	at sqlancer.duckdb.DuckDBProvider.generateDatabase(DuckDBProvider.java:101)
	at sqlancer.duckdb.DuckDBProvider.generateDatabase(DuckDBProvider.java:1)
	at sqlancer.ProviderAdapter.generateAndTestDatabase(ProviderAdapter.java:40)
	at sqlancer.Main$DBMSExecutor.run(Main.java:326)
	at sqlancer.Main$2.run(Main.java:510)
	at sqlancer.Main$2.runThread(Main.java:488)
	at sqlancer.Main$2.run(Main.java:478)
	at java.base/java.util.concurrent.ThreadPoolExecutor.runWorker(ThreadPoolExecutor.java:1128)
	at java.base/java.util.concurrent.ThreadPoolExecutor$Worker.run(ThreadPoolExecutor.java:628)
	at java.base/java.lang.Thread.run(Thread.java:829)
--java.lang.AssertionError
--	at sqlancer.GlobalState.getSchema(GlobalState.java:134)
--	at sqlancer.duckdb.gen.DuckDBTableGenerator.getQuery(DuckDBTableGenerator.java:25)
--	at sqlancer.duckdb.DuckDBProvider.generateDatabase(DuckDBProvider.java:101)
--	at sqlancer.duckdb.DuckDBProvider.generateDatabase(DuckDBProvider.java:1)
--	at sqlancer.ProviderAdapter.generateAndTestDatabase(ProviderAdapter.java:40)
--	at sqlancer.Main$DBMSExecutor.run(Main.java:326)
--	at sqlancer.Main$2.run(Main.java:510)
--	at sqlancer.Main$2.runThread(Main.java:488)
--	at sqlancer.Main$2.run(Main.java:478)
--	at java.base/java.util.concurrent.ThreadPoolExecutor.runWorker(ThreadPoolExecutor.java:1128)
--	at java.base/java.util.concurrent.ThreadPoolExecutor$Worker.run(ThreadPoolExecutor.java:628)
--	at java.base/java.lang.Thread.run(Thread.java:829)
--
-- Time: 2023/01/30 20:23:06
-- Database: database82
-- Database version: v0.2.9
-- seed value: 82

java.lang.AssertionError
	at sqlancer.GlobalState.getSchema(GlobalState.java:134)
	at sqlancer.duckdb.gen.DuckDBTableGenerator.getQuery(DuckDBTableGenerator.java:25)
	at sqlancer.duckdb.DuckDBProvider.generateDatabase(DuckDBProvider.java:101)
	at sqlancer.duckdb.DuckDBProvider.generateDatabase(DuckDBProvider.java:1)
	at sqlancer.ProviderAdapter.generateAndTestDatabase(ProviderAdapter.java:40)
	at sqlancer.Main$DBMSExecutor.run(Main.java:326)
	at sqlancer.Main$2.run(Main.java:510)
	at sqlancer.Main$2.runThread(Main.java:488)
	at sqlancer.Main$2.run(Main.java:478)
	at java.base/java.util.concurrent.ThreadPoolExecutor.runWorker(ThreadPoolExecutor.java:1128)
	at java.base/java.util.concurrent.ThreadPoolExecutor$Worker.run(ThreadPoolExecutor.java:628)
	at java.base/java.lang.Thread.run(Thread.java:829)
--java.lang.AssertionError
--	at sqlancer.GlobalState.getSchema(GlobalState.java:134)
--	at sqlancer.duckdb.gen.DuckDBTableGenerator.getQuery(DuckDBTableGenerator.java:25)
--	at sqlancer.duckdb.DuckDBProvider.generateDatabase(DuckDBProvider.java:101)
--	at sqlancer.duckdb.DuckDBProvider.generateDatabase(DuckDBProvider.java:1)
--	at sqlancer.ProviderAdapter.generateAndTestDatabase(ProviderAdapter.java:40)
--	at sqlancer.Main$DBMSExecutor.run(Main.java:326)
--	at sqlancer.Main$2.run(Main.java:510)
--	at sqlancer.Main$2.runThread(Main.java:488)
--	at sqlancer.Main$2.run(Main.java:478)
--	at java.base/java.util.concurrent.ThreadPoolExecutor.runWorker(ThreadPoolExecutor.java:1128)
--	at java.base/java.util.concurrent.ThreadPoolExecutor$Worker.run(ThreadPoolExecutor.java:628)
--	at java.base/java.lang.Thread.run(Thread.java:829)
--
-- Time: 2023/01/30 20:23:06
-- Database: database83
-- Database version: v0.2.9
-- seed value: 83

java.lang.AssertionError
	at sqlancer.GlobalState.getSchema(GlobalState.java:134)
	at sqlancer.duckdb.gen.DuckDBTableGenerator.getQuery(DuckDBTableGenerator.java:25)
	at sqlancer.duckdb.DuckDBProvider.generateDatabase(DuckDBProvider.java:101)
	at sqlancer.duckdb.DuckDBProvider.generateDatabase(DuckDBProvider.java:1)
	at sqlancer.ProviderAdapter.generateAndTestDatabase(ProviderAdapter.java:40)
	at sqlancer.Main$DBMSExecutor.run(Main.java:326)
	at sqlancer.Main$2.run(Main.java:510)
	at sqlancer.Main$2.runThread(Main.java:488)
	at sqlancer.Main$2.run(Main.java:478)
	at java.base/java.util.concurrent.ThreadPoolExecutor.runWorker(ThreadPoolExecutor.java:1128)
	at java.base/java.util.concurrent.ThreadPoolExecutor$Worker.run(ThreadPoolExecutor.java:628)
	at java.base/java.lang.Thread.run(Thread.java:829)
--java.lang.AssertionError
--	at sqlancer.GlobalState.getSchema(GlobalState.java:134)
--	at sqlancer.duckdb.gen.DuckDBTableGenerator.getQuery(DuckDBTableGenerator.java:25)
--	at sqlancer.duckdb.DuckDBProvider.generateDatabase(DuckDBProvider.java:101)
--	at sqlancer.duckdb.DuckDBProvider.generateDatabase(DuckDBProvider.java:1)
--	at sqlancer.ProviderAdapter.generateAndTestDatabase(ProviderAdapter.java:40)
--	at sqlancer.Main$DBMSExecutor.run(Main.java:326)
--	at sqlancer.Main$2.run(Main.java:510)
--	at sqlancer.Main$2.runThread(Main.java:488)
--	at sqlancer.Main$2.run(Main.java:478)
--	at java.base/java.util.concurrent.ThreadPoolExecutor.runWorker(ThreadPoolExecutor.java:1128)
--	at java.base/java.util.concurrent.ThreadPoolExecutor$Worker.run(ThreadPoolExecutor.java:628)
--	at java.base/java.lang.Thread.run(Thread.java:829)
--
-- Time: 2023/01/30 20:23:06
-- Database: database84
-- Database version: v0.2.9
-- seed value: 84

java.lang.AssertionError
	at sqlancer.GlobalState.getSchema(GlobalState.java:134)
	at sqlancer.duckdb.gen.DuckDBTableGenerator.getQuery(DuckDBTableGenerator.java:25)
	at sqlancer.duckdb.DuckDBProvider.generateDatabase(DuckDBProvider.java:101)
	at sqlancer.duckdb.DuckDBProvider.generateDatabase(DuckDBProvider.java:1)
	at sqlancer.ProviderAdapter.generateAndTestDatabase(ProviderAdapter.java:40)
	at sqlancer.Main$DBMSExecutor.run(Main.java:326)
	at sqlancer.Main$2.run(Main.java:510)
	at sqlancer.Main$2.runThread(Main.java:488)
	at sqlancer.Main$2.run(Main.java:478)
	at java.base/java.util.concurrent.ThreadPoolExecutor.runWorker(ThreadPoolExecutor.java:1128)
	at java.base/java.util.concurrent.ThreadPoolExecutor$Worker.run(ThreadPoolExecutor.java:628)
	at java.base/java.lang.Thread.run(Thread.java:829)
--java.lang.AssertionError
--	at sqlancer.GlobalState.getSchema(GlobalState.java:134)
--	at sqlancer.duckdb.gen.DuckDBTableGenerator.getQuery(DuckDBTableGenerator.java:25)
--	at sqlancer.duckdb.DuckDBProvider.generateDatabase(DuckDBProvider.java:101)
--	at sqlancer.duckdb.DuckDBProvider.generateDatabase(DuckDBProvider.java:1)
--	at sqlancer.ProviderAdapter.generateAndTestDatabase(ProviderAdapter.java:40)
--	at sqlancer.Main$DBMSExecutor.run(Main.java:326)
--	at sqlancer.Main$2.run(Main.java:510)
--	at sqlancer.Main$2.runThread(Main.java:488)
--	at sqlancer.Main$2.run(Main.java:478)
--	at java.base/java.util.concurrent.ThreadPoolExecutor.runWorker(ThreadPoolExecutor.java:1128)
--	at java.base/java.util.concurrent.ThreadPoolExecutor$Worker.run(ThreadPoolExecutor.java:628)
--	at java.base/java.lang.Thread.run(Thread.java:829)
--
-- Time: 2023/01/30 20:23:06
-- Database: database85
-- Database version: v0.2.9
-- seed value: 85

java.lang.AssertionError
	at sqlancer.GlobalState.getSchema(GlobalState.java:134)
	at sqlancer.duckdb.gen.DuckDBTableGenerator.getQuery(DuckDBTableGenerator.java:25)
	at sqlancer.duckdb.DuckDBProvider.generateDatabase(DuckDBProvider.java:101)
	at sqlancer.duckdb.DuckDBProvider.generateDatabase(DuckDBProvider.java:1)
	at sqlancer.ProviderAdapter.generateAndTestDatabase(ProviderAdapter.java:40)
	at sqlancer.Main$DBMSExecutor.run(Main.java:326)
	at sqlancer.Main$2.run(Main.java:510)
	at sqlancer.Main$2.runThread(Main.java:488)
	at sqlancer.Main$2.run(Main.java:478)
	at java.base/java.util.concurrent.ThreadPoolExecutor.runWorker(ThreadPoolExecutor.java:1128)
	at java.base/java.util.concurrent.ThreadPoolExecutor$Worker.run(ThreadPoolExecutor.java:628)
	at java.base/java.lang.Thread.run(Thread.java:829)
--java.lang.AssertionError
--	at sqlancer.GlobalState.getSchema(GlobalState.java:134)
--	at sqlancer.duckdb.gen.DuckDBTableGenerator.getQuery(DuckDBTableGenerator.java:25)
--	at sqlancer.duckdb.DuckDBProvider.generateDatabase(DuckDBProvider.java:101)
--	at sqlancer.duckdb.DuckDBProvider.generateDatabase(DuckDBProvider.java:1)
--	at sqlancer.ProviderAdapter.generateAndTestDatabase(ProviderAdapter.java:40)
--	at sqlancer.Main$DBMSExecutor.run(Main.java:326)
--	at sqlancer.Main$2.run(Main.java:510)
--	at sqlancer.Main$2.runThread(Main.java:488)
--	at sqlancer.Main$2.run(Main.java:478)
--	at java.base/java.util.concurrent.ThreadPoolExecutor.runWorker(ThreadPoolExecutor.java:1128)
--	at java.base/java.util.concurrent.ThreadPoolExecutor$Worker.run(ThreadPoolExecutor.java:628)
--	at java.base/java.lang.Thread.run(Thread.java:829)
--
-- Time: 2023/01/30 20:23:06
-- Database: database86
-- Database version: v0.2.9
-- seed value: 86

java.lang.AssertionError
	at sqlancer.GlobalState.getSchema(GlobalState.java:134)
	at sqlancer.duckdb.gen.DuckDBTableGenerator.getQuery(DuckDBTableGenerator.java:25)
	at sqlancer.duckdb.DuckDBProvider.generateDatabase(DuckDBProvider.java:101)
	at sqlancer.duckdb.DuckDBProvider.generateDatabase(DuckDBProvider.java:1)
	at sqlancer.ProviderAdapter.generateAndTestDatabase(ProviderAdapter.java:40)
	at sqlancer.Main$DBMSExecutor.run(Main.java:326)
	at sqlancer.Main$2.run(Main.java:510)
	at sqlancer.Main$2.runThread(Main.java:488)
	at sqlancer.Main$2.run(Main.java:478)
	at java.base/java.util.concurrent.ThreadPoolExecutor.runWorker(ThreadPoolExecutor.java:1128)
	at java.base/java.util.concurrent.ThreadPoolExecutor$Worker.run(ThreadPoolExecutor.java:628)
	at java.base/java.lang.Thread.run(Thread.java:829)
--java.lang.AssertionError
--	at sqlancer.GlobalState.getSchema(GlobalState.java:134)
--	at sqlancer.duckdb.gen.DuckDBTableGenerator.getQuery(DuckDBTableGenerator.java:25)
--	at sqlancer.duckdb.DuckDBProvider.generateDatabase(DuckDBProvider.java:101)
--	at sqlancer.duckdb.DuckDBProvider.generateDatabase(DuckDBProvider.java:1)
--	at sqlancer.ProviderAdapter.generateAndTestDatabase(ProviderAdapter.java:40)
--	at sqlancer.Main$DBMSExecutor.run(Main.java:326)
--	at sqlancer.Main$2.run(Main.java:510)
--	at sqlancer.Main$2.runThread(Main.java:488)
--	at sqlancer.Main$2.run(Main.java:478)
--	at java.base/java.util.concurrent.ThreadPoolExecutor.runWorker(ThreadPoolExecutor.java:1128)
--	at java.base/java.util.concurrent.ThreadPoolExecutor$Worker.run(ThreadPoolExecutor.java:628)
--	at java.base/java.lang.Thread.run(Thread.java:829)
--
-- Time: 2023/01/30 20:23:06
-- Database: database87
-- Database version: v0.2.9
-- seed value: 87

java.lang.AssertionError
	at sqlancer.GlobalState.getSchema(GlobalState.java:134)
	at sqlancer.duckdb.gen.DuckDBTableGenerator.getQuery(DuckDBTableGenerator.java:25)
	at sqlancer.duckdb.DuckDBProvider.generateDatabase(DuckDBProvider.java:101)
	at sqlancer.duckdb.DuckDBProvider.generateDatabase(DuckDBProvider.java:1)
	at sqlancer.ProviderAdapter.generateAndTestDatabase(ProviderAdapter.java:40)
	at sqlancer.Main$DBMSExecutor.run(Main.java:326)
	at sqlancer.Main$2.run(Main.java:510)
	at sqlancer.Main$2.runThread(Main.java:488)
	at sqlancer.Main$2.run(Main.java:478)
	at java.base/java.util.concurrent.ThreadPoolExecutor.runWorker(ThreadPoolExecutor.java:1128)
	at java.base/java.util.concurrent.ThreadPoolExecutor$Worker.run(ThreadPoolExecutor.java:628)
	at java.base/java.lang.Thread.run(Thread.java:829)
--java.lang.AssertionError
--	at sqlancer.GlobalState.getSchema(GlobalState.java:134)
--	at sqlancer.duckdb.gen.DuckDBTableGenerator.getQuery(DuckDBTableGenerator.java:25)
--	at sqlancer.duckdb.DuckDBProvider.generateDatabase(DuckDBProvider.java:101)
--	at sqlancer.duckdb.DuckDBProvider.generateDatabase(DuckDBProvider.java:1)
--	at sqlancer.ProviderAdapter.generateAndTestDatabase(ProviderAdapter.java:40)
--	at sqlancer.Main$DBMSExecutor.run(Main.java:326)
--	at sqlancer.Main$2.run(Main.java:510)
--	at sqlancer.Main$2.runThread(Main.java:488)
--	at sqlancer.Main$2.run(Main.java:478)
--	at java.base/java.util.concurrent.ThreadPoolExecutor.runWorker(ThreadPoolExecutor.java:1128)
--	at java.base/java.util.concurrent.ThreadPoolExecutor$Worker.run(ThreadPoolExecutor.java:628)
--	at java.base/java.lang.Thread.run(Thread.java:829)
--
-- Time: 2023/01/30 20:23:06
-- Database: database88
-- Database version: v0.2.9
-- seed value: 88

java.lang.AssertionError
	at sqlancer.GlobalState.getSchema(GlobalState.java:134)
	at sqlancer.duckdb.gen.DuckDBTableGenerator.getQuery(DuckDBTableGenerator.java:25)
	at sqlancer.duckdb.DuckDBProvider.generateDatabase(DuckDBProvider.java:101)
	at sqlancer.duckdb.DuckDBProvider.generateDatabase(DuckDBProvider.java:1)
	at sqlancer.ProviderAdapter.generateAndTestDatabase(ProviderAdapter.java:40)
	at sqlancer.Main$DBMSExecutor.run(Main.java:326)
	at sqlancer.Main$2.run(Main.java:510)
	at sqlancer.Main$2.runThread(Main.java:488)
	at sqlancer.Main$2.run(Main.java:478)
	at java.base/java.util.concurrent.ThreadPoolExecutor.runWorker(ThreadPoolExecutor.java:1128)
	at java.base/java.util.concurrent.ThreadPoolExecutor$Worker.run(ThreadPoolExecutor.java:628)
	at java.base/java.lang.Thread.run(Thread.java:829)
--java.lang.AssertionError
--	at sqlancer.GlobalState.getSchema(GlobalState.java:134)
--	at sqlancer.duckdb.gen.DuckDBTableGenerator.getQuery(DuckDBTableGenerator.java:25)
--	at sqlancer.duckdb.DuckDBProvider.generateDatabase(DuckDBProvider.java:101)
--	at sqlancer.duckdb.DuckDBProvider.generateDatabase(DuckDBProvider.java:1)
--	at sqlancer.ProviderAdapter.generateAndTestDatabase(ProviderAdapter.java:40)
--	at sqlancer.Main$DBMSExecutor.run(Main.java:326)
--	at sqlancer.Main$2.run(Main.java:510)
--	at sqlancer.Main$2.runThread(Main.java:488)
--	at sqlancer.Main$2.run(Main.java:478)
--	at java.base/java.util.concurrent.ThreadPoolExecutor.runWorker(ThreadPoolExecutor.java:1128)
--	at java.base/java.util.concurrent.ThreadPoolExecutor$Worker.run(ThreadPoolExecutor.java:628)
--	at java.base/java.lang.Thread.run(Thread.java:829)
--
-- Time: 2023/01/30 20:23:06
-- Database: database89
-- Database version: v0.2.9
-- seed value: 89

java.lang.AssertionError
	at sqlancer.GlobalState.getSchema(GlobalState.java:134)
	at sqlancer.duckdb.gen.DuckDBTableGenerator.getQuery(DuckDBTableGenerator.java:25)
	at sqlancer.duckdb.DuckDBProvider.generateDatabase(DuckDBProvider.java:101)
	at sqlancer.duckdb.DuckDBProvider.generateDatabase(DuckDBProvider.java:1)
	at sqlancer.ProviderAdapter.generateAndTestDatabase(ProviderAdapter.java:40)
	at sqlancer.Main$DBMSExecutor.run(Main.java:326)
	at sqlancer.Main$2.run(Main.java:510)
	at sqlancer.Main$2.runThread(Main.java:488)
	at sqlancer.Main$2.run(Main.java:478)
	at java.base/java.util.concurrent.ThreadPoolExecutor.runWorker(ThreadPoolExecutor.java:1128)
	at java.base/java.util.concurrent.ThreadPoolExecutor$Worker.run(ThreadPoolExecutor.java:628)
	at java.base/java.lang.Thread.run(Thread.java:829)
--java.lang.AssertionError
--	at sqlancer.GlobalState.getSchema(GlobalState.java:134)
--	at sqlancer.duckdb.gen.DuckDBTableGenerator.getQuery(DuckDBTableGenerator.java:25)
--	at sqlancer.duckdb.DuckDBProvider.generateDatabase(DuckDBProvider.java:101)
--	at sqlancer.duckdb.DuckDBProvider.generateDatabase(DuckDBProvider.java:1)
--	at sqlancer.ProviderAdapter.generateAndTestDatabase(ProviderAdapter.java:40)
--	at sqlancer.Main$DBMSExecutor.run(Main.java:326)
--	at sqlancer.Main$2.run(Main.java:510)
--	at sqlancer.Main$2.runThread(Main.java:488)
--	at sqlancer.Main$2.run(Main.java:478)
--	at java.base/java.util.concurrent.ThreadPoolExecutor.runWorker(ThreadPoolExecutor.java:1128)
--	at java.base/java.util.concurrent.ThreadPoolExecutor$Worker.run(ThreadPoolExecutor.java:628)
--	at java.base/java.lang.Thread.run(Thread.java:829)
--
-- Time: 2023/01/30 20:23:06
-- Database: database90
-- Database version: v0.2.9
-- seed value: 90

java.lang.AssertionError
	at sqlancer.GlobalState.getSchema(GlobalState.java:134)
	at sqlancer.duckdb.gen.DuckDBTableGenerator.getQuery(DuckDBTableGenerator.java:25)
	at sqlancer.duckdb.DuckDBProvider.generateDatabase(DuckDBProvider.java:101)
	at sqlancer.duckdb.DuckDBProvider.generateDatabase(DuckDBProvider.java:1)
	at sqlancer.ProviderAdapter.generateAndTestDatabase(ProviderAdapter.java:40)
	at sqlancer.Main$DBMSExecutor.run(Main.java:326)
	at sqlancer.Main$2.run(Main.java:510)
	at sqlancer.Main$2.runThread(Main.java:488)
	at sqlancer.Main$2.run(Main.java:478)
	at java.base/java.util.concurrent.ThreadPoolExecutor.runWorker(ThreadPoolExecutor.java:1128)
	at java.base/java.util.concurrent.ThreadPoolExecutor$Worker.run(ThreadPoolExecutor.java:628)
	at java.base/java.lang.Thread.run(Thread.java:829)
--java.lang.AssertionError
--	at sqlancer.GlobalState.getSchema(GlobalState.java:134)
--	at sqlancer.duckdb.gen.DuckDBTableGenerator.getQuery(DuckDBTableGenerator.java:25)
--	at sqlancer.duckdb.DuckDBProvider.generateDatabase(DuckDBProvider.java:101)
--	at sqlancer.duckdb.DuckDBProvider.generateDatabase(DuckDBProvider.java:1)
--	at sqlancer.ProviderAdapter.generateAndTestDatabase(ProviderAdapter.java:40)
--	at sqlancer.Main$DBMSExecutor.run(Main.java:326)
--	at sqlancer.Main$2.run(Main.java:510)
--	at sqlancer.Main$2.runThread(Main.java:488)
--	at sqlancer.Main$2.run(Main.java:478)
--	at java.base/java.util.concurrent.ThreadPoolExecutor.runWorker(ThreadPoolExecutor.java:1128)
--	at java.base/java.util.concurrent.ThreadPoolExecutor$Worker.run(ThreadPoolExecutor.java:628)
--	at java.base/java.lang.Thread.run(Thread.java:829)
--
-- Time: 2023/01/30 20:23:06
-- Database: database91
-- Database version: v0.2.9
-- seed value: 91

java.lang.AssertionError
	at sqlancer.GlobalState.getSchema(GlobalState.java:134)
	at sqlancer.duckdb.gen.DuckDBTableGenerator.getQuery(DuckDBTableGenerator.java:25)
	at sqlancer.duckdb.DuckDBProvider.generateDatabase(DuckDBProvider.java:101)
	at sqlancer.duckdb.DuckDBProvider.generateDatabase(DuckDBProvider.java:1)
	at sqlancer.ProviderAdapter.generateAndTestDatabase(ProviderAdapter.java:40)
	at sqlancer.Main$DBMSExecutor.run(Main.java:326)
	at sqlancer.Main$2.run(Main.java:510)
	at sqlancer.Main$2.runThread(Main.java:488)
	at sqlancer.Main$2.run(Main.java:478)
	at java.base/java.util.concurrent.ThreadPoolExecutor.runWorker(ThreadPoolExecutor.java:1128)
	at java.base/java.util.concurrent.ThreadPoolExecutor$Worker.run(ThreadPoolExecutor.java:628)
	at java.base/java.lang.Thread.run(Thread.java:829)
--java.lang.AssertionError
--	at sqlancer.GlobalState.getSchema(GlobalState.java:134)
--	at sqlancer.duckdb.gen.DuckDBTableGenerator.getQuery(DuckDBTableGenerator.java:25)
--	at sqlancer.duckdb.DuckDBProvider.generateDatabase(DuckDBProvider.java:101)
--	at sqlancer.duckdb.DuckDBProvider.generateDatabase(DuckDBProvider.java:1)
--	at sqlancer.ProviderAdapter.generateAndTestDatabase(ProviderAdapter.java:40)
--	at sqlancer.Main$DBMSExecutor.run(Main.java:326)
--	at sqlancer.Main$2.run(Main.java:510)
--	at sqlancer.Main$2.runThread(Main.java:488)
--	at sqlancer.Main$2.run(Main.java:478)
--	at java.base/java.util.concurrent.ThreadPoolExecutor.runWorker(ThreadPoolExecutor.java:1128)
--	at java.base/java.util.concurrent.ThreadPoolExecutor$Worker.run(ThreadPoolExecutor.java:628)
--	at java.base/java.lang.Thread.run(Thread.java:829)
--
-- Time: 2023/01/30 20:23:06
-- Database: database92
-- Database version: v0.2.9
-- seed value: 92

java.lang.AssertionError
	at sqlancer.GlobalState.getSchema(GlobalState.java:134)
	at sqlancer.duckdb.gen.DuckDBTableGenerator.getQuery(DuckDBTableGenerator.java:25)
	at sqlancer.duckdb.DuckDBProvider.generateDatabase(DuckDBProvider.java:101)
	at sqlancer.duckdb.DuckDBProvider.generateDatabase(DuckDBProvider.java:1)
	at sqlancer.ProviderAdapter.generateAndTestDatabase(ProviderAdapter.java:40)
	at sqlancer.Main$DBMSExecutor.run(Main.java:326)
	at sqlancer.Main$2.run(Main.java:510)
	at sqlancer.Main$2.runThread(Main.java:488)
	at sqlancer.Main$2.run(Main.java:478)
	at java.base/java.util.concurrent.ThreadPoolExecutor.runWorker(ThreadPoolExecutor.java:1128)
	at java.base/java.util.concurrent.ThreadPoolExecutor$Worker.run(ThreadPoolExecutor.java:628)
	at java.base/java.lang.Thread.run(Thread.java:829)
--java.lang.AssertionError
--	at sqlancer.GlobalState.getSchema(GlobalState.java:134)
--	at sqlancer.duckdb.gen.DuckDBTableGenerator.getQuery(DuckDBTableGenerator.java:25)
--	at sqlancer.duckdb.DuckDBProvider.generateDatabase(DuckDBProvider.java:101)
--	at sqlancer.duckdb.DuckDBProvider.generateDatabase(DuckDBProvider.java:1)
--	at sqlancer.ProviderAdapter.generateAndTestDatabase(ProviderAdapter.java:40)
--	at sqlancer.Main$DBMSExecutor.run(Main.java:326)
--	at sqlancer.Main$2.run(Main.java:510)
--	at sqlancer.Main$2.runThread(Main.java:488)
--	at sqlancer.Main$2.run(Main.java:478)
--	at java.base/java.util.concurrent.ThreadPoolExecutor.runWorker(ThreadPoolExecutor.java:1128)
--	at java.base/java.util.concurrent.ThreadPoolExecutor$Worker.run(ThreadPoolExecutor.java:628)
--	at java.base/java.lang.Thread.run(Thread.java:829)
--
-- Time: 2023/01/30 20:23:06
-- Database: database93
-- Database version: v0.2.9
-- seed value: 93

java.lang.AssertionError
	at sqlancer.GlobalState.getSchema(GlobalState.java:134)
	at sqlancer.duckdb.gen.DuckDBTableGenerator.getQuery(DuckDBTableGenerator.java:25)
	at sqlancer.duckdb.DuckDBProvider.generateDatabase(DuckDBProvider.java:101)
	at sqlancer.duckdb.DuckDBProvider.generateDatabase(DuckDBProvider.java:1)
	at sqlancer.ProviderAdapter.generateAndTestDatabase(ProviderAdapter.java:40)
	at sqlancer.Main$DBMSExecutor.run(Main.java:326)
	at sqlancer.Main$2.run(Main.java:510)
	at sqlancer.Main$2.runThread(Main.java:488)
	at sqlancer.Main$2.run(Main.java:478)
	at java.base/java.util.concurrent.ThreadPoolExecutor.runWorker(ThreadPoolExecutor.java:1128)
	at java.base/java.util.concurrent.ThreadPoolExecutor$Worker.run(ThreadPoolExecutor.java:628)
	at java.base/java.lang.Thread.run(Thread.java:829)
--java.lang.AssertionError
--	at sqlancer.GlobalState.getSchema(GlobalState.java:134)
--	at sqlancer.duckdb.gen.DuckDBTableGenerator.getQuery(DuckDBTableGenerator.java:25)
--	at sqlancer.duckdb.DuckDBProvider.generateDatabase(DuckDBProvider.java:101)
--	at sqlancer.duckdb.DuckDBProvider.generateDatabase(DuckDBProvider.java:1)
--	at sqlancer.ProviderAdapter.generateAndTestDatabase(ProviderAdapter.java:40)
--	at sqlancer.Main$DBMSExecutor.run(Main.java:326)
--	at sqlancer.Main$2.run(Main.java:510)
--	at sqlancer.Main$2.runThread(Main.java:488)
--	at sqlancer.Main$2.run(Main.java:478)
--	at java.base/java.util.concurrent.ThreadPoolExecutor.runWorker(ThreadPoolExecutor.java:1128)
--	at java.base/java.util.concurrent.ThreadPoolExecutor$Worker.run(ThreadPoolExecutor.java:628)
--	at java.base/java.lang.Thread.run(Thread.java:829)
--
-- Time: 2023/01/30 20:23:06
-- Database: database94
-- Database version: v0.2.9
-- seed value: 94

java.lang.AssertionError
	at sqlancer.GlobalState.getSchema(GlobalState.java:134)
	at sqlancer.duckdb.gen.DuckDBTableGenerator.getQuery(DuckDBTableGenerator.java:25)
	at sqlancer.duckdb.DuckDBProvider.generateDatabase(DuckDBProvider.java:101)
	at sqlancer.duckdb.DuckDBProvider.generateDatabase(DuckDBProvider.java:1)
	at sqlancer.ProviderAdapter.generateAndTestDatabase(ProviderAdapter.java:40)
	at sqlancer.Main$DBMSExecutor.run(Main.java:326)
	at sqlancer.Main$2.run(Main.java:510)
	at sqlancer.Main$2.runThread(Main.java:488)
	at sqlancer.Main$2.run(Main.java:478)
	at java.base/java.util.concurrent.ThreadPoolExecutor.runWorker(ThreadPoolExecutor.java:1128)
	at java.base/java.util.concurrent.ThreadPoolExecutor$Worker.run(ThreadPoolExecutor.java:628)
	at java.base/java.lang.Thread.run(Thread.java:829)
--java.lang.AssertionError
--	at sqlancer.GlobalState.getSchema(GlobalState.java:134)
--	at sqlancer.duckdb.gen.DuckDBTableGenerator.getQuery(DuckDBTableGenerator.java:25)
--	at sqlancer.duckdb.DuckDBProvider.generateDatabase(DuckDBProvider.java:101)
--	at sqlancer.duckdb.DuckDBProvider.generateDatabase(DuckDBProvider.java:1)
--	at sqlancer.ProviderAdapter.generateAndTestDatabase(ProviderAdapter.java:40)
--	at sqlancer.Main$DBMSExecutor.run(Main.java:326)
--	at sqlancer.Main$2.run(Main.java:510)
--	at sqlancer.Main$2.runThread(Main.java:488)
--	at sqlancer.Main$2.run(Main.java:478)
--	at java.base/java.util.concurrent.ThreadPoolExecutor.runWorker(ThreadPoolExecutor.java:1128)
--	at java.base/java.util.concurrent.ThreadPoolExecutor$Worker.run(ThreadPoolExecutor.java:628)
--	at java.base/java.lang.Thread.run(Thread.java:829)
--
-- Time: 2023/01/30 20:23:06
-- Database: database95
-- Database version: v0.2.9
-- seed value: 95

java.lang.AssertionError
	at sqlancer.GlobalState.getSchema(GlobalState.java:134)
	at sqlancer.duckdb.gen.DuckDBTableGenerator.getQuery(DuckDBTableGenerator.java:25)
	at sqlancer.duckdb.DuckDBProvider.generateDatabase(DuckDBProvider.java:101)
	at sqlancer.duckdb.DuckDBProvider.generateDatabase(DuckDBProvider.java:1)
	at sqlancer.ProviderAdapter.generateAndTestDatabase(ProviderAdapter.java:40)
	at sqlancer.Main$DBMSExecutor.run(Main.java:326)
	at sqlancer.Main$2.run(Main.java:510)
	at sqlancer.Main$2.runThread(Main.java:488)
	at sqlancer.Main$2.run(Main.java:478)
	at java.base/java.util.concurrent.ThreadPoolExecutor.runWorker(ThreadPoolExecutor.java:1128)
	at java.base/java.util.concurrent.ThreadPoolExecutor$Worker.run(ThreadPoolExecutor.java:628)
	at java.base/java.lang.Thread.run(Thread.java:829)
--java.lang.AssertionError
--	at sqlancer.GlobalState.getSchema(GlobalState.java:134)
--	at sqlancer.duckdb.gen.DuckDBTableGenerator.getQuery(DuckDBTableGenerator.java:25)
--	at sqlancer.duckdb.DuckDBProvider.generateDatabase(DuckDBProvider.java:101)
--	at sqlancer.duckdb.DuckDBProvider.generateDatabase(DuckDBProvider.java:1)
--	at sqlancer.ProviderAdapter.generateAndTestDatabase(ProviderAdapter.java:40)
--	at sqlancer.Main$DBMSExecutor.run(Main.java:326)
--	at sqlancer.Main$2.run(Main.java:510)
--	at sqlancer.Main$2.runThread(Main.java:488)
--	at sqlancer.Main$2.run(Main.java:478)
--	at java.base/java.util.concurrent.ThreadPoolExecutor.runWorker(ThreadPoolExecutor.java:1128)
--	at java.base/java.util.concurrent.ThreadPoolExecutor$Worker.run(ThreadPoolExecutor.java:628)
--	at java.base/java.lang.Thread.run(Thread.java:829)
--
-- Time: 2023/01/30 20:23:06
-- Database: database96
-- Database version: v0.2.9
-- seed value: 96

java.lang.AssertionError
	at sqlancer.GlobalState.getSchema(GlobalState.java:134)
	at sqlancer.duckdb.gen.DuckDBTableGenerator.getQuery(DuckDBTableGenerator.java:25)
	at sqlancer.duckdb.DuckDBProvider.generateDatabase(DuckDBProvider.java:101)
	at sqlancer.duckdb.DuckDBProvider.generateDatabase(DuckDBProvider.java:1)
	at sqlancer.ProviderAdapter.generateAndTestDatabase(ProviderAdapter.java:40)
	at sqlancer.Main$DBMSExecutor.run(Main.java:326)
	at sqlancer.Main$2.run(Main.java:510)
	at sqlancer.Main$2.runThread(Main.java:488)
	at sqlancer.Main$2.run(Main.java:478)
	at java.base/java.util.concurrent.ThreadPoolExecutor.runWorker(ThreadPoolExecutor.java:1128)
	at java.base/java.util.concurrent.ThreadPoolExecutor$Worker.run(ThreadPoolExecutor.java:628)
	at java.base/java.lang.Thread.run(Thread.java:829)
--java.lang.AssertionError
--	at sqlancer.GlobalState.getSchema(GlobalState.java:134)
--	at sqlancer.duckdb.gen.DuckDBTableGenerator.getQuery(DuckDBTableGenerator.java:25)
--	at sqlancer.duckdb.DuckDBProvider.generateDatabase(DuckDBProvider.java:101)
--	at sqlancer.duckdb.DuckDBProvider.generateDatabase(DuckDBProvider.java:1)
--	at sqlancer.ProviderAdapter.generateAndTestDatabase(ProviderAdapter.java:40)
--	at sqlancer.Main$DBMSExecutor.run(Main.java:326)
--	at sqlancer.Main$2.run(Main.java:510)
--	at sqlancer.Main$2.runThread(Main.java:488)
--	at sqlancer.Main$2.run(Main.java:478)
--	at java.base/java.util.concurrent.ThreadPoolExecutor.runWorker(ThreadPoolExecutor.java:1128)
--	at java.base/java.util.concurrent.ThreadPoolExecutor$Worker.run(ThreadPoolExecutor.java:628)
--	at java.base/java.lang.Thread.run(Thread.java:829)
--
-- Time: 2023/01/30 20:23:06
-- Database: database97
-- Database version: v0.2.9
-- seed value: 97

java.lang.AssertionError
	at sqlancer.GlobalState.getSchema(GlobalState.java:134)
	at sqlancer.duckdb.gen.DuckDBTableGenerator.getQuery(DuckDBTableGenerator.java:25)
	at sqlancer.duckdb.DuckDBProvider.generateDatabase(DuckDBProvider.java:101)
	at sqlancer.duckdb.DuckDBProvider.generateDatabase(DuckDBProvider.java:1)
	at sqlancer.ProviderAdapter.generateAndTestDatabase(ProviderAdapter.java:40)
	at sqlancer.Main$DBMSExecutor.run(Main.java:326)
	at sqlancer.Main$2.run(Main.java:510)
	at sqlancer.Main$2.runThread(Main.java:488)
	at sqlancer.Main$2.run(Main.java:478)
	at java.base/java.util.concurrent.ThreadPoolExecutor.runWorker(ThreadPoolExecutor.java:1128)
	at java.base/java.util.concurrent.ThreadPoolExecutor$Worker.run(ThreadPoolExecutor.java:628)
	at java.base/java.lang.Thread.run(Thread.java:829)
--java.lang.AssertionError
--	at sqlancer.GlobalState.getSchema(GlobalState.java:134)
--	at sqlancer.duckdb.gen.DuckDBTableGenerator.getQuery(DuckDBTableGenerator.java:25)
--	at sqlancer.duckdb.DuckDBProvider.generateDatabase(DuckDBProvider.java:101)
--	at sqlancer.duckdb.DuckDBProvider.generateDatabase(DuckDBProvider.java:1)
--	at sqlancer.ProviderAdapter.generateAndTestDatabase(ProviderAdapter.java:40)
--	at sqlancer.Main$DBMSExecutor.run(Main.java:326)
--	at sqlancer.Main$2.run(Main.java:510)
--	at sqlancer.Main$2.runThread(Main.java:488)
--	at sqlancer.Main$2.run(Main.java:478)
--	at java.base/java.util.concurrent.ThreadPoolExecutor.runWorker(ThreadPoolExecutor.java:1128)
--	at java.base/java.util.concurrent.ThreadPoolExecutor$Worker.run(ThreadPoolExecutor.java:628)
--	at java.base/java.lang.Thread.run(Thread.java:829)
--
-- Time: 2023/01/30 20:23:06
-- Database: database98
-- Database version: v0.2.9
-- seed value: 98

java.lang.AssertionError
	at sqlancer.GlobalState.getSchema(GlobalState.java:134)
	at sqlancer.duckdb.gen.DuckDBTableGenerator.getQuery(DuckDBTableGenerator.java:25)
	at sqlancer.duckdb.DuckDBProvider.generateDatabase(DuckDBProvider.java:101)
	at sqlancer.duckdb.DuckDBProvider.generateDatabase(DuckDBProvider.java:1)
	at sqlancer.ProviderAdapter.generateAndTestDatabase(ProviderAdapter.java:40)
	at sqlancer.Main$DBMSExecutor.run(Main.java:326)
	at sqlancer.Main$2.run(Main.java:510)
	at sqlancer.Main$2.runThread(Main.java:488)
	at sqlancer.Main$2.run(Main.java:478)
	at java.base/java.util.concurrent.ThreadPoolExecutor.runWorker(ThreadPoolExecutor.java:1128)
	at java.base/java.util.concurrent.ThreadPoolExecutor$Worker.run(ThreadPoolExecutor.java:628)
	at java.base/java.lang.Thread.run(Thread.java:829)
--java.lang.AssertionError
--	at sqlancer.GlobalState.getSchema(GlobalState.java:134)
--	at sqlancer.duckdb.gen.DuckDBTableGenerator.getQuery(DuckDBTableGenerator.java:25)
--	at sqlancer.duckdb.DuckDBProvider.generateDatabase(DuckDBProvider.java:101)
--	at sqlancer.duckdb.DuckDBProvider.generateDatabase(DuckDBProvider.java:1)
--	at sqlancer.ProviderAdapter.generateAndTestDatabase(ProviderAdapter.java:40)
--	at sqlancer.Main$DBMSExecutor.run(Main.java:326)
--	at sqlancer.Main$2.run(Main.java:510)
--	at sqlancer.Main$2.runThread(Main.java:488)
--	at sqlancer.Main$2.run(Main.java:478)
--	at java.base/java.util.concurrent.ThreadPoolExecutor.runWorker(ThreadPoolExecutor.java:1128)
--	at java.base/java.util.concurrent.ThreadPoolExecutor$Worker.run(ThreadPoolExecutor.java:628)
--	at java.base/java.lang.Thread.run(Thread.java:829)
--
-- Time: 2023/01/30 20:23:06
-- Database: database99
-- Database version: v0.2.9
-- seed value: 99

[ERROR] Tests run: 1, Failures: 1, Errors: 0, Skipped: 0, Time elapsed: 0.587 s <<< FAILURE! - in sqlancer.dbms.TestDuckDB
[ERROR] testDuckDB  Time elapsed: 0.587 s  <<< FAILURE!
org.opentest4j.AssertionFailedError: expected: <0> but was: <-1>
	at sqlancer.dbms.TestDuckDB.testDuckDB(TestDuckDB.java:14)

[INFO] Running sqlancer.dbms.TestCockroachDB
[WARNING] Tests run: 1, Failures: 0, Errors: 0, Skipped: 1, Time elapsed: 0 s - in sqlancer.dbms.TestCockroachDB
[INFO] Running sqlancer.dbms.TestH2
[WARNING] Tests run: 1, Failures: 0, Errors: 0, Skipped: 1, Time elapsed: 0 s - in sqlancer.dbms.TestH2
[INFO] Running sqlancer.dbms.TestMariaDB
[WARNING] Tests run: 1, Failures: 0, Errors: 0, Skipped: 1, Time elapsed: 0 s - in sqlancer.dbms.TestMariaDB
[INFO] Running sqlancer.dbms.TestClickHouse
[WARNING] Tests run: 6, Failures: 0, Errors: 0, Skipped: 6, Time elapsed: 0 s - in sqlancer.dbms.TestClickHouse
[INFO] Running sqlancer.dbms.TestMySQLPQS
[WARNING] Tests run: 1, Failures: 0, Errors: 0, Skipped: 1, Time elapsed: 0 s - in sqlancer.dbms.TestMySQLPQS
[INFO] Running sqlancer.dbms.TestSQLitePQS
[2023/01/30 20:23:10] Executed 7003 queries (1400 queries/s; 20.00/s dbs, successful statements: 60%). Threads shut down: 100.
[2023/01/30 20:23:15] Executed 18660 queries (2331 queries/s; 21.00/s dbs, successful statements: 60%). Threads shut down: 100.
[2023/01/30 20:23:20] Executed 26888 queries (1645 queries/s; 23.40/s dbs, successful statements: 60%). Threads shut down: 100.
[2023/01/30 20:23:25] Executed 35056 queries (1633 queries/s; 14.20/s dbs, successful statements: 61%). Threads shut down: 100.
[2023/01/30 20:23:30] Executed 44261 queries (1841 queries/s; 23.00/s dbs, successful statements: 61%). Threads shut down: 100.
[2023/01/30 20:23:35] Executed 54986 queries (2145 queries/s; 25.60/s dbs, successful statements: 61%). Threads shut down: 100.
[2023/01/30 20:23:40] Executed 63760 queries (1754 queries/s; 19.40/s dbs, successful statements: 61%). Threads shut down: 100.
[2023/01/30 20:23:45] Executed 73483 queries (1944 queries/s; 22.40/s dbs, successful statements: 61%). Threads shut down: 100.
[2023/01/30 20:23:50] Executed 81782 queries (1659 queries/s; 24.80/s dbs, successful statements: 61%). Threads shut down: 100.
[2023/01/30 20:23:55] Executed 92811 queries (2205 queries/s; 23.40/s dbs, successful statements: 61%). Threads shut down: 100.
[2023/01/30 20:24:00] Executed 100598 queries (1557 queries/s; 24.80/s dbs, successful statements: 61%). Threads shut down: 100.
[2023/01/30 20:24:05] Executed 110530 queries (1986 queries/s; 23.60/s dbs, successful statements: 61%). Threads shut down: 100.
[2023/01/30 20:24:10] Executed 117929 queries (1479 queries/s; 16.80/s dbs, successful statements: 61%). Threads shut down: 100.
[2023/01/30 20:24:15] Executed 126265 queries (1667 queries/s; 29.20/s dbs, successful statements: 61%). Threads shut down: 100.
[2023/01/30 20:24:20] Executed 135782 queries (1903 queries/s; 26.20/s dbs, successful statements: 61%). Threads shut down: 100.
[2023/01/30 20:24:25] Executed 146356 queries (2114 queries/s; 21.80/s dbs, successful statements: 61%). Threads shut down: 100.
[2023/01/30 20:24:30] Executed 156705 queries (2069 queries/s; 15.60/s dbs, successful statements: 62%). Threads shut down: 100.
[2023/01/30 20:24:35] Executed 166834 queries (2025 queries/s; 21.60/s dbs, successful statements: 62%). Threads shut down: 100.
[2023/01/30 20:24:40] Executed 175069 queries (1647 queries/s; 28.00/s dbs, successful statements: 62%). Threads shut down: 100.
[2023/01/30 20:24:45] Executed 182136 queries (1413 queries/s; 25.80/s dbs, successful statements: 62%). Threads shut down: 100.
[2023/01/30 20:24:50] Executed 192324 queries (2037 queries/s; 22.60/s dbs, successful statements: 62%). Threads shut down: 100.
[2023/01/30 20:24:55] Executed 199519 queries (1439 queries/s; 16.40/s dbs, successful statements: 62%). Threads shut down: 100.
[2023/01/30 20:25:00] Executed 209413 queries (1978 queries/s; 26.00/s dbs, successful statements: 62%). Threads shut down: 100.
[2023/01/30 20:25:05] Executed 217321 queries (1581 queries/s; 19.20/s dbs, successful statements: 62%). Threads shut down: 100.
[2023/01/30 20:25:10] Executed 226200 queries (1775 queries/s; 22.80/s dbs, successful statements: 62%). Threads shut down: 100.
[2023/01/30 20:25:15] Executed 236493 queries (2058 queries/s; 27.60/s dbs, successful statements: 62%). Threads shut down: 100.
[2023/01/30 20:25:20] Executed 245734 queries (1848 queries/s; 25.20/s dbs, successful statements: 62%). Threads shut down: 100.
[2023/01/30 20:25:25] Executed 252638 queries (1380 queries/s; 24.20/s dbs, successful statements: 62%). Threads shut down: 100.
[2023/01/30 20:25:30] Executed 262497 queries (1971 queries/s; 21.80/s dbs, successful statements: 62%). Threads shut down: 100.
[2023/01/30 20:25:35] Executed 271831 queries (1866 queries/s; 24.00/s dbs, successful statements: 62%). Threads shut down: 100.
[2023/01/30 20:25:40] Executed 282061 queries (2046 queries/s; 19.00/s dbs, successful statements: 62%). Threads shut down: 100.
[2023/01/30 20:25:45] Executed 292533 queries (2094 queries/s; 18.00/s dbs, successful statements: 62%). Threads shut down: 100.
[2023/01/30 20:25:50] Executed 299871 queries (1467 queries/s; 20.20/s dbs, successful statements: 62%). Threads shut down: 100.
[2023/01/30 20:25:55] Executed 310059 queries (2037 queries/s; 20.00/s dbs, successful statements: 62%). Threads shut down: 100.
[2023/01/30 20:26:00] Executed 320243 queries (2036 queries/s; 19.00/s dbs, successful statements: 62%). Threads shut down: 100.
[2023/01/30 20:26:05] Executed 327653 queries (1482 queries/s; 22.80/s dbs, successful statements: 62%). Threads shut down: 100.
[2023/01/30 20:26:10] Executed 337682 queries (2005 queries/s; 23.40/s dbs, successful statements: 62%). Threads shut down: 100.
[2023/01/30 20:26:15] Executed 346081 queries (1679 queries/s; 22.80/s dbs, successful statements: 62%). Threads shut down: 100.
[2023/01/30 20:26:20] Executed 354848 queries (1753 queries/s; 20.20/s dbs, successful statements: 62%). Threads shut down: 100.
[2023/01/30 20:26:25] Executed 364887 queries (2007 queries/s; 20.80/s dbs, successful statements: 62%). Threads shut down: 100.
[2023/01/30 20:26:30] Executed 372797 queries (1582 queries/s; 13.40/s dbs, successful statements: 62%). Threads shut down: 100.
[2023/01/30 20:26:35] Executed 382842 queries (2009 queries/s; 24.00/s dbs, successful statements: 62%). Threads shut down: 100.
[2023/01/30 20:26:40] Executed 392248 queries (1881 queries/s; 19.00/s dbs, successful statements: 62%). Threads shut down: 100.
[2023/01/30 20:26:45] Executed 399251 queries (1400 queries/s; 19.40/s dbs, successful statements: 63%). Threads shut down: 100.
[2023/01/30 20:26:50] Executed 409052 queries (1960 queries/s; 22.40/s dbs, successful statements: 63%). Threads shut down: 100.
[2023/01/30 20:26:55] Executed 422003 queries (2590 queries/s; 24.00/s dbs, successful statements: 63%). Threads shut down: 100.
[2023/01/30 20:27:00] Executed 432145 queries (2028 queries/s; 26.20/s dbs, successful statements: 63%). Threads shut down: 100.
[2023/01/30 20:27:05] Executed 440997 queries (1770 queries/s; 15.40/s dbs, successful statements: 63%). Threads shut down: 100.
[2023/01/30 20:27:10] Executed 452424 queries (2285 queries/s; 21.60/s dbs, successful statements: 63%). Threads shut down: 100.
[2023/01/30 20:27:15] Executed 461179 queries (1751 queries/s; 27.40/s dbs, successful statements: 63%). Threads shut down: 100.
[2023/01/30 20:27:20] Executed 472720 queries (2308 queries/s; 28.60/s dbs, successful statements: 63%). Threads shut down: 100.
[2023/01/30 20:27:25] Executed 481511 queries (1758 queries/s; 23.00/s dbs, successful statements: 63%). Threads shut down: 100.
[2023/01/30 20:27:30] Executed 491033 queries (1904 queries/s; 21.80/s dbs, successful statements: 63%). Threads shut down: 100.
[2023/01/30 20:27:35] Executed 498999 queries (1593 queries/s; 25.20/s dbs, successful statements: 63%). Threads shut down: 100.
[2023/01/30 20:27:40] Executed 507160 queries (1632 queries/s; 24.00/s dbs, successful statements: 63%). Threads shut down: 100.
[2023/01/30 20:27:45] Executed 514939 queries (1555 queries/s; 16.80/s dbs, successful statements: 63%). Threads shut down: 100.
[2023/01/30 20:27:50] Executed 524699 queries (1952 queries/s; 23.60/s dbs, successful statements: 63%). Threads shut down: 100.
[2023/01/30 20:27:55] Executed 535419 queries (2144 queries/s; 29.80/s dbs, successful statements: 63%). Threads shut down: 100.
[2023/01/30 20:28:00] Executed 545908 queries (2097 queries/s; 25.20/s dbs, successful statements: 63%). Threads shut down: 100.
[2023/01/30 20:28:05] Executed 554869 queries (1792 queries/s; 23.20/s dbs, successful statements: 63%). Threads shut down: 100.
[ERROR] Tests run: 1, Failures: 1, Errors: 0, Skipped: 0, Time elapsed: 300.05 s <<< FAILURE! - in sqlancer.dbms.TestSQLitePQS
[ERROR] testSqlitePQS  Time elapsed: 300.05 s  <<< FAILURE!
org.opentest4j.AssertionFailedError: expected: <0> but was: <-1>
	at sqlancer.dbms.TestSQLitePQS.testSqlitePQS(TestSQLitePQS.java:14)

[INFO] Running sqlancer.dbms.TestTiDB
[WARNING] Tests run: 1, Failures: 0, Errors: 0, Skipped: 1, Time elapsed: 0 s - in sqlancer.dbms.TestTiDB
[INFO] Running sqlancer.clickhouse.ast.ClickHouseBinaryComparisonOperationTest
[INFO] Tests run: 6, Failures: 0, Errors: 0, Skipped: 0, Time elapsed: 0.03 s - in sqlancer.clickhouse.ast.ClickHouseBinaryComparisonOperationTest
[INFO] Running sqlancer.TestRandomly
[INFO] Tests run: 13, Failures: 0, Errors: 0, Skipped: 0, Time elapsed: 1.423 s - in sqlancer.TestRandomly
[INFO] 
[INFO] Results:
[INFO] 
[ERROR] Failures: 
[ERROR]   TestDuckDB.testDuckDB:14 expected: <0> but was: <-1>
[ERROR]   TestSQLitePQS.testSqlitePQS:14 expected: <0> but was: <-1>
[INFO] 
[ERROR] Tests run: 62, Failures: 2, Errors: 0, Skipped: 15
[INFO] 
[INFO] ------------------------------------------------------------------------
[INFO] BUILD FAILURE
[INFO] ------------------------------------------------------------------------
[INFO] Total time:  10:08 min
[INFO] Finished at: 2023-01-30T20:28:08Z
[INFO] ------------------------------------------------------------------------
[ERROR] Failed to execute goal org.apache.maven.plugins:maven-surefire-plugin:2.22.2:test (default-test) on project sqlancer: There are test failures.
[ERROR] 
[ERROR] Please refer to /home/gabsko/breaking-updates/target/surefire-reports for the individual test results.
[ERROR] Please refer to dump files (if any exist) [date].dump, [date]-jvmRun[N].dump and [date].dumpstream.
[ERROR] -> [Help 1]
[ERROR] 
[ERROR] To see the full stack trace of the errors, re-run Maven with the -e switch.
[ERROR] Re-run Maven using the -X switch to enable full debug logging.
[ERROR] 
[ERROR] For more information about the errors and possible solutions, please read the following articles:
[ERROR] [Help 1] http://cwiki.apache.org/confluence/display/MAVEN/MojoFailureException
