[INFO] Scanning for projects...
[INFO] ------------------------------------------------------------------------
[INFO] Reactor Build Order:
[INFO] 
[INFO] Metrics Parent                                                     [pom]
[INFO] Metrics Documentation                                              [jar]
[INFO] Metrics BOM                                                        [pom]
[INFO] Annotations for Metrics                                         [bundle]
[INFO] Metrics Core                                                    [bundle]
[INFO] Benchmarks for Metrics                                             [jar]
[INFO] Metrics Integration for Caffeine                                [bundle]
[INFO] Metrics Integration for Collectd                                [bundle]
[INFO] Metrics Integration for Ehcache                                 [bundle]
[INFO] Graphite Integration for Metrics                                [bundle]
[INFO] JVM Integration for Metrics                                     [bundle]
[INFO] Metrics Health Checks                                           [bundle]
[INFO] Metrics Integration for Apache HttpClient                       [bundle]
[INFO] Metrics Integration for Apache HttpClient 5.x                   [bundle]
[INFO] Metrics Integration for Apache HttpAsyncClient                  [bundle]
[INFO] Metrics Integration for JCache                                  [bundle]
[INFO] Metrics JCStress tests                                             [jar]
[INFO] Metrics Integration for JDBI                                    [bundle]
[INFO] Metrics Integration for JDBI3                                   [bundle]
[INFO] Metrics Integration for Jersey 2.x                              [bundle]
[INFO] Metrics Integration for Jetty 9.3 and higher                    [bundle]
[INFO] Metrics Integration with JMX                                    [bundle]
[INFO] Jackson Integration for Metrics                                 [bundle]
[INFO] Metrics Integration for Log4j 2.x                               [bundle]
[INFO] Metrics Integration for Logback                                 [bundle]
[INFO] Metrics Integration for Servlets                                [bundle]
[INFO] Metrics Utility Servlets                                        [bundle]
[INFO] 
[INFO] ----------------< io.dropwizard.metrics:metrics-parent >----------------
[INFO] Building Metrics Parent 4.1.30-SNAPSHOT                           [1/27]
[INFO] --------------------------------[ pom ]---------------------------------
[INFO] 
[INFO] --- maven-clean-plugin:2.5:clean (default-clean) @ metrics-parent ---
[INFO] 
[INFO] --- maven-enforcer-plugin:1.4.1:enforce (enforce) @ metrics-parent ---
[INFO] 
[INFO] --- jacoco-maven-plugin:0.8.7:prepare-agent (prepare-agent) @ metrics-parent ---
[INFO] argLine set to -javaagent:/home/gabsko/.m2/repository/org/jacoco/org.jacoco.agent/0.8.7/org.jacoco.agent-0.8.7-runtime.jar=destfile=/home/gabsko/breaking-updates/target/jacoco.exec
[INFO] 
[INFO] ---------------------< io.dropwizard.metrics:docs >---------------------
[INFO] Building Metrics Documentation 4.1.30-SNAPSHOT                    [2/27]
[INFO] --------------------------------[ jar ]---------------------------------
[INFO] 
[INFO] --- maven-clean-plugin:2.5:clean (default-clean) @ docs ---
[INFO] Deleting /home/gabsko/breaking-updates/docs/target
[INFO] 
[INFO] --- maven-enforcer-plugin:1.4.1:enforce (enforce) @ docs ---
[INFO] 
[INFO] --- jacoco-maven-plugin:0.8.7:prepare-agent (prepare-agent) @ docs ---
[INFO] argLine set to -javaagent:/home/gabsko/.m2/repository/org/jacoco/org.jacoco.agent/0.8.7/org.jacoco.agent-0.8.7-runtime.jar=destfile=/home/gabsko/breaking-updates/docs/target/jacoco.exec
[INFO] 
[INFO] --- build-helper-maven-plugin:3.3.0:parse-version (parse-version) @ docs ---
[INFO] 
[INFO] --- maven-resources-plugin:3.2.0:resources (process-resources) @ docs ---
[INFO] Using 'UTF-8' encoding to copy filtered resources.
[INFO] Using 'UTF-8' encoding to copy filtered properties files.
[INFO] Copying 72 resources
[INFO] 
[INFO] --- maven-resources-plugin:3.2.0:resources (default-resources) @ docs ---
[INFO] Using 'UTF-8' encoding to copy filtered resources.
[INFO] Using 'UTF-8' encoding to copy filtered properties files.
[INFO] Copying 72 resources
[INFO] 
[INFO] --- maven-compiler-plugin:3.8.1:compile (default-compile) @ docs ---
[INFO] No sources to compile
[INFO] 
[INFO] --- maven-resources-plugin:3.2.0:testResources (default-testResources) @ docs ---
[INFO] Using 'UTF-8' encoding to copy filtered resources.
[INFO] Using 'UTF-8' encoding to copy filtered properties files.
[INFO] skip non existing resourceDirectory /home/gabsko/breaking-updates/docs/src/test/resources
[INFO] 
[INFO] --- maven-compiler-plugin:3.8.1:testCompile (default-testCompile) @ docs ---
[INFO] No sources to compile
[INFO] 
[INFO] --- maven-surefire-plugin:2.22.2:test (default-test) @ docs ---
[INFO] No tests to run.
[INFO] 
[INFO] -----------------< io.dropwizard.metrics:metrics-bom >------------------
[INFO] Building Metrics BOM 4.1.30-SNAPSHOT                              [3/27]
[INFO] --------------------------------[ pom ]---------------------------------
[INFO] 
[INFO] --- maven-clean-plugin:2.5:clean (default-clean) @ metrics-bom ---
[INFO] 
[INFO] --- maven-enforcer-plugin:1.4.1:enforce (enforce) @ metrics-bom ---
[INFO] 
[INFO] --- jacoco-maven-plugin:0.8.7:prepare-agent (prepare-agent) @ metrics-bom ---
[INFO] argLine set to -javaagent:/home/gabsko/.m2/repository/org/jacoco/org.jacoco.agent/0.8.7/org.jacoco.agent-0.8.7-runtime.jar=destfile=/home/gabsko/breaking-updates/metrics-bom/target/jacoco.exec
[INFO] 
[INFO] --------------< io.dropwizard.metrics:metrics-annotation >--------------
[INFO] Building Annotations for Metrics 4.1.30-SNAPSHOT                  [4/27]
[INFO] -------------------------------[ bundle ]-------------------------------
[INFO] 
[INFO] --- maven-clean-plugin:2.5:clean (default-clean) @ metrics-annotation ---
[INFO] Deleting /home/gabsko/breaking-updates/metrics-annotation/target
[INFO] 
[INFO] --- maven-enforcer-plugin:1.4.1:enforce (enforce) @ metrics-annotation ---
[INFO] 
[INFO] --- jacoco-maven-plugin:0.8.7:prepare-agent (prepare-agent) @ metrics-annotation ---
[INFO] argLine set to -javaagent:/home/gabsko/.m2/repository/org/jacoco/org.jacoco.agent/0.8.7/org.jacoco.agent-0.8.7-runtime.jar=destfile=/home/gabsko/breaking-updates/metrics-annotation/target/jacoco.exec
[INFO] 
[INFO] --- maven-resources-plugin:3.3.0:resources (default-resources) @ metrics-annotation ---
[INFO] skip non existing resourceDirectory /home/gabsko/breaking-updates/metrics-annotation/src/main/resources
[INFO] 
[INFO] --- maven-compiler-plugin:3.8.1:compile (default-compile) @ metrics-annotation ---
[INFO] Changes detected - recompiling the module!
[INFO] Compiling 8 source files to /home/gabsko/breaking-updates/metrics-annotation/target/classes
[WARNING] bootstrap class path not set in conjunction with -source 8
[WARNING] /home/gabsko/breaking-updates/metrics-annotation/src/main/java/com/codahale/metrics/annotation/Metered.java:[30,8] [MissingSummary] A summary fragment is required; consider using the value of the @return block as a summary fragment instead.
    (see https://google.github.io/styleguide/javaguide.html#s7.2-summary-fragment)
  Did you mean '*Returns the name of the meter.'?
[WARNING] /home/gabsko/breaking-updates/metrics-annotation/src/main/java/com/codahale/metrics/annotation/Metered.java:[35,8] [MissingSummary] A summary fragment is required; consider using the value of the @return block as a summary fragment instead.
    (see https://google.github.io/styleguide/javaguide.html#s7.2-summary-fragment)
  Did you mean '*Returns if {@code true}, use the given name as an absolute name. If {@code false}, use the given name'?
[WARNING] /home/gabsko/breaking-updates/metrics-annotation/src/main/java/com/codahale/metrics/annotation/Metric.java:[38,8] [MissingSummary] A summary fragment is required; consider using the value of the @return block as a summary fragment instead.
    (see https://google.github.io/styleguide/javaguide.html#s7.2-summary-fragment)
  Did you mean '*Returns the name of the metric.'?
[WARNING] /home/gabsko/breaking-updates/metrics-annotation/src/main/java/com/codahale/metrics/annotation/Metric.java:[43,8] [MissingSummary] A summary fragment is required; consider using the value of the @return block as a summary fragment instead.
    (see https://google.github.io/styleguide/javaguide.html#s7.2-summary-fragment)
  Did you mean '*Returns if {@code true}, use the given name as an absolute name. If {@code false},'?
[WARNING] /home/gabsko/breaking-updates/metrics-annotation/src/main/java/com/codahale/metrics/annotation/Timed.java:[30,8] [MissingSummary] A summary fragment is required; consider using the value of the @return block as a summary fragment instead.
    (see https://google.github.io/styleguide/javaguide.html#s7.2-summary-fragment)
  Did you mean '*Returns the name of the timer.'?
[WARNING] /home/gabsko/breaking-updates/metrics-annotation/src/main/java/com/codahale/metrics/annotation/Timed.java:[35,8] [MissingSummary] A summary fragment is required; consider using the value of the @return block as a summary fragment instead.
    (see https://google.github.io/styleguide/javaguide.html#s7.2-summary-fragment)
  Did you mean '*Returns if {@code true}, use the given name as an absolute name. If {@code false}, use the given name'?
[WARNING] /home/gabsko/breaking-updates/metrics-annotation/src/main/java/com/codahale/metrics/annotation/Counted.java:[34,8] [MissingSummary] A summary fragment is required; consider using the value of the @return block as a summary fragment instead.
    (see https://google.github.io/styleguide/javaguide.html#s7.2-summary-fragment)
  Did you mean '*Returns the name of the counter.'?
[WARNING] /home/gabsko/breaking-updates/metrics-annotation/src/main/java/com/codahale/metrics/annotation/Counted.java:[39,8] [MissingSummary] A summary fragment is required; consider using the value of the @return block as a summary fragment instead.
    (see https://google.github.io/styleguide/javaguide.html#s7.2-summary-fragment)
  Did you mean '*Returns if {@code true}, use the given name as an absolute name. If {@code false}, use the given name'?
[WARNING] /home/gabsko/breaking-updates/metrics-annotation/src/main/java/com/codahale/metrics/annotation/Counted.java:[45,8] [MissingSummary] A summary fragment is required; consider using the value of the @return block as a summary fragment instead.
    (see https://google.github.io/styleguide/javaguide.html#s7.2-summary-fragment)
  Did you mean '*Returns if {@code false} (default), the counter is decremented when the annotated'?
[WARNING] /home/gabsko/breaking-updates/metrics-annotation/src/main/java/com/codahale/metrics/annotation/ResponseMetered.java:[30,8] [MissingSummary] A summary fragment is required; consider using the value of the @return block as a summary fragment instead.
    (see https://google.github.io/styleguide/javaguide.html#s7.2-summary-fragment)
  Did you mean '*Returns the name of the meter.'?
[WARNING] /home/gabsko/breaking-updates/metrics-annotation/src/main/java/com/codahale/metrics/annotation/ResponseMetered.java:[35,8] [MissingSummary] A summary fragment is required; consider using the value of the @return block as a summary fragment instead.
    (see https://google.github.io/styleguide/javaguide.html#s7.2-summary-fragment)
  Did you mean '*Returns if {@code true}, use the given name as an absolute name. If {@code false}, use the given name'?
[WARNING] /home/gabsko/breaking-updates/metrics-annotation/src/main/java/com/codahale/metrics/annotation/ExceptionMetered.java:[50,8] [MissingSummary] A summary fragment is required; consider using the value of the @return block as a summary fragment instead.
    (see https://google.github.io/styleguide/javaguide.html#s7.2-summary-fragment)
  Did you mean '*Returns the name of the meter. If not specified, the meter will be given a name based on the method'?
[WARNING] /home/gabsko/breaking-updates/metrics-annotation/src/main/java/com/codahale/metrics/annotation/ExceptionMetered.java:[56,8] [MissingSummary] A summary fragment is required; consider using the value of the @return block as a summary fragment instead.
    (see https://google.github.io/styleguide/javaguide.html#s7.2-summary-fragment)
  Did you mean '*Returns if {@code true}, use the given name as an absolute name. If {@code false}, use the given name'?
[WARNING] /home/gabsko/breaking-updates/metrics-annotation/src/main/java/com/codahale/metrics/annotation/ExceptionMetered.java:[62,8] [MissingSummary] A summary fragment is required; consider using the value of the @return block as a summary fragment instead.
    (see https://google.github.io/styleguide/javaguide.html#s7.2-summary-fragment)
  Did you mean '*Returns the type of exceptions that the meter will catch and count.'?
[WARNING] /home/gabsko/breaking-updates/metrics-annotation/src/main/java/com/codahale/metrics/annotation/CachedGauge.java:[33,8] [MissingSummary] A summary fragment is required; consider using the value of the @return block as a summary fragment instead.
    (see https://google.github.io/styleguide/javaguide.html#s7.2-summary-fragment)
  Did you mean '*Returns the name of the counter.'?
[WARNING] /home/gabsko/breaking-updates/metrics-annotation/src/main/java/com/codahale/metrics/annotation/CachedGauge.java:[38,8] [MissingSummary] A summary fragment is required; consider using the value of the @return block as a summary fragment instead.
    (see https://google.github.io/styleguide/javaguide.html#s7.2-summary-fragment)
  Did you mean '*Returns if {@code true}, use the given name as an absolute name. If {@code false}, use the given name'?
[WARNING] /home/gabsko/breaking-updates/metrics-annotation/src/main/java/com/codahale/metrics/annotation/CachedGauge.java:[44,8] [MissingSummary] A summary fragment is required; consider using the value of the @return block as a summary fragment instead.
    (see https://google.github.io/styleguide/javaguide.html#s7.2-summary-fragment)
  Did you mean '*Returns the amount of time to cache the result.'?
[WARNING] /home/gabsko/breaking-updates/metrics-annotation/src/main/java/com/codahale/metrics/annotation/CachedGauge.java:[49,8] [MissingSummary] A summary fragment is required; consider using the value of the @return block as a summary fragment instead.
    (see https://google.github.io/styleguide/javaguide.html#s7.2-summary-fragment)
  Did you mean '*Returns the unit of timeout.'?
[WARNING] /home/gabsko/breaking-updates/metrics-annotation/src/main/java/com/codahale/metrics/annotation/Gauge.java:[26,8] [MissingSummary] A summary fragment is required; consider using the value of the @return block as a summary fragment instead.
    (see https://google.github.io/styleguide/javaguide.html#s7.2-summary-fragment)
  Did you mean '*Returns the gauge's name.'?
[WARNING] /home/gabsko/breaking-updates/metrics-annotation/src/main/java/com/codahale/metrics/annotation/Gauge.java:[31,8] [MissingSummary] A summary fragment is required; consider using the value of the @return block as a summary fragment instead.
    (see https://google.github.io/styleguide/javaguide.html#s7.2-summary-fragment)
  Did you mean '*Returns if {@code true}, use the given name as an absolute name. If {@code false}, use the given name'?
[INFO] 
[INFO] --- maven-resources-plugin:3.3.0:testResources (default-testResources) @ metrics-annotation ---
[INFO] skip non existing resourceDirectory /home/gabsko/breaking-updates/metrics-annotation/src/test/resources
[INFO] 
[INFO] --- maven-compiler-plugin:3.8.1:testCompile (default-testCompile) @ metrics-annotation ---
[INFO] No sources to compile
[INFO] 
[INFO] --- maven-surefire-plugin:2.22.2:test (default-test) @ metrics-annotation ---
[INFO] No tests to run.
[INFO] 
[INFO] -----------------< io.dropwizard.metrics:metrics-core >-----------------
[INFO] Building Metrics Core 4.1.30-SNAPSHOT                             [5/27]
[INFO] -------------------------------[ bundle ]-------------------------------
[INFO] 
[INFO] --- maven-clean-plugin:2.5:clean (default-clean) @ metrics-core ---
[INFO] Deleting /home/gabsko/breaking-updates/metrics-core/target
[INFO] 
[INFO] --- maven-enforcer-plugin:1.4.1:enforce (enforce) @ metrics-core ---
[INFO] 
[INFO] --- jacoco-maven-plugin:0.8.7:prepare-agent (prepare-agent) @ metrics-core ---
[INFO] argLine set to -javaagent:/home/gabsko/.m2/repository/org/jacoco/org.jacoco.agent/0.8.7/org.jacoco.agent-0.8.7-runtime.jar=destfile=/home/gabsko/breaking-updates/metrics-core/target/jacoco.exec
[INFO] 
[INFO] --- maven-resources-plugin:3.3.0:resources (default-resources) @ metrics-core ---
[INFO] skip non existing resourceDirectory /home/gabsko/breaking-updates/metrics-core/src/main/resources
[INFO] 
[INFO] --- maven-compiler-plugin:3.8.1:compile (default-compile) @ metrics-core ---
[INFO] Changes detected - recompiling the module!
[INFO] Compiling 44 source files to /home/gabsko/breaking-updates/metrics-core/target/classes
[WARNING] bootstrap class path not set in conjunction with -source 8
[WARNING] /home/gabsko/breaking-updates/metrics-core/src/main/java/com/codahale/metrics/MovingAverages.java:[24,8] [EmptyBlockTag] A block tag (@param, @return, @throws, @deprecated) has an empty description. Block tags without descriptions don't add much value for future readers of the code; consider removing the tag entirely or adding a description.
    (see https://google.github.io/styleguide/javaguide.html#s7.1.3-javadoc-block-tags)
  Did you mean '*'?
[WARNING] /home/gabsko/breaking-updates/metrics-core/src/main/java/com/codahale/metrics/ScheduledReporter.java:[50,30] [ThreadPriorityCheck] Relying on the thread scheduler is discouraged.
    (see https://errorprone.info/bugpattern/ThreadPriorityCheck)
[WARNING] /home/gabsko/breaking-updates/metrics-core/src/main/java/com/codahale/metrics/ConsoleReporter.java:[231,51] [JavaUtilDate] Date has a bad API that leads to bugs; prefer java.time.Instant or LocalDate.
    (see https://errorprone.info/bugpattern/JavaUtilDate)
[WARNING] /home/gabsko/breaking-updates/metrics-core/src/main/java/com/codahale/metrics/WeightedSnapshot.java:[81,21] [UnnecessaryParentheses] These grouping parentheses are unnecessary; it is unlikely the code will be misinterpreted without them
    (see https://errorprone.info/bugpattern/UnnecessaryParentheses)
  Did you mean 'posx = ( -posx - 1) - 1;'?
[WARNING] /home/gabsko/breaking-updates/metrics-core/src/main/java/com/codahale/metrics/Slf4jReporter.java:[177,34] [InvalidInlineTag] Curly braces should be used for inline Javadoc tags: {@link ...}
    (see https://errorprone.info/bugpattern/InvalidInlineTag)
  Did you mean '* @param loggingLevel a {@link Slf4jReporter.LoggingLevel}'?
[WARNING] /home/gabsko/breaking-updates/metrics-core/src/main/java/com/codahale/metrics/InstrumentedExecutorService.java:[179,32] auto-closeable resource durationContext is never referenced in body of corresponding try statement
[WARNING] /home/gabsko/breaking-updates/metrics-core/src/main/java/com/codahale/metrics/InstrumentedExecutorService.java:[201,32] auto-closeable resource context is never referenced in body of corresponding try statement
[INFO] 
[INFO] --- maven-resources-plugin:3.3.0:testResources (default-testResources) @ metrics-core ---
[INFO] skip non existing resourceDirectory /home/gabsko/breaking-updates/metrics-core/src/test/resources
[INFO] 
[INFO] --- maven-compiler-plugin:3.8.1:testCompile (default-testCompile) @ metrics-core ---
[INFO] Changes detected - recompiling the module!
[INFO] Compiling 33 source files to /home/gabsko/breaking-updates/metrics-core/target/test-classes
[WARNING] bootstrap class path not set in conjunction with -source 8
[WARNING] /home/gabsko/breaking-updates/metrics-core/src/test/java/com/codahale/metrics/SharedMetricRegistriesTest.java:[14,59] none() in org.junit.rules.ExpectedException has been deprecated
[WARNING] /home/gabsko/breaking-updates/metrics-core/src/test/java/com/codahale/metrics/WeightedSnapshotTest.java:[131,35] [DefaultCharset] Implicit use of the platform default charset, which can result in differing behaviour between JVM executions or incorrect behavior if the encoding of the data source doesn't match expectations.
    (see https://errorprone.info/bugpattern/DefaultCharset)
  Did you mean 'assertThat(output.toString(UTF_8))' or 'assertThat(output.toString(Charset.defaultCharset()))'?
[WARNING] /home/gabsko/breaking-updates/metrics-core/src/test/java/com/codahale/metrics/UniformSnapshotTest.java:[131,35] [DefaultCharset] Implicit use of the platform default charset, which can result in differing behaviour between JVM executions or incorrect behavior if the encoding of the data source doesn't match expectations.
    (see https://errorprone.info/bugpattern/DefaultCharset)
  Did you mean 'assertThat(output.toString(UTF_8))' or 'assertThat(output.toString(Charset.defaultCharset()))'?
[INFO] 
[INFO] --- maven-surefire-plugin:2.22.2:test (default-test) @ metrics-core ---
[INFO] 
[INFO] -------------------------------------------------------
[INFO]  T E S T S
[INFO] -------------------------------------------------------
[INFO] Running com.codahale.metrics.RatioGaugeTest
[INFO] Tests run: 5, Failures: 0, Errors: 0, Skipped: 0, Time elapsed: 0.172 s - in com.codahale.metrics.RatioGaugeTest
[INFO] Running com.codahale.metrics.CachedGaugeTest
[INFO] Tests run: 4, Failures: 0, Errors: 0, Skipped: 0, Time elapsed: 10.165 s - in com.codahale.metrics.CachedGaugeTest
[INFO] Running com.codahale.metrics.MetricFilterTest
[INFO] Tests run: 4, Failures: 0, Errors: 0, Skipped: 0, Time elapsed: 0.55 s - in com.codahale.metrics.MetricFilterTest
[INFO] Running com.codahale.metrics.CounterTest
[INFO] Tests run: 7, Failures: 0, Errors: 0, Skipped: 0, Time elapsed: 0.001 s - in com.codahale.metrics.CounterTest
[INFO] Running com.codahale.metrics.ClockTest
[INFO] Tests run: 2, Failures: 0, Errors: 0, Skipped: 0, Time elapsed: 0.003 s - in com.codahale.metrics.ClockTest
[INFO] Running com.codahale.metrics.InstrumentedThreadFactoryTest
[INFO] Tests run: 1, Failures: 0, Errors: 0, Skipped: 0, Time elapsed: 0.014 s - in com.codahale.metrics.InstrumentedThreadFactoryTest
[INFO] Running com.codahale.metrics.UniformReservoirTest
[INFO] Tests run: 1, Failures: 0, Errors: 0, Skipped: 0, Time elapsed: 0.007 s - in com.codahale.metrics.UniformReservoirTest
[INFO] Running com.codahale.metrics.TimerTest
[INFO] Tests run: 11, Failures: 0, Errors: 0, Skipped: 0, Time elapsed: 0.091 s - in com.codahale.metrics.TimerTest
[INFO] Running com.codahale.metrics.ChunkedAssociativeLongArrayTest
[INFO] Tests run: 1, Failures: 0, Errors: 0, Skipped: 0, Time elapsed: 0.007 s - in com.codahale.metrics.ChunkedAssociativeLongArrayTest
[INFO] Running com.codahale.metrics.SlidingTimeWindowArrayReservoirTest
[INFO] Tests run: 4, Failures: 0, Errors: 0, Skipped: 0, Time elapsed: 0.749 s - in com.codahale.metrics.SlidingTimeWindowArrayReservoirTest
[INFO] Running com.codahale.metrics.MetricRegistryTest
[INFO] Tests run: 46, Failures: 0, Errors: 0, Skipped: 0, Time elapsed: 0.236 s - in com.codahale.metrics.MetricRegistryTest
[INFO] Running com.codahale.metrics.FixedNameCsvFileProviderTest
[INFO] Tests run: 2, Failures: 0, Errors: 0, Skipped: 0, Time elapsed: 0.015 s - in com.codahale.metrics.FixedNameCsvFileProviderTest
[INFO] Running com.codahale.metrics.ScheduledReporterTest
[INFO] Tests run: 15, Failures: 0, Errors: 0, Skipped: 0, Time elapsed: 1.106 s - in com.codahale.metrics.ScheduledReporterTest
[INFO] Running com.codahale.metrics.SharedMetricRegistriesTest
[INFO] Tests run: 8, Failures: 0, Errors: 0, Skipped: 0, Time elapsed: 0.016 s - in com.codahale.metrics.SharedMetricRegistriesTest
[INFO] Running com.codahale.metrics.WeightedSnapshotTest
[INFO] Tests run: 27, Failures: 0, Errors: 0, Skipped: 0, Time elapsed: 0.09 s - in com.codahale.metrics.WeightedSnapshotTest
[INFO] Running com.codahale.metrics.InstrumentedScheduledExecutorServiceTest
[INFO] Tests run: 6, Failures: 0, Errors: 0, Skipped: 0, Time elapsed: 0.633 s - in com.codahale.metrics.InstrumentedScheduledExecutorServiceTest
[INFO] Running com.codahale.metrics.MeterTest
[INFO] Tests run: 2, Failures: 0, Errors: 0, Skipped: 0, Time elapsed: 0.002 s - in com.codahale.metrics.MeterTest
[INFO] Running com.codahale.metrics.HistogramTest
[INFO] Tests run: 3, Failures: 0, Errors: 0, Skipped: 0, Time elapsed: 0.002 s - in com.codahale.metrics.HistogramTest
[INFO] Running com.codahale.metrics.MetricRegistryListenerTest
[INFO] Tests run: 6, Failures: 0, Errors: 0, Skipped: 0, Time elapsed: 0.003 s - in com.codahale.metrics.MetricRegistryListenerTest
[INFO] Running com.codahale.metrics.InstrumentedExecutorServiceTest
[INFO] Tests run: 2, Failures: 0, Errors: 0, Skipped: 0, Time elapsed: 0.006 s - in com.codahale.metrics.InstrumentedExecutorServiceTest
[INFO] Running com.codahale.metrics.EWMATest
[INFO] Tests run: 3, Failures: 0, Errors: 0, Skipped: 0, Time elapsed: 0 s - in com.codahale.metrics.EWMATest
[INFO] Running com.codahale.metrics.SlidingTimeWindowReservoirTest
[INFO] Tests run: 3, Failures: 0, Errors: 0, Skipped: 0, Time elapsed: 1.621 s - in com.codahale.metrics.SlidingTimeWindowReservoirTest
[INFO] Running com.codahale.metrics.MeterApproximationTest
[INFO] Tests run: 12, Failures: 0, Errors: 0, Skipped: 0, Time elapsed: 0.054 s - in com.codahale.metrics.MeterApproximationTest
[INFO] Running com.codahale.metrics.Slf4jReporterTest
[INFO] Tests run: 16, Failures: 0, Errors: 0, Skipped: 0, Time elapsed: 0.134 s - in com.codahale.metrics.Slf4jReporterTest
[INFO] Running com.codahale.metrics.ExponentiallyDecayingReservoirTest
[INFO] Tests run: 12, Failures: 0, Errors: 0, Skipped: 0, Time elapsed: 0.043 s - in com.codahale.metrics.ExponentiallyDecayingReservoirTest
[INFO] Running com.codahale.metrics.CsvReporterTest
[INFO] Tests run: 7, Failures: 0, Errors: 0, Skipped: 0, Time elapsed: 0.033 s - in com.codahale.metrics.CsvReporterTest
[INFO] Running com.codahale.metrics.SlidingWindowReservoirTest
[INFO] Tests run: 2, Failures: 0, Errors: 0, Skipped: 0, Time elapsed: 0.001 s - in com.codahale.metrics.SlidingWindowReservoirTest
[INFO] Running com.codahale.metrics.ConsoleReporterTest
[INFO] Tests run: 8, Failures: 0, Errors: 0, Skipped: 0, Time elapsed: 0.041 s - in com.codahale.metrics.ConsoleReporterTest
[INFO] Running com.codahale.metrics.NoopMetricRegistryTest
[INFO] Tests run: 39, Failures: 0, Errors: 0, Skipped: 0, Time elapsed: 0.021 s - in com.codahale.metrics.NoopMetricRegistryTest
[INFO] Running com.codahale.metrics.UniformSnapshotTest
[INFO] Tests run: 25, Failures: 0, Errors: 0, Skipped: 0, Time elapsed: 0.007 s - in com.codahale.metrics.UniformSnapshotTest
[INFO] Running com.codahale.metrics.SlidingTimeWindowMovingAveragesTest
[INFO] Tests run: 9, Failures: 0, Errors: 0, Skipped: 0, Time elapsed: 0.023 s - in com.codahale.metrics.SlidingTimeWindowMovingAveragesTest
[INFO] Running com.codahale.metrics.DerivativeGaugeTest
[INFO] Tests run: 1, Failures: 0, Errors: 0, Skipped: 0, Time elapsed: 0.001 s - in com.codahale.metrics.DerivativeGaugeTest
[INFO] 
[INFO] Results:
[INFO] 
[INFO] Tests run: 294, Failures: 0, Errors: 0, Skipped: 0
[INFO] 
[INFO] 
[INFO] --------------< io.dropwizard.metrics:metrics-benchmarks >--------------
[INFO] Building Benchmarks for Metrics 4.1.30-SNAPSHOT                   [6/27]
[INFO] --------------------------------[ jar ]---------------------------------
[INFO] 
[INFO] --- maven-clean-plugin:2.5:clean (default-clean) @ metrics-benchmarks ---
[INFO] Deleting /home/gabsko/breaking-updates/metrics-benchmarks/target
[INFO] 
[INFO] --- maven-enforcer-plugin:1.4.1:enforce (enforce) @ metrics-benchmarks ---
[INFO] 
[INFO] --- jacoco-maven-plugin:0.8.7:prepare-agent (prepare-agent) @ metrics-benchmarks ---
[INFO] argLine set to -javaagent:/home/gabsko/.m2/repository/org/jacoco/org.jacoco.agent/0.8.7/org.jacoco.agent-0.8.7-runtime.jar=destfile=/home/gabsko/breaking-updates/metrics-benchmarks/target/jacoco.exec
[INFO] 
[INFO] --- maven-resources-plugin:2.6:resources (default-resources) @ metrics-benchmarks ---
[INFO] Using 'UTF-8' encoding to copy filtered resources.
[INFO] skip non existing resourceDirectory /home/gabsko/breaking-updates/metrics-benchmarks/src/main/resources
[INFO] 
[INFO] --- maven-compiler-plugin:3.8.1:compile (default-compile) @ metrics-benchmarks ---
[INFO] Changes detected - recompiling the module!
[INFO] Compiling 5 source files to /home/gabsko/breaking-updates/metrics-benchmarks/target/classes
[WARNING] bootstrap class path not set in conjunction with -source 8
[WARNING] /home/gabsko/breaking-updates/metrics-benchmarks/src/main/java/com/codahale/metrics/benchmarks/SlidingTimeWindowReservoirsBenchmark.java:[23,4] [MissingSummary] A summary line is required on public/protected Javadocs.
    (see https://google.github.io/styleguide/javaguide.html#s7.2-summary-fragment)
[INFO] 
[INFO] --- maven-resources-plugin:2.6:testResources (default-testResources) @ metrics-benchmarks ---
[INFO] Using 'UTF-8' encoding to copy filtered resources.
[INFO] skip non existing resourceDirectory /home/gabsko/breaking-updates/metrics-benchmarks/src/test/resources
[INFO] 
[INFO] --- maven-compiler-plugin:3.8.1:testCompile (default-testCompile) @ metrics-benchmarks ---
[INFO] No sources to compile
[INFO] 
[INFO] --- maven-surefire-plugin:2.22.2:test (default-test) @ metrics-benchmarks ---
[INFO] No tests to run.
[INFO] 
[INFO] ---------------< io.dropwizard.metrics:metrics-caffeine >---------------
[INFO] Building Metrics Integration for Caffeine 4.1.30-SNAPSHOT         [7/27]
[INFO] -------------------------------[ bundle ]-------------------------------
[INFO] 
[INFO] --- maven-clean-plugin:2.5:clean (default-clean) @ metrics-caffeine ---
[INFO] Deleting /home/gabsko/breaking-updates/metrics-caffeine/target
[INFO] 
[INFO] --- maven-enforcer-plugin:1.4.1:enforce (enforce) @ metrics-caffeine ---
[INFO] 
[INFO] --- jacoco-maven-plugin:0.8.7:prepare-agent (prepare-agent) @ metrics-caffeine ---
[INFO] argLine set to -javaagent:/home/gabsko/.m2/repository/org/jacoco/org.jacoco.agent/0.8.7/org.jacoco.agent-0.8.7-runtime.jar=destfile=/home/gabsko/breaking-updates/metrics-caffeine/target/jacoco.exec
[INFO] 
[INFO] --- maven-resources-plugin:3.3.0:resources (default-resources) @ metrics-caffeine ---
[INFO] skip non existing resourceDirectory /home/gabsko/breaking-updates/metrics-caffeine/src/main/resources
[INFO] 
[INFO] --- maven-compiler-plugin:3.8.1:compile (default-compile) @ metrics-caffeine ---
[INFO] Changes detected - recompiling the module!
[INFO] Compiling 1 source file to /home/gabsko/breaking-updates/metrics-caffeine/target/classes
[WARNING] bootstrap class path not set in conjunction with -source 8
[INFO] 
[INFO] --- maven-resources-plugin:3.3.0:testResources (default-testResources) @ metrics-caffeine ---
[INFO] skip non existing resourceDirectory /home/gabsko/breaking-updates/metrics-caffeine/src/test/resources
[INFO] 
[INFO] --- maven-compiler-plugin:3.8.1:testCompile (default-testCompile) @ metrics-caffeine ---
[INFO] Changes detected - recompiling the module!
[INFO] Compiling 1 source file to /home/gabsko/breaking-updates/metrics-caffeine/target/test-classes
[WARNING] bootstrap class path not set in conjunction with -source 8
[WARNING] /home/gabsko/breaking-updates/metrics-caffeine/src/test/java/com/codahale/metrics/caffeine/MetricsStatsCounterTest.java:[88,10] recordEviction() in com.codahale.metrics.caffeine.MetricsStatsCounter has been deprecated
[WARNING] /home/gabsko/breaking-updates/metrics-caffeine/src/test/java/com/codahale/metrics/caffeine/MetricsStatsCounterTest.java:[95,10] recordEviction(int) in com.codahale.metrics.caffeine.MetricsStatsCounter has been deprecated
[INFO] 
[INFO] --- maven-surefire-plugin:2.22.2:test (default-test) @ metrics-caffeine ---
[INFO] 
[INFO] -------------------------------------------------------
[INFO]  T E S T S
[INFO] -------------------------------------------------------
[INFO] Running com.codahale.metrics.caffeine.MetricsStatsCounterTest
[INFO] Tests run: 8, Failures: 0, Errors: 0, Skipped: 0, Time elapsed: 0.241 s - in com.codahale.metrics.caffeine.MetricsStatsCounterTest
[INFO] 
[INFO] Results:
[INFO] 
[INFO] Tests run: 8, Failures: 0, Errors: 0, Skipped: 0
[INFO] 
[INFO] 
[INFO] ---------------< io.dropwizard.metrics:metrics-collectd >---------------
[INFO] Building Metrics Integration for Collectd 4.1.30-SNAPSHOT         [8/27]
[INFO] -------------------------------[ bundle ]-------------------------------
[INFO] 
[INFO] --- maven-clean-plugin:2.5:clean (default-clean) @ metrics-collectd ---
[INFO] Deleting /home/gabsko/breaking-updates/metrics-collectd/target
[INFO] 
[INFO] --- maven-enforcer-plugin:1.4.1:enforce (enforce) @ metrics-collectd ---
[INFO] 
[INFO] --- jacoco-maven-plugin:0.8.7:prepare-agent (prepare-agent) @ metrics-collectd ---
[INFO] argLine set to -javaagent:/home/gabsko/.m2/repository/org/jacoco/org.jacoco.agent/0.8.7/org.jacoco.agent-0.8.7-runtime.jar=destfile=/home/gabsko/breaking-updates/metrics-collectd/target/jacoco.exec
[INFO] 
[INFO] --- maven-resources-plugin:3.3.0:resources (default-resources) @ metrics-collectd ---
[INFO] skip non existing resourceDirectory /home/gabsko/breaking-updates/metrics-collectd/src/main/resources
[INFO] 
[INFO] --- maven-compiler-plugin:3.8.1:compile (default-compile) @ metrics-collectd ---
[INFO] Changes detected - recompiling the module!
[INFO] Compiling 7 source files to /home/gabsko/breaking-updates/metrics-collectd/target/classes
[WARNING] bootstrap class path not set in conjunction with -source 8
[WARNING] /home/gabsko/breaking-updates/metrics-collectd/src/main/java/com/codahale/metrics/collectd/PacketWriter.java:[157,49] redundant cast to java.nio.ByteBuffer
[WARNING] /home/gabsko/breaking-updates/metrics-collectd/src/main/java/com/codahale/metrics/collectd/PacketWriter.java:[166,22] redundant cast to java.nio.ByteBuffer
[WARNING] /home/gabsko/breaking-updates/metrics-collectd/src/main/java/com/codahale/metrics/collectd/PacketWriter.java:[161,16] redundant cast to java.nio.ByteBuffer
[WARNING] /home/gabsko/breaking-updates/metrics-collectd/src/main/java/com/codahale/metrics/collectd/PacketWriter.java:[191,22] redundant cast to java.nio.ByteBuffer
[WARNING] /home/gabsko/breaking-updates/metrics-collectd/src/main/java/com/codahale/metrics/collectd/PacketWriter.java:[189,36] redundant cast to java.nio.ByteBuffer
[WARNING] /home/gabsko/breaking-updates/metrics-collectd/src/main/java/com/codahale/metrics/collectd/PacketWriter.java:[194,16] redundant cast to java.nio.ByteBuffer
[WARNING] /home/gabsko/breaking-updates/metrics-collectd/src/main/java/com/codahale/metrics/collectd/PacketWriter.java:[239,41] redundant cast to java.nio.ByteBuffer
[WARNING] /home/gabsko/breaking-updates/metrics-collectd/src/main/java/com/codahale/metrics/collectd/CollectdReporter.java:[182,37] [InconsistentCapitalization] Found the field 'hostName' with the same name as the parameter 'hostname' but with different capitalization.
    (see https://errorprone.info/bugpattern/InconsistentCapitalization)
  Did you mean 'String hostName, Sender sender,'?
[INFO] 
[INFO] --- maven-resources-plugin:3.3.0:testResources (default-testResources) @ metrics-collectd ---
[INFO] skip non existing resourceDirectory /home/gabsko/breaking-updates/metrics-collectd/src/test/resources
[INFO] 
[INFO] --- maven-compiler-plugin:3.8.1:testCompile (default-testCompile) @ metrics-collectd ---
[INFO] Changes detected - recompiling the module!
[INFO] Compiling 5 source files to /home/gabsko/breaking-updates/metrics-collectd/target/test-classes
[WARNING] bootstrap class path not set in conjunction with -source 8
[WARNING] /home/gabsko/breaking-updates/metrics-collectd/src/test/java/com/codahale/metrics/collectd/SanitizeTest.java:[24,77] [UnnecessaryParentheses] These grouping parentheses are unnecessary; it is unlikely the code will be misinterpreted without them
    (see https://errorprone.info/bugpattern/UnnecessaryParentheses)
  Did you mean 'assertThat(sanitize.name(longName)).isEqualTo(longName.substring(0,  Sanitize.DEFAULT_MAX_LENGTH));'?
[WARNING] /home/gabsko/breaking-updates/metrics-collectd/src/test/java/com/codahale/metrics/collectd/Receiver.java:[49,17] [CatchAndPrintStackTrace] Logging or rethrowing exceptions should usually be preferred to catching and calling printStackTrace
    (see https://errorprone.info/bugpattern/CatchAndPrintStackTrace)
[INFO] 
[INFO] --- maven-surefire-plugin:2.22.2:test (default-test) @ metrics-collectd ---
[INFO] 
[INFO] -------------------------------------------------------
[INFO]  T E S T S
[INFO] -------------------------------------------------------
[INFO] Running com.codahale.metrics.collectd.CollectdReporterSecurityTest
[INFO] Tests run: 2, Failures: 0, Errors: 0, Skipped: 0, Time elapsed: 0.242 s - in com.codahale.metrics.collectd.CollectdReporterSecurityTest
[INFO] Running com.codahale.metrics.collectd.CollectdReporterTest
[main] WARN com.codahale.metrics.collectd.CollectdReporter - Failed to process metric 'unsupported'. Unsupported gauge of type: java.lang.String 
java.net.SocketException: Socket closed
	at java.base/java.net.PlainDatagramSocketImpl.receive0(Native Method)
	at java.base/java.net.AbstractPlainDatagramSocketImpl.receive(AbstractPlainDatagramSocketImpl.java:200)
	at java.base/java.net.DatagramSocket.receive(DatagramSocket.java:814)
	at org.collectd.protocol.UdpReceiver.listen(UdpReceiver.java:266)
	at com.codahale.metrics.collectd.Receiver.lambda$before$0(Receiver.java:47)
	at java.base/java.lang.Thread.run(Thread.java:829)
[INFO] Tests run: 15, Failures: 0, Errors: 0, Skipped: 0, Time elapsed: 2.839 s - in com.codahale.metrics.collectd.CollectdReporterTest
[INFO] Running com.codahale.metrics.collectd.PacketWriterTest
[INFO] Tests run: 2, Failures: 0, Errors: 0, Skipped: 0, Time elapsed: 0.118 s - in com.codahale.metrics.collectd.PacketWriterTest
[INFO] Running com.codahale.metrics.collectd.SanitizeTest
[INFO] Tests run: 5, Failures: 0, Errors: 0, Skipped: 0, Time elapsed: 0.018 s - in com.codahale.metrics.collectd.SanitizeTest
[INFO] 
[INFO] Results:
[INFO] 
[INFO] Tests run: 24, Failures: 0, Errors: 0, Skipped: 0
[INFO] 
[INFO] 
[INFO] ---------------< io.dropwizard.metrics:metrics-ehcache >----------------
[INFO] Building Metrics Integration for Ehcache 4.1.30-SNAPSHOT          [9/27]
[INFO] -------------------------------[ bundle ]-------------------------------
[INFO] 
[INFO] --- maven-clean-plugin:2.5:clean (default-clean) @ metrics-ehcache ---
[INFO] Deleting /home/gabsko/breaking-updates/metrics-ehcache/target
[INFO] 
[INFO] --- maven-enforcer-plugin:1.4.1:enforce (enforce) @ metrics-ehcache ---
[INFO] 
[INFO] --- jacoco-maven-plugin:0.8.7:prepare-agent (prepare-agent) @ metrics-ehcache ---
[INFO] argLine set to -javaagent:/home/gabsko/.m2/repository/org/jacoco/org.jacoco.agent/0.8.7/org.jacoco.agent-0.8.7-runtime.jar=destfile=/home/gabsko/breaking-updates/metrics-ehcache/target/jacoco.exec
[INFO] 
[INFO] --- maven-resources-plugin:3.3.0:resources (default-resources) @ metrics-ehcache ---
[INFO] skip non existing resourceDirectory /home/gabsko/breaking-updates/metrics-ehcache/src/main/resources
[INFO] 
[INFO] --- maven-compiler-plugin:3.8.1:compile (default-compile) @ metrics-ehcache ---
[INFO] Changes detected - recompiling the module!
[INFO] Compiling 2 source files to /home/gabsko/breaking-updates/metrics-ehcache/target/classes
[WARNING] bootstrap class path not set in conjunction with -source 8
[INFO] 
[INFO] --- maven-resources-plugin:3.3.0:testResources (default-testResources) @ metrics-ehcache ---
[INFO] Copying 1 resource
[INFO] 
[INFO] --- maven-compiler-plugin:3.8.1:testCompile (default-testCompile) @ metrics-ehcache ---
[INFO] Changes detected - recompiling the module!
[INFO] Compiling 2 source files to /home/gabsko/breaking-updates/metrics-ehcache/target/test-classes
[WARNING] bootstrap class path not set in conjunction with -source 8
[INFO] 
[INFO] --- maven-surefire-plugin:2.22.2:test (default-test) @ metrics-ehcache ---
[INFO] 
[INFO] -------------------------------------------------------
[INFO]  T E S T S
[INFO] -------------------------------------------------------
[INFO] Running com.codahale.metrics.ehcache.InstrumentedEhcacheTest
[INFO] Tests run: 1, Failures: 0, Errors: 0, Skipped: 0, Time elapsed: 0.493 s - in com.codahale.metrics.ehcache.InstrumentedEhcacheTest
[INFO] Running com.codahale.metrics.ehcache.InstrumentedCacheDecoratorFactoryTest
[INFO] Tests run: 2, Failures: 0, Errors: 0, Skipped: 0, Time elapsed: 0.004 s - in com.codahale.metrics.ehcache.InstrumentedCacheDecoratorFactoryTest
[INFO] 
[INFO] Results:
[INFO] 
[INFO] Tests run: 3, Failures: 0, Errors: 0, Skipped: 0
[INFO] 
[INFO] 
[INFO] ---------------< io.dropwizard.metrics:metrics-graphite >---------------
[INFO] Building Graphite Integration for Metrics 4.1.30-SNAPSHOT        [10/27]
[INFO] -------------------------------[ bundle ]-------------------------------
[INFO] 
[INFO] --- maven-clean-plugin:2.5:clean (default-clean) @ metrics-graphite ---
[INFO] Deleting /home/gabsko/breaking-updates/metrics-graphite/target
[INFO] 
[INFO] --- maven-enforcer-plugin:1.4.1:enforce (enforce) @ metrics-graphite ---
[INFO] 
[INFO] --- jacoco-maven-plugin:0.8.7:prepare-agent (prepare-agent) @ metrics-graphite ---
[INFO] argLine set to -javaagent:/home/gabsko/.m2/repository/org/jacoco/org.jacoco.agent/0.8.7/org.jacoco.agent-0.8.7-runtime.jar=destfile=/home/gabsko/breaking-updates/metrics-graphite/target/jacoco.exec
[INFO] 
[INFO] --- maven-resources-plugin:3.3.0:resources (default-resources) @ metrics-graphite ---
[INFO] skip non existing resourceDirectory /home/gabsko/breaking-updates/metrics-graphite/src/main/resources
[INFO] 
[INFO] --- maven-compiler-plugin:3.8.1:compile (default-compile) @ metrics-graphite ---
[INFO] Changes detected - recompiling the module!
[INFO] Compiling 7 source files to /home/gabsko/breaking-updates/metrics-graphite/target/classes
[WARNING] bootstrap class path not set in conjunction with -source 8
[WARNING] /home/gabsko/breaking-updates/metrics-graphite/src/main/java/com/codahale/metrics/graphite/Graphite.java:[130,62] [OperatorPrecedence] Use grouping parenthesis to make the operator precedence explicit
    (see https://errorprone.info/bugpattern/OperatorPrecedence)
  Did you mean 'if (address == null || (address.getHostName() == null && hostname != null)) {'?
[WARNING] /home/gabsko/breaking-updates/metrics-graphite/src/main/java/com/codahale/metrics/graphite/GraphiteReporter.java:[252,49] [UnnecessaryLambda] Returning a lambda from a helper method or saving it in a constant is unnecessary; prefer to implement the functional interface method directly and use a method reference instead.
    (see https://errorprone.info/bugpattern/UnnecessaryLambda)
  Did you mean 'this.floatingPointFormatter = GraphiteReporter::defaultFpFormatter;'?
[INFO] 
[INFO] --- maven-resources-plugin:3.3.0:testResources (default-testResources) @ metrics-graphite ---
[INFO] Copying 1 resource
[INFO] 
[INFO] --- maven-compiler-plugin:3.8.1:testCompile (default-testCompile) @ metrics-graphite ---
[INFO] Changes detected - recompiling the module!
[INFO] Compiling 6 source files to /home/gabsko/breaking-updates/metrics-graphite/target/test-classes
[WARNING] bootstrap class path not set in conjunction with -source 8
[INFO] 
[INFO] --- maven-surefire-plugin:2.22.2:test (default-test) @ metrics-graphite ---
[INFO] 
[INFO] -------------------------------------------------------
[INFO]  T E S T S
[INFO] -------------------------------------------------------
[INFO] Running com.codahale.metrics.graphite.GraphiteUDPTest
[INFO] Tests run: 2, Failures: 0, Errors: 0, Skipped: 0, Time elapsed: 0.887 s - in com.codahale.metrics.graphite.GraphiteUDPTest
[INFO] Running com.codahale.metrics.graphite.GraphiteReporterTest
[main] WARN com.codahale.metrics.graphite.GraphiteReporter - Unable to report to Graphite
java.net.UnknownHostException: UNKNOWN-HOST
	at com.codahale.metrics.graphite.GraphiteReporter.report(GraphiteReporter.java:374)
	at com.codahale.metrics.graphite.GraphiteReporterTest.closesConnectionIfGraphiteIsUnavailable(GraphiteReporterTest.java:432)
	at java.base/jdk.internal.reflect.NativeMethodAccessorImpl.invoke0(Native Method)
	at java.base/jdk.internal.reflect.NativeMethodAccessorImpl.invoke(NativeMethodAccessorImpl.java:62)
	at java.base/jdk.internal.reflect.DelegatingMethodAccessorImpl.invoke(DelegatingMethodAccessorImpl.java:43)
	at java.base/java.lang.reflect.Method.invoke(Method.java:566)
	at org.junit.runners.model.FrameworkMethod$1.runReflectiveCall(FrameworkMethod.java:59)
	at org.junit.internal.runners.model.ReflectiveCallable.run(ReflectiveCallable.java:12)
	at org.junit.runners.model.FrameworkMethod.invokeExplosively(FrameworkMethod.java:56)
	at org.junit.internal.runners.statements.InvokeMethod.evaluate(InvokeMethod.java:17)
	at org.junit.internal.runners.statements.RunBefores.evaluate(RunBefores.java:26)
	at org.junit.runners.ParentRunner$3.evaluate(ParentRunner.java:306)
	at org.junit.runners.BlockJUnit4ClassRunner$1.evaluate(BlockJUnit4ClassRunner.java:100)
	at org.junit.runners.ParentRunner.runLeaf(ParentRunner.java:366)
	at org.junit.runners.BlockJUnit4ClassRunner.runChild(BlockJUnit4ClassRunner.java:103)
	at org.junit.runners.BlockJUnit4ClassRunner.runChild(BlockJUnit4ClassRunner.java:63)
	at org.junit.runners.ParentRunner$4.run(ParentRunner.java:331)
	at org.junit.runners.ParentRunner$1.schedule(ParentRunner.java:79)
	at org.junit.runners.ParentRunner.runChildren(ParentRunner.java:329)
	at org.junit.runners.ParentRunner.access$100(ParentRunner.java:66)
	at org.junit.runners.ParentRunner$2.evaluate(ParentRunner.java:293)
	at org.junit.runners.ParentRunner$3.evaluate(ParentRunner.java:306)
	at org.junit.runners.ParentRunner.run(ParentRunner.java:413)
	at org.apache.maven.surefire.junit4.JUnit4Provider.execute(JUnit4Provider.java:365)
	at org.apache.maven.surefire.junit4.JUnit4Provider.executeWithRerun(JUnit4Provider.java:273)
	at org.apache.maven.surefire.junit4.JUnit4Provider.executeTestSet(JUnit4Provider.java:238)
	at org.apache.maven.surefire.junit4.JUnit4Provider.invoke(JUnit4Provider.java:159)
	at org.apache.maven.surefire.booter.ForkedBooter.invokeProviderInSameClassLoader(ForkedBooter.java:384)
	at org.apache.maven.surefire.booter.ForkedBooter.runSuitesInProcess(ForkedBooter.java:345)
	at org.apache.maven.surefire.booter.ForkedBooter.execute(ForkedBooter.java:126)
	at org.apache.maven.surefire.booter.ForkedBooter.main(ForkedBooter.java:418)
[INFO] Tests run: 19, Failures: 0, Errors: 0, Skipped: 0, Time elapsed: 0.336 s - in com.codahale.metrics.graphite.GraphiteReporterTest
[INFO] Running com.codahale.metrics.graphite.GraphiteTest
[INFO] Tests run: 9, Failures: 0, Errors: 0, Skipped: 0, Time elapsed: 0.134 s - in com.codahale.metrics.graphite.GraphiteTest
[INFO] Running com.codahale.metrics.graphite.PickledGraphiteTest
[INFO] Tests run: 7, Failures: 0, Errors: 0, Skipped: 0, Time elapsed: 3.117 s - in com.codahale.metrics.graphite.PickledGraphiteTest
[INFO] Running com.codahale.metrics.graphite.GraphiteRabbitMQTest
[INFO] Tests run: 7, Failures: 0, Errors: 0, Skipped: 0, Time elapsed: 0.244 s - in com.codahale.metrics.graphite.GraphiteRabbitMQTest
[INFO] Running com.codahale.metrics.graphite.GraphiteSanitizeTest
[INFO] Tests run: 1, Failures: 0, Errors: 0, Skipped: 0, Time elapsed: 0.766 s - in com.codahale.metrics.graphite.GraphiteSanitizeTest
[INFO] 
[INFO] Results:
[INFO] 
[INFO] Tests run: 45, Failures: 0, Errors: 0, Skipped: 0
[INFO] 
[INFO] 
[INFO] -----------------< io.dropwizard.metrics:metrics-jvm >------------------
[INFO] Building JVM Integration for Metrics 4.1.30-SNAPSHOT             [11/27]
[INFO] -------------------------------[ bundle ]-------------------------------
[INFO] 
[INFO] --- maven-clean-plugin:2.5:clean (default-clean) @ metrics-jvm ---
[INFO] Deleting /home/gabsko/breaking-updates/metrics-jvm/target
[INFO] 
[INFO] --- maven-enforcer-plugin:1.4.1:enforce (enforce) @ metrics-jvm ---
[INFO] 
[INFO] --- jacoco-maven-plugin:0.8.7:prepare-agent (prepare-agent) @ metrics-jvm ---
[INFO] argLine set to -javaagent:/home/gabsko/.m2/repository/org/jacoco/org.jacoco.agent/0.8.7/org.jacoco.agent-0.8.7-runtime.jar=destfile=/home/gabsko/breaking-updates/metrics-jvm/target/jacoco.exec
[INFO] 
[INFO] --- maven-resources-plugin:3.3.0:resources (default-resources) @ metrics-jvm ---
[INFO] skip non existing resourceDirectory /home/gabsko/breaking-updates/metrics-jvm/src/main/resources
[INFO] 
[INFO] --- maven-compiler-plugin:3.8.1:compile (default-compile) @ metrics-jvm ---
[INFO] Changes detected - recompiling the module!
[INFO] Compiling 12 source files to /home/gabsko/breaking-updates/metrics-jvm/target/classes
[WARNING] bootstrap class path not set in conjunction with -source 8
[INFO] 
[INFO] --- maven-resources-plugin:3.3.0:testResources (default-testResources) @ metrics-jvm ---
[INFO] skip non existing resourceDirectory /home/gabsko/breaking-updates/metrics-jvm/src/test/resources
[INFO] 
[INFO] --- maven-compiler-plugin:3.8.1:testCompile (default-testCompile) @ metrics-jvm ---
[INFO] Changes detected - recompiling the module!
[INFO] Compiling 12 source files to /home/gabsko/breaking-updates/metrics-jvm/target/test-classes
[WARNING] bootstrap class path not set in conjunction with -source 8
[WARNING] /home/gabsko/breaking-updates/metrics-jvm/src/test/java/com/codahale/metrics/jvm/FileDescriptorRatioGaugeSunManagementNotExistsTest.java:[61,43] [URLEqualsHashCode] Avoid hash-based containers of java.net.URL--the containers rely on equals() and hashCode(), which cause java.net.URL to make blocking internet connections.
    (see https://errorprone.info/bugpattern/URLEqualsHashCode)
[WARNING] /home/gabsko/breaking-updates/metrics-jvm/src/test/java/com/codahale/metrics/jvm/ThreadDumpTest.java:[45,35] [DefaultCharset] Implicit use of the platform default charset, which can result in differing behaviour between JVM executions or incorrect behavior if the encoding of the data source doesn't match expectations.
    (see https://errorprone.info/bugpattern/DefaultCharset)
  Did you mean 'assertThat(output.toString(UTF_8))' or 'assertThat(output.toString(Charset.defaultCharset()))'?
[INFO] 
[INFO] --- maven-surefire-plugin:2.22.2:test (default-test) @ metrics-jvm ---
[INFO] 
[INFO] -------------------------------------------------------
[INFO]  T E S T S
[INFO] -------------------------------------------------------
[INFO] Running com.codahale.metrics.jvm.ThreadDeadlockDetectorTest
[INFO] Tests run: 3, Failures: 0, Errors: 0, Skipped: 0, Time elapsed: 0.863 s - in com.codahale.metrics.jvm.ThreadDeadlockDetectorTest
[INFO] Running com.codahale.metrics.jvm.ClassLoadingGaugeSetTest
[INFO] Tests run: 2, Failures: 0, Errors: 0, Skipped: 0, Time elapsed: 0.018 s - in com.codahale.metrics.jvm.ClassLoadingGaugeSetTest
[INFO] Running com.codahale.metrics.jvm.FileDescriptorRatioGaugeTest
[INFO] Tests run: 3, Failures: 0, Errors: 0, Skipped: 0, Time elapsed: 0.034 s - in com.codahale.metrics.jvm.FileDescriptorRatioGaugeTest
[INFO] Running com.codahale.metrics.jvm.GarbageCollectorMetricSetTest
[INFO] Tests run: 4, Failures: 0, Errors: 0, Skipped: 0, Time elapsed: 0.034 s - in com.codahale.metrics.jvm.GarbageCollectorMetricSetTest
[INFO] Running com.codahale.metrics.jvm.BufferPoolMetricSetTest
[INFO] Tests run: 8, Failures: 0, Errors: 0, Skipped: 0, Time elapsed: 0.066 s - in com.codahale.metrics.jvm.BufferPoolMetricSetTest
[INFO] Running com.codahale.metrics.jvm.MemoryUsageGaugeSetTest
[INFO] Tests run: 23, Failures: 0, Errors: 0, Skipped: 0, Time elapsed: 0.096 s - in com.codahale.metrics.jvm.MemoryUsageGaugeSetTest
[INFO] Running com.codahale.metrics.jvm.ThreadStatesGaugeSetTest
[INFO] Tests run: 9, Failures: 0, Errors: 0, Skipped: 0, Time elapsed: 0.021 s - in com.codahale.metrics.jvm.ThreadStatesGaugeSetTest
[INFO] Running com.codahale.metrics.jvm.FileDescriptorRatioGaugeSunManagementNotExistsTest
[INFO] Tests run: 1, Failures: 0, Errors: 0, Skipped: 0, Time elapsed: 0.003 s - in com.codahale.metrics.jvm.FileDescriptorRatioGaugeSunManagementNotExistsTest
[INFO] Running com.codahale.metrics.jvm.ThreadDumpTest
[INFO] Tests run: 1, Failures: 0, Errors: 0, Skipped: 0, Time elapsed: 0.007 s - in com.codahale.metrics.jvm.ThreadDumpTest
[INFO] Running com.codahale.metrics.jvm.JmxAttributeGaugeTest
[INFO] Tests run: 5, Failures: 0, Errors: 0, Skipped: 0, Time elapsed: 0.068 s - in com.codahale.metrics.jvm.JmxAttributeGaugeTest
[INFO] Running com.codahale.metrics.jvm.CpuTimeClockTest
[INFO] Tests run: 1, Failures: 0, Errors: 0, Skipped: 0, Time elapsed: 0.002 s - in com.codahale.metrics.jvm.CpuTimeClockTest
[INFO] Running com.codahale.metrics.jvm.JvmAttributeGaugeSetTest
[INFO] Tests run: 5, Failures: 0, Errors: 0, Skipped: 0, Time elapsed: 0.019 s - in com.codahale.metrics.jvm.JvmAttributeGaugeSetTest
[INFO] 
[INFO] Results:
[INFO] 
[INFO] Tests run: 65, Failures: 0, Errors: 0, Skipped: 0
[INFO] 
[INFO] 
[INFO] -------------< io.dropwizard.metrics:metrics-healthchecks >-------------
[INFO] Building Metrics Health Checks 4.1.30-SNAPSHOT                   [12/27]
[INFO] -------------------------------[ bundle ]-------------------------------
[INFO] 
[INFO] --- maven-clean-plugin:2.5:clean (default-clean) @ metrics-healthchecks ---
[INFO] Deleting /home/gabsko/breaking-updates/metrics-healthchecks/target
[INFO] 
[INFO] --- maven-enforcer-plugin:1.4.1:enforce (enforce) @ metrics-healthchecks ---
[INFO] 
[INFO] --- jacoco-maven-plugin:0.8.7:prepare-agent (prepare-agent) @ metrics-healthchecks ---
[INFO] argLine set to -javaagent:/home/gabsko/.m2/repository/org/jacoco/org.jacoco.agent/0.8.7/org.jacoco.agent-0.8.7-runtime.jar=destfile=/home/gabsko/breaking-updates/metrics-healthchecks/target/jacoco.exec
[INFO] 
[INFO] --- maven-resources-plugin:3.3.0:resources (default-resources) @ metrics-healthchecks ---
[INFO] skip non existing resourceDirectory /home/gabsko/breaking-updates/metrics-healthchecks/src/main/resources
[INFO] 
[INFO] --- maven-compiler-plugin:3.8.1:compile (default-compile) @ metrics-healthchecks ---
[INFO] Changes detected - recompiling the module!
[INFO] Compiling 8 source files to /home/gabsko/breaking-updates/metrics-healthchecks/target/classes
[WARNING] bootstrap class path not set in conjunction with -source 8
[WARNING] /home/gabsko/breaking-updates/metrics-healthchecks/src/main/java/com/codahale/metrics/health/HealthCheck.java:[57,30] [AnnotateFormatMethod] This method passes a pair of parameters through to String.format, but the enclosing method wasn't annotated @FormatMethod. Doing so gives compile-time rather than run-time protection against malformed format strings.
    (see https://errorprone.info/bugpattern/AnnotateFormatMethod)
[WARNING] /home/gabsko/breaking-updates/metrics-healthchecks/src/main/java/com/codahale/metrics/health/HealthCheck.java:[81,30] [AnnotateFormatMethod] This method passes a pair of parameters through to String.format, but the enclosing method wasn't annotated @FormatMethod. Doing so gives compile-time rather than run-time protection against malformed format strings.
    (see https://errorprone.info/bugpattern/AnnotateFormatMethod)
[WARNING] /home/gabsko/breaking-updates/metrics-healthchecks/src/main/java/com/codahale/metrics/health/HealthCheck.java:[201,24] [EqualsGetClass] Prefer instanceof to getClass when implementing Object#equals.
    (see https://errorprone.info/bugpattern/EqualsGetClass)
  Did you mean 'if (!(o instanceof Result)) {'?
[WARNING] /home/gabsko/breaking-updates/metrics-healthchecks/src/main/java/com/codahale/metrics/health/HealthCheck.java:[220,39] [UnnecessaryParentheses] These grouping parentheses are unnecessary; it is unlikely the code will be misinterpreted without them
    (see https://errorprone.info/bugpattern/UnnecessaryParentheses)
  Did you mean 'result = PRIME * result +  Long.hashCode(time);'?
[WARNING] /home/gabsko/breaking-updates/metrics-healthchecks/src/main/java/com/codahale/metrics/health/HealthCheck.java:[318,30] [AnnotateFormatMethod] This method passes a pair of parameters through to String.format, but the enclosing method wasn't annotated @FormatMethod. Doing so gives compile-time rather than run-time protection against malformed format strings.
    (see https://errorprone.info/bugpattern/AnnotateFormatMethod)
[WARNING] /home/gabsko/breaking-updates/metrics-healthchecks/src/main/java/com/codahale/metrics/health/HealthCheckRegistry.java:[284,30] [ThreadPriorityCheck] Relying on the thread scheduler is discouraged.
    (see https://errorprone.info/bugpattern/ThreadPriorityCheck)
[INFO] 
[INFO] --- maven-resources-plugin:3.3.0:testResources (default-testResources) @ metrics-healthchecks ---
[INFO] skip non existing resourceDirectory /home/gabsko/breaking-updates/metrics-healthchecks/src/test/resources
[INFO] 
[INFO] --- maven-compiler-plugin:3.8.1:testCompile (default-testCompile) @ metrics-healthchecks ---
[INFO] Changes detected - recompiling the module!
[INFO] Compiling 6 source files to /home/gabsko/breaking-updates/metrics-healthchecks/target/test-classes
[WARNING] bootstrap class path not set in conjunction with -source 8
[WARNING] /home/gabsko/breaking-updates/metrics-healthchecks/src/test/java/com/codahale/metrics/health/SharedHealthCheckRegistriesTest.java:[15,67] none() in org.junit.rules.ExpectedException has been deprecated
[WARNING] /home/gabsko/breaking-updates/metrics-healthchecks/src/test/java/com/codahale/metrics/health/HealthCheckTest.java:[234,51] [JavaTimeDefaultTimeZone] ZonedDateTime.now() is not allowed because it silently uses the system default time-zone. You must pass an explicit time-zone (e.g., ZoneId.of("America/Los_Angeles")) to this method.
    (see https://errorprone.info/bugpattern/JavaTimeDefaultTimeZone)
  Did you mean 'ZonedDateTime dateTime = ZonedDateTime.now(ZoneId.systemDefault()).minusMinutes(10);'?
[WARNING] /home/gabsko/breaking-updates/metrics-healthchecks/src/test/java/com/codahale/metrics/health/HealthCheckTest.java:[252,51] [JavaTimeDefaultTimeZone] ZonedDateTime.now() is not allowed because it silently uses the system default time-zone. You must pass an explicit time-zone (e.g., ZoneId.of("America/Los_Angeles")) to this method.
    (see https://errorprone.info/bugpattern/JavaTimeDefaultTimeZone)
  Did you mean 'ZonedDateTime dateTime = ZonedDateTime.now(ZoneId.systemDefault()).minusMinutes(25);'?
[INFO] 
[INFO] --- maven-surefire-plugin:2.22.2:test (default-test) @ metrics-healthchecks ---
[INFO] 
[INFO] -------------------------------------------------------
[INFO]  T E S T S
[INFO] -------------------------------------------------------
[INFO] Running com.codahale.metrics.health.HealthCheckRegistryTest
[INFO] Tests run: 17, Failures: 0, Errors: 0, Skipped: 0, Time elapsed: 0.948 s - in com.codahale.metrics.health.HealthCheckRegistryTest
[INFO] Running com.codahale.metrics.health.SharedHealthCheckRegistriesTest
[INFO] Tests run: 9, Failures: 0, Errors: 0, Skipped: 0, Time elapsed: 0.01 s - in com.codahale.metrics.health.SharedHealthCheckRegistriesTest
[INFO] Running com.codahale.metrics.health.HealthCheckTest
[INFO] Tests run: 14, Failures: 0, Errors: 0, Skipped: 0, Time elapsed: 0.045 s - in com.codahale.metrics.health.HealthCheckTest
[INFO] Running com.codahale.metrics.health.HealthCheckFilterTest
[INFO] Tests run: 1, Failures: 0, Errors: 0, Skipped: 0, Time elapsed: 0 s - in com.codahale.metrics.health.HealthCheckFilterTest
[INFO] Running com.codahale.metrics.health.jvm.ThreadDeadlockHealthCheckTest
[INFO] Tests run: 3, Failures: 0, Errors: 0, Skipped: 0, Time elapsed: 0.012 s - in com.codahale.metrics.health.jvm.ThreadDeadlockHealthCheckTest
[INFO] Running com.codahale.metrics.health.AsyncHealthCheckDecoratorTest
[INFO] Tests run: 15, Failures: 0, Errors: 0, Skipped: 0, Time elapsed: 0.011 s - in com.codahale.metrics.health.AsyncHealthCheckDecoratorTest
[INFO] 
[INFO] Results:
[INFO] 
[INFO] Tests run: 59, Failures: 0, Errors: 0, Skipped: 0
[INFO] 
[INFO] 
[INFO] --------------< io.dropwizard.metrics:metrics-httpclient >--------------
[INFO] Building Metrics Integration for Apache HttpClient 4.1.30-SNAPSHOT [13/27]
[INFO] -------------------------------[ bundle ]-------------------------------
[INFO] 
[INFO] --- maven-clean-plugin:2.5:clean (default-clean) @ metrics-httpclient ---
[INFO] Deleting /home/gabsko/breaking-updates/metrics-httpclient/target
[INFO] 
[INFO] --- maven-enforcer-plugin:1.4.1:enforce (enforce) @ metrics-httpclient ---
[INFO] 
[INFO] --- jacoco-maven-plugin:0.8.7:prepare-agent (prepare-agent) @ metrics-httpclient ---
[INFO] argLine set to -javaagent:/home/gabsko/.m2/repository/org/jacoco/org.jacoco.agent/0.8.7/org.jacoco.agent-0.8.7-runtime.jar=destfile=/home/gabsko/breaking-updates/metrics-httpclient/target/jacoco.exec
[INFO] 
[INFO] --- maven-resources-plugin:3.3.0:resources (default-resources) @ metrics-httpclient ---
[INFO] skip non existing resourceDirectory /home/gabsko/breaking-updates/metrics-httpclient/src/main/resources
[INFO] 
[INFO] --- maven-compiler-plugin:3.8.1:compile (default-compile) @ metrics-httpclient ---
[INFO] Changes detected - recompiling the module!
[INFO] Compiling 5 source files to /home/gabsko/breaking-updates/metrics-httpclient/target/classes
[WARNING] bootstrap class path not set in conjunction with -source 8
[INFO] 
[INFO] --- maven-resources-plugin:3.3.0:testResources (default-testResources) @ metrics-httpclient ---
[INFO] skip non existing resourceDirectory /home/gabsko/breaking-updates/metrics-httpclient/src/test/resources
[INFO] 
[INFO] --- maven-compiler-plugin:3.8.1:testCompile (default-testCompile) @ metrics-httpclient ---
[INFO] Changes detected - recompiling the module!
[INFO] Compiling 3 source files to /home/gabsko/breaking-updates/metrics-httpclient/target/test-classes
[WARNING] bootstrap class path not set in conjunction with -source 8
[WARNING] /home/gabsko/breaking-updates/metrics-httpclient/src/test/java/com/codahale/metrics/httpclient/HttpClientMetricNameStrategiesTest.java:[25,9] <T>assertThat(T,org.hamcrest.Matcher<? super T>) in org.junit.Assert has been deprecated
[WARNING] /home/gabsko/breaking-updates/metrics-httpclient/src/test/java/com/codahale/metrics/httpclient/HttpClientMetricNameStrategiesTest.java:[31,9] <T>assertThat(T,org.hamcrest.Matcher<? super T>) in org.junit.Assert has been deprecated
[WARNING] /home/gabsko/breaking-updates/metrics-httpclient/src/test/java/com/codahale/metrics/httpclient/HttpClientMetricNameStrategiesTest.java:[37,9] <T>assertThat(T,org.hamcrest.Matcher<? super T>) in org.junit.Assert has been deprecated
[WARNING] /home/gabsko/breaking-updates/metrics-httpclient/src/test/java/com/codahale/metrics/httpclient/HttpClientMetricNameStrategiesTest.java:[43,9] <T>assertThat(T,org.hamcrest.Matcher<? super T>) in org.junit.Assert has been deprecated
[WARNING] /home/gabsko/breaking-updates/metrics-httpclient/src/test/java/com/codahale/metrics/httpclient/HttpClientMetricNameStrategiesTest.java:[51,9] <T>assertThat(T,org.hamcrest.Matcher<? super T>) in org.junit.Assert has been deprecated
[WARNING] /home/gabsko/breaking-updates/metrics-httpclient/src/test/java/com/codahale/metrics/httpclient/HttpClientMetricNameStrategiesTest.java:[59,9] <T>assertThat(T,org.hamcrest.Matcher<? super T>) in org.junit.Assert has been deprecated
[WARNING] /home/gabsko/breaking-updates/metrics-httpclient/src/test/java/com/codahale/metrics/httpclient/HttpClientMetricNameStrategiesTest.java:[65,9] <T>assertThat(T,org.hamcrest.Matcher<? super T>) in org.junit.Assert has been deprecated
[WARNING] /home/gabsko/breaking-updates/metrics-httpclient/src/test/java/com/codahale/metrics/httpclient/HttpClientMetricNameStrategiesTest.java:[71,9] <T>assertThat(T,org.hamcrest.Matcher<? super T>) in org.junit.Assert has been deprecated
[WARNING] /home/gabsko/breaking-updates/metrics-httpclient/src/test/java/com/codahale/metrics/httpclient/HttpClientMetricNameStrategiesTest.java:[78,9] <T>assertThat(T,org.hamcrest.Matcher<? super T>) in org.junit.Assert has been deprecated
[WARNING] /home/gabsko/breaking-updates/metrics-httpclient/src/test/java/com/codahale/metrics/httpclient/HttpClientMetricNameStrategiesTest.java:[85,9] <T>assertThat(T,org.hamcrest.Matcher<? super T>) in org.junit.Assert has been deprecated
[WARNING] /home/gabsko/breaking-updates/metrics-httpclient/src/test/java/com/codahale/metrics/httpclient/HttpClientMetricNameStrategiesTest.java:[91,9] <T>assertThat(T,org.hamcrest.Matcher<? super T>) in org.junit.Assert has been deprecated
[WARNING] /home/gabsko/breaking-updates/metrics-httpclient/src/test/java/com/codahale/metrics/httpclient/HttpClientMetricNameStrategiesTest.java:[100,9] <T>assertThat(T,org.hamcrest.Matcher<? super T>) in org.junit.Assert has been deprecated
[WARNING] /home/gabsko/breaking-updates/metrics-httpclient/src/test/java/com/codahale/metrics/httpclient/HttpClientMetricNameStrategiesTest.java:[108,27] rewriteURI(java.net.URI,org.apache.http.HttpHost,boolean) in org.apache.http.client.utils.URIUtils has been deprecated
[INFO] 
[INFO] --- maven-surefire-plugin:2.22.2:test (default-test) @ metrics-httpclient ---
[INFO] 
[INFO] -------------------------------------------------------
[INFO]  T E S T S
[INFO] -------------------------------------------------------
[INFO] Running com.codahale.metrics.httpclient.InstrumentedHttpClientsTest
[INFO] Tests run: 2, Failures: 0, Errors: 0, Skipped: 0, Time elapsed: 1.45 s - in com.codahale.metrics.httpclient.InstrumentedHttpClientsTest
[INFO] Running com.codahale.metrics.httpclient.InstrumentedHttpClientConnectionManagerTest
[INFO] Tests run: 2, Failures: 0, Errors: 0, Skipped: 0, Time elapsed: 0.143 s - in com.codahale.metrics.httpclient.InstrumentedHttpClientConnectionManagerTest
[INFO] Running com.codahale.metrics.httpclient.HttpClientMetricNameStrategiesTest
[INFO] Tests run: 12, Failures: 0, Errors: 0, Skipped: 0, Time elapsed: 0.014 s - in com.codahale.metrics.httpclient.HttpClientMetricNameStrategiesTest
[INFO] 
[INFO] Results:
[INFO] 
[INFO] Tests run: 16, Failures: 0, Errors: 0, Skipped: 0
[INFO] 
[INFO] 
[INFO] -------------< io.dropwizard.metrics:metrics-httpclient5 >--------------
[INFO] Building Metrics Integration for Apache HttpClient 5.x 4.1.30-SNAPSHOT [14/27]
[INFO] -------------------------------[ bundle ]-------------------------------
[INFO] 
[INFO] --- maven-clean-plugin:2.5:clean (default-clean) @ metrics-httpclient5 ---
[INFO] Deleting /home/gabsko/breaking-updates/metrics-httpclient5/target
[INFO] 
[INFO] --- maven-enforcer-plugin:1.4.1:enforce (enforce) @ metrics-httpclient5 ---
[INFO] 
[INFO] --- jacoco-maven-plugin:0.8.7:prepare-agent (prepare-agent) @ metrics-httpclient5 ---
[INFO] argLine set to -javaagent:/home/gabsko/.m2/repository/org/jacoco/org.jacoco.agent/0.8.7/org.jacoco.agent-0.8.7-runtime.jar=destfile=/home/gabsko/breaking-updates/metrics-httpclient5/target/jacoco.exec
[INFO] 
[INFO] --- maven-resources-plugin:3.3.0:resources (default-resources) @ metrics-httpclient5 ---
[INFO] skip non existing resourceDirectory /home/gabsko/breaking-updates/metrics-httpclient5/src/main/resources
[INFO] 
[INFO] --- maven-compiler-plugin:3.8.1:compile (default-compile) @ metrics-httpclient5 ---
[INFO] Changes detected - recompiling the module!
[INFO] Compiling 8 source files to /home/gabsko/breaking-updates/metrics-httpclient5/target/classes
[WARNING] bootstrap class path not set in conjunction with -source 8
[INFO] 
[INFO] --- maven-resources-plugin:3.3.0:testResources (default-testResources) @ metrics-httpclient5 ---
[INFO] skip non existing resourceDirectory /home/gabsko/breaking-updates/metrics-httpclient5/src/test/resources
[INFO] 
[INFO] --- maven-compiler-plugin:3.8.1:testCompile (default-testCompile) @ metrics-httpclient5 ---
[INFO] Changes detected - recompiling the module!
[INFO] Compiling 5 source files to /home/gabsko/breaking-updates/metrics-httpclient5/target/test-classes
[WARNING] bootstrap class path not set in conjunction with -source 8
[WARNING] /home/gabsko/breaking-updates/metrics-httpclient5/src/test/java/com/codahale/metrics/httpclient5/InstrumentedHttpAsyncClientsTest.java:[9,48] org.apache.hc.client5.http.async.methods.SimpleHttpRequests in org.apache.hc.client5.http.async.methods has been deprecated
[WARNING] /home/gabsko/breaking-updates/metrics-httpclient5/src/test/java/com/codahale/metrics/httpclient5/InstrumentedHttpAsyncClientsTest.java:[77,43] org.apache.hc.client5.http.async.methods.SimpleHttpRequests in org.apache.hc.client5.http.async.methods has been deprecated
[WARNING] /home/gabsko/breaking-updates/metrics-httpclient5/src/test/java/com/codahale/metrics/httpclient5/InstrumentedHttpAsyncClientsTest.java:[117,43] org.apache.hc.client5.http.async.methods.SimpleHttpRequests in org.apache.hc.client5.http.async.methods has been deprecated
[WARNING] /home/gabsko/breaking-updates/metrics-httpclient5/src/test/java/com/codahale/metrics/httpclient5/InstrumentedHttpAsyncClientsTest.java:[163,43] org.apache.hc.client5.http.async.methods.SimpleHttpRequests in org.apache.hc.client5.http.async.methods has been deprecated
[WARNING] /home/gabsko/breaking-updates/metrics-httpclient5/src/test/java/com/codahale/metrics/httpclient5/HttpClientMetricNameStrategiesTest.java:[24,9] <T>assertThat(T,org.hamcrest.Matcher<? super T>) in org.junit.Assert has been deprecated
[WARNING] /home/gabsko/breaking-updates/metrics-httpclient5/src/test/java/com/codahale/metrics/httpclient5/HttpClientMetricNameStrategiesTest.java:[30,9] <T>assertThat(T,org.hamcrest.Matcher<? super T>) in org.junit.Assert has been deprecated
[WARNING] /home/gabsko/breaking-updates/metrics-httpclient5/src/test/java/com/codahale/metrics/httpclient5/HttpClientMetricNameStrategiesTest.java:[36,9] <T>assertThat(T,org.hamcrest.Matcher<? super T>) in org.junit.Assert has been deprecated
[WARNING] /home/gabsko/breaking-updates/metrics-httpclient5/src/test/java/com/codahale/metrics/httpclient5/HttpClientMetricNameStrategiesTest.java:[42,9] <T>assertThat(T,org.hamcrest.Matcher<? super T>) in org.junit.Assert has been deprecated
[WARNING] /home/gabsko/breaking-updates/metrics-httpclient5/src/test/java/com/codahale/metrics/httpclient5/HttpClientMetricNameStrategiesTest.java:[50,9] <T>assertThat(T,org.hamcrest.Matcher<? super T>) in org.junit.Assert has been deprecated
[WARNING] /home/gabsko/breaking-updates/metrics-httpclient5/src/test/java/com/codahale/metrics/httpclient5/HttpClientMetricNameStrategiesTest.java:[58,9] <T>assertThat(T,org.hamcrest.Matcher<? super T>) in org.junit.Assert has been deprecated
[WARNING] /home/gabsko/breaking-updates/metrics-httpclient5/src/test/java/com/codahale/metrics/httpclient5/HttpClientMetricNameStrategiesTest.java:[64,9] <T>assertThat(T,org.hamcrest.Matcher<? super T>) in org.junit.Assert has been deprecated
[WARNING] /home/gabsko/breaking-updates/metrics-httpclient5/src/test/java/com/codahale/metrics/httpclient5/HttpClientMetricNameStrategiesTest.java:[73,9] <T>assertThat(T,org.hamcrest.Matcher<? super T>) in org.junit.Assert has been deprecated
[WARNING] /home/gabsko/breaking-updates/metrics-httpclient5/src/test/java/com/codahale/metrics/httpclient5/HttpClientMetricNameStrategiesTest.java:[81,27] rewriteURI(java.net.URI,org.apache.hc.core5.http.HttpHost,boolean) in org.apache.hc.client5.http.utils.URIUtils has been deprecated
[INFO] 
[INFO] --- maven-surefire-plugin:2.22.2:test (default-test) @ metrics-httpclient5 ---
[INFO] 
[INFO] -------------------------------------------------------
[INFO]  T E S T S
[INFO] -------------------------------------------------------
[INFO] Running com.codahale.metrics.httpclient5.InstrumentedHttpClientsTest
[INFO] Tests run: 2, Failures: 0, Errors: 0, Skipped: 0, Time elapsed: 1.488 s - in com.codahale.metrics.httpclient5.InstrumentedHttpClientsTest
[INFO] Running com.codahale.metrics.httpclient5.InstrumentedAsyncClientConnectionManagerTest
[INFO] Tests run: 2, Failures: 0, Errors: 0, Skipped: 0, Time elapsed: 0.155 s - in com.codahale.metrics.httpclient5.InstrumentedAsyncClientConnectionManagerTest
[INFO] Running com.codahale.metrics.httpclient5.InstrumentedHttpClientConnectionManagerTest
[INFO] Tests run: 2, Failures: 0, Errors: 0, Skipped: 0, Time elapsed: 0.002 s - in com.codahale.metrics.httpclient5.InstrumentedHttpClientConnectionManagerTest
[INFO] Running com.codahale.metrics.httpclient5.HttpClientMetricNameStrategiesTest
[INFO] Tests run: 8, Failures: 0, Errors: 0, Skipped: 0, Time elapsed: 0.029 s - in com.codahale.metrics.httpclient5.HttpClientMetricNameStrategiesTest
[INFO] Running com.codahale.metrics.httpclient5.InstrumentedHttpAsyncClientsTest
[INFO] Tests run: 3, Failures: 0, Errors: 0, Skipped: 0, Time elapsed: 0.521 s - in com.codahale.metrics.httpclient5.InstrumentedHttpAsyncClientsTest
[INFO] 
[INFO] Results:
[INFO] 
[INFO] Tests run: 17, Failures: 0, Errors: 0, Skipped: 0
[INFO] 
[INFO] 
[INFO] -----------< io.dropwizard.metrics:metrics-httpasyncclient >------------
[INFO] Building Metrics Integration for Apache HttpAsyncClient 4.1.30-SNAPSHOT [15/27]
[INFO] -------------------------------[ bundle ]-------------------------------
[INFO] 
[INFO] --- maven-clean-plugin:2.5:clean (default-clean) @ metrics-httpasyncclient ---
[INFO] Deleting /home/gabsko/breaking-updates/metrics-httpasyncclient/target
[INFO] 
[INFO] --- maven-enforcer-plugin:1.4.1:enforce (enforce) @ metrics-httpasyncclient ---
[INFO] 
[INFO] --- jacoco-maven-plugin:0.8.7:prepare-agent (prepare-agent) @ metrics-httpasyncclient ---
[INFO] argLine set to -javaagent:/home/gabsko/.m2/repository/org/jacoco/org.jacoco.agent/0.8.7/org.jacoco.agent-0.8.7-runtime.jar=destfile=/home/gabsko/breaking-updates/metrics-httpasyncclient/target/jacoco.exec
[INFO] 
[INFO] --- maven-resources-plugin:3.3.0:resources (default-resources) @ metrics-httpasyncclient ---
[INFO] skip non existing resourceDirectory /home/gabsko/breaking-updates/metrics-httpasyncclient/src/main/resources
[INFO] 
[INFO] --- maven-compiler-plugin:3.8.1:compile (default-compile) @ metrics-httpasyncclient ---
[INFO] Changes detected - recompiling the module!
[INFO] Compiling 2 source files to /home/gabsko/breaking-updates/metrics-httpasyncclient/target/classes
[WARNING] bootstrap class path not set in conjunction with -source 8
[INFO] 
[INFO] --- maven-resources-plugin:3.3.0:testResources (default-testResources) @ metrics-httpasyncclient ---
[INFO] skip non existing resourceDirectory /home/gabsko/breaking-updates/metrics-httpasyncclient/src/test/resources
[INFO] 
[INFO] --- maven-compiler-plugin:3.8.1:testCompile (default-testCompile) @ metrics-httpasyncclient ---
[INFO] Changes detected - recompiling the module!
[INFO] Compiling 3 source files to /home/gabsko/breaking-updates/metrics-httpasyncclient/target/test-classes
[WARNING] bootstrap class path not set in conjunction with -source 8
[WARNING] /home/gabsko/breaking-updates/metrics-httpasyncclient/src/test/java/com/codahale/metrics/httpasyncclient/HttpClientTestBase.java:[26,8] [MissingSummary] A summary fragment is required; consider using the value of the @return block as a summary fragment instead.
    (see https://google.github.io/styleguide/javaguide.html#s7.2-summary-fragment)
  Did you mean '*Returns a free local port or {@code -1} on error.'?
[INFO] 
[INFO] --- maven-surefire-plugin:2.22.2:test (default-test) @ metrics-httpasyncclient ---
[INFO] 
[INFO] -------------------------------------------------------
[INFO]  T E S T S
[INFO] -------------------------------------------------------
[INFO] Running com.codahale.metrics.httpasyncclient.InstrumentedHttpClientsTimerTest
[WARNING] Tests run: 1, Failures: 0, Errors: 0, Skipped: 1, Time elapsed: 0.028 s - in com.codahale.metrics.httpasyncclient.InstrumentedHttpClientsTimerTest
[INFO] Running com.codahale.metrics.httpasyncclient.InstrumentedHttpClientsTest
[INFO] Tests run: 1, Failures: 0, Errors: 0, Skipped: 0, Time elapsed: 1.537 s - in com.codahale.metrics.httpasyncclient.InstrumentedHttpClientsTest
[INFO] 
[INFO] Results:
[INFO] 
[WARNING] Tests run: 2, Failures: 0, Errors: 0, Skipped: 1
[INFO] 
[INFO] 
[INFO] ----------------< io.dropwizard.metrics:metrics-jcache >----------------
[INFO] Building Metrics Integration for JCache 4.1.30-SNAPSHOT          [16/27]
[INFO] -------------------------------[ bundle ]-------------------------------
[INFO] 
[INFO] --- maven-clean-plugin:2.5:clean (default-clean) @ metrics-jcache ---
[INFO] Deleting /home/gabsko/breaking-updates/metrics-jcache/target
[INFO] 
[INFO] --- maven-enforcer-plugin:1.4.1:enforce (enforce) @ metrics-jcache ---
[INFO] 
[INFO] --- jacoco-maven-plugin:0.8.7:prepare-agent (prepare-agent) @ metrics-jcache ---
[INFO] argLine set to -javaagent:/home/gabsko/.m2/repository/org/jacoco/org.jacoco.agent/0.8.7/org.jacoco.agent-0.8.7-runtime.jar=destfile=/home/gabsko/breaking-updates/metrics-jcache/target/jacoco.exec
[INFO] 
[INFO] --- maven-resources-plugin:3.3.0:resources (default-resources) @ metrics-jcache ---
[INFO] skip non existing resourceDirectory /home/gabsko/breaking-updates/metrics-jcache/src/main/resources
[INFO] 
[INFO] --- maven-compiler-plugin:3.8.1:compile (default-compile) @ metrics-jcache ---
[INFO] Changes detected - recompiling the module!
[INFO] Compiling 1 source file to /home/gabsko/breaking-updates/metrics-jcache/target/classes
[WARNING] bootstrap class path not set in conjunction with -source 8
[INFO] 
[INFO] --- maven-resources-plugin:3.3.0:testResources (default-testResources) @ metrics-jcache ---
[INFO] Copying 1 resource
[INFO] 
[INFO] --- maven-compiler-plugin:3.8.1:testCompile (default-testCompile) @ metrics-jcache ---
[INFO] Changes detected - recompiling the module!
[INFO] Compiling 1 source file to /home/gabsko/breaking-updates/metrics-jcache/target/test-classes
[WARNING] bootstrap class path not set in conjunction with -source 8
[WARNING] /home/gabsko/breaking-updates/metrics-jcache/src/test/java/JCacheGaugeSetTest.java:[1,1] [DefaultPackage] Java classes shouldn't use default package
    (see https://errorprone.info/bugpattern/DefaultPackage)
[INFO] 
[INFO] --- maven-surefire-plugin:2.22.2:test (default-test) @ metrics-jcache ---
[INFO] 
[INFO] -------------------------------------------------------
[INFO]  T E S T S
[INFO] -------------------------------------------------------
[INFO] Running JCacheGaugeSetTest
[main] INFO org.ehcache.core.EhcacheManager - Cache 'myOtherCache' created in EhcacheManager.
[main] INFO org.ehcache.core.EhcacheManager - Cache 'myCache' created in EhcacheManager.
[main] INFO org.ehcache.jsr107.Eh107CacheManager - Registering Ehcache MBean javax.cache:type=CacheConfiguration,CacheManager=file./home/gabsko/breaking-updates/metrics-jcache/target/test-classes/ehcache.xml,Cache=myOtherCache
[main] INFO org.ehcache.jsr107.Eh107CacheManager - Registering Ehcache MBean javax.cache:type=CacheStatistics,CacheManager=file./home/gabsko/breaking-updates/metrics-jcache/target/test-classes/ehcache.xml,Cache=myOtherCache
[main] INFO org.ehcache.jsr107.Eh107CacheManager - Registering Ehcache MBean javax.cache:type=CacheConfiguration,CacheManager=file./home/gabsko/breaking-updates/metrics-jcache/target/test-classes/ehcache.xml,Cache=myCache
[main] INFO org.ehcache.jsr107.Eh107CacheManager - Registering Ehcache MBean javax.cache:type=CacheStatistics,CacheManager=file./home/gabsko/breaking-updates/metrics-jcache/target/test-classes/ehcache.xml,Cache=myCache
[main] INFO org.ehcache.core.EhcacheManager - Cache 'myCache' removed from EhcacheManager.
[main] INFO org.ehcache.core.EhcacheManager - Cache 'myCache' successfully destroyed in EhcacheManager.
[main] INFO org.ehcache.core.EhcacheManager - Cache 'myOtherCache' removed from EhcacheManager.
[main] INFO org.ehcache.core.EhcacheManager - Cache 'myOtherCache' successfully destroyed in EhcacheManager.
[INFO] Tests run: 1, Failures: 0, Errors: 0, Skipped: 0, Time elapsed: 1.231 s - in JCacheGaugeSetTest
[INFO] 
[INFO] Results:
[INFO] 
[INFO] Tests run: 1, Failures: 0, Errors: 0, Skipped: 0
[INFO] 
[INFO] 
[INFO] ---------------< io.dropwizard.metrics:metrics-jcstress >---------------
[INFO] Building Metrics JCStress tests 4.1.30-SNAPSHOT                  [17/27]
[INFO] --------------------------------[ jar ]---------------------------------
[INFO] 
[INFO] --- maven-clean-plugin:2.5:clean (default-clean) @ metrics-jcstress ---
[INFO] Deleting /home/gabsko/breaking-updates/metrics-jcstress/target
[INFO] 
[INFO] --- maven-enforcer-plugin:1.4.1:enforce (enforce) @ metrics-jcstress ---
[INFO] 
[INFO] --- jacoco-maven-plugin:0.8.7:prepare-agent (prepare-agent) @ metrics-jcstress ---
[INFO] argLine set to -javaagent:/home/gabsko/.m2/repository/org/jacoco/org.jacoco.agent/0.8.7/org.jacoco.agent-0.8.7-runtime.jar=destfile=/home/gabsko/breaking-updates/metrics-jcstress/target/jacoco.exec
[INFO] 
[INFO] --- maven-resources-plugin:2.6:resources (default-resources) @ metrics-jcstress ---
[INFO] Using 'UTF-8' encoding to copy filtered resources.
[INFO] skip non existing resourceDirectory /home/gabsko/breaking-updates/metrics-jcstress/src/main/resources
[INFO] 
[INFO] --- maven-compiler-plugin:3.8.1:compile (default-compile) @ metrics-jcstress ---
[INFO] Changes detected - recompiling the module!
[INFO] Compiling 3 source files to /home/gabsko/breaking-updates/metrics-jcstress/target/classes
[WARNING] bootstrap class path not set in conjunction with -source 8
[INFO] 
[INFO] --- maven-resources-plugin:2.6:testResources (default-testResources) @ metrics-jcstress ---
[INFO] Using 'UTF-8' encoding to copy filtered resources.
[INFO] skip non existing resourceDirectory /home/gabsko/breaking-updates/metrics-jcstress/src/test/resources
[INFO] 
[INFO] --- maven-compiler-plugin:3.8.1:testCompile (default-testCompile) @ metrics-jcstress ---
[INFO] No sources to compile
[INFO] 
[INFO] --- maven-surefire-plugin:2.22.2:test (default-test) @ metrics-jcstress ---
[INFO] No tests to run.
[INFO] 
[INFO] -----------------< io.dropwizard.metrics:metrics-jdbi >-----------------
[INFO] Building Metrics Integration for JDBI 4.1.30-SNAPSHOT            [18/27]
[INFO] -------------------------------[ bundle ]-------------------------------
[INFO] 
[INFO] --- maven-clean-plugin:2.5:clean (default-clean) @ metrics-jdbi ---
[INFO] Deleting /home/gabsko/breaking-updates/metrics-jdbi/target
[INFO] 
[INFO] --- maven-enforcer-plugin:1.4.1:enforce (enforce) @ metrics-jdbi ---
[INFO] 
[INFO] --- jacoco-maven-plugin:0.8.7:prepare-agent (prepare-agent) @ metrics-jdbi ---
[INFO] argLine set to -javaagent:/home/gabsko/.m2/repository/org/jacoco/org.jacoco.agent/0.8.7/org.jacoco.agent-0.8.7-runtime.jar=destfile=/home/gabsko/breaking-updates/metrics-jdbi/target/jacoco.exec
[INFO] 
[INFO] --- maven-resources-plugin:3.3.0:resources (default-resources) @ metrics-jdbi ---
[INFO] skip non existing resourceDirectory /home/gabsko/breaking-updates/metrics-jdbi/src/main/resources
[INFO] 
[INFO] --- maven-compiler-plugin:3.8.1:compile (default-compile) @ metrics-jdbi ---
[INFO] Changes detected - recompiling the module!
[INFO] Compiling 9 source files to /home/gabsko/breaking-updates/metrics-jdbi/target/classes
[WARNING] bootstrap class path not set in conjunction with -source 8
[WARNING] Cannot find annotation method 'value()' in type 'edu.umd.cs.findbugs.annotations.SuppressFBWarnings': class file for edu.umd.cs.findbugs.annotations.SuppressFBWarnings not found
[INFO] 
[INFO] --- maven-resources-plugin:3.3.0:testResources (default-testResources) @ metrics-jdbi ---
[INFO] skip non existing resourceDirectory /home/gabsko/breaking-updates/metrics-jdbi/src/test/resources
[INFO] 
[INFO] --- maven-compiler-plugin:3.8.1:testCompile (default-testCompile) @ metrics-jdbi ---
[INFO] Changes detected - recompiling the module!
[INFO] Compiling 1 source file to /home/gabsko/breaking-updates/metrics-jdbi/target/test-classes
[WARNING] bootstrap class path not set in conjunction with -source 8
[INFO] 
[INFO] --- maven-surefire-plugin:2.22.2:test (default-test) @ metrics-jdbi ---
[INFO] 
[INFO] -------------------------------------------------------
[INFO]  T E S T S
[INFO] -------------------------------------------------------
[INFO] Running com.codahale.metrics.jdbi.InstrumentedTimingCollectorTest
[INFO] Tests run: 11, Failures: 0, Errors: 0, Skipped: 0, Time elapsed: 0.83 s - in com.codahale.metrics.jdbi.InstrumentedTimingCollectorTest
[INFO] 
[INFO] Results:
[INFO] 
[INFO] Tests run: 11, Failures: 0, Errors: 0, Skipped: 0
[INFO] 
[INFO] 
[INFO] ----------------< io.dropwizard.metrics:metrics-jdbi3 >-----------------
[INFO] Building Metrics Integration for JDBI3 4.1.30-SNAPSHOT           [19/27]
[INFO] -------------------------------[ bundle ]-------------------------------
[INFO] 
[INFO] --- maven-clean-plugin:2.5:clean (default-clean) @ metrics-jdbi3 ---
[INFO] Deleting /home/gabsko/breaking-updates/metrics-jdbi3/target
[INFO] 
[INFO] --- maven-enforcer-plugin:1.4.1:enforce (enforce) @ metrics-jdbi3 ---
[INFO] 
[INFO] --- jacoco-maven-plugin:0.8.7:prepare-agent (prepare-agent) @ metrics-jdbi3 ---
[INFO] argLine set to -javaagent:/home/gabsko/.m2/repository/org/jacoco/org.jacoco.agent/0.8.7/org.jacoco.agent-0.8.7-runtime.jar=destfile=/home/gabsko/breaking-updates/metrics-jdbi3/target/jacoco.exec
[INFO] 
[INFO] --- maven-resources-plugin:3.3.0:resources (default-resources) @ metrics-jdbi3 ---
[INFO] skip non existing resourceDirectory /home/gabsko/breaking-updates/metrics-jdbi3/src/main/resources
[INFO] 
[INFO] --- maven-compiler-plugin:3.8.1:compile (default-compile) @ metrics-jdbi3 ---
[INFO] Changes detected - recompiling the module!
[INFO] Compiling 9 source files to /home/gabsko/breaking-updates/metrics-jdbi3/target/classes
[WARNING] bootstrap class path not set in conjunction with -source 8
[WARNING] /home/gabsko/breaking-updates/metrics-jdbi3/src/main/java/com/codahale/metrics/jdbi3/InstrumentedTimingCollector.java:[8,34] org.jdbi.v3.core.statement.TimingCollector in org.jdbi.v3.core.statement has been deprecated
[INFO] 
[INFO] --- maven-resources-plugin:3.3.0:testResources (default-testResources) @ metrics-jdbi3 ---
[INFO] skip non existing resourceDirectory /home/gabsko/breaking-updates/metrics-jdbi3/src/test/resources
[INFO] 
[INFO] --- maven-compiler-plugin:3.8.1:testCompile (default-testCompile) @ metrics-jdbi3 ---
[INFO] Changes detected - recompiling the module!
[INFO] Compiling 6 source files to /home/gabsko/breaking-updates/metrics-jdbi3/target/test-classes
[WARNING] bootstrap class path not set in conjunction with -source 8
[WARNING] /home/gabsko/breaking-updates/metrics-jdbi3/src/test/java/com/codahale/metrics/jdbi3/strategies/SmartNameStrategyTest.java:[3,34] com.codahale.metrics.jdbi3.InstrumentedTimingCollector in com.codahale.metrics.jdbi3 has been deprecated
[WARNING] /home/gabsko/breaking-updates/metrics-jdbi3/src/test/java/com/codahale/metrics/jdbi3/strategies/SmartNameStrategyTest.java:[18,13] com.codahale.metrics.jdbi3.InstrumentedTimingCollector in com.codahale.metrics.jdbi3 has been deprecated
[WARNING] /home/gabsko/breaking-updates/metrics-jdbi3/src/test/java/com/codahale/metrics/jdbi3/strategies/SmartNameStrategyTest.java:[24,25] com.codahale.metrics.jdbi3.InstrumentedTimingCollector in com.codahale.metrics.jdbi3 has been deprecated
[INFO] 
[INFO] --- maven-surefire-plugin:2.22.2:test (default-test) @ metrics-jdbi3 ---
[INFO] 
[INFO] -------------------------------------------------------
[INFO]  T E S T S
[INFO] -------------------------------------------------------
[INFO] Running com.codahale.metrics.jdbi3.InstrumentedSqlLoggerTest
[INFO] Tests run: 2, Failures: 0, Errors: 0, Skipped: 0, Time elapsed: 0.94 s - in com.codahale.metrics.jdbi3.InstrumentedSqlLoggerTest
[INFO] Running com.codahale.metrics.jdbi3.strategies.BasicSqlNameStrategyTest
[INFO] Tests run: 1, Failures: 0, Errors: 0, Skipped: 0, Time elapsed: 0.101 s - in com.codahale.metrics.jdbi3.strategies.BasicSqlNameStrategyTest
[INFO] Running com.codahale.metrics.jdbi3.strategies.TimedAnnotationNameStrategyTest
[INFO] Tests run: 7, Failures: 0, Errors: 0, Skipped: 0, Time elapsed: 0.009 s - in com.codahale.metrics.jdbi3.strategies.TimedAnnotationNameStrategyTest
[INFO] Running com.codahale.metrics.jdbi3.strategies.NaiveNameStrategyTest
[INFO] Tests run: 1, Failures: 0, Errors: 0, Skipped: 0, Time elapsed: 0.001 s - in com.codahale.metrics.jdbi3.strategies.NaiveNameStrategyTest
[INFO] Running com.codahale.metrics.jdbi3.strategies.SmartNameStrategyTest
[INFO] Tests run: 4, Failures: 0, Errors: 0, Skipped: 0, Time elapsed: 0.014 s - in com.codahale.metrics.jdbi3.strategies.SmartNameStrategyTest
[INFO] 
[INFO] Results:
[INFO] 
[INFO] Tests run: 15, Failures: 0, Errors: 0, Skipped: 0
[INFO] 
[INFO] 
[INFO] ---------------< io.dropwizard.metrics:metrics-jersey2 >----------------
[INFO] Building Metrics Integration for Jersey 2.x 4.1.30-SNAPSHOT      [20/27]
[INFO] -------------------------------[ bundle ]-------------------------------
[INFO] 
[INFO] --- maven-clean-plugin:2.5:clean (default-clean) @ metrics-jersey2 ---
[INFO] Deleting /home/gabsko/breaking-updates/metrics-jersey2/target
[INFO] 
[INFO] --- maven-enforcer-plugin:1.4.1:enforce (enforce) @ metrics-jersey2 ---
[INFO] 
[INFO] --- jacoco-maven-plugin:0.8.7:prepare-agent (prepare-agent) @ metrics-jersey2 ---
[INFO] argLine set to -javaagent:/home/gabsko/.m2/repository/org/jacoco/org.jacoco.agent/0.8.7/org.jacoco.agent-0.8.7-runtime.jar=destfile=/home/gabsko/breaking-updates/metrics-jersey2/target/jacoco.exec
[INFO] 
[INFO] --- maven-resources-plugin:3.3.0:resources (default-resources) @ metrics-jersey2 ---
[INFO] skip non existing resourceDirectory /home/gabsko/breaking-updates/metrics-jersey2/src/main/resources
[INFO] 
[INFO] --- maven-compiler-plugin:3.8.1:compile (default-compile) @ metrics-jersey2 ---
[INFO] Changes detected - recompiling the module!
[INFO] Compiling 2 source files to /home/gabsko/breaking-updates/metrics-jersey2/target/classes
[WARNING] bootstrap class path not set in conjunction with -source 8
[WARNING] /home/gabsko/breaking-updates/metrics-jersey2/src/main/java/com/codahale/metrics/jersey2/InstrumentedResourceMethodApplicationListener.java:[495,24] [EqualsGetClass] Prefer instanceof to getClass when implementing Object#equals.
    (see https://errorprone.info/bugpattern/EqualsGetClass)
  Did you mean 'if (!(o instanceof EventTypeAndMethod)) {'?
[INFO] 
[INFO] --- maven-resources-plugin:3.3.0:testResources (default-testResources) @ metrics-jersey2 ---
[INFO] skip non existing resourceDirectory /home/gabsko/breaking-updates/metrics-jersey2/src/test/resources
[INFO] 
[INFO] --- maven-compiler-plugin:3.8.1:testCompile (default-testCompile) @ metrics-jersey2 ---
[INFO] Changes detected - recompiling the module!
[INFO] Compiling 22 source files to /home/gabsko/breaking-updates/metrics-jersey2/target/test-classes
[WARNING] bootstrap class path not set in conjunction with -source 8
[INFO] 
[INFO] --- maven-surefire-plugin:2.22.2:test (default-test) @ metrics-jersey2 ---
[INFO] 
[INFO] -------------------------------------------------------
[INFO]  T E S T S
[INFO] -------------------------------------------------------
[INFO] Running com.codahale.metrics.jersey2.SingletonMetricsMeteredPerClassJerseyTest
[ERROR] Tests run: 2, Failures: 0, Errors: 2, Skipped: 0, Time elapsed: 0.122 s <<< FAILURE! - in com.codahale.metrics.jersey2.SingletonMetricsMeteredPerClassJerseyTest
[ERROR] subresourcesFromLocatorsRegisterMetrics(com.codahale.metrics.jersey2.SingletonMetricsMeteredPerClassJerseyTest)  Time elapsed: 0.066 s  <<< ERROR!
java.lang.NoClassDefFoundError: javax/annotation/Priority
	at com.codahale.metrics.jersey2.SingletonMetricsMeteredPerClassJerseyTest.configure(SingletonMetricsMeteredPerClassJerseyTest.java:35)
	at com.codahale.metrics.jersey2.SingletonMetricsMeteredPerClassJerseyTest.<init>(SingletonMetricsMeteredPerClassJerseyTest.java:22)
Caused by: java.lang.ClassNotFoundException: javax.annotation.Priority
	at com.codahale.metrics.jersey2.SingletonMetricsMeteredPerClassJerseyTest.configure(SingletonMetricsMeteredPerClassJerseyTest.java:35)
	at com.codahale.metrics.jersey2.SingletonMetricsMeteredPerClassJerseyTest.<init>(SingletonMetricsMeteredPerClassJerseyTest.java:22)

[ERROR] meteredPerClassMethodsAreMetered(com.codahale.metrics.jersey2.SingletonMetricsMeteredPerClassJerseyTest)  Time elapsed: 0 s  <<< ERROR!
java.lang.NoClassDefFoundError: javax/annotation/Priority
	at com.codahale.metrics.jersey2.SingletonMetricsMeteredPerClassJerseyTest.configure(SingletonMetricsMeteredPerClassJerseyTest.java:35)
	at com.codahale.metrics.jersey2.SingletonMetricsMeteredPerClassJerseyTest.<init>(SingletonMetricsMeteredPerClassJerseyTest.java:22)

[INFO] Running com.codahale.metrics.jersey2.SingletonMetricsJerseyTest
[ERROR] Tests run: 6, Failures: 0, Errors: 6, Skipped: 0, Time elapsed: 0.005 s <<< FAILURE! - in com.codahale.metrics.jersey2.SingletonMetricsJerseyTest
[ERROR] subresourcesFromLocatorsRegisterMetrics(com.codahale.metrics.jersey2.SingletonMetricsJerseyTest)  Time elapsed: 0.001 s  <<< ERROR!
java.lang.NoClassDefFoundError: javax/annotation/Priority
	at com.codahale.metrics.jersey2.SingletonMetricsJerseyTest.configure(SingletonMetricsJerseyTest.java:41)
	at com.codahale.metrics.jersey2.SingletonMetricsJerseyTest.<init>(SingletonMetricsJerseyTest.java:29)

[ERROR] testResourceNotFound(com.codahale.metrics.jersey2.SingletonMetricsJerseyTest)  Time elapsed: 0.001 s  <<< ERROR!
java.lang.NoClassDefFoundError: javax/annotation/Priority
	at com.codahale.metrics.jersey2.SingletonMetricsJerseyTest.configure(SingletonMetricsJerseyTest.java:41)
	at com.codahale.metrics.jersey2.SingletonMetricsJerseyTest.<init>(SingletonMetricsJerseyTest.java:29)

[ERROR] exceptionMeteredMethodsAreExceptionMetered(com.codahale.metrics.jersey2.SingletonMetricsJerseyTest)  Time elapsed: 0 s  <<< ERROR!
java.lang.NoClassDefFoundError: javax/annotation/Priority
	at com.codahale.metrics.jersey2.SingletonMetricsJerseyTest.configure(SingletonMetricsJerseyTest.java:41)
	at com.codahale.metrics.jersey2.SingletonMetricsJerseyTest.<init>(SingletonMetricsJerseyTest.java:29)

[ERROR] responseMeteredMethodsAreMetered(com.codahale.metrics.jersey2.SingletonMetricsJerseyTest)  Time elapsed: 0.001 s  <<< ERROR!
java.lang.NoClassDefFoundError: javax/annotation/Priority
	at com.codahale.metrics.jersey2.SingletonMetricsJerseyTest.configure(SingletonMetricsJerseyTest.java:41)
	at com.codahale.metrics.jersey2.SingletonMetricsJerseyTest.<init>(SingletonMetricsJerseyTest.java:29)

[ERROR] meteredMethodsAreMetered(com.codahale.metrics.jersey2.SingletonMetricsJerseyTest)  Time elapsed: 0 s  <<< ERROR!
java.lang.NoClassDefFoundError: javax/annotation/Priority
	at com.codahale.metrics.jersey2.SingletonMetricsJerseyTest.configure(SingletonMetricsJerseyTest.java:41)
	at com.codahale.metrics.jersey2.SingletonMetricsJerseyTest.<init>(SingletonMetricsJerseyTest.java:29)

[ERROR] timedMethodsAreTimed(com.codahale.metrics.jersey2.SingletonMetricsJerseyTest)  Time elapsed: 0.001 s  <<< ERROR!
java.lang.NoClassDefFoundError: javax/annotation/Priority
	at com.codahale.metrics.jersey2.SingletonMetricsJerseyTest.configure(SingletonMetricsJerseyTest.java:41)
	at com.codahale.metrics.jersey2.SingletonMetricsJerseyTest.<init>(SingletonMetricsJerseyTest.java:29)

[INFO] Running com.codahale.metrics.jersey2.SingletonMetricsTimedPerClassJerseyTest
[ERROR] Tests run: 2, Failures: 0, Errors: 2, Skipped: 0, Time elapsed: 0.002 s <<< FAILURE! - in com.codahale.metrics.jersey2.SingletonMetricsTimedPerClassJerseyTest
[ERROR] subresourcesFromLocatorsRegisterMetrics(com.codahale.metrics.jersey2.SingletonMetricsTimedPerClassJerseyTest)  Time elapsed: 0.001 s  <<< ERROR!
java.lang.NoClassDefFoundError: javax/annotation/Priority
	at com.codahale.metrics.jersey2.SingletonMetricsTimedPerClassJerseyTest.configure(SingletonMetricsTimedPerClassJerseyTest.java:35)
	at com.codahale.metrics.jersey2.SingletonMetricsTimedPerClassJerseyTest.<init>(SingletonMetricsTimedPerClassJerseyTest.java:22)

[ERROR] timedPerClassMethodsAreTimed(com.codahale.metrics.jersey2.SingletonMetricsTimedPerClassJerseyTest)  Time elapsed: 0 s  <<< ERROR!
java.lang.NoClassDefFoundError: javax/annotation/Priority
	at com.codahale.metrics.jersey2.SingletonMetricsTimedPerClassJerseyTest.configure(SingletonMetricsTimedPerClassJerseyTest.java:35)
	at com.codahale.metrics.jersey2.SingletonMetricsTimedPerClassJerseyTest.<init>(SingletonMetricsTimedPerClassJerseyTest.java:22)

[INFO] Running com.codahale.metrics.jersey2.SingletonMetricsResponseMeteredPerClassJerseyTest
[ERROR] Tests run: 6, Failures: 0, Errors: 6, Skipped: 0, Time elapsed: 0.006 s <<< FAILURE! - in com.codahale.metrics.jersey2.SingletonMetricsResponseMeteredPerClassJerseyTest
[ERROR] responseMetered5xxPerClassMethodsAreMetered(com.codahale.metrics.jersey2.SingletonMetricsResponseMeteredPerClassJerseyTest)  Time elapsed: 0.001 s  <<< ERROR!
java.lang.NoClassDefFoundError: javax/annotation/Priority
	at com.codahale.metrics.jersey2.SingletonMetricsResponseMeteredPerClassJerseyTest.configure(SingletonMetricsResponseMeteredPerClassJerseyTest.java:38)
	at com.codahale.metrics.jersey2.SingletonMetricsResponseMeteredPerClassJerseyTest.<init>(SingletonMetricsResponseMeteredPerClassJerseyTest.java:24)

[ERROR] responseMetered4xxPerClassMethodsAreMetered(com.codahale.metrics.jersey2.SingletonMetricsResponseMeteredPerClassJerseyTest)  Time elapsed: 0 s  <<< ERROR!
java.lang.NoClassDefFoundError: javax/annotation/Priority
	at com.codahale.metrics.jersey2.SingletonMetricsResponseMeteredPerClassJerseyTest.configure(SingletonMetricsResponseMeteredPerClassJerseyTest.java:38)
	at com.codahale.metrics.jersey2.SingletonMetricsResponseMeteredPerClassJerseyTest.<init>(SingletonMetricsResponseMeteredPerClassJerseyTest.java:24)

[ERROR] responseMetered2xxPerClassMethodsAreMetered(com.codahale.metrics.jersey2.SingletonMetricsResponseMeteredPerClassJerseyTest)  Time elapsed: 0 s  <<< ERROR!
java.lang.NoClassDefFoundError: javax/annotation/Priority
	at com.codahale.metrics.jersey2.SingletonMetricsResponseMeteredPerClassJerseyTest.configure(SingletonMetricsResponseMeteredPerClassJerseyTest.java:38)
	at com.codahale.metrics.jersey2.SingletonMetricsResponseMeteredPerClassJerseyTest.<init>(SingletonMetricsResponseMeteredPerClassJerseyTest.java:24)

[ERROR] subresourcesFromLocatorsRegisterMetrics(com.codahale.metrics.jersey2.SingletonMetricsResponseMeteredPerClassJerseyTest)  Time elapsed: 0.001 s  <<< ERROR!
java.lang.NoClassDefFoundError: javax/annotation/Priority
	at com.codahale.metrics.jersey2.SingletonMetricsResponseMeteredPerClassJerseyTest.configure(SingletonMetricsResponseMeteredPerClassJerseyTest.java:38)
	at com.codahale.metrics.jersey2.SingletonMetricsResponseMeteredPerClassJerseyTest.<init>(SingletonMetricsResponseMeteredPerClassJerseyTest.java:24)

[ERROR] responseMeteredUnmappedExceptionPerClassMethodsAreMetered(com.codahale.metrics.jersey2.SingletonMetricsResponseMeteredPerClassJerseyTest)  Time elapsed: 0 s  <<< ERROR!
java.lang.NoClassDefFoundError: javax/annotation/Priority
	at com.codahale.metrics.jersey2.SingletonMetricsResponseMeteredPerClassJerseyTest.configure(SingletonMetricsResponseMeteredPerClassJerseyTest.java:38)
	at com.codahale.metrics.jersey2.SingletonMetricsResponseMeteredPerClassJerseyTest.<init>(SingletonMetricsResponseMeteredPerClassJerseyTest.java:24)

[ERROR] responseMeteredMappedExceptionPerClassMethodsAreMetered(com.codahale.metrics.jersey2.SingletonMetricsResponseMeteredPerClassJerseyTest)  Time elapsed: 0.001 s  <<< ERROR!
java.lang.NoClassDefFoundError: javax/annotation/Priority
	at com.codahale.metrics.jersey2.SingletonMetricsResponseMeteredPerClassJerseyTest.configure(SingletonMetricsResponseMeteredPerClassJerseyTest.java:38)
	at com.codahale.metrics.jersey2.SingletonMetricsResponseMeteredPerClassJerseyTest.<init>(SingletonMetricsResponseMeteredPerClassJerseyTest.java:24)

[INFO] Running com.codahale.metrics.jersey2.CustomReservoirImplementationTest
[ERROR] Tests run: 1, Failures: 0, Errors: 1, Skipped: 0, Time elapsed: 0.003 s <<< FAILURE! - in com.codahale.metrics.jersey2.CustomReservoirImplementationTest
[ERROR] timerHistogramIsUsingCustomReservoirImplementation(com.codahale.metrics.jersey2.CustomReservoirImplementationTest)  Time elapsed: 0.003 s  <<< ERROR!
java.lang.NoClassDefFoundError: javax/annotation/Priority
	at com.codahale.metrics.jersey2.CustomReservoirImplementationTest.configure(CustomReservoirImplementationTest.java:30)
	at com.codahale.metrics.jersey2.CustomReservoirImplementationTest.<init>(CustomReservoirImplementationTest.java:18)

[INFO] Running com.codahale.metrics.jersey2.SingletonMetricsExceptionMeteredPerClassJerseyTest
[ERROR] Tests run: 2, Failures: 0, Errors: 2, Skipped: 0, Time elapsed: 0.002 s <<< FAILURE! - in com.codahale.metrics.jersey2.SingletonMetricsExceptionMeteredPerClassJerseyTest
[ERROR] subresourcesFromLocatorsRegisterMetrics(com.codahale.metrics.jersey2.SingletonMetricsExceptionMeteredPerClassJerseyTest)  Time elapsed: 0 s  <<< ERROR!
java.lang.NoClassDefFoundError: javax/annotation/Priority
	at com.codahale.metrics.jersey2.SingletonMetricsExceptionMeteredPerClassJerseyTest.configure(SingletonMetricsExceptionMeteredPerClassJerseyTest.java:38)
	at com.codahale.metrics.jersey2.SingletonMetricsExceptionMeteredPerClassJerseyTest.<init>(SingletonMetricsExceptionMeteredPerClassJerseyTest.java:25)

[ERROR] exceptionMeteredMethodsAreExceptionMetered(com.codahale.metrics.jersey2.SingletonMetricsExceptionMeteredPerClassJerseyTest)  Time elapsed: 0.001 s  <<< ERROR!
java.lang.NoClassDefFoundError: javax/annotation/Priority
	at com.codahale.metrics.jersey2.SingletonMetricsExceptionMeteredPerClassJerseyTest.configure(SingletonMetricsExceptionMeteredPerClassJerseyTest.java:38)
	at com.codahale.metrics.jersey2.SingletonMetricsExceptionMeteredPerClassJerseyTest.<init>(SingletonMetricsExceptionMeteredPerClassJerseyTest.java:25)

[INFO] Running com.codahale.metrics.jersey2.SingletonFilterMetricsJerseyTest
[ERROR] Tests run: 9, Failures: 0, Errors: 9, Skipped: 0, Time elapsed: 0.006 s <<< FAILURE! - in com.codahale.metrics.jersey2.SingletonFilterMetricsJerseyTest
[ERROR] explicitNamesAreTimed(com.codahale.metrics.jersey2.SingletonFilterMetricsJerseyTest)  Time elapsed: 0.001 s  <<< ERROR!
java.lang.NoClassDefFoundError: javax/annotation/Priority
	at com.codahale.metrics.jersey2.SingletonFilterMetricsJerseyTest.configure(SingletonFilterMetricsJerseyTest.java:37)
	at com.codahale.metrics.jersey2.SingletonFilterMetricsJerseyTest.<init>(SingletonFilterMetricsJerseyTest.java:23)

[ERROR] absoluteNamesAreTimed(com.codahale.metrics.jersey2.SingletonFilterMetricsJerseyTest)  Time elapsed: 0 s  <<< ERROR!
java.lang.NoClassDefFoundError: javax/annotation/Priority
	at com.codahale.metrics.jersey2.SingletonFilterMetricsJerseyTest.configure(SingletonFilterMetricsJerseyTest.java:37)
	at com.codahale.metrics.jersey2.SingletonFilterMetricsJerseyTest.<init>(SingletonFilterMetricsJerseyTest.java:23)

[ERROR] requestFiltersOfTimedMethodsAreTimed(com.codahale.metrics.jersey2.SingletonFilterMetricsJerseyTest)  Time elapsed: 0.001 s  <<< ERROR!
java.lang.NoClassDefFoundError: javax/annotation/Priority
	at com.codahale.metrics.jersey2.SingletonFilterMetricsJerseyTest.configure(SingletonFilterMetricsJerseyTest.java:37)
	at com.codahale.metrics.jersey2.SingletonFilterMetricsJerseyTest.<init>(SingletonFilterMetricsJerseyTest.java:23)

[ERROR] subResourcesFromLocatorsRegisterMetrics(com.codahale.metrics.jersey2.SingletonFilterMetricsJerseyTest)  Time elapsed: 0 s  <<< ERROR!
java.lang.NoClassDefFoundError: javax/annotation/Priority
	at com.codahale.metrics.jersey2.SingletonFilterMetricsJerseyTest.configure(SingletonFilterMetricsJerseyTest.java:37)
	at com.codahale.metrics.jersey2.SingletonFilterMetricsJerseyTest.<init>(SingletonFilterMetricsJerseyTest.java:23)

[ERROR] responseFiltersOfTimedMethodsAreTimed(com.codahale.metrics.jersey2.SingletonFilterMetricsJerseyTest)  Time elapsed: 0.001 s  <<< ERROR!
java.lang.NoClassDefFoundError: javax/annotation/Priority
	at com.codahale.metrics.jersey2.SingletonFilterMetricsJerseyTest.configure(SingletonFilterMetricsJerseyTest.java:37)
	at com.codahale.metrics.jersey2.SingletonFilterMetricsJerseyTest.<init>(SingletonFilterMetricsJerseyTest.java:23)

[ERROR] requestFiltersOfNamedMethodsAreTimed(com.codahale.metrics.jersey2.SingletonFilterMetricsJerseyTest)  Time elapsed: 0 s  <<< ERROR!
java.lang.NoClassDefFoundError: javax/annotation/Priority
	at com.codahale.metrics.jersey2.SingletonFilterMetricsJerseyTest.configure(SingletonFilterMetricsJerseyTest.java:37)
	at com.codahale.metrics.jersey2.SingletonFilterMetricsJerseyTest.<init>(SingletonFilterMetricsJerseyTest.java:23)

[ERROR] requestFiltersOfAbsoluteMethodsAreTimed(com.codahale.metrics.jersey2.SingletonFilterMetricsJerseyTest)  Time elapsed: 0.001 s  <<< ERROR!
java.lang.NoClassDefFoundError: javax/annotation/Priority
	at com.codahale.metrics.jersey2.SingletonFilterMetricsJerseyTest.configure(SingletonFilterMetricsJerseyTest.java:37)
	at com.codahale.metrics.jersey2.SingletonFilterMetricsJerseyTest.<init>(SingletonFilterMetricsJerseyTest.java:23)

[ERROR] totalTimeOfTimedMethodsIsTimed(com.codahale.metrics.jersey2.SingletonFilterMetricsJerseyTest)  Time elapsed: 0 s  <<< ERROR!
java.lang.NoClassDefFoundError: javax/annotation/Priority
	at com.codahale.metrics.jersey2.SingletonFilterMetricsJerseyTest.configure(SingletonFilterMetricsJerseyTest.java:37)
	at com.codahale.metrics.jersey2.SingletonFilterMetricsJerseyTest.<init>(SingletonFilterMetricsJerseyTest.java:23)

[ERROR] timedMethodsAreTimed(com.codahale.metrics.jersey2.SingletonFilterMetricsJerseyTest)  Time elapsed: 0.001 s  <<< ERROR!
java.lang.NoClassDefFoundError: javax/annotation/Priority
	at com.codahale.metrics.jersey2.SingletonFilterMetricsJerseyTest.configure(SingletonFilterMetricsJerseyTest.java:37)
	at com.codahale.metrics.jersey2.SingletonFilterMetricsJerseyTest.<init>(SingletonFilterMetricsJerseyTest.java:23)

[INFO] 
[INFO] Results:
[INFO] 
[ERROR] Errors: 
[ERROR]   CustomReservoirImplementationTest.<init>:18->JerseyTest.<init>:188->JerseyTest.configureDeployment:425->configure:30 » NoClassDefFound
[ERROR]   SingletonFilterMetricsJerseyTest.<init>:23->JerseyTest.<init>:188->JerseyTest.configureDeployment:425->configure:37 » NoClassDefFound
[ERROR]   SingletonFilterMetricsJerseyTest.<init>:23->JerseyTest.<init>:188->JerseyTest.configureDeployment:425->configure:37 » NoClassDefFound
[ERROR]   SingletonFilterMetricsJerseyTest.<init>:23->JerseyTest.<init>:188->JerseyTest.configureDeployment:425->configure:37 » NoClassDefFound
[ERROR]   SingletonFilterMetricsJerseyTest.<init>:23->JerseyTest.<init>:188->JerseyTest.configureDeployment:425->configure:37 » NoClassDefFound
[ERROR]   SingletonFilterMetricsJerseyTest.<init>:23->JerseyTest.<init>:188->JerseyTest.configureDeployment:425->configure:37 » NoClassDefFound
[ERROR]   SingletonFilterMetricsJerseyTest.<init>:23->JerseyTest.<init>:188->JerseyTest.configureDeployment:425->configure:37 » NoClassDefFound
[ERROR]   SingletonFilterMetricsJerseyTest.<init>:23->JerseyTest.<init>:188->JerseyTest.configureDeployment:425->configure:37 » NoClassDefFound
[ERROR]   SingletonFilterMetricsJerseyTest.<init>:23->JerseyTest.<init>:188->JerseyTest.configureDeployment:425->configure:37 » NoClassDefFound
[ERROR]   SingletonFilterMetricsJerseyTest.<init>:23->JerseyTest.<init>:188->JerseyTest.configureDeployment:425->configure:37 » NoClassDefFound
[ERROR]   SingletonMetricsExceptionMeteredPerClassJerseyTest.<init>:25->JerseyTest.<init>:188->JerseyTest.configureDeployment:425->configure:38 » NoClassDefFound
[ERROR]   SingletonMetricsExceptionMeteredPerClassJerseyTest.<init>:25->JerseyTest.<init>:188->JerseyTest.configureDeployment:425->configure:38 » NoClassDefFound
[ERROR]   SingletonMetricsJerseyTest.<init>:29->JerseyTest.<init>:188->JerseyTest.configureDeployment:425->configure:41 » NoClassDefFound
[ERROR]   SingletonMetricsJerseyTest.<init>:29->JerseyTest.<init>:188->JerseyTest.configureDeployment:425->configure:41 » NoClassDefFound
[ERROR]   SingletonMetricsJerseyTest.<init>:29->JerseyTest.<init>:188->JerseyTest.configureDeployment:425->configure:41 » NoClassDefFound
[ERROR]   SingletonMetricsJerseyTest.<init>:29->JerseyTest.<init>:188->JerseyTest.configureDeployment:425->configure:41 » NoClassDefFound
[ERROR]   SingletonMetricsJerseyTest.<init>:29->JerseyTest.<init>:188->JerseyTest.configureDeployment:425->configure:41 » NoClassDefFound
[ERROR]   SingletonMetricsJerseyTest.<init>:29->JerseyTest.<init>:188->JerseyTest.configureDeployment:425->configure:41 » NoClassDefFound
[ERROR]   SingletonMetricsMeteredPerClassJerseyTest.<init>:22->JerseyTest.<init>:188->JerseyTest.configureDeployment:425->configure:35 » NoClassDefFound
[ERROR]   SingletonMetricsMeteredPerClassJerseyTest.<init>:22->JerseyTest.<init>:188->JerseyTest.configureDeployment:425->configure:35 » NoClassDefFound
[ERROR]   SingletonMetricsResponseMeteredPerClassJerseyTest.<init>:24->JerseyTest.<init>:188->JerseyTest.configureDeployment:425->configure:38 » NoClassDefFound
[ERROR]   SingletonMetricsResponseMeteredPerClassJerseyTest.<init>:24->JerseyTest.<init>:188->JerseyTest.configureDeployment:425->configure:38 » NoClassDefFound
[ERROR]   SingletonMetricsResponseMeteredPerClassJerseyTest.<init>:24->JerseyTest.<init>:188->JerseyTest.configureDeployment:425->configure:38 » NoClassDefFound
[ERROR]   SingletonMetricsResponseMeteredPerClassJerseyTest.<init>:24->JerseyTest.<init>:188->JerseyTest.configureDeployment:425->configure:38 » NoClassDefFound
[ERROR]   SingletonMetricsResponseMeteredPerClassJerseyTest.<init>:24->JerseyTest.<init>:188->JerseyTest.configureDeployment:425->configure:38 » NoClassDefFound
[ERROR]   SingletonMetricsResponseMeteredPerClassJerseyTest.<init>:24->JerseyTest.<init>:188->JerseyTest.configureDeployment:425->configure:38 » NoClassDefFound
[ERROR]   SingletonMetricsTimedPerClassJerseyTest.<init>:22->JerseyTest.<init>:188->JerseyTest.configureDeployment:425->configure:35 » NoClassDefFound
[ERROR]   SingletonMetricsTimedPerClassJerseyTest.<init>:22->JerseyTest.<init>:188->JerseyTest.configureDeployment:425->configure:35 » NoClassDefFound
[INFO] 
[ERROR] Tests run: 28, Failures: 0, Errors: 28, Skipped: 0
[INFO] 
[INFO] ------------------------------------------------------------------------
[INFO] Reactor Summary for Metrics Parent 4.1.30-SNAPSHOT:
[INFO] 
[INFO] Metrics Parent ..................................... SUCCESS [  0.259 s]
[INFO] Metrics Documentation .............................. SUCCESS [  0.509 s]
[INFO] Metrics BOM ........................................ SUCCESS [  0.005 s]
[INFO] Annotations for Metrics ............................ SUCCESS [  1.122 s]
[INFO] Metrics Core ....................................... SUCCESS [ 22.814 s]
[INFO] Benchmarks for Metrics ............................. SUCCESS [  0.938 s]
[INFO] Metrics Integration for Caffeine ................... SUCCESS [  2.197 s]
[INFO] Metrics Integration for Collectd ................... SUCCESS [  5.899 s]
[INFO] Metrics Integration for Ehcache .................... SUCCESS [  2.461 s]
[INFO] Graphite Integration for Metrics ................... SUCCESS [  8.509 s]
[INFO] JVM Integration for Metrics ........................ SUCCESS [  4.044 s]
[INFO] Metrics Health Checks .............................. SUCCESS [  3.765 s]
[INFO] Metrics Integration for Apache HttpClient .......... SUCCESS [  3.894 s]
[INFO] Metrics Integration for Apache HttpClient 5.x ...... SUCCESS [  4.439 s]
[INFO] Metrics Integration for Apache HttpAsyncClient ..... SUCCESS [  3.606 s]
[INFO] Metrics Integration for JCache ..................... SUCCESS [  3.085 s]
[INFO] Metrics JCStress tests ............................. SUCCESS [  0.477 s]
[INFO] Metrics Integration for JDBI ....................... SUCCESS [  3.074 s]
[INFO] Metrics Integration for JDBI3 ...................... SUCCESS [  3.149 s]
[INFO] Metrics Integration for Jersey 2.x ................. FAILURE [  2.774 s]
[INFO] Metrics Integration for Jetty 9.3 and higher ....... SKIPPED
[INFO] Metrics Integration with JMX ....................... SKIPPED
[INFO] Jackson Integration for Metrics .................... SKIPPED
[INFO] Metrics Integration for Log4j 2.x .................. SKIPPED
[INFO] Metrics Integration for Logback .................... SKIPPED
[INFO] Metrics Integration for Servlets ................... SKIPPED
[INFO] Metrics Utility Servlets ........................... SKIPPED
[INFO] ------------------------------------------------------------------------
[INFO] BUILD FAILURE
[INFO] ------------------------------------------------------------------------
[INFO] Total time:  01:17 min
[INFO] Finished at: 2023-01-30T00:50:03Z
[INFO] ------------------------------------------------------------------------
[ERROR] Failed to execute goal org.apache.maven.plugins:maven-surefire-plugin:2.22.2:test (default-test) on project metrics-jersey2: There are test failures.
[ERROR] 
[ERROR] Please refer to /home/gabsko/breaking-updates/metrics-jersey2/target/surefire-reports for the individual test results.
[ERROR] Please refer to dump files (if any exist) [date].dump, [date]-jvmRun[N].dump and [date].dumpstream.
[ERROR] -> [Help 1]
[ERROR] 
[ERROR] To see the full stack trace of the errors, re-run Maven with the -e switch.
[ERROR] Re-run Maven using the -X switch to enable full debug logging.
[ERROR] 
[ERROR] For more information about the errors and possible solutions, please read the following articles:
[ERROR] [Help 1] http://cwiki.apache.org/confluence/display/MAVEN/MojoFailureException
[ERROR] 
[ERROR] After correcting the problems, you can resume the build with the command
[ERROR]   mvn <args> -rf :metrics-jersey2
