[INFO] Scanning for projects...
[INFO] 
[INFO] -----------------------< com.sqlancer:sqlancer >------------------------
[INFO] Building SQLancer 2.0.0
[INFO] --------------------------------[ jar ]---------------------------------
[INFO] 
[INFO] --- maven-clean-plugin:2.5:clean (default-clean) @ sqlancer ---
[INFO] Deleting /home/gabsko/breaking-updates/target
[INFO] 
[INFO] --- jacoco-maven-plugin:0.8.7:prepare-agent (default) @ sqlancer ---
[INFO] argLine set to -javaagent:/home/gabsko/.m2/repository/org/jacoco/org.jacoco.agent/0.8.7/org.jacoco.agent-0.8.7-runtime.jar=destfile=/home/gabsko/breaking-updates/target/jacoco.exec
[INFO] 
[INFO] --- maven-resources-plugin:2.6:resources (default-resources) @ sqlancer ---
[INFO] Using 'UTF-8' encoding to copy filtered resources.
[INFO] skip non existing resourceDirectory /home/gabsko/breaking-updates/src/main/resources
[INFO] 
[INFO] --- maven-compiler-plugin:3.9.0:compile (default-compile) @ sqlancer ---
[INFO] Changes detected - recompiling the module!
[INFO] 
[INFO] --- maven-resources-plugin:2.6:testResources (default-testResources) @ sqlancer ---
[INFO] Using 'UTF-8' encoding to copy filtered resources.
[INFO] skip non existing resourceDirectory /home/gabsko/breaking-updates/src/test/resources
[INFO] 
[INFO] --- maven-compiler-plugin:3.9.0:testCompile (default-testCompile) @ sqlancer ---
[INFO] Changes detected - recompiling the module!
[INFO] 
[INFO] --- maven-surefire-plugin:2.22.2:test (default-test) @ sqlancer ---
[INFO] 
[INFO] -------------------------------------------------------
[INFO]  T E S T S
[INFO] -------------------------------------------------------
[INFO] Running sqlancer.pqs.sqlite.cast.TestCastToInt
[INFO] Tests run: 13, Failures: 0, Errors: 0, Skipped: 0, Time elapsed: 0.045 s - in sqlancer.pqs.sqlite.cast.TestCastToInt
[INFO] Running sqlancer.pqs.sqlite.cast.TestCastToBoolean
[INFO] Tests run: 1, Failures: 0, Errors: 0, Skipped: 0, Time elapsed: 0 s - in sqlancer.pqs.sqlite.cast.TestCastToBoolean
[INFO] Running sqlancer.pqs.sqlite.cast.TestCastToBlob
[INFO] Tests run: 4, Failures: 0, Errors: 0, Skipped: 0, Time elapsed: 0 s - in sqlancer.pqs.sqlite.cast.TestCastToBlob
[INFO] Running sqlancer.pqs.sqlite.cast.TestCastToNumeric
[INFO] Tests run: 3, Failures: 0, Errors: 0, Skipped: 0, Time elapsed: 0.001 s - in sqlancer.pqs.sqlite.cast.TestCastToNumeric
[INFO] Running sqlancer.TestUsageNamingConvention
[INFO] Tests run: 1, Failures: 0, Errors: 0, Skipped: 0, Time elapsed: 0.081 s - in sqlancer.TestUsageNamingConvention
[INFO] Running sqlancer.TestParameterFormat
[INFO] Tests run: 1, Failures: 0, Errors: 0, Skipped: 0, Time elapsed: 0.04 s - in sqlancer.TestParameterFormat
[INFO] Running sqlancer.TestExpectedErrors
[INFO] Tests run: 3, Failures: 0, Errors: 0, Skipped: 0, Time elapsed: 0.002 s - in sqlancer.TestExpectedErrors
[INFO] Running sqlancer.dbms.TestMySQLTLP
[WARNING] Tests run: 1, Failures: 0, Errors: 0, Skipped: 1, Time elapsed: 0.014 s - in sqlancer.dbms.TestMySQLTLP
[INFO] Running sqlancer.dbms.TestSQLite3
[2023/01/30 22:06:37] Executed 0 queries (0 queries/s; 16.60/s dbs, successful statements: 62%). Threads shut down: 0.
[2023/01/30 22:06:42] Executed 0 queries (0 queries/s; 19.21/s dbs, successful statements: 62%). Threads shut down: 0.
[2023/01/30 22:06:47] Executed 0 queries (0 queries/s; 16.80/s dbs, successful statements: 61%). Threads shut down: 0.
[2023/01/30 22:06:52] Executed 0 queries (0 queries/s; 23.20/s dbs, successful statements: 62%). Threads shut down: 0.
[2023/01/30 22:06:57] Executed 0 queries (0 queries/s; 18.20/s dbs, successful statements: 62%). Threads shut down: 0.
[2023/01/30 22:07:02] Executed 0 queries (0 queries/s; 24.60/s dbs, successful statements: 62%). Threads shut down: 0.
[2023/01/30 22:07:07] Executed 0 queries (0 queries/s; 23.00/s dbs, successful statements: 62%). Threads shut down: 0.
[2023/01/30 22:07:12] Executed 0 queries (0 queries/s; 20.60/s dbs, successful statements: 62%). Threads shut down: 0.
[2023/01/30 22:07:17] Executed 0 queries (0 queries/s; 17.60/s dbs, successful statements: 62%). Threads shut down: 0.
[2023/01/30 22:07:22] Executed 0 queries (0 queries/s; 21.40/s dbs, successful statements: 61%). Threads shut down: 0.
[2023/01/30 22:07:27] Executed 0 queries (0 queries/s; 21.60/s dbs, successful statements: 61%). Threads shut down: 0.
[2023/01/30 22:07:32] Executed 0 queries (0 queries/s; 13.80/s dbs, successful statements: 61%). Threads shut down: 0.
[2023/01/30 22:07:37] Executed 0 queries (0 queries/s; 23.40/s dbs, successful statements: 61%). Threads shut down: 0.
[2023/01/30 22:07:42] Executed 0 queries (0 queries/s; 25.81/s dbs, successful statements: 61%). Threads shut down: 0.
[2023/01/30 22:07:47] Executed 0 queries (0 queries/s; 17.80/s dbs, successful statements: 61%). Threads shut down: 0.
[2023/01/30 22:07:52] Executed 0 queries (0 queries/s; 20.20/s dbs, successful statements: 61%). Threads shut down: 0.
[2023/01/30 22:07:57] Executed 0 queries (0 queries/s; 17.80/s dbs, successful statements: 61%). Threads shut down: 0.
[2023/01/30 22:08:02] Executed 0 queries (0 queries/s; 26.41/s dbs, successful statements: 61%). Threads shut down: 0.
[2023/01/30 22:08:07] Executed 0 queries (0 queries/s; 22.60/s dbs, successful statements: 61%). Threads shut down: 0.
[2023/01/30 22:08:12] Executed 0 queries (0 queries/s; 11.80/s dbs, successful statements: 61%). Threads shut down: 0.
[2023/01/30 22:08:17] Executed 0 queries (0 queries/s; 19.40/s dbs, successful statements: 61%). Threads shut down: 0.
[2023/01/30 22:08:22] Executed 0 queries (0 queries/s; 14.80/s dbs, successful statements: 61%). Threads shut down: 0.
[2023/01/30 22:08:27] Executed 0 queries (0 queries/s; 18.80/s dbs, successful statements: 61%). Threads shut down: 0.
[2023/01/30 22:08:32] Executed 0 queries (0 queries/s; 33.41/s dbs, successful statements: 61%). Threads shut down: 0.
[2023/01/30 22:08:37] Executed 0 queries (0 queries/s; 19.40/s dbs, successful statements: 61%). Threads shut down: 0.
[2023/01/30 22:08:42] Executed 0 queries (0 queries/s; 21.40/s dbs, successful statements: 61%). Threads shut down: 0.
[2023/01/30 22:08:47] Executed 0 queries (0 queries/s; 20.20/s dbs, successful statements: 61%). Threads shut down: 0.
[2023/01/30 22:08:52] Executed 0 queries (0 queries/s; 17.20/s dbs, successful statements: 61%). Threads shut down: 0.
[2023/01/30 22:08:57] Executed 0 queries (0 queries/s; 19.60/s dbs, successful statements: 61%). Threads shut down: 0.
[2023/01/30 22:09:02] Executed 0 queries (0 queries/s; 16.20/s dbs, successful statements: 61%). Threads shut down: 0.
[2023/01/30 22:09:07] Executed 0 queries (0 queries/s; 17.80/s dbs, successful statements: 61%). Threads shut down: 0.
[2023/01/30 22:09:12] Executed 0 queries (0 queries/s; 19.80/s dbs, successful statements: 61%). Threads shut down: 0.
[2023/01/30 22:09:17] Executed 0 queries (0 queries/s; 16.40/s dbs, successful statements: 61%). Threads shut down: 0.
[2023/01/30 22:09:22] Executed 0 queries (0 queries/s; 15.40/s dbs, successful statements: 61%). Threads shut down: 0.
[2023/01/30 22:09:27] Executed 0 queries (0 queries/s; 20.00/s dbs, successful statements: 61%). Threads shut down: 0.
[2023/01/30 22:09:32] Executed 0 queries (0 queries/s; 24.40/s dbs, successful statements: 61%). Threads shut down: 0.
[2023/01/30 22:09:37] Executed 0 queries (0 queries/s; 20.60/s dbs, successful statements: 61%). Threads shut down: 0.
[2023/01/30 22:09:42] Executed 0 queries (0 queries/s; 27.81/s dbs, successful statements: 61%). Threads shut down: 0.
[2023/01/30 22:09:47] Executed 0 queries (0 queries/s; 16.80/s dbs, successful statements: 61%). Threads shut down: 0.
[2023/01/30 22:09:52] Executed 0 queries (0 queries/s; 20.60/s dbs, successful statements: 61%). Threads shut down: 0.
[2023/01/30 22:09:57] Executed 0 queries (0 queries/s; 24.60/s dbs, successful statements: 61%). Threads shut down: 0.
[2023/01/30 22:10:02] Executed 0 queries (0 queries/s; 22.00/s dbs, successful statements: 61%). Threads shut down: 0.
[2023/01/30 22:10:07] Executed 0 queries (0 queries/s; 20.40/s dbs, successful statements: 61%). Threads shut down: 0.
[2023/01/30 22:10:12] Executed 0 queries (0 queries/s; 20.20/s dbs, successful statements: 61%). Threads shut down: 0.
[2023/01/30 22:10:17] Executed 0 queries (0 queries/s; 11.00/s dbs, successful statements: 61%). Threads shut down: 0.
[2023/01/30 22:10:22] Executed 0 queries (0 queries/s; 26.01/s dbs, successful statements: 61%). Threads shut down: 0.
[2023/01/30 22:10:27] Executed 0 queries (0 queries/s; 29.01/s dbs, successful statements: 61%). Threads shut down: 0.
[2023/01/30 22:10:32] Executed 0 queries (0 queries/s; 21.00/s dbs, successful statements: 61%). Threads shut down: 0.
[2023/01/30 22:10:37] Executed 0 queries (0 queries/s; 21.60/s dbs, successful statements: 61%). Threads shut down: 0.
[2023/01/30 22:10:42] Executed 0 queries (0 queries/s; 17.80/s dbs, successful statements: 61%). Threads shut down: 0.
[2023/01/30 22:10:47] Executed 0 queries (0 queries/s; 23.00/s dbs, successful statements: 61%). Threads shut down: 0.
[2023/01/30 22:10:52] Executed 0 queries (0 queries/s; 21.40/s dbs, successful statements: 61%). Threads shut down: 0.
[2023/01/30 22:10:57] Executed 0 queries (0 queries/s; 23.20/s dbs, successful statements: 61%). Threads shut down: 0.
[2023/01/30 22:11:02] Executed 0 queries (0 queries/s; 21.40/s dbs, successful statements: 61%). Threads shut down: 0.
[2023/01/30 22:11:07] Executed 0 queries (0 queries/s; 20.00/s dbs, successful statements: 61%). Threads shut down: 0.
[2023/01/30 22:11:12] Executed 0 queries (0 queries/s; 20.40/s dbs, successful statements: 61%). Threads shut down: 0.
[2023/01/30 22:11:17] Executed 0 queries (0 queries/s; 23.40/s dbs, successful statements: 61%). Threads shut down: 0.
[2023/01/30 22:11:22] Executed 0 queries (0 queries/s; 18.60/s dbs, successful statements: 61%). Threads shut down: 0.
[2023/01/30 22:11:27] Executed 0 queries (0 queries/s; 19.20/s dbs, successful statements: 61%). Threads shut down: 0.
[2023/01/30 22:11:32] Executed 0 queries (0 queries/s; 19.80/s dbs, successful statements: 61%). Threads shut down: 0.
[INFO] Tests run: 1, Failures: 0, Errors: 0, Skipped: 0, Time elapsed: 300.744 s - in sqlancer.dbms.TestSQLite3
[INFO] Running sqlancer.dbms.TestCitus
[WARNING] Tests run: 1, Failures: 0, Errors: 0, Skipped: 1, Time elapsed: 0.001 s - in sqlancer.dbms.TestCitus
[INFO] Running sqlancer.dbms.TestPostgres
[WARNING] Tests run: 2, Failures: 0, Errors: 0, Skipped: 2, Time elapsed: 0.003 s - in sqlancer.dbms.TestPostgres
[INFO] Running sqlancer.dbms.TestDuckDB
java.lang.AssertionError
	at sqlancer.GlobalState.getSchema(GlobalState.java:134)
	at sqlancer.duckdb.gen.DuckDBTableGenerator.getQuery(DuckDBTableGenerator.java:25)
	at sqlancer.duckdb.DuckDBProvider.generateDatabase(DuckDBProvider.java:105)
	at sqlancer.duckdb.DuckDBProvider.generateDatabase(DuckDBProvider.java:1)
	at sqlancer.ProviderAdapter.generateAndTestDatabase(ProviderAdapter.java:40)
	at sqlancer.Main$DBMSExecutor.run(Main.java:314)
	at sqlancer.Main$2.run(Main.java:495)
	at sqlancer.Main$2.runThread(Main.java:473)
	at sqlancer.Main$2.run(Main.java:463)
	at java.base/java.util.concurrent.ThreadPoolExecutor.runWorker(ThreadPoolExecutor.java:1128)
	at java.base/java.util.concurrent.ThreadPoolExecutor$Worker.run(ThreadPoolExecutor.java:628)
	at java.base/java.lang.Thread.run(Thread.java:829)
--java.lang.AssertionError
--	at sqlancer.GlobalState.getSchema(GlobalState.java:134)
--	at sqlancer.duckdb.gen.DuckDBTableGenerator.getQuery(DuckDBTableGenerator.java:25)
--	at sqlancer.duckdb.DuckDBProvider.generateDatabase(DuckDBProvider.java:105)
--	at sqlancer.duckdb.DuckDBProvider.generateDatabase(DuckDBProvider.java:1)
--	at sqlancer.ProviderAdapter.generateAndTestDatabase(ProviderAdapter.java:40)
--	at sqlancer.Main$DBMSExecutor.run(Main.java:314)
--	at sqlancer.Main$2.run(Main.java:495)
--	at sqlancer.Main$2.runThread(Main.java:473)
--	at sqlancer.Main$2.run(Main.java:463)
--	at java.base/java.util.concurrent.ThreadPoolExecutor.runWorker(ThreadPoolExecutor.java:1128)
--	at java.base/java.util.concurrent.ThreadPoolExecutor$Worker.run(ThreadPoolExecutor.java:628)
--	at java.base/java.lang.Thread.run(Thread.java:829)
--
-- Time: 2023/01/30 22:11:33
-- Database: database0
-- Database version: v0.3.1
-- seed value: 0

java.lang.AssertionError
	at sqlancer.GlobalState.getSchema(GlobalState.java:134)
	at sqlancer.duckdb.gen.DuckDBTableGenerator.getQuery(DuckDBTableGenerator.java:25)
	at sqlancer.duckdb.DuckDBProvider.generateDatabase(DuckDBProvider.java:105)
	at sqlancer.duckdb.DuckDBProvider.generateDatabase(DuckDBProvider.java:1)
	at sqlancer.ProviderAdapter.generateAndTestDatabase(ProviderAdapter.java:40)
	at sqlancer.Main$DBMSExecutor.run(Main.java:314)
	at sqlancer.Main$2.run(Main.java:495)
	at sqlancer.Main$2.runThread(Main.java:473)
	at sqlancer.Main$2.run(Main.java:463)
	at java.base/java.util.concurrent.ThreadPoolExecutor.runWorker(ThreadPoolExecutor.java:1128)
	at java.base/java.util.concurrent.ThreadPoolExecutor$Worker.run(ThreadPoolExecutor.java:628)
	at java.base/java.lang.Thread.run(Thread.java:829)
--java.lang.AssertionError
--	at sqlancer.GlobalState.getSchema(GlobalState.java:134)
--	at sqlancer.duckdb.gen.DuckDBTableGenerator.getQuery(DuckDBTableGenerator.java:25)
--	at sqlancer.duckdb.DuckDBProvider.generateDatabase(DuckDBProvider.java:105)
--	at sqlancer.duckdb.DuckDBProvider.generateDatabase(DuckDBProvider.java:1)
--	at sqlancer.ProviderAdapter.generateAndTestDatabase(ProviderAdapter.java:40)
--	at sqlancer.Main$DBMSExecutor.run(Main.java:314)
--	at sqlancer.Main$2.run(Main.java:495)
--	at sqlancer.Main$2.runThread(Main.java:473)
--	at sqlancer.Main$2.run(Main.java:463)
--	at java.base/java.util.concurrent.ThreadPoolExecutor.runWorker(ThreadPoolExecutor.java:1128)
--	at java.base/java.util.concurrent.ThreadPoolExecutor$Worker.run(ThreadPoolExecutor.java:628)
--	at java.base/java.lang.Thread.run(Thread.java:829)
--
-- Time: 2023/01/30 22:11:33
-- Database: database1
-- Database version: v0.3.1
-- seed value: 1

java.lang.AssertionError
	at sqlancer.GlobalState.getSchema(GlobalState.java:134)
	at sqlancer.duckdb.gen.DuckDBTableGenerator.getQuery(DuckDBTableGenerator.java:25)
	at sqlancer.duckdb.DuckDBProvider.generateDatabase(DuckDBProvider.java:105)
	at sqlancer.duckdb.DuckDBProvider.generateDatabase(DuckDBProvider.java:1)
	at sqlancer.ProviderAdapter.generateAndTestDatabase(ProviderAdapter.java:40)
	at sqlancer.Main$DBMSExecutor.run(Main.java:314)
	at sqlancer.Main$2.run(Main.java:495)
	at sqlancer.Main$2.runThread(Main.java:473)
	at sqlancer.Main$2.run(Main.java:463)
	at java.base/java.util.concurrent.ThreadPoolExecutor.runWorker(ThreadPoolExecutor.java:1128)
	at java.base/java.util.concurrent.ThreadPoolExecutor$Worker.run(ThreadPoolExecutor.java:628)
	at java.base/java.lang.Thread.run(Thread.java:829)
--java.lang.AssertionError
--	at sqlancer.GlobalState.getSchema(GlobalState.java:134)
--	at sqlancer.duckdb.gen.DuckDBTableGenerator.getQuery(DuckDBTableGenerator.java:25)
--	at sqlancer.duckdb.DuckDBProvider.generateDatabase(DuckDBProvider.java:105)
--	at sqlancer.duckdb.DuckDBProvider.generateDatabase(DuckDBProvider.java:1)
--	at sqlancer.ProviderAdapter.generateAndTestDatabase(ProviderAdapter.java:40)
--	at sqlancer.Main$DBMSExecutor.run(Main.java:314)
--	at sqlancer.Main$2.run(Main.java:495)
--	at sqlancer.Main$2.runThread(Main.java:473)
--	at sqlancer.Main$2.run(Main.java:463)
--	at java.base/java.util.concurrent.ThreadPoolExecutor.runWorker(ThreadPoolExecutor.java:1128)
--	at java.base/java.util.concurrent.ThreadPoolExecutor$Worker.run(ThreadPoolExecutor.java:628)
--	at java.base/java.lang.Thread.run(Thread.java:829)
--
-- Time: 2023/01/30 22:11:33
-- Database: database2
-- Database version: v0.3.1
-- seed value: 2

java.lang.AssertionError
	at sqlancer.GlobalState.getSchema(GlobalState.java:134)
	at sqlancer.duckdb.gen.DuckDBTableGenerator.getQuery(DuckDBTableGenerator.java:25)
	at sqlancer.duckdb.DuckDBProvider.generateDatabase(DuckDBProvider.java:105)
	at sqlancer.duckdb.DuckDBProvider.generateDatabase(DuckDBProvider.java:1)
	at sqlancer.ProviderAdapter.generateAndTestDatabase(ProviderAdapter.java:40)
	at sqlancer.Main$DBMSExecutor.run(Main.java:314)
	at sqlancer.Main$2.run(Main.java:495)
	at sqlancer.Main$2.runThread(Main.java:473)
	at sqlancer.Main$2.run(Main.java:463)
	at java.base/java.util.concurrent.ThreadPoolExecutor.runWorker(ThreadPoolExecutor.java:1128)
	at java.base/java.util.concurrent.ThreadPoolExecutor$Worker.run(ThreadPoolExecutor.java:628)
	at java.base/java.lang.Thread.run(Thread.java:829)
--java.lang.AssertionError
--	at sqlancer.GlobalState.getSchema(GlobalState.java:134)
--	at sqlancer.duckdb.gen.DuckDBTableGenerator.getQuery(DuckDBTableGenerator.java:25)
--	at sqlancer.duckdb.DuckDBProvider.generateDatabase(DuckDBProvider.java:105)
--	at sqlancer.duckdb.DuckDBProvider.generateDatabase(DuckDBProvider.java:1)
--	at sqlancer.ProviderAdapter.generateAndTestDatabase(ProviderAdapter.java:40)
--	at sqlancer.Main$DBMSExecutor.run(Main.java:314)
--	at sqlancer.Main$2.run(Main.java:495)
--	at sqlancer.Main$2.runThread(Main.java:473)
--	at sqlancer.Main$2.run(Main.java:463)
--	at java.base/java.util.concurrent.ThreadPoolExecutor.runWorker(ThreadPoolExecutor.java:1128)
--	at java.base/java.util.concurrent.ThreadPoolExecutor$Worker.run(ThreadPoolExecutor.java:628)
--	at java.base/java.lang.Thread.run(Thread.java:829)
--
-- Time: 2023/01/30 22:11:33
-- Database: database3
-- Database version: v0.3.1
-- seed value: 3

java.lang.AssertionError
	at sqlancer.GlobalState.getSchema(GlobalState.java:134)
	at sqlancer.duckdb.gen.DuckDBTableGenerator.getQuery(DuckDBTableGenerator.java:25)
	at sqlancer.duckdb.DuckDBProvider.generateDatabase(DuckDBProvider.java:105)
	at sqlancer.duckdb.DuckDBProvider.generateDatabase(DuckDBProvider.java:1)
	at sqlancer.ProviderAdapter.generateAndTestDatabase(ProviderAdapter.java:40)
	at sqlancer.Main$DBMSExecutor.run(Main.java:314)
	at sqlancer.Main$2.run(Main.java:495)
	at sqlancer.Main$2.runThread(Main.java:473)
	at sqlancer.Main$2.run(Main.java:463)
	at java.base/java.util.concurrent.ThreadPoolExecutor.runWorker(ThreadPoolExecutor.java:1128)
	at java.base/java.util.concurrent.ThreadPoolExecutor$Worker.run(ThreadPoolExecutor.java:628)
	at java.base/java.lang.Thread.run(Thread.java:829)
--java.lang.AssertionError
--	at sqlancer.GlobalState.getSchema(GlobalState.java:134)
--	at sqlancer.duckdb.gen.DuckDBTableGenerator.getQuery(DuckDBTableGenerator.java:25)
--	at sqlancer.duckdb.DuckDBProvider.generateDatabase(DuckDBProvider.java:105)
--	at sqlancer.duckdb.DuckDBProvider.generateDatabase(DuckDBProvider.java:1)
--	at sqlancer.ProviderAdapter.generateAndTestDatabase(ProviderAdapter.java:40)
--	at sqlancer.Main$DBMSExecutor.run(Main.java:314)
--	at sqlancer.Main$2.run(Main.java:495)
--	at sqlancer.Main$2.runThread(Main.java:473)
--	at sqlancer.Main$2.run(Main.java:463)
--	at java.base/java.util.concurrent.ThreadPoolExecutor.runWorker(ThreadPoolExecutor.java:1128)
--	at java.base/java.util.concurrent.ThreadPoolExecutor$Worker.run(ThreadPoolExecutor.java:628)
--	at java.base/java.lang.Thread.run(Thread.java:829)
--
-- Time: 2023/01/30 22:11:33
-- Database: database4
-- Database version: v0.3.1
-- seed value: 4

java.lang.AssertionError
	at sqlancer.GlobalState.getSchema(GlobalState.java:134)
	at sqlancer.duckdb.gen.DuckDBTableGenerator.getQuery(DuckDBTableGenerator.java:25)
	at sqlancer.duckdb.DuckDBProvider.generateDatabase(DuckDBProvider.java:105)
	at sqlancer.duckdb.DuckDBProvider.generateDatabase(DuckDBProvider.java:1)
	at sqlancer.ProviderAdapter.generateAndTestDatabase(ProviderAdapter.java:40)
	at sqlancer.Main$DBMSExecutor.run(Main.java:314)
	at sqlancer.Main$2.run(Main.java:495)
	at sqlancer.Main$2.runThread(Main.java:473)
	at sqlancer.Main$2.run(Main.java:463)
	at java.base/java.util.concurrent.ThreadPoolExecutor.runWorker(ThreadPoolExecutor.java:1128)
	at java.base/java.util.concurrent.ThreadPoolExecutor$Worker.run(ThreadPoolExecutor.java:628)
	at java.base/java.lang.Thread.run(Thread.java:829)
--java.lang.AssertionError
--	at sqlancer.GlobalState.getSchema(GlobalState.java:134)
--	at sqlancer.duckdb.gen.DuckDBTableGenerator.getQuery(DuckDBTableGenerator.java:25)
--	at sqlancer.duckdb.DuckDBProvider.generateDatabase(DuckDBProvider.java:105)
--	at sqlancer.duckdb.DuckDBProvider.generateDatabase(DuckDBProvider.java:1)
--	at sqlancer.ProviderAdapter.generateAndTestDatabase(ProviderAdapter.java:40)
--	at sqlancer.Main$DBMSExecutor.run(Main.java:314)
--	at sqlancer.Main$2.run(Main.java:495)
--	at sqlancer.Main$2.runThread(Main.java:473)
--	at sqlancer.Main$2.run(Main.java:463)
--	at java.base/java.util.concurrent.ThreadPoolExecutor.runWorker(ThreadPoolExecutor.java:1128)
--	at java.base/java.util.concurrent.ThreadPoolExecutor$Worker.run(ThreadPoolExecutor.java:628)
--	at java.base/java.lang.Thread.run(Thread.java:829)
--
-- Time: 2023/01/30 22:11:33
-- Database: database5
-- Database version: v0.3.1
-- seed value: 5

java.lang.AssertionError
	at sqlancer.GlobalState.getSchema(GlobalState.java:134)
	at sqlancer.duckdb.gen.DuckDBTableGenerator.getQuery(DuckDBTableGenerator.java:25)
	at sqlancer.duckdb.DuckDBProvider.generateDatabase(DuckDBProvider.java:105)
	at sqlancer.duckdb.DuckDBProvider.generateDatabase(DuckDBProvider.java:1)
	at sqlancer.ProviderAdapter.generateAndTestDatabase(ProviderAdapter.java:40)
	at sqlancer.Main$DBMSExecutor.run(Main.java:314)
	at sqlancer.Main$2.run(Main.java:495)
	at sqlancer.Main$2.runThread(Main.java:473)
	at sqlancer.Main$2.run(Main.java:463)
	at java.base/java.util.concurrent.ThreadPoolExecutor.runWorker(ThreadPoolExecutor.java:1128)
	at java.base/java.util.concurrent.ThreadPoolExecutor$Worker.run(ThreadPoolExecutor.java:628)
	at java.base/java.lang.Thread.run(Thread.java:829)
--java.lang.AssertionError
--	at sqlancer.GlobalState.getSchema(GlobalState.java:134)
--	at sqlancer.duckdb.gen.DuckDBTableGenerator.getQuery(DuckDBTableGenerator.java:25)
--	at sqlancer.duckdb.DuckDBProvider.generateDatabase(DuckDBProvider.java:105)
--	at sqlancer.duckdb.DuckDBProvider.generateDatabase(DuckDBProvider.java:1)
--	at sqlancer.ProviderAdapter.generateAndTestDatabase(ProviderAdapter.java:40)
--	at sqlancer.Main$DBMSExecutor.run(Main.java:314)
--	at sqlancer.Main$2.run(Main.java:495)
--	at sqlancer.Main$2.runThread(Main.java:473)
--	at sqlancer.Main$2.run(Main.java:463)
--	at java.base/java.util.concurrent.ThreadPoolExecutor.runWorker(ThreadPoolExecutor.java:1128)
--	at java.base/java.util.concurrent.ThreadPoolExecutor$Worker.run(ThreadPoolExecutor.java:628)
--	at java.base/java.lang.Thread.run(Thread.java:829)
--
-- Time: 2023/01/30 22:11:33
-- Database: database6
-- Database version: v0.3.1
-- seed value: 6

java.lang.AssertionError
	at sqlancer.GlobalState.getSchema(GlobalState.java:134)
	at sqlancer.duckdb.gen.DuckDBTableGenerator.getQuery(DuckDBTableGenerator.java:25)
	at sqlancer.duckdb.DuckDBProvider.generateDatabase(DuckDBProvider.java:105)
	at sqlancer.duckdb.DuckDBProvider.generateDatabase(DuckDBProvider.java:1)
	at sqlancer.ProviderAdapter.generateAndTestDatabase(ProviderAdapter.java:40)
	at sqlancer.Main$DBMSExecutor.run(Main.java:314)
	at sqlancer.Main$2.run(Main.java:495)
	at sqlancer.Main$2.runThread(Main.java:473)
	at sqlancer.Main$2.run(Main.java:463)
	at java.base/java.util.concurrent.ThreadPoolExecutor.runWorker(ThreadPoolExecutor.java:1128)
	at java.base/java.util.concurrent.ThreadPoolExecutor$Worker.run(ThreadPoolExecutor.java:628)
	at java.base/java.lang.Thread.run(Thread.java:829)
--java.lang.AssertionError
--	at sqlancer.GlobalState.getSchema(GlobalState.java:134)
--	at sqlancer.duckdb.gen.DuckDBTableGenerator.getQuery(DuckDBTableGenerator.java:25)
--	at sqlancer.duckdb.DuckDBProvider.generateDatabase(DuckDBProvider.java:105)
--	at sqlancer.duckdb.DuckDBProvider.generateDatabase(DuckDBProvider.java:1)
--	at sqlancer.ProviderAdapter.generateAndTestDatabase(ProviderAdapter.java:40)
--	at sqlancer.Main$DBMSExecutor.run(Main.java:314)
--	at sqlancer.Main$2.run(Main.java:495)
--	at sqlancer.Main$2.runThread(Main.java:473)
--	at sqlancer.Main$2.run(Main.java:463)
--	at java.base/java.util.concurrent.ThreadPoolExecutor.runWorker(ThreadPoolExecutor.java:1128)
--	at java.base/java.util.concurrent.ThreadPoolExecutor$Worker.run(ThreadPoolExecutor.java:628)
--	at java.base/java.lang.Thread.run(Thread.java:829)
--
-- Time: 2023/01/30 22:11:33
-- Database: database7
-- Database version: v0.3.1
-- seed value: 7

java.lang.AssertionError
	at sqlancer.GlobalState.getSchema(GlobalState.java:134)
	at sqlancer.duckdb.gen.DuckDBTableGenerator.getQuery(DuckDBTableGenerator.java:25)
	at sqlancer.duckdb.DuckDBProvider.generateDatabase(DuckDBProvider.java:105)
	at sqlancer.duckdb.DuckDBProvider.generateDatabase(DuckDBProvider.java:1)
	at sqlancer.ProviderAdapter.generateAndTestDatabase(ProviderAdapter.java:40)
	at sqlancer.Main$DBMSExecutor.run(Main.java:314)
	at sqlancer.Main$2.run(Main.java:495)
	at sqlancer.Main$2.runThread(Main.java:473)
	at sqlancer.Main$2.run(Main.java:463)
	at java.base/java.util.concurrent.ThreadPoolExecutor.runWorker(ThreadPoolExecutor.java:1128)
	at java.base/java.util.concurrent.ThreadPoolExecutor$Worker.run(ThreadPoolExecutor.java:628)
	at java.base/java.lang.Thread.run(Thread.java:829)
--java.lang.AssertionError
--	at sqlancer.GlobalState.getSchema(GlobalState.java:134)
--	at sqlancer.duckdb.gen.DuckDBTableGenerator.getQuery(DuckDBTableGenerator.java:25)
--	at sqlancer.duckdb.DuckDBProvider.generateDatabase(DuckDBProvider.java:105)
--	at sqlancer.duckdb.DuckDBProvider.generateDatabase(DuckDBProvider.java:1)
--	at sqlancer.ProviderAdapter.generateAndTestDatabase(ProviderAdapter.java:40)
--	at sqlancer.Main$DBMSExecutor.run(Main.java:314)
--	at sqlancer.Main$2.run(Main.java:495)
--	at sqlancer.Main$2.runThread(Main.java:473)
--	at sqlancer.Main$2.run(Main.java:463)
--	at java.base/java.util.concurrent.ThreadPoolExecutor.runWorker(ThreadPoolExecutor.java:1128)
--	at java.base/java.util.concurrent.ThreadPoolExecutor$Worker.run(ThreadPoolExecutor.java:628)
--	at java.base/java.lang.Thread.run(Thread.java:829)
--
-- Time: 2023/01/30 22:11:33
-- Database: database8
-- Database version: v0.3.1
-- seed value: 8

java.lang.AssertionError
	at sqlancer.GlobalState.getSchema(GlobalState.java:134)
	at sqlancer.duckdb.gen.DuckDBTableGenerator.getQuery(DuckDBTableGenerator.java:25)
	at sqlancer.duckdb.DuckDBProvider.generateDatabase(DuckDBProvider.java:105)
	at sqlancer.duckdb.DuckDBProvider.generateDatabase(DuckDBProvider.java:1)
	at sqlancer.ProviderAdapter.generateAndTestDatabase(ProviderAdapter.java:40)
	at sqlancer.Main$DBMSExecutor.run(Main.java:314)
	at sqlancer.Main$2.run(Main.java:495)
	at sqlancer.Main$2.runThread(Main.java:473)
	at sqlancer.Main$2.run(Main.java:463)
	at java.base/java.util.concurrent.ThreadPoolExecutor.runWorker(ThreadPoolExecutor.java:1128)
	at java.base/java.util.concurrent.ThreadPoolExecutor$Worker.run(ThreadPoolExecutor.java:628)
	at java.base/java.lang.Thread.run(Thread.java:829)
--java.lang.AssertionError
--	at sqlancer.GlobalState.getSchema(GlobalState.java:134)
--	at sqlancer.duckdb.gen.DuckDBTableGenerator.getQuery(DuckDBTableGenerator.java:25)
--	at sqlancer.duckdb.DuckDBProvider.generateDatabase(DuckDBProvider.java:105)
--	at sqlancer.duckdb.DuckDBProvider.generateDatabase(DuckDBProvider.java:1)
--	at sqlancer.ProviderAdapter.generateAndTestDatabase(ProviderAdapter.java:40)
--	at sqlancer.Main$DBMSExecutor.run(Main.java:314)
--	at sqlancer.Main$2.run(Main.java:495)
--	at sqlancer.Main$2.runThread(Main.java:473)
--	at sqlancer.Main$2.run(Main.java:463)
--	at java.base/java.util.concurrent.ThreadPoolExecutor.runWorker(ThreadPoolExecutor.java:1128)
--	at java.base/java.util.concurrent.ThreadPoolExecutor$Worker.run(ThreadPoolExecutor.java:628)
--	at java.base/java.lang.Thread.run(Thread.java:829)
--
-- Time: 2023/01/30 22:11:33
-- Database: database9
-- Database version: v0.3.1
-- seed value: 9

java.lang.AssertionError
	at sqlancer.GlobalState.getSchema(GlobalState.java:134)
	at sqlancer.duckdb.gen.DuckDBTableGenerator.getQuery(DuckDBTableGenerator.java:25)
	at sqlancer.duckdb.DuckDBProvider.generateDatabase(DuckDBProvider.java:105)
	at sqlancer.duckdb.DuckDBProvider.generateDatabase(DuckDBProvider.java:1)
	at sqlancer.ProviderAdapter.generateAndTestDatabase(ProviderAdapter.java:40)
	at sqlancer.Main$DBMSExecutor.run(Main.java:314)
	at sqlancer.Main$2.run(Main.java:495)
	at sqlancer.Main$2.runThread(Main.java:473)
	at sqlancer.Main$2.run(Main.java:463)
	at java.base/java.util.concurrent.ThreadPoolExecutor.runWorker(ThreadPoolExecutor.java:1128)
	at java.base/java.util.concurrent.ThreadPoolExecutor$Worker.run(ThreadPoolExecutor.java:628)
	at java.base/java.lang.Thread.run(Thread.java:829)
--java.lang.AssertionError
--	at sqlancer.GlobalState.getSchema(GlobalState.java:134)
--	at sqlancer.duckdb.gen.DuckDBTableGenerator.getQuery(DuckDBTableGenerator.java:25)
--	at sqlancer.duckdb.DuckDBProvider.generateDatabase(DuckDBProvider.java:105)
--	at sqlancer.duckdb.DuckDBProvider.generateDatabase(DuckDBProvider.java:1)
--	at sqlancer.ProviderAdapter.generateAndTestDatabase(ProviderAdapter.java:40)
--	at sqlancer.Main$DBMSExecutor.run(Main.java:314)
--	at sqlancer.Main$2.run(Main.java:495)
--	at sqlancer.Main$2.runThread(Main.java:473)
--	at sqlancer.Main$2.run(Main.java:463)
--	at java.base/java.util.concurrent.ThreadPoolExecutor.runWorker(ThreadPoolExecutor.java:1128)
--	at java.base/java.util.concurrent.ThreadPoolExecutor$Worker.run(ThreadPoolExecutor.java:628)
--	at java.base/java.lang.Thread.run(Thread.java:829)
--
-- Time: 2023/01/30 22:11:33
-- Database: database10
-- Database version: v0.3.1
-- seed value: 10

java.lang.AssertionError
	at sqlancer.GlobalState.getSchema(GlobalState.java:134)
	at sqlancer.duckdb.gen.DuckDBTableGenerator.getQuery(DuckDBTableGenerator.java:25)
	at sqlancer.duckdb.DuckDBProvider.generateDatabase(DuckDBProvider.java:105)
	at sqlancer.duckdb.DuckDBProvider.generateDatabase(DuckDBProvider.java:1)
	at sqlancer.ProviderAdapter.generateAndTestDatabase(ProviderAdapter.java:40)
	at sqlancer.Main$DBMSExecutor.run(Main.java:314)
	at sqlancer.Main$2.run(Main.java:495)
	at sqlancer.Main$2.runThread(Main.java:473)
	at sqlancer.Main$2.run(Main.java:463)
	at java.base/java.util.concurrent.ThreadPoolExecutor.runWorker(ThreadPoolExecutor.java:1128)
	at java.base/java.util.concurrent.ThreadPoolExecutor$Worker.run(ThreadPoolExecutor.java:628)
	at java.base/java.lang.Thread.run(Thread.java:829)
--java.lang.AssertionError
--	at sqlancer.GlobalState.getSchema(GlobalState.java:134)
--	at sqlancer.duckdb.gen.DuckDBTableGenerator.getQuery(DuckDBTableGenerator.java:25)
--	at sqlancer.duckdb.DuckDBProvider.generateDatabase(DuckDBProvider.java:105)
--	at sqlancer.duckdb.DuckDBProvider.generateDatabase(DuckDBProvider.java:1)
--	at sqlancer.ProviderAdapter.generateAndTestDatabase(ProviderAdapter.java:40)
--	at sqlancer.Main$DBMSExecutor.run(Main.java:314)
--	at sqlancer.Main$2.run(Main.java:495)
--	at sqlancer.Main$2.runThread(Main.java:473)
--	at sqlancer.Main$2.run(Main.java:463)
--	at java.base/java.util.concurrent.ThreadPoolExecutor.runWorker(ThreadPoolExecutor.java:1128)
--	at java.base/java.util.concurrent.ThreadPoolExecutor$Worker.run(ThreadPoolExecutor.java:628)
--	at java.base/java.lang.Thread.run(Thread.java:829)
--
-- Time: 2023/01/30 22:11:33
-- Database: database11
-- Database version: v0.3.1
-- seed value: 11

java.lang.AssertionError
	at sqlancer.GlobalState.getSchema(GlobalState.java:134)
	at sqlancer.duckdb.gen.DuckDBTableGenerator.getQuery(DuckDBTableGenerator.java:25)
	at sqlancer.duckdb.DuckDBProvider.generateDatabase(DuckDBProvider.java:105)
	at sqlancer.duckdb.DuckDBProvider.generateDatabase(DuckDBProvider.java:1)
	at sqlancer.ProviderAdapter.generateAndTestDatabase(ProviderAdapter.java:40)
	at sqlancer.Main$DBMSExecutor.run(Main.java:314)
	at sqlancer.Main$2.run(Main.java:495)
	at sqlancer.Main$2.runThread(Main.java:473)
	at sqlancer.Main$2.run(Main.java:463)
	at java.base/java.util.concurrent.ThreadPoolExecutor.runWorker(ThreadPoolExecutor.java:1128)
	at java.base/java.util.concurrent.ThreadPoolExecutor$Worker.run(ThreadPoolExecutor.java:628)
	at java.base/java.lang.Thread.run(Thread.java:829)
--java.lang.AssertionError
--	at sqlancer.GlobalState.getSchema(GlobalState.java:134)
--	at sqlancer.duckdb.gen.DuckDBTableGenerator.getQuery(DuckDBTableGenerator.java:25)
--	at sqlancer.duckdb.DuckDBProvider.generateDatabase(DuckDBProvider.java:105)
--	at sqlancer.duckdb.DuckDBProvider.generateDatabase(DuckDBProvider.java:1)
--	at sqlancer.ProviderAdapter.generateAndTestDatabase(ProviderAdapter.java:40)
--	at sqlancer.Main$DBMSExecutor.run(Main.java:314)
--	at sqlancer.Main$2.run(Main.java:495)
--	at sqlancer.Main$2.runThread(Main.java:473)
--	at sqlancer.Main$2.run(Main.java:463)
--	at java.base/java.util.concurrent.ThreadPoolExecutor.runWorker(ThreadPoolExecutor.java:1128)
--	at java.base/java.util.concurrent.ThreadPoolExecutor$Worker.run(ThreadPoolExecutor.java:628)
--	at java.base/java.lang.Thread.run(Thread.java:829)
--
-- Time: 2023/01/30 22:11:33
-- Database: database12
-- Database version: v0.3.1
-- seed value: 12

java.lang.AssertionError
	at sqlancer.GlobalState.getSchema(GlobalState.java:134)
	at sqlancer.duckdb.gen.DuckDBTableGenerator.getQuery(DuckDBTableGenerator.java:25)
	at sqlancer.duckdb.DuckDBProvider.generateDatabase(DuckDBProvider.java:105)
	at sqlancer.duckdb.DuckDBProvider.generateDatabase(DuckDBProvider.java:1)
	at sqlancer.ProviderAdapter.generateAndTestDatabase(ProviderAdapter.java:40)
	at sqlancer.Main$DBMSExecutor.run(Main.java:314)
	at sqlancer.Main$2.run(Main.java:495)
	at sqlancer.Main$2.runThread(Main.java:473)
	at sqlancer.Main$2.run(Main.java:463)
	at java.base/java.util.concurrent.ThreadPoolExecutor.runWorker(ThreadPoolExecutor.java:1128)
	at java.base/java.util.concurrent.ThreadPoolExecutor$Worker.run(ThreadPoolExecutor.java:628)
	at java.base/java.lang.Thread.run(Thread.java:829)
--java.lang.AssertionError
--	at sqlancer.GlobalState.getSchema(GlobalState.java:134)
--	at sqlancer.duckdb.gen.DuckDBTableGenerator.getQuery(DuckDBTableGenerator.java:25)
--	at sqlancer.duckdb.DuckDBProvider.generateDatabase(DuckDBProvider.java:105)
--	at sqlancer.duckdb.DuckDBProvider.generateDatabase(DuckDBProvider.java:1)
--	at sqlancer.ProviderAdapter.generateAndTestDatabase(ProviderAdapter.java:40)
--	at sqlancer.Main$DBMSExecutor.run(Main.java:314)
--	at sqlancer.Main$2.run(Main.java:495)
--	at sqlancer.Main$2.runThread(Main.java:473)
--	at sqlancer.Main$2.run(Main.java:463)
--	at java.base/java.util.concurrent.ThreadPoolExecutor.runWorker(ThreadPoolExecutor.java:1128)
--	at java.base/java.util.concurrent.ThreadPoolExecutor$Worker.run(ThreadPoolExecutor.java:628)
--	at java.base/java.lang.Thread.run(Thread.java:829)
--
-- Time: 2023/01/30 22:11:33
-- Database: database13
-- Database version: v0.3.1
-- seed value: 13

java.lang.AssertionError
	at sqlancer.GlobalState.getSchema(GlobalState.java:134)
	at sqlancer.duckdb.gen.DuckDBTableGenerator.getQuery(DuckDBTableGenerator.java:25)
	at sqlancer.duckdb.DuckDBProvider.generateDatabase(DuckDBProvider.java:105)
	at sqlancer.duckdb.DuckDBProvider.generateDatabase(DuckDBProvider.java:1)
	at sqlancer.ProviderAdapter.generateAndTestDatabase(ProviderAdapter.java:40)
	at sqlancer.Main$DBMSExecutor.run(Main.java:314)
	at sqlancer.Main$2.run(Main.java:495)
	at sqlancer.Main$2.runThread(Main.java:473)
	at sqlancer.Main$2.run(Main.java:463)
	at java.base/java.util.concurrent.ThreadPoolExecutor.runWorker(ThreadPoolExecutor.java:1128)
	at java.base/java.util.concurrent.ThreadPoolExecutor$Worker.run(ThreadPoolExecutor.java:628)
	at java.base/java.lang.Thread.run(Thread.java:829)
--java.lang.AssertionError
--	at sqlancer.GlobalState.getSchema(GlobalState.java:134)
--	at sqlancer.duckdb.gen.DuckDBTableGenerator.getQuery(DuckDBTableGenerator.java:25)
--	at sqlancer.duckdb.DuckDBProvider.generateDatabase(DuckDBProvider.java:105)
--	at sqlancer.duckdb.DuckDBProvider.generateDatabase(DuckDBProvider.java:1)
--	at sqlancer.ProviderAdapter.generateAndTestDatabase(ProviderAdapter.java:40)
--	at sqlancer.Main$DBMSExecutor.run(Main.java:314)
--	at sqlancer.Main$2.run(Main.java:495)
--	at sqlancer.Main$2.runThread(Main.java:473)
--	at sqlancer.Main$2.run(Main.java:463)
--	at java.base/java.util.concurrent.ThreadPoolExecutor.runWorker(ThreadPoolExecutor.java:1128)
--	at java.base/java.util.concurrent.ThreadPoolExecutor$Worker.run(ThreadPoolExecutor.java:628)
--	at java.base/java.lang.Thread.run(Thread.java:829)
--
-- Time: 2023/01/30 22:11:33
-- Database: database14
-- Database version: v0.3.1
-- seed value: 14

java.lang.AssertionError
	at sqlancer.GlobalState.getSchema(GlobalState.java:134)
	at sqlancer.duckdb.gen.DuckDBTableGenerator.getQuery(DuckDBTableGenerator.java:25)
	at sqlancer.duckdb.DuckDBProvider.generateDatabase(DuckDBProvider.java:105)
	at sqlancer.duckdb.DuckDBProvider.generateDatabase(DuckDBProvider.java:1)
	at sqlancer.ProviderAdapter.generateAndTestDatabase(ProviderAdapter.java:40)
	at sqlancer.Main$DBMSExecutor.run(Main.java:314)
	at sqlancer.Main$2.run(Main.java:495)
	at sqlancer.Main$2.runThread(Main.java:473)
	at sqlancer.Main$2.run(Main.java:463)
	at java.base/java.util.concurrent.ThreadPoolExecutor.runWorker(ThreadPoolExecutor.java:1128)
	at java.base/java.util.concurrent.ThreadPoolExecutor$Worker.run(ThreadPoolExecutor.java:628)
	at java.base/java.lang.Thread.run(Thread.java:829)
--java.lang.AssertionError
--	at sqlancer.GlobalState.getSchema(GlobalState.java:134)
--	at sqlancer.duckdb.gen.DuckDBTableGenerator.getQuery(DuckDBTableGenerator.java:25)
--	at sqlancer.duckdb.DuckDBProvider.generateDatabase(DuckDBProvider.java:105)
--	at sqlancer.duckdb.DuckDBProvider.generateDatabase(DuckDBProvider.java:1)
--	at sqlancer.ProviderAdapter.generateAndTestDatabase(ProviderAdapter.java:40)
--	at sqlancer.Main$DBMSExecutor.run(Main.java:314)
--	at sqlancer.Main$2.run(Main.java:495)
--	at sqlancer.Main$2.runThread(Main.java:473)
--	at sqlancer.Main$2.run(Main.java:463)
--	at java.base/java.util.concurrent.ThreadPoolExecutor.runWorker(ThreadPoolExecutor.java:1128)
--	at java.base/java.util.concurrent.ThreadPoolExecutor$Worker.run(ThreadPoolExecutor.java:628)
--	at java.base/java.lang.Thread.run(Thread.java:829)
--
-- Time: 2023/01/30 22:11:33
-- Database: database15
-- Database version: v0.3.1
-- seed value: 15

java.lang.AssertionError
	at sqlancer.GlobalState.getSchema(GlobalState.java:134)
	at sqlancer.duckdb.gen.DuckDBTableGenerator.getQuery(DuckDBTableGenerator.java:25)
	at sqlancer.duckdb.DuckDBProvider.generateDatabase(DuckDBProvider.java:105)
	at sqlancer.duckdb.DuckDBProvider.generateDatabase(DuckDBProvider.java:1)
	at sqlancer.ProviderAdapter.generateAndTestDatabase(ProviderAdapter.java:40)
	at sqlancer.Main$DBMSExecutor.run(Main.java:314)
	at sqlancer.Main$2.run(Main.java:495)
	at sqlancer.Main$2.runThread(Main.java:473)
	at sqlancer.Main$2.run(Main.java:463)
	at java.base/java.util.concurrent.ThreadPoolExecutor.runWorker(ThreadPoolExecutor.java:1128)
	at java.base/java.util.concurrent.ThreadPoolExecutor$Worker.run(ThreadPoolExecutor.java:628)
	at java.base/java.lang.Thread.run(Thread.java:829)
--java.lang.AssertionError
--	at sqlancer.GlobalState.getSchema(GlobalState.java:134)
--	at sqlancer.duckdb.gen.DuckDBTableGenerator.getQuery(DuckDBTableGenerator.java:25)
--	at sqlancer.duckdb.DuckDBProvider.generateDatabase(DuckDBProvider.java:105)
--	at sqlancer.duckdb.DuckDBProvider.generateDatabase(DuckDBProvider.java:1)
--	at sqlancer.ProviderAdapter.generateAndTestDatabase(ProviderAdapter.java:40)
--	at sqlancer.Main$DBMSExecutor.run(Main.java:314)
--	at sqlancer.Main$2.run(Main.java:495)
--	at sqlancer.Main$2.runThread(Main.java:473)
--	at sqlancer.Main$2.run(Main.java:463)
--	at java.base/java.util.concurrent.ThreadPoolExecutor.runWorker(ThreadPoolExecutor.java:1128)
--	at java.base/java.util.concurrent.ThreadPoolExecutor$Worker.run(ThreadPoolExecutor.java:628)
--	at java.base/java.lang.Thread.run(Thread.java:829)
--
-- Time: 2023/01/30 22:11:33
-- Database: database16
-- Database version: v0.3.1
-- seed value: 16

java.lang.AssertionError
	at sqlancer.GlobalState.getSchema(GlobalState.java:134)
	at sqlancer.duckdb.gen.DuckDBTableGenerator.getQuery(DuckDBTableGenerator.java:25)
	at sqlancer.duckdb.DuckDBProvider.generateDatabase(DuckDBProvider.java:105)
	at sqlancer.duckdb.DuckDBProvider.generateDatabase(DuckDBProvider.java:1)
	at sqlancer.ProviderAdapter.generateAndTestDatabase(ProviderAdapter.java:40)
	at sqlancer.Main$DBMSExecutor.run(Main.java:314)
	at sqlancer.Main$2.run(Main.java:495)
	at sqlancer.Main$2.runThread(Main.java:473)
	at sqlancer.Main$2.run(Main.java:463)
	at java.base/java.util.concurrent.ThreadPoolExecutor.runWorker(ThreadPoolExecutor.java:1128)
	at java.base/java.util.concurrent.ThreadPoolExecutor$Worker.run(ThreadPoolExecutor.java:628)
	at java.base/java.lang.Thread.run(Thread.java:829)
--java.lang.AssertionError
--	at sqlancer.GlobalState.getSchema(GlobalState.java:134)
--	at sqlancer.duckdb.gen.DuckDBTableGenerator.getQuery(DuckDBTableGenerator.java:25)
--	at sqlancer.duckdb.DuckDBProvider.generateDatabase(DuckDBProvider.java:105)
--	at sqlancer.duckdb.DuckDBProvider.generateDatabase(DuckDBProvider.java:1)
--	at sqlancer.ProviderAdapter.generateAndTestDatabase(ProviderAdapter.java:40)
--	at sqlancer.Main$DBMSExecutor.run(Main.java:314)
--	at sqlancer.Main$2.run(Main.java:495)
--	at sqlancer.Main$2.runThread(Main.java:473)
--	at sqlancer.Main$2.run(Main.java:463)
--	at java.base/java.util.concurrent.ThreadPoolExecutor.runWorker(ThreadPoolExecutor.java:1128)
--	at java.base/java.util.concurrent.ThreadPoolExecutor$Worker.run(ThreadPoolExecutor.java:628)
--	at java.base/java.lang.Thread.run(Thread.java:829)
--
-- Time: 2023/01/30 22:11:33
-- Database: database17
-- Database version: v0.3.1
-- seed value: 17

java.lang.AssertionError
	at sqlancer.GlobalState.getSchema(GlobalState.java:134)
	at sqlancer.duckdb.gen.DuckDBTableGenerator.getQuery(DuckDBTableGenerator.java:25)
	at sqlancer.duckdb.DuckDBProvider.generateDatabase(DuckDBProvider.java:105)
	at sqlancer.duckdb.DuckDBProvider.generateDatabase(DuckDBProvider.java:1)
	at sqlancer.ProviderAdapter.generateAndTestDatabase(ProviderAdapter.java:40)
	at sqlancer.Main$DBMSExecutor.run(Main.java:314)
	at sqlancer.Main$2.run(Main.java:495)
	at sqlancer.Main$2.runThread(Main.java:473)
	at sqlancer.Main$2.run(Main.java:463)
	at java.base/java.util.concurrent.ThreadPoolExecutor.runWorker(ThreadPoolExecutor.java:1128)
	at java.base/java.util.concurrent.ThreadPoolExecutor$Worker.run(ThreadPoolExecutor.java:628)
	at java.base/java.lang.Thread.run(Thread.java:829)
--java.lang.AssertionError
--	at sqlancer.GlobalState.getSchema(GlobalState.java:134)
--	at sqlancer.duckdb.gen.DuckDBTableGenerator.getQuery(DuckDBTableGenerator.java:25)
--	at sqlancer.duckdb.DuckDBProvider.generateDatabase(DuckDBProvider.java:105)
--	at sqlancer.duckdb.DuckDBProvider.generateDatabase(DuckDBProvider.java:1)
--	at sqlancer.ProviderAdapter.generateAndTestDatabase(ProviderAdapter.java:40)
--	at sqlancer.Main$DBMSExecutor.run(Main.java:314)
--	at sqlancer.Main$2.run(Main.java:495)
--	at sqlancer.Main$2.runThread(Main.java:473)
--	at sqlancer.Main$2.run(Main.java:463)
--	at java.base/java.util.concurrent.ThreadPoolExecutor.runWorker(ThreadPoolExecutor.java:1128)
--	at java.base/java.util.concurrent.ThreadPoolExecutor$Worker.run(ThreadPoolExecutor.java:628)
--	at java.base/java.lang.Thread.run(Thread.java:829)
--
-- Time: 2023/01/30 22:11:33
-- Database: database18
-- Database version: v0.3.1
-- seed value: 18

java.lang.AssertionError
	at sqlancer.GlobalState.getSchema(GlobalState.java:134)
	at sqlancer.duckdb.gen.DuckDBTableGenerator.getQuery(DuckDBTableGenerator.java:25)
	at sqlancer.duckdb.DuckDBProvider.generateDatabase(DuckDBProvider.java:105)
	at sqlancer.duckdb.DuckDBProvider.generateDatabase(DuckDBProvider.java:1)
	at sqlancer.ProviderAdapter.generateAndTestDatabase(ProviderAdapter.java:40)
	at sqlancer.Main$DBMSExecutor.run(Main.java:314)
	at sqlancer.Main$2.run(Main.java:495)
	at sqlancer.Main$2.runThread(Main.java:473)
	at sqlancer.Main$2.run(Main.java:463)
	at java.base/java.util.concurrent.ThreadPoolExecutor.runWorker(ThreadPoolExecutor.java:1128)
	at java.base/java.util.concurrent.ThreadPoolExecutor$Worker.run(ThreadPoolExecutor.java:628)
	at java.base/java.lang.Thread.run(Thread.java:829)
--java.lang.AssertionError
--	at sqlancer.GlobalState.getSchema(GlobalState.java:134)
--	at sqlancer.duckdb.gen.DuckDBTableGenerator.getQuery(DuckDBTableGenerator.java:25)
--	at sqlancer.duckdb.DuckDBProvider.generateDatabase(DuckDBProvider.java:105)
--	at sqlancer.duckdb.DuckDBProvider.generateDatabase(DuckDBProvider.java:1)
--	at sqlancer.ProviderAdapter.generateAndTestDatabase(ProviderAdapter.java:40)
--	at sqlancer.Main$DBMSExecutor.run(Main.java:314)
--	at sqlancer.Main$2.run(Main.java:495)
--	at sqlancer.Main$2.runThread(Main.java:473)
--	at sqlancer.Main$2.run(Main.java:463)
--	at java.base/java.util.concurrent.ThreadPoolExecutor.runWorker(ThreadPoolExecutor.java:1128)
--	at java.base/java.util.concurrent.ThreadPoolExecutor$Worker.run(ThreadPoolExecutor.java:628)
--	at java.base/java.lang.Thread.run(Thread.java:829)
--
-- Time: 2023/01/30 22:11:33
-- Database: database19
-- Database version: v0.3.1
-- seed value: 19

java.lang.AssertionError
	at sqlancer.GlobalState.getSchema(GlobalState.java:134)
	at sqlancer.duckdb.gen.DuckDBTableGenerator.getQuery(DuckDBTableGenerator.java:25)
	at sqlancer.duckdb.DuckDBProvider.generateDatabase(DuckDBProvider.java:105)
	at sqlancer.duckdb.DuckDBProvider.generateDatabase(DuckDBProvider.java:1)
	at sqlancer.ProviderAdapter.generateAndTestDatabase(ProviderAdapter.java:40)
	at sqlancer.Main$DBMSExecutor.run(Main.java:314)
	at sqlancer.Main$2.run(Main.java:495)
	at sqlancer.Main$2.runThread(Main.java:473)
	at sqlancer.Main$2.run(Main.java:463)
	at java.base/java.util.concurrent.ThreadPoolExecutor.runWorker(ThreadPoolExecutor.java:1128)
	at java.base/java.util.concurrent.ThreadPoolExecutor$Worker.run(ThreadPoolExecutor.java:628)
	at java.base/java.lang.Thread.run(Thread.java:829)
--java.lang.AssertionError
--	at sqlancer.GlobalState.getSchema(GlobalState.java:134)
--	at sqlancer.duckdb.gen.DuckDBTableGenerator.getQuery(DuckDBTableGenerator.java:25)
--	at sqlancer.duckdb.DuckDBProvider.generateDatabase(DuckDBProvider.java:105)
--	at sqlancer.duckdb.DuckDBProvider.generateDatabase(DuckDBProvider.java:1)
--	at sqlancer.ProviderAdapter.generateAndTestDatabase(ProviderAdapter.java:40)
--	at sqlancer.Main$DBMSExecutor.run(Main.java:314)
--	at sqlancer.Main$2.run(Main.java:495)
--	at sqlancer.Main$2.runThread(Main.java:473)
--	at sqlancer.Main$2.run(Main.java:463)
--	at java.base/java.util.concurrent.ThreadPoolExecutor.runWorker(ThreadPoolExecutor.java:1128)
--	at java.base/java.util.concurrent.ThreadPoolExecutor$Worker.run(ThreadPoolExecutor.java:628)
--	at java.base/java.lang.Thread.run(Thread.java:829)
--
-- Time: 2023/01/30 22:11:33
-- Database: database20
-- Database version: v0.3.1
-- seed value: 20

java.lang.AssertionError
	at sqlancer.GlobalState.getSchema(GlobalState.java:134)
	at sqlancer.duckdb.gen.DuckDBTableGenerator.getQuery(DuckDBTableGenerator.java:25)
	at sqlancer.duckdb.DuckDBProvider.generateDatabase(DuckDBProvider.java:105)
	at sqlancer.duckdb.DuckDBProvider.generateDatabase(DuckDBProvider.java:1)
	at sqlancer.ProviderAdapter.generateAndTestDatabase(ProviderAdapter.java:40)
	at sqlancer.Main$DBMSExecutor.run(Main.java:314)
	at sqlancer.Main$2.run(Main.java:495)
	at sqlancer.Main$2.runThread(Main.java:473)
	at sqlancer.Main$2.run(Main.java:463)
	at java.base/java.util.concurrent.ThreadPoolExecutor.runWorker(ThreadPoolExecutor.java:1128)
	at java.base/java.util.concurrent.ThreadPoolExecutor$Worker.run(ThreadPoolExecutor.java:628)
	at java.base/java.lang.Thread.run(Thread.java:829)
--java.lang.AssertionError
--	at sqlancer.GlobalState.getSchema(GlobalState.java:134)
--	at sqlancer.duckdb.gen.DuckDBTableGenerator.getQuery(DuckDBTableGenerator.java:25)
--	at sqlancer.duckdb.DuckDBProvider.generateDatabase(DuckDBProvider.java:105)
--	at sqlancer.duckdb.DuckDBProvider.generateDatabase(DuckDBProvider.java:1)
--	at sqlancer.ProviderAdapter.generateAndTestDatabase(ProviderAdapter.java:40)
--	at sqlancer.Main$DBMSExecutor.run(Main.java:314)
--	at sqlancer.Main$2.run(Main.java:495)
--	at sqlancer.Main$2.runThread(Main.java:473)
--	at sqlancer.Main$2.run(Main.java:463)
--	at java.base/java.util.concurrent.ThreadPoolExecutor.runWorker(ThreadPoolExecutor.java:1128)
--	at java.base/java.util.concurrent.ThreadPoolExecutor$Worker.run(ThreadPoolExecutor.java:628)
--	at java.base/java.lang.Thread.run(Thread.java:829)
--
-- Time: 2023/01/30 22:11:33
-- Database: database21
-- Database version: v0.3.1
-- seed value: 21

java.lang.AssertionError
	at sqlancer.GlobalState.getSchema(GlobalState.java:134)
	at sqlancer.duckdb.gen.DuckDBTableGenerator.getQuery(DuckDBTableGenerator.java:25)
	at sqlancer.duckdb.DuckDBProvider.generateDatabase(DuckDBProvider.java:105)
	at sqlancer.duckdb.DuckDBProvider.generateDatabase(DuckDBProvider.java:1)
	at sqlancer.ProviderAdapter.generateAndTestDatabase(ProviderAdapter.java:40)
	at sqlancer.Main$DBMSExecutor.run(Main.java:314)
	at sqlancer.Main$2.run(Main.java:495)
	at sqlancer.Main$2.runThread(Main.java:473)
	at sqlancer.Main$2.run(Main.java:463)
	at java.base/java.util.concurrent.ThreadPoolExecutor.runWorker(ThreadPoolExecutor.java:1128)
	at java.base/java.util.concurrent.ThreadPoolExecutor$Worker.run(ThreadPoolExecutor.java:628)
	at java.base/java.lang.Thread.run(Thread.java:829)
--java.lang.AssertionError
--	at sqlancer.GlobalState.getSchema(GlobalState.java:134)
--	at sqlancer.duckdb.gen.DuckDBTableGenerator.getQuery(DuckDBTableGenerator.java:25)
--	at sqlancer.duckdb.DuckDBProvider.generateDatabase(DuckDBProvider.java:105)
--	at sqlancer.duckdb.DuckDBProvider.generateDatabase(DuckDBProvider.java:1)
--	at sqlancer.ProviderAdapter.generateAndTestDatabase(ProviderAdapter.java:40)
--	at sqlancer.Main$DBMSExecutor.run(Main.java:314)
--	at sqlancer.Main$2.run(Main.java:495)
--	at sqlancer.Main$2.runThread(Main.java:473)
--	at sqlancer.Main$2.run(Main.java:463)
--	at java.base/java.util.concurrent.ThreadPoolExecutor.runWorker(ThreadPoolExecutor.java:1128)
--	at java.base/java.util.concurrent.ThreadPoolExecutor$Worker.run(ThreadPoolExecutor.java:628)
--	at java.base/java.lang.Thread.run(Thread.java:829)
--
-- Time: 2023/01/30 22:11:33
-- Database: database22
-- Database version: v0.3.1
-- seed value: 22

java.lang.AssertionError
	at sqlancer.GlobalState.getSchema(GlobalState.java:134)
	at sqlancer.duckdb.gen.DuckDBTableGenerator.getQuery(DuckDBTableGenerator.java:25)
	at sqlancer.duckdb.DuckDBProvider.generateDatabase(DuckDBProvider.java:105)
	at sqlancer.duckdb.DuckDBProvider.generateDatabase(DuckDBProvider.java:1)
	at sqlancer.ProviderAdapter.generateAndTestDatabase(ProviderAdapter.java:40)
	at sqlancer.Main$DBMSExecutor.run(Main.java:314)
	at sqlancer.Main$2.run(Main.java:495)
	at sqlancer.Main$2.runThread(Main.java:473)
	at sqlancer.Main$2.run(Main.java:463)
	at java.base/java.util.concurrent.ThreadPoolExecutor.runWorker(ThreadPoolExecutor.java:1128)
	at java.base/java.util.concurrent.ThreadPoolExecutor$Worker.run(ThreadPoolExecutor.java:628)
	at java.base/java.lang.Thread.run(Thread.java:829)
--java.lang.AssertionError
--	at sqlancer.GlobalState.getSchema(GlobalState.java:134)
--	at sqlancer.duckdb.gen.DuckDBTableGenerator.getQuery(DuckDBTableGenerator.java:25)
--	at sqlancer.duckdb.DuckDBProvider.generateDatabase(DuckDBProvider.java:105)
--	at sqlancer.duckdb.DuckDBProvider.generateDatabase(DuckDBProvider.java:1)
--	at sqlancer.ProviderAdapter.generateAndTestDatabase(ProviderAdapter.java:40)
--	at sqlancer.Main$DBMSExecutor.run(Main.java:314)
--	at sqlancer.Main$2.run(Main.java:495)
--	at sqlancer.Main$2.runThread(Main.java:473)
--	at sqlancer.Main$2.run(Main.java:463)
--	at java.base/java.util.concurrent.ThreadPoolExecutor.runWorker(ThreadPoolExecutor.java:1128)
--	at java.base/java.util.concurrent.ThreadPoolExecutor$Worker.run(ThreadPoolExecutor.java:628)
--	at java.base/java.lang.Thread.run(Thread.java:829)
--
-- Time: 2023/01/30 22:11:33
-- Database: database23
-- Database version: v0.3.1
-- seed value: 23

java.lang.AssertionError
	at sqlancer.GlobalState.getSchema(GlobalState.java:134)
	at sqlancer.duckdb.gen.DuckDBTableGenerator.getQuery(DuckDBTableGenerator.java:25)
	at sqlancer.duckdb.DuckDBProvider.generateDatabase(DuckDBProvider.java:105)
	at sqlancer.duckdb.DuckDBProvider.generateDatabase(DuckDBProvider.java:1)
	at sqlancer.ProviderAdapter.generateAndTestDatabase(ProviderAdapter.java:40)
	at sqlancer.Main$DBMSExecutor.run(Main.java:314)
	at sqlancer.Main$2.run(Main.java:495)
	at sqlancer.Main$2.runThread(Main.java:473)
	at sqlancer.Main$2.run(Main.java:463)
	at java.base/java.util.concurrent.ThreadPoolExecutor.runWorker(ThreadPoolExecutor.java:1128)
	at java.base/java.util.concurrent.ThreadPoolExecutor$Worker.run(ThreadPoolExecutor.java:628)
	at java.base/java.lang.Thread.run(Thread.java:829)
--java.lang.AssertionError
--	at sqlancer.GlobalState.getSchema(GlobalState.java:134)
--	at sqlancer.duckdb.gen.DuckDBTableGenerator.getQuery(DuckDBTableGenerator.java:25)
--	at sqlancer.duckdb.DuckDBProvider.generateDatabase(DuckDBProvider.java:105)
--	at sqlancer.duckdb.DuckDBProvider.generateDatabase(DuckDBProvider.java:1)
--	at sqlancer.ProviderAdapter.generateAndTestDatabase(ProviderAdapter.java:40)
--	at sqlancer.Main$DBMSExecutor.run(Main.java:314)
--	at sqlancer.Main$2.run(Main.java:495)
--	at sqlancer.Main$2.runThread(Main.java:473)
--	at sqlancer.Main$2.run(Main.java:463)
--	at java.base/java.util.concurrent.ThreadPoolExecutor.runWorker(ThreadPoolExecutor.java:1128)
--	at java.base/java.util.concurrent.ThreadPoolExecutor$Worker.run(ThreadPoolExecutor.java:628)
--	at java.base/java.lang.Thread.run(Thread.java:829)
--
-- Time: 2023/01/30 22:11:33
-- Database: database24
-- Database version: v0.3.1
-- seed value: 24

java.lang.AssertionError
	at sqlancer.GlobalState.getSchema(GlobalState.java:134)
	at sqlancer.duckdb.gen.DuckDBTableGenerator.getQuery(DuckDBTableGenerator.java:25)
	at sqlancer.duckdb.DuckDBProvider.generateDatabase(DuckDBProvider.java:105)
	at sqlancer.duckdb.DuckDBProvider.generateDatabase(DuckDBProvider.java:1)
	at sqlancer.ProviderAdapter.generateAndTestDatabase(ProviderAdapter.java:40)
	at sqlancer.Main$DBMSExecutor.run(Main.java:314)
	at sqlancer.Main$2.run(Main.java:495)
	at sqlancer.Main$2.runThread(Main.java:473)
	at sqlancer.Main$2.run(Main.java:463)
	at java.base/java.util.concurrent.ThreadPoolExecutor.runWorker(ThreadPoolExecutor.java:1128)
	at java.base/java.util.concurrent.ThreadPoolExecutor$Worker.run(ThreadPoolExecutor.java:628)
	at java.base/java.lang.Thread.run(Thread.java:829)
--java.lang.AssertionError
--	at sqlancer.GlobalState.getSchema(GlobalState.java:134)
--	at sqlancer.duckdb.gen.DuckDBTableGenerator.getQuery(DuckDBTableGenerator.java:25)
--	at sqlancer.duckdb.DuckDBProvider.generateDatabase(DuckDBProvider.java:105)
--	at sqlancer.duckdb.DuckDBProvider.generateDatabase(DuckDBProvider.java:1)
--	at sqlancer.ProviderAdapter.generateAndTestDatabase(ProviderAdapter.java:40)
--	at sqlancer.Main$DBMSExecutor.run(Main.java:314)
--	at sqlancer.Main$2.run(Main.java:495)
--	at sqlancer.Main$2.runThread(Main.java:473)
--	at sqlancer.Main$2.run(Main.java:463)
--	at java.base/java.util.concurrent.ThreadPoolExecutor.runWorker(ThreadPoolExecutor.java:1128)
--	at java.base/java.util.concurrent.ThreadPoolExecutor$Worker.run(ThreadPoolExecutor.java:628)
--	at java.base/java.lang.Thread.run(Thread.java:829)
--
-- Time: 2023/01/30 22:11:33
-- Database: database25
-- Database version: v0.3.1
-- seed value: 25

java.lang.AssertionError
	at sqlancer.GlobalState.getSchema(GlobalState.java:134)
	at sqlancer.duckdb.gen.DuckDBTableGenerator.getQuery(DuckDBTableGenerator.java:25)
	at sqlancer.duckdb.DuckDBProvider.generateDatabase(DuckDBProvider.java:105)
	at sqlancer.duckdb.DuckDBProvider.generateDatabase(DuckDBProvider.java:1)
	at sqlancer.ProviderAdapter.generateAndTestDatabase(ProviderAdapter.java:40)
	at sqlancer.Main$DBMSExecutor.run(Main.java:314)
	at sqlancer.Main$2.run(Main.java:495)
	at sqlancer.Main$2.runThread(Main.java:473)
	at sqlancer.Main$2.run(Main.java:463)
	at java.base/java.util.concurrent.ThreadPoolExecutor.runWorker(ThreadPoolExecutor.java:1128)
	at java.base/java.util.concurrent.ThreadPoolExecutor$Worker.run(ThreadPoolExecutor.java:628)
	at java.base/java.lang.Thread.run(Thread.java:829)
--java.lang.AssertionError
--	at sqlancer.GlobalState.getSchema(GlobalState.java:134)
--	at sqlancer.duckdb.gen.DuckDBTableGenerator.getQuery(DuckDBTableGenerator.java:25)
--	at sqlancer.duckdb.DuckDBProvider.generateDatabase(DuckDBProvider.java:105)
--	at sqlancer.duckdb.DuckDBProvider.generateDatabase(DuckDBProvider.java:1)
--	at sqlancer.ProviderAdapter.generateAndTestDatabase(ProviderAdapter.java:40)
--	at sqlancer.Main$DBMSExecutor.run(Main.java:314)
--	at sqlancer.Main$2.run(Main.java:495)
--	at sqlancer.Main$2.runThread(Main.java:473)
--	at sqlancer.Main$2.run(Main.java:463)
--	at java.base/java.util.concurrent.ThreadPoolExecutor.runWorker(ThreadPoolExecutor.java:1128)
--	at java.base/java.util.concurrent.ThreadPoolExecutor$Worker.run(ThreadPoolExecutor.java:628)
--	at java.base/java.lang.Thread.run(Thread.java:829)
--
-- Time: 2023/01/30 22:11:33
-- Database: database26
-- Database version: v0.3.1
-- seed value: 26

java.lang.AssertionError
	at sqlancer.GlobalState.getSchema(GlobalState.java:134)
	at sqlancer.duckdb.gen.DuckDBTableGenerator.getQuery(DuckDBTableGenerator.java:25)
	at sqlancer.duckdb.DuckDBProvider.generateDatabase(DuckDBProvider.java:105)
	at sqlancer.duckdb.DuckDBProvider.generateDatabase(DuckDBProvider.java:1)
	at sqlancer.ProviderAdapter.generateAndTestDatabase(ProviderAdapter.java:40)
	at sqlancer.Main$DBMSExecutor.run(Main.java:314)
	at sqlancer.Main$2.run(Main.java:495)
	at sqlancer.Main$2.runThread(Main.java:473)
	at sqlancer.Main$2.run(Main.java:463)
	at java.base/java.util.concurrent.ThreadPoolExecutor.runWorker(ThreadPoolExecutor.java:1128)
	at java.base/java.util.concurrent.ThreadPoolExecutor$Worker.run(ThreadPoolExecutor.java:628)
	at java.base/java.lang.Thread.run(Thread.java:829)
--java.lang.AssertionError
--	at sqlancer.GlobalState.getSchema(GlobalState.java:134)
--	at sqlancer.duckdb.gen.DuckDBTableGenerator.getQuery(DuckDBTableGenerator.java:25)
--	at sqlancer.duckdb.DuckDBProvider.generateDatabase(DuckDBProvider.java:105)
--	at sqlancer.duckdb.DuckDBProvider.generateDatabase(DuckDBProvider.java:1)
--	at sqlancer.ProviderAdapter.generateAndTestDatabase(ProviderAdapter.java:40)
--	at sqlancer.Main$DBMSExecutor.run(Main.java:314)
--	at sqlancer.Main$2.run(Main.java:495)
--	at sqlancer.Main$2.runThread(Main.java:473)
--	at sqlancer.Main$2.run(Main.java:463)
--	at java.base/java.util.concurrent.ThreadPoolExecutor.runWorker(ThreadPoolExecutor.java:1128)
--	at java.base/java.util.concurrent.ThreadPoolExecutor$Worker.run(ThreadPoolExecutor.java:628)
--	at java.base/java.lang.Thread.run(Thread.java:829)
--
-- Time: 2023/01/30 22:11:33
-- Database: database27
-- Database version: v0.3.1
-- seed value: 27

java.lang.AssertionError
	at sqlancer.GlobalState.getSchema(GlobalState.java:134)
	at sqlancer.duckdb.gen.DuckDBTableGenerator.getQuery(DuckDBTableGenerator.java:25)
	at sqlancer.duckdb.DuckDBProvider.generateDatabase(DuckDBProvider.java:105)
	at sqlancer.duckdb.DuckDBProvider.generateDatabase(DuckDBProvider.java:1)
	at sqlancer.ProviderAdapter.generateAndTestDatabase(ProviderAdapter.java:40)
	at sqlancer.Main$DBMSExecutor.run(Main.java:314)
	at sqlancer.Main$2.run(Main.java:495)
	at sqlancer.Main$2.runThread(Main.java:473)
	at sqlancer.Main$2.run(Main.java:463)
	at java.base/java.util.concurrent.ThreadPoolExecutor.runWorker(ThreadPoolExecutor.java:1128)
	at java.base/java.util.concurrent.ThreadPoolExecutor$Worker.run(ThreadPoolExecutor.java:628)
	at java.base/java.lang.Thread.run(Thread.java:829)
--java.lang.AssertionError
--	at sqlancer.GlobalState.getSchema(GlobalState.java:134)
--	at sqlancer.duckdb.gen.DuckDBTableGenerator.getQuery(DuckDBTableGenerator.java:25)
--	at sqlancer.duckdb.DuckDBProvider.generateDatabase(DuckDBProvider.java:105)
--	at sqlancer.duckdb.DuckDBProvider.generateDatabase(DuckDBProvider.java:1)
--	at sqlancer.ProviderAdapter.generateAndTestDatabase(ProviderAdapter.java:40)
--	at sqlancer.Main$DBMSExecutor.run(Main.java:314)
--	at sqlancer.Main$2.run(Main.java:495)
--	at sqlancer.Main$2.runThread(Main.java:473)
--	at sqlancer.Main$2.run(Main.java:463)
--	at java.base/java.util.concurrent.ThreadPoolExecutor.runWorker(ThreadPoolExecutor.java:1128)
--	at java.base/java.util.concurrent.ThreadPoolExecutor$Worker.run(ThreadPoolExecutor.java:628)
--	at java.base/java.lang.Thread.run(Thread.java:829)
--
-- Time: 2023/01/30 22:11:33
-- Database: database28
-- Database version: v0.3.1
-- seed value: 28

java.lang.AssertionError
	at sqlancer.GlobalState.getSchema(GlobalState.java:134)
	at sqlancer.duckdb.gen.DuckDBTableGenerator.getQuery(DuckDBTableGenerator.java:25)
	at sqlancer.duckdb.DuckDBProvider.generateDatabase(DuckDBProvider.java:105)
	at sqlancer.duckdb.DuckDBProvider.generateDatabase(DuckDBProvider.java:1)
	at sqlancer.ProviderAdapter.generateAndTestDatabase(ProviderAdapter.java:40)
	at sqlancer.Main$DBMSExecutor.run(Main.java:314)
	at sqlancer.Main$2.run(Main.java:495)
	at sqlancer.Main$2.runThread(Main.java:473)
	at sqlancer.Main$2.run(Main.java:463)
	at java.base/java.util.concurrent.ThreadPoolExecutor.runWorker(ThreadPoolExecutor.java:1128)
	at java.base/java.util.concurrent.ThreadPoolExecutor$Worker.run(ThreadPoolExecutor.java:628)
	at java.base/java.lang.Thread.run(Thread.java:829)
--java.lang.AssertionError
--	at sqlancer.GlobalState.getSchema(GlobalState.java:134)
--	at sqlancer.duckdb.gen.DuckDBTableGenerator.getQuery(DuckDBTableGenerator.java:25)
--	at sqlancer.duckdb.DuckDBProvider.generateDatabase(DuckDBProvider.java:105)
--	at sqlancer.duckdb.DuckDBProvider.generateDatabase(DuckDBProvider.java:1)
--	at sqlancer.ProviderAdapter.generateAndTestDatabase(ProviderAdapter.java:40)
--	at sqlancer.Main$DBMSExecutor.run(Main.java:314)
--	at sqlancer.Main$2.run(Main.java:495)
--	at sqlancer.Main$2.runThread(Main.java:473)
--	at sqlancer.Main$2.run(Main.java:463)
--	at java.base/java.util.concurrent.ThreadPoolExecutor.runWorker(ThreadPoolExecutor.java:1128)
--	at java.base/java.util.concurrent.ThreadPoolExecutor$Worker.run(ThreadPoolExecutor.java:628)
--	at java.base/java.lang.Thread.run(Thread.java:829)
--
-- Time: 2023/01/30 22:11:33
-- Database: database29
-- Database version: v0.3.1
-- seed value: 29

java.lang.AssertionError
	at sqlancer.GlobalState.getSchema(GlobalState.java:134)
	at sqlancer.duckdb.gen.DuckDBTableGenerator.getQuery(DuckDBTableGenerator.java:25)
	at sqlancer.duckdb.DuckDBProvider.generateDatabase(DuckDBProvider.java:105)
	at sqlancer.duckdb.DuckDBProvider.generateDatabase(DuckDBProvider.java:1)
	at sqlancer.ProviderAdapter.generateAndTestDatabase(ProviderAdapter.java:40)
	at sqlancer.Main$DBMSExecutor.run(Main.java:314)
	at sqlancer.Main$2.run(Main.java:495)
	at sqlancer.Main$2.runThread(Main.java:473)
	at sqlancer.Main$2.run(Main.java:463)
	at java.base/java.util.concurrent.ThreadPoolExecutor.runWorker(ThreadPoolExecutor.java:1128)
	at java.base/java.util.concurrent.ThreadPoolExecutor$Worker.run(ThreadPoolExecutor.java:628)
	at java.base/java.lang.Thread.run(Thread.java:829)
--java.lang.AssertionError
--	at sqlancer.GlobalState.getSchema(GlobalState.java:134)
--	at sqlancer.duckdb.gen.DuckDBTableGenerator.getQuery(DuckDBTableGenerator.java:25)
--	at sqlancer.duckdb.DuckDBProvider.generateDatabase(DuckDBProvider.java:105)
--	at sqlancer.duckdb.DuckDBProvider.generateDatabase(DuckDBProvider.java:1)
--	at sqlancer.ProviderAdapter.generateAndTestDatabase(ProviderAdapter.java:40)
--	at sqlancer.Main$DBMSExecutor.run(Main.java:314)
--	at sqlancer.Main$2.run(Main.java:495)
--	at sqlancer.Main$2.runThread(Main.java:473)
--	at sqlancer.Main$2.run(Main.java:463)
--	at java.base/java.util.concurrent.ThreadPoolExecutor.runWorker(ThreadPoolExecutor.java:1128)
--	at java.base/java.util.concurrent.ThreadPoolExecutor$Worker.run(ThreadPoolExecutor.java:628)
--	at java.base/java.lang.Thread.run(Thread.java:829)
--
-- Time: 2023/01/30 22:11:33
-- Database: database30
-- Database version: v0.3.1
-- seed value: 30

java.lang.AssertionError
	at sqlancer.GlobalState.getSchema(GlobalState.java:134)
	at sqlancer.duckdb.gen.DuckDBTableGenerator.getQuery(DuckDBTableGenerator.java:25)
	at sqlancer.duckdb.DuckDBProvider.generateDatabase(DuckDBProvider.java:105)
	at sqlancer.duckdb.DuckDBProvider.generateDatabase(DuckDBProvider.java:1)
	at sqlancer.ProviderAdapter.generateAndTestDatabase(ProviderAdapter.java:40)
	at sqlancer.Main$DBMSExecutor.run(Main.java:314)
	at sqlancer.Main$2.run(Main.java:495)
	at sqlancer.Main$2.runThread(Main.java:473)
	at sqlancer.Main$2.run(Main.java:463)
	at java.base/java.util.concurrent.ThreadPoolExecutor.runWorker(ThreadPoolExecutor.java:1128)
	at java.base/java.util.concurrent.ThreadPoolExecutor$Worker.run(ThreadPoolExecutor.java:628)
	at java.base/java.lang.Thread.run(Thread.java:829)
--java.lang.AssertionError
--	at sqlancer.GlobalState.getSchema(GlobalState.java:134)
--	at sqlancer.duckdb.gen.DuckDBTableGenerator.getQuery(DuckDBTableGenerator.java:25)
--	at sqlancer.duckdb.DuckDBProvider.generateDatabase(DuckDBProvider.java:105)
--	at sqlancer.duckdb.DuckDBProvider.generateDatabase(DuckDBProvider.java:1)
--	at sqlancer.ProviderAdapter.generateAndTestDatabase(ProviderAdapter.java:40)
--	at sqlancer.Main$DBMSExecutor.run(Main.java:314)
--	at sqlancer.Main$2.run(Main.java:495)
--	at sqlancer.Main$2.runThread(Main.java:473)
--	at sqlancer.Main$2.run(Main.java:463)
--	at java.base/java.util.concurrent.ThreadPoolExecutor.runWorker(ThreadPoolExecutor.java:1128)
--	at java.base/java.util.concurrent.ThreadPoolExecutor$Worker.run(ThreadPoolExecutor.java:628)
--	at java.base/java.lang.Thread.run(Thread.java:829)
--
-- Time: 2023/01/30 22:11:33
-- Database: database31
-- Database version: v0.3.1
-- seed value: 31

java.lang.AssertionError
	at sqlancer.GlobalState.getSchema(GlobalState.java:134)
	at sqlancer.duckdb.gen.DuckDBTableGenerator.getQuery(DuckDBTableGenerator.java:25)
	at sqlancer.duckdb.DuckDBProvider.generateDatabase(DuckDBProvider.java:105)
	at sqlancer.duckdb.DuckDBProvider.generateDatabase(DuckDBProvider.java:1)
	at sqlancer.ProviderAdapter.generateAndTestDatabase(ProviderAdapter.java:40)
	at sqlancer.Main$DBMSExecutor.run(Main.java:314)
	at sqlancer.Main$2.run(Main.java:495)
	at sqlancer.Main$2.runThread(Main.java:473)
	at sqlancer.Main$2.run(Main.java:463)
	at java.base/java.util.concurrent.ThreadPoolExecutor.runWorker(ThreadPoolExecutor.java:1128)
	at java.base/java.util.concurrent.ThreadPoolExecutor$Worker.run(ThreadPoolExecutor.java:628)
	at java.base/java.lang.Thread.run(Thread.java:829)
--java.lang.AssertionError
--	at sqlancer.GlobalState.getSchema(GlobalState.java:134)
--	at sqlancer.duckdb.gen.DuckDBTableGenerator.getQuery(DuckDBTableGenerator.java:25)
--	at sqlancer.duckdb.DuckDBProvider.generateDatabase(DuckDBProvider.java:105)
--	at sqlancer.duckdb.DuckDBProvider.generateDatabase(DuckDBProvider.java:1)
--	at sqlancer.ProviderAdapter.generateAndTestDatabase(ProviderAdapter.java:40)
--	at sqlancer.Main$DBMSExecutor.run(Main.java:314)
--	at sqlancer.Main$2.run(Main.java:495)
--	at sqlancer.Main$2.runThread(Main.java:473)
--	at sqlancer.Main$2.run(Main.java:463)
--	at java.base/java.util.concurrent.ThreadPoolExecutor.runWorker(ThreadPoolExecutor.java:1128)
--	at java.base/java.util.concurrent.ThreadPoolExecutor$Worker.run(ThreadPoolExecutor.java:628)
--	at java.base/java.lang.Thread.run(Thread.java:829)
--
-- Time: 2023/01/30 22:11:33
-- Database: database32
-- Database version: v0.3.1
-- seed value: 32

java.lang.AssertionError
	at sqlancer.GlobalState.getSchema(GlobalState.java:134)
	at sqlancer.duckdb.gen.DuckDBTableGenerator.getQuery(DuckDBTableGenerator.java:25)
	at sqlancer.duckdb.DuckDBProvider.generateDatabase(DuckDBProvider.java:105)
	at sqlancer.duckdb.DuckDBProvider.generateDatabase(DuckDBProvider.java:1)
	at sqlancer.ProviderAdapter.generateAndTestDatabase(ProviderAdapter.java:40)
	at sqlancer.Main$DBMSExecutor.run(Main.java:314)
	at sqlancer.Main$2.run(Main.java:495)
	at sqlancer.Main$2.runThread(Main.java:473)
	at sqlancer.Main$2.run(Main.java:463)
	at java.base/java.util.concurrent.ThreadPoolExecutor.runWorker(ThreadPoolExecutor.java:1128)
	at java.base/java.util.concurrent.ThreadPoolExecutor$Worker.run(ThreadPoolExecutor.java:628)
	at java.base/java.lang.Thread.run(Thread.java:829)
--java.lang.AssertionError
--	at sqlancer.GlobalState.getSchema(GlobalState.java:134)
--	at sqlancer.duckdb.gen.DuckDBTableGenerator.getQuery(DuckDBTableGenerator.java:25)
--	at sqlancer.duckdb.DuckDBProvider.generateDatabase(DuckDBProvider.java:105)
--	at sqlancer.duckdb.DuckDBProvider.generateDatabase(DuckDBProvider.java:1)
--	at sqlancer.ProviderAdapter.generateAndTestDatabase(ProviderAdapter.java:40)
--	at sqlancer.Main$DBMSExecutor.run(Main.java:314)
--	at sqlancer.Main$2.run(Main.java:495)
--	at sqlancer.Main$2.runThread(Main.java:473)
--	at sqlancer.Main$2.run(Main.java:463)
--	at java.base/java.util.concurrent.ThreadPoolExecutor.runWorker(ThreadPoolExecutor.java:1128)
--	at java.base/java.util.concurrent.ThreadPoolExecutor$Worker.run(ThreadPoolExecutor.java:628)
--	at java.base/java.lang.Thread.run(Thread.java:829)
--
-- Time: 2023/01/30 22:11:33
-- Database: database33
-- Database version: v0.3.1
-- seed value: 33

java.lang.AssertionError
	at sqlancer.GlobalState.getSchema(GlobalState.java:134)
	at sqlancer.duckdb.gen.DuckDBTableGenerator.getQuery(DuckDBTableGenerator.java:25)
	at sqlancer.duckdb.DuckDBProvider.generateDatabase(DuckDBProvider.java:105)
	at sqlancer.duckdb.DuckDBProvider.generateDatabase(DuckDBProvider.java:1)
	at sqlancer.ProviderAdapter.generateAndTestDatabase(ProviderAdapter.java:40)
	at sqlancer.Main$DBMSExecutor.run(Main.java:314)
	at sqlancer.Main$2.run(Main.java:495)
	at sqlancer.Main$2.runThread(Main.java:473)
	at sqlancer.Main$2.run(Main.java:463)
	at java.base/java.util.concurrent.ThreadPoolExecutor.runWorker(ThreadPoolExecutor.java:1128)
	at java.base/java.util.concurrent.ThreadPoolExecutor$Worker.run(ThreadPoolExecutor.java:628)
	at java.base/java.lang.Thread.run(Thread.java:829)
--java.lang.AssertionError
--	at sqlancer.GlobalState.getSchema(GlobalState.java:134)
--	at sqlancer.duckdb.gen.DuckDBTableGenerator.getQuery(DuckDBTableGenerator.java:25)
--	at sqlancer.duckdb.DuckDBProvider.generateDatabase(DuckDBProvider.java:105)
--	at sqlancer.duckdb.DuckDBProvider.generateDatabase(DuckDBProvider.java:1)
--	at sqlancer.ProviderAdapter.generateAndTestDatabase(ProviderAdapter.java:40)
--	at sqlancer.Main$DBMSExecutor.run(Main.java:314)
--	at sqlancer.Main$2.run(Main.java:495)
--	at sqlancer.Main$2.runThread(Main.java:473)
--	at sqlancer.Main$2.run(Main.java:463)
--	at java.base/java.util.concurrent.ThreadPoolExecutor.runWorker(ThreadPoolExecutor.java:1128)
--	at java.base/java.util.concurrent.ThreadPoolExecutor$Worker.run(ThreadPoolExecutor.java:628)
--	at java.base/java.lang.Thread.run(Thread.java:829)
--
-- Time: 2023/01/30 22:11:33
-- Database: database34
-- Database version: v0.3.1
-- seed value: 34

java.lang.AssertionError
	at sqlancer.GlobalState.getSchema(GlobalState.java:134)
	at sqlancer.duckdb.gen.DuckDBTableGenerator.getQuery(DuckDBTableGenerator.java:25)
	at sqlancer.duckdb.DuckDBProvider.generateDatabase(DuckDBProvider.java:105)
	at sqlancer.duckdb.DuckDBProvider.generateDatabase(DuckDBProvider.java:1)
	at sqlancer.ProviderAdapter.generateAndTestDatabase(ProviderAdapter.java:40)
	at sqlancer.Main$DBMSExecutor.run(Main.java:314)
	at sqlancer.Main$2.run(Main.java:495)
	at sqlancer.Main$2.runThread(Main.java:473)
	at sqlancer.Main$2.run(Main.java:463)
	at java.base/java.util.concurrent.ThreadPoolExecutor.runWorker(ThreadPoolExecutor.java:1128)
	at java.base/java.util.concurrent.ThreadPoolExecutor$Worker.run(ThreadPoolExecutor.java:628)
	at java.base/java.lang.Thread.run(Thread.java:829)
--java.lang.AssertionError
--	at sqlancer.GlobalState.getSchema(GlobalState.java:134)
--	at sqlancer.duckdb.gen.DuckDBTableGenerator.getQuery(DuckDBTableGenerator.java:25)
--	at sqlancer.duckdb.DuckDBProvider.generateDatabase(DuckDBProvider.java:105)
--	at sqlancer.duckdb.DuckDBProvider.generateDatabase(DuckDBProvider.java:1)
--	at sqlancer.ProviderAdapter.generateAndTestDatabase(ProviderAdapter.java:40)
--	at sqlancer.Main$DBMSExecutor.run(Main.java:314)
--	at sqlancer.Main$2.run(Main.java:495)
--	at sqlancer.Main$2.runThread(Main.java:473)
--	at sqlancer.Main$2.run(Main.java:463)
--	at java.base/java.util.concurrent.ThreadPoolExecutor.runWorker(ThreadPoolExecutor.java:1128)
--	at java.base/java.util.concurrent.ThreadPoolExecutor$Worker.run(ThreadPoolExecutor.java:628)
--	at java.base/java.lang.Thread.run(Thread.java:829)
--
-- Time: 2023/01/30 22:11:33
-- Database: database35
-- Database version: v0.3.1
-- seed value: 35

java.lang.AssertionError
	at sqlancer.GlobalState.getSchema(GlobalState.java:134)
	at sqlancer.duckdb.gen.DuckDBTableGenerator.getQuery(DuckDBTableGenerator.java:25)
	at sqlancer.duckdb.DuckDBProvider.generateDatabase(DuckDBProvider.java:105)
	at sqlancer.duckdb.DuckDBProvider.generateDatabase(DuckDBProvider.java:1)
	at sqlancer.ProviderAdapter.generateAndTestDatabase(ProviderAdapter.java:40)
	at sqlancer.Main$DBMSExecutor.run(Main.java:314)
	at sqlancer.Main$2.run(Main.java:495)
	at sqlancer.Main$2.runThread(Main.java:473)
	at sqlancer.Main$2.run(Main.java:463)
	at java.base/java.util.concurrent.ThreadPoolExecutor.runWorker(ThreadPoolExecutor.java:1128)
	at java.base/java.util.concurrent.ThreadPoolExecutor$Worker.run(ThreadPoolExecutor.java:628)
	at java.base/java.lang.Thread.run(Thread.java:829)
--java.lang.AssertionError
--	at sqlancer.GlobalState.getSchema(GlobalState.java:134)
--	at sqlancer.duckdb.gen.DuckDBTableGenerator.getQuery(DuckDBTableGenerator.java:25)
--	at sqlancer.duckdb.DuckDBProvider.generateDatabase(DuckDBProvider.java:105)
--	at sqlancer.duckdb.DuckDBProvider.generateDatabase(DuckDBProvider.java:1)
--	at sqlancer.ProviderAdapter.generateAndTestDatabase(ProviderAdapter.java:40)
--	at sqlancer.Main$DBMSExecutor.run(Main.java:314)
--	at sqlancer.Main$2.run(Main.java:495)
--	at sqlancer.Main$2.runThread(Main.java:473)
--	at sqlancer.Main$2.run(Main.java:463)
--	at java.base/java.util.concurrent.ThreadPoolExecutor.runWorker(ThreadPoolExecutor.java:1128)
--	at java.base/java.util.concurrent.ThreadPoolExecutor$Worker.run(ThreadPoolExecutor.java:628)
--	at java.base/java.lang.Thread.run(Thread.java:829)
--
-- Time: 2023/01/30 22:11:33
-- Database: database36
-- Database version: v0.3.1
-- seed value: 36

java.lang.AssertionError
	at sqlancer.GlobalState.getSchema(GlobalState.java:134)
	at sqlancer.duckdb.gen.DuckDBTableGenerator.getQuery(DuckDBTableGenerator.java:25)
	at sqlancer.duckdb.DuckDBProvider.generateDatabase(DuckDBProvider.java:105)
	at sqlancer.duckdb.DuckDBProvider.generateDatabase(DuckDBProvider.java:1)
	at sqlancer.ProviderAdapter.generateAndTestDatabase(ProviderAdapter.java:40)
	at sqlancer.Main$DBMSExecutor.run(Main.java:314)
	at sqlancer.Main$2.run(Main.java:495)
	at sqlancer.Main$2.runThread(Main.java:473)
	at sqlancer.Main$2.run(Main.java:463)
	at java.base/java.util.concurrent.ThreadPoolExecutor.runWorker(ThreadPoolExecutor.java:1128)
	at java.base/java.util.concurrent.ThreadPoolExecutor$Worker.run(ThreadPoolExecutor.java:628)
	at java.base/java.lang.Thread.run(Thread.java:829)
--java.lang.AssertionError
--	at sqlancer.GlobalState.getSchema(GlobalState.java:134)
--	at sqlancer.duckdb.gen.DuckDBTableGenerator.getQuery(DuckDBTableGenerator.java:25)
--	at sqlancer.duckdb.DuckDBProvider.generateDatabase(DuckDBProvider.java:105)
--	at sqlancer.duckdb.DuckDBProvider.generateDatabase(DuckDBProvider.java:1)
--	at sqlancer.ProviderAdapter.generateAndTestDatabase(ProviderAdapter.java:40)
--	at sqlancer.Main$DBMSExecutor.run(Main.java:314)
--	at sqlancer.Main$2.run(Main.java:495)
--	at sqlancer.Main$2.runThread(Main.java:473)
--	at sqlancer.Main$2.run(Main.java:463)
--	at java.base/java.util.concurrent.ThreadPoolExecutor.runWorker(ThreadPoolExecutor.java:1128)
--	at java.base/java.util.concurrent.ThreadPoolExecutor$Worker.run(ThreadPoolExecutor.java:628)
--	at java.base/java.lang.Thread.run(Thread.java:829)
--
-- Time: 2023/01/30 22:11:33
-- Database: database37
-- Database version: v0.3.1
-- seed value: 37

java.lang.AssertionError
	at sqlancer.GlobalState.getSchema(GlobalState.java:134)
	at sqlancer.duckdb.gen.DuckDBTableGenerator.getQuery(DuckDBTableGenerator.java:25)
	at sqlancer.duckdb.DuckDBProvider.generateDatabase(DuckDBProvider.java:105)
	at sqlancer.duckdb.DuckDBProvider.generateDatabase(DuckDBProvider.java:1)
	at sqlancer.ProviderAdapter.generateAndTestDatabase(ProviderAdapter.java:40)
	at sqlancer.Main$DBMSExecutor.run(Main.java:314)
	at sqlancer.Main$2.run(Main.java:495)
	at sqlancer.Main$2.runThread(Main.java:473)
	at sqlancer.Main$2.run(Main.java:463)
	at java.base/java.util.concurrent.ThreadPoolExecutor.runWorker(ThreadPoolExecutor.java:1128)
	at java.base/java.util.concurrent.ThreadPoolExecutor$Worker.run(ThreadPoolExecutor.java:628)
	at java.base/java.lang.Thread.run(Thread.java:829)
--java.lang.AssertionError
--	at sqlancer.GlobalState.getSchema(GlobalState.java:134)
--	at sqlancer.duckdb.gen.DuckDBTableGenerator.getQuery(DuckDBTableGenerator.java:25)
--	at sqlancer.duckdb.DuckDBProvider.generateDatabase(DuckDBProvider.java:105)
--	at sqlancer.duckdb.DuckDBProvider.generateDatabase(DuckDBProvider.java:1)
--	at sqlancer.ProviderAdapter.generateAndTestDatabase(ProviderAdapter.java:40)
--	at sqlancer.Main$DBMSExecutor.run(Main.java:314)
--	at sqlancer.Main$2.run(Main.java:495)
--	at sqlancer.Main$2.runThread(Main.java:473)
--	at sqlancer.Main$2.run(Main.java:463)
--	at java.base/java.util.concurrent.ThreadPoolExecutor.runWorker(ThreadPoolExecutor.java:1128)
--	at java.base/java.util.concurrent.ThreadPoolExecutor$Worker.run(ThreadPoolExecutor.java:628)
--	at java.base/java.lang.Thread.run(Thread.java:829)
--
-- Time: 2023/01/30 22:11:33
-- Database: database38
-- Database version: v0.3.1
-- seed value: 38

java.lang.AssertionError
	at sqlancer.GlobalState.getSchema(GlobalState.java:134)
	at sqlancer.duckdb.gen.DuckDBTableGenerator.getQuery(DuckDBTableGenerator.java:25)
	at sqlancer.duckdb.DuckDBProvider.generateDatabase(DuckDBProvider.java:105)
	at sqlancer.duckdb.DuckDBProvider.generateDatabase(DuckDBProvider.java:1)
	at sqlancer.ProviderAdapter.generateAndTestDatabase(ProviderAdapter.java:40)
	at sqlancer.Main$DBMSExecutor.run(Main.java:314)
	at sqlancer.Main$2.run(Main.java:495)
	at sqlancer.Main$2.runThread(Main.java:473)
	at sqlancer.Main$2.run(Main.java:463)
	at java.base/java.util.concurrent.ThreadPoolExecutor.runWorker(ThreadPoolExecutor.java:1128)
	at java.base/java.util.concurrent.ThreadPoolExecutor$Worker.run(ThreadPoolExecutor.java:628)
	at java.base/java.lang.Thread.run(Thread.java:829)
--java.lang.AssertionError
--	at sqlancer.GlobalState.getSchema(GlobalState.java:134)
--	at sqlancer.duckdb.gen.DuckDBTableGenerator.getQuery(DuckDBTableGenerator.java:25)
--	at sqlancer.duckdb.DuckDBProvider.generateDatabase(DuckDBProvider.java:105)
--	at sqlancer.duckdb.DuckDBProvider.generateDatabase(DuckDBProvider.java:1)
--	at sqlancer.ProviderAdapter.generateAndTestDatabase(ProviderAdapter.java:40)
--	at sqlancer.Main$DBMSExecutor.run(Main.java:314)
--	at sqlancer.Main$2.run(Main.java:495)
--	at sqlancer.Main$2.runThread(Main.java:473)
--	at sqlancer.Main$2.run(Main.java:463)
--	at java.base/java.util.concurrent.ThreadPoolExecutor.runWorker(ThreadPoolExecutor.java:1128)
--	at java.base/java.util.concurrent.ThreadPoolExecutor$Worker.run(ThreadPoolExecutor.java:628)
--	at java.base/java.lang.Thread.run(Thread.java:829)
--
-- Time: 2023/01/30 22:11:33
-- Database: database39
-- Database version: v0.3.1
-- seed value: 39

java.lang.AssertionError
	at sqlancer.GlobalState.getSchema(GlobalState.java:134)
	at sqlancer.duckdb.gen.DuckDBTableGenerator.getQuery(DuckDBTableGenerator.java:25)
	at sqlancer.duckdb.DuckDBProvider.generateDatabase(DuckDBProvider.java:105)
	at sqlancer.duckdb.DuckDBProvider.generateDatabase(DuckDBProvider.java:1)
	at sqlancer.ProviderAdapter.generateAndTestDatabase(ProviderAdapter.java:40)
	at sqlancer.Main$DBMSExecutor.run(Main.java:314)
	at sqlancer.Main$2.run(Main.java:495)
	at sqlancer.Main$2.runThread(Main.java:473)
	at sqlancer.Main$2.run(Main.java:463)
	at java.base/java.util.concurrent.ThreadPoolExecutor.runWorker(ThreadPoolExecutor.java:1128)
	at java.base/java.util.concurrent.ThreadPoolExecutor$Worker.run(ThreadPoolExecutor.java:628)
	at java.base/java.lang.Thread.run(Thread.java:829)
--java.lang.AssertionError
--	at sqlancer.GlobalState.getSchema(GlobalState.java:134)
--	at sqlancer.duckdb.gen.DuckDBTableGenerator.getQuery(DuckDBTableGenerator.java:25)
--	at sqlancer.duckdb.DuckDBProvider.generateDatabase(DuckDBProvider.java:105)
--	at sqlancer.duckdb.DuckDBProvider.generateDatabase(DuckDBProvider.java:1)
--	at sqlancer.ProviderAdapter.generateAndTestDatabase(ProviderAdapter.java:40)
--	at sqlancer.Main$DBMSExecutor.run(Main.java:314)
--	at sqlancer.Main$2.run(Main.java:495)
--	at sqlancer.Main$2.runThread(Main.java:473)
--	at sqlancer.Main$2.run(Main.java:463)
--	at java.base/java.util.concurrent.ThreadPoolExecutor.runWorker(ThreadPoolExecutor.java:1128)
--	at java.base/java.util.concurrent.ThreadPoolExecutor$Worker.run(ThreadPoolExecutor.java:628)
--	at java.base/java.lang.Thread.run(Thread.java:829)
--
-- Time: 2023/01/30 22:11:33
-- Database: database40
-- Database version: v0.3.1
-- seed value: 40

java.lang.AssertionError
	at sqlancer.GlobalState.getSchema(GlobalState.java:134)
	at sqlancer.duckdb.gen.DuckDBTableGenerator.getQuery(DuckDBTableGenerator.java:25)
	at sqlancer.duckdb.DuckDBProvider.generateDatabase(DuckDBProvider.java:105)
	at sqlancer.duckdb.DuckDBProvider.generateDatabase(DuckDBProvider.java:1)
	at sqlancer.ProviderAdapter.generateAndTestDatabase(ProviderAdapter.java:40)
	at sqlancer.Main$DBMSExecutor.run(Main.java:314)
	at sqlancer.Main$2.run(Main.java:495)
	at sqlancer.Main$2.runThread(Main.java:473)
	at sqlancer.Main$2.run(Main.java:463)
	at java.base/java.util.concurrent.ThreadPoolExecutor.runWorker(ThreadPoolExecutor.java:1128)
	at java.base/java.util.concurrent.ThreadPoolExecutor$Worker.run(ThreadPoolExecutor.java:628)
	at java.base/java.lang.Thread.run(Thread.java:829)
--java.lang.AssertionError
--	at sqlancer.GlobalState.getSchema(GlobalState.java:134)
--	at sqlancer.duckdb.gen.DuckDBTableGenerator.getQuery(DuckDBTableGenerator.java:25)
--	at sqlancer.duckdb.DuckDBProvider.generateDatabase(DuckDBProvider.java:105)
--	at sqlancer.duckdb.DuckDBProvider.generateDatabase(DuckDBProvider.java:1)
--	at sqlancer.ProviderAdapter.generateAndTestDatabase(ProviderAdapter.java:40)
--	at sqlancer.Main$DBMSExecutor.run(Main.java:314)
--	at sqlancer.Main$2.run(Main.java:495)
--	at sqlancer.Main$2.runThread(Main.java:473)
--	at sqlancer.Main$2.run(Main.java:463)
--	at java.base/java.util.concurrent.ThreadPoolExecutor.runWorker(ThreadPoolExecutor.java:1128)
--	at java.base/java.util.concurrent.ThreadPoolExecutor$Worker.run(ThreadPoolExecutor.java:628)
--	at java.base/java.lang.Thread.run(Thread.java:829)
--
-- Time: 2023/01/30 22:11:33
-- Database: database41
-- Database version: v0.3.1
-- seed value: 41

java.lang.AssertionError
	at sqlancer.GlobalState.getSchema(GlobalState.java:134)
	at sqlancer.duckdb.gen.DuckDBTableGenerator.getQuery(DuckDBTableGenerator.java:25)
	at sqlancer.duckdb.DuckDBProvider.generateDatabase(DuckDBProvider.java:105)
	at sqlancer.duckdb.DuckDBProvider.generateDatabase(DuckDBProvider.java:1)
	at sqlancer.ProviderAdapter.generateAndTestDatabase(ProviderAdapter.java:40)
	at sqlancer.Main$DBMSExecutor.run(Main.java:314)
	at sqlancer.Main$2.run(Main.java:495)
	at sqlancer.Main$2.runThread(Main.java:473)
	at sqlancer.Main$2.run(Main.java:463)
	at java.base/java.util.concurrent.ThreadPoolExecutor.runWorker(ThreadPoolExecutor.java:1128)
	at java.base/java.util.concurrent.ThreadPoolExecutor$Worker.run(ThreadPoolExecutor.java:628)
	at java.base/java.lang.Thread.run(Thread.java:829)
--java.lang.AssertionError
--	at sqlancer.GlobalState.getSchema(GlobalState.java:134)
--	at sqlancer.duckdb.gen.DuckDBTableGenerator.getQuery(DuckDBTableGenerator.java:25)
--	at sqlancer.duckdb.DuckDBProvider.generateDatabase(DuckDBProvider.java:105)
--	at sqlancer.duckdb.DuckDBProvider.generateDatabase(DuckDBProvider.java:1)
--	at sqlancer.ProviderAdapter.generateAndTestDatabase(ProviderAdapter.java:40)
--	at sqlancer.Main$DBMSExecutor.run(Main.java:314)
--	at sqlancer.Main$2.run(Main.java:495)
--	at sqlancer.Main$2.runThread(Main.java:473)
--	at sqlancer.Main$2.run(Main.java:463)
--	at java.base/java.util.concurrent.ThreadPoolExecutor.runWorker(ThreadPoolExecutor.java:1128)
--	at java.base/java.util.concurrent.ThreadPoolExecutor$Worker.run(ThreadPoolExecutor.java:628)
--	at java.base/java.lang.Thread.run(Thread.java:829)
--
-- Time: 2023/01/30 22:11:33
-- Database: database42
-- Database version: v0.3.1
-- seed value: 42

java.lang.AssertionError
	at sqlancer.GlobalState.getSchema(GlobalState.java:134)
	at sqlancer.duckdb.gen.DuckDBTableGenerator.getQuery(DuckDBTableGenerator.java:25)
	at sqlancer.duckdb.DuckDBProvider.generateDatabase(DuckDBProvider.java:105)
	at sqlancer.duckdb.DuckDBProvider.generateDatabase(DuckDBProvider.java:1)
	at sqlancer.ProviderAdapter.generateAndTestDatabase(ProviderAdapter.java:40)
	at sqlancer.Main$DBMSExecutor.run(Main.java:314)
	at sqlancer.Main$2.run(Main.java:495)
	at sqlancer.Main$2.runThread(Main.java:473)
	at sqlancer.Main$2.run(Main.java:463)
	at java.base/java.util.concurrent.ThreadPoolExecutor.runWorker(ThreadPoolExecutor.java:1128)
	at java.base/java.util.concurrent.ThreadPoolExecutor$Worker.run(ThreadPoolExecutor.java:628)
	at java.base/java.lang.Thread.run(Thread.java:829)
--java.lang.AssertionError
--	at sqlancer.GlobalState.getSchema(GlobalState.java:134)
--	at sqlancer.duckdb.gen.DuckDBTableGenerator.getQuery(DuckDBTableGenerator.java:25)
--	at sqlancer.duckdb.DuckDBProvider.generateDatabase(DuckDBProvider.java:105)
--	at sqlancer.duckdb.DuckDBProvider.generateDatabase(DuckDBProvider.java:1)
--	at sqlancer.ProviderAdapter.generateAndTestDatabase(ProviderAdapter.java:40)
--	at sqlancer.Main$DBMSExecutor.run(Main.java:314)
--	at sqlancer.Main$2.run(Main.java:495)
--	at sqlancer.Main$2.runThread(Main.java:473)
--	at sqlancer.Main$2.run(Main.java:463)
--	at java.base/java.util.concurrent.ThreadPoolExecutor.runWorker(ThreadPoolExecutor.java:1128)
--	at java.base/java.util.concurrent.ThreadPoolExecutor$Worker.run(ThreadPoolExecutor.java:628)
--	at java.base/java.lang.Thread.run(Thread.java:829)
--
-- Time: 2023/01/30 22:11:33
-- Database: database43
-- Database version: v0.3.1
-- seed value: 43

java.lang.AssertionError
	at sqlancer.GlobalState.getSchema(GlobalState.java:134)
	at sqlancer.duckdb.gen.DuckDBTableGenerator.getQuery(DuckDBTableGenerator.java:25)
	at sqlancer.duckdb.DuckDBProvider.generateDatabase(DuckDBProvider.java:105)
	at sqlancer.duckdb.DuckDBProvider.generateDatabase(DuckDBProvider.java:1)
	at sqlancer.ProviderAdapter.generateAndTestDatabase(ProviderAdapter.java:40)
	at sqlancer.Main$DBMSExecutor.run(Main.java:314)
	at sqlancer.Main$2.run(Main.java:495)
	at sqlancer.Main$2.runThread(Main.java:473)
	at sqlancer.Main$2.run(Main.java:463)
	at java.base/java.util.concurrent.ThreadPoolExecutor.runWorker(ThreadPoolExecutor.java:1128)
	at java.base/java.util.concurrent.ThreadPoolExecutor$Worker.run(ThreadPoolExecutor.java:628)
	at java.base/java.lang.Thread.run(Thread.java:829)
--java.lang.AssertionError
--	at sqlancer.GlobalState.getSchema(GlobalState.java:134)
--	at sqlancer.duckdb.gen.DuckDBTableGenerator.getQuery(DuckDBTableGenerator.java:25)
--	at sqlancer.duckdb.DuckDBProvider.generateDatabase(DuckDBProvider.java:105)
--	at sqlancer.duckdb.DuckDBProvider.generateDatabase(DuckDBProvider.java:1)
--	at sqlancer.ProviderAdapter.generateAndTestDatabase(ProviderAdapter.java:40)
--	at sqlancer.Main$DBMSExecutor.run(Main.java:314)
--	at sqlancer.Main$2.run(Main.java:495)
--	at sqlancer.Main$2.runThread(Main.java:473)
--	at sqlancer.Main$2.run(Main.java:463)
--	at java.base/java.util.concurrent.ThreadPoolExecutor.runWorker(ThreadPoolExecutor.java:1128)
--	at java.base/java.util.concurrent.ThreadPoolExecutor$Worker.run(ThreadPoolExecutor.java:628)
--	at java.base/java.lang.Thread.run(Thread.java:829)
--
-- Time: 2023/01/30 22:11:33
-- Database: database44
-- Database version: v0.3.1
-- seed value: 44

java.lang.AssertionError
	at sqlancer.GlobalState.getSchema(GlobalState.java:134)
	at sqlancer.duckdb.gen.DuckDBTableGenerator.getQuery(DuckDBTableGenerator.java:25)
	at sqlancer.duckdb.DuckDBProvider.generateDatabase(DuckDBProvider.java:105)
	at sqlancer.duckdb.DuckDBProvider.generateDatabase(DuckDBProvider.java:1)
	at sqlancer.ProviderAdapter.generateAndTestDatabase(ProviderAdapter.java:40)
	at sqlancer.Main$DBMSExecutor.run(Main.java:314)
	at sqlancer.Main$2.run(Main.java:495)
	at sqlancer.Main$2.runThread(Main.java:473)
	at sqlancer.Main$2.run(Main.java:463)
	at java.base/java.util.concurrent.ThreadPoolExecutor.runWorker(ThreadPoolExecutor.java:1128)
	at java.base/java.util.concurrent.ThreadPoolExecutor$Worker.run(ThreadPoolExecutor.java:628)
	at java.base/java.lang.Thread.run(Thread.java:829)
--java.lang.AssertionError
--	at sqlancer.GlobalState.getSchema(GlobalState.java:134)
--	at sqlancer.duckdb.gen.DuckDBTableGenerator.getQuery(DuckDBTableGenerator.java:25)
--	at sqlancer.duckdb.DuckDBProvider.generateDatabase(DuckDBProvider.java:105)
--	at sqlancer.duckdb.DuckDBProvider.generateDatabase(DuckDBProvider.java:1)
--	at sqlancer.ProviderAdapter.generateAndTestDatabase(ProviderAdapter.java:40)
--	at sqlancer.Main$DBMSExecutor.run(Main.java:314)
--	at sqlancer.Main$2.run(Main.java:495)
--	at sqlancer.Main$2.runThread(Main.java:473)
--	at sqlancer.Main$2.run(Main.java:463)
--	at java.base/java.util.concurrent.ThreadPoolExecutor.runWorker(ThreadPoolExecutor.java:1128)
--	at java.base/java.util.concurrent.ThreadPoolExecutor$Worker.run(ThreadPoolExecutor.java:628)
--	at java.base/java.lang.Thread.run(Thread.java:829)
--
-- Time: 2023/01/30 22:11:33
-- Database: database45
-- Database version: v0.3.1
-- seed value: 45

java.lang.AssertionError
	at sqlancer.GlobalState.getSchema(GlobalState.java:134)
	at sqlancer.duckdb.gen.DuckDBTableGenerator.getQuery(DuckDBTableGenerator.java:25)
	at sqlancer.duckdb.DuckDBProvider.generateDatabase(DuckDBProvider.java:105)
	at sqlancer.duckdb.DuckDBProvider.generateDatabase(DuckDBProvider.java:1)
	at sqlancer.ProviderAdapter.generateAndTestDatabase(ProviderAdapter.java:40)
	at sqlancer.Main$DBMSExecutor.run(Main.java:314)
	at sqlancer.Main$2.run(Main.java:495)
	at sqlancer.Main$2.runThread(Main.java:473)
	at sqlancer.Main$2.run(Main.java:463)
	at java.base/java.util.concurrent.ThreadPoolExecutor.runWorker(ThreadPoolExecutor.java:1128)
	at java.base/java.util.concurrent.ThreadPoolExecutor$Worker.run(ThreadPoolExecutor.java:628)
	at java.base/java.lang.Thread.run(Thread.java:829)
--java.lang.AssertionError
--	at sqlancer.GlobalState.getSchema(GlobalState.java:134)
--	at sqlancer.duckdb.gen.DuckDBTableGenerator.getQuery(DuckDBTableGenerator.java:25)
--	at sqlancer.duckdb.DuckDBProvider.generateDatabase(DuckDBProvider.java:105)
--	at sqlancer.duckdb.DuckDBProvider.generateDatabase(DuckDBProvider.java:1)
--	at sqlancer.ProviderAdapter.generateAndTestDatabase(ProviderAdapter.java:40)
--	at sqlancer.Main$DBMSExecutor.run(Main.java:314)
--	at sqlancer.Main$2.run(Main.java:495)
--	at sqlancer.Main$2.runThread(Main.java:473)
--	at sqlancer.Main$2.run(Main.java:463)
--	at java.base/java.util.concurrent.ThreadPoolExecutor.runWorker(ThreadPoolExecutor.java:1128)
--	at java.base/java.util.concurrent.ThreadPoolExecutor$Worker.run(ThreadPoolExecutor.java:628)
--	at java.base/java.lang.Thread.run(Thread.java:829)
--
-- Time: 2023/01/30 22:11:33
-- Database: database46
-- Database version: v0.3.1
-- seed value: 46

java.lang.AssertionError
	at sqlancer.GlobalState.getSchema(GlobalState.java:134)
	at sqlancer.duckdb.gen.DuckDBTableGenerator.getQuery(DuckDBTableGenerator.java:25)
	at sqlancer.duckdb.DuckDBProvider.generateDatabase(DuckDBProvider.java:105)
	at sqlancer.duckdb.DuckDBProvider.generateDatabase(DuckDBProvider.java:1)
	at sqlancer.ProviderAdapter.generateAndTestDatabase(ProviderAdapter.java:40)
	at sqlancer.Main$DBMSExecutor.run(Main.java:314)
	at sqlancer.Main$2.run(Main.java:495)
	at sqlancer.Main$2.runThread(Main.java:473)
	at sqlancer.Main$2.run(Main.java:463)
	at java.base/java.util.concurrent.ThreadPoolExecutor.runWorker(ThreadPoolExecutor.java:1128)
	at java.base/java.util.concurrent.ThreadPoolExecutor$Worker.run(ThreadPoolExecutor.java:628)
	at java.base/java.lang.Thread.run(Thread.java:829)
--java.lang.AssertionError
--	at sqlancer.GlobalState.getSchema(GlobalState.java:134)
--	at sqlancer.duckdb.gen.DuckDBTableGenerator.getQuery(DuckDBTableGenerator.java:25)
--	at sqlancer.duckdb.DuckDBProvider.generateDatabase(DuckDBProvider.java:105)
--	at sqlancer.duckdb.DuckDBProvider.generateDatabase(DuckDBProvider.java:1)
--	at sqlancer.ProviderAdapter.generateAndTestDatabase(ProviderAdapter.java:40)
--	at sqlancer.Main$DBMSExecutor.run(Main.java:314)
--	at sqlancer.Main$2.run(Main.java:495)
--	at sqlancer.Main$2.runThread(Main.java:473)
--	at sqlancer.Main$2.run(Main.java:463)
--	at java.base/java.util.concurrent.ThreadPoolExecutor.runWorker(ThreadPoolExecutor.java:1128)
--	at java.base/java.util.concurrent.ThreadPoolExecutor$Worker.run(ThreadPoolExecutor.java:628)
--	at java.base/java.lang.Thread.run(Thread.java:829)
--
-- Time: 2023/01/30 22:11:33
-- Database: database47
-- Database version: v0.3.1
-- seed value: 47

java.lang.AssertionError
	at sqlancer.GlobalState.getSchema(GlobalState.java:134)
	at sqlancer.duckdb.gen.DuckDBTableGenerator.getQuery(DuckDBTableGenerator.java:25)
	at sqlancer.duckdb.DuckDBProvider.generateDatabase(DuckDBProvider.java:105)
	at sqlancer.duckdb.DuckDBProvider.generateDatabase(DuckDBProvider.java:1)
	at sqlancer.ProviderAdapter.generateAndTestDatabase(ProviderAdapter.java:40)
	at sqlancer.Main$DBMSExecutor.run(Main.java:314)
	at sqlancer.Main$2.run(Main.java:495)
	at sqlancer.Main$2.runThread(Main.java:473)
	at sqlancer.Main$2.run(Main.java:463)
	at java.base/java.util.concurrent.ThreadPoolExecutor.runWorker(ThreadPoolExecutor.java:1128)
	at java.base/java.util.concurrent.ThreadPoolExecutor$Worker.run(ThreadPoolExecutor.java:628)
	at java.base/java.lang.Thread.run(Thread.java:829)
--java.lang.AssertionError
--	at sqlancer.GlobalState.getSchema(GlobalState.java:134)
--	at sqlancer.duckdb.gen.DuckDBTableGenerator.getQuery(DuckDBTableGenerator.java:25)
--	at sqlancer.duckdb.DuckDBProvider.generateDatabase(DuckDBProvider.java:105)
--	at sqlancer.duckdb.DuckDBProvider.generateDatabase(DuckDBProvider.java:1)
--	at sqlancer.ProviderAdapter.generateAndTestDatabase(ProviderAdapter.java:40)
--	at sqlancer.Main$DBMSExecutor.run(Main.java:314)
--	at sqlancer.Main$2.run(Main.java:495)
--	at sqlancer.Main$2.runThread(Main.java:473)
--	at sqlancer.Main$2.run(Main.java:463)
--	at java.base/java.util.concurrent.ThreadPoolExecutor.runWorker(ThreadPoolExecutor.java:1128)
--	at java.base/java.util.concurrent.ThreadPoolExecutor$Worker.run(ThreadPoolExecutor.java:628)
--	at java.base/java.lang.Thread.run(Thread.java:829)
--
-- Time: 2023/01/30 22:11:33
-- Database: database48
-- Database version: v0.3.1
-- seed value: 48

java.lang.AssertionError
	at sqlancer.GlobalState.getSchema(GlobalState.java:134)
	at sqlancer.duckdb.gen.DuckDBTableGenerator.getQuery(DuckDBTableGenerator.java:25)
	at sqlancer.duckdb.DuckDBProvider.generateDatabase(DuckDBProvider.java:105)
	at sqlancer.duckdb.DuckDBProvider.generateDatabase(DuckDBProvider.java:1)
	at sqlancer.ProviderAdapter.generateAndTestDatabase(ProviderAdapter.java:40)
	at sqlancer.Main$DBMSExecutor.run(Main.java:314)
	at sqlancer.Main$2.run(Main.java:495)
	at sqlancer.Main$2.runThread(Main.java:473)
	at sqlancer.Main$2.run(Main.java:463)
	at java.base/java.util.concurrent.ThreadPoolExecutor.runWorker(ThreadPoolExecutor.java:1128)
	at java.base/java.util.concurrent.ThreadPoolExecutor$Worker.run(ThreadPoolExecutor.java:628)
	at java.base/java.lang.Thread.run(Thread.java:829)
--java.lang.AssertionError
--	at sqlancer.GlobalState.getSchema(GlobalState.java:134)
--	at sqlancer.duckdb.gen.DuckDBTableGenerator.getQuery(DuckDBTableGenerator.java:25)
--	at sqlancer.duckdb.DuckDBProvider.generateDatabase(DuckDBProvider.java:105)
--	at sqlancer.duckdb.DuckDBProvider.generateDatabase(DuckDBProvider.java:1)
--	at sqlancer.ProviderAdapter.generateAndTestDatabase(ProviderAdapter.java:40)
--	at sqlancer.Main$DBMSExecutor.run(Main.java:314)
--	at sqlancer.Main$2.run(Main.java:495)
--	at sqlancer.Main$2.runThread(Main.java:473)
--	at sqlancer.Main$2.run(Main.java:463)
--	at java.base/java.util.concurrent.ThreadPoolExecutor.runWorker(ThreadPoolExecutor.java:1128)
--	at java.base/java.util.concurrent.ThreadPoolExecutor$Worker.run(ThreadPoolExecutor.java:628)
--	at java.base/java.lang.Thread.run(Thread.java:829)
--
-- Time: 2023/01/30 22:11:33
-- Database: database49
-- Database version: v0.3.1
-- seed value: 49

java.lang.AssertionError
	at sqlancer.GlobalState.getSchema(GlobalState.java:134)
	at sqlancer.duckdb.gen.DuckDBTableGenerator.getQuery(DuckDBTableGenerator.java:25)
	at sqlancer.duckdb.DuckDBProvider.generateDatabase(DuckDBProvider.java:105)
	at sqlancer.duckdb.DuckDBProvider.generateDatabase(DuckDBProvider.java:1)
	at sqlancer.ProviderAdapter.generateAndTestDatabase(ProviderAdapter.java:40)
	at sqlancer.Main$DBMSExecutor.run(Main.java:314)
	at sqlancer.Main$2.run(Main.java:495)
	at sqlancer.Main$2.runThread(Main.java:473)
	at sqlancer.Main$2.run(Main.java:463)
	at java.base/java.util.concurrent.ThreadPoolExecutor.runWorker(ThreadPoolExecutor.java:1128)
	at java.base/java.util.concurrent.ThreadPoolExecutor$Worker.run(ThreadPoolExecutor.java:628)
	at java.base/java.lang.Thread.run(Thread.java:829)
--java.lang.AssertionError
--	at sqlancer.GlobalState.getSchema(GlobalState.java:134)
--	at sqlancer.duckdb.gen.DuckDBTableGenerator.getQuery(DuckDBTableGenerator.java:25)
--	at sqlancer.duckdb.DuckDBProvider.generateDatabase(DuckDBProvider.java:105)
--	at sqlancer.duckdb.DuckDBProvider.generateDatabase(DuckDBProvider.java:1)
--	at sqlancer.ProviderAdapter.generateAndTestDatabase(ProviderAdapter.java:40)
--	at sqlancer.Main$DBMSExecutor.run(Main.java:314)
--	at sqlancer.Main$2.run(Main.java:495)
--	at sqlancer.Main$2.runThread(Main.java:473)
--	at sqlancer.Main$2.run(Main.java:463)
--	at java.base/java.util.concurrent.ThreadPoolExecutor.runWorker(ThreadPoolExecutor.java:1128)
--	at java.base/java.util.concurrent.ThreadPoolExecutor$Worker.run(ThreadPoolExecutor.java:628)
--	at java.base/java.lang.Thread.run(Thread.java:829)
--
-- Time: 2023/01/30 22:11:33
-- Database: database50
-- Database version: v0.3.1
-- seed value: 50

java.lang.AssertionError
	at sqlancer.GlobalState.getSchema(GlobalState.java:134)
	at sqlancer.duckdb.gen.DuckDBTableGenerator.getQuery(DuckDBTableGenerator.java:25)
	at sqlancer.duckdb.DuckDBProvider.generateDatabase(DuckDBProvider.java:105)
	at sqlancer.duckdb.DuckDBProvider.generateDatabase(DuckDBProvider.java:1)
	at sqlancer.ProviderAdapter.generateAndTestDatabase(ProviderAdapter.java:40)
	at sqlancer.Main$DBMSExecutor.run(Main.java:314)
	at sqlancer.Main$2.run(Main.java:495)
	at sqlancer.Main$2.runThread(Main.java:473)
	at sqlancer.Main$2.run(Main.java:463)
	at java.base/java.util.concurrent.ThreadPoolExecutor.runWorker(ThreadPoolExecutor.java:1128)
	at java.base/java.util.concurrent.ThreadPoolExecutor$Worker.run(ThreadPoolExecutor.java:628)
	at java.base/java.lang.Thread.run(Thread.java:829)
--java.lang.AssertionError
--	at sqlancer.GlobalState.getSchema(GlobalState.java:134)
--	at sqlancer.duckdb.gen.DuckDBTableGenerator.getQuery(DuckDBTableGenerator.java:25)
--	at sqlancer.duckdb.DuckDBProvider.generateDatabase(DuckDBProvider.java:105)
--	at sqlancer.duckdb.DuckDBProvider.generateDatabase(DuckDBProvider.java:1)
--	at sqlancer.ProviderAdapter.generateAndTestDatabase(ProviderAdapter.java:40)
--	at sqlancer.Main$DBMSExecutor.run(Main.java:314)
--	at sqlancer.Main$2.run(Main.java:495)
--	at sqlancer.Main$2.runThread(Main.java:473)
--	at sqlancer.Main$2.run(Main.java:463)
--	at java.base/java.util.concurrent.ThreadPoolExecutor.runWorker(ThreadPoolExecutor.java:1128)
--	at java.base/java.util.concurrent.ThreadPoolExecutor$Worker.run(ThreadPoolExecutor.java:628)
--	at java.base/java.lang.Thread.run(Thread.java:829)
--
-- Time: 2023/01/30 22:11:33
-- Database: database51
-- Database version: v0.3.1
-- seed value: 51

java.lang.AssertionError
	at sqlancer.GlobalState.getSchema(GlobalState.java:134)
	at sqlancer.duckdb.gen.DuckDBTableGenerator.getQuery(DuckDBTableGenerator.java:25)
	at sqlancer.duckdb.DuckDBProvider.generateDatabase(DuckDBProvider.java:105)
	at sqlancer.duckdb.DuckDBProvider.generateDatabase(DuckDBProvider.java:1)
	at sqlancer.ProviderAdapter.generateAndTestDatabase(ProviderAdapter.java:40)
	at sqlancer.Main$DBMSExecutor.run(Main.java:314)
	at sqlancer.Main$2.run(Main.java:495)
	at sqlancer.Main$2.runThread(Main.java:473)
	at sqlancer.Main$2.run(Main.java:463)
	at java.base/java.util.concurrent.ThreadPoolExecutor.runWorker(ThreadPoolExecutor.java:1128)
	at java.base/java.util.concurrent.ThreadPoolExecutor$Worker.run(ThreadPoolExecutor.java:628)
	at java.base/java.lang.Thread.run(Thread.java:829)
--java.lang.AssertionError
--	at sqlancer.GlobalState.getSchema(GlobalState.java:134)
--	at sqlancer.duckdb.gen.DuckDBTableGenerator.getQuery(DuckDBTableGenerator.java:25)
--	at sqlancer.duckdb.DuckDBProvider.generateDatabase(DuckDBProvider.java:105)
--	at sqlancer.duckdb.DuckDBProvider.generateDatabase(DuckDBProvider.java:1)
--	at sqlancer.ProviderAdapter.generateAndTestDatabase(ProviderAdapter.java:40)
--	at sqlancer.Main$DBMSExecutor.run(Main.java:314)
--	at sqlancer.Main$2.run(Main.java:495)
--	at sqlancer.Main$2.runThread(Main.java:473)
--	at sqlancer.Main$2.run(Main.java:463)
--	at java.base/java.util.concurrent.ThreadPoolExecutor.runWorker(ThreadPoolExecutor.java:1128)
--	at java.base/java.util.concurrent.ThreadPoolExecutor$Worker.run(ThreadPoolExecutor.java:628)
--	at java.base/java.lang.Thread.run(Thread.java:829)
--
-- Time: 2023/01/30 22:11:33
-- Database: database52
-- Database version: v0.3.1
-- seed value: 52

java.lang.AssertionError
	at sqlancer.GlobalState.getSchema(GlobalState.java:134)
	at sqlancer.duckdb.gen.DuckDBTableGenerator.getQuery(DuckDBTableGenerator.java:25)
	at sqlancer.duckdb.DuckDBProvider.generateDatabase(DuckDBProvider.java:105)
	at sqlancer.duckdb.DuckDBProvider.generateDatabase(DuckDBProvider.java:1)
	at sqlancer.ProviderAdapter.generateAndTestDatabase(ProviderAdapter.java:40)
	at sqlancer.Main$DBMSExecutor.run(Main.java:314)
	at sqlancer.Main$2.run(Main.java:495)
	at sqlancer.Main$2.runThread(Main.java:473)
	at sqlancer.Main$2.run(Main.java:463)
	at java.base/java.util.concurrent.ThreadPoolExecutor.runWorker(ThreadPoolExecutor.java:1128)
	at java.base/java.util.concurrent.ThreadPoolExecutor$Worker.run(ThreadPoolExecutor.java:628)
	at java.base/java.lang.Thread.run(Thread.java:829)
--java.lang.AssertionError
--	at sqlancer.GlobalState.getSchema(GlobalState.java:134)
--	at sqlancer.duckdb.gen.DuckDBTableGenerator.getQuery(DuckDBTableGenerator.java:25)
--	at sqlancer.duckdb.DuckDBProvider.generateDatabase(DuckDBProvider.java:105)
--	at sqlancer.duckdb.DuckDBProvider.generateDatabase(DuckDBProvider.java:1)
--	at sqlancer.ProviderAdapter.generateAndTestDatabase(ProviderAdapter.java:40)
--	at sqlancer.Main$DBMSExecutor.run(Main.java:314)
--	at sqlancer.Main$2.run(Main.java:495)
--	at sqlancer.Main$2.runThread(Main.java:473)
--	at sqlancer.Main$2.run(Main.java:463)
--	at java.base/java.util.concurrent.ThreadPoolExecutor.runWorker(ThreadPoolExecutor.java:1128)
--	at java.base/java.util.concurrent.ThreadPoolExecutor$Worker.run(ThreadPoolExecutor.java:628)
--	at java.base/java.lang.Thread.run(Thread.java:829)
--
-- Time: 2023/01/30 22:11:33
-- Database: database53
-- Database version: v0.3.1
-- seed value: 53

java.lang.AssertionError
	at sqlancer.GlobalState.getSchema(GlobalState.java:134)
	at sqlancer.duckdb.gen.DuckDBTableGenerator.getQuery(DuckDBTableGenerator.java:25)
	at sqlancer.duckdb.DuckDBProvider.generateDatabase(DuckDBProvider.java:105)
	at sqlancer.duckdb.DuckDBProvider.generateDatabase(DuckDBProvider.java:1)
	at sqlancer.ProviderAdapter.generateAndTestDatabase(ProviderAdapter.java:40)
	at sqlancer.Main$DBMSExecutor.run(Main.java:314)
	at sqlancer.Main$2.run(Main.java:495)
	at sqlancer.Main$2.runThread(Main.java:473)
	at sqlancer.Main$2.run(Main.java:463)
	at java.base/java.util.concurrent.ThreadPoolExecutor.runWorker(ThreadPoolExecutor.java:1128)
	at java.base/java.util.concurrent.ThreadPoolExecutor$Worker.run(ThreadPoolExecutor.java:628)
	at java.base/java.lang.Thread.run(Thread.java:829)
--java.lang.AssertionError
--	at sqlancer.GlobalState.getSchema(GlobalState.java:134)
--	at sqlancer.duckdb.gen.DuckDBTableGenerator.getQuery(DuckDBTableGenerator.java:25)
--	at sqlancer.duckdb.DuckDBProvider.generateDatabase(DuckDBProvider.java:105)
--	at sqlancer.duckdb.DuckDBProvider.generateDatabase(DuckDBProvider.java:1)
--	at sqlancer.ProviderAdapter.generateAndTestDatabase(ProviderAdapter.java:40)
--	at sqlancer.Main$DBMSExecutor.run(Main.java:314)
--	at sqlancer.Main$2.run(Main.java:495)
--	at sqlancer.Main$2.runThread(Main.java:473)
--	at sqlancer.Main$2.run(Main.java:463)
--	at java.base/java.util.concurrent.ThreadPoolExecutor.runWorker(ThreadPoolExecutor.java:1128)
--	at java.base/java.util.concurrent.ThreadPoolExecutor$Worker.run(ThreadPoolExecutor.java:628)
--	at java.base/java.lang.Thread.run(Thread.java:829)
--
-- Time: 2023/01/30 22:11:33
-- Database: database54
-- Database version: v0.3.1
-- seed value: 54

java.lang.AssertionError
	at sqlancer.GlobalState.getSchema(GlobalState.java:134)
	at sqlancer.duckdb.gen.DuckDBTableGenerator.getQuery(DuckDBTableGenerator.java:25)
	at sqlancer.duckdb.DuckDBProvider.generateDatabase(DuckDBProvider.java:105)
	at sqlancer.duckdb.DuckDBProvider.generateDatabase(DuckDBProvider.java:1)
	at sqlancer.ProviderAdapter.generateAndTestDatabase(ProviderAdapter.java:40)
	at sqlancer.Main$DBMSExecutor.run(Main.java:314)
	at sqlancer.Main$2.run(Main.java:495)
	at sqlancer.Main$2.runThread(Main.java:473)
	at sqlancer.Main$2.run(Main.java:463)
	at java.base/java.util.concurrent.ThreadPoolExecutor.runWorker(ThreadPoolExecutor.java:1128)
	at java.base/java.util.concurrent.ThreadPoolExecutor$Worker.run(ThreadPoolExecutor.java:628)
	at java.base/java.lang.Thread.run(Thread.java:829)
--java.lang.AssertionError
--	at sqlancer.GlobalState.getSchema(GlobalState.java:134)
--	at sqlancer.duckdb.gen.DuckDBTableGenerator.getQuery(DuckDBTableGenerator.java:25)
--	at sqlancer.duckdb.DuckDBProvider.generateDatabase(DuckDBProvider.java:105)
--	at sqlancer.duckdb.DuckDBProvider.generateDatabase(DuckDBProvider.java:1)
--	at sqlancer.ProviderAdapter.generateAndTestDatabase(ProviderAdapter.java:40)
--	at sqlancer.Main$DBMSExecutor.run(Main.java:314)
--	at sqlancer.Main$2.run(Main.java:495)
--	at sqlancer.Main$2.runThread(Main.java:473)
--	at sqlancer.Main$2.run(Main.java:463)
--	at java.base/java.util.concurrent.ThreadPoolExecutor.runWorker(ThreadPoolExecutor.java:1128)
--	at java.base/java.util.concurrent.ThreadPoolExecutor$Worker.run(ThreadPoolExecutor.java:628)
--	at java.base/java.lang.Thread.run(Thread.java:829)
--
-- Time: 2023/01/30 22:11:33
-- Database: database55
-- Database version: v0.3.1
-- seed value: 55

java.lang.AssertionError
	at sqlancer.GlobalState.getSchema(GlobalState.java:134)
	at sqlancer.duckdb.gen.DuckDBTableGenerator.getQuery(DuckDBTableGenerator.java:25)
	at sqlancer.duckdb.DuckDBProvider.generateDatabase(DuckDBProvider.java:105)
	at sqlancer.duckdb.DuckDBProvider.generateDatabase(DuckDBProvider.java:1)
	at sqlancer.ProviderAdapter.generateAndTestDatabase(ProviderAdapter.java:40)
	at sqlancer.Main$DBMSExecutor.run(Main.java:314)
	at sqlancer.Main$2.run(Main.java:495)
	at sqlancer.Main$2.runThread(Main.java:473)
	at sqlancer.Main$2.run(Main.java:463)
	at java.base/java.util.concurrent.ThreadPoolExecutor.runWorker(ThreadPoolExecutor.java:1128)
	at java.base/java.util.concurrent.ThreadPoolExecutor$Worker.run(ThreadPoolExecutor.java:628)
	at java.base/java.lang.Thread.run(Thread.java:829)
--java.lang.AssertionError
--	at sqlancer.GlobalState.getSchema(GlobalState.java:134)
--	at sqlancer.duckdb.gen.DuckDBTableGenerator.getQuery(DuckDBTableGenerator.java:25)
--	at sqlancer.duckdb.DuckDBProvider.generateDatabase(DuckDBProvider.java:105)
--	at sqlancer.duckdb.DuckDBProvider.generateDatabase(DuckDBProvider.java:1)
--	at sqlancer.ProviderAdapter.generateAndTestDatabase(ProviderAdapter.java:40)
--	at sqlancer.Main$DBMSExecutor.run(Main.java:314)
--	at sqlancer.Main$2.run(Main.java:495)
--	at sqlancer.Main$2.runThread(Main.java:473)
--	at sqlancer.Main$2.run(Main.java:463)
--	at java.base/java.util.concurrent.ThreadPoolExecutor.runWorker(ThreadPoolExecutor.java:1128)
--	at java.base/java.util.concurrent.ThreadPoolExecutor$Worker.run(ThreadPoolExecutor.java:628)
--	at java.base/java.lang.Thread.run(Thread.java:829)
--
-- Time: 2023/01/30 22:11:33
-- Database: database56
-- Database version: v0.3.1
-- seed value: 56

java.lang.AssertionError
	at sqlancer.GlobalState.getSchema(GlobalState.java:134)
	at sqlancer.duckdb.gen.DuckDBTableGenerator.getQuery(DuckDBTableGenerator.java:25)
	at sqlancer.duckdb.DuckDBProvider.generateDatabase(DuckDBProvider.java:105)
	at sqlancer.duckdb.DuckDBProvider.generateDatabase(DuckDBProvider.java:1)
	at sqlancer.ProviderAdapter.generateAndTestDatabase(ProviderAdapter.java:40)
	at sqlancer.Main$DBMSExecutor.run(Main.java:314)
	at sqlancer.Main$2.run(Main.java:495)
	at sqlancer.Main$2.runThread(Main.java:473)
	at sqlancer.Main$2.run(Main.java:463)
	at java.base/java.util.concurrent.ThreadPoolExecutor.runWorker(ThreadPoolExecutor.java:1128)
	at java.base/java.util.concurrent.ThreadPoolExecutor$Worker.run(ThreadPoolExecutor.java:628)
	at java.base/java.lang.Thread.run(Thread.java:829)
--java.lang.AssertionError
--	at sqlancer.GlobalState.getSchema(GlobalState.java:134)
--	at sqlancer.duckdb.gen.DuckDBTableGenerator.getQuery(DuckDBTableGenerator.java:25)
--	at sqlancer.duckdb.DuckDBProvider.generateDatabase(DuckDBProvider.java:105)
--	at sqlancer.duckdb.DuckDBProvider.generateDatabase(DuckDBProvider.java:1)
--	at sqlancer.ProviderAdapter.generateAndTestDatabase(ProviderAdapter.java:40)
--	at sqlancer.Main$DBMSExecutor.run(Main.java:314)
--	at sqlancer.Main$2.run(Main.java:495)
--	at sqlancer.Main$2.runThread(Main.java:473)
--	at sqlancer.Main$2.run(Main.java:463)
--	at java.base/java.util.concurrent.ThreadPoolExecutor.runWorker(ThreadPoolExecutor.java:1128)
--	at java.base/java.util.concurrent.ThreadPoolExecutor$Worker.run(ThreadPoolExecutor.java:628)
--	at java.base/java.lang.Thread.run(Thread.java:829)
--
-- Time: 2023/01/30 22:11:33
-- Database: database57
-- Database version: v0.3.1
-- seed value: 57

java.lang.AssertionError
	at sqlancer.GlobalState.getSchema(GlobalState.java:134)
	at sqlancer.duckdb.gen.DuckDBTableGenerator.getQuery(DuckDBTableGenerator.java:25)
	at sqlancer.duckdb.DuckDBProvider.generateDatabase(DuckDBProvider.java:105)
	at sqlancer.duckdb.DuckDBProvider.generateDatabase(DuckDBProvider.java:1)
	at sqlancer.ProviderAdapter.generateAndTestDatabase(ProviderAdapter.java:40)
	at sqlancer.Main$DBMSExecutor.run(Main.java:314)
	at sqlancer.Main$2.run(Main.java:495)
	at sqlancer.Main$2.runThread(Main.java:473)
	at sqlancer.Main$2.run(Main.java:463)
	at java.base/java.util.concurrent.ThreadPoolExecutor.runWorker(ThreadPoolExecutor.java:1128)
	at java.base/java.util.concurrent.ThreadPoolExecutor$Worker.run(ThreadPoolExecutor.java:628)
	at java.base/java.lang.Thread.run(Thread.java:829)
--java.lang.AssertionError
--	at sqlancer.GlobalState.getSchema(GlobalState.java:134)
--	at sqlancer.duckdb.gen.DuckDBTableGenerator.getQuery(DuckDBTableGenerator.java:25)
--	at sqlancer.duckdb.DuckDBProvider.generateDatabase(DuckDBProvider.java:105)
--	at sqlancer.duckdb.DuckDBProvider.generateDatabase(DuckDBProvider.java:1)
--	at sqlancer.ProviderAdapter.generateAndTestDatabase(ProviderAdapter.java:40)
--	at sqlancer.Main$DBMSExecutor.run(Main.java:314)
--	at sqlancer.Main$2.run(Main.java:495)
--	at sqlancer.Main$2.runThread(Main.java:473)
--	at sqlancer.Main$2.run(Main.java:463)
--	at java.base/java.util.concurrent.ThreadPoolExecutor.runWorker(ThreadPoolExecutor.java:1128)
--	at java.base/java.util.concurrent.ThreadPoolExecutor$Worker.run(ThreadPoolExecutor.java:628)
--	at java.base/java.lang.Thread.run(Thread.java:829)
--
-- Time: 2023/01/30 22:11:33
-- Database: database58
-- Database version: v0.3.1
-- seed value: 58

java.lang.AssertionError
	at sqlancer.GlobalState.getSchema(GlobalState.java:134)
	at sqlancer.duckdb.gen.DuckDBTableGenerator.getQuery(DuckDBTableGenerator.java:25)
	at sqlancer.duckdb.DuckDBProvider.generateDatabase(DuckDBProvider.java:105)
	at sqlancer.duckdb.DuckDBProvider.generateDatabase(DuckDBProvider.java:1)
	at sqlancer.ProviderAdapter.generateAndTestDatabase(ProviderAdapter.java:40)
	at sqlancer.Main$DBMSExecutor.run(Main.java:314)
	at sqlancer.Main$2.run(Main.java:495)
	at sqlancer.Main$2.runThread(Main.java:473)
	at sqlancer.Main$2.run(Main.java:463)
	at java.base/java.util.concurrent.ThreadPoolExecutor.runWorker(ThreadPoolExecutor.java:1128)
	at java.base/java.util.concurrent.ThreadPoolExecutor$Worker.run(ThreadPoolExecutor.java:628)
	at java.base/java.lang.Thread.run(Thread.java:829)
--java.lang.AssertionError
--	at sqlancer.GlobalState.getSchema(GlobalState.java:134)
--	at sqlancer.duckdb.gen.DuckDBTableGenerator.getQuery(DuckDBTableGenerator.java:25)
--	at sqlancer.duckdb.DuckDBProvider.generateDatabase(DuckDBProvider.java:105)
--	at sqlancer.duckdb.DuckDBProvider.generateDatabase(DuckDBProvider.java:1)
--	at sqlancer.ProviderAdapter.generateAndTestDatabase(ProviderAdapter.java:40)
--	at sqlancer.Main$DBMSExecutor.run(Main.java:314)
--	at sqlancer.Main$2.run(Main.java:495)
--	at sqlancer.Main$2.runThread(Main.java:473)
--	at sqlancer.Main$2.run(Main.java:463)
--	at java.base/java.util.concurrent.ThreadPoolExecutor.runWorker(ThreadPoolExecutor.java:1128)
--	at java.base/java.util.concurrent.ThreadPoolExecutor$Worker.run(ThreadPoolExecutor.java:628)
--	at java.base/java.lang.Thread.run(Thread.java:829)
--
-- Time: 2023/01/30 22:11:33
-- Database: database59
-- Database version: v0.3.1
-- seed value: 59

java.lang.AssertionError
	at sqlancer.GlobalState.getSchema(GlobalState.java:134)
	at sqlancer.duckdb.gen.DuckDBTableGenerator.getQuery(DuckDBTableGenerator.java:25)
	at sqlancer.duckdb.DuckDBProvider.generateDatabase(DuckDBProvider.java:105)
	at sqlancer.duckdb.DuckDBProvider.generateDatabase(DuckDBProvider.java:1)
	at sqlancer.ProviderAdapter.generateAndTestDatabase(ProviderAdapter.java:40)
	at sqlancer.Main$DBMSExecutor.run(Main.java:314)
	at sqlancer.Main$2.run(Main.java:495)
	at sqlancer.Main$2.runThread(Main.java:473)
	at sqlancer.Main$2.run(Main.java:463)
	at java.base/java.util.concurrent.ThreadPoolExecutor.runWorker(ThreadPoolExecutor.java:1128)
	at java.base/java.util.concurrent.ThreadPoolExecutor$Worker.run(ThreadPoolExecutor.java:628)
	at java.base/java.lang.Thread.run(Thread.java:829)
--java.lang.AssertionError
--	at sqlancer.GlobalState.getSchema(GlobalState.java:134)
--	at sqlancer.duckdb.gen.DuckDBTableGenerator.getQuery(DuckDBTableGenerator.java:25)
--	at sqlancer.duckdb.DuckDBProvider.generateDatabase(DuckDBProvider.java:105)
--	at sqlancer.duckdb.DuckDBProvider.generateDatabase(DuckDBProvider.java:1)
--	at sqlancer.ProviderAdapter.generateAndTestDatabase(ProviderAdapter.java:40)
--	at sqlancer.Main$DBMSExecutor.run(Main.java:314)
--	at sqlancer.Main$2.run(Main.java:495)
--	at sqlancer.Main$2.runThread(Main.java:473)
--	at sqlancer.Main$2.run(Main.java:463)
--	at java.base/java.util.concurrent.ThreadPoolExecutor.runWorker(ThreadPoolExecutor.java:1128)
--	at java.base/java.util.concurrent.ThreadPoolExecutor$Worker.run(ThreadPoolExecutor.java:628)
--	at java.base/java.lang.Thread.run(Thread.java:829)
--
-- Time: 2023/01/30 22:11:33
-- Database: database60
-- Database version: v0.3.1
-- seed value: 60

java.lang.AssertionError
	at sqlancer.GlobalState.getSchema(GlobalState.java:134)
	at sqlancer.duckdb.gen.DuckDBTableGenerator.getQuery(DuckDBTableGenerator.java:25)
	at sqlancer.duckdb.DuckDBProvider.generateDatabase(DuckDBProvider.java:105)
	at sqlancer.duckdb.DuckDBProvider.generateDatabase(DuckDBProvider.java:1)
	at sqlancer.ProviderAdapter.generateAndTestDatabase(ProviderAdapter.java:40)
	at sqlancer.Main$DBMSExecutor.run(Main.java:314)
	at sqlancer.Main$2.run(Main.java:495)
	at sqlancer.Main$2.runThread(Main.java:473)
	at sqlancer.Main$2.run(Main.java:463)
	at java.base/java.util.concurrent.ThreadPoolExecutor.runWorker(ThreadPoolExecutor.java:1128)
	at java.base/java.util.concurrent.ThreadPoolExecutor$Worker.run(ThreadPoolExecutor.java:628)
	at java.base/java.lang.Thread.run(Thread.java:829)
--java.lang.AssertionError
--	at sqlancer.GlobalState.getSchema(GlobalState.java:134)
--	at sqlancer.duckdb.gen.DuckDBTableGenerator.getQuery(DuckDBTableGenerator.java:25)
--	at sqlancer.duckdb.DuckDBProvider.generateDatabase(DuckDBProvider.java:105)
--	at sqlancer.duckdb.DuckDBProvider.generateDatabase(DuckDBProvider.java:1)
--	at sqlancer.ProviderAdapter.generateAndTestDatabase(ProviderAdapter.java:40)
--	at sqlancer.Main$DBMSExecutor.run(Main.java:314)
--	at sqlancer.Main$2.run(Main.java:495)
--	at sqlancer.Main$2.runThread(Main.java:473)
--	at sqlancer.Main$2.run(Main.java:463)
--	at java.base/java.util.concurrent.ThreadPoolExecutor.runWorker(ThreadPoolExecutor.java:1128)
--	at java.base/java.util.concurrent.ThreadPoolExecutor$Worker.run(ThreadPoolExecutor.java:628)
--	at java.base/java.lang.Thread.run(Thread.java:829)
--
-- Time: 2023/01/30 22:11:33
-- Database: database61
-- Database version: v0.3.1
-- seed value: 61

java.lang.AssertionError
	at sqlancer.GlobalState.getSchema(GlobalState.java:134)
	at sqlancer.duckdb.gen.DuckDBTableGenerator.getQuery(DuckDBTableGenerator.java:25)
	at sqlancer.duckdb.DuckDBProvider.generateDatabase(DuckDBProvider.java:105)
	at sqlancer.duckdb.DuckDBProvider.generateDatabase(DuckDBProvider.java:1)
	at sqlancer.ProviderAdapter.generateAndTestDatabase(ProviderAdapter.java:40)
	at sqlancer.Main$DBMSExecutor.run(Main.java:314)
	at sqlancer.Main$2.run(Main.java:495)
	at sqlancer.Main$2.runThread(Main.java:473)
	at sqlancer.Main$2.run(Main.java:463)
	at java.base/java.util.concurrent.ThreadPoolExecutor.runWorker(ThreadPoolExecutor.java:1128)
	at java.base/java.util.concurrent.ThreadPoolExecutor$Worker.run(ThreadPoolExecutor.java:628)
	at java.base/java.lang.Thread.run(Thread.java:829)
--java.lang.AssertionError
--	at sqlancer.GlobalState.getSchema(GlobalState.java:134)
--	at sqlancer.duckdb.gen.DuckDBTableGenerator.getQuery(DuckDBTableGenerator.java:25)
--	at sqlancer.duckdb.DuckDBProvider.generateDatabase(DuckDBProvider.java:105)
--	at sqlancer.duckdb.DuckDBProvider.generateDatabase(DuckDBProvider.java:1)
--	at sqlancer.ProviderAdapter.generateAndTestDatabase(ProviderAdapter.java:40)
--	at sqlancer.Main$DBMSExecutor.run(Main.java:314)
--	at sqlancer.Main$2.run(Main.java:495)
--	at sqlancer.Main$2.runThread(Main.java:473)
--	at sqlancer.Main$2.run(Main.java:463)
--	at java.base/java.util.concurrent.ThreadPoolExecutor.runWorker(ThreadPoolExecutor.java:1128)
--	at java.base/java.util.concurrent.ThreadPoolExecutor$Worker.run(ThreadPoolExecutor.java:628)
--	at java.base/java.lang.Thread.run(Thread.java:829)
--
-- Time: 2023/01/30 22:11:33
-- Database: database62
-- Database version: v0.3.1
-- seed value: 62

java.lang.AssertionError
	at sqlancer.GlobalState.getSchema(GlobalState.java:134)
	at sqlancer.duckdb.gen.DuckDBTableGenerator.getQuery(DuckDBTableGenerator.java:25)
	at sqlancer.duckdb.DuckDBProvider.generateDatabase(DuckDBProvider.java:105)
	at sqlancer.duckdb.DuckDBProvider.generateDatabase(DuckDBProvider.java:1)
	at sqlancer.ProviderAdapter.generateAndTestDatabase(ProviderAdapter.java:40)
	at sqlancer.Main$DBMSExecutor.run(Main.java:314)
	at sqlancer.Main$2.run(Main.java:495)
	at sqlancer.Main$2.runThread(Main.java:473)
	at sqlancer.Main$2.run(Main.java:463)
	at java.base/java.util.concurrent.ThreadPoolExecutor.runWorker(ThreadPoolExecutor.java:1128)
	at java.base/java.util.concurrent.ThreadPoolExecutor$Worker.run(ThreadPoolExecutor.java:628)
	at java.base/java.lang.Thread.run(Thread.java:829)
--java.lang.AssertionError
--	at sqlancer.GlobalState.getSchema(GlobalState.java:134)
--	at sqlancer.duckdb.gen.DuckDBTableGenerator.getQuery(DuckDBTableGenerator.java:25)
--	at sqlancer.duckdb.DuckDBProvider.generateDatabase(DuckDBProvider.java:105)
--	at sqlancer.duckdb.DuckDBProvider.generateDatabase(DuckDBProvider.java:1)
--	at sqlancer.ProviderAdapter.generateAndTestDatabase(ProviderAdapter.java:40)
--	at sqlancer.Main$DBMSExecutor.run(Main.java:314)
--	at sqlancer.Main$2.run(Main.java:495)
--	at sqlancer.Main$2.runThread(Main.java:473)
--	at sqlancer.Main$2.run(Main.java:463)
--	at java.base/java.util.concurrent.ThreadPoolExecutor.runWorker(ThreadPoolExecutor.java:1128)
--	at java.base/java.util.concurrent.ThreadPoolExecutor$Worker.run(ThreadPoolExecutor.java:628)
--	at java.base/java.lang.Thread.run(Thread.java:829)
--
-- Time: 2023/01/30 22:11:33
-- Database: database63
-- Database version: v0.3.1
-- seed value: 63

java.lang.AssertionError
	at sqlancer.GlobalState.getSchema(GlobalState.java:134)
	at sqlancer.duckdb.gen.DuckDBTableGenerator.getQuery(DuckDBTableGenerator.java:25)
	at sqlancer.duckdb.DuckDBProvider.generateDatabase(DuckDBProvider.java:105)
	at sqlancer.duckdb.DuckDBProvider.generateDatabase(DuckDBProvider.java:1)
	at sqlancer.ProviderAdapter.generateAndTestDatabase(ProviderAdapter.java:40)
	at sqlancer.Main$DBMSExecutor.run(Main.java:314)
	at sqlancer.Main$2.run(Main.java:495)
	at sqlancer.Main$2.runThread(Main.java:473)
	at sqlancer.Main$2.run(Main.java:463)
	at java.base/java.util.concurrent.ThreadPoolExecutor.runWorker(ThreadPoolExecutor.java:1128)
	at java.base/java.util.concurrent.ThreadPoolExecutor$Worker.run(ThreadPoolExecutor.java:628)
	at java.base/java.lang.Thread.run(Thread.java:829)
--java.lang.AssertionError
--	at sqlancer.GlobalState.getSchema(GlobalState.java:134)
--	at sqlancer.duckdb.gen.DuckDBTableGenerator.getQuery(DuckDBTableGenerator.java:25)
--	at sqlancer.duckdb.DuckDBProvider.generateDatabase(DuckDBProvider.java:105)
--	at sqlancer.duckdb.DuckDBProvider.generateDatabase(DuckDBProvider.java:1)
--	at sqlancer.ProviderAdapter.generateAndTestDatabase(ProviderAdapter.java:40)
--	at sqlancer.Main$DBMSExecutor.run(Main.java:314)
--	at sqlancer.Main$2.run(Main.java:495)
--	at sqlancer.Main$2.runThread(Main.java:473)
--	at sqlancer.Main$2.run(Main.java:463)
--	at java.base/java.util.concurrent.ThreadPoolExecutor.runWorker(ThreadPoolExecutor.java:1128)
--	at java.base/java.util.concurrent.ThreadPoolExecutor$Worker.run(ThreadPoolExecutor.java:628)
--	at java.base/java.lang.Thread.run(Thread.java:829)
--
-- Time: 2023/01/30 22:11:33
-- Database: database64
-- Database version: v0.3.1
-- seed value: 64

java.lang.AssertionError
	at sqlancer.GlobalState.getSchema(GlobalState.java:134)
	at sqlancer.duckdb.gen.DuckDBTableGenerator.getQuery(DuckDBTableGenerator.java:25)
	at sqlancer.duckdb.DuckDBProvider.generateDatabase(DuckDBProvider.java:105)
	at sqlancer.duckdb.DuckDBProvider.generateDatabase(DuckDBProvider.java:1)
	at sqlancer.ProviderAdapter.generateAndTestDatabase(ProviderAdapter.java:40)
	at sqlancer.Main$DBMSExecutor.run(Main.java:314)
	at sqlancer.Main$2.run(Main.java:495)
	at sqlancer.Main$2.runThread(Main.java:473)
	at sqlancer.Main$2.run(Main.java:463)
	at java.base/java.util.concurrent.ThreadPoolExecutor.runWorker(ThreadPoolExecutor.java:1128)
	at java.base/java.util.concurrent.ThreadPoolExecutor$Worker.run(ThreadPoolExecutor.java:628)
	at java.base/java.lang.Thread.run(Thread.java:829)
--java.lang.AssertionError
--	at sqlancer.GlobalState.getSchema(GlobalState.java:134)
--	at sqlancer.duckdb.gen.DuckDBTableGenerator.getQuery(DuckDBTableGenerator.java:25)
--	at sqlancer.duckdb.DuckDBProvider.generateDatabase(DuckDBProvider.java:105)
--	at sqlancer.duckdb.DuckDBProvider.generateDatabase(DuckDBProvider.java:1)
--	at sqlancer.ProviderAdapter.generateAndTestDatabase(ProviderAdapter.java:40)
--	at sqlancer.Main$DBMSExecutor.run(Main.java:314)
--	at sqlancer.Main$2.run(Main.java:495)
--	at sqlancer.Main$2.runThread(Main.java:473)
--	at sqlancer.Main$2.run(Main.java:463)
--	at java.base/java.util.concurrent.ThreadPoolExecutor.runWorker(ThreadPoolExecutor.java:1128)
--	at java.base/java.util.concurrent.ThreadPoolExecutor$Worker.run(ThreadPoolExecutor.java:628)
--	at java.base/java.lang.Thread.run(Thread.java:829)
--
-- Time: 2023/01/30 22:11:33
-- Database: database65
-- Database version: v0.3.1
-- seed value: 65

java.lang.AssertionError
	at sqlancer.GlobalState.getSchema(GlobalState.java:134)
	at sqlancer.duckdb.gen.DuckDBTableGenerator.getQuery(DuckDBTableGenerator.java:25)
	at sqlancer.duckdb.DuckDBProvider.generateDatabase(DuckDBProvider.java:105)
	at sqlancer.duckdb.DuckDBProvider.generateDatabase(DuckDBProvider.java:1)
	at sqlancer.ProviderAdapter.generateAndTestDatabase(ProviderAdapter.java:40)
	at sqlancer.Main$DBMSExecutor.run(Main.java:314)
	at sqlancer.Main$2.run(Main.java:495)
	at sqlancer.Main$2.runThread(Main.java:473)
	at sqlancer.Main$2.run(Main.java:463)
	at java.base/java.util.concurrent.ThreadPoolExecutor.runWorker(ThreadPoolExecutor.java:1128)
	at java.base/java.util.concurrent.ThreadPoolExecutor$Worker.run(ThreadPoolExecutor.java:628)
	at java.base/java.lang.Thread.run(Thread.java:829)
--java.lang.AssertionError
--	at sqlancer.GlobalState.getSchema(GlobalState.java:134)
--	at sqlancer.duckdb.gen.DuckDBTableGenerator.getQuery(DuckDBTableGenerator.java:25)
--	at sqlancer.duckdb.DuckDBProvider.generateDatabase(DuckDBProvider.java:105)
--	at sqlancer.duckdb.DuckDBProvider.generateDatabase(DuckDBProvider.java:1)
--	at sqlancer.ProviderAdapter.generateAndTestDatabase(ProviderAdapter.java:40)
--	at sqlancer.Main$DBMSExecutor.run(Main.java:314)
--	at sqlancer.Main$2.run(Main.java:495)
--	at sqlancer.Main$2.runThread(Main.java:473)
--	at sqlancer.Main$2.run(Main.java:463)
--	at java.base/java.util.concurrent.ThreadPoolExecutor.runWorker(ThreadPoolExecutor.java:1128)
--	at java.base/java.util.concurrent.ThreadPoolExecutor$Worker.run(ThreadPoolExecutor.java:628)
--	at java.base/java.lang.Thread.run(Thread.java:829)
--
-- Time: 2023/01/30 22:11:33
-- Database: database66
-- Database version: v0.3.1
-- seed value: 66

java.lang.AssertionError
	at sqlancer.GlobalState.getSchema(GlobalState.java:134)
	at sqlancer.duckdb.gen.DuckDBTableGenerator.getQuery(DuckDBTableGenerator.java:25)
	at sqlancer.duckdb.DuckDBProvider.generateDatabase(DuckDBProvider.java:105)
	at sqlancer.duckdb.DuckDBProvider.generateDatabase(DuckDBProvider.java:1)
	at sqlancer.ProviderAdapter.generateAndTestDatabase(ProviderAdapter.java:40)
	at sqlancer.Main$DBMSExecutor.run(Main.java:314)
	at sqlancer.Main$2.run(Main.java:495)
	at sqlancer.Main$2.runThread(Main.java:473)
	at sqlancer.Main$2.run(Main.java:463)
	at java.base/java.util.concurrent.ThreadPoolExecutor.runWorker(ThreadPoolExecutor.java:1128)
	at java.base/java.util.concurrent.ThreadPoolExecutor$Worker.run(ThreadPoolExecutor.java:628)
	at java.base/java.lang.Thread.run(Thread.java:829)
--java.lang.AssertionError
--	at sqlancer.GlobalState.getSchema(GlobalState.java:134)
--	at sqlancer.duckdb.gen.DuckDBTableGenerator.getQuery(DuckDBTableGenerator.java:25)
--	at sqlancer.duckdb.DuckDBProvider.generateDatabase(DuckDBProvider.java:105)
--	at sqlancer.duckdb.DuckDBProvider.generateDatabase(DuckDBProvider.java:1)
--	at sqlancer.ProviderAdapter.generateAndTestDatabase(ProviderAdapter.java:40)
--	at sqlancer.Main$DBMSExecutor.run(Main.java:314)
--	at sqlancer.Main$2.run(Main.java:495)
--	at sqlancer.Main$2.runThread(Main.java:473)
--	at sqlancer.Main$2.run(Main.java:463)
--	at java.base/java.util.concurrent.ThreadPoolExecutor.runWorker(ThreadPoolExecutor.java:1128)
--	at java.base/java.util.concurrent.ThreadPoolExecutor$Worker.run(ThreadPoolExecutor.java:628)
--	at java.base/java.lang.Thread.run(Thread.java:829)
--
-- Time: 2023/01/30 22:11:33
-- Database: database67
-- Database version: v0.3.1
-- seed value: 67

java.lang.AssertionError
	at sqlancer.GlobalState.getSchema(GlobalState.java:134)
	at sqlancer.duckdb.gen.DuckDBTableGenerator.getQuery(DuckDBTableGenerator.java:25)
	at sqlancer.duckdb.DuckDBProvider.generateDatabase(DuckDBProvider.java:105)
	at sqlancer.duckdb.DuckDBProvider.generateDatabase(DuckDBProvider.java:1)
	at sqlancer.ProviderAdapter.generateAndTestDatabase(ProviderAdapter.java:40)
	at sqlancer.Main$DBMSExecutor.run(Main.java:314)
	at sqlancer.Main$2.run(Main.java:495)
	at sqlancer.Main$2.runThread(Main.java:473)
	at sqlancer.Main$2.run(Main.java:463)
	at java.base/java.util.concurrent.ThreadPoolExecutor.runWorker(ThreadPoolExecutor.java:1128)
	at java.base/java.util.concurrent.ThreadPoolExecutor$Worker.run(ThreadPoolExecutor.java:628)
	at java.base/java.lang.Thread.run(Thread.java:829)
--java.lang.AssertionError
--	at sqlancer.GlobalState.getSchema(GlobalState.java:134)
--	at sqlancer.duckdb.gen.DuckDBTableGenerator.getQuery(DuckDBTableGenerator.java:25)
--	at sqlancer.duckdb.DuckDBProvider.generateDatabase(DuckDBProvider.java:105)
--	at sqlancer.duckdb.DuckDBProvider.generateDatabase(DuckDBProvider.java:1)
--	at sqlancer.ProviderAdapter.generateAndTestDatabase(ProviderAdapter.java:40)
--	at sqlancer.Main$DBMSExecutor.run(Main.java:314)
--	at sqlancer.Main$2.run(Main.java:495)
--	at sqlancer.Main$2.runThread(Main.java:473)
--	at sqlancer.Main$2.run(Main.java:463)
--	at java.base/java.util.concurrent.ThreadPoolExecutor.runWorker(ThreadPoolExecutor.java:1128)
--	at java.base/java.util.concurrent.ThreadPoolExecutor$Worker.run(ThreadPoolExecutor.java:628)
--	at java.base/java.lang.Thread.run(Thread.java:829)
--
-- Time: 2023/01/30 22:11:33
-- Database: database68
-- Database version: v0.3.1
-- seed value: 68

java.lang.AssertionError
	at sqlancer.GlobalState.getSchema(GlobalState.java:134)
	at sqlancer.duckdb.gen.DuckDBTableGenerator.getQuery(DuckDBTableGenerator.java:25)
	at sqlancer.duckdb.DuckDBProvider.generateDatabase(DuckDBProvider.java:105)
	at sqlancer.duckdb.DuckDBProvider.generateDatabase(DuckDBProvider.java:1)
	at sqlancer.ProviderAdapter.generateAndTestDatabase(ProviderAdapter.java:40)
	at sqlancer.Main$DBMSExecutor.run(Main.java:314)
	at sqlancer.Main$2.run(Main.java:495)
	at sqlancer.Main$2.runThread(Main.java:473)
	at sqlancer.Main$2.run(Main.java:463)
	at java.base/java.util.concurrent.ThreadPoolExecutor.runWorker(ThreadPoolExecutor.java:1128)
	at java.base/java.util.concurrent.ThreadPoolExecutor$Worker.run(ThreadPoolExecutor.java:628)
	at java.base/java.lang.Thread.run(Thread.java:829)
--java.lang.AssertionError
--	at sqlancer.GlobalState.getSchema(GlobalState.java:134)
--	at sqlancer.duckdb.gen.DuckDBTableGenerator.getQuery(DuckDBTableGenerator.java:25)
--	at sqlancer.duckdb.DuckDBProvider.generateDatabase(DuckDBProvider.java:105)
--	at sqlancer.duckdb.DuckDBProvider.generateDatabase(DuckDBProvider.java:1)
--	at sqlancer.ProviderAdapter.generateAndTestDatabase(ProviderAdapter.java:40)
--	at sqlancer.Main$DBMSExecutor.run(Main.java:314)
--	at sqlancer.Main$2.run(Main.java:495)
--	at sqlancer.Main$2.runThread(Main.java:473)
--	at sqlancer.Main$2.run(Main.java:463)
--	at java.base/java.util.concurrent.ThreadPoolExecutor.runWorker(ThreadPoolExecutor.java:1128)
--	at java.base/java.util.concurrent.ThreadPoolExecutor$Worker.run(ThreadPoolExecutor.java:628)
--	at java.base/java.lang.Thread.run(Thread.java:829)
--
-- Time: 2023/01/30 22:11:33
-- Database: database69
-- Database version: v0.3.1
-- seed value: 69

java.lang.AssertionError
	at sqlancer.GlobalState.getSchema(GlobalState.java:134)
	at sqlancer.duckdb.gen.DuckDBTableGenerator.getQuery(DuckDBTableGenerator.java:25)
	at sqlancer.duckdb.DuckDBProvider.generateDatabase(DuckDBProvider.java:105)
	at sqlancer.duckdb.DuckDBProvider.generateDatabase(DuckDBProvider.java:1)
	at sqlancer.ProviderAdapter.generateAndTestDatabase(ProviderAdapter.java:40)
	at sqlancer.Main$DBMSExecutor.run(Main.java:314)
	at sqlancer.Main$2.run(Main.java:495)
	at sqlancer.Main$2.runThread(Main.java:473)
	at sqlancer.Main$2.run(Main.java:463)
	at java.base/java.util.concurrent.ThreadPoolExecutor.runWorker(ThreadPoolExecutor.java:1128)
	at java.base/java.util.concurrent.ThreadPoolExecutor$Worker.run(ThreadPoolExecutor.java:628)
	at java.base/java.lang.Thread.run(Thread.java:829)
--java.lang.AssertionError
--	at sqlancer.GlobalState.getSchema(GlobalState.java:134)
--	at sqlancer.duckdb.gen.DuckDBTableGenerator.getQuery(DuckDBTableGenerator.java:25)
--	at sqlancer.duckdb.DuckDBProvider.generateDatabase(DuckDBProvider.java:105)
--	at sqlancer.duckdb.DuckDBProvider.generateDatabase(DuckDBProvider.java:1)
--	at sqlancer.ProviderAdapter.generateAndTestDatabase(ProviderAdapter.java:40)
--	at sqlancer.Main$DBMSExecutor.run(Main.java:314)
--	at sqlancer.Main$2.run(Main.java:495)
--	at sqlancer.Main$2.runThread(Main.java:473)
--	at sqlancer.Main$2.run(Main.java:463)
--	at java.base/java.util.concurrent.ThreadPoolExecutor.runWorker(ThreadPoolExecutor.java:1128)
--	at java.base/java.util.concurrent.ThreadPoolExecutor$Worker.run(ThreadPoolExecutor.java:628)
--	at java.base/java.lang.Thread.run(Thread.java:829)
--
-- Time: 2023/01/30 22:11:33
-- Database: database70
-- Database version: v0.3.1
-- seed value: 70

java.lang.AssertionError
	at sqlancer.GlobalState.getSchema(GlobalState.java:134)
	at sqlancer.duckdb.gen.DuckDBTableGenerator.getQuery(DuckDBTableGenerator.java:25)
	at sqlancer.duckdb.DuckDBProvider.generateDatabase(DuckDBProvider.java:105)
	at sqlancer.duckdb.DuckDBProvider.generateDatabase(DuckDBProvider.java:1)
	at sqlancer.ProviderAdapter.generateAndTestDatabase(ProviderAdapter.java:40)
	at sqlancer.Main$DBMSExecutor.run(Main.java:314)
	at sqlancer.Main$2.run(Main.java:495)
	at sqlancer.Main$2.runThread(Main.java:473)
	at sqlancer.Main$2.run(Main.java:463)
	at java.base/java.util.concurrent.ThreadPoolExecutor.runWorker(ThreadPoolExecutor.java:1128)
	at java.base/java.util.concurrent.ThreadPoolExecutor$Worker.run(ThreadPoolExecutor.java:628)
	at java.base/java.lang.Thread.run(Thread.java:829)
--java.lang.AssertionError
--	at sqlancer.GlobalState.getSchema(GlobalState.java:134)
--	at sqlancer.duckdb.gen.DuckDBTableGenerator.getQuery(DuckDBTableGenerator.java:25)
--	at sqlancer.duckdb.DuckDBProvider.generateDatabase(DuckDBProvider.java:105)
--	at sqlancer.duckdb.DuckDBProvider.generateDatabase(DuckDBProvider.java:1)
--	at sqlancer.ProviderAdapter.generateAndTestDatabase(ProviderAdapter.java:40)
--	at sqlancer.Main$DBMSExecutor.run(Main.java:314)
--	at sqlancer.Main$2.run(Main.java:495)
--	at sqlancer.Main$2.runThread(Main.java:473)
--	at sqlancer.Main$2.run(Main.java:463)
--	at java.base/java.util.concurrent.ThreadPoolExecutor.runWorker(ThreadPoolExecutor.java:1128)
--	at java.base/java.util.concurrent.ThreadPoolExecutor$Worker.run(ThreadPoolExecutor.java:628)
--	at java.base/java.lang.Thread.run(Thread.java:829)
--
-- Time: 2023/01/30 22:11:33
-- Database: database71
-- Database version: v0.3.1
-- seed value: 71

java.lang.AssertionError
	at sqlancer.GlobalState.getSchema(GlobalState.java:134)
	at sqlancer.duckdb.gen.DuckDBTableGenerator.getQuery(DuckDBTableGenerator.java:25)
	at sqlancer.duckdb.DuckDBProvider.generateDatabase(DuckDBProvider.java:105)
	at sqlancer.duckdb.DuckDBProvider.generateDatabase(DuckDBProvider.java:1)
	at sqlancer.ProviderAdapter.generateAndTestDatabase(ProviderAdapter.java:40)
	at sqlancer.Main$DBMSExecutor.run(Main.java:314)
	at sqlancer.Main$2.run(Main.java:495)
	at sqlancer.Main$2.runThread(Main.java:473)
	at sqlancer.Main$2.run(Main.java:463)
	at java.base/java.util.concurrent.ThreadPoolExecutor.runWorker(ThreadPoolExecutor.java:1128)
	at java.base/java.util.concurrent.ThreadPoolExecutor$Worker.run(ThreadPoolExecutor.java:628)
	at java.base/java.lang.Thread.run(Thread.java:829)
--java.lang.AssertionError
--	at sqlancer.GlobalState.getSchema(GlobalState.java:134)
--	at sqlancer.duckdb.gen.DuckDBTableGenerator.getQuery(DuckDBTableGenerator.java:25)
--	at sqlancer.duckdb.DuckDBProvider.generateDatabase(DuckDBProvider.java:105)
--	at sqlancer.duckdb.DuckDBProvider.generateDatabase(DuckDBProvider.java:1)
--	at sqlancer.ProviderAdapter.generateAndTestDatabase(ProviderAdapter.java:40)
--	at sqlancer.Main$DBMSExecutor.run(Main.java:314)
--	at sqlancer.Main$2.run(Main.java:495)
--	at sqlancer.Main$2.runThread(Main.java:473)
--	at sqlancer.Main$2.run(Main.java:463)
--	at java.base/java.util.concurrent.ThreadPoolExecutor.runWorker(ThreadPoolExecutor.java:1128)
--	at java.base/java.util.concurrent.ThreadPoolExecutor$Worker.run(ThreadPoolExecutor.java:628)
--	at java.base/java.lang.Thread.run(Thread.java:829)
--
-- Time: 2023/01/30 22:11:33
-- Database: database72
-- Database version: v0.3.1
-- seed value: 72

java.lang.AssertionError
	at sqlancer.GlobalState.getSchema(GlobalState.java:134)
	at sqlancer.duckdb.gen.DuckDBTableGenerator.getQuery(DuckDBTableGenerator.java:25)
	at sqlancer.duckdb.DuckDBProvider.generateDatabase(DuckDBProvider.java:105)
	at sqlancer.duckdb.DuckDBProvider.generateDatabase(DuckDBProvider.java:1)
	at sqlancer.ProviderAdapter.generateAndTestDatabase(ProviderAdapter.java:40)
	at sqlancer.Main$DBMSExecutor.run(Main.java:314)
	at sqlancer.Main$2.run(Main.java:495)
	at sqlancer.Main$2.runThread(Main.java:473)
	at sqlancer.Main$2.run(Main.java:463)
	at java.base/java.util.concurrent.ThreadPoolExecutor.runWorker(ThreadPoolExecutor.java:1128)
	at java.base/java.util.concurrent.ThreadPoolExecutor$Worker.run(ThreadPoolExecutor.java:628)
	at java.base/java.lang.Thread.run(Thread.java:829)
--java.lang.AssertionError
--	at sqlancer.GlobalState.getSchema(GlobalState.java:134)
--	at sqlancer.duckdb.gen.DuckDBTableGenerator.getQuery(DuckDBTableGenerator.java:25)
--	at sqlancer.duckdb.DuckDBProvider.generateDatabase(DuckDBProvider.java:105)
--	at sqlancer.duckdb.DuckDBProvider.generateDatabase(DuckDBProvider.java:1)
--	at sqlancer.ProviderAdapter.generateAndTestDatabase(ProviderAdapter.java:40)
--	at sqlancer.Main$DBMSExecutor.run(Main.java:314)
--	at sqlancer.Main$2.run(Main.java:495)
--	at sqlancer.Main$2.runThread(Main.java:473)
--	at sqlancer.Main$2.run(Main.java:463)
--	at java.base/java.util.concurrent.ThreadPoolExecutor.runWorker(ThreadPoolExecutor.java:1128)
--	at java.base/java.util.concurrent.ThreadPoolExecutor$Worker.run(ThreadPoolExecutor.java:628)
--	at java.base/java.lang.Thread.run(Thread.java:829)
--
-- Time: 2023/01/30 22:11:33
-- Database: database73
-- Database version: v0.3.1
-- seed value: 73

java.lang.AssertionError
	at sqlancer.GlobalState.getSchema(GlobalState.java:134)
	at sqlancer.duckdb.gen.DuckDBTableGenerator.getQuery(DuckDBTableGenerator.java:25)
	at sqlancer.duckdb.DuckDBProvider.generateDatabase(DuckDBProvider.java:105)
	at sqlancer.duckdb.DuckDBProvider.generateDatabase(DuckDBProvider.java:1)
	at sqlancer.ProviderAdapter.generateAndTestDatabase(ProviderAdapter.java:40)
	at sqlancer.Main$DBMSExecutor.run(Main.java:314)
	at sqlancer.Main$2.run(Main.java:495)
	at sqlancer.Main$2.runThread(Main.java:473)
	at sqlancer.Main$2.run(Main.java:463)
	at java.base/java.util.concurrent.ThreadPoolExecutor.runWorker(ThreadPoolExecutor.java:1128)
	at java.base/java.util.concurrent.ThreadPoolExecutor$Worker.run(ThreadPoolExecutor.java:628)
	at java.base/java.lang.Thread.run(Thread.java:829)
--java.lang.AssertionError
--	at sqlancer.GlobalState.getSchema(GlobalState.java:134)
--	at sqlancer.duckdb.gen.DuckDBTableGenerator.getQuery(DuckDBTableGenerator.java:25)
--	at sqlancer.duckdb.DuckDBProvider.generateDatabase(DuckDBProvider.java:105)
--	at sqlancer.duckdb.DuckDBProvider.generateDatabase(DuckDBProvider.java:1)
--	at sqlancer.ProviderAdapter.generateAndTestDatabase(ProviderAdapter.java:40)
--	at sqlancer.Main$DBMSExecutor.run(Main.java:314)
--	at sqlancer.Main$2.run(Main.java:495)
--	at sqlancer.Main$2.runThread(Main.java:473)
--	at sqlancer.Main$2.run(Main.java:463)
--	at java.base/java.util.concurrent.ThreadPoolExecutor.runWorker(ThreadPoolExecutor.java:1128)
--	at java.base/java.util.concurrent.ThreadPoolExecutor$Worker.run(ThreadPoolExecutor.java:628)
--	at java.base/java.lang.Thread.run(Thread.java:829)
--
-- Time: 2023/01/30 22:11:33
-- Database: database74
-- Database version: v0.3.1
-- seed value: 74

java.lang.AssertionError
	at sqlancer.GlobalState.getSchema(GlobalState.java:134)
	at sqlancer.duckdb.gen.DuckDBTableGenerator.getQuery(DuckDBTableGenerator.java:25)
	at sqlancer.duckdb.DuckDBProvider.generateDatabase(DuckDBProvider.java:105)
	at sqlancer.duckdb.DuckDBProvider.generateDatabase(DuckDBProvider.java:1)
	at sqlancer.ProviderAdapter.generateAndTestDatabase(ProviderAdapter.java:40)
	at sqlancer.Main$DBMSExecutor.run(Main.java:314)
	at sqlancer.Main$2.run(Main.java:495)
	at sqlancer.Main$2.runThread(Main.java:473)
	at sqlancer.Main$2.run(Main.java:463)
	at java.base/java.util.concurrent.ThreadPoolExecutor.runWorker(ThreadPoolExecutor.java:1128)
	at java.base/java.util.concurrent.ThreadPoolExecutor$Worker.run(ThreadPoolExecutor.java:628)
	at java.base/java.lang.Thread.run(Thread.java:829)
--java.lang.AssertionError
--	at sqlancer.GlobalState.getSchema(GlobalState.java:134)
--	at sqlancer.duckdb.gen.DuckDBTableGenerator.getQuery(DuckDBTableGenerator.java:25)
--	at sqlancer.duckdb.DuckDBProvider.generateDatabase(DuckDBProvider.java:105)
--	at sqlancer.duckdb.DuckDBProvider.generateDatabase(DuckDBProvider.java:1)
--	at sqlancer.ProviderAdapter.generateAndTestDatabase(ProviderAdapter.java:40)
--	at sqlancer.Main$DBMSExecutor.run(Main.java:314)
--	at sqlancer.Main$2.run(Main.java:495)
--	at sqlancer.Main$2.runThread(Main.java:473)
--	at sqlancer.Main$2.run(Main.java:463)
--	at java.base/java.util.concurrent.ThreadPoolExecutor.runWorker(ThreadPoolExecutor.java:1128)
--	at java.base/java.util.concurrent.ThreadPoolExecutor$Worker.run(ThreadPoolExecutor.java:628)
--	at java.base/java.lang.Thread.run(Thread.java:829)
--
-- Time: 2023/01/30 22:11:33
-- Database: database75
-- Database version: v0.3.1
-- seed value: 75

java.lang.AssertionError
	at sqlancer.GlobalState.getSchema(GlobalState.java:134)
	at sqlancer.duckdb.gen.DuckDBTableGenerator.getQuery(DuckDBTableGenerator.java:25)
	at sqlancer.duckdb.DuckDBProvider.generateDatabase(DuckDBProvider.java:105)
	at sqlancer.duckdb.DuckDBProvider.generateDatabase(DuckDBProvider.java:1)
	at sqlancer.ProviderAdapter.generateAndTestDatabase(ProviderAdapter.java:40)
	at sqlancer.Main$DBMSExecutor.run(Main.java:314)
	at sqlancer.Main$2.run(Main.java:495)
	at sqlancer.Main$2.runThread(Main.java:473)
	at sqlancer.Main$2.run(Main.java:463)
	at java.base/java.util.concurrent.ThreadPoolExecutor.runWorker(ThreadPoolExecutor.java:1128)
	at java.base/java.util.concurrent.ThreadPoolExecutor$Worker.run(ThreadPoolExecutor.java:628)
	at java.base/java.lang.Thread.run(Thread.java:829)
--java.lang.AssertionError
--	at sqlancer.GlobalState.getSchema(GlobalState.java:134)
--	at sqlancer.duckdb.gen.DuckDBTableGenerator.getQuery(DuckDBTableGenerator.java:25)
--	at sqlancer.duckdb.DuckDBProvider.generateDatabase(DuckDBProvider.java:105)
--	at sqlancer.duckdb.DuckDBProvider.generateDatabase(DuckDBProvider.java:1)
--	at sqlancer.ProviderAdapter.generateAndTestDatabase(ProviderAdapter.java:40)
--	at sqlancer.Main$DBMSExecutor.run(Main.java:314)
--	at sqlancer.Main$2.run(Main.java:495)
--	at sqlancer.Main$2.runThread(Main.java:473)
--	at sqlancer.Main$2.run(Main.java:463)
--	at java.base/java.util.concurrent.ThreadPoolExecutor.runWorker(ThreadPoolExecutor.java:1128)
--	at java.base/java.util.concurrent.ThreadPoolExecutor$Worker.run(ThreadPoolExecutor.java:628)
--	at java.base/java.lang.Thread.run(Thread.java:829)
--
-- Time: 2023/01/30 22:11:33
-- Database: database76
-- Database version: v0.3.1
-- seed value: 76

java.lang.AssertionError
	at sqlancer.GlobalState.getSchema(GlobalState.java:134)
	at sqlancer.duckdb.gen.DuckDBTableGenerator.getQuery(DuckDBTableGenerator.java:25)
	at sqlancer.duckdb.DuckDBProvider.generateDatabase(DuckDBProvider.java:105)
	at sqlancer.duckdb.DuckDBProvider.generateDatabase(DuckDBProvider.java:1)
	at sqlancer.ProviderAdapter.generateAndTestDatabase(ProviderAdapter.java:40)
	at sqlancer.Main$DBMSExecutor.run(Main.java:314)
	at sqlancer.Main$2.run(Main.java:495)
	at sqlancer.Main$2.runThread(Main.java:473)
	at sqlancer.Main$2.run(Main.java:463)
	at java.base/java.util.concurrent.ThreadPoolExecutor.runWorker(ThreadPoolExecutor.java:1128)
	at java.base/java.util.concurrent.ThreadPoolExecutor$Worker.run(ThreadPoolExecutor.java:628)
	at java.base/java.lang.Thread.run(Thread.java:829)
--java.lang.AssertionError
--	at sqlancer.GlobalState.getSchema(GlobalState.java:134)
--	at sqlancer.duckdb.gen.DuckDBTableGenerator.getQuery(DuckDBTableGenerator.java:25)
--	at sqlancer.duckdb.DuckDBProvider.generateDatabase(DuckDBProvider.java:105)
--	at sqlancer.duckdb.DuckDBProvider.generateDatabase(DuckDBProvider.java:1)
--	at sqlancer.ProviderAdapter.generateAndTestDatabase(ProviderAdapter.java:40)
--	at sqlancer.Main$DBMSExecutor.run(Main.java:314)
--	at sqlancer.Main$2.run(Main.java:495)
--	at sqlancer.Main$2.runThread(Main.java:473)
--	at sqlancer.Main$2.run(Main.java:463)
--	at java.base/java.util.concurrent.ThreadPoolExecutor.runWorker(ThreadPoolExecutor.java:1128)
--	at java.base/java.util.concurrent.ThreadPoolExecutor$Worker.run(ThreadPoolExecutor.java:628)
--	at java.base/java.lang.Thread.run(Thread.java:829)
--
-- Time: 2023/01/30 22:11:33
-- Database: database77
-- Database version: v0.3.1
-- seed value: 77

java.lang.AssertionError
	at sqlancer.GlobalState.getSchema(GlobalState.java:134)
	at sqlancer.duckdb.gen.DuckDBTableGenerator.getQuery(DuckDBTableGenerator.java:25)
	at sqlancer.duckdb.DuckDBProvider.generateDatabase(DuckDBProvider.java:105)
	at sqlancer.duckdb.DuckDBProvider.generateDatabase(DuckDBProvider.java:1)
	at sqlancer.ProviderAdapter.generateAndTestDatabase(ProviderAdapter.java:40)
	at sqlancer.Main$DBMSExecutor.run(Main.java:314)
	at sqlancer.Main$2.run(Main.java:495)
	at sqlancer.Main$2.runThread(Main.java:473)
	at sqlancer.Main$2.run(Main.java:463)
	at java.base/java.util.concurrent.ThreadPoolExecutor.runWorker(ThreadPoolExecutor.java:1128)
	at java.base/java.util.concurrent.ThreadPoolExecutor$Worker.run(ThreadPoolExecutor.java:628)
	at java.base/java.lang.Thread.run(Thread.java:829)
--java.lang.AssertionError
--	at sqlancer.GlobalState.getSchema(GlobalState.java:134)
--	at sqlancer.duckdb.gen.DuckDBTableGenerator.getQuery(DuckDBTableGenerator.java:25)
--	at sqlancer.duckdb.DuckDBProvider.generateDatabase(DuckDBProvider.java:105)
--	at sqlancer.duckdb.DuckDBProvider.generateDatabase(DuckDBProvider.java:1)
--	at sqlancer.ProviderAdapter.generateAndTestDatabase(ProviderAdapter.java:40)
--	at sqlancer.Main$DBMSExecutor.run(Main.java:314)
--	at sqlancer.Main$2.run(Main.java:495)
--	at sqlancer.Main$2.runThread(Main.java:473)
--	at sqlancer.Main$2.run(Main.java:463)
--	at java.base/java.util.concurrent.ThreadPoolExecutor.runWorker(ThreadPoolExecutor.java:1128)
--	at java.base/java.util.concurrent.ThreadPoolExecutor$Worker.run(ThreadPoolExecutor.java:628)
--	at java.base/java.lang.Thread.run(Thread.java:829)
--
-- Time: 2023/01/30 22:11:33
-- Database: database78
-- Database version: v0.3.1
-- seed value: 78

java.lang.AssertionError
	at sqlancer.GlobalState.getSchema(GlobalState.java:134)
	at sqlancer.duckdb.gen.DuckDBTableGenerator.getQuery(DuckDBTableGenerator.java:25)
	at sqlancer.duckdb.DuckDBProvider.generateDatabase(DuckDBProvider.java:105)
	at sqlancer.duckdb.DuckDBProvider.generateDatabase(DuckDBProvider.java:1)
	at sqlancer.ProviderAdapter.generateAndTestDatabase(ProviderAdapter.java:40)
	at sqlancer.Main$DBMSExecutor.run(Main.java:314)
	at sqlancer.Main$2.run(Main.java:495)
	at sqlancer.Main$2.runThread(Main.java:473)
	at sqlancer.Main$2.run(Main.java:463)
	at java.base/java.util.concurrent.ThreadPoolExecutor.runWorker(ThreadPoolExecutor.java:1128)
	at java.base/java.util.concurrent.ThreadPoolExecutor$Worker.run(ThreadPoolExecutor.java:628)
	at java.base/java.lang.Thread.run(Thread.java:829)
--java.lang.AssertionError
--	at sqlancer.GlobalState.getSchema(GlobalState.java:134)
--	at sqlancer.duckdb.gen.DuckDBTableGenerator.getQuery(DuckDBTableGenerator.java:25)
--	at sqlancer.duckdb.DuckDBProvider.generateDatabase(DuckDBProvider.java:105)
--	at sqlancer.duckdb.DuckDBProvider.generateDatabase(DuckDBProvider.java:1)
--	at sqlancer.ProviderAdapter.generateAndTestDatabase(ProviderAdapter.java:40)
--	at sqlancer.Main$DBMSExecutor.run(Main.java:314)
--	at sqlancer.Main$2.run(Main.java:495)
--	at sqlancer.Main$2.runThread(Main.java:473)
--	at sqlancer.Main$2.run(Main.java:463)
--	at java.base/java.util.concurrent.ThreadPoolExecutor.runWorker(ThreadPoolExecutor.java:1128)
--	at java.base/java.util.concurrent.ThreadPoolExecutor$Worker.run(ThreadPoolExecutor.java:628)
--	at java.base/java.lang.Thread.run(Thread.java:829)
--
-- Time: 2023/01/30 22:11:33
-- Database: database79
-- Database version: v0.3.1
-- seed value: 79

java.lang.AssertionError
	at sqlancer.GlobalState.getSchema(GlobalState.java:134)
	at sqlancer.duckdb.gen.DuckDBTableGenerator.getQuery(DuckDBTableGenerator.java:25)
	at sqlancer.duckdb.DuckDBProvider.generateDatabase(DuckDBProvider.java:105)
	at sqlancer.duckdb.DuckDBProvider.generateDatabase(DuckDBProvider.java:1)
	at sqlancer.ProviderAdapter.generateAndTestDatabase(ProviderAdapter.java:40)
	at sqlancer.Main$DBMSExecutor.run(Main.java:314)
	at sqlancer.Main$2.run(Main.java:495)
	at sqlancer.Main$2.runThread(Main.java:473)
	at sqlancer.Main$2.run(Main.java:463)
	at java.base/java.util.concurrent.ThreadPoolExecutor.runWorker(ThreadPoolExecutor.java:1128)
	at java.base/java.util.concurrent.ThreadPoolExecutor$Worker.run(ThreadPoolExecutor.java:628)
	at java.base/java.lang.Thread.run(Thread.java:829)
--java.lang.AssertionError
--	at sqlancer.GlobalState.getSchema(GlobalState.java:134)
--	at sqlancer.duckdb.gen.DuckDBTableGenerator.getQuery(DuckDBTableGenerator.java:25)
--	at sqlancer.duckdb.DuckDBProvider.generateDatabase(DuckDBProvider.java:105)
--	at sqlancer.duckdb.DuckDBProvider.generateDatabase(DuckDBProvider.java:1)
--	at sqlancer.ProviderAdapter.generateAndTestDatabase(ProviderAdapter.java:40)
--	at sqlancer.Main$DBMSExecutor.run(Main.java:314)
--	at sqlancer.Main$2.run(Main.java:495)
--	at sqlancer.Main$2.runThread(Main.java:473)
--	at sqlancer.Main$2.run(Main.java:463)
--	at java.base/java.util.concurrent.ThreadPoolExecutor.runWorker(ThreadPoolExecutor.java:1128)
--	at java.base/java.util.concurrent.ThreadPoolExecutor$Worker.run(ThreadPoolExecutor.java:628)
--	at java.base/java.lang.Thread.run(Thread.java:829)
--
-- Time: 2023/01/30 22:11:33
-- Database: database80
-- Database version: v0.3.1
-- seed value: 80

java.lang.AssertionError
	at sqlancer.GlobalState.getSchema(GlobalState.java:134)
	at sqlancer.duckdb.gen.DuckDBTableGenerator.getQuery(DuckDBTableGenerator.java:25)
	at sqlancer.duckdb.DuckDBProvider.generateDatabase(DuckDBProvider.java:105)
	at sqlancer.duckdb.DuckDBProvider.generateDatabase(DuckDBProvider.java:1)
	at sqlancer.ProviderAdapter.generateAndTestDatabase(ProviderAdapter.java:40)
	at sqlancer.Main$DBMSExecutor.run(Main.java:314)
	at sqlancer.Main$2.run(Main.java:495)
	at sqlancer.Main$2.runThread(Main.java:473)
	at sqlancer.Main$2.run(Main.java:463)
	at java.base/java.util.concurrent.ThreadPoolExecutor.runWorker(ThreadPoolExecutor.java:1128)
	at java.base/java.util.concurrent.ThreadPoolExecutor$Worker.run(ThreadPoolExecutor.java:628)
	at java.base/java.lang.Thread.run(Thread.java:829)
--java.lang.AssertionError
--	at sqlancer.GlobalState.getSchema(GlobalState.java:134)
--	at sqlancer.duckdb.gen.DuckDBTableGenerator.getQuery(DuckDBTableGenerator.java:25)
--	at sqlancer.duckdb.DuckDBProvider.generateDatabase(DuckDBProvider.java:105)
--	at sqlancer.duckdb.DuckDBProvider.generateDatabase(DuckDBProvider.java:1)
--	at sqlancer.ProviderAdapter.generateAndTestDatabase(ProviderAdapter.java:40)
--	at sqlancer.Main$DBMSExecutor.run(Main.java:314)
--	at sqlancer.Main$2.run(Main.java:495)
--	at sqlancer.Main$2.runThread(Main.java:473)
--	at sqlancer.Main$2.run(Main.java:463)
--	at java.base/java.util.concurrent.ThreadPoolExecutor.runWorker(ThreadPoolExecutor.java:1128)
--	at java.base/java.util.concurrent.ThreadPoolExecutor$Worker.run(ThreadPoolExecutor.java:628)
--	at java.base/java.lang.Thread.run(Thread.java:829)
--
-- Time: 2023/01/30 22:11:33
-- Database: database81
-- Database version: v0.3.1
-- seed value: 81

java.lang.AssertionError
	at sqlancer.GlobalState.getSchema(GlobalState.java:134)
	at sqlancer.duckdb.gen.DuckDBTableGenerator.getQuery(DuckDBTableGenerator.java:25)
	at sqlancer.duckdb.DuckDBProvider.generateDatabase(DuckDBProvider.java:105)
	at sqlancer.duckdb.DuckDBProvider.generateDatabase(DuckDBProvider.java:1)
	at sqlancer.ProviderAdapter.generateAndTestDatabase(ProviderAdapter.java:40)
	at sqlancer.Main$DBMSExecutor.run(Main.java:314)
	at sqlancer.Main$2.run(Main.java:495)
	at sqlancer.Main$2.runThread(Main.java:473)
	at sqlancer.Main$2.run(Main.java:463)
	at java.base/java.util.concurrent.ThreadPoolExecutor.runWorker(ThreadPoolExecutor.java:1128)
	at java.base/java.util.concurrent.ThreadPoolExecutor$Worker.run(ThreadPoolExecutor.java:628)
	at java.base/java.lang.Thread.run(Thread.java:829)
--java.lang.AssertionError
--	at sqlancer.GlobalState.getSchema(GlobalState.java:134)
--	at sqlancer.duckdb.gen.DuckDBTableGenerator.getQuery(DuckDBTableGenerator.java:25)
--	at sqlancer.duckdb.DuckDBProvider.generateDatabase(DuckDBProvider.java:105)
--	at sqlancer.duckdb.DuckDBProvider.generateDatabase(DuckDBProvider.java:1)
--	at sqlancer.ProviderAdapter.generateAndTestDatabase(ProviderAdapter.java:40)
--	at sqlancer.Main$DBMSExecutor.run(Main.java:314)
--	at sqlancer.Main$2.run(Main.java:495)
--	at sqlancer.Main$2.runThread(Main.java:473)
--	at sqlancer.Main$2.run(Main.java:463)
--	at java.base/java.util.concurrent.ThreadPoolExecutor.runWorker(ThreadPoolExecutor.java:1128)
--	at java.base/java.util.concurrent.ThreadPoolExecutor$Worker.run(ThreadPoolExecutor.java:628)
--	at java.base/java.lang.Thread.run(Thread.java:829)
--
-- Time: 2023/01/30 22:11:33
-- Database: database82
-- Database version: v0.3.1
-- seed value: 82

java.lang.AssertionError
	at sqlancer.GlobalState.getSchema(GlobalState.java:134)
	at sqlancer.duckdb.gen.DuckDBTableGenerator.getQuery(DuckDBTableGenerator.java:25)
	at sqlancer.duckdb.DuckDBProvider.generateDatabase(DuckDBProvider.java:105)
	at sqlancer.duckdb.DuckDBProvider.generateDatabase(DuckDBProvider.java:1)
	at sqlancer.ProviderAdapter.generateAndTestDatabase(ProviderAdapter.java:40)
	at sqlancer.Main$DBMSExecutor.run(Main.java:314)
	at sqlancer.Main$2.run(Main.java:495)
	at sqlancer.Main$2.runThread(Main.java:473)
	at sqlancer.Main$2.run(Main.java:463)
	at java.base/java.util.concurrent.ThreadPoolExecutor.runWorker(ThreadPoolExecutor.java:1128)
	at java.base/java.util.concurrent.ThreadPoolExecutor$Worker.run(ThreadPoolExecutor.java:628)
	at java.base/java.lang.Thread.run(Thread.java:829)
--java.lang.AssertionError
--	at sqlancer.GlobalState.getSchema(GlobalState.java:134)
--	at sqlancer.duckdb.gen.DuckDBTableGenerator.getQuery(DuckDBTableGenerator.java:25)
--	at sqlancer.duckdb.DuckDBProvider.generateDatabase(DuckDBProvider.java:105)
--	at sqlancer.duckdb.DuckDBProvider.generateDatabase(DuckDBProvider.java:1)
--	at sqlancer.ProviderAdapter.generateAndTestDatabase(ProviderAdapter.java:40)
--	at sqlancer.Main$DBMSExecutor.run(Main.java:314)
--	at sqlancer.Main$2.run(Main.java:495)
--	at sqlancer.Main$2.runThread(Main.java:473)
--	at sqlancer.Main$2.run(Main.java:463)
--	at java.base/java.util.concurrent.ThreadPoolExecutor.runWorker(ThreadPoolExecutor.java:1128)
--	at java.base/java.util.concurrent.ThreadPoolExecutor$Worker.run(ThreadPoolExecutor.java:628)
--	at java.base/java.lang.Thread.run(Thread.java:829)
--
-- Time: 2023/01/30 22:11:33
-- Database: database83
-- Database version: v0.3.1
-- seed value: 83

java.lang.AssertionError
	at sqlancer.GlobalState.getSchema(GlobalState.java:134)
	at sqlancer.duckdb.gen.DuckDBTableGenerator.getQuery(DuckDBTableGenerator.java:25)
	at sqlancer.duckdb.DuckDBProvider.generateDatabase(DuckDBProvider.java:105)
	at sqlancer.duckdb.DuckDBProvider.generateDatabase(DuckDBProvider.java:1)
	at sqlancer.ProviderAdapter.generateAndTestDatabase(ProviderAdapter.java:40)
	at sqlancer.Main$DBMSExecutor.run(Main.java:314)
	at sqlancer.Main$2.run(Main.java:495)
	at sqlancer.Main$2.runThread(Main.java:473)
	at sqlancer.Main$2.run(Main.java:463)
	at java.base/java.util.concurrent.ThreadPoolExecutor.runWorker(ThreadPoolExecutor.java:1128)
	at java.base/java.util.concurrent.ThreadPoolExecutor$Worker.run(ThreadPoolExecutor.java:628)
	at java.base/java.lang.Thread.run(Thread.java:829)
--java.lang.AssertionError
--	at sqlancer.GlobalState.getSchema(GlobalState.java:134)
--	at sqlancer.duckdb.gen.DuckDBTableGenerator.getQuery(DuckDBTableGenerator.java:25)
--	at sqlancer.duckdb.DuckDBProvider.generateDatabase(DuckDBProvider.java:105)
--	at sqlancer.duckdb.DuckDBProvider.generateDatabase(DuckDBProvider.java:1)
--	at sqlancer.ProviderAdapter.generateAndTestDatabase(ProviderAdapter.java:40)
--	at sqlancer.Main$DBMSExecutor.run(Main.java:314)
--	at sqlancer.Main$2.run(Main.java:495)
--	at sqlancer.Main$2.runThread(Main.java:473)
--	at sqlancer.Main$2.run(Main.java:463)
--	at java.base/java.util.concurrent.ThreadPoolExecutor.runWorker(ThreadPoolExecutor.java:1128)
--	at java.base/java.util.concurrent.ThreadPoolExecutor$Worker.run(ThreadPoolExecutor.java:628)
--	at java.base/java.lang.Thread.run(Thread.java:829)
--
-- Time: 2023/01/30 22:11:33
-- Database: database84
-- Database version: v0.3.1
-- seed value: 84

java.lang.AssertionError
	at sqlancer.GlobalState.getSchema(GlobalState.java:134)
	at sqlancer.duckdb.gen.DuckDBTableGenerator.getQuery(DuckDBTableGenerator.java:25)
	at sqlancer.duckdb.DuckDBProvider.generateDatabase(DuckDBProvider.java:105)
	at sqlancer.duckdb.DuckDBProvider.generateDatabase(DuckDBProvider.java:1)
	at sqlancer.ProviderAdapter.generateAndTestDatabase(ProviderAdapter.java:40)
	at sqlancer.Main$DBMSExecutor.run(Main.java:314)
	at sqlancer.Main$2.run(Main.java:495)
	at sqlancer.Main$2.runThread(Main.java:473)
	at sqlancer.Main$2.run(Main.java:463)
	at java.base/java.util.concurrent.ThreadPoolExecutor.runWorker(ThreadPoolExecutor.java:1128)
	at java.base/java.util.concurrent.ThreadPoolExecutor$Worker.run(ThreadPoolExecutor.java:628)
	at java.base/java.lang.Thread.run(Thread.java:829)
--java.lang.AssertionError
--	at sqlancer.GlobalState.getSchema(GlobalState.java:134)
--	at sqlancer.duckdb.gen.DuckDBTableGenerator.getQuery(DuckDBTableGenerator.java:25)
--	at sqlancer.duckdb.DuckDBProvider.generateDatabase(DuckDBProvider.java:105)
--	at sqlancer.duckdb.DuckDBProvider.generateDatabase(DuckDBProvider.java:1)
--	at sqlancer.ProviderAdapter.generateAndTestDatabase(ProviderAdapter.java:40)
--	at sqlancer.Main$DBMSExecutor.run(Main.java:314)
--	at sqlancer.Main$2.run(Main.java:495)
--	at sqlancer.Main$2.runThread(Main.java:473)
--	at sqlancer.Main$2.run(Main.java:463)
--	at java.base/java.util.concurrent.ThreadPoolExecutor.runWorker(ThreadPoolExecutor.java:1128)
--	at java.base/java.util.concurrent.ThreadPoolExecutor$Worker.run(ThreadPoolExecutor.java:628)
--	at java.base/java.lang.Thread.run(Thread.java:829)
--
-- Time: 2023/01/30 22:11:33
-- Database: database85
-- Database version: v0.3.1
-- seed value: 85

java.lang.AssertionError
	at sqlancer.GlobalState.getSchema(GlobalState.java:134)
	at sqlancer.duckdb.gen.DuckDBTableGenerator.getQuery(DuckDBTableGenerator.java:25)
	at sqlancer.duckdb.DuckDBProvider.generateDatabase(DuckDBProvider.java:105)
	at sqlancer.duckdb.DuckDBProvider.generateDatabase(DuckDBProvider.java:1)
	at sqlancer.ProviderAdapter.generateAndTestDatabase(ProviderAdapter.java:40)
	at sqlancer.Main$DBMSExecutor.run(Main.java:314)
	at sqlancer.Main$2.run(Main.java:495)
	at sqlancer.Main$2.runThread(Main.java:473)
	at sqlancer.Main$2.run(Main.java:463)
	at java.base/java.util.concurrent.ThreadPoolExecutor.runWorker(ThreadPoolExecutor.java:1128)
	at java.base/java.util.concurrent.ThreadPoolExecutor$Worker.run(ThreadPoolExecutor.java:628)
	at java.base/java.lang.Thread.run(Thread.java:829)
--java.lang.AssertionError
--	at sqlancer.GlobalState.getSchema(GlobalState.java:134)
--	at sqlancer.duckdb.gen.DuckDBTableGenerator.getQuery(DuckDBTableGenerator.java:25)
--	at sqlancer.duckdb.DuckDBProvider.generateDatabase(DuckDBProvider.java:105)
--	at sqlancer.duckdb.DuckDBProvider.generateDatabase(DuckDBProvider.java:1)
--	at sqlancer.ProviderAdapter.generateAndTestDatabase(ProviderAdapter.java:40)
--	at sqlancer.Main$DBMSExecutor.run(Main.java:314)
--	at sqlancer.Main$2.run(Main.java:495)
--	at sqlancer.Main$2.runThread(Main.java:473)
--	at sqlancer.Main$2.run(Main.java:463)
--	at java.base/java.util.concurrent.ThreadPoolExecutor.runWorker(ThreadPoolExecutor.java:1128)
--	at java.base/java.util.concurrent.ThreadPoolExecutor$Worker.run(ThreadPoolExecutor.java:628)
--	at java.base/java.lang.Thread.run(Thread.java:829)
--
-- Time: 2023/01/30 22:11:33
-- Database: database86
-- Database version: v0.3.1
-- seed value: 86

java.lang.AssertionError
	at sqlancer.GlobalState.getSchema(GlobalState.java:134)
	at sqlancer.duckdb.gen.DuckDBTableGenerator.getQuery(DuckDBTableGenerator.java:25)
	at sqlancer.duckdb.DuckDBProvider.generateDatabase(DuckDBProvider.java:105)
	at sqlancer.duckdb.DuckDBProvider.generateDatabase(DuckDBProvider.java:1)
	at sqlancer.ProviderAdapter.generateAndTestDatabase(ProviderAdapter.java:40)
	at sqlancer.Main$DBMSExecutor.run(Main.java:314)
	at sqlancer.Main$2.run(Main.java:495)
	at sqlancer.Main$2.runThread(Main.java:473)
	at sqlancer.Main$2.run(Main.java:463)
	at java.base/java.util.concurrent.ThreadPoolExecutor.runWorker(ThreadPoolExecutor.java:1128)
	at java.base/java.util.concurrent.ThreadPoolExecutor$Worker.run(ThreadPoolExecutor.java:628)
	at java.base/java.lang.Thread.run(Thread.java:829)
--java.lang.AssertionError
--	at sqlancer.GlobalState.getSchema(GlobalState.java:134)
--	at sqlancer.duckdb.gen.DuckDBTableGenerator.getQuery(DuckDBTableGenerator.java:25)
--	at sqlancer.duckdb.DuckDBProvider.generateDatabase(DuckDBProvider.java:105)
--	at sqlancer.duckdb.DuckDBProvider.generateDatabase(DuckDBProvider.java:1)
--	at sqlancer.ProviderAdapter.generateAndTestDatabase(ProviderAdapter.java:40)
--	at sqlancer.Main$DBMSExecutor.run(Main.java:314)
--	at sqlancer.Main$2.run(Main.java:495)
--	at sqlancer.Main$2.runThread(Main.java:473)
--	at sqlancer.Main$2.run(Main.java:463)
--	at java.base/java.util.concurrent.ThreadPoolExecutor.runWorker(ThreadPoolExecutor.java:1128)
--	at java.base/java.util.concurrent.ThreadPoolExecutor$Worker.run(ThreadPoolExecutor.java:628)
--	at java.base/java.lang.Thread.run(Thread.java:829)
--
-- Time: 2023/01/30 22:11:33
-- Database: database87
-- Database version: v0.3.1
-- seed value: 87

java.lang.AssertionError
	at sqlancer.GlobalState.getSchema(GlobalState.java:134)
	at sqlancer.duckdb.gen.DuckDBTableGenerator.getQuery(DuckDBTableGenerator.java:25)
	at sqlancer.duckdb.DuckDBProvider.generateDatabase(DuckDBProvider.java:105)
	at sqlancer.duckdb.DuckDBProvider.generateDatabase(DuckDBProvider.java:1)
	at sqlancer.ProviderAdapter.generateAndTestDatabase(ProviderAdapter.java:40)
	at sqlancer.Main$DBMSExecutor.run(Main.java:314)
	at sqlancer.Main$2.run(Main.java:495)
	at sqlancer.Main$2.runThread(Main.java:473)
	at sqlancer.Main$2.run(Main.java:463)
	at java.base/java.util.concurrent.ThreadPoolExecutor.runWorker(ThreadPoolExecutor.java:1128)
	at java.base/java.util.concurrent.ThreadPoolExecutor$Worker.run(ThreadPoolExecutor.java:628)
	at java.base/java.lang.Thread.run(Thread.java:829)
--java.lang.AssertionError
--	at sqlancer.GlobalState.getSchema(GlobalState.java:134)
--	at sqlancer.duckdb.gen.DuckDBTableGenerator.getQuery(DuckDBTableGenerator.java:25)
--	at sqlancer.duckdb.DuckDBProvider.generateDatabase(DuckDBProvider.java:105)
--	at sqlancer.duckdb.DuckDBProvider.generateDatabase(DuckDBProvider.java:1)
--	at sqlancer.ProviderAdapter.generateAndTestDatabase(ProviderAdapter.java:40)
--	at sqlancer.Main$DBMSExecutor.run(Main.java:314)
--	at sqlancer.Main$2.run(Main.java:495)
--	at sqlancer.Main$2.runThread(Main.java:473)
--	at sqlancer.Main$2.run(Main.java:463)
--	at java.base/java.util.concurrent.ThreadPoolExecutor.runWorker(ThreadPoolExecutor.java:1128)
--	at java.base/java.util.concurrent.ThreadPoolExecutor$Worker.run(ThreadPoolExecutor.java:628)
--	at java.base/java.lang.Thread.run(Thread.java:829)
--
-- Time: 2023/01/30 22:11:33
-- Database: database88
-- Database version: v0.3.1
-- seed value: 88

java.lang.AssertionError
	at sqlancer.GlobalState.getSchema(GlobalState.java:134)
	at sqlancer.duckdb.gen.DuckDBTableGenerator.getQuery(DuckDBTableGenerator.java:25)
	at sqlancer.duckdb.DuckDBProvider.generateDatabase(DuckDBProvider.java:105)
	at sqlancer.duckdb.DuckDBProvider.generateDatabase(DuckDBProvider.java:1)
	at sqlancer.ProviderAdapter.generateAndTestDatabase(ProviderAdapter.java:40)
	at sqlancer.Main$DBMSExecutor.run(Main.java:314)
	at sqlancer.Main$2.run(Main.java:495)
	at sqlancer.Main$2.runThread(Main.java:473)
	at sqlancer.Main$2.run(Main.java:463)
	at java.base/java.util.concurrent.ThreadPoolExecutor.runWorker(ThreadPoolExecutor.java:1128)
	at java.base/java.util.concurrent.ThreadPoolExecutor$Worker.run(ThreadPoolExecutor.java:628)
	at java.base/java.lang.Thread.run(Thread.java:829)
--java.lang.AssertionError
--	at sqlancer.GlobalState.getSchema(GlobalState.java:134)
--	at sqlancer.duckdb.gen.DuckDBTableGenerator.getQuery(DuckDBTableGenerator.java:25)
--	at sqlancer.duckdb.DuckDBProvider.generateDatabase(DuckDBProvider.java:105)
--	at sqlancer.duckdb.DuckDBProvider.generateDatabase(DuckDBProvider.java:1)
--	at sqlancer.ProviderAdapter.generateAndTestDatabase(ProviderAdapter.java:40)
--	at sqlancer.Main$DBMSExecutor.run(Main.java:314)
--	at sqlancer.Main$2.run(Main.java:495)
--	at sqlancer.Main$2.runThread(Main.java:473)
--	at sqlancer.Main$2.run(Main.java:463)
--	at java.base/java.util.concurrent.ThreadPoolExecutor.runWorker(ThreadPoolExecutor.java:1128)
--	at java.base/java.util.concurrent.ThreadPoolExecutor$Worker.run(ThreadPoolExecutor.java:628)
--	at java.base/java.lang.Thread.run(Thread.java:829)
--
-- Time: 2023/01/30 22:11:33
-- Database: database89
-- Database version: v0.3.1
-- seed value: 89

java.lang.AssertionError
	at sqlancer.GlobalState.getSchema(GlobalState.java:134)
	at sqlancer.duckdb.gen.DuckDBTableGenerator.getQuery(DuckDBTableGenerator.java:25)
	at sqlancer.duckdb.DuckDBProvider.generateDatabase(DuckDBProvider.java:105)
	at sqlancer.duckdb.DuckDBProvider.generateDatabase(DuckDBProvider.java:1)
	at sqlancer.ProviderAdapter.generateAndTestDatabase(ProviderAdapter.java:40)
	at sqlancer.Main$DBMSExecutor.run(Main.java:314)
	at sqlancer.Main$2.run(Main.java:495)
	at sqlancer.Main$2.runThread(Main.java:473)
	at sqlancer.Main$2.run(Main.java:463)
	at java.base/java.util.concurrent.ThreadPoolExecutor.runWorker(ThreadPoolExecutor.java:1128)
	at java.base/java.util.concurrent.ThreadPoolExecutor$Worker.run(ThreadPoolExecutor.java:628)
	at java.base/java.lang.Thread.run(Thread.java:829)
--java.lang.AssertionError
--	at sqlancer.GlobalState.getSchema(GlobalState.java:134)
--	at sqlancer.duckdb.gen.DuckDBTableGenerator.getQuery(DuckDBTableGenerator.java:25)
--	at sqlancer.duckdb.DuckDBProvider.generateDatabase(DuckDBProvider.java:105)
--	at sqlancer.duckdb.DuckDBProvider.generateDatabase(DuckDBProvider.java:1)
--	at sqlancer.ProviderAdapter.generateAndTestDatabase(ProviderAdapter.java:40)
--	at sqlancer.Main$DBMSExecutor.run(Main.java:314)
--	at sqlancer.Main$2.run(Main.java:495)
--	at sqlancer.Main$2.runThread(Main.java:473)
--	at sqlancer.Main$2.run(Main.java:463)
--	at java.base/java.util.concurrent.ThreadPoolExecutor.runWorker(ThreadPoolExecutor.java:1128)
--	at java.base/java.util.concurrent.ThreadPoolExecutor$Worker.run(ThreadPoolExecutor.java:628)
--	at java.base/java.lang.Thread.run(Thread.java:829)
--
-- Time: 2023/01/30 22:11:33
-- Database: database90
-- Database version: v0.3.1
-- seed value: 90

java.lang.AssertionError
	at sqlancer.GlobalState.getSchema(GlobalState.java:134)
	at sqlancer.duckdb.gen.DuckDBTableGenerator.getQuery(DuckDBTableGenerator.java:25)
	at sqlancer.duckdb.DuckDBProvider.generateDatabase(DuckDBProvider.java:105)
	at sqlancer.duckdb.DuckDBProvider.generateDatabase(DuckDBProvider.java:1)
	at sqlancer.ProviderAdapter.generateAndTestDatabase(ProviderAdapter.java:40)
	at sqlancer.Main$DBMSExecutor.run(Main.java:314)
	at sqlancer.Main$2.run(Main.java:495)
	at sqlancer.Main$2.runThread(Main.java:473)
	at sqlancer.Main$2.run(Main.java:463)
	at java.base/java.util.concurrent.ThreadPoolExecutor.runWorker(ThreadPoolExecutor.java:1128)
	at java.base/java.util.concurrent.ThreadPoolExecutor$Worker.run(ThreadPoolExecutor.java:628)
	at java.base/java.lang.Thread.run(Thread.java:829)
--java.lang.AssertionError
--	at sqlancer.GlobalState.getSchema(GlobalState.java:134)
--	at sqlancer.duckdb.gen.DuckDBTableGenerator.getQuery(DuckDBTableGenerator.java:25)
--	at sqlancer.duckdb.DuckDBProvider.generateDatabase(DuckDBProvider.java:105)
--	at sqlancer.duckdb.DuckDBProvider.generateDatabase(DuckDBProvider.java:1)
--	at sqlancer.ProviderAdapter.generateAndTestDatabase(ProviderAdapter.java:40)
--	at sqlancer.Main$DBMSExecutor.run(Main.java:314)
--	at sqlancer.Main$2.run(Main.java:495)
--	at sqlancer.Main$2.runThread(Main.java:473)
--	at sqlancer.Main$2.run(Main.java:463)
--	at java.base/java.util.concurrent.ThreadPoolExecutor.runWorker(ThreadPoolExecutor.java:1128)
--	at java.base/java.util.concurrent.ThreadPoolExecutor$Worker.run(ThreadPoolExecutor.java:628)
--	at java.base/java.lang.Thread.run(Thread.java:829)
--
-- Time: 2023/01/30 22:11:33
-- Database: database91
-- Database version: v0.3.1
-- seed value: 91

java.lang.AssertionError
	at sqlancer.GlobalState.getSchema(GlobalState.java:134)
	at sqlancer.duckdb.gen.DuckDBTableGenerator.getQuery(DuckDBTableGenerator.java:25)
	at sqlancer.duckdb.DuckDBProvider.generateDatabase(DuckDBProvider.java:105)
	at sqlancer.duckdb.DuckDBProvider.generateDatabase(DuckDBProvider.java:1)
	at sqlancer.ProviderAdapter.generateAndTestDatabase(ProviderAdapter.java:40)
	at sqlancer.Main$DBMSExecutor.run(Main.java:314)
	at sqlancer.Main$2.run(Main.java:495)
	at sqlancer.Main$2.runThread(Main.java:473)
	at sqlancer.Main$2.run(Main.java:463)
	at java.base/java.util.concurrent.ThreadPoolExecutor.runWorker(ThreadPoolExecutor.java:1128)
	at java.base/java.util.concurrent.ThreadPoolExecutor$Worker.run(ThreadPoolExecutor.java:628)
	at java.base/java.lang.Thread.run(Thread.java:829)
--java.lang.AssertionError
--	at sqlancer.GlobalState.getSchema(GlobalState.java:134)
--	at sqlancer.duckdb.gen.DuckDBTableGenerator.getQuery(DuckDBTableGenerator.java:25)
--	at sqlancer.duckdb.DuckDBProvider.generateDatabase(DuckDBProvider.java:105)
--	at sqlancer.duckdb.DuckDBProvider.generateDatabase(DuckDBProvider.java:1)
--	at sqlancer.ProviderAdapter.generateAndTestDatabase(ProviderAdapter.java:40)
--	at sqlancer.Main$DBMSExecutor.run(Main.java:314)
--	at sqlancer.Main$2.run(Main.java:495)
--	at sqlancer.Main$2.runThread(Main.java:473)
--	at sqlancer.Main$2.run(Main.java:463)
--	at java.base/java.util.concurrent.ThreadPoolExecutor.runWorker(ThreadPoolExecutor.java:1128)
--	at java.base/java.util.concurrent.ThreadPoolExecutor$Worker.run(ThreadPoolExecutor.java:628)
--	at java.base/java.lang.Thread.run(Thread.java:829)
--
-- Time: 2023/01/30 22:11:33
-- Database: database92
-- Database version: v0.3.1
-- seed value: 92

java.lang.AssertionError
	at sqlancer.GlobalState.getSchema(GlobalState.java:134)
	at sqlancer.duckdb.gen.DuckDBTableGenerator.getQuery(DuckDBTableGenerator.java:25)
	at sqlancer.duckdb.DuckDBProvider.generateDatabase(DuckDBProvider.java:105)
	at sqlancer.duckdb.DuckDBProvider.generateDatabase(DuckDBProvider.java:1)
	at sqlancer.ProviderAdapter.generateAndTestDatabase(ProviderAdapter.java:40)
	at sqlancer.Main$DBMSExecutor.run(Main.java:314)
	at sqlancer.Main$2.run(Main.java:495)
	at sqlancer.Main$2.runThread(Main.java:473)
	at sqlancer.Main$2.run(Main.java:463)
	at java.base/java.util.concurrent.ThreadPoolExecutor.runWorker(ThreadPoolExecutor.java:1128)
	at java.base/java.util.concurrent.ThreadPoolExecutor$Worker.run(ThreadPoolExecutor.java:628)
	at java.base/java.lang.Thread.run(Thread.java:829)
--java.lang.AssertionError
--	at sqlancer.GlobalState.getSchema(GlobalState.java:134)
--	at sqlancer.duckdb.gen.DuckDBTableGenerator.getQuery(DuckDBTableGenerator.java:25)
--	at sqlancer.duckdb.DuckDBProvider.generateDatabase(DuckDBProvider.java:105)
--	at sqlancer.duckdb.DuckDBProvider.generateDatabase(DuckDBProvider.java:1)
--	at sqlancer.ProviderAdapter.generateAndTestDatabase(ProviderAdapter.java:40)
--	at sqlancer.Main$DBMSExecutor.run(Main.java:314)
--	at sqlancer.Main$2.run(Main.java:495)
--	at sqlancer.Main$2.runThread(Main.java:473)
--	at sqlancer.Main$2.run(Main.java:463)
--	at java.base/java.util.concurrent.ThreadPoolExecutor.runWorker(ThreadPoolExecutor.java:1128)
--	at java.base/java.util.concurrent.ThreadPoolExecutor$Worker.run(ThreadPoolExecutor.java:628)
--	at java.base/java.lang.Thread.run(Thread.java:829)
--
-- Time: 2023/01/30 22:11:33
-- Database: database93
-- Database version: v0.3.1
-- seed value: 93

java.lang.AssertionError
	at sqlancer.GlobalState.getSchema(GlobalState.java:134)
	at sqlancer.duckdb.gen.DuckDBTableGenerator.getQuery(DuckDBTableGenerator.java:25)
	at sqlancer.duckdb.DuckDBProvider.generateDatabase(DuckDBProvider.java:105)
	at sqlancer.duckdb.DuckDBProvider.generateDatabase(DuckDBProvider.java:1)
	at sqlancer.ProviderAdapter.generateAndTestDatabase(ProviderAdapter.java:40)
	at sqlancer.Main$DBMSExecutor.run(Main.java:314)
	at sqlancer.Main$2.run(Main.java:495)
	at sqlancer.Main$2.runThread(Main.java:473)
	at sqlancer.Main$2.run(Main.java:463)
	at java.base/java.util.concurrent.ThreadPoolExecutor.runWorker(ThreadPoolExecutor.java:1128)
	at java.base/java.util.concurrent.ThreadPoolExecutor$Worker.run(ThreadPoolExecutor.java:628)
	at java.base/java.lang.Thread.run(Thread.java:829)
--java.lang.AssertionError
--	at sqlancer.GlobalState.getSchema(GlobalState.java:134)
--	at sqlancer.duckdb.gen.DuckDBTableGenerator.getQuery(DuckDBTableGenerator.java:25)
--	at sqlancer.duckdb.DuckDBProvider.generateDatabase(DuckDBProvider.java:105)
--	at sqlancer.duckdb.DuckDBProvider.generateDatabase(DuckDBProvider.java:1)
--	at sqlancer.ProviderAdapter.generateAndTestDatabase(ProviderAdapter.java:40)
--	at sqlancer.Main$DBMSExecutor.run(Main.java:314)
--	at sqlancer.Main$2.run(Main.java:495)
--	at sqlancer.Main$2.runThread(Main.java:473)
--	at sqlancer.Main$2.run(Main.java:463)
--	at java.base/java.util.concurrent.ThreadPoolExecutor.runWorker(ThreadPoolExecutor.java:1128)
--	at java.base/java.util.concurrent.ThreadPoolExecutor$Worker.run(ThreadPoolExecutor.java:628)
--	at java.base/java.lang.Thread.run(Thread.java:829)
--
-- Time: 2023/01/30 22:11:33
-- Database: database94
-- Database version: v0.3.1
-- seed value: 94

java.lang.AssertionError
	at sqlancer.GlobalState.getSchema(GlobalState.java:134)
	at sqlancer.duckdb.gen.DuckDBTableGenerator.getQuery(DuckDBTableGenerator.java:25)
	at sqlancer.duckdb.DuckDBProvider.generateDatabase(DuckDBProvider.java:105)
	at sqlancer.duckdb.DuckDBProvider.generateDatabase(DuckDBProvider.java:1)
	at sqlancer.ProviderAdapter.generateAndTestDatabase(ProviderAdapter.java:40)
	at sqlancer.Main$DBMSExecutor.run(Main.java:314)
	at sqlancer.Main$2.run(Main.java:495)
	at sqlancer.Main$2.runThread(Main.java:473)
	at sqlancer.Main$2.run(Main.java:463)
	at java.base/java.util.concurrent.ThreadPoolExecutor.runWorker(ThreadPoolExecutor.java:1128)
	at java.base/java.util.concurrent.ThreadPoolExecutor$Worker.run(ThreadPoolExecutor.java:628)
	at java.base/java.lang.Thread.run(Thread.java:829)
--java.lang.AssertionError
--	at sqlancer.GlobalState.getSchema(GlobalState.java:134)
--	at sqlancer.duckdb.gen.DuckDBTableGenerator.getQuery(DuckDBTableGenerator.java:25)
--	at sqlancer.duckdb.DuckDBProvider.generateDatabase(DuckDBProvider.java:105)
--	at sqlancer.duckdb.DuckDBProvider.generateDatabase(DuckDBProvider.java:1)
--	at sqlancer.ProviderAdapter.generateAndTestDatabase(ProviderAdapter.java:40)
--	at sqlancer.Main$DBMSExecutor.run(Main.java:314)
--	at sqlancer.Main$2.run(Main.java:495)
--	at sqlancer.Main$2.runThread(Main.java:473)
--	at sqlancer.Main$2.run(Main.java:463)
--	at java.base/java.util.concurrent.ThreadPoolExecutor.runWorker(ThreadPoolExecutor.java:1128)
--	at java.base/java.util.concurrent.ThreadPoolExecutor$Worker.run(ThreadPoolExecutor.java:628)
--	at java.base/java.lang.Thread.run(Thread.java:829)
--
-- Time: 2023/01/30 22:11:33
-- Database: database95
-- Database version: v0.3.1
-- seed value: 95

java.lang.AssertionError
	at sqlancer.GlobalState.getSchema(GlobalState.java:134)
	at sqlancer.duckdb.gen.DuckDBTableGenerator.getQuery(DuckDBTableGenerator.java:25)
	at sqlancer.duckdb.DuckDBProvider.generateDatabase(DuckDBProvider.java:105)
	at sqlancer.duckdb.DuckDBProvider.generateDatabase(DuckDBProvider.java:1)
	at sqlancer.ProviderAdapter.generateAndTestDatabase(ProviderAdapter.java:40)
	at sqlancer.Main$DBMSExecutor.run(Main.java:314)
	at sqlancer.Main$2.run(Main.java:495)
	at sqlancer.Main$2.runThread(Main.java:473)
	at sqlancer.Main$2.run(Main.java:463)
	at java.base/java.util.concurrent.ThreadPoolExecutor.runWorker(ThreadPoolExecutor.java:1128)
	at java.base/java.util.concurrent.ThreadPoolExecutor$Worker.run(ThreadPoolExecutor.java:628)
	at java.base/java.lang.Thread.run(Thread.java:829)
--java.lang.AssertionError
--	at sqlancer.GlobalState.getSchema(GlobalState.java:134)
--	at sqlancer.duckdb.gen.DuckDBTableGenerator.getQuery(DuckDBTableGenerator.java:25)
--	at sqlancer.duckdb.DuckDBProvider.generateDatabase(DuckDBProvider.java:105)
--	at sqlancer.duckdb.DuckDBProvider.generateDatabase(DuckDBProvider.java:1)
--	at sqlancer.ProviderAdapter.generateAndTestDatabase(ProviderAdapter.java:40)
--	at sqlancer.Main$DBMSExecutor.run(Main.java:314)
--	at sqlancer.Main$2.run(Main.java:495)
--	at sqlancer.Main$2.runThread(Main.java:473)
--	at sqlancer.Main$2.run(Main.java:463)
--	at java.base/java.util.concurrent.ThreadPoolExecutor.runWorker(ThreadPoolExecutor.java:1128)
--	at java.base/java.util.concurrent.ThreadPoolExecutor$Worker.run(ThreadPoolExecutor.java:628)
--	at java.base/java.lang.Thread.run(Thread.java:829)
--
-- Time: 2023/01/30 22:11:33
-- Database: database96
-- Database version: v0.3.1
-- seed value: 96

java.lang.AssertionError
	at sqlancer.GlobalState.getSchema(GlobalState.java:134)
	at sqlancer.duckdb.gen.DuckDBTableGenerator.getQuery(DuckDBTableGenerator.java:25)
	at sqlancer.duckdb.DuckDBProvider.generateDatabase(DuckDBProvider.java:105)
	at sqlancer.duckdb.DuckDBProvider.generateDatabase(DuckDBProvider.java:1)
	at sqlancer.ProviderAdapter.generateAndTestDatabase(ProviderAdapter.java:40)
	at sqlancer.Main$DBMSExecutor.run(Main.java:314)
	at sqlancer.Main$2.run(Main.java:495)
	at sqlancer.Main$2.runThread(Main.java:473)
	at sqlancer.Main$2.run(Main.java:463)
	at java.base/java.util.concurrent.ThreadPoolExecutor.runWorker(ThreadPoolExecutor.java:1128)
	at java.base/java.util.concurrent.ThreadPoolExecutor$Worker.run(ThreadPoolExecutor.java:628)
	at java.base/java.lang.Thread.run(Thread.java:829)
--java.lang.AssertionError
--	at sqlancer.GlobalState.getSchema(GlobalState.java:134)
--	at sqlancer.duckdb.gen.DuckDBTableGenerator.getQuery(DuckDBTableGenerator.java:25)
--	at sqlancer.duckdb.DuckDBProvider.generateDatabase(DuckDBProvider.java:105)
--	at sqlancer.duckdb.DuckDBProvider.generateDatabase(DuckDBProvider.java:1)
--	at sqlancer.ProviderAdapter.generateAndTestDatabase(ProviderAdapter.java:40)
--	at sqlancer.Main$DBMSExecutor.run(Main.java:314)
--	at sqlancer.Main$2.run(Main.java:495)
--	at sqlancer.Main$2.runThread(Main.java:473)
--	at sqlancer.Main$2.run(Main.java:463)
--	at java.base/java.util.concurrent.ThreadPoolExecutor.runWorker(ThreadPoolExecutor.java:1128)
--	at java.base/java.util.concurrent.ThreadPoolExecutor$Worker.run(ThreadPoolExecutor.java:628)
--	at java.base/java.lang.Thread.run(Thread.java:829)
--
-- Time: 2023/01/30 22:11:33
-- Database: database97
-- Database version: v0.3.1
-- seed value: 97

java.lang.AssertionError
	at sqlancer.GlobalState.getSchema(GlobalState.java:134)
	at sqlancer.duckdb.gen.DuckDBTableGenerator.getQuery(DuckDBTableGenerator.java:25)
	at sqlancer.duckdb.DuckDBProvider.generateDatabase(DuckDBProvider.java:105)
	at sqlancer.duckdb.DuckDBProvider.generateDatabase(DuckDBProvider.java:1)
	at sqlancer.ProviderAdapter.generateAndTestDatabase(ProviderAdapter.java:40)
	at sqlancer.Main$DBMSExecutor.run(Main.java:314)
	at sqlancer.Main$2.run(Main.java:495)
	at sqlancer.Main$2.runThread(Main.java:473)
	at sqlancer.Main$2.run(Main.java:463)
	at java.base/java.util.concurrent.ThreadPoolExecutor.runWorker(ThreadPoolExecutor.java:1128)
	at java.base/java.util.concurrent.ThreadPoolExecutor$Worker.run(ThreadPoolExecutor.java:628)
	at java.base/java.lang.Thread.run(Thread.java:829)
--java.lang.AssertionError
--	at sqlancer.GlobalState.getSchema(GlobalState.java:134)
--	at sqlancer.duckdb.gen.DuckDBTableGenerator.getQuery(DuckDBTableGenerator.java:25)
--	at sqlancer.duckdb.DuckDBProvider.generateDatabase(DuckDBProvider.java:105)
--	at sqlancer.duckdb.DuckDBProvider.generateDatabase(DuckDBProvider.java:1)
--	at sqlancer.ProviderAdapter.generateAndTestDatabase(ProviderAdapter.java:40)
--	at sqlancer.Main$DBMSExecutor.run(Main.java:314)
--	at sqlancer.Main$2.run(Main.java:495)
--	at sqlancer.Main$2.runThread(Main.java:473)
--	at sqlancer.Main$2.run(Main.java:463)
--	at java.base/java.util.concurrent.ThreadPoolExecutor.runWorker(ThreadPoolExecutor.java:1128)
--	at java.base/java.util.concurrent.ThreadPoolExecutor$Worker.run(ThreadPoolExecutor.java:628)
--	at java.base/java.lang.Thread.run(Thread.java:829)
--
-- Time: 2023/01/30 22:11:33
-- Database: database98
-- Database version: v0.3.1
-- seed value: 98

java.lang.AssertionError
	at sqlancer.GlobalState.getSchema(GlobalState.java:134)
	at sqlancer.duckdb.gen.DuckDBTableGenerator.getQuery(DuckDBTableGenerator.java:25)
	at sqlancer.duckdb.DuckDBProvider.generateDatabase(DuckDBProvider.java:105)
	at sqlancer.duckdb.DuckDBProvider.generateDatabase(DuckDBProvider.java:1)
	at sqlancer.ProviderAdapter.generateAndTestDatabase(ProviderAdapter.java:40)
	at sqlancer.Main$DBMSExecutor.run(Main.java:314)
	at sqlancer.Main$2.run(Main.java:495)
	at sqlancer.Main$2.runThread(Main.java:473)
	at sqlancer.Main$2.run(Main.java:463)
	at java.base/java.util.concurrent.ThreadPoolExecutor.runWorker(ThreadPoolExecutor.java:1128)
	at java.base/java.util.concurrent.ThreadPoolExecutor$Worker.run(ThreadPoolExecutor.java:628)
	at java.base/java.lang.Thread.run(Thread.java:829)
--java.lang.AssertionError
--	at sqlancer.GlobalState.getSchema(GlobalState.java:134)
--	at sqlancer.duckdb.gen.DuckDBTableGenerator.getQuery(DuckDBTableGenerator.java:25)
--	at sqlancer.duckdb.DuckDBProvider.generateDatabase(DuckDBProvider.java:105)
--	at sqlancer.duckdb.DuckDBProvider.generateDatabase(DuckDBProvider.java:1)
--	at sqlancer.ProviderAdapter.generateAndTestDatabase(ProviderAdapter.java:40)
--	at sqlancer.Main$DBMSExecutor.run(Main.java:314)
--	at sqlancer.Main$2.run(Main.java:495)
--	at sqlancer.Main$2.runThread(Main.java:473)
--	at sqlancer.Main$2.run(Main.java:463)
--	at java.base/java.util.concurrent.ThreadPoolExecutor.runWorker(ThreadPoolExecutor.java:1128)
--	at java.base/java.util.concurrent.ThreadPoolExecutor$Worker.run(ThreadPoolExecutor.java:628)
--	at java.base/java.lang.Thread.run(Thread.java:829)
--
-- Time: 2023/01/30 22:11:33
-- Database: database99
-- Database version: v0.3.1
-- seed value: 99

[ERROR] Tests run: 1, Failures: 1, Errors: 0, Skipped: 0, Time elapsed: 0.848 s <<< FAILURE! - in sqlancer.dbms.TestDuckDB
[ERROR] testDuckDB  Time elapsed: 0.847 s  <<< FAILURE!
org.opentest4j.AssertionFailedError: expected: <0> but was: <-1>
	at sqlancer.dbms.TestDuckDB.testDuckDB(TestDuckDB.java:14)

[INFO] Running sqlancer.dbms.TestCockroachDB
[WARNING] Tests run: 1, Failures: 0, Errors: 0, Skipped: 1, Time elapsed: 0 s - in sqlancer.dbms.TestCockroachDB
[INFO] Running sqlancer.dbms.TestOceanBaseTLP
[WARNING] Tests run: 1, Failures: 0, Errors: 0, Skipped: 1, Time elapsed: 0 s - in sqlancer.dbms.TestOceanBaseTLP
[INFO] Running sqlancer.dbms.TestH2
[WARNING] Tests run: 1, Failures: 0, Errors: 0, Skipped: 1, Time elapsed: 0 s - in sqlancer.dbms.TestH2
[INFO] Running sqlancer.dbms.TestMariaDB
[WARNING] Tests run: 1, Failures: 0, Errors: 0, Skipped: 1, Time elapsed: 0 s - in sqlancer.dbms.TestMariaDB
[INFO] Running sqlancer.dbms.TestClickHouse
[WARNING] Tests run: 6, Failures: 0, Errors: 0, Skipped: 6, Time elapsed: 0 s - in sqlancer.dbms.TestClickHouse
[INFO] Running sqlancer.dbms.TestMySQLPQS
[WARNING] Tests run: 1, Failures: 0, Errors: 0, Skipped: 1, Time elapsed: 0 s - in sqlancer.dbms.TestMySQLPQS
[INFO] Running sqlancer.dbms.TestOceanBasePQS
[WARNING] Tests run: 1, Failures: 0, Errors: 0, Skipped: 1, Time elapsed: 0 s - in sqlancer.dbms.TestOceanBasePQS
[INFO] Running sqlancer.dbms.TestSQLitePQS
[2023/01/30 22:11:37] Executed 6258 queries (1251 queries/s; 20.20/s dbs, successful statements: 61%). Threads shut down: 100.
[2023/01/30 22:11:42] Executed 15606 queries (1869 queries/s; 22.60/s dbs, successful statements: 61%). Threads shut down: 100.
[2023/01/30 22:11:47] Executed 26421 queries (2163 queries/s; 20.60/s dbs, successful statements: 61%). Threads shut down: 100.
[2023/01/30 22:11:52] Executed 37410 queries (2198 queries/s; 21.00/s dbs, successful statements: 61%). Threads shut down: 100.
[2023/01/30 22:11:57] Executed 47465 queries (2011 queries/s; 14.60/s dbs, successful statements: 61%). Threads shut down: 100.
[2023/01/30 22:12:02] Executed 57803 queries (2068 queries/s; 18.00/s dbs, successful statements: 61%). Threads shut down: 100.
[2023/01/30 22:12:07] Executed 67717 queries (1983 queries/s; 22.20/s dbs, successful statements: 61%). Threads shut down: 100.
[2023/01/30 22:12:12] Executed 79807 queries (2418 queries/s; 30.01/s dbs, successful statements: 61%). Threads shut down: 100.
[2023/01/30 22:12:17] Executed 88850 queries (1808 queries/s; 21.20/s dbs, successful statements: 61%). Threads shut down: 100.
[2023/01/30 22:12:22] Executed 98958 queries (2022 queries/s; 24.40/s dbs, successful statements: 61%). Threads shut down: 100.
[2023/01/30 22:12:27] Executed 109394 queries (2087 queries/s; 28.41/s dbs, successful statements: 62%). Threads shut down: 100.
[2023/01/30 22:12:32] Executed 119652 queries (2052 queries/s; 21.40/s dbs, successful statements: 62%). Threads shut down: 100.
[2023/01/30 22:12:37] Executed 129917 queries (2053 queries/s; 24.80/s dbs, successful statements: 62%). Threads shut down: 100.
[2023/01/30 22:12:42] Executed 140770 queries (2171 queries/s; 30.61/s dbs, successful statements: 62%). Threads shut down: 100.
[2023/01/30 22:12:47] Executed 150819 queries (2009 queries/s; 14.80/s dbs, successful statements: 62%). Threads shut down: 100.
[2023/01/30 22:12:52] Executed 159738 queries (1784 queries/s; 25.41/s dbs, successful statements: 62%). Threads shut down: 100.
[2023/01/30 22:12:57] Executed 172193 queries (2491 queries/s; 26.81/s dbs, successful statements: 62%). Threads shut down: 100.
[2023/01/30 22:13:02] Executed 181440 queries (1849 queries/s; 24.00/s dbs, successful statements: 62%). Threads shut down: 100.
[2023/01/30 22:13:07] Executed 191741 queries (2060 queries/s; 26.41/s dbs, successful statements: 62%). Threads shut down: 100.
[2023/01/30 22:13:12] Executed 201886 queries (2029 queries/s; 23.60/s dbs, successful statements: 62%). Threads shut down: 100.
[2023/01/30 22:13:17] Executed 210534 queries (1729 queries/s; 12.20/s dbs, successful statements: 62%). Threads shut down: 100.
[2023/01/30 22:13:22] Executed 221074 queries (2108 queries/s; 15.40/s dbs, successful statements: 62%). Threads shut down: 100.
[2023/01/30 22:13:27] Executed 230012 queries (1787 queries/s; 24.20/s dbs, successful statements: 62%). Threads shut down: 100.
[2023/01/30 22:13:32] Executed 240047 queries (2007 queries/s; 28.40/s dbs, successful statements: 62%). Threads shut down: 100.
[2023/01/30 22:13:37] Executed 249473 queries (1885 queries/s; 28.61/s dbs, successful statements: 62%). Threads shut down: 100.
[2023/01/30 22:13:42] Executed 259688 queries (2043 queries/s; 22.80/s dbs, successful statements: 62%). Threads shut down: 100.
[2023/01/30 22:13:47] Executed 270803 queries (2223 queries/s; 22.40/s dbs, successful statements: 63%). Threads shut down: 100.
[2023/01/30 22:13:52] Executed 280207 queries (1880 queries/s; 24.20/s dbs, successful statements: 63%). Threads shut down: 100.
[2023/01/30 22:13:57] Executed 291078 queries (2174 queries/s; 24.60/s dbs, successful statements: 63%). Threads shut down: 100.
[2023/01/30 22:14:02] Executed 299814 queries (1747 queries/s; 24.40/s dbs, successful statements: 63%). Threads shut down: 100.
[2023/01/30 22:14:07] Executed 311873 queries (2412 queries/s; 17.00/s dbs, successful statements: 63%). Threads shut down: 100.
[2023/01/30 22:14:12] Executed 324410 queries (2507 queries/s; 23.60/s dbs, successful statements: 63%). Threads shut down: 100.
[2023/01/30 22:14:17] Executed 332411 queries (1600 queries/s; 23.60/s dbs, successful statements: 63%). Threads shut down: 100.
[2023/01/30 22:14:22] Executed 340527 queries (1623 queries/s; 21.60/s dbs, successful statements: 63%). Threads shut down: 100.
[2023/01/30 22:14:27] Executed 348827 queries (1660 queries/s; 21.20/s dbs, successful statements: 63%). Threads shut down: 100.
[2023/01/30 22:14:32] Executed 358073 queries (1849 queries/s; 28.21/s dbs, successful statements: 63%). Threads shut down: 100.
[2023/01/30 22:14:37] Executed 367397 queries (1865 queries/s; 26.21/s dbs, successful statements: 63%). Threads shut down: 100.
[2023/01/30 22:14:42] Executed 377933 queries (2107 queries/s; 20.80/s dbs, successful statements: 63%). Threads shut down: 100.
[2023/01/30 22:14:47] Executed 387988 queries (2011 queries/s; 16.80/s dbs, successful statements: 63%). Threads shut down: 100.
[2023/01/30 22:14:52] Executed 398262 queries (2054 queries/s; 22.80/s dbs, successful statements: 63%). Threads shut down: 100.
[2023/01/30 22:14:57] Executed 408180 queries (1983 queries/s; 26.80/s dbs, successful statements: 63%). Threads shut down: 100.
[2023/01/30 22:15:02] Executed 417077 queries (1779 queries/s; 29.21/s dbs, successful statements: 63%). Threads shut down: 100.
[2023/01/30 22:15:07] Executed 425485 queries (1681 queries/s; 25.80/s dbs, successful statements: 63%). Threads shut down: 100.
[2023/01/30 22:15:12] Executed 434546 queries (1812 queries/s; 26.81/s dbs, successful statements: 63%). Threads shut down: 100.
[2023/01/30 22:15:17] Executed 444825 queries (2056 queries/s; 25.41/s dbs, successful statements: 63%). Threads shut down: 100.
[2023/01/30 22:15:22] Executed 455132 queries (2061 queries/s; 28.01/s dbs, successful statements: 63%). Threads shut down: 100.
[2023/01/30 22:15:27] Executed 465709 queries (2115 queries/s; 22.60/s dbs, successful statements: 63%). Threads shut down: 100.
[2023/01/30 22:15:32] Executed 475353 queries (1929 queries/s; 25.81/s dbs, successful statements: 63%). Threads shut down: 100.
[2023/01/30 22:15:37] Executed 485297 queries (1989 queries/s; 27.21/s dbs, successful statements: 63%). Threads shut down: 100.
[2023/01/30 22:15:42] Executed 495700 queries (2080 queries/s; 28.80/s dbs, successful statements: 63%). Threads shut down: 100.
[2023/01/30 22:15:47] Executed 505229 queries (1906 queries/s; 25.81/s dbs, successful statements: 63%). Threads shut down: 100.
[2023/01/30 22:15:52] Executed 514519 queries (1858 queries/s; 25.21/s dbs, successful statements: 63%). Threads shut down: 100.
[2023/01/30 22:15:57] Executed 525000 queries (2096 queries/s; 21.40/s dbs, successful statements: 63%). Threads shut down: 100.
[2023/01/30 22:16:02] Executed 533533 queries (1706 queries/s; 21.20/s dbs, successful statements: 63%). Threads shut down: 100.
[2023/01/30 22:16:07] Executed 543371 queries (1967 queries/s; 28.00/s dbs, successful statements: 63%). Threads shut down: 100.
[2023/01/30 22:16:12] Executed 551443 queries (1614 queries/s; 26.21/s dbs, successful statements: 63%). Threads shut down: 100.
[2023/01/30 22:16:17] Executed 563772 queries (2466 queries/s; 27.41/s dbs, successful statements: 63%). Threads shut down: 100.
[2023/01/30 22:16:22] Executed 574410 queries (2128 queries/s; 21.80/s dbs, successful statements: 63%). Threads shut down: 100.
[2023/01/30 22:16:27] Executed 586029 queries (2324 queries/s; 30.81/s dbs, successful statements: 63%). Threads shut down: 100.
[2023/01/30 22:16:32] Executed 597923 queries (2379 queries/s; 26.21/s dbs, successful statements: 63%). Threads shut down: 100.
[ERROR] Tests run: 1, Failures: 1, Errors: 0, Skipped: 0, Time elapsed: 299.988 s <<< FAILURE! - in sqlancer.dbms.TestSQLitePQS
[ERROR] testSqlitePQS  Time elapsed: 299.988 s  <<< FAILURE!
org.opentest4j.AssertionFailedError: expected: <0> but was: <-1>
	at sqlancer.dbms.TestSQLitePQS.testSqlitePQS(TestSQLitePQS.java:14)

[INFO] Running sqlancer.dbms.TestOceanBaseNoREC
[WARNING] Tests run: 1, Failures: 0, Errors: 0, Skipped: 1, Time elapsed: 0.001 s - in sqlancer.dbms.TestOceanBaseNoREC
[INFO] Running sqlancer.dbms.TestTiDB
[WARNING] Tests run: 1, Failures: 0, Errors: 0, Skipped: 1, Time elapsed: 0.002 s - in sqlancer.dbms.TestTiDB
[INFO] Running sqlancer.clickhouse.ast.ClickHouseBinaryComparisonOperationTest
[INFO] Tests run: 6, Failures: 0, Errors: 0, Skipped: 0, Time elapsed: 0.034 s - in sqlancer.clickhouse.ast.ClickHouseBinaryComparisonOperationTest
[INFO] Running sqlancer.TestRandomly
[INFO] Tests run: 13, Failures: 0, Errors: 0, Skipped: 0, Time elapsed: 1.189 s - in sqlancer.TestRandomly
[INFO] 
[INFO] Results:
[INFO] 
[ERROR] Failures: 
[ERROR]   TestDuckDB.testDuckDB:14 expected: <0> but was: <-1>
[ERROR]   TestSQLitePQS.testSqlitePQS:14 expected: <0> but was: <-1>
[INFO] 
[ERROR] Tests run: 66, Failures: 2, Errors: 0, Skipped: 18
[INFO] 
[INFO] ------------------------------------------------------------------------
[INFO] BUILD FAILURE
[INFO] ------------------------------------------------------------------------
[INFO] Total time:  10:08 min
[INFO] Finished at: 2023-01-30T22:16:35Z
[INFO] ------------------------------------------------------------------------
[ERROR] Failed to execute goal org.apache.maven.plugins:maven-surefire-plugin:2.22.2:test (default-test) on project sqlancer: There are test failures.
[ERROR] 
[ERROR] Please refer to /home/gabsko/breaking-updates/target/surefire-reports for the individual test results.
[ERROR] Please refer to dump files (if any exist) [date].dump, [date]-jvmRun[N].dump and [date].dumpstream.
[ERROR] -> [Help 1]
[ERROR] 
[ERROR] To see the full stack trace of the errors, re-run Maven with the -e switch.
[ERROR] Re-run Maven using the -X switch to enable full debug logging.
[ERROR] 
[ERROR] For more information about the errors and possible solutions, please read the following articles:
[ERROR] [Help 1] http://cwiki.apache.org/confluence/display/MAVEN/MojoFailureException
