[INFO] Scanning for projects...
[INFO] ------------------------------------------------------------------------
[INFO] Reactor Build Order:
[INFO] 
[INFO] SmallRye Service Discovery : Parent                                [pom]
[INFO] SmallRye Stork : interface for library integration                 [jar]
[INFO] SmallRye Stork Load Balancer : Test Utilities                      [jar]
[INFO] SmallRye Stork : MicroProfile Config integration                   [jar]
[INFO] SmallRye Stork Service Discovery : Static List                     [jar]
[INFO] SmallRye Stork Service Discovery : Consul List                     [jar]
[INFO] SmallRye Stork Service Discovery : Kubernetes DNS                  [jar]
[INFO] SmallRye Stork Service Discovery : Eureka                          [jar]
[INFO] SmallRye Stork Load Balancer : Round Robin                         [jar]
[INFO] SmallRye Stork Load Balancer : Response Time                       [jar]
[INFO] SmallRye Stork : Doc                                               [jar]
[INFO] 
[INFO] --------------< io.smallrye.stork:smallrye-stork-parent >---------------
[INFO] Building SmallRye Service Discovery : Parent 1.0.0-SNAPSHOT       [1/11]
[INFO] --------------------------------[ pom ]---------------------------------
[INFO] 
[INFO] --- maven-clean-plugin:2.5:clean (default-clean) @ smallrye-stork-parent ---
[INFO] Deleting /home/gabsko/breaking-updates/target
[INFO] 
[INFO] --- formatter-maven-plugin:2.16.0:format (default) @ smallrye-stork-parent ---
[INFO] Using 'UTF-8' encoding to format source files.
[INFO] Number of files to be formatted: 0
[INFO] 
[INFO] --- impsort-maven-plugin:1.6.2:sort (sort-imports) @ smallrye-stork-parent ---
[INFO] Processed 0 files in 00:00.001 (Already Sorted: 0, Needed Sorting: 0)
[INFO] 
[INFO] --- maven-compiler-plugin:3.8.1:compile (default-compile) @ smallrye-stork-parent ---
[INFO] No sources to compile
[INFO] 
[INFO] --- jandex-maven-plugin:1.2.1:jandex (make-index) @ smallrye-stork-parent ---
[INFO] [SKIP] Cannot process fileset in directory: /home/gabsko/breaking-updates/target/classes. Directory does not exist!
[INFO] 
[INFO] ----------------< io.smallrye.stork:smallrye-stork-api >----------------
[INFO] Building SmallRye Stork : interface for library integration 1.0.0-SNAPSHOT [2/11]
[INFO] --------------------------------[ jar ]---------------------------------
[INFO] 
[INFO] --- maven-clean-plugin:2.5:clean (default-clean) @ smallrye-stork-api ---
[INFO] Deleting /home/gabsko/breaking-updates/api/target
[INFO] 
[INFO] --- formatter-maven-plugin:2.16.0:format (default) @ smallrye-stork-api ---
[INFO] Using 'UTF-8' encoding to format source files.
[INFO] Number of files to be formatted: 25
[INFO] Successfully formatted:          0 file(s)
[INFO] Fail to format:                  0 file(s)
[INFO] Skipped:                         25 file(s)
[INFO] Read only skipped:               0 file(s)
[INFO] Approximate time taken:          0s
[INFO] 
[INFO] --- impsort-maven-plugin:1.6.2:sort (sort-imports) @ smallrye-stork-api ---
[INFO] Processed 25 files in 00:00.309 (Already Sorted: 25, Needed Sorting: 0)
[INFO] 
[INFO] --- maven-resources-plugin:2.6:resources (default-resources) @ smallrye-stork-api ---
[INFO] Using 'UTF-8' encoding to copy filtered resources.
[INFO] skip non existing resourceDirectory /home/gabsko/breaking-updates/api/src/main/resources
[INFO] 
[INFO] --- maven-compiler-plugin:3.8.1:compile (default-compile) @ smallrye-stork-api ---
[INFO] Changes detected - recompiling the module!
[INFO] Compiling 22 source files to /home/gabsko/breaking-updates/api/target/classes
[INFO] 
[INFO] --- jandex-maven-plugin:1.2.1:jandex (make-index) @ smallrye-stork-api ---
[INFO] Saving Jandex index: /home/gabsko/breaking-updates/api/target/classes/META-INF/jandex.idx
[INFO] 
[INFO] --- maven-resources-plugin:2.6:testResources (default-testResources) @ smallrye-stork-api ---
[INFO] Using 'UTF-8' encoding to copy filtered resources.
[INFO] skip non existing resourceDirectory /home/gabsko/breaking-updates/api/src/test/resources
[INFO] 
[INFO] --- maven-compiler-plugin:3.8.1:testCompile (default-testCompile) @ smallrye-stork-api ---
[INFO] Changes detected - recompiling the module!
[INFO] Compiling 3 source files to /home/gabsko/breaking-updates/api/target/test-classes
[INFO] 
[INFO] --- maven-surefire-plugin:2.22.2:test (default-test) @ smallrye-stork-api ---
[INFO] 
[INFO] -------------------------------------------------------
[INFO]  T E S T S
[INFO] -------------------------------------------------------
[INFO] Running io.smallrye.utils.StorkAddressUtilsTest
[INFO] Tests run: 7, Failures: 0, Errors: 0, Skipped: 0, Time elapsed: 0.047 s - in io.smallrye.utils.StorkAddressUtilsTest
[INFO] Running io.smallrye.utils.DurationUtilsTest
[INFO] Tests run: 3, Failures: 0, Errors: 0, Skipped: 0, Time elapsed: 0.001 s - in io.smallrye.utils.DurationUtilsTest
[INFO] Running io.smallrye.stork.StorkTest
[main] INFO io.smallrye.stork.Stork - No load balancer configured for type fake
[INFO] Tests run: 8, Failures: 0, Errors: 0, Skipped: 0, Time elapsed: 1.159 s - in io.smallrye.stork.StorkTest
[INFO] 
[INFO] Results:
[INFO] 
[INFO] Tests run: 18, Failures: 0, Errors: 0, Skipped: 0
[INFO] 
[INFO] 
[INFO] ------------< io.smallrye.stork:smallrye-stork-test-utils >-------------
[INFO] Building SmallRye Stork Load Balancer : Test Utilities 1.0.0-SNAPSHOT [3/11]
[INFO] --------------------------------[ jar ]---------------------------------
[INFO] 
[INFO] --- maven-clean-plugin:2.5:clean (default-clean) @ smallrye-stork-test-utils ---
[INFO] Deleting /home/gabsko/breaking-updates/test-utils/target
[INFO] 
[INFO] --- formatter-maven-plugin:2.16.0:format (default) @ smallrye-stork-test-utils ---
[INFO] Using 'UTF-8' encoding to format source files.
[INFO] Number of files to be formatted: 8
[INFO] Successfully formatted:          0 file(s)
[INFO] Fail to format:                  0 file(s)
[INFO] Skipped:                         8 file(s)
[INFO] Read only skipped:               0 file(s)
[INFO] Approximate time taken:          0s
[INFO] 
[INFO] --- impsort-maven-plugin:1.6.2:sort (sort-imports) @ smallrye-stork-test-utils ---
[INFO] Processed 8 files in 00:00.028 (Already Sorted: 8, Needed Sorting: 0)
[INFO] 
[INFO] --- maven-resources-plugin:2.6:resources (default-resources) @ smallrye-stork-test-utils ---
[INFO] Using 'UTF-8' encoding to copy filtered resources.
[INFO] Copying 3 resources
[INFO] 
[INFO] --- maven-compiler-plugin:3.8.1:compile (default-compile) @ smallrye-stork-test-utils ---
[INFO] Changes detected - recompiling the module!
[INFO] Compiling 8 source files to /home/gabsko/breaking-updates/test-utils/target/classes
[INFO] 
[INFO] --- jandex-maven-plugin:1.2.1:jandex (make-index) @ smallrye-stork-test-utils ---
[INFO] Saving Jandex index: /home/gabsko/breaking-updates/test-utils/target/classes/META-INF/jandex.idx
[INFO] 
[INFO] --- maven-resources-plugin:2.6:testResources (default-testResources) @ smallrye-stork-test-utils ---
[INFO] Using 'UTF-8' encoding to copy filtered resources.
[INFO] skip non existing resourceDirectory /home/gabsko/breaking-updates/test-utils/src/test/resources
[INFO] 
[INFO] --- maven-compiler-plugin:3.8.1:testCompile (default-testCompile) @ smallrye-stork-test-utils ---
[INFO] No sources to compile
[INFO] 
[INFO] --- maven-surefire-plugin:2.22.2:test (default-test) @ smallrye-stork-test-utils ---
[INFO] No tests to run.
[INFO] 
[INFO] --------< io.smallrye.stork:smallrye-stork-microprofile-config >--------
[INFO] Building SmallRye Stork : MicroProfile Config integration 1.0.0-SNAPSHOT [4/11]
[INFO] --------------------------------[ jar ]---------------------------------
[INFO] 
[INFO] --- maven-clean-plugin:2.5:clean (default-clean) @ smallrye-stork-microprofile-config ---
[INFO] Deleting /home/gabsko/breaking-updates/microprofile/target
[INFO] 
[INFO] --- formatter-maven-plugin:2.16.0:format (default) @ smallrye-stork-microprofile-config ---
[INFO] Using 'UTF-8' encoding to format source files.
[INFO] Number of files to be formatted: 3
[INFO] Successfully formatted:          0 file(s)
[INFO] Fail to format:                  0 file(s)
[INFO] Skipped:                         3 file(s)
[INFO] Read only skipped:               0 file(s)
[INFO] Approximate time taken:          0s
[INFO] 
[INFO] --- impsort-maven-plugin:1.6.2:sort (sort-imports) @ smallrye-stork-microprofile-config ---
[INFO] Processed 3 files in 00:00.025 (Already Sorted: 3, Needed Sorting: 0)
[INFO] 
[INFO] --- maven-resources-plugin:2.6:resources (default-resources) @ smallrye-stork-microprofile-config ---
[INFO] Using 'UTF-8' encoding to copy filtered resources.
[INFO] Copying 1 resource
[INFO] 
[INFO] --- maven-compiler-plugin:3.8.1:compile (default-compile) @ smallrye-stork-microprofile-config ---
[INFO] Changes detected - recompiling the module!
[INFO] Compiling 1 source file to /home/gabsko/breaking-updates/microprofile/target/classes
[INFO] 
[INFO] --- jandex-maven-plugin:1.2.1:jandex (make-index) @ smallrye-stork-microprofile-config ---
[INFO] Saving Jandex index: /home/gabsko/breaking-updates/microprofile/target/classes/META-INF/jandex.idx
[INFO] 
[INFO] --- maven-resources-plugin:2.6:testResources (default-testResources) @ smallrye-stork-microprofile-config ---
[INFO] Using 'UTF-8' encoding to copy filtered resources.
[INFO] skip non existing resourceDirectory /home/gabsko/breaking-updates/microprofile/src/test/resources
[INFO] 
[INFO] --- maven-compiler-plugin:3.8.1:testCompile (default-testCompile) @ smallrye-stork-microprofile-config ---
[INFO] Changes detected - recompiling the module!
[INFO] Compiling 2 source files to /home/gabsko/breaking-updates/microprofile/target/test-classes
[INFO] 
[INFO] --- maven-surefire-plugin:2.22.2:test (default-test) @ smallrye-stork-microprofile-config ---
[INFO] 
[INFO] -------------------------------------------------------
[INFO]  T E S T S
[INFO] -------------------------------------------------------
[INFO] Running io.smallrye.stork.microprofile.MicroProfileConfigProviderTest
[main] INFO io.smallrye.stork.Stork - No load balancer configured for type test-sd-1
[INFO] Tests run: 4, Failures: 0, Errors: 0, Skipped: 0, Time elapsed: 0.117 s - in io.smallrye.stork.microprofile.MicroProfileConfigProviderTest
[INFO] 
[INFO] Results:
[INFO] 
[INFO] Tests run: 4, Failures: 0, Errors: 0, Skipped: 0
[INFO] 
[INFO] 
[INFO] ---< io.smallrye.stork:smallrye-stork-service-discovery-static-list >---
[INFO] Building SmallRye Stork Service Discovery : Static List 1.0.0-SNAPSHOT [5/11]
[INFO] --------------------------------[ jar ]---------------------------------
[INFO] 
[INFO] --- maven-clean-plugin:2.5:clean (default-clean) @ smallrye-stork-service-discovery-static-list ---
[INFO] Deleting /home/gabsko/breaking-updates/service-discovery/static-list/target
[INFO] 
[INFO] --- formatter-maven-plugin:2.16.0:format (default) @ smallrye-stork-service-discovery-static-list ---
[INFO] Using 'UTF-8' encoding to format source files.
[INFO] Number of files to be formatted: 3
[INFO] Successfully formatted:          0 file(s)
[INFO] Fail to format:                  0 file(s)
[INFO] Skipped:                         3 file(s)
[INFO] Read only skipped:               0 file(s)
[INFO] Approximate time taken:          0s
[INFO] 
[INFO] --- impsort-maven-plugin:1.6.2:sort (sort-imports) @ smallrye-stork-service-discovery-static-list ---
[INFO] Processed 3 files in 00:00.011 (Already Sorted: 3, Needed Sorting: 0)
[INFO] 
[INFO] --- maven-resources-plugin:2.6:resources (default-resources) @ smallrye-stork-service-discovery-static-list ---
[INFO] Using 'UTF-8' encoding to copy filtered resources.
[INFO] Copying 1 resource
[INFO] 
[INFO] --- maven-compiler-plugin:3.8.1:compile (default-compile) @ smallrye-stork-service-discovery-static-list ---
[INFO] Changes detected - recompiling the module!
[INFO] Compiling 2 source files to /home/gabsko/breaking-updates/service-discovery/static-list/target/classes
[INFO] 
[INFO] --- jandex-maven-plugin:1.2.1:jandex (make-index) @ smallrye-stork-service-discovery-static-list ---
[INFO] Saving Jandex index: /home/gabsko/breaking-updates/service-discovery/static-list/target/classes/META-INF/jandex.idx
[INFO] 
[INFO] --- maven-resources-plugin:2.6:testResources (default-testResources) @ smallrye-stork-service-discovery-static-list ---
[INFO] Using 'UTF-8' encoding to copy filtered resources.
[INFO] skip non existing resourceDirectory /home/gabsko/breaking-updates/service-discovery/static-list/src/test/resources
[INFO] 
[INFO] --- maven-compiler-plugin:3.8.1:testCompile (default-testCompile) @ smallrye-stork-service-discovery-static-list ---
[INFO] Changes detected - recompiling the module!
[INFO] Compiling 1 source file to /home/gabsko/breaking-updates/service-discovery/static-list/target/test-classes
[INFO] 
[INFO] --- maven-surefire-plugin:2.22.2:test (default-test) @ smallrye-stork-service-discovery-static-list ---
[INFO] 
[INFO] -------------------------------------------------------
[INFO]  T E S T S
[INFO] -------------------------------------------------------
[INFO] Running io.smallrye.stork.servicediscovery.staticlist.StaticListServiceDiscoveryTest
[main] INFO io.smallrye.stork.Stork - No load balancer configured for type static
[main] INFO io.smallrye.stork.Stork - No load balancer configured for type static
[main] INFO io.smallrye.stork.Stork - No load balancer configured for type static
[main] INFO io.smallrye.stork.Stork - No load balancer configured for type static
[main] INFO io.smallrye.stork.Stork - No load balancer configured for type static
[main] INFO io.smallrye.stork.Stork - No load balancer configured for type static
[INFO] Tests run: 2, Failures: 0, Errors: 0, Skipped: 0, Time elapsed: 0.092 s - in io.smallrye.stork.servicediscovery.staticlist.StaticListServiceDiscoveryTest
[INFO] 
[INFO] Results:
[INFO] 
[INFO] Tests run: 2, Failures: 0, Errors: 0, Skipped: 0
[INFO] 
[INFO] 
[INFO] -----< io.smallrye.stork:smallrye-stork-service-discovery-consul >------
[INFO] Building SmallRye Stork Service Discovery : Consul List 1.0.0-SNAPSHOT [6/11]
[INFO] --------------------------------[ jar ]---------------------------------
[INFO] 
[INFO] --- maven-clean-plugin:2.5:clean (default-clean) @ smallrye-stork-service-discovery-consul ---
[INFO] Deleting /home/gabsko/breaking-updates/service-discovery/consul/target
[INFO] 
[INFO] --- formatter-maven-plugin:2.16.0:format (default) @ smallrye-stork-service-discovery-consul ---
[INFO] Using 'UTF-8' encoding to format source files.
[INFO] Number of files to be formatted: 3
[INFO] Successfully formatted:          0 file(s)
[INFO] Fail to format:                  0 file(s)
[INFO] Skipped:                         3 file(s)
[INFO] Read only skipped:               0 file(s)
[INFO] Approximate time taken:          0s
[INFO] 
[INFO] --- impsort-maven-plugin:1.6.2:sort (sort-imports) @ smallrye-stork-service-discovery-consul ---
[INFO] Processed 3 files in 00:00.013 (Already Sorted: 3, Needed Sorting: 0)
[INFO] 
[INFO] --- maven-resources-plugin:2.6:resources (default-resources) @ smallrye-stork-service-discovery-consul ---
[INFO] Using 'UTF-8' encoding to copy filtered resources.
[INFO] Copying 1 resource
[INFO] 
[INFO] --- maven-compiler-plugin:3.8.1:compile (default-compile) @ smallrye-stork-service-discovery-consul ---
[INFO] Changes detected - recompiling the module!
[INFO] Compiling 2 source files to /home/gabsko/breaking-updates/service-discovery/consul/target/classes
[INFO] 
[INFO] --- jandex-maven-plugin:1.2.1:jandex (make-index) @ smallrye-stork-service-discovery-consul ---
[INFO] Saving Jandex index: /home/gabsko/breaking-updates/service-discovery/consul/target/classes/META-INF/jandex.idx
[INFO] 
[INFO] --- maven-resources-plugin:2.6:testResources (default-testResources) @ smallrye-stork-service-discovery-consul ---
[INFO] Using 'UTF-8' encoding to copy filtered resources.
[INFO] skip non existing resourceDirectory /home/gabsko/breaking-updates/service-discovery/consul/src/test/resources
[INFO] 
[INFO] --- maven-compiler-plugin:3.8.1:testCompile (default-testCompile) @ smallrye-stork-service-discovery-consul ---
[INFO] Changes detected - recompiling the module!
[INFO] Compiling 1 source file to /home/gabsko/breaking-updates/service-discovery/consul/target/test-classes
[INFO] 
[INFO] --- maven-surefire-plugin:2.22.2:test (default-test) @ smallrye-stork-service-discovery-consul ---
[INFO] 
[INFO] ---< io.smallrye.stork:smallrye-stork-service-discovery-kubernetes >----
[INFO] Building SmallRye Stork Service Discovery : Kubernetes DNS 1.0.0-SNAPSHOT [7/11]
[INFO] --------------------------------[ jar ]---------------------------------
[INFO] 
[INFO] --- maven-clean-plugin:2.5:clean (default-clean) @ smallrye-stork-service-discovery-kubernetes ---
[INFO] Deleting /home/gabsko/breaking-updates/service-discovery/kubernetes/target
[INFO] 
[INFO] --- formatter-maven-plugin:2.16.0:format (default) @ smallrye-stork-service-discovery-kubernetes ---
[INFO] Using 'UTF-8' encoding to format source files.
[INFO] Number of files to be formatted: 4
[INFO] Successfully formatted:          0 file(s)
[INFO] Fail to format:                  0 file(s)
[INFO] Skipped:                         4 file(s)
[INFO] Read only skipped:               0 file(s)
[INFO] Approximate time taken:          0s
[INFO] 
[INFO] --- impsort-maven-plugin:1.6.2:sort (sort-imports) @ smallrye-stork-service-discovery-kubernetes ---
[INFO] Processed 4 files in 00:00.015 (Already Sorted: 4, Needed Sorting: 0)
[INFO] 
[INFO] --- maven-resources-plugin:2.6:resources (default-resources) @ smallrye-stork-service-discovery-kubernetes ---
[INFO] Using 'UTF-8' encoding to copy filtered resources.
[INFO] Copying 1 resource
[INFO] 
[INFO] --- maven-compiler-plugin:3.8.1:compile (default-compile) @ smallrye-stork-service-discovery-kubernetes ---
[INFO] Changes detected - recompiling the module!
[INFO] Compiling 2 source files to /home/gabsko/breaking-updates/service-discovery/kubernetes/target/classes
[INFO] /home/gabsko/breaking-updates/service-discovery/kubernetes/src/main/java/io/smallrye/stork/servicediscovery/kubernetes/KubernetesServiceDiscovery.java: /home/gabsko/breaking-updates/service-discovery/kubernetes/src/main/java/io/smallrye/stork/servicediscovery/kubernetes/KubernetesServiceDiscovery.java uses unchecked or unsafe operations.
[INFO] /home/gabsko/breaking-updates/service-discovery/kubernetes/src/main/java/io/smallrye/stork/servicediscovery/kubernetes/KubernetesServiceDiscovery.java: Recompile with -Xlint:unchecked for details.
[INFO] 
[INFO] --- jandex-maven-plugin:1.2.1:jandex (make-index) @ smallrye-stork-service-discovery-kubernetes ---
[INFO] Saving Jandex index: /home/gabsko/breaking-updates/service-discovery/kubernetes/target/classes/META-INF/jandex.idx
[INFO] 
[INFO] --- maven-resources-plugin:2.6:testResources (default-testResources) @ smallrye-stork-service-discovery-kubernetes ---
[INFO] Using 'UTF-8' encoding to copy filtered resources.
[INFO] skip non existing resourceDirectory /home/gabsko/breaking-updates/service-discovery/kubernetes/src/test/resources
[INFO] 
[INFO] --- maven-compiler-plugin:3.8.1:testCompile (default-testCompile) @ smallrye-stork-service-discovery-kubernetes ---
[INFO] Changes detected - recompiling the module!
[INFO] Compiling 2 source files to /home/gabsko/breaking-updates/service-discovery/kubernetes/target/test-classes
[INFO] 
[INFO] --- maven-surefire-plugin:2.22.2:test (default-test) @ smallrye-stork-service-discovery-kubernetes ---
[INFO] 
[INFO] -------------------------------------------------------
[INFO]  T E S T S
[INFO] -------------------------------------------------------
[INFO] Running io.smallrye.stork.servicediscovery.kubernetes.KubernetesServiceDiscoveryTest
Jan 30, 2023 6:32:23 PM okhttp3.mockwebserver.MockWebServer$2 execute
INFO: MockWebServer[60259] starting to accept connections
Jan 30, 2023 6:32:23 PM okhttp3.mockwebserver.MockWebServer$2 execute
INFO: MockWebServer[59725] starting to accept connections
[main] WARN io.fabric8.kubernetes.client.Config - Error reading service account token from: [/var/run/secrets/kubernetes.io/serviceaccount/token]. Ignoring.
[main] WARN io.fabric8.kubernetes.client.Config - Error reading service account token from: [/var/run/secrets/kubernetes.io/serviceaccount/token]. Ignoring.
[main] INFO io.smallrye.stork.Stork - No load balancer configured for type kubernetes
Jan 30, 2023 6:32:23 PM okhttp3.mockwebserver.MockWebServer$3 processOneRequest
INFO: MockWebServer[59725] received request: POST /api/v1/namespaces/test/endpoints HTTP/1.1 and responded: HTTP/1.1 200 OK
Jan 30, 2023 6:32:24 PM okhttp3.mockwebserver.MockWebServer$Http2SocketHandler onStream
INFO: MockWebServer[59725] received request: GET /api/v1/endpoints?fieldSelector=metadata.name%3Dsvc HTTP/1.1 and responded: HTTP/1.1 200 OK protocol is h2
Jan 30, 2023 6:32:24 PM okhttp3.mockwebserver.MockWebServer$3 processOneRequest
INFO: MockWebServer[59725] received request: DELETE /api/v1/namespaces/test/endpoints/svc HTTP/1.1 and responded: HTTP/1.1 200 OK
Jan 30, 2023 6:32:24 PM okhttp3.mockwebserver.MockWebServer$2 acceptConnections
INFO: MockWebServer[59725] done accepting connections: Socket closed
Jan 30, 2023 6:32:24 PM okhttp3.mockwebserver.MockWebServer$2 execute
INFO: MockWebServer[56857] starting to accept connections
[main] WARN io.fabric8.kubernetes.client.Config - Error reading service account token from: [/var/run/secrets/kubernetes.io/serviceaccount/token]. Ignoring.
[main] WARN io.fabric8.kubernetes.client.Config - Error reading service account token from: [/var/run/secrets/kubernetes.io/serviceaccount/token]. Ignoring.
[main] INFO io.smallrye.stork.Stork - No load balancer configured for type kubernetes
Jan 30, 2023 6:32:24 PM okhttp3.mockwebserver.MockWebServer$3 processOneRequest
INFO: MockWebServer[56857] received request: POST /api/v1/namespaces/test/endpoints HTTP/1.1 and responded: HTTP/1.1 200 OK
Jan 30, 2023 6:32:24 PM okhttp3.mockwebserver.MockWebServer$Http2SocketHandler onStream
INFO: MockWebServer[56857] received request: GET /api/v1/endpoints?fieldSelector=metadata.name%3Dsvc HTTP/1.1 and responded: HTTP/1.1 200 OK protocol is h2
Jan 30, 2023 6:32:24 PM okhttp3.mockwebserver.MockWebServer$2 acceptConnections
INFO: MockWebServer[56857] done accepting connections: Socket closed
Jan 30, 2023 6:32:24 PM okhttp3.mockwebserver.MockWebServer$2 execute
INFO: MockWebServer[38453] starting to accept connections
[main] WARN io.fabric8.kubernetes.client.Config - Error reading service account token from: [/var/run/secrets/kubernetes.io/serviceaccount/token]. Ignoring.
[main] WARN io.fabric8.kubernetes.client.Config - Error reading service account token from: [/var/run/secrets/kubernetes.io/serviceaccount/token]. Ignoring.
[main] INFO io.smallrye.stork.Stork - No load balancer configured for type kubernetes
Jan 30, 2023 6:32:24 PM okhttp3.mockwebserver.MockWebServer$3 processOneRequest
INFO: MockWebServer[38453] received request: POST /api/v1/namespaces/ns1/endpoints HTTP/1.1 and responded: HTTP/1.1 200 OK
Jan 30, 2023 6:32:24 PM okhttp3.mockwebserver.MockWebServer$Http2SocketHandler onStream
INFO: MockWebServer[38453] received request: GET /api/v1/namespaces/ns1/endpoints?fieldSelector=metadata.name%3Dsvc HTTP/1.1 and responded: HTTP/1.1 200 OK protocol is h2
Jan 30, 2023 6:32:24 PM okhttp3.mockwebserver.MockWebServer$2 acceptConnections
INFO: MockWebServer[38453] done accepting connections: Socket closed
Jan 30, 2023 6:32:24 PM okhttp3.mockwebserver.MockWebServer$2 execute
INFO: MockWebServer[49727] starting to accept connections
[main] WARN io.fabric8.kubernetes.client.Config - Error reading service account token from: [/var/run/secrets/kubernetes.io/serviceaccount/token]. Ignoring.
[main] WARN io.fabric8.kubernetes.client.Config - Error reading service account token from: [/var/run/secrets/kubernetes.io/serviceaccount/token]. Ignoring.
[main] INFO io.smallrye.stork.Stork - No load balancer configured for type kubernetes
Jan 30, 2023 6:32:24 PM okhttp3.mockwebserver.MockWebServer$3 processOneRequest
INFO: MockWebServer[49727] received request: POST /api/v1/namespaces/ns1/endpoints HTTP/1.1 and responded: HTTP/1.1 200 OK
Jan 30, 2023 6:32:24 PM okhttp3.mockwebserver.MockWebServer$3 processOneRequest
INFO: MockWebServer[49727] received request: POST /api/v1/namespaces/ns2/endpoints HTTP/1.1 and responded: HTTP/1.1 200 OK
Jan 30, 2023 6:32:24 PM okhttp3.mockwebserver.MockWebServer$Http2SocketHandler onStream
INFO: MockWebServer[49727] received request: GET /api/v1/endpoints?fieldSelector=metadata.name%3Dsvc HTTP/1.1 and responded: HTTP/1.1 200 OK protocol is h2
Jan 30, 2023 6:32:24 PM okhttp3.mockwebserver.MockWebServer$2 acceptConnections
INFO: MockWebServer[49727] done accepting connections: Socket closed
Jan 30, 2023 6:32:24 PM okhttp3.mockwebserver.MockWebServer$2 execute
INFO: MockWebServer[37439] starting to accept connections
[main] WARN io.fabric8.kubernetes.client.Config - Error reading service account token from: [/var/run/secrets/kubernetes.io/serviceaccount/token]. Ignoring.
[main] WARN io.fabric8.kubernetes.client.Config - Error reading service account token from: [/var/run/secrets/kubernetes.io/serviceaccount/token]. Ignoring.
[main] INFO io.smallrye.stork.Stork - No load balancer configured for type kubernetes
Jan 30, 2023 6:32:25 PM okhttp3.mockwebserver.MockWebServer$3 processOneRequest
INFO: MockWebServer[37439] received request: POST /api/v1/namespaces/test/endpoints HTTP/1.1 and responded: HTTP/1.1 200 OK
Jan 30, 2023 6:32:25 PM okhttp3.mockwebserver.MockWebServer$Http2SocketHandler onStream
INFO: MockWebServer[37439] received request: GET /api/v1/endpoints?fieldSelector=metadata.name%3Dsvc HTTP/1.1 and responded: HTTP/1.1 200 OK protocol is h2
Jan 30, 2023 6:32:25 PM okhttp3.mockwebserver.MockWebServer$3 processOneRequest
INFO: MockWebServer[37439] received request: DELETE /api/v1/namespaces/test/endpoints/svc HTTP/1.1 and responded: HTTP/1.1 200 OK
Jan 30, 2023 6:32:30 PM okhttp3.mockwebserver.MockWebServer$Http2SocketHandler onStream
INFO: MockWebServer[37439] received request: GET /api/v1/endpoints?fieldSelector=metadata.name%3Dsvc HTTP/1.1 and responded: HTTP/1.1 200 OK protocol is h2
Jan 30, 2023 6:32:30 PM okhttp3.mockwebserver.MockWebServer$2 acceptConnections
INFO: MockWebServer[37439] done accepting connections: Socket closed
[INFO] Tests run: 5, Failures: 0, Errors: 0, Skipped: 0, Time elapsed: 7.536 s - in io.smallrye.stork.servicediscovery.kubernetes.KubernetesServiceDiscoveryTest
[INFO] 
[INFO] Results:
[INFO] 
[INFO] Tests run: 5, Failures: 0, Errors: 0, Skipped: 0
[INFO] 
[INFO] 
[INFO] -----< io.smallrye.stork:smallrye-stork-service-discovery-eureka >------
[INFO] Building SmallRye Stork Service Discovery : Eureka 1.0.0-SNAPSHOT [8/11]
[INFO] --------------------------------[ jar ]---------------------------------
[INFO] Downloading from central: https://repo.maven.apache.org/maven2/org/apache/tomcat/tomcat-annotations-api/10.0.12/tomcat-annotations-api-10.0.12.jar
[INFO] Downloaded from central: https://repo.maven.apache.org/maven2/org/apache/tomcat/tomcat-annotations-api/10.0.12/tomcat-annotations-api-10.0.12.jar (13 kB at 45 kB/s)
[INFO] 
[INFO] --- maven-clean-plugin:2.5:clean (default-clean) @ smallrye-stork-service-discovery-eureka ---
[INFO] Deleting /home/gabsko/breaking-updates/service-discovery/eureka/target
[INFO] 
[INFO] --- formatter-maven-plugin:2.16.0:format (default) @ smallrye-stork-service-discovery-eureka ---
[INFO] Using 'UTF-8' encoding to format source files.
[INFO] Number of files to be formatted: 7
[INFO] Successfully formatted:          0 file(s)
[INFO] Fail to format:                  0 file(s)
[INFO] Skipped:                         7 file(s)
[INFO] Read only skipped:               0 file(s)
[INFO] Approximate time taken:          0s
[INFO] 
[INFO] --- impsort-maven-plugin:1.6.2:sort (sort-imports) @ smallrye-stork-service-discovery-eureka ---
[INFO] Processed 7 files in 00:00.033 (Already Sorted: 7, Needed Sorting: 0)
[INFO] 
[INFO] --- maven-resources-plugin:2.6:resources (default-resources) @ smallrye-stork-service-discovery-eureka ---
[INFO] Using 'UTF-8' encoding to copy filtered resources.
[INFO] Copying 1 resource
[INFO] 
[INFO] --- maven-compiler-plugin:3.8.1:compile (default-compile) @ smallrye-stork-service-discovery-eureka ---
[INFO] Changes detected - recompiling the module!
[INFO] Compiling 4 source files to /home/gabsko/breaking-updates/service-discovery/eureka/target/classes
[INFO] 
[INFO] --- jandex-maven-plugin:1.2.1:jandex (make-index) @ smallrye-stork-service-discovery-eureka ---
[INFO] Saving Jandex index: /home/gabsko/breaking-updates/service-discovery/eureka/target/classes/META-INF/jandex.idx
[INFO] 
[INFO] --- maven-resources-plugin:2.6:testResources (default-testResources) @ smallrye-stork-service-discovery-eureka ---
[INFO] Using 'UTF-8' encoding to copy filtered resources.
[INFO] Copying 1 resource
[INFO] 
[INFO] --- maven-compiler-plugin:3.8.1:testCompile (default-testCompile) @ smallrye-stork-service-discovery-eureka ---
[INFO] Changes detected - recompiling the module!
[INFO] Compiling 3 source files to /home/gabsko/breaking-updates/service-discovery/eureka/target/test-classes
[INFO] 
[INFO] --- maven-surefire-plugin:2.22.2:test (default-test) @ smallrye-stork-service-discovery-eureka ---
[INFO] 
[INFO] -------------------------------------------------------
[INFO]  T E S T S
[INFO] -------------------------------------------------------
[INFO] Running io.smallrye.stork.servicediscovery.eureka.EurekaDiscoveryTest
18:32:32.611 [main] DEBUG io.vertx.core.logging.LoggerFactory - Using io.vertx.core.logging.SLF4JLogDelegateFactory
18:32:32.635 [main] DEBUG io.netty.util.internal.logging.InternalLoggerFactory - Using SLF4J as the default logging framework
18:32:32.636 [main] DEBUG io.netty.util.internal.PlatformDependent0 - -Dio.netty.noUnsafe: false
18:32:32.636 [main] DEBUG io.netty.util.internal.PlatformDependent0 - Java version: 11
18:32:32.637 [main] DEBUG io.netty.util.internal.PlatformDependent0 - sun.misc.Unsafe.theUnsafe: available
18:32:32.638 [main] DEBUG io.netty.util.internal.PlatformDependent0 - sun.misc.Unsafe.copyMemory: available
18:32:32.638 [main] DEBUG io.netty.util.internal.PlatformDependent0 - java.nio.Buffer.address: available
18:32:32.638 [main] DEBUG io.netty.util.internal.PlatformDependent0 - direct buffer constructor: unavailable: Reflective setAccessible(true) disabled
18:32:32.639 [main] DEBUG io.netty.util.internal.PlatformDependent0 - java.nio.Bits.unaligned: available, true
18:32:32.640 [main] DEBUG io.netty.util.internal.PlatformDependent0 - jdk.internal.misc.Unsafe.allocateUninitializedArray(int): unavailable: class io.netty.util.internal.PlatformDependent0$6 cannot access class jdk.internal.misc.Unsafe (in module java.base) because module java.base does not export jdk.internal.misc to unnamed module @52102734
18:32:32.640 [main] DEBUG io.netty.util.internal.PlatformDependent0 - java.nio.DirectByteBuffer.<init>(long, int): unavailable
18:32:32.640 [main] DEBUG io.netty.util.internal.PlatformDependent - sun.misc.Unsafe: available
18:32:32.641 [main] DEBUG io.netty.util.internal.PlatformDependent - maxDirectMemory: 32178700288 bytes (maybe)
18:32:32.641 [main] DEBUG io.netty.util.internal.PlatformDependent - -Dio.netty.tmpdir: /tmp (java.io.tmpdir)
18:32:32.641 [main] DEBUG io.netty.util.internal.PlatformDependent - -Dio.netty.bitMode: 64 (sun.arch.data.model)
18:32:32.642 [main] DEBUG io.netty.util.internal.PlatformDependent - -Dio.netty.maxDirectMemory: -1 bytes
18:32:32.642 [main] DEBUG io.netty.util.internal.PlatformDependent - -Dio.netty.uninitializedArrayAllocationThreshold: -1
18:32:32.643 [main] DEBUG io.netty.util.internal.CleanerJava9 - java.nio.ByteBuffer.cleaner(): available
18:32:32.643 [main] DEBUG io.netty.util.internal.PlatformDependent - -Dio.netty.noPreferDirect: false
18:32:32.654 [main] DEBUG io.netty.util.ResourceLeakDetector - -Dio.netty.leakDetection.level: simple
18:32:32.654 [main] DEBUG io.netty.util.ResourceLeakDetector - -Dio.netty.leakDetection.targetRecords: 4
18:32:32.676 [main] DEBUG io.netty.channel.MultithreadEventLoopGroup - -Dio.netty.eventLoopThreads: 72
18:32:32.698 [main] DEBUG io.netty.util.internal.InternalThreadLocalMap - -Dio.netty.threadLocalMap.stringBuilder.initialSize: 1024
18:32:32.698 [main] DEBUG io.netty.util.internal.InternalThreadLocalMap - -Dio.netty.threadLocalMap.stringBuilder.maxSize: 4096
18:32:32.703 [main] DEBUG io.netty.channel.nio.NioEventLoop - -Dio.netty.noKeySetOptimization: false
18:32:32.703 [main] DEBUG io.netty.channel.nio.NioEventLoop - -Dio.netty.selectorAutoRebuildThreshold: 512
18:32:32.709 [main] DEBUG io.netty.util.internal.PlatformDependent - org.jctools-core.MpscChunkedArrayQueue: available
18:32:32.791 [main] DEBUG io.netty.resolver.dns.DefaultDnsServerAddressStreamProvider - Default DNS servers: [/127.0.0.53:53] (sun.net.dns.ResolverConfiguration)
18:32:32.795 [main] DEBUG io.netty.util.NetUtil - -Djava.net.preferIPv4Stack: false
18:32:32.795 [main] DEBUG io.netty.util.NetUtil - -Djava.net.preferIPv6Addresses: false
18:32:32.797 [main] DEBUG io.netty.util.NetUtilInitializations - Loopback interface: lo (lo, 0:0:0:0:0:0:0:1%lo)
18:32:32.797 [main] DEBUG io.netty.util.NetUtil - /proc/sys/net/core/somaxconn: 4096
2023-01-30 18:32:33.238  INFO 28672 --- [           main] o.a.maven.surefire.booter.ForkedBooter   : Starting ForkedBooter v2.22.2 using Java 11.0.17 on repairnator with PID 28672 (started by gabsko in /home/gabsko/breaking-updates/service-discovery/eureka)
2023-01-30 18:32:33.240  INFO 28672 --- [           main] o.a.maven.surefire.booter.ForkedBooter   : No active profile set, falling back to default profiles: default
2023-01-30 18:32:34.108 ERROR 28672 --- [           main] o.s.boot.SpringApplication               : Application run failed

java.lang.IllegalStateException: Error processing condition on org.springframework.cloud.netflix.eureka.server.EurekaServerAutoConfiguration.replicationClientAdditionalFilters
	at org.springframework.boot.autoconfigure.condition.SpringBootCondition.matches(SpringBootCondition.java:60) ~[spring-boot-autoconfigure-2.4.10.jar:2.4.10]
	at org.springframework.context.annotation.ConditionEvaluator.shouldSkip(ConditionEvaluator.java:108) ~[spring-context-5.3.9.jar:5.3.9]
	at org.springframework.context.annotation.ConfigurationClassBeanDefinitionReader.loadBeanDefinitionsForBeanMethod(ConfigurationClassBeanDefinitionReader.java:193) ~[spring-context-5.3.9.jar:5.3.9]
	at org.springframework.context.annotation.ConfigurationClassBeanDefinitionReader.loadBeanDefinitionsForConfigurationClass(ConfigurationClassBeanDefinitionReader.java:153) ~[spring-context-5.3.9.jar:5.3.9]
	at org.springframework.context.annotation.ConfigurationClassBeanDefinitionReader.loadBeanDefinitions(ConfigurationClassBeanDefinitionReader.java:129) ~[spring-context-5.3.9.jar:5.3.9]
	at org.springframework.context.annotation.ConfigurationClassPostProcessor.processConfigBeanDefinitions(ConfigurationClassPostProcessor.java:343) ~[spring-context-5.3.9.jar:5.3.9]
	at org.springframework.context.annotation.ConfigurationClassPostProcessor.postProcessBeanDefinitionRegistry(ConfigurationClassPostProcessor.java:247) ~[spring-context-5.3.9.jar:5.3.9]
	at org.springframework.context.support.PostProcessorRegistrationDelegate.invokeBeanDefinitionRegistryPostProcessors(PostProcessorRegistrationDelegate.java:311) ~[spring-context-5.3.9.jar:5.3.9]
	at org.springframework.context.support.PostProcessorRegistrationDelegate.invokeBeanFactoryPostProcessors(PostProcessorRegistrationDelegate.java:112) ~[spring-context-5.3.9.jar:5.3.9]
	at org.springframework.context.support.AbstractApplicationContext.invokeBeanFactoryPostProcessors(AbstractApplicationContext.java:746) ~[spring-context-5.3.9.jar:5.3.9]
	at org.springframework.context.support.AbstractApplicationContext.refresh(AbstractApplicationContext.java:564) ~[spring-context-5.3.9.jar:5.3.9]
	at org.springframework.boot.SpringApplication.refresh(SpringApplication.java:771) ~[spring-boot-2.4.10.jar:2.4.10]
	at org.springframework.boot.SpringApplication.refresh(SpringApplication.java:763) ~[spring-boot-2.4.10.jar:2.4.10]
	at org.springframework.boot.SpringApplication.refreshContext(SpringApplication.java:438) ~[spring-boot-2.4.10.jar:2.4.10]
	at org.springframework.boot.SpringApplication.run(SpringApplication.java:339) ~[spring-boot-2.4.10.jar:2.4.10]
	at org.springframework.boot.SpringApplication.run(SpringApplication.java:1329) ~[spring-boot-2.4.10.jar:2.4.10]
	at org.springframework.boot.SpringApplication.run(SpringApplication.java:1318) ~[spring-boot-2.4.10.jar:2.4.10]
	at io.smallrye.stork.servicediscovery.eureka.EurekaServer.start(EurekaServer.java:45) ~[test-classes/:na]
	at io.smallrye.stork.servicediscovery.eureka.EurekaDiscoveryTest.startEureka(EurekaDiscoveryTest.java:41) ~[test-classes/:na]
	at java.base/jdk.internal.reflect.NativeMethodAccessorImpl.invoke0(Native Method) ~[na:na]
	at java.base/jdk.internal.reflect.NativeMethodAccessorImpl.invoke(NativeMethodAccessorImpl.java:62) ~[na:na]
	at java.base/jdk.internal.reflect.DelegatingMethodAccessorImpl.invoke(DelegatingMethodAccessorImpl.java:43) ~[na:na]
	at java.base/java.lang.reflect.Method.invoke(Method.java:566) ~[na:na]
	at org.junit.platform.commons.util.ReflectionUtils.invokeMethod(ReflectionUtils.java:725) ~[junit-platform-commons-1.8.1.jar:1.8.1]
	at org.junit.jupiter.engine.execution.MethodInvocation.proceed(MethodInvocation.java:60) ~[junit-jupiter-engine-5.8.1.jar:5.8.1]
	at org.junit.jupiter.engine.execution.InvocationInterceptorChain$ValidatingInvocation.proceed(InvocationInterceptorChain.java:131) ~[junit-jupiter-engine-5.8.1.jar:5.8.1]
	at org.junit.jupiter.engine.extension.TimeoutExtension.intercept(TimeoutExtension.java:149) ~[junit-jupiter-engine-5.8.1.jar:5.8.1]
	at org.junit.jupiter.engine.extension.TimeoutExtension.interceptLifecycleMethod(TimeoutExtension.java:126) ~[junit-jupiter-engine-5.8.1.jar:5.8.1]
	at org.junit.jupiter.engine.extension.TimeoutExtension.interceptBeforeAllMethod(TimeoutExtension.java:68) ~[junit-jupiter-engine-5.8.1.jar:5.8.1]
	at org.junit.jupiter.engine.execution.ExecutableInvoker$ReflectiveInterceptorCall.lambda$ofVoidMethod$0(ExecutableInvoker.java:115) ~[junit-jupiter-engine-5.8.1.jar:5.8.1]
	at org.junit.jupiter.engine.execution.ExecutableInvoker.lambda$invoke$0(ExecutableInvoker.java:105) ~[junit-jupiter-engine-5.8.1.jar:5.8.1]
	at org.junit.jupiter.engine.execution.InvocationInterceptorChain$InterceptedInvocation.proceed(InvocationInterceptorChain.java:106) ~[junit-jupiter-engine-5.8.1.jar:5.8.1]
	at org.junit.jupiter.engine.execution.InvocationInterceptorChain.proceed(InvocationInterceptorChain.java:64) ~[junit-jupiter-engine-5.8.1.jar:5.8.1]
	at org.junit.jupiter.engine.execution.InvocationInterceptorChain.chainAndInvoke(InvocationInterceptorChain.java:45) ~[junit-jupiter-engine-5.8.1.jar:5.8.1]
	at org.junit.jupiter.engine.execution.InvocationInterceptorChain.invoke(InvocationInterceptorChain.java:37) ~[junit-jupiter-engine-5.8.1.jar:5.8.1]
	at org.junit.jupiter.engine.execution.ExecutableInvoker.invoke(ExecutableInvoker.java:104) ~[junit-jupiter-engine-5.8.1.jar:5.8.1]
	at org.junit.jupiter.engine.execution.ExecutableInvoker.invoke(ExecutableInvoker.java:98) ~[junit-jupiter-engine-5.8.1.jar:5.8.1]
	at org.junit.jupiter.engine.descriptor.ClassBasedTestDescriptor.lambda$invokeBeforeAllMethods$11(ClassBasedTestDescriptor.java:397) ~[junit-jupiter-engine-5.8.1.jar:5.8.1]
	at org.junit.platform.engine.support.hierarchical.ThrowableCollector.execute(ThrowableCollector.java:73) ~[junit-platform-engine-1.8.1.jar:1.8.1]
	at org.junit.jupiter.engine.descriptor.ClassBasedTestDescriptor.invokeBeforeAllMethods(ClassBasedTestDescriptor.java:395) ~[junit-jupiter-engine-5.8.1.jar:5.8.1]
	at org.junit.jupiter.engine.descriptor.ClassBasedTestDescriptor.before(ClassBasedTestDescriptor.java:209) ~[junit-jupiter-engine-5.8.1.jar:5.8.1]
	at org.junit.jupiter.engine.descriptor.ClassBasedTestDescriptor.before(ClassBasedTestDescriptor.java:80) ~[junit-jupiter-engine-5.8.1.jar:5.8.1]
	at org.junit.platform.engine.support.hierarchical.NodeTestTask.lambda$executeRecursively$6(NodeTestTask.java:148) ~[junit-platform-engine-1.8.1.jar:1.8.1]
	at org.junit.platform.engine.support.hierarchical.ThrowableCollector.execute(ThrowableCollector.java:73) ~[junit-platform-engine-1.8.1.jar:1.8.1]
	at org.junit.platform.engine.support.hierarchical.NodeTestTask.lambda$executeRecursively$8(NodeTestTask.java:141) ~[junit-platform-engine-1.8.1.jar:1.8.1]
	at org.junit.platform.engine.support.hierarchical.Node.around(Node.java:137) ~[junit-platform-engine-1.8.1.jar:1.8.1]
	at org.junit.platform.engine.support.hierarchical.NodeTestTask.lambda$executeRecursively$9(NodeTestTask.java:139) ~[junit-platform-engine-1.8.1.jar:1.8.1]
	at org.junit.platform.engine.support.hierarchical.ThrowableCollector.execute(ThrowableCollector.java:73) ~[junit-platform-engine-1.8.1.jar:1.8.1]
	at org.junit.platform.engine.support.hierarchical.NodeTestTask.executeRecursively(NodeTestTask.java:138) ~[junit-platform-engine-1.8.1.jar:1.8.1]
	at org.junit.platform.engine.support.hierarchical.NodeTestTask.execute(NodeTestTask.java:95) ~[junit-platform-engine-1.8.1.jar:1.8.1]
	at java.base/java.util.ArrayList.forEach(ArrayList.java:1541) ~[na:na]
	at org.junit.platform.engine.support.hierarchical.SameThreadHierarchicalTestExecutorService.invokeAll(SameThreadHierarchicalTestExecutorService.java:41) ~[junit-platform-engine-1.8.1.jar:1.8.1]
	at org.junit.platform.engine.support.hierarchical.NodeTestTask.lambda$executeRecursively$6(NodeTestTask.java:155) ~[junit-platform-engine-1.8.1.jar:1.8.1]
	at org.junit.platform.engine.support.hierarchical.ThrowableCollector.execute(ThrowableCollector.java:73) ~[junit-platform-engine-1.8.1.jar:1.8.1]
	at org.junit.platform.engine.support.hierarchical.NodeTestTask.lambda$executeRecursively$8(NodeTestTask.java:141) ~[junit-platform-engine-1.8.1.jar:1.8.1]
	at org.junit.platform.engine.support.hierarchical.Node.around(Node.java:137) ~[junit-platform-engine-1.8.1.jar:1.8.1]
	at org.junit.platform.engine.support.hierarchical.NodeTestTask.lambda$executeRecursively$9(NodeTestTask.java:139) ~[junit-platform-engine-1.8.1.jar:1.8.1]
	at org.junit.platform.engine.support.hierarchical.ThrowableCollector.execute(ThrowableCollector.java:73) ~[junit-platform-engine-1.8.1.jar:1.8.1]
	at org.junit.platform.engine.support.hierarchical.NodeTestTask.executeRecursively(NodeTestTask.java:138) ~[junit-platform-engine-1.8.1.jar:1.8.1]
	at org.junit.platform.engine.support.hierarchical.NodeTestTask.execute(NodeTestTask.java:95) ~[junit-platform-engine-1.8.1.jar:1.8.1]
	at org.junit.platform.engine.support.hierarchical.SameThreadHierarchicalTestExecutorService.submit(SameThreadHierarchicalTestExecutorService.java:35) ~[junit-platform-engine-1.8.1.jar:1.8.1]
	at org.junit.platform.engine.support.hierarchical.HierarchicalTestExecutor.execute(HierarchicalTestExecutor.java:57) ~[junit-platform-engine-1.8.1.jar:1.8.1]
	at org.junit.platform.engine.support.hierarchical.HierarchicalTestEngine.execute(HierarchicalTestEngine.java:54) ~[junit-platform-engine-1.8.1.jar:1.8.1]
	at org.junit.platform.launcher.core.DefaultLauncher.execute(DefaultLauncher.java:220) ~[junit-platform-launcher-1.3.1.jar:1.3.1]
	at org.junit.platform.launcher.core.DefaultLauncher.lambda$execute$6(DefaultLauncher.java:188) ~[junit-platform-launcher-1.3.1.jar:1.3.1]
	at org.junit.platform.launcher.core.DefaultLauncher.withInterceptedStreams(DefaultLauncher.java:202) ~[junit-platform-launcher-1.3.1.jar:1.3.1]
	at org.junit.platform.launcher.core.DefaultLauncher.execute(DefaultLauncher.java:181) ~[junit-platform-launcher-1.3.1.jar:1.3.1]
	at org.junit.platform.launcher.core.DefaultLauncher.execute(DefaultLauncher.java:128) ~[junit-platform-launcher-1.3.1.jar:1.3.1]
	at org.apache.maven.surefire.junitplatform.JUnitPlatformProvider.invokeAllTests(JUnitPlatformProvider.java:150) ~[surefire-junit-platform-2.22.2.jar:2.22.2]
	at org.apache.maven.surefire.junitplatform.JUnitPlatformProvider.invoke(JUnitPlatformProvider.java:124) ~[surefire-junit-platform-2.22.2.jar:2.22.2]
	at org.apache.maven.surefire.booter.ForkedBooter.invokeProviderInSameClassLoader(ForkedBooter.java:384) ~[surefire-booter-2.22.2.jar:2.22.2]
	at org.apache.maven.surefire.booter.ForkedBooter.runSuitesInProcess(ForkedBooter.java:345) ~[surefire-booter-2.22.2.jar:2.22.2]
	at org.apache.maven.surefire.booter.ForkedBooter.execute(ForkedBooter.java:126) ~[surefire-booter-2.22.2.jar:2.22.2]
	at org.apache.maven.surefire.booter.ForkedBooter.main(ForkedBooter.java:418) ~[surefire-booter-2.22.2.jar:2.22.2]
Caused by: java.lang.IllegalStateException: Failed to introspect Class [org.springframework.cloud.netflix.eureka.server.EurekaServerAutoConfiguration] from ClassLoader [jdk.internal.loader.ClassLoaders$AppClassLoader@55054057]
	at org.springframework.util.ReflectionUtils.getDeclaredMethods(ReflectionUtils.java:481) ~[spring-core-5.3.9.jar:5.3.9]
	at org.springframework.util.ReflectionUtils.doWithMethods(ReflectionUtils.java:358) ~[spring-core-5.3.9.jar:5.3.9]
	at org.springframework.util.ReflectionUtils.getUniqueDeclaredMethods(ReflectionUtils.java:414) ~[spring-core-5.3.9.jar:5.3.9]
	at org.springframework.beans.factory.support.AbstractAutowireCapableBeanFactory.lambda$getTypeForFactoryMethod$2(AbstractAutowireCapableBeanFactory.java:747) ~[spring-beans-5.3.9.jar:5.3.9]
	at java.base/java.util.concurrent.ConcurrentHashMap.computeIfAbsent(ConcurrentHashMap.java:1705) ~[na:na]
	at org.springframework.beans.factory.support.AbstractAutowireCapableBeanFactory.getTypeForFactoryMethod(AbstractAutowireCapableBeanFactory.java:746) ~[spring-beans-5.3.9.jar:5.3.9]
	at org.springframework.beans.factory.support.AbstractAutowireCapableBeanFactory.determineTargetType(AbstractAutowireCapableBeanFactory.java:685) ~[spring-beans-5.3.9.jar:5.3.9]
	at org.springframework.beans.factory.support.AbstractAutowireCapableBeanFactory.predictBeanType(AbstractAutowireCapableBeanFactory.java:656) ~[spring-beans-5.3.9.jar:5.3.9]
	at org.springframework.beans.factory.support.AbstractBeanFactory.isFactoryBean(AbstractBeanFactory.java:1670) ~[spring-beans-5.3.9.jar:5.3.9]
	at org.springframework.beans.factory.support.DefaultListableBeanFactory.doGetBeanNamesForType(DefaultListableBeanFactory.java:570) ~[spring-beans-5.3.9.jar:5.3.9]
	at org.springframework.beans.factory.support.DefaultListableBeanFactory.getBeanNamesForType(DefaultListableBeanFactory.java:542) ~[spring-beans-5.3.9.jar:5.3.9]
	at org.springframework.boot.autoconfigure.condition.OnBeanCondition.collectBeanNamesForType(OnBeanCondition.java:238) ~[spring-boot-autoconfigure-2.4.10.jar:2.4.10]
	at org.springframework.boot.autoconfigure.condition.OnBeanCondition.getBeanNamesForType(OnBeanCondition.java:231) ~[spring-boot-autoconfigure-2.4.10.jar:2.4.10]
	at org.springframework.boot.autoconfigure.condition.OnBeanCondition.getBeanNamesForType(OnBeanCondition.java:221) ~[spring-boot-autoconfigure-2.4.10.jar:2.4.10]
	at org.springframework.boot.autoconfigure.condition.OnBeanCondition.getMatchingBeans(OnBeanCondition.java:169) ~[spring-boot-autoconfigure-2.4.10.jar:2.4.10]
	at org.springframework.boot.autoconfigure.condition.OnBeanCondition.getMatchOutcome(OnBeanCondition.java:144) ~[spring-boot-autoconfigure-2.4.10.jar:2.4.10]
	at org.springframework.boot.autoconfigure.condition.SpringBootCondition.matches(SpringBootCondition.java:47) ~[spring-boot-autoconfigure-2.4.10.jar:2.4.10]
	... 73 common frames omitted
Caused by: java.lang.NoClassDefFoundError: javax/servlet/Filter
	at java.base/java.lang.Class.getDeclaredMethods0(Native Method) ~[na:na]
	at java.base/java.lang.Class.privateGetDeclaredMethods(Class.java:3166) ~[na:na]
	at java.base/java.lang.Class.getDeclaredMethods(Class.java:2309) ~[na:na]
	at org.springframework.util.ReflectionUtils.getDeclaredMethods(ReflectionUtils.java:463) ~[spring-core-5.3.9.jar:5.3.9]
	... 89 common frames omitted
Caused by: java.lang.ClassNotFoundException: javax.servlet.Filter
	at java.base/jdk.internal.loader.BuiltinClassLoader.loadClass(BuiltinClassLoader.java:581) ~[na:na]
	at java.base/jdk.internal.loader.ClassLoaders$AppClassLoader.loadClass(ClassLoaders.java:178) ~[na:na]
	at java.base/java.lang.ClassLoader.loadClass(ClassLoader.java:522) ~[na:na]
	... 93 common frames omitted

2023-01-30 18:32:34.132  WARN 28672 --- [           main] o.s.boot.SpringApplication               : Unable to close ApplicationContext

java.lang.IllegalStateException: Failed to introspect Class [org.springframework.cloud.netflix.eureka.server.EurekaServerAutoConfiguration] from ClassLoader [jdk.internal.loader.ClassLoaders$AppClassLoader@55054057]
	at org.springframework.util.ReflectionUtils.getDeclaredMethods(ReflectionUtils.java:481) ~[spring-core-5.3.9.jar:5.3.9]
	at org.springframework.util.ReflectionUtils.doWithMethods(ReflectionUtils.java:358) ~[spring-core-5.3.9.jar:5.3.9]
	at org.springframework.util.ReflectionUtils.getUniqueDeclaredMethods(ReflectionUtils.java:414) ~[spring-core-5.3.9.jar:5.3.9]
	at org.springframework.beans.factory.support.AbstractAutowireCapableBeanFactory.lambda$getTypeForFactoryMethod$2(AbstractAutowireCapableBeanFactory.java:747) ~[spring-beans-5.3.9.jar:5.3.9]
	at java.base/java.util.concurrent.ConcurrentHashMap.computeIfAbsent(ConcurrentHashMap.java:1705) ~[na:na]
	at org.springframework.beans.factory.support.AbstractAutowireCapableBeanFactory.getTypeForFactoryMethod(AbstractAutowireCapableBeanFactory.java:746) ~[spring-beans-5.3.9.jar:5.3.9]
	at org.springframework.beans.factory.support.AbstractAutowireCapableBeanFactory.determineTargetType(AbstractAutowireCapableBeanFactory.java:685) ~[spring-beans-5.3.9.jar:5.3.9]
	at org.springframework.beans.factory.support.AbstractAutowireCapableBeanFactory.predictBeanType(AbstractAutowireCapableBeanFactory.java:656) ~[spring-beans-5.3.9.jar:5.3.9]
	at org.springframework.beans.factory.support.AbstractBeanFactory.isFactoryBean(AbstractBeanFactory.java:1670) ~[spring-beans-5.3.9.jar:5.3.9]
	at org.springframework.beans.factory.support.DefaultListableBeanFactory.doGetBeanNamesForType(DefaultListableBeanFactory.java:570) ~[spring-beans-5.3.9.jar:5.3.9]
	at org.springframework.beans.factory.support.DefaultListableBeanFactory.getBeanNamesForType(DefaultListableBeanFactory.java:542) ~[spring-beans-5.3.9.jar:5.3.9]
	at org.springframework.beans.factory.support.DefaultListableBeanFactory.getBeansOfType(DefaultListableBeanFactory.java:667) ~[spring-beans-5.3.9.jar:5.3.9]
	at org.springframework.beans.factory.support.DefaultListableBeanFactory.getBeansOfType(DefaultListableBeanFactory.java:659) ~[spring-beans-5.3.9.jar:5.3.9]
	at org.springframework.context.support.AbstractApplicationContext.getBeansOfType(AbstractApplicationContext.java:1300) ~[spring-context-5.3.9.jar:5.3.9]
	at org.springframework.boot.SpringApplication.getExitCodeFromMappedException(SpringApplication.java:903) ~[spring-boot-2.4.10.jar:2.4.10]
	at org.springframework.boot.SpringApplication.getExitCodeFromException(SpringApplication.java:891) ~[spring-boot-2.4.10.jar:2.4.10]
	at org.springframework.boot.SpringApplication.handleExitCode(SpringApplication.java:878) ~[spring-boot-2.4.10.jar:2.4.10]
	at org.springframework.boot.SpringApplication.handleRunFailure(SpringApplication.java:819) ~[spring-boot-2.4.10.jar:2.4.10]
	at org.springframework.boot.SpringApplication.run(SpringApplication.java:349) ~[spring-boot-2.4.10.jar:2.4.10]
	at org.springframework.boot.SpringApplication.run(SpringApplication.java:1329) ~[spring-boot-2.4.10.jar:2.4.10]
	at org.springframework.boot.SpringApplication.run(SpringApplication.java:1318) ~[spring-boot-2.4.10.jar:2.4.10]
	at io.smallrye.stork.servicediscovery.eureka.EurekaServer.start(EurekaServer.java:45) ~[test-classes/:na]
	at io.smallrye.stork.servicediscovery.eureka.EurekaDiscoveryTest.startEureka(EurekaDiscoveryTest.java:41) ~[test-classes/:na]
	at java.base/jdk.internal.reflect.NativeMethodAccessorImpl.invoke0(Native Method) ~[na:na]
	at java.base/jdk.internal.reflect.NativeMethodAccessorImpl.invoke(NativeMethodAccessorImpl.java:62) ~[na:na]
	at java.base/jdk.internal.reflect.DelegatingMethodAccessorImpl.invoke(DelegatingMethodAccessorImpl.java:43) ~[na:na]
	at java.base/java.lang.reflect.Method.invoke(Method.java:566) ~[na:na]
	at org.junit.platform.commons.util.ReflectionUtils.invokeMethod(ReflectionUtils.java:725) ~[junit-platform-commons-1.8.1.jar:1.8.1]
	at org.junit.jupiter.engine.execution.MethodInvocation.proceed(MethodInvocation.java:60) ~[junit-jupiter-engine-5.8.1.jar:5.8.1]
	at org.junit.jupiter.engine.execution.InvocationInterceptorChain$ValidatingInvocation.proceed(InvocationInterceptorChain.java:131) ~[junit-jupiter-engine-5.8.1.jar:5.8.1]
	at org.junit.jupiter.engine.extension.TimeoutExtension.intercept(TimeoutExtension.java:149) ~[junit-jupiter-engine-5.8.1.jar:5.8.1]
	at org.junit.jupiter.engine.extension.TimeoutExtension.interceptLifecycleMethod(TimeoutExtension.java:126) ~[junit-jupiter-engine-5.8.1.jar:5.8.1]
	at org.junit.jupiter.engine.extension.TimeoutExtension.interceptBeforeAllMethod(TimeoutExtension.java:68) ~[junit-jupiter-engine-5.8.1.jar:5.8.1]
	at org.junit.jupiter.engine.execution.ExecutableInvoker$ReflectiveInterceptorCall.lambda$ofVoidMethod$0(ExecutableInvoker.java:115) ~[junit-jupiter-engine-5.8.1.jar:5.8.1]
	at org.junit.jupiter.engine.execution.ExecutableInvoker.lambda$invoke$0(ExecutableInvoker.java:105) ~[junit-jupiter-engine-5.8.1.jar:5.8.1]
	at org.junit.jupiter.engine.execution.InvocationInterceptorChain$InterceptedInvocation.proceed(InvocationInterceptorChain.java:106) ~[junit-jupiter-engine-5.8.1.jar:5.8.1]
	at org.junit.jupiter.engine.execution.InvocationInterceptorChain.proceed(InvocationInterceptorChain.java:64) ~[junit-jupiter-engine-5.8.1.jar:5.8.1]
	at org.junit.jupiter.engine.execution.InvocationInterceptorChain.chainAndInvoke(InvocationInterceptorChain.java:45) ~[junit-jupiter-engine-5.8.1.jar:5.8.1]
	at org.junit.jupiter.engine.execution.InvocationInterceptorChain.invoke(InvocationInterceptorChain.java:37) ~[junit-jupiter-engine-5.8.1.jar:5.8.1]
	at org.junit.jupiter.engine.execution.ExecutableInvoker.invoke(ExecutableInvoker.java:104) ~[junit-jupiter-engine-5.8.1.jar:5.8.1]
	at org.junit.jupiter.engine.execution.ExecutableInvoker.invoke(ExecutableInvoker.java:98) ~[junit-jupiter-engine-5.8.1.jar:5.8.1]
	at org.junit.jupiter.engine.descriptor.ClassBasedTestDescriptor.lambda$invokeBeforeAllMethods$11(ClassBasedTestDescriptor.java:397) ~[junit-jupiter-engine-5.8.1.jar:5.8.1]
	at org.junit.platform.engine.support.hierarchical.ThrowableCollector.execute(ThrowableCollector.java:73) ~[junit-platform-engine-1.8.1.jar:1.8.1]
	at org.junit.jupiter.engine.descriptor.ClassBasedTestDescriptor.invokeBeforeAllMethods(ClassBasedTestDescriptor.java:395) ~[junit-jupiter-engine-5.8.1.jar:5.8.1]
	at org.junit.jupiter.engine.descriptor.ClassBasedTestDescriptor.before(ClassBasedTestDescriptor.java:209) ~[junit-jupiter-engine-5.8.1.jar:5.8.1]
	at org.junit.jupiter.engine.descriptor.ClassBasedTestDescriptor.before(ClassBasedTestDescriptor.java:80) ~[junit-jupiter-engine-5.8.1.jar:5.8.1]
	at org.junit.platform.engine.support.hierarchical.NodeTestTask.lambda$executeRecursively$6(NodeTestTask.java:148) ~[junit-platform-engine-1.8.1.jar:1.8.1]
	at org.junit.platform.engine.support.hierarchical.ThrowableCollector.execute(ThrowableCollector.java:73) ~[junit-platform-engine-1.8.1.jar:1.8.1]
	at org.junit.platform.engine.support.hierarchical.NodeTestTask.lambda$executeRecursively$8(NodeTestTask.java:141) ~[junit-platform-engine-1.8.1.jar:1.8.1]
	at org.junit.platform.engine.support.hierarchical.Node.around(Node.java:137) ~[junit-platform-engine-1.8.1.jar:1.8.1]
	at org.junit.platform.engine.support.hierarchical.NodeTestTask.lambda$executeRecursively$9(NodeTestTask.java:139) ~[junit-platform-engine-1.8.1.jar:1.8.1]
	at org.junit.platform.engine.support.hierarchical.ThrowableCollector.execute(ThrowableCollector.java:73) ~[junit-platform-engine-1.8.1.jar:1.8.1]
	at org.junit.platform.engine.support.hierarchical.NodeTestTask.executeRecursively(NodeTestTask.java:138) ~[junit-platform-engine-1.8.1.jar:1.8.1]
	at org.junit.platform.engine.support.hierarchical.NodeTestTask.execute(NodeTestTask.java:95) ~[junit-platform-engine-1.8.1.jar:1.8.1]
	at java.base/java.util.ArrayList.forEach(ArrayList.java:1541) ~[na:na]
	at org.junit.platform.engine.support.hierarchical.SameThreadHierarchicalTestExecutorService.invokeAll(SameThreadHierarchicalTestExecutorService.java:41) ~[junit-platform-engine-1.8.1.jar:1.8.1]
	at org.junit.platform.engine.support.hierarchical.NodeTestTask.lambda$executeRecursively$6(NodeTestTask.java:155) ~[junit-platform-engine-1.8.1.jar:1.8.1]
	at org.junit.platform.engine.support.hierarchical.ThrowableCollector.execute(ThrowableCollector.java:73) ~[junit-platform-engine-1.8.1.jar:1.8.1]
	at org.junit.platform.engine.support.hierarchical.NodeTestTask.lambda$executeRecursively$8(NodeTestTask.java:141) ~[junit-platform-engine-1.8.1.jar:1.8.1]
	at org.junit.platform.engine.support.hierarchical.Node.around(Node.java:137) ~[junit-platform-engine-1.8.1.jar:1.8.1]
	at org.junit.platform.engine.support.hierarchical.NodeTestTask.lambda$executeRecursively$9(NodeTestTask.java:139) ~[junit-platform-engine-1.8.1.jar:1.8.1]
	at org.junit.platform.engine.support.hierarchical.ThrowableCollector.execute(ThrowableCollector.java:73) ~[junit-platform-engine-1.8.1.jar:1.8.1]
	at org.junit.platform.engine.support.hierarchical.NodeTestTask.executeRecursively(NodeTestTask.java:138) ~[junit-platform-engine-1.8.1.jar:1.8.1]
	at org.junit.platform.engine.support.hierarchical.NodeTestTask.execute(NodeTestTask.java:95) ~[junit-platform-engine-1.8.1.jar:1.8.1]
	at org.junit.platform.engine.support.hierarchical.SameThreadHierarchicalTestExecutorService.submit(SameThreadHierarchicalTestExecutorService.java:35) ~[junit-platform-engine-1.8.1.jar:1.8.1]
	at org.junit.platform.engine.support.hierarchical.HierarchicalTestExecutor.execute(HierarchicalTestExecutor.java:57) ~[junit-platform-engine-1.8.1.jar:1.8.1]
	at org.junit.platform.engine.support.hierarchical.HierarchicalTestEngine.execute(HierarchicalTestEngine.java:54) ~[junit-platform-engine-1.8.1.jar:1.8.1]
	at org.junit.platform.launcher.core.DefaultLauncher.execute(DefaultLauncher.java:220) ~[junit-platform-launcher-1.3.1.jar:1.3.1]
	at org.junit.platform.launcher.core.DefaultLauncher.lambda$execute$6(DefaultLauncher.java:188) ~[junit-platform-launcher-1.3.1.jar:1.3.1]
	at org.junit.platform.launcher.core.DefaultLauncher.withInterceptedStreams(DefaultLauncher.java:202) ~[junit-platform-launcher-1.3.1.jar:1.3.1]
	at org.junit.platform.launcher.core.DefaultLauncher.execute(DefaultLauncher.java:181) ~[junit-platform-launcher-1.3.1.jar:1.3.1]
	at org.junit.platform.launcher.core.DefaultLauncher.execute(DefaultLauncher.java:128) ~[junit-platform-launcher-1.3.1.jar:1.3.1]
	at org.apache.maven.surefire.junitplatform.JUnitPlatformProvider.invokeAllTests(JUnitPlatformProvider.java:150) ~[surefire-junit-platform-2.22.2.jar:2.22.2]
	at org.apache.maven.surefire.junitplatform.JUnitPlatformProvider.invoke(JUnitPlatformProvider.java:124) ~[surefire-junit-platform-2.22.2.jar:2.22.2]
	at org.apache.maven.surefire.booter.ForkedBooter.invokeProviderInSameClassLoader(ForkedBooter.java:384) ~[surefire-booter-2.22.2.jar:2.22.2]
	at org.apache.maven.surefire.booter.ForkedBooter.runSuitesInProcess(ForkedBooter.java:345) ~[surefire-booter-2.22.2.jar:2.22.2]
	at org.apache.maven.surefire.booter.ForkedBooter.execute(ForkedBooter.java:126) ~[surefire-booter-2.22.2.jar:2.22.2]
	at org.apache.maven.surefire.booter.ForkedBooter.main(ForkedBooter.java:418) ~[surefire-booter-2.22.2.jar:2.22.2]
Caused by: java.lang.NoClassDefFoundError: javax/servlet/Filter
	at java.base/java.lang.Class.getDeclaredMethods0(Native Method) ~[na:na]
	at java.base/java.lang.Class.privateGetDeclaredMethods(Class.java:3166) ~[na:na]
	at java.base/java.lang.Class.getDeclaredMethods(Class.java:2309) ~[na:na]
	at org.springframework.util.ReflectionUtils.getDeclaredMethods(ReflectionUtils.java:463) ~[spring-core-5.3.9.jar:5.3.9]
	... 77 common frames omitted
Caused by: java.lang.ClassNotFoundException: javax.servlet.Filter
	at java.base/jdk.internal.loader.BuiltinClassLoader.loadClass(BuiltinClassLoader.java:581) ~[na:na]
	at java.base/jdk.internal.loader.ClassLoaders$AppClassLoader.loadClass(ClassLoaders.java:178) ~[na:na]
	at java.base/java.lang.ClassLoader.loadClass(ClassLoader.java:522) ~[na:na]
	... 81 common frames omitted

[ERROR] Tests run: 1, Failures: 0, Errors: 1, Skipped: 0, Time elapsed: 1.675 s <<< FAILURE! - in io.smallrye.stork.servicediscovery.eureka.EurekaDiscoveryTest
[ERROR] io.smallrye.stork.servicediscovery.eureka.EurekaDiscoveryTest  Time elapsed: 1.675 s  <<< ERROR!
java.lang.IllegalStateException: Error processing condition on org.springframework.cloud.netflix.eureka.server.EurekaServerAutoConfiguration.replicationClientAdditionalFilters
	at io.smallrye.stork.servicediscovery.eureka.EurekaDiscoveryTest.startEureka(EurekaDiscoveryTest.java:41)
Caused by: java.lang.IllegalStateException: Failed to introspect Class [org.springframework.cloud.netflix.eureka.server.EurekaServerAutoConfiguration] from ClassLoader [jdk.internal.loader.ClassLoaders$AppClassLoader@55054057]
	at io.smallrye.stork.servicediscovery.eureka.EurekaDiscoveryTest.startEureka(EurekaDiscoveryTest.java:41)
Caused by: java.lang.NoClassDefFoundError: javax/servlet/Filter
	at io.smallrye.stork.servicediscovery.eureka.EurekaDiscoveryTest.startEureka(EurekaDiscoveryTest.java:41)
Caused by: java.lang.ClassNotFoundException: javax.servlet.Filter
	at io.smallrye.stork.servicediscovery.eureka.EurekaDiscoveryTest.startEureka(EurekaDiscoveryTest.java:41)

[INFO] Running io.smallrye.stork.servicediscovery.eureka.EurekaDownTest
2023-01-30 18:32:34.303  INFO 28672 --- [           main] io.smallrye.stork.Stork                  : No load balancer configured for type eureka
[INFO] Tests run: 1, Failures: 0, Errors: 0, Skipped: 0, Time elapsed: 0.337 s - in io.smallrye.stork.servicediscovery.eureka.EurekaDownTest
[INFO] 
[INFO] Results:
[INFO] 
[ERROR] Errors: 
[ERROR]   EurekaDiscoveryTest.startEureka:41 » IllegalState Error processing condition o...
[INFO] 
[ERROR] Tests run: 2, Failures: 0, Errors: 1, Skipped: 0
[INFO] 
[INFO] ------------------------------------------------------------------------
[INFO] Reactor Summary for SmallRye Service Discovery : Parent 1.0.0-SNAPSHOT:
[INFO] 
[INFO] SmallRye Service Discovery : Parent ................ SUCCESS [  0.574 s]
[INFO] SmallRye Stork : interface for library integration . SUCCESS [  4.534 s]
[INFO] SmallRye Stork Load Balancer : Test Utilities ...... SUCCESS [  0.163 s]
[INFO] SmallRye Stork : MicroProfile Config integration ... SUCCESS [  1.172 s]
[INFO] SmallRye Stork Service Discovery : Static List ..... SUCCESS [  1.054 s]
[INFO] SmallRye Stork Service Discovery : Consul List ..... SUCCESS [  0.424 s]
[INFO] SmallRye Stork Service Discovery : Kubernetes DNS .. SUCCESS [  8.993 s]
[INFO] SmallRye Stork Service Discovery : Eureka .......... FAILURE [  4.268 s]
[INFO] SmallRye Stork Load Balancer : Round Robin ......... SKIPPED
[INFO] SmallRye Stork Load Balancer : Response Time ....... SKIPPED
[INFO] SmallRye Stork : Doc ............................... SKIPPED
[INFO] ------------------------------------------------------------------------
[INFO] BUILD FAILURE
[INFO] ------------------------------------------------------------------------
[INFO] Total time:  21.471 s
[INFO] Finished at: 2023-01-30T18:32:34Z
[INFO] ------------------------------------------------------------------------
[ERROR] Failed to execute goal org.apache.maven.plugins:maven-surefire-plugin:2.22.2:test (default-test) on project smallrye-stork-service-discovery-eureka: There are test failures.
[ERROR] 
[ERROR] Please refer to /home/gabsko/breaking-updates/service-discovery/eureka/target/surefire-reports for the individual test results.
[ERROR] Please refer to dump files (if any exist) [date].dump, [date]-jvmRun[N].dump and [date].dumpstream.
[ERROR] -> [Help 1]
[ERROR] 
[ERROR] To see the full stack trace of the errors, re-run Maven with the -e switch.
[ERROR] Re-run Maven using the -X switch to enable full debug logging.
[ERROR] 
[ERROR] For more information about the errors and possible solutions, please read the following articles:
[ERROR] [Help 1] http://cwiki.apache.org/confluence/display/MAVEN/MojoFailureException
[ERROR] 
[ERROR] After correcting the problems, you can resume the build with the command
[ERROR]   mvn <args> -rf :smallrye-stork-service-discovery-eureka
