[INFO] Scanning for projects...
[INFO] Inspecting build with total of 1 modules...
[INFO] Installing Nexus Staging features:
[INFO]   ... total of 1 executions of maven-deploy-plugin replaced with nexus-staging-maven-plugin
[INFO] 
[INFO] -------------------------< org.ojalgo:ojalgo >--------------------------
[INFO] Building ojAlgo 50.0.0-SNAPSHOT
[INFO] --------------------------------[ jar ]---------------------------------
[INFO] 
[INFO] --- maven-clean-plugin:2.5:clean (default-clean) @ ojalgo ---
[INFO] Deleting /home/gabsko/breaking-updates/target
[INFO] 
[INFO] --- maven-resources-plugin:2.6:resources (default-resources) @ ojalgo ---
[INFO] Using 'UTF-8' encoding to copy filtered resources.
[INFO] skip non existing resourceDirectory /home/gabsko/breaking-updates/src/main/resources
[INFO] 
[INFO] --- maven-compiler-plugin:3.8.1:compile (default-compile) @ ojalgo ---
[INFO] Changes detected - recompiling the module!
[INFO] Compiling 481 source files to /home/gabsko/breaking-updates/target/classes
[INFO] /home/gabsko/breaking-updates/src/main/java/org/ojalgo/random/process/AbstractProcess.java: Some input files use or override a deprecated API.
[INFO] /home/gabsko/breaking-updates/src/main/java/org/ojalgo/random/process/AbstractProcess.java: Recompile with -Xlint:deprecation for details.
[INFO] /home/gabsko/breaking-updates/src/main/java/org/ojalgo/array/Array2D.java: Some input files use unchecked or unsafe operations.
[INFO] /home/gabsko/breaking-updates/src/main/java/org/ojalgo/array/Array2D.java: Recompile with -Xlint:unchecked for details.
[INFO] 
[INFO] --- maven-resources-plugin:2.6:testResources (default-testResources) @ ojalgo ---
[INFO] Using 'UTF-8' encoding to copy filtered resources.
[INFO] Copying 330 resources
[INFO] 
[INFO] --- maven-compiler-plugin:3.8.1:testCompile (default-testCompile) @ ojalgo ---
[INFO] Changes detected - recompiling the module!
[INFO] Compiling 233 source files to /home/gabsko/breaking-updates/target/test-classes
[INFO] /home/gabsko/breaking-updates/src/test/java/org/ojalgo/optimisation/integer/LpsolveSemiContCase.java: Some input files use or override a deprecated API.
[INFO] /home/gabsko/breaking-updates/src/test/java/org/ojalgo/optimisation/integer/LpsolveSemiContCase.java: Recompile with -Xlint:deprecation for details.
[INFO] /home/gabsko/breaking-updates/src/test/java/org/ojalgo/tensor/TensorTest.java: Some input files use unchecked or unsafe operations.
[INFO] /home/gabsko/breaking-updates/src/test/java/org/ojalgo/tensor/TensorTest.java: Recompile with -Xlint:unchecked for details.
[INFO] 
[INFO] --- maven-surefire-plugin:2.22.2:test (default-test) @ ojalgo ---
[INFO] 
[INFO] -------------------------------------------------------
[INFO]  T E S T S
[INFO] -------------------------------------------------------
[INFO] Running org.ojalgo.array.AggregatorSum
ojAlgo includes a small set of predefined hardware profiles,
none of which were deemed suitable for the hardware you're currently using.
A default hardware profile, that is perfectly usable, has been set for you.
You may want to set org.ojalgo.OjAlgoUtils.ENVIRONMENT to something that
better matches the hardware/OS/JVM you're running on, than the default.
Additionally it would be appreciated if you contribute your hardware profile:
https://github.com/optimatika/ojAlgo/issues
Architecture=x86_64 Threads=36 Memory=32178700288
[INFO] Tests run: 6, Failures: 0, Errors: 0, Skipped: 0, Time elapsed: 0.063 s - in org.ojalgo.array.AggregatorSum
[INFO] Running org.ojalgo.array.ArrayStructureTest
[INFO] Tests run: 3, Failures: 0, Errors: 0, Skipped: 0, Time elapsed: 0 s - in org.ojalgo.array.ArrayStructureTest
[INFO] Running org.ojalgo.array.AggregatorProduct
[INFO] Tests run: 6, Failures: 0, Errors: 0, Skipped: 0, Time elapsed: 0.001 s - in org.ojalgo.array.AggregatorProduct
[INFO] Running org.ojalgo.array.Array1DTest
[INFO] Tests run: 4, Failures: 0, Errors: 0, Skipped: 0, Time elapsed: 0.028 s - in org.ojalgo.array.Array1DTest
[INFO] Running org.ojalgo.array.LongToNumberMapTest
[INFO] Tests run: 3, Failures: 0, Errors: 0, Skipped: 0, Time elapsed: 0.031 s - in org.ojalgo.array.LongToNumberMapTest
[INFO] Running org.ojalgo.array.AggregatorCardinality
[INFO] Tests run: 6, Failures: 0, Errors: 0, Skipped: 0, Time elapsed: 0.004 s - in org.ojalgo.array.AggregatorCardinality
[INFO] Running org.ojalgo.array.BufferArrayTest
[INFO] Tests run: 1, Failures: 0, Errors: 0, Skipped: 0, Time elapsed: 0.001 s - in org.ojalgo.array.BufferArrayTest
[INFO] Running org.ojalgo.array.operation.SubstitutionTest
[INFO] Tests run: 2, Failures: 0, Errors: 0, Skipped: 0, Time elapsed: 0.082 s - in org.ojalgo.array.operation.SubstitutionTest
[INFO] Running org.ojalgo.array.NumberListTest
[INFO] Tests run: 2, Failures: 0, Errors: 0, Skipped: 0, Time elapsed: 0.167 s - in org.ojalgo.array.NumberListTest
[INFO] Running org.ojalgo.array.SparseTest
[INFO] Tests run: 1, Failures: 0, Errors: 0, Skipped: 0, Time elapsed: 0.155 s - in org.ojalgo.array.SparseTest
[INFO] Running org.ojalgo.array.SetGetTest
[INFO] Tests run: 6, Failures: 0, Errors: 0, Skipped: 0, Time elapsed: 0.003 s - in org.ojalgo.array.SetGetTest
[INFO] Running org.ojalgo.array.SegmentedArrayTest
[INFO] Tests run: 2, Failures: 0, Errors: 0, Skipped: 0, Time elapsed: 0.102 s - in org.ojalgo.array.SegmentedArrayTest
[INFO] Running org.ojalgo.array.ReductionTest
[INFO] Tests run: 4, Failures: 0, Errors: 0, Skipped: 0, Time elapsed: 0.09 s - in org.ojalgo.array.ReductionTest
[INFO] Running org.ojalgo.random.ChiSquareDistributionTest
[INFO] Tests run: 3, Failures: 0, Errors: 0, Skipped: 0, Time elapsed: 0.068 s - in org.ojalgo.random.ChiSquareDistributionTest
[INFO] Running org.ojalgo.random.SampleSetTest
[INFO] Tests run: 11, Failures: 0, Errors: 0, Skipped: 0, Time elapsed: 0.004 s - in org.ojalgo.random.SampleSetTest
[INFO] Running org.ojalgo.random.TDistributionTest
[INFO] Tests run: 2, Failures: 0, Errors: 0, Skipped: 0, Time elapsed: 0.002 s - in org.ojalgo.random.TDistributionTest
[INFO] Running org.ojalgo.random.process.GaussianProcessTest
[INFO] Tests run: 1, Failures: 0, Errors: 0, Skipped: 0, Time elapsed: 0.017 s - in org.ojalgo.random.process.GaussianProcessTest
[INFO] Running org.ojalgo.random.process.GeometricBrownianMotionTest
[INFO] Tests run: 3, Failures: 0, Errors: 0, Skipped: 0, Time elapsed: 1.233 s - in org.ojalgo.random.process.GeometricBrownianMotionTest
[INFO] Running org.ojalgo.random.QuantileTest
[INFO] Tests run: 4, Failures: 0, Errors: 0, Skipped: 0, Time elapsed: 0.012 s - in org.ojalgo.random.QuantileTest
[INFO] Running org.ojalgo.random.RandomNumberTest
[WARNING] Tests run: 10, Failures: 0, Errors: 0, Skipped: 1, Time elapsed: 8.061 s - in org.ojalgo.random.RandomNumberTest
[INFO] Running org.ojalgo.function.aggregator.ReportedProblem
[INFO] Tests run: 1, Failures: 0, Errors: 0, Skipped: 0, Time elapsed: 0.04 s - in org.ojalgo.function.aggregator.ReportedProblem
[INFO] Running org.ojalgo.function.polynomial.PolynomialImplTest
[INFO] Tests run: 2, Failures: 0, Errors: 0, Skipped: 0, Time elapsed: 0.017 s - in org.ojalgo.function.polynomial.PolynomialImplTest
[INFO] Running org.ojalgo.function.multiary.QuadraticCase
[INFO] Tests run: 4, Failures: 0, Errors: 0, Skipped: 0, Time elapsed: 0.009 s - in org.ojalgo.function.multiary.QuadraticCase
[INFO] Running org.ojalgo.function.multiary.ApproximationCase
[INFO] Tests run: 2, Failures: 0, Errors: 0, Skipped: 0, Time elapsed: 0.007 s - in org.ojalgo.function.multiary.ApproximationCase
[INFO] Running org.ojalgo.function.multiary.LinearCase
[INFO] Tests run: 4, Failures: 0, Errors: 0, Skipped: 0, Time elapsed: 0.005 s - in org.ojalgo.function.multiary.LinearCase
[INFO] Running org.ojalgo.function.special.PochhammerSymbolTest
[INFO] Tests run: 2, Failures: 0, Errors: 0, Skipped: 0, Time elapsed: 0.001 s - in org.ojalgo.function.special.PochhammerSymbolTest
[INFO] Running org.ojalgo.function.special.MissingMathTest
[INFO] Tests run: 5, Failures: 0, Errors: 0, Skipped: 0, Time elapsed: 0.243 s - in org.ojalgo.function.special.MissingMathTest
[INFO] Running org.ojalgo.function.special.BetaFunctionTest
[INFO] Tests run: 5, Failures: 0, Errors: 0, Skipped: 0, Time elapsed: 0.034 s - in org.ojalgo.function.special.BetaFunctionTest
[INFO] Running org.ojalgo.function.special.GammaFunctionTest
[INFO] Tests run: 9, Failures: 0, Errors: 0, Skipped: 0, Time elapsed: 0.004 s - in org.ojalgo.function.special.GammaFunctionTest
[INFO] Running org.ojalgo.function.special.HypergeometricFunctionTest
[INFO] Tests run: 7, Failures: 0, Errors: 0, Skipped: 0, Time elapsed: 0.147 s - in org.ojalgo.function.special.HypergeometricFunctionTest
[INFO] Running org.ojalgo.function.special.PowerOf2Test
[INFO] Tests run: 5, Failures: 0, Errors: 0, Skipped: 0, Time elapsed: 0.002 s - in org.ojalgo.function.special.PowerOf2Test
[INFO] Running org.ojalgo.function.constant.PrimitiveMathTest
[INFO] Tests run: 7, Failures: 0, Errors: 0, Skipped: 0, Time elapsed: 0.001 s - in org.ojalgo.function.constant.PrimitiveMathTest
[INFO] Running org.ojalgo.function.constant.ComplexMathTest
[INFO] Tests run: 6, Failures: 0, Errors: 0, Skipped: 0, Time elapsed: 0 s - in org.ojalgo.function.constant.ComplexMathTest
[INFO] Running org.ojalgo.function.constant.CompareImplementations
[INFO] Tests run: 38, Failures: 0, Errors: 0, Skipped: 0, Time elapsed: 0.038 s - in org.ojalgo.function.constant.CompareImplementations
[INFO] Running org.ojalgo.optimisation.convex.QsdOldFundOfFundsCase
[INFO] Tests run: 2, Failures: 0, Errors: 0, Skipped: 0, Time elapsed: 0.034 s - in org.ojalgo.optimisation.convex.QsdOldFundOfFundsCase
[INFO] Running org.ojalgo.optimisation.convex.Qsd20030327P1Case
[INFO] Tests run: 2, Failures: 0, Errors: 0, Skipped: 0, Time elapsed: 0.053 s - in org.ojalgo.optimisation.convex.Qsd20030327P1Case
[INFO] Running org.ojalgo.optimisation.convex.LagrangeTest
[INFO] Tests run: 2, Failures: 0, Errors: 0, Skipped: 0, Time elapsed: 0.012 s - in org.ojalgo.optimisation.convex.LagrangeTest
[INFO] Running org.ojalgo.optimisation.convex.FinancePortfolioProblem
[INFO] Tests run: 1, Failures: 0, Errors: 0, Skipped: 0, Time elapsed: 0.004 s - in org.ojalgo.optimisation.convex.FinancePortfolioProblem
[INFO] Running org.ojalgo.optimisation.convex.QsdOldOptimalCase
[INFO] Tests run: 2, Failures: 0, Errors: 0, Skipped: 0, Time elapsed: 0.02 s - in org.ojalgo.optimisation.convex.QsdOldOptimalCase
[INFO] Running org.ojalgo.optimisation.convex.CuteMarosMeszarosCase
[INFO] Tests run: 19, Failures: 0, Errors: 0, Skipped: 0, Time elapsed: 14.957 s - in org.ojalgo.optimisation.convex.CuteMarosMeszarosCase
[INFO] Running org.ojalgo.optimisation.convex.Qsd20030409P1Case
[INFO] Tests run: 2, Failures: 0, Errors: 0, Skipped: 0, Time elapsed: 0.008 s - in org.ojalgo.optimisation.convex.Qsd20030409P1Case
[INFO] Running org.ojalgo.optimisation.convex.ConvexProblems
[INFO] Tests run: 26, Failures: 0, Errors: 0, Skipped: 0, Time elapsed: 0.756 s - in org.ojalgo.optimisation.convex.ConvexProblems
[INFO] Running org.ojalgo.optimisation.convex.GitHubIssue300
[INFO] Tests run: 5, Failures: 0, Errors: 0, Skipped: 0, Time elapsed: 0.314 s - in org.ojalgo.optimisation.convex.GitHubIssue300
[INFO] Running org.ojalgo.optimisation.convex.ComPictetPamBamTest
[INFO] Tests run: 6, Failures: 0, Errors: 0, Skipped: 0, Time elapsed: 0.012 s - in org.ojalgo.optimisation.convex.ComPictetPamBamTest
[INFO] Running org.ojalgo.optimisation.convex.QsdOldNormalCase
[INFO] Tests run: 2, Failures: 0, Errors: 0, Skipped: 0, Time elapsed: 0.007 s - in org.ojalgo.optimisation.convex.QsdOldNormalCase
[INFO] Running org.ojalgo.optimisation.convex.MostBasicCase
[INFO] Tests run: 2, Failures: 0, Errors: 0, Skipped: 0, Time elapsed: 0.004 s - in org.ojalgo.optimisation.convex.MostBasicCase
[INFO] Running org.ojalgo.optimisation.linear.BurkardtDatasetsMps
[INFO] Tests run: 7, Failures: 0, Errors: 0, Skipped: 0, Time elapsed: 0.015 s - in org.ojalgo.optimisation.linear.BurkardtDatasetsMps
[INFO] Running org.ojalgo.optimisation.linear.InterruptionTest
[INFO] Tests run: 2, Failures: 0, Errors: 0, Skipped: 0, Time elapsed: 6.013 s - in org.ojalgo.optimisation.linear.InterruptionTest
[INFO] Running org.ojalgo.optimisation.linear.LinearDesignTestCases
[INFO] Tests run: 14, Failures: 0, Errors: 0, Skipped: 0, Time elapsed: 0.009 s - in org.ojalgo.optimisation.linear.LinearDesignTestCases
[INFO] Running org.ojalgo.optimisation.linear.LinearProblems
[INFO] Tests run: 11, Failures: 0, Errors: 0, Skipped: 0, Time elapsed: 0.005 s - in org.ojalgo.optimisation.linear.LinearProblems
[INFO] Running org.ojalgo.optimisation.linear.PrimalDualTest
[INFO] Tests run: 5, Failures: 0, Errors: 0, Skipped: 0, Time elapsed: 0.022 s - in org.ojalgo.optimisation.linear.PrimalDualTest
[INFO] Running org.ojalgo.optimisation.linear.CuteNetlibCase
[INFO] Tests run: 44, Failures: 0, Errors: 0, Skipped: 0, Time elapsed: 19.671 s - in org.ojalgo.optimisation.linear.CuteNetlibCase
[INFO] Running org.ojalgo.optimisation.linear.SpecialSituations
[INFO] Tests run: 3, Failures: 0, Errors: 0, Skipped: 0, Time elapsed: 0.004 s - in org.ojalgo.optimisation.linear.SpecialSituations
[INFO] Running org.ojalgo.optimisation.linear.ComPictetPamBamTest
[INFO] Tests run: 2, Failures: 0, Errors: 0, Skipped: 0, Time elapsed: 0.001 s - in org.ojalgo.optimisation.linear.ComPictetPamBamTest
[INFO] Running org.ojalgo.optimisation.linear.CommonsMathSimplexSolverTest
[INFO] Tests run: 24, Failures: 0, Errors: 0, Skipped: 0, Time elapsed: 0.027 s - in org.ojalgo.optimisation.linear.CommonsMathSimplexSolverTest
[INFO] Running org.ojalgo.optimisation.ExpressionsBasedModelTest
[INFO] Tests run: 6, Failures: 0, Errors: 0, Skipped: 0, Time elapsed: 0.002 s - in org.ojalgo.optimisation.ExpressionsBasedModelTest
[INFO] Running org.ojalgo.optimisation.integer.RelaxedMIPCase
[INFO] Tests run: 23, Failures: 0, Errors: 0, Skipped: 0, Time elapsed: 2.387 s - in org.ojalgo.optimisation.integer.RelaxedMIPCase
[INFO] Running org.ojalgo.optimisation.integer.StrategyMixer
[INFO] Tests run: 1, Failures: 0, Errors: 0, Skipped: 0, Time elapsed: 0.012 s - in org.ojalgo.optimisation.integer.StrategyMixer
[INFO] Running org.ojalgo.optimisation.integer.SpecificBranchCase
[INFO] Tests run: 5, Failures: 0, Errors: 0, Skipped: 0, Time elapsed: 0.286 s - in org.ojalgo.optimisation.integer.SpecificBranchCase
[INFO] Running org.ojalgo.optimisation.integer.LpsolveSemiContCase
[WARNING] Tests run: 3, Failures: 0, Errors: 0, Skipped: 2, Time elapsed: 0 s - in org.ojalgo.optimisation.integer.LpsolveSemiContCase
[INFO] Running org.ojalgo.optimisation.integer.IntegerProblems
[INFO] Tests run: 9, Failures: 0, Errors: 0, Skipped: 0, Time elapsed: 0.035 s - in org.ojalgo.optimisation.integer.IntegerProblems
[INFO] Running org.ojalgo.optimisation.integer.MIPLIBTheEasySet
[INFO] Tests run: 3, Failures: 0, Errors: 0, Skipped: 0, Time elapsed: 11.858 s - in org.ojalgo.optimisation.integer.MIPLIBTheEasySet
[INFO] Running org.ojalgo.optimisation.integer.UCLAee236aCase
[INFO] Tests run: 15, Failures: 0, Errors: 0, Skipped: 0, Time elapsed: 0.009 s - in org.ojalgo.optimisation.integer.UCLAee236aCase
[INFO] Running org.ojalgo.optimisation.integer.MarketShareCase
[WARNING] Tests run: 12, Failures: 0, Errors: 0, Skipped: 3, Time elapsed: 0.189 s - in org.ojalgo.optimisation.integer.MarketShareCase
[INFO] Running org.ojalgo.optimisation.integer.DesignCase
[INFO] Tests run: 3, Failures: 0, Errors: 0, Skipped: 0, Time elapsed: 0.311 s - in org.ojalgo.optimisation.integer.DesignCase
[INFO] Running org.ojalgo.optimisation.integer.P20140819
Obviously infeasible value 1: 3 <= 2.2999999999999994 <= 414 @ 2153412 (2153399) 1=0.6999999999999993 39804.01099530074 [0=0<414, 1=3<414, 2=0<414, 3=0<0, 4=0<414, 5=1<414, 6=0<0, 7=0<0, 8=0<414, 9=5<5, 10=0<0, 11=0<0, 12=0<414, 13=0<6, 14=0<414, 15=0<414]
[ERROR] Tests run: 22, Failures: 1, Errors: 0, Skipped: 0, Time elapsed: 0.306 s <<< FAILURE! - in org.ojalgo.optimisation.integer.P20140819
[ERROR] testOriginalFullModel  Time elapsed: 0.298 s  <<< FAILURE!
org.opentest4j.AssertionFailedError: Optimisation.Result != Optimisation.Result – Solution, large norm differences 11.22007130102122 !<< 9.486832980505138 ==> expected: <true> but was: <false>
	at org.ojalgo.optimisation.integer.P20140819.doTestToMatchExpected(P20140819.java:101)
	at org.ojalgo.optimisation.integer.P20140819.testOriginalFullModel(P20140819.java:333)

[INFO] Running org.ojalgo.optimisation.integer.KnapsackTest
[INFO] Tests run: 5, Failures: 0, Errors: 0, Skipped: 0, Time elapsed: 0 s - in org.ojalgo.optimisation.integer.KnapsackTest
[INFO] Running org.ojalgo.optimisation.integer.NextGenSysModTest
[WARNING] Tests run: 7, Failures: 0, Errors: 0, Skipped: 5, Time elapsed: 0.259 s - in org.ojalgo.optimisation.integer.NextGenSysModTest
[INFO] Running org.ojalgo.netio.BasicLoggerTest
[INFO] Tests run: 2, Failures: 0, Errors: 0, Skipped: 0, Time elapsed: 0 s - in org.ojalgo.netio.BasicLoggerTest
[INFO] Running org.ojalgo.netio.TestCSV
[INFO] Tests run: 3, Failures: 0, Errors: 0, Skipped: 0, Time elapsed: 0.004 s - in org.ojalgo.netio.TestCSV
[INFO] Running org.ojalgo.netio.PasswordTest
[INFO] Tests run: 2, Failures: 0, Errors: 0, Skipped: 0, Time elapsed: 0.007 s - in org.ojalgo.netio.PasswordTest
[INFO] Running org.ojalgo.structure.StructureTest
[INFO] Tests run: 3, Failures: 0, Errors: 0, Skipped: 0, Time elapsed: 0.001 s - in org.ojalgo.structure.StructureTest
[INFO] Running org.ojalgo.tensor.TensorTest
[INFO] Tests run: 10, Failures: 0, Errors: 0, Skipped: 0, Time elapsed: 0.007 s - in org.ojalgo.tensor.TensorTest
[INFO] Running org.ojalgo.type.context.NumberContextTest
[INFO] Tests run: 2, Failures: 0, Errors: 0, Skipped: 0, Time elapsed: 0 s - in org.ojalgo.type.context.NumberContextTest
[INFO] Running org.ojalgo.type.TimeIndexTest
[INFO] Tests run: 2, Failures: 0, Errors: 0, Skipped: 0, Time elapsed: 0.005 s - in org.ojalgo.type.TimeIndexTest
[INFO] Running org.ojalgo.type.FloatingPointReceptacleTest
[INFO] Tests run: 1, Failures: 0, Errors: 0, Skipped: 0, Time elapsed: 0.001 s - in org.ojalgo.type.FloatingPointReceptacleTest
[INFO] Running org.ojalgo.scalar.FundamentalScalarTest
[INFO] Tests run: 3, Failures: 0, Errors: 0, Skipped: 0, Time elapsed: 0.001 s - in org.ojalgo.scalar.FundamentalScalarTest
[INFO] Running org.ojalgo.scalar.QuaternionTest
[WARNING] Tests run: 11, Failures: 0, Errors: 0, Skipped: 6, Time elapsed: 0 s - in org.ojalgo.scalar.QuaternionTest
[INFO] Running org.ojalgo.scalar.ComplexNumberTest
[INFO] Tests run: 2, Failures: 0, Errors: 0, Skipped: 0, Time elapsed: 0.001 s - in org.ojalgo.scalar.ComplexNumberTest
[INFO] Running org.ojalgo.scalar.RationalNumberTest
[INFO] Tests run: 24, Failures: 0, Errors: 0, Skipped: 0, Time elapsed: 0.014 s - in org.ojalgo.scalar.RationalNumberTest
[INFO] Running org.ojalgo.concurrent.ParallelismSupplierTest
[INFO] Tests run: 4, Failures: 0, Errors: 0, Skipped: 0, Time elapsed: 0.002 s - in org.ojalgo.concurrent.ParallelismSupplierTest
[INFO] Running org.ojalgo.concurrent.ProcessingServiceTest
[INFO] Tests run: 3, Failures: 0, Errors: 0, Skipped: 0, Time elapsed: 0.04 s - in org.ojalgo.concurrent.ProcessingServiceTest
[INFO] Running org.ojalgo.matrix.P20061119Case
[INFO] Tests run: 52, Failures: 0, Errors: 0, Skipped: 0, Time elapsed: 0.218 s - in org.ojalgo.matrix.P20061119Case
[INFO] Running org.ojalgo.matrix.P20071019Case
[INFO] Tests run: 52, Failures: 0, Errors: 0, Skipped: 0, Time elapsed: 0.106 s - in org.ojalgo.matrix.P20071019Case
[INFO] Running org.ojalgo.matrix.P20030512Case
[INFO] Tests run: 51, Failures: 0, Errors: 0, Skipped: 0, Time elapsed: 0.237 s - in org.ojalgo.matrix.P20030512Case
[INFO] Running org.ojalgo.matrix.SimpleEigenvalueCase
[INFO] Tests run: 52, Failures: 0, Errors: 0, Skipped: 0, Time elapsed: 0.037 s - in org.ojalgo.matrix.SimpleEigenvalueCase
[INFO] Running org.ojalgo.matrix.SimpleEquationCase
[INFO] Tests run: 50, Failures: 0, Errors: 0, Skipped: 0, Time elapsed: 0.056 s - in org.ojalgo.matrix.SimpleEquationCase
[INFO] Running org.ojalgo.matrix.P20030528Case
[INFO] Tests run: 52, Failures: 0, Errors: 0, Skipped: 0, Time elapsed: 0.118 s - in org.ojalgo.matrix.P20030528Case
[INFO] Running org.ojalgo.matrix.decomposition.CaseEigenvalue
[INFO] Tests run: 12, Failures: 0, Errors: 0, Skipped: 0, Time elapsed: 0.515 s - in org.ojalgo.matrix.decomposition.CaseEigenvalue
[INFO] Running org.ojalgo.matrix.decomposition.DecompositionProblems
[INFO] Tests run: 11, Failures: 0, Errors: 0, Skipped: 0, Time elapsed: 0.04 s - in org.ojalgo.matrix.decomposition.DecompositionProblems
[INFO] Running org.ojalgo.matrix.decomposition.TestJama
[INFO] Tests run: 5, Failures: 0, Errors: 0, Skipped: 0, Time elapsed: 0.003 s - in org.ojalgo.matrix.decomposition.TestJama
[INFO] Running org.ojalgo.matrix.decomposition.CaseTridiagonal
[INFO] Tests run: 4, Failures: 0, Errors: 0, Skipped: 0, Time elapsed: 0.004 s - in org.ojalgo.matrix.decomposition.CaseTridiagonal
[INFO] Running org.ojalgo.matrix.decomposition.DegenerateLUCase
[INFO] Tests run: 5, Failures: 0, Errors: 0, Skipped: 0, Time elapsed: 0.002 s - in org.ojalgo.matrix.decomposition.DegenerateLUCase
[INFO] Running org.ojalgo.matrix.decomposition.CaseSingularValue
[INFO] Tests run: 18, Failures: 0, Errors: 0, Skipped: 0, Time elapsed: 0.27 s - in org.ojalgo.matrix.decomposition.CaseSingularValue
[INFO] Running org.ojalgo.matrix.decomposition.CompareJamaAndPrimitive
[INFO] Tests run: 5, Failures: 0, Errors: 0, Skipped: 0, Time elapsed: 0.003 s - in org.ojalgo.matrix.decomposition.CompareJamaAndPrimitive
[INFO] Running org.ojalgo.matrix.decomposition.TestSolveAndInvert
[INFO] Tests run: 2, Failures: 0, Errors: 0, Skipped: 0, Time elapsed: 0.187 s - in org.ojalgo.matrix.decomposition.TestSolveAndInvert
[INFO] Running org.ojalgo.matrix.decomposition.CaseQR
[INFO] Tests run: 5, Failures: 0, Errors: 0, Skipped: 0, Time elapsed: 0.009 s - in org.ojalgo.matrix.decomposition.CaseQR
[INFO] Running org.ojalgo.matrix.decomposition.ExtremeElementsCase
[WARNING] Tests run: 15, Failures: 0, Errors: 0, Skipped: 8, Time elapsed: 0.007 s - in org.ojalgo.matrix.decomposition.ExtremeElementsCase
[INFO] Running org.ojalgo.matrix.decomposition.SVDbyEvD
[INFO] Tests run: 3, Failures: 0, Errors: 0, Skipped: 0, Time elapsed: 0.001 s - in org.ojalgo.matrix.decomposition.SVDbyEvD
[INFO] Running org.ojalgo.matrix.decomposition.CaseLU
[INFO] Tests run: 1, Failures: 0, Errors: 0, Skipped: 0, Time elapsed: 0.001 s - in org.ojalgo.matrix.decomposition.CaseLU
[INFO] Running org.ojalgo.matrix.decomposition.CaseLDL
[WARNING] Tests run: 4, Failures: 0, Errors: 0, Skipped: 1, Time elapsed: 0.005 s - in org.ojalgo.matrix.decomposition.CaseLDL
[INFO] Running org.ojalgo.matrix.decomposition.CaseBidiagonal
[INFO] Tests run: 9, Failures: 0, Errors: 0, Skipped: 0, Time elapsed: 0.007 s - in org.ojalgo.matrix.decomposition.CaseBidiagonal
[INFO] Running org.ojalgo.matrix.decomposition.DesignCase
[INFO] Tests run: 9, Failures: 0, Errors: 0, Skipped: 0, Time elapsed: 0.018 s - in org.ojalgo.matrix.decomposition.DesignCase
[INFO] Running org.ojalgo.matrix.decomposition.CaseHessenberg
[INFO] Tests run: 2, Failures: 0, Errors: 0, Skipped: 0, Time elapsed: 0.001 s - in org.ojalgo.matrix.decomposition.CaseHessenberg
[INFO] Running org.ojalgo.matrix.SimpleQRCase
[INFO] Tests run: 52, Failures: 0, Errors: 0, Skipped: 0, Time elapsed: 0.027 s - in org.ojalgo.matrix.SimpleQRCase
[INFO] Running org.ojalgo.matrix.SpecialTest
[INFO] Tests run: 2, Failures: 0, Errors: 0, Skipped: 0, Time elapsed: 0.001 s - in org.ojalgo.matrix.SpecialTest
[INFO] Running org.ojalgo.matrix.NormTest
[INFO] Tests run: 2, Failures: 0, Errors: 0, Skipped: 0, Time elapsed: 0.001 s - in org.ojalgo.matrix.NormTest
[INFO] Running org.ojalgo.matrix.operation.TestSpecificSizeImplementationPrimitive
[INFO] Tests run: 14, Failures: 0, Errors: 0, Skipped: 0, Time elapsed: 19.39 s - in org.ojalgo.matrix.operation.TestSpecificSizeImplementationPrimitive
[INFO] Running org.ojalgo.matrix.operation.TestSpecificSizeImplementationRational
[INFO] Tests run: 7, Failures: 0, Errors: 0, Skipped: 0, Time elapsed: 37.11 s - in org.ojalgo.matrix.operation.TestSpecificSizeImplementationRational
[INFO] Running org.ojalgo.matrix.SimpleSingularValueCase
[INFO] Tests run: 52, Failures: 0, Errors: 0, Skipped: 0, Time elapsed: 0.062 s - in org.ojalgo.matrix.SimpleSingularValueCase
[INFO] Running org.ojalgo.matrix.task.InverterTest
[INFO] Tests run: 9, Failures: 0, Errors: 0, Skipped: 0, Time elapsed: 0.021 s - in org.ojalgo.matrix.task.InverterTest
[INFO] Running org.ojalgo.matrix.task.DeterminantTest
[INFO] Tests run: 9, Failures: 0, Errors: 0, Skipped: 0, Time elapsed: 0.007 s - in org.ojalgo.matrix.task.DeterminantTest
[INFO] Running org.ojalgo.matrix.task.SolverTest
[INFO] Tests run: 12, Failures: 0, Errors: 0, Skipped: 0, Time elapsed: 0.013 s - in org.ojalgo.matrix.task.SolverTest
[INFO] Running org.ojalgo.matrix.SimpleLeastSquaresCase
[INFO] Tests run: 52, Failures: 0, Errors: 0, Skipped: 0, Time elapsed: 0.07 s - in org.ojalgo.matrix.SimpleLeastSquaresCase
[INFO] Running org.ojalgo.matrix.P20050827Case
[INFO] Tests run: 52, Failures: 0, Errors: 0, Skipped: 0, Time elapsed: 0.137 s - in org.ojalgo.matrix.P20050827Case
[INFO] Running org.ojalgo.matrix.P20030422Case
[INFO] Tests run: 51, Failures: 0, Errors: 0, Skipped: 0, Time elapsed: 0.252 s - in org.ojalgo.matrix.P20030422Case
[INFO] Running org.ojalgo.matrix.SimpleCholeskyCase
[INFO] Tests run: 52, Failures: 0, Errors: 0, Skipped: 0, Time elapsed: 0.075 s - in org.ojalgo.matrix.SimpleCholeskyCase
[INFO] Running org.ojalgo.matrix.SimpleLUCase
[INFO] Tests run: 52, Failures: 0, Errors: 0, Skipped: 0, Time elapsed: 0.03 s - in org.ojalgo.matrix.SimpleLUCase
[INFO] Running org.ojalgo.matrix.store.MatrixPipelineTest
[INFO] Tests run: 7, Failures: 0, Errors: 0, Skipped: 0, Time elapsed: 0.013 s - in org.ojalgo.matrix.store.MatrixPipelineTest
[INFO] Running org.ojalgo.matrix.store.StoreProblems
[INFO] Tests run: 6, Failures: 0, Errors: 0, Skipped: 0, Time elapsed: 0.578 s - in org.ojalgo.matrix.store.StoreProblems
[INFO] Running org.ojalgo.matrix.store.ComposingStoreTest
[INFO] Tests run: 4, Failures: 0, Errors: 0, Skipped: 0, Time elapsed: 0.082 s - in org.ojalgo.matrix.store.ComposingStoreTest
[INFO] Running org.ojalgo.matrix.store.SuperimposedRowCase
[INFO] Tests run: 4, Failures: 0, Errors: 0, Skipped: 0, Time elapsed: 0.025 s - in org.ojalgo.matrix.store.SuperimposedRowCase
[INFO] Running org.ojalgo.matrix.store.SuppliersAndConsumers
[INFO] Tests run: 1, Failures: 0, Errors: 0, Skipped: 0, Time elapsed: 0 s - in org.ojalgo.matrix.store.SuppliersAndConsumers
[INFO] Running org.ojalgo.matrix.store.ConjugatedCase
[INFO] Tests run: 4, Failures: 0, Errors: 0, Skipped: 0, Time elapsed: 0.007 s - in org.ojalgo.matrix.store.ConjugatedCase
[INFO] Running org.ojalgo.matrix.store.TransposedCase
[INFO] Tests run: 4, Failures: 0, Errors: 0, Skipped: 0, Time elapsed: 0.021 s - in org.ojalgo.matrix.store.TransposedCase
[INFO] Running org.ojalgo.matrix.store.ColumnsCase
[INFO] Tests run: 4, Failures: 0, Errors: 0, Skipped: 0, Time elapsed: 0.008 s - in org.ojalgo.matrix.store.ColumnsCase
[INFO] Running org.ojalgo.matrix.store.RepeatCase
[INFO] Tests run: 4, Failures: 0, Errors: 0, Skipped: 0, Time elapsed: 0.04 s - in org.ojalgo.matrix.store.RepeatCase
[INFO] Running org.ojalgo.matrix.store.MultiplicationTest
[INFO] Tests run: 1, Failures: 0, Errors: 0, Skipped: 0, Time elapsed: 0.005 s - in org.ojalgo.matrix.store.MultiplicationTest
[INFO] Running org.ojalgo.matrix.store.SparsePerformance
[INFO] Tests run: 5, Failures: 0, Errors: 0, Skipped: 0, Time elapsed: 411.779 s - in org.ojalgo.matrix.store.SparsePerformance
[INFO] Running org.ojalgo.matrix.store.ZeroCase
[INFO] Tests run: 4, Failures: 0, Errors: 0, Skipped: 0, Time elapsed: 0.004 s - in org.ojalgo.matrix.store.ZeroCase
[INFO] Running org.ojalgo.matrix.store.LeftRightCase
[INFO] Tests run: 4, Failures: 0, Errors: 0, Skipped: 0, Time elapsed: 0.005 s - in org.ojalgo.matrix.store.LeftRightCase
[INFO] Running org.ojalgo.matrix.store.SparseCase
[INFO] Tests run: 10, Failures: 0, Errors: 0, Skipped: 0, Time elapsed: 0.025 s - in org.ojalgo.matrix.store.SparseCase
[INFO] Running org.ojalgo.matrix.store.RowsCase
[INFO] Tests run: 4, Failures: 0, Errors: 0, Skipped: 0, Time elapsed: 0.008 s - in org.ojalgo.matrix.store.RowsCase
[INFO] Running org.ojalgo.matrix.store.AboveBelowCase
[INFO] Tests run: 4, Failures: 0, Errors: 0, Skipped: 0, Time elapsed: 0.022 s - in org.ojalgo.matrix.store.AboveBelowCase
[INFO] Running org.ojalgo.matrix.store.IdentityCase
[INFO] Tests run: 4, Failures: 0, Errors: 0, Skipped: 0, Time elapsed: 0.008 s - in org.ojalgo.matrix.store.IdentityCase
[INFO] Running org.ojalgo.matrix.store.SuperimposedElementCase
[INFO] Tests run: 4, Failures: 0, Errors: 0, Skipped: 0, Time elapsed: 0.031 s - in org.ojalgo.matrix.store.SuperimposedElementCase
[INFO] Running org.ojalgo.matrix.store.SuperimposedColumnCase
[INFO] Tests run: 4, Failures: 0, Errors: 0, Skipped: 0, Time elapsed: 0.03 s - in org.ojalgo.matrix.store.SuperimposedColumnCase
[INFO] Running org.ojalgo.matrix.LargerCholeskyCase
[INFO] Tests run: 52, Failures: 0, Errors: 0, Skipped: 0, Time elapsed: 0.445 s - in org.ojalgo.matrix.LargerCholeskyCase
[INFO] Running org.ojalgo.matrix.ReductionTest
[INFO] Tests run: 1, Failures: 0, Errors: 0, Skipped: 0, Time elapsed: 0 s - in org.ojalgo.matrix.ReductionTest
[INFO] Running org.ojalgo.matrix.P20050125Case
[INFO] Tests run: 52, Failures: 0, Errors: 0, Skipped: 0, Time elapsed: 0.106 s - in org.ojalgo.matrix.P20050125Case
[INFO] Running org.ojalgo.ann.BackPropagationIsVerySimple
[INFO] Tests run: 4, Failures: 0, Errors: 0, Skipped: 0, Time elapsed: 0.018 s - in org.ojalgo.ann.BackPropagationIsVerySimple
[INFO] Running org.ojalgo.ann.FileFormatTest
[INFO] Tests run: 2, Failures: 0, Errors: 0, Skipped: 0, Time elapsed: 0.005 s - in org.ojalgo.ann.FileFormatTest
[INFO] Running org.ojalgo.ann.SimpleDerivativesTest
[INFO] Tests run: 5, Failures: 0, Errors: 0, Skipped: 0, Time elapsed: 0.007 s - in org.ojalgo.ann.SimpleDerivativesTest
[INFO] Running org.ojalgo.ann.NeuralNetworkWorkedExample
[INFO] Tests run: 5, Failures: 0, Errors: 0, Skipped: 0, Time elapsed: 1.133 s - in org.ojalgo.ann.NeuralNetworkWorkedExample
[INFO] Running org.ojalgo.ann.HowToBuildNeuralNetwork
[INFO] Tests run: 4, Failures: 0, Errors: 0, Skipped: 0, Time elapsed: 0.003 s - in org.ojalgo.ann.HowToBuildNeuralNetwork
[INFO] Running org.ojalgo.ann.BatchTest
[INFO] Tests run: 2, Failures: 0, Errors: 0, Skipped: 0, Time elapsed: 0.018 s - in org.ojalgo.ann.BatchTest
[INFO] Running org.ojalgo.ann.StepByStepBackpropagationExample
[INFO] Tests run: 5, Failures: 0, Errors: 0, Skipped: 0, Time elapsed: 0.002 s - in org.ojalgo.ann.StepByStepBackpropagationExample
[INFO] Running org.ojalgo.ann.NeuralNetworksDemystified
[INFO] Tests run: 5, Failures: 0, Errors: 0, Skipped: 0, Time elapsed: 0.016 s - in org.ojalgo.ann.NeuralNetworksDemystified
[INFO] Running org.ojalgo.ann.DesignTestANN
[INFO] Tests run: 1, Failures: 0, Errors: 0, Skipped: 0, Time elapsed: 0 s - in org.ojalgo.ann.DesignTestANN
[INFO] Running org.ojalgo.machine.TestHardware
[INFO] Tests run: 11, Failures: 0, Errors: 0, Skipped: 0, Time elapsed: 0 s - in org.ojalgo.machine.TestHardware
[INFO] Running org.ojalgo.machine.TestBasicMachine
[INFO] Tests run: 6, Failures: 0, Errors: 0, Skipped: 0, Time elapsed: 0 s - in org.ojalgo.machine.TestBasicMachine
[INFO] Running org.ojalgo.machine.TestMemoryEstimator
[INFO] Tests run: 2, Failures: 0, Errors: 0, Skipped: 0, Time elapsed: 0 s - in org.ojalgo.machine.TestMemoryEstimator
[INFO] 
[INFO] Results:
[INFO] 
[ERROR] Failures: 
[ERROR]   P20140819.testOriginalFullModel:333->doTestToMatchExpected:101 Optimisation.Result != Optimisation.Result – Solution, large norm differences 11.22007130102122 !<< 9.486832980505138 ==> expected: <true> but was: <false>
[INFO] 
[ERROR] Tests run: 1622, Failures: 1, Errors: 0, Skipped: 26
[INFO] 
[INFO] ------------------------------------------------------------------------
[INFO] BUILD FAILURE
[INFO] ------------------------------------------------------------------------
[INFO] Total time:  09:15 min
[INFO] Finished at: 2023-02-01T23:00:35Z
[INFO] ------------------------------------------------------------------------
[ERROR] Failed to execute goal org.apache.maven.plugins:maven-surefire-plugin:2.22.2:test (default-test) on project ojalgo: There are test failures.
[ERROR] 
[ERROR] Please refer to /home/gabsko/breaking-updates/target/surefire-reports for the individual test results.
[ERROR] Please refer to dump files (if any exist) [date].dump, [date]-jvmRun[N].dump and [date].dumpstream.
[ERROR] -> [Help 1]
[ERROR] 
[ERROR] To see the full stack trace of the errors, re-run Maven with the -e switch.
[ERROR] Re-run Maven using the -X switch to enable full debug logging.
[ERROR] 
[ERROR] For more information about the errors and possible solutions, please read the following articles:
[ERROR] [Help 1] http://cwiki.apache.org/confluence/display/MAVEN/MojoFailureException
