[INFO] Scanning for projects...
[INFO] Inspecting build with total of 42 modules...
[INFO] Installing Nexus Staging features:
[INFO]   ... total of 42 executions of maven-deploy-plugin replaced with nexus-staging-maven-plugin
[INFO] ------------------------------------------------------------------------
[INFO] Reactor Build Order:
[INFO] 
[INFO] mvn-defaults                                                       [pom]
[INFO] nb-annotations                                                     [jar]
[INFO] nb-api                                                             [jar]
[INFO] virtdata-lang                                                      [jar]
[INFO] virtdata-api                                                       [jar]
[INFO] virtdata-realdata                                                  [jar]
[INFO] virtdata-lib-basics                                                [jar]
[INFO] virtdata-lib-realer                                                [jar]
[INFO] virtdata-lib-random                                                [jar]
[INFO] virtdata-lib-curves4                                               [jar]
[INFO] docsys                                                             [jar]
[INFO] virtdata-userlibs                                                  [jar]
[INFO] adapters-api                                                       [jar]
[INFO] drivers-api                                                        [jar]
[INFO] engine-api                                                         [jar]
[INFO] engine-clients                                                     [jar]
[INFO] engine-core                                                        [jar]
[INFO] engine-docker                                                      [jar]
[INFO] engine-cli                                                         [jar]
[INFO] engine-rest                                                        [jar]
[INFO] engine-docs                                                        [jar]
[INFO] engine-extensions                                                  [jar]
[INFO] driver-diag                                                        [jar]
[INFO] nbr                                                                [jar]
[INFO] driver-web                                                         [jar]
[INFO] driver-stdout                                                      [jar]
[INFO] driver-kafka                                                       [jar]
[INFO] driver-tcp                                                         [jar]
[INFO] driver-http                                                        [jar]
[INFO] driver-jmx                                                         [jar]
[INFO] driver-dsegraph-shaded                                             [jar]
[INFO] driver-cql-shaded                                                  [jar]
[INFO] driver-cqld3-shaded                                                [jar]
[INFO] driver-cqlverify                                                   [jar]
[INFO] driver-mongodb                                                     [jar]
[INFO] driver-pulsar                                                      [jar]
[INFO] nosqlbench                                                         [pom]
[INFO] driver-jdbc                                                        [jar]
[INFO] driver-cockroachdb                                                 [jar]
[INFO] driver-jms                                                         [jar]
[INFO] nb                                                                 [jar]
[INFO] driver-grpc                                                        [jar]
[INFO] 
[INFO] ---------------------< io.nosqlbench:mvn-defaults >---------------------
[INFO] Building mvn-defaults 4.15.71-SNAPSHOT                            [1/42]
[INFO] --------------------------------[ pom ]---------------------------------
[INFO] 
[INFO] --- maven-clean-plugin:3.1.0:clean (default-clean) @ mvn-defaults ---
[INFO] 
[INFO] --------------------< io.nosqlbench:nb-annotations >--------------------
[INFO] Building nb-annotations 4.15.71-SNAPSHOT                          [2/42]
[INFO] --------------------------------[ jar ]---------------------------------
[INFO] 
[INFO] --- maven-clean-plugin:3.1.0:clean (default-clean) @ nb-annotations ---
[INFO] Deleting /home/gabsko/breaking-updates/nb-annotations/target
[INFO] 
[INFO] --- maven-resources-plugin:3.1.0:resources (default-resources) @ nb-annotations ---
[INFO] Using 'UTF-8' encoding to copy filtered resources.
[INFO] skip non existing resourceDirectory /home/gabsko/breaking-updates/nb-annotations/src/main/resources
[INFO] 
[INFO] --- maven-compiler-plugin:3.8.1:compile (default-compile) @ nb-annotations ---
[INFO] Changes detected - recompiling the module!
[INFO] Compiling 4 source files to /home/gabsko/breaking-updates/nb-annotations/target/classes
[INFO] 
[INFO] --- maven-resources-plugin:3.1.0:testResources (default-testResources) @ nb-annotations ---
[INFO] Using 'UTF-8' encoding to copy filtered resources.
[INFO] skip non existing resourceDirectory /home/gabsko/breaking-updates/nb-annotations/src/test/resources
[INFO] 
[INFO] --- maven-compiler-plugin:3.8.1:testCompile (default-testCompile) @ nb-annotations ---
[INFO] No sources to compile
[INFO] 
[INFO] --- maven-surefire-plugin:3.0.0-M4:test (default-test) @ nb-annotations ---
[INFO] No tests to run.
[INFO] 
[INFO] ------------------------< io.nosqlbench:nb-api >------------------------
[INFO] Building nb-api 4.15.71-SNAPSHOT                                  [3/42]
[INFO] --------------------------------[ jar ]---------------------------------
[INFO] 
[INFO] --- maven-clean-plugin:3.1.0:clean (default-clean) @ nb-api ---
[INFO] Deleting /home/gabsko/breaking-updates/nb-api/target
[INFO] 
[INFO] --- maven-resources-plugin:3.1.0:resources (default-resources) @ nb-api ---
[INFO] Using 'UTF-8' encoding to copy filtered resources.
[INFO] Copying 5 resources
[INFO] 
[INFO] --- maven-compiler-plugin:3.8.1:compile (default-compile) @ nb-api ---
[INFO] Changes detected - recompiling the module!
[INFO] Compiling 124 source files to /home/gabsko/breaking-updates/nb-api/target/classes
[INFO] /home/gabsko/breaking-updates/nb-api/src/main/java/io/nosqlbench/nb/api/config/standard/Param.java: Some input files use unchecked or unsafe operations.
[INFO] /home/gabsko/breaking-updates/nb-api/src/main/java/io/nosqlbench/nb/api/config/standard/Param.java: Recompile with -Xlint:unchecked for details.
[INFO] 
[INFO] --- maven-resources-plugin:3.1.0:testResources (default-testResources) @ nb-api ---
[INFO] Using 'UTF-8' encoding to copy filtered resources.
[INFO] Copying 15 resources
[INFO] 
[INFO] --- maven-compiler-plugin:3.8.1:testCompile (default-testCompile) @ nb-api ---
[INFO] Changes detected - recompiling the module!
[INFO] Compiling 18 source files to /home/gabsko/breaking-updates/nb-api/target/test-classes
[INFO] 
[INFO] --- maven-surefire-plugin:3.0.0-M4:test (default-test) @ nb-api ---
[INFO] 
[INFO] -------------------------------------------------------
[INFO]  T E S T S
[INFO] -------------------------------------------------------
[INFO] Running io.nosqlbench.nb.addins.s3.s3utils.S3UploaderTest
[WARNING] Tests run: 1, Failures: 0, Errors: 0, Skipped: 1, Time elapsed: 0.018 s - in io.nosqlbench.nb.addins.s3.s3utils.S3UploaderTest
[INFO] Running io.nosqlbench.nb.addins.s3.s3urlhandler.S3UrlStreamHandlerTest
[WARNING] Tests run: 1, Failures: 0, Errors: 0, Skipped: 1, Time elapsed: 0.002 s - in io.nosqlbench.nb.addins.s3.s3urlhandler.S3UrlStreamHandlerTest
[INFO] Running io.nosqlbench.nb.api.config.standard.ConfigElementTest
[INFO] Tests run: 1, Failures: 0, Errors: 0, Skipped: 0, Time elapsed: 0.057 s - in io.nosqlbench.nb.api.config.standard.ConfigElementTest
[INFO] Running io.nosqlbench.nb.api.config.standard.NBTypeConverterTest
inc:float, outc:float, in:9.0 --> out:9.0, type:Float
inc:float, outc:double, in:9.0 --> out:9.0, type:Double
inc:float, outc:Double, in:9.0 --> out:9.0, type:Double
inc:float, outc:Byte, in:9.0 --> out:9, type:Byte
inc:float, outc:String, in:9.0 --> out:9.0, type:String
inc:float, outc:long, in:9.0 --> out:9, type:Long
inc:float, outc:Integer, in:9.0 --> out:9, type:Integer
inc:float, outc:byte, in:9.0 --> out:9, type:Byte
inc:float, outc:Long, in:9.0 --> out:9, type:Long
inc:float, outc:char, in:9.0 --> out:	, type:Character
inc:float, outc:Short, in:9.0 --> out:9, type:Short
inc:float, outc:Float, in:9.0 --> out:9.0, type:Float
inc:float, outc:int, in:9.0 --> out:9, type:Integer
inc:float, outc:short, in:9.0 --> out:9, type:Short
inc:float, outc:Character, in:9.0 --> out:	, type:Character
inc:double, outc:float, in:10.0 --> out:10.0, type:Float
inc:double, outc:double, in:10.0 --> out:10.0, type:Double
inc:double, outc:Double, in:10.0 --> out:10.0, type:Double
inc:double, outc:Byte, in:10.0 --> out:10, type:Byte
inc:double, outc:String, in:10.0 --> out:10.0, type:String
inc:double, outc:long, in:10.0 --> out:10, type:Long
inc:double, outc:Integer, in:10.0 --> out:10, type:Integer
inc:double, outc:byte, in:10.0 --> out:10, type:Byte
inc:double, outc:Long, in:10.0 --> out:10, type:Long
inc:double, outc:char, in:10.0 --> out:
, type:Character
inc:double, outc:Short, in:10.0 --> out:10, type:Short
inc:double, outc:Float, in:10.0 --> out:10.0, type:Float
inc:double, outc:int, in:10.0 --> out:10, type:Integer
inc:double, outc:short, in:10.0 --> out:10, type:Short
inc:double, outc:Character, in:10.0 --> out:
, type:Character
inc:Double, outc:float, in:10.1 --> out:10.1, type:Float
inc:Double, outc:double, in:10.1 --> out:10.1, type:Double
inc:Double, outc:Double, in:10.1 --> out:10.1, type:Double
inc:Double, outc:Byte, in:10.1 --> out:10, type:Byte
inc:Double, outc:String, in:10.1 --> out:10.1, type:String
inc:Double, outc:long, in:10.1 --> out:10, type:Long
inc:Double, outc:Integer, in:10.1 --> out:10, type:Integer
inc:Double, outc:byte, in:10.1 --> out:10, type:Byte
inc:Double, outc:Long, in:10.1 --> out:10, type:Long
inc:Double, outc:char, in:10.1 --> out:
, type:Character
inc:Double, outc:Short, in:10.1 --> out:10, type:Short
inc:Double, outc:Float, in:10.1 --> out:10.1, type:Float
inc:Double, outc:int, in:10.1 --> out:10, type:Integer
inc:Double, outc:short, in:10.1 --> out:10, type:Short
inc:Double, outc:Character, in:10.1 --> out:
, type:Character
inc:Byte, outc:float, in:2 --> out:2.0, type:Float
inc:Byte, outc:double, in:2 --> out:2.0, type:Double
inc:Byte, outc:Double, in:2 --> out:2.0, type:Double
inc:Byte, outc:Byte, in:2 --> out:2, type:Byte
inc:Byte, outc:String, in:2 --> out:2, type:String
inc:Byte, outc:long, in:2 --> out:2, type:Long
inc:Byte, outc:Integer, in:2 --> out:2, type:Integer
inc:Byte, outc:byte, in:2 --> out:2, type:Byte
inc:Byte, outc:Long, in:2 --> out:2, type:Long
inc:Byte, outc:char, in:2 --> out:, type:Character
inc:Byte, outc:Short, in:2 --> out:2, type:Short
inc:Byte, outc:Float, in:2 --> out:2.0, type:Float
inc:Byte, outc:int, in:2 --> out:2, type:Integer
inc:Byte, outc:short, in:2 --> out:2, type:Short
inc:Byte, outc:Character, in:2 --> out:, type:Character
inc:String, outc:float, in:1 --> out:1.0, type:Float
inc:String, outc:double, in:1 --> out:1.0, type:Double
inc:String, outc:Double, in:1 --> out:1.0, type:Double
inc:String, outc:Byte, in:1 --> out:1, type:Byte
inc:String, outc:String, in:1 --> out:1, type:String
inc:String, outc:long, in:1 --> out:1, type:Long
inc:String, outc:Integer, in:1 --> out:1, type:Integer
inc:String, outc:byte, in:1 --> out:1, type:Byte
inc:String, outc:Long, in:1 --> out:1, type:Long
inc:String, outc:char, in:1 --> out:1, type:Character
inc:String, outc:Short, in:1 --> out:1, type:Short
inc:String, outc:Float, in:1 --> out:1.0, type:Float
inc:String, outc:int, in:1 --> out:1, type:Integer
inc:String, outc:short, in:1 --> out:1, type:Short
inc:String, outc:Character, in:1 --> out:1, type:Character
inc:long, outc:float, in:7 --> out:7.0, type:Float
inc:long, outc:double, in:7 --> out:7.0, type:Double
inc:long, outc:Double, in:7 --> out:7.0, type:Double
inc:long, outc:Byte, in:7 --> out:7, type:Byte
inc:long, outc:String, in:7 --> out:7, type:String
inc:long, outc:long, in:7 --> out:7, type:Long
inc:long, outc:Integer, in:7 --> out:7, type:Integer
inc:long, outc:byte, in:7 --> out:7, type:Byte
inc:long, outc:Long, in:7 --> out:7, type:Long
inc:long, outc:char, in:7 --> out:, type:Character
inc:long, outc:Short, in:7 --> out:7, type:Short
inc:long, outc:Float, in:7 --> out:7.0, type:Float
inc:long, outc:int, in:7 --> out:7, type:Integer
inc:long, outc:short, in:7 --> out:7, type:Short
inc:long, outc:Character, in:7 --> out:, type:Character
inc:Integer, outc:float, in:6 --> out:6.0, type:Float
inc:Integer, outc:double, in:6 --> out:6.0, type:Double
inc:Integer, outc:Double, in:6 --> out:6.0, type:Double
inc:Integer, outc:Byte, in:6 --> out:6, type:Byte
inc:Integer, outc:String, in:6 --> out:6, type:String
inc:Integer, outc:long, in:6 --> out:6, type:Long
inc:Integer, outc:Integer, in:6 --> out:6, type:Integer
inc:Integer, outc:byte, in:6 --> out:6, type:Byte
inc:Integer, outc:Long, in:6 --> out:6, type:Long
inc:Integer, outc:char, in:6 --> out:, type:Character
inc:Integer, outc:Short, in:6 --> out:6, type:Short
inc:Integer, outc:Float, in:6 --> out:6.0, type:Float
inc:Integer, outc:int, in:6 --> out:6, type:Integer
inc:Integer, outc:short, in:6 --> out:6, type:Short
inc:Integer, outc:Character, in:6 --> out:, type:Character
inc:byte, outc:float, in:1 --> out:1.0, type:Float
inc:byte, outc:double, in:1 --> out:1.0, type:Double
inc:byte, outc:Double, in:1 --> out:1.0, type:Double
inc:byte, outc:Byte, in:1 --> out:1, type:Byte
inc:byte, outc:String, in:1 --> out:1, type:String
inc:byte, outc:long, in:1 --> out:1, type:Long
inc:byte, outc:Integer, in:1 --> out:1, type:Integer
inc:byte, outc:byte, in:1 --> out:1, type:Byte
inc:byte, outc:Long, in:1 --> out:1, type:Long
inc:byte, outc:char, in:1 --> out:, type:Character
inc:byte, outc:Short, in:1 --> out:1, type:Short
inc:byte, outc:Float, in:1 --> out:1.0, type:Float
inc:byte, outc:int, in:1 --> out:1, type:Integer
inc:byte, outc:short, in:1 --> out:1, type:Short
inc:byte, outc:Character, in:1 --> out:, type:Character
inc:Long, outc:float, in:8 --> out:8.0, type:Float
inc:Long, outc:double, in:8 --> out:8.0, type:Double
inc:Long, outc:Double, in:8 --> out:8.0, type:Double
inc:Long, outc:Byte, in:8 --> out:8, type:Byte
inc:Long, outc:String, in:8 --> out:8, type:String
inc:Long, outc:long, in:8 --> out:8, type:Long
inc:Long, outc:Integer, in:8 --> out:8, type:Integer
inc:Long, outc:byte, in:8 --> out:8, type:Byte
inc:Long, outc:Long, in:8 --> out:8, type:Long
inc:Long, outc:char, in:8 --> out:, type:Character
inc:Long, outc:Short, in:8 --> out:8, type:Short
inc:Long, outc:Float, in:8 --> out:8.0, type:Float
inc:Long, outc:int, in:8 --> out:8, type:Integer
inc:Long, outc:short, in:8 --> out:8, type:Short
inc:Long, outc:Character, in:8 --> out:, type:Character
inc:char, outc:float, in:c --> out:c, type:Character
inc:char, outc:double, in:c --> out:c, type:Character
inc:char, outc:Double, in:c --> out:99.0, type:Double
inc:char, outc:Byte, in:c --> out:99, type:Byte
inc:char, outc:String, in:c --> out:c, type:String
inc:char, outc:long, in:c --> out:c, type:Character
inc:char, outc:Integer, in:c --> out:99, type:Integer
inc:char, outc:byte, in:c --> out:99, type:Byte
inc:char, outc:Long, in:c --> out:99, type:Long
inc:char, outc:char, in:c --> out:c, type:Character
inc:char, outc:Short, in:c --> out:99, type:Short
inc:char, outc:Float, in:c --> out:99.0, type:Float
inc:char, outc:int, in:c --> out:c, type:Character
inc:char, outc:short, in:c --> out:99, type:Short
inc:char, outc:Character, in:c --> out:c, type:Character
inc:Short, outc:float, in:4 --> out:4.0, type:Float
inc:Short, outc:double, in:4 --> out:4.0, type:Double
inc:Short, outc:Double, in:4 --> out:4.0, type:Double
inc:Short, outc:Byte, in:4 --> out:4, type:Byte
inc:Short, outc:String, in:4 --> out:4, type:String
inc:Short, outc:long, in:4 --> out:4, type:Long
inc:Short, outc:Integer, in:4 --> out:4, type:Integer
inc:Short, outc:byte, in:4 --> out:4, type:Byte
inc:Short, outc:Long, in:4 --> out:4, type:Long
inc:Short, outc:char, in:4 --> out:, type:Character
inc:Short, outc:Short, in:4 --> out:4, type:Short
inc:Short, outc:Float, in:4 --> out:4.0, type:Float
inc:Short, outc:int, in:4 --> out:4, type:Integer
inc:Short, outc:short, in:4 --> out:4, type:Short
inc:Short, outc:Character, in:4 --> out:, type:Character
inc:Float, outc:float, in:9.1 --> out:9.1, type:Float
inc:Float, outc:double, in:9.1 --> out:9.100000381469727, type:Double
inc:Float, outc:Double, in:9.1 --> out:9.100000381469727, type:Double
inc:Float, outc:Byte, in:9.1 --> out:9, type:Byte
inc:Float, outc:String, in:9.1 --> out:9.1, type:String
inc:Float, outc:long, in:9.1 --> out:9, type:Long
inc:Float, outc:Integer, in:9.1 --> out:9, type:Integer
inc:Float, outc:byte, in:9.1 --> out:9, type:Byte
inc:Float, outc:Long, in:9.1 --> out:9, type:Long
inc:Float, outc:char, in:9.1 --> out:	, type:Character
inc:Float, outc:Short, in:9.1 --> out:9, type:Short
inc:Float, outc:Float, in:9.1 --> out:9.1, type:Float
inc:Float, outc:int, in:9.1 --> out:9, type:Integer
inc:Float, outc:short, in:9.1 --> out:9, type:Short
inc:Float, outc:Character, in:9.1 --> out:	, type:Character
inc:int, outc:float, in:5 --> out:5.0, type:Float
inc:int, outc:double, in:5 --> out:5.0, type:Double
inc:int, outc:Double, in:5 --> out:5.0, type:Double
inc:int, outc:Byte, in:5 --> out:5, type:Byte
inc:int, outc:String, in:5 --> out:5, type:String
inc:int, outc:long, in:5 --> out:5, type:Long
inc:int, outc:Integer, in:5 --> out:5, type:Integer
inc:int, outc:byte, in:5 --> out:5, type:Byte
inc:int, outc:Long, in:5 --> out:5, type:Long
inc:int, outc:char, in:5 --> out:, type:Character
inc:int, outc:Short, in:5 --> out:5, type:Short
inc:int, outc:Float, in:5 --> out:5.0, type:Float
inc:int, outc:int, in:5 --> out:5, type:Integer
inc:int, outc:short, in:5 --> out:5, type:Short
inc:int, outc:Character, in:5 --> out:, type:Character
inc:short, outc:float, in:3 --> out:3.0, type:Float
inc:short, outc:double, in:3 --> out:3.0, type:Double
inc:short, outc:Double, in:3 --> out:3.0, type:Double
inc:short, outc:Byte, in:3 --> out:3, type:Byte
inc:short, outc:String, in:3 --> out:3, type:String
inc:short, outc:long, in:3 --> out:3, type:Long
inc:short, outc:Integer, in:3 --> out:3, type:Integer
inc:short, outc:byte, in:3 --> out:3, type:Byte
inc:short, outc:Long, in:3 --> out:3, type:Long
inc:short, outc:char, in:3 --> out:, type:Character
inc:short, outc:Short, in:3 --> out:3, type:Short
inc:short, outc:Float, in:3 --> out:3.0, type:Float
inc:short, outc:int, in:3 --> out:3, type:Integer
inc:short, outc:short, in:3 --> out:3, type:Short
inc:short, outc:Character, in:3 --> out:, type:Character
inc:Character, outc:float, in:c --> out:c, type:Character
inc:Character, outc:double, in:c --> out:c, type:Character
inc:Character, outc:Double, in:c --> out:99.0, type:Double
inc:Character, outc:Byte, in:c --> out:99, type:Byte
inc:Character, outc:String, in:c --> out:c, type:String
inc:Character, outc:long, in:c --> out:c, type:Character
inc:Character, outc:Integer, in:c --> out:99, type:Integer
inc:Character, outc:byte, in:c --> out:99, type:Byte
inc:Character, outc:Long, in:c --> out:99, type:Long
inc:Character, outc:char, in:c --> out:c, type:Character
inc:Character, outc:Short, in:c --> out:99, type:Short
inc:Character, outc:Float, in:c --> out:99.0, type:Float
inc:Character, outc:int, in:c --> out:c, type:Character
inc:Character, outc:short, in:c --> out:99, type:Short
inc:Character, outc:Character, in:c --> out:c, type:Character

[INFO] Tests run: 4, Failures: 0, Errors: 0, Skipped: 0, Time elapsed: 0.049 s - in io.nosqlbench.nb.api.config.standard.NBTypeConverterTest
[INFO] Running io.nosqlbench.nb.api.config.ConfigModelTest
[INFO] Tests run: 1, Failures: 0, Errors: 0, Skipped: 0, Time elapsed: 0.006 s - in io.nosqlbench.nb.api.config.ConfigModelTest
[INFO] Running io.nosqlbench.nb.api.config.params.NBParamsTest
[ERROR] Tests run: 10, Failures: 0, Errors: 10, Skipped: 0, Time elapsed: 0.051 s <<< FAILURE! - in io.nosqlbench.nb.api.config.params.NBParamsTest
[ERROR] io.nosqlbench.nb.api.config.params.NBParamsTest.testNestedMixedJsonMapParams  Time elapsed: 0.041 s  <<< ERROR!
java.lang.NoSuchFieldError: EMPTY_BYTE_ARRAY
	at io.nosqlbench.nb.api.config.params.NBParamsTest.testNestedMixedJsonMapParams(NBParamsTest.java:31)

[ERROR] io.nosqlbench.nb.api.config.params.NBParamsTest.testJsonText  Time elapsed: 0 s  <<< ERROR!
java.lang.NoClassDefFoundError: Could not initialize class io.nosqlbench.nb.api.config.params.DataSources
	at io.nosqlbench.nb.api.config.params.NBParamsTest.testJsonText(NBParamsTest.java:65)

[ERROR] io.nosqlbench.nb.api.config.params.NBParamsTest.testNamedFromMapSeq  Time elapsed: 0 s  <<< ERROR!
java.lang.NoClassDefFoundError: Could not initialize class io.nosqlbench.nb.api.config.params.DataSources
	at io.nosqlbench.nb.api.config.params.NBParamsTest.testNamedFromMapSeq(NBParamsTest.java:79)

[ERROR] io.nosqlbench.nb.api.config.params.NBParamsTest.testNestedMixedJsonParamsMap  Time elapsed: 0 s  <<< ERROR!
java.lang.NoClassDefFoundError: Could not initialize class io.nosqlbench.nb.api.config.params.DataSources
	at io.nosqlbench.nb.api.config.params.NBParamsTest.testNestedMixedJsonParamsMap(NBParamsTest.java:41)

[ERROR] io.nosqlbench.nb.api.config.params.NBParamsTest.testDepthPrecedence  Time elapsed: 0.001 s  <<< ERROR!
java.lang.NoClassDefFoundError: Could not initialize class io.nosqlbench.nb.api.config.params.DataSources
	at io.nosqlbench.nb.api.config.params.NBParamsTest.testDepthPrecedence(NBParamsTest.java:96)

[ERROR] io.nosqlbench.nb.api.config.params.NBParamsTest.testNamedFromJsonSeq  Time elapsed: 0 s  <<< ERROR!
java.lang.NoClassDefFoundError: Could not initialize class io.nosqlbench.nb.api.config.params.DataSources
	at io.nosqlbench.nb.api.config.params.NBParamsTest.testNamedFromJsonSeq(NBParamsTest.java:72)

[ERROR] io.nosqlbench.nb.api.config.params.NBParamsTest.testNestedMapObject  Time elapsed: 0 s  <<< ERROR!
java.lang.NoClassDefFoundError: Could not initialize class io.nosqlbench.nb.api.config.params.DataSources
	at io.nosqlbench.nb.api.config.params.NBParamsTest.testNestedMapObject(NBParamsTest.java:24)

[ERROR] io.nosqlbench.nb.api.config.params.NBParamsTest.testMapObject  Time elapsed: 0 s  <<< ERROR!
java.lang.NoClassDefFoundError: Could not initialize class io.nosqlbench.nb.api.config.params.DataSources
	at io.nosqlbench.nb.api.config.params.NBParamsTest.testMapObject(NBParamsTest.java:16)

[ERROR] io.nosqlbench.nb.api.config.params.NBParamsTest.testNestedMixedMapJsonParams  Time elapsed: 0 s  <<< ERROR!
java.lang.NoClassDefFoundError: Could not initialize class io.nosqlbench.nb.api.config.params.DataSources
	at io.nosqlbench.nb.api.config.params.NBParamsTest.testNestedMixedMapJsonParams(NBParamsTest.java:49)

[ERROR] io.nosqlbench.nb.api.config.params.NBParamsTest.testNestedMixedMapParamsJson  Time elapsed: 0 s  <<< ERROR!
java.lang.NoClassDefFoundError: Could not initialize class io.nosqlbench.nb.api.config.params.DataSources
	at io.nosqlbench.nb.api.config.params.NBParamsTest.testNestedMixedMapParamsJson(NBParamsTest.java:57)

[INFO] Running io.nosqlbench.nb.api.config.ConfigLoaderTest
[ERROR] Tests run: 5, Failures: 0, Errors: 5, Skipped: 0, Time elapsed: 0.027 s <<< FAILURE! - in io.nosqlbench.nb.api.config.ConfigLoaderTest
[ERROR] io.nosqlbench.nb.api.config.ConfigLoaderTest.testSingleParams  Time elapsed: 0.024 s  <<< ERROR!
java.lang.NoClassDefFoundError: Could not initialize class org.apache.logging.log4j.core.LoggerContext
	at io.nosqlbench.nb.api.config.ConfigLoaderTest.testSingleParams(ConfigLoaderTest.java:16)

[ERROR] io.nosqlbench.nb.api.config.ConfigLoaderTest.testEmpty  Time elapsed: 0.001 s  <<< ERROR!
java.lang.NoClassDefFoundError: Could not initialize class io.nosqlbench.nb.api.config.standard.ConfigLoader
	at io.nosqlbench.nb.api.config.ConfigLoaderTest.testEmpty(ConfigLoaderTest.java:45)

[ERROR] io.nosqlbench.nb.api.config.ConfigLoaderTest.testImportSingle  Time elapsed: 0.001 s  <<< ERROR!
java.lang.NoClassDefFoundError: Could not initialize class io.nosqlbench.nb.api.config.standard.ConfigLoader
	at io.nosqlbench.nb.api.config.ConfigLoaderTest.testImportSingle(ConfigLoaderTest.java:38)

[ERROR] io.nosqlbench.nb.api.config.ConfigLoaderTest.testJsonArray  Time elapsed: 0 s  <<< ERROR!
java.lang.NoClassDefFoundError: Could not initialize class io.nosqlbench.nb.api.config.standard.ConfigLoader
	at io.nosqlbench.nb.api.config.ConfigLoaderTest.testJsonArray(ConfigLoaderTest.java:30)

[ERROR] io.nosqlbench.nb.api.config.ConfigLoaderTest.testSingleJsonObject  Time elapsed: 0 s  <<< ERROR!
java.lang.NoClassDefFoundError: Could not initialize class io.nosqlbench.nb.api.config.standard.ConfigLoader
	at io.nosqlbench.nb.api.config.ConfigLoaderTest.testSingleJsonObject(ConfigLoaderTest.java:23)

[INFO] Running io.nosqlbench.nb.api.config.SynonymsTest
[INFO] Tests run: 1, Failures: 0, Errors: 0, Skipped: 0, Time elapsed: 0.003 s - in io.nosqlbench.nb.api.config.SynonymsTest
[INFO] Running io.nosqlbench.nb.api.SystemIdTest
SLF4J: Class path contains multiple SLF4J bindings.
SLF4J: Found binding in [jar:file:/home/gabsko/.m2/repository/org/apache/logging/log4j/log4j-slf4j-impl/2.14.1/log4j-slf4j-impl-2.14.1.jar!/org/slf4j/impl/StaticLoggerBinder.class]
SLF4J: Found binding in [jar:file:/home/gabsko/.m2/repository/org/apache/logging/log4j/slf4j-impl/2.0-alpha2/slf4j-impl-2.0-alpha2.jar!/org/slf4j/impl/StaticLoggerBinder.class]
SLF4J: Found binding in [jar:file:/home/gabsko/.m2/repository/org/slf4j/slf4j-log4j12/1.7.26/slf4j-log4j12-1.7.26.jar!/org/slf4j/impl/StaticLoggerBinder.class]
SLF4J: See http://www.slf4j.org/codes.html#multiple_bindings for an explanation.
SLF4J: Actual binding is of type [org.apache.logging.slf4j.Log4jLoggerFactory]
[ERROR] Tests run: 3, Failures: 0, Errors: 3, Skipped: 0, Time elapsed: 0.013 s <<< FAILURE! - in io.nosqlbench.nb.api.SystemIdTest
[ERROR] io.nosqlbench.nb.api.SystemIdTest.testNodeFingerprint  Time elapsed: 0.01 s  <<< ERROR!
java.lang.NoClassDefFoundError: Could not initialize class org.apache.logging.log4j.core.LoggerContext
	at io.nosqlbench.nb.api.SystemIdTest.testNodeFingerprint(SystemIdTest.java:24)

[ERROR] io.nosqlbench.nb.api.SystemIdTest.testHostInfo  Time elapsed: 0.001 s  <<< ERROR!
java.lang.NoClassDefFoundError: Could not initialize class org.apache.logging.log4j.core.LoggerContext
	at io.nosqlbench.nb.api.SystemIdTest.testHostInfo(SystemIdTest.java:12)

[ERROR] io.nosqlbench.nb.api.SystemIdTest.testNostId  Time elapsed: 0 s  <<< ERROR!
java.lang.NoClassDefFoundError: Could not initialize class oshi.hardware.platform.linux.LinuxNetworkIF
	at io.nosqlbench.nb.api.SystemIdTest.testNostId(SystemIdTest.java:18)

[INFO] Running io.nosqlbench.nb.api.markdown.aggregator.MarkdownDocsTest
[WARNING] Tests run: 1, Failures: 0, Errors: 0, Skipped: 1, Time elapsed: 0 s - in io.nosqlbench.nb.api.markdown.aggregator.MarkdownDocsTest
[INFO] Running io.nosqlbench.nb.api.testutils.BoundsTest
[INFO] Tests run: 2, Failures: 0, Errors: 0, Skipped: 0, Time elapsed: 0.002 s - in io.nosqlbench.nb.api.testutils.BoundsTest
[INFO] Running io.nosqlbench.nb.api.testutils.PerfTest
Sanity Check for Perf methods:
iter D_ops_s          unittest
000: NaN              '0':   100_ops 0.000000_S  1,000,000,000.000_ops_s 1_ns_op
001: 210000000.000    '1':   121_ops 0.000000_S  1,210,000,000.000_ops_s 1_ns_op
002: 13000000000.000  '2': 1,421_ops 0.000000_S 14,210,000,000.000_ops_s 0_ns_op
003: 100000000.000    '3': 1,431_ops 0.000000_S 14,310,000,000.000_ops_s 0_ns_op

[INFO] Tests run: 1, Failures: 0, Errors: 0, Skipped: 0, Time elapsed: 0.022 s - in io.nosqlbench.nb.api.testutils.PerfTest
[INFO] Running io.nosqlbench.nb.api.pathutil.ResolverForURLTest
[ERROR] Tests run: 3, Failures: 0, Errors: 2, Skipped: 0, Time elapsed: 0.016 s <<< FAILURE! - in io.nosqlbench.nb.api.pathutil.ResolverForURLTest
[ERROR] io.nosqlbench.nb.api.pathutil.ResolverForURLTest.testFileResource  Time elapsed: 0.001 s  <<< ERROR!
java.lang.NoClassDefFoundError: Could not initialize class org.apache.logging.log4j.core.LoggerContext
	at io.nosqlbench.nb.api.pathutil.ResolverForURLTest.testFileResource(ResolverForURLTest.java:30)

[ERROR] io.nosqlbench.nb.api.pathutil.ResolverForURLTest.testUrlResource  Time elapsed: 0.001 s  <<< ERROR!
java.lang.NoClassDefFoundError: Could not initialize class org.apache.logging.log4j.core.LoggerContext
	at io.nosqlbench.nb.api.pathutil.ResolverForURLTest.testUrlResource(ResolverForURLTest.java:19)

[INFO] Running io.nosqlbench.nb.api.content.NBIOTest
[ERROR] Tests run: 23, Failures: 0, Errors: 23, Skipped: 0, Time elapsed: 0.022 s <<< FAILURE! - in io.nosqlbench.nb.api.content.NBIOTest
[ERROR] io.nosqlbench.nb.api.content.NBIOTest.testExpandAddExtensionNotNeeded  Time elapsed: 0.002 s  <<< ERROR!
java.lang.NoClassDefFoundError: Could not initialize class io.nosqlbench.nb.api.content.ResolverForURL
	at io.nosqlbench.nb.api.content.NBIOTest.testExpandAddExtensionNotNeeded(NBIOTest.java:64)

[ERROR] io.nosqlbench.nb.api.content.NBIOTest.testLoadAllFilesUnderPath  Time elapsed: 0 s  <<< ERROR!
java.lang.NoClassDefFoundError: Could not initialize class io.nosqlbench.nb.api.content.URIResolver
	at io.nosqlbench.nb.api.content.NBIOTest.testLoadAllFilesUnderPath(NBIOTest.java:194)

[ERROR] io.nosqlbench.nb.api.content.NBIOTest.testPathSearchForMultipleExtensions  Time elapsed: 0 s  <<< ERROR!
java.lang.NoClassDefFoundError: Could not initialize class io.nosqlbench.nb.api.content.URIResolver
	at io.nosqlbench.nb.api.content.NBIOTest.testPathSearchForMultipleExtensions(NBIOTest.java:138)

[ERROR] io.nosqlbench.nb.api.content.NBIOTest.onlyMatchExtensionFilesWhenExtensionsProvided  Time elapsed: 0.001 s  <<< ERROR!
java.lang.NoClassDefFoundError: Could not initialize class io.nosqlbench.nb.api.content.URIResolver
	at io.nosqlbench.nb.api.content.NBIOTest.onlyMatchExtensionFilesWhenExtensionsProvided(NBIOTest.java:242)

[ERROR] io.nosqlbench.nb.api.content.NBIOTest.testPathSearchInDifferentVantagePoints  Time elapsed: 0 s  <<< ERROR!
java.lang.NoClassDefFoundError: Could not initialize class io.nosqlbench.nb.api.content.URIResolver
	at io.nosqlbench.nb.api.content.NBIOTest.testPathSearchInDifferentVantagePoints(NBIOTest.java:158)

[ERROR] io.nosqlbench.nb.api.content.NBIOTest.testLoadNamedFileAsYmlExtension  Time elapsed: 0 s  <<< ERROR!
java.lang.NoClassDefFoundError: Could not initialize class io.nosqlbench.nb.api.content.URIResolver
	at io.nosqlbench.nb.api.content.NBIOTest.testLoadNamedFileAsYmlExtension(NBIOTest.java:172)

[ERROR] io.nosqlbench.nb.api.content.NBIOTest.testPathSearchForSuffix  Time elapsed: 0 s  <<< ERROR!
java.lang.NoClassDefFoundError: Could not initialize class io.nosqlbench.nb.api.content.URIResolver
	at io.nosqlbench.nb.api.content.NBIOTest.testPathSearchForSuffix(NBIOTest.java:148)

[ERROR] io.nosqlbench.nb.api.content.NBIOTest.matchFullyQualifiedPathCorrectly  Time elapsed: 0.006 s  <<< ERROR!
java.lang.NoClassDefFoundError: Could not initialize class io.nosqlbench.nb.api.content.URIResolver
	at io.nosqlbench.nb.api.content.NBIOTest.matchFullyQualifiedPathCorrectly(NBIOTest.java:273)

[ERROR] io.nosqlbench.nb.api.content.NBIOTest.testExpandNameAndAllSuffixesOnly  Time elapsed: 0 s  <<< ERROR!
java.lang.NoClassDefFoundError: Could not initialize class io.nosqlbench.nb.api.content.URIResolver
	at io.nosqlbench.nb.api.content.NBIOTest.testExpandNameAndAllSuffixesOnly(NBIOTest.java:36)

[ERROR] io.nosqlbench.nb.api.content.NBIOTest.test  Time elapsed: 0 s  <<< ERROR!
java.lang.NoClassDefFoundError: Could not initialize class io.nosqlbench.nb.api.content.URIResolver
	at io.nosqlbench.nb.api.content.NBIOTest.test(NBIOTest.java:209)

[ERROR] io.nosqlbench.nb.api.content.NBIOTest.testExpandWildcardAndExtensionsOnly  Time elapsed: 0.001 s  <<< ERROR!
java.lang.NoClassDefFoundError: Could not initialize class io.nosqlbench.nb.api.content.URIResolver
	at io.nosqlbench.nb.api.content.NBIOTest.testExpandWildcardAndExtensionsOnly(NBIOTest.java:29)

[ERROR] io.nosqlbench.nb.api.content.NBIOTest.testFullyQualifiedNameSearches  Time elapsed: 0 s  <<< ERROR!
java.lang.NoClassDefFoundError: Could not initialize class io.nosqlbench.nb.api.content.URIResolver
	at io.nosqlbench.nb.api.content.NBIOTest.testFullyQualifiedNameSearches(NBIOTest.java:22)

[ERROR] io.nosqlbench.nb.api.content.NBIOTest.testPathSearchForExtension  Time elapsed: 0 s  <<< ERROR!
java.lang.NoClassDefFoundError: Could not initialize class io.nosqlbench.nb.api.content.URIResolver
	at io.nosqlbench.nb.api.content.NBIOTest.testPathSearchForExtension(NBIOTest.java:118)

[ERROR] io.nosqlbench.nb.api.content.NBIOTest.testClasspathTestResource  Time elapsed: 0 s  <<< ERROR!
java.lang.NoClassDefFoundError: Could not initialize class io.nosqlbench.nb.api.content.URIResolver
	at io.nosqlbench.nb.api.content.NBIOTest.testClasspathTestResource(NBIOTest.java:110)

[ERROR] io.nosqlbench.nb.api.content.NBIOTest.testWildcardFilenameMatch  Time elapsed: 0 s  <<< ERROR!
java.lang.NoClassDefFoundError: Could not initialize class io.nosqlbench.nb.api.content.URIResolver
	at io.nosqlbench.nb.api.content.NBIOTest.testWildcardFilenameMatch(NBIOTest.java:217)

[ERROR] io.nosqlbench.nb.api.content.NBIOTest.testSpecificFilenameMatch  Time elapsed: 0.001 s  <<< ERROR!
java.lang.NoClassDefFoundError: Could not initialize class io.nosqlbench.nb.api.content.URIResolver
	at io.nosqlbench.nb.api.content.NBIOTest.testSpecificFilenameMatch(NBIOTest.java:228)

[ERROR] io.nosqlbench.nb.api.content.NBIOTest.testExpandPrefixesAndFullName  Time elapsed: 0 s  <<< ERROR!
java.lang.NoClassDefFoundError: Could not initialize class io.nosqlbench.nb.api.content.URIResolver
	at io.nosqlbench.nb.api.content.NBIOTest.testExpandPrefixesAndFullName(NBIOTest.java:57)

[ERROR] io.nosqlbench.nb.api.content.NBIOTest.testExpandAddExtensionNeeded  Time elapsed: 0.001 s  <<< ERROR!
java.lang.NoClassDefFoundError: Could not initialize class io.nosqlbench.nb.api.content.URIResolver
	at io.nosqlbench.nb.api.content.NBIOTest.testExpandAddExtensionNeeded(NBIOTest.java:74)

[ERROR] io.nosqlbench.nb.api.content.NBIOTest.testExpandNamesAndExtensionsAvoidsExtendedAlreadyExtended  Time elapsed: 0 s  <<< ERROR!
java.lang.NoClassDefFoundError: Could not initialize class io.nosqlbench.nb.api.content.URIResolver
	at io.nosqlbench.nb.api.content.NBIOTest.testExpandNamesAndExtensionsAvoidsExtendedAlreadyExtended(NBIOTest.java:50)

[ERROR] io.nosqlbench.nb.api.content.NBIOTest.testPathSearchForExtensionMissing  Time elapsed: 0 s  <<< ERROR!
java.lang.NoClassDefFoundError: Could not initialize class io.nosqlbench.nb.api.content.URIResolver
	at io.nosqlbench.nb.api.content.NBIOTest.testPathSearchForExtensionMissing(NBIOTest.java:128)

[ERROR] io.nosqlbench.nb.api.content.NBIOTest.testExpandNamesAndExtensionsIfNotExtended  Time elapsed: 0 s  <<< ERROR!
java.lang.NoClassDefFoundError: Could not initialize class io.nosqlbench.nb.api.content.URIResolver
	at io.nosqlbench.nb.api.content.NBIOTest.testExpandNamesAndExtensionsIfNotExtended(NBIOTest.java:43)

[ERROR] io.nosqlbench.nb.api.content.NBIOTest.testLoadCsv1Classpath  Time elapsed: 0 s  <<< ERROR!
java.lang.NoClassDefFoundError: Could not initialize class io.nosqlbench.nb.api.content.URIResolver
	at io.nosqlbench.nb.api.content.NBIOTest.testLoadCsv1Classpath(NBIOTest.java:84)

[ERROR] io.nosqlbench.nb.api.content.NBIOTest.testLoadCsv1Filesystem  Time elapsed: 0 s  <<< ERROR!
java.lang.NoClassDefFoundError: Could not initialize class io.nosqlbench.nb.api.content.URIResolver
	at io.nosqlbench.nb.api.content.NBIOTest.testLoadCsv1Filesystem(NBIOTest.java:95)

[INFO] Running io.nosqlbench.nb.api.annotations.AnnotationBuilderTest
[INFO] Tests run: 1, Failures: 0, Errors: 0, Skipped: 0, Time elapsed: 0.008 s - in io.nosqlbench.nb.api.annotations.AnnotationBuilderTest
[INFO] Running io.nosqlbench.nb.api.NBEnvironmentTest
[INFO] Tests run: 3, Failures: 0, Errors: 0, Skipped: 0, Time elapsed: 0.015 s - in io.nosqlbench.nb.api.NBEnvironmentTest
[INFO] Running io.nosqlbench.engine.api.activityimpl.motor.ParamsParserTest
[ERROR] Tests run: 16, Failures: 1, Errors: 15, Skipped: 0, Time elapsed: 0.032 s <<< FAILURE! - in io.nosqlbench.engine.api.activityimpl.motor.ParamsParserTest
[ERROR] io.nosqlbench.engine.api.activityimpl.motor.ParamsParserTest.testInvalidNameException  Time elapsed: 0.015 s  <<< FAILURE!
java.lang.AssertionError: 

Expecting actual throwable to be an instance of:
  java.lang.RuntimeException
but was:
  java.lang.NoClassDefFoundError: Could not initialize class org.apache.logging.log4j.core.LoggerContext
	at org.apache.logging.log4j.core.selector.ClassLoaderContextSelector.createContext(ClassLoaderContextSelector.java:254)
	at org.apache.logging.log4j.core.selector.ClassLoaderContextSelector.locateContext(ClassLoaderContextSelector.java:218)
	at org.apache.logging.log4j.core.selector.ClassLoaderContextSelector.getContext(ClassLoaderContextSelector.java:136)
	...(78 remaining lines not displayed - this can be changed with Assertions.setMaxStackTraceElementsDisplayed)
	at io.nosqlbench.engine.api.activityimpl.motor.ParamsParserTest.testInvalidNameException(ParamsParserTest.java:155)

[ERROR] io.nosqlbench.engine.api.activityimpl.motor.ParamsParserTest.testSQuotesInDQuotes  Time elapsed: 0.001 s  <<< ERROR!
java.lang.NoClassDefFoundError: Could not initialize class io.nosqlbench.nb.api.config.params.ParamsParser
	at io.nosqlbench.engine.api.activityimpl.motor.ParamsParserTest.testSQuotesInDQuotes(ParamsParserTest.java:87)

[ERROR] io.nosqlbench.engine.api.activityimpl.motor.ParamsParserTest.testSpaceDelimiterGappedFirst  Time elapsed: 0.001 s  <<< ERROR!
java.lang.NoClassDefFoundError: Could not initialize class io.nosqlbench.nb.api.config.params.ParamsParser
	at io.nosqlbench.engine.api.activityimpl.motor.ParamsParserTest.testSpaceDelimiterGappedFirst(ParamsParserTest.java:134)

[ERROR] io.nosqlbench.engine.api.activityimpl.motor.ParamsParserTest.testDQuotesInSquotes  Time elapsed: 0 s  <<< ERROR!
java.lang.NoClassDefFoundError: Could not initialize class io.nosqlbench.nb.api.config.params.ParamsParser
	at io.nosqlbench.engine.api.activityimpl.motor.ParamsParserTest.testDQuotesInSquotes(ParamsParserTest.java:96)

[ERROR] io.nosqlbench.engine.api.activityimpl.motor.ParamsParserTest.testNullValueParam  Time elapsed: 0 s  <<< ERROR!
java.lang.NoClassDefFoundError: Could not initialize class io.nosqlbench.nb.api.config.params.ParamsParser
	at io.nosqlbench.engine.api.activityimpl.motor.ParamsParserTest.testNullValueParam(ParamsParserTest.java:42)

[ERROR] io.nosqlbench.engine.api.activityimpl.motor.ParamsParserTest.testSpaceDelimiter  Time elapsed: 0.001 s  <<< ERROR!
java.lang.NoClassDefFoundError: Could not initialize class io.nosqlbench.nb.api.config.params.ParamsParser
	at io.nosqlbench.engine.api.activityimpl.motor.ParamsParserTest.testSpaceDelimiter(ParamsParserTest.java:124)

[ERROR] io.nosqlbench.engine.api.activityimpl.motor.ParamsParserTest.testSimpleParams  Time elapsed: 0.001 s  <<< ERROR!
java.lang.NoClassDefFoundError: Could not initialize class io.nosqlbench.nb.api.config.params.ParamsParser
	at io.nosqlbench.engine.api.activityimpl.motor.ParamsParserTest.testSimpleParams(ParamsParserTest.java:33)

[ERROR] io.nosqlbench.engine.api.activityimpl.motor.ParamsParserTest.testSkippingLiteralLeadingSpaces  Time elapsed: 0.001 s  <<< ERROR!
java.lang.NoClassDefFoundError: Could not initialize class io.nosqlbench.nb.api.config.params.ParamsParser
	at io.nosqlbench.engine.api.activityimpl.motor.ParamsParserTest.testSkippingLiteralLeadingSpaces(ParamsParserTest.java:160)

[ERROR] io.nosqlbench.engine.api.activityimpl.motor.ParamsParserTest.testDoubleQuotedEscape  Time elapsed: 0.001 s  <<< ERROR!
java.lang.NoClassDefFoundError: Could not initialize class io.nosqlbench.nb.api.config.params.ParamsParser
	at io.nosqlbench.engine.api.activityimpl.motor.ParamsParserTest.testDoubleQuotedEscape(ParamsParserTest.java:78)

[ERROR] io.nosqlbench.engine.api.activityimpl.motor.ParamsParserTest.testHasValues  Time elapsed: 0 s  <<< ERROR!
java.lang.NoClassDefFoundError: Could not initialize class io.nosqlbench.nb.api.config.params.ParamsParser
	at io.nosqlbench.engine.api.activityimpl.motor.ParamsParserTest.testHasValues(ParamsParserTest.java:170)

[ERROR] io.nosqlbench.engine.api.activityimpl.motor.ParamsParserTest.testSpaceDelimiterGappedLast  Time elapsed: 0 s  <<< ERROR!
java.lang.NoClassDefFoundError: Could not initialize class io.nosqlbench.nb.api.config.params.ParamsParser
	at io.nosqlbench.engine.api.activityimpl.motor.ParamsParserTest.testSpaceDelimiterGappedLast(ParamsParserTest.java:144)

[ERROR] io.nosqlbench.engine.api.activityimpl.motor.ParamsParserTest.testMissingSemi  Time elapsed: 0 s  <<< ERROR!
java.lang.NoClassDefFoundError: Could not initialize class io.nosqlbench.nb.api.config.params.ParamsParser
	at io.nosqlbench.engine.api.activityimpl.motor.ParamsParserTest.testMissingSemi(ParamsParserTest.java:116)

[ERROR] io.nosqlbench.engine.api.activityimpl.motor.ParamsParserTest.testSingleQuotedEscape  Time elapsed: 0 s  <<< ERROR!
java.lang.NoClassDefFoundError: Could not initialize class io.nosqlbench.nb.api.config.params.ParamsParser
	at io.nosqlbench.engine.api.activityimpl.motor.ParamsParserTest.testSingleQuotedEscape(ParamsParserTest.java:60)

[ERROR] io.nosqlbench.engine.api.activityimpl.motor.ParamsParserTest.testSpaces  Time elapsed: 0.001 s  <<< ERROR!
java.lang.NoClassDefFoundError: Could not initialize class io.nosqlbench.nb.api.config.params.ParamsParser
	at io.nosqlbench.engine.api.activityimpl.motor.ParamsParserTest.testSpaces(ParamsParserTest.java:105)

[ERROR] io.nosqlbench.engine.api.activityimpl.motor.ParamsParserTest.testSingleQuote  Time elapsed: 0 s  <<< ERROR!
java.lang.NoClassDefFoundError: Could not initialize class io.nosqlbench.nb.api.config.params.ParamsParser
	at io.nosqlbench.engine.api.activityimpl.motor.ParamsParserTest.testSingleQuote(ParamsParserTest.java:51)

[ERROR] io.nosqlbench.engine.api.activityimpl.motor.ParamsParserTest.testDoubleQuote  Time elapsed: 0.001 s  <<< ERROR!
java.lang.NoClassDefFoundError: Could not initialize class io.nosqlbench.nb.api.config.params.ParamsParser
	at io.nosqlbench.engine.api.activityimpl.motor.ParamsParserTest.testDoubleQuote(ParamsParserTest.java:69)

[INFO] 
[INFO] Results:
[INFO] 
[ERROR] Failures: 
[ERROR]   ParamsParserTest.testInvalidNameException:155 
Expecting actual throwable to be an instance of:
  java.lang.RuntimeException
but was:
  java.lang.NoClassDefFoundError: Could not initialize class org.apache.logging.log4j.core.LoggerContext
	at org.apache.logging.log4j.core.selector.ClassLoaderContextSelector.createContext(ClassLoaderContextSelector.java:254)
	at org.apache.logging.log4j.core.selector.ClassLoaderContextSelector.locateContext(ClassLoaderContextSelector.java:218)
	at org.apache.logging.log4j.core.selector.ClassLoaderContextSelector.getContext(ClassLoaderContextSelector.java:136)
	...(78 remaining lines not displayed - this can be changed with Assertions.setMaxStackTraceElementsDisplayed)
[ERROR] Errors: 
[ERROR]   ParamsParserTest.testDQuotesInSquotes:96 NoClassDefFound Could not initialize ...
[ERROR]   ParamsParserTest.testDoubleQuote:69 NoClassDefFound Could not initialize class...
[ERROR]   ParamsParserTest.testDoubleQuotedEscape:78 NoClassDefFound Could not initializ...
[ERROR]   ParamsParserTest.testHasValues:170 NoClassDefFound Could not initialize class ...
[ERROR]   ParamsParserTest.testMissingSemi:116 NoClassDefFound Could not initialize clas...
[ERROR]   ParamsParserTest.testNullValueParam:42 NoClassDefFound Could not initialize cl...
[ERROR]   ParamsParserTest.testSQuotesInDQuotes:87 NoClassDefFound Could not initialize ...
[ERROR]   ParamsParserTest.testSimpleParams:33 NoClassDefFound Could not initialize clas...
[ERROR]   ParamsParserTest.testSingleQuote:51 NoClassDefFound Could not initialize class...
[ERROR]   ParamsParserTest.testSingleQuotedEscape:60 NoClassDefFound Could not initializ...
[ERROR]   ParamsParserTest.testSkippingLiteralLeadingSpaces:160 NoClassDefFound Could no...
[ERROR]   ParamsParserTest.testSpaceDelimiter:124 NoClassDefFound Could not initialize c...
[ERROR]   ParamsParserTest.testSpaceDelimiterGappedFirst:134 NoClassDefFound Could not i...
[ERROR]   ParamsParserTest.testSpaceDelimiterGappedLast:144 NoClassDefFound Could not in...
[ERROR]   ParamsParserTest.testSpaces:105 NoClassDefFound Could not initialize class io....
[ERROR]   SystemIdTest.testHostInfo:12 » NoClassDefFound Could not initialize class org....
[ERROR]   SystemIdTest.testNodeFingerprint:24 » NoClassDefFound Could not initialize cla...
[ERROR]   SystemIdTest.testNostId:18 » NoClassDefFound Could not initialize class oshi.h...
[ERROR]   ConfigLoaderTest.testEmpty:45 NoClassDefFound Could not initialize class io.no...
[ERROR]   ConfigLoaderTest.testImportSingle:38 NoClassDefFound Could not initialize clas...
[ERROR]   ConfigLoaderTest.testJsonArray:30 NoClassDefFound Could not initialize class i...
[ERROR]   ConfigLoaderTest.testSingleJsonObject:23 NoClassDefFound Could not initialize ...
[ERROR]   ConfigLoaderTest.testSingleParams:16 » NoClassDefFound Could not initialize cl...
[ERROR]   NBParamsTest.testDepthPrecedence:96 » NoClassDefFound Could not initialize cla...
[ERROR]   NBParamsTest.testJsonText:65 » NoClassDefFound Could not initialize class io.n...
[ERROR]   NBParamsTest.testMapObject:16 » NoClassDefFound Could not initialize class io....
[ERROR]   NBParamsTest.testNamedFromJsonSeq:72 » NoClassDefFound Could not initialize cl...
[ERROR]   NBParamsTest.testNamedFromMapSeq:79 » NoClassDefFound Could not initialize cla...
[ERROR]   NBParamsTest.testNestedMapObject:24 » NoClassDefFound Could not initialize cla...
[ERROR]   NBParamsTest.testNestedMixedJsonMapParams:31 » NoSuchField EMPTY_BYTE_ARRAY
[ERROR]   NBParamsTest.testNestedMixedJsonParamsMap:41 » NoClassDefFound Could not initi...
[ERROR]   NBParamsTest.testNestedMixedMapJsonParams:49 » NoClassDefFound Could not initi...
[ERROR]   NBParamsTest.testNestedMixedMapParamsJson:57 » NoClassDefFound Could not initi...
[ERROR]   NBIOTest.matchFullyQualifiedPathCorrectly:273 » NoClassDefFound Could not init...
[ERROR]   NBIOTest.onlyMatchExtensionFilesWhenExtensionsProvided:242 » NoClassDefFound C...
[ERROR]   NBIOTest.test:209 » NoClassDefFound Could not initialize class io.nosqlbench.n...
[ERROR]   NBIOTest.testClasspathTestResource:110 » NoClassDefFound Could not initialize ...
[ERROR]   NBIOTest.testExpandAddExtensionNeeded:74 » NoClassDefFound Could not initializ...
[ERROR]   NBIOTest.testExpandAddExtensionNotNeeded:64 » NoClassDefFound Could not initia...
[ERROR]   NBIOTest.testExpandNameAndAllSuffixesOnly:36 » NoClassDefFound Could not initi...
[ERROR]   NBIOTest.testExpandNamesAndExtensionsAvoidsExtendedAlreadyExtended:50 » NoClassDefFound
[ERROR]   NBIOTest.testExpandNamesAndExtensionsIfNotExtended:43 » NoClassDefFound Could ...
[ERROR]   NBIOTest.testExpandPrefixesAndFullName:57 » NoClassDefFound Could not initiali...
[ERROR]   NBIOTest.testExpandWildcardAndExtensionsOnly:29 » NoClassDefFound Could not in...
[ERROR]   NBIOTest.testFullyQualifiedNameSearches:22 » NoClassDefFound Could not initial...
[ERROR]   NBIOTest.testLoadAllFilesUnderPath:194 » NoClassDefFound Could not initialize ...
[ERROR]   NBIOTest.testLoadCsv1Classpath:84 » NoClassDefFound Could not initialize class...
[ERROR]   NBIOTest.testLoadCsv1Filesystem:95 » NoClassDefFound Could not initialize clas...
[ERROR]   NBIOTest.testLoadNamedFileAsYmlExtension:172 » NoClassDefFound Could not initi...
[ERROR]   NBIOTest.testPathSearchForExtension:118 » NoClassDefFound Could not initialize...
[ERROR]   NBIOTest.testPathSearchForExtensionMissing:128 » NoClassDefFound Could not ini...
[ERROR]   NBIOTest.testPathSearchForMultipleExtensions:138 » NoClassDefFound Could not i...
[ERROR]   NBIOTest.testPathSearchForSuffix:148 » NoClassDefFound Could not initialize cl...
[ERROR]   NBIOTest.testPathSearchInDifferentVantagePoints:158 » NoClassDefFound Could no...
[ERROR]   NBIOTest.testSpecificFilenameMatch:228 » NoClassDefFound Could not initialize ...
[ERROR]   NBIOTest.testWildcardFilenameMatch:217 » NoClassDefFound Could not initialize ...
[ERROR]   ResolverForURLTest.testFileResource:30 » NoClassDefFound Could not initialize ...
[ERROR]   ResolverForURLTest.testUrlResource:19 » NoClassDefFound Could not initialize c...
[INFO] 
[ERROR] Tests run: 77, Failures: 1, Errors: 58, Skipped: 3
[INFO] 
[INFO] ------------------------------------------------------------------------
[INFO] Reactor Summary for nosqlbench 4.15.71-SNAPSHOT:
[INFO] 
[INFO] mvn-defaults ....................................... SUCCESS [  0.106 s]
[INFO] nb-annotations ..................................... SUCCESS [  1.015 s]
[INFO] nb-api ............................................. FAILURE [  3.831 s]
[INFO] virtdata-lang ...................................... SKIPPED
[INFO] virtdata-api ....................................... SKIPPED
[INFO] virtdata-realdata .................................. SKIPPED
[INFO] virtdata-lib-basics ................................ SKIPPED
[INFO] virtdata-lib-realer ................................ SKIPPED
[INFO] virtdata-lib-random ................................ SKIPPED
[INFO] virtdata-lib-curves4 ............................... SKIPPED
[INFO] docsys ............................................. SKIPPED
[INFO] virtdata-userlibs .................................. SKIPPED
[INFO] adapters-api ....................................... SKIPPED
[INFO] drivers-api ........................................ SKIPPED
[INFO] engine-api ......................................... SKIPPED
[INFO] engine-clients ..................................... SKIPPED
[INFO] engine-core ........................................ SKIPPED
[INFO] engine-docker ...................................... SKIPPED
[INFO] engine-cli ......................................... SKIPPED
[INFO] engine-rest ........................................ SKIPPED
[INFO] engine-docs ........................................ SKIPPED
[INFO] engine-extensions .................................. SKIPPED
[INFO] driver-diag ........................................ SKIPPED
[INFO] nbr ................................................ SKIPPED
[INFO] driver-web ......................................... SKIPPED
[INFO] driver-stdout ...................................... SKIPPED
[INFO] driver-kafka ....................................... SKIPPED
[INFO] driver-tcp ......................................... SKIPPED
[INFO] driver-http ........................................ SKIPPED
[INFO] driver-jmx ......................................... SKIPPED
[INFO] driver-dsegraph-shaded ............................. SKIPPED
[INFO] driver-cql-shaded .................................. SKIPPED
[INFO] driver-cqld3-shaded ................................ SKIPPED
[INFO] driver-cqlverify ................................... SKIPPED
[INFO] driver-mongodb ..................................... SKIPPED
[INFO] driver-pulsar ...................................... SKIPPED
[INFO] nosqlbench ......................................... SKIPPED
[INFO] driver-jdbc ........................................ SKIPPED
[INFO] driver-cockroachdb ................................. SKIPPED
[INFO] driver-jms ......................................... SKIPPED
[INFO] nb ................................................. SKIPPED
[INFO] driver-grpc ........................................ SKIPPED
[INFO] ------------------------------------------------------------------------
[INFO] BUILD FAILURE
[INFO] ------------------------------------------------------------------------
[INFO] Total time:  5.571 s
[INFO] Finished at: 2023-02-01T22:21:19Z
[INFO] ------------------------------------------------------------------------
[ERROR] Failed to execute goal org.apache.maven.plugins:maven-surefire-plugin:3.0.0-M4:test (default-test) on project nb-api: There are test failures.
[ERROR] 
[ERROR] Please refer to /home/gabsko/breaking-updates/nb-api/target/surefire-reports for the individual test results.
[ERROR] Please refer to dump files (if any exist) [date].dump, [date]-jvmRun[N].dump and [date].dumpstream.
[ERROR] -> [Help 1]
[ERROR] 
[ERROR] To see the full stack trace of the errors, re-run Maven with the -e switch.
[ERROR] Re-run Maven using the -X switch to enable full debug logging.
[ERROR] 
[ERROR] For more information about the errors and possible solutions, please read the following articles:
[ERROR] [Help 1] http://cwiki.apache.org/confluence/display/MAVEN/MojoFailureException
[ERROR] 
[ERROR] After correcting the problems, you can resume the build with the command
[ERROR]   mvn <args> -rf :nb-api
