[INFO] Scanning for projects...
[INFO] ------------------------------------------------------------------------
[INFO] Reactor Build Order:
[INFO] 
[INFO] Metrics5 Parent                                                    [pom]
[INFO] Metrics5 Documentation                                             [jar]
[INFO] Metrics5 BOM                                                       [pom]
[INFO] Annotations for Metrics5                                        [bundle]
[INFO] Metrics5 Core                                                   [bundle]
[INFO] Benchmarks for Metrics5                                            [jar]
[INFO] Metrics5 Integration for Caffeine 2.x                           [bundle]
[INFO] Metrics5 Integration for Caffeine 3.x                           [bundle]
[INFO] Metrics5 Integration for Collectd                               [bundle]
[INFO] Metrics5 Integration for Ehcache                                [bundle]
[INFO] Graphite Integration for Metrics5                               [bundle]
[INFO] InfluxDB integration for Metrics5                               [bundle]
[INFO] JVM Integration for Metrics5                                    [bundle]
[INFO] Metrics5 Health Checks                                          [bundle]
[INFO] Metrics5 Integration for Apache HttpClient                      [bundle]
[INFO] Metrics5 Integration for Apache HttpClient 5.x                  [bundle]
[INFO] Metrics5 Integration for Apache HttpAsyncClient                 [bundle]
[INFO] Metrics5 Integration for Jakarta Servlets                       [bundle]
[INFO] Jackson Integration for Metrics5                                [bundle]
[INFO] Metrics Integration for Jetty 11.x and higher                   [bundle]
[INFO] Metrics5 Utility Jakarta Servlets                               [bundle]
[INFO] Metrics5 Integration for JCache                                 [bundle]
[INFO] Metrics5 Integration for JDBI                                   [bundle]
[INFO] Metrics5 Integration for JDBI3                                  [bundle]
[INFO] Metrics5 Integration for Jersey 2.x                             [bundle]
[INFO] Metrics Integration for Jersey 3.x                              [bundle]
[INFO] Metrics5 Integration for Jetty 9.3 and higher                   [bundle]
[INFO] Metrics Integration for Jetty 10.x and higher                   [bundle]
[INFO] Metrics5 Integration for Log4j 2.x                              [bundle]
[INFO] Metrics5 Integration for Logback                                [bundle]
[INFO] Metrics5 Integration for Servlets                               [bundle]
[INFO] Metrics5 Utility Servlets                                       [bundle]
[INFO] Metrics5 JCStress tests                                            [jar]
[INFO] Metrics5 Integration with JMX                                   [bundle]
[INFO] Metrics5 Adapter to Metrics 3/4 API                                [jar]
[INFO] Metrics5 Health Checks Adapter to Metrics 3/4 API                  [jar]
[INFO] 
[INFO] ---------------< io.dropwizard.metrics5:metrics-parent >----------------
[INFO] Building Metrics5 Parent 5.0.0-rc12-SNAPSHOT                      [1/36]
[INFO] --------------------------------[ pom ]---------------------------------
[INFO] 
[INFO] --- maven-clean-plugin:2.5:clean (default-clean) @ metrics-parent ---
[INFO] 
[INFO] --- maven-enforcer-plugin:1.4.1:enforce (enforce) @ metrics-parent ---
[INFO] 
[INFO] --- jacoco-maven-plugin:0.8.8:prepare-agent (prepare-agent) @ metrics-parent ---
[INFO] argLine set to -javaagent:/home/gabsko/.m2/repository/org/jacoco/org.jacoco.agent/0.8.8/org.jacoco.agent-0.8.8-runtime.jar=destfile=/home/gabsko/breaking-updates/target/jacoco.exec
[INFO] 
[INFO] --------------------< io.dropwizard.metrics5:docs >---------------------
[INFO] Building Metrics5 Documentation 5.0.0-rc12-SNAPSHOT               [2/36]
[INFO] --------------------------------[ jar ]---------------------------------
[INFO] 
[INFO] --- maven-clean-plugin:2.5:clean (default-clean) @ docs ---
[INFO] Deleting /home/gabsko/breaking-updates/docs/target
[INFO] 
[INFO] --- maven-enforcer-plugin:1.4.1:enforce (enforce) @ docs ---
[INFO] 
[INFO] --- jacoco-maven-plugin:0.8.8:prepare-agent (prepare-agent) @ docs ---
[INFO] argLine set to -javaagent:/home/gabsko/.m2/repository/org/jacoco/org.jacoco.agent/0.8.8/org.jacoco.agent-0.8.8-runtime.jar=destfile=/home/gabsko/breaking-updates/docs/target/jacoco.exec
[INFO] 
[INFO] --- build-helper-maven-plugin:3.3.0:parse-version (parse-version) @ docs ---
[INFO] 
[INFO] --- maven-resources-plugin:3.2.0:resources (process-resources) @ docs ---
[INFO] Using 'UTF-8' encoding to copy filtered resources.
[INFO] Using 'UTF-8' encoding to copy filtered properties files.
[INFO] Copying 72 resources
[INFO] 
[INFO] --- maven-resources-plugin:3.2.0:resources (default-resources) @ docs ---
[INFO] Using 'UTF-8' encoding to copy filtered resources.
[INFO] Using 'UTF-8' encoding to copy filtered properties files.
[INFO] Copying 72 resources
[INFO] 
[INFO] --- maven-compiler-plugin:3.10.1:compile (default-compile) @ docs ---
[INFO] No sources to compile
[INFO] 
[INFO] --- maven-resources-plugin:3.2.0:testResources (default-testResources) @ docs ---
[INFO] Using 'UTF-8' encoding to copy filtered resources.
[INFO] Using 'UTF-8' encoding to copy filtered properties files.
[INFO] skip non existing resourceDirectory /home/gabsko/breaking-updates/docs/src/test/resources
[INFO] 
[INFO] --- maven-compiler-plugin:3.10.1:testCompile (default-testCompile) @ docs ---
[INFO] No sources to compile
[INFO] 
[INFO] --- maven-surefire-plugin:2.22.2:test (default-test) @ docs ---
[INFO] No tests to run.
[INFO] 
[INFO] -----------------< io.dropwizard.metrics5:metrics-bom >-----------------
[INFO] Building Metrics5 BOM 5.0.0-rc12-SNAPSHOT                         [3/36]
[INFO] --------------------------------[ pom ]---------------------------------
[INFO] 
[INFO] --- maven-clean-plugin:2.5:clean (default-clean) @ metrics-bom ---
[INFO] 
[INFO] --- maven-enforcer-plugin:1.4.1:enforce (enforce) @ metrics-bom ---
[INFO] 
[INFO] --- jacoco-maven-plugin:0.8.8:prepare-agent (prepare-agent) @ metrics-bom ---
[INFO] argLine set to -javaagent:/home/gabsko/.m2/repository/org/jacoco/org.jacoco.agent/0.8.8/org.jacoco.agent-0.8.8-runtime.jar=destfile=/home/gabsko/breaking-updates/metrics-bom/target/jacoco.exec
[INFO] 
[INFO] -------------< io.dropwizard.metrics5:metrics-annotation >--------------
[INFO] Building Annotations for Metrics5 5.0.0-rc12-SNAPSHOT             [4/36]
[INFO] -------------------------------[ bundle ]-------------------------------
[INFO] 
[INFO] --- maven-clean-plugin:2.5:clean (default-clean) @ metrics-annotation ---
[INFO] Deleting /home/gabsko/breaking-updates/metrics-annotation/target
[INFO] 
[INFO] --- maven-enforcer-plugin:1.4.1:enforce (enforce) @ metrics-annotation ---
[INFO] 
[INFO] --- jacoco-maven-plugin:0.8.8:prepare-agent (prepare-agent) @ metrics-annotation ---
[INFO] argLine set to -javaagent:/home/gabsko/.m2/repository/org/jacoco/org.jacoco.agent/0.8.8/org.jacoco.agent-0.8.8-runtime.jar=destfile=/home/gabsko/breaking-updates/metrics-annotation/target/jacoco.exec
[INFO] 
[INFO] --- maven-resources-plugin:3.3.0:resources (default-resources) @ metrics-annotation ---
[INFO] skip non existing resourceDirectory /home/gabsko/breaking-updates/metrics-annotation/src/main/resources
[INFO] 
[INFO] --- maven-compiler-plugin:3.10.1:compile (default-compile) @ metrics-annotation ---
[INFO] Changes detected - recompiling the module!
[INFO] Compiling 8 source files to /home/gabsko/breaking-updates/metrics-annotation/target/classes
[WARNING] [options] bootstrap class path not set in conjunction with -source 8
[WARNING] /home/gabsko/breaking-updates/metrics-annotation/src/main/java/io/dropwizard/metrics5/annotation/CachedGauge.java:[33,7] [MissingSummary] A summary fragment is required; consider using the value of the @return block as a summary fragment instead.
    (see https://google.github.io/styleguide/javaguide.html#s7.2-summary-fragment)
  Did you mean '*Returns the name of the counter.'?
[WARNING] /home/gabsko/breaking-updates/metrics-annotation/src/main/java/io/dropwizard/metrics5/annotation/CachedGauge.java:[38,7] [MissingSummary] A summary fragment is required; consider using the value of the @return block as a summary fragment instead.
    (see https://google.github.io/styleguide/javaguide.html#s7.2-summary-fragment)
  Did you mean '*Returns if {@code true}, use the given name as an absolute name. If {@code false}, use the given name'?
[WARNING] /home/gabsko/breaking-updates/metrics-annotation/src/main/java/io/dropwizard/metrics5/annotation/CachedGauge.java:[44,7] [MissingSummary] A summary fragment is required; consider using the value of the @return block as a summary fragment instead.
    (see https://google.github.io/styleguide/javaguide.html#s7.2-summary-fragment)
  Did you mean '*Returns the amount of time to cache the result.'?
[WARNING] /home/gabsko/breaking-updates/metrics-annotation/src/main/java/io/dropwizard/metrics5/annotation/CachedGauge.java:[49,7] [MissingSummary] A summary fragment is required; consider using the value of the @return block as a summary fragment instead.
    (see https://google.github.io/styleguide/javaguide.html#s7.2-summary-fragment)
  Did you mean '*Returns the unit of timeout.'?
[WARNING] /home/gabsko/breaking-updates/metrics-annotation/src/main/java/io/dropwizard/metrics5/annotation/Metered.java:[30,7] [MissingSummary] A summary fragment is required; consider using the value of the @return block as a summary fragment instead.
    (see https://google.github.io/styleguide/javaguide.html#s7.2-summary-fragment)
  Did you mean '*Returns the name of the meter.'?
[WARNING] /home/gabsko/breaking-updates/metrics-annotation/src/main/java/io/dropwizard/metrics5/annotation/Metered.java:[35,7] [MissingSummary] A summary fragment is required; consider using the value of the @return block as a summary fragment instead.
    (see https://google.github.io/styleguide/javaguide.html#s7.2-summary-fragment)
  Did you mean '*Returns if {@code true}, use the given name as an absolute name. If {@code false}, use the given name'?
[WARNING] /home/gabsko/breaking-updates/metrics-annotation/src/main/java/io/dropwizard/metrics5/annotation/Counted.java:[34,7] [MissingSummary] A summary fragment is required; consider using the value of the @return block as a summary fragment instead.
    (see https://google.github.io/styleguide/javaguide.html#s7.2-summary-fragment)
  Did you mean '*Returns the name of the counter.'?
[WARNING] /home/gabsko/breaking-updates/metrics-annotation/src/main/java/io/dropwizard/metrics5/annotation/Counted.java:[39,7] [MissingSummary] A summary fragment is required; consider using the value of the @return block as a summary fragment instead.
    (see https://google.github.io/styleguide/javaguide.html#s7.2-summary-fragment)
  Did you mean '*Returns if {@code true}, use the given name as an absolute name. If {@code false}, use the given name'?
[WARNING] /home/gabsko/breaking-updates/metrics-annotation/src/main/java/io/dropwizard/metrics5/annotation/Counted.java:[45,7] [MissingSummary] A summary fragment is required; consider using the value of the @return block as a summary fragment instead.
    (see https://google.github.io/styleguide/javaguide.html#s7.2-summary-fragment)
  Did you mean '*Returns if {@code false} (default), the counter is decremented when the annotated'?
[WARNING] /home/gabsko/breaking-updates/metrics-annotation/src/main/java/io/dropwizard/metrics5/annotation/Metric.java:[38,7] [MissingSummary] A summary fragment is required; consider using the value of the @return block as a summary fragment instead.
    (see https://google.github.io/styleguide/javaguide.html#s7.2-summary-fragment)
  Did you mean '*Returns the name of the metric.'?
[WARNING] /home/gabsko/breaking-updates/metrics-annotation/src/main/java/io/dropwizard/metrics5/annotation/Metric.java:[43,7] [MissingSummary] A summary fragment is required; consider using the value of the @return block as a summary fragment instead.
    (see https://google.github.io/styleguide/javaguide.html#s7.2-summary-fragment)
  Did you mean '*Returns if {@code true}, use the given name as an absolute name. If {@code false},'?
[WARNING] /home/gabsko/breaking-updates/metrics-annotation/src/main/java/io/dropwizard/metrics5/annotation/Gauge.java:[26,7] [MissingSummary] A summary fragment is required; consider using the value of the @return block as a summary fragment instead.
    (see https://google.github.io/styleguide/javaguide.html#s7.2-summary-fragment)
  Did you mean '*Returns the gauge's name.'?
[WARNING] /home/gabsko/breaking-updates/metrics-annotation/src/main/java/io/dropwizard/metrics5/annotation/Gauge.java:[31,7] [MissingSummary] A summary fragment is required; consider using the value of the @return block as a summary fragment instead.
    (see https://google.github.io/styleguide/javaguide.html#s7.2-summary-fragment)
  Did you mean '*Returns if {@code true}, use the given name as an absolute name. If {@code false}, use the given name'?
[WARNING] /home/gabsko/breaking-updates/metrics-annotation/src/main/java/io/dropwizard/metrics5/annotation/ExceptionMetered.java:[50,7] [MissingSummary] A summary fragment is required; consider using the value of the @return block as a summary fragment instead.
    (see https://google.github.io/styleguide/javaguide.html#s7.2-summary-fragment)
  Did you mean '*Returns the name of the meter. If not specified, the meter will be given a name based on the method'?
[WARNING] /home/gabsko/breaking-updates/metrics-annotation/src/main/java/io/dropwizard/metrics5/annotation/ExceptionMetered.java:[56,7] [MissingSummary] A summary fragment is required; consider using the value of the @return block as a summary fragment instead.
    (see https://google.github.io/styleguide/javaguide.html#s7.2-summary-fragment)
  Did you mean '*Returns if {@code true}, use the given name as an absolute name. If {@code false}, use the given name'?
[WARNING] /home/gabsko/breaking-updates/metrics-annotation/src/main/java/io/dropwizard/metrics5/annotation/ExceptionMetered.java:[62,7] [MissingSummary] A summary fragment is required; consider using the value of the @return block as a summary fragment instead.
    (see https://google.github.io/styleguide/javaguide.html#s7.2-summary-fragment)
  Did you mean '*Returns the type of exceptions that the meter will catch and count.'?
[WARNING] /home/gabsko/breaking-updates/metrics-annotation/src/main/java/io/dropwizard/metrics5/annotation/Timed.java:[30,7] [MissingSummary] A summary fragment is required; consider using the value of the @return block as a summary fragment instead.
    (see https://google.github.io/styleguide/javaguide.html#s7.2-summary-fragment)
  Did you mean '*Returns the name of the timer.'?
[WARNING] /home/gabsko/breaking-updates/metrics-annotation/src/main/java/io/dropwizard/metrics5/annotation/Timed.java:[35,7] [MissingSummary] A summary fragment is required; consider using the value of the @return block as a summary fragment instead.
    (see https://google.github.io/styleguide/javaguide.html#s7.2-summary-fragment)
  Did you mean '*Returns if {@code true}, use the given name as an absolute name. If {@code false}, use the given name'?
[WARNING] /home/gabsko/breaking-updates/metrics-annotation/src/main/java/io/dropwizard/metrics5/annotation/ResponseMetered.java:[30,7] [MissingSummary] A summary fragment is required; consider using the value of the @return block as a summary fragment instead.
    (see https://google.github.io/styleguide/javaguide.html#s7.2-summary-fragment)
  Did you mean '*Returns the name of the meter.'?
[WARNING] /home/gabsko/breaking-updates/metrics-annotation/src/main/java/io/dropwizard/metrics5/annotation/ResponseMetered.java:[35,7] [MissingSummary] A summary fragment is required; consider using the value of the @return block as a summary fragment instead.
    (see https://google.github.io/styleguide/javaguide.html#s7.2-summary-fragment)
  Did you mean '*Returns if {@code true}, use the given name as an absolute name. If {@code false}, use the given name'?
[INFO] 
[INFO] --- maven-resources-plugin:3.3.0:testResources (default-testResources) @ metrics-annotation ---
[INFO] skip non existing resourceDirectory /home/gabsko/breaking-updates/metrics-annotation/src/test/resources
[INFO] 
[INFO] --- maven-compiler-plugin:3.10.1:testCompile (default-testCompile) @ metrics-annotation ---
[INFO] No sources to compile
[INFO] 
[INFO] --- maven-surefire-plugin:2.22.2:test (default-test) @ metrics-annotation ---
[INFO] No tests to run.
[INFO] 
[INFO] ----------------< io.dropwizard.metrics5:metrics-core >-----------------
[INFO] Building Metrics5 Core 5.0.0-rc12-SNAPSHOT                        [5/36]
[INFO] -------------------------------[ bundle ]-------------------------------
[INFO] 
[INFO] --- maven-clean-plugin:2.5:clean (default-clean) @ metrics-core ---
[INFO] Deleting /home/gabsko/breaking-updates/metrics-core/target
[INFO] 
[INFO] --- maven-enforcer-plugin:1.4.1:enforce (enforce) @ metrics-core ---
[INFO] 
[INFO] --- jacoco-maven-plugin:0.8.8:prepare-agent (prepare-agent) @ metrics-core ---
[INFO] argLine set to -javaagent:/home/gabsko/.m2/repository/org/jacoco/org.jacoco.agent/0.8.8/org.jacoco.agent-0.8.8-runtime.jar=destfile=/home/gabsko/breaking-updates/metrics-core/target/jacoco.exec
[INFO] 
[INFO] --- maven-resources-plugin:3.3.0:resources (default-resources) @ metrics-core ---
[INFO] skip non existing resourceDirectory /home/gabsko/breaking-updates/metrics-core/src/main/resources
[INFO] 
[INFO] --- maven-compiler-plugin:3.10.1:compile (default-compile) @ metrics-core ---
[INFO] Changes detected - recompiling the module!
[INFO] Compiling 49 source files to /home/gabsko/breaking-updates/metrics-core/target/classes
[WARNING] [options] bootstrap class path not set in conjunction with -source 8
[WARNING] /home/gabsko/breaking-updates/metrics-core/src/main/java/io/dropwizard/metrics5/Slf4jReporter.java:[177,33] [InvalidInlineTag] Curly braces should be used for inline Javadoc tags: {@link ...}
    (see https://errorprone.info/bugpattern/InvalidInlineTag)
  Did you mean '* @param loggingLevel a {@link Slf4jReporter.LoggingLevel}'?
[WARNING] /home/gabsko/breaking-updates/metrics-core/src/main/java/io/dropwizard/metrics5/ScheduledReporter.java:[50,29] [ThreadPriorityCheck] Relying on the thread scheduler is discouraged.
    (see https://errorprone.info/bugpattern/ThreadPriorityCheck)
[WARNING] /home/gabsko/breaking-updates/metrics-core/src/main/java/io/dropwizard/metrics5/MetricRegistry.java:[339,31] [TypeParameterUnusedInFormals] Declaring a type parameter that is only used in the return type is a misuse of generics: operations on the type parameter are unchecked, it hides unsafe casts at invocations of the method, and it interacts badly with method overload resolution.
    (see https://errorprone.info/bugpattern/TypeParameterUnusedInFormals)
[WARNING] /home/gabsko/breaking-updates/metrics-core/src/main/java/io/dropwizard/metrics5/MovingAverages.java:[24,7] [EmptyBlockTag] A block tag (@param, @return, @throws, @deprecated) has an empty description. Block tags without descriptions don't add much value for future readers of the code; consider removing the tag entirely or adding a description.
    (see https://google.github.io/styleguide/javaguide.html#s7.1.3-javadoc-block-tags)
  Did you mean '*'?
[WARNING] /home/gabsko/breaking-updates/metrics-core/src/main/java/io/dropwizard/metrics5/CsvReporter.java:[264,44] [LongDoubleConversion] Conversion from long to double may lose precision; use an explicit cast to double if this was intentional
    (see https://errorprone.info/bugpattern/LongDoubleConversion)
  Did you mean 'convertDuration((double) timer.getSum()),'?
[WARNING] /home/gabsko/breaking-updates/metrics-core/src/main/java/io/dropwizard/metrics5/CsvReporter.java:[265,47] [LongDoubleConversion] Conversion from long to double may lose precision; use an explicit cast to double if this was intentional
    (see https://errorprone.info/bugpattern/LongDoubleConversion)
  Did you mean 'convertDuration((double) snapshot.getMax()),'?
[WARNING] /home/gabsko/breaking-updates/metrics-core/src/main/java/io/dropwizard/metrics5/CsvReporter.java:[267,47] [LongDoubleConversion] Conversion from long to double may lose precision; use an explicit cast to double if this was intentional
    (see https://errorprone.info/bugpattern/LongDoubleConversion)
  Did you mean 'convertDuration((double) snapshot.getMin()),'?
[WARNING] /home/gabsko/breaking-updates/metrics-core/src/main/java/io/dropwizard/metrics5/ConsoleReporter.java:[231,50] [JavaUtilDate] Date has a bad API that leads to bugs; prefer java.time.Instant or LocalDate.
    (see https://errorprone.info/bugpattern/JavaUtilDate)
[WARNING] /home/gabsko/breaking-updates/metrics-core/src/main/java/io/dropwizard/metrics5/ConsoleReporter.java:[320,124] [LongDoubleConversion] Conversion from long to double may lose precision; use an explicit cast to double if this was intentional
    (see https://errorprone.info/bugpattern/LongDoubleConversion)
  Did you mean 'printIfEnabled(MetricAttribute.SUM, String.format(locale, "               sum = %2.2f", convertDuration((double) timer.getSum())));'?
[WARNING] /home/gabsko/breaking-updates/metrics-core/src/main/java/io/dropwizard/metrics5/ConsoleReporter.java:[326,130] [LongDoubleConversion] Conversion from long to double may lose precision; use an explicit cast to double if this was intentional
    (see https://errorprone.info/bugpattern/LongDoubleConversion)
  Did you mean 'printIfEnabled(MetricAttribute.MIN, String.format(locale, "               min = %2.2f %s", convertDuration((double) snapshot.getMin()), getDurationUnit()));'?
[WARNING] /home/gabsko/breaking-updates/metrics-core/src/main/java/io/dropwizard/metrics5/ConsoleReporter.java:[327,130] [LongDoubleConversion] Conversion from long to double may lose precision; use an explicit cast to double if this was intentional
    (see https://errorprone.info/bugpattern/LongDoubleConversion)
  Did you mean 'printIfEnabled(MetricAttribute.MAX, String.format(locale, "               max = %2.2f %s", convertDuration((double) snapshot.getMax()), getDurationUnit()));'?
[WARNING] /home/gabsko/breaking-updates/metrics-core/src/main/java/io/dropwizard/metrics5/WeightedSnapshot.java:[81,20] [UnnecessaryParentheses] These grouping parentheses are unnecessary; it is unlikely the code will be misinterpreted without them
    (see https://errorprone.info/bugpattern/UnnecessaryParentheses)
  Did you mean 'posx = ( -posx - 1) - 1;'?
[WARNING] /home/gabsko/breaking-updates/metrics-core/src/main/java/io/dropwizard/metrics5/InstrumentedExecutorService.java:[211,31] [try] auto-closeable resource durationContext is never referenced in body of corresponding try statement
[WARNING] /home/gabsko/breaking-updates/metrics-core/src/main/java/io/dropwizard/metrics5/InstrumentedExecutorService.java:[233,31] [try] auto-closeable resource context is never referenced in body of corresponding try statement
[WARNING] /home/gabsko/breaking-updates/metrics-core/src/main/java/io/dropwizard/metrics5/DefaultSettableGauge.java:[4,69] [InvalidLink] The reference `#setValue(T)` to a method doesn't resolve to anything. Is it misspelt, or is the parameter list not correct? See https://docs.oracle.com/javase/8/docs/technotes/tools/unix/javadoc.html#JSSOR654 for documentation on how to form method links.
    (see https://errorprone.info/bugpattern/InvalidLink)
[WARNING] /home/gabsko/breaking-updates/metrics-core/src/main/java/io/dropwizard/metrics5/SettableGauge.java:[5,69] [InvalidLink] The reference `#setValue(T)` to a method doesn't resolve to anything. Is it misspelt, or is the parameter list not correct? See https://docs.oracle.com/javase/8/docs/technotes/tools/unix/javadoc.html#JSSOR654 for documentation on how to form method links.
    (see https://errorprone.info/bugpattern/InvalidLink)
[WARNING] /home/gabsko/breaking-updates/metrics-core/src/main/java/io/dropwizard/metrics5/NoopMetricRegistry.java:[315,40] [UnusedVariable] The field 'INSTANCE' is never read.
    (see https://errorprone.info/bugpattern/UnusedVariable)
  Did you mean to remove this line or 'static { new NoopMetric(); }'?
[WARNING] /home/gabsko/breaking-updates/metrics-core/src/main/java/io/dropwizard/metrics5/NoopMetricRegistry.java:[26,7] [EmptyBlockTag] A block tag (@param, @return, @throws, @deprecated) has an empty description. Block tags without descriptions don't add much value for future readers of the code; consider removing the tag entirely or adding a description.
    (see https://google.github.io/styleguide/javaguide.html#s7.1.3-javadoc-block-tags)
  Did you mean '*'?
[WARNING] /home/gabsko/breaking-updates/metrics-core/src/main/java/io/dropwizard/metrics5/NoopMetricRegistry.java:[150,31] [TypeParameterUnusedInFormals] Declaring a type parameter that is only used in the return type is a misuse of generics: operations on the type parameter are unchecked, it hides unsafe casts at invocations of the method, and it interacts badly with method overload resolution.
    (see https://errorprone.info/bugpattern/TypeParameterUnusedInFormals)
[WARNING] /home/gabsko/breaking-updates/metrics-core/src/main/java/io/dropwizard/metrics5/NoopMetricRegistry.java:[166,31] [MissingOverride] gauge overrides method in MetricRegistry; expected @Override
    (see https://errorprone.info/bugpattern/MissingOverride)
  Did you mean '@Override @SuppressWarnings({"rawtypes", "unchecked"})'?
[INFO] 
[INFO] --- maven-resources-plugin:3.3.0:testResources (default-testResources) @ metrics-core ---
[INFO] skip non existing resourceDirectory /home/gabsko/breaking-updates/metrics-core/src/test/resources
[INFO] 
[INFO] --- maven-compiler-plugin:3.10.1:testCompile (default-testCompile) @ metrics-core ---
[INFO] Changes detected - recompiling the module!
[INFO] Compiling 36 source files to /home/gabsko/breaking-updates/metrics-core/target/test-classes
[WARNING] [options] bootstrap class path not set in conjunction with -source 8
[WARNING] /home/gabsko/breaking-updates/metrics-core/src/test/java/io/dropwizard/metrics5/SharedMetricRegistriesTest.java:[14,58] [deprecation] none() in ExpectedException has been deprecated
[WARNING] /home/gabsko/breaking-updates/metrics-core/src/test/java/io/dropwizard/metrics5/MeterApproximationTest.java:[39,27] [LongDoubleConversion] Conversion from long to double may lose precision; use an explicit cast to double if this was intentional
    (see https://errorprone.info/bugpattern/LongDoubleConversion)
  Did you mean '.isEqualTo((double) ratePerMinute, offset(0.1 * ratePerMinute));'?
[WARNING] /home/gabsko/breaking-updates/metrics-core/src/test/java/io/dropwizard/metrics5/MeterApproximationTest.java:[49,27] [LongDoubleConversion] Conversion from long to double may lose precision; use an explicit cast to double if this was intentional
    (see https://errorprone.info/bugpattern/LongDoubleConversion)
  Did you mean '.isEqualTo((double) ratePerMinute, offset(0.1 * ratePerMinute));'?
[WARNING] /home/gabsko/breaking-updates/metrics-core/src/test/java/io/dropwizard/metrics5/MeterApproximationTest.java:[59,27] [LongDoubleConversion] Conversion from long to double may lose precision; use an explicit cast to double if this was intentional
    (see https://errorprone.info/bugpattern/LongDoubleConversion)
  Did you mean '.isEqualTo((double) ratePerMinute, offset(0.1 * ratePerMinute));'?
[WARNING] /home/gabsko/breaking-updates/metrics-core/src/test/java/io/dropwizard/metrics5/WeightedSnapshotTest.java:[136,34] [DefaultCharset] Implicit use of the platform default charset, which can result in differing behaviour between JVM executions or incorrect behavior if the encoding of the data source doesn't match expectations.
    (see https://errorprone.info/bugpattern/DefaultCharset)
  Did you mean 'assertThat(output.toString(UTF_8))' or 'assertThat(output.toString(Charset.defaultCharset()))'?
[WARNING] /home/gabsko/breaking-updates/metrics-core/src/test/java/io/dropwizard/metrics5/UniformSnapshotTest.java:[131,34] [DefaultCharset] Implicit use of the platform default charset, which can result in differing behaviour between JVM executions or incorrect behavior if the encoding of the data source doesn't match expectations.
    (see https://errorprone.info/bugpattern/DefaultCharset)
  Did you mean 'assertThat(output.toString(UTF_8))' or 'assertThat(output.toString(Charset.defaultCharset()))'?
[WARNING] /home/gabsko/breaking-updates/metrics-core/src/test/java/io/dropwizard/metrics5/ClockTest.java:[15,51] [LongDoubleConversion] Conversion from long to double may lose precision; use an explicit cast to double if this was intentional
    (see https://errorprone.info/bugpattern/LongDoubleConversion)
  Did you mean '.isEqualTo((double) System.currentTimeMillis(),'?
[WARNING] /home/gabsko/breaking-updates/metrics-core/src/test/java/io/dropwizard/metrics5/ClockTest.java:[19,42] [LongDoubleConversion] Conversion from long to double may lose precision; use an explicit cast to double if this was intentional
    (see https://errorprone.info/bugpattern/LongDoubleConversion)
  Did you mean '.isEqualTo((double) System.nanoTime(),'?
[INFO] 
[INFO] --- maven-surefire-plugin:2.22.2:test (default-test) @ metrics-core ---
[INFO] 
[INFO] -------------------------------------------------------
[INFO]  T E S T S
[INFO] -------------------------------------------------------
[INFO] Running io.dropwizard.metrics5.RatioGaugeTest
[INFO] Tests run: 5, Failures: 0, Errors: 0, Skipped: 0, Time elapsed: 0.193 s - in io.dropwizard.metrics5.RatioGaugeTest
[INFO] Running io.dropwizard.metrics5.CachedGaugeTest
[INFO] Tests run: 4, Failures: 0, Errors: 0, Skipped: 0, Time elapsed: 10.17 s - in io.dropwizard.metrics5.CachedGaugeTest
[INFO] Running io.dropwizard.metrics5.MetricFilterTest
[INFO] Tests run: 4, Failures: 0, Errors: 0, Skipped: 0, Time elapsed: 0.518 s - in io.dropwizard.metrics5.MetricFilterTest
[INFO] Running io.dropwizard.metrics5.CounterTest
[INFO] Tests run: 7, Failures: 0, Errors: 0, Skipped: 0, Time elapsed: 0.002 s - in io.dropwizard.metrics5.CounterTest
[INFO] Running io.dropwizard.metrics5.ClockTest
[INFO] Tests run: 2, Failures: 0, Errors: 0, Skipped: 0, Time elapsed: 0.002 s - in io.dropwizard.metrics5.ClockTest
[INFO] Running io.dropwizard.metrics5.InstrumentedThreadFactoryTest
[INFO] Tests run: 1, Failures: 0, Errors: 0, Skipped: 0, Time elapsed: 0.008 s - in io.dropwizard.metrics5.InstrumentedThreadFactoryTest
[INFO] Running io.dropwizard.metrics5.UniformReservoirTest
[INFO] Tests run: 1, Failures: 0, Errors: 0, Skipped: 0, Time elapsed: 0.004 s - in io.dropwizard.metrics5.UniformReservoirTest
[INFO] Running io.dropwizard.metrics5.TimerTest
[INFO] Tests run: 11, Failures: 0, Errors: 0, Skipped: 0, Time elapsed: 0.109 s - in io.dropwizard.metrics5.TimerTest
[INFO] Running io.dropwizard.metrics5.ChunkedAssociativeLongArrayTest
[INFO] Tests run: 1, Failures: 0, Errors: 0, Skipped: 0, Time elapsed: 0.012 s - in io.dropwizard.metrics5.ChunkedAssociativeLongArrayTest
[INFO] Running io.dropwizard.metrics5.SlidingTimeWindowArrayReservoirTest
[INFO] Tests run: 4, Failures: 0, Errors: 0, Skipped: 0, Time elapsed: 0.783 s - in io.dropwizard.metrics5.SlidingTimeWindowArrayReservoirTest
[INFO] Running io.dropwizard.metrics5.MetricRegistryTest
[INFO] Tests run: 51, Failures: 0, Errors: 0, Skipped: 0, Time elapsed: 0.235 s - in io.dropwizard.metrics5.MetricRegistryTest
[INFO] Running io.dropwizard.metrics5.FixedNameCsvFileProviderTest
[INFO] Tests run: 2, Failures: 0, Errors: 0, Skipped: 0, Time elapsed: 0.017 s - in io.dropwizard.metrics5.FixedNameCsvFileProviderTest
[INFO] Running io.dropwizard.metrics5.MetricNameTest
[INFO] Tests run: 11, Failures: 0, Errors: 0, Skipped: 0, Time elapsed: 0.004 s - in io.dropwizard.metrics5.MetricNameTest
[INFO] Running io.dropwizard.metrics5.ScheduledReporterTest
[INFO] Tests run: 16, Failures: 0, Errors: 0, Skipped: 0, Time elapsed: 2.167 s - in io.dropwizard.metrics5.ScheduledReporterTest
[INFO] Running io.dropwizard.metrics5.SharedMetricRegistriesTest
[INFO] Tests run: 8, Failures: 0, Errors: 0, Skipped: 0, Time elapsed: 0.017 s - in io.dropwizard.metrics5.SharedMetricRegistriesTest
[INFO] Running io.dropwizard.metrics5.WeightedSnapshotTest
[INFO] Tests run: 27, Failures: 0, Errors: 0, Skipped: 0, Time elapsed: 0.095 s - in io.dropwizard.metrics5.WeightedSnapshotTest
[INFO] Running io.dropwizard.metrics5.SimpleSettableGaugeTest
[INFO] Tests run: 2, Failures: 0, Errors: 0, Skipped: 0, Time elapsed: 0 s - in io.dropwizard.metrics5.SimpleSettableGaugeTest
[INFO] Running io.dropwizard.metrics5.InstrumentedScheduledExecutorServiceTest
[INFO] Tests run: 6, Failures: 0, Errors: 0, Skipped: 0, Time elapsed: 0.633 s - in io.dropwizard.metrics5.InstrumentedScheduledExecutorServiceTest
[INFO] Running io.dropwizard.metrics5.MeterTest
[INFO] Tests run: 2, Failures: 0, Errors: 0, Skipped: 0, Time elapsed: 0.001 s - in io.dropwizard.metrics5.MeterTest
[INFO] Running io.dropwizard.metrics5.HistogramTest
[INFO] Tests run: 3, Failures: 0, Errors: 0, Skipped: 0, Time elapsed: 0.002 s - in io.dropwizard.metrics5.HistogramTest
[INFO] Running io.dropwizard.metrics5.MetricRegistryListenerTest
[INFO] Tests run: 6, Failures: 0, Errors: 0, Skipped: 0, Time elapsed: 0.001 s - in io.dropwizard.metrics5.MetricRegistryListenerTest
[INFO] Running io.dropwizard.metrics5.InstrumentedExecutorServiceTest
[INFO] Tests run: 4, Failures: 0, Errors: 0, Skipped: 0, Time elapsed: 0.027 s - in io.dropwizard.metrics5.InstrumentedExecutorServiceTest
[INFO] Running io.dropwizard.metrics5.EWMATest
[INFO] Tests run: 3, Failures: 0, Errors: 0, Skipped: 0, Time elapsed: 0.003 s - in io.dropwizard.metrics5.EWMATest
[INFO] Running io.dropwizard.metrics5.SlidingTimeWindowReservoirTest
[INFO] Tests run: 3, Failures: 0, Errors: 0, Skipped: 0, Time elapsed: 1.732 s - in io.dropwizard.metrics5.SlidingTimeWindowReservoirTest
[INFO] Running io.dropwizard.metrics5.MeterApproximationTest
[INFO] Tests run: 12, Failures: 0, Errors: 0, Skipped: 0, Time elapsed: 0.038 s - in io.dropwizard.metrics5.MeterApproximationTest
[INFO] Running io.dropwizard.metrics5.DefaultSettableGaugeTest
[INFO] Tests run: 3, Failures: 0, Errors: 0, Skipped: 0, Time elapsed: 0 s - in io.dropwizard.metrics5.DefaultSettableGaugeTest
[INFO] Running io.dropwizard.metrics5.Slf4jReporterTest
[INFO] Tests run: 16, Failures: 0, Errors: 0, Skipped: 0, Time elapsed: 0.124 s - in io.dropwizard.metrics5.Slf4jReporterTest
[INFO] Running io.dropwizard.metrics5.ExponentiallyDecayingReservoirTest
[INFO] Tests run: 24, Failures: 0, Errors: 0, Skipped: 0, Time elapsed: 0.068 s - in io.dropwizard.metrics5.ExponentiallyDecayingReservoirTest
[INFO] Running io.dropwizard.metrics5.CsvReporterTest
[INFO] Tests run: 7, Failures: 0, Errors: 0, Skipped: 0, Time elapsed: 0.024 s - in io.dropwizard.metrics5.CsvReporterTest
[INFO] Running io.dropwizard.metrics5.SlidingWindowReservoirTest
[INFO] Tests run: 2, Failures: 0, Errors: 0, Skipped: 0, Time elapsed: 0 s - in io.dropwizard.metrics5.SlidingWindowReservoirTest
[INFO] Running io.dropwizard.metrics5.ConsoleReporterTest
[INFO] Tests run: 8, Failures: 0, Errors: 0, Skipped: 0, Time elapsed: 0.031 s - in io.dropwizard.metrics5.ConsoleReporterTest
[INFO] Running io.dropwizard.metrics5.NoopMetricRegistryTest
[INFO] Tests run: 40, Failures: 0, Errors: 0, Skipped: 0, Time elapsed: 0.025 s - in io.dropwizard.metrics5.NoopMetricRegistryTest
[INFO] Running io.dropwizard.metrics5.UniformSnapshotTest
[INFO] Tests run: 25, Failures: 0, Errors: 0, Skipped: 0, Time elapsed: 0.003 s - in io.dropwizard.metrics5.UniformSnapshotTest
[INFO] Running io.dropwizard.metrics5.SlidingTimeWindowMovingAveragesTest
[INFO] Tests run: 9, Failures: 0, Errors: 0, Skipped: 0, Time elapsed: 0.015 s - in io.dropwizard.metrics5.SlidingTimeWindowMovingAveragesTest
[INFO] Running io.dropwizard.metrics5.DerivativeGaugeTest
[INFO] Tests run: 1, Failures: 0, Errors: 0, Skipped: 0, Time elapsed: 0 s - in io.dropwizard.metrics5.DerivativeGaugeTest
[INFO] 
[INFO] Results:
[INFO] 
[INFO] Tests run: 331, Failures: 0, Errors: 0, Skipped: 0
[INFO] 
[INFO] 
[INFO] -------------< io.dropwizard.metrics5:metrics-benchmarks >--------------
[INFO] Building Benchmarks for Metrics5 5.0.0-rc12-SNAPSHOT              [6/36]
[INFO] --------------------------------[ jar ]---------------------------------
[INFO] 
[INFO] --- maven-clean-plugin:2.5:clean (default-clean) @ metrics-benchmarks ---
[INFO] Deleting /home/gabsko/breaking-updates/metrics-benchmarks/target
[INFO] 
[INFO] --- maven-enforcer-plugin:1.4.1:enforce (enforce) @ metrics-benchmarks ---
[INFO] 
[INFO] --- jacoco-maven-plugin:0.8.8:prepare-agent (prepare-agent) @ metrics-benchmarks ---
[INFO] argLine set to -javaagent:/home/gabsko/.m2/repository/org/jacoco/org.jacoco.agent/0.8.8/org.jacoco.agent-0.8.8-runtime.jar=destfile=/home/gabsko/breaking-updates/metrics-benchmarks/target/jacoco.exec
[INFO] 
[INFO] --- maven-resources-plugin:2.6:resources (default-resources) @ metrics-benchmarks ---
[INFO] Using 'UTF-8' encoding to copy filtered resources.
[INFO] skip non existing resourceDirectory /home/gabsko/breaking-updates/metrics-benchmarks/src/main/resources
[INFO] 
[INFO] --- maven-compiler-plugin:3.10.1:compile (default-compile) @ metrics-benchmarks ---
[INFO] Changes detected - recompiling the module!
[INFO] Compiling 5 source files to /home/gabsko/breaking-updates/metrics-benchmarks/target/classes
[WARNING] [options] bootstrap class path not set in conjunction with -source 8
[WARNING] /home/gabsko/breaking-updates/metrics-benchmarks/src/main/java/io/dropwizard/metrics5/benchmarks/SlidingTimeWindowReservoirsBenchmark.java:[22,3] [MissingSummary] A summary line is required on public/protected Javadocs.
    (see https://google.github.io/styleguide/javaguide.html#s7.2-summary-fragment)
[INFO] 
[INFO] --- maven-resources-plugin:2.6:testResources (default-testResources) @ metrics-benchmarks ---
[INFO] Using 'UTF-8' encoding to copy filtered resources.
[INFO] skip non existing resourceDirectory /home/gabsko/breaking-updates/metrics-benchmarks/src/test/resources
[INFO] 
[INFO] --- maven-compiler-plugin:3.10.1:testCompile (default-testCompile) @ metrics-benchmarks ---
[INFO] No sources to compile
[INFO] 
[INFO] --- maven-surefire-plugin:2.22.2:test (default-test) @ metrics-benchmarks ---
[INFO] No tests to run.
[INFO] 
[INFO] --------------< io.dropwizard.metrics5:metrics-caffeine >---------------
[INFO] Building Metrics5 Integration for Caffeine 2.x 5.0.0-rc12-SNAPSHOT [7/36]
[INFO] -------------------------------[ bundle ]-------------------------------
[INFO] 
[INFO] --- maven-clean-plugin:2.5:clean (default-clean) @ metrics-caffeine ---
[INFO] Deleting /home/gabsko/breaking-updates/metrics-caffeine/target
[INFO] 
[INFO] --- maven-enforcer-plugin:1.4.1:enforce (enforce) @ metrics-caffeine ---
[INFO] 
[INFO] --- jacoco-maven-plugin:0.8.8:prepare-agent (prepare-agent) @ metrics-caffeine ---
[INFO] argLine set to -javaagent:/home/gabsko/.m2/repository/org/jacoco/org.jacoco.agent/0.8.8/org.jacoco.agent-0.8.8-runtime.jar=destfile=/home/gabsko/breaking-updates/metrics-caffeine/target/jacoco.exec
[INFO] 
[INFO] --- maven-resources-plugin:3.3.0:resources (default-resources) @ metrics-caffeine ---
[INFO] skip non existing resourceDirectory /home/gabsko/breaking-updates/metrics-caffeine/src/main/resources
[INFO] 
[INFO] --- maven-compiler-plugin:3.10.1:compile (default-compile) @ metrics-caffeine ---
[INFO] Changes detected - recompiling the module!
[INFO] Compiling 1 source file to /home/gabsko/breaking-updates/metrics-caffeine/target/classes
[WARNING] [options] bootstrap class path not set in conjunction with -source 8
[INFO] 
[INFO] --- maven-resources-plugin:3.3.0:testResources (default-testResources) @ metrics-caffeine ---
[INFO] skip non existing resourceDirectory /home/gabsko/breaking-updates/metrics-caffeine/src/test/resources
[INFO] 
[INFO] --- maven-compiler-plugin:3.10.1:testCompile (default-testCompile) @ metrics-caffeine ---
[INFO] Changes detected - recompiling the module!
[INFO] Compiling 1 source file to /home/gabsko/breaking-updates/metrics-caffeine/target/test-classes
[WARNING] [options] bootstrap class path not set in conjunction with -source 8
[WARNING] /home/gabsko/breaking-updates/metrics-caffeine/src/test/java/io/dropwizard/metrics5/caffeine/MetricsStatsCounterTest.java:[88,9] [deprecation] recordEviction() in MetricsStatsCounter has been deprecated
[WARNING] /home/gabsko/breaking-updates/metrics-caffeine/src/test/java/io/dropwizard/metrics5/caffeine/MetricsStatsCounterTest.java:[95,9] [deprecation] recordEviction(int) in MetricsStatsCounter has been deprecated
[INFO] 
[INFO] --- maven-surefire-plugin:2.22.2:test (default-test) @ metrics-caffeine ---
[INFO] 
[INFO] -------------------------------------------------------
[INFO]  T E S T S
[INFO] -------------------------------------------------------
[INFO] Running io.dropwizard.metrics5.caffeine.MetricsStatsCounterTest
[INFO] Tests run: 8, Failures: 0, Errors: 0, Skipped: 0, Time elapsed: 0.276 s - in io.dropwizard.metrics5.caffeine.MetricsStatsCounterTest
[INFO] 
[INFO] Results:
[INFO] 
[INFO] Tests run: 8, Failures: 0, Errors: 0, Skipped: 0
[INFO] 
[INFO] 
[INFO] --------------< io.dropwizard.metrics5:metrics-caffeine3 >--------------
[INFO] Building Metrics5 Integration for Caffeine 3.x 5.0.0-rc12-SNAPSHOT [8/36]
[INFO] -------------------------------[ bundle ]-------------------------------
[INFO] 
[INFO] --- maven-clean-plugin:2.5:clean (default-clean) @ metrics-caffeine3 ---
[INFO] Deleting /home/gabsko/breaking-updates/metrics-caffeine3/target
[INFO] 
[INFO] --- maven-enforcer-plugin:1.4.1:enforce (enforce) @ metrics-caffeine3 ---
[INFO] 
[INFO] --- jacoco-maven-plugin:0.8.8:prepare-agent (prepare-agent) @ metrics-caffeine3 ---
[INFO] argLine set to -javaagent:/home/gabsko/.m2/repository/org/jacoco/org.jacoco.agent/0.8.8/org.jacoco.agent-0.8.8-runtime.jar=destfile=/home/gabsko/breaking-updates/metrics-caffeine3/target/jacoco.exec
[INFO] 
[INFO] --- maven-resources-plugin:3.3.0:resources (default-resources) @ metrics-caffeine3 ---
[INFO] skip non existing resourceDirectory /home/gabsko/breaking-updates/metrics-caffeine3/src/main/resources
[INFO] 
[INFO] --- maven-compiler-plugin:3.10.1:compile (default-compile) @ metrics-caffeine3 ---
[INFO] Changes detected - recompiling the module!
[INFO] Compiling 1 source file to /home/gabsko/breaking-updates/metrics-caffeine3/target/classes
[WARNING] [options] bootstrap class path not set in conjunction with -source 8
[INFO] 
[INFO] --- maven-resources-plugin:3.3.0:testResources (default-testResources) @ metrics-caffeine3 ---
[INFO] skip non existing resourceDirectory /home/gabsko/breaking-updates/metrics-caffeine3/src/test/resources
[INFO] 
[INFO] --- maven-compiler-plugin:3.10.1:testCompile (default-testCompile) @ metrics-caffeine3 ---
[INFO] Changes detected - recompiling the module!
[INFO] Compiling 1 source file to /home/gabsko/breaking-updates/metrics-caffeine3/target/test-classes
[WARNING] [options] bootstrap class path not set in conjunction with -source 8
[INFO] 
[INFO] --- maven-surefire-plugin:2.22.2:test (default-test) @ metrics-caffeine3 ---
[INFO] 
[INFO] -------------------------------------------------------
[INFO]  T E S T S
[INFO] -------------------------------------------------------
[INFO] Running io.dropwizard.metrics5.caffeine3.MetricsStatsCounterTest
[INFO] Tests run: 6, Failures: 0, Errors: 0, Skipped: 0, Time elapsed: 0.229 s - in io.dropwizard.metrics5.caffeine3.MetricsStatsCounterTest
[INFO] 
[INFO] Results:
[INFO] 
[INFO] Tests run: 6, Failures: 0, Errors: 0, Skipped: 0
[INFO] 
[INFO] 
[INFO] --------------< io.dropwizard.metrics5:metrics-collectd >---------------
[INFO] Building Metrics5 Integration for Collectd 5.0.0-rc12-SNAPSHOT    [9/36]
[INFO] -------------------------------[ bundle ]-------------------------------
[INFO] 
[INFO] --- maven-clean-plugin:2.5:clean (default-clean) @ metrics-collectd ---
[INFO] Deleting /home/gabsko/breaking-updates/metrics-collectd/target
[INFO] 
[INFO] --- maven-enforcer-plugin:1.4.1:enforce (enforce) @ metrics-collectd ---
[INFO] 
[INFO] --- jacoco-maven-plugin:0.8.8:prepare-agent (prepare-agent) @ metrics-collectd ---
[INFO] argLine set to -javaagent:/home/gabsko/.m2/repository/org/jacoco/org.jacoco.agent/0.8.8/org.jacoco.agent-0.8.8-runtime.jar=destfile=/home/gabsko/breaking-updates/metrics-collectd/target/jacoco.exec
[INFO] 
[INFO] --- maven-resources-plugin:3.3.0:resources (default-resources) @ metrics-collectd ---
[INFO] skip non existing resourceDirectory /home/gabsko/breaking-updates/metrics-collectd/src/main/resources
[INFO] 
[INFO] --- maven-compiler-plugin:3.10.1:compile (default-compile) @ metrics-collectd ---
[INFO] Changes detected - recompiling the module!
[INFO] Compiling 7 source files to /home/gabsko/breaking-updates/metrics-collectd/target/classes
[WARNING] [options] bootstrap class path not set in conjunction with -source 8
[WARNING] /home/gabsko/breaking-updates/metrics-collectd/src/main/java/io/dropwizard/metrics5/collectd/CollectdReporter.java:[281,59] [rawtypes] found raw type: Gauge
  missing type arguments for generic class Gauge<T>
  where T is a type-variable:
    T extends Object declared in interface Gauge
[WARNING] /home/gabsko/breaking-updates/metrics-collectd/src/main/java/io/dropwizard/metrics5/collectd/PacketWriter.java:[157,48] [cast] redundant cast to ByteBuffer
[WARNING] /home/gabsko/breaking-updates/metrics-collectd/src/main/java/io/dropwizard/metrics5/collectd/PacketWriter.java:[166,21] [cast] redundant cast to ByteBuffer
[WARNING] /home/gabsko/breaking-updates/metrics-collectd/src/main/java/io/dropwizard/metrics5/collectd/PacketWriter.java:[161,15] [cast] redundant cast to ByteBuffer
[WARNING] /home/gabsko/breaking-updates/metrics-collectd/src/main/java/io/dropwizard/metrics5/collectd/PacketWriter.java:[191,21] [cast] redundant cast to ByteBuffer
[WARNING] /home/gabsko/breaking-updates/metrics-collectd/src/main/java/io/dropwizard/metrics5/collectd/PacketWriter.java:[189,35] [cast] redundant cast to ByteBuffer
[WARNING] /home/gabsko/breaking-updates/metrics-collectd/src/main/java/io/dropwizard/metrics5/collectd/PacketWriter.java:[194,15] [cast] redundant cast to ByteBuffer
[WARNING] /home/gabsko/breaking-updates/metrics-collectd/src/main/java/io/dropwizard/metrics5/collectd/PacketWriter.java:[239,40] [cast] redundant cast to ByteBuffer
[WARNING] /home/gabsko/breaking-updates/metrics-collectd/src/main/java/io/dropwizard/metrics5/collectd/CollectdReporter.java:[183,36] [InconsistentCapitalization] Found the field 'hostName' with the same name as the parameter 'hostname' but with different capitalization.
    (see https://errorprone.info/bugpattern/InconsistentCapitalization)
  Did you mean 'String hostName, Sender sender,'?
[INFO] 
[INFO] --- maven-resources-plugin:3.3.0:testResources (default-testResources) @ metrics-collectd ---
[INFO] skip non existing resourceDirectory /home/gabsko/breaking-updates/metrics-collectd/src/test/resources
[INFO] 
[INFO] --- maven-compiler-plugin:3.10.1:testCompile (default-testCompile) @ metrics-collectd ---
[INFO] Changes detected - recompiling the module!
[INFO] Compiling 5 source files to /home/gabsko/breaking-updates/metrics-collectd/target/test-classes
[WARNING] [options] bootstrap class path not set in conjunction with -source 8
[WARNING] /home/gabsko/breaking-updates/metrics-collectd/src/test/java/io/dropwizard/metrics5/collectd/Receiver.java:[49,16] [CatchAndPrintStackTrace] Logging or rethrowing exceptions should usually be preferred to catching and calling printStackTrace
    (see https://errorprone.info/bugpattern/CatchAndPrintStackTrace)
[WARNING] /home/gabsko/breaking-updates/metrics-collectd/src/test/java/io/dropwizard/metrics5/collectd/SanitizeTest.java:[24,76] [UnnecessaryParentheses] These grouping parentheses are unnecessary; it is unlikely the code will be misinterpreted without them
    (see https://errorprone.info/bugpattern/UnnecessaryParentheses)
  Did you mean 'assertThat(sanitize.name(longName)).isEqualTo(longName.substring(0,  Sanitize.DEFAULT_MAX_LENGTH));'?
[INFO] 
[INFO] --- maven-surefire-plugin:2.22.2:test (default-test) @ metrics-collectd ---
[INFO] 
[INFO] -------------------------------------------------------
[INFO]  T E S T S
[INFO] -------------------------------------------------------
[INFO] Running io.dropwizard.metrics5.collectd.CollectdReporterSecurityTest
[INFO] Tests run: 2, Failures: 0, Errors: 0, Skipped: 0, Time elapsed: 0.231 s - in io.dropwizard.metrics5.collectd.CollectdReporterSecurityTest
[INFO] Running io.dropwizard.metrics5.collectd.CollectdReporterTest
[main] WARN io.dropwizard.metrics5.collectd.CollectdReporter - Failed to process metric 'unsupported'. Unsupported gauge of type: java.lang.String 
java.net.SocketException: Socket closed
	at java.base/java.net.PlainDatagramSocketImpl.receive0(Native Method)
	at java.base/java.net.AbstractPlainDatagramSocketImpl.receive(AbstractPlainDatagramSocketImpl.java:200)
	at java.base/java.net.DatagramSocket.receive(DatagramSocket.java:814)
	at org.collectd.protocol.UdpReceiver.listen(UdpReceiver.java:266)
	at io.dropwizard.metrics5.collectd.Receiver.lambda$before$0(Receiver.java:47)
	at java.base/java.lang.Thread.run(Thread.java:829)
[INFO] Tests run: 17, Failures: 0, Errors: 0, Skipped: 0, Time elapsed: 2.831 s - in io.dropwizard.metrics5.collectd.CollectdReporterTest
[INFO] Running io.dropwizard.metrics5.collectd.PacketWriterTest
[INFO] Tests run: 2, Failures: 0, Errors: 0, Skipped: 0, Time elapsed: 0.053 s - in io.dropwizard.metrics5.collectd.PacketWriterTest
[INFO] Running io.dropwizard.metrics5.collectd.SanitizeTest
[INFO] Tests run: 5, Failures: 0, Errors: 0, Skipped: 0, Time elapsed: 0.005 s - in io.dropwizard.metrics5.collectd.SanitizeTest
[INFO] 
[INFO] Results:
[INFO] 
[INFO] Tests run: 26, Failures: 0, Errors: 0, Skipped: 0
[INFO] 
[INFO] 
[INFO] ---------------< io.dropwizard.metrics5:metrics-ehcache >---------------
[INFO] Building Metrics5 Integration for Ehcache 5.0.0-rc12-SNAPSHOT    [10/36]
[INFO] -------------------------------[ bundle ]-------------------------------
[INFO] 
[INFO] --- maven-clean-plugin:2.5:clean (default-clean) @ metrics-ehcache ---
[INFO] Deleting /home/gabsko/breaking-updates/metrics-ehcache/target
[INFO] 
[INFO] --- maven-enforcer-plugin:1.4.1:enforce (enforce) @ metrics-ehcache ---
[INFO] 
[INFO] --- jacoco-maven-plugin:0.8.8:prepare-agent (prepare-agent) @ metrics-ehcache ---
[INFO] argLine set to -javaagent:/home/gabsko/.m2/repository/org/jacoco/org.jacoco.agent/0.8.8/org.jacoco.agent-0.8.8-runtime.jar=destfile=/home/gabsko/breaking-updates/metrics-ehcache/target/jacoco.exec
[INFO] 
[INFO] --- maven-resources-plugin:3.3.0:resources (default-resources) @ metrics-ehcache ---
[INFO] skip non existing resourceDirectory /home/gabsko/breaking-updates/metrics-ehcache/src/main/resources
[INFO] 
[INFO] --- maven-compiler-plugin:3.10.1:compile (default-compile) @ metrics-ehcache ---
[INFO] Changes detected - recompiling the module!
[INFO] Compiling 2 source files to /home/gabsko/breaking-updates/metrics-ehcache/target/classes
[WARNING] [options] bootstrap class path not set in conjunction with -source 8
[INFO] 
[INFO] --- maven-resources-plugin:3.3.0:testResources (default-testResources) @ metrics-ehcache ---
[INFO] Copying 1 resource
[INFO] 
[INFO] --- maven-compiler-plugin:3.10.1:testCompile (default-testCompile) @ metrics-ehcache ---
[INFO] Changes detected - recompiling the module!
[INFO] Compiling 2 source files to /home/gabsko/breaking-updates/metrics-ehcache/target/test-classes
[WARNING] [options] bootstrap class path not set in conjunction with -source 8
[INFO] 
[INFO] --- maven-surefire-plugin:2.22.2:test (default-test) @ metrics-ehcache ---
[INFO] 
[INFO] -------------------------------------------------------
[INFO]  T E S T S
[INFO] -------------------------------------------------------
[INFO] Running io.dropwizard.metrics5.ehcache.InstrumentedEhcacheTest
[INFO] Tests run: 1, Failures: 0, Errors: 0, Skipped: 0, Time elapsed: 0.542 s - in io.dropwizard.metrics5.ehcache.InstrumentedEhcacheTest
[INFO] Running io.dropwizard.metrics5.ehcache.InstrumentedCacheDecoratorFactoryTest
[INFO] Tests run: 2, Failures: 0, Errors: 0, Skipped: 0, Time elapsed: 0.006 s - in io.dropwizard.metrics5.ehcache.InstrumentedCacheDecoratorFactoryTest
[INFO] 
[INFO] Results:
[INFO] 
[INFO] Tests run: 3, Failures: 0, Errors: 0, Skipped: 0
[INFO] 
[INFO] 
[INFO] --------------< io.dropwizard.metrics5:metrics-graphite >---------------
[INFO] Building Graphite Integration for Metrics5 5.0.0-rc12-SNAPSHOT   [11/36]
[INFO] -------------------------------[ bundle ]-------------------------------
[INFO] 
[INFO] --- maven-clean-plugin:2.5:clean (default-clean) @ metrics-graphite ---
[INFO] Deleting /home/gabsko/breaking-updates/metrics-graphite/target
[INFO] 
[INFO] --- maven-enforcer-plugin:1.4.1:enforce (enforce) @ metrics-graphite ---
[INFO] 
[INFO] --- jacoco-maven-plugin:0.8.8:prepare-agent (prepare-agent) @ metrics-graphite ---
[INFO] argLine set to -javaagent:/home/gabsko/.m2/repository/org/jacoco/org.jacoco.agent/0.8.8/org.jacoco.agent-0.8.8-runtime.jar=destfile=/home/gabsko/breaking-updates/metrics-graphite/target/jacoco.exec
[INFO] 
[INFO] --- maven-resources-plugin:3.3.0:resources (default-resources) @ metrics-graphite ---
[INFO] skip non existing resourceDirectory /home/gabsko/breaking-updates/metrics-graphite/src/main/resources
[INFO] 
[INFO] --- maven-compiler-plugin:3.10.1:compile (default-compile) @ metrics-graphite ---
[INFO] Changes detected - recompiling the module!
[INFO] Compiling 7 source files to /home/gabsko/breaking-updates/metrics-graphite/target/classes
[WARNING] [options] bootstrap class path not set in conjunction with -source 8
[WARNING] /home/gabsko/breaking-updates/metrics-graphite/src/main/java/io/dropwizard/metrics5/graphite/Graphite.java:[130,61] [OperatorPrecedence] Use grouping parenthesis to make the operator precedence explicit
    (see https://errorprone.info/bugpattern/OperatorPrecedence)
  Did you mean 'if (address == null || (address.getHostName() == null && hostname != null)) {'?
[WARNING] /home/gabsko/breaking-updates/metrics-graphite/src/main/java/io/dropwizard/metrics5/graphite/GraphiteReporter.java:[254,48] [UnnecessaryLambda] Returning a lambda from a helper method or saving it in a constant is unnecessary; prefer to implement the functional interface method directly and use a method reference instead.
    (see https://errorprone.info/bugpattern/UnnecessaryLambda)
  Did you mean 'this.floatingPointFormatter = GraphiteReporter::defaultFpFormatter;'?
[WARNING] /home/gabsko/breaking-updates/metrics-graphite/src/main/java/io/dropwizard/metrics5/graphite/GraphiteReporter.java:[423,64] [LongDoubleConversion] Conversion from long to double may lose precision; use an explicit cast to double if this was intentional
    (see https://errorprone.info/bugpattern/LongDoubleConversion)
  Did you mean 'sendIfEnabled(MAX, name, convertDuration((double) snapshot.getMax()), timestamp);'?
[WARNING] /home/gabsko/breaking-updates/metrics-graphite/src/main/java/io/dropwizard/metrics5/graphite/GraphiteReporter.java:[425,64] [LongDoubleConversion] Conversion from long to double may lose precision; use an explicit cast to double if this was intentional
    (see https://errorprone.info/bugpattern/LongDoubleConversion)
  Did you mean 'sendIfEnabled(MIN, name, convertDuration((double) snapshot.getMin()), timestamp);'?
[WARNING] /home/gabsko/breaking-updates/metrics-graphite/src/main/java/io/dropwizard/metrics5/graphite/GraphiteReporter.java:[438,77] [LongDoubleConversion] Conversion from long to double may lose precision; use an explicit cast to double if this was intentional
    (see https://errorprone.info/bugpattern/LongDoubleConversion)
  Did you mean 'sendIfEnabled(SUM, name, sumIsDuration ? convertDuration((double) meter.getSum()) : meter.getSum(), timestamp);'?
[INFO] 
[INFO] --- maven-resources-plugin:3.3.0:testResources (default-testResources) @ metrics-graphite ---
[INFO] Copying 1 resource
[INFO] 
[INFO] --- maven-compiler-plugin:3.10.1:testCompile (default-testCompile) @ metrics-graphite ---
[INFO] Changes detected - recompiling the module!
[INFO] Compiling 6 source files to /home/gabsko/breaking-updates/metrics-graphite/target/test-classes
[WARNING] [options] bootstrap class path not set in conjunction with -source 8
[INFO] 
[INFO] --- maven-surefire-plugin:2.22.2:test (default-test) @ metrics-graphite ---
[INFO] 
[INFO] -------------------------------------------------------
[INFO]  T E S T S
[INFO] -------------------------------------------------------
[INFO] Running io.dropwizard.metrics5.graphite.GraphiteUDPTest
[INFO] Tests run: 2, Failures: 0, Errors: 0, Skipped: 0, Time elapsed: 0.893 s - in io.dropwizard.metrics5.graphite.GraphiteUDPTest
[INFO] Running io.dropwizard.metrics5.graphite.GraphiteReporterTest
[main] WARN io.dropwizard.metrics5.graphite.GraphiteReporter - Unable to report to Graphite
java.net.UnknownHostException: UNKNOWN-HOST
	at io.dropwizard.metrics5.graphite.GraphiteReporter.report(GraphiteReporter.java:375)
	at io.dropwizard.metrics5.graphite.GraphiteReporterTest.closesConnectionIfGraphiteIsUnavailable(GraphiteReporterTest.java:445)
	at java.base/jdk.internal.reflect.NativeMethodAccessorImpl.invoke0(Native Method)
	at java.base/jdk.internal.reflect.NativeMethodAccessorImpl.invoke(NativeMethodAccessorImpl.java:62)
	at java.base/jdk.internal.reflect.DelegatingMethodAccessorImpl.invoke(DelegatingMethodAccessorImpl.java:43)
	at java.base/java.lang.reflect.Method.invoke(Method.java:566)
	at org.junit.runners.model.FrameworkMethod$1.runReflectiveCall(FrameworkMethod.java:59)
	at org.junit.internal.runners.model.ReflectiveCallable.run(ReflectiveCallable.java:12)
	at org.junit.runners.model.FrameworkMethod.invokeExplosively(FrameworkMethod.java:56)
	at org.junit.internal.runners.statements.InvokeMethod.evaluate(InvokeMethod.java:17)
	at org.junit.internal.runners.statements.RunBefores.evaluate(RunBefores.java:26)
	at org.junit.runners.ParentRunner$3.evaluate(ParentRunner.java:306)
	at org.junit.runners.BlockJUnit4ClassRunner$1.evaluate(BlockJUnit4ClassRunner.java:100)
	at org.junit.runners.ParentRunner.runLeaf(ParentRunner.java:366)
	at org.junit.runners.BlockJUnit4ClassRunner.runChild(BlockJUnit4ClassRunner.java:103)
	at org.junit.runners.BlockJUnit4ClassRunner.runChild(BlockJUnit4ClassRunner.java:63)
	at org.junit.runners.ParentRunner$4.run(ParentRunner.java:331)
	at org.junit.runners.ParentRunner$1.schedule(ParentRunner.java:79)
	at org.junit.runners.ParentRunner.runChildren(ParentRunner.java:329)
	at org.junit.runners.ParentRunner.access$100(ParentRunner.java:66)
	at org.junit.runners.ParentRunner$2.evaluate(ParentRunner.java:293)
	at org.junit.runners.ParentRunner$3.evaluate(ParentRunner.java:306)
	at org.junit.runners.ParentRunner.run(ParentRunner.java:413)
	at org.apache.maven.surefire.junit4.JUnit4Provider.execute(JUnit4Provider.java:365)
	at org.apache.maven.surefire.junit4.JUnit4Provider.executeWithRerun(JUnit4Provider.java:273)
	at org.apache.maven.surefire.junit4.JUnit4Provider.executeTestSet(JUnit4Provider.java:238)
	at org.apache.maven.surefire.junit4.JUnit4Provider.invoke(JUnit4Provider.java:159)
	at org.apache.maven.surefire.booter.ForkedBooter.invokeProviderInSameClassLoader(ForkedBooter.java:384)
	at org.apache.maven.surefire.booter.ForkedBooter.runSuitesInProcess(ForkedBooter.java:345)
	at org.apache.maven.surefire.booter.ForkedBooter.execute(ForkedBooter.java:126)
	at org.apache.maven.surefire.booter.ForkedBooter.main(ForkedBooter.java:418)
[INFO] Tests run: 19, Failures: 0, Errors: 0, Skipped: 0, Time elapsed: 0.398 s - in io.dropwizard.metrics5.graphite.GraphiteReporterTest
[INFO] Running io.dropwizard.metrics5.graphite.GraphiteTest
[INFO] Tests run: 9, Failures: 0, Errors: 0, Skipped: 0, Time elapsed: 0.139 s - in io.dropwizard.metrics5.graphite.GraphiteTest
[INFO] Running io.dropwizard.metrics5.graphite.PickledGraphiteTest
[INFO] Tests run: 7, Failures: 0, Errors: 0, Skipped: 0, Time elapsed: 3.162 s - in io.dropwizard.metrics5.graphite.PickledGraphiteTest
[INFO] Running io.dropwizard.metrics5.graphite.GraphiteRabbitMQTest
[INFO] Tests run: 7, Failures: 0, Errors: 0, Skipped: 0, Time elapsed: 0.244 s - in io.dropwizard.metrics5.graphite.GraphiteRabbitMQTest
[INFO] Running io.dropwizard.metrics5.graphite.GraphiteSanitizeTest
[INFO] Tests run: 1, Failures: 0, Errors: 0, Skipped: 0, Time elapsed: 0.178 s - in io.dropwizard.metrics5.graphite.GraphiteSanitizeTest
[INFO] 
[INFO] Results:
[INFO] 
[INFO] Tests run: 45, Failures: 0, Errors: 0, Skipped: 0
[INFO] 
[INFO] 
[INFO] --------------< io.dropwizard.metrics5:metrics-influxdb >---------------
[INFO] Building InfluxDB integration for Metrics5 5.0.0-rc12-SNAPSHOT   [12/36]
[INFO] -------------------------------[ bundle ]-------------------------------
[INFO] 
[INFO] --- maven-clean-plugin:2.5:clean (default-clean) @ metrics-influxdb ---
[INFO] Deleting /home/gabsko/breaking-updates/metrics-influxdb/target
[INFO] 
[INFO] --- maven-enforcer-plugin:1.4.1:enforce (enforce) @ metrics-influxdb ---
[INFO] 
[INFO] --- jacoco-maven-plugin:0.8.8:prepare-agent (prepare-agent) @ metrics-influxdb ---
[INFO] argLine set to -javaagent:/home/gabsko/.m2/repository/org/jacoco/org.jacoco.agent/0.8.8/org.jacoco.agent-0.8.8-runtime.jar=destfile=/home/gabsko/breaking-updates/metrics-influxdb/target/jacoco.exec
[INFO] 
[INFO] --- maven-resources-plugin:3.3.0:resources (default-resources) @ metrics-influxdb ---
[INFO] skip non existing resourceDirectory /home/gabsko/breaking-updates/metrics-influxdb/src/main/resources
[INFO] 
[INFO] --- maven-compiler-plugin:3.10.1:compile (default-compile) @ metrics-influxdb ---
[INFO] Changes detected - recompiling the module!
[INFO] Compiling 5 source files to /home/gabsko/breaking-updates/metrics-influxdb/target/classes
[WARNING] [options] bootstrap class path not set in conjunction with -source 8
[WARNING] /home/gabsko/breaking-updates/metrics-influxdb/src/main/java/io/dropwizard/metrics5/influxdb/InfluxDbReporter.java:[284,73] [LongDoubleConversion] Conversion from long to double may lose precision; use an explicit cast to double if this was intentional
    (see https://errorprone.info/bugpattern/LongDoubleConversion)
  Did you mean '.writeFieldIfEnabled(MAX, convertDuration((double) snapshot.getMax()))'?
[WARNING] /home/gabsko/breaking-updates/metrics-influxdb/src/main/java/io/dropwizard/metrics5/influxdb/InfluxDbReporter.java:[286,73] [LongDoubleConversion] Conversion from long to double may lose precision; use an explicit cast to double if this was intentional
    (see https://errorprone.info/bugpattern/LongDoubleConversion)
  Did you mean '.writeFieldIfEnabled(MIN, convertDuration((double) snapshot.getMin()))'?
[INFO] 
[INFO] --- maven-resources-plugin:3.3.0:testResources (default-testResources) @ metrics-influxdb ---
[INFO] skip non existing resourceDirectory /home/gabsko/breaking-updates/metrics-influxdb/src/test/resources
[INFO] 
[INFO] --- maven-compiler-plugin:3.10.1:testCompile (default-testCompile) @ metrics-influxdb ---
[INFO] Changes detected - recompiling the module!
[INFO] Compiling 3 source files to /home/gabsko/breaking-updates/metrics-influxdb/target/test-classes
[WARNING] [options] bootstrap class path not set in conjunction with -source 8
[INFO] 
[INFO] --- maven-surefire-plugin:2.22.2:test (default-test) @ metrics-influxdb ---
[INFO] 
[INFO] -------------------------------------------------------
[INFO]  T E S T S
[INFO] -------------------------------------------------------
[INFO] Running io.dropwizard.metrics5.influxdb.InfluxDbReporterTest
SLF4J: Failed to load class "org.slf4j.impl.StaticLoggerBinder".
SLF4J: Defaulting to no-operation (NOP) logger implementation
SLF4J: See http://www.slf4j.org/codes.html#StaticLoggerBinder for further details.
[INFO] Tests run: 16, Failures: 0, Errors: 0, Skipped: 0, Time elapsed: 1.174 s - in io.dropwizard.metrics5.influxdb.InfluxDbReporterTest
[INFO] Running io.dropwizard.metrics5.influxdb.InfluxDbLineBuilderAssumptionsTest
[INFO] Tests run: 1, Failures: 0, Errors: 0, Skipped: 0, Time elapsed: 0.003 s - in io.dropwizard.metrics5.influxdb.InfluxDbLineBuilderAssumptionsTest
[INFO] Running io.dropwizard.metrics5.influxdb.InfluxDbUdpTest
[INFO] Tests run: 3, Failures: 0, Errors: 0, Skipped: 0, Time elapsed: 0.027 s - in io.dropwizard.metrics5.influxdb.InfluxDbUdpTest
[INFO] 
[INFO] Results:
[INFO] 
[INFO] Tests run: 20, Failures: 0, Errors: 0, Skipped: 0
[INFO] 
[INFO] 
[INFO] -----------------< io.dropwizard.metrics5:metrics-jvm >-----------------
[INFO] Building JVM Integration for Metrics5 5.0.0-rc12-SNAPSHOT        [13/36]
[INFO] -------------------------------[ bundle ]-------------------------------
[INFO] 
[INFO] --- maven-clean-plugin:2.5:clean (default-clean) @ metrics-jvm ---
[INFO] Deleting /home/gabsko/breaking-updates/metrics-jvm/target
[INFO] 
[INFO] --- maven-enforcer-plugin:1.4.1:enforce (enforce) @ metrics-jvm ---
[INFO] 
[INFO] --- jacoco-maven-plugin:0.8.8:prepare-agent (prepare-agent) @ metrics-jvm ---
[INFO] argLine set to -javaagent:/home/gabsko/.m2/repository/org/jacoco/org.jacoco.agent/0.8.8/org.jacoco.agent-0.8.8-runtime.jar=destfile=/home/gabsko/breaking-updates/metrics-jvm/target/jacoco.exec
[INFO] 
[INFO] --- maven-resources-plugin:3.3.0:resources (default-resources) @ metrics-jvm ---
[INFO] skip non existing resourceDirectory /home/gabsko/breaking-updates/metrics-jvm/src/main/resources
[INFO] 
[INFO] --- maven-compiler-plugin:3.10.1:compile (default-compile) @ metrics-jvm ---
[INFO] Changes detected - recompiling the module!
[INFO] Compiling 12 source files to /home/gabsko/breaking-updates/metrics-jvm/target/classes
[WARNING] [options] bootstrap class path not set in conjunction with -source 8
[WARNING] /home/gabsko/breaking-updates/metrics-jvm/src/main/java/io/dropwizard/metrics5/jvm/FileDescriptorRatioGauge.java:[45,61] [LongDoubleConversion] Conversion from long to double may lose precision; use an explicit cast to double if this was intentional
    (see https://errorprone.info/bugpattern/LongDoubleConversion)
  Did you mean 'return Ratio.of((double) unixOs.getOpenFileDescriptorCount(), unixOs.getMaxFileDescriptorCount());'?
[WARNING] /home/gabsko/breaking-updates/metrics-jvm/src/main/java/io/dropwizard/metrics5/jvm/FileDescriptorRatioGauge.java:[45,97] [LongDoubleConversion] Conversion from long to double may lose precision; use an explicit cast to double if this was intentional
    (see https://errorprone.info/bugpattern/LongDoubleConversion)
  Did you mean 'return Ratio.of(unixOs.getOpenFileDescriptorCount(), (double) unixOs.getMaxFileDescriptorCount());'?
[WARNING] /home/gabsko/breaking-updates/metrics-jvm/src/main/java/io/dropwizard/metrics5/jvm/MemoryUsageGaugeSet.java:[63,45] [LongDoubleConversion] Conversion from long to double may lose precision; use an explicit cast to double if this was intentional
    (see https://errorprone.info/bugpattern/LongDoubleConversion)
  Did you mean 'return Ratio.of((double) usage.getUsed(), usage.getMax());'?
[WARNING] /home/gabsko/breaking-updates/metrics-jvm/src/main/java/io/dropwizard/metrics5/jvm/MemoryUsageGaugeSet.java:[63,61] [LongDoubleConversion] Conversion from long to double may lose precision; use an explicit cast to double if this was intentional
    (see https://errorprone.info/bugpattern/LongDoubleConversion)
  Did you mean 'return Ratio.of(usage.getUsed(), (double) usage.getMax());'?
[WARNING] /home/gabsko/breaking-updates/metrics-jvm/src/main/java/io/dropwizard/metrics5/jvm/MemoryUsageGaugeSet.java:[75,45] [LongDoubleConversion] Conversion from long to double may lose precision; use an explicit cast to double if this was intentional
    (see https://errorprone.info/bugpattern/LongDoubleConversion)
  Did you mean 'return Ratio.of((double) usage.getUsed(), usage.getMax());'?
[WARNING] /home/gabsko/breaking-updates/metrics-jvm/src/main/java/io/dropwizard/metrics5/jvm/MemoryUsageGaugeSet.java:[75,61] [LongDoubleConversion] Conversion from long to double may lose precision; use an explicit cast to double if this was intentional
    (see https://errorprone.info/bugpattern/LongDoubleConversion)
  Did you mean 'return Ratio.of(usage.getUsed(), (double) usage.getMax());'?
[WARNING] /home/gabsko/breaking-updates/metrics-jvm/src/main/java/io/dropwizard/metrics5/jvm/MemoryUsageGaugeSet.java:[86,49] [LongDoubleConversion] Conversion from long to double may lose precision; use an explicit cast to double if this was intentional
    (see https://errorprone.info/bugpattern/LongDoubleConversion)
  Did you mean 'return Ratio.of((double) usage.getUsed(),'?
[WARNING] /home/gabsko/breaking-updates/metrics-jvm/src/main/java/io/dropwizard/metrics5/jvm/MemoryUsageGaugeSet.java:[87,49] [LongDoubleConversion] Conversion from long to double may lose precision; use an explicit cast to double if this was intentional
    (see https://errorprone.info/bugpattern/LongDoubleConversion)
  Did you mean '(double) (usage.getMax() == -1 ? usage.getCommitted() : usage.getMax()));'?
[INFO] 
[INFO] --- maven-resources-plugin:3.3.0:testResources (default-testResources) @ metrics-jvm ---
[INFO] skip non existing resourceDirectory /home/gabsko/breaking-updates/metrics-jvm/src/test/resources
[INFO] 
[INFO] --- maven-compiler-plugin:3.10.1:testCompile (default-testCompile) @ metrics-jvm ---
[INFO] Changes detected - recompiling the module!
[INFO] Compiling 12 source files to /home/gabsko/breaking-updates/metrics-jvm/target/test-classes
[WARNING] [options] bootstrap class path not set in conjunction with -source 8
[WARNING] /home/gabsko/breaking-updates/metrics-jvm/src/test/java/io/dropwizard/metrics5/jvm/BufferPoolMetricSetTest.java:[64,78] [unchecked] unchecked cast
  required: Gauge<Integer>
  found:    Metric
[WARNING] /home/gabsko/breaking-updates/metrics-jvm/src/test/java/io/dropwizard/metrics5/jvm/BufferPoolMetricSetTest.java:[74,78] [unchecked] unchecked cast
  required: Gauge<Integer>
  found:    Metric
[WARNING] /home/gabsko/breaking-updates/metrics-jvm/src/test/java/io/dropwizard/metrics5/jvm/BufferPoolMetricSetTest.java:[84,78] [unchecked] unchecked cast
  required: Gauge<Integer>
  found:    Metric
[WARNING] /home/gabsko/breaking-updates/metrics-jvm/src/test/java/io/dropwizard/metrics5/jvm/BufferPoolMetricSetTest.java:[94,78] [unchecked] unchecked cast
  required: Gauge<Integer>
  found:    Metric
[WARNING] /home/gabsko/breaking-updates/metrics-jvm/src/test/java/io/dropwizard/metrics5/jvm/BufferPoolMetricSetTest.java:[104,78] [unchecked] unchecked cast
  required: Gauge<Integer>
  found:    Metric
[WARNING] /home/gabsko/breaking-updates/metrics-jvm/src/test/java/io/dropwizard/metrics5/jvm/BufferPoolMetricSetTest.java:[114,78] [unchecked] unchecked cast
  required: Gauge<Integer>
  found:    Metric
[WARNING] /home/gabsko/breaking-updates/metrics-jvm/src/test/java/io/dropwizard/metrics5/jvm/FileDescriptorRatioGaugeSunManagementNotExistsTest.java:[61,42] [URLEqualsHashCode] Avoid hash-based containers of java.net.URL--the containers rely on equals() and hashCode(), which cause java.net.URL to make blocking internet connections.
    (see https://errorprone.info/bugpattern/URLEqualsHashCode)
[WARNING] /home/gabsko/breaking-updates/metrics-jvm/src/test/java/io/dropwizard/metrics5/jvm/CpuTimeClockTest.java:[18,49] [LongDoubleConversion] Conversion from long to double may lose precision; use an explicit cast to double if this was intentional
    (see https://errorprone.info/bugpattern/LongDoubleConversion)
  Did you mean 'assertThat((double) clockTime).isEqualTo((double) systemTime, offset(200.0));'?
[WARNING] /home/gabsko/breaking-updates/metrics-jvm/src/test/java/io/dropwizard/metrics5/jvm/CpuTimeClockTest.java:[22,49] [LongDoubleConversion] Conversion from long to double may lose precision; use an explicit cast to double if this was intentional
    (see https://errorprone.info/bugpattern/LongDoubleConversion)
  Did you mean 'assertThat((double) clockTick).isEqualTo((double) systemTick, offset(1000000.0));'?
[WARNING] /home/gabsko/breaking-updates/metrics-jvm/src/test/java/io/dropwizard/metrics5/jvm/ThreadDumpTest.java:[45,34] [DefaultCharset] Implicit use of the platform default charset, which can result in differing behaviour between JVM executions or incorrect behavior if the encoding of the data source doesn't match expectations.
    (see https://errorprone.info/bugpattern/DefaultCharset)
  Did you mean 'assertThat(output.toString(UTF_8))' or 'assertThat(output.toString(Charset.defaultCharset()))'?
[INFO] 
[INFO] --- maven-surefire-plugin:2.22.2:test (default-test) @ metrics-jvm ---
[INFO] 
[INFO] -------------------------------------------------------
[INFO]  T E S T S
[INFO] -------------------------------------------------------
[INFO] Running io.dropwizard.metrics5.jvm.ThreadDeadlockDetectorTest
[INFO] Tests run: 3, Failures: 0, Errors: 0, Skipped: 0, Time elapsed: 0.916 s - in io.dropwizard.metrics5.jvm.ThreadDeadlockDetectorTest
[INFO] Running io.dropwizard.metrics5.jvm.ClassLoadingGaugeSetTest
[INFO] Tests run: 2, Failures: 0, Errors: 0, Skipped: 0, Time elapsed: 0.034 s - in io.dropwizard.metrics5.jvm.ClassLoadingGaugeSetTest
[INFO] Running io.dropwizard.metrics5.jvm.FileDescriptorRatioGaugeTest
[INFO] Tests run: 3, Failures: 0, Errors: 0, Skipped: 0, Time elapsed: 0.053 s - in io.dropwizard.metrics5.jvm.FileDescriptorRatioGaugeTest
[INFO] Running io.dropwizard.metrics5.jvm.GarbageCollectorMetricSetTest
[INFO] Tests run: 4, Failures: 0, Errors: 0, Skipped: 0, Time elapsed: 0.067 s - in io.dropwizard.metrics5.jvm.GarbageCollectorMetricSetTest
[INFO] Running io.dropwizard.metrics5.jvm.BufferPoolMetricSetTest
[INFO] Tests run: 8, Failures: 0, Errors: 0, Skipped: 0, Time elapsed: 0.074 s - in io.dropwizard.metrics5.jvm.BufferPoolMetricSetTest
[INFO] Running io.dropwizard.metrics5.jvm.MemoryUsageGaugeSetTest
[INFO] Tests run: 23, Failures: 0, Errors: 0, Skipped: 0, Time elapsed: 0.156 s - in io.dropwizard.metrics5.jvm.MemoryUsageGaugeSetTest
[INFO] Running io.dropwizard.metrics5.jvm.ThreadStatesGaugeSetTest
[INFO] Tests run: 9, Failures: 0, Errors: 0, Skipped: 0, Time elapsed: 0.024 s - in io.dropwizard.metrics5.jvm.ThreadStatesGaugeSetTest
[INFO] Running io.dropwizard.metrics5.jvm.FileDescriptorRatioGaugeSunManagementNotExistsTest
[INFO] Tests run: 1, Failures: 0, Errors: 0, Skipped: 0, Time elapsed: 0.003 s - in io.dropwizard.metrics5.jvm.FileDescriptorRatioGaugeSunManagementNotExistsTest
[INFO] Running io.dropwizard.metrics5.jvm.ThreadDumpTest
[INFO] Tests run: 1, Failures: 0, Errors: 0, Skipped: 0, Time elapsed: 0.009 s - in io.dropwizard.metrics5.jvm.ThreadDumpTest
[INFO] Running io.dropwizard.metrics5.jvm.JmxAttributeGaugeTest
[INFO] Tests run: 5, Failures: 0, Errors: 0, Skipped: 0, Time elapsed: 0.062 s - in io.dropwizard.metrics5.jvm.JmxAttributeGaugeTest
[INFO] Running io.dropwizard.metrics5.jvm.CpuTimeClockTest
[INFO] Tests run: 1, Failures: 0, Errors: 0, Skipped: 0, Time elapsed: 0.001 s - in io.dropwizard.metrics5.jvm.CpuTimeClockTest
[INFO] Running io.dropwizard.metrics5.jvm.JvmAttributeGaugeSetTest
[INFO] Tests run: 5, Failures: 0, Errors: 0, Skipped: 0, Time elapsed: 0.018 s - in io.dropwizard.metrics5.jvm.JvmAttributeGaugeSetTest
[INFO] 
[INFO] Results:
[INFO] 
[INFO] Tests run: 65, Failures: 0, Errors: 0, Skipped: 0
[INFO] 
[INFO] 
[INFO] ------------< io.dropwizard.metrics5:metrics-healthchecks >-------------
[INFO] Building Metrics5 Health Checks 5.0.0-rc12-SNAPSHOT              [14/36]
[INFO] -------------------------------[ bundle ]-------------------------------
[INFO] 
[INFO] --- maven-clean-plugin:2.5:clean (default-clean) @ metrics-healthchecks ---
[INFO] Deleting /home/gabsko/breaking-updates/metrics-healthchecks/target
[INFO] 
[INFO] --- maven-enforcer-plugin:1.4.1:enforce (enforce) @ metrics-healthchecks ---
[INFO] 
[INFO] --- jacoco-maven-plugin:0.8.8:prepare-agent (prepare-agent) @ metrics-healthchecks ---
[INFO] argLine set to -javaagent:/home/gabsko/.m2/repository/org/jacoco/org.jacoco.agent/0.8.8/org.jacoco.agent-0.8.8-runtime.jar=destfile=/home/gabsko/breaking-updates/metrics-healthchecks/target/jacoco.exec
[INFO] 
[INFO] --- maven-resources-plugin:3.3.0:resources (default-resources) @ metrics-healthchecks ---
[INFO] skip non existing resourceDirectory /home/gabsko/breaking-updates/metrics-healthchecks/src/main/resources
[INFO] 
[INFO] --- maven-compiler-plugin:3.10.1:compile (default-compile) @ metrics-healthchecks ---
[INFO] Changes detected - recompiling the module!
[INFO] Compiling 8 source files to /home/gabsko/breaking-updates/metrics-healthchecks/target/classes
[WARNING] [options] bootstrap class path not set in conjunction with -source 8
[WARNING] /home/gabsko/breaking-updates/metrics-healthchecks/src/main/java/io/dropwizard/metrics5/health/HealthCheck.java:[56,29] [AnnotateFormatMethod] This method passes a pair of parameters through to String.format, but the enclosing method wasn't annotated @FormatMethod. Doing so gives compile-time rather than run-time protection against malformed format strings.
    (see https://errorprone.info/bugpattern/AnnotateFormatMethod)
[WARNING] /home/gabsko/breaking-updates/metrics-healthchecks/src/main/java/io/dropwizard/metrics5/health/HealthCheck.java:[80,29] [AnnotateFormatMethod] This method passes a pair of parameters through to String.format, but the enclosing method wasn't annotated @FormatMethod. Doing so gives compile-time rather than run-time protection against malformed format strings.
    (see https://errorprone.info/bugpattern/AnnotateFormatMethod)
[WARNING] /home/gabsko/breaking-updates/metrics-healthchecks/src/main/java/io/dropwizard/metrics5/health/HealthCheck.java:[200,23] [EqualsGetClass] Prefer instanceof to getClass when implementing Object#equals.
    (see https://errorprone.info/bugpattern/EqualsGetClass)
  Did you mean 'if (!(o instanceof Result)) {'?
[WARNING] /home/gabsko/breaking-updates/metrics-healthchecks/src/main/java/io/dropwizard/metrics5/health/HealthCheck.java:[219,38] [UnnecessaryParentheses] These grouping parentheses are unnecessary; it is unlikely the code will be misinterpreted without them
    (see https://errorprone.info/bugpattern/UnnecessaryParentheses)
  Did you mean 'result = PRIME * result +  Long.hashCode(time);'?
[WARNING] /home/gabsko/breaking-updates/metrics-healthchecks/src/main/java/io/dropwizard/metrics5/health/HealthCheck.java:[317,29] [AnnotateFormatMethod] This method passes a pair of parameters through to String.format, but the enclosing method wasn't annotated @FormatMethod. Doing so gives compile-time rather than run-time protection against malformed format strings.
    (see https://errorprone.info/bugpattern/AnnotateFormatMethod)
[WARNING] /home/gabsko/breaking-updates/metrics-healthchecks/src/main/java/io/dropwizard/metrics5/health/HealthCheckRegistry.java:[284,29] [ThreadPriorityCheck] Relying on the thread scheduler is discouraged.
    (see https://errorprone.info/bugpattern/ThreadPriorityCheck)
[INFO] 
[INFO] --- maven-resources-plugin:3.3.0:testResources (default-testResources) @ metrics-healthchecks ---
[INFO] skip non existing resourceDirectory /home/gabsko/breaking-updates/metrics-healthchecks/src/test/resources
[INFO] 
[INFO] --- maven-compiler-plugin:3.10.1:testCompile (default-testCompile) @ metrics-healthchecks ---
[INFO] Changes detected - recompiling the module!
[INFO] Compiling 6 source files to /home/gabsko/breaking-updates/metrics-healthchecks/target/test-classes
[WARNING] [options] bootstrap class path not set in conjunction with -source 8
[WARNING] /home/gabsko/breaking-updates/metrics-healthchecks/src/test/java/io/dropwizard/metrics5/health/SharedHealthCheckRegistriesTest.java:[15,66] [deprecation] none() in ExpectedException has been deprecated
[WARNING] /home/gabsko/breaking-updates/metrics-healthchecks/src/test/java/io/dropwizard/metrics5/health/HealthCheckTest.java:[234,50] [JavaTimeDefaultTimeZone] ZonedDateTime.now() is not allowed because it silently uses the system default time-zone. You must pass an explicit time-zone (e.g., ZoneId.of("America/Los_Angeles")) to this method.
    (see https://errorprone.info/bugpattern/JavaTimeDefaultTimeZone)
  Did you mean 'ZonedDateTime dateTime = ZonedDateTime.now(ZoneId.systemDefault()).minusMinutes(10);'?
[WARNING] /home/gabsko/breaking-updates/metrics-healthchecks/src/test/java/io/dropwizard/metrics5/health/HealthCheckTest.java:[252,50] [JavaTimeDefaultTimeZone] ZonedDateTime.now() is not allowed because it silently uses the system default time-zone. You must pass an explicit time-zone (e.g., ZoneId.of("America/Los_Angeles")) to this method.
    (see https://errorprone.info/bugpattern/JavaTimeDefaultTimeZone)
  Did you mean 'ZonedDateTime dateTime = ZonedDateTime.now(ZoneId.systemDefault()).minusMinutes(25);'?
[INFO] 
[INFO] --- maven-surefire-plugin:2.22.2:test (default-test) @ metrics-healthchecks ---
[INFO] 
[INFO] -------------------------------------------------------
[INFO]  T E S T S
[INFO] -------------------------------------------------------
[INFO] Running io.dropwizard.metrics5.health.HealthCheckRegistryTest
[INFO] Tests run: 17, Failures: 0, Errors: 0, Skipped: 0, Time elapsed: 1.043 s - in io.dropwizard.metrics5.health.HealthCheckRegistryTest
[INFO] Running io.dropwizard.metrics5.health.SharedHealthCheckRegistriesTest
[INFO] Tests run: 9, Failures: 0, Errors: 0, Skipped: 0, Time elapsed: 0.016 s - in io.dropwizard.metrics5.health.SharedHealthCheckRegistriesTest
[INFO] Running io.dropwizard.metrics5.health.HealthCheckTest
[INFO] Tests run: 14, Failures: 0, Errors: 0, Skipped: 0, Time elapsed: 0.057 s - in io.dropwizard.metrics5.health.HealthCheckTest
[INFO] Running io.dropwizard.metrics5.health.HealthCheckFilterTest
[INFO] Tests run: 1, Failures: 0, Errors: 0, Skipped: 0, Time elapsed: 0 s - in io.dropwizard.metrics5.health.HealthCheckFilterTest
[INFO] Running io.dropwizard.metrics5.health.jvm.ThreadDeadlockHealthCheckTest
[INFO] Tests run: 3, Failures: 0, Errors: 0, Skipped: 0, Time elapsed: 0.016 s - in io.dropwizard.metrics5.health.jvm.ThreadDeadlockHealthCheckTest
[INFO] Running io.dropwizard.metrics5.health.AsyncHealthCheckDecoratorTest
[INFO] Tests run: 15, Failures: 0, Errors: 0, Skipped: 0, Time elapsed: 0.02 s - in io.dropwizard.metrics5.health.AsyncHealthCheckDecoratorTest
[INFO] 
[INFO] Results:
[INFO] 
[INFO] Tests run: 59, Failures: 0, Errors: 0, Skipped: 0
[INFO] 
[INFO] 
[INFO] -------------< io.dropwizard.metrics5:metrics-httpclient >--------------
[INFO] Building Metrics5 Integration for Apache HttpClient 5.0.0-rc12-SNAPSHOT [15/36]
[INFO] -------------------------------[ bundle ]-------------------------------
[INFO] 
[INFO] --- maven-clean-plugin:2.5:clean (default-clean) @ metrics-httpclient ---
[INFO] Deleting /home/gabsko/breaking-updates/metrics-httpclient/target
[INFO] 
[INFO] --- maven-enforcer-plugin:1.4.1:enforce (enforce) @ metrics-httpclient ---
[INFO] 
[INFO] --- jacoco-maven-plugin:0.8.8:prepare-agent (prepare-agent) @ metrics-httpclient ---
[INFO] argLine set to -javaagent:/home/gabsko/.m2/repository/org/jacoco/org.jacoco.agent/0.8.8/org.jacoco.agent-0.8.8-runtime.jar=destfile=/home/gabsko/breaking-updates/metrics-httpclient/target/jacoco.exec
[INFO] 
[INFO] --- maven-resources-plugin:3.3.0:resources (default-resources) @ metrics-httpclient ---
[INFO] skip non existing resourceDirectory /home/gabsko/breaking-updates/metrics-httpclient/src/main/resources
[INFO] 
[INFO] --- maven-compiler-plugin:3.10.1:compile (default-compile) @ metrics-httpclient ---
[INFO] Changes detected - recompiling the module!
[INFO] Compiling 5 source files to /home/gabsko/breaking-updates/metrics-httpclient/target/classes
[WARNING] [options] bootstrap class path not set in conjunction with -source 8
[INFO] 
[INFO] --- maven-resources-plugin:3.3.0:testResources (default-testResources) @ metrics-httpclient ---
[INFO] skip non existing resourceDirectory /home/gabsko/breaking-updates/metrics-httpclient/src/test/resources
[INFO] 
[INFO] --- maven-compiler-plugin:3.10.1:testCompile (default-testCompile) @ metrics-httpclient ---
[INFO] Changes detected - recompiling the module!
[INFO] Compiling 3 source files to /home/gabsko/breaking-updates/metrics-httpclient/target/test-classes
[WARNING] [options] bootstrap class path not set in conjunction with -source 8
[WARNING] /home/gabsko/breaking-updates/metrics-httpclient/src/test/java/io/dropwizard/metrics5/httpclient/HttpClientMetricNameStrategiesTest.java:[26,8] [deprecation] <T>assertThat(T,Matcher<? super T>) in Assert has been deprecated
  where T is a type-variable:
    T extends Object declared in method <T>assertThat(T,Matcher<? super T>)
[WARNING] /home/gabsko/breaking-updates/metrics-httpclient/src/test/java/io/dropwizard/metrics5/httpclient/HttpClientMetricNameStrategiesTest.java:[32,8] [deprecation] <T>assertThat(T,Matcher<? super T>) in Assert has been deprecated
  where T is a type-variable:
    T extends Object declared in method <T>assertThat(T,Matcher<? super T>)
[WARNING] /home/gabsko/breaking-updates/metrics-httpclient/src/test/java/io/dropwizard/metrics5/httpclient/HttpClientMetricNameStrategiesTest.java:[38,8] [deprecation] <T>assertThat(T,Matcher<? super T>) in Assert has been deprecated
  where T is a type-variable:
    T extends Object declared in method <T>assertThat(T,Matcher<? super T>)
[WARNING] /home/gabsko/breaking-updates/metrics-httpclient/src/test/java/io/dropwizard/metrics5/httpclient/HttpClientMetricNameStrategiesTest.java:[44,8] [deprecation] <T>assertThat(T,Matcher<? super T>) in Assert has been deprecated
  where T is a type-variable:
    T extends Object declared in method <T>assertThat(T,Matcher<? super T>)
[WARNING] /home/gabsko/breaking-updates/metrics-httpclient/src/test/java/io/dropwizard/metrics5/httpclient/HttpClientMetricNameStrategiesTest.java:[52,8] [deprecation] <T>assertThat(T,Matcher<? super T>) in Assert has been deprecated
  where T is a type-variable:
    T extends Object declared in method <T>assertThat(T,Matcher<? super T>)
[WARNING] /home/gabsko/breaking-updates/metrics-httpclient/src/test/java/io/dropwizard/metrics5/httpclient/HttpClientMetricNameStrategiesTest.java:[60,8] [deprecation] <T>assertThat(T,Matcher<? super T>) in Assert has been deprecated
  where T is a type-variable:
    T extends Object declared in method <T>assertThat(T,Matcher<? super T>)
[WARNING] /home/gabsko/breaking-updates/metrics-httpclient/src/test/java/io/dropwizard/metrics5/httpclient/HttpClientMetricNameStrategiesTest.java:[66,8] [deprecation] <T>assertThat(T,Matcher<? super T>) in Assert has been deprecated
  where T is a type-variable:
    T extends Object declared in method <T>assertThat(T,Matcher<? super T>)
[WARNING] /home/gabsko/breaking-updates/metrics-httpclient/src/test/java/io/dropwizard/metrics5/httpclient/HttpClientMetricNameStrategiesTest.java:[72,8] [deprecation] <T>assertThat(T,Matcher<? super T>) in Assert has been deprecated
  where T is a type-variable:
    T extends Object declared in method <T>assertThat(T,Matcher<? super T>)
[WARNING] /home/gabsko/breaking-updates/metrics-httpclient/src/test/java/io/dropwizard/metrics5/httpclient/HttpClientMetricNameStrategiesTest.java:[79,8] [deprecation] <T>assertThat(T,Matcher<? super T>) in Assert has been deprecated
  where T is a type-variable:
    T extends Object declared in method <T>assertThat(T,Matcher<? super T>)
[WARNING] /home/gabsko/breaking-updates/metrics-httpclient/src/test/java/io/dropwizard/metrics5/httpclient/HttpClientMetricNameStrategiesTest.java:[86,8] [deprecation] <T>assertThat(T,Matcher<? super T>) in Assert has been deprecated
  where T is a type-variable:
    T extends Object declared in method <T>assertThat(T,Matcher<? super T>)
[WARNING] /home/gabsko/breaking-updates/metrics-httpclient/src/test/java/io/dropwizard/metrics5/httpclient/HttpClientMetricNameStrategiesTest.java:[92,8] [deprecation] <T>assertThat(T,Matcher<? super T>) in Assert has been deprecated
  where T is a type-variable:
    T extends Object declared in method <T>assertThat(T,Matcher<? super T>)
[WARNING] /home/gabsko/breaking-updates/metrics-httpclient/src/test/java/io/dropwizard/metrics5/httpclient/HttpClientMetricNameStrategiesTest.java:[101,8] [deprecation] <T>assertThat(T,Matcher<? super T>) in Assert has been deprecated
  where T is a type-variable:
    T extends Object declared in method <T>assertThat(T,Matcher<? super T>)
[WARNING] /home/gabsko/breaking-updates/metrics-httpclient/src/test/java/io/dropwizard/metrics5/httpclient/HttpClientMetricNameStrategiesTest.java:[109,26] [deprecation] rewriteURI(URI,HttpHost,boolean) in URIUtils has been deprecated
[INFO] 
[INFO] --- maven-surefire-plugin:2.22.2:test (default-test) @ metrics-httpclient ---
[INFO] 
[INFO] -------------------------------------------------------
[INFO]  T E S T S
[INFO] -------------------------------------------------------
[INFO] Running io.dropwizard.metrics5.httpclient.InstrumentedHttpClientsTest
[INFO] Tests run: 2, Failures: 0, Errors: 0, Skipped: 0, Time elapsed: 1.611 s - in io.dropwizard.metrics5.httpclient.InstrumentedHttpClientsTest
[INFO] Running io.dropwizard.metrics5.httpclient.InstrumentedHttpClientConnectionManagerTest
[INFO] Tests run: 2, Failures: 0, Errors: 0, Skipped: 0, Time elapsed: 0.132 s - in io.dropwizard.metrics5.httpclient.InstrumentedHttpClientConnectionManagerTest
[INFO] Running io.dropwizard.metrics5.httpclient.HttpClientMetricNameStrategiesTest
[INFO] Tests run: 12, Failures: 0, Errors: 0, Skipped: 0, Time elapsed: 0.01 s - in io.dropwizard.metrics5.httpclient.HttpClientMetricNameStrategiesTest
[INFO] 
[INFO] Results:
[INFO] 
[INFO] Tests run: 16, Failures: 0, Errors: 0, Skipped: 0
[INFO] 
[INFO] 
[INFO] -------------< io.dropwizard.metrics5:metrics-httpclient5 >-------------
[INFO] Building Metrics5 Integration for Apache HttpClient 5.x 5.0.0-rc12-SNAPSHOT [16/36]
[INFO] -------------------------------[ bundle ]-------------------------------
[INFO] 
[INFO] --- maven-clean-plugin:2.5:clean (default-clean) @ metrics-httpclient5 ---
[INFO] Deleting /home/gabsko/breaking-updates/metrics-httpclient5/target
[INFO] 
[INFO] --- maven-enforcer-plugin:1.4.1:enforce (enforce) @ metrics-httpclient5 ---
[INFO] 
[INFO] --- jacoco-maven-plugin:0.8.8:prepare-agent (prepare-agent) @ metrics-httpclient5 ---
[INFO] argLine set to -javaagent:/home/gabsko/.m2/repository/org/jacoco/org.jacoco.agent/0.8.8/org.jacoco.agent-0.8.8-runtime.jar=destfile=/home/gabsko/breaking-updates/metrics-httpclient5/target/jacoco.exec
[INFO] 
[INFO] --- maven-resources-plugin:3.3.0:resources (default-resources) @ metrics-httpclient5 ---
[INFO] skip non existing resourceDirectory /home/gabsko/breaking-updates/metrics-httpclient5/src/main/resources
[INFO] 
[INFO] --- maven-compiler-plugin:3.10.1:compile (default-compile) @ metrics-httpclient5 ---
[INFO] Changes detected - recompiling the module!
[INFO] Compiling 8 source files to /home/gabsko/breaking-updates/metrics-httpclient5/target/classes
[WARNING] [options] bootstrap class path not set in conjunction with -source 8
[INFO] 
[INFO] --- maven-resources-plugin:3.3.0:testResources (default-testResources) @ metrics-httpclient5 ---
[INFO] skip non existing resourceDirectory /home/gabsko/breaking-updates/metrics-httpclient5/src/test/resources
[INFO] 
[INFO] --- maven-compiler-plugin:3.10.1:testCompile (default-testCompile) @ metrics-httpclient5 ---
[INFO] Changes detected - recompiling the module!
[INFO] Compiling 5 source files to /home/gabsko/breaking-updates/metrics-httpclient5/target/test-classes
[WARNING] [options] bootstrap class path not set in conjunction with -source 8
[WARNING] /home/gabsko/breaking-updates/metrics-httpclient5/src/test/java/io/dropwizard/metrics5/httpclient5/InstrumentedHttpAsyncClientsTest.java:[10,47] [deprecation] SimpleHttpRequests in org.apache.hc.client5.http.async.methods has been deprecated
[WARNING] /home/gabsko/breaking-updates/metrics-httpclient5/src/test/java/io/dropwizard/metrics5/httpclient5/InstrumentedHttpAsyncClientsTest.java:[78,42] [deprecation] SimpleHttpRequests in org.apache.hc.client5.http.async.methods has been deprecated
[WARNING] /home/gabsko/breaking-updates/metrics-httpclient5/src/test/java/io/dropwizard/metrics5/httpclient5/InstrumentedHttpAsyncClientsTest.java:[118,42] [deprecation] SimpleHttpRequests in org.apache.hc.client5.http.async.methods has been deprecated
[WARNING] /home/gabsko/breaking-updates/metrics-httpclient5/src/test/java/io/dropwizard/metrics5/httpclient5/InstrumentedHttpAsyncClientsTest.java:[164,42] [deprecation] SimpleHttpRequests in org.apache.hc.client5.http.async.methods has been deprecated
[WARNING] /home/gabsko/breaking-updates/metrics-httpclient5/src/test/java/io/dropwizard/metrics5/httpclient5/HttpClientMetricNameStrategiesTest.java:[25,8] [deprecation] <T>assertThat(T,Matcher<? super T>) in Assert has been deprecated
  where T is a type-variable:
    T extends Object declared in method <T>assertThat(T,Matcher<? super T>)
[WARNING] /home/gabsko/breaking-updates/metrics-httpclient5/src/test/java/io/dropwizard/metrics5/httpclient5/HttpClientMetricNameStrategiesTest.java:[31,8] [deprecation] <T>assertThat(T,Matcher<? super T>) in Assert has been deprecated
  where T is a type-variable:
    T extends Object declared in method <T>assertThat(T,Matcher<? super T>)
[WARNING] /home/gabsko/breaking-updates/metrics-httpclient5/src/test/java/io/dropwizard/metrics5/httpclient5/HttpClientMetricNameStrategiesTest.java:[37,8] [deprecation] <T>assertThat(T,Matcher<? super T>) in Assert has been deprecated
  where T is a type-variable:
    T extends Object declared in method <T>assertThat(T,Matcher<? super T>)
[WARNING] /home/gabsko/breaking-updates/metrics-httpclient5/src/test/java/io/dropwizard/metrics5/httpclient5/HttpClientMetricNameStrategiesTest.java:[43,8] [deprecation] <T>assertThat(T,Matcher<? super T>) in Assert has been deprecated
  where T is a type-variable:
    T extends Object declared in method <T>assertThat(T,Matcher<? super T>)
[WARNING] /home/gabsko/breaking-updates/metrics-httpclient5/src/test/java/io/dropwizard/metrics5/httpclient5/HttpClientMetricNameStrategiesTest.java:[51,8] [deprecation] <T>assertThat(T,Matcher<? super T>) in Assert has been deprecated
  where T is a type-variable:
    T extends Object declared in method <T>assertThat(T,Matcher<? super T>)
[WARNING] /home/gabsko/breaking-updates/metrics-httpclient5/src/test/java/io/dropwizard/metrics5/httpclient5/HttpClientMetricNameStrategiesTest.java:[59,8] [deprecation] <T>assertThat(T,Matcher<? super T>) in Assert has been deprecated
  where T is a type-variable:
    T extends Object declared in method <T>assertThat(T,Matcher<? super T>)
[WARNING] /home/gabsko/breaking-updates/metrics-httpclient5/src/test/java/io/dropwizard/metrics5/httpclient5/HttpClientMetricNameStrategiesTest.java:[65,8] [deprecation] <T>assertThat(T,Matcher<? super T>) in Assert has been deprecated
  where T is a type-variable:
    T extends Object declared in method <T>assertThat(T,Matcher<? super T>)
[WARNING] /home/gabsko/breaking-updates/metrics-httpclient5/src/test/java/io/dropwizard/metrics5/httpclient5/HttpClientMetricNameStrategiesTest.java:[74,8] [deprecation] <T>assertThat(T,Matcher<? super T>) in Assert has been deprecated
  where T is a type-variable:
    T extends Object declared in method <T>assertThat(T,Matcher<? super T>)
[WARNING] /home/gabsko/breaking-updates/metrics-httpclient5/src/test/java/io/dropwizard/metrics5/httpclient5/HttpClientMetricNameStrategiesTest.java:[82,26] [deprecation] rewriteURI(URI,HttpHost,boolean) in URIUtils has been deprecated
[INFO] 
[INFO] --- maven-surefire-plugin:2.22.2:test (default-test) @ metrics-httpclient5 ---
[INFO] 
[INFO] -------------------------------------------------------
[INFO]  T E S T S
[INFO] -------------------------------------------------------
[INFO] Running io.dropwizard.metrics5.httpclient5.InstrumentedHttpClientsTest
[INFO] Tests run: 2, Failures: 0, Errors: 0, Skipped: 0, Time elapsed: 1.507 s - in io.dropwizard.metrics5.httpclient5.InstrumentedHttpClientsTest
[INFO] Running io.dropwizard.metrics5.httpclient5.InstrumentedAsyncClientConnectionManagerTest
[INFO] Tests run: 2, Failures: 0, Errors: 0, Skipped: 0, Time elapsed: 0.163 s - in io.dropwizard.metrics5.httpclient5.InstrumentedAsyncClientConnectionManagerTest
[INFO] Running io.dropwizard.metrics5.httpclient5.InstrumentedHttpClientConnectionManagerTest
[INFO] Tests run: 2, Failures: 0, Errors: 0, Skipped: 0, Time elapsed: 0.003 s - in io.dropwizard.metrics5.httpclient5.InstrumentedHttpClientConnectionManagerTest
[INFO] Running io.dropwizard.metrics5.httpclient5.HttpClientMetricNameStrategiesTest
[INFO] Tests run: 8, Failures: 0, Errors: 0, Skipped: 0, Time elapsed: 0.016 s - in io.dropwizard.metrics5.httpclient5.HttpClientMetricNameStrategiesTest
[INFO] Running io.dropwizard.metrics5.httpclient5.InstrumentedHttpAsyncClientsTest
[INFO] Tests run: 3, Failures: 0, Errors: 0, Skipped: 0, Time elapsed: 0.691 s - in io.dropwizard.metrics5.httpclient5.InstrumentedHttpAsyncClientsTest
[INFO] 
[INFO] Results:
[INFO] 
[INFO] Tests run: 17, Failures: 0, Errors: 0, Skipped: 0
[INFO] 
[INFO] 
[INFO] -----------< io.dropwizard.metrics5:metrics-httpasyncclient >-----------
[INFO] Building Metrics5 Integration for Apache HttpAsyncClient 5.0.0-rc12-SNAPSHOT [17/36]
[INFO] -------------------------------[ bundle ]-------------------------------
[INFO] 
[INFO] --- maven-clean-plugin:2.5:clean (default-clean) @ metrics-httpasyncclient ---
[INFO] Deleting /home/gabsko/breaking-updates/metrics-httpasyncclient/target
[INFO] 
[INFO] --- maven-enforcer-plugin:1.4.1:enforce (enforce) @ metrics-httpasyncclient ---
[INFO] 
[INFO] --- jacoco-maven-plugin:0.8.8:prepare-agent (prepare-agent) @ metrics-httpasyncclient ---
[INFO] argLine set to -javaagent:/home/gabsko/.m2/repository/org/jacoco/org.jacoco.agent/0.8.8/org.jacoco.agent-0.8.8-runtime.jar=destfile=/home/gabsko/breaking-updates/metrics-httpasyncclient/target/jacoco.exec
[INFO] 
[INFO] --- maven-resources-plugin:3.3.0:resources (default-resources) @ metrics-httpasyncclient ---
[INFO] skip non existing resourceDirectory /home/gabsko/breaking-updates/metrics-httpasyncclient/src/main/resources
[INFO] 
[INFO] --- maven-compiler-plugin:3.10.1:compile (default-compile) @ metrics-httpasyncclient ---
[INFO] Changes detected - recompiling the module!
[INFO] Compiling 2 source files to /home/gabsko/breaking-updates/metrics-httpasyncclient/target/classes
[WARNING] [options] bootstrap class path not set in conjunction with -source 8
[INFO] 
[INFO] --- maven-resources-plugin:3.3.0:testResources (default-testResources) @ metrics-httpasyncclient ---
[INFO] skip non existing resourceDirectory /home/gabsko/breaking-updates/metrics-httpasyncclient/src/test/resources
[INFO] 
[INFO] --- maven-compiler-plugin:3.10.1:testCompile (default-testCompile) @ metrics-httpasyncclient ---
[INFO] Changes detected - recompiling the module!
[INFO] Compiling 3 source files to /home/gabsko/breaking-updates/metrics-httpasyncclient/target/test-classes
[WARNING] [options] bootstrap class path not set in conjunction with -source 8
[WARNING] /home/gabsko/breaking-updates/metrics-httpasyncclient/src/test/java/io/dropwizard/metrics5/httpasyncclient/HttpClientTestBase.java:[26,7] [MissingSummary] A summary fragment is required; consider using the value of the @return block as a summary fragment instead.
    (see https://google.github.io/styleguide/javaguide.html#s7.2-summary-fragment)
  Did you mean '*Returns a free local port or {@code -1} on error.'?
[INFO] 
[INFO] --- maven-surefire-plugin:2.22.2:test (default-test) @ metrics-httpasyncclient ---
[INFO] 
[INFO] -------------------------------------------------------
[INFO]  T E S T S
[INFO] -------------------------------------------------------
[INFO] Running io.dropwizard.metrics5.httpasyncclient.InstrumentedHttpClientsTimerTest
[WARNING] Tests run: 1, Failures: 0, Errors: 0, Skipped: 1, Time elapsed: 0.023 s - in io.dropwizard.metrics5.httpasyncclient.InstrumentedHttpClientsTimerTest
[INFO] Running io.dropwizard.metrics5.httpasyncclient.InstrumentedHttpClientsTest
[INFO] Tests run: 1, Failures: 0, Errors: 0, Skipped: 0, Time elapsed: 1.652 s - in io.dropwizard.metrics5.httpasyncclient.InstrumentedHttpClientsTest
[INFO] 
[INFO] Results:
[INFO] 
[WARNING] Tests run: 2, Failures: 0, Errors: 0, Skipped: 1
[INFO] 
[INFO] 
[INFO] -----------< io.dropwizard.metrics5:metrics-jakarta-servlet >-----------
[INFO] Building Metrics5 Integration for Jakarta Servlets 5.0.0-rc12-SNAPSHOT [18/36]
[INFO] -------------------------------[ bundle ]-------------------------------
[INFO] 
[INFO] --- maven-clean-plugin:2.5:clean (default-clean) @ metrics-jakarta-servlet ---
[INFO] Deleting /home/gabsko/breaking-updates/metrics-jakarta-servlet/target
[INFO] 
[INFO] --- maven-enforcer-plugin:1.4.1:enforce (enforce) @ metrics-jakarta-servlet ---
[INFO] 
[INFO] --- jacoco-maven-plugin:0.8.8:prepare-agent (prepare-agent) @ metrics-jakarta-servlet ---
[INFO] argLine set to -javaagent:/home/gabsko/.m2/repository/org/jacoco/org.jacoco.agent/0.8.8/org.jacoco.agent-0.8.8-runtime.jar=destfile=/home/gabsko/breaking-updates/metrics-jakarta-servlet/target/jacoco.exec
[INFO] 
[INFO] --- maven-resources-plugin:3.3.0:resources (default-resources) @ metrics-jakarta-servlet ---
[INFO] skip non existing resourceDirectory /home/gabsko/breaking-updates/metrics-jakarta-servlet/src/main/resources
[INFO] 
[INFO] --- maven-compiler-plugin:3.10.1:compile (default-compile) @ metrics-jakarta-servlet ---
[INFO] Changes detected - recompiling the module!
[INFO] Compiling 3 source files to /home/gabsko/breaking-updates/metrics-jakarta-servlet/target/classes
[WARNING] [options] bootstrap class path not set in conjunction with -source 8
[WARNING] /home/gabsko/breaking-updates/metrics-jakarta-servlet/src/main/java/io/dropwizard/metrics5/servlet/InstrumentedFilterContextListener.java:[14,7] [MissingSummary] A summary fragment is required; consider using the value of the @return block as a summary fragment instead.
    (see https://google.github.io/styleguide/javaguide.html#s7.2-summary-fragment)
  Did you mean '*Returns the {@link MetricRegistry} to inject into the servlet context.'?
[INFO] 
[INFO] --- maven-resources-plugin:3.3.0:testResources (default-testResources) @ metrics-jakarta-servlet ---
[INFO] skip non existing resourceDirectory /home/gabsko/breaking-updates/metrics-jakarta-servlet/src/test/resources
[INFO] 
[INFO] --- maven-compiler-plugin:3.10.1:testCompile (default-testCompile) @ metrics-jakarta-servlet ---
[INFO] Changes detected - recompiling the module!
[INFO] Compiling 1 source file to /home/gabsko/breaking-updates/metrics-jakarta-servlet/target/test-classes
[WARNING] [options] bootstrap class path not set in conjunction with -source 8
[INFO] 
[INFO] --- maven-surefire-plugin:2.22.2:test (default-test) @ metrics-jakarta-servlet ---
[INFO] 
[INFO] -------------------------------------------------------
[INFO]  T E S T S
[INFO] -------------------------------------------------------
[INFO] Running io.dropwizard.metrics5.servlet.InstrumentedFilterContextListenerTest
[INFO] Tests run: 1, Failures: 0, Errors: 0, Skipped: 0, Time elapsed: 0.896 s - in io.dropwizard.metrics5.servlet.InstrumentedFilterContextListenerTest
[INFO] 
[INFO] Results:
[INFO] 
[INFO] Tests run: 1, Failures: 0, Errors: 0, Skipped: 0
[INFO] 
[INFO] 
[INFO] ----------------< io.dropwizard.metrics5:metrics-json >-----------------
[INFO] Building Jackson Integration for Metrics5 5.0.0-rc12-SNAPSHOT    [19/36]
[INFO] -------------------------------[ bundle ]-------------------------------
[INFO] 
[INFO] --- maven-clean-plugin:2.5:clean (default-clean) @ metrics-json ---
[INFO] Deleting /home/gabsko/breaking-updates/metrics-json/target
[INFO] 
[INFO] --- maven-enforcer-plugin:1.4.1:enforce (enforce) @ metrics-json ---
[INFO] 
[INFO] --- jacoco-maven-plugin:0.8.8:prepare-agent (prepare-agent) @ metrics-json ---
[INFO] argLine set to -javaagent:/home/gabsko/.m2/repository/org/jacoco/org.jacoco.agent/0.8.8/org.jacoco.agent-0.8.8-runtime.jar=destfile=/home/gabsko/breaking-updates/metrics-json/target/jacoco.exec
[INFO] 
[INFO] --- maven-resources-plugin:3.3.0:resources (default-resources) @ metrics-json ---
[INFO] skip non existing resourceDirectory /home/gabsko/breaking-updates/metrics-json/src/main/resources
[INFO] 
[INFO] --- maven-compiler-plugin:3.10.1:compile (default-compile) @ metrics-json ---
[INFO] Changes detected - recompiling the module!
[INFO] Compiling 2 source files to /home/gabsko/breaking-updates/metrics-json/target/classes
[WARNING] [options] bootstrap class path not set in conjunction with -source 8
[INFO] 
[INFO] --- maven-resources-plugin:3.3.0:testResources (default-testResources) @ metrics-json ---
[INFO] skip non existing resourceDirectory /home/gabsko/breaking-updates/metrics-json/src/test/resources
[INFO] 
[INFO] --- maven-compiler-plugin:3.10.1:testCompile (default-testCompile) @ metrics-json ---
[INFO] Changes detected - recompiling the module!
[INFO] Compiling 2 source files to /home/gabsko/breaking-updates/metrics-json/target/test-classes
[WARNING] [options] bootstrap class path not set in conjunction with -source 8
[INFO] 
[INFO] --- maven-surefire-plugin:2.22.2:test (default-test) @ metrics-json ---
[INFO] 
[INFO] -------------------------------------------------------
[INFO]  T E S T S
[INFO] -------------------------------------------------------
[INFO] Running io.dropwizard.metrics5.json.MetricsModuleTest
[INFO] Tests run: 7, Failures: 0, Errors: 0, Skipped: 0, Time elapsed: 1.41 s - in io.dropwizard.metrics5.json.MetricsModuleTest
[INFO] Running io.dropwizard.metrics5.json.HealthCheckModuleTest
[INFO] Tests run: 6, Failures: 0, Errors: 0, Skipped: 0, Time elapsed: 0.047 s - in io.dropwizard.metrics5.json.HealthCheckModuleTest
[INFO] 
[INFO] Results:
[INFO] 
[INFO] Tests run: 13, Failures: 0, Errors: 0, Skipped: 0
[INFO] 
[INFO] 
[INFO] ---------------< io.dropwizard.metrics5:metrics-jetty11 >---------------
[INFO] Building Metrics Integration for Jetty 11.x and higher 5.0.0-rc12-SNAPSHOT [20/36]
[INFO] -------------------------------[ bundle ]-------------------------------
[INFO] 
[INFO] --- maven-clean-plugin:2.5:clean (default-clean) @ metrics-jetty11 ---
[INFO] Deleting /home/gabsko/breaking-updates/metrics-jetty11/target
[INFO] 
[INFO] --- maven-enforcer-plugin:1.4.1:enforce (enforce) @ metrics-jetty11 ---
[INFO] 
[INFO] --- jacoco-maven-plugin:0.8.8:prepare-agent (prepare-agent) @ metrics-jetty11 ---
[INFO] argLine set to -javaagent:/home/gabsko/.m2/repository/org/jacoco/org.jacoco.agent/0.8.8/org.jacoco.agent-0.8.8-runtime.jar=destfile=/home/gabsko/breaking-updates/metrics-jetty11/target/jacoco.exec
[INFO] 
[INFO] --- maven-resources-plugin:3.3.0:resources (default-resources) @ metrics-jetty11 ---
[INFO] skip non existing resourceDirectory /home/gabsko/breaking-updates/metrics-jetty11/src/main/resources
[INFO] 
[INFO] --- maven-compiler-plugin:3.10.1:compile (default-compile) @ metrics-jetty11 ---
[INFO] Changes detected - recompiling the module!
[INFO] Compiling 4 source files to /home/gabsko/breaking-updates/metrics-jetty11/target/classes
[WARNING] [options] bootstrap class path not set in conjunction with -source 8
[INFO] 
[INFO] --- maven-resources-plugin:3.3.0:testResources (default-testResources) @ metrics-jetty11 ---
[INFO] skip non existing resourceDirectory /home/gabsko/breaking-updates/metrics-jetty11/src/test/resources
[INFO] 
[INFO] --- maven-compiler-plugin:3.10.1:testCompile (default-testCompile) @ metrics-jetty11 ---
[INFO] Changes detected - recompiling the module!
[INFO] Compiling 4 source files to /home/gabsko/breaking-updates/metrics-jetty11/target/test-classes
[WARNING] [options] bootstrap class path not set in conjunction with -source 8
[WARNING] /home/gabsko/breaking-updates/metrics-jetty11/src/test/java/io/dropwizard/metrics5/jetty11/InstrumentedHandlerTest.java:[131,98] [LongDoubleConversion] Conversion from long to double may lose precision; use an explicit cast to double if this was intentional
    (see https://errorprone.info/bugpattern/LongDoubleConversion)
  Did you mean '.getSnapshot().getMedian()).isGreaterThan(0.0).isLessThan((double) TimeUnit.SECONDS.toNanos(1));'?
[WARNING] /home/gabsko/breaking-updates/metrics-jetty11/src/test/java/io/dropwizard/metrics5/jetty11/InstrumentedHandlerTest.java:[134,98] [LongDoubleConversion] Conversion from long to double may lose precision; use an explicit cast to double if this was intentional
    (see https://errorprone.info/bugpattern/LongDoubleConversion)
  Did you mean '.getSnapshot().getMedian()).isGreaterThan(0.0).isLessThan((double) TimeUnit.SECONDS.toNanos(1));'?
[INFO] 
[INFO] --- maven-surefire-plugin:2.22.2:test (default-test) @ metrics-jetty11 ---
[INFO] 
[INFO] -------------------------------------------------------
[INFO]  T E S T S
[INFO] -------------------------------------------------------
[INFO] Running io.dropwizard.metrics5.jetty11.InstrumentedHandlerTest
[main] INFO org.eclipse.jetty.server.Server - jetty-11.0.9; built: 2022-03-30T17:44:47.085Z; git: 243a48a658a183130a8c8de353178d154ca04f04; jvm 11.0.17+8-post-Ubuntu-1ubuntu218.04
[main] INFO org.eclipse.jetty.server.AbstractConnector - Started ServerConnector@3419e23b{HTTP/1.1, (http/1.1)}{0.0.0.0:43453}
[main] INFO org.eclipse.jetty.server.Server - Started Server@3f0d6038{STARTING}[11.0.9,sto=0] @940ms
[main] INFO org.eclipse.jetty.server.Server - Stopped Server@3f0d6038{STOPPING}[11.0.9,sto=0]
[main] INFO org.eclipse.jetty.server.AbstractConnector - Stopped ServerConnector@3419e23b{HTTP/1.1, (http/1.1)}{0.0.0.0:0}
[main] INFO org.eclipse.jetty.server.Server - jetty-11.0.9; built: 2022-03-30T17:44:47.085Z; git: 243a48a658a183130a8c8de353178d154ca04f04; jvm 11.0.17+8-post-Ubuntu-1ubuntu218.04
[main] INFO org.eclipse.jetty.server.AbstractConnector - Started ServerConnector@1e191150{HTTP/1.1, (http/1.1)}{0.0.0.0:42473}
[main] INFO org.eclipse.jetty.server.Server - Started Server@166b11e{STARTING}[11.0.9,sto=0] @1257ms
[main] INFO org.eclipse.jetty.server.Server - Stopped Server@166b11e{STOPPING}[11.0.9,sto=0]
[main] INFO org.eclipse.jetty.server.AbstractConnector - Stopped ServerConnector@1e191150{HTTP/1.1, (http/1.1)}{0.0.0.0:0}
[main] INFO org.eclipse.jetty.server.Server - jetty-11.0.9; built: 2022-03-30T17:44:47.085Z; git: 243a48a658a183130a8c8de353178d154ca04f04; jvm 11.0.17+8-post-Ubuntu-1ubuntu218.04
[main] INFO org.eclipse.jetty.server.AbstractConnector - Started ServerConnector@33e50ff2{HTTP/1.1, (http/1.1)}{0.0.0.0:33755}
[main] INFO org.eclipse.jetty.server.Server - Started Server@704d3b00{STARTING}[11.0.9,sto=0] @1618ms
[main] INFO org.eclipse.jetty.server.Server - Stopped Server@704d3b00{STOPPING}[11.0.9,sto=0]
[main] INFO org.eclipse.jetty.server.AbstractConnector - Stopped ServerConnector@33e50ff2{HTTP/1.1, (http/1.1)}{0.0.0.0:0}
[WARNING] Tests run: 4, Failures: 0, Errors: 0, Skipped: 1, Time elapsed: 1.373 s - in io.dropwizard.metrics5.jetty11.InstrumentedHandlerTest
[INFO] Running io.dropwizard.metrics5.jetty11.InstrumentedHttpChannelListenerTest
[main] INFO org.eclipse.jetty.server.Server - jetty-11.0.9; built: 2022-03-30T17:44:47.085Z; git: 243a48a658a183130a8c8de353178d154ca04f04; jvm 11.0.17+8-post-Ubuntu-1ubuntu218.04
[main] INFO org.eclipse.jetty.server.AbstractConnector - Started ServerConnector@7bbdb220{HTTP/1.1, (http/1.1)}{0.0.0.0:44859}
[main] INFO org.eclipse.jetty.server.Server - Started Server@30798137{STARTING}[11.0.9,sto=0] @1812ms
[main] INFO org.eclipse.jetty.server.Server - Stopped Server@30798137{STOPPING}[11.0.9,sto=0]
[main] INFO org.eclipse.jetty.server.AbstractConnector - Stopped ServerConnector@7bbdb220{HTTP/1.1, (http/1.1)}{0.0.0.0:0}
[main] INFO org.eclipse.jetty.server.Server - jetty-11.0.9; built: 2022-03-30T17:44:47.085Z; git: 243a48a658a183130a8c8de353178d154ca04f04; jvm 11.0.17+8-post-Ubuntu-1ubuntu218.04
[main] INFO org.eclipse.jetty.server.AbstractConnector - Started ServerConnector@25109608{HTTP/1.1, (http/1.1)}{0.0.0.0:42037}
[main] INFO org.eclipse.jetty.server.Server - Started Server@2913ca3e{STARTING}[11.0.9,sto=0] @2078ms
[main] INFO org.eclipse.jetty.server.Server - Stopped Server@2913ca3e{STOPPING}[11.0.9,sto=0]
[main] INFO org.eclipse.jetty.server.AbstractConnector - Stopped ServerConnector@25109608{HTTP/1.1, (http/1.1)}{0.0.0.0:0}
[main] INFO org.eclipse.jetty.server.Server - jetty-11.0.9; built: 2022-03-30T17:44:47.085Z; git: 243a48a658a183130a8c8de353178d154ca04f04; jvm 11.0.17+8-post-Ubuntu-1ubuntu218.04
[main] INFO org.eclipse.jetty.server.AbstractConnector - Started ServerConnector@60ed0b9d{HTTP/1.1, (http/1.1)}{0.0.0.0:44131}
[main] INFO org.eclipse.jetty.server.Server - Started Server@2c674d58{STARTING}[11.0.9,sto=0] @2317ms
[main] INFO org.eclipse.jetty.server.Server - Stopped Server@2c674d58{STOPPING}[11.0.9,sto=0]
[main] INFO org.eclipse.jetty.server.AbstractConnector - Stopped ServerConnector@60ed0b9d{HTTP/1.1, (http/1.1)}{0.0.0.0:0}
[INFO] Tests run: 3, Failures: 0, Errors: 0, Skipped: 0, Time elapsed: 0.59 s - in io.dropwizard.metrics5.jetty11.InstrumentedHttpChannelListenerTest
[INFO] Running io.dropwizard.metrics5.jetty11.InstrumentedConnectionFactoryTest
[main] INFO org.eclipse.jetty.server.Server - jetty-11.0.9; built: 2022-03-30T17:44:47.085Z; git: 243a48a658a183130a8c8de353178d154ca04f04; jvm 11.0.17+8-post-Ubuntu-1ubuntu218.04
[main] INFO org.eclipse.jetty.server.AbstractConnector - Started ServerConnector@1cc708a7{HTTP/1.1, (http/1.1)}{0.0.0.0:43251}
[main] INFO org.eclipse.jetty.server.Server - Started Server@6aa6c17{STARTING}[11.0.9,sto=0] @2379ms
[main] INFO org.eclipse.jetty.server.Server - Stopped Server@6aa6c17{STOPPING}[11.0.9,sto=0]
[main] INFO org.eclipse.jetty.server.AbstractConnector - Stopped ServerConnector@1cc708a7{HTTP/1.1, (http/1.1)}{0.0.0.0:0}
[main] INFO org.eclipse.jetty.server.Server - jetty-11.0.9; built: 2022-03-30T17:44:47.085Z; git: 243a48a658a183130a8c8de353178d154ca04f04; jvm 11.0.17+8-post-Ubuntu-1ubuntu218.04
[main] INFO org.eclipse.jetty.server.AbstractConnector - Started ServerConnector@13234ac9{HTTP/1.1, (http/1.1)}{0.0.0.0:40407}
[main] INFO org.eclipse.jetty.server.Server - Started Server@27dc335a{STARTING}[11.0.9,sto=0] @2519ms
[main] INFO org.eclipse.jetty.server.Server - Stopped Server@27dc335a{STOPPING}[11.0.9,sto=0]
[main] INFO org.eclipse.jetty.server.AbstractConnector - Stopped ServerConnector@13234ac9{HTTP/1.1, (http/1.1)}{0.0.0.0:0}
[INFO] Tests run: 2, Failures: 0, Errors: 0, Skipped: 0, Time elapsed: 0.297 s - in io.dropwizard.metrics5.jetty11.InstrumentedConnectionFactoryTest
[INFO] Running io.dropwizard.metrics5.jetty11.InstrumentedQueuedThreadPoolTest
[INFO] Tests run: 2, Failures: 0, Errors: 0, Skipped: 0, Time elapsed: 0.038 s - in io.dropwizard.metrics5.jetty11.InstrumentedQueuedThreadPoolTest
[INFO] 
[INFO] Results:
[INFO] 
[WARNING] Tests run: 11, Failures: 0, Errors: 0, Skipped: 1
[INFO] 
[INFO] 
[INFO] ----------< io.dropwizard.metrics5:metrics-jakarta-servlets >-----------
[INFO] Building Metrics5 Utility Jakarta Servlets 5.0.0-rc12-SNAPSHOT   [21/36]
[INFO] -------------------------------[ bundle ]-------------------------------
[INFO] 
[INFO] --- maven-clean-plugin:2.5:clean (default-clean) @ metrics-jakarta-servlets ---
[INFO] Deleting /home/gabsko/breaking-updates/metrics-jakarta-servlets/target
[INFO] 
[INFO] --- maven-enforcer-plugin:1.4.1:enforce (enforce) @ metrics-jakarta-servlets ---
[INFO] 
[INFO] --- jacoco-maven-plugin:0.8.8:prepare-agent (prepare-agent) @ metrics-jakarta-servlets ---
[INFO] argLine set to -javaagent:/home/gabsko/.m2/repository/org/jacoco/org.jacoco.agent/0.8.8/org.jacoco.agent-0.8.8-runtime.jar=destfile=/home/gabsko/breaking-updates/metrics-jakarta-servlets/target/jacoco.exec
[INFO] 
[INFO] --- maven-resources-plugin:3.3.0:resources (default-resources) @ metrics-jakarta-servlets ---
[INFO] skip non existing resourceDirectory /home/gabsko/breaking-updates/metrics-jakarta-servlets/src/main/resources
[INFO] 
[INFO] --- maven-compiler-plugin:3.10.1:compile (default-compile) @ metrics-jakarta-servlets ---
[INFO] Changes detected - recompiling the module!
[INFO] Compiling 6 source files to /home/gabsko/breaking-updates/metrics-jakarta-servlets/target/classes
[WARNING] [options] bootstrap class path not set in conjunction with -source 8
[WARNING] /home/gabsko/breaking-updates/metrics-jakarta-servlets/src/main/java/io/dropwizard/metrics5/servlets/AdminServlet.java:[33,32] [InlineFormatString] Prefer to create format strings inline, instead of extracting them to a single-use constant
    (see https://errorprone.info/bugpattern/InlineFormatString)
  Did you mean to remove this line?
[WARNING] /home/gabsko/breaking-updates/metrics-jakarta-servlets/src/main/java/io/dropwizard/metrics5/servlets/HealthCheckServlet.java:[27,11] [MissingSummary] A summary fragment is required; consider using the value of the @return block as a summary fragment instead.
    (see https://google.github.io/styleguide/javaguide.html#s7.2-summary-fragment)
  Did you mean '*Returns the {@link HealthCheckRegistry} to inject into the servlet context.'?
[WARNING] /home/gabsko/breaking-updates/metrics-jakarta-servlets/src/main/java/io/dropwizard/metrics5/servlets/HealthCheckServlet.java:[32,11] [MissingSummary] A summary fragment is required; consider using the value of the @return block as a summary fragment instead.
    (see https://google.github.io/styleguide/javaguide.html#s7.2-summary-fragment)
  Did you mean '*Returns the {@link ExecutorService} to inject into the servlet context, or {@code null}'?
[WARNING] /home/gabsko/breaking-updates/metrics-jakarta-servlets/src/main/java/io/dropwizard/metrics5/servlets/HealthCheckServlet.java:[41,11] [MissingSummary] A summary fragment is required; consider using the value of the @return block as a summary fragment instead.
    (see https://google.github.io/styleguide/javaguide.html#s7.2-summary-fragment)
  Did you mean '*Returns the {@link HealthCheckFilter} that shall be used to filter health checks,'?
[WARNING] /home/gabsko/breaking-updates/metrics-jakarta-servlets/src/main/java/io/dropwizard/metrics5/servlets/HealthCheckServlet.java:[49,11] [MissingSummary] A summary fragment is required; consider using the value of the @return block as a summary fragment instead.
    (see https://google.github.io/styleguide/javaguide.html#s7.2-summary-fragment)
  Did you mean '*Returns the {@link ObjectMapper} that shall be used to render health checks,'?
[WARNING] /home/gabsko/breaking-updates/metrics-jakarta-servlets/src/main/java/io/dropwizard/metrics5/servlets/MetricsServlet.java:[34,11] [MissingSummary] A summary fragment is required; consider using the value of the @return block as a summary fragment instead.
    (see https://google.github.io/styleguide/javaguide.html#s7.2-summary-fragment)
  Did you mean '*Returns the {@link MetricRegistry} to inject into the servlet context.'?
[WARNING] /home/gabsko/breaking-updates/metrics-jakarta-servlets/src/main/java/io/dropwizard/metrics5/servlets/MetricsServlet.java:[39,11] [MissingSummary] A summary fragment is required; consider using the value of the @return block as a summary fragment instead.
    (see https://google.github.io/styleguide/javaguide.html#s7.2-summary-fragment)
  Did you mean '*Returns the {@link TimeUnit} to which rates should be converted, or {@code null} if the'?
[WARNING] /home/gabsko/breaking-updates/metrics-jakarta-servlets/src/main/java/io/dropwizard/metrics5/servlets/MetricsServlet.java:[48,11] [MissingSummary] A summary fragment is required; consider using the value of the @return block as a summary fragment instead.
    (see https://google.github.io/styleguide/javaguide.html#s7.2-summary-fragment)
  Did you mean '*Returns the {@link TimeUnit} to which durations should be converted, or {@code null} if'?
[WARNING] /home/gabsko/breaking-updates/metrics-jakarta-servlets/src/main/java/io/dropwizard/metrics5/servlets/MetricsServlet.java:[57,11] [MissingSummary] A summary fragment is required; consider using the value of the @return block as a summary fragment instead.
    (see https://google.github.io/styleguide/javaguide.html#s7.2-summary-fragment)
  Did you mean '*Returns the {@code Access-Control-Allow-Origin} header value, if any.'?
[INFO] 
[INFO] --- maven-resources-plugin:3.3.0:testResources (default-testResources) @ metrics-jakarta-servlets ---
[INFO] skip non existing resourceDirectory /home/gabsko/breaking-updates/metrics-jakarta-servlets/src/test/resources
[INFO] 
[INFO] --- maven-compiler-plugin:3.10.1:testCompile (default-testCompile) @ metrics-jakarta-servlets ---
[INFO] Changes detected - recompiling the module!
[INFO] Compiling 11 source files to /home/gabsko/breaking-updates/metrics-jakarta-servlets/target/test-classes
[WARNING] [options] bootstrap class path not set in conjunction with -source 8
[WARNING] /home/gabsko/breaking-updates/metrics-jakarta-servlets/src/test/java/io/dropwizard/metrics5/servlets/HealthCheckServletTest.java:[32,69] [JavaTimeDefaultTimeZone] ZonedDateTime.now() is not allowed because it silently uses the system default time-zone. You must pass an explicit time-zone (e.g., ZoneId.of("America/Los_Angeles")) to this method.
    (see https://errorprone.info/bugpattern/JavaTimeDefaultTimeZone)
  Did you mean 'private static final ZonedDateTime FIXED_TIME = ZonedDateTime.now(ZoneId.systemDefault());'?
[INFO] 
[INFO] --- maven-surefire-plugin:2.22.2:test (default-test) @ metrics-jakarta-servlets ---
[INFO] 
[INFO] -------------------------------------------------------
[INFO]  T E S T S
[INFO] -------------------------------------------------------
[INFO] Running io.dropwizard.metrics5.servlets.AdminServletUriTest
[main] INFO org.eclipse.jetty.server.Server - jetty-11.0.9; built: 2022-03-30T17:44:47.085Z; git: 243a48a658a183130a8c8de353178d154ca04f04; jvm 11.0.17+8-post-Ubuntu-1ubuntu218.04
[main] INFO org.eclipse.jetty.server.session.DefaultSessionIdManager - Session workerName=node0
[main] INFO org.eclipse.jetty.server.handler.ContextHandler - Started o.e.j.s.ServletContextHandler@7d30007d{/context,null,AVAILABLE}
[main] INFO org.eclipse.jetty.server.AbstractConnector - Started LocalConnector@20749d9{HTTP/1.1, (http/1.1)}
[main] INFO org.eclipse.jetty.server.Server - Started Server@6418e39e{STARTING}[11.0.9,sto=0] @997ms
[main] INFO org.eclipse.jetty.server.Server - Stopped Server@6418e39e{STOPPING}[11.0.9,sto=0]
[main] INFO org.eclipse.jetty.server.AbstractConnector - Stopped LocalConnector@20749d9{HTTP/1.1, (http/1.1)}
[main] INFO org.eclipse.jetty.server.handler.ContextHandler - Stopped o.e.j.s.ServletContextHandler@7d30007d{/context,null,STOPPED}
[INFO] Tests run: 1, Failures: 0, Errors: 0, Skipped: 0, Time elapsed: 1.134 s - in io.dropwizard.metrics5.servlets.AdminServletUriTest
[INFO] Running io.dropwizard.metrics5.servlets.MetricsServletTest
[main] INFO org.eclipse.jetty.server.Server - jetty-11.0.9; built: 2022-03-30T17:44:47.085Z; git: 243a48a658a183130a8c8de353178d154ca04f04; jvm 11.0.17+8-post-Ubuntu-1ubuntu218.04
[main] INFO org.eclipse.jetty.server.session.DefaultSessionIdManager - Session workerName=node0
[main] INFO org.eclipse.jetty.server.handler.ContextHandler - Started o.e.j.s.ServletContextHandler@21f9a305{/,null,AVAILABLE}
[main] INFO org.eclipse.jetty.server.AbstractConnector - Started LocalConnector@5fbae40{HTTP/1.1, (http/1.1)}
[main] INFO org.eclipse.jetty.server.Server - Started Server@22c0c0bc{STARTING}[11.0.9,sto=0] @2151ms
[main] INFO org.eclipse.jetty.server.Server - Stopped Server@22c0c0bc{STOPPING}[11.0.9,sto=0]
[main] INFO org.eclipse.jetty.server.AbstractConnector - Stopped LocalConnector@5fbae40{HTTP/1.1, (http/1.1)}
[main] INFO org.eclipse.jetty.server.handler.ContextHandler - Stopped o.e.j.s.ServletContextHandler@21f9a305{/,null,STOPPED}
[main] INFO org.eclipse.jetty.server.Server - jetty-11.0.9; built: 2022-03-30T17:44:47.085Z; git: 243a48a658a183130a8c8de353178d154ca04f04; jvm 11.0.17+8-post-Ubuntu-1ubuntu218.04
[main] INFO org.eclipse.jetty.server.session.DefaultSessionIdManager - Session workerName=node0
[main] INFO org.eclipse.jetty.server.handler.ContextHandler - Started o.e.j.s.ServletContextHandler@2e0de20d{/,null,AVAILABLE}
[main] INFO org.eclipse.jetty.server.AbstractConnector - Started LocalConnector@27d4513e{HTTP/1.1, (http/1.1)}
[main] INFO org.eclipse.jetty.server.Server - Started Server@4c69b396{STARTING}[11.0.9,sto=0] @2297ms
[main] INFO org.eclipse.jetty.server.Server - Stopped Server@4c69b396{STOPPING}[11.0.9,sto=0]
[main] INFO org.eclipse.jetty.server.AbstractConnector - Stopped LocalConnector@27d4513e{HTTP/1.1, (http/1.1)}
[main] INFO org.eclipse.jetty.server.handler.ContextHandler - Stopped o.e.j.s.ServletContextHandler@2e0de20d{/,null,STOPPED}
[main] INFO org.eclipse.jetty.server.Server - jetty-11.0.9; built: 2022-03-30T17:44:47.085Z; git: 243a48a658a183130a8c8de353178d154ca04f04; jvm 11.0.17+8-post-Ubuntu-1ubuntu218.04
[main] INFO org.eclipse.jetty.server.session.DefaultSessionIdManager - Session workerName=node0
[main] INFO org.eclipse.jetty.server.handler.ContextHandler - Started o.e.j.s.ServletContextHandler@36618b3b{/,null,AVAILABLE}
[main] INFO org.eclipse.jetty.server.AbstractConnector - Started LocalConnector@18baee88{HTTP/1.1, (http/1.1)}
[main] INFO org.eclipse.jetty.server.Server - Started Server@f461c9c{STARTING}[11.0.9,sto=0] @2376ms
[main] INFO org.eclipse.jetty.server.Server - Stopped Server@f461c9c{STOPPING}[11.0.9,sto=0]
[main] INFO org.eclipse.jetty.server.AbstractConnector - Stopped LocalConnector@18baee88{HTTP/1.1, (http/1.1)}
[main] INFO org.eclipse.jetty.server.handler.ContextHandler - Stopped o.e.j.s.ServletContextHandler@36618b3b{/,null,STOPPED}
[main] INFO org.eclipse.jetty.server.Server - jetty-11.0.9; built: 2022-03-30T17:44:47.085Z; git: 243a48a658a183130a8c8de353178d154ca04f04; jvm 11.0.17+8-post-Ubuntu-1ubuntu218.04
[main] INFO org.eclipse.jetty.server.session.DefaultSessionIdManager - Session workerName=node0
[main] INFO org.eclipse.jetty.server.handler.ContextHandler - Started o.e.j.s.ServletContextHandler@554db19d{/,null,AVAILABLE}
[main] INFO org.eclipse.jetty.server.AbstractConnector - Started LocalConnector@16ca4532{HTTP/1.1, (http/1.1)}
[main] INFO org.eclipse.jetty.server.Server - Started Server@5f3bc119{STARTING}[11.0.9,sto=0] @2402ms
[main] INFO org.eclipse.jetty.server.Server - Stopped Server@5f3bc119{STOPPING}[11.0.9,sto=0]
[main] INFO org.eclipse.jetty.server.AbstractConnector - Stopped LocalConnector@16ca4532{HTTP/1.1, (http/1.1)}
[main] INFO org.eclipse.jetty.server.handler.ContextHandler - Stopped o.e.j.s.ServletContextHandler@554db19d{/,null,STOPPED}
[main] INFO org.eclipse.jetty.server.Server - jetty-11.0.9; built: 2022-03-30T17:44:47.085Z; git: 243a48a658a183130a8c8de353178d154ca04f04; jvm 11.0.17+8-post-Ubuntu-1ubuntu218.04
[main] INFO org.eclipse.jetty.server.session.DefaultSessionIdManager - Session workerName=node0
[main] INFO org.eclipse.jetty.server.handler.ContextHandler - Started o.e.j.s.ServletContextHandler@31d791c0{/,null,AVAILABLE}
[main] INFO org.eclipse.jetty.server.AbstractConnector - Started LocalConnector@77da2881{HTTP/1.1, (http/1.1)}
[main] INFO org.eclipse.jetty.server.Server - Started Server@6aa85fcf{STARTING}[11.0.9,sto=0] @2424ms
[main] INFO org.eclipse.jetty.server.Server - Stopped Server@6aa85fcf{STOPPING}[11.0.9,sto=0]
[main] INFO org.eclipse.jetty.server.AbstractConnector - Stopped LocalConnector@77da2881{HTTP/1.1, (http/1.1)}
[main] INFO org.eclipse.jetty.server.handler.ContextHandler - Stopped o.e.j.s.ServletContextHandler@31d791c0{/,null,STOPPED}
[main] INFO org.eclipse.jetty.server.Server - jetty-11.0.9; built: 2022-03-30T17:44:47.085Z; git: 243a48a658a183130a8c8de353178d154ca04f04; jvm 11.0.17+8-post-Ubuntu-1ubuntu218.04
[main] INFO org.eclipse.jetty.server.session.DefaultSessionIdManager - Session workerName=node0
[main] INFO org.eclipse.jetty.server.handler.ContextHandler - Started o.e.j.s.ServletContextHandler@7c08461b{/,null,AVAILABLE}
[main] INFO org.eclipse.jetty.server.AbstractConnector - Started LocalConnector@2c3d1214{HTTP/1.1, (http/1.1)}
[main] INFO org.eclipse.jetty.server.Server - Started Server@6a2b6031{STARTING}[11.0.9,sto=0] @2539ms
[main] INFO org.eclipse.jetty.server.Server - Stopped Server@6a2b6031{STOPPING}[11.0.9,sto=0]
[main] INFO org.eclipse.jetty.server.AbstractConnector - Stopped LocalConnector@2c3d1214{HTTP/1.1, (http/1.1)}
[main] INFO org.eclipse.jetty.server.handler.ContextHandler - Stopped o.e.j.s.ServletContextHandler@7c08461b{/,null,STOPPED}
[main] INFO org.eclipse.jetty.server.Server - jetty-11.0.9; built: 2022-03-30T17:44:47.085Z; git: 243a48a658a183130a8c8de353178d154ca04f04; jvm 11.0.17+8-post-Ubuntu-1ubuntu218.04
[main] INFO org.eclipse.jetty.server.session.DefaultSessionIdManager - Session workerName=node0
[main] INFO org.eclipse.jetty.server.handler.ContextHandler - Started o.e.j.s.ServletContextHandler@304933cb{/,null,AVAILABLE}
[main] INFO org.eclipse.jetty.server.AbstractConnector - Started LocalConnector@2060df8{HTTP/1.1, (http/1.1)}
[main] INFO org.eclipse.jetty.server.Server - Started Server@7d816d32{STARTING}[11.0.9,sto=0] @2556ms
[main] INFO org.eclipse.jetty.server.Server - Stopped Server@7d816d32{STOPPING}[11.0.9,sto=0]
[main] INFO org.eclipse.jetty.server.AbstractConnector - Stopped LocalConnector@2060df8{HTTP/1.1, (http/1.1)}
[main] INFO org.eclipse.jetty.server.handler.ContextHandler - Stopped o.e.j.s.ServletContextHandler@304933cb{/,null,STOPPED}
[INFO] Tests run: 7, Failures: 0, Errors: 0, Skipped: 0, Time elapsed: 1.005 s - in io.dropwizard.metrics5.servlets.MetricsServletTest
[INFO] Running io.dropwizard.metrics5.servlets.ThreadDumpServletTest
[main] INFO org.eclipse.jetty.server.Server - jetty-11.0.9; built: 2022-03-30T17:44:47.085Z; git: 243a48a658a183130a8c8de353178d154ca04f04; jvm 11.0.17+8-post-Ubuntu-1ubuntu218.04
[main] INFO org.eclipse.jetty.server.session.DefaultSessionIdManager - Session workerName=node0
[main] INFO org.eclipse.jetty.server.handler.ContextHandler - Started o.e.j.s.ServletContextHandler@326d39fd{/,null,AVAILABLE}
[main] INFO org.eclipse.jetty.server.AbstractConnector - Started LocalConnector@42c9f2cd{HTTP/1.1, (http/1.1)}
[main] INFO org.eclipse.jetty.server.Server - Started Server@b1d7b09{STARTING}[11.0.9,sto=0] @2579ms
[main] INFO org.eclipse.jetty.server.Server - Stopped Server@b1d7b09{STOPPING}[11.0.9,sto=0]
[main] INFO org.eclipse.jetty.server.AbstractConnector - Stopped LocalConnector@42c9f2cd{HTTP/1.1, (http/1.1)}
[main] INFO org.eclipse.jetty.server.handler.ContextHandler - Stopped o.e.j.s.ServletContextHandler@326d39fd{/,null,STOPPED}
[main] INFO org.eclipse.jetty.server.Server - jetty-11.0.9; built: 2022-03-30T17:44:47.085Z; git: 243a48a658a183130a8c8de353178d154ca04f04; jvm 11.0.17+8-post-Ubuntu-1ubuntu218.04
[main] INFO org.eclipse.jetty.server.session.DefaultSessionIdManager - Session workerName=node0
[main] INFO org.eclipse.jetty.server.handler.ContextHandler - Started o.e.j.s.ServletContextHandler@16df0ebd{/,null,AVAILABLE}
[main] INFO org.eclipse.jetty.server.AbstractConnector - Started LocalConnector@4bbabec8{HTTP/1.1, (http/1.1)}
[main] INFO org.eclipse.jetty.server.Server - Started Server@12115c28{STARTING}[11.0.9,sto=0] @2618ms
[main] INFO org.eclipse.jetty.server.Server - Stopped Server@12115c28{STOPPING}[11.0.9,sto=0]
[main] INFO org.eclipse.jetty.server.AbstractConnector - Stopped LocalConnector@4bbabec8{HTTP/1.1, (http/1.1)}
[main] INFO org.eclipse.jetty.server.handler.ContextHandler - Stopped o.e.j.s.ServletContextHandler@16df0ebd{/,null,STOPPED}
[main] INFO org.eclipse.jetty.server.Server - jetty-11.0.9; built: 2022-03-30T17:44:47.085Z; git: 243a48a658a183130a8c8de353178d154ca04f04; jvm 11.0.17+8-post-Ubuntu-1ubuntu218.04
[main] INFO org.eclipse.jetty.server.session.DefaultSessionIdManager - Session workerName=node0
[main] INFO org.eclipse.jetty.server.handler.ContextHandler - Started o.e.j.s.ServletContextHandler@444720b7{/,null,AVAILABLE}
[main] INFO org.eclipse.jetty.server.AbstractConnector - Started LocalConnector@3dd8b40e{HTTP/1.1, (http/1.1)}
[main] INFO org.eclipse.jetty.server.Server - Started Server@74597c37{STARTING}[11.0.9,sto=0] @2655ms
[main] INFO org.eclipse.jetty.server.Server - Stopped Server@74597c37{STOPPING}[11.0.9,sto=0]
[main] INFO org.eclipse.jetty.server.AbstractConnector - Stopped LocalConnector@3dd8b40e{HTTP/1.1, (http/1.1)}
[main] INFO org.eclipse.jetty.server.handler.ContextHandler - Stopped o.e.j.s.ServletContextHandler@444720b7{/,null,STOPPED}
[main] INFO org.eclipse.jetty.server.Server - jetty-11.0.9; built: 2022-03-30T17:44:47.085Z; git: 243a48a658a183130a8c8de353178d154ca04f04; jvm 11.0.17+8-post-Ubuntu-1ubuntu218.04
[main] INFO org.eclipse.jetty.server.session.DefaultSessionIdManager - Session workerName=node0
[main] INFO org.eclipse.jetty.server.handler.ContextHandler - Started o.e.j.s.ServletContextHandler@4d408746{/,null,AVAILABLE}
[main] INFO org.eclipse.jetty.server.AbstractConnector - Started LocalConnector@7d0e46dd{HTTP/1.1, (http/1.1)}
[main] INFO org.eclipse.jetty.server.Server - Started Server@7d5ddfac{STARTING}[11.0.9,sto=0] @2699ms
[main] INFO org.eclipse.jetty.server.Server - Stopped Server@7d5ddfac{STOPPING}[11.0.9,sto=0]
[main] INFO org.eclipse.jetty.server.AbstractConnector - Stopped LocalConnector@7d0e46dd{HTTP/1.1, (http/1.1)}
[main] INFO org.eclipse.jetty.server.handler.ContextHandler - Stopped o.e.j.s.ServletContextHandler@4d408746{/,null,STOPPED}
[INFO] Tests run: 4, Failures: 0, Errors: 0, Skipped: 0, Time elapsed: 0.155 s - in io.dropwizard.metrics5.servlets.ThreadDumpServletTest
[INFO] Running io.dropwizard.metrics5.servlets.PingServletTest
[main] INFO org.eclipse.jetty.server.Server - jetty-11.0.9; built: 2022-03-30T17:44:47.085Z; git: 243a48a658a183130a8c8de353178d154ca04f04; jvm 11.0.17+8-post-Ubuntu-1ubuntu218.04
[main] INFO org.eclipse.jetty.server.session.DefaultSessionIdManager - Session workerName=node0
[main] INFO org.eclipse.jetty.server.handler.ContextHandler - Started o.e.j.s.ServletContextHandler@2735a7dc{/,null,AVAILABLE}
[main] INFO org.eclipse.jetty.server.AbstractConnector - Started LocalConnector@2a0d8df8{HTTP/1.1, (http/1.1)}
[main] INFO org.eclipse.jetty.server.Server - Started Server@522221e1{STARTING}[11.0.9,sto=0] @2734ms
[main] INFO org.eclipse.jetty.server.Server - Stopped Server@522221e1{STOPPING}[11.0.9,sto=0]
[main] INFO org.eclipse.jetty.server.AbstractConnector - Stopped LocalConnector@2a0d8df8{HTTP/1.1, (http/1.1)}
[main] INFO org.eclipse.jetty.server.handler.ContextHandler - Stopped o.e.j.s.ServletContextHandler@2735a7dc{/,null,STOPPED}
[main] INFO org.eclipse.jetty.server.Server - jetty-11.0.9; built: 2022-03-30T17:44:47.085Z; git: 243a48a658a183130a8c8de353178d154ca04f04; jvm 11.0.17+8-post-Ubuntu-1ubuntu218.04
[main] INFO org.eclipse.jetty.server.session.DefaultSessionIdManager - Session workerName=node0
[main] INFO org.eclipse.jetty.server.handler.ContextHandler - Started o.e.j.s.ServletContextHandler@77b0ff24{/,null,AVAILABLE}
[main] INFO org.eclipse.jetty.server.AbstractConnector - Started LocalConnector@66978c15{HTTP/1.1, (http/1.1)}
[main] INFO org.eclipse.jetty.server.Server - Started Server@6ca9ec77{STARTING}[11.0.9,sto=0] @2743ms
[main] INFO org.eclipse.jetty.server.Server - Stopped Server@6ca9ec77{STOPPING}[11.0.9,sto=0]
[main] INFO org.eclipse.jetty.server.AbstractConnector - Stopped LocalConnector@66978c15{HTTP/1.1, (http/1.1)}
[main] INFO org.eclipse.jetty.server.handler.ContextHandler - Stopped o.e.j.s.ServletContextHandler@77b0ff24{/,null,STOPPED}
[main] INFO org.eclipse.jetty.server.Server - jetty-11.0.9; built: 2022-03-30T17:44:47.085Z; git: 243a48a658a183130a8c8de353178d154ca04f04; jvm 11.0.17+8-post-Ubuntu-1ubuntu218.04
[main] INFO org.eclipse.jetty.server.session.DefaultSessionIdManager - Session workerName=node0
[main] INFO org.eclipse.jetty.server.handler.ContextHandler - Started o.e.j.s.ServletContextHandler@6aaed880{/,null,AVAILABLE}
[main] INFO org.eclipse.jetty.server.AbstractConnector - Started LocalConnector@23f9d0ce{HTTP/1.1, (http/1.1)}
[main] INFO org.eclipse.jetty.server.Server - Started Server@408a0e92{STARTING}[11.0.9,sto=0] @2750ms
[main] INFO org.eclipse.jetty.server.Server - Stopped Server@408a0e92{STOPPING}[11.0.9,sto=0]
[main] INFO org.eclipse.jetty.server.AbstractConnector - Stopped LocalConnector@23f9d0ce{HTTP/1.1, (http/1.1)}
[main] INFO org.eclipse.jetty.server.handler.ContextHandler - Stopped o.e.j.s.ServletContextHandler@6aaed880{/,null,STOPPED}
[main] INFO org.eclipse.jetty.server.Server - jetty-11.0.9; built: 2022-03-30T17:44:47.085Z; git: 243a48a658a183130a8c8de353178d154ca04f04; jvm 11.0.17+8-post-Ubuntu-1ubuntu218.04
[main] INFO org.eclipse.jetty.server.session.DefaultSessionIdManager - Session workerName=node0
[main] INFO org.eclipse.jetty.server.handler.ContextHandler - Started o.e.j.s.ServletContextHandler@2e10f765{/,null,AVAILABLE}
[main] INFO org.eclipse.jetty.server.AbstractConnector - Started LocalConnector@6b3708f0{HTTP/1.1, (http/1.1)}
[main] INFO org.eclipse.jetty.server.Server - Started Server@7375ebe7{STARTING}[11.0.9,sto=0] @2757ms
[main] INFO org.eclipse.jetty.server.Server - Stopped Server@7375ebe7{STOPPING}[11.0.9,sto=0]
[main] INFO org.eclipse.jetty.server.AbstractConnector - Stopped LocalConnector@6b3708f0{HTTP/1.1, (http/1.1)}
[main] INFO org.eclipse.jetty.server.handler.ContextHandler - Stopped o.e.j.s.ServletContextHandler@2e10f765{/,null,STOPPED}
[INFO] Tests run: 4, Failures: 0, Errors: 0, Skipped: 0, Time elapsed: 0.031 s - in io.dropwizard.metrics5.servlets.PingServletTest
[INFO] Running io.dropwizard.metrics5.servlets.HealthCheckServletTest
[main] INFO org.eclipse.jetty.server.Server - jetty-11.0.9; built: 2022-03-30T17:44:47.085Z; git: 243a48a658a183130a8c8de353178d154ca04f04; jvm 11.0.17+8-post-Ubuntu-1ubuntu218.04
[main] INFO org.eclipse.jetty.server.session.DefaultSessionIdManager - Session workerName=node0
[main] INFO org.eclipse.jetty.server.handler.ContextHandler - Started o.e.j.s.ServletContextHandler@5ce7ab6f{/,null,AVAILABLE}
[main] INFO org.eclipse.jetty.server.AbstractConnector - Started LocalConnector@705ebb4d{HTTP/1.1, (http/1.1)}
[main] INFO org.eclipse.jetty.server.Server - Started Server@6e8426aa{STARTING}[11.0.9,sto=0] @2768ms
[main] INFO org.eclipse.jetty.server.Server - Stopped Server@6e8426aa{STOPPING}[11.0.9,sto=0]
[main] INFO org.eclipse.jetty.server.AbstractConnector - Stopped LocalConnector@705ebb4d{HTTP/1.1, (http/1.1)}
[main] INFO org.eclipse.jetty.server.handler.ContextHandler - Stopped o.e.j.s.ServletContextHandler@5ce7ab6f{/,null,STOPPED}
[main] INFO org.eclipse.jetty.server.Server - jetty-11.0.9; built: 2022-03-30T17:44:47.085Z; git: 243a48a658a183130a8c8de353178d154ca04f04; jvm 11.0.17+8-post-Ubuntu-1ubuntu218.04
[main] INFO org.eclipse.jetty.server.session.DefaultSessionIdManager - Session workerName=node0
[main] INFO org.eclipse.jetty.server.handler.ContextHandler - Started o.e.j.s.ServletContextHandler@8b93c88{/,null,AVAILABLE}
[main] INFO org.eclipse.jetty.server.AbstractConnector - Started LocalConnector@2d541e01{HTTP/1.1, (http/1.1)}
[main] INFO org.eclipse.jetty.server.Server - Started Server@14ecd835{STARTING}[11.0.9,sto=0] @2781ms
[main] INFO org.eclipse.jetty.server.Server - Stopped Server@14ecd835{STOPPING}[11.0.9,sto=0]
[main] INFO org.eclipse.jetty.server.AbstractConnector - Stopped LocalConnector@2d541e01{HTTP/1.1, (http/1.1)}
[main] INFO org.eclipse.jetty.server.handler.ContextHandler - Stopped o.e.j.s.ServletContextHandler@8b93c88{/,null,STOPPED}
[main] INFO org.eclipse.jetty.server.Server - jetty-11.0.9; built: 2022-03-30T17:44:47.085Z; git: 243a48a658a183130a8c8de353178d154ca04f04; jvm 11.0.17+8-post-Ubuntu-1ubuntu218.04
[main] INFO org.eclipse.jetty.server.session.DefaultSessionIdManager - Session workerName=node0
[main] INFO org.eclipse.jetty.server.handler.ContextHandler - Started o.e.j.s.ServletContextHandler@4505ec36{/,null,AVAILABLE}
[main] INFO org.eclipse.jetty.server.AbstractConnector - Started LocalConnector@3a70acd5{HTTP/1.1, (http/1.1)}
[main] INFO org.eclipse.jetty.server.Server - Started Server@5367d46f{STARTING}[11.0.9,sto=0] @2791ms
[main] INFO org.eclipse.jetty.server.Server - Stopped Server@5367d46f{STOPPING}[11.0.9,sto=0]
[main] INFO org.eclipse.jetty.server.AbstractConnector - Stopped LocalConnector@3a70acd5{HTTP/1.1, (http/1.1)}
[main] INFO org.eclipse.jetty.server.handler.ContextHandler - Stopped o.e.j.s.ServletContextHandler@4505ec36{/,null,STOPPED}
[main] INFO org.eclipse.jetty.server.Server - jetty-11.0.9; built: 2022-03-30T17:44:47.085Z; git: 243a48a658a183130a8c8de353178d154ca04f04; jvm 11.0.17+8-post-Ubuntu-1ubuntu218.04
[main] INFO org.eclipse.jetty.server.session.DefaultSessionIdManager - Session workerName=node0
[main] INFO org.eclipse.jetty.server.handler.ContextHandler - Started o.e.j.s.ServletContextHandler@44f5259a{/,null,AVAILABLE}
[main] INFO org.eclipse.jetty.server.AbstractConnector - Started LocalConnector@2f143ea{HTTP/1.1, (http/1.1)}
[main] INFO org.eclipse.jetty.server.Server - Started Server@700b035b{STARTING}[11.0.9,sto=0] @2806ms
[main] INFO org.eclipse.jetty.server.Server - Stopped Server@700b035b{STOPPING}[11.0.9,sto=0]
[main] INFO org.eclipse.jetty.server.AbstractConnector - Stopped LocalConnector@2f143ea{HTTP/1.1, (http/1.1)}
[main] INFO org.eclipse.jetty.server.handler.ContextHandler - Stopped o.e.j.s.ServletContextHandler@44f5259a{/,null,STOPPED}
[main] INFO org.eclipse.jetty.server.Server - jetty-11.0.9; built: 2022-03-30T17:44:47.085Z; git: 243a48a658a183130a8c8de353178d154ca04f04; jvm 11.0.17+8-post-Ubuntu-1ubuntu218.04
[main] INFO org.eclipse.jetty.server.session.DefaultSessionIdManager - Session workerName=node0
[main] INFO org.eclipse.jetty.server.handler.ContextHandler - Started o.e.j.s.ServletContextHandler@3304362e{/,null,AVAILABLE}
[main] INFO org.eclipse.jetty.server.AbstractConnector - Started LocalConnector@4b98c80c{HTTP/1.1, (http/1.1)}
[main] INFO org.eclipse.jetty.server.Server - Started Server@1001b435{STARTING}[11.0.9,sto=0] @2816ms
[main] INFO org.eclipse.jetty.server.Server - Stopped Server@1001b435{STOPPING}[11.0.9,sto=0]
[main] INFO org.eclipse.jetty.server.AbstractConnector - Stopped LocalConnector@4b98c80c{HTTP/1.1, (http/1.1)}
[main] INFO org.eclipse.jetty.server.handler.ContextHandler - Stopped o.e.j.s.ServletContextHandler@3304362e{/,null,STOPPED}
[main] INFO org.eclipse.jetty.server.Server - jetty-11.0.9; built: 2022-03-30T17:44:47.085Z; git: 243a48a658a183130a8c8de353178d154ca04f04; jvm 11.0.17+8-post-Ubuntu-1ubuntu218.04
[main] INFO org.eclipse.jetty.server.session.DefaultSessionIdManager - Session workerName=node0
[main] INFO org.eclipse.jetty.server.handler.ContextHandler - Started o.e.j.s.ServletContextHandler@225b460a{/,null,AVAILABLE}
[main] INFO org.eclipse.jetty.server.AbstractConnector - Started LocalConnector@17adbecf{HTTP/1.1, (http/1.1)}
[main] INFO org.eclipse.jetty.server.Server - Started Server@74214ac3{STARTING}[11.0.9,sto=0] @2831ms
[main] INFO org.eclipse.jetty.server.Server - Stopped Server@74214ac3{STOPPING}[11.0.9,sto=0]
[main] INFO org.eclipse.jetty.server.AbstractConnector - Stopped LocalConnector@17adbecf{HTTP/1.1, (http/1.1)}
[main] INFO org.eclipse.jetty.server.handler.ContextHandler - Stopped o.e.j.s.ServletContextHandler@225b460a{/,null,STOPPED}
[main] INFO org.eclipse.jetty.server.Server - jetty-11.0.9; built: 2022-03-30T17:44:47.085Z; git: 243a48a658a183130a8c8de353178d154ca04f04; jvm 11.0.17+8-post-Ubuntu-1ubuntu218.04
[main] INFO org.eclipse.jetty.server.session.DefaultSessionIdManager - Session workerName=node0
[main] INFO org.eclipse.jetty.server.handler.ContextHandler - Started o.e.j.s.ServletContextHandler@2553fbd0{/,null,AVAILABLE}
[main] INFO org.eclipse.jetty.server.AbstractConnector - Started LocalConnector@2c34ce24{HTTP/1.1, (http/1.1)}
[main] INFO org.eclipse.jetty.server.Server - Started Server@3bb6b9ab{STARTING}[11.0.9,sto=0] @2840ms
[main] INFO org.eclipse.jetty.server.Server - Stopped Server@3bb6b9ab{STOPPING}[11.0.9,sto=0]
[main] INFO org.eclipse.jetty.server.AbstractConnector - Stopped LocalConnector@2c34ce24{HTTP/1.1, (http/1.1)}
[main] INFO org.eclipse.jetty.server.handler.ContextHandler - Stopped o.e.j.s.ServletContextHandler@2553fbd0{/,null,STOPPED}
[main] INFO org.eclipse.jetty.server.Server - jetty-11.0.9; built: 2022-03-30T17:44:47.085Z; git: 243a48a658a183130a8c8de353178d154ca04f04; jvm 11.0.17+8-post-Ubuntu-1ubuntu218.04
[main] INFO org.eclipse.jetty.server.session.DefaultSessionIdManager - Session workerName=node0
[main] INFO org.eclipse.jetty.server.handler.ContextHandler - Started o.e.j.s.ServletContextHandler@5e08ed28{/,null,AVAILABLE}
[main] INFO org.eclipse.jetty.server.AbstractConnector - Started LocalConnector@18a349cb{HTTP/1.1, (http/1.1)}
[main] INFO org.eclipse.jetty.server.Server - Started Server@60b8c05c{STARTING}[11.0.9,sto=0] @2890ms
[main] INFO org.eclipse.jetty.server.Server - Stopped Server@60b8c05c{STOPPING}[11.0.9,sto=0]
[main] INFO org.eclipse.jetty.server.AbstractConnector - Stopped LocalConnector@18a349cb{HTTP/1.1, (http/1.1)}
[main] INFO org.eclipse.jetty.server.handler.ContextHandler - Stopped o.e.j.s.ServletContextHandler@5e08ed28{/,null,STOPPED}
[main] INFO org.eclipse.jetty.server.Server - jetty-11.0.9; built: 2022-03-30T17:44:47.085Z; git: 243a48a658a183130a8c8de353178d154ca04f04; jvm 11.0.17+8-post-Ubuntu-1ubuntu218.04
[main] INFO org.eclipse.jetty.server.session.DefaultSessionIdManager - Session workerName=node0
[main] INFO org.eclipse.jetty.server.handler.ContextHandler - Started o.e.j.s.ServletContextHandler@43a9988a{/,null,AVAILABLE}
[main] INFO org.eclipse.jetty.server.AbstractConnector - Started LocalConnector@34d6e9a4{HTTP/1.1, (http/1.1)}
[main] INFO org.eclipse.jetty.server.Server - Started Server@6e200307{STARTING}[11.0.9,sto=0] @2898ms
[main] INFO org.eclipse.jetty.server.Server - Stopped Server@6e200307{STOPPING}[11.0.9,sto=0]
[main] INFO org.eclipse.jetty.server.AbstractConnector - Stopped LocalConnector@34d6e9a4{HTTP/1.1, (http/1.1)}
[main] INFO org.eclipse.jetty.server.handler.ContextHandler - Stopped o.e.j.s.ServletContextHandler@43a9988a{/,null,STOPPED}
[main] INFO org.eclipse.jetty.server.Server - jetty-11.0.9; built: 2022-03-30T17:44:47.085Z; git: 243a48a658a183130a8c8de353178d154ca04f04; jvm 11.0.17+8-post-Ubuntu-1ubuntu218.04
[main] INFO org.eclipse.jetty.server.session.DefaultSessionIdManager - Session workerName=node0
[main] INFO org.eclipse.jetty.server.handler.ContextHandler - Started o.e.j.s.ServletContextHandler@36d7e8d2{/,null,AVAILABLE}
[main] INFO org.eclipse.jetty.server.AbstractConnector - Started LocalConnector@456beb8b{HTTP/1.1, (http/1.1)}
[main] INFO org.eclipse.jetty.server.Server - Started Server@31a9eaa{STARTING}[11.0.9,sto=0] @2906ms
[main] INFO org.eclipse.jetty.server.Server - Stopped Server@31a9eaa{STOPPING}[11.0.9,sto=0]
[main] INFO org.eclipse.jetty.server.AbstractConnector - Stopped LocalConnector@456beb8b{HTTP/1.1, (http/1.1)}
[main] INFO org.eclipse.jetty.server.handler.ContextHandler - Stopped o.e.j.s.ServletContextHandler@36d7e8d2{/,null,STOPPED}
[INFO] Tests run: 10, Failures: 0, Errors: 0, Skipped: 0, Time elapsed: 0.15 s - in io.dropwizard.metrics5.servlets.HealthCheckServletTest
[INFO] Running io.dropwizard.metrics5.servlets.AdminServletTest
[main] INFO org.eclipse.jetty.server.Server - jetty-11.0.9; built: 2022-03-30T17:44:47.085Z; git: 243a48a658a183130a8c8de353178d154ca04f04; jvm 11.0.17+8-post-Ubuntu-1ubuntu218.04
[main] INFO org.eclipse.jetty.server.session.DefaultSessionIdManager - Session workerName=node0
[main] INFO org.eclipse.jetty.server.handler.ContextHandler - Started o.e.j.s.ServletContextHandler@502dc93a{/context,null,AVAILABLE}
[main] INFO org.eclipse.jetty.server.AbstractConnector - Started LocalConnector@12d33d7a{HTTP/1.1, (http/1.1)}
[main] INFO org.eclipse.jetty.server.Server - Started Server@163cd4a6{STARTING}[11.0.9,sto=0] @2921ms
[main] INFO org.eclipse.jetty.server.Server - Stopped Server@163cd4a6{STOPPING}[11.0.9,sto=0]
[main] INFO org.eclipse.jetty.server.AbstractConnector - Stopped LocalConnector@12d33d7a{HTTP/1.1, (http/1.1)}
[main] INFO org.eclipse.jetty.server.handler.ContextHandler - Stopped o.e.j.s.ServletContextHandler@502dc93a{/context,null,STOPPED}
[INFO] Tests run: 1, Failures: 0, Errors: 0, Skipped: 0, Time elapsed: 0.012 s - in io.dropwizard.metrics5.servlets.AdminServletTest
[INFO] Running io.dropwizard.metrics5.servlets.AdminServletExclusionTest
[main] INFO org.eclipse.jetty.server.Server - jetty-11.0.9; built: 2022-03-30T17:44:47.085Z; git: 243a48a658a183130a8c8de353178d154ca04f04; jvm 11.0.17+8-post-Ubuntu-1ubuntu218.04
[main] INFO org.eclipse.jetty.server.session.DefaultSessionIdManager - Session workerName=node0
[main] INFO org.eclipse.jetty.server.handler.ContextHandler - Started o.e.j.s.ServletContextHandler@335cbcbd{/context,null,AVAILABLE}
[main] INFO org.eclipse.jetty.server.AbstractConnector - Started LocalConnector@31f96cf{HTTP/1.1, (http/1.1)}
[main] INFO org.eclipse.jetty.server.Server - Started Server@17a89cb1{STARTING}[11.0.9,sto=0] @2946ms
[main] INFO org.eclipse.jetty.server.Server - Stopped Server@17a89cb1{STOPPING}[11.0.9,sto=0]
[main] INFO org.eclipse.jetty.server.AbstractConnector - Stopped LocalConnector@31f96cf{HTTP/1.1, (http/1.1)}
[main] INFO org.eclipse.jetty.server.handler.ContextHandler - Stopped o.e.j.s.ServletContextHandler@335cbcbd{/context,null,STOPPED}
[INFO] Tests run: 1, Failures: 0, Errors: 0, Skipped: 0, Time elapsed: 0.024 s - in io.dropwizard.metrics5.servlets.AdminServletExclusionTest
[INFO] Running io.dropwizard.metrics5.servlets.MetricsServletContextListenerTest
[main] INFO org.eclipse.jetty.server.Server - jetty-11.0.9; built: 2022-03-30T17:44:47.085Z; git: 243a48a658a183130a8c8de353178d154ca04f04; jvm 11.0.17+8-post-Ubuntu-1ubuntu218.04
[main] INFO org.eclipse.jetty.server.session.DefaultSessionIdManager - Session workerName=node0
[main] INFO org.eclipse.jetty.server.handler.ContextHandler - Started o.e.j.s.ServletContextHandler@7a80ebcd{/,null,AVAILABLE}
[main] INFO org.eclipse.jetty.server.AbstractConnector - Started LocalConnector@54ee423f{HTTP/1.1, (http/1.1)}
[main] INFO org.eclipse.jetty.server.Server - Started Server@ab11e76{STARTING}[11.0.9,sto=0] @2959ms
[main] INFO org.eclipse.jetty.server.Server - Stopped Server@ab11e76{STOPPING}[11.0.9,sto=0]
[main] INFO org.eclipse.jetty.server.AbstractConnector - Stopped LocalConnector@54ee423f{HTTP/1.1, (http/1.1)}
[main] INFO org.eclipse.jetty.server.handler.ContextHandler - Stopped o.e.j.s.ServletContextHandler@7a80ebcd{/,null,STOPPED}
[main] INFO org.eclipse.jetty.server.Server - jetty-11.0.9; built: 2022-03-30T17:44:47.085Z; git: 243a48a658a183130a8c8de353178d154ca04f04; jvm 11.0.17+8-post-Ubuntu-1ubuntu218.04
[main] INFO org.eclipse.jetty.server.session.DefaultSessionIdManager - Session workerName=node0
[main] INFO org.eclipse.jetty.server.handler.ContextHandler - Started o.e.j.s.ServletContextHandler@78762e87{/,null,AVAILABLE}
[main] INFO org.eclipse.jetty.server.AbstractConnector - Started LocalConnector@7441edeb{HTTP/1.1, (http/1.1)}
[main] INFO org.eclipse.jetty.server.Server - Started Server@4446e1d9{STARTING}[11.0.9,sto=0] @2974ms
[main] INFO org.eclipse.jetty.server.Server - Stopped Server@4446e1d9{STOPPING}[11.0.9,sto=0]
[main] INFO org.eclipse.jetty.server.AbstractConnector - Stopped LocalConnector@7441edeb{HTTP/1.1, (http/1.1)}
[main] INFO org.eclipse.jetty.server.handler.ContextHandler - Stopped o.e.j.s.ServletContextHandler@78762e87{/,null,STOPPED}
[INFO] Tests run: 2, Failures: 0, Errors: 0, Skipped: 0, Time elapsed: 0.032 s - in io.dropwizard.metrics5.servlets.MetricsServletContextListenerTest
[INFO] Running io.dropwizard.metrics5.servlets.CpuProfileServletTest
[main] INFO org.eclipse.jetty.server.Server - jetty-11.0.9; built: 2022-03-30T17:44:47.085Z; git: 243a48a658a183130a8c8de353178d154ca04f04; jvm 11.0.17+8-post-Ubuntu-1ubuntu218.04
[main] INFO org.eclipse.jetty.server.session.DefaultSessionIdManager - Session workerName=node0
[main] INFO org.eclipse.jetty.server.handler.ContextHandler - Started o.e.j.s.ServletContextHandler@7843b65e{/,null,AVAILABLE}
[main] INFO org.eclipse.jetty.server.AbstractConnector - Started LocalConnector@7a2b3cfd{HTTP/1.1, (http/1.1)}
[main] INFO org.eclipse.jetty.server.Server - Started Server@7bf3bf2e{STARTING}[11.0.9,sto=0] @2999ms
[main] INFO org.eclipse.jetty.server.Server - Stopped Server@7bf3bf2e{STOPPING}[11.0.9,sto=0]
[main] INFO org.eclipse.jetty.server.AbstractConnector - Stopped LocalConnector@7a2b3cfd{HTTP/1.1, (http/1.1)}
[main] INFO org.eclipse.jetty.server.handler.ContextHandler - Stopped o.e.j.s.ServletContextHandler@7843b65e{/,null,STOPPED}
[main] INFO org.eclipse.jetty.server.Server - jetty-11.0.9; built: 2022-03-30T17:44:47.085Z; git: 243a48a658a183130a8c8de353178d154ca04f04; jvm 11.0.17+8-post-Ubuntu-1ubuntu218.04
[main] INFO org.eclipse.jetty.server.session.DefaultSessionIdManager - Session workerName=node0
[main] INFO org.eclipse.jetty.server.handler.ContextHandler - Started o.e.j.s.ServletContextHandler@15ff247b{/,null,AVAILABLE}
[main] INFO org.eclipse.jetty.server.AbstractConnector - Started LocalConnector@6ade4ac6{HTTP/1.1, (http/1.1)}
[main] INFO org.eclipse.jetty.server.Server - Started Server@6f404bc6{STARTING}[11.0.9,sto=0] @4012ms
[main] INFO org.eclipse.jetty.server.Server - Stopped Server@6f404bc6{STOPPING}[11.0.9,sto=0]
[main] INFO org.eclipse.jetty.server.AbstractConnector - Stopped LocalConnector@6ade4ac6{HTTP/1.1, (http/1.1)}
[main] INFO org.eclipse.jetty.server.handler.ContextHandler - Stopped o.e.j.s.ServletContextHandler@15ff247b{/,null,STOPPED}
[main] INFO org.eclipse.jetty.server.Server - jetty-11.0.9; built: 2022-03-30T17:44:47.085Z; git: 243a48a658a183130a8c8de353178d154ca04f04; jvm 11.0.17+8-post-Ubuntu-1ubuntu218.04
[main] INFO org.eclipse.jetty.server.session.DefaultSessionIdManager - Session workerName=node0
[main] INFO org.eclipse.jetty.server.handler.ContextHandler - Started o.e.j.s.ServletContextHandler@5e2ab1c{/,null,AVAILABLE}
[main] INFO org.eclipse.jetty.server.AbstractConnector - Started LocalConnector@56c26b21{HTTP/1.1, (http/1.1)}
[main] INFO org.eclipse.jetty.server.Server - Started Server@541c76fd{STARTING}[11.0.9,sto=0] @5031ms
[main] INFO org.eclipse.jetty.server.Server - Stopped Server@541c76fd{STOPPING}[11.0.9,sto=0]
[main] INFO org.eclipse.jetty.server.AbstractConnector - Stopped LocalConnector@56c26b21{HTTP/1.1, (http/1.1)}
[main] INFO org.eclipse.jetty.server.handler.ContextHandler - Stopped o.e.j.s.ServletContextHandler@5e2ab1c{/,null,STOPPED}
[INFO] Tests run: 3, Failures: 0, Errors: 0, Skipped: 0, Time elapsed: 3.062 s - in io.dropwizard.metrics5.servlets.CpuProfileServletTest
[INFO] 
[INFO] Results:
[INFO] 
[INFO] Tests run: 33, Failures: 0, Errors: 0, Skipped: 0
[INFO] 
[INFO] 
[INFO] ---------------< io.dropwizard.metrics5:metrics-jcache >----------------
[INFO] Building Metrics5 Integration for JCache 5.0.0-rc12-SNAPSHOT     [22/36]
[INFO] -------------------------------[ bundle ]-------------------------------
[INFO] 
[INFO] --- maven-clean-plugin:2.5:clean (default-clean) @ metrics-jcache ---
[INFO] Deleting /home/gabsko/breaking-updates/metrics-jcache/target
[INFO] 
[INFO] --- maven-enforcer-plugin:1.4.1:enforce (enforce) @ metrics-jcache ---
[INFO] 
[INFO] --- jacoco-maven-plugin:0.8.8:prepare-agent (prepare-agent) @ metrics-jcache ---
[INFO] argLine set to -javaagent:/home/gabsko/.m2/repository/org/jacoco/org.jacoco.agent/0.8.8/org.jacoco.agent-0.8.8-runtime.jar=destfile=/home/gabsko/breaking-updates/metrics-jcache/target/jacoco.exec
[INFO] 
[INFO] --- maven-resources-plugin:3.3.0:resources (default-resources) @ metrics-jcache ---
[INFO] skip non existing resourceDirectory /home/gabsko/breaking-updates/metrics-jcache/src/main/resources
[INFO] 
[INFO] --- maven-compiler-plugin:3.10.1:compile (default-compile) @ metrics-jcache ---
[INFO] Changes detected - recompiling the module!
[INFO] Compiling 1 source file to /home/gabsko/breaking-updates/metrics-jcache/target/classes
[WARNING] [options] bootstrap class path not set in conjunction with -source 8
[INFO] 
[INFO] --- maven-resources-plugin:3.3.0:testResources (default-testResources) @ metrics-jcache ---
[INFO] Copying 1 resource
[INFO] 
[INFO] --- maven-compiler-plugin:3.10.1:testCompile (default-testCompile) @ metrics-jcache ---
[INFO] Changes detected - recompiling the module!
[INFO] Compiling 1 source file to /home/gabsko/breaking-updates/metrics-jcache/target/test-classes
[WARNING] [options] bootstrap class path not set in conjunction with -source 8
[WARNING] /home/gabsko/breaking-updates/metrics-jcache/src/test/java/JCacheGaugeSetTest.java:[1] [DefaultPackage] Java classes shouldn't use default package
    (see https://errorprone.info/bugpattern/DefaultPackage)
[INFO] 
[INFO] --- maven-surefire-plugin:2.22.2:test (default-test) @ metrics-jcache ---
[INFO] 
[INFO] -------------------------------------------------------
[INFO]  T E S T S
[INFO] -------------------------------------------------------
[INFO] Running JCacheGaugeSetTest
[ERROR] Tests run: 2, Failures: 0, Errors: 2, Skipped: 0, Time elapsed: 0.149 s <<< FAILURE! - in JCacheGaugeSetTest
[ERROR] measuresGauges(JCacheGaugeSetTest)  Time elapsed: 0.096 s  <<< ERROR!
javax.cache.CacheException: org.ehcache.xml.exceptions.XmlConfigurationException: Error parsing XML configuration at file:/home/gabsko/breaking-updates/metrics-jcache/target/test-classes/ehcache.xml
	at JCacheGaugeSetTest.setUp(JCacheGaugeSetTest.java:26)
Caused by: org.ehcache.xml.exceptions.XmlConfigurationException: Error parsing XML configuration at file:/home/gabsko/breaking-updates/metrics-jcache/target/test-classes/ehcache.xml
	at JCacheGaugeSetTest.setUp(JCacheGaugeSetTest.java:26)
Caused by: javax.xml.bind.JAXBException: Implementation of JAXB-API has not been found on module path or classpath.
	at JCacheGaugeSetTest.setUp(JCacheGaugeSetTest.java:26)
Caused by: java.lang.ClassNotFoundException: com.sun.xml.internal.bind.v2.ContextFactory
	at JCacheGaugeSetTest.setUp(JCacheGaugeSetTest.java:26)

[ERROR] measuresGauges(JCacheGaugeSetTest)  Time elapsed: 0.096 s  <<< ERROR!
java.lang.NullPointerException
	at JCacheGaugeSetTest.tearDown(JCacheGaugeSetTest.java:84)

[INFO] 
[INFO] Results:
[INFO] 
[ERROR] Errors: 
[ERROR] JCacheGaugeSetTest.measuresGauges(JCacheGaugeSetTest)
[ERROR]   Run 1: JCacheGaugeSetTest.setUp:26 » Cache org.ehcache.xml.exceptions.XmlConfiguratio...
[ERROR]   Run 2: JCacheGaugeSetTest.tearDown:84 NullPointer
[INFO] 
[INFO] 
[ERROR] Tests run: 1, Failures: 0, Errors: 1, Skipped: 0
[INFO] 
[INFO] ------------------------------------------------------------------------
[INFO] Reactor Summary for Metrics5 Parent 5.0.0-rc12-SNAPSHOT:
[INFO] 
[INFO] Metrics5 Parent .................................... SUCCESS [  0.270 s]
[INFO] Metrics5 Documentation ............................. SUCCESS [  0.504 s]
[INFO] Metrics5 BOM ....................................... SUCCESS [  0.004 s]
[INFO] Annotations for Metrics5 ........................... SUCCESS [  1.296 s]
[INFO] Metrics5 Core ...................................... SUCCESS [ 25.458 s]
[INFO] Benchmarks for Metrics5 ............................ SUCCESS [  1.022 s]
[INFO] Metrics5 Integration for Caffeine 2.x .............. SUCCESS [  2.317 s]
[INFO] Metrics5 Integration for Caffeine 3.x .............. SUCCESS [  2.187 s]
[INFO] Metrics5 Integration for Collectd .................. SUCCESS [  5.987 s]
[INFO] Metrics5 Integration for Ehcache ................... SUCCESS [  2.633 s]
[INFO] Graphite Integration for Metrics5 .................. SUCCESS [  8.220 s]
[INFO] InfluxDB integration for Metrics5 .................. SUCCESS [  4.011 s]
[INFO] JVM Integration for Metrics5 ....................... SUCCESS [  4.373 s]
[INFO] Metrics5 Health Checks ............................. SUCCESS [  4.252 s]
[INFO] Metrics5 Integration for Apache HttpClient ......... SUCCESS [  4.074 s]
[INFO] Metrics5 Integration for Apache HttpClient 5.x ..... SUCCESS [  4.817 s]
[INFO] Metrics5 Integration for Apache HttpAsyncClient .... SUCCESS [  3.785 s]
[INFO] Metrics5 Integration for Jakarta Servlets .......... SUCCESS [  3.015 s]
[INFO] Jackson Integration for Metrics5 ................... SUCCESS [  3.858 s]
[INFO] Metrics Integration for Jetty 11.x and higher ...... SUCCESS [  5.128 s]
[INFO] Metrics5 Utility Jakarta Servlets .................. SUCCESS [  8.760 s]
[INFO] Metrics5 Integration for JCache .................... FAILURE [  2.279 s]
[INFO] Metrics5 Integration for JDBI ...................... SKIPPED
[INFO] Metrics5 Integration for JDBI3 ..................... SKIPPED
[INFO] Metrics5 Integration for Jersey 2.x ................ SKIPPED
[INFO] Metrics Integration for Jersey 3.x ................. SKIPPED
[INFO] Metrics5 Integration for Jetty 9.3 and higher ...... SKIPPED
[INFO] Metrics Integration for Jetty 10.x and higher ...... SKIPPED
[INFO] Metrics5 Integration for Log4j 2.x ................. SKIPPED
[INFO] Metrics5 Integration for Logback ................... SKIPPED
[INFO] Metrics5 Integration for Servlets .................. SKIPPED
[INFO] Metrics5 Utility Servlets .......................... SKIPPED
[INFO] Metrics5 JCStress tests ............................ SKIPPED
[INFO] Metrics5 Integration with JMX ...................... SKIPPED
[INFO] Metrics5 Adapter to Metrics 3/4 API ................ SKIPPED
[INFO] Metrics5 Health Checks Adapter to Metrics 3/4 API .. SKIPPED
[INFO] ------------------------------------------------------------------------
[INFO] BUILD FAILURE
[INFO] ------------------------------------------------------------------------
[INFO] Total time:  01:39 min
[INFO] Finished at: 2023-02-01T17:42:00Z
[INFO] ------------------------------------------------------------------------
[ERROR] Failed to execute goal org.apache.maven.plugins:maven-surefire-plugin:2.22.2:test (default-test) on project metrics-jcache: There are test failures.
[ERROR] 
[ERROR] Please refer to /home/gabsko/breaking-updates/metrics-jcache/target/surefire-reports for the individual test results.
[ERROR] Please refer to dump files (if any exist) [date].dump, [date]-jvmRun[N].dump and [date].dumpstream.
[ERROR] -> [Help 1]
[ERROR] 
[ERROR] To see the full stack trace of the errors, re-run Maven with the -e switch.
[ERROR] Re-run Maven using the -X switch to enable full debug logging.
[ERROR] 
[ERROR] For more information about the errors and possible solutions, please read the following articles:
[ERROR] [Help 1] http://cwiki.apache.org/confluence/display/MAVEN/MojoFailureException
[ERROR] 
[ERROR] After correcting the problems, you can resume the build with the command
[ERROR]   mvn <args> -rf :metrics-jcache
