[INFO] Scanning for projects...
[WARNING] 
[WARNING] Some problems were encountered while building the effective model for io.dropwizard.metrics5:metrics-bom:pom:5.0.0-rc5-SNAPSHOT
[WARNING] 'dependencyManagement.dependencies.dependency.(groupId:artifactId:type:classifier)' must be unique: io.dropwizard.metrics5:metrics-log4j2:jar -> duplicate declaration of version ${project.version} @ line 138, column 25
[WARNING] 
[WARNING] It is highly recommended to fix these problems because they threaten the stability of your build.
[WARNING] 
[WARNING] For this reason, future Maven versions might no longer support building such malformed projects.
[WARNING] 
[INFO] ------------------------------------------------------------------------
[INFO] Reactor Build Order:
[INFO] 
[INFO] Metrics5 Parent                                                    [pom]
[INFO] Metrics5 Documentation                                             [jar]
[INFO] Metrics5 BOM                                                       [pom]
[INFO] Annotations for Metrics5                                        [bundle]
[INFO] Metrics5 Core                                                   [bundle]
[INFO] Benchmarks for Metrics5                                            [jar]
[INFO] Metrics5 Integration for Caffeine 2.x                           [bundle]
[INFO] Metrics5 Integration for Caffeine 3.x                           [bundle]
[INFO] Metrics5 Integration for Collectd                               [bundle]
[INFO] Metrics5 Integration for Ehcache                                [bundle]
[INFO] Graphite Integration for Metrics5                               [bundle]
[INFO] InfluxDB integration for Metrics5                               [bundle]
[INFO] JVM Integration for Metrics5                                    [bundle]
[INFO] Metrics5 Health Checks                                          [bundle]
[INFO] Metrics5 Integration for Apache HttpClient                      [bundle]
[INFO] Metrics5 Integration for Apache HttpClient 5.x                  [bundle]
[INFO] Metrics5 Integration for Apache HttpAsyncClient                 [bundle]
[INFO] Metrics5 Integration for Jakarta Servlets                       [bundle]
[INFO] Jackson Integration for Metrics5                                [bundle]
[INFO] Metrics Integration for Jetty 11.x and higher                   [bundle]
[INFO] Metrics5 Utility Jakarta Servlets                               [bundle]
[INFO] Metrics5 Integration for JCache                                 [bundle]
[INFO] Metrics5 Integration for JDBI                                   [bundle]
[INFO] Metrics5 Integration for JDBI3                                  [bundle]
[INFO] Metrics5 Integration for Jersey 2.x                             [bundle]
[INFO] Metrics Integration for Jersey 3.x                              [bundle]
[INFO] Metrics5 Integration for Jetty 9.3 and higher                   [bundle]
[INFO] Metrics Integration for Jetty 10.x and higher                   [bundle]
[INFO] Metrics5 Integration for Log4j 2.x                              [bundle]
[INFO] Metrics5 Integration for Logback                                [bundle]
[INFO] Metrics5 Integration for Servlets                               [bundle]
[INFO] Metrics5 Utility Servlets                                       [bundle]
[INFO] Metrics5 JCStress tests                                            [jar]
[INFO] Metrics5 Integration with JMX                                   [bundle]
[INFO] Metrics5 Adapter to Metrics 3/4 API                                [jar]
[INFO] Metrics5 Health Checks Adapter to Metrics 3/4 API                  [jar]
[INFO] 
[INFO] ---------------< io.dropwizard.metrics5:metrics-parent >----------------
[INFO] Building Metrics5 Parent 5.0.0-rc5-SNAPSHOT                       [1/36]
[INFO] --------------------------------[ pom ]---------------------------------
[INFO] 
[INFO] --- maven-clean-plugin:2.5:clean (default-clean) @ metrics-parent ---
[INFO] 
[INFO] --- maven-enforcer-plugin:1.4.1:enforce (enforce) @ metrics-parent ---
[INFO] 
[INFO] --- jacoco-maven-plugin:0.8.6:prepare-agent (prepare-agent) @ metrics-parent ---
[INFO] argLine set to -javaagent:/home/gabsko/.m2/repository/org/jacoco/org.jacoco.agent/0.8.6/org.jacoco.agent-0.8.6-runtime.jar=destfile=/home/gabsko/breaking-updates/target/jacoco.exec
[INFO] 
[INFO] --------------------< io.dropwizard.metrics5:docs >---------------------
[INFO] Building Metrics5 Documentation 5.0.0-rc5-SNAPSHOT                [2/36]
[INFO] --------------------------------[ jar ]---------------------------------
[INFO] 
[INFO] --- maven-clean-plugin:2.5:clean (default-clean) @ docs ---
[INFO] Deleting /home/gabsko/breaking-updates/docs/target
[INFO] 
[INFO] --- maven-enforcer-plugin:1.4.1:enforce (enforce) @ docs ---
[INFO] 
[INFO] --- jacoco-maven-plugin:0.8.6:prepare-agent (prepare-agent) @ docs ---
[INFO] argLine set to -javaagent:/home/gabsko/.m2/repository/org/jacoco/org.jacoco.agent/0.8.6/org.jacoco.agent-0.8.6-runtime.jar=destfile=/home/gabsko/breaking-updates/docs/target/jacoco.exec
[INFO] 
[INFO] --- build-helper-maven-plugin:3.2.0:parse-version (parse-version) @ docs ---
[INFO] 
[INFO] --- maven-resources-plugin:3.2.0:resources (process-resources) @ docs ---
[INFO] Using 'UTF-8' encoding to copy filtered resources.
[INFO] Using 'UTF-8' encoding to copy filtered properties files.
[INFO] Copying 72 resources
[INFO] 
[INFO] --- maven-resources-plugin:3.2.0:resources (default-resources) @ docs ---
[INFO] Using 'UTF-8' encoding to copy filtered resources.
[INFO] Using 'UTF-8' encoding to copy filtered properties files.
[INFO] Copying 72 resources
[INFO] 
[INFO] --- maven-compiler-plugin:3.8.1:compile (default-compile) @ docs ---
[INFO] No sources to compile
[INFO] 
[INFO] --- maven-resources-plugin:3.2.0:testResources (default-testResources) @ docs ---
[INFO] Using 'UTF-8' encoding to copy filtered resources.
[INFO] Using 'UTF-8' encoding to copy filtered properties files.
[INFO] skip non existing resourceDirectory /home/gabsko/breaking-updates/docs/src/test/resources
[INFO] 
[INFO] --- maven-compiler-plugin:3.8.1:testCompile (default-testCompile) @ docs ---
[INFO] No sources to compile
[INFO] 
[INFO] --- maven-surefire-plugin:2.22.2:test (default-test) @ docs ---
[INFO] No tests to run.
[INFO] 
[INFO] -----------------< io.dropwizard.metrics5:metrics-bom >-----------------
[INFO] Building Metrics5 BOM 5.0.0-rc5-SNAPSHOT                          [3/36]
[INFO] --------------------------------[ pom ]---------------------------------
[INFO] 
[INFO] --- maven-clean-plugin:2.5:clean (default-clean) @ metrics-bom ---
[INFO] 
[INFO] --- maven-enforcer-plugin:1.4.1:enforce (enforce) @ metrics-bom ---
[INFO] 
[INFO] --- jacoco-maven-plugin:0.8.6:prepare-agent (prepare-agent) @ metrics-bom ---
[INFO] argLine set to -javaagent:/home/gabsko/.m2/repository/org/jacoco/org.jacoco.agent/0.8.6/org.jacoco.agent-0.8.6-runtime.jar=destfile=/home/gabsko/breaking-updates/metrics-bom/target/jacoco.exec
[INFO] 
[INFO] -------------< io.dropwizard.metrics5:metrics-annotation >--------------
[INFO] Building Annotations for Metrics5 5.0.0-rc5-SNAPSHOT              [4/36]
[INFO] -------------------------------[ bundle ]-------------------------------
[INFO] 
[INFO] --- maven-clean-plugin:2.5:clean (default-clean) @ metrics-annotation ---
[INFO] Deleting /home/gabsko/breaking-updates/metrics-annotation/target
[INFO] 
[INFO] --- maven-enforcer-plugin:1.4.1:enforce (enforce) @ metrics-annotation ---
[INFO] 
[INFO] --- jacoco-maven-plugin:0.8.6:prepare-agent (prepare-agent) @ metrics-annotation ---
[INFO] argLine set to -javaagent:/home/gabsko/.m2/repository/org/jacoco/org.jacoco.agent/0.8.6/org.jacoco.agent-0.8.6-runtime.jar=destfile=/home/gabsko/breaking-updates/metrics-annotation/target/jacoco.exec
[INFO] 
[INFO] --- maven-resources-plugin:3.3.0:resources (default-resources) @ metrics-annotation ---
[INFO] skip non existing resourceDirectory /home/gabsko/breaking-updates/metrics-annotation/src/main/resources
[INFO] 
[INFO] --- maven-compiler-plugin:3.8.1:compile (default-compile) @ metrics-annotation ---
[INFO] Changes detected - recompiling the module!
[INFO] Compiling 8 source files to /home/gabsko/breaking-updates/metrics-annotation/target/classes
[WARNING] [options] bootstrap class path not set in conjunction with -source 8
[WARNING] /home/gabsko/breaking-updates/metrics-annotation/src/main/java/io/dropwizard/metrics5/annotation/CachedGauge.java:[33,7] [MissingSummary] A summary fragment is required; consider using the value of the @return block as a summary fragment instead.
    (see https://google.github.io/styleguide/javaguide.html#s7.2-summary-fragment)
  Did you mean '*Returns the name of the counter.'?
[WARNING] /home/gabsko/breaking-updates/metrics-annotation/src/main/java/io/dropwizard/metrics5/annotation/CachedGauge.java:[38,7] [MissingSummary] A summary fragment is required; consider using the value of the @return block as a summary fragment instead.
    (see https://google.github.io/styleguide/javaguide.html#s7.2-summary-fragment)
  Did you mean '*Returns if {@code true}, use the given name as an absolute name. If {@code false}, use the given name'?
[WARNING] /home/gabsko/breaking-updates/metrics-annotation/src/main/java/io/dropwizard/metrics5/annotation/CachedGauge.java:[44,7] [MissingSummary] A summary fragment is required; consider using the value of the @return block as a summary fragment instead.
    (see https://google.github.io/styleguide/javaguide.html#s7.2-summary-fragment)
  Did you mean '*Returns the amount of time to cache the result.'?
[WARNING] /home/gabsko/breaking-updates/metrics-annotation/src/main/java/io/dropwizard/metrics5/annotation/CachedGauge.java:[49,7] [MissingSummary] A summary fragment is required; consider using the value of the @return block as a summary fragment instead.
    (see https://google.github.io/styleguide/javaguide.html#s7.2-summary-fragment)
  Did you mean '*Returns the unit of timeout.'?
[WARNING] /home/gabsko/breaking-updates/metrics-annotation/src/main/java/io/dropwizard/metrics5/annotation/Metered.java:[30,7] [MissingSummary] A summary fragment is required; consider using the value of the @return block as a summary fragment instead.
    (see https://google.github.io/styleguide/javaguide.html#s7.2-summary-fragment)
  Did you mean '*Returns the name of the meter.'?
[WARNING] /home/gabsko/breaking-updates/metrics-annotation/src/main/java/io/dropwizard/metrics5/annotation/Metered.java:[35,7] [MissingSummary] A summary fragment is required; consider using the value of the @return block as a summary fragment instead.
    (see https://google.github.io/styleguide/javaguide.html#s7.2-summary-fragment)
  Did you mean '*Returns if {@code true}, use the given name as an absolute name. If {@code false}, use the given name'?
[WARNING] /home/gabsko/breaking-updates/metrics-annotation/src/main/java/io/dropwizard/metrics5/annotation/Counted.java:[34,7] [MissingSummary] A summary fragment is required; consider using the value of the @return block as a summary fragment instead.
    (see https://google.github.io/styleguide/javaguide.html#s7.2-summary-fragment)
  Did you mean '*Returns the name of the counter.'?
[WARNING] /home/gabsko/breaking-updates/metrics-annotation/src/main/java/io/dropwizard/metrics5/annotation/Counted.java:[39,7] [MissingSummary] A summary fragment is required; consider using the value of the @return block as a summary fragment instead.
    (see https://google.github.io/styleguide/javaguide.html#s7.2-summary-fragment)
  Did you mean '*Returns if {@code true}, use the given name as an absolute name. If {@code false}, use the given name'?
[WARNING] /home/gabsko/breaking-updates/metrics-annotation/src/main/java/io/dropwizard/metrics5/annotation/Counted.java:[45,7] [MissingSummary] A summary fragment is required; consider using the value of the @return block as a summary fragment instead.
    (see https://google.github.io/styleguide/javaguide.html#s7.2-summary-fragment)
  Did you mean '*Returns if {@code false} (default), the counter is decremented when the annotated'?
[WARNING] /home/gabsko/breaking-updates/metrics-annotation/src/main/java/io/dropwizard/metrics5/annotation/Metric.java:[38,7] [MissingSummary] A summary fragment is required; consider using the value of the @return block as a summary fragment instead.
    (see https://google.github.io/styleguide/javaguide.html#s7.2-summary-fragment)
  Did you mean '*Returns the name of the metric.'?
[WARNING] /home/gabsko/breaking-updates/metrics-annotation/src/main/java/io/dropwizard/metrics5/annotation/Metric.java:[43,7] [MissingSummary] A summary fragment is required; consider using the value of the @return block as a summary fragment instead.
    (see https://google.github.io/styleguide/javaguide.html#s7.2-summary-fragment)
  Did you mean '*Returns if {@code true}, use the given name as an absolute name. If {@code false},'?
[WARNING] /home/gabsko/breaking-updates/metrics-annotation/src/main/java/io/dropwizard/metrics5/annotation/Gauge.java:[26,7] [MissingSummary] A summary fragment is required; consider using the value of the @return block as a summary fragment instead.
    (see https://google.github.io/styleguide/javaguide.html#s7.2-summary-fragment)
  Did you mean '*Returns the gauge's name.'?
[WARNING] /home/gabsko/breaking-updates/metrics-annotation/src/main/java/io/dropwizard/metrics5/annotation/Gauge.java:[31,7] [MissingSummary] A summary fragment is required; consider using the value of the @return block as a summary fragment instead.
    (see https://google.github.io/styleguide/javaguide.html#s7.2-summary-fragment)
  Did you mean '*Returns if {@code true}, use the given name as an absolute name. If {@code false}, use the given name'?
[WARNING] /home/gabsko/breaking-updates/metrics-annotation/src/main/java/io/dropwizard/metrics5/annotation/ExceptionMetered.java:[50,7] [MissingSummary] A summary fragment is required; consider using the value of the @return block as a summary fragment instead.
    (see https://google.github.io/styleguide/javaguide.html#s7.2-summary-fragment)
  Did you mean '*Returns the name of the meter. If not specified, the meter will be given a name based on the method'?
[WARNING] /home/gabsko/breaking-updates/metrics-annotation/src/main/java/io/dropwizard/metrics5/annotation/ExceptionMetered.java:[56,7] [MissingSummary] A summary fragment is required; consider using the value of the @return block as a summary fragment instead.
    (see https://google.github.io/styleguide/javaguide.html#s7.2-summary-fragment)
  Did you mean '*Returns if {@code true}, use the given name as an absolute name. If {@code false}, use the given name'?
[WARNING] /home/gabsko/breaking-updates/metrics-annotation/src/main/java/io/dropwizard/metrics5/annotation/ExceptionMetered.java:[62,7] [MissingSummary] A summary fragment is required; consider using the value of the @return block as a summary fragment instead.
    (see https://google.github.io/styleguide/javaguide.html#s7.2-summary-fragment)
  Did you mean '*Returns the type of exceptions that the meter will catch and count.'?
[WARNING] /home/gabsko/breaking-updates/metrics-annotation/src/main/java/io/dropwizard/metrics5/annotation/Timed.java:[30,7] [MissingSummary] A summary fragment is required; consider using the value of the @return block as a summary fragment instead.
    (see https://google.github.io/styleguide/javaguide.html#s7.2-summary-fragment)
  Did you mean '*Returns the name of the timer.'?
[WARNING] /home/gabsko/breaking-updates/metrics-annotation/src/main/java/io/dropwizard/metrics5/annotation/Timed.java:[35,7] [MissingSummary] A summary fragment is required; consider using the value of the @return block as a summary fragment instead.
    (see https://google.github.io/styleguide/javaguide.html#s7.2-summary-fragment)
  Did you mean '*Returns if {@code true}, use the given name as an absolute name. If {@code false}, use the given name'?
[WARNING] /home/gabsko/breaking-updates/metrics-annotation/src/main/java/io/dropwizard/metrics5/annotation/ResponseMetered.java:[30,7] [MissingSummary] A summary fragment is required; consider using the value of the @return block as a summary fragment instead.
    (see https://google.github.io/styleguide/javaguide.html#s7.2-summary-fragment)
  Did you mean '*Returns the name of the meter.'?
[WARNING] /home/gabsko/breaking-updates/metrics-annotation/src/main/java/io/dropwizard/metrics5/annotation/ResponseMetered.java:[35,7] [MissingSummary] A summary fragment is required; consider using the value of the @return block as a summary fragment instead.
    (see https://google.github.io/styleguide/javaguide.html#s7.2-summary-fragment)
  Did you mean '*Returns if {@code true}, use the given name as an absolute name. If {@code false}, use the given name'?
[INFO] 
[INFO] --- maven-resources-plugin:3.3.0:testResources (default-testResources) @ metrics-annotation ---
[INFO] skip non existing resourceDirectory /home/gabsko/breaking-updates/metrics-annotation/src/test/resources
[INFO] 
[INFO] --- maven-compiler-plugin:3.8.1:testCompile (default-testCompile) @ metrics-annotation ---
[INFO] No sources to compile
[INFO] 
[INFO] --- maven-surefire-plugin:2.22.2:test (default-test) @ metrics-annotation ---
[INFO] No tests to run.
[INFO] 
[INFO] ----------------< io.dropwizard.metrics5:metrics-core >-----------------
[INFO] Building Metrics5 Core 5.0.0-rc5-SNAPSHOT                         [5/36]
[INFO] -------------------------------[ bundle ]-------------------------------
[INFO] 
[INFO] --- maven-clean-plugin:2.5:clean (default-clean) @ metrics-core ---
[INFO] Deleting /home/gabsko/breaking-updates/metrics-core/target
[INFO] 
[INFO] --- maven-enforcer-plugin:1.4.1:enforce (enforce) @ metrics-core ---
[INFO] 
[INFO] --- jacoco-maven-plugin:0.8.6:prepare-agent (prepare-agent) @ metrics-core ---
[INFO] argLine set to -javaagent:/home/gabsko/.m2/repository/org/jacoco/org.jacoco.agent/0.8.6/org.jacoco.agent-0.8.6-runtime.jar=destfile=/home/gabsko/breaking-updates/metrics-core/target/jacoco.exec
[INFO] 
[INFO] --- maven-resources-plugin:3.3.0:resources (default-resources) @ metrics-core ---
[INFO] skip non existing resourceDirectory /home/gabsko/breaking-updates/metrics-core/src/main/resources
[INFO] 
[INFO] --- maven-compiler-plugin:3.8.1:compile (default-compile) @ metrics-core ---
[INFO] Changes detected - recompiling the module!
[INFO] Compiling 49 source files to /home/gabsko/breaking-updates/metrics-core/target/classes
[WARNING] [options] bootstrap class path not set in conjunction with -source 8
[WARNING] /home/gabsko/breaking-updates/metrics-core/src/main/java/io/dropwizard/metrics5/Slf4jReporter.java:[257,17] [BadImport] Importing nested classes/static methods/static fields with commonly-used names can make code harder to read, because it may not be clear from the context exactly which type is being referred to. Qualifying the name with that of the containing class can make the code clearer. Here we recommend using qualified class: Map.
    (see https://errorprone.info/bugpattern/BadImport)
  Did you mean 'for (Map.Entry<MetricName, Gauge<?>> entry : gauges.entrySet()) {'?
[WARNING] /home/gabsko/breaking-updates/metrics-core/src/main/java/io/dropwizard/metrics5/Slf4jReporter.java:[177,33] [InvalidInlineTag] Curly braces should be used for inline Javadoc tags: {@link ...}
    (see https://errorprone.info/bugpattern/InvalidInlineTag)
  Did you mean '* @param loggingLevel a {@link Slf4jReporter.LoggingLevel}'?
[WARNING] /home/gabsko/breaking-updates/metrics-core/src/main/java/io/dropwizard/metrics5/ScheduledReporter.java:[50,29] [ThreadPriorityCheck] Relying on the thread scheduler is discouraged.
    (see https://errorprone.info/bugpattern/ThreadPriorityCheck)
[WARNING] /home/gabsko/breaking-updates/metrics-core/src/main/java/io/dropwizard/metrics5/MovingAverages.java:[24,7] [EmptyBlockTag] A block tag (@param, @return, @throws, @deprecated) has an empty description. Block tags without descriptions don't add much value for future readers of the code; consider removing the tag entirely or adding a description.
    (see https://google.github.io/styleguide/javaguide.html#s7.1.3-javadoc-block-tags)
  Did you mean '*'?
[WARNING] /home/gabsko/breaking-updates/metrics-core/src/main/java/io/dropwizard/metrics5/ConsoleReporter.java:[231,50] [JavaUtilDate] Date has a bad API that leads to bugs; prefer java.time.Instant or LocalDate.
    (see https://errorprone.info/bugpattern/JavaUtilDate)
[WARNING] /home/gabsko/breaking-updates/metrics-core/src/main/java/io/dropwizard/metrics5/WeightedSnapshot.java:[81,20] [UnnecessaryParentheses] These grouping parentheses are unnecessary; it is unlikely the code will be misinterpreted without them
    (see https://errorprone.info/bugpattern/UnnecessaryParentheses)
  Did you mean 'posx = (-posx - 1) - 1;'?
[WARNING] /home/gabsko/breaking-updates/metrics-core/src/main/java/io/dropwizard/metrics5/InstrumentedExecutorService.java:[179,31] [try] auto-closeable resource durationContext is never referenced in body of corresponding try statement
[WARNING] /home/gabsko/breaking-updates/metrics-core/src/main/java/io/dropwizard/metrics5/InstrumentedExecutorService.java:[201,31] [try] auto-closeable resource context is never referenced in body of corresponding try statement
[WARNING] /home/gabsko/breaking-updates/metrics-core/src/main/java/io/dropwizard/metrics5/DefaultSettableGauge.java:[4,69] [InvalidLink] The reference `#setValue(T)` to a method doesn't resolve to anything. Is it misspelt, or is the parameter list not correct? See https://docs.oracle.com/javase/8/docs/technotes/tools/unix/javadoc.html#JSSOR654 for documentation on how to form method links.
    (see https://errorprone.info/bugpattern/InvalidLink)
[WARNING] /home/gabsko/breaking-updates/metrics-core/src/main/java/io/dropwizard/metrics5/SettableGauge.java:[5,69] [InvalidLink] The reference `#setValue(T)` to a method doesn't resolve to anything. Is it misspelt, or is the parameter list not correct? See https://docs.oracle.com/javase/8/docs/technotes/tools/unix/javadoc.html#JSSOR654 for documentation on how to form method links.
    (see https://errorprone.info/bugpattern/InvalidLink)
[WARNING] /home/gabsko/breaking-updates/metrics-core/src/main/java/io/dropwizard/metrics5/NoopMetricRegistry.java:[306,40] [UnusedVariable] The field 'INSTANCE' is never read.
    (see https://errorprone.info/bugpattern/UnusedVariable)
  Did you mean to remove this line or 'static { new NoopMetric(); }'?
[WARNING] /home/gabsko/breaking-updates/metrics-core/src/main/java/io/dropwizard/metrics5/NoopMetricRegistry.java:[26,7] [EmptyBlockTag] A block tag (@param, @return, @throws, @deprecated) has an empty description. Block tags without descriptions don't add much value for future readers of the code; consider removing the tag entirely or adding a description.
    (see https://google.github.io/styleguide/javaguide.html#s7.1.3-javadoc-block-tags)
  Did you mean '*'?
[WARNING] /home/gabsko/breaking-updates/metrics-core/src/main/java/io/dropwizard/metrics5/NoopMetricRegistry.java:[155,24] [MissingOverride] gauge overrides method in MetricRegistry; expected @Override
    (see https://errorprone.info/bugpattern/MissingOverride)
  Did you mean '@Override @SuppressWarnings({"rawtypes", "unchecked"})'?
[INFO] 
[INFO] --- maven-resources-plugin:3.3.0:testResources (default-testResources) @ metrics-core ---
[INFO] skip non existing resourceDirectory /home/gabsko/breaking-updates/metrics-core/src/test/resources
[INFO] 
[INFO] --- maven-compiler-plugin:3.8.1:testCompile (default-testCompile) @ metrics-core ---
[INFO] Changes detected - recompiling the module!
[INFO] Compiling 35 source files to /home/gabsko/breaking-updates/metrics-core/target/test-classes
[WARNING] [options] bootstrap class path not set in conjunction with -source 8
[WARNING] /home/gabsko/breaking-updates/metrics-core/src/test/java/io/dropwizard/metrics5/TimerTest.java:[140,8] [deprecation] verifyZeroInteractions(Object...) in Mockito has been deprecated
[WARNING] /home/gabsko/breaking-updates/metrics-core/src/test/java/io/dropwizard/metrics5/TimerTest.java:[158,8] [deprecation] verifyZeroInteractions(Object...) in Mockito has been deprecated
[WARNING] /home/gabsko/breaking-updates/metrics-core/src/test/java/io/dropwizard/metrics5/SharedMetricRegistriesTest.java:[14,58] [deprecation] none() in ExpectedException has been deprecated
[WARNING] /home/gabsko/breaking-updates/metrics-core/src/test/java/io/dropwizard/metrics5/MetricRegistryListenerTest.java:[30,8] [deprecation] verifyZeroInteractions(Object...) in Mockito has been deprecated
[WARNING] /home/gabsko/breaking-updates/metrics-core/src/test/java/io/dropwizard/metrics5/MetricRegistryListenerTest.java:[37,8] [deprecation] verifyZeroInteractions(Object...) in Mockito has been deprecated
[WARNING] /home/gabsko/breaking-updates/metrics-core/src/test/java/io/dropwizard/metrics5/MetricRegistryListenerTest.java:[44,8] [deprecation] verifyZeroInteractions(Object...) in Mockito has been deprecated
[WARNING] /home/gabsko/breaking-updates/metrics-core/src/test/java/io/dropwizard/metrics5/MetricRegistryListenerTest.java:[51,8] [deprecation] verifyZeroInteractions(Object...) in Mockito has been deprecated
[INFO] 
[INFO] --- maven-surefire-plugin:2.22.2:test (default-test) @ metrics-core ---
[INFO] 
[INFO] -------------------------------------------------------
[INFO]  T E S T S
[INFO] -------------------------------------------------------
[INFO] Running io.dropwizard.metrics5.RatioGaugeTest
[INFO] Tests run: 5, Failures: 0, Errors: 0, Skipped: 0, Time elapsed: 0.079 s - in io.dropwizard.metrics5.RatioGaugeTest
[INFO] Running io.dropwizard.metrics5.CachedGaugeTest
[INFO] Tests run: 4, Failures: 0, Errors: 0, Skipped: 0, Time elapsed: 10.172 s - in io.dropwizard.metrics5.CachedGaugeTest
[INFO] Running io.dropwizard.metrics5.MetricFilterTest
[INFO] Tests run: 4, Failures: 0, Errors: 0, Skipped: 0, Time elapsed: 0.275 s - in io.dropwizard.metrics5.MetricFilterTest
[INFO] Running io.dropwizard.metrics5.CounterTest
[INFO] Tests run: 7, Failures: 0, Errors: 0, Skipped: 0, Time elapsed: 0 s - in io.dropwizard.metrics5.CounterTest
[INFO] Running io.dropwizard.metrics5.ClockTest
[INFO] Tests run: 2, Failures: 0, Errors: 0, Skipped: 0, Time elapsed: 0 s - in io.dropwizard.metrics5.ClockTest
[INFO] Running io.dropwizard.metrics5.InstrumentedThreadFactoryTest
[INFO] Tests run: 1, Failures: 0, Errors: 0, Skipped: 0, Time elapsed: 0.004 s - in io.dropwizard.metrics5.InstrumentedThreadFactoryTest
[INFO] Running io.dropwizard.metrics5.UniformReservoirTest
[INFO] Tests run: 1, Failures: 0, Errors: 0, Skipped: 0, Time elapsed: 0.005 s - in io.dropwizard.metrics5.UniformReservoirTest
[INFO] Running io.dropwizard.metrics5.TimerTest
[INFO] Tests run: 11, Failures: 0, Errors: 0, Skipped: 0, Time elapsed: 0.068 s - in io.dropwizard.metrics5.TimerTest
[INFO] Running io.dropwizard.metrics5.ChunkedAssociativeLongArrayTest
[INFO] Tests run: 1, Failures: 0, Errors: 0, Skipped: 0, Time elapsed: 0.002 s - in io.dropwizard.metrics5.ChunkedAssociativeLongArrayTest
[INFO] Running io.dropwizard.metrics5.SlidingTimeWindowArrayReservoirTest
[INFO] Tests run: 4, Failures: 0, Errors: 0, Skipped: 0, Time elapsed: 0.636 s - in io.dropwizard.metrics5.SlidingTimeWindowArrayReservoirTest
[INFO] Running io.dropwizard.metrics5.MetricRegistryTest
[INFO] Tests run: 47, Failures: 0, Errors: 0, Skipped: 0, Time elapsed: 0.145 s - in io.dropwizard.metrics5.MetricRegistryTest
[INFO] Running io.dropwizard.metrics5.FixedNameCsvFileProviderTest
[INFO] Tests run: 2, Failures: 0, Errors: 0, Skipped: 0, Time elapsed: 0.011 s - in io.dropwizard.metrics5.FixedNameCsvFileProviderTest
[INFO] Running io.dropwizard.metrics5.MetricNameTest
[INFO] Tests run: 11, Failures: 0, Errors: 0, Skipped: 0, Time elapsed: 0.004 s - in io.dropwizard.metrics5.MetricNameTest
[INFO] Running io.dropwizard.metrics5.ScheduledReporterTest
[INFO] Tests run: 16, Failures: 0, Errors: 0, Skipped: 0, Time elapsed: 2.101 s - in io.dropwizard.metrics5.ScheduledReporterTest
[INFO] Running io.dropwizard.metrics5.SharedMetricRegistriesTest
[INFO] Tests run: 8, Failures: 0, Errors: 0, Skipped: 0, Time elapsed: 0.011 s - in io.dropwizard.metrics5.SharedMetricRegistriesTest
[INFO] Running io.dropwizard.metrics5.WeightedSnapshotTest
[INFO] Tests run: 27, Failures: 0, Errors: 0, Skipped: 0, Time elapsed: 0.058 s - in io.dropwizard.metrics5.WeightedSnapshotTest
[INFO] Running io.dropwizard.metrics5.SimpleSettableGaugeTest
[INFO] Tests run: 2, Failures: 0, Errors: 0, Skipped: 0, Time elapsed: 0.001 s - in io.dropwizard.metrics5.SimpleSettableGaugeTest
[INFO] Running io.dropwizard.metrics5.InstrumentedScheduledExecutorServiceTest
[INFO] Tests run: 6, Failures: 0, Errors: 0, Skipped: 0, Time elapsed: 0.632 s - in io.dropwizard.metrics5.InstrumentedScheduledExecutorServiceTest
[INFO] Running io.dropwizard.metrics5.MeterTest
[INFO] Tests run: 2, Failures: 0, Errors: 0, Skipped: 0, Time elapsed: 0.002 s - in io.dropwizard.metrics5.MeterTest
[INFO] Running io.dropwizard.metrics5.HistogramTest
[INFO] Tests run: 3, Failures: 0, Errors: 0, Skipped: 0, Time elapsed: 0.002 s - in io.dropwizard.metrics5.HistogramTest
[INFO] Running io.dropwizard.metrics5.MetricRegistryListenerTest
[INFO] Tests run: 6, Failures: 0, Errors: 0, Skipped: 0, Time elapsed: 0.002 s - in io.dropwizard.metrics5.MetricRegistryListenerTest
[INFO] Running io.dropwizard.metrics5.InstrumentedExecutorServiceTest
[INFO] Tests run: 2, Failures: 0, Errors: 0, Skipped: 0, Time elapsed: 0.006 s - in io.dropwizard.metrics5.InstrumentedExecutorServiceTest
[INFO] Running io.dropwizard.metrics5.EWMATest
[INFO] Tests run: 3, Failures: 0, Errors: 0, Skipped: 0, Time elapsed: 0.001 s - in io.dropwizard.metrics5.EWMATest
[INFO] Running io.dropwizard.metrics5.SlidingTimeWindowReservoirTest
[INFO] Tests run: 3, Failures: 0, Errors: 0, Skipped: 0, Time elapsed: 1.69 s - in io.dropwizard.metrics5.SlidingTimeWindowReservoirTest
[INFO] Running io.dropwizard.metrics5.MeterApproximationTest
[INFO] Tests run: 12, Failures: 0, Errors: 0, Skipped: 0, Time elapsed: 0.027 s - in io.dropwizard.metrics5.MeterApproximationTest
[INFO] Running io.dropwizard.metrics5.Slf4jReporterTest
[INFO] Tests run: 16, Failures: 0, Errors: 0, Skipped: 0, Time elapsed: 0.119 s - in io.dropwizard.metrics5.Slf4jReporterTest
[INFO] Running io.dropwizard.metrics5.ExponentiallyDecayingReservoirTest
[INFO] Tests run: 24, Failures: 0, Errors: 0, Skipped: 0, Time elapsed: 0.06 s - in io.dropwizard.metrics5.ExponentiallyDecayingReservoirTest
[INFO] Running io.dropwizard.metrics5.CsvReporterTest
[INFO] Tests run: 7, Failures: 0, Errors: 0, Skipped: 0, Time elapsed: 0.021 s - in io.dropwizard.metrics5.CsvReporterTest
[INFO] Running io.dropwizard.metrics5.SlidingWindowReservoirTest
[INFO] Tests run: 2, Failures: 0, Errors: 0, Skipped: 0, Time elapsed: 0 s - in io.dropwizard.metrics5.SlidingWindowReservoirTest
[INFO] Running io.dropwizard.metrics5.ConsoleReporterTest
[INFO] Tests run: 8, Failures: 0, Errors: 0, Skipped: 0, Time elapsed: 0.039 s - in io.dropwizard.metrics5.ConsoleReporterTest
[INFO] Running io.dropwizard.metrics5.NoopMetricRegistryTest
[INFO] Tests run: 39, Failures: 0, Errors: 0, Skipped: 0, Time elapsed: 0.009 s - in io.dropwizard.metrics5.NoopMetricRegistryTest
[INFO] Running io.dropwizard.metrics5.UniformSnapshotTest
[INFO] Tests run: 25, Failures: 0, Errors: 0, Skipped: 0, Time elapsed: 0.003 s - in io.dropwizard.metrics5.UniformSnapshotTest
[INFO] Running io.dropwizard.metrics5.SlidingTimeWindowMovingAveragesTest
[INFO] Tests run: 9, Failures: 0, Errors: 0, Skipped: 0, Time elapsed: 0.014 s - in io.dropwizard.metrics5.SlidingTimeWindowMovingAveragesTest
[INFO] Running io.dropwizard.metrics5.DerivativeGaugeTest
[INFO] Tests run: 1, Failures: 0, Errors: 0, Skipped: 0, Time elapsed: 0.001 s - in io.dropwizard.metrics5.DerivativeGaugeTest
[INFO] 
[INFO] Results:
[INFO] 
[INFO] Tests run: 321, Failures: 0, Errors: 0, Skipped: 0
[INFO] 
[INFO] 
[INFO] -------------< io.dropwizard.metrics5:metrics-benchmarks >--------------
[INFO] Building Benchmarks for Metrics5 5.0.0-rc5-SNAPSHOT               [6/36]
[INFO] --------------------------------[ jar ]---------------------------------
[INFO] 
[INFO] --- maven-clean-plugin:2.5:clean (default-clean) @ metrics-benchmarks ---
[INFO] Deleting /home/gabsko/breaking-updates/metrics-benchmarks/target
[INFO] 
[INFO] --- maven-enforcer-plugin:1.4.1:enforce (enforce) @ metrics-benchmarks ---
[INFO] 
[INFO] --- jacoco-maven-plugin:0.8.6:prepare-agent (prepare-agent) @ metrics-benchmarks ---
[INFO] argLine set to -javaagent:/home/gabsko/.m2/repository/org/jacoco/org.jacoco.agent/0.8.6/org.jacoco.agent-0.8.6-runtime.jar=destfile=/home/gabsko/breaking-updates/metrics-benchmarks/target/jacoco.exec
[INFO] 
[INFO] --- maven-resources-plugin:2.6:resources (default-resources) @ metrics-benchmarks ---
[INFO] Using 'UTF-8' encoding to copy filtered resources.
[INFO] skip non existing resourceDirectory /home/gabsko/breaking-updates/metrics-benchmarks/src/main/resources
[INFO] 
[INFO] --- maven-compiler-plugin:3.8.1:compile (default-compile) @ metrics-benchmarks ---
[INFO] Changes detected - recompiling the module!
[INFO] Compiling 5 source files to /home/gabsko/breaking-updates/metrics-benchmarks/target/classes
[WARNING] [options] bootstrap class path not set in conjunction with -source 8
[WARNING] /home/gabsko/breaking-updates/metrics-benchmarks/src/main/java/io/dropwizard/metrics5/benchmarks/SlidingTimeWindowReservoirsBenchmark.java:[22,3] [MissingSummary] A summary line is required on public/protected Javadocs.
    (see https://google.github.io/styleguide/javaguide.html#s7.2-summary-fragment)
[INFO] 
[INFO] --- maven-resources-plugin:2.6:testResources (default-testResources) @ metrics-benchmarks ---
[INFO] Using 'UTF-8' encoding to copy filtered resources.
[INFO] skip non existing resourceDirectory /home/gabsko/breaking-updates/metrics-benchmarks/src/test/resources
[INFO] 
[INFO] --- maven-compiler-plugin:3.8.1:testCompile (default-testCompile) @ metrics-benchmarks ---
[INFO] No sources to compile
[INFO] 
[INFO] --- maven-surefire-plugin:2.22.2:test (default-test) @ metrics-benchmarks ---
[INFO] No tests to run.
[INFO] 
[INFO] --------------< io.dropwizard.metrics5:metrics-caffeine >---------------
[INFO] Building Metrics5 Integration for Caffeine 2.x 5.0.0-rc5-SNAPSHOT [7/36]
[INFO] -------------------------------[ bundle ]-------------------------------
[INFO] 
[INFO] --- maven-clean-plugin:2.5:clean (default-clean) @ metrics-caffeine ---
[INFO] Deleting /home/gabsko/breaking-updates/metrics-caffeine/target
[INFO] 
[INFO] --- maven-enforcer-plugin:1.4.1:enforce (enforce) @ metrics-caffeine ---
[INFO] 
[INFO] --- jacoco-maven-plugin:0.8.6:prepare-agent (prepare-agent) @ metrics-caffeine ---
[INFO] argLine set to -javaagent:/home/gabsko/.m2/repository/org/jacoco/org.jacoco.agent/0.8.6/org.jacoco.agent-0.8.6-runtime.jar=destfile=/home/gabsko/breaking-updates/metrics-caffeine/target/jacoco.exec
[INFO] 
[INFO] --- maven-resources-plugin:3.3.0:resources (default-resources) @ metrics-caffeine ---
[INFO] skip non existing resourceDirectory /home/gabsko/breaking-updates/metrics-caffeine/src/main/resources
[INFO] 
[INFO] --- maven-compiler-plugin:3.8.1:compile (default-compile) @ metrics-caffeine ---
[INFO] Changes detected - recompiling the module!
[INFO] Compiling 1 source file to /home/gabsko/breaking-updates/metrics-caffeine/target/classes
[WARNING] [options] bootstrap class path not set in conjunction with -source 8
[INFO] 
[INFO] --- maven-resources-plugin:3.3.0:testResources (default-testResources) @ metrics-caffeine ---
[INFO] skip non existing resourceDirectory /home/gabsko/breaking-updates/metrics-caffeine/src/test/resources
[INFO] 
[INFO] --- maven-compiler-plugin:3.8.1:testCompile (default-testCompile) @ metrics-caffeine ---
[INFO] Changes detected - recompiling the module!
[INFO] Compiling 1 source file to /home/gabsko/breaking-updates/metrics-caffeine/target/test-classes
[WARNING] [options] bootstrap class path not set in conjunction with -source 8
[WARNING] /home/gabsko/breaking-updates/metrics-caffeine/src/test/java/io/dropwizard/metrics5/caffeine/MetricsStatsCounterTest.java:[88,9] [deprecation] recordEviction() in MetricsStatsCounter has been deprecated
[WARNING] /home/gabsko/breaking-updates/metrics-caffeine/src/test/java/io/dropwizard/metrics5/caffeine/MetricsStatsCounterTest.java:[95,9] [deprecation] recordEviction(int) in MetricsStatsCounter has been deprecated
[INFO] 
[INFO] --- maven-surefire-plugin:2.22.2:test (default-test) @ metrics-caffeine ---
[INFO] 
[INFO] -------------------------------------------------------
[INFO]  T E S T S
[INFO] -------------------------------------------------------
[INFO] Running io.dropwizard.metrics5.caffeine.MetricsStatsCounterTest
[INFO] Tests run: 8, Failures: 0, Errors: 0, Skipped: 0, Time elapsed: 0.116 s - in io.dropwizard.metrics5.caffeine.MetricsStatsCounterTest
[INFO] 
[INFO] Results:
[INFO] 
[INFO] Tests run: 8, Failures: 0, Errors: 0, Skipped: 0
[INFO] 
[INFO] 
[INFO] --------------< io.dropwizard.metrics5:metrics-caffeine3 >--------------
[INFO] Building Metrics5 Integration for Caffeine 3.x 5.0.0-rc5-SNAPSHOT [8/36]
[INFO] -------------------------------[ bundle ]-------------------------------
[INFO] 
[INFO] --- maven-clean-plugin:2.5:clean (default-clean) @ metrics-caffeine3 ---
[INFO] Deleting /home/gabsko/breaking-updates/metrics-caffeine3/target
[INFO] 
[INFO] --- maven-enforcer-plugin:1.4.1:enforce (enforce) @ metrics-caffeine3 ---
[INFO] 
[INFO] --- jacoco-maven-plugin:0.8.6:prepare-agent (prepare-agent) @ metrics-caffeine3 ---
[INFO] argLine set to -javaagent:/home/gabsko/.m2/repository/org/jacoco/org.jacoco.agent/0.8.6/org.jacoco.agent-0.8.6-runtime.jar=destfile=/home/gabsko/breaking-updates/metrics-caffeine3/target/jacoco.exec
[INFO] 
[INFO] --- maven-resources-plugin:3.3.0:resources (default-resources) @ metrics-caffeine3 ---
[INFO] skip non existing resourceDirectory /home/gabsko/breaking-updates/metrics-caffeine3/src/main/resources
[INFO] 
[INFO] --- maven-compiler-plugin:3.8.1:compile (default-compile) @ metrics-caffeine3 ---
[INFO] Changes detected - recompiling the module!
[INFO] Compiling 1 source file to /home/gabsko/breaking-updates/metrics-caffeine3/target/classes
[WARNING] [options] bootstrap class path not set in conjunction with -source 8
[INFO] 
[INFO] --- maven-resources-plugin:3.3.0:testResources (default-testResources) @ metrics-caffeine3 ---
[INFO] skip non existing resourceDirectory /home/gabsko/breaking-updates/metrics-caffeine3/src/test/resources
[INFO] 
[INFO] --- maven-compiler-plugin:3.8.1:testCompile (default-testCompile) @ metrics-caffeine3 ---
[INFO] Changes detected - recompiling the module!
[INFO] Compiling 1 source file to /home/gabsko/breaking-updates/metrics-caffeine3/target/test-classes
[WARNING] [options] bootstrap class path not set in conjunction with -source 8
[INFO] 
[INFO] --- maven-surefire-plugin:2.22.2:test (default-test) @ metrics-caffeine3 ---
[INFO] 
[INFO] -------------------------------------------------------
[INFO]  T E S T S
[INFO] -------------------------------------------------------
[INFO] Running io.dropwizard.metrics5.caffeine3.MetricsStatsCounterTest
[INFO] Tests run: 6, Failures: 0, Errors: 0, Skipped: 0, Time elapsed: 0.136 s - in io.dropwizard.metrics5.caffeine3.MetricsStatsCounterTest
[INFO] 
[INFO] Results:
[INFO] 
[INFO] Tests run: 6, Failures: 0, Errors: 0, Skipped: 0
[INFO] 
[INFO] 
[INFO] --------------< io.dropwizard.metrics5:metrics-collectd >---------------
[INFO] Building Metrics5 Integration for Collectd 5.0.0-rc5-SNAPSHOT     [9/36]
[INFO] -------------------------------[ bundle ]-------------------------------
[INFO] 
[INFO] --- maven-clean-plugin:2.5:clean (default-clean) @ metrics-collectd ---
[INFO] Deleting /home/gabsko/breaking-updates/metrics-collectd/target
[INFO] 
[INFO] --- maven-enforcer-plugin:1.4.1:enforce (enforce) @ metrics-collectd ---
[INFO] 
[INFO] --- jacoco-maven-plugin:0.8.6:prepare-agent (prepare-agent) @ metrics-collectd ---
[INFO] argLine set to -javaagent:/home/gabsko/.m2/repository/org/jacoco/org.jacoco.agent/0.8.6/org.jacoco.agent-0.8.6-runtime.jar=destfile=/home/gabsko/breaking-updates/metrics-collectd/target/jacoco.exec
[INFO] 
[INFO] --- maven-resources-plugin:3.3.0:resources (default-resources) @ metrics-collectd ---
[INFO] skip non existing resourceDirectory /home/gabsko/breaking-updates/metrics-collectd/src/main/resources
[INFO] 
[INFO] --- maven-compiler-plugin:3.8.1:compile (default-compile) @ metrics-collectd ---
[INFO] Changes detected - recompiling the module!
[INFO] Compiling 7 source files to /home/gabsko/breaking-updates/metrics-collectd/target/classes
[WARNING] [options] bootstrap class path not set in conjunction with -source 8
[WARNING] /home/gabsko/breaking-updates/metrics-collectd/src/main/java/io/dropwizard/metrics5/collectd/CollectdReporter.java:[281,59] [rawtypes] found raw type: Gauge
  missing type arguments for generic class Gauge<T>
  where T is a type-variable:
    T extends Object declared in interface Gauge
[WARNING] /home/gabsko/breaking-updates/metrics-collectd/src/main/java/io/dropwizard/metrics5/collectd/PacketWriter.java:[157,48] [cast] redundant cast to ByteBuffer
[WARNING] /home/gabsko/breaking-updates/metrics-collectd/src/main/java/io/dropwizard/metrics5/collectd/PacketWriter.java:[166,21] [cast] redundant cast to ByteBuffer
[WARNING] /home/gabsko/breaking-updates/metrics-collectd/src/main/java/io/dropwizard/metrics5/collectd/PacketWriter.java:[161,15] [cast] redundant cast to ByteBuffer
[WARNING] /home/gabsko/breaking-updates/metrics-collectd/src/main/java/io/dropwizard/metrics5/collectd/PacketWriter.java:[191,21] [cast] redundant cast to ByteBuffer
[WARNING] /home/gabsko/breaking-updates/metrics-collectd/src/main/java/io/dropwizard/metrics5/collectd/PacketWriter.java:[189,35] [cast] redundant cast to ByteBuffer
[WARNING] /home/gabsko/breaking-updates/metrics-collectd/src/main/java/io/dropwizard/metrics5/collectd/PacketWriter.java:[194,15] [cast] redundant cast to ByteBuffer
[WARNING] /home/gabsko/breaking-updates/metrics-collectd/src/main/java/io/dropwizard/metrics5/collectd/PacketWriter.java:[239,40] [cast] redundant cast to ByteBuffer
[WARNING] /home/gabsko/breaking-updates/metrics-collectd/src/main/java/io/dropwizard/metrics5/collectd/CollectdReporter.java:[183,36] [InconsistentCapitalization] Found the field 'hostName' with the same name as the parameter 'hostname' but with different capitalization.
    (see https://errorprone.info/bugpattern/InconsistentCapitalization)
  Did you mean 'String hostName, Sender sender,'?
[INFO] 
[INFO] --- maven-resources-plugin:3.3.0:testResources (default-testResources) @ metrics-collectd ---
[INFO] skip non existing resourceDirectory /home/gabsko/breaking-updates/metrics-collectd/src/test/resources
[INFO] 
[INFO] --- maven-compiler-plugin:3.8.1:testCompile (default-testCompile) @ metrics-collectd ---
[INFO] Changes detected - recompiling the module!
[INFO] Compiling 5 source files to /home/gabsko/breaking-updates/metrics-collectd/target/test-classes
[WARNING] [options] bootstrap class path not set in conjunction with -source 8
[WARNING] /home/gabsko/breaking-updates/metrics-collectd/src/test/java/io/dropwizard/metrics5/collectd/Receiver.java:[49,16] [CatchAndPrintStackTrace] Logging or rethrowing exceptions should usually be preferred to catching and calling printStackTrace
    (see https://errorprone.info/bugpattern/CatchAndPrintStackTrace)
[WARNING] /home/gabsko/breaking-updates/metrics-collectd/src/test/java/io/dropwizard/metrics5/collectd/SanitizeTest.java:[24,76] [UnnecessaryParentheses] These grouping parentheses are unnecessary; it is unlikely the code will be misinterpreted without them
    (see https://errorprone.info/bugpattern/UnnecessaryParentheses)
  Did you mean 'assertThat(sanitize.name(longName)).isEqualTo(longName.substring(0, Sanitize.DEFAULT_MAX_LENGTH));'?
[INFO] 
[INFO] --- maven-surefire-plugin:2.22.2:test (default-test) @ metrics-collectd ---
[INFO] 
[INFO] -------------------------------------------------------
[INFO]  T E S T S
[INFO] -------------------------------------------------------
[INFO] Running io.dropwizard.metrics5.collectd.CollectdReporterSecurityTest
[INFO] Tests run: 2, Failures: 0, Errors: 0, Skipped: 0, Time elapsed: 0.12 s - in io.dropwizard.metrics5.collectd.CollectdReporterSecurityTest
[INFO] Running io.dropwizard.metrics5.collectd.CollectdReporterTest
[main] WARN io.dropwizard.metrics5.collectd.CollectdReporter - Failed to process metric 'unsupported'. Unsupported gauge of type: java.lang.String 
java.net.SocketException: Socket closed
	at java.base/java.net.PlainDatagramSocketImpl.receive0(Native Method)
	at java.base/java.net.AbstractPlainDatagramSocketImpl.receive(AbstractPlainDatagramSocketImpl.java:200)
	at java.base/java.net.DatagramSocket.receive(DatagramSocket.java:814)
	at org.collectd.protocol.UdpReceiver.listen(UdpReceiver.java:266)
	at io.dropwizard.metrics5.collectd.Receiver.lambda$before$0(Receiver.java:47)
	at java.base/java.lang.Thread.run(Thread.java:829)
[INFO] Tests run: 17, Failures: 0, Errors: 0, Skipped: 0, Time elapsed: 2.502 s - in io.dropwizard.metrics5.collectd.CollectdReporterTest
[INFO] Running io.dropwizard.metrics5.collectd.PacketWriterTest
[INFO] Tests run: 2, Failures: 0, Errors: 0, Skipped: 0, Time elapsed: 0.041 s - in io.dropwizard.metrics5.collectd.PacketWriterTest
[INFO] Running io.dropwizard.metrics5.collectd.SanitizeTest
[INFO] Tests run: 5, Failures: 0, Errors: 0, Skipped: 0, Time elapsed: 0.001 s - in io.dropwizard.metrics5.collectd.SanitizeTest
[INFO] 
[INFO] Results:
[INFO] 
[INFO] Tests run: 26, Failures: 0, Errors: 0, Skipped: 0
[INFO] 
[INFO] 
[INFO] ---------------< io.dropwizard.metrics5:metrics-ehcache >---------------
[INFO] Building Metrics5 Integration for Ehcache 5.0.0-rc5-SNAPSHOT     [10/36]
[INFO] -------------------------------[ bundle ]-------------------------------
[INFO] 
[INFO] --- maven-clean-plugin:2.5:clean (default-clean) @ metrics-ehcache ---
[INFO] Deleting /home/gabsko/breaking-updates/metrics-ehcache/target
[INFO] 
[INFO] --- maven-enforcer-plugin:1.4.1:enforce (enforce) @ metrics-ehcache ---
[INFO] 
[INFO] --- jacoco-maven-plugin:0.8.6:prepare-agent (prepare-agent) @ metrics-ehcache ---
[INFO] argLine set to -javaagent:/home/gabsko/.m2/repository/org/jacoco/org.jacoco.agent/0.8.6/org.jacoco.agent-0.8.6-runtime.jar=destfile=/home/gabsko/breaking-updates/metrics-ehcache/target/jacoco.exec
[INFO] 
[INFO] --- maven-resources-plugin:3.3.0:resources (default-resources) @ metrics-ehcache ---
[INFO] skip non existing resourceDirectory /home/gabsko/breaking-updates/metrics-ehcache/src/main/resources
[INFO] 
[INFO] --- maven-compiler-plugin:3.8.1:compile (default-compile) @ metrics-ehcache ---
[INFO] Changes detected - recompiling the module!
[INFO] Compiling 2 source files to /home/gabsko/breaking-updates/metrics-ehcache/target/classes
[WARNING] [options] bootstrap class path not set in conjunction with -source 8
[INFO] 
[INFO] --- maven-resources-plugin:3.3.0:testResources (default-testResources) @ metrics-ehcache ---
[INFO] Copying 1 resource
[INFO] 
[INFO] --- maven-compiler-plugin:3.8.1:testCompile (default-testCompile) @ metrics-ehcache ---
[INFO] Changes detected - recompiling the module!
[INFO] Compiling 2 source files to /home/gabsko/breaking-updates/metrics-ehcache/target/test-classes
[WARNING] [options] bootstrap class path not set in conjunction with -source 8
[INFO] 
[INFO] --- maven-surefire-plugin:2.22.2:test (default-test) @ metrics-ehcache ---
[INFO] 
[INFO] -------------------------------------------------------
[INFO]  T E S T S
[INFO] -------------------------------------------------------
[INFO] Running io.dropwizard.metrics5.ehcache.InstrumentedEhcacheTest
[INFO] Tests run: 1, Failures: 0, Errors: 0, Skipped: 0, Time elapsed: 0.297 s - in io.dropwizard.metrics5.ehcache.InstrumentedEhcacheTest
[INFO] Running io.dropwizard.metrics5.ehcache.InstrumentedCacheDecoratorFactoryTest
[INFO] Tests run: 2, Failures: 0, Errors: 0, Skipped: 0, Time elapsed: 0.004 s - in io.dropwizard.metrics5.ehcache.InstrumentedCacheDecoratorFactoryTest
[INFO] 
[INFO] Results:
[INFO] 
[INFO] Tests run: 3, Failures: 0, Errors: 0, Skipped: 0
[INFO] 
[INFO] 
[INFO] --------------< io.dropwizard.metrics5:metrics-graphite >---------------
[INFO] Building Graphite Integration for Metrics5 5.0.0-rc5-SNAPSHOT    [11/36]
[INFO] -------------------------------[ bundle ]-------------------------------
[INFO] 
[INFO] --- maven-clean-plugin:2.5:clean (default-clean) @ metrics-graphite ---
[INFO] Deleting /home/gabsko/breaking-updates/metrics-graphite/target
[INFO] 
[INFO] --- maven-enforcer-plugin:1.4.1:enforce (enforce) @ metrics-graphite ---
[INFO] 
[INFO] --- jacoco-maven-plugin:0.8.6:prepare-agent (prepare-agent) @ metrics-graphite ---
[INFO] argLine set to -javaagent:/home/gabsko/.m2/repository/org/jacoco/org.jacoco.agent/0.8.6/org.jacoco.agent-0.8.6-runtime.jar=destfile=/home/gabsko/breaking-updates/metrics-graphite/target/jacoco.exec
[INFO] 
[INFO] --- maven-resources-plugin:3.3.0:resources (default-resources) @ metrics-graphite ---
[INFO] skip non existing resourceDirectory /home/gabsko/breaking-updates/metrics-graphite/src/main/resources
[INFO] 
[INFO] --- maven-compiler-plugin:3.8.1:compile (default-compile) @ metrics-graphite ---
[INFO] Changes detected - recompiling the module!
[INFO] Compiling 7 source files to /home/gabsko/breaking-updates/metrics-graphite/target/classes
[WARNING] [options] bootstrap class path not set in conjunction with -source 8
[WARNING] /home/gabsko/breaking-updates/metrics-graphite/src/main/java/io/dropwizard/metrics5/graphite/Graphite.java:[130,61] [OperatorPrecedence] Use grouping parenthesis to make the operator precedence explicit
    (see https://errorprone.info/bugpattern/OperatorPrecedence)
  Did you mean 'if (address == null || (address.getHostName() == null && hostname != null)) {'?
[WARNING] /home/gabsko/breaking-updates/metrics-graphite/src/main/java/io/dropwizard/metrics5/graphite/GraphiteReporter.java:[254,48] [UnnecessaryLambda] Returning a lambda from a helper method or saving it in a constant is unnecessary; prefer to implement the functional interface method directly and use a method reference instead.
    (see https://errorprone.info/bugpattern/UnnecessaryLambda)
  Did you mean 'this.floatingPointFormatter = GraphiteReporter::defaultFpFormatter;'?
[INFO] 
[INFO] --- maven-resources-plugin:3.3.0:testResources (default-testResources) @ metrics-graphite ---
[INFO] Copying 1 resource
[INFO] 
[INFO] --- maven-compiler-plugin:3.8.1:testCompile (default-testCompile) @ metrics-graphite ---
[INFO] Changes detected - recompiling the module!
[INFO] Compiling 6 source files to /home/gabsko/breaking-updates/metrics-graphite/target/test-classes
[WARNING] [options] bootstrap class path not set in conjunction with -source 8
[INFO] 
[INFO] --- maven-surefire-plugin:2.22.2:test (default-test) @ metrics-graphite ---
[INFO] 
[INFO] -------------------------------------------------------
[INFO]  T E S T S
[INFO] -------------------------------------------------------
[INFO] Running io.dropwizard.metrics5.graphite.GraphiteUDPTest
[INFO] Tests run: 2, Failures: 0, Errors: 0, Skipped: 0, Time elapsed: 0.444 s - in io.dropwizard.metrics5.graphite.GraphiteUDPTest
[INFO] Running io.dropwizard.metrics5.graphite.GraphiteReporterTest
[main] WARN io.dropwizard.metrics5.graphite.GraphiteReporter - Unable to report to Graphite
java.net.UnknownHostException: UNKNOWN-HOST
	at io.dropwizard.metrics5.graphite.GraphiteReporter.report(GraphiteReporter.java:375)
	at io.dropwizard.metrics5.graphite.GraphiteReporterTest.closesConnectionIfGraphiteIsUnavailable(GraphiteReporterTest.java:445)
	at java.base/jdk.internal.reflect.NativeMethodAccessorImpl.invoke0(Native Method)
	at java.base/jdk.internal.reflect.NativeMethodAccessorImpl.invoke(NativeMethodAccessorImpl.java:62)
	at java.base/jdk.internal.reflect.DelegatingMethodAccessorImpl.invoke(DelegatingMethodAccessorImpl.java:43)
	at java.base/java.lang.reflect.Method.invoke(Method.java:566)
	at org.junit.runners.model.FrameworkMethod$1.runReflectiveCall(FrameworkMethod.java:59)
	at org.junit.internal.runners.model.ReflectiveCallable.run(ReflectiveCallable.java:12)
	at org.junit.runners.model.FrameworkMethod.invokeExplosively(FrameworkMethod.java:56)
	at org.junit.internal.runners.statements.InvokeMethod.evaluate(InvokeMethod.java:17)
	at org.junit.internal.runners.statements.RunBefores.evaluate(RunBefores.java:26)
	at org.junit.runners.ParentRunner$3.evaluate(ParentRunner.java:306)
	at org.junit.runners.BlockJUnit4ClassRunner$1.evaluate(BlockJUnit4ClassRunner.java:100)
	at org.junit.runners.ParentRunner.runLeaf(ParentRunner.java:366)
	at org.junit.runners.BlockJUnit4ClassRunner.runChild(BlockJUnit4ClassRunner.java:103)
	at org.junit.runners.BlockJUnit4ClassRunner.runChild(BlockJUnit4ClassRunner.java:63)
	at org.junit.runners.ParentRunner$4.run(ParentRunner.java:331)
	at org.junit.runners.ParentRunner$1.schedule(ParentRunner.java:79)
	at org.junit.runners.ParentRunner.runChildren(ParentRunner.java:329)
	at org.junit.runners.ParentRunner.access$100(ParentRunner.java:66)
	at org.junit.runners.ParentRunner$2.evaluate(ParentRunner.java:293)
	at org.junit.runners.ParentRunner$3.evaluate(ParentRunner.java:306)
	at org.junit.runners.ParentRunner.run(ParentRunner.java:413)
	at org.apache.maven.surefire.junit4.JUnit4Provider.execute(JUnit4Provider.java:365)
	at org.apache.maven.surefire.junit4.JUnit4Provider.executeWithRerun(JUnit4Provider.java:273)
	at org.apache.maven.surefire.junit4.JUnit4Provider.executeTestSet(JUnit4Provider.java:238)
	at org.apache.maven.surefire.junit4.JUnit4Provider.invoke(JUnit4Provider.java:159)
	at org.apache.maven.surefire.booter.ForkedBooter.invokeProviderInSameClassLoader(ForkedBooter.java:384)
	at org.apache.maven.surefire.booter.ForkedBooter.runSuitesInProcess(ForkedBooter.java:345)
	at org.apache.maven.surefire.booter.ForkedBooter.execute(ForkedBooter.java:126)
	at org.apache.maven.surefire.booter.ForkedBooter.main(ForkedBooter.java:418)
[INFO] Tests run: 19, Failures: 0, Errors: 0, Skipped: 0, Time elapsed: 0.246 s - in io.dropwizard.metrics5.graphite.GraphiteReporterTest
[INFO] Running io.dropwizard.metrics5.graphite.GraphiteTest
[INFO] Tests run: 9, Failures: 0, Errors: 0, Skipped: 0, Time elapsed: 0.101 s - in io.dropwizard.metrics5.graphite.GraphiteTest
[INFO] Running io.dropwizard.metrics5.graphite.PickledGraphiteTest
[INFO] Tests run: 7, Failures: 0, Errors: 0, Skipped: 0, Time elapsed: 1.657 s - in io.dropwizard.metrics5.graphite.PickledGraphiteTest
[INFO] Running io.dropwizard.metrics5.graphite.GraphiteRabbitMQTest
[INFO] Tests run: 7, Failures: 0, Errors: 0, Skipped: 0, Time elapsed: 0.147 s - in io.dropwizard.metrics5.graphite.GraphiteRabbitMQTest
[INFO] Running io.dropwizard.metrics5.graphite.GraphiteSanitizeTest
[INFO] Tests run: 1, Failures: 0, Errors: 0, Skipped: 0, Time elapsed: 0.462 s - in io.dropwizard.metrics5.graphite.GraphiteSanitizeTest
[INFO] 
[INFO] Results:
[INFO] 
[INFO] Tests run: 45, Failures: 0, Errors: 0, Skipped: 0
[INFO] 
[INFO] 
[INFO] --------------< io.dropwizard.metrics5:metrics-influxdb >---------------
[INFO] Building InfluxDB integration for Metrics5 5.0.0-rc5-SNAPSHOT    [12/36]
[INFO] -------------------------------[ bundle ]-------------------------------
[INFO] 
[INFO] --- maven-clean-plugin:2.5:clean (default-clean) @ metrics-influxdb ---
[INFO] Deleting /home/gabsko/breaking-updates/metrics-influxdb/target
[INFO] 
[INFO] --- maven-enforcer-plugin:1.4.1:enforce (enforce) @ metrics-influxdb ---
[INFO] 
[INFO] --- jacoco-maven-plugin:0.8.6:prepare-agent (prepare-agent) @ metrics-influxdb ---
[INFO] argLine set to -javaagent:/home/gabsko/.m2/repository/org/jacoco/org.jacoco.agent/0.8.6/org.jacoco.agent-0.8.6-runtime.jar=destfile=/home/gabsko/breaking-updates/metrics-influxdb/target/jacoco.exec
[INFO] 
[INFO] --- maven-resources-plugin:3.3.0:resources (default-resources) @ metrics-influxdb ---
[INFO] skip non existing resourceDirectory /home/gabsko/breaking-updates/metrics-influxdb/src/main/resources
[INFO] 
[INFO] --- maven-compiler-plugin:3.8.1:compile (default-compile) @ metrics-influxdb ---
[INFO] Changes detected - recompiling the module!
[INFO] Compiling 5 source files to /home/gabsko/breaking-updates/metrics-influxdb/target/classes
[WARNING] [options] bootstrap class path not set in conjunction with -source 8
[INFO] 
[INFO] --- maven-resources-plugin:3.3.0:testResources (default-testResources) @ metrics-influxdb ---
[INFO] skip non existing resourceDirectory /home/gabsko/breaking-updates/metrics-influxdb/src/test/resources
[INFO] 
[INFO] --- maven-compiler-plugin:3.8.1:testCompile (default-testCompile) @ metrics-influxdb ---
[INFO] Changes detected - recompiling the module!
[INFO] Compiling 3 source files to /home/gabsko/breaking-updates/metrics-influxdb/target/test-classes
[WARNING] [options] bootstrap class path not set in conjunction with -source 8
[INFO] 
[INFO] --- maven-surefire-plugin:2.22.2:test (default-test) @ metrics-influxdb ---
[INFO] 
[INFO] -------------------------------------------------------
[INFO]  T E S T S
[INFO] -------------------------------------------------------
[INFO] Running io.dropwizard.metrics5.influxdb.InfluxDbReporterTest
[main] WARN io.dropwizard.metrics5.influxdb.InfluxDbReporter - Unable to report to InfluxDb
java.net.UnknownHostException: UNKNOWN-HOST
	at io.dropwizard.metrics5.influxdb.InfluxDbReporter.report(InfluxDbReporter.java:235)
	at io.dropwizard.metrics5.influxdb.InfluxDbReporterTest.disconnectsIfSenderIsUnavailable(InfluxDbReporterTest.java:389)
	at java.base/jdk.internal.reflect.NativeMethodAccessorImpl.invoke0(Native Method)
	at java.base/jdk.internal.reflect.NativeMethodAccessorImpl.invoke(NativeMethodAccessorImpl.java:62)
	at java.base/jdk.internal.reflect.DelegatingMethodAccessorImpl.invoke(DelegatingMethodAccessorImpl.java:43)
	at java.base/java.lang.reflect.Method.invoke(Method.java:566)
	at org.junit.runners.model.FrameworkMethod$1.runReflectiveCall(FrameworkMethod.java:59)
	at org.junit.internal.runners.model.ReflectiveCallable.run(ReflectiveCallable.java:12)
	at org.junit.runners.model.FrameworkMethod.invokeExplosively(FrameworkMethod.java:56)
	at org.junit.internal.runners.statements.InvokeMethod.evaluate(InvokeMethod.java:17)
	at org.junit.internal.runners.statements.RunBefores.evaluate(RunBefores.java:26)
	at org.junit.runners.ParentRunner$3.evaluate(ParentRunner.java:306)
	at org.junit.runners.BlockJUnit4ClassRunner$1.evaluate(BlockJUnit4ClassRunner.java:100)
	at org.junit.runners.ParentRunner.runLeaf(ParentRunner.java:366)
	at org.junit.runners.BlockJUnit4ClassRunner.runChild(BlockJUnit4ClassRunner.java:103)
	at org.junit.runners.BlockJUnit4ClassRunner.runChild(BlockJUnit4ClassRunner.java:63)
	at org.junit.runners.ParentRunner$4.run(ParentRunner.java:331)
	at org.junit.runners.ParentRunner$1.schedule(ParentRunner.java:79)
	at org.junit.runners.ParentRunner.runChildren(ParentRunner.java:329)
	at org.junit.runners.ParentRunner.access$100(ParentRunner.java:66)
	at org.junit.runners.ParentRunner$2.evaluate(ParentRunner.java:293)
	at org.junit.runners.ParentRunner$3.evaluate(ParentRunner.java:306)
	at org.junit.runners.ParentRunner.run(ParentRunner.java:413)
	at org.apache.maven.surefire.junit4.JUnit4Provider.execute(JUnit4Provider.java:365)
	at org.apache.maven.surefire.junit4.JUnit4Provider.executeWithRerun(JUnit4Provider.java:273)
	at org.apache.maven.surefire.junit4.JUnit4Provider.executeTestSet(JUnit4Provider.java:238)
	at org.apache.maven.surefire.junit4.JUnit4Provider.invoke(JUnit4Provider.java:159)
	at org.apache.maven.surefire.booter.ForkedBooter.invokeProviderInSameClassLoader(ForkedBooter.java:384)
	at org.apache.maven.surefire.booter.ForkedBooter.runSuitesInProcess(ForkedBooter.java:345)
	at org.apache.maven.surefire.booter.ForkedBooter.execute(ForkedBooter.java:126)
	at org.apache.maven.surefire.booter.ForkedBooter.main(ForkedBooter.java:418)
[INFO] Tests run: 16, Failures: 0, Errors: 0, Skipped: 0, Time elapsed: 0.691 s - in io.dropwizard.metrics5.influxdb.InfluxDbReporterTest
[INFO] Running io.dropwizard.metrics5.influxdb.InfluxDbLineBuilderAssumptionsTest
[INFO] Tests run: 1, Failures: 0, Errors: 0, Skipped: 0, Time elapsed: 0.001 s - in io.dropwizard.metrics5.influxdb.InfluxDbLineBuilderAssumptionsTest
[INFO] Running io.dropwizard.metrics5.influxdb.InfluxDbUdpTest
[INFO] Tests run: 3, Failures: 0, Errors: 0, Skipped: 0, Time elapsed: 0.024 s - in io.dropwizard.metrics5.influxdb.InfluxDbUdpTest
[INFO] 
[INFO] Results:
[INFO] 
[INFO] Tests run: 20, Failures: 0, Errors: 0, Skipped: 0
[INFO] 
[INFO] 
[INFO] -----------------< io.dropwizard.metrics5:metrics-jvm >-----------------
[INFO] Building JVM Integration for Metrics5 5.0.0-rc5-SNAPSHOT         [13/36]
[INFO] -------------------------------[ bundle ]-------------------------------
[INFO] 
[INFO] --- maven-clean-plugin:2.5:clean (default-clean) @ metrics-jvm ---
[INFO] Deleting /home/gabsko/breaking-updates/metrics-jvm/target
[INFO] 
[INFO] --- maven-enforcer-plugin:1.4.1:enforce (enforce) @ metrics-jvm ---
[INFO] 
[INFO] --- jacoco-maven-plugin:0.8.6:prepare-agent (prepare-agent) @ metrics-jvm ---
[INFO] argLine set to -javaagent:/home/gabsko/.m2/repository/org/jacoco/org.jacoco.agent/0.8.6/org.jacoco.agent-0.8.6-runtime.jar=destfile=/home/gabsko/breaking-updates/metrics-jvm/target/jacoco.exec
[INFO] 
[INFO] --- maven-resources-plugin:3.3.0:resources (default-resources) @ metrics-jvm ---
[INFO] skip non existing resourceDirectory /home/gabsko/breaking-updates/metrics-jvm/src/main/resources
[INFO] 
[INFO] --- maven-compiler-plugin:3.8.1:compile (default-compile) @ metrics-jvm ---
[INFO] Changes detected - recompiling the module!
[INFO] Compiling 12 source files to /home/gabsko/breaking-updates/metrics-jvm/target/classes
[WARNING] [options] bootstrap class path not set in conjunction with -source 8
[INFO] 
[INFO] --- maven-resources-plugin:3.3.0:testResources (default-testResources) @ metrics-jvm ---
[INFO] skip non existing resourceDirectory /home/gabsko/breaking-updates/metrics-jvm/src/test/resources
[INFO] 
[INFO] --- maven-compiler-plugin:3.8.1:testCompile (default-testCompile) @ metrics-jvm ---
[INFO] Changes detected - recompiling the module!
[INFO] Compiling 12 source files to /home/gabsko/breaking-updates/metrics-jvm/target/test-classes
[WARNING] [options] bootstrap class path not set in conjunction with -source 8
[WARNING] /home/gabsko/breaking-updates/metrics-jvm/src/test/java/io/dropwizard/metrics5/jvm/BufferPoolMetricSetTest.java:[64,78] [unchecked] unchecked cast
  required: Gauge<Integer>
  found:    Metric
[WARNING] /home/gabsko/breaking-updates/metrics-jvm/src/test/java/io/dropwizard/metrics5/jvm/BufferPoolMetricSetTest.java:[74,78] [unchecked] unchecked cast
  required: Gauge<Integer>
  found:    Metric
[WARNING] /home/gabsko/breaking-updates/metrics-jvm/src/test/java/io/dropwizard/metrics5/jvm/BufferPoolMetricSetTest.java:[84,78] [unchecked] unchecked cast
  required: Gauge<Integer>
  found:    Metric
[WARNING] /home/gabsko/breaking-updates/metrics-jvm/src/test/java/io/dropwizard/metrics5/jvm/BufferPoolMetricSetTest.java:[94,78] [unchecked] unchecked cast
  required: Gauge<Integer>
  found:    Metric
[WARNING] /home/gabsko/breaking-updates/metrics-jvm/src/test/java/io/dropwizard/metrics5/jvm/BufferPoolMetricSetTest.java:[104,78] [unchecked] unchecked cast
  required: Gauge<Integer>
  found:    Metric
[WARNING] /home/gabsko/breaking-updates/metrics-jvm/src/test/java/io/dropwizard/metrics5/jvm/BufferPoolMetricSetTest.java:[114,78] [unchecked] unchecked cast
  required: Gauge<Integer>
  found:    Metric
[WARNING] /home/gabsko/breaking-updates/metrics-jvm/src/test/java/io/dropwizard/metrics5/jvm/FileDescriptorRatioGaugeSunManagementNotExistsTest.java:[61,42] [URLEqualsHashCode] Avoid hash-based containers of java.net.URL--the containers rely on equals() and hashCode(), which cause java.net.URL to make blocking internet connections.
    (see https://errorprone.info/bugpattern/URLEqualsHashCode)
[INFO] 
[INFO] --- maven-surefire-plugin:2.22.2:test (default-test) @ metrics-jvm ---
[INFO] 
[INFO] -------------------------------------------------------
[INFO]  T E S T S
[INFO] -------------------------------------------------------
[INFO] Running io.dropwizard.metrics5.jvm.ThreadDeadlockDetectorTest
[INFO] Tests run: 3, Failures: 0, Errors: 0, Skipped: 0, Time elapsed: 0.468 s - in io.dropwizard.metrics5.jvm.ThreadDeadlockDetectorTest
[INFO] Running io.dropwizard.metrics5.jvm.ClassLoadingGaugeSetTest
[INFO] Tests run: 2, Failures: 0, Errors: 0, Skipped: 0, Time elapsed: 0.033 s - in io.dropwizard.metrics5.jvm.ClassLoadingGaugeSetTest
[INFO] Running io.dropwizard.metrics5.jvm.FileDescriptorRatioGaugeTest
[INFO] Tests run: 3, Failures: 0, Errors: 0, Skipped: 0, Time elapsed: 0.036 s - in io.dropwizard.metrics5.jvm.FileDescriptorRatioGaugeTest
[INFO] Running io.dropwizard.metrics5.jvm.GarbageCollectorMetricSetTest
[INFO] Tests run: 4, Failures: 0, Errors: 0, Skipped: 0, Time elapsed: 0.028 s - in io.dropwizard.metrics5.jvm.GarbageCollectorMetricSetTest
[INFO] Running io.dropwizard.metrics5.jvm.BufferPoolMetricSetTest
[INFO] Tests run: 8, Failures: 0, Errors: 0, Skipped: 0, Time elapsed: 0.046 s - in io.dropwizard.metrics5.jvm.BufferPoolMetricSetTest
[INFO] Running io.dropwizard.metrics5.jvm.MemoryUsageGaugeSetTest
[INFO] Tests run: 23, Failures: 0, Errors: 0, Skipped: 0, Time elapsed: 0.096 s - in io.dropwizard.metrics5.jvm.MemoryUsageGaugeSetTest
[INFO] Running io.dropwizard.metrics5.jvm.ThreadStatesGaugeSetTest
[INFO] Tests run: 9, Failures: 0, Errors: 0, Skipped: 0, Time elapsed: 0.02 s - in io.dropwizard.metrics5.jvm.ThreadStatesGaugeSetTest
[INFO] Running io.dropwizard.metrics5.jvm.FileDescriptorRatioGaugeSunManagementNotExistsTest
[INFO] Tests run: 1, Failures: 0, Errors: 0, Skipped: 0, Time elapsed: 0.003 s - in io.dropwizard.metrics5.jvm.FileDescriptorRatioGaugeSunManagementNotExistsTest
[INFO] Running io.dropwizard.metrics5.jvm.ThreadDumpTest
[INFO] Tests run: 1, Failures: 0, Errors: 0, Skipped: 0, Time elapsed: 0.004 s - in io.dropwizard.metrics5.jvm.ThreadDumpTest
[INFO] Running io.dropwizard.metrics5.jvm.JmxAttributeGaugeTest
[INFO] Tests run: 5, Failures: 0, Errors: 0, Skipped: 0, Time elapsed: 0.058 s - in io.dropwizard.metrics5.jvm.JmxAttributeGaugeTest
[INFO] Running io.dropwizard.metrics5.jvm.CpuTimeClockTest
[INFO] Tests run: 1, Failures: 0, Errors: 0, Skipped: 0, Time elapsed: 0.001 s - in io.dropwizard.metrics5.jvm.CpuTimeClockTest
[INFO] Running io.dropwizard.metrics5.jvm.JvmAttributeGaugeSetTest
[INFO] Tests run: 5, Failures: 0, Errors: 0, Skipped: 0, Time elapsed: 0.016 s - in io.dropwizard.metrics5.jvm.JvmAttributeGaugeSetTest
[INFO] 
[INFO] Results:
[INFO] 
[INFO] Tests run: 65, Failures: 0, Errors: 0, Skipped: 0
[INFO] 
[INFO] 
[INFO] ------------< io.dropwizard.metrics5:metrics-healthchecks >-------------
[INFO] Building Metrics5 Health Checks 5.0.0-rc5-SNAPSHOT               [14/36]
[INFO] -------------------------------[ bundle ]-------------------------------
[INFO] 
[INFO] --- maven-clean-plugin:2.5:clean (default-clean) @ metrics-healthchecks ---
[INFO] Deleting /home/gabsko/breaking-updates/metrics-healthchecks/target
[INFO] 
[INFO] --- maven-enforcer-plugin:1.4.1:enforce (enforce) @ metrics-healthchecks ---
[INFO] 
[INFO] --- jacoco-maven-plugin:0.8.6:prepare-agent (prepare-agent) @ metrics-healthchecks ---
[INFO] argLine set to -javaagent:/home/gabsko/.m2/repository/org/jacoco/org.jacoco.agent/0.8.6/org.jacoco.agent-0.8.6-runtime.jar=destfile=/home/gabsko/breaking-updates/metrics-healthchecks/target/jacoco.exec
[INFO] 
[INFO] --- maven-resources-plugin:3.3.0:resources (default-resources) @ metrics-healthchecks ---
[INFO] skip non existing resourceDirectory /home/gabsko/breaking-updates/metrics-healthchecks/src/main/resources
[INFO] 
[INFO] --- maven-compiler-plugin:3.8.1:compile (default-compile) @ metrics-healthchecks ---
[INFO] Changes detected - recompiling the module!
[INFO] Compiling 8 source files to /home/gabsko/breaking-updates/metrics-healthchecks/target/classes
[WARNING] [options] bootstrap class path not set in conjunction with -source 8
[WARNING] /home/gabsko/breaking-updates/metrics-healthchecks/src/main/java/io/dropwizard/metrics5/health/HealthCheck.java:[56,29] [AnnotateFormatMethod] This method passes a pair of parameters through to String.format, but the enclosing method wasn't annotated @FormatMethod. Doing so gives compile-time rather than run-time protection against malformed format strings.
    (see https://errorprone.info/bugpattern/AnnotateFormatMethod)
[WARNING] /home/gabsko/breaking-updates/metrics-healthchecks/src/main/java/io/dropwizard/metrics5/health/HealthCheck.java:[80,29] [AnnotateFormatMethod] This method passes a pair of parameters through to String.format, but the enclosing method wasn't annotated @FormatMethod. Doing so gives compile-time rather than run-time protection against malformed format strings.
    (see https://errorprone.info/bugpattern/AnnotateFormatMethod)
[WARNING] /home/gabsko/breaking-updates/metrics-healthchecks/src/main/java/io/dropwizard/metrics5/health/HealthCheck.java:[200,23] [EqualsGetClass] Prefer instanceof to getClass when implementing Object#equals.
    (see https://errorprone.info/bugpattern/EqualsGetClass)
  Did you mean 'if (!(o instanceof Result)) {'?
[WARNING] /home/gabsko/breaking-updates/metrics-healthchecks/src/main/java/io/dropwizard/metrics5/health/HealthCheck.java:[219,38] [UnnecessaryParentheses] These grouping parentheses are unnecessary; it is unlikely the code will be misinterpreted without them
    (see https://errorprone.info/bugpattern/UnnecessaryParentheses)
  Did you mean 'result = PRIME * result + Long.hashCode(time);'?
[WARNING] /home/gabsko/breaking-updates/metrics-healthchecks/src/main/java/io/dropwizard/metrics5/health/HealthCheck.java:[317,29] [AnnotateFormatMethod] This method passes a pair of parameters through to String.format, but the enclosing method wasn't annotated @FormatMethod. Doing so gives compile-time rather than run-time protection against malformed format strings.
    (see https://errorprone.info/bugpattern/AnnotateFormatMethod)
[WARNING] /home/gabsko/breaking-updates/metrics-healthchecks/src/main/java/io/dropwizard/metrics5/health/HealthCheckRegistry.java:[284,29] [ThreadPriorityCheck] Relying on the thread scheduler is discouraged.
    (see https://errorprone.info/bugpattern/ThreadPriorityCheck)
[INFO] 
[INFO] --- maven-resources-plugin:3.3.0:testResources (default-testResources) @ metrics-healthchecks ---
[INFO] skip non existing resourceDirectory /home/gabsko/breaking-updates/metrics-healthchecks/src/test/resources
[INFO] 
[INFO] --- maven-compiler-plugin:3.8.1:testCompile (default-testCompile) @ metrics-healthchecks ---
[INFO] Changes detected - recompiling the module!
[INFO] Compiling 6 source files to /home/gabsko/breaking-updates/metrics-healthchecks/target/test-classes
[WARNING] [options] bootstrap class path not set in conjunction with -source 8
[WARNING] /home/gabsko/breaking-updates/metrics-healthchecks/src/test/java/io/dropwizard/metrics5/health/SharedHealthCheckRegistriesTest.java:[15,66] [deprecation] none() in ExpectedException has been deprecated
[WARNING] /home/gabsko/breaking-updates/metrics-healthchecks/src/test/java/io/dropwizard/metrics5/health/HealthCheckTest.java:[234,50] [JavaTimeDefaultTimeZone] ZonedDateTime.now() is not allowed because it silently uses the system default time-zone. You must pass an explicit time-zone (e.g., ZoneId.of("America/Los_Angeles")) to this method.
    (see https://errorprone.info/bugpattern/JavaTimeDefaultTimeZone)
  Did you mean 'ZonedDateTime dateTime = ZonedDateTime.now(ZoneId.systemDefault()).minusMinutes(10);'?
[WARNING] /home/gabsko/breaking-updates/metrics-healthchecks/src/test/java/io/dropwizard/metrics5/health/HealthCheckTest.java:[252,50] [JavaTimeDefaultTimeZone] ZonedDateTime.now() is not allowed because it silently uses the system default time-zone. You must pass an explicit time-zone (e.g., ZoneId.of("America/Los_Angeles")) to this method.
    (see https://errorprone.info/bugpattern/JavaTimeDefaultTimeZone)
  Did you mean 'ZonedDateTime dateTime = ZonedDateTime.now(ZoneId.systemDefault()).minusMinutes(25);'?
[INFO] 
[INFO] --- maven-surefire-plugin:2.22.2:test (default-test) @ metrics-healthchecks ---
[INFO] 
[INFO] -------------------------------------------------------
[INFO]  T E S T S
[INFO] -------------------------------------------------------
[INFO] Running io.dropwizard.metrics5.health.HealthCheckRegistryTest
[INFO] Tests run: 17, Failures: 0, Errors: 0, Skipped: 0, Time elapsed: 0.509 s - in io.dropwizard.metrics5.health.HealthCheckRegistryTest
[INFO] Running io.dropwizard.metrics5.health.SharedHealthCheckRegistriesTest
[INFO] Tests run: 9, Failures: 0, Errors: 0, Skipped: 0, Time elapsed: 0.008 s - in io.dropwizard.metrics5.health.SharedHealthCheckRegistriesTest
[INFO] Running io.dropwizard.metrics5.health.HealthCheckTest
[INFO] Tests run: 14, Failures: 0, Errors: 0, Skipped: 0, Time elapsed: 0.035 s - in io.dropwizard.metrics5.health.HealthCheckTest
[INFO] Running io.dropwizard.metrics5.health.HealthCheckFilterTest
[INFO] Tests run: 1, Failures: 0, Errors: 0, Skipped: 0, Time elapsed: 0 s - in io.dropwizard.metrics5.health.HealthCheckFilterTest
[INFO] Running io.dropwizard.metrics5.health.jvm.ThreadDeadlockHealthCheckTest
[INFO] Tests run: 3, Failures: 0, Errors: 0, Skipped: 0, Time elapsed: 0.008 s - in io.dropwizard.metrics5.health.jvm.ThreadDeadlockHealthCheckTest
[INFO] Running io.dropwizard.metrics5.health.AsyncHealthCheckDecoratorTest
[INFO] Tests run: 15, Failures: 0, Errors: 0, Skipped: 0, Time elapsed: 0.01 s - in io.dropwizard.metrics5.health.AsyncHealthCheckDecoratorTest
[INFO] 
[INFO] Results:
[INFO] 
[INFO] Tests run: 59, Failures: 0, Errors: 0, Skipped: 0
[INFO] 
[INFO] 
[INFO] -------------< io.dropwizard.metrics5:metrics-httpclient >--------------
[INFO] Building Metrics5 Integration for Apache HttpClient 5.0.0-rc5-SNAPSHOT [15/36]
[INFO] -------------------------------[ bundle ]-------------------------------
[INFO] 
[INFO] --- maven-clean-plugin:2.5:clean (default-clean) @ metrics-httpclient ---
[INFO] Deleting /home/gabsko/breaking-updates/metrics-httpclient/target
[INFO] 
[INFO] --- maven-enforcer-plugin:1.4.1:enforce (enforce) @ metrics-httpclient ---
[INFO] 
[INFO] --- jacoco-maven-plugin:0.8.6:prepare-agent (prepare-agent) @ metrics-httpclient ---
[INFO] argLine set to -javaagent:/home/gabsko/.m2/repository/org/jacoco/org.jacoco.agent/0.8.6/org.jacoco.agent-0.8.6-runtime.jar=destfile=/home/gabsko/breaking-updates/metrics-httpclient/target/jacoco.exec
[INFO] 
[INFO] --- maven-resources-plugin:3.3.0:resources (default-resources) @ metrics-httpclient ---
[INFO] skip non existing resourceDirectory /home/gabsko/breaking-updates/metrics-httpclient/src/main/resources
[INFO] 
[INFO] --- maven-compiler-plugin:3.8.1:compile (default-compile) @ metrics-httpclient ---
[INFO] Changes detected - recompiling the module!
[INFO] Compiling 5 source files to /home/gabsko/breaking-updates/metrics-httpclient/target/classes
[WARNING] [options] bootstrap class path not set in conjunction with -source 8
[INFO] 
[INFO] --- maven-resources-plugin:3.3.0:testResources (default-testResources) @ metrics-httpclient ---
[INFO] skip non existing resourceDirectory /home/gabsko/breaking-updates/metrics-httpclient/src/test/resources
[INFO] 
[INFO] --- maven-compiler-plugin:3.8.1:testCompile (default-testCompile) @ metrics-httpclient ---
[INFO] Changes detected - recompiling the module!
[INFO] Compiling 3 source files to /home/gabsko/breaking-updates/metrics-httpclient/target/test-classes
[WARNING] [options] bootstrap class path not set in conjunction with -source 8
[WARNING] /home/gabsko/breaking-updates/metrics-httpclient/src/test/java/io/dropwizard/metrics5/httpclient/HttpClientMetricNameStrategiesTest.java:[26,8] [deprecation] <T>assertThat(T,Matcher<? super T>) in Assert has been deprecated
  where T is a type-variable:
    T extends Object declared in method <T>assertThat(T,Matcher<? super T>)
[WARNING] /home/gabsko/breaking-updates/metrics-httpclient/src/test/java/io/dropwizard/metrics5/httpclient/HttpClientMetricNameStrategiesTest.java:[32,8] [deprecation] <T>assertThat(T,Matcher<? super T>) in Assert has been deprecated
  where T is a type-variable:
    T extends Object declared in method <T>assertThat(T,Matcher<? super T>)
[WARNING] /home/gabsko/breaking-updates/metrics-httpclient/src/test/java/io/dropwizard/metrics5/httpclient/HttpClientMetricNameStrategiesTest.java:[38,8] [deprecation] <T>assertThat(T,Matcher<? super T>) in Assert has been deprecated
  where T is a type-variable:
    T extends Object declared in method <T>assertThat(T,Matcher<? super T>)
[WARNING] /home/gabsko/breaking-updates/metrics-httpclient/src/test/java/io/dropwizard/metrics5/httpclient/HttpClientMetricNameStrategiesTest.java:[44,8] [deprecation] <T>assertThat(T,Matcher<? super T>) in Assert has been deprecated
  where T is a type-variable:
    T extends Object declared in method <T>assertThat(T,Matcher<? super T>)
[WARNING] /home/gabsko/breaking-updates/metrics-httpclient/src/test/java/io/dropwizard/metrics5/httpclient/HttpClientMetricNameStrategiesTest.java:[52,8] [deprecation] <T>assertThat(T,Matcher<? super T>) in Assert has been deprecated
  where T is a type-variable:
    T extends Object declared in method <T>assertThat(T,Matcher<? super T>)
[WARNING] /home/gabsko/breaking-updates/metrics-httpclient/src/test/java/io/dropwizard/metrics5/httpclient/HttpClientMetricNameStrategiesTest.java:[60,8] [deprecation] <T>assertThat(T,Matcher<? super T>) in Assert has been deprecated
  where T is a type-variable:
    T extends Object declared in method <T>assertThat(T,Matcher<? super T>)
[WARNING] /home/gabsko/breaking-updates/metrics-httpclient/src/test/java/io/dropwizard/metrics5/httpclient/HttpClientMetricNameStrategiesTest.java:[66,8] [deprecation] <T>assertThat(T,Matcher<? super T>) in Assert has been deprecated
  where T is a type-variable:
    T extends Object declared in method <T>assertThat(T,Matcher<? super T>)
[WARNING] /home/gabsko/breaking-updates/metrics-httpclient/src/test/java/io/dropwizard/metrics5/httpclient/HttpClientMetricNameStrategiesTest.java:[72,8] [deprecation] <T>assertThat(T,Matcher<? super T>) in Assert has been deprecated
  where T is a type-variable:
    T extends Object declared in method <T>assertThat(T,Matcher<? super T>)
[WARNING] /home/gabsko/breaking-updates/metrics-httpclient/src/test/java/io/dropwizard/metrics5/httpclient/HttpClientMetricNameStrategiesTest.java:[79,8] [deprecation] <T>assertThat(T,Matcher<? super T>) in Assert has been deprecated
  where T is a type-variable:
    T extends Object declared in method <T>assertThat(T,Matcher<? super T>)
[WARNING] /home/gabsko/breaking-updates/metrics-httpclient/src/test/java/io/dropwizard/metrics5/httpclient/HttpClientMetricNameStrategiesTest.java:[86,8] [deprecation] <T>assertThat(T,Matcher<? super T>) in Assert has been deprecated
  where T is a type-variable:
    T extends Object declared in method <T>assertThat(T,Matcher<? super T>)
[WARNING] /home/gabsko/breaking-updates/metrics-httpclient/src/test/java/io/dropwizard/metrics5/httpclient/HttpClientMetricNameStrategiesTest.java:[92,8] [deprecation] <T>assertThat(T,Matcher<? super T>) in Assert has been deprecated
  where T is a type-variable:
    T extends Object declared in method <T>assertThat(T,Matcher<? super T>)
[WARNING] /home/gabsko/breaking-updates/metrics-httpclient/src/test/java/io/dropwizard/metrics5/httpclient/HttpClientMetricNameStrategiesTest.java:[101,8] [deprecation] <T>assertThat(T,Matcher<? super T>) in Assert has been deprecated
  where T is a type-variable:
    T extends Object declared in method <T>assertThat(T,Matcher<? super T>)
[WARNING] /home/gabsko/breaking-updates/metrics-httpclient/src/test/java/io/dropwizard/metrics5/httpclient/HttpClientMetricNameStrategiesTest.java:[109,26] [deprecation] rewriteURI(URI,HttpHost,boolean) in URIUtils has been deprecated
[INFO] 
[INFO] --- maven-surefire-plugin:2.22.2:test (default-test) @ metrics-httpclient ---
[INFO] 
[INFO] -------------------------------------------------------
[INFO]  T E S T S
[INFO] -------------------------------------------------------
[INFO] Running io.dropwizard.metrics5.httpclient.InstrumentedHttpClientsTest
[INFO] Tests run: 2, Failures: 0, Errors: 0, Skipped: 0, Time elapsed: 0.939 s - in io.dropwizard.metrics5.httpclient.InstrumentedHttpClientsTest
[INFO] Running io.dropwizard.metrics5.httpclient.InstrumentedHttpClientConnectionManagerTest
[INFO] Tests run: 2, Failures: 0, Errors: 0, Skipped: 0, Time elapsed: 0.089 s - in io.dropwizard.metrics5.httpclient.InstrumentedHttpClientConnectionManagerTest
[INFO] Running io.dropwizard.metrics5.httpclient.HttpClientMetricNameStrategiesTest
[INFO] Tests run: 12, Failures: 0, Errors: 0, Skipped: 0, Time elapsed: 0.012 s - in io.dropwizard.metrics5.httpclient.HttpClientMetricNameStrategiesTest
[INFO] 
[INFO] Results:
[INFO] 
[INFO] Tests run: 16, Failures: 0, Errors: 0, Skipped: 0
[INFO] 
[INFO] 
[INFO] -------------< io.dropwizard.metrics5:metrics-httpclient5 >-------------
[INFO] Building Metrics5 Integration for Apache HttpClient 5.x 5.0.0-rc5-SNAPSHOT [16/36]
[INFO] -------------------------------[ bundle ]-------------------------------
[INFO] 
[INFO] --- maven-clean-plugin:2.5:clean (default-clean) @ metrics-httpclient5 ---
[INFO] Deleting /home/gabsko/breaking-updates/metrics-httpclient5/target
[INFO] 
[INFO] --- maven-enforcer-plugin:1.4.1:enforce (enforce) @ metrics-httpclient5 ---
[INFO] 
[INFO] --- jacoco-maven-plugin:0.8.6:prepare-agent (prepare-agent) @ metrics-httpclient5 ---
[INFO] argLine set to -javaagent:/home/gabsko/.m2/repository/org/jacoco/org.jacoco.agent/0.8.6/org.jacoco.agent-0.8.6-runtime.jar=destfile=/home/gabsko/breaking-updates/metrics-httpclient5/target/jacoco.exec
[INFO] 
[INFO] --- maven-resources-plugin:3.3.0:resources (default-resources) @ metrics-httpclient5 ---
[INFO] skip non existing resourceDirectory /home/gabsko/breaking-updates/metrics-httpclient5/src/main/resources
[INFO] 
[INFO] --- maven-compiler-plugin:3.8.1:compile (default-compile) @ metrics-httpclient5 ---
[INFO] Changes detected - recompiling the module!
[INFO] Compiling 8 source files to /home/gabsko/breaking-updates/metrics-httpclient5/target/classes
[WARNING] [options] bootstrap class path not set in conjunction with -source 8
[INFO] 
[INFO] --- maven-resources-plugin:3.3.0:testResources (default-testResources) @ metrics-httpclient5 ---
[INFO] skip non existing resourceDirectory /home/gabsko/breaking-updates/metrics-httpclient5/src/test/resources
[INFO] 
[INFO] --- maven-compiler-plugin:3.8.1:testCompile (default-testCompile) @ metrics-httpclient5 ---
[INFO] Changes detected - recompiling the module!
[INFO] Compiling 5 source files to /home/gabsko/breaking-updates/metrics-httpclient5/target/test-classes
[WARNING] [options] bootstrap class path not set in conjunction with -source 8
[WARNING] /home/gabsko/breaking-updates/metrics-httpclient5/src/test/java/io/dropwizard/metrics5/httpclient5/HttpClientMetricNameStrategiesTest.java:[25,8] [deprecation] <T>assertThat(T,Matcher<? super T>) in Assert has been deprecated
  where T is a type-variable:
    T extends Object declared in method <T>assertThat(T,Matcher<? super T>)
[WARNING] /home/gabsko/breaking-updates/metrics-httpclient5/src/test/java/io/dropwizard/metrics5/httpclient5/HttpClientMetricNameStrategiesTest.java:[31,8] [deprecation] <T>assertThat(T,Matcher<? super T>) in Assert has been deprecated
  where T is a type-variable:
    T extends Object declared in method <T>assertThat(T,Matcher<? super T>)
[WARNING] /home/gabsko/breaking-updates/metrics-httpclient5/src/test/java/io/dropwizard/metrics5/httpclient5/HttpClientMetricNameStrategiesTest.java:[37,8] [deprecation] <T>assertThat(T,Matcher<? super T>) in Assert has been deprecated
  where T is a type-variable:
    T extends Object declared in method <T>assertThat(T,Matcher<? super T>)
[WARNING] /home/gabsko/breaking-updates/metrics-httpclient5/src/test/java/io/dropwizard/metrics5/httpclient5/HttpClientMetricNameStrategiesTest.java:[43,8] [deprecation] <T>assertThat(T,Matcher<? super T>) in Assert has been deprecated
  where T is a type-variable:
    T extends Object declared in method <T>assertThat(T,Matcher<? super T>)
[WARNING] /home/gabsko/breaking-updates/metrics-httpclient5/src/test/java/io/dropwizard/metrics5/httpclient5/HttpClientMetricNameStrategiesTest.java:[51,8] [deprecation] <T>assertThat(T,Matcher<? super T>) in Assert has been deprecated
  where T is a type-variable:
    T extends Object declared in method <T>assertThat(T,Matcher<? super T>)
[WARNING] /home/gabsko/breaking-updates/metrics-httpclient5/src/test/java/io/dropwizard/metrics5/httpclient5/HttpClientMetricNameStrategiesTest.java:[59,8] [deprecation] <T>assertThat(T,Matcher<? super T>) in Assert has been deprecated
  where T is a type-variable:
    T extends Object declared in method <T>assertThat(T,Matcher<? super T>)
[WARNING] /home/gabsko/breaking-updates/metrics-httpclient5/src/test/java/io/dropwizard/metrics5/httpclient5/HttpClientMetricNameStrategiesTest.java:[65,8] [deprecation] <T>assertThat(T,Matcher<? super T>) in Assert has been deprecated
  where T is a type-variable:
    T extends Object declared in method <T>assertThat(T,Matcher<? super T>)
[WARNING] /home/gabsko/breaking-updates/metrics-httpclient5/src/test/java/io/dropwizard/metrics5/httpclient5/HttpClientMetricNameStrategiesTest.java:[74,8] [deprecation] <T>assertThat(T,Matcher<? super T>) in Assert has been deprecated
  where T is a type-variable:
    T extends Object declared in method <T>assertThat(T,Matcher<? super T>)
[INFO] 
[INFO] --- maven-surefire-plugin:2.22.2:test (default-test) @ metrics-httpclient5 ---
[INFO] 
[INFO] -------------------------------------------------------
[INFO]  T E S T S
[INFO] -------------------------------------------------------
[INFO] Running io.dropwizard.metrics5.httpclient5.InstrumentedHttpClientsTest
[INFO] Tests run: 2, Failures: 0, Errors: 0, Skipped: 0, Time elapsed: 0.922 s - in io.dropwizard.metrics5.httpclient5.InstrumentedHttpClientsTest
[INFO] Running io.dropwizard.metrics5.httpclient5.InstrumentedAsyncClientConnectionManagerTest
[INFO] Tests run: 2, Failures: 0, Errors: 0, Skipped: 0, Time elapsed: 0.104 s - in io.dropwizard.metrics5.httpclient5.InstrumentedAsyncClientConnectionManagerTest
[INFO] Running io.dropwizard.metrics5.httpclient5.InstrumentedHttpClientConnectionManagerTest
[INFO] Tests run: 2, Failures: 0, Errors: 0, Skipped: 0, Time elapsed: 0.004 s - in io.dropwizard.metrics5.httpclient5.InstrumentedHttpClientConnectionManagerTest
[INFO] Running io.dropwizard.metrics5.httpclient5.HttpClientMetricNameStrategiesTest
[INFO] Tests run: 8, Failures: 0, Errors: 0, Skipped: 0, Time elapsed: 0.011 s - in io.dropwizard.metrics5.httpclient5.HttpClientMetricNameStrategiesTest
[INFO] Running io.dropwizard.metrics5.httpclient5.InstrumentedHttpAsyncClientsTest
[INFO] Tests run: 2, Failures: 0, Errors: 0, Skipped: 0, Time elapsed: 0.614 s - in io.dropwizard.metrics5.httpclient5.InstrumentedHttpAsyncClientsTest
[INFO] 
[INFO] Results:
[INFO] 
[INFO] Tests run: 16, Failures: 0, Errors: 0, Skipped: 0
[INFO] 
[INFO] 
[INFO] -----------< io.dropwizard.metrics5:metrics-httpasyncclient >-----------
[INFO] Building Metrics5 Integration for Apache HttpAsyncClient 5.0.0-rc5-SNAPSHOT [17/36]
[INFO] -------------------------------[ bundle ]-------------------------------
[INFO] 
[INFO] --- maven-clean-plugin:2.5:clean (default-clean) @ metrics-httpasyncclient ---
[INFO] Deleting /home/gabsko/breaking-updates/metrics-httpasyncclient/target
[INFO] 
[INFO] --- maven-enforcer-plugin:1.4.1:enforce (enforce) @ metrics-httpasyncclient ---
[INFO] 
[INFO] --- jacoco-maven-plugin:0.8.6:prepare-agent (prepare-agent) @ metrics-httpasyncclient ---
[INFO] argLine set to -javaagent:/home/gabsko/.m2/repository/org/jacoco/org.jacoco.agent/0.8.6/org.jacoco.agent-0.8.6-runtime.jar=destfile=/home/gabsko/breaking-updates/metrics-httpasyncclient/target/jacoco.exec
[INFO] 
[INFO] --- maven-resources-plugin:3.3.0:resources (default-resources) @ metrics-httpasyncclient ---
[INFO] skip non existing resourceDirectory /home/gabsko/breaking-updates/metrics-httpasyncclient/src/main/resources
[INFO] 
[INFO] --- maven-compiler-plugin:3.8.1:compile (default-compile) @ metrics-httpasyncclient ---
[INFO] Changes detected - recompiling the module!
[INFO] Compiling 2 source files to /home/gabsko/breaking-updates/metrics-httpasyncclient/target/classes
[WARNING] [options] bootstrap class path not set in conjunction with -source 8
[INFO] 
[INFO] --- maven-resources-plugin:3.3.0:testResources (default-testResources) @ metrics-httpasyncclient ---
[INFO] skip non existing resourceDirectory /home/gabsko/breaking-updates/metrics-httpasyncclient/src/test/resources
[INFO] 
[INFO] --- maven-compiler-plugin:3.8.1:testCompile (default-testCompile) @ metrics-httpasyncclient ---
[INFO] Changes detected - recompiling the module!
[INFO] Compiling 3 source files to /home/gabsko/breaking-updates/metrics-httpasyncclient/target/test-classes
[WARNING] [options] bootstrap class path not set in conjunction with -source 8
[WARNING] /home/gabsko/breaking-updates/metrics-httpasyncclient/src/test/java/io/dropwizard/metrics5/httpasyncclient/HttpClientTestBase.java:[26,7] [MissingSummary] A summary fragment is required; consider using the value of the @return block as a summary fragment instead.
    (see https://google.github.io/styleguide/javaguide.html#s7.2-summary-fragment)
  Did you mean '*Returns a free local port or {@code -1} on error.'?
[INFO] 
[INFO] --- maven-surefire-plugin:2.22.2:test (default-test) @ metrics-httpasyncclient ---
[INFO] 
[INFO] -------------------------------------------------------
[INFO]  T E S T S
[INFO] -------------------------------------------------------
[INFO] Running io.dropwizard.metrics5.httpasyncclient.InstrumentedHttpClientsTimerTest
[WARNING] Tests run: 1, Failures: 0, Errors: 0, Skipped: 1, Time elapsed: 0.009 s - in io.dropwizard.metrics5.httpasyncclient.InstrumentedHttpClientsTimerTest
[INFO] Running io.dropwizard.metrics5.httpasyncclient.InstrumentedHttpClientsTest
[INFO] Tests run: 1, Failures: 0, Errors: 0, Skipped: 0, Time elapsed: 1.113 s - in io.dropwizard.metrics5.httpasyncclient.InstrumentedHttpClientsTest
[INFO] 
[INFO] Results:
[INFO] 
[WARNING] Tests run: 2, Failures: 0, Errors: 0, Skipped: 1
[INFO] 
[INFO] 
[INFO] -----------< io.dropwizard.metrics5:metrics-jakarta-servlet >-----------
[INFO] Building Metrics5 Integration for Jakarta Servlets 5.0.0-rc5-SNAPSHOT [18/36]
[INFO] -------------------------------[ bundle ]-------------------------------
[INFO] 
[INFO] --- maven-clean-plugin:2.5:clean (default-clean) @ metrics-jakarta-servlet ---
[INFO] Deleting /home/gabsko/breaking-updates/metrics-jakarta-servlet/target
[INFO] 
[INFO] --- maven-enforcer-plugin:1.4.1:enforce (enforce) @ metrics-jakarta-servlet ---
[INFO] 
[INFO] --- jacoco-maven-plugin:0.8.6:prepare-agent (prepare-agent) @ metrics-jakarta-servlet ---
[INFO] argLine set to -javaagent:/home/gabsko/.m2/repository/org/jacoco/org.jacoco.agent/0.8.6/org.jacoco.agent-0.8.6-runtime.jar=destfile=/home/gabsko/breaking-updates/metrics-jakarta-servlet/target/jacoco.exec
[INFO] 
[INFO] --- maven-resources-plugin:3.3.0:resources (default-resources) @ metrics-jakarta-servlet ---
[INFO] skip non existing resourceDirectory /home/gabsko/breaking-updates/metrics-jakarta-servlet/src/main/resources
[INFO] 
[INFO] --- maven-compiler-plugin:3.8.1:compile (default-compile) @ metrics-jakarta-servlet ---
[INFO] Changes detected - recompiling the module!
[INFO] Compiling 3 source files to /home/gabsko/breaking-updates/metrics-jakarta-servlet/target/classes
[WARNING] [options] bootstrap class path not set in conjunction with -source 8
[WARNING] /home/gabsko/breaking-updates/metrics-jakarta-servlet/src/main/java/io/dropwizard/metrics5/servlet/AbstractInstrumentedFilter.java:[73,13] [BadImport] Importing nested classes/static methods/static fields with commonly-used names can make code harder to read, because it may not be clear from the context exactly which type is being referred to. Qualifying the name with that of the containing class can make the code clearer. Here we recommend using qualified class: Map.
    (see https://errorprone.info/bugpattern/BadImport)
  Did you mean 'for (Map.Entry<Integer, String> entry : meterNamesByStatusCode.entrySet()) {'?
[WARNING] /home/gabsko/breaking-updates/metrics-jakarta-servlet/src/main/java/io/dropwizard/metrics5/servlet/InstrumentedFilterContextListener.java:[14,7] [MissingSummary] A summary fragment is required; consider using the value of the @return block as a summary fragment instead.
    (see https://google.github.io/styleguide/javaguide.html#s7.2-summary-fragment)
  Did you mean '*Returns the {@link MetricRegistry} to inject into the servlet context.'?
[INFO] 
[INFO] --- maven-resources-plugin:3.3.0:testResources (default-testResources) @ metrics-jakarta-servlet ---
[INFO] skip non existing resourceDirectory /home/gabsko/breaking-updates/metrics-jakarta-servlet/src/test/resources
[INFO] 
[INFO] --- maven-compiler-plugin:3.8.1:testCompile (default-testCompile) @ metrics-jakarta-servlet ---
[INFO] Changes detected - recompiling the module!
[INFO] Compiling 1 source file to /home/gabsko/breaking-updates/metrics-jakarta-servlet/target/test-classes
[WARNING] [options] bootstrap class path not set in conjunction with -source 8
[INFO] 
[INFO] --- maven-surefire-plugin:2.22.2:test (default-test) @ metrics-jakarta-servlet ---
[INFO] 
[INFO] -------------------------------------------------------
[INFO]  T E S T S
[INFO] -------------------------------------------------------
[INFO] Running io.dropwizard.metrics5.servlet.InstrumentedFilterContextListenerTest
[INFO] Tests run: 1, Failures: 0, Errors: 0, Skipped: 0, Time elapsed: 0.476 s - in io.dropwizard.metrics5.servlet.InstrumentedFilterContextListenerTest
[INFO] 
[INFO] Results:
[INFO] 
[INFO] Tests run: 1, Failures: 0, Errors: 0, Skipped: 0
[INFO] 
[INFO] 
[INFO] ----------------< io.dropwizard.metrics5:metrics-json >-----------------
[INFO] Building Jackson Integration for Metrics5 5.0.0-rc5-SNAPSHOT     [19/36]
[INFO] -------------------------------[ bundle ]-------------------------------
[INFO] 
[INFO] --- maven-clean-plugin:2.5:clean (default-clean) @ metrics-json ---
[INFO] Deleting /home/gabsko/breaking-updates/metrics-json/target
[INFO] 
[INFO] --- maven-enforcer-plugin:1.4.1:enforce (enforce) @ metrics-json ---
[INFO] 
[INFO] --- jacoco-maven-plugin:0.8.6:prepare-agent (prepare-agent) @ metrics-json ---
[INFO] argLine set to -javaagent:/home/gabsko/.m2/repository/org/jacoco/org.jacoco.agent/0.8.6/org.jacoco.agent-0.8.6-runtime.jar=destfile=/home/gabsko/breaking-updates/metrics-json/target/jacoco.exec
[INFO] 
[INFO] --- maven-resources-plugin:3.3.0:resources (default-resources) @ metrics-json ---
[INFO] skip non existing resourceDirectory /home/gabsko/breaking-updates/metrics-json/src/main/resources
[INFO] 
[INFO] --- maven-compiler-plugin:3.8.1:compile (default-compile) @ metrics-json ---
[INFO] Changes detected - recompiling the module!
[INFO] Compiling 2 source files to /home/gabsko/breaking-updates/metrics-json/target/classes
[WARNING] [options] bootstrap class path not set in conjunction with -source 8
[INFO] 
[INFO] --- maven-resources-plugin:3.3.0:testResources (default-testResources) @ metrics-json ---
[INFO] skip non existing resourceDirectory /home/gabsko/breaking-updates/metrics-json/src/test/resources
[INFO] 
[INFO] --- maven-compiler-plugin:3.8.1:testCompile (default-testCompile) @ metrics-json ---
[INFO] Changes detected - recompiling the module!
[INFO] Compiling 2 source files to /home/gabsko/breaking-updates/metrics-json/target/test-classes
[WARNING] [options] bootstrap class path not set in conjunction with -source 8
[INFO] 
[INFO] --- maven-surefire-plugin:2.22.2:test (default-test) @ metrics-json ---
[INFO] 
[INFO] -------------------------------------------------------
[INFO]  T E S T S
[INFO] -------------------------------------------------------
[INFO] Running io.dropwizard.metrics5.json.MetricsModuleTest
[INFO] Tests run: 7, Failures: 0, Errors: 0, Skipped: 0, Time elapsed: 0.683 s - in io.dropwizard.metrics5.json.MetricsModuleTest
[INFO] Running io.dropwizard.metrics5.json.HealthCheckModuleTest
[INFO] Tests run: 6, Failures: 0, Errors: 0, Skipped: 0, Time elapsed: 0.033 s - in io.dropwizard.metrics5.json.HealthCheckModuleTest
[INFO] 
[INFO] Results:
[INFO] 
[INFO] Tests run: 13, Failures: 0, Errors: 0, Skipped: 0
[INFO] 
[INFO] 
[INFO] ---------------< io.dropwizard.metrics5:metrics-jetty11 >---------------
[INFO] Building Metrics Integration for Jetty 11.x and higher 5.0.0-rc5-SNAPSHOT [20/36]
[INFO] -------------------------------[ bundle ]-------------------------------
[INFO] 
[INFO] --- maven-clean-plugin:2.5:clean (default-clean) @ metrics-jetty11 ---
[INFO] Deleting /home/gabsko/breaking-updates/metrics-jetty11/target
[INFO] 
[INFO] --- maven-enforcer-plugin:1.4.1:enforce (enforce) @ metrics-jetty11 ---
[INFO] 
[INFO] --- jacoco-maven-plugin:0.8.6:prepare-agent (prepare-agent) @ metrics-jetty11 ---
[INFO] argLine set to -javaagent:/home/gabsko/.m2/repository/org/jacoco/org.jacoco.agent/0.8.6/org.jacoco.agent-0.8.6-runtime.jar=destfile=/home/gabsko/breaking-updates/metrics-jetty11/target/jacoco.exec
[INFO] 
[INFO] --- maven-resources-plugin:3.3.0:resources (default-resources) @ metrics-jetty11 ---
[INFO] skip non existing resourceDirectory /home/gabsko/breaking-updates/metrics-jetty11/src/main/resources
[INFO] 
[INFO] --- maven-compiler-plugin:3.8.1:compile (default-compile) @ metrics-jetty11 ---
[INFO] Changes detected - recompiling the module!
[INFO] Compiling 4 source files to /home/gabsko/breaking-updates/metrics-jetty11/target/classes
[WARNING] [options] bootstrap class path not set in conjunction with -source 8
[INFO] 
[INFO] --- maven-resources-plugin:3.3.0:testResources (default-testResources) @ metrics-jetty11 ---
[INFO] skip non existing resourceDirectory /home/gabsko/breaking-updates/metrics-jetty11/src/test/resources
[INFO] 
[INFO] --- maven-compiler-plugin:3.8.1:testCompile (default-testCompile) @ metrics-jetty11 ---
[INFO] Changes detected - recompiling the module!
[INFO] Compiling 4 source files to /home/gabsko/breaking-updates/metrics-jetty11/target/test-classes
[WARNING] [options] bootstrap class path not set in conjunction with -source 8
[INFO] 
[INFO] --- maven-surefire-plugin:2.22.2:test (default-test) @ metrics-jetty11 ---
[INFO] 
[INFO] -------------------------------------------------------
[INFO]  T E S T S
[INFO] -------------------------------------------------------
[INFO] Running io.dropwizard.metrics5.jetty11.InstrumentedHandlerTest
[main] INFO org.eclipse.jetty.server.Server - jetty-11.0.1; built: 2021-02-19T22:03:05.556Z; git: e98092c1791fbda9d157dd5339cf3a909e90ab40; jvm 11.0.17+8-post-Ubuntu-1ubuntu218.04
[main] INFO org.eclipse.jetty.server.AbstractConnector - Started ServerConnector@50de0926{HTTP/1.1, (http/1.1)}{0.0.0.0:35475}
[main] INFO org.eclipse.jetty.server.Server - Started Server@701fc37a{STARTING}[11.0.1,sto=0] @506ms
[main] INFO org.eclipse.jetty.server.Server - Stopped Server@701fc37a{STOPPING}[11.0.1,sto=0]
[main] INFO org.eclipse.jetty.server.AbstractConnector - Stopped ServerConnector@50de0926{HTTP/1.1, (http/1.1)}{0.0.0.0:0}
[main] INFO org.eclipse.jetty.server.Server - jetty-11.0.1; built: 2021-02-19T22:03:05.556Z; git: e98092c1791fbda9d157dd5339cf3a909e90ab40; jvm 11.0.17+8-post-Ubuntu-1ubuntu218.04
[main] INFO org.eclipse.jetty.server.AbstractConnector - Started ServerConnector@35aea049{HTTP/1.1, (http/1.1)}{0.0.0.0:40979}
[main] INFO org.eclipse.jetty.server.Server - Started Server@47987356{STARTING}[11.0.1,sto=0] @779ms
[main] INFO org.eclipse.jetty.server.Server - Stopped Server@47987356{STOPPING}[11.0.1,sto=0]
[main] INFO org.eclipse.jetty.server.AbstractConnector - Stopped ServerConnector@35aea049{HTTP/1.1, (http/1.1)}{0.0.0.0:0}
[main] INFO org.eclipse.jetty.server.Server - jetty-11.0.1; built: 2021-02-19T22:03:05.556Z; git: e98092c1791fbda9d157dd5339cf3a909e90ab40; jvm 11.0.17+8-post-Ubuntu-1ubuntu218.04
[main] INFO org.eclipse.jetty.server.AbstractConnector - Started ServerConnector@5d0bf09b{HTTP/1.1, (http/1.1)}{0.0.0.0:44135}
[main] INFO org.eclipse.jetty.server.Server - Started Server@3e8c3cb{STARTING}[11.0.1,sto=0] @951ms
[main] INFO org.eclipse.jetty.server.Server - Stopped Server@3e8c3cb{STOPPING}[11.0.1,sto=0]
[main] INFO org.eclipse.jetty.server.AbstractConnector - Stopped ServerConnector@5d0bf09b{HTTP/1.1, (http/1.1)}{0.0.0.0:0}
[WARNING] Tests run: 4, Failures: 0, Errors: 0, Skipped: 1, Time elapsed: 0.902 s - in io.dropwizard.metrics5.jetty11.InstrumentedHandlerTest
[INFO] Running io.dropwizard.metrics5.jetty11.InstrumentedHttpChannelListenerTest
[main] INFO org.eclipse.jetty.server.Server - jetty-11.0.1; built: 2021-02-19T22:03:05.556Z; git: e98092c1791fbda9d157dd5339cf3a909e90ab40; jvm 11.0.17+8-post-Ubuntu-1ubuntu218.04
[main] INFO org.eclipse.jetty.server.AbstractConnector - Started ServerConnector@5386659f{HTTP/1.1, (http/1.1)}{0.0.0.0:46853}
[main] INFO org.eclipse.jetty.server.Server - Started Server@19932c16{STARTING}[11.0.1,sto=0] @1111ms
[main] INFO org.eclipse.jetty.server.Server - Stopped Server@19932c16{STOPPING}[11.0.1,sto=0]
[main] INFO org.eclipse.jetty.server.AbstractConnector - Stopped ServerConnector@5386659f{HTTP/1.1, (http/1.1)}{0.0.0.0:0}
[main] INFO org.eclipse.jetty.server.Server - jetty-11.0.1; built: 2021-02-19T22:03:05.556Z; git: e98092c1791fbda9d157dd5339cf3a909e90ab40; jvm 11.0.17+8-post-Ubuntu-1ubuntu218.04
[main] INFO org.eclipse.jetty.server.AbstractConnector - Started ServerConnector@4d1bf319{HTTP/1.1, (http/1.1)}{0.0.0.0:34171}
[main] INFO org.eclipse.jetty.server.Server - Started Server@5c80cf32{STARTING}[11.0.1,sto=0] @1368ms
[main] INFO org.eclipse.jetty.server.Server - Stopped Server@5c80cf32{STOPPING}[11.0.1,sto=0]
[main] INFO org.eclipse.jetty.server.AbstractConnector - Stopped ServerConnector@4d1bf319{HTTP/1.1, (http/1.1)}{0.0.0.0:0}
[main] INFO org.eclipse.jetty.server.Server - jetty-11.0.1; built: 2021-02-19T22:03:05.556Z; git: e98092c1791fbda9d157dd5339cf3a909e90ab40; jvm 11.0.17+8-post-Ubuntu-1ubuntu218.04
[main] INFO org.eclipse.jetty.server.AbstractConnector - Started ServerConnector@26abb146{HTTP/1.1, (http/1.1)}{0.0.0.0:40377}
[main] INFO org.eclipse.jetty.server.Server - Started Server@65f8f5ae{STARTING}[11.0.1,sto=0] @1599ms
[main] INFO org.eclipse.jetty.server.Server - Stopped Server@65f8f5ae{STOPPING}[11.0.1,sto=0]
[main] INFO org.eclipse.jetty.server.AbstractConnector - Stopped ServerConnector@26abb146{HTTP/1.1, (http/1.1)}{0.0.0.0:0}
[INFO] Tests run: 3, Failures: 0, Errors: 0, Skipped: 0, Time elapsed: 0.536 s - in io.dropwizard.metrics5.jetty11.InstrumentedHttpChannelListenerTest
[INFO] Running io.dropwizard.metrics5.jetty11.InstrumentedConnectionFactoryTest
[main] INFO org.eclipse.jetty.server.Server - jetty-11.0.1; built: 2021-02-19T22:03:05.556Z; git: e98092c1791fbda9d157dd5339cf3a909e90ab40; jvm 11.0.17+8-post-Ubuntu-1ubuntu218.04
[main] INFO org.eclipse.jetty.server.AbstractConnector - Started ServerConnector@97e93f1{HTTP/1.1, (http/1.1)}{0.0.0.0:38341}
[main] INFO org.eclipse.jetty.server.Server - Started Server@6b09fb41{STARTING}[11.0.1,sto=0] @1632ms
[main] INFO org.eclipse.jetty.server.Server - Stopped Server@6b09fb41{STOPPING}[11.0.1,sto=0]
[main] INFO org.eclipse.jetty.server.AbstractConnector - Stopped ServerConnector@97e93f1{HTTP/1.1, (http/1.1)}{0.0.0.0:0}
[main] INFO org.eclipse.jetty.server.Server - jetty-11.0.1; built: 2021-02-19T22:03:05.556Z; git: e98092c1791fbda9d157dd5339cf3a909e90ab40; jvm 11.0.17+8-post-Ubuntu-1ubuntu218.04
[main] INFO org.eclipse.jetty.server.AbstractConnector - Started ServerConnector@4dc27487{HTTP/1.1, (http/1.1)}{0.0.0.0:36397}
[main] INFO org.eclipse.jetty.server.Server - Started Server@2584b82d{STARTING}[11.0.1,sto=0] @1763ms
[main] INFO org.eclipse.jetty.server.Server - Stopped Server@2584b82d{STOPPING}[11.0.1,sto=0]
[main] INFO org.eclipse.jetty.server.AbstractConnector - Stopped ServerConnector@4dc27487{HTTP/1.1, (http/1.1)}{0.0.0.0:0}
[INFO] Tests run: 2, Failures: 0, Errors: 0, Skipped: 0, Time elapsed: 0.26 s - in io.dropwizard.metrics5.jetty11.InstrumentedConnectionFactoryTest
[INFO] Running io.dropwizard.metrics5.jetty11.InstrumentedQueuedThreadPoolTest
[INFO] Tests run: 2, Failures: 0, Errors: 0, Skipped: 0, Time elapsed: 0.024 s - in io.dropwizard.metrics5.jetty11.InstrumentedQueuedThreadPoolTest
[INFO] 
[INFO] Results:
[INFO] 
[WARNING] Tests run: 11, Failures: 0, Errors: 0, Skipped: 1
[INFO] 
[INFO] 
[INFO] ----------< io.dropwizard.metrics5:metrics-jakarta-servlets >-----------
[INFO] Building Metrics5 Utility Jakarta Servlets 5.0.0-rc5-SNAPSHOT    [21/36]
[INFO] -------------------------------[ bundle ]-------------------------------
[INFO] 
[INFO] --- maven-clean-plugin:2.5:clean (default-clean) @ metrics-jakarta-servlets ---
[INFO] Deleting /home/gabsko/breaking-updates/metrics-jakarta-servlets/target
[INFO] 
[INFO] --- maven-enforcer-plugin:1.4.1:enforce (enforce) @ metrics-jakarta-servlets ---
[INFO] 
[INFO] --- jacoco-maven-plugin:0.8.6:prepare-agent (prepare-agent) @ metrics-jakarta-servlets ---
[INFO] argLine set to -javaagent:/home/gabsko/.m2/repository/org/jacoco/org.jacoco.agent/0.8.6/org.jacoco.agent-0.8.6-runtime.jar=destfile=/home/gabsko/breaking-updates/metrics-jakarta-servlets/target/jacoco.exec
[INFO] 
[INFO] --- maven-resources-plugin:3.3.0:resources (default-resources) @ metrics-jakarta-servlets ---
[INFO] skip non existing resourceDirectory /home/gabsko/breaking-updates/metrics-jakarta-servlets/src/main/resources
[INFO] 
[INFO] --- maven-compiler-plugin:3.8.1:compile (default-compile) @ metrics-jakarta-servlets ---
[INFO] Changes detected - recompiling the module!
[INFO] Compiling 6 source files to /home/gabsko/breaking-updates/metrics-jakarta-servlets/target/classes
[WARNING] [options] bootstrap class path not set in conjunction with -source 8
[WARNING] /home/gabsko/breaking-updates/metrics-jakarta-servlets/src/main/java/io/dropwizard/metrics5/servlets/HealthCheckServlet.java:[27,11] [MissingSummary] A summary fragment is required; consider using the value of the @return block as a summary fragment instead.
    (see https://google.github.io/styleguide/javaguide.html#s7.2-summary-fragment)
  Did you mean '*Returns the {@link HealthCheckRegistry} to inject into the servlet context.'?
[WARNING] /home/gabsko/breaking-updates/metrics-jakarta-servlets/src/main/java/io/dropwizard/metrics5/servlets/HealthCheckServlet.java:[32,11] [MissingSummary] A summary fragment is required; consider using the value of the @return block as a summary fragment instead.
    (see https://google.github.io/styleguide/javaguide.html#s7.2-summary-fragment)
  Did you mean '*Returns the {@link ExecutorService} to inject into the servlet context, or {@code null}'?
[WARNING] /home/gabsko/breaking-updates/metrics-jakarta-servlets/src/main/java/io/dropwizard/metrics5/servlets/HealthCheckServlet.java:[41,11] [MissingSummary] A summary fragment is required; consider using the value of the @return block as a summary fragment instead.
    (see https://google.github.io/styleguide/javaguide.html#s7.2-summary-fragment)
  Did you mean '*Returns the {@link HealthCheckFilter} that shall be used to filter health checks,'?
[WARNING] /home/gabsko/breaking-updates/metrics-jakarta-servlets/src/main/java/io/dropwizard/metrics5/servlets/MetricsServlet.java:[34,11] [MissingSummary] A summary fragment is required; consider using the value of the @return block as a summary fragment instead.
    (see https://google.github.io/styleguide/javaguide.html#s7.2-summary-fragment)
  Did you mean '*Returns the {@link MetricRegistry} to inject into the servlet context.'?
[WARNING] /home/gabsko/breaking-updates/metrics-jakarta-servlets/src/main/java/io/dropwizard/metrics5/servlets/MetricsServlet.java:[39,11] [MissingSummary] A summary fragment is required; consider using the value of the @return block as a summary fragment instead.
    (see https://google.github.io/styleguide/javaguide.html#s7.2-summary-fragment)
  Did you mean '*Returns the {@link TimeUnit} to which rates should be converted, or {@code null} if the'?
[WARNING] /home/gabsko/breaking-updates/metrics-jakarta-servlets/src/main/java/io/dropwizard/metrics5/servlets/MetricsServlet.java:[48,11] [MissingSummary] A summary fragment is required; consider using the value of the @return block as a summary fragment instead.
    (see https://google.github.io/styleguide/javaguide.html#s7.2-summary-fragment)
  Did you mean '*Returns the {@link TimeUnit} to which durations should be converted, or {@code null} if'?
[WARNING] /home/gabsko/breaking-updates/metrics-jakarta-servlets/src/main/java/io/dropwizard/metrics5/servlets/MetricsServlet.java:[57,11] [MissingSummary] A summary fragment is required; consider using the value of the @return block as a summary fragment instead.
    (see https://google.github.io/styleguide/javaguide.html#s7.2-summary-fragment)
  Did you mean '*Returns the {@code Access-Control-Allow-Origin} header value, if any.'?
[INFO] 
[INFO] --- maven-resources-plugin:3.3.0:testResources (default-testResources) @ metrics-jakarta-servlets ---
[INFO] skip non existing resourceDirectory /home/gabsko/breaking-updates/metrics-jakarta-servlets/src/test/resources
[INFO] 
[INFO] --- maven-compiler-plugin:3.8.1:testCompile (default-testCompile) @ metrics-jakarta-servlets ---
[INFO] Changes detected - recompiling the module!
[INFO] Compiling 9 source files to /home/gabsko/breaking-updates/metrics-jakarta-servlets/target/test-classes
[WARNING] [options] bootstrap class path not set in conjunction with -source 8
[WARNING] /home/gabsko/breaking-updates/metrics-jakarta-servlets/src/test/java/io/dropwizard/metrics5/servlets/HealthCheckServletTest.java:[31,69] [JavaTimeDefaultTimeZone] ZonedDateTime.now() is not allowed because it silently uses the system default time-zone. You must pass an explicit time-zone (e.g., ZoneId.of("America/Los_Angeles")) to this method.
    (see https://errorprone.info/bugpattern/JavaTimeDefaultTimeZone)
  Did you mean 'private static final ZonedDateTime FIXED_TIME = ZonedDateTime.now(ZoneId.systemDefault());'?
[INFO] 
[INFO] --- maven-surefire-plugin:2.22.2:test (default-test) @ metrics-jakarta-servlets ---
[INFO] 
[INFO] -------------------------------------------------------
[INFO]  T E S T S
[INFO] -------------------------------------------------------
[INFO] Running io.dropwizard.metrics5.servlets.MetricsServletTest
[main] INFO org.eclipse.jetty.server.Server - jetty-11.0.1; built: 2021-02-19T22:03:05.556Z; git: e98092c1791fbda9d157dd5339cf3a909e90ab40; jvm 11.0.17+8-post-Ubuntu-1ubuntu218.04
[main] INFO org.eclipse.jetty.server.session.DefaultSessionIdManager - Session workerName=node0
[main] INFO org.eclipse.jetty.server.handler.ContextHandler - Started o.e.j.s.ServletContextHandler@395b56bb{/,null,AVAILABLE}
[main] INFO org.eclipse.jetty.server.AbstractConnector - Started LocalConnector@954b04f{HTTP/1.1, (http/1.1)}
[main] INFO org.eclipse.jetty.server.Server - Started Server@736caf7a{STARTING}[11.0.1,sto=0] @783ms
[main] INFO org.eclipse.jetty.server.Server - Stopped Server@736caf7a{STOPPING}[11.0.1,sto=0]
[main] INFO org.eclipse.jetty.server.AbstractConnector - Stopped LocalConnector@954b04f{HTTP/1.1, (http/1.1)}
[main] INFO org.eclipse.jetty.server.handler.ContextHandler - Stopped o.e.j.s.ServletContextHandler@395b56bb{/,null,STOPPED}
[main] INFO org.eclipse.jetty.server.Server - jetty-11.0.1; built: 2021-02-19T22:03:05.556Z; git: e98092c1791fbda9d157dd5339cf3a909e90ab40; jvm 11.0.17+8-post-Ubuntu-1ubuntu218.04
[main] INFO org.eclipse.jetty.server.session.DefaultSessionIdManager - Session workerName=node0
[main] INFO org.eclipse.jetty.server.handler.ContextHandler - Started o.e.j.s.ServletContextHandler@11dee337{/,null,AVAILABLE}
[main] INFO org.eclipse.jetty.server.AbstractConnector - Started LocalConnector@74cec793{HTTP/1.1, (http/1.1)}
[main] INFO org.eclipse.jetty.server.Server - Started Server@1bdf8190{STARTING}[11.0.1,sto=0] @935ms
[main] INFO org.eclipse.jetty.server.Server - Stopped Server@1bdf8190{STOPPING}[11.0.1,sto=0]
[main] INFO org.eclipse.jetty.server.AbstractConnector - Stopped LocalConnector@74cec793{HTTP/1.1, (http/1.1)}
[main] INFO org.eclipse.jetty.server.handler.ContextHandler - Stopped o.e.j.s.ServletContextHandler@11dee337{/,null,STOPPED}
[main] INFO org.eclipse.jetty.server.Server - jetty-11.0.1; built: 2021-02-19T22:03:05.556Z; git: e98092c1791fbda9d157dd5339cf3a909e90ab40; jvm 11.0.17+8-post-Ubuntu-1ubuntu218.04
[main] INFO org.eclipse.jetty.server.session.DefaultSessionIdManager - Session workerName=node0
[main] INFO org.eclipse.jetty.server.handler.ContextHandler - Started o.e.j.s.ServletContextHandler@1827a871{/,null,AVAILABLE}
[main] INFO org.eclipse.jetty.server.AbstractConnector - Started LocalConnector@57f791c6{HTTP/1.1, (http/1.1)}
[main] INFO org.eclipse.jetty.server.Server - Started Server@5bd1ceca{STARTING}[11.0.1,sto=0] @1207ms
[main] INFO org.eclipse.jetty.server.Server - Stopped Server@5bd1ceca{STOPPING}[11.0.1,sto=0]
[main] INFO org.eclipse.jetty.server.AbstractConnector - Stopped LocalConnector@57f791c6{HTTP/1.1, (http/1.1)}
[main] INFO org.eclipse.jetty.server.handler.ContextHandler - Stopped o.e.j.s.ServletContextHandler@1827a871{/,null,STOPPED}
[main] INFO org.eclipse.jetty.server.Server - jetty-11.0.1; built: 2021-02-19T22:03:05.556Z; git: e98092c1791fbda9d157dd5339cf3a909e90ab40; jvm 11.0.17+8-post-Ubuntu-1ubuntu218.04
[main] INFO org.eclipse.jetty.server.session.DefaultSessionIdManager - Session workerName=node0
[main] INFO org.eclipse.jetty.server.handler.ContextHandler - Started o.e.j.s.ServletContextHandler@4fdfa676{/,null,AVAILABLE}
[main] INFO org.eclipse.jetty.server.AbstractConnector - Started LocalConnector@4362d7df{HTTP/1.1, (http/1.1)}
[main] INFO org.eclipse.jetty.server.Server - Started Server@200606de{STARTING}[11.0.1,sto=0] @1223ms
[main] INFO org.eclipse.jetty.server.Server - Stopped Server@200606de{STOPPING}[11.0.1,sto=0]
[main] INFO org.eclipse.jetty.server.AbstractConnector - Stopped LocalConnector@4362d7df{HTTP/1.1, (http/1.1)}
[main] INFO org.eclipse.jetty.server.handler.ContextHandler - Stopped o.e.j.s.ServletContextHandler@4fdfa676{/,null,STOPPED}
[main] INFO org.eclipse.jetty.server.Server - jetty-11.0.1; built: 2021-02-19T22:03:05.556Z; git: e98092c1791fbda9d157dd5339cf3a909e90ab40; jvm 11.0.17+8-post-Ubuntu-1ubuntu218.04
[main] INFO org.eclipse.jetty.server.session.DefaultSessionIdManager - Session workerName=node0
[main] INFO org.eclipse.jetty.server.handler.ContextHandler - Started o.e.j.s.ServletContextHandler@3d4d3fe7{/,null,AVAILABLE}
[main] INFO org.eclipse.jetty.server.AbstractConnector - Started LocalConnector@600b0b7{HTTP/1.1, (http/1.1)}
[main] INFO org.eclipse.jetty.server.Server - Started Server@443dbe42{STARTING}[11.0.1,sto=0] @1240ms
[main] INFO org.eclipse.jetty.server.Server - Stopped Server@443dbe42{STOPPING}[11.0.1,sto=0]
[main] INFO org.eclipse.jetty.server.AbstractConnector - Stopped LocalConnector@600b0b7{HTTP/1.1, (http/1.1)}
[main] INFO org.eclipse.jetty.server.handler.ContextHandler - Stopped o.e.j.s.ServletContextHandler@3d4d3fe7{/,null,STOPPED}
[main] INFO org.eclipse.jetty.server.Server - jetty-11.0.1; built: 2021-02-19T22:03:05.556Z; git: e98092c1791fbda9d157dd5339cf3a909e90ab40; jvm 11.0.17+8-post-Ubuntu-1ubuntu218.04
[main] INFO org.eclipse.jetty.server.session.DefaultSessionIdManager - Session workerName=node0
[main] INFO org.eclipse.jetty.server.handler.ContextHandler - Started o.e.j.s.ServletContextHandler@2b50150{/,null,AVAILABLE}
[main] INFO org.eclipse.jetty.server.AbstractConnector - Started LocalConnector@3e1162e7{HTTP/1.1, (http/1.1)}
[main] INFO org.eclipse.jetty.server.Server - Started Server@350b3a17{STARTING}[11.0.1,sto=0] @1314ms
[main] INFO org.eclipse.jetty.server.Server - Stopped Server@350b3a17{STOPPING}[11.0.1,sto=0]
[main] INFO org.eclipse.jetty.server.AbstractConnector - Stopped LocalConnector@3e1162e7{HTTP/1.1, (http/1.1)}
[main] INFO org.eclipse.jetty.server.handler.ContextHandler - Stopped o.e.j.s.ServletContextHandler@2b50150{/,null,STOPPED}
[main] INFO org.eclipse.jetty.server.Server - jetty-11.0.1; built: 2021-02-19T22:03:05.556Z; git: e98092c1791fbda9d157dd5339cf3a909e90ab40; jvm 11.0.17+8-post-Ubuntu-1ubuntu218.04
[main] INFO org.eclipse.jetty.server.session.DefaultSessionIdManager - Session workerName=node0
[main] INFO org.eclipse.jetty.server.handler.ContextHandler - Started o.e.j.s.ServletContextHandler@4163f1cd{/,null,AVAILABLE}
[main] INFO org.eclipse.jetty.server.AbstractConnector - Started LocalConnector@6bb7cce7{HTTP/1.1, (http/1.1)}
[main] INFO org.eclipse.jetty.server.Server - Started Server@328572f0{STARTING}[11.0.1,sto=0] @1323ms
[main] INFO org.eclipse.jetty.server.Server - Stopped Server@328572f0{STOPPING}[11.0.1,sto=0]
[main] INFO org.eclipse.jetty.server.AbstractConnector - Stopped LocalConnector@6bb7cce7{HTTP/1.1, (http/1.1)}
[main] INFO org.eclipse.jetty.server.handler.ContextHandler - Stopped o.e.j.s.ServletContextHandler@4163f1cd{/,null,STOPPED}
[INFO] Tests run: 7, Failures: 0, Errors: 0, Skipped: 0, Time elapsed: 1.109 s - in io.dropwizard.metrics5.servlets.MetricsServletTest
[INFO] Running io.dropwizard.metrics5.servlets.ThreadDumpServletTest
[main] INFO org.eclipse.jetty.server.Server - jetty-11.0.1; built: 2021-02-19T22:03:05.556Z; git: e98092c1791fbda9d157dd5339cf3a909e90ab40; jvm 11.0.17+8-post-Ubuntu-1ubuntu218.04
[main] INFO org.eclipse.jetty.server.session.DefaultSessionIdManager - Session workerName=node0
[main] INFO org.eclipse.jetty.server.handler.ContextHandler - Started o.e.j.s.ServletContextHandler@ceb4bd2{/,null,AVAILABLE}
[main] INFO org.eclipse.jetty.server.AbstractConnector - Started LocalConnector@2d83c5a5{HTTP/1.1, (http/1.1)}
[main] INFO org.eclipse.jetty.server.Server - Started Server@60222fd8{STARTING}[11.0.1,sto=0] @1337ms
[main] INFO org.eclipse.jetty.server.Server - Stopped Server@60222fd8{STOPPING}[11.0.1,sto=0]
[main] INFO org.eclipse.jetty.server.AbstractConnector - Stopped LocalConnector@2d83c5a5{HTTP/1.1, (http/1.1)}
[main] INFO org.eclipse.jetty.server.handler.ContextHandler - Stopped o.e.j.s.ServletContextHandler@ceb4bd2{/,null,STOPPED}
[main] INFO org.eclipse.jetty.server.Server - jetty-11.0.1; built: 2021-02-19T22:03:05.556Z; git: e98092c1791fbda9d157dd5339cf3a909e90ab40; jvm 11.0.17+8-post-Ubuntu-1ubuntu218.04
[main] INFO org.eclipse.jetty.server.session.DefaultSessionIdManager - Session workerName=node0
[main] INFO org.eclipse.jetty.server.handler.ContextHandler - Started o.e.j.s.ServletContextHandler@68ace111{/,null,AVAILABLE}
[main] INFO org.eclipse.jetty.server.AbstractConnector - Started LocalConnector@56bc3fac{HTTP/1.1, (http/1.1)}
[main] INFO org.eclipse.jetty.server.Server - Started Server@37ff4054{STARTING}[11.0.1,sto=0] @1362ms
[main] INFO org.eclipse.jetty.server.Server - Stopped Server@37ff4054{STOPPING}[11.0.1,sto=0]
[main] INFO org.eclipse.jetty.server.AbstractConnector - Stopped LocalConnector@56bc3fac{HTTP/1.1, (http/1.1)}
[main] INFO org.eclipse.jetty.server.handler.ContextHandler - Stopped o.e.j.s.ServletContextHandler@68ace111{/,null,STOPPED}
[main] INFO org.eclipse.jetty.server.Server - jetty-11.0.1; built: 2021-02-19T22:03:05.556Z; git: e98092c1791fbda9d157dd5339cf3a909e90ab40; jvm 11.0.17+8-post-Ubuntu-1ubuntu218.04
[main] INFO org.eclipse.jetty.server.session.DefaultSessionIdManager - Session workerName=node0
[main] INFO org.eclipse.jetty.server.handler.ContextHandler - Started o.e.j.s.ServletContextHandler@535b8c24{/,null,AVAILABLE}
[main] INFO org.eclipse.jetty.server.AbstractConnector - Started LocalConnector@181d7f28{HTTP/1.1, (http/1.1)}
[main] INFO org.eclipse.jetty.server.Server - Started Server@cda4919{STARTING}[11.0.1,sto=0] @1386ms
[main] INFO org.eclipse.jetty.server.Server - Stopped Server@cda4919{STOPPING}[11.0.1,sto=0]
[main] INFO org.eclipse.jetty.server.AbstractConnector - Stopped LocalConnector@181d7f28{HTTP/1.1, (http/1.1)}
[main] INFO org.eclipse.jetty.server.handler.ContextHandler - Stopped o.e.j.s.ServletContextHandler@535b8c24{/,null,STOPPED}
[main] INFO org.eclipse.jetty.server.Server - jetty-11.0.1; built: 2021-02-19T22:03:05.556Z; git: e98092c1791fbda9d157dd5339cf3a909e90ab40; jvm 11.0.17+8-post-Ubuntu-1ubuntu218.04
[main] INFO org.eclipse.jetty.server.session.DefaultSessionIdManager - Session workerName=node0
[main] INFO org.eclipse.jetty.server.handler.ContextHandler - Started o.e.j.s.ServletContextHandler@219f4597{/,null,AVAILABLE}
[main] INFO org.eclipse.jetty.server.AbstractConnector - Started LocalConnector@a53bb6f{HTTP/1.1, (http/1.1)}
[main] INFO org.eclipse.jetty.server.Server - Started Server@33a053d{STARTING}[11.0.1,sto=0] @1409ms
[main] INFO org.eclipse.jetty.server.Server - Stopped Server@33a053d{STOPPING}[11.0.1,sto=0]
[main] INFO org.eclipse.jetty.server.AbstractConnector - Stopped LocalConnector@a53bb6f{HTTP/1.1, (http/1.1)}
[main] INFO org.eclipse.jetty.server.handler.ContextHandler - Stopped o.e.j.s.ServletContextHandler@219f4597{/,null,STOPPED}
[INFO] Tests run: 4, Failures: 0, Errors: 0, Skipped: 0, Time elapsed: 0.089 s - in io.dropwizard.metrics5.servlets.ThreadDumpServletTest
[INFO] Running io.dropwizard.metrics5.servlets.PingServletTest
[main] INFO org.eclipse.jetty.server.Server - jetty-11.0.1; built: 2021-02-19T22:03:05.556Z; git: e98092c1791fbda9d157dd5339cf3a909e90ab40; jvm 11.0.17+8-post-Ubuntu-1ubuntu218.04
[main] INFO org.eclipse.jetty.server.session.DefaultSessionIdManager - Session workerName=node0
[main] INFO org.eclipse.jetty.server.handler.ContextHandler - Started o.e.j.s.ServletContextHandler@6826c41e{/,null,AVAILABLE}
[main] INFO org.eclipse.jetty.server.AbstractConnector - Started LocalConnector@5b989dc7{HTTP/1.1, (http/1.1)}
[main] INFO org.eclipse.jetty.server.Server - Started Server@595f4da5{STARTING}[11.0.1,sto=0] @1427ms
[main] INFO org.eclipse.jetty.server.Server - Stopped Server@595f4da5{STOPPING}[11.0.1,sto=0]
[main] INFO org.eclipse.jetty.server.AbstractConnector - Stopped LocalConnector@5b989dc7{HTTP/1.1, (http/1.1)}
[main] INFO org.eclipse.jetty.server.handler.ContextHandler - Stopped o.e.j.s.ServletContextHandler@6826c41e{/,null,STOPPED}
[main] INFO org.eclipse.jetty.server.Server - jetty-11.0.1; built: 2021-02-19T22:03:05.556Z; git: e98092c1791fbda9d157dd5339cf3a909e90ab40; jvm 11.0.17+8-post-Ubuntu-1ubuntu218.04
[main] INFO org.eclipse.jetty.server.session.DefaultSessionIdManager - Session workerName=node0
[main] INFO org.eclipse.jetty.server.handler.ContextHandler - Started o.e.j.s.ServletContextHandler@72889280{/,null,AVAILABLE}
[main] INFO org.eclipse.jetty.server.AbstractConnector - Started LocalConnector@1d269ed7{HTTP/1.1, (http/1.1)}
[main] INFO org.eclipse.jetty.server.Server - Started Server@410e94e{STARTING}[11.0.1,sto=0] @1433ms
[main] INFO org.eclipse.jetty.server.Server - Stopped Server@410e94e{STOPPING}[11.0.1,sto=0]
[main] INFO org.eclipse.jetty.server.AbstractConnector - Stopped LocalConnector@1d269ed7{HTTP/1.1, (http/1.1)}
[main] INFO org.eclipse.jetty.server.handler.ContextHandler - Stopped o.e.j.s.ServletContextHandler@72889280{/,null,STOPPED}
[main] INFO org.eclipse.jetty.server.Server - jetty-11.0.1; built: 2021-02-19T22:03:05.556Z; git: e98092c1791fbda9d157dd5339cf3a909e90ab40; jvm 11.0.17+8-post-Ubuntu-1ubuntu218.04
[main] INFO org.eclipse.jetty.server.session.DefaultSessionIdManager - Session workerName=node0
[main] INFO org.eclipse.jetty.server.handler.ContextHandler - Started o.e.j.s.ServletContextHandler@3dedb4a6{/,null,AVAILABLE}
[main] INFO org.eclipse.jetty.server.AbstractConnector - Started LocalConnector@2d140a7{HTTP/1.1, (http/1.1)}
[main] INFO org.eclipse.jetty.server.Server - Started Server@7f34a967{STARTING}[11.0.1,sto=0] @1442ms
[main] INFO org.eclipse.jetty.server.Server - Stopped Server@7f34a967{STOPPING}[11.0.1,sto=0]
[main] INFO org.eclipse.jetty.server.AbstractConnector - Stopped LocalConnector@2d140a7{HTTP/1.1, (http/1.1)}
[main] INFO org.eclipse.jetty.server.handler.ContextHandler - Stopped o.e.j.s.ServletContextHandler@3dedb4a6{/,null,STOPPED}
[main] INFO org.eclipse.jetty.server.Server - jetty-11.0.1; built: 2021-02-19T22:03:05.556Z; git: e98092c1791fbda9d157dd5339cf3a909e90ab40; jvm 11.0.17+8-post-Ubuntu-1ubuntu218.04
[main] INFO org.eclipse.jetty.server.session.DefaultSessionIdManager - Session workerName=node0
[main] INFO org.eclipse.jetty.server.handler.ContextHandler - Started o.e.j.s.ServletContextHandler@43d455c9{/,null,AVAILABLE}
[main] INFO org.eclipse.jetty.server.AbstractConnector - Started LocalConnector@194152cf{HTTP/1.1, (http/1.1)}
[main] INFO org.eclipse.jetty.server.Server - Started Server@1d81e101{STARTING}[11.0.1,sto=0] @1447ms
[main] INFO org.eclipse.jetty.server.Server - Stopped Server@1d81e101{STOPPING}[11.0.1,sto=0]
[main] INFO org.eclipse.jetty.server.AbstractConnector - Stopped LocalConnector@194152cf{HTTP/1.1, (http/1.1)}
[main] INFO org.eclipse.jetty.server.handler.ContextHandler - Stopped o.e.j.s.ServletContextHandler@43d455c9{/,null,STOPPED}
[INFO] Tests run: 4, Failures: 0, Errors: 0, Skipped: 0, Time elapsed: 0.026 s - in io.dropwizard.metrics5.servlets.PingServletTest
[INFO] Running io.dropwizard.metrics5.servlets.HealthCheckServletTest
[main] INFO org.eclipse.jetty.server.Server - jetty-11.0.1; built: 2021-02-19T22:03:05.556Z; git: e98092c1791fbda9d157dd5339cf3a909e90ab40; jvm 11.0.17+8-post-Ubuntu-1ubuntu218.04
[main] INFO org.eclipse.jetty.server.session.DefaultSessionIdManager - Session workerName=node0
[main] INFO org.eclipse.jetty.server.handler.ContextHandler - Started o.e.j.s.ServletContextHandler@3961a41a{/,null,AVAILABLE}
[main] INFO org.eclipse.jetty.server.AbstractConnector - Started LocalConnector@210f0cc1{HTTP/1.1, (http/1.1)}
[main] INFO org.eclipse.jetty.server.Server - Started Server@7c0da600{STARTING}[11.0.1,sto=0] @1461ms
[main] INFO org.eclipse.jetty.server.Server - Stopped Server@7c0da600{STOPPING}[11.0.1,sto=0]
[main] INFO org.eclipse.jetty.server.AbstractConnector - Stopped LocalConnector@210f0cc1{HTTP/1.1, (http/1.1)}
[main] INFO org.eclipse.jetty.server.handler.ContextHandler - Stopped o.e.j.s.ServletContextHandler@3961a41a{/,null,STOPPED}
[main] INFO org.eclipse.jetty.server.Server - jetty-11.0.1; built: 2021-02-19T22:03:05.556Z; git: e98092c1791fbda9d157dd5339cf3a909e90ab40; jvm 11.0.17+8-post-Ubuntu-1ubuntu218.04
[main] INFO org.eclipse.jetty.server.session.DefaultSessionIdManager - Session workerName=node0
[main] INFO org.eclipse.jetty.server.handler.ContextHandler - Started o.e.j.s.ServletContextHandler@238ad8c{/,null,AVAILABLE}
[main] INFO org.eclipse.jetty.server.AbstractConnector - Started LocalConnector@edf4f36{HTTP/1.1, (http/1.1)}
[main] INFO org.eclipse.jetty.server.Server - Started Server@13e9f2e2{STARTING}[11.0.1,sto=0] @1475ms
[main] INFO org.eclipse.jetty.server.Server - Stopped Server@13e9f2e2{STOPPING}[11.0.1,sto=0]
[main] INFO org.eclipse.jetty.server.AbstractConnector - Stopped LocalConnector@edf4f36{HTTP/1.1, (http/1.1)}
[main] INFO org.eclipse.jetty.server.handler.ContextHandler - Stopped o.e.j.s.ServletContextHandler@238ad8c{/,null,STOPPED}
[main] INFO org.eclipse.jetty.server.Server - jetty-11.0.1; built: 2021-02-19T22:03:05.556Z; git: e98092c1791fbda9d157dd5339cf3a909e90ab40; jvm 11.0.17+8-post-Ubuntu-1ubuntu218.04
[main] INFO org.eclipse.jetty.server.session.DefaultSessionIdManager - Session workerName=node0
[main] INFO org.eclipse.jetty.server.handler.ContextHandler - Started o.e.j.s.ServletContextHandler@78b236a0{/,null,AVAILABLE}
[main] INFO org.eclipse.jetty.server.AbstractConnector - Started LocalConnector@1761de10{HTTP/1.1, (http/1.1)}
[main] INFO org.eclipse.jetty.server.Server - Started Server@5bdaf2ce{STARTING}[11.0.1,sto=0] @1481ms
[main] INFO org.eclipse.jetty.server.Server - Stopped Server@5bdaf2ce{STOPPING}[11.0.1,sto=0]
[main] INFO org.eclipse.jetty.server.AbstractConnector - Stopped LocalConnector@1761de10{HTTP/1.1, (http/1.1)}
[main] INFO org.eclipse.jetty.server.handler.ContextHandler - Stopped o.e.j.s.ServletContextHandler@78b236a0{/,null,STOPPED}
[main] INFO org.eclipse.jetty.server.Server - jetty-11.0.1; built: 2021-02-19T22:03:05.556Z; git: e98092c1791fbda9d157dd5339cf3a909e90ab40; jvm 11.0.17+8-post-Ubuntu-1ubuntu218.04
[main] INFO org.eclipse.jetty.server.session.DefaultSessionIdManager - Session workerName=node0
[main] INFO org.eclipse.jetty.server.handler.ContextHandler - Started o.e.j.s.ServletContextHandler@56f2bbea{/,null,AVAILABLE}
[main] INFO org.eclipse.jetty.server.AbstractConnector - Started LocalConnector@907f2b7{HTTP/1.1, (http/1.1)}
[main] INFO org.eclipse.jetty.server.Server - Started Server@7dc51783{STARTING}[11.0.1,sto=0] @1492ms
[main] INFO org.eclipse.jetty.server.Server - Stopped Server@7dc51783{STOPPING}[11.0.1,sto=0]
[main] INFO org.eclipse.jetty.server.AbstractConnector - Stopped LocalConnector@907f2b7{HTTP/1.1, (http/1.1)}
[main] INFO org.eclipse.jetty.server.handler.ContextHandler - Stopped o.e.j.s.ServletContextHandler@56f2bbea{/,null,STOPPED}
[main] INFO org.eclipse.jetty.server.Server - jetty-11.0.1; built: 2021-02-19T22:03:05.556Z; git: e98092c1791fbda9d157dd5339cf3a909e90ab40; jvm 11.0.17+8-post-Ubuntu-1ubuntu218.04
[main] INFO org.eclipse.jetty.server.session.DefaultSessionIdManager - Session workerName=node0
[main] INFO org.eclipse.jetty.server.handler.ContextHandler - Started o.e.j.s.ServletContextHandler@38b972d7{/,null,AVAILABLE}
[main] INFO org.eclipse.jetty.server.AbstractConnector - Started LocalConnector@7f4037ed{HTTP/1.1, (http/1.1)}
[main] INFO org.eclipse.jetty.server.Server - Started Server@110844f6{STARTING}[11.0.1,sto=0] @1499ms
[main] INFO org.eclipse.jetty.server.Server - Stopped Server@110844f6{STOPPING}[11.0.1,sto=0]
[main] INFO org.eclipse.jetty.server.AbstractConnector - Stopped LocalConnector@7f4037ed{HTTP/1.1, (http/1.1)}
[main] INFO org.eclipse.jetty.server.handler.ContextHandler - Stopped o.e.j.s.ServletContextHandler@38b972d7{/,null,STOPPED}
[main] INFO org.eclipse.jetty.server.Server - jetty-11.0.1; built: 2021-02-19T22:03:05.556Z; git: e98092c1791fbda9d157dd5339cf3a909e90ab40; jvm 11.0.17+8-post-Ubuntu-1ubuntu218.04
[main] INFO org.eclipse.jetty.server.session.DefaultSessionIdManager - Session workerName=node0
[main] INFO org.eclipse.jetty.server.handler.ContextHandler - Started o.e.j.s.ServletContextHandler@1623bbe5{/,null,AVAILABLE}
[main] INFO org.eclipse.jetty.server.AbstractConnector - Started LocalConnector@54acff7d{HTTP/1.1, (http/1.1)}
[main] INFO org.eclipse.jetty.server.Server - Started Server@4248ed58{STARTING}[11.0.1,sto=0] @1531ms
[main] INFO org.eclipse.jetty.server.Server - Stopped Server@4248ed58{STOPPING}[11.0.1,sto=0]
[main] INFO org.eclipse.jetty.server.AbstractConnector - Stopped LocalConnector@54acff7d{HTTP/1.1, (http/1.1)}
[main] INFO org.eclipse.jetty.server.handler.ContextHandler - Stopped o.e.j.s.ServletContextHandler@1623bbe5{/,null,STOPPED}
[main] INFO org.eclipse.jetty.server.Server - jetty-11.0.1; built: 2021-02-19T22:03:05.556Z; git: e98092c1791fbda9d157dd5339cf3a909e90ab40; jvm 11.0.17+8-post-Ubuntu-1ubuntu218.04
[main] INFO org.eclipse.jetty.server.session.DefaultSessionIdManager - Session workerName=node0
[main] INFO org.eclipse.jetty.server.handler.ContextHandler - Started o.e.j.s.ServletContextHandler@6f8d7714{/,null,AVAILABLE}
[main] INFO org.eclipse.jetty.server.AbstractConnector - Started LocalConnector@4351171a{HTTP/1.1, (http/1.1)}
[main] INFO org.eclipse.jetty.server.Server - Started Server@433e536f{STARTING}[11.0.1,sto=0] @1537ms
[main] INFO org.eclipse.jetty.server.Server - Stopped Server@433e536f{STOPPING}[11.0.1,sto=0]
[main] INFO org.eclipse.jetty.server.AbstractConnector - Stopped LocalConnector@4351171a{HTTP/1.1, (http/1.1)}
[main] INFO org.eclipse.jetty.server.handler.ContextHandler - Stopped o.e.j.s.ServletContextHandler@6f8d7714{/,null,STOPPED}
[main] INFO org.eclipse.jetty.server.Server - jetty-11.0.1; built: 2021-02-19T22:03:05.556Z; git: e98092c1791fbda9d157dd5339cf3a909e90ab40; jvm 11.0.17+8-post-Ubuntu-1ubuntu218.04
[main] INFO org.eclipse.jetty.server.session.DefaultSessionIdManager - Session workerName=node0
[main] INFO org.eclipse.jetty.server.handler.ContextHandler - Started o.e.j.s.ServletContextHandler@2fb5fe30{/,null,AVAILABLE}
[main] INFO org.eclipse.jetty.server.AbstractConnector - Started LocalConnector@4cee7fa0{HTTP/1.1, (http/1.1)}
[main] INFO org.eclipse.jetty.server.Server - Started Server@7180e701{STARTING}[11.0.1,sto=0] @1544ms
[main] INFO org.eclipse.jetty.server.Server - Stopped Server@7180e701{STOPPING}[11.0.1,sto=0]
[main] INFO org.eclipse.jetty.server.AbstractConnector - Stopped LocalConnector@4cee7fa0{HTTP/1.1, (http/1.1)}
[main] INFO org.eclipse.jetty.server.handler.ContextHandler - Stopped o.e.j.s.ServletContextHandler@2fb5fe30{/,null,STOPPED}
[INFO] Tests run: 8, Failures: 0, Errors: 0, Skipped: 0, Time elapsed: 0.096 s - in io.dropwizard.metrics5.servlets.HealthCheckServletTest
[INFO] Running io.dropwizard.metrics5.servlets.AdminServletTest
[main] INFO org.eclipse.jetty.server.Server - jetty-11.0.1; built: 2021-02-19T22:03:05.556Z; git: e98092c1791fbda9d157dd5339cf3a909e90ab40; jvm 11.0.17+8-post-Ubuntu-1ubuntu218.04
[main] INFO org.eclipse.jetty.server.session.DefaultSessionIdManager - Session workerName=node0
[main] INFO org.eclipse.jetty.server.handler.ContextHandler - Started o.e.j.s.ServletContextHandler@49096b06{/context,null,AVAILABLE}
[main] INFO org.eclipse.jetty.server.AbstractConnector - Started LocalConnector@5b6e8f77{HTTP/1.1, (http/1.1)}
[main] INFO org.eclipse.jetty.server.Server - Started Server@411291e5{STARTING}[11.0.1,sto=0] @1551ms
[main] INFO org.eclipse.jetty.server.Server - Stopped Server@411291e5{STOPPING}[11.0.1,sto=0]
[main] INFO org.eclipse.jetty.server.AbstractConnector - Stopped LocalConnector@5b6e8f77{HTTP/1.1, (http/1.1)}
[main] INFO org.eclipse.jetty.server.handler.ContextHandler - Stopped o.e.j.s.ServletContextHandler@49096b06{/context,null,STOPPED}
[INFO] Tests run: 1, Failures: 0, Errors: 0, Skipped: 0, Time elapsed: 0.006 s - in io.dropwizard.metrics5.servlets.AdminServletTest
[INFO] Running io.dropwizard.metrics5.servlets.MetricsServletContextListenerTest
[main] INFO org.eclipse.jetty.server.Server - jetty-11.0.1; built: 2021-02-19T22:03:05.556Z; git: e98092c1791fbda9d157dd5339cf3a909e90ab40; jvm 11.0.17+8-post-Ubuntu-1ubuntu218.04
[main] INFO org.eclipse.jetty.server.session.DefaultSessionIdManager - Session workerName=node0
[main] INFO org.eclipse.jetty.server.handler.ContextHandler - Started o.e.j.s.ServletContextHandler@5a4c638d{/,null,AVAILABLE}
[main] INFO org.eclipse.jetty.server.AbstractConnector - Started LocalConnector@213deac2{HTTP/1.1, (http/1.1)}
[main] INFO org.eclipse.jetty.server.Server - Started Server@9f6e406{STARTING}[11.0.1,sto=0] @1559ms
[main] INFO org.eclipse.jetty.server.Server - Stopped Server@9f6e406{STOPPING}[11.0.1,sto=0]
[main] INFO org.eclipse.jetty.server.AbstractConnector - Stopped LocalConnector@213deac2{HTTP/1.1, (http/1.1)}
[main] INFO org.eclipse.jetty.server.handler.ContextHandler - Stopped o.e.j.s.ServletContextHandler@5a4c638d{/,null,STOPPED}
[main] INFO org.eclipse.jetty.server.Server - jetty-11.0.1; built: 2021-02-19T22:03:05.556Z; git: e98092c1791fbda9d157dd5339cf3a909e90ab40; jvm 11.0.17+8-post-Ubuntu-1ubuntu218.04
[main] INFO org.eclipse.jetty.server.session.DefaultSessionIdManager - Session workerName=node0
[main] INFO org.eclipse.jetty.server.handler.ContextHandler - Started o.e.j.s.ServletContextHandler@464a4442{/,null,AVAILABLE}
[main] INFO org.eclipse.jetty.server.AbstractConnector - Started LocalConnector@1f12e153{HTTP/1.1, (http/1.1)}
[main] INFO org.eclipse.jetty.server.Server - Started Server@2160e52a{STARTING}[11.0.1,sto=0] @1583ms
[main] INFO org.eclipse.jetty.server.Server - Stopped Server@2160e52a{STOPPING}[11.0.1,sto=0]
[main] INFO org.eclipse.jetty.server.AbstractConnector - Stopped LocalConnector@1f12e153{HTTP/1.1, (http/1.1)}
[main] INFO org.eclipse.jetty.server.handler.ContextHandler - Stopped o.e.j.s.ServletContextHandler@464a4442{/,null,STOPPED}
[INFO] Tests run: 2, Failures: 0, Errors: 0, Skipped: 0, Time elapsed: 0.037 s - in io.dropwizard.metrics5.servlets.MetricsServletContextListenerTest
[INFO] Running io.dropwizard.metrics5.servlets.CpuProfileServletTest
[main] INFO org.eclipse.jetty.server.Server - jetty-11.0.1; built: 2021-02-19T22:03:05.556Z; git: e98092c1791fbda9d157dd5339cf3a909e90ab40; jvm 11.0.17+8-post-Ubuntu-1ubuntu218.04
[main] INFO org.eclipse.jetty.server.session.DefaultSessionIdManager - Session workerName=node0
[main] INFO org.eclipse.jetty.server.handler.ContextHandler - Started o.e.j.s.ServletContextHandler@6bff19ff{/,null,AVAILABLE}
[main] INFO org.eclipse.jetty.server.AbstractConnector - Started LocalConnector@577f9109{HTTP/1.1, (http/1.1)}
[main] INFO org.eclipse.jetty.server.Server - Started Server@779de014{STARTING}[11.0.1,sto=0] @1603ms
[main] INFO org.eclipse.jetty.server.Server - Stopped Server@779de014{STOPPING}[11.0.1,sto=0]
[main] INFO org.eclipse.jetty.server.AbstractConnector - Stopped LocalConnector@577f9109{HTTP/1.1, (http/1.1)}
[main] INFO org.eclipse.jetty.server.handler.ContextHandler - Stopped o.e.j.s.ServletContextHandler@6bff19ff{/,null,STOPPED}
[main] INFO org.eclipse.jetty.server.Server - jetty-11.0.1; built: 2021-02-19T22:03:05.556Z; git: e98092c1791fbda9d157dd5339cf3a909e90ab40; jvm 11.0.17+8-post-Ubuntu-1ubuntu218.04
[main] INFO org.eclipse.jetty.server.session.DefaultSessionIdManager - Session workerName=node0
[main] INFO org.eclipse.jetty.server.handler.ContextHandler - Started o.e.j.s.ServletContextHandler@591fd34d{/,null,AVAILABLE}
[main] INFO org.eclipse.jetty.server.AbstractConnector - Started LocalConnector@5eccd3b9{HTTP/1.1, (http/1.1)}
[main] INFO org.eclipse.jetty.server.Server - Started Server@64e1dd11{STARTING}[11.0.1,sto=0] @2628ms
[main] INFO org.eclipse.jetty.server.Server - Stopped Server@64e1dd11{STOPPING}[11.0.1,sto=0]
[main] INFO org.eclipse.jetty.server.AbstractConnector - Stopped LocalConnector@5eccd3b9{HTTP/1.1, (http/1.1)}
[main] INFO org.eclipse.jetty.server.handler.ContextHandler - Stopped o.e.j.s.ServletContextHandler@591fd34d{/,null,STOPPED}
[main] INFO org.eclipse.jetty.server.Server - jetty-11.0.1; built: 2021-02-19T22:03:05.556Z; git: e98092c1791fbda9d157dd5339cf3a909e90ab40; jvm 11.0.17+8-post-Ubuntu-1ubuntu218.04
[main] INFO org.eclipse.jetty.server.session.DefaultSessionIdManager - Session workerName=node0
[main] INFO org.eclipse.jetty.server.handler.ContextHandler - Started o.e.j.s.ServletContextHandler@5f78de22{/,null,AVAILABLE}
[main] INFO org.eclipse.jetty.server.AbstractConnector - Started LocalConnector@3068b369{HTTP/1.1, (http/1.1)}
[main] INFO org.eclipse.jetty.server.Server - Started Server@736ac09a{STARTING}[11.0.1,sto=0] @3649ms
[main] INFO org.eclipse.jetty.server.Server - Stopped Server@736ac09a{STOPPING}[11.0.1,sto=0]
[main] INFO org.eclipse.jetty.server.AbstractConnector - Stopped LocalConnector@3068b369{HTTP/1.1, (http/1.1)}
[main] INFO org.eclipse.jetty.server.handler.ContextHandler - Stopped o.e.j.s.ServletContextHandler@5f78de22{/,null,STOPPED}
[INFO] Tests run: 3, Failures: 0, Errors: 0, Skipped: 0, Time elapsed: 3.059 s - in io.dropwizard.metrics5.servlets.CpuProfileServletTest
[INFO] 
[INFO] Results:
[INFO] 
[INFO] Tests run: 29, Failures: 0, Errors: 0, Skipped: 0
[INFO] 
[INFO] 
[INFO] ---------------< io.dropwizard.metrics5:metrics-jcache >----------------
[INFO] Building Metrics5 Integration for JCache 5.0.0-rc5-SNAPSHOT      [22/36]
[INFO] -------------------------------[ bundle ]-------------------------------
[INFO] 
[INFO] --- maven-clean-plugin:2.5:clean (default-clean) @ metrics-jcache ---
[INFO] Deleting /home/gabsko/breaking-updates/metrics-jcache/target
[INFO] 
[INFO] --- maven-enforcer-plugin:1.4.1:enforce (enforce) @ metrics-jcache ---
[INFO] 
[INFO] --- jacoco-maven-plugin:0.8.6:prepare-agent (prepare-agent) @ metrics-jcache ---
[INFO] argLine set to -javaagent:/home/gabsko/.m2/repository/org/jacoco/org.jacoco.agent/0.8.6/org.jacoco.agent-0.8.6-runtime.jar=destfile=/home/gabsko/breaking-updates/metrics-jcache/target/jacoco.exec
[INFO] 
[INFO] --- maven-resources-plugin:3.3.0:resources (default-resources) @ metrics-jcache ---
[INFO] skip non existing resourceDirectory /home/gabsko/breaking-updates/metrics-jcache/src/main/resources
[INFO] 
[INFO] --- maven-compiler-plugin:3.8.1:compile (default-compile) @ metrics-jcache ---
[INFO] Changes detected - recompiling the module!
[INFO] Compiling 1 source file to /home/gabsko/breaking-updates/metrics-jcache/target/classes
[WARNING] [options] bootstrap class path not set in conjunction with -source 8
[INFO] 
[INFO] --- maven-resources-plugin:3.3.0:testResources (default-testResources) @ metrics-jcache ---
[INFO] Copying 1 resource
[INFO] 
[INFO] --- maven-compiler-plugin:3.8.1:testCompile (default-testCompile) @ metrics-jcache ---
[INFO] Changes detected - recompiling the module!
[INFO] Compiling 1 source file to /home/gabsko/breaking-updates/metrics-jcache/target/test-classes
[WARNING] [options] bootstrap class path not set in conjunction with -source 8
[WARNING] /home/gabsko/breaking-updates/metrics-jcache/src/test/java/JCacheGaugeSetTest.java:[1] [DefaultPackage] Java classes shouldn't use default package
    (see https://errorprone.info/bugpattern/DefaultPackage)
[INFO] 
[INFO] --- maven-surefire-plugin:2.22.2:test (default-test) @ metrics-jcache ---
[INFO] 
[INFO] -------------------------------------------------------
[INFO]  T E S T S
[INFO] -------------------------------------------------------
[INFO] Running JCacheGaugeSetTest
[main] INFO org.ehcache.core.EhcacheManager - Cache 'myOtherCache' created in EhcacheManager.
[main] INFO org.ehcache.core.EhcacheManager - Cache 'myCache' created in EhcacheManager.
[main] INFO org.ehcache.jsr107.Eh107CacheManager - Registering Ehcache MBean javax.cache:type=CacheConfiguration,CacheManager=file./home/gabsko/breaking-updates/metrics-jcache/target/test-classes/ehcache.xml,Cache=myOtherCache
[main] INFO org.ehcache.jsr107.Eh107CacheManager - Registering Ehcache MBean javax.cache:type=CacheStatistics,CacheManager=file./home/gabsko/breaking-updates/metrics-jcache/target/test-classes/ehcache.xml,Cache=myOtherCache
[main] INFO org.ehcache.jsr107.Eh107CacheManager - Registering Ehcache MBean javax.cache:type=CacheConfiguration,CacheManager=file./home/gabsko/breaking-updates/metrics-jcache/target/test-classes/ehcache.xml,Cache=myCache
[main] INFO org.ehcache.jsr107.Eh107CacheManager - Registering Ehcache MBean javax.cache:type=CacheStatistics,CacheManager=file./home/gabsko/breaking-updates/metrics-jcache/target/test-classes/ehcache.xml,Cache=myCache
[main] INFO org.ehcache.core.EhcacheManager - Cache 'myCache' removed from EhcacheManager.
[main] INFO org.ehcache.core.EhcacheManager - Cache 'myCache' successfully destroyed in EhcacheManager.
[main] INFO org.ehcache.core.EhcacheManager - Cache 'myOtherCache' removed from EhcacheManager.
[main] INFO org.ehcache.core.EhcacheManager - Cache 'myOtherCache' successfully destroyed in EhcacheManager.
[INFO] Tests run: 1, Failures: 0, Errors: 0, Skipped: 0, Time elapsed: 0.756 s - in JCacheGaugeSetTest
[INFO] 
[INFO] Results:
[INFO] 
[INFO] Tests run: 1, Failures: 0, Errors: 0, Skipped: 0
[INFO] 
[INFO] 
[INFO] ----------------< io.dropwizard.metrics5:metrics-jdbi >-----------------
[INFO] Building Metrics5 Integration for JDBI 5.0.0-rc5-SNAPSHOT        [23/36]
[INFO] -------------------------------[ bundle ]-------------------------------
[INFO] 
[INFO] --- maven-clean-plugin:2.5:clean (default-clean) @ metrics-jdbi ---
[INFO] Deleting /home/gabsko/breaking-updates/metrics-jdbi/target
[INFO] 
[INFO] --- maven-enforcer-plugin:1.4.1:enforce (enforce) @ metrics-jdbi ---
[INFO] 
[INFO] --- jacoco-maven-plugin:0.8.6:prepare-agent (prepare-agent) @ metrics-jdbi ---
[INFO] argLine set to -javaagent:/home/gabsko/.m2/repository/org/jacoco/org.jacoco.agent/0.8.6/org.jacoco.agent-0.8.6-runtime.jar=destfile=/home/gabsko/breaking-updates/metrics-jdbi/target/jacoco.exec
[INFO] 
[INFO] --- maven-resources-plugin:3.3.0:resources (default-resources) @ metrics-jdbi ---
[INFO] skip non existing resourceDirectory /home/gabsko/breaking-updates/metrics-jdbi/src/main/resources
[INFO] 
[INFO] --- maven-compiler-plugin:3.8.1:compile (default-compile) @ metrics-jdbi ---
[INFO] Changes detected - recompiling the module!
[INFO] Compiling 9 source files to /home/gabsko/breaking-updates/metrics-jdbi/target/classes
[WARNING] [options] bootstrap class path not set in conjunction with -source 8
[INFO] 
[INFO] --- maven-resources-plugin:3.3.0:testResources (default-testResources) @ metrics-jdbi ---
[INFO] skip non existing resourceDirectory /home/gabsko/breaking-updates/metrics-jdbi/src/test/resources
[INFO] 
[INFO] --- maven-compiler-plugin:3.8.1:testCompile (default-testCompile) @ metrics-jdbi ---
[INFO] Changes detected - recompiling the module!
[INFO] Compiling 1 source file to /home/gabsko/breaking-updates/metrics-jdbi/target/test-classes
[WARNING] [options] bootstrap class path not set in conjunction with -source 8
[INFO] 
[INFO] --- maven-surefire-plugin:2.22.2:test (default-test) @ metrics-jdbi ---
[INFO] 
[INFO] -------------------------------------------------------
[INFO]  T E S T S
[INFO] -------------------------------------------------------
[INFO] Running io.dropwizard.metrics5.jdbi.InstrumentedTimingCollectorTest
[INFO] Tests run: 11, Failures: 0, Errors: 0, Skipped: 0, Time elapsed: 0.422 s - in io.dropwizard.metrics5.jdbi.InstrumentedTimingCollectorTest
[INFO] 
[INFO] Results:
[INFO] 
[INFO] Tests run: 11, Failures: 0, Errors: 0, Skipped: 0
[INFO] 
[INFO] 
[INFO] ----------------< io.dropwizard.metrics5:metrics-jdbi3 >----------------
[INFO] Building Metrics5 Integration for JDBI3 5.0.0-rc5-SNAPSHOT       [24/36]
[INFO] -------------------------------[ bundle ]-------------------------------
[INFO] 
[INFO] --- maven-clean-plugin:2.5:clean (default-clean) @ metrics-jdbi3 ---
[INFO] Deleting /home/gabsko/breaking-updates/metrics-jdbi3/target
[INFO] 
[INFO] --- maven-enforcer-plugin:1.4.1:enforce (enforce) @ metrics-jdbi3 ---
[INFO] 
[INFO] --- jacoco-maven-plugin:0.8.6:prepare-agent (prepare-agent) @ metrics-jdbi3 ---
[INFO] argLine set to -javaagent:/home/gabsko/.m2/repository/org/jacoco/org.jacoco.agent/0.8.6/org.jacoco.agent-0.8.6-runtime.jar=destfile=/home/gabsko/breaking-updates/metrics-jdbi3/target/jacoco.exec
[INFO] 
[INFO] --- maven-resources-plugin:3.3.0:resources (default-resources) @ metrics-jdbi3 ---
[INFO] skip non existing resourceDirectory /home/gabsko/breaking-updates/metrics-jdbi3/src/main/resources
[INFO] 
[INFO] --- maven-compiler-plugin:3.8.1:compile (default-compile) @ metrics-jdbi3 ---
[INFO] Changes detected - recompiling the module!
[INFO] Compiling 9 source files to /home/gabsko/breaking-updates/metrics-jdbi3/target/classes
[WARNING] [options] bootstrap class path not set in conjunction with -source 8
[WARNING] /home/gabsko/breaking-updates/metrics-jdbi3/src/main/java/io/dropwizard/metrics5/jdbi3/InstrumentedTimingCollector.java:[9,33] [deprecation] TimingCollector in org.jdbi.v3.core.statement has been deprecated
[INFO] 
[INFO] --- maven-resources-plugin:3.3.0:testResources (default-testResources) @ metrics-jdbi3 ---
[INFO] skip non existing resourceDirectory /home/gabsko/breaking-updates/metrics-jdbi3/src/test/resources
[INFO] 
[INFO] --- maven-compiler-plugin:3.8.1:testCompile (default-testCompile) @ metrics-jdbi3 ---
[INFO] Changes detected - recompiling the module!
[INFO] Compiling 6 source files to /home/gabsko/breaking-updates/metrics-jdbi3/target/test-classes
[WARNING] [options] bootstrap class path not set in conjunction with -source 8
[WARNING] /home/gabsko/breaking-updates/metrics-jdbi3/src/test/java/io/dropwizard/metrics5/jdbi3/strategies/SmartNameStrategyTest.java:[4,35] [deprecation] InstrumentedTimingCollector in io.dropwizard.metrics5.jdbi3 has been deprecated
[WARNING] /home/gabsko/breaking-updates/metrics-jdbi3/src/test/java/io/dropwizard/metrics5/jdbi3/strategies/SmartNameStrategyTest.java:[19,12] [deprecation] InstrumentedTimingCollector in io.dropwizard.metrics5.jdbi3 has been deprecated
[WARNING] /home/gabsko/breaking-updates/metrics-jdbi3/src/test/java/io/dropwizard/metrics5/jdbi3/strategies/SmartNameStrategyTest.java:[25,24] [deprecation] InstrumentedTimingCollector in io.dropwizard.metrics5.jdbi3 has been deprecated
[INFO] 
[INFO] --- maven-surefire-plugin:2.22.2:test (default-test) @ metrics-jdbi3 ---
[INFO] 
[INFO] -------------------------------------------------------
[INFO]  T E S T S
[INFO] -------------------------------------------------------
[INFO] Running io.dropwizard.metrics5.jdbi3.strategies.BasicSqlNameStrategyTest
[INFO] Tests run: 1, Failures: 0, Errors: 0, Skipped: 0, Time elapsed: 0.441 s - in io.dropwizard.metrics5.jdbi3.strategies.BasicSqlNameStrategyTest
[INFO] Running io.dropwizard.metrics5.jdbi3.strategies.TimedAnnotationNameStrategyTest
[INFO] Tests run: 7, Failures: 0, Errors: 0, Skipped: 0, Time elapsed: 0.008 s - in io.dropwizard.metrics5.jdbi3.strategies.TimedAnnotationNameStrategyTest
[INFO] Running io.dropwizard.metrics5.jdbi3.strategies.InstrumentedSqlLoggerTest
[INFO] Tests run: 2, Failures: 0, Errors: 0, Skipped: 0, Time elapsed: 0.105 s - in io.dropwizard.metrics5.jdbi3.strategies.InstrumentedSqlLoggerTest
[INFO] Running io.dropwizard.metrics5.jdbi3.strategies.NaiveNameStrategyTest
[INFO] Tests run: 1, Failures: 0, Errors: 0, Skipped: 0, Time elapsed: 0.004 s - in io.dropwizard.metrics5.jdbi3.strategies.NaiveNameStrategyTest
[INFO] Running io.dropwizard.metrics5.jdbi3.strategies.SmartNameStrategyTest
[INFO] Tests run: 4, Failures: 0, Errors: 0, Skipped: 0, Time elapsed: 0.012 s - in io.dropwizard.metrics5.jdbi3.strategies.SmartNameStrategyTest
[INFO] 
[INFO] Results:
[INFO] 
[INFO] Tests run: 15, Failures: 0, Errors: 0, Skipped: 0
[INFO] 
[INFO] 
[INFO] ---------------< io.dropwizard.metrics5:metrics-jersey2 >---------------
[INFO] Building Metrics5 Integration for Jersey 2.x 5.0.0-rc5-SNAPSHOT  [25/36]
[INFO] -------------------------------[ bundle ]-------------------------------
[INFO] 
[INFO] --- maven-clean-plugin:2.5:clean (default-clean) @ metrics-jersey2 ---
[INFO] Deleting /home/gabsko/breaking-updates/metrics-jersey2/target
[INFO] 
[INFO] --- maven-enforcer-plugin:1.4.1:enforce (enforce) @ metrics-jersey2 ---
[INFO] 
[INFO] --- jacoco-maven-plugin:0.8.6:prepare-agent (prepare-agent) @ metrics-jersey2 ---
[INFO] argLine set to -javaagent:/home/gabsko/.m2/repository/org/jacoco/org.jacoco.agent/0.8.6/org.jacoco.agent-0.8.6-runtime.jar=destfile=/home/gabsko/breaking-updates/metrics-jersey2/target/jacoco.exec
[INFO] 
[INFO] --- maven-resources-plugin:3.3.0:resources (default-resources) @ metrics-jersey2 ---
[INFO] skip non existing resourceDirectory /home/gabsko/breaking-updates/metrics-jersey2/src/main/resources
[INFO] 
[INFO] --- maven-compiler-plugin:3.8.1:compile (default-compile) @ metrics-jersey2 ---
[INFO] Changes detected - recompiling the module!
[INFO] Compiling 2 source files to /home/gabsko/breaking-updates/metrics-jersey2/target/classes
[WARNING] [options] bootstrap class path not set in conjunction with -source 8
[WARNING] /home/gabsko/breaking-updates/metrics-jersey2/src/main/java/io/dropwizard/metrics5/jersey2/InstrumentedResourceMethodApplicationListener.java:[497,23] [EqualsGetClass] Prefer instanceof to getClass when implementing Object#equals.
    (see https://errorprone.info/bugpattern/EqualsGetClass)
  Did you mean 'if (!(o instanceof EventTypeAndMethod)) {'?
[INFO] 
[INFO] --- maven-resources-plugin:3.3.0:testResources (default-testResources) @ metrics-jersey2 ---
[INFO] skip non existing resourceDirectory /home/gabsko/breaking-updates/metrics-jersey2/src/test/resources
[INFO] 
[INFO] --- maven-compiler-plugin:3.8.1:testCompile (default-testCompile) @ metrics-jersey2 ---
[INFO] Changes detected - recompiling the module!
[INFO] Compiling 22 source files to /home/gabsko/breaking-updates/metrics-jersey2/target/test-classes
[WARNING] [options] bootstrap class path not set in conjunction with -source 8
[INFO] 
[INFO] --- maven-surefire-plugin:2.22.2:test (default-test) @ metrics-jersey2 ---
[INFO] 
[INFO] -------------------------------------------------------
[INFO]  T E S T S
[INFO] -------------------------------------------------------
[INFO] Running io.dropwizard.metrics5.jersey2.SingletonMetricsMeteredPerClassJerseyTest
[ERROR] Tests run: 2, Failures: 0, Errors: 2, Skipped: 0, Time elapsed: 0.076 s <<< FAILURE! - in io.dropwizard.metrics5.jersey2.SingletonMetricsMeteredPerClassJerseyTest
[ERROR] subresourcesFromLocatorsRegisterMetrics(io.dropwizard.metrics5.jersey2.SingletonMetricsMeteredPerClassJerseyTest)  Time elapsed: 0.04 s  <<< ERROR!
java.lang.NoClassDefFoundError: javax/annotation/Priority
	at io.dropwizard.metrics5.jersey2.SingletonMetricsMeteredPerClassJerseyTest.configure(SingletonMetricsMeteredPerClassJerseyTest.java:34)
	at io.dropwizard.metrics5.jersey2.SingletonMetricsMeteredPerClassJerseyTest.<init>(SingletonMetricsMeteredPerClassJerseyTest.java:21)
Caused by: java.lang.ClassNotFoundException: javax.annotation.Priority
	at io.dropwizard.metrics5.jersey2.SingletonMetricsMeteredPerClassJerseyTest.configure(SingletonMetricsMeteredPerClassJerseyTest.java:34)
	at io.dropwizard.metrics5.jersey2.SingletonMetricsMeteredPerClassJerseyTest.<init>(SingletonMetricsMeteredPerClassJerseyTest.java:21)

[ERROR] meteredPerClassMethodsAreMetered(io.dropwizard.metrics5.jersey2.SingletonMetricsMeteredPerClassJerseyTest)  Time elapsed: 0 s  <<< ERROR!
java.lang.NoClassDefFoundError: javax/annotation/Priority
	at io.dropwizard.metrics5.jersey2.SingletonMetricsMeteredPerClassJerseyTest.configure(SingletonMetricsMeteredPerClassJerseyTest.java:34)
	at io.dropwizard.metrics5.jersey2.SingletonMetricsMeteredPerClassJerseyTest.<init>(SingletonMetricsMeteredPerClassJerseyTest.java:21)

[INFO] Running io.dropwizard.metrics5.jersey2.SingletonMetricsJerseyTest
[ERROR] Tests run: 6, Failures: 0, Errors: 6, Skipped: 0, Time elapsed: 0.002 s <<< FAILURE! - in io.dropwizard.metrics5.jersey2.SingletonMetricsJerseyTest
[ERROR] subresourcesFromLocatorsRegisterMetrics(io.dropwizard.metrics5.jersey2.SingletonMetricsJerseyTest)  Time elapsed: 0 s  <<< ERROR!
java.lang.NoClassDefFoundError: javax/annotation/Priority
	at io.dropwizard.metrics5.jersey2.SingletonMetricsJerseyTest.configure(SingletonMetricsJerseyTest.java:40)
	at io.dropwizard.metrics5.jersey2.SingletonMetricsJerseyTest.<init>(SingletonMetricsJerseyTest.java:28)

[ERROR] testResourceNotFound(io.dropwizard.metrics5.jersey2.SingletonMetricsJerseyTest)  Time elapsed: 0 s  <<< ERROR!
java.lang.NoClassDefFoundError: javax/annotation/Priority
	at io.dropwizard.metrics5.jersey2.SingletonMetricsJerseyTest.configure(SingletonMetricsJerseyTest.java:40)
	at io.dropwizard.metrics5.jersey2.SingletonMetricsJerseyTest.<init>(SingletonMetricsJerseyTest.java:28)

[ERROR] exceptionMeteredMethodsAreExceptionMetered(io.dropwizard.metrics5.jersey2.SingletonMetricsJerseyTest)  Time elapsed: 0 s  <<< ERROR!
java.lang.NoClassDefFoundError: javax/annotation/Priority
	at io.dropwizard.metrics5.jersey2.SingletonMetricsJerseyTest.configure(SingletonMetricsJerseyTest.java:40)
	at io.dropwizard.metrics5.jersey2.SingletonMetricsJerseyTest.<init>(SingletonMetricsJerseyTest.java:28)

[ERROR] responseMeteredMethodsAreMetered(io.dropwizard.metrics5.jersey2.SingletonMetricsJerseyTest)  Time elapsed: 0 s  <<< ERROR!
java.lang.NoClassDefFoundError: javax/annotation/Priority
	at io.dropwizard.metrics5.jersey2.SingletonMetricsJerseyTest.configure(SingletonMetricsJerseyTest.java:40)
	at io.dropwizard.metrics5.jersey2.SingletonMetricsJerseyTest.<init>(SingletonMetricsJerseyTest.java:28)

[ERROR] meteredMethodsAreMetered(io.dropwizard.metrics5.jersey2.SingletonMetricsJerseyTest)  Time elapsed: 0 s  <<< ERROR!
java.lang.NoClassDefFoundError: javax/annotation/Priority
	at io.dropwizard.metrics5.jersey2.SingletonMetricsJerseyTest.configure(SingletonMetricsJerseyTest.java:40)
	at io.dropwizard.metrics5.jersey2.SingletonMetricsJerseyTest.<init>(SingletonMetricsJerseyTest.java:28)

[ERROR] timedMethodsAreTimed(io.dropwizard.metrics5.jersey2.SingletonMetricsJerseyTest)  Time elapsed: 0.001 s  <<< ERROR!
java.lang.NoClassDefFoundError: javax/annotation/Priority
	at io.dropwizard.metrics5.jersey2.SingletonMetricsJerseyTest.configure(SingletonMetricsJerseyTest.java:40)
	at io.dropwizard.metrics5.jersey2.SingletonMetricsJerseyTest.<init>(SingletonMetricsJerseyTest.java:28)

[INFO] Running io.dropwizard.metrics5.jersey2.SingletonMetricsTimedPerClassJerseyTest
[ERROR] Tests run: 2, Failures: 0, Errors: 2, Skipped: 0, Time elapsed: 0 s <<< FAILURE! - in io.dropwizard.metrics5.jersey2.SingletonMetricsTimedPerClassJerseyTest
[ERROR] subresourcesFromLocatorsRegisterMetrics(io.dropwizard.metrics5.jersey2.SingletonMetricsTimedPerClassJerseyTest)  Time elapsed: 0 s  <<< ERROR!
java.lang.NoClassDefFoundError: javax/annotation/Priority
	at io.dropwizard.metrics5.jersey2.SingletonMetricsTimedPerClassJerseyTest.configure(SingletonMetricsTimedPerClassJerseyTest.java:34)
	at io.dropwizard.metrics5.jersey2.SingletonMetricsTimedPerClassJerseyTest.<init>(SingletonMetricsTimedPerClassJerseyTest.java:21)

[ERROR] timedPerClassMethodsAreTimed(io.dropwizard.metrics5.jersey2.SingletonMetricsTimedPerClassJerseyTest)  Time elapsed: 0 s  <<< ERROR!
java.lang.NoClassDefFoundError: javax/annotation/Priority
	at io.dropwizard.metrics5.jersey2.SingletonMetricsTimedPerClassJerseyTest.configure(SingletonMetricsTimedPerClassJerseyTest.java:34)
	at io.dropwizard.metrics5.jersey2.SingletonMetricsTimedPerClassJerseyTest.<init>(SingletonMetricsTimedPerClassJerseyTest.java:21)

[INFO] Running io.dropwizard.metrics5.jersey2.SingletonMetricsResponseMeteredPerClassJerseyTest
[ERROR] Tests run: 6, Failures: 0, Errors: 6, Skipped: 0, Time elapsed: 0.001 s <<< FAILURE! - in io.dropwizard.metrics5.jersey2.SingletonMetricsResponseMeteredPerClassJerseyTest
[ERROR] responseMetered5xxPerClassMethodsAreMetered(io.dropwizard.metrics5.jersey2.SingletonMetricsResponseMeteredPerClassJerseyTest)  Time elapsed: 0.001 s  <<< ERROR!
java.lang.NoClassDefFoundError: javax/annotation/Priority
	at io.dropwizard.metrics5.jersey2.SingletonMetricsResponseMeteredPerClassJerseyTest.configure(SingletonMetricsResponseMeteredPerClassJerseyTest.java:37)
	at io.dropwizard.metrics5.jersey2.SingletonMetricsResponseMeteredPerClassJerseyTest.<init>(SingletonMetricsResponseMeteredPerClassJerseyTest.java:23)

[ERROR] responseMetered4xxPerClassMethodsAreMetered(io.dropwizard.metrics5.jersey2.SingletonMetricsResponseMeteredPerClassJerseyTest)  Time elapsed: 0 s  <<< ERROR!
java.lang.NoClassDefFoundError: javax/annotation/Priority
	at io.dropwizard.metrics5.jersey2.SingletonMetricsResponseMeteredPerClassJerseyTest.configure(SingletonMetricsResponseMeteredPerClassJerseyTest.java:37)
	at io.dropwizard.metrics5.jersey2.SingletonMetricsResponseMeteredPerClassJerseyTest.<init>(SingletonMetricsResponseMeteredPerClassJerseyTest.java:23)

[ERROR] responseMetered2xxPerClassMethodsAreMetered(io.dropwizard.metrics5.jersey2.SingletonMetricsResponseMeteredPerClassJerseyTest)  Time elapsed: 0 s  <<< ERROR!
java.lang.NoClassDefFoundError: javax/annotation/Priority
	at io.dropwizard.metrics5.jersey2.SingletonMetricsResponseMeteredPerClassJerseyTest.configure(SingletonMetricsResponseMeteredPerClassJerseyTest.java:37)
	at io.dropwizard.metrics5.jersey2.SingletonMetricsResponseMeteredPerClassJerseyTest.<init>(SingletonMetricsResponseMeteredPerClassJerseyTest.java:23)

[ERROR] subresourcesFromLocatorsRegisterMetrics(io.dropwizard.metrics5.jersey2.SingletonMetricsResponseMeteredPerClassJerseyTest)  Time elapsed: 0 s  <<< ERROR!
java.lang.NoClassDefFoundError: javax/annotation/Priority
	at io.dropwizard.metrics5.jersey2.SingletonMetricsResponseMeteredPerClassJerseyTest.configure(SingletonMetricsResponseMeteredPerClassJerseyTest.java:37)
	at io.dropwizard.metrics5.jersey2.SingletonMetricsResponseMeteredPerClassJerseyTest.<init>(SingletonMetricsResponseMeteredPerClassJerseyTest.java:23)

[ERROR] responseMeteredUnmappedExceptionPerClassMethodsAreMetered(io.dropwizard.metrics5.jersey2.SingletonMetricsResponseMeteredPerClassJerseyTest)  Time elapsed: 0 s  <<< ERROR!
java.lang.NoClassDefFoundError: javax/annotation/Priority
	at io.dropwizard.metrics5.jersey2.SingletonMetricsResponseMeteredPerClassJerseyTest.configure(SingletonMetricsResponseMeteredPerClassJerseyTest.java:37)
	at io.dropwizard.metrics5.jersey2.SingletonMetricsResponseMeteredPerClassJerseyTest.<init>(SingletonMetricsResponseMeteredPerClassJerseyTest.java:23)

[ERROR] responseMeteredMappedExceptionPerClassMethodsAreMetered(io.dropwizard.metrics5.jersey2.SingletonMetricsResponseMeteredPerClassJerseyTest)  Time elapsed: 0 s  <<< ERROR!
java.lang.NoClassDefFoundError: javax/annotation/Priority
	at io.dropwizard.metrics5.jersey2.SingletonMetricsResponseMeteredPerClassJerseyTest.configure(SingletonMetricsResponseMeteredPerClassJerseyTest.java:37)
	at io.dropwizard.metrics5.jersey2.SingletonMetricsResponseMeteredPerClassJerseyTest.<init>(SingletonMetricsResponseMeteredPerClassJerseyTest.java:23)

[INFO] Running io.dropwizard.metrics5.jersey2.CustomReservoirImplementationTest
[ERROR] Tests run: 1, Failures: 0, Errors: 1, Skipped: 0, Time elapsed: 0 s <<< FAILURE! - in io.dropwizard.metrics5.jersey2.CustomReservoirImplementationTest
[ERROR] timerHistogramIsUsingCustomReservoirImplementation(io.dropwizard.metrics5.jersey2.CustomReservoirImplementationTest)  Time elapsed: 0 s  <<< ERROR!
java.lang.NoClassDefFoundError: javax/annotation/Priority
	at io.dropwizard.metrics5.jersey2.CustomReservoirImplementationTest.configure(CustomReservoirImplementationTest.java:31)
	at io.dropwizard.metrics5.jersey2.CustomReservoirImplementationTest.<init>(CustomReservoirImplementationTest.java:19)

[INFO] Running io.dropwizard.metrics5.jersey2.SingletonMetricsExceptionMeteredPerClassJerseyTest
[ERROR] Tests run: 2, Failures: 0, Errors: 2, Skipped: 0, Time elapsed: 0 s <<< FAILURE! - in io.dropwizard.metrics5.jersey2.SingletonMetricsExceptionMeteredPerClassJerseyTest
[ERROR] subresourcesFromLocatorsRegisterMetrics(io.dropwizard.metrics5.jersey2.SingletonMetricsExceptionMeteredPerClassJerseyTest)  Time elapsed: 0 s  <<< ERROR!
java.lang.NoClassDefFoundError: javax/annotation/Priority
	at io.dropwizard.metrics5.jersey2.SingletonMetricsExceptionMeteredPerClassJerseyTest.configure(SingletonMetricsExceptionMeteredPerClassJerseyTest.java:37)
	at io.dropwizard.metrics5.jersey2.SingletonMetricsExceptionMeteredPerClassJerseyTest.<init>(SingletonMetricsExceptionMeteredPerClassJerseyTest.java:24)

[ERROR] exceptionMeteredMethodsAreExceptionMetered(io.dropwizard.metrics5.jersey2.SingletonMetricsExceptionMeteredPerClassJerseyTest)  Time elapsed: 0 s  <<< ERROR!
java.lang.NoClassDefFoundError: javax/annotation/Priority
	at io.dropwizard.metrics5.jersey2.SingletonMetricsExceptionMeteredPerClassJerseyTest.configure(SingletonMetricsExceptionMeteredPerClassJerseyTest.java:37)
	at io.dropwizard.metrics5.jersey2.SingletonMetricsExceptionMeteredPerClassJerseyTest.<init>(SingletonMetricsExceptionMeteredPerClassJerseyTest.java:24)

[INFO] Running io.dropwizard.metrics5.jersey2.SingletonFilterMetricsJerseyTest
[ERROR] Tests run: 9, Failures: 0, Errors: 9, Skipped: 0, Time elapsed: 0.001 s <<< FAILURE! - in io.dropwizard.metrics5.jersey2.SingletonFilterMetricsJerseyTest
[ERROR] explicitNamesAreTimed(io.dropwizard.metrics5.jersey2.SingletonFilterMetricsJerseyTest)  Time elapsed: 0 s  <<< ERROR!
java.lang.NoClassDefFoundError: javax/annotation/Priority
	at io.dropwizard.metrics5.jersey2.SingletonFilterMetricsJerseyTest.configure(SingletonFilterMetricsJerseyTest.java:36)
	at io.dropwizard.metrics5.jersey2.SingletonFilterMetricsJerseyTest.<init>(SingletonFilterMetricsJerseyTest.java:22)

[ERROR] absoluteNamesAreTimed(io.dropwizard.metrics5.jersey2.SingletonFilterMetricsJerseyTest)  Time elapsed: 0 s  <<< ERROR!
java.lang.NoClassDefFoundError: javax/annotation/Priority
	at io.dropwizard.metrics5.jersey2.SingletonFilterMetricsJerseyTest.configure(SingletonFilterMetricsJerseyTest.java:36)
	at io.dropwizard.metrics5.jersey2.SingletonFilterMetricsJerseyTest.<init>(SingletonFilterMetricsJerseyTest.java:22)

[ERROR] requestFiltersOfTimedMethodsAreTimed(io.dropwizard.metrics5.jersey2.SingletonFilterMetricsJerseyTest)  Time elapsed: 0 s  <<< ERROR!
java.lang.NoClassDefFoundError: javax/annotation/Priority
	at io.dropwizard.metrics5.jersey2.SingletonFilterMetricsJerseyTest.configure(SingletonFilterMetricsJerseyTest.java:36)
	at io.dropwizard.metrics5.jersey2.SingletonFilterMetricsJerseyTest.<init>(SingletonFilterMetricsJerseyTest.java:22)

[ERROR] subResourcesFromLocatorsRegisterMetrics(io.dropwizard.metrics5.jersey2.SingletonFilterMetricsJerseyTest)  Time elapsed: 0 s  <<< ERROR!
java.lang.NoClassDefFoundError: javax/annotation/Priority
	at io.dropwizard.metrics5.jersey2.SingletonFilterMetricsJerseyTest.configure(SingletonFilterMetricsJerseyTest.java:36)
	at io.dropwizard.metrics5.jersey2.SingletonFilterMetricsJerseyTest.<init>(SingletonFilterMetricsJerseyTest.java:22)

[ERROR] responseFiltersOfTimedMethodsAreTimed(io.dropwizard.metrics5.jersey2.SingletonFilterMetricsJerseyTest)  Time elapsed: 0 s  <<< ERROR!
java.lang.NoClassDefFoundError: javax/annotation/Priority
	at io.dropwizard.metrics5.jersey2.SingletonFilterMetricsJerseyTest.configure(SingletonFilterMetricsJerseyTest.java:36)
	at io.dropwizard.metrics5.jersey2.SingletonFilterMetricsJerseyTest.<init>(SingletonFilterMetricsJerseyTest.java:22)

[ERROR] requestFiltersOfNamedMethodsAreTimed(io.dropwizard.metrics5.jersey2.SingletonFilterMetricsJerseyTest)  Time elapsed: 0 s  <<< ERROR!
java.lang.NoClassDefFoundError: javax/annotation/Priority
	at io.dropwizard.metrics5.jersey2.SingletonFilterMetricsJerseyTest.configure(SingletonFilterMetricsJerseyTest.java:36)
	at io.dropwizard.metrics5.jersey2.SingletonFilterMetricsJerseyTest.<init>(SingletonFilterMetricsJerseyTest.java:22)

[ERROR] requestFiltersOfAbsoluteMethodsAreTimed(io.dropwizard.metrics5.jersey2.SingletonFilterMetricsJerseyTest)  Time elapsed: 0 s  <<< ERROR!
java.lang.NoClassDefFoundError: javax/annotation/Priority
	at io.dropwizard.metrics5.jersey2.SingletonFilterMetricsJerseyTest.configure(SingletonFilterMetricsJerseyTest.java:36)
	at io.dropwizard.metrics5.jersey2.SingletonFilterMetricsJerseyTest.<init>(SingletonFilterMetricsJerseyTest.java:22)

[ERROR] totalTimeOfTimedMethodsIsTimed(io.dropwizard.metrics5.jersey2.SingletonFilterMetricsJerseyTest)  Time elapsed: 0 s  <<< ERROR!
java.lang.NoClassDefFoundError: javax/annotation/Priority
	at io.dropwizard.metrics5.jersey2.SingletonFilterMetricsJerseyTest.configure(SingletonFilterMetricsJerseyTest.java:36)
	at io.dropwizard.metrics5.jersey2.SingletonFilterMetricsJerseyTest.<init>(SingletonFilterMetricsJerseyTest.java:22)

[ERROR] timedMethodsAreTimed(io.dropwizard.metrics5.jersey2.SingletonFilterMetricsJerseyTest)  Time elapsed: 0 s  <<< ERROR!
java.lang.NoClassDefFoundError: javax/annotation/Priority
	at io.dropwizard.metrics5.jersey2.SingletonFilterMetricsJerseyTest.configure(SingletonFilterMetricsJerseyTest.java:36)
	at io.dropwizard.metrics5.jersey2.SingletonFilterMetricsJerseyTest.<init>(SingletonFilterMetricsJerseyTest.java:22)

[INFO] 
[INFO] Results:
[INFO] 
[ERROR] Errors: 
[ERROR]   CustomReservoirImplementationTest.<init>:19->JerseyTest.<init>:186->JerseyTest.configureDeployment:423->configure:31 » NoClassDefFound
[ERROR]   SingletonFilterMetricsJerseyTest.<init>:22->JerseyTest.<init>:186->JerseyTest.configureDeployment:423->configure:36 » NoClassDefFound
[ERROR]   SingletonFilterMetricsJerseyTest.<init>:22->JerseyTest.<init>:186->JerseyTest.configureDeployment:423->configure:36 » NoClassDefFound
[ERROR]   SingletonFilterMetricsJerseyTest.<init>:22->JerseyTest.<init>:186->JerseyTest.configureDeployment:423->configure:36 » NoClassDefFound
[ERROR]   SingletonFilterMetricsJerseyTest.<init>:22->JerseyTest.<init>:186->JerseyTest.configureDeployment:423->configure:36 » NoClassDefFound
[ERROR]   SingletonFilterMetricsJerseyTest.<init>:22->JerseyTest.<init>:186->JerseyTest.configureDeployment:423->configure:36 » NoClassDefFound
[ERROR]   SingletonFilterMetricsJerseyTest.<init>:22->JerseyTest.<init>:186->JerseyTest.configureDeployment:423->configure:36 » NoClassDefFound
[ERROR]   SingletonFilterMetricsJerseyTest.<init>:22->JerseyTest.<init>:186->JerseyTest.configureDeployment:423->configure:36 » NoClassDefFound
[ERROR]   SingletonFilterMetricsJerseyTest.<init>:22->JerseyTest.<init>:186->JerseyTest.configureDeployment:423->configure:36 » NoClassDefFound
[ERROR]   SingletonFilterMetricsJerseyTest.<init>:22->JerseyTest.<init>:186->JerseyTest.configureDeployment:423->configure:36 » NoClassDefFound
[ERROR]   SingletonMetricsExceptionMeteredPerClassJerseyTest.<init>:24->JerseyTest.<init>:186->JerseyTest.configureDeployment:423->configure:37 » NoClassDefFound
[ERROR]   SingletonMetricsExceptionMeteredPerClassJerseyTest.<init>:24->JerseyTest.<init>:186->JerseyTest.configureDeployment:423->configure:37 » NoClassDefFound
[ERROR]   SingletonMetricsJerseyTest.<init>:28->JerseyTest.<init>:186->JerseyTest.configureDeployment:423->configure:40 » NoClassDefFound
[ERROR]   SingletonMetricsJerseyTest.<init>:28->JerseyTest.<init>:186->JerseyTest.configureDeployment:423->configure:40 » NoClassDefFound
[ERROR]   SingletonMetricsJerseyTest.<init>:28->JerseyTest.<init>:186->JerseyTest.configureDeployment:423->configure:40 » NoClassDefFound
[ERROR]   SingletonMetricsJerseyTest.<init>:28->JerseyTest.<init>:186->JerseyTest.configureDeployment:423->configure:40 » NoClassDefFound
[ERROR]   SingletonMetricsJerseyTest.<init>:28->JerseyTest.<init>:186->JerseyTest.configureDeployment:423->configure:40 » NoClassDefFound
[ERROR]   SingletonMetricsJerseyTest.<init>:28->JerseyTest.<init>:186->JerseyTest.configureDeployment:423->configure:40 » NoClassDefFound
[ERROR]   SingletonMetricsMeteredPerClassJerseyTest.<init>:21->JerseyTest.<init>:186->JerseyTest.configureDeployment:423->configure:34 » NoClassDefFound
[ERROR]   SingletonMetricsMeteredPerClassJerseyTest.<init>:21->JerseyTest.<init>:186->JerseyTest.configureDeployment:423->configure:34 » NoClassDefFound
[ERROR]   SingletonMetricsResponseMeteredPerClassJerseyTest.<init>:23->JerseyTest.<init>:186->JerseyTest.configureDeployment:423->configure:37 » NoClassDefFound
[ERROR]   SingletonMetricsResponseMeteredPerClassJerseyTest.<init>:23->JerseyTest.<init>:186->JerseyTest.configureDeployment:423->configure:37 » NoClassDefFound
[ERROR]   SingletonMetricsResponseMeteredPerClassJerseyTest.<init>:23->JerseyTest.<init>:186->JerseyTest.configureDeployment:423->configure:37 » NoClassDefFound
[ERROR]   SingletonMetricsResponseMeteredPerClassJerseyTest.<init>:23->JerseyTest.<init>:186->JerseyTest.configureDeployment:423->configure:37 » NoClassDefFound
[ERROR]   SingletonMetricsResponseMeteredPerClassJerseyTest.<init>:23->JerseyTest.<init>:186->JerseyTest.configureDeployment:423->configure:37 » NoClassDefFound
[ERROR]   SingletonMetricsResponseMeteredPerClassJerseyTest.<init>:23->JerseyTest.<init>:186->JerseyTest.configureDeployment:423->configure:37 » NoClassDefFound
[ERROR]   SingletonMetricsTimedPerClassJerseyTest.<init>:21->JerseyTest.<init>:186->JerseyTest.configureDeployment:423->configure:34 » NoClassDefFound
[ERROR]   SingletonMetricsTimedPerClassJerseyTest.<init>:21->JerseyTest.<init>:186->JerseyTest.configureDeployment:423->configure:34 » NoClassDefFound
[INFO] 
[ERROR] Tests run: 28, Failures: 0, Errors: 28, Skipped: 0
[INFO] 
[INFO] ------------------------------------------------------------------------
[INFO] Reactor Summary for Metrics5 Parent 5.0.0-rc5-SNAPSHOT:
[INFO] 
[INFO] Metrics5 Parent .................................... SUCCESS [  0.378 s]
[INFO] Metrics5 Documentation ............................. SUCCESS [  0.506 s]
[INFO] Metrics5 BOM ....................................... SUCCESS [  0.009 s]
[INFO] Annotations for Metrics5 ........................... SUCCESS [  1.159 s]
[INFO] Metrics5 Core ...................................... SUCCESS [ 22.722 s]
[INFO] Benchmarks for Metrics5 ............................ SUCCESS [  0.691 s]
[INFO] Metrics5 Integration for Caffeine 2.x .............. SUCCESS [  1.846 s]
[INFO] Metrics5 Integration for Caffeine 3.x .............. SUCCESS [  1.913 s]
[INFO] Metrics5 Integration for Collectd .................. SUCCESS [  5.024 s]
[INFO] Metrics5 Integration for Ehcache ................... SUCCESS [  2.068 s]
[INFO] Graphite Integration for Metrics5 .................. SUCCESS [  5.973 s]
[INFO] InfluxDB integration for Metrics5 .................. SUCCESS [  2.947 s]
[INFO] JVM Integration for Metrics5 ....................... SUCCESS [  3.105 s]
[INFO] Metrics5 Health Checks ............................. SUCCESS [  2.908 s]
[INFO] Metrics5 Integration for Apache HttpClient ......... SUCCESS [  2.858 s]
[INFO] Metrics5 Integration for Apache HttpClient 5.x ..... SUCCESS [  3.642 s]
[INFO] Metrics5 Integration for Apache HttpAsyncClient .... SUCCESS [  2.986 s]
[INFO] Metrics5 Integration for Jakarta Servlets .......... SUCCESS [  2.266 s]
[INFO] Jackson Integration for Metrics5 ................... SUCCESS [  2.588 s]
[INFO] Metrics Integration for Jetty 11.x and higher ...... SUCCESS [  3.984 s]
[INFO] Metrics5 Utility Jakarta Servlets .................. SUCCESS [  6.868 s]
[INFO] Metrics5 Integration for JCache .................... SUCCESS [  2.493 s]
[INFO] Metrics5 Integration for JDBI ...................... SUCCESS [  2.318 s]
[INFO] Metrics5 Integration for JDBI3 ..................... SUCCESS [  2.390 s]
[INFO] Metrics5 Integration for Jersey 2.x ................ FAILURE [  2.374 s]
[INFO] Metrics Integration for Jersey 3.x ................. SKIPPED
[INFO] Metrics5 Integration for Jetty 9.3 and higher ...... SKIPPED
[INFO] Metrics Integration for Jetty 10.x and higher ...... SKIPPED
[INFO] Metrics5 Integration for Log4j 2.x ................. SKIPPED
[INFO] Metrics5 Integration for Logback ................... SKIPPED
[INFO] Metrics5 Integration for Servlets .................. SKIPPED
[INFO] Metrics5 Utility Servlets .......................... SKIPPED
[INFO] Metrics5 JCStress tests ............................ SKIPPED
[INFO] Metrics5 Integration with JMX ...................... SKIPPED
[INFO] Metrics5 Adapter to Metrics 3/4 API ................ SKIPPED
[INFO] Metrics5 Health Checks Adapter to Metrics 3/4 API .. SKIPPED
[INFO] ------------------------------------------------------------------------
[INFO] BUILD FAILURE
[INFO] ------------------------------------------------------------------------
[INFO] Total time:  01:26 min
[INFO] Finished at: 2023-02-01T17:51:03Z
[INFO] ------------------------------------------------------------------------
[ERROR] Failed to execute goal org.apache.maven.plugins:maven-surefire-plugin:2.22.2:test (default-test) on project metrics-jersey2: There are test failures.
[ERROR] 
[ERROR] Please refer to /home/gabsko/breaking-updates/metrics-jersey2/target/surefire-reports for the individual test results.
[ERROR] Please refer to dump files (if any exist) [date].dump, [date]-jvmRun[N].dump and [date].dumpstream.
[ERROR] -> [Help 1]
[ERROR] 
[ERROR] To see the full stack trace of the errors, re-run Maven with the -e switch.
[ERROR] Re-run Maven using the -X switch to enable full debug logging.
[ERROR] 
[ERROR] For more information about the errors and possible solutions, please read the following articles:
[ERROR] [Help 1] http://cwiki.apache.org/confluence/display/MAVEN/MojoFailureException
[ERROR] 
[ERROR] After correcting the problems, you can resume the build with the command
[ERROR]   mvn <args> -rf :metrics-jersey2
