[INFO] Scanning for projects...
[WARNING] 
[WARNING] Some problems were encountered while building the effective model for amforeas:amforeas-servlet:jar:1.2.0-SNAPSHOT
[WARNING] The expression ${artifactId} is deprecated. Please use ${project.artifactId} instead.
[WARNING] 
[WARNING] Some problems were encountered while building the effective model for amforeas:amforeas-jetty:jar:1.2.0-SNAPSHOT
[WARNING] The expression ${artifactId} is deprecated. Please use ${project.artifactId} instead.
[WARNING] 
[WARNING] It is highly recommended to fix these problems because they threaten the stability of your build.
[WARNING] 
[WARNING] For this reason, future Maven versions might no longer support building such malformed projects.
[WARNING] 
[INFO] ------------------------------------------------------------------------
[INFO] Reactor Build Order:
[INFO] 
[INFO] amforeas-parent                                                    [pom]
[INFO] amforeas-core                                                      [jar]
[INFO] amforeas-servlet                                                   [jar]
[INFO] amforeas-jetty                                                     [jar]
[INFO] amforeas-war                                                       [war]
[INFO] amforeas-demo                                                      [jar]
[INFO] amforeas-client                                                    [jar]
[INFO] 
[INFO] ----------------------< amforeas:amforeas-parent >----------------------
[INFO] Building amforeas-parent 1                                         [1/7]
[INFO] --------------------------------[ pom ]---------------------------------
[INFO] 
[INFO] --- maven-clean-plugin:2.5:clean (default-clean) @ amforeas-parent ---
[INFO] 
[INFO] -----------------------< amforeas:amforeas-core >-----------------------
[INFO] Building amforeas-core 1.2.0-SNAPSHOT                              [2/7]
[INFO] --------------------------------[ jar ]---------------------------------
[INFO] Downloading from central: https://repo.maven.apache.org/maven2/com/thoughtworks/xstream/xstream/1.4.13-java7/xstream-1.4.13-java7.jar
[INFO] Downloaded from central: https://repo.maven.apache.org/maven2/com/thoughtworks/xstream/xstream/1.4.13-java7/xstream-1.4.13-java7.jar (566 kB at 1.4 MB/s)
[INFO] 
[INFO] --- maven-clean-plugin:2.5:clean (default-clean) @ amforeas-core ---
[INFO] Deleting /home/gabsko/breaking-updates/amforeas-core/target
[INFO] 
[INFO] --- maven-resources-plugin:2.6:resources (default-resources) @ amforeas-core ---
[INFO] Using 'UTF-8' encoding to copy filtered resources.
[INFO] Copying 2 resources
[INFO] 
[INFO] --- maven-compiler-plugin:3.8.1:compile (default-compile) @ amforeas-core ---
[INFO] Changes detected - recompiling the module!
[INFO] Compiling 57 source files to /home/gabsko/breaking-updates/amforeas-core/target/classes
[INFO] /home/gabsko/breaking-updates/amforeas-core/src/main/java/amforeas/exceptions/AmforeasBadRequestException.java: /home/gabsko/breaking-updates/amforeas-core/src/main/java/amforeas/exceptions/AmforeasBadRequestException.java uses or overrides a deprecated API.
[INFO] /home/gabsko/breaking-updates/amforeas-core/src/main/java/amforeas/exceptions/AmforeasBadRequestException.java: Recompile with -Xlint:deprecation for details.
[INFO] 
[INFO] --- maven-resources-plugin:2.6:testResources (default-testResources) @ amforeas-core ---
[INFO] Using 'UTF-8' encoding to copy filtered resources.
[INFO] Copying 1 resource
[INFO] 
[INFO] --- maven-compiler-plugin:3.8.1:testCompile (default-testCompile) @ amforeas-core ---
[INFO] Changes detected - recompiling the module!
[INFO] Compiling 25 source files to /home/gabsko/breaking-updates/amforeas-core/target/test-classes
[INFO] /home/gabsko/breaking-updates/amforeas-core/src/test/java/org/amforeas/XmlXstreamTest.java: /home/gabsko/breaking-updates/amforeas-core/src/test/java/org/amforeas/XmlXstreamTest.java uses unchecked or unsafe operations.
[INFO] /home/gabsko/breaking-updates/amforeas-core/src/test/java/org/amforeas/XmlXstreamTest.java: Recompile with -Xlint:unchecked for details.
[INFO] 
[INFO] --- maven-surefire-plugin:2.22.2:test (default-test) @ amforeas-core ---
[INFO] 
[INFO] -------------------------------------------------------
[INFO]  T E S T S
[INFO] -------------------------------------------------------
[INFO] Running org.amforeas.config.AmforeasPropertiesTest
23:05:35,974 |-INFO in ch.qos.logback.classic.LoggerContext[default] - Could NOT find resource [logback-test.xml]
23:05:35,974 |-INFO in ch.qos.logback.classic.LoggerContext[default] - Could NOT find resource [logback.groovy]
23:05:35,975 |-INFO in ch.qos.logback.classic.LoggerContext[default] - Found resource [logback.xml] at [file:/home/gabsko/breaking-updates/amforeas-core/target/test-classes/logback.xml]
23:05:35,975 |-WARN in ch.qos.logback.classic.LoggerContext[default] - Resource [logback.xml] occurs multiple times on the classpath.
23:05:35,975 |-WARN in ch.qos.logback.classic.LoggerContext[default] - Resource [logback.xml] occurs at [file:/home/gabsko/breaking-updates/amforeas-core/target/classes/logback.xml]
23:05:35,975 |-WARN in ch.qos.logback.classic.LoggerContext[default] - Resource [logback.xml] occurs at [file:/home/gabsko/breaking-updates/amforeas-core/target/test-classes/logback.xml]
23:05:36,031 |-INFO in ch.qos.logback.classic.joran.action.ConfigurationAction - debug attribute not set
23:05:36,033 |-INFO in ch.qos.logback.core.joran.action.AppenderAction - About to instantiate appender of type [ch.qos.logback.core.ConsoleAppender]
23:05:36,034 |-INFO in ch.qos.logback.core.joran.action.AppenderAction - Naming appender as [STDIN]
23:05:36,037 |-INFO in ch.qos.logback.core.joran.action.NestedComplexPropertyIA - Assuming default type [ch.qos.logback.classic.encoder.PatternLayoutEncoder] for [encoder] property
23:05:36,065 |-INFO in ch.qos.logback.core.joran.action.AppenderAction - About to instantiate appender of type [ch.qos.logback.core.ConsoleAppender]
23:05:36,065 |-INFO in ch.qos.logback.core.joran.action.AppenderAction - Naming appender as [PERFORMANCE]
23:05:36,066 |-INFO in ch.qos.logback.core.joran.action.NestedComplexPropertyIA - Assuming default type [ch.qos.logback.classic.encoder.PatternLayoutEncoder] for [encoder] property
23:05:36,067 |-INFO in ch.qos.logback.classic.joran.action.LoggerAction - Setting level of logger [org.eclipse] to OFF
23:05:36,067 |-INFO in ch.qos.logback.classic.joran.action.LoggerAction - Setting level of logger [com.sun.jersey] to OFF
23:05:36,068 |-INFO in ch.qos.logback.classic.joran.action.LoggerAction - Setting level of logger [org.slf4j] to OFF
23:05:36,068 |-INFO in ch.qos.logback.classic.joran.action.LoggerAction - Setting level of logger [amforeas] to OFF
23:05:36,068 |-ERROR in ch.qos.logback.core.joran.action.AppenderRefAction - Could not find an appender named [MAIN]. Did you define it below instead of above in the configuration file?
23:05:36,068 |-ERROR in ch.qos.logback.core.joran.action.AppenderRefAction - See http://logback.qos.ch/codes.html#appender_order for more details.
23:05:36,068 |-INFO in ch.qos.logback.classic.joran.action.LoggerAction - Setting level of logger [amforeas.PerformanceLogger] to OFF
23:05:36,068 |-INFO in ch.qos.logback.core.joran.action.AppenderRefAction - Attaching appender named [PERFORMANCE] to Logger[amforeas.PerformanceLogger]
23:05:36,069 |-INFO in ch.qos.logback.classic.joran.action.RootLoggerAction - Setting level of ROOT logger to OFF
23:05:36,069 |-INFO in ch.qos.logback.core.joran.action.AppenderRefAction - Attaching appender named [STDIN] to Logger[ROOT]
23:05:36,069 |-INFO in ch.qos.logback.classic.joran.action.ConfigurationAction - End of configuration.
23:05:36,070 |-INFO in ch.qos.logback.classic.joran.JoranConfigurator@18cc679e - Registering current configuration as safe fallback point

[INFO] Tests run: 10, Failures: 0, Errors: 0, Skipped: 0, Time elapsed: 0.469 s - in org.amforeas.config.AmforeasPropertiesTest
[INFO] Running org.amforeas.config.AmforeasConfigurationTest
[INFO] Tests run: 5, Failures: 0, Errors: 0, Skipped: 0, Time elapsed: 0.036 s - in org.amforeas.config.AmforeasConfigurationTest
[INFO] Running org.amforeas.sql.dialect.MSSQLDialectTest
[INFO] Tests run: 10, Failures: 0, Errors: 0, Skipped: 0, Time elapsed: 0.002 s - in org.amforeas.sql.dialect.MSSQLDialectTest
[INFO] Running org.amforeas.sql.dialect.MySQLDialectTest
[INFO] Tests run: 10, Failures: 0, Errors: 0, Skipped: 0, Time elapsed: 0.002 s - in org.amforeas.sql.dialect.MySQLDialectTest
[INFO] Running org.amforeas.sql.dialect.HSQLDialectTest
[INFO] Tests run: 10, Failures: 0, Errors: 0, Skipped: 0, Time elapsed: 0.001 s - in org.amforeas.sql.dialect.HSQLDialectTest
[INFO] Running org.amforeas.sql.dialect.SQLDialectTest
[INFO] Tests run: 10, Failures: 0, Errors: 0, Skipped: 0, Time elapsed: 0.008 s - in org.amforeas.sql.dialect.SQLDialectTest
[INFO] Running org.amforeas.sql.dialect.PostgreSQLDialectTest
[INFO] Tests run: 10, Failures: 0, Errors: 0, Skipped: 0, Time elapsed: 0.002 s - in org.amforeas.sql.dialect.PostgreSQLDialectTest
[INFO] Running org.amforeas.sql.dialect.OracleDialectTest
[INFO] Tests run: 11, Failures: 0, Errors: 0, Skipped: 0, Time elapsed: 0.009 s - in org.amforeas.sql.dialect.OracleDialectTest
[INFO] Running org.amforeas.sql.SelectTest
[INFO] Tests run: 4, Failures: 0, Errors: 0, Skipped: 0, Time elapsed: 0 s - in org.amforeas.sql.SelectTest
[INFO] Running org.amforeas.sql.TableTest
[INFO] Tests run: 4, Failures: 0, Errors: 0, Skipped: 0, Time elapsed: 0 s - in org.amforeas.sql.TableTest
[INFO] Running org.amforeas.sql.DynamicFinderTest
Invalid Command findLastByNameLike[INFO] Tests run: 35, Failures: 0, Errors: 0, Skipped: 0, Time elapsed: 0.036 s - in org.amforeas.sql.DynamicFinderTest
[INFO] Running org.amforeas.sql.SelectParamTest
[INFO] Tests run: 3, Failures: 0, Errors: 0, Skipped: 0, Time elapsed: 0.001 s - in org.amforeas.sql.SelectParamTest
[INFO] Running org.amforeas.PerformanceLoggerTest
[INFO] Tests run: 1, Failures: 0, Errors: 0, Skipped: 0, Time elapsed: 0 s - in org.amforeas.PerformanceLoggerTest
[INFO] Running org.amforeas.cache.SimpleCacheTest
[INFO] Tests run: 1, Failures: 0, Errors: 0, Skipped: 0, Time elapsed: 0.101 s - in org.amforeas.cache.SimpleCacheTest
[INFO] Running org.amforeas.UtilsTest
[INFO] Tests run: 12, Failures: 0, Errors: 0, Skipped: 0, Time elapsed: 0.118 s - in org.amforeas.UtilsTest
[INFO] Running org.amforeas.acl.ACLManagerTest
[INFO] Tests run: 12, Failures: 0, Errors: 0, Skipped: 0, Time elapsed: 0.065 s - in org.amforeas.acl.ACLManagerTest
[INFO] Running org.amforeas.acl.ACLFilterTest
[INFO] Tests run: 1, Failures: 0, Errors: 0, Skipped: 0, Time elapsed: 0.001 s - in org.amforeas.acl.ACLFilterTest
[INFO] Running org.amforeas.acl.ACLRuleTest
[INFO] Tests run: 1, Failures: 0, Errors: 0, Skipped: 0, Time elapsed: 0 s - in org.amforeas.acl.ACLRuleTest
[INFO] Running org.amforeas.jdbc.OrderParamTest
[INFO] Tests run: 3, Failures: 0, Errors: 0, Skipped: 0, Time elapsed: 0 s - in org.amforeas.jdbc.OrderParamTest
[INFO] Running org.amforeas.jdbc.LimitParamTest
[INFO] Tests run: 4, Failures: 0, Errors: 0, Skipped: 0, Time elapsed: 0 s - in org.amforeas.jdbc.LimitParamTest
[INFO] Running org.amforeas.jdbc.StoredProcedureParamTest
[INFO] Tests run: 2, Failures: 0, Errors: 0, Skipped: 0, Time elapsed: 0.001 s - in org.amforeas.jdbc.StoredProcedureParamTest
[INFO] Running org.amforeas.jdbc.PaginationTest
[INFO] Tests run: 7, Failures: 0, Errors: 0, Skipped: 0, Time elapsed: 0 s - in org.amforeas.jdbc.PaginationTest
[INFO] Running org.amforeas.DefaultRestServiceTest
[INFO] Tests run: 6, Failures: 0, Errors: 0, Skipped: 0, Time elapsed: 0.111 s - in org.amforeas.DefaultRestServiceTest
[INFO] Running org.amforeas.XmlXstreamTest
[ERROR] Tests run: 7, Failures: 0, Errors: 3, Skipped: 0, Time elapsed: 0.368 s <<< FAILURE! - in org.amforeas.XmlXstreamTest
[ERROR] testSuccessToXML  Time elapsed: 0.141 s  <<< ERROR!
com.thoughtworks.xstream.InitializationException: Could not instantiate mapper : com.thoughtworks.xstream.mapper.LambdaMapper
	at org.amforeas.XmlXstreamTest.successFromXML(XmlXstreamTest.java:217)
	at org.amforeas.XmlXstreamTest.assertSuccessXMLResponse(XmlXstreamTest.java:146)
	at org.amforeas.XmlXstreamTest.testSuccessToXML(XmlXstreamTest.java:69)
Caused by: java.lang.ClassNotFoundException: com.thoughtworks.xstream.mapper.LambdaMapper
	at org.amforeas.XmlXstreamTest.successFromXML(XmlXstreamTest.java:217)
	at org.amforeas.XmlXstreamTest.assertSuccessXMLResponse(XmlXstreamTest.java:146)
	at org.amforeas.XmlXstreamTest.testSuccessToXML(XmlXstreamTest.java:69)

[ERROR] testHeadToXML  Time elapsed: 0.005 s  <<< ERROR!
com.thoughtworks.xstream.InitializationException: Could not instantiate mapper : com.thoughtworks.xstream.mapper.LambdaMapper
	at org.amforeas.XmlXstreamTest.headFromXML(XmlXstreamTest.java:238)
	at org.amforeas.XmlXstreamTest.assertHeadXMLResponse(XmlXstreamTest.java:160)
	at org.amforeas.XmlXstreamTest.testHeadToXML(XmlXstreamTest.java:85)
Caused by: java.lang.ClassNotFoundException: com.thoughtworks.xstream.mapper.LambdaMapper
	at org.amforeas.XmlXstreamTest.headFromXML(XmlXstreamTest.java:238)
	at org.amforeas.XmlXstreamTest.assertHeadXMLResponse(XmlXstreamTest.java:160)
	at org.amforeas.XmlXstreamTest.testHeadToXML(XmlXstreamTest.java:85)

[ERROR] testErrorToXML  Time elapsed: 0.004 s  <<< ERROR!
com.thoughtworks.xstream.InitializationException: Could not instantiate mapper : com.thoughtworks.xstream.mapper.LambdaMapper
	at org.amforeas.XmlXstreamTest.errorFromXML(XmlXstreamTest.java:230)
	at org.amforeas.XmlXstreamTest.assertErrorXMLResponse(XmlXstreamTest.java:153)
	at org.amforeas.XmlXstreamTest.testErrorToXML(XmlXstreamTest.java:77)
Caused by: java.lang.ClassNotFoundException: com.thoughtworks.xstream.mapper.LambdaMapper
	at org.amforeas.XmlXstreamTest.errorFromXML(XmlXstreamTest.java:230)
	at org.amforeas.XmlXstreamTest.assertErrorXMLResponse(XmlXstreamTest.java:153)
	at org.amforeas.XmlXstreamTest.testErrorToXML(XmlXstreamTest.java:77)

[INFO] 
[INFO] Results:
[INFO] 
[ERROR] Errors: 
[ERROR]   XmlXstreamTest.testErrorToXML:77->assertErrorXMLResponse:153->errorFromXML:230 » Initialization
[ERROR]   XmlXstreamTest.testHeadToXML:85->assertHeadXMLResponse:160->headFromXML:238 » Initialization
[ERROR]   XmlXstreamTest.testSuccessToXML:69->assertSuccessXMLResponse:146->successFromXML:217 » Initialization
[INFO] 
[ERROR] Tests run: 179, Failures: 0, Errors: 3, Skipped: 0
[INFO] 
[INFO] ------------------------------------------------------------------------
[INFO] Reactor Summary:
[INFO] 
[INFO] amforeas-parent 1 .................................. SUCCESS [  0.105 s]
[INFO] amforeas-core 1.2.0-SNAPSHOT ....................... FAILURE [  5.378 s]
[INFO] amforeas-servlet 1.2.0-SNAPSHOT .................... SKIPPED
[INFO] amforeas-jetty 1.2.0-SNAPSHOT ...................... SKIPPED
[INFO] amforeas-war 1.2.0-SNAPSHOT ........................ SKIPPED
[INFO] amforeas-demo 1.2.0-SNAPSHOT ....................... SKIPPED
[INFO] amforeas-client 1.2.0-SNAPSHOT ..................... SKIPPED
[INFO] ------------------------------------------------------------------------
[INFO] BUILD FAILURE
[INFO] ------------------------------------------------------------------------
[INFO] Total time:  5.598 s
[INFO] Finished at: 2023-01-31T23:05:37Z
[INFO] ------------------------------------------------------------------------
[ERROR] Failed to execute goal org.apache.maven.plugins:maven-surefire-plugin:2.22.2:test (default-test) on project amforeas-core: There are test failures.
[ERROR] 
[ERROR] Please refer to /home/gabsko/breaking-updates/amforeas-core/target/surefire-reports for the individual test results.
[ERROR] Please refer to dump files (if any exist) [date].dump, [date]-jvmRun[N].dump and [date].dumpstream.
[ERROR] -> [Help 1]
[ERROR] 
[ERROR] To see the full stack trace of the errors, re-run Maven with the -e switch.
[ERROR] Re-run Maven using the -X switch to enable full debug logging.
[ERROR] 
[ERROR] For more information about the errors and possible solutions, please read the following articles:
[ERROR] [Help 1] http://cwiki.apache.org/confluence/display/MAVEN/MojoFailureException
[ERROR] 
[ERROR] After correcting the problems, you can resume the build with the command
[ERROR]   mvn <args> -rf :amforeas-core
