[INFO] Scanning for projects...
[INFO] Inspecting build with total of 1 modules...
[INFO] Installing Nexus Staging features:
[INFO]   ... total of 1 executions of maven-deploy-plugin replaced with nexus-staging-maven-plugin
[INFO] 
[INFO] ---------------< com.github.searls:jasmine-maven-plugin >---------------
[INFO] Building jasmine-maven-plugin 3.0-SNAPSHOT
[INFO] ----------------------------[ maven-plugin ]----------------------------
[INFO] 
[INFO] --- maven-clean-plugin:3.2.0:clean (default-clean) @ jasmine-maven-plugin ---
[INFO] Deleting /home/gabsko/breaking-updates/target
[INFO] 
[INFO] --- jacoco-maven-plugin:0.8.8:prepare-agent (default) @ jasmine-maven-plugin ---
[INFO] argLine set to -javaagent:/home/gabsko/.m2/repository/org/jacoco/org.jacoco.agent/0.8.8/org.jacoco.agent-0.8.8-runtime.jar=destfile=/home/gabsko/breaking-updates/target/jacoco.exec,excludes=com/github/searls/jasmine/mojo/HelpMojo*:**com.steadystate*
[INFO] 
[INFO] --- maven-plugin-plugin:3.6.4:helpmojo (generated-helpmojo) @ jasmine-maven-plugin ---
[ERROR] 

Some dependencies of Maven Plugins are expected to be in provided scope.
Please make sure that dependencies listed below declared in POM
have set '<scope>provided</scope>' as well.

The following dependencies are in wrong scope:
 * org.apache.maven:maven-plugin-api:jar:3.8.6:compile
 * org.apache.maven:maven-model:jar:3.8.6:compile
 * org.apache.maven:maven-artifact:jar:3.8.6:compile
 * org.apache.maven:maven-core:jar:3.8.6:compile
 * org.apache.maven:maven-settings:jar:3.8.6:compile
 * org.apache.maven:maven-settings-builder:jar:3.8.6:compile
 * org.apache.maven:maven-builder-support:jar:3.8.6:compile
 * org.apache.maven:maven-repository-metadata:jar:3.8.6:compile
 * org.apache.maven:maven-model-builder:jar:3.8.6:compile
 * org.apache.maven:maven-resolver-provider:jar:3.8.6:compile



[INFO] Using 'UTF-8' encoding to read mojo source files.
[INFO] java-javadoc mojo extractor found 0 mojo descriptor.
[INFO] ant mojo extractor found 0 mojo descriptor.
[INFO] bsh mojo extractor found 0 mojo descriptor.
[INFO] java-annotations mojo extractor found 0 mojo descriptor.
[INFO] 
[INFO] --- maven-resources-plugin:3.3.0:resources (default-resources) @ jasmine-maven-plugin ---
[INFO] Copying 7 resources
[INFO] 
[INFO] --- maven-compiler-plugin:3.10.1:compile (default-compile) @ jasmine-maven-plugin ---
[INFO] Changes detected - recompiling the module!
[INFO] Compiling 50 source files to /home/gabsko/breaking-updates/target/classes
[INFO] /home/gabsko/breaking-updates/src/main/java/com/github/searls/jasmine/server/ResourceHandlerConfigurator.java: /home/gabsko/breaking-updates/src/main/java/com/github/searls/jasmine/server/ResourceHandlerConfigurator.java uses or overrides a deprecated API.
[INFO] /home/gabsko/breaking-updates/src/main/java/com/github/searls/jasmine/server/ResourceHandlerConfigurator.java: Recompile with -Xlint:deprecation for details.
[INFO] 
[INFO] --- maven-plugin-plugin:3.6.4:descriptor (default-descriptor) @ jasmine-maven-plugin ---
[ERROR] 

Some dependencies of Maven Plugins are expected to be in provided scope.
Please make sure that dependencies listed below declared in POM
have set '<scope>provided</scope>' as well.

The following dependencies are in wrong scope:
 * org.apache.maven:maven-plugin-api:jar:3.8.6:compile
 * org.apache.maven:maven-model:jar:3.8.6:compile
 * org.apache.maven:maven-artifact:jar:3.8.6:compile
 * org.apache.maven:maven-core:jar:3.8.6:compile
 * org.apache.maven:maven-settings:jar:3.8.6:compile
 * org.apache.maven:maven-settings-builder:jar:3.8.6:compile
 * org.apache.maven:maven-builder-support:jar:3.8.6:compile
 * org.apache.maven:maven-repository-metadata:jar:3.8.6:compile
 * org.apache.maven:maven-model-builder:jar:3.8.6:compile
 * org.apache.maven:maven-resolver-provider:jar:3.8.6:compile



[INFO] Using 'UTF-8' encoding to read mojo source files.
[INFO] java-javadoc mojo extractor found 0 mojo descriptor.
[INFO] ant mojo extractor found 0 mojo descriptor.
[INFO] bsh mojo extractor found 0 mojo descriptor.
[INFO] java-annotations mojo extractor found 3 mojo descriptors.
[INFO] 
[INFO] --- maven-plugin-plugin:3.6.4:descriptor (mojo-descriptor) @ jasmine-maven-plugin ---
[ERROR] 

Some dependencies of Maven Plugins are expected to be in provided scope.
Please make sure that dependencies listed below declared in POM
have set '<scope>provided</scope>' as well.

The following dependencies are in wrong scope:
 * org.apache.maven:maven-plugin-api:jar:3.8.6:compile
 * org.apache.maven:maven-model:jar:3.8.6:compile
 * org.apache.maven:maven-artifact:jar:3.8.6:compile
 * org.apache.maven:maven-core:jar:3.8.6:compile
 * org.apache.maven:maven-settings:jar:3.8.6:compile
 * org.apache.maven:maven-settings-builder:jar:3.8.6:compile
 * org.apache.maven:maven-builder-support:jar:3.8.6:compile
 * org.apache.maven:maven-repository-metadata:jar:3.8.6:compile
 * org.apache.maven:maven-model-builder:jar:3.8.6:compile
 * org.apache.maven:maven-resolver-provider:jar:3.8.6:compile



[INFO] Using 'UTF-8' encoding to read mojo source files.
[INFO] java-javadoc mojo extractor found 0 mojo descriptor.
[INFO] ant mojo extractor found 0 mojo descriptor.
[INFO] bsh mojo extractor found 0 mojo descriptor.
[INFO] java-annotations mojo extractor found 3 mojo descriptors.
[INFO] 
[INFO] --- sisu-maven-plugin:1.4:main-index (generate-index) @ jasmine-maven-plugin ---
[INFO] 
[INFO] --- maven-resources-plugin:3.3.0:testResources (default-testResources) @ jasmine-maven-plugin ---
[INFO] Copying 114 resources
[INFO] 
[INFO] --- maven-compiler-plugin:3.10.1:testCompile (default-testCompile) @ jasmine-maven-plugin ---
[INFO] Changes detected - recompiling the module!
[INFO] Compiling 35 source files to /home/gabsko/breaking-updates/target/test-classes
[INFO] 
[INFO] --- maven-surefire-plugin:2.22.2:test (default-test) @ jasmine-maven-plugin ---
[INFO] 
[INFO] -------------------------------------------------------
[INFO]  T E S T S
[INFO] -------------------------------------------------------
[INFO] Running com.github.searls.jasmine.model.AbstractJasmineResultTest
[INFO] Tests run: 3, Failures: 0, Errors: 0, Skipped: 0, Time elapsed: 0.137 s - in com.github.searls.jasmine.model.AbstractJasmineResultTest
[INFO] Running com.github.searls.jasmine.config.ServerConfigurationTest
[INFO] Tests run: 1, Failures: 0, Errors: 0, Skipped: 0, Time elapsed: 0 s - in com.github.searls.jasmine.config.ServerConfigurationTest
[INFO] Running com.github.searls.jasmine.driver.WebDriverFactoryTest
SLF4J: No SLF4J providers were found.
SLF4J: Defaulting to no-operation (NOP) logger implementation
SLF4J: See https://www.slf4j.org/codes.html#noProviders for further details.
SLF4J: Class path contains SLF4J bindings targeting slf4j-api versions 1.7.x or earlier.
SLF4J: Ignoring binding found at [jar:file:/home/gabsko/.m2/repository/uk/org/lidalia/slf4j-test/1.2.0/slf4j-test-1.2.0.jar!/org/slf4j/impl/StaticLoggerBinder.class]
SLF4J: See https://www.slf4j.org/codes.html#ignoredBindings for an explanation.
[INFO] Tests run: 4, Failures: 0, Errors: 0, Skipped: 0, Time elapsed: 0.924 s - in com.github.searls.jasmine.driver.WebDriverFactoryTest
[INFO] Running com.github.searls.jasmine.thirdpartylibs.ClassPathResourceHandlerTest
[INFO] Tests run: 2, Failures: 0, Errors: 0, Skipped: 0, Time elapsed: 0.523 s - in com.github.searls.jasmine.thirdpartylibs.ClassPathResourceHandlerTest
[INFO] Running com.github.searls.jasmine.thirdpartylibs.WebJarResourceHandlerTest
[INFO] Tests run: 2, Failures: 0, Errors: 0, Skipped: 0, Time elapsed: 0.498 s - in com.github.searls.jasmine.thirdpartylibs.WebJarResourceHandlerTest
[INFO] Running com.github.searls.jasmine.server.JasmineResourceHandlerTest
[INFO] Tests run: 2, Failures: 0, Errors: 0, Skipped: 0, Time elapsed: 0.043 s - in com.github.searls.jasmine.server.JasmineResourceHandlerTest
[INFO] Running com.github.searls.jasmine.server.ServerManagerTest
[INFO] Tests run: 4, Failures: 0, Errors: 0, Skipped: 0, Time elapsed: 0.172 s - in com.github.searls.jasmine.server.ServerManagerTest
[INFO] Running com.github.searls.jasmine.server.ResourceHandlerConfiguratorTest
[INFO] Tests run: 1, Failures: 0, Errors: 0, Skipped: 0, Time elapsed: 0.151 s - in com.github.searls.jasmine.server.ResourceHandlerConfiguratorTest
[INFO] Running com.github.searls.jasmine.mojo.ServerMojoTest
[INFO] Tests run: 1, Failures: 0, Errors: 0, Skipped: 0, Time elapsed: 0.177 s - in com.github.searls.jasmine.mojo.ServerMojoTest
[INFO] Running com.github.searls.jasmine.mojo.ResourceRetrieverTest
[INFO] Tests run: 2, Failures: 0, Errors: 0, Skipped: 0, Time elapsed: 0.016 s - in com.github.searls.jasmine.mojo.ResourceRetrieverTest
[INFO] Running com.github.searls.jasmine.mojo.AbstractJasmineMojoTest
[INFO] Tests run: 14, Failures: 0, Errors: 0, Skipped: 0, Time elapsed: 0.083 s - in com.github.searls.jasmine.mojo.AbstractJasmineMojoTest
[INFO] Running com.github.searls.jasmine.mojo.TestMojoTest
[INFO] Tests run: 1, Failures: 0, Errors: 0, Skipped: 0, Time elapsed: 0.109 s - in com.github.searls.jasmine.mojo.TestMojoTest
[INFO] Running com.github.searls.jasmine.mojo.ReporterRetrieverTest
[INFO] Tests run: 4, Failures: 0, Errors: 0, Skipped: 0, Time elapsed: 0.006 s - in com.github.searls.jasmine.mojo.ReporterRetrieverTest
[INFO] Running com.github.searls.jasmine.runner.CreatesRunnerTest
[INFO] Tests run: 4, Failures: 0, Errors: 0, Skipped: 0, Time elapsed: 0.052 s - in com.github.searls.jasmine.runner.CreatesRunnerTest
[INFO] Running com.github.searls.jasmine.runner.SpecRunnerExecutorTest
[INFO] Tests run: 1, Failures: 0, Errors: 0, Skipped: 0, Time elapsed: 0.066 s - in com.github.searls.jasmine.runner.SpecRunnerExecutorTest
[INFO] Running com.github.searls.jasmine.runner.ConsoleErrorCheckerTest
[INFO] Tests run: 2, Failures: 0, Errors: 0, Skipped: 0, Time elapsed: 0.008 s - in com.github.searls.jasmine.runner.ConsoleErrorCheckerTest
[INFO] Running com.github.searls.jasmine.runner.HtmlGeneratorConfigurationFactoryTest
[INFO] Tests run: 5, Failures: 0, Errors: 0, Skipped: 0, Time elapsed: 0.016 s - in com.github.searls.jasmine.runner.HtmlGeneratorConfigurationFactoryTest
[INFO] Running com.github.searls.jasmine.runner.WebDriverWaiterTest
[INFO] Tests run: 3, Failures: 0, Errors: 0, Skipped: 0, Time elapsed: 4.018 s - in com.github.searls.jasmine.runner.WebDriverWaiterTest
[INFO] Running com.github.searls.jasmine.format.JasmineResultLoggerTest
[ERROR] Tests run: 2, Failures: 2, Errors: 0, Skipped: 0, Time elapsed: 0.065 s <<< FAILURE! - in com.github.searls.jasmine.format.JasmineResultLoggerTest
[ERROR] shouldLogDetails  Time elapsed: 0.023 s  <<< FAILURE!
java.lang.AssertionError: 
[Expected 
-------------------------------------------------------
 J A S M I N E   S P E C S
------------------------------------------------------- to be logged.] 
Expecting ArrayList:
  []
to contain:
  ["
-------------------------------------------------------
 J A S M I N E   S P E C S
-------------------------------------------------------"]
but could not find the following element(s):
  ["
-------------------------------------------------------
 J A S M I N E   S P E C S
-------------------------------------------------------"]

	at com.github.searls.jasmine.format.JasmineResultLoggerTest.assertMessage(JasmineResultLoggerTest.java:91)
	at com.github.searls.jasmine.format.JasmineResultLoggerTest.shouldLogDetails(JasmineResultLoggerTest.java:78)

[ERROR] shouldLogHeader  Time elapsed: 0 s  <<< FAILURE!
java.lang.AssertionError: 
[Expected 
-------------------------------------------------------
 J A S M I N E   S P E C S
------------------------------------------------------- to be logged.] 
Expecting ArrayList:
  []
to contain:
  ["
-------------------------------------------------------
 J A S M I N E   S P E C S
-------------------------------------------------------"]
but could not find the following element(s):
  ["
-------------------------------------------------------
 J A S M I N E   S P E C S
-------------------------------------------------------"]

	at com.github.searls.jasmine.format.JasmineResultLoggerTest.assertMessage(JasmineResultLoggerTest.java:91)
	at com.github.searls.jasmine.format.JasmineResultLoggerTest.shouldLogHeader(JasmineResultLoggerTest.java:68)

[INFO] Running com.github.searls.jasmine.format.FormatsScriptTagsTest
[INFO] Tests run: 2, Failures: 0, Errors: 0, Skipped: 0, Time elapsed: 0 s - in com.github.searls.jasmine.format.FormatsScriptTagsTest
[INFO] Running com.github.searls.jasmine.io.scripts.BasicScriptResolverTest
[INFO] Tests run: 2, Failures: 0, Errors: 0, Skipped: 0, Time elapsed: 0 s - in com.github.searls.jasmine.io.scripts.BasicScriptResolverTest
[INFO] Running com.github.searls.jasmine.io.scripts.FindsScriptLocationsInDirectoryTest
[INFO] Tests run: 2, Failures: 0, Errors: 0, Skipped: 0, Time elapsed: 0.008 s - in com.github.searls.jasmine.io.scripts.FindsScriptLocationsInDirectoryTest
[INFO] Running com.github.searls.jasmine.io.scripts.ContextPathScriptResolverTest
[INFO] Tests run: 5, Failures: 0, Errors: 0, Skipped: 0, Time elapsed: 0.001 s - in com.github.searls.jasmine.io.scripts.ContextPathScriptResolverTest
[INFO] Running com.github.searls.jasmine.io.RelativizesFilePathsTest
[INFO] Tests run: 3, Failures: 0, Errors: 0, Skipped: 0, Time elapsed: 0.011 s - in com.github.searls.jasmine.io.RelativizesFilePathsTest
[INFO] 
[INFO] Results:
[INFO] 
[ERROR] Failures: 
[ERROR]   JasmineResultLoggerTest.shouldLogDetails:78->assertMessage:91 [Expected 
-------------------------------------------------------
 J A S M I N E   S P E C S
------------------------------------------------------- to be logged.] 
Expecting ArrayList:
  []
to contain:
  ["
-------------------------------------------------------
 J A S M I N E   S P E C S
-------------------------------------------------------"]
but could not find the following element(s):
  ["
-------------------------------------------------------
 J A S M I N E   S P E C S
-------------------------------------------------------"]

[ERROR]   JasmineResultLoggerTest.shouldLogHeader:68->assertMessage:91 [Expected 
-------------------------------------------------------
 J A S M I N E   S P E C S
------------------------------------------------------- to be logged.] 
Expecting ArrayList:
  []
to contain:
  ["
-------------------------------------------------------
 J A S M I N E   S P E C S
-------------------------------------------------------"]
but could not find the following element(s):
  ["
-------------------------------------------------------
 J A S M I N E   S P E C S
-------------------------------------------------------"]

[INFO] 
[ERROR] Tests run: 72, Failures: 2, Errors: 0, Skipped: 0
[INFO] 
[INFO] ------------------------------------------------------------------------
[INFO] BUILD FAILURE
[INFO] ------------------------------------------------------------------------
[INFO] Total time:  15.919 s
[INFO] Finished at: 2023-02-07T14:02:26Z
[INFO] ------------------------------------------------------------------------
[ERROR] Failed to execute goal org.apache.maven.plugins:maven-surefire-plugin:2.22.2:test (default-test) on project jasmine-maven-plugin: There are test failures.
[ERROR] 
[ERROR] Please refer to /home/gabsko/breaking-updates/target/surefire-reports for the individual test results.
[ERROR] Please refer to dump files (if any exist) [date].dump, [date]-jvmRun[N].dump and [date].dumpstream.
[ERROR] -> [Help 1]
[ERROR] 
[ERROR] To see the full stack trace of the errors, re-run Maven with the -e switch.
[ERROR] Re-run Maven using the -X switch to enable full debug logging.
[ERROR] 
[ERROR] For more information about the errors and possible solutions, please read the following articles:
[ERROR] [Help 1] http://cwiki.apache.org/confluence/display/MAVEN/MojoFailureException
