[INFO] Scanning for projects...
[INFO] Inspecting build with total of 1 modules...
[INFO] Installing Nexus Staging features:
[INFO]   ... total of 1 executions of maven-deploy-plugin replaced with nexus-staging-maven-plugin
[INFO] 
[INFO] -----------------------< org.kohsuke:github-api >-----------------------
[INFO] Building GitHub API for Java 1.127-SNAPSHOT
[INFO] --------------------------------[ jar ]---------------------------------
[INFO] 
[INFO] --- maven-clean-plugin:2.5:clean (default-clean) @ github-api ---
[INFO] Deleting /home/gabsko/breaking-updates/target
[INFO] 
[INFO] --- maven-resources-plugin:2.6:resources (default-resources) @ github-api ---
[INFO] Using 'UTF-8' encoding to copy filtered resources.
[INFO] skip non existing resourceDirectory /home/gabsko/breaking-updates/src/main/resources
[INFO] 
[INFO] --- maven-compiler-plugin:3.8.1:compile (default-compile) @ github-api ---
[INFO] Changes detected - recompiling the module!
[INFO] Compiling 190 source files to /home/gabsko/breaking-updates/target/classes
[INFO] /home/gabsko/breaking-updates/src/main/java/org/kohsuke/github/extras/OkHttp3Connector.java: Some input files use or override a deprecated API.
[INFO] /home/gabsko/breaking-updates/src/main/java/org/kohsuke/github/extras/OkHttp3Connector.java: Recompile with -Xlint:deprecation for details.
[INFO] /home/gabsko/breaking-updates/src/main/java/org/kohsuke/github/GitHubRequest.java: Some input files use unchecked or unsafe operations.
[INFO] /home/gabsko/breaking-updates/src/main/java/org/kohsuke/github/GitHubRequest.java: Recompile with -Xlint:unchecked for details.
[INFO] 
[INFO] --- bridge-method-injector:1.18:process (default) @ github-api ---
[INFO] 
[INFO] --- maven-resources-plugin:2.6:testResources (default-testResources) @ github-api ---
[INFO] Using 'UTF-8' encoding to copy filtered resources.
[INFO] Copying 48 resources
[INFO] 
[INFO] --- maven-compiler-plugin:3.8.1:testCompile (default-testCompile) @ github-api ---
[INFO] Changes detected - recompiling the module!
[INFO] Compiling 68 source files to /home/gabsko/breaking-updates/target/test-classes
[INFO] /home/gabsko/breaking-updates/src/test/java/org/kohsuke/github/AbstractGitHubWireMockTest.java: Some input files use or override a deprecated API.
[INFO] /home/gabsko/breaking-updates/src/test/java/org/kohsuke/github/AbstractGitHubWireMockTest.java: Recompile with -Xlint:deprecation for details.
[INFO] /home/gabsko/breaking-updates/src/test/java/org/kohsuke/github/junit/GitHubWireMockRule.java: Some input files use unchecked or unsafe operations.
[INFO] /home/gabsko/breaking-updates/src/test/java/org/kohsuke/github/junit/GitHubWireMockRule.java: Recompile with -Xlint:unchecked for details.
[INFO] 
[INFO] --- maven-surefire-plugin:2.22.2:test (default-test) @ github-api ---
[INFO] 
[INFO] -------------------------------------------------------
[INFO]  T E S T S
[INFO] -------------------------------------------------------
[INFO] Running org.kohsuke.github.EnumTest
[main] INFO wiremock.org.eclipse.jetty.util.log - Logging initialized @697ms to wiremock.org.eclipse.jetty.util.log.Slf4jLog
[INFO] Tests run: 1, Failures: 0, Errors: 0, Skipped: 0, Time elapsed: 0.618 s - in org.kohsuke.github.EnumTest
[INFO] Running org.kohsuke.github.AppTest
Feb 05, 2023 5:09:47 AM org.kohsuke.github.GitHubClient createResponse
INFO: The fork is being created. Please try again in 5 seconds.
[WARNING] Tests run: 62, Failures: 0, Errors: 0, Skipped: 13, Time elapsed: 4.861 s - in org.kohsuke.github.AppTest
[INFO] Running org.kohsuke.github.GHTagTest
[INFO] Tests run: 1, Failures: 0, Errors: 0, Skipped: 0, Time elapsed: 0.019 s - in org.kohsuke.github.GHTagTest
[INFO] Running org.kohsuke.github.GHDiscussionTest
[INFO] Tests run: 4, Failures: 0, Errors: 0, Skipped: 0, Time elapsed: 0.156 s - in org.kohsuke.github.GHDiscussionTest
[INFO] Running org.kohsuke.github.LifecycleTest
[INFO] Tests run: 1, Failures: 0, Errors: 0, Skipped: 0, Time elapsed: 0.069 s - in org.kohsuke.github.LifecycleTest
[INFO] Running org.kohsuke.github.GHCheckRunBuilderTest
[INFO] Tests run: 6, Failures: 0, Errors: 0, Skipped: 0, Time elapsed: 0.429 s - in org.kohsuke.github.GHCheckRunBuilderTest
[INFO] Running org.kohsuke.github.Github2faTest
[INFO] Tests run: 1, Failures: 0, Errors: 0, Skipped: 0, Time elapsed: 0.025 s - in org.kohsuke.github.Github2faTest
[INFO] Running org.kohsuke.github.GHGistUpdaterTest
[INFO] Tests run: 1, Failures: 0, Errors: 0, Skipped: 0, Time elapsed: 0.028 s - in org.kohsuke.github.GHGistUpdaterTest
[INFO] Running org.kohsuke.github.GHTeamTest
[INFO] Tests run: 6, Failures: 0, Errors: 0, Skipped: 0, Time elapsed: 0.128 s - in org.kohsuke.github.GHTeamTest
[INFO] Running org.kohsuke.github.GHTreeBuilderTest
[WARNING] Tests run: 3, Failures: 0, Errors: 0, Skipped: 1, Time elapsed: 0.09 s - in org.kohsuke.github.GHTreeBuilderTest
[INFO] Running org.kohsuke.github.GHProjectCardTest
[INFO] Tests run: 5, Failures: 0, Errors: 0, Skipped: 0, Time elapsed: 0.151 s - in org.kohsuke.github.GHProjectCardTest
[INFO] Running org.kohsuke.github.GHPullRequestMockTest
[INFO] Tests run: 1, Failures: 0, Errors: 0, Skipped: 0, Time elapsed: 0.462 s - in org.kohsuke.github.GHPullRequestMockTest
[INFO] Running org.kohsuke.github.GHOrganizationTest
[INFO] Tests run: 11, Failures: 0, Errors: 0, Skipped: 0, Time elapsed: 0.247 s - in org.kohsuke.github.GHOrganizationTest
[INFO] Running org.kohsuke.github.GHAppInstallationTest
[INFO] Tests run: 2, Failures: 0, Errors: 0, Skipped: 0, Time elapsed: 0.058 s - in org.kohsuke.github.GHAppInstallationTest
[INFO] Running org.kohsuke.github.GHIssueEventAttributeTest
[INFO] Tests run: 1, Failures: 0, Errors: 0, Skipped: 0, Time elapsed: 0.035 s - in org.kohsuke.github.GHIssueEventAttributeTest
[INFO] Running org.kohsuke.github.GitHubTest
[INFO] Tests run: 11, Failures: 0, Errors: 0, Skipped: 0, Time elapsed: 0.272 s - in org.kohsuke.github.GitHubTest
[INFO] Running org.kohsuke.github.GHMarketplacePlanTest
[INFO] Tests run: 4, Failures: 0, Errors: 0, Skipped: 0, Time elapsed: 0.07 s - in org.kohsuke.github.GHMarketplacePlanTest
[INFO] Running org.kohsuke.github.GHIssueEventTest
[INFO] Tests run: 2, Failures: 0, Errors: 0, Skipped: 0, Time elapsed: 0.143 s - in org.kohsuke.github.GHIssueEventTest
[INFO] Running org.kohsuke.github.BridgeMethodTest
[INFO] Tests run: 1, Failures: 0, Errors: 0, Skipped: 0, Time elapsed: 0.001 s - in org.kohsuke.github.BridgeMethodTest
[INFO] Running org.kohsuke.github.GHPersonTest
[INFO] Tests run: 2, Failures: 0, Errors: 0, Skipped: 0, Time elapsed: 0.023 s - in org.kohsuke.github.GHPersonTest
[INFO] Running org.kohsuke.github.GHRepositoryTest
[INFO] Tests run: 50, Failures: 0, Errors: 0, Skipped: 0, Time elapsed: 1.321 s - in org.kohsuke.github.GHRepositoryTest
[INFO] Running org.kohsuke.github.GHVerificationReasonTest
[INFO] Tests run: 13, Failures: 0, Errors: 0, Skipped: 0, Time elapsed: 0.215 s - in org.kohsuke.github.GHVerificationReasonTest
[INFO] Running org.kohsuke.github.GHMilestoneTest
[INFO] Tests run: 3, Failures: 0, Errors: 0, Skipped: 0, Time elapsed: 0.101 s - in org.kohsuke.github.GHMilestoneTest
[INFO] Running org.kohsuke.github.GHProjectColumnTest
[INFO] Tests run: 3, Failures: 0, Errors: 0, Skipped: 0, Time elapsed: 0.092 s - in org.kohsuke.github.GHProjectColumnTest
[INFO] Running org.kohsuke.github.GitHubConnectionTest
[INFO] Tests run: 8, Failures: 0, Errors: 0, Skipped: 0, Time elapsed: 0.069 s - in org.kohsuke.github.GitHubConnectionTest
[INFO] Running org.kohsuke.github.GHTeamBuilderTest
[INFO] Tests run: 1, Failures: 0, Errors: 0, Skipped: 0, Time elapsed: 0.016 s - in org.kohsuke.github.GHTeamBuilderTest
[INFO] Running org.kohsuke.github.CommitTest
[INFO] Tests run: 11, Failures: 0, Errors: 0, Skipped: 0, Time elapsed: 0.369 s - in org.kohsuke.github.CommitTest
[INFO] Running org.kohsuke.github.GHRepositoryStatisticsTest
[INFO] Tests run: 5, Failures: 0, Errors: 0, Skipped: 0, Time elapsed: 0.214 s - in org.kohsuke.github.GHRepositoryStatisticsTest
[INFO] Running org.kohsuke.github.ArchTests
[main] INFO com.tngtech.archunit.core.PluginLoader - Detected Java version 11.0.17
[INFO] Tests run: 2, Failures: 0, Errors: 0, Skipped: 0, Time elapsed: 1.416 s - in org.kohsuke.github.ArchTests
[INFO] Running org.kohsuke.github.GHContentIntegrationTest
[INFO] Tests run: 11, Failures: 0, Errors: 0, Skipped: 0, Time elapsed: 0.26 s - in org.kohsuke.github.GHContentIntegrationTest
[INFO] Running org.kohsuke.github.GHProjectTest
[INFO] Tests run: 5, Failures: 0, Errors: 0, Skipped: 0, Time elapsed: 0.098 s - in org.kohsuke.github.GHProjectTest
[INFO] Running org.kohsuke.github.GHBranchTest
[INFO] Tests run: 1, Failures: 0, Errors: 0, Skipped: 0, Time elapsed: 0.063 s - in org.kohsuke.github.GHBranchTest
[INFO] Running org.kohsuke.github.GHDeploymentTest
[INFO] Tests run: 2, Failures: 0, Errors: 0, Skipped: 0, Time elapsed: 0.044 s - in org.kohsuke.github.GHDeploymentTest
[INFO] Running org.kohsuke.github.GHUserTest
[INFO] Tests run: 6, Failures: 0, Errors: 0, Skipped: 0, Time elapsed: 0.175 s - in org.kohsuke.github.GHUserTest
[INFO] Running org.kohsuke.github.GHAppTest
[INFO] Tests run: 8, Failures: 0, Errors: 0, Skipped: 0, Time elapsed: 0.104 s - in org.kohsuke.github.GHAppTest
[INFO] Running org.kohsuke.github.GitHubStaticTest
[INFO] Tests run: 7, Failures: 0, Errors: 0, Skipped: 0, Time elapsed: 7.073 s - in org.kohsuke.github.GitHubStaticTest
[INFO] Running org.kohsuke.github.GHLicenseTest
[INFO] Tests run: 10, Failures: 0, Errors: 0, Skipped: 0, Time elapsed: 0.17 s - in org.kohsuke.github.GHLicenseTest
[INFO] Running org.kohsuke.github.GHWorkflowTest
[INFO] Tests run: 4, Failures: 0, Errors: 0, Skipped: 0, Time elapsed: 0.143 s - in org.kohsuke.github.GHWorkflowTest
[INFO] Running org.kohsuke.github.GHObjectTest
[ERROR] Tests run: 1, Failures: 1, Errors: 0, Skipped: 0, Time elapsed: 0.025 s <<< FAILURE! - in org.kohsuke.github.GHObjectTest
[ERROR] test_toString(org.kohsuke.github.GHObjectTest)  Time elapsed: 0.025 s  <<< FAILURE!
java.lang.AssertionError: 

Expected: a string containing "login=hub4j-test-org,location=<null>,blog=<null>,email=<null>,bio=<null>,name=<null>,company=<null>,type=Organization,followers=0,following=0,hireable=false"
     but: was "GHOrganization@3db804fe[bio=<null>,blog=<null>,company=<null>,email=<null>,followers=0,following=0,hireable=false,location=<null>,login=hub4j-test-org,name=<null>,type=Organization,createdAt=2014-05-10T19:39:11Z,id=7544739,nodeId=MDEyOk9yZ2FuaXphdGlvbjc1NDQ3Mzk=,updatedAt=2015-04-20T00:42:30Z,url=http://localhost:41393/orgs/hub4j-test-org]"
	at org.kohsuke.github.AbstractGitHubWireMockTest.assertThat(AbstractGitHubWireMockTest.java:272)
	at org.kohsuke.github.AbstractGitHubWireMockTest.assertThat(AbstractGitHubWireMockTest.java:259)
	at org.kohsuke.github.GHObjectTest.test_toString(GHObjectTest.java:12)
	at java.base/jdk.internal.reflect.NativeMethodAccessorImpl.invoke0(Native Method)
	at java.base/jdk.internal.reflect.NativeMethodAccessorImpl.invoke(NativeMethodAccessorImpl.java:62)
	at java.base/jdk.internal.reflect.DelegatingMethodAccessorImpl.invoke(DelegatingMethodAccessorImpl.java:43)
	at java.base/java.lang.reflect.Method.invoke(Method.java:566)
	at org.junit.runners.model.FrameworkMethod$1.runReflectiveCall(FrameworkMethod.java:59)
	at org.junit.internal.runners.model.ReflectiveCallable.run(ReflectiveCallable.java:12)
	at org.junit.runners.model.FrameworkMethod.invokeExplosively(FrameworkMethod.java:56)
	at org.junit.internal.runners.statements.InvokeMethod.evaluate(InvokeMethod.java:17)
	at org.junit.internal.runners.statements.RunBefores.evaluate(RunBefores.java:26)
	at org.junit.internal.runners.statements.RunAfters.evaluate(RunAfters.java:27)
	at org.kohsuke.github.junit.WireMockMultiServerRule$1.evaluate(WireMockMultiServerRule.java:69)
	at org.junit.runners.ParentRunner$3.evaluate(ParentRunner.java:306)
	at org.junit.runners.BlockJUnit4ClassRunner$1.evaluate(BlockJUnit4ClassRunner.java:100)
	at org.junit.runners.ParentRunner.runLeaf(ParentRunner.java:366)
	at org.junit.runners.BlockJUnit4ClassRunner.runChild(BlockJUnit4ClassRunner.java:103)
	at org.junit.runners.BlockJUnit4ClassRunner.runChild(BlockJUnit4ClassRunner.java:63)
	at org.junit.runners.ParentRunner$4.run(ParentRunner.java:331)
	at org.junit.runners.ParentRunner$1.schedule(ParentRunner.java:79)
	at org.junit.runners.ParentRunner.runChildren(ParentRunner.java:329)
	at org.junit.runners.ParentRunner.access$100(ParentRunner.java:66)
	at org.junit.runners.ParentRunner$2.evaluate(ParentRunner.java:293)
	at org.junit.runners.ParentRunner$3.evaluate(ParentRunner.java:306)
	at org.junit.runners.ParentRunner.run(ParentRunner.java:413)
	at org.apache.maven.surefire.junit4.JUnit4Provider.execute(JUnit4Provider.java:365)
	at org.apache.maven.surefire.junit4.JUnit4Provider.executeWithRerun(JUnit4Provider.java:273)
	at org.apache.maven.surefire.junit4.JUnit4Provider.executeTestSet(JUnit4Provider.java:238)
	at org.apache.maven.surefire.junit4.JUnit4Provider.invoke(JUnit4Provider.java:159)
	at org.apache.maven.surefire.booter.ForkedBooter.invokeProviderInSameClassLoader(ForkedBooter.java:384)
	at org.apache.maven.surefire.booter.ForkedBooter.runSuitesInProcess(ForkedBooter.java:345)
	at org.apache.maven.surefire.booter.ForkedBooter.execute(ForkedBooter.java:126)
	at org.apache.maven.surefire.booter.ForkedBooter.main(ForkedBooter.java:418)

[INFO] Running org.kohsuke.github.GHBranchProtectionTest
[INFO] Tests run: 6, Failures: 0, Errors: 0, Skipped: 0, Time elapsed: 0.137 s - in org.kohsuke.github.GHBranchProtectionTest
[INFO] Running org.kohsuke.github.OrgAppInstallationAuthorizationProviderTest
[INFO] Tests run: 2, Failures: 0, Errors: 0, Skipped: 0, Time elapsed: 0.029 s - in org.kohsuke.github.OrgAppInstallationAuthorizationProviderTest
[INFO] Running org.kohsuke.github.internal.EnumUtilsTest
[INFO] Tests run: 1, Failures: 0, Errors: 0, Skipped: 0, Time elapsed: 0 s - in org.kohsuke.github.internal.EnumUtilsTest
[INFO] Running org.kohsuke.github.RepositoryTrafficTest
[INFO] Tests run: 3, Failures: 0, Errors: 0, Skipped: 0, Time elapsed: 0.053 s - in org.kohsuke.github.RepositoryTrafficTest
[INFO] Running org.kohsuke.github.GHGistTest
[INFO] Tests run: 3, Failures: 0, Errors: 0, Skipped: 0, Time elapsed: 0.072 s - in org.kohsuke.github.GHGistTest
[INFO] Running org.kohsuke.github.GHWorkflowRunTest
Feb 05, 2023 5:10:05 AM org.kohsuke.github.GitHubClient createResponse
INFO: Received 202 from http://localhost:38331/repos/hub4j-test-org/GHWorkflowRunTest/actions/runs/686036126/cancel . Please try again in 5 seconds.
Feb 05, 2023 5:10:05 AM org.kohsuke.github.GitHubClient createResponse
INFO: Received 202 from http://localhost:38331/repos/hub4j-test-org/GHWorkflowRunTest/actions/runs/686036126/cancel . Please try again in 5 seconds.
[INFO] Tests run: 4, Failures: 0, Errors: 0, Skipped: 0, Time elapsed: 0.121 s - in org.kohsuke.github.GHWorkflowRunTest
[INFO] Running org.kohsuke.github.GHPullRequestTest
Feb 05, 2023 5:10:14 AM org.kohsuke.github.GitHubClient createResponse
INFO: Received 202 from http://localhost:46579/repos/hub4j-test-org/updateOutdatedBranches/pulls/8/update-branch . Please try again in 5 seconds.
[INFO] Tests run: 23, Failures: 0, Errors: 0, Skipped: 0, Time elapsed: 15.669 s - in org.kohsuke.github.GHPullRequestTest
[INFO] Running org.kohsuke.github.GHEventPayloadTest
[INFO] Tests run: 34, Failures: 0, Errors: 0, Skipped: 0, Time elapsed: 1.745 s - in org.kohsuke.github.GHEventPayloadTest
[INFO] Running org.kohsuke.github.GHHookTest
[WARNING] Tests run: 1, Failures: 0, Errors: 0, Skipped: 1, Time elapsed: 0 s - in org.kohsuke.github.GHHookTest
[INFO] Running org.kohsuke.github.WireMockStatusReporterTest
[WARNING] Tests run: 6, Failures: 0, Errors: 0, Skipped: 5, Time elapsed: 0.043 s - in org.kohsuke.github.WireMockStatusReporterTest
[INFO] 
[INFO] Results:
[INFO] 
[ERROR] Failures: 
[ERROR]   GHObjectTest.test_toString:12->AbstractGitHubWireMockTest.assertThat:259->AbstractGitHubWireMockTest.assertThat:272 
Expected: a string containing "login=hub4j-test-org,location=<null>,blog=<null>,email=<null>,bio=<null>,name=<null>,company=<null>,type=Organization,followers=0,following=0,hireable=false"
     but: was "GHOrganization@3db804fe[bio=<null>,blog=<null>,company=<null>,email=<null>,followers=0,following=0,hireable=false,location=<null>,login=hub4j-test-org,name=<null>,type=Organization,createdAt=2014-05-10T19:39:11Z,id=7544739,nodeId=MDEyOk9yZ2FuaXphdGlvbjc1NDQ3Mzk=,updatedAt=2015-04-20T00:42:30Z,url=http://localhost:41393/orgs/hub4j-test-org]"
[INFO] 
[ERROR] Tests run: 360, Failures: 1, Errors: 0, Skipped: 20
[INFO] 
[INFO] ------------------------------------------------------------------------
[INFO] BUILD FAILURE
[INFO] ------------------------------------------------------------------------
[INFO] Total time:  44.109 s
[INFO] Finished at: 2023-02-05T05:10:23Z
[INFO] ------------------------------------------------------------------------
[ERROR] Failed to execute goal org.apache.maven.plugins:maven-surefire-plugin:2.22.2:test (default-test) on project github-api: There are test failures.
[ERROR] 
[ERROR] Please refer to /home/gabsko/breaking-updates/target/surefire-reports for the individual test results.
[ERROR] Please refer to dump files (if any exist) [date].dump, [date]-jvmRun[N].dump and [date].dumpstream.
[ERROR] -> [Help 1]
[ERROR] 
[ERROR] To see the full stack trace of the errors, re-run Maven with the -e switch.
[ERROR] Re-run Maven using the -X switch to enable full debug logging.
[ERROR] 
[ERROR] For more information about the errors and possible solutions, please read the following articles:
[ERROR] [Help 1] http://cwiki.apache.org/confluence/display/MAVEN/MojoFailureException
