[INFO] Scanning for projects...
[WARNING] The POM for org.jenkins-ci.tools:maven-hpi-plugin:jar:3.17 is missing, no dependency information available
[WARNING] Failed to build parent project for org.jenkins-ci.plugins:config-file-provider:hpi:3.8.2-SNAPSHOT
[INFO] 
[INFO] ------------< org.jenkins-ci.plugins:config-file-provider >-------------
[INFO] Building Config File Provider Plugin 3.8.2-SNAPSHOT
[INFO] --------------------------------[ hpi ]---------------------------------
[INFO] 
[INFO] --- maven-clean-plugin:3.1.0:clean (default-clean) @ config-file-provider ---
[INFO] Deleting /home/gabsko/breaking-updates/target
[INFO] 
[INFO] --- maven-hpi-plugin:3.17:validate (default-validate) @ config-file-provider ---
[INFO] 
[INFO] --- maven-hpi-plugin:3.17:validate-hpi (default-validate-hpi) @ config-file-provider ---
[INFO] 
[INFO] --- maven-enforcer-plugin:3.0.0-M3:display-info (display-info) @ config-file-provider ---
[INFO] Maven Version: 3.8.6
[INFO] JDK Version: 11.0.17 normalized as: 11.0.17
[INFO] OS Info: Arch: amd64 Family: unix Name: linux Version: 5.4.0-113-generic
[INFO] 
[INFO] --- maven-enforcer-plugin:3.0.0-M3:enforce (display-info) @ config-file-provider ---
[INFO] Adding ignore: module-info
[INFO] 
[INFO] --- maven-enforcer-plugin:3.0.0-M3:enforce (no-snapshots-in-release) @ config-file-provider ---
[INFO] 
[INFO] --- gmavenplus-plugin:1.11.1:addTestSources (test-in-groovy) @ config-file-provider ---
[INFO] 
[INFO] --- localizer-maven-plugin:1.28:generate (default) @ config-file-provider ---
[INFO] 
[INFO] --- maven-resources-plugin:3.2.0:resources (default-resources) @ config-file-provider ---
[INFO] Using 'UTF-8' encoding to copy filtered resources.
[INFO] Using 'UTF-8' encoding to copy filtered properties files.
[INFO] Copying 102 resources
[INFO] 
[INFO] --- maven-compiler-plugin:3.8.1:compile (default-compile) @ config-file-provider ---
[INFO] Changes detected - recompiling the module!
[INFO] Compiling 61 source files to /home/gabsko/breaking-updates/target/classes
[INFO] /home/gabsko/breaking-updates/src/main/java/org/jenkinsci/plugins/configfiles/maven/AbstractMavenSettingsProvider.java: Some input files use or override a deprecated API.
[INFO] /home/gabsko/breaking-updates/src/main/java/org/jenkinsci/plugins/configfiles/maven/AbstractMavenSettingsProvider.java: Recompile with -Xlint:deprecation for details.
[INFO] /home/gabsko/breaking-updates/src/main/java/org/jenkinsci/lib/configprovider/AbstractConfigProviderImpl.java: Some input files use unchecked or unsafe operations.
[INFO] /home/gabsko/breaking-updates/src/main/java/org/jenkinsci/lib/configprovider/AbstractConfigProviderImpl.java: Recompile with -Xlint:unchecked for details.
[INFO] 
[INFO] --- access-modifier-checker:1.16:enforce (default-enforce) @ config-file-provider ---
[INFO] 
[INFO] --- maven-hpi-plugin:3.17:insert-test (default-insert-test) @ config-file-provider ---
[INFO] 
[INFO] --- gmavenplus-plugin:1.11.1:generateTestStubs (test-in-groovy) @ config-file-provider ---
[INFO] No sources specified for stub generation. Skipping.
[INFO] Generated 0 stubs.
[INFO] 
[INFO] --- maven-antrun-plugin:3.0.0:run (createTempDir) @ config-file-provider ---
[INFO] Executing tasks
[INFO]     [mkdir] Created dir: /home/gabsko/breaking-updates/target/tmp
[INFO] Executed tasks
[INFO] 
[INFO] --- maven-resources-plugin:3.2.0:testResources (default-testResources) @ config-file-provider ---
[INFO] Using 'UTF-8' encoding to copy filtered resources.
[INFO] Using 'UTF-8' encoding to copy filtered properties files.
[INFO] Copying 21 resources
[INFO] 
[INFO] --- maven-compiler-plugin:3.8.1:testCompile (default-testCompile) @ config-file-provider ---
[INFO] Changes detected - recompiling the module!
[INFO] Compiling 27 source files to /home/gabsko/breaking-updates/target/test-classes
[INFO] /home/gabsko/breaking-updates/src/test/java/org/jenkinsci/plugins/configfiles/maven/job/MvnSettingsProviderTest.java: Some input files use or override a deprecated API.
[INFO] /home/gabsko/breaking-updates/src/test/java/org/jenkinsci/plugins/configfiles/maven/job/MvnSettingsProviderTest.java: Recompile with -Xlint:deprecation for details.
[INFO] 
[INFO] --- maven-hpi-plugin:3.17:test-hpl (default-test-hpl) @ config-file-provider ---
[INFO] Generating /home/gabsko/breaking-updates/target/test-classes/the.hpl
[INFO] 
[INFO] --- maven-hpi-plugin:3.17:resolve-test-dependencies (default-resolve-test-dependencies) @ config-file-provider ---
[INFO] Downloading from repo.jenkins-ci.org: https://repo.jenkins-ci.org/public/org/jenkins-ci/plugins/git-client/3.7.2/git-client-3.7.2.hpi
[INFO] Downloaded from repo.jenkins-ci.org: https://repo.jenkins-ci.org/public/org/jenkins-ci/plugins/git-client/3.7.2/git-client-3.7.2.hpi (3.4 MB at 1.5 MB/s)
[INFO] Downloading from repo.jenkins-ci.org: https://repo.jenkins-ci.org/public/org/jenkins-ci/plugins/git/4.7.2/git-4.7.2.hpi
[INFO] Downloaded from repo.jenkins-ci.org: https://repo.jenkins-ci.org/public/org/jenkins-ci/plugins/git/4.7.2/git-4.7.2.hpi (572 kB at 1.1 MB/s)
[INFO] 
[INFO] --- gmavenplus-plugin:1.11.1:compileTests (test-in-groovy) @ config-file-provider ---
[INFO] No sources specified for compilation. Skipping.
[INFO] 
[INFO] --- maven-surefire-plugin:3.0.0-M4:test (default-test) @ config-file-provider ---
[INFO] 
[INFO] -------------------------------------------------------
[INFO]  T E S T S
[INFO] -------------------------------------------------------
[INFO] Running InjectedTest
[INFO] Tests run: 79, Failures: 0, Errors: 0, Skipped: 0, Time elapsed: 11.49 s - in InjectedTest
[INFO] Running org.jenkinsci.lib.configprovider.SystemConfigFilesManagementTest
[INFO] Tests run: 3, Failures: 0, Errors: 0, Skipped: 0, Time elapsed: 3.186 s - in org.jenkinsci.lib.configprovider.SystemConfigFilesManagementTest
[INFO] Running org.jenkinsci.plugins.configfiles.ConfigFileStoreTest
[INFO] Tests run: 1, Failures: 0, Errors: 0, Skipped: 0, Time elapsed: 1.151 s - in org.jenkinsci.plugins.configfiles.ConfigFileStoreTest
[INFO] Running org.jenkinsci.plugins.configfiles.ConfigFilesSEC1253Test
[INFO] Tests run: 2, Failures: 0, Errors: 0, Skipped: 0, Time elapsed: 13.229 s - in org.jenkinsci.plugins.configfiles.ConfigFilesSEC1253Test
[INFO] Running org.jenkinsci.plugins.configfiles.ConfigFilesTest
[INFO] Tests run: 1, Failures: 0, Errors: 0, Skipped: 0, Time elapsed: 1.745 s - in org.jenkinsci.plugins.configfiles.ConfigFilesTest
[INFO] Running org.jenkinsci.plugins.configfiles.GlobalConfigFilesConfigAsCodeTest
[INFO] Tests run: 1, Failures: 0, Errors: 0, Skipped: 0, Time elapsed: 1.941 s - in org.jenkinsci.plugins.configfiles.GlobalConfigFilesConfigAsCodeTest
[INFO] Running org.jenkinsci.plugins.configfiles.GlobalConfigFilesTest
[INFO] Tests run: 1, Failures: 0, Errors: 0, Skipped: 0, Time elapsed: 1.16 s - in org.jenkinsci.plugins.configfiles.GlobalConfigFilesTest
[INFO] Running org.jenkinsci.plugins.configfiles.Security2203Test
[INFO] Tests run: 7, Failures: 0, Errors: 0, Skipped: 0, Time elapsed: 8.93 s - in org.jenkinsci.plugins.configfiles.Security2203Test
[INFO] Running org.jenkinsci.plugins.configfiles.buildwrapper.ConfigFileBuildWrapperTest
[INFO] Tests run: 4, Failures: 0, Errors: 0, Skipped: 0, Time elapsed: 27.501 s - in org.jenkinsci.plugins.configfiles.buildwrapper.ConfigFileBuildWrapperTest
[INFO] Running org.jenkinsci.plugins.configfiles.buildwrapper.ConfigFileBuildWrapperWorkflowTest
[INFO] Tests run: 4, Failures: 0, Errors: 0, Skipped: 0, Time elapsed: 28.546 s - in org.jenkinsci.plugins.configfiles.buildwrapper.ConfigFileBuildWrapperWorkflowTest
[INFO] Running org.jenkinsci.plugins.configfiles.common.CleanTempFilesRunListenerTest
[INFO] Tests run: 1, Failures: 0, Errors: 0, Skipped: 0, Time elapsed: 1.082 s - in org.jenkinsci.plugins.configfiles.common.CleanTempFilesRunListenerTest
[INFO] Running org.jenkinsci.plugins.configfiles.folder.FolderConfigFileActionTest
[INFO] Tests run: 10, Failures: 0, Errors: 0, Skipped: 0, Time elapsed: 38.717 s - in org.jenkinsci.plugins.configfiles.folder.FolderConfigFileActionTest
[INFO] Running org.jenkinsci.plugins.configfiles.folder.FolderConfigFilesTest
[INFO] Tests run: 1, Failures: 0, Errors: 0, Skipped: 0, Time elapsed: 1.188 s - in org.jenkinsci.plugins.configfiles.folder.FolderConfigFilesTest
[INFO] Running org.jenkinsci.plugins.configfiles.maven.MavenSettingsConfigTest
[INFO] Tests run: 1, Failures: 0, Errors: 0, Skipped: 0, Time elapsed: 2.129 s - in org.jenkinsci.plugins.configfiles.maven.MavenSettingsConfigTest
[INFO] Running org.jenkinsci.plugins.configfiles.maven.job.MvnSettingsCredentialsTest
[INFO] Tests run: 1, Failures: 0, Errors: 0, Skipped: 0, Time elapsed: 5.01 s - in org.jenkinsci.plugins.configfiles.maven.job.MvnSettingsCredentialsTest
[INFO] Running org.jenkinsci.plugins.configfiles.maven.job.MvnSettingsProviderTest
[ERROR] Tests run: 5, Failures: 0, Errors: 1, Skipped: 0, Time elapsed: 59.067 s <<< FAILURE! - in org.jenkinsci.plugins.configfiles.maven.job.MvnSettingsProviderTest
[ERROR] org.jenkinsci.plugins.configfiles.maven.job.MvnSettingsProviderTest.configMustBeVisibleFromConfigPage  Time elapsed: 13.908 s  <<< ERROR!
======= EXCEPTION START ========
EcmaError: lineNumber=[317] column=[0] lineSource=[<no source>] name=[ReferenceError] sourceName=[script in http://localhost:36859/jenkins/configfiles/show?id=org.jenkinsci.plugins.configfiles.maven.GlobalMavenSettingsConfig.1675575852762 from (317, 824) to (322, 20)] message=[ReferenceError: "CodeMirror" is not defined. (script in http://localhost:36859/jenkins/configfiles/show?id=org.jenkinsci.plugins.configfiles.maven.GlobalMavenSettingsConfig.1675575852762 from (317, 824) to (322, 20)#317)]
com.gargoylesoftware.htmlunit.ScriptException: ReferenceError: "CodeMirror" is not defined. (script in http://localhost:36859/jenkins/configfiles/show?id=org.jenkinsci.plugins.configfiles.maven.GlobalMavenSettingsConfig.1675575852762 from (317, 824) to (322, 20)#317)
	at com.gargoylesoftware.htmlunit.javascript.JavaScriptEngine$HtmlUnitContextAction.run(JavaScriptEngine.java:891)
	at net.sourceforge.htmlunit.corejs.javascript.Context.call(Context.java:619)
	at net.sourceforge.htmlunit.corejs.javascript.ContextFactory.call(ContextFactory.java:537)
	at com.gargoylesoftware.htmlunit.javascript.HtmlUnitContextFactory.callSecured(HtmlUnitContextFactory.java:354)
	at com.gargoylesoftware.htmlunit.javascript.JavaScriptEngine.execute(JavaScriptEngine.java:771)
	at com.gargoylesoftware.htmlunit.javascript.JavaScriptEngine.execute(JavaScriptEngine.java:747)
	at com.gargoylesoftware.htmlunit.javascript.JavaScriptEngine.execute(JavaScriptEngine.java:738)
	at com.gargoylesoftware.htmlunit.html.HtmlPage.executeJavaScript(HtmlPage.java:943)
	at com.gargoylesoftware.htmlunit.html.HtmlScript.executeInlineScriptIfNeeded(HtmlScript.java:305)
	at com.gargoylesoftware.htmlunit.html.HtmlScript.executeScriptIfNeeded(HtmlScript.java:395)
	at com.gargoylesoftware.htmlunit.html.HtmlScript$2.execute(HtmlScript.java:234)
	at com.gargoylesoftware.htmlunit.html.HtmlScript.onAllChildrenAddedToPage(HtmlScript.java:256)
	at com.gargoylesoftware.htmlunit.html.parser.neko.HtmlUnitNekoDOMBuilder.endElement(HtmlUnitNekoDOMBuilder.java:560)
	at org.apache.xerces.parsers.AbstractSAXParser.endElement(Unknown Source)
	at com.gargoylesoftware.htmlunit.html.parser.neko.HtmlUnitNekoDOMBuilder.endElement(HtmlUnitNekoDOMBuilder.java:514)
	at net.sourceforge.htmlunit.cyberneko.HTMLTagBalancer.callEndElement(HTMLTagBalancer.java:1192)
	at net.sourceforge.htmlunit.cyberneko.HTMLTagBalancer.endElement(HTMLTagBalancer.java:1132)
	at net.sourceforge.htmlunit.cyberneko.filters.DefaultFilter.endElement(DefaultFilter.java:219)
	at net.sourceforge.htmlunit.cyberneko.filters.NamespaceBinder.endElement(NamespaceBinder.java:312)
	at net.sourceforge.htmlunit.cyberneko.HTMLScanner$ContentScanner.scanEndElement(HTMLScanner.java:3189)
	at net.sourceforge.htmlunit.cyberneko.HTMLScanner$ContentScanner.scan(HTMLScanner.java:2114)
	at net.sourceforge.htmlunit.cyberneko.HTMLScanner.scanDocument(HTMLScanner.java:937)
	at net.sourceforge.htmlunit.cyberneko.HTMLConfiguration.parse(HTMLConfiguration.java:443)
	at net.sourceforge.htmlunit.cyberneko.HTMLConfiguration.parse(HTMLConfiguration.java:394)
	at org.apache.xerces.parsers.XMLParser.parse(Unknown Source)
	at com.gargoylesoftware.htmlunit.html.parser.neko.HtmlUnitNekoDOMBuilder.parse(HtmlUnitNekoDOMBuilder.java:760)
	at com.gargoylesoftware.htmlunit.html.parser.neko.HtmlUnitNekoHtmlParser.parse(HtmlUnitNekoHtmlParser.java:236)
	at com.gargoylesoftware.htmlunit.html.parser.neko.HtmlUnitNekoHtmlParser.parseHtml(HtmlUnitNekoHtmlParser.java:179)
	at com.gargoylesoftware.htmlunit.DefaultPageCreator.createHtmlPage(DefaultPageCreator.java:280)
	at com.gargoylesoftware.htmlunit.DefaultPageCreator.createPage(DefaultPageCreator.java:163)
	at org.jvnet.hudson.test.HudsonPageCreator.createPage(HudsonPageCreator.java:54)
	at com.gargoylesoftware.htmlunit.WebClient.loadWebResponseInto(WebClient.java:638)
	at com.gargoylesoftware.htmlunit.WebClient.getPage(WebClient.java:451)
	at com.gargoylesoftware.htmlunit.WebClient.getPage(WebClient.java:368)
	at com.gargoylesoftware.htmlunit.WebClient.getPage(WebClient.java:520)
	at com.gargoylesoftware.htmlunit.WebClient.getPage(WebClient.java:501)
	at org.jvnet.hudson.test.JenkinsRule$WebClient.goTo(JenkinsRule.java:2602)
	at org.jvnet.hudson.test.JenkinsRule$WebClient.goTo(JenkinsRule.java:2582)
	at org.jenkinsci.plugins.configfiles.maven.job.MvnSettingsProviderTest.configMustBeVisibleFromConfigPage(MvnSettingsProviderTest.java:117)
	at java.base/jdk.internal.reflect.NativeMethodAccessorImpl.invoke0(Native Method)
	at java.base/jdk.internal.reflect.NativeMethodAccessorImpl.invoke(NativeMethodAccessorImpl.java:62)
	at java.base/jdk.internal.reflect.DelegatingMethodAccessorImpl.invoke(DelegatingMethodAccessorImpl.java:43)
	at java.base/java.lang.reflect.Method.invoke(Method.java:566)
	at org.junit.runners.model.FrameworkMethod$1.runReflectiveCall(FrameworkMethod.java:59)
	at org.junit.internal.runners.model.ReflectiveCallable.run(ReflectiveCallable.java:12)
	at org.junit.runners.model.FrameworkMethod.invokeExplosively(FrameworkMethod.java:56)
	at org.junit.internal.runners.statements.InvokeMethod.evaluate(InvokeMethod.java:17)
	at org.jvnet.hudson.test.JenkinsRule$1.evaluate(JenkinsRule.java:601)
	at org.junit.internal.runners.statements.FailOnTimeout$CallableStatement.call(FailOnTimeout.java:288)
	at org.junit.internal.runners.statements.FailOnTimeout$CallableStatement.call(FailOnTimeout.java:282)
	at java.base/java.util.concurrent.FutureTask.run(FutureTask.java:264)
	at java.base/java.lang.Thread.run(Thread.java:829)
Caused by: net.sourceforge.htmlunit.corejs.javascript.EcmaError: ReferenceError: "CodeMirror" is not defined. (script in http://localhost:36859/jenkins/configfiles/show?id=org.jenkinsci.plugins.configfiles.maven.GlobalMavenSettingsConfig.1675575852762 from (317, 824) to (322, 20)#317)
	at net.sourceforge.htmlunit.corejs.javascript.ScriptRuntime.constructError(ScriptRuntime.java:4343)
	at net.sourceforge.htmlunit.corejs.javascript.ScriptRuntime.constructError(ScriptRuntime.java:4321)
	at net.sourceforge.htmlunit.corejs.javascript.ScriptRuntime.notFoundError(ScriptRuntime.java:4411)
	at net.sourceforge.htmlunit.corejs.javascript.ScriptRuntime.name(ScriptRuntime.java:1955)
	at net.sourceforge.htmlunit.corejs.javascript.Interpreter.interpretLoop(Interpreter.java:1774)
	at net.sourceforge.htmlunit.corejs.javascript.Interpreter.interpret(Interpreter.java:1013)
	at net.sourceforge.htmlunit.corejs.javascript.InterpretedFunction.call(InterpretedFunction.java:111)
	at net.sourceforge.htmlunit.corejs.javascript.ContextFactory.doTopCall(ContextFactory.java:427)
	at com.gargoylesoftware.htmlunit.javascript.HtmlUnitContextFactory.doTopCall(HtmlUnitContextFactory.java:340)
	at net.sourceforge.htmlunit.corejs.javascript.ScriptRuntime.doTopCall(ScriptRuntime.java:3641)
	at net.sourceforge.htmlunit.corejs.javascript.InterpretedFunction.exec(InterpretedFunction.java:123)
	at com.gargoylesoftware.htmlunit.javascript.JavaScriptEngine$2.doRun(JavaScriptEngine.java:762)
	at com.gargoylesoftware.htmlunit.javascript.JavaScriptEngine$HtmlUnitContextAction.run(JavaScriptEngine.java:876)
	... 51 more
Enclosed exception: 
net.sourceforge.htmlunit.corejs.javascript.EcmaError: ReferenceError: "CodeMirror" is not defined. (script in http://localhost:36859/jenkins/configfiles/show?id=org.jenkinsci.plugins.configfiles.maven.GlobalMavenSettingsConfig.1675575852762 from (317, 824) to (322, 20)#317)
	at net.sourceforge.htmlunit.corejs.javascript.ScriptRuntime.constructError(ScriptRuntime.java:4343)
	at net.sourceforge.htmlunit.corejs.javascript.ScriptRuntime.constructError(ScriptRuntime.java:4321)
	at net.sourceforge.htmlunit.corejs.javascript.ScriptRuntime.notFoundError(ScriptRuntime.java:4411)
	at net.sourceforge.htmlunit.corejs.javascript.ScriptRuntime.name(ScriptRuntime.java:1955)
	at net.sourceforge.htmlunit.corejs.javascript.Interpreter.interpretLoop(Interpreter.java:1774)
	at script(script in http://localhost:36859/jenkins/configfiles/show?id=org.jenkinsci.plugins.configfiles.maven.GlobalMavenSettingsConfig.1675575852762 from (317, 824) to (322, 20):317)
	at net.sourceforge.htmlunit.corejs.javascript.Interpreter.interpret(Interpreter.java:1013)
	at net.sourceforge.htmlunit.corejs.javascript.InterpretedFunction.call(InterpretedFunction.java:111)
	at net.sourceforge.htmlunit.corejs.javascript.ContextFactory.doTopCall(ContextFactory.java:427)
	at com.gargoylesoftware.htmlunit.javascript.HtmlUnitContextFactory.doTopCall(HtmlUnitContextFactory.java:340)
	at net.sourceforge.htmlunit.corejs.javascript.ScriptRuntime.doTopCall(ScriptRuntime.java:3641)
	at net.sourceforge.htmlunit.corejs.javascript.InterpretedFunction.exec(InterpretedFunction.java:123)
	at com.gargoylesoftware.htmlunit.javascript.JavaScriptEngine$2.doRun(JavaScriptEngine.java:762)
	at com.gargoylesoftware.htmlunit.javascript.JavaScriptEngine$HtmlUnitContextAction.run(JavaScriptEngine.java:876)
	at net.sourceforge.htmlunit.corejs.javascript.Context.call(Context.java:619)
	at net.sourceforge.htmlunit.corejs.javascript.ContextFactory.call(ContextFactory.java:537)
	at com.gargoylesoftware.htmlunit.javascript.HtmlUnitContextFactory.callSecured(HtmlUnitContextFactory.java:354)
	at com.gargoylesoftware.htmlunit.javascript.JavaScriptEngine.execute(JavaScriptEngine.java:771)
	at com.gargoylesoftware.htmlunit.javascript.JavaScriptEngine.execute(JavaScriptEngine.java:747)
	at com.gargoylesoftware.htmlunit.javascript.JavaScriptEngine.execute(JavaScriptEngine.java:738)
	at com.gargoylesoftware.htmlunit.html.HtmlPage.executeJavaScript(HtmlPage.java:943)
	at com.gargoylesoftware.htmlunit.html.HtmlScript.executeInlineScriptIfNeeded(HtmlScript.java:305)
	at com.gargoylesoftware.htmlunit.html.HtmlScript.executeScriptIfNeeded(HtmlScript.java:395)
	at com.gargoylesoftware.htmlunit.html.HtmlScript$2.execute(HtmlScript.java:234)
	at com.gargoylesoftware.htmlunit.html.HtmlScript.onAllChildrenAddedToPage(HtmlScript.java:256)
	at com.gargoylesoftware.htmlunit.html.parser.neko.HtmlUnitNekoDOMBuilder.endElement(HtmlUnitNekoDOMBuilder.java:560)
	at org.apache.xerces.parsers.AbstractSAXParser.endElement(Unknown Source)
	at com.gargoylesoftware.htmlunit.html.parser.neko.HtmlUnitNekoDOMBuilder.endElement(HtmlUnitNekoDOMBuilder.java:514)
	at net.sourceforge.htmlunit.cyberneko.HTMLTagBalancer.callEndElement(HTMLTagBalancer.java:1192)
	at net.sourceforge.htmlunit.cyberneko.HTMLTagBalancer.endElement(HTMLTagBalancer.java:1132)
	at net.sourceforge.htmlunit.cyberneko.filters.DefaultFilter.endElement(DefaultFilter.java:219)
	at net.sourceforge.htmlunit.cyberneko.filters.NamespaceBinder.endElement(NamespaceBinder.java:312)
	at net.sourceforge.htmlunit.cyberneko.HTMLScanner$ContentScanner.scanEndElement(HTMLScanner.java:3189)
	at net.sourceforge.htmlunit.cyberneko.HTMLScanner$ContentScanner.scan(HTMLScanner.java:2114)
	at net.sourceforge.htmlunit.cyberneko.HTMLScanner.scanDocument(HTMLScanner.java:937)
	at net.sourceforge.htmlunit.cyberneko.HTMLConfiguration.parse(HTMLConfiguration.java:443)
	at net.sourceforge.htmlunit.cyberneko.HTMLConfiguration.parse(HTMLConfiguration.java:394)
	at org.apache.xerces.parsers.XMLParser.parse(Unknown Source)
	at com.gargoylesoftware.htmlunit.html.parser.neko.HtmlUnitNekoDOMBuilder.parse(HtmlUnitNekoDOMBuilder.java:760)
	at com.gargoylesoftware.htmlunit.html.parser.neko.HtmlUnitNekoHtmlParser.parse(HtmlUnitNekoHtmlParser.java:236)
	at com.gargoylesoftware.htmlunit.html.parser.neko.HtmlUnitNekoHtmlParser.parseHtml(HtmlUnitNekoHtmlParser.java:179)
	at com.gargoylesoftware.htmlunit.DefaultPageCreator.createHtmlPage(DefaultPageCreator.java:280)
	at com.gargoylesoftware.htmlunit.DefaultPageCreator.createPage(DefaultPageCreator.java:163)
	at org.jvnet.hudson.test.HudsonPageCreator.createPage(HudsonPageCreator.java:54)
	at com.gargoylesoftware.htmlunit.WebClient.loadWebResponseInto(WebClient.java:638)
	at com.gargoylesoftware.htmlunit.WebClient.getPage(WebClient.java:451)
	at com.gargoylesoftware.htmlunit.WebClient.getPage(WebClient.java:368)
	at com.gargoylesoftware.htmlunit.WebClient.getPage(WebClient.java:520)
	at com.gargoylesoftware.htmlunit.WebClient.getPage(WebClient.java:501)
	at org.jvnet.hudson.test.JenkinsRule$WebClient.goTo(JenkinsRule.java:2602)
	at org.jvnet.hudson.test.JenkinsRule$WebClient.goTo(JenkinsRule.java:2582)
	at org.jenkinsci.plugins.configfiles.maven.job.MvnSettingsProviderTest.configMustBeVisibleFromConfigPage(MvnSettingsProviderTest.java:117)
	at java.base/jdk.internal.reflect.NativeMethodAccessorImpl.invoke0(Native Method)
	at java.base/jdk.internal.reflect.NativeMethodAccessorImpl.invoke(NativeMethodAccessorImpl.java:62)
	at java.base/jdk.internal.reflect.DelegatingMethodAccessorImpl.invoke(DelegatingMethodAccessorImpl.java:43)
	at java.base/java.lang.reflect.Method.invoke(Method.java:566)
	at org.junit.runners.model.FrameworkMethod$1.runReflectiveCall(FrameworkMethod.java:59)
	at org.junit.internal.runners.model.ReflectiveCallable.run(ReflectiveCallable.java:12)
	at org.junit.runners.model.FrameworkMethod.invokeExplosively(FrameworkMethod.java:56)
	at org.junit.internal.runners.statements.InvokeMethod.evaluate(InvokeMethod.java:17)
	at org.jvnet.hudson.test.JenkinsRule$1.evaluate(JenkinsRule.java:601)
	at org.junit.internal.runners.statements.FailOnTimeout$CallableStatement.call(FailOnTimeout.java:288)
	at org.junit.internal.runners.statements.FailOnTimeout$CallableStatement.call(FailOnTimeout.java:282)
	at java.base/java.util.concurrent.FutureTask.run(FutureTask.java:264)
	at java.base/java.lang.Thread.run(Thread.java:829)
======= EXCEPTION END ========

[INFO] Running org.jenkinsci.plugins.configfiles.maven.job.SettingsEnvVarTest
[INFO] Tests run: 1, Failures: 0, Errors: 0, Skipped: 0, Time elapsed: 4.866 s - in org.jenkinsci.plugins.configfiles.maven.job.SettingsEnvVarTest
[INFO] Running org.jenkinsci.plugins.configfiles.maven.security.CredentialsHelperTest
[INFO] Tests run: 6, Failures: 0, Errors: 0, Skipped: 0, Time elapsed: 8.971 s - in org.jenkinsci.plugins.configfiles.maven.security.CredentialsHelperTest
[INFO] Running org.jenkinsci.plugins.configfiles.properties.PropertiesConfigTest
[INFO] Tests run: 1, Failures: 0, Errors: 0, Skipped: 0, Time elapsed: 1.568 s - in org.jenkinsci.plugins.configfiles.properties.PropertiesConfigTest
[INFO] Running org.jenkinsci.plugins.configfiles.properties.security.CredentialsHelperTest
[INFO] Tests run: 6, Failures: 0, Errors: 0, Skipped: 0, Time elapsed: 8.654 s - in org.jenkinsci.plugins.configfiles.properties.security.CredentialsHelperTest
[INFO] Running org.jenkinsci.plugins.configfiles.sec.PermissionCheckerTests
[INFO] Tests run: 1, Failures: 0, Errors: 0, Skipped: 0, Time elapsed: 1.146 s - in org.jenkinsci.plugins.configfiles.sec.PermissionCheckerTests
[INFO] Running org.jenkinsci.plugins.configfiles.sec.ProtectedCodeRunnerTests
[INFO] Tests run: 1, Failures: 0, Errors: 0, Skipped: 0, Time elapsed: 1.267 s - in org.jenkinsci.plugins.configfiles.sec.ProtectedCodeRunnerTests
[INFO] Running org.jenkinsci.plugins.configfiles.sec.Security2002Test
[INFO] Tests run: 1, Failures: 0, Errors: 0, Skipped: 0, Time elapsed: 4.08 s - in org.jenkinsci.plugins.configfiles.sec.Security2002Test
[INFO] Running org.jenkinsci.plugins.configfiles.sec.Security2204Test
[INFO] Tests run: 2, Failures: 0, Errors: 0, Skipped: 0, Time elapsed: 3.273 s - in org.jenkinsci.plugins.configfiles.sec.Security2204Test
[INFO] Running org.jenkinsci.plugins.configfiles.sec.Security2254Test
[INFO] Tests run: 1, Failures: 0, Errors: 0, Skipped: 0, Time elapsed: 1.523 s - in org.jenkinsci.plugins.configfiles.sec.Security2254Test
[INFO] 
[INFO] Results:
[INFO] 
[ERROR] Errors: 
[ERROR]   MvnSettingsProviderTest.configMustBeVisibleFromConfigPage:117 » Script Referen...
[INFO] 
[ERROR] Tests run: 142, Failures: 0, Errors: 1, Skipped: 0
[INFO] 
[INFO] ------------------------------------------------------------------------
[INFO] BUILD FAILURE
[INFO] ------------------------------------------------------------------------
[INFO] Total time:  04:15 min
[INFO] Finished at: 2023-02-05T05:45:32Z
[INFO] ------------------------------------------------------------------------
[ERROR] Failed to execute goal org.apache.maven.plugins:maven-surefire-plugin:3.0.0-M4:test (default-test) on project config-file-provider: There are test failures.
[ERROR] 
[ERROR] Please refer to /home/gabsko/breaking-updates/target/surefire-reports for the individual test results.
[ERROR] Please refer to dump files (if any exist) [date].dump, [date]-jvmRun[N].dump and [date].dumpstream.
[ERROR] -> [Help 1]
[ERROR] 
[ERROR] To see the full stack trace of the errors, re-run Maven with the -e switch.
[ERROR] Re-run Maven using the -X switch to enable full debug logging.
[ERROR] 
[ERROR] For more information about the errors and possible solutions, please read the following articles:
[ERROR] [Help 1] http://cwiki.apache.org/confluence/display/MAVEN/MojoFailureException
