[INFO] Scanning for projects...
[INFO] Inspecting build with total of 1 modules...
[INFO] Installing Nexus Staging features:
[INFO]   ... total of 1 executions of maven-deploy-plugin replaced with nexus-staging-maven-plugin
[INFO] 
[INFO] -------------< com.google.cloud:google-cloud-spanner-jdbc >-------------
[INFO] Building Google Cloud Spanner JDBC 2.6.2-SNAPSHOT
[INFO] --------------------------------[ jar ]---------------------------------
[INFO] Downloading from central: https://repo.maven.apache.org/maven2/com/google/cloud/google-cloud-spanner/6.21.2/google-cloud-spanner-6.21.2-tests.jar
[INFO] Downloaded from central: https://repo.maven.apache.org/maven2/com/google/cloud/google-cloud-spanner/6.21.2/google-cloud-spanner-6.21.2-tests.jar (1.8 MB at 2.5 MB/s)
[INFO] 
[INFO] --- maven-clean-plugin:2.5:clean (default-clean) @ google-cloud-spanner-jdbc ---
[INFO] Deleting /home/gabsko/breaking-updates/target
[INFO] 
[INFO] --- flatten-maven-plugin:1.2.7:clean (flatten.clean) @ google-cloud-spanner-jdbc ---
[INFO] Deleting /home/gabsko/breaking-updates/.flattened-pom.xml
[INFO] 
[INFO] --- maven-enforcer-plugin:3.0.0-M3:enforce (enforce) @ google-cloud-spanner-jdbc ---
[INFO] Adding ignore: module-info
[INFO] Adding ignore: META-INF/versions/*/module-info
[INFO] 
[INFO] --- maven-checkstyle-plugin:3.1.2:check (checkstyle) @ google-cloud-spanner-jdbc ---
[INFO] Starting audit...
Audit done.
[INFO] You have 0 Checkstyle violations.
[INFO] 
[INFO] --- jacoco-maven-plugin:0.8.7:prepare-agent (default) @ google-cloud-spanner-jdbc ---
[INFO] argLine set to -javaagent:/home/gabsko/.m2/repository/org/jacoco/org.jacoco.agent/0.8.7/org.jacoco.agent-0.8.7-runtime.jar=destfile=/home/gabsko/breaking-updates/target/jacoco.exec
[INFO] 
[INFO] --- build-helper-maven-plugin:3.3.0:add-resource (add-main-proto-resources) @ google-cloud-spanner-jdbc ---
[INFO] 
[INFO] --- maven-resources-plugin:2.6:resources (default-resources) @ google-cloud-spanner-jdbc ---
[INFO] Using 'UTF-8' encoding to copy filtered resources.
[INFO] Copying 17 resources
[INFO] skip non existing resourceDirectory /home/gabsko/breaking-updates/src/main/proto
[INFO] 
[INFO] --- flatten-maven-plugin:1.2.7:flatten (flatten) @ google-cloud-spanner-jdbc ---
[INFO] Generating flattened POM of project com.google.cloud:google-cloud-spanner-jdbc:jar:2.6.2-SNAPSHOT...
[INFO] 
[INFO] --- maven-compiler-plugin:3.10.0:compile (default-compile) @ google-cloud-spanner-jdbc ---
[INFO] Changes detected - recompiling the module!
[INFO] Compiling 29 source files to /home/gabsko/breaking-updates/target/classes
[WARNING] bootstrap class path not set in conjunction with -source 8
[INFO] 
[INFO] --- build-helper-maven-plugin:3.3.0:add-test-resource (add-test-proto-resources) @ google-cloud-spanner-jdbc ---
[INFO] 
[INFO] --- maven-resources-plugin:2.6:testResources (default-testResources) @ google-cloud-spanner-jdbc ---
[INFO] Using 'UTF-8' encoding to copy filtered resources.
[INFO] Copying 53 resources
[INFO] skip non existing resourceDirectory /home/gabsko/breaking-updates/src/test/proto
[INFO] 
[INFO] --- maven-compiler-plugin:3.10.0:testCompile (default-testCompile) @ google-cloud-spanner-jdbc ---
[INFO] Changes detected - recompiling the module!
[INFO] Compiling 43 source files to /home/gabsko/breaking-updates/target/test-classes
[WARNING] bootstrap class path not set in conjunction with -source 8
[WARNING] /home/gabsko/breaking-updates/src/test/java/com/google/cloud/spanner/jdbc/it/ITJdbcScriptTest.java:[178,30] isEmulator() in com.google.cloud.spanner.testing.RemoteSpannerHelper has been deprecated
[WARNING] /home/gabsko/breaking-updates/src/test/java/com/google/cloud/spanner/jdbc/it/ITJdbcScriptTest.java:[184,30] isEmulator() in com.google.cloud.spanner.testing.RemoteSpannerHelper has been deprecated
[WARNING] /home/gabsko/breaking-updates/src/test/java/com/google/cloud/spanner/jdbc/it/ITJdbcScriptTest.java:[213,30] isEmulator() in com.google.cloud.spanner.testing.RemoteSpannerHelper has been deprecated
[WARNING] /home/gabsko/breaking-updates/src/test/java/com/google/cloud/spanner/jdbc/it/ITJdbcScriptTest.java:[218,30] isEmulator() in com.google.cloud.spanner.testing.RemoteSpannerHelper has been deprecated
[WARNING] /home/gabsko/breaking-updates/src/test/java/com/google/cloud/spanner/jdbc/PgNumericResultSetTest.java:[523,33] getUnicodeStream(java.lang.String) in java.sql.ResultSet has been deprecated
[WARNING] /home/gabsko/breaking-updates/src/test/java/com/google/cloud/spanner/jdbc/PgNumericResultSetTest.java:[524,42] getUnicodeStream(int) in java.sql.ResultSet has been deprecated
[WARNING] /home/gabsko/breaking-updates/src/test/java/com/google/cloud/spanner/jdbc/PgNumericResultSetTest.java:[527,27] getUnicodeStream(java.lang.String) in java.sql.ResultSet has been deprecated
[WARNING] /home/gabsko/breaking-updates/src/test/java/com/google/cloud/spanner/jdbc/PgNumericResultSetTest.java:[528,27] getUnicodeStream(int) in java.sql.ResultSet has been deprecated
[INFO] /home/gabsko/breaking-updates/src/test/java/com/google/cloud/spanner/jdbc/PgNumericResultSetTest.java: /home/gabsko/breaking-updates/src/test/java/com/google/cloud/spanner/jdbc/PgNumericResultSetTest.java uses unchecked or unsafe operations.
[INFO] /home/gabsko/breaking-updates/src/test/java/com/google/cloud/spanner/jdbc/PgNumericResultSetTest.java: Recompile with -Xlint:unchecked for details.
[INFO] 
[INFO] --- animal-sniffer-maven-plugin:1.20:check (java8) @ google-cloud-spanner-jdbc ---
[INFO] Checking unresolved references to org.codehaus.mojo.signature:java18:1.0
[INFO] 
[INFO] --- maven-surefire-plugin:3.0.0-M5:test (default-test) @ google-cloud-spanner-jdbc ---
[INFO] 
[INFO] -------------------------------------------------------
[INFO]  T E S T S
[INFO] -------------------------------------------------------
[INFO] Running com.google.cloud.spanner.jdbc.JdbcResultSetTest
[INFO] Tests run: 135, Failures: 0, Errors: 0, Skipped: 0, Time elapsed: 1.059 s - in com.google.cloud.spanner.jdbc.JdbcResultSetTest
[INFO] Running com.google.cloud.spanner.jdbc.AbstractJdbcResultSetTest
[INFO] Tests run: 7, Failures: 0, Errors: 0, Skipped: 0, Time elapsed: 0.901 s - in com.google.cloud.spanner.jdbc.AbstractJdbcResultSetTest
[INFO] Running com.google.cloud.spanner.jdbc.JdbcConnectionUrlTest$ConnectionMaxSessionsTest
[INFO] Tests run: 1, Failures: 0, Errors: 0, Skipped: 0, Time elapsed: 1.369 s - in com.google.cloud.spanner.jdbc.JdbcConnectionUrlTest$ConnectionMaxSessionsTest
[INFO] Running com.google.cloud.spanner.jdbc.JdbcConnectionUrlTest$ConnectionMinSessionsTest
[INFO] Tests run: 1, Failures: 0, Errors: 0, Skipped: 0, Time elapsed: 0.07 s - in com.google.cloud.spanner.jdbc.JdbcConnectionUrlTest$ConnectionMinSessionsTest
[INFO] Running com.google.cloud.spanner.jdbc.AbstractJdbcWrapperTest
[INFO] Tests run: 23, Failures: 0, Errors: 0, Skipped: 0, Time elapsed: 0.015 s - in com.google.cloud.spanner.jdbc.AbstractJdbcWrapperTest
[INFO] Running com.google.cloud.spanner.jdbc.JdbcStatementTest
[INFO] Tests run: 44, Failures: 0, Errors: 0, Skipped: 0, Time elapsed: 0.369 s - in com.google.cloud.spanner.jdbc.JdbcStatementTest
[INFO] Running com.google.cloud.spanner.jdbc.JdbcParameterStoreTest
[ERROR] Tests run: 14, Failures: 1, Errors: 0, Skipped: 2, Time elapsed: 0.022 s <<< FAILURE! - in com.google.cloud.spanner.jdbc.JdbcParameterStoreTest
[ERROR] com.google.cloud.spanner.jdbc.JdbcParameterStoreTest.testPostgresDialectConvertPositionalParametersToNamedParameters[dialect = POSTGRESQL]  Time elapsed: 0.004 s  <<< FAILURE!
java.lang.AssertionError: missing expected exception
	at com.google.cloud.spanner.jdbc.JdbcParameterStoreTest.assertUnclosedLiteral(JdbcParameterStoreTest.java:974)
	at com.google.cloud.spanner.jdbc.JdbcParameterStoreTest.testPostgresDialectConvertPositionalParametersToNamedParameters(JdbcParameterStoreTest.java:918)

[INFO] Running com.google.cloud.spanner.jdbc.JdbcConnectionGeneratedSqlScriptTest
[INFO] Tests run: 2, Failures: 0, Errors: 0, Skipped: 0, Time elapsed: 14.038 s - in com.google.cloud.spanner.jdbc.JdbcConnectionGeneratedSqlScriptTest
[INFO] Running com.google.cloud.spanner.jdbc.JdbcCommitStatsTest
[INFO] Tests run: 5, Failures: 0, Errors: 0, Skipped: 0, Time elapsed: 0.687 s - in com.google.cloud.spanner.jdbc.JdbcCommitStatsTest
[INFO] Running com.google.cloud.spanner.jdbc.JdbcGrpcErrorTest
[INFO] Tests run: 19, Failures: 0, Errors: 0, Skipped: 0, Time elapsed: 1.135 s - in com.google.cloud.spanner.jdbc.JdbcGrpcErrorTest
[INFO] Running com.google.cloud.spanner.jdbc.JdbcTypeConverterTest
[INFO] Tests run: 26, Failures: 0, Errors: 0, Skipped: 0, Time elapsed: 0.03 s - in com.google.cloud.spanner.jdbc.JdbcTypeConverterTest
[INFO] Running com.google.cloud.spanner.jdbc.JdbcBlobTest
[INFO] Tests run: 11, Failures: 0, Errors: 0, Skipped: 0, Time elapsed: 0.008 s - in com.google.cloud.spanner.jdbc.JdbcBlobTest
[INFO] Running com.google.cloud.spanner.jdbc.PgNumericResultSetTest
[INFO] Tests run: 23, Failures: 0, Errors: 0, Skipped: 0, Time elapsed: 2.54 s - in com.google.cloud.spanner.jdbc.PgNumericResultSetTest
[INFO] Running com.google.cloud.spanner.jdbc.JdbcResultSetMetaDataTest
[INFO] Tests run: 22, Failures: 0, Errors: 0, Skipped: 0, Time elapsed: 0.049 s - in com.google.cloud.spanner.jdbc.JdbcResultSetMetaDataTest
[INFO] Running com.google.cloud.spanner.jdbc.JdbcAbortedTransactionTest
[INFO] Tests run: 20, Failures: 0, Errors: 0, Skipped: 0, Time elapsed: 0.547 s - in com.google.cloud.spanner.jdbc.JdbcAbortedTransactionTest
[INFO] Running com.google.cloud.spanner.jdbc.JdbcDriverTest
[INFO] Tests run: 8, Failures: 0, Errors: 0, Skipped: 0, Time elapsed: 0.121 s - in com.google.cloud.spanner.jdbc.JdbcDriverTest
[INFO] Running com.google.cloud.spanner.jdbc.JdbcPreparedStatementTest
[INFO] Tests run: 12, Failures: 0, Errors: 0, Skipped: 0, Time elapsed: 0.015 s - in com.google.cloud.spanner.jdbc.JdbcPreparedStatementTest
[INFO] Running com.google.cloud.spanner.jdbc.JdbcDatabaseMetaDataWithMockedServerTest
[INFO] Tests run: 12, Failures: 0, Errors: 0, Skipped: 0, Time elapsed: 0.645 s - in com.google.cloud.spanner.jdbc.JdbcDatabaseMetaDataWithMockedServerTest
[INFO] Running com.google.cloud.spanner.jdbc.JdbcConnectionUrlTest$ConnectionMaxSessionsTest
[INFO] Tests run: 1, Failures: 0, Errors: 0, Skipped: 0, Time elapsed: 0.035 s - in com.google.cloud.spanner.jdbc.JdbcConnectionUrlTest$ConnectionMaxSessionsTest
[INFO] Running com.google.cloud.spanner.jdbc.JdbcConnectionUrlTest$ConnectionMinSessionsTest
[INFO] Tests run: 1, Failures: 0, Errors: 0, Skipped: 0, Time elapsed: 0.017 s - in com.google.cloud.spanner.jdbc.JdbcConnectionUrlTest$ConnectionMinSessionsTest
[INFO] Running com.google.cloud.spanner.jdbc.JdbcTimeoutSqlTest
[INFO] Tests run: 2, Failures: 0, Errors: 0, Skipped: 0, Time elapsed: 0.011 s - in com.google.cloud.spanner.jdbc.JdbcTimeoutSqlTest
[INFO] Running com.google.cloud.spanner.jdbc.JdbcPreparedStatementWithMockedServerTest
[INFO] Tests run: 6, Failures: 0, Errors: 0, Skipped: 0, Time elapsed: 0.243 s - in com.google.cloud.spanner.jdbc.JdbcPreparedStatementWithMockedServerTest
[INFO] Running com.google.cloud.spanner.jdbc.JdbcArrayTest
[INFO] Tests run: 7, Failures: 0, Errors: 0, Skipped: 0, Time elapsed: 0.002 s - in com.google.cloud.spanner.jdbc.JdbcArrayTest
[INFO] Running com.google.cloud.spanner.jdbc.JdbcClobTest
[INFO] Tests run: 10, Failures: 0, Errors: 0, Skipped: 0, Time elapsed: 0.002 s - in com.google.cloud.spanner.jdbc.JdbcClobTest
[INFO] Running com.google.cloud.spanner.jdbc.JdbcQueryOptionsTest
[INFO] Tests run: 7, Failures: 0, Errors: 0, Skipped: 0, Time elapsed: 0.138 s - in com.google.cloud.spanner.jdbc.JdbcQueryOptionsTest
[INFO] Running com.google.cloud.spanner.jdbc.JdbcConnectionTest
[INFO] Tests run: 44, Failures: 0, Errors: 0, Skipped: 0, Time elapsed: 0.395 s - in com.google.cloud.spanner.jdbc.JdbcConnectionTest
[INFO] Running com.google.cloud.spanner.jdbc.PgNumericPreparedStatementTest
[INFO] Tests run: 14, Failures: 0, Errors: 0, Skipped: 0, Time elapsed: 0.449 s - in com.google.cloud.spanner.jdbc.PgNumericPreparedStatementTest
[INFO] Running com.google.cloud.spanner.jdbc.JdbcDatabaseMetaDataTest
[INFO] Tests run: 19, Failures: 0, Errors: 0, Skipped: 0, Time elapsed: 0.009 s - in com.google.cloud.spanner.jdbc.JdbcDatabaseMetaDataTest
[INFO] 
[INFO] Results:
[INFO] 
[ERROR] Failures: 
[ERROR]   JdbcParameterStoreTest.testPostgresDialectConvertPositionalParametersToNamedParameters:918->assertUnclosedLiteral:974 missing expected exception
[INFO] 
[ERROR] Tests run: 496, Failures: 1, Errors: 0, Skipped: 2
[INFO] 
[INFO] ------------------------------------------------------------------------
[INFO] BUILD FAILURE
[INFO] ------------------------------------------------------------------------
[INFO] Total time:  35.245 s
[INFO] Finished at: 2023-02-05T04:49:16Z
[INFO] ------------------------------------------------------------------------
[ERROR] Failed to execute goal org.apache.maven.plugins:maven-surefire-plugin:3.0.0-M5:test (default-test) on project google-cloud-spanner-jdbc: There are test failures.
[ERROR] 
[ERROR] Please refer to /home/gabsko/breaking-updates/target/surefire-reports for the individual test results.
[ERROR] Please refer to dump files (if any exist) [date].dump, [date]-jvmRun[N].dump and [date].dumpstream.
[ERROR] -> [Help 1]
[ERROR] 
[ERROR] To see the full stack trace of the errors, re-run Maven with the -e switch.
[ERROR] Re-run Maven using the -X switch to enable full debug logging.
[ERROR] 
[ERROR] For more information about the errors and possible solutions, please read the following articles:
[ERROR] [Help 1] http://cwiki.apache.org/confluence/display/MAVEN/MojoFailureException
