[INFO] Scanning for projects...
[INFO] 
[INFO] ---------------------< org.pac4j:dropwizard-pac4j >---------------------
[INFO] Building Dropwizard pac4j Support 5.0.1-SNAPSHOT
[INFO] --------------------------------[ jar ]---------------------------------
[INFO] 
[INFO] --- maven-clean-plugin:2.5:clean (default-clean) @ dropwizard-pac4j ---
[INFO] Deleting /home/gabsko/breaking-updates/target
[INFO] 
[INFO] --- maven-enforcer-plugin:3.1.0:enforce (enforce-maven) @ dropwizard-pac4j ---
[INFO] 
[INFO] --- maven-enforcer-plugin:3.1.0:enforce (dependency-convergence) @ dropwizard-pac4j ---
[WARNING] The POM for org.apache.logging.log4j:log4j-api-java9:zip:2.11.2 is missing, no dependency information available
[INFO] 
[INFO] --- maven-resources-plugin:2.6:resources (default-resources) @ dropwizard-pac4j ---
[INFO] Using 'UTF-8' encoding to copy filtered resources.
[INFO] skip non existing resourceDirectory /home/gabsko/breaking-updates/src/main/resources
[INFO] 
[INFO] --- maven-compiler-plugin:3.10.1:compile (default-compile) @ dropwizard-pac4j ---
[INFO] Changes detected - recompiling the module!
[INFO] Compiling 7 source files to /home/gabsko/breaking-updates/target/classes
[INFO] 
[INFO] >>> maven-pmd-plugin:3.17.0:check (run-pmd) > :pmd @ dropwizard-pac4j >>>
[INFO] 
[INFO] --- maven-pmd-plugin:3.17.0:pmd (pmd) @ dropwizard-pac4j ---
[WARNING] Unable to locate Source XRef to link to - DISABLED
[WARNING] Unable to locate Source XRef to link to - DISABLED
[WARNING] Unable to locate Source XRef to link to - DISABLED
[INFO] PMD version: 6.46.0
[INFO] 
[INFO] <<< maven-pmd-plugin:3.17.0:check (run-pmd) < :pmd @ dropwizard-pac4j <<<
[INFO] 
[INFO] 
[INFO] --- maven-pmd-plugin:3.17.0:check (run-pmd) @ dropwizard-pac4j ---
[INFO] PMD version: 6.46.0
[INFO] 
[INFO] 
[INFO] --- maven-resources-plugin:2.6:testResources (default-testResources) @ dropwizard-pac4j ---
[INFO] Using 'UTF-8' encoding to copy filtered resources.
[INFO] Copying 10 resources
[INFO] 
[INFO] --- maven-compiler-plugin:3.10.1:testCompile (default-testCompile) @ dropwizard-pac4j ---
[INFO] Changes detected - recompiling the module!
[INFO] Compiling 9 source files to /home/gabsko/breaking-updates/target/test-classes
[INFO] /home/gabsko/breaking-updates/src/test/java/org/pac4j/dropwizard/factory/FakeConfigFactory.java: /home/gabsko/breaking-updates/src/test/java/org/pac4j/dropwizard/factory/FakeConfigFactory.java uses unchecked or unsafe operations.
[INFO] /home/gabsko/breaking-updates/src/test/java/org/pac4j/dropwizard/factory/FakeConfigFactory.java: Recompile with -Xlint:unchecked for details.
[INFO] 
[INFO] --- maven-surefire-plugin:2.12.4:test (default-test) @ dropwizard-pac4j ---
[INFO] Surefire report directory: /home/gabsko/breaking-updates/target/surefire-reports

-------------------------------------------------------
 T E S T S
-------------------------------------------------------
Running org.pac4j.dropwizard.bundle.BundleFactoryTest
INFO  [2023-02-11 23:23:11,334] io.dropwizard.server.DefaultServerFactory: Registering jersey handler with root path prefix: /
INFO  [2023-02-11 23:23:11,338] io.dropwizard.server.DefaultServerFactory: Registering admin handler with root path prefix: /
INFO  [2023-02-11 23:23:11,360] io.dropwizard.server.ServerFactory: Starting App
INFO  [2023-02-11 23:23:11,460] org.eclipse.jetty.setuid.SetUIDListener: Opened application@7ce7e83c{HTTP/1.1, (http/1.1)}{0.0.0.0:38071}
INFO  [2023-02-11 23:23:11,460] org.eclipse.jetty.setuid.SetUIDListener: Opened admin@4a05d8ae{HTTP/1.1, (http/1.1)}{0.0.0.0:33623}
INFO  [2023-02-11 23:23:11,463] org.eclipse.jetty.server.Server: jetty-9.4.35.v20201120; built: 2020-11-20T21:17:03.964Z; git: bdc54f03a5e0a7e280fab27f55c3c75ee8da89fb; jvm 11.0.17+8-post-Ubuntu-1ubuntu218.04
INFO  [2023-02-11 23:23:11,489] org.eclipse.jetty.server.session: DefaultSessionIdManager workerName=node0
INFO  [2023-02-11 23:23:11,489] org.eclipse.jetty.server.session: No SessionScavenger set, using defaults
INFO  [2023-02-11 23:23:11,491] org.eclipse.jetty.server.session: node0 Scavenging every 660000ms
INFO  [2023-02-11 23:23:11,811] io.dropwizard.jersey.DropwizardResourceConfig: The following paths were found for the configured resources:

    NONE

INFO  [2023-02-11 23:23:11,812] org.eclipse.jetty.server.handler.ContextHandler: Started i.d.j.MutableServletContextHandler@2cd4e16a{/,null,AVAILABLE}
INFO  [2023-02-11 23:23:11,814] io.dropwizard.setup.AdminEnvironment: tasks = 

    POST    /tasks/log-level (io.dropwizard.servlets.tasks.LogConfigurationTask)
    POST    /tasks/gc (io.dropwizard.servlets.tasks.GarbageCollectionTask)

WARN  [2023-02-11 23:23:11,815] io.dropwizard.setup.AdminEnvironment: 
!!!!!!!!!!!!!!!!!!!!!!!!!!!!!!!!!!!!!!!!!!!!!!!!!!!!!!!!!!!!!!!!!!!!!!!!!!!!!!!!
!!!!!!!!!!!!!!!!!!!!!!!!!!!!!!!!!!!!!!!!!!!!!!!!!!!!!!!!!!!!!!!!!!!!!!!!!!!!!!!!
!    THIS APPLICATION HAS NO HEALTHCHECKS. THIS MEANS YOU WILL NEVER KNOW      !
!     IF IT DIES IN PRODUCTION, WHICH MEANS YOU WILL NEVER KNOW IF YOU'RE      !
!    LETTING YOUR USERS DOWN. YOU SHOULD ADD A HEALTHCHECK FOR EACH OF YOUR    !
!         APPLICATION'S DEPENDENCIES WHICH FULLY (BUT LIGHTLY) TESTS IT.       !
!!!!!!!!!!!!!!!!!!!!!!!!!!!!!!!!!!!!!!!!!!!!!!!!!!!!!!!!!!!!!!!!!!!!!!!!!!!!!!!!
!!!!!!!!!!!!!!!!!!!!!!!!!!!!!!!!!!!!!!!!!!!!!!!!!!!!!!!!!!!!!!!!!!!!!!!!!!!!!!!!
INFO  [2023-02-11 23:23:11,816] org.eclipse.jetty.server.handler.ContextHandler: Started i.d.j.MutableServletContextHandler@b3e86d5{/,null,AVAILABLE}
INFO  [2023-02-11 23:23:11,839] org.eclipse.jetty.server.AbstractConnector: Started application@7ce7e83c{HTTP/1.1, (http/1.1)}{0.0.0.0:38071}
INFO  [2023-02-11 23:23:11,845] org.eclipse.jetty.server.AbstractConnector: Started admin@4a05d8ae{HTTP/1.1, (http/1.1)}{0.0.0.0:33623}
INFO  [2023-02-11 23:23:11,845] org.eclipse.jetty.server.Server: Started @1884ms
INFO  [2023-02-11 23:23:11,902] org.eclipse.jetty.server.AbstractConnector: Stopped application@7ce7e83c{HTTP/1.1, (http/1.1)}{0.0.0.0:0}
INFO  [2023-02-11 23:23:11,904] org.eclipse.jetty.server.AbstractConnector: Stopped admin@4a05d8ae{HTTP/1.1, (http/1.1)}{0.0.0.0:0}
INFO  [2023-02-11 23:23:11,904] org.eclipse.jetty.server.session: node0 Stopped scavenging
INFO  [2023-02-11 23:23:11,991] io.dropwizard.server.DefaultServerFactory: Registering jersey handler with root path prefix: /
INFO  [2023-02-11 23:23:11,991] io.dropwizard.server.DefaultServerFactory: Registering admin handler with root path prefix: /
INFO  [2023-02-11 23:23:11,992] io.dropwizard.server.ServerFactory: Starting App
INFO  [2023-02-11 23:23:11,998] org.eclipse.jetty.setuid.SetUIDListener: Opened application@6d229b1c{HTTP/1.1, (http/1.1)}{0.0.0.0:41527}
INFO  [2023-02-11 23:23:11,998] org.eclipse.jetty.setuid.SetUIDListener: Opened admin@6f825516{HTTP/1.1, (http/1.1)}{0.0.0.0:32847}
INFO  [2023-02-11 23:23:11,998] org.eclipse.jetty.server.Server: jetty-9.4.35.v20201120; built: 2020-11-20T21:17:03.964Z; git: bdc54f03a5e0a7e280fab27f55c3c75ee8da89fb; jvm 11.0.17+8-post-Ubuntu-1ubuntu218.04
INFO  [2023-02-11 23:23:12,107] io.dropwizard.jersey.DropwizardResourceConfig: The following paths were found for the configured resources:

    NONE

INFO  [2023-02-11 23:23:12,108] org.eclipse.jetty.server.handler.ContextHandler: Started i.d.j.MutableServletContextHandler@40ef0af8{/,null,AVAILABLE}
INFO  [2023-02-11 23:23:12,108] io.dropwizard.setup.AdminEnvironment: tasks = 

    POST    /tasks/log-level (io.dropwizard.servlets.tasks.LogConfigurationTask)
    POST    /tasks/gc (io.dropwizard.servlets.tasks.GarbageCollectionTask)

WARN  [2023-02-11 23:23:12,108] io.dropwizard.setup.AdminEnvironment: 
!!!!!!!!!!!!!!!!!!!!!!!!!!!!!!!!!!!!!!!!!!!!!!!!!!!!!!!!!!!!!!!!!!!!!!!!!!!!!!!!
!!!!!!!!!!!!!!!!!!!!!!!!!!!!!!!!!!!!!!!!!!!!!!!!!!!!!!!!!!!!!!!!!!!!!!!!!!!!!!!!
!    THIS APPLICATION HAS NO HEALTHCHECKS. THIS MEANS YOU WILL NEVER KNOW      !
!     IF IT DIES IN PRODUCTION, WHICH MEANS YOU WILL NEVER KNOW IF YOU'RE      !
!    LETTING YOUR USERS DOWN. YOU SHOULD ADD A HEALTHCHECK FOR EACH OF YOUR    !
!         APPLICATION'S DEPENDENCIES WHICH FULLY (BUT LIGHTLY) TESTS IT.       !
!!!!!!!!!!!!!!!!!!!!!!!!!!!!!!!!!!!!!!!!!!!!!!!!!!!!!!!!!!!!!!!!!!!!!!!!!!!!!!!!
!!!!!!!!!!!!!!!!!!!!!!!!!!!!!!!!!!!!!!!!!!!!!!!!!!!!!!!!!!!!!!!!!!!!!!!!!!!!!!!!
INFO  [2023-02-11 23:23:12,109] org.eclipse.jetty.server.handler.ContextHandler: Started i.d.j.MutableServletContextHandler@461c3709{/,null,AVAILABLE}
INFO  [2023-02-11 23:23:12,130] org.eclipse.jetty.server.AbstractConnector: Started application@6d229b1c{HTTP/1.1, (http/1.1)}{0.0.0.0:41527}
INFO  [2023-02-11 23:23:12,138] org.eclipse.jetty.server.AbstractConnector: Started admin@6f825516{HTTP/1.1, (http/1.1)}{0.0.0.0:32847}
INFO  [2023-02-11 23:23:12,138] org.eclipse.jetty.server.Server: Started @2177ms
INFO  [2023-02-11 23:23:12,144] org.eclipse.jetty.server.AbstractConnector: Stopped application@6d229b1c{HTTP/1.1, (http/1.1)}{0.0.0.0:0}
INFO  [2023-02-11 23:23:12,145] org.eclipse.jetty.server.AbstractConnector: Stopped admin@6f825516{HTTP/1.1, (http/1.1)}{0.0.0.0:0}
INFO  [2023-02-11 23:23:12,240] io.dropwizard.server.DefaultServerFactory: Registering jersey handler with root path prefix: /
INFO  [2023-02-11 23:23:12,240] io.dropwizard.server.DefaultServerFactory: Registering admin handler with root path prefix: /
INFO  [2023-02-11 23:23:12,240] io.dropwizard.server.ServerFactory: Starting App
INFO  [2023-02-11 23:23:12,243] org.eclipse.jetty.setuid.SetUIDListener: Opened application@996a546{HTTP/1.1, (http/1.1)}{0.0.0.0:45757}
INFO  [2023-02-11 23:23:12,243] org.eclipse.jetty.setuid.SetUIDListener: Opened admin@4fc165f6{HTTP/1.1, (http/1.1)}{0.0.0.0:35693}
INFO  [2023-02-11 23:23:12,243] org.eclipse.jetty.server.Server: jetty-9.4.35.v20201120; built: 2020-11-20T21:17:03.964Z; git: bdc54f03a5e0a7e280fab27f55c3c75ee8da89fb; jvm 11.0.17+8-post-Ubuntu-1ubuntu218.04
INFO  [2023-02-11 23:23:12,284] io.dropwizard.jersey.DropwizardResourceConfig: The following paths were found for the configured resources:

    NONE

INFO  [2023-02-11 23:23:12,284] org.eclipse.jetty.server.handler.ContextHandler: Started i.d.j.MutableServletContextHandler@577536e0{/,null,AVAILABLE}
INFO  [2023-02-11 23:23:12,285] io.dropwizard.setup.AdminEnvironment: tasks = 

    POST    /tasks/log-level (io.dropwizard.servlets.tasks.LogConfigurationTask)
    POST    /tasks/gc (io.dropwizard.servlets.tasks.GarbageCollectionTask)

WARN  [2023-02-11 23:23:12,285] io.dropwizard.setup.AdminEnvironment: 
!!!!!!!!!!!!!!!!!!!!!!!!!!!!!!!!!!!!!!!!!!!!!!!!!!!!!!!!!!!!!!!!!!!!!!!!!!!!!!!!
!!!!!!!!!!!!!!!!!!!!!!!!!!!!!!!!!!!!!!!!!!!!!!!!!!!!!!!!!!!!!!!!!!!!!!!!!!!!!!!!
!    THIS APPLICATION HAS NO HEALTHCHECKS. THIS MEANS YOU WILL NEVER KNOW      !
!     IF IT DIES IN PRODUCTION, WHICH MEANS YOU WILL NEVER KNOW IF YOU'RE      !
!    LETTING YOUR USERS DOWN. YOU SHOULD ADD A HEALTHCHECK FOR EACH OF YOUR    !
!         APPLICATION'S DEPENDENCIES WHICH FULLY (BUT LIGHTLY) TESTS IT.       !
!!!!!!!!!!!!!!!!!!!!!!!!!!!!!!!!!!!!!!!!!!!!!!!!!!!!!!!!!!!!!!!!!!!!!!!!!!!!!!!!
!!!!!!!!!!!!!!!!!!!!!!!!!!!!!!!!!!!!!!!!!!!!!!!!!!!!!!!!!!!!!!!!!!!!!!!!!!!!!!!!
INFO  [2023-02-11 23:23:12,285] org.eclipse.jetty.server.handler.ContextHandler: Started i.d.j.MutableServletContextHandler@52d3fafd{/,null,AVAILABLE}
INFO  [2023-02-11 23:23:12,289] org.eclipse.jetty.server.AbstractConnector: Started application@996a546{HTTP/1.1, (http/1.1)}{0.0.0.0:45757}
INFO  [2023-02-11 23:23:12,291] org.eclipse.jetty.server.AbstractConnector: Started admin@4fc165f6{HTTP/1.1, (http/1.1)}{0.0.0.0:35693}
INFO  [2023-02-11 23:23:12,291] org.eclipse.jetty.server.Server: Started @2330ms
INFO  [2023-02-11 23:23:12,294] org.eclipse.jetty.server.AbstractConnector: Stopped application@996a546{HTTP/1.1, (http/1.1)}{0.0.0.0:0}
INFO  [2023-02-11 23:23:12,295] org.eclipse.jetty.server.AbstractConnector: Stopped admin@4fc165f6{HTTP/1.1, (http/1.1)}{0.0.0.0:0}
INFO  [2023-02-11 23:23:12,376] io.dropwizard.server.DefaultServerFactory: Registering jersey handler with root path prefix: /
INFO  [2023-02-11 23:23:12,376] io.dropwizard.server.DefaultServerFactory: Registering admin handler with root path prefix: /
INFO  [2023-02-11 23:23:12,377] io.dropwizard.server.ServerFactory: Starting App
INFO  [2023-02-11 23:23:12,380] org.eclipse.jetty.setuid.SetUIDListener: Opened application@6f9ab79d{HTTP/1.1, (http/1.1)}{0.0.0.0:40839}
INFO  [2023-02-11 23:23:12,380] org.eclipse.jetty.setuid.SetUIDListener: Opened admin@64ae105d{HTTP/1.1, (http/1.1)}{0.0.0.0:44799}
INFO  [2023-02-11 23:23:12,380] org.eclipse.jetty.server.Server: jetty-9.4.35.v20201120; built: 2020-11-20T21:17:03.964Z; git: bdc54f03a5e0a7e280fab27f55c3c75ee8da89fb; jvm 11.0.17+8-post-Ubuntu-1ubuntu218.04
INFO  [2023-02-11 23:23:12,381] org.eclipse.jetty.server.session: DefaultSessionIdManager workerName=node0
INFO  [2023-02-11 23:23:12,381] org.eclipse.jetty.server.session: No SessionScavenger set, using defaults
INFO  [2023-02-11 23:23:12,381] org.eclipse.jetty.server.session: node0 Scavenging every 600000ms
INFO  [2023-02-11 23:23:12,422] io.dropwizard.jersey.DropwizardResourceConfig: The following paths were found for the configured resources:

    NONE

INFO  [2023-02-11 23:23:12,423] org.eclipse.jetty.server.handler.ContextHandler: Started i.d.j.MutableServletContextHandler@35eee641{/,null,AVAILABLE}
INFO  [2023-02-11 23:23:12,423] io.dropwizard.setup.AdminEnvironment: tasks = 

    POST    /tasks/log-level (io.dropwizard.servlets.tasks.LogConfigurationTask)
    POST    /tasks/gc (io.dropwizard.servlets.tasks.GarbageCollectionTask)

WARN  [2023-02-11 23:23:12,423] io.dropwizard.setup.AdminEnvironment: 
!!!!!!!!!!!!!!!!!!!!!!!!!!!!!!!!!!!!!!!!!!!!!!!!!!!!!!!!!!!!!!!!!!!!!!!!!!!!!!!!
!!!!!!!!!!!!!!!!!!!!!!!!!!!!!!!!!!!!!!!!!!!!!!!!!!!!!!!!!!!!!!!!!!!!!!!!!!!!!!!!
!    THIS APPLICATION HAS NO HEALTHCHECKS. THIS MEANS YOU WILL NEVER KNOW      !
!     IF IT DIES IN PRODUCTION, WHICH MEANS YOU WILL NEVER KNOW IF YOU'RE      !
!    LETTING YOUR USERS DOWN. YOU SHOULD ADD A HEALTHCHECK FOR EACH OF YOUR    !
!         APPLICATION'S DEPENDENCIES WHICH FULLY (BUT LIGHTLY) TESTS IT.       !
!!!!!!!!!!!!!!!!!!!!!!!!!!!!!!!!!!!!!!!!!!!!!!!!!!!!!!!!!!!!!!!!!!!!!!!!!!!!!!!!
!!!!!!!!!!!!!!!!!!!!!!!!!!!!!!!!!!!!!!!!!!!!!!!!!!!!!!!!!!!!!!!!!!!!!!!!!!!!!!!!
INFO  [2023-02-11 23:23:12,424] org.eclipse.jetty.server.handler.ContextHandler: Started i.d.j.MutableServletContextHandler@64518270{/,null,AVAILABLE}
INFO  [2023-02-11 23:23:12,428] org.eclipse.jetty.server.AbstractConnector: Started application@6f9ab79d{HTTP/1.1, (http/1.1)}{0.0.0.0:40839}
INFO  [2023-02-11 23:23:12,431] org.eclipse.jetty.server.AbstractConnector: Started admin@64ae105d{HTTP/1.1, (http/1.1)}{0.0.0.0:44799}
INFO  [2023-02-11 23:23:12,431] org.eclipse.jetty.server.Server: Started @2471ms
INFO  [2023-02-11 23:23:12,434] org.eclipse.jetty.server.AbstractConnector: Stopped application@6f9ab79d{HTTP/1.1, (http/1.1)}{0.0.0.0:0}
INFO  [2023-02-11 23:23:12,435] org.eclipse.jetty.server.AbstractConnector: Stopped admin@64ae105d{HTTP/1.1, (http/1.1)}{0.0.0.0:0}
INFO  [2023-02-11 23:23:12,435] org.eclipse.jetty.server.session: node0 Stopped scavenging
Tests run: 4, Failures: 0, Errors: 4, Skipped: 0, Time elapsed: 2.225 sec <<< FAILURE!
emptyPac4jInConfig(org.pac4j.dropwizard.bundle.BundleFactoryTest)  Time elapsed: 1.604 sec  <<< ERROR!
java.lang.RuntimeException: MultiException[java.lang.AbstractMethodError: Receiver class org.eclipse.jetty.server.AllowedResourceAliasChecker$AllowedResourceAliasCheckListener does not define or inherit an implementation of the resolved method 'abstract void lifeCycleFailure(org.eclipse.jetty.util.component.LifeCycle, java.lang.Throwable)' of interface org.eclipse.jetty.util.component.LifeCycle$Listener., java.lang.AbstractMethodError: Receiver class org.eclipse.jetty.server.AllowedResourceAliasChecker$AllowedResourceAliasCheckListener does not define or inherit an implementation of the resolved method 'abstract void lifeCycleFailure(org.eclipse.jetty.util.component.LifeCycle, java.lang.Throwable)' of interface org.eclipse.jetty.util.component.LifeCycle$Listener.]
	at io.dropwizard.testing.DropwizardTestSupport.stopIfRequired(DropwizardTestSupport.java:257)
	at io.dropwizard.testing.DropwizardTestSupport.after(DropwizardTestSupport.java:237)
	at org.pac4j.dropwizard.AbstractApplicationTest.tearDown(AbstractApplicationTest.java:36)
	at java.base/jdk.internal.reflect.NativeMethodAccessorImpl.invoke0(Native Method)
	at java.base/jdk.internal.reflect.NativeMethodAccessorImpl.invoke(NativeMethodAccessorImpl.java:62)
	at java.base/jdk.internal.reflect.DelegatingMethodAccessorImpl.invoke(DelegatingMethodAccessorImpl.java:43)
	at java.base/java.lang.reflect.Method.invoke(Method.java:566)
	at org.junit.runners.model.FrameworkMethod$1.runReflectiveCall(FrameworkMethod.java:50)
	at org.junit.internal.runners.model.ReflectiveCallable.run(ReflectiveCallable.java:12)
	at org.junit.runners.model.FrameworkMethod.invokeExplosively(FrameworkMethod.java:47)
	at org.junit.internal.runners.statements.RunAfters.evaluate(RunAfters.java:33)
	at org.junit.runners.ParentRunner.runLeaf(ParentRunner.java:325)
	at org.junit.runners.BlockJUnit4ClassRunner.runChild(BlockJUnit4ClassRunner.java:78)
	at org.junit.runners.BlockJUnit4ClassRunner.runChild(BlockJUnit4ClassRunner.java:57)
	at org.junit.runners.ParentRunner$3.run(ParentRunner.java:290)
	at org.junit.runners.ParentRunner$1.schedule(ParentRunner.java:71)
	at org.junit.runners.ParentRunner.runChildren(ParentRunner.java:288)
	at org.junit.runners.ParentRunner.access$000(ParentRunner.java:58)
	at org.junit.runners.ParentRunner$2.evaluate(ParentRunner.java:268)
	at org.junit.runners.ParentRunner.run(ParentRunner.java:363)
	at org.apache.maven.surefire.junit4.JUnit4Provider.execute(JUnit4Provider.java:252)
	at org.apache.maven.surefire.junit4.JUnit4Provider.executeTestSet(JUnit4Provider.java:141)
	at org.apache.maven.surefire.junit4.JUnit4Provider.invoke(JUnit4Provider.java:112)
	at java.base/jdk.internal.reflect.NativeMethodAccessorImpl.invoke0(Native Method)
	at java.base/jdk.internal.reflect.NativeMethodAccessorImpl.invoke(NativeMethodAccessorImpl.java:62)
	at java.base/jdk.internal.reflect.DelegatingMethodAccessorImpl.invoke(DelegatingMethodAccessorImpl.java:43)
	at java.base/java.lang.reflect.Method.invoke(Method.java:566)
	at org.apache.maven.surefire.util.ReflectionUtils.invokeMethodWithArray(ReflectionUtils.java:189)
	at org.apache.maven.surefire.booter.ProviderFactory$ProviderProxy.invoke(ProviderFactory.java:165)
	at org.apache.maven.surefire.booter.ProviderFactory.invokeProvider(ProviderFactory.java:85)
	at org.apache.maven.surefire.booter.ForkedBooter.runSuitesInProcess(ForkedBooter.java:115)
	at org.apache.maven.surefire.booter.ForkedBooter.main(ForkedBooter.java:75)
Caused by: MultiException[java.lang.AbstractMethodError: Receiver class org.eclipse.jetty.server.AllowedResourceAliasChecker$AllowedResourceAliasCheckListener does not define or inherit an implementation of the resolved method 'abstract void lifeCycleFailure(org.eclipse.jetty.util.component.LifeCycle, java.lang.Throwable)' of interface org.eclipse.jetty.util.component.LifeCycle$Listener., java.lang.AbstractMethodError: Receiver class org.eclipse.jetty.server.AllowedResourceAliasChecker$AllowedResourceAliasCheckListener does not define or inherit an implementation of the resolved method 'abstract void lifeCycleFailure(org.eclipse.jetty.util.component.LifeCycle, java.lang.Throwable)' of interface org.eclipse.jetty.util.component.LifeCycle$Listener.]
	at org.eclipse.jetty.util.MultiException.ifExceptionThrow(MultiException.java:122)
	at org.eclipse.jetty.server.Server.doStop(Server.java:484)
	at org.eclipse.jetty.util.component.AbstractLifeCycle.stop(AbstractLifeCycle.java:94)
	at io.dropwizard.testing.DropwizardTestSupport.stopIfRequired(DropwizardTestSupport.java:252)
	... 31 more
	Suppressed: java.lang.AbstractMethodError: Receiver class org.eclipse.jetty.server.AllowedResourceAliasChecker$AllowedResourceAliasCheckListener does not define or inherit an implementation of the resolved method 'abstract void lifeCycleFailure(org.eclipse.jetty.util.component.LifeCycle, java.lang.Throwable)' of interface org.eclipse.jetty.util.component.LifeCycle$Listener.
		at org.eclipse.jetty.util.component.AbstractLifeCycle.setFailed(AbstractLifeCycle.java:238)
		at org.eclipse.jetty.util.component.AbstractLifeCycle.stop(AbstractLifeCycle.java:99)
		at org.eclipse.jetty.util.component.ContainerLifeCycle.stop(ContainerLifeCycle.java:180)
		at org.eclipse.jetty.util.component.ContainerLifeCycle.doStop(ContainerLifeCycle.java:201)
		at org.eclipse.jetty.server.handler.AbstractHandler.doStop(AbstractHandler.java:108)
		at org.eclipse.jetty.util.component.AbstractLifeCycle.stop(AbstractLifeCycle.java:94)
		at org.eclipse.jetty.util.component.ContainerLifeCycle.stop(ContainerLifeCycle.java:180)
		at org.eclipse.jetty.util.component.ContainerLifeCycle.doStop(ContainerLifeCycle.java:201)
		at org.eclipse.jetty.server.handler.AbstractHandler.doStop(AbstractHandler.java:108)
		at org.eclipse.jetty.util.component.AbstractLifeCycle.stop(AbstractLifeCycle.java:94)
		at org.eclipse.jetty.util.component.ContainerLifeCycle.stop(ContainerLifeCycle.java:180)
		at org.eclipse.jetty.util.component.ContainerLifeCycle.doStop(ContainerLifeCycle.java:201)
		at org.eclipse.jetty.server.handler.AbstractHandler.doStop(AbstractHandler.java:108)
		at org.eclipse.jetty.util.component.AbstractLifeCycle.stop(AbstractLifeCycle.java:94)
		at org.eclipse.jetty.util.component.ContainerLifeCycle.stop(ContainerLifeCycle.java:180)
		at org.eclipse.jetty.util.component.ContainerLifeCycle.doStop(ContainerLifeCycle.java:201)
		at org.eclipse.jetty.server.handler.AbstractHandler.doStop(AbstractHandler.java:108)
		at org.eclipse.jetty.server.handler.StatisticsHandler.doStop(StatisticsHandler.java:272)
		at org.eclipse.jetty.util.component.AbstractLifeCycle.stop(AbstractLifeCycle.java:94)
		at org.eclipse.jetty.util.component.ContainerLifeCycle.stop(ContainerLifeCycle.java:180)
		at org.eclipse.jetty.util.component.ContainerLifeCycle.doStop(ContainerLifeCycle.java:201)
		at org.eclipse.jetty.server.handler.AbstractHandler.doStop(AbstractHandler.java:108)
		at org.eclipse.jetty.server.Server.doStop(Server.java:470)
		... 33 more
	Suppressed: java.lang.AbstractMethodError: Receiver class org.eclipse.jetty.server.AllowedResourceAliasChecker$AllowedResourceAliasCheckListener does not define or inherit an implementation of the resolved method 'abstract void lifeCycleFailure(org.eclipse.jetty.util.component.LifeCycle, java.lang.Throwable)' of interface org.eclipse.jetty.util.component.LifeCycle$Listener.
		at org.eclipse.jetty.util.component.AbstractLifeCycle.setFailed(AbstractLifeCycle.java:238)
		at org.eclipse.jetty.util.component.AbstractLifeCycle.stop(AbstractLifeCycle.java:99)
		at org.eclipse.jetty.util.component.ContainerLifeCycle.stop(ContainerLifeCycle.java:180)
		at org.eclipse.jetty.util.component.ContainerLifeCycle.doStop(ContainerLifeCycle.java:201)
		at org.eclipse.jetty.server.handler.AbstractHandler.doStop(AbstractHandler.java:108)
		at com.codahale.metrics.jetty9.InstrumentedHandler.doStop(InstrumentedHandler.java:285)
		at org.eclipse.jetty.util.component.AbstractLifeCycle.stop(AbstractLifeCycle.java:94)
		at org.eclipse.jetty.util.component.ContainerLifeCycle.stop(ContainerLifeCycle.java:180)
		at org.eclipse.jetty.util.component.ContainerLifeCycle.doStop(ContainerLifeCycle.java:201)
		at org.eclipse.jetty.server.handler.AbstractHandler.doStop(AbstractHandler.java:108)
		at org.eclipse.jetty.util.component.AbstractLifeCycle.stop(AbstractLifeCycle.java:94)
		at org.eclipse.jetty.util.component.ContainerLifeCycle.stop(ContainerLifeCycle.java:180)
		at org.eclipse.jetty.util.component.ContainerLifeCycle.doStop(ContainerLifeCycle.java:201)
		at org.eclipse.jetty.server.handler.AbstractHandler.doStop(AbstractHandler.java:108)
		at org.eclipse.jetty.util.component.AbstractLifeCycle.stop(AbstractLifeCycle.java:94)
		at org.eclipse.jetty.util.component.ContainerLifeCycle.stop(ContainerLifeCycle.java:180)
		at org.eclipse.jetty.util.component.ContainerLifeCycle.doStop(ContainerLifeCycle.java:201)
		at org.eclipse.jetty.server.handler.AbstractHandler.doStop(AbstractHandler.java:108)
		at org.eclipse.jetty.util.component.AbstractLifeCycle.stop(AbstractLifeCycle.java:94)
		at org.eclipse.jetty.util.component.ContainerLifeCycle.stop(ContainerLifeCycle.java:180)
		at org.eclipse.jetty.util.component.ContainerLifeCycle.doStop(ContainerLifeCycle.java:201)
		at org.eclipse.jetty.server.handler.AbstractHandler.doStop(AbstractHandler.java:108)
		at org.eclipse.jetty.server.handler.StatisticsHandler.doStop(StatisticsHandler.java:272)
		at org.eclipse.jetty.util.component.AbstractLifeCycle.stop(AbstractLifeCycle.java:94)
		at org.eclipse.jetty.util.component.ContainerLifeCycle.stop(ContainerLifeCycle.java:180)
		at org.eclipse.jetty.util.component.ContainerLifeCycle.doStop(ContainerLifeCycle.java:201)
		at org.eclipse.jetty.server.handler.AbstractHandler.doStop(AbstractHandler.java:108)
		at org.eclipse.jetty.server.Server.doStop(Server.java:470)
		... 33 more
Caused by: [CIRCULAR REFERENCE: java.lang.AbstractMethodError: Receiver class org.eclipse.jetty.server.AllowedResourceAliasChecker$AllowedResourceAliasCheckListener does not define or inherit an implementation of the resolved method 'abstract void lifeCycleFailure(org.eclipse.jetty.util.component.LifeCycle, java.lang.Throwable)' of interface org.eclipse.jetty.util.component.LifeCycle$Listener.]

sessiondisabledForced(org.pac4j.dropwizard.bundle.BundleFactoryTest)  Time elapsed: 0.235 sec  <<< ERROR!
java.lang.RuntimeException: MultiException[java.lang.AbstractMethodError: Receiver class org.eclipse.jetty.server.AllowedResourceAliasChecker$AllowedResourceAliasCheckListener does not define or inherit an implementation of the resolved method 'abstract void lifeCycleFailure(org.eclipse.jetty.util.component.LifeCycle, java.lang.Throwable)' of interface org.eclipse.jetty.util.component.LifeCycle$Listener., java.lang.AbstractMethodError: Receiver class org.eclipse.jetty.server.AllowedResourceAliasChecker$AllowedResourceAliasCheckListener does not define or inherit an implementation of the resolved method 'abstract void lifeCycleFailure(org.eclipse.jetty.util.component.LifeCycle, java.lang.Throwable)' of interface org.eclipse.jetty.util.component.LifeCycle$Listener.]
	at io.dropwizard.testing.DropwizardTestSupport.stopIfRequired(DropwizardTestSupport.java:257)
	at io.dropwizard.testing.DropwizardTestSupport.after(DropwizardTestSupport.java:237)
	at org.pac4j.dropwizard.AbstractApplicationTest.tearDown(AbstractApplicationTest.java:36)
	at java.base/jdk.internal.reflect.NativeMethodAccessorImpl.invoke0(Native Method)
	at java.base/jdk.internal.reflect.NativeMethodAccessorImpl.invoke(NativeMethodAccessorImpl.java:62)
	at java.base/jdk.internal.reflect.DelegatingMethodAccessorImpl.invoke(DelegatingMethodAccessorImpl.java:43)
	at java.base/java.lang.reflect.Method.invoke(Method.java:566)
	at org.junit.runners.model.FrameworkMethod$1.runReflectiveCall(FrameworkMethod.java:50)
	at org.junit.internal.runners.model.ReflectiveCallable.run(ReflectiveCallable.java:12)
	at org.junit.runners.model.FrameworkMethod.invokeExplosively(FrameworkMethod.java:47)
	at org.junit.internal.runners.statements.RunAfters.evaluate(RunAfters.java:33)
	at org.junit.runners.ParentRunner.runLeaf(ParentRunner.java:325)
	at org.junit.runners.BlockJUnit4ClassRunner.runChild(BlockJUnit4ClassRunner.java:78)
	at org.junit.runners.BlockJUnit4ClassRunner.runChild(BlockJUnit4ClassRunner.java:57)
	at org.junit.runners.ParentRunner$3.run(ParentRunner.java:290)
	at org.junit.runners.ParentRunner$1.schedule(ParentRunner.java:71)
	at org.junit.runners.ParentRunner.runChildren(ParentRunner.java:288)
	at org.junit.runners.ParentRunner.access$000(ParentRunner.java:58)
	at org.junit.runners.ParentRunner$2.evaluate(ParentRunner.java:268)
	at org.junit.runners.ParentRunner.run(ParentRunner.java:363)
	at org.apache.maven.surefire.junit4.JUnit4Provider.execute(JUnit4Provider.java:252)
	at org.apache.maven.surefire.junit4.JUnit4Provider.executeTestSet(JUnit4Provider.java:141)
	at org.apache.maven.surefire.junit4.JUnit4Provider.invoke(JUnit4Provider.java:112)
	at java.base/jdk.internal.reflect.NativeMethodAccessorImpl.invoke0(Native Method)
	at java.base/jdk.internal.reflect.NativeMethodAccessorImpl.invoke(NativeMethodAccessorImpl.java:62)
	at java.base/jdk.internal.reflect.DelegatingMethodAccessorImpl.invoke(DelegatingMethodAccessorImpl.java:43)
	at java.base/java.lang.reflect.Method.invoke(Method.java:566)
	at org.apache.maven.surefire.util.ReflectionUtils.invokeMethodWithArray(ReflectionUtils.java:189)
	at org.apache.maven.surefire.booter.ProviderFactory$ProviderProxy.invoke(ProviderFactory.java:165)
	at org.apache.maven.surefire.booter.ProviderFactory.invokeProvider(ProviderFactory.java:85)
	at org.apache.maven.surefire.booter.ForkedBooter.runSuitesInProcess(ForkedBooter.java:115)
	at org.apache.maven.surefire.booter.ForkedBooter.main(ForkedBooter.java:75)
Caused by: MultiException[java.lang.AbstractMethodError: Receiver class org.eclipse.jetty.server.AllowedResourceAliasChecker$AllowedResourceAliasCheckListener does not define or inherit an implementation of the resolved method 'abstract void lifeCycleFailure(org.eclipse.jetty.util.component.LifeCycle, java.lang.Throwable)' of interface org.eclipse.jetty.util.component.LifeCycle$Listener., java.lang.AbstractMethodError: Receiver class org.eclipse.jetty.server.AllowedResourceAliasChecker$AllowedResourceAliasCheckListener does not define or inherit an implementation of the resolved method 'abstract void lifeCycleFailure(org.eclipse.jetty.util.component.LifeCycle, java.lang.Throwable)' of interface org.eclipse.jetty.util.component.LifeCycle$Listener.]
	at org.eclipse.jetty.util.MultiException.ifExceptionThrow(MultiException.java:122)
	at org.eclipse.jetty.server.Server.doStop(Server.java:484)
	at org.eclipse.jetty.util.component.AbstractLifeCycle.stop(AbstractLifeCycle.java:94)
	at io.dropwizard.testing.DropwizardTestSupport.stopIfRequired(DropwizardTestSupport.java:252)
	... 31 more
	Suppressed: java.lang.AbstractMethodError: Receiver class org.eclipse.jetty.server.AllowedResourceAliasChecker$AllowedResourceAliasCheckListener does not define or inherit an implementation of the resolved method 'abstract void lifeCycleFailure(org.eclipse.jetty.util.component.LifeCycle, java.lang.Throwable)' of interface org.eclipse.jetty.util.component.LifeCycle$Listener.
		at org.eclipse.jetty.util.component.AbstractLifeCycle.setFailed(AbstractLifeCycle.java:238)
		at org.eclipse.jetty.util.component.AbstractLifeCycle.stop(AbstractLifeCycle.java:99)
		at org.eclipse.jetty.util.component.ContainerLifeCycle.stop(ContainerLifeCycle.java:180)
		at org.eclipse.jetty.util.component.ContainerLifeCycle.doStop(ContainerLifeCycle.java:201)
		at org.eclipse.jetty.server.handler.AbstractHandler.doStop(AbstractHandler.java:108)
		at org.eclipse.jetty.util.component.AbstractLifeCycle.stop(AbstractLifeCycle.java:94)
		at org.eclipse.jetty.util.component.ContainerLifeCycle.stop(ContainerLifeCycle.java:180)
		at org.eclipse.jetty.util.component.ContainerLifeCycle.doStop(ContainerLifeCycle.java:201)
		at org.eclipse.jetty.server.handler.AbstractHandler.doStop(AbstractHandler.java:108)
		at org.eclipse.jetty.util.component.AbstractLifeCycle.stop(AbstractLifeCycle.java:94)
		at org.eclipse.jetty.util.component.ContainerLifeCycle.stop(ContainerLifeCycle.java:180)
		at org.eclipse.jetty.util.component.ContainerLifeCycle.doStop(ContainerLifeCycle.java:201)
		at org.eclipse.jetty.server.handler.AbstractHandler.doStop(AbstractHandler.java:108)
		at org.eclipse.jetty.util.component.AbstractLifeCycle.stop(AbstractLifeCycle.java:94)
		at org.eclipse.jetty.util.component.ContainerLifeCycle.stop(ContainerLifeCycle.java:180)
		at org.eclipse.jetty.util.component.ContainerLifeCycle.doStop(ContainerLifeCycle.java:201)
		at org.eclipse.jetty.server.handler.AbstractHandler.doStop(AbstractHandler.java:108)
		at org.eclipse.jetty.server.handler.StatisticsHandler.doStop(StatisticsHandler.java:272)
		at org.eclipse.jetty.util.component.AbstractLifeCycle.stop(AbstractLifeCycle.java:94)
		at org.eclipse.jetty.util.component.ContainerLifeCycle.stop(ContainerLifeCycle.java:180)
		at org.eclipse.jetty.util.component.ContainerLifeCycle.doStop(ContainerLifeCycle.java:201)
		at org.eclipse.jetty.server.handler.AbstractHandler.doStop(AbstractHandler.java:108)
		at org.eclipse.jetty.server.Server.doStop(Server.java:470)
		... 33 more
	Suppressed: java.lang.AbstractMethodError: Receiver class org.eclipse.jetty.server.AllowedResourceAliasChecker$AllowedResourceAliasCheckListener does not define or inherit an implementation of the resolved method 'abstract void lifeCycleFailure(org.eclipse.jetty.util.component.LifeCycle, java.lang.Throwable)' of interface org.eclipse.jetty.util.component.LifeCycle$Listener.
		at org.eclipse.jetty.util.component.AbstractLifeCycle.setFailed(AbstractLifeCycle.java:238)
		at org.eclipse.jetty.util.component.AbstractLifeCycle.stop(AbstractLifeCycle.java:99)
		at org.eclipse.jetty.util.component.ContainerLifeCycle.stop(ContainerLifeCycle.java:180)
		at org.eclipse.jetty.util.component.ContainerLifeCycle.doStop(ContainerLifeCycle.java:201)
		at org.eclipse.jetty.server.handler.AbstractHandler.doStop(AbstractHandler.java:108)
		at com.codahale.metrics.jetty9.InstrumentedHandler.doStop(InstrumentedHandler.java:285)
		at org.eclipse.jetty.util.component.AbstractLifeCycle.stop(AbstractLifeCycle.java:94)
		at org.eclipse.jetty.util.component.ContainerLifeCycle.stop(ContainerLifeCycle.java:180)
		at org.eclipse.jetty.util.component.ContainerLifeCycle.doStop(ContainerLifeCycle.java:201)
		at org.eclipse.jetty.server.handler.AbstractHandler.doStop(AbstractHandler.java:108)
		at org.eclipse.jetty.util.component.AbstractLifeCycle.stop(AbstractLifeCycle.java:94)
		at org.eclipse.jetty.util.component.ContainerLifeCycle.stop(ContainerLifeCycle.java:180)
		at org.eclipse.jetty.util.component.ContainerLifeCycle.doStop(ContainerLifeCycle.java:201)
		at org.eclipse.jetty.server.handler.AbstractHandler.doStop(AbstractHandler.java:108)
		at org.eclipse.jetty.util.component.AbstractLifeCycle.stop(AbstractLifeCycle.java:94)
		at org.eclipse.jetty.util.component.ContainerLifeCycle.stop(ContainerLifeCycle.java:180)
		at org.eclipse.jetty.util.component.ContainerLifeCycle.doStop(ContainerLifeCycle.java:201)
		at org.eclipse.jetty.server.handler.AbstractHandler.doStop(AbstractHandler.java:108)
		at org.eclipse.jetty.util.component.AbstractLifeCycle.stop(AbstractLifeCycle.java:94)
		at org.eclipse.jetty.util.component.ContainerLifeCycle.stop(ContainerLifeCycle.java:180)
		at org.eclipse.jetty.util.component.ContainerLifeCycle.doStop(ContainerLifeCycle.java:201)
		at org.eclipse.jetty.server.handler.AbstractHandler.doStop(AbstractHandler.java:108)
		at org.eclipse.jetty.server.handler.StatisticsHandler.doStop(StatisticsHandler.java:272)
		at org.eclipse.jetty.util.component.AbstractLifeCycle.stop(AbstractLifeCycle.java:94)
		at org.eclipse.jetty.util.component.ContainerLifeCycle.stop(ContainerLifeCycle.java:180)
		at org.eclipse.jetty.util.component.ContainerLifeCycle.doStop(ContainerLifeCycle.java:201)
		at org.eclipse.jetty.server.handler.AbstractHandler.doStop(AbstractHandler.java:108)
		at org.eclipse.jetty.server.Server.doStop(Server.java:470)
		... 33 more
Caused by: [CIRCULAR REFERENCE: java.lang.AbstractMethodError: Receiver class org.eclipse.jetty.server.AllowedResourceAliasChecker$AllowedResourceAliasCheckListener does not define or inherit an implementation of the resolved method 'abstract void lifeCycleFailure(org.eclipse.jetty.util.component.LifeCycle, java.lang.Throwable)' of interface org.eclipse.jetty.util.component.LifeCycle$Listener.]

noPac4jInConfig(org.pac4j.dropwizard.bundle.BundleFactoryTest)  Time elapsed: 0.149 sec  <<< ERROR!
java.lang.RuntimeException: MultiException[java.lang.AbstractMethodError: Receiver class org.eclipse.jetty.server.AllowedResourceAliasChecker$AllowedResourceAliasCheckListener does not define or inherit an implementation of the resolved method 'abstract void lifeCycleFailure(org.eclipse.jetty.util.component.LifeCycle, java.lang.Throwable)' of interface org.eclipse.jetty.util.component.LifeCycle$Listener., java.lang.AbstractMethodError: Receiver class org.eclipse.jetty.server.AllowedResourceAliasChecker$AllowedResourceAliasCheckListener does not define or inherit an implementation of the resolved method 'abstract void lifeCycleFailure(org.eclipse.jetty.util.component.LifeCycle, java.lang.Throwable)' of interface org.eclipse.jetty.util.component.LifeCycle$Listener.]
	at io.dropwizard.testing.DropwizardTestSupport.stopIfRequired(DropwizardTestSupport.java:257)
	at io.dropwizard.testing.DropwizardTestSupport.after(DropwizardTestSupport.java:237)
	at org.pac4j.dropwizard.AbstractApplicationTest.tearDown(AbstractApplicationTest.java:36)
	at java.base/jdk.internal.reflect.NativeMethodAccessorImpl.invoke0(Native Method)
	at java.base/jdk.internal.reflect.NativeMethodAccessorImpl.invoke(NativeMethodAccessorImpl.java:62)
	at java.base/jdk.internal.reflect.DelegatingMethodAccessorImpl.invoke(DelegatingMethodAccessorImpl.java:43)
	at java.base/java.lang.reflect.Method.invoke(Method.java:566)
	at org.junit.runners.model.FrameworkMethod$1.runReflectiveCall(FrameworkMethod.java:50)
	at org.junit.internal.runners.model.ReflectiveCallable.run(ReflectiveCallable.java:12)
	at org.junit.runners.model.FrameworkMethod.invokeExplosively(FrameworkMethod.java:47)
	at org.junit.internal.runners.statements.RunAfters.evaluate(RunAfters.java:33)
	at org.junit.runners.ParentRunner.runLeaf(ParentRunner.java:325)
	at org.junit.runners.BlockJUnit4ClassRunner.runChild(BlockJUnit4ClassRunner.java:78)
	at org.junit.runners.BlockJUnit4ClassRunner.runChild(BlockJUnit4ClassRunner.java:57)
	at org.junit.runners.ParentRunner$3.run(ParentRunner.java:290)
	at org.junit.runners.ParentRunner$1.schedule(ParentRunner.java:71)
	at org.junit.runners.ParentRunner.runChildren(ParentRunner.java:288)
	at org.junit.runners.ParentRunner.access$000(ParentRunner.java:58)
	at org.junit.runners.ParentRunner$2.evaluate(ParentRunner.java:268)
	at org.junit.runners.ParentRunner.run(ParentRunner.java:363)
	at org.apache.maven.surefire.junit4.JUnit4Provider.execute(JUnit4Provider.java:252)
	at org.apache.maven.surefire.junit4.JUnit4Provider.executeTestSet(JUnit4Provider.java:141)
	at org.apache.maven.surefire.junit4.JUnit4Provider.invoke(JUnit4Provider.java:112)
	at java.base/jdk.internal.reflect.NativeMethodAccessorImpl.invoke0(Native Method)
	at java.base/jdk.internal.reflect.NativeMethodAccessorImpl.invoke(NativeMethodAccessorImpl.java:62)
	at java.base/jdk.internal.reflect.DelegatingMethodAccessorImpl.invoke(DelegatingMethodAccessorImpl.java:43)
	at java.base/java.lang.reflect.Method.invoke(Method.java:566)
	at org.apache.maven.surefire.util.ReflectionUtils.invokeMethodWithArray(ReflectionUtils.java:189)
	at org.apache.maven.surefire.booter.ProviderFactory$ProviderProxy.invoke(ProviderFactory.java:165)
	at org.apache.maven.surefire.booter.ProviderFactory.invokeProvider(ProviderFactory.java:85)
	at org.apache.maven.surefire.booter.ForkedBooter.runSuitesInProcess(ForkedBooter.java:115)
	at org.apache.maven.surefire.booter.ForkedBooter.main(ForkedBooter.java:75)
Caused by: MultiException[java.lang.AbstractMethodError: Receiver class org.eclipse.jetty.server.AllowedResourceAliasChecker$AllowedResourceAliasCheckListener does not define or inherit an implementation of the resolved method 'abstract void lifeCycleFailure(org.eclipse.jetty.util.component.LifeCycle, java.lang.Throwable)' of interface org.eclipse.jetty.util.component.LifeCycle$Listener., java.lang.AbstractMethodError: Receiver class org.eclipse.jetty.server.AllowedResourceAliasChecker$AllowedResourceAliasCheckListener does not define or inherit an implementation of the resolved method 'abstract void lifeCycleFailure(org.eclipse.jetty.util.component.LifeCycle, java.lang.Throwable)' of interface org.eclipse.jetty.util.component.LifeCycle$Listener.]
	at org.eclipse.jetty.util.MultiException.ifExceptionThrow(MultiException.java:122)
	at org.eclipse.jetty.server.Server.doStop(Server.java:484)
	at org.eclipse.jetty.util.component.AbstractLifeCycle.stop(AbstractLifeCycle.java:94)
	at io.dropwizard.testing.DropwizardTestSupport.stopIfRequired(DropwizardTestSupport.java:252)
	... 31 more
	Suppressed: java.lang.AbstractMethodError: Receiver class org.eclipse.jetty.server.AllowedResourceAliasChecker$AllowedResourceAliasCheckListener does not define or inherit an implementation of the resolved method 'abstract void lifeCycleFailure(org.eclipse.jetty.util.component.LifeCycle, java.lang.Throwable)' of interface org.eclipse.jetty.util.component.LifeCycle$Listener.
		at org.eclipse.jetty.util.component.AbstractLifeCycle.setFailed(AbstractLifeCycle.java:238)
		at org.eclipse.jetty.util.component.AbstractLifeCycle.stop(AbstractLifeCycle.java:99)
		at org.eclipse.jetty.util.component.ContainerLifeCycle.stop(ContainerLifeCycle.java:180)
		at org.eclipse.jetty.util.component.ContainerLifeCycle.doStop(ContainerLifeCycle.java:201)
		at org.eclipse.jetty.server.handler.AbstractHandler.doStop(AbstractHandler.java:108)
		at org.eclipse.jetty.util.component.AbstractLifeCycle.stop(AbstractLifeCycle.java:94)
		at org.eclipse.jetty.util.component.ContainerLifeCycle.stop(ContainerLifeCycle.java:180)
		at org.eclipse.jetty.util.component.ContainerLifeCycle.doStop(ContainerLifeCycle.java:201)
		at org.eclipse.jetty.server.handler.AbstractHandler.doStop(AbstractHandler.java:108)
		at org.eclipse.jetty.util.component.AbstractLifeCycle.stop(AbstractLifeCycle.java:94)
		at org.eclipse.jetty.util.component.ContainerLifeCycle.stop(ContainerLifeCycle.java:180)
		at org.eclipse.jetty.util.component.ContainerLifeCycle.doStop(ContainerLifeCycle.java:201)
		at org.eclipse.jetty.server.handler.AbstractHandler.doStop(AbstractHandler.java:108)
		at org.eclipse.jetty.util.component.AbstractLifeCycle.stop(AbstractLifeCycle.java:94)
		at org.eclipse.jetty.util.component.ContainerLifeCycle.stop(ContainerLifeCycle.java:180)
		at org.eclipse.jetty.util.component.ContainerLifeCycle.doStop(ContainerLifeCycle.java:201)
		at org.eclipse.jetty.server.handler.AbstractHandler.doStop(AbstractHandler.java:108)
		at org.eclipse.jetty.server.handler.StatisticsHandler.doStop(StatisticsHandler.java:272)
		at org.eclipse.jetty.util.component.AbstractLifeCycle.stop(AbstractLifeCycle.java:94)
		at org.eclipse.jetty.util.component.ContainerLifeCycle.stop(ContainerLifeCycle.java:180)
		at org.eclipse.jetty.util.component.ContainerLifeCycle.doStop(ContainerLifeCycle.java:201)
		at org.eclipse.jetty.server.handler.AbstractHandler.doStop(AbstractHandler.java:108)
		at org.eclipse.jetty.server.Server.doStop(Server.java:470)
		... 33 more
	Suppressed: java.lang.AbstractMethodError: Receiver class org.eclipse.jetty.server.AllowedResourceAliasChecker$AllowedResourceAliasCheckListener does not define or inherit an implementation of the resolved method 'abstract void lifeCycleFailure(org.eclipse.jetty.util.component.LifeCycle, java.lang.Throwable)' of interface org.eclipse.jetty.util.component.LifeCycle$Listener.
		at org.eclipse.jetty.util.component.AbstractLifeCycle.setFailed(AbstractLifeCycle.java:238)
		at org.eclipse.jetty.util.component.AbstractLifeCycle.stop(AbstractLifeCycle.java:99)
		at org.eclipse.jetty.util.component.ContainerLifeCycle.stop(ContainerLifeCycle.java:180)
		at org.eclipse.jetty.util.component.ContainerLifeCycle.doStop(ContainerLifeCycle.java:201)
		at org.eclipse.jetty.server.handler.AbstractHandler.doStop(AbstractHandler.java:108)
		at com.codahale.metrics.jetty9.InstrumentedHandler.doStop(InstrumentedHandler.java:285)
		at org.eclipse.jetty.util.component.AbstractLifeCycle.stop(AbstractLifeCycle.java:94)
		at org.eclipse.jetty.util.component.ContainerLifeCycle.stop(ContainerLifeCycle.java:180)
		at org.eclipse.jetty.util.component.ContainerLifeCycle.doStop(ContainerLifeCycle.java:201)
		at org.eclipse.jetty.server.handler.AbstractHandler.doStop(AbstractHandler.java:108)
		at org.eclipse.jetty.util.component.AbstractLifeCycle.stop(AbstractLifeCycle.java:94)
		at org.eclipse.jetty.util.component.ContainerLifeCycle.stop(ContainerLifeCycle.java:180)
		at org.eclipse.jetty.util.component.ContainerLifeCycle.doStop(ContainerLifeCycle.java:201)
		at org.eclipse.jetty.server.handler.AbstractHandler.doStop(AbstractHandler.java:108)
		at org.eclipse.jetty.util.component.AbstractLifeCycle.stop(AbstractLifeCycle.java:94)
		at org.eclipse.jetty.util.component.ContainerLifeCycle.stop(ContainerLifeCycle.java:180)
		at org.eclipse.jetty.util.component.ContainerLifeCycle.doStop(ContainerLifeCycle.java:201)
		at org.eclipse.jetty.server.handler.AbstractHandler.doStop(AbstractHandler.java:108)
		at org.eclipse.jetty.util.component.AbstractLifeCycle.stop(AbstractLifeCycle.java:94)
		at org.eclipse.jetty.util.component.ContainerLifeCycle.stop(ContainerLifeCycle.java:180)
		at org.eclipse.jetty.util.component.ContainerLifeCycle.doStop(ContainerLifeCycle.java:201)
		at org.eclipse.jetty.server.handler.AbstractHandler.doStop(AbstractHandler.java:108)
		at org.eclipse.jetty.server.handler.StatisticsHandler.doStop(StatisticsHandler.java:272)
		at org.eclipse.jetty.util.component.AbstractLifeCycle.stop(AbstractLifeCycle.java:94)
		at org.eclipse.jetty.util.component.ContainerLifeCycle.stop(ContainerLifeCycle.java:180)
		at org.eclipse.jetty.util.component.ContainerLifeCycle.doStop(ContainerLifeCycle.java:201)
		at org.eclipse.jetty.server.handler.AbstractHandler.doStop(AbstractHandler.java:108)
		at org.eclipse.jetty.server.Server.doStop(Server.java:470)
		... 33 more
Caused by: [CIRCULAR REFERENCE: java.lang.AbstractMethodError: Receiver class org.eclipse.jetty.server.AllowedResourceAliasChecker$AllowedResourceAliasCheckListener does not define or inherit an implementation of the resolved method 'abstract void lifeCycleFailure(org.eclipse.jetty.util.component.LifeCycle, java.lang.Throwable)' of interface org.eclipse.jetty.util.component.LifeCycle$Listener.]

sessionEnabledForced(org.pac4j.dropwizard.bundle.BundleFactoryTest)  Time elapsed: 0.138 sec  <<< ERROR!
java.lang.RuntimeException: MultiException[java.lang.AbstractMethodError: Receiver class org.eclipse.jetty.server.AllowedResourceAliasChecker$AllowedResourceAliasCheckListener does not define or inherit an implementation of the resolved method 'abstract void lifeCycleFailure(org.eclipse.jetty.util.component.LifeCycle, java.lang.Throwable)' of interface org.eclipse.jetty.util.component.LifeCycle$Listener., java.lang.AbstractMethodError: Receiver class org.eclipse.jetty.server.AllowedResourceAliasChecker$AllowedResourceAliasCheckListener does not define or inherit an implementation of the resolved method 'abstract void lifeCycleFailure(org.eclipse.jetty.util.component.LifeCycle, java.lang.Throwable)' of interface org.eclipse.jetty.util.component.LifeCycle$Listener.]
	at io.dropwizard.testing.DropwizardTestSupport.stopIfRequired(DropwizardTestSupport.java:257)
	at io.dropwizard.testing.DropwizardTestSupport.after(DropwizardTestSupport.java:237)
	at org.pac4j.dropwizard.AbstractApplicationTest.tearDown(AbstractApplicationTest.java:36)
	at java.base/jdk.internal.reflect.NativeMethodAccessorImpl.invoke0(Native Method)
	at java.base/jdk.internal.reflect.NativeMethodAccessorImpl.invoke(NativeMethodAccessorImpl.java:62)
	at java.base/jdk.internal.reflect.DelegatingMethodAccessorImpl.invoke(DelegatingMethodAccessorImpl.java:43)
	at java.base/java.lang.reflect.Method.invoke(Method.java:566)
	at org.junit.runners.model.FrameworkMethod$1.runReflectiveCall(FrameworkMethod.java:50)
	at org.junit.internal.runners.model.ReflectiveCallable.run(ReflectiveCallable.java:12)
	at org.junit.runners.model.FrameworkMethod.invokeExplosively(FrameworkMethod.java:47)
	at org.junit.internal.runners.statements.RunAfters.evaluate(RunAfters.java:33)
	at org.junit.runners.ParentRunner.runLeaf(ParentRunner.java:325)
	at org.junit.runners.BlockJUnit4ClassRunner.runChild(BlockJUnit4ClassRunner.java:78)
	at org.junit.runners.BlockJUnit4ClassRunner.runChild(BlockJUnit4ClassRunner.java:57)
	at org.junit.runners.ParentRunner$3.run(ParentRunner.java:290)
	at org.junit.runners.ParentRunner$1.schedule(ParentRunner.java:71)
	at org.junit.runners.ParentRunner.runChildren(ParentRunner.java:288)
	at org.junit.runners.ParentRunner.access$000(ParentRunner.java:58)
	at org.junit.runners.ParentRunner$2.evaluate(ParentRunner.java:268)
	at org.junit.runners.ParentRunner.run(ParentRunner.java:363)
	at org.apache.maven.surefire.junit4.JUnit4Provider.execute(JUnit4Provider.java:252)
	at org.apache.maven.surefire.junit4.JUnit4Provider.executeTestSet(JUnit4Provider.java:141)
	at org.apache.maven.surefire.junit4.JUnit4Provider.invoke(JUnit4Provider.java:112)
	at java.base/jdk.internal.reflect.NativeMethodAccessorImpl.invoke0(Native Method)
	at java.base/jdk.internal.reflect.NativeMethodAccessorImpl.invoke(NativeMethodAccessorImpl.java:62)
	at java.base/jdk.internal.reflect.DelegatingMethodAccessorImpl.invoke(DelegatingMethodAccessorImpl.java:43)
	at java.base/java.lang.reflect.Method.invoke(Method.java:566)
	at org.apache.maven.surefire.util.ReflectionUtils.invokeMethodWithArray(ReflectionUtils.java:189)
	at org.apache.maven.surefire.booter.ProviderFactory$ProviderProxy.invoke(ProviderFactory.java:165)
	at org.apache.maven.surefire.booter.ProviderFactory.invokeProvider(ProviderFactory.java:85)
	at org.apache.maven.surefire.booter.ForkedBooter.runSuitesInProcess(ForkedBooter.java:115)
	at org.apache.maven.surefire.booter.ForkedBooter.main(ForkedBooter.java:75)
Caused by: MultiException[java.lang.AbstractMethodError: Receiver class org.eclipse.jetty.server.AllowedResourceAliasChecker$AllowedResourceAliasCheckListener does not define or inherit an implementation of the resolved method 'abstract void lifeCycleFailure(org.eclipse.jetty.util.component.LifeCycle, java.lang.Throwable)' of interface org.eclipse.jetty.util.component.LifeCycle$Listener., java.lang.AbstractMethodError: Receiver class org.eclipse.jetty.server.AllowedResourceAliasChecker$AllowedResourceAliasCheckListener does not define or inherit an implementation of the resolved method 'abstract void lifeCycleFailure(org.eclipse.jetty.util.component.LifeCycle, java.lang.Throwable)' of interface org.eclipse.jetty.util.component.LifeCycle$Listener.]
	at org.eclipse.jetty.util.MultiException.ifExceptionThrow(MultiException.java:122)
	at org.eclipse.jetty.server.Server.doStop(Server.java:484)
	at org.eclipse.jetty.util.component.AbstractLifeCycle.stop(AbstractLifeCycle.java:94)
	at io.dropwizard.testing.DropwizardTestSupport.stopIfRequired(DropwizardTestSupport.java:252)
	... 31 more
	Suppressed: java.lang.AbstractMethodError: Receiver class org.eclipse.jetty.server.AllowedResourceAliasChecker$AllowedResourceAliasCheckListener does not define or inherit an implementation of the resolved method 'abstract void lifeCycleFailure(org.eclipse.jetty.util.component.LifeCycle, java.lang.Throwable)' of interface org.eclipse.jetty.util.component.LifeCycle$Listener.
		at org.eclipse.jetty.util.component.AbstractLifeCycle.setFailed(AbstractLifeCycle.java:238)
		at org.eclipse.jetty.util.component.AbstractLifeCycle.stop(AbstractLifeCycle.java:99)
		at org.eclipse.jetty.util.component.ContainerLifeCycle.stop(ContainerLifeCycle.java:180)
		at org.eclipse.jetty.util.component.ContainerLifeCycle.doStop(ContainerLifeCycle.java:201)
		at org.eclipse.jetty.server.handler.AbstractHandler.doStop(AbstractHandler.java:108)
		at org.eclipse.jetty.util.component.AbstractLifeCycle.stop(AbstractLifeCycle.java:94)
		at org.eclipse.jetty.util.component.ContainerLifeCycle.stop(ContainerLifeCycle.java:180)
		at org.eclipse.jetty.util.component.ContainerLifeCycle.doStop(ContainerLifeCycle.java:201)
		at org.eclipse.jetty.server.handler.AbstractHandler.doStop(AbstractHandler.java:108)
		at org.eclipse.jetty.util.component.AbstractLifeCycle.stop(AbstractLifeCycle.java:94)
		at org.eclipse.jetty.util.component.ContainerLifeCycle.stop(ContainerLifeCycle.java:180)
		at org.eclipse.jetty.util.component.ContainerLifeCycle.doStop(ContainerLifeCycle.java:201)
		at org.eclipse.jetty.server.handler.AbstractHandler.doStop(AbstractHandler.java:108)
		at org.eclipse.jetty.util.component.AbstractLifeCycle.stop(AbstractLifeCycle.java:94)
		at org.eclipse.jetty.util.component.ContainerLifeCycle.stop(ContainerLifeCycle.java:180)
		at org.eclipse.jetty.util.component.ContainerLifeCycle.doStop(ContainerLifeCycle.java:201)
		at org.eclipse.jetty.server.handler.AbstractHandler.doStop(AbstractHandler.java:108)
		at org.eclipse.jetty.server.handler.StatisticsHandler.doStop(StatisticsHandler.java:272)
		at org.eclipse.jetty.util.component.AbstractLifeCycle.stop(AbstractLifeCycle.java:94)
		at org.eclipse.jetty.util.component.ContainerLifeCycle.stop(ContainerLifeCycle.java:180)
		at org.eclipse.jetty.util.component.ContainerLifeCycle.doStop(ContainerLifeCycle.java:201)
		at org.eclipse.jetty.server.handler.AbstractHandler.doStop(AbstractHandler.java:108)
		at org.eclipse.jetty.server.Server.doStop(Server.java:470)
		... 33 more
	Suppressed: java.lang.AbstractMethodError: Receiver class org.eclipse.jetty.server.AllowedResourceAliasChecker$AllowedResourceAliasCheckListener does not define or inherit an implementation of the resolved method 'abstract void lifeCycleFailure(org.eclipse.jetty.util.component.LifeCycle, java.lang.Throwable)' of interface org.eclipse.jetty.util.component.LifeCycle$Listener.
		at org.eclipse.jetty.util.component.AbstractLifeCycle.setFailed(AbstractLifeCycle.java:238)
		at org.eclipse.jetty.util.component.AbstractLifeCycle.stop(AbstractLifeCycle.java:99)
		at org.eclipse.jetty.util.component.ContainerLifeCycle.stop(ContainerLifeCycle.java:180)
		at org.eclipse.jetty.util.component.ContainerLifeCycle.doStop(ContainerLifeCycle.java:201)
		at org.eclipse.jetty.server.handler.AbstractHandler.doStop(AbstractHandler.java:108)
		at com.codahale.metrics.jetty9.InstrumentedHandler.doStop(InstrumentedHandler.java:285)
		at org.eclipse.jetty.util.component.AbstractLifeCycle.stop(AbstractLifeCycle.java:94)
		at org.eclipse.jetty.util.component.ContainerLifeCycle.stop(ContainerLifeCycle.java:180)
		at org.eclipse.jetty.util.component.ContainerLifeCycle.doStop(ContainerLifeCycle.java:201)
		at org.eclipse.jetty.server.handler.AbstractHandler.doStop(AbstractHandler.java:108)
		at org.eclipse.jetty.util.component.AbstractLifeCycle.stop(AbstractLifeCycle.java:94)
		at org.eclipse.jetty.util.component.ContainerLifeCycle.stop(ContainerLifeCycle.java:180)
		at org.eclipse.jetty.util.component.ContainerLifeCycle.doStop(ContainerLifeCycle.java:201)
		at org.eclipse.jetty.server.handler.AbstractHandler.doStop(AbstractHandler.java:108)
		at org.eclipse.jetty.util.component.AbstractLifeCycle.stop(AbstractLifeCycle.java:94)
		at org.eclipse.jetty.util.component.ContainerLifeCycle.stop(ContainerLifeCycle.java:180)
		at org.eclipse.jetty.util.component.ContainerLifeCycle.doStop(ContainerLifeCycle.java:201)
		at org.eclipse.jetty.server.handler.AbstractHandler.doStop(AbstractHandler.java:108)
		at org.eclipse.jetty.util.component.AbstractLifeCycle.stop(AbstractLifeCycle.java:94)
		at org.eclipse.jetty.util.component.ContainerLifeCycle.stop(ContainerLifeCycle.java:180)
		at org.eclipse.jetty.util.component.ContainerLifeCycle.doStop(ContainerLifeCycle.java:201)
		at org.eclipse.jetty.server.handler.AbstractHandler.doStop(AbstractHandler.java:108)
		at org.eclipse.jetty.server.handler.StatisticsHandler.doStop(StatisticsHandler.java:272)
		at org.eclipse.jetty.util.component.AbstractLifeCycle.stop(AbstractLifeCycle.java:94)
		at org.eclipse.jetty.util.component.ContainerLifeCycle.stop(ContainerLifeCycle.java:180)
		at org.eclipse.jetty.util.component.ContainerLifeCycle.doStop(ContainerLifeCycle.java:201)
		at org.eclipse.jetty.server.handler.AbstractHandler.doStop(AbstractHandler.java:108)
		at org.eclipse.jetty.server.Server.doStop(Server.java:470)
		... 33 more
Caused by: [CIRCULAR REFERENCE: java.lang.AbstractMethodError: Receiver class org.eclipse.jetty.server.AllowedResourceAliasChecker$AllowedResourceAliasCheckListener does not define or inherit an implementation of the resolved method 'abstract void lifeCycleFailure(org.eclipse.jetty.util.component.LifeCycle, java.lang.Throwable)' of interface org.eclipse.jetty.util.component.LifeCycle$Listener.]

Running org.pac4j.dropwizard.e2e.EndToEndTest
INFO  [2023-02-11 23:23:12,493] io.dropwizard.server.DefaultServerFactory: Registering jersey handler with root path prefix: /
INFO  [2023-02-11 23:23:12,493] io.dropwizard.server.DefaultServerFactory: Registering admin handler with root path prefix: /
INFO  [2023-02-11 23:23:12,527] io.dropwizard.server.ServerFactory: Starting App
INFO  [2023-02-11 23:23:12,529] org.eclipse.jetty.setuid.SetUIDListener: Opened application@18dcb8a7{HTTP/1.1, (http/1.1)}{0.0.0.0:42201}
INFO  [2023-02-11 23:23:12,529] org.eclipse.jetty.setuid.SetUIDListener: Opened admin@6dcab9d9{HTTP/1.1, (http/1.1)}{0.0.0.0:44969}
INFO  [2023-02-11 23:23:12,529] org.eclipse.jetty.server.Server: jetty-9.4.35.v20201120; built: 2020-11-20T21:17:03.964Z; git: bdc54f03a5e0a7e280fab27f55c3c75ee8da89fb; jvm 11.0.17+8-post-Ubuntu-1ubuntu218.04
INFO  [2023-02-11 23:23:12,530] org.eclipse.jetty.server.session: DefaultSessionIdManager workerName=node0
INFO  [2023-02-11 23:23:12,530] org.eclipse.jetty.server.session: No SessionScavenger set, using defaults
INFO  [2023-02-11 23:23:12,530] org.eclipse.jetty.server.session: node0 Scavenging every 660000ms
INFO  [2023-02-11 23:23:12,618] io.dropwizard.jersey.DropwizardResourceConfig: The following paths were found for the configured resources:

    GET     /dogs/{name} (org.pac4j.dropwizard.e2e.DogsResource)
    POST    /dogs/{name} (org.pac4j.dropwizard.e2e.DogsResource)

INFO  [2023-02-11 23:23:12,618] org.eclipse.jetty.server.handler.ContextHandler: Started i.d.j.MutableServletContextHandler@509a6095{/,null,AVAILABLE}
INFO  [2023-02-11 23:23:12,619] io.dropwizard.setup.AdminEnvironment: tasks = 

    POST    /tasks/log-level (io.dropwizard.servlets.tasks.LogConfigurationTask)
    POST    /tasks/gc (io.dropwizard.servlets.tasks.GarbageCollectionTask)

WARN  [2023-02-11 23:23:12,619] io.dropwizard.setup.AdminEnvironment: 
!!!!!!!!!!!!!!!!!!!!!!!!!!!!!!!!!!!!!!!!!!!!!!!!!!!!!!!!!!!!!!!!!!!!!!!!!!!!!!!!
!!!!!!!!!!!!!!!!!!!!!!!!!!!!!!!!!!!!!!!!!!!!!!!!!!!!!!!!!!!!!!!!!!!!!!!!!!!!!!!!
!    THIS APPLICATION HAS NO HEALTHCHECKS. THIS MEANS YOU WILL NEVER KNOW      !
!     IF IT DIES IN PRODUCTION, WHICH MEANS YOU WILL NEVER KNOW IF YOU'RE      !
!    LETTING YOUR USERS DOWN. YOU SHOULD ADD A HEALTHCHECK FOR EACH OF YOUR    !
!         APPLICATION'S DEPENDENCIES WHICH FULLY (BUT LIGHTLY) TESTS IT.       !
!!!!!!!!!!!!!!!!!!!!!!!!!!!!!!!!!!!!!!!!!!!!!!!!!!!!!!!!!!!!!!!!!!!!!!!!!!!!!!!!
!!!!!!!!!!!!!!!!!!!!!!!!!!!!!!!!!!!!!!!!!!!!!!!!!!!!!!!!!!!!!!!!!!!!!!!!!!!!!!!!
INFO  [2023-02-11 23:23:12,619] org.eclipse.jetty.server.handler.ContextHandler: Started i.d.j.MutableServletContextHandler@75bd28d{/,null,AVAILABLE}
INFO  [2023-02-11 23:23:12,667] org.eclipse.jetty.server.AbstractConnector: Started application@18dcb8a7{HTTP/1.1, (http/1.1)}{0.0.0.0:42201}
INFO  [2023-02-11 23:23:12,672] org.eclipse.jetty.server.AbstractConnector: Started admin@6dcab9d9{HTTP/1.1, (http/1.1)}{0.0.0.0:44969}
INFO  [2023-02-11 23:23:12,672] org.eclipse.jetty.server.Server: Started @2711ms
INFO  [2023-02-11 23:23:12,841] org.eclipse.jetty.server.AbstractConnector: Stopped application@18dcb8a7{HTTP/1.1, (http/1.1)}{0.0.0.0:0}
INFO  [2023-02-11 23:23:12,842] org.eclipse.jetty.server.AbstractConnector: Stopped admin@6dcab9d9{HTTP/1.1, (http/1.1)}{0.0.0.0:0}
INFO  [2023-02-11 23:23:12,842] org.eclipse.jetty.server.session: node0 Stopped scavenging
INFO  [2023-02-11 23:23:12,907] io.dropwizard.server.DefaultServerFactory: Registering jersey handler with root path prefix: /
INFO  [2023-02-11 23:23:12,908] io.dropwizard.server.DefaultServerFactory: Registering admin handler with root path prefix: /
INFO  [2023-02-11 23:23:12,908] io.dropwizard.server.ServerFactory: Starting App
INFO  [2023-02-11 23:23:12,910] org.eclipse.jetty.setuid.SetUIDListener: Opened application@3a209918{HTTP/1.1, (http/1.1)}{0.0.0.0:44979}
INFO  [2023-02-11 23:23:12,910] org.eclipse.jetty.setuid.SetUIDListener: Opened admin@2cae5fa7{HTTP/1.1, (http/1.1)}{0.0.0.0:36967}
INFO  [2023-02-11 23:23:12,910] org.eclipse.jetty.server.Server: jetty-9.4.35.v20201120; built: 2020-11-20T21:17:03.964Z; git: bdc54f03a5e0a7e280fab27f55c3c75ee8da89fb; jvm 11.0.17+8-post-Ubuntu-1ubuntu218.04
INFO  [2023-02-11 23:23:12,911] org.eclipse.jetty.server.session: DefaultSessionIdManager workerName=node0
INFO  [2023-02-11 23:23:12,911] org.eclipse.jetty.server.session: No SessionScavenger set, using defaults
INFO  [2023-02-11 23:23:12,911] org.eclipse.jetty.server.session: node0 Scavenging every 600000ms
INFO  [2023-02-11 23:23:12,952] io.dropwizard.jersey.DropwizardResourceConfig: The following paths were found for the configured resources:

    GET     /dogs/{name} (org.pac4j.dropwizard.e2e.DogsResource)
    POST    /dogs/{name} (org.pac4j.dropwizard.e2e.DogsResource)

INFO  [2023-02-11 23:23:12,952] org.eclipse.jetty.server.handler.ContextHandler: Started i.d.j.MutableServletContextHandler@a323a5b{/,null,AVAILABLE}
INFO  [2023-02-11 23:23:12,952] io.dropwizard.setup.AdminEnvironment: tasks = 

    POST    /tasks/log-level (io.dropwizard.servlets.tasks.LogConfigurationTask)
    POST    /tasks/gc (io.dropwizard.servlets.tasks.GarbageCollectionTask)

WARN  [2023-02-11 23:23:12,952] io.dropwizard.setup.AdminEnvironment: 
!!!!!!!!!!!!!!!!!!!!!!!!!!!!!!!!!!!!!!!!!!!!!!!!!!!!!!!!!!!!!!!!!!!!!!!!!!!!!!!!
!!!!!!!!!!!!!!!!!!!!!!!!!!!!!!!!!!!!!!!!!!!!!!!!!!!!!!!!!!!!!!!!!!!!!!!!!!!!!!!!
!    THIS APPLICATION HAS NO HEALTHCHECKS. THIS MEANS YOU WILL NEVER KNOW      !
!     IF IT DIES IN PRODUCTION, WHICH MEANS YOU WILL NEVER KNOW IF YOU'RE      !
!    LETTING YOUR USERS DOWN. YOU SHOULD ADD A HEALTHCHECK FOR EACH OF YOUR    !
!         APPLICATION'S DEPENDENCIES WHICH FULLY (BUT LIGHTLY) TESTS IT.       !
!!!!!!!!!!!!!!!!!!!!!!!!!!!!!!!!!!!!!!!!!!!!!!!!!!!!!!!!!!!!!!!!!!!!!!!!!!!!!!!!
!!!!!!!!!!!!!!!!!!!!!!!!!!!!!!!!!!!!!!!!!!!!!!!!!!!!!!!!!!!!!!!!!!!!!!!!!!!!!!!!
INFO  [2023-02-11 23:23:12,953] org.eclipse.jetty.server.handler.ContextHandler: Started i.d.j.MutableServletContextHandler@ad0bb4e{/,null,AVAILABLE}
INFO  [2023-02-11 23:23:12,956] org.eclipse.jetty.server.AbstractConnector: Started application@3a209918{HTTP/1.1, (http/1.1)}{0.0.0.0:44979}
INFO  [2023-02-11 23:23:12,958] org.eclipse.jetty.server.AbstractConnector: Started admin@2cae5fa7{HTTP/1.1, (http/1.1)}{0.0.0.0:36967}
INFO  [2023-02-11 23:23:12,958] org.eclipse.jetty.server.Server: Started @2997ms
INFO  [2023-02-11 23:23:12,995] org.eclipse.jetty.server.AbstractConnector: Stopped application@3a209918{HTTP/1.1, (http/1.1)}{0.0.0.0:0}
INFO  [2023-02-11 23:23:12,996] org.eclipse.jetty.server.AbstractConnector: Stopped admin@2cae5fa7{HTTP/1.1, (http/1.1)}{0.0.0.0:0}
INFO  [2023-02-11 23:23:12,996] org.eclipse.jetty.server.session: node0 Stopped scavenging
INFO  [2023-02-11 23:23:13,055] io.dropwizard.server.DefaultServerFactory: Registering jersey handler with root path prefix: /
INFO  [2023-02-11 23:23:13,055] io.dropwizard.server.DefaultServerFactory: Registering admin handler with root path prefix: /
INFO  [2023-02-11 23:23:13,056] io.dropwizard.server.ServerFactory: Starting App
INFO  [2023-02-11 23:23:13,058] org.eclipse.jetty.setuid.SetUIDListener: Opened application@376af784{HTTP/1.1, (http/1.1)}{0.0.0.0:36513}
INFO  [2023-02-11 23:23:13,058] org.eclipse.jetty.setuid.SetUIDListener: Opened admin@a9a8ec3{HTTP/1.1, (http/1.1)}{0.0.0.0:36173}
INFO  [2023-02-11 23:23:13,058] org.eclipse.jetty.server.Server: jetty-9.4.35.v20201120; built: 2020-11-20T21:17:03.964Z; git: bdc54f03a5e0a7e280fab27f55c3c75ee8da89fb; jvm 11.0.17+8-post-Ubuntu-1ubuntu218.04
INFO  [2023-02-11 23:23:13,058] org.eclipse.jetty.server.session: DefaultSessionIdManager workerName=node0
INFO  [2023-02-11 23:23:13,058] org.eclipse.jetty.server.session: No SessionScavenger set, using defaults
INFO  [2023-02-11 23:23:13,059] org.eclipse.jetty.server.session: node0 Scavenging every 660000ms
INFO  [2023-02-11 23:23:13,096] io.dropwizard.jersey.DropwizardResourceConfig: The following paths were found for the configured resources:

    GET     /dogs/{name} (org.pac4j.dropwizard.e2e.DogsResource)
    POST    /dogs/{name} (org.pac4j.dropwizard.e2e.DogsResource)

INFO  [2023-02-11 23:23:13,096] org.eclipse.jetty.server.handler.ContextHandler: Started i.d.j.MutableServletContextHandler@4c5f7b4f{/,null,AVAILABLE}
INFO  [2023-02-11 23:23:13,097] io.dropwizard.setup.AdminEnvironment: tasks = 

    POST    /tasks/log-level (io.dropwizard.servlets.tasks.LogConfigurationTask)
    POST    /tasks/gc (io.dropwizard.servlets.tasks.GarbageCollectionTask)

WARN  [2023-02-11 23:23:13,097] io.dropwizard.setup.AdminEnvironment: 
!!!!!!!!!!!!!!!!!!!!!!!!!!!!!!!!!!!!!!!!!!!!!!!!!!!!!!!!!!!!!!!!!!!!!!!!!!!!!!!!
!!!!!!!!!!!!!!!!!!!!!!!!!!!!!!!!!!!!!!!!!!!!!!!!!!!!!!!!!!!!!!!!!!!!!!!!!!!!!!!!
!    THIS APPLICATION HAS NO HEALTHCHECKS. THIS MEANS YOU WILL NEVER KNOW      !
!     IF IT DIES IN PRODUCTION, WHICH MEANS YOU WILL NEVER KNOW IF YOU'RE      !
!    LETTING YOUR USERS DOWN. YOU SHOULD ADD A HEALTHCHECK FOR EACH OF YOUR    !
!         APPLICATION'S DEPENDENCIES WHICH FULLY (BUT LIGHTLY) TESTS IT.       !
!!!!!!!!!!!!!!!!!!!!!!!!!!!!!!!!!!!!!!!!!!!!!!!!!!!!!!!!!!!!!!!!!!!!!!!!!!!!!!!!
!!!!!!!!!!!!!!!!!!!!!!!!!!!!!!!!!!!!!!!!!!!!!!!!!!!!!!!!!!!!!!!!!!!!!!!!!!!!!!!!
INFO  [2023-02-11 23:23:13,097] org.eclipse.jetty.server.handler.ContextHandler: Started i.d.j.MutableServletContextHandler@44084713{/,null,AVAILABLE}
INFO  [2023-02-11 23:23:13,100] org.eclipse.jetty.server.AbstractConnector: Started application@376af784{HTTP/1.1, (http/1.1)}{0.0.0.0:36513}
INFO  [2023-02-11 23:23:13,104] org.eclipse.jetty.server.AbstractConnector: Started admin@a9a8ec3{HTTP/1.1, (http/1.1)}{0.0.0.0:36173}
INFO  [2023-02-11 23:23:13,104] org.eclipse.jetty.server.Server: Started @3144ms
INFO  [2023-02-11 23:23:13,133] org.eclipse.jetty.server.AbstractConnector: Stopped application@376af784{HTTP/1.1, (http/1.1)}{0.0.0.0:0}
INFO  [2023-02-11 23:23:13,134] org.eclipse.jetty.server.AbstractConnector: Stopped admin@a9a8ec3{HTTP/1.1, (http/1.1)}{0.0.0.0:0}
INFO  [2023-02-11 23:23:13,134] org.eclipse.jetty.server.session: node0 Stopped scavenging
Tests run: 6, Failures: 0, Errors: 6, Skipped: 0, Time elapsed: 0.677 sec <<< FAILURE!
grantsAccessToResources(org.pac4j.dropwizard.e2e.EndToEndTest)  Time elapsed: 0.384 sec  <<< ERROR!
javax.ws.rs.ProcessingException: java.net.SocketException: Unexpected end of file from server
	at org.glassfish.jersey.client.internal.HttpUrlConnector.apply(HttpUrlConnector.java:261)
	at org.glassfish.jersey.client.ClientRuntime.invoke(ClientRuntime.java:297)
	at org.glassfish.jersey.client.JerseyInvocation.lambda$invoke$1(JerseyInvocation.java:632)
	at org.glassfish.jersey.client.JerseyInvocation.call(JerseyInvocation.java:654)
	at org.glassfish.jersey.client.JerseyInvocation.lambda$runInScope$3(JerseyInvocation.java:648)
	at org.glassfish.jersey.internal.Errors.process(Errors.java:292)
	at org.glassfish.jersey.internal.Errors.process(Errors.java:274)
	at org.glassfish.jersey.internal.Errors.process(Errors.java:205)
	at org.glassfish.jersey.process.internal.RequestScope.runInScope(RequestScope.java:390)
	at org.glassfish.jersey.client.JerseyInvocation.runInScope(JerseyInvocation.java:648)
	at org.glassfish.jersey.client.JerseyInvocation.invoke(JerseyInvocation.java:631)
	at org.glassfish.jersey.client.JerseyInvocation$Builder.method(JerseyInvocation.java:406)
	at org.glassfish.jersey.client.JerseyInvocation$Builder.get(JerseyInvocation.java:302)
	at org.pac4j.dropwizard.e2e.EndToEndTest.grantsAccessToResources(EndToEndTest.java:62)
	at java.base/jdk.internal.reflect.NativeMethodAccessorImpl.invoke0(Native Method)
	at java.base/jdk.internal.reflect.NativeMethodAccessorImpl.invoke(NativeMethodAccessorImpl.java:62)
	at java.base/jdk.internal.reflect.DelegatingMethodAccessorImpl.invoke(DelegatingMethodAccessorImpl.java:43)
	at java.base/java.lang.reflect.Method.invoke(Method.java:566)
	at org.junit.runners.model.FrameworkMethod$1.runReflectiveCall(FrameworkMethod.java:50)
	at org.junit.internal.runners.model.ReflectiveCallable.run(ReflectiveCallable.java:12)
	at org.junit.runners.model.FrameworkMethod.invokeExplosively(FrameworkMethod.java:47)
	at org.junit.internal.runners.statements.InvokeMethod.evaluate(InvokeMethod.java:17)
	at org.junit.internal.runners.statements.RunAfters.evaluate(RunAfters.java:27)
	at org.junit.runners.ParentRunner.runLeaf(ParentRunner.java:325)
	at org.junit.runners.BlockJUnit4ClassRunner.runChild(BlockJUnit4ClassRunner.java:78)
	at org.junit.runners.BlockJUnit4ClassRunner.runChild(BlockJUnit4ClassRunner.java:57)
	at org.junit.runners.ParentRunner$3.run(ParentRunner.java:290)
	at org.junit.runners.ParentRunner$1.schedule(ParentRunner.java:71)
	at org.junit.runners.ParentRunner.runChildren(ParentRunner.java:288)
	at org.junit.runners.ParentRunner.access$000(ParentRunner.java:58)
	at org.junit.runners.ParentRunner$2.evaluate(ParentRunner.java:268)
	at org.junit.runners.ParentRunner.run(ParentRunner.java:363)
	at org.apache.maven.surefire.junit4.JUnit4Provider.execute(JUnit4Provider.java:252)
	at org.apache.maven.surefire.junit4.JUnit4Provider.executeTestSet(JUnit4Provider.java:141)
	at org.apache.maven.surefire.junit4.JUnit4Provider.invoke(JUnit4Provider.java:112)
	at java.base/jdk.internal.reflect.NativeMethodAccessorImpl.invoke0(Native Method)
	at java.base/jdk.internal.reflect.NativeMethodAccessorImpl.invoke(NativeMethodAccessorImpl.java:62)
	at java.base/jdk.internal.reflect.DelegatingMethodAccessorImpl.invoke(DelegatingMethodAccessorImpl.java:43)
	at java.base/java.lang.reflect.Method.invoke(Method.java:566)
	at org.apache.maven.surefire.util.ReflectionUtils.invokeMethodWithArray(ReflectionUtils.java:189)
	at org.apache.maven.surefire.booter.ProviderFactory$ProviderProxy.invoke(ProviderFactory.java:165)
	at org.apache.maven.surefire.booter.ProviderFactory.invokeProvider(ProviderFactory.java:85)
	at org.apache.maven.surefire.booter.ForkedBooter.runSuitesInProcess(ForkedBooter.java:115)
	at org.apache.maven.surefire.booter.ForkedBooter.main(ForkedBooter.java:75)
Caused by: java.net.SocketException: Unexpected end of file from server
	at java.base/sun.net.www.http.HttpClient.parseHTTPHeader(HttpClient.java:899)
	at java.base/sun.net.www.http.HttpClient.parseHTTP(HttpClient.java:722)
	at java.base/sun.net.www.http.HttpClient.parseHTTPHeader(HttpClient.java:896)
	at java.base/sun.net.www.http.HttpClient.parseHTTP(HttpClient.java:722)
	at java.base/sun.net.www.protocol.http.HttpURLConnection.getInputStream0(HttpURLConnection.java:1615)
	at java.base/sun.net.www.protocol.http.HttpURLConnection.getInputStream(HttpURLConnection.java:1520)
	at java.base/java.net.HttpURLConnection.getResponseCode(HttpURLConnection.java:527)
	at org.glassfish.jersey.client.internal.HttpUrlConnector._apply(HttpUrlConnector.java:374)
	at org.glassfish.jersey.client.internal.HttpUrlConnector.apply(HttpUrlConnector.java:259)
	... 43 more

grantsAccessToResources(org.pac4j.dropwizard.e2e.EndToEndTest)  Time elapsed: 0.387 sec  <<< ERROR!
java.lang.RuntimeException: MultiException[java.lang.AbstractMethodError: Receiver class org.eclipse.jetty.server.AllowedResourceAliasChecker$AllowedResourceAliasCheckListener does not define or inherit an implementation of the resolved method 'abstract void lifeCycleFailure(org.eclipse.jetty.util.component.LifeCycle, java.lang.Throwable)' of interface org.eclipse.jetty.util.component.LifeCycle$Listener., java.lang.AbstractMethodError: Receiver class org.eclipse.jetty.server.AllowedResourceAliasChecker$AllowedResourceAliasCheckListener does not define or inherit an implementation of the resolved method 'abstract void lifeCycleFailure(org.eclipse.jetty.util.component.LifeCycle, java.lang.Throwable)' of interface org.eclipse.jetty.util.component.LifeCycle$Listener.]
	at io.dropwizard.testing.DropwizardTestSupport.stopIfRequired(DropwizardTestSupport.java:257)
	at io.dropwizard.testing.DropwizardTestSupport.after(DropwizardTestSupport.java:237)
	at org.pac4j.dropwizard.AbstractApplicationTest.tearDown(AbstractApplicationTest.java:36)
	at java.base/jdk.internal.reflect.NativeMethodAccessorImpl.invoke0(Native Method)
	at java.base/jdk.internal.reflect.NativeMethodAccessorImpl.invoke(NativeMethodAccessorImpl.java:62)
	at java.base/jdk.internal.reflect.DelegatingMethodAccessorImpl.invoke(DelegatingMethodAccessorImpl.java:43)
	at java.base/java.lang.reflect.Method.invoke(Method.java:566)
	at org.junit.runners.model.FrameworkMethod$1.runReflectiveCall(FrameworkMethod.java:50)
	at org.junit.internal.runners.model.ReflectiveCallable.run(ReflectiveCallable.java:12)
	at org.junit.runners.model.FrameworkMethod.invokeExplosively(FrameworkMethod.java:47)
	at org.junit.internal.runners.statements.RunAfters.evaluate(RunAfters.java:33)
	at org.junit.runners.ParentRunner.runLeaf(ParentRunner.java:325)
	at org.junit.runners.BlockJUnit4ClassRunner.runChild(BlockJUnit4ClassRunner.java:78)
	at org.junit.runners.BlockJUnit4ClassRunner.runChild(BlockJUnit4ClassRunner.java:57)
	at org.junit.runners.ParentRunner$3.run(ParentRunner.java:290)
	at org.junit.runners.ParentRunner$1.schedule(ParentRunner.java:71)
	at org.junit.runners.ParentRunner.runChildren(ParentRunner.java:288)
	at org.junit.runners.ParentRunner.access$000(ParentRunner.java:58)
	at org.junit.runners.ParentRunner$2.evaluate(ParentRunner.java:268)
	at org.junit.runners.ParentRunner.run(ParentRunner.java:363)
	at org.apache.maven.surefire.junit4.JUnit4Provider.execute(JUnit4Provider.java:252)
	at org.apache.maven.surefire.junit4.JUnit4Provider.executeTestSet(JUnit4Provider.java:141)
	at org.apache.maven.surefire.junit4.JUnit4Provider.invoke(JUnit4Provider.java:112)
	at java.base/jdk.internal.reflect.NativeMethodAccessorImpl.invoke0(Native Method)
	at java.base/jdk.internal.reflect.NativeMethodAccessorImpl.invoke(NativeMethodAccessorImpl.java:62)
	at java.base/jdk.internal.reflect.DelegatingMethodAccessorImpl.invoke(DelegatingMethodAccessorImpl.java:43)
	at java.base/java.lang.reflect.Method.invoke(Method.java:566)
	at org.apache.maven.surefire.util.ReflectionUtils.invokeMethodWithArray(ReflectionUtils.java:189)
	at org.apache.maven.surefire.booter.ProviderFactory$ProviderProxy.invoke(ProviderFactory.java:165)
	at org.apache.maven.surefire.booter.ProviderFactory.invokeProvider(ProviderFactory.java:85)
	at org.apache.maven.surefire.booter.ForkedBooter.runSuitesInProcess(ForkedBooter.java:115)
	at org.apache.maven.surefire.booter.ForkedBooter.main(ForkedBooter.java:75)
Caused by: MultiException[java.lang.AbstractMethodError: Receiver class org.eclipse.jetty.server.AllowedResourceAliasChecker$AllowedResourceAliasCheckListener does not define or inherit an implementation of the resolved method 'abstract void lifeCycleFailure(org.eclipse.jetty.util.component.LifeCycle, java.lang.Throwable)' of interface org.eclipse.jetty.util.component.LifeCycle$Listener., java.lang.AbstractMethodError: Receiver class org.eclipse.jetty.server.AllowedResourceAliasChecker$AllowedResourceAliasCheckListener does not define or inherit an implementation of the resolved method 'abstract void lifeCycleFailure(org.eclipse.jetty.util.component.LifeCycle, java.lang.Throwable)' of interface org.eclipse.jetty.util.component.LifeCycle$Listener.]
	at org.eclipse.jetty.util.MultiException.ifExceptionThrow(MultiException.java:122)
	at org.eclipse.jetty.server.Server.doStop(Server.java:484)
	at org.eclipse.jetty.util.component.AbstractLifeCycle.stop(AbstractLifeCycle.java:94)
	at io.dropwizard.testing.DropwizardTestSupport.stopIfRequired(DropwizardTestSupport.java:252)
	... 31 more
	Suppressed: java.lang.AbstractMethodError: Receiver class org.eclipse.jetty.server.AllowedResourceAliasChecker$AllowedResourceAliasCheckListener does not define or inherit an implementation of the resolved method 'abstract void lifeCycleFailure(org.eclipse.jetty.util.component.LifeCycle, java.lang.Throwable)' of interface org.eclipse.jetty.util.component.LifeCycle$Listener.
		at org.eclipse.jetty.util.component.AbstractLifeCycle.setFailed(AbstractLifeCycle.java:238)
		at org.eclipse.jetty.util.component.AbstractLifeCycle.stop(AbstractLifeCycle.java:99)
		at org.eclipse.jetty.util.component.ContainerLifeCycle.stop(ContainerLifeCycle.java:180)
		at org.eclipse.jetty.util.component.ContainerLifeCycle.doStop(ContainerLifeCycle.java:201)
		at org.eclipse.jetty.server.handler.AbstractHandler.doStop(AbstractHandler.java:108)
		at org.eclipse.jetty.util.component.AbstractLifeCycle.stop(AbstractLifeCycle.java:94)
		at org.eclipse.jetty.util.component.ContainerLifeCycle.stop(ContainerLifeCycle.java:180)
		at org.eclipse.jetty.util.component.ContainerLifeCycle.doStop(ContainerLifeCycle.java:201)
		at org.eclipse.jetty.server.handler.AbstractHandler.doStop(AbstractHandler.java:108)
		at org.eclipse.jetty.util.component.AbstractLifeCycle.stop(AbstractLifeCycle.java:94)
		at org.eclipse.jetty.util.component.ContainerLifeCycle.stop(ContainerLifeCycle.java:180)
		at org.eclipse.jetty.util.component.ContainerLifeCycle.doStop(ContainerLifeCycle.java:201)
		at org.eclipse.jetty.server.handler.AbstractHandler.doStop(AbstractHandler.java:108)
		at org.eclipse.jetty.util.component.AbstractLifeCycle.stop(AbstractLifeCycle.java:94)
		at org.eclipse.jetty.util.component.ContainerLifeCycle.stop(ContainerLifeCycle.java:180)
		at org.eclipse.jetty.util.component.ContainerLifeCycle.doStop(ContainerLifeCycle.java:201)
		at org.eclipse.jetty.server.handler.AbstractHandler.doStop(AbstractHandler.java:108)
		at org.eclipse.jetty.server.handler.StatisticsHandler.doStop(StatisticsHandler.java:272)
		at org.eclipse.jetty.util.component.AbstractLifeCycle.stop(AbstractLifeCycle.java:94)
		at org.eclipse.jetty.util.component.ContainerLifeCycle.stop(ContainerLifeCycle.java:180)
		at org.eclipse.jetty.util.component.ContainerLifeCycle.doStop(ContainerLifeCycle.java:201)
		at org.eclipse.jetty.server.handler.AbstractHandler.doStop(AbstractHandler.java:108)
		at org.eclipse.jetty.server.Server.doStop(Server.java:470)
		... 33 more
	Suppressed: java.lang.AbstractMethodError: Receiver class org.eclipse.jetty.server.AllowedResourceAliasChecker$AllowedResourceAliasCheckListener does not define or inherit an implementation of the resolved method 'abstract void lifeCycleFailure(org.eclipse.jetty.util.component.LifeCycle, java.lang.Throwable)' of interface org.eclipse.jetty.util.component.LifeCycle$Listener.
		at org.eclipse.jetty.util.component.AbstractLifeCycle.setFailed(AbstractLifeCycle.java:238)
		at org.eclipse.jetty.util.component.AbstractLifeCycle.stop(AbstractLifeCycle.java:99)
		at org.eclipse.jetty.util.component.ContainerLifeCycle.stop(ContainerLifeCycle.java:180)
		at org.eclipse.jetty.util.component.ContainerLifeCycle.doStop(ContainerLifeCycle.java:201)
		at org.eclipse.jetty.server.handler.AbstractHandler.doStop(AbstractHandler.java:108)
		at com.codahale.metrics.jetty9.InstrumentedHandler.doStop(InstrumentedHandler.java:285)
		at org.eclipse.jetty.util.component.AbstractLifeCycle.stop(AbstractLifeCycle.java:94)
		at org.eclipse.jetty.util.component.ContainerLifeCycle.stop(ContainerLifeCycle.java:180)
		at org.eclipse.jetty.util.component.ContainerLifeCycle.doStop(ContainerLifeCycle.java:201)
		at org.eclipse.jetty.server.handler.AbstractHandler.doStop(AbstractHandler.java:108)
		at org.eclipse.jetty.util.component.AbstractLifeCycle.stop(AbstractLifeCycle.java:94)
		at org.eclipse.jetty.util.component.ContainerLifeCycle.stop(ContainerLifeCycle.java:180)
		at org.eclipse.jetty.util.component.ContainerLifeCycle.doStop(ContainerLifeCycle.java:201)
		at org.eclipse.jetty.server.handler.AbstractHandler.doStop(AbstractHandler.java:108)
		at org.eclipse.jetty.util.component.AbstractLifeCycle.stop(AbstractLifeCycle.java:94)
		at org.eclipse.jetty.util.component.ContainerLifeCycle.stop(ContainerLifeCycle.java:180)
		at org.eclipse.jetty.util.component.ContainerLifeCycle.doStop(ContainerLifeCycle.java:201)
		at org.eclipse.jetty.server.handler.AbstractHandler.doStop(AbstractHandler.java:108)
		at org.eclipse.jetty.util.component.AbstractLifeCycle.stop(AbstractLifeCycle.java:94)
		at org.eclipse.jetty.util.component.ContainerLifeCycle.stop(ContainerLifeCycle.java:180)
		at org.eclipse.jetty.util.component.ContainerLifeCycle.doStop(ContainerLifeCycle.java:201)
		at org.eclipse.jetty.server.handler.AbstractHandler.doStop(AbstractHandler.java:108)
		at org.eclipse.jetty.server.handler.StatisticsHandler.doStop(StatisticsHandler.java:272)
		at org.eclipse.jetty.util.component.AbstractLifeCycle.stop(AbstractLifeCycle.java:94)
		at org.eclipse.jetty.util.component.ContainerLifeCycle.stop(ContainerLifeCycle.java:180)
		at org.eclipse.jetty.util.component.ContainerLifeCycle.doStop(ContainerLifeCycle.java:201)
		at org.eclipse.jetty.server.handler.AbstractHandler.doStop(AbstractHandler.java:108)
		at org.eclipse.jetty.server.Server.doStop(Server.java:470)
		... 33 more
Caused by: [CIRCULAR REFERENCE: java.lang.AbstractMethodError: Receiver class org.eclipse.jetty.server.AllowedResourceAliasChecker$AllowedResourceAliasCheckListener does not define or inherit an implementation of the resolved method 'abstract void lifeCycleFailure(org.eclipse.jetty.util.component.LifeCycle, java.lang.Throwable)' of interface org.eclipse.jetty.util.component.LifeCycle$Listener.]

grantsAccessToResourcesForm(org.pac4j.dropwizard.e2e.EndToEndTest)  Time elapsed: 0.15 sec  <<< ERROR!
javax.ws.rs.ProcessingException: java.net.SocketException: Unexpected end of file from server
	at org.glassfish.jersey.client.internal.HttpUrlConnector.apply(HttpUrlConnector.java:261)
	at org.glassfish.jersey.client.ClientRuntime.invoke(ClientRuntime.java:297)
	at org.glassfish.jersey.client.JerseyInvocation.lambda$invoke$1(JerseyInvocation.java:632)
	at org.glassfish.jersey.client.JerseyInvocation.call(JerseyInvocation.java:654)
	at org.glassfish.jersey.client.JerseyInvocation.lambda$runInScope$3(JerseyInvocation.java:648)
	at org.glassfish.jersey.internal.Errors.process(Errors.java:292)
	at org.glassfish.jersey.internal.Errors.process(Errors.java:274)
	at org.glassfish.jersey.internal.Errors.process(Errors.java:205)
	at org.glassfish.jersey.process.internal.RequestScope.runInScope(RequestScope.java:390)
	at org.glassfish.jersey.client.JerseyInvocation.runInScope(JerseyInvocation.java:648)
	at org.glassfish.jersey.client.JerseyInvocation.invoke(JerseyInvocation.java:631)
	at org.glassfish.jersey.client.JerseyInvocation$Builder.method(JerseyInvocation.java:434)
	at org.glassfish.jersey.client.JerseyInvocation$Builder.post(JerseyInvocation.java:335)
	at org.pac4j.dropwizard.e2e.EndToEndTest.grantsAccessToResourcesForm(EndToEndTest.java:45)
	at java.base/jdk.internal.reflect.NativeMethodAccessorImpl.invoke0(Native Method)
	at java.base/jdk.internal.reflect.NativeMethodAccessorImpl.invoke(NativeMethodAccessorImpl.java:62)
	at java.base/jdk.internal.reflect.DelegatingMethodAccessorImpl.invoke(DelegatingMethodAccessorImpl.java:43)
	at java.base/java.lang.reflect.Method.invoke(Method.java:566)
	at org.junit.runners.model.FrameworkMethod$1.runReflectiveCall(FrameworkMethod.java:50)
	at org.junit.internal.runners.model.ReflectiveCallable.run(ReflectiveCallable.java:12)
	at org.junit.runners.model.FrameworkMethod.invokeExplosively(FrameworkMethod.java:47)
	at org.junit.internal.runners.statements.InvokeMethod.evaluate(InvokeMethod.java:17)
	at org.junit.internal.runners.statements.RunAfters.evaluate(RunAfters.java:27)
	at org.junit.runners.ParentRunner.runLeaf(ParentRunner.java:325)
	at org.junit.runners.BlockJUnit4ClassRunner.runChild(BlockJUnit4ClassRunner.java:78)
	at org.junit.runners.BlockJUnit4ClassRunner.runChild(BlockJUnit4ClassRunner.java:57)
	at org.junit.runners.ParentRunner$3.run(ParentRunner.java:290)
	at org.junit.runners.ParentRunner$1.schedule(ParentRunner.java:71)
	at org.junit.runners.ParentRunner.runChildren(ParentRunner.java:288)
	at org.junit.runners.ParentRunner.access$000(ParentRunner.java:58)
	at org.junit.runners.ParentRunner$2.evaluate(ParentRunner.java:268)
	at org.junit.runners.ParentRunner.run(ParentRunner.java:363)
	at org.apache.maven.surefire.junit4.JUnit4Provider.execute(JUnit4Provider.java:252)
	at org.apache.maven.surefire.junit4.JUnit4Provider.executeTestSet(JUnit4Provider.java:141)
	at org.apache.maven.surefire.junit4.JUnit4Provider.invoke(JUnit4Provider.java:112)
	at java.base/jdk.internal.reflect.NativeMethodAccessorImpl.invoke0(Native Method)
	at java.base/jdk.internal.reflect.NativeMethodAccessorImpl.invoke(NativeMethodAccessorImpl.java:62)
	at java.base/jdk.internal.reflect.DelegatingMethodAccessorImpl.invoke(DelegatingMethodAccessorImpl.java:43)
	at java.base/java.lang.reflect.Method.invoke(Method.java:566)
	at org.apache.maven.surefire.util.ReflectionUtils.invokeMethodWithArray(ReflectionUtils.java:189)
	at org.apache.maven.surefire.booter.ProviderFactory$ProviderProxy.invoke(ProviderFactory.java:165)
	at org.apache.maven.surefire.booter.ProviderFactory.invokeProvider(ProviderFactory.java:85)
	at org.apache.maven.surefire.booter.ForkedBooter.runSuitesInProcess(ForkedBooter.java:115)
	at org.apache.maven.surefire.booter.ForkedBooter.main(ForkedBooter.java:75)
Caused by: java.net.SocketException: Unexpected end of file from server
	at java.base/sun.net.www.http.HttpClient.parseHTTPHeader(HttpClient.java:899)
	at java.base/sun.net.www.http.HttpClient.parseHTTP(HttpClient.java:722)
	at java.base/sun.net.www.http.HttpClient.parseHTTPHeader(HttpClient.java:896)
	at java.base/sun.net.www.http.HttpClient.parseHTTP(HttpClient.java:722)
	at java.base/sun.net.www.protocol.http.HttpURLConnection.getInputStream0(HttpURLConnection.java:1615)
	at java.base/sun.net.www.protocol.http.HttpURLConnection.getInputStream(HttpURLConnection.java:1520)
	at java.base/java.net.HttpURLConnection.getResponseCode(HttpURLConnection.java:527)
	at org.glassfish.jersey.client.internal.HttpUrlConnector._apply(HttpUrlConnector.java:374)
	at org.glassfish.jersey.client.internal.HttpUrlConnector.apply(HttpUrlConnector.java:259)
	... 43 more

grantsAccessToResourcesForm(org.pac4j.dropwizard.e2e.EndToEndTest)  Time elapsed: 0.152 sec  <<< ERROR!
java.lang.RuntimeException: MultiException[java.lang.AbstractMethodError: Receiver class org.eclipse.jetty.server.AllowedResourceAliasChecker$AllowedResourceAliasCheckListener does not define or inherit an implementation of the resolved method 'abstract void lifeCycleFailure(org.eclipse.jetty.util.component.LifeCycle, java.lang.Throwable)' of interface org.eclipse.jetty.util.component.LifeCycle$Listener., java.lang.AbstractMethodError: Receiver class org.eclipse.jetty.server.AllowedResourceAliasChecker$AllowedResourceAliasCheckListener does not define or inherit an implementation of the resolved method 'abstract void lifeCycleFailure(org.eclipse.jetty.util.component.LifeCycle, java.lang.Throwable)' of interface org.eclipse.jetty.util.component.LifeCycle$Listener.]
	at io.dropwizard.testing.DropwizardTestSupport.stopIfRequired(DropwizardTestSupport.java:257)
	at io.dropwizard.testing.DropwizardTestSupport.after(DropwizardTestSupport.java:237)
	at org.pac4j.dropwizard.AbstractApplicationTest.tearDown(AbstractApplicationTest.java:36)
	at java.base/jdk.internal.reflect.NativeMethodAccessorImpl.invoke0(Native Method)
	at java.base/jdk.internal.reflect.NativeMethodAccessorImpl.invoke(NativeMethodAccessorImpl.java:62)
	at java.base/jdk.internal.reflect.DelegatingMethodAccessorImpl.invoke(DelegatingMethodAccessorImpl.java:43)
	at java.base/java.lang.reflect.Method.invoke(Method.java:566)
	at org.junit.runners.model.FrameworkMethod$1.runReflectiveCall(FrameworkMethod.java:50)
	at org.junit.internal.runners.model.ReflectiveCallable.run(ReflectiveCallable.java:12)
	at org.junit.runners.model.FrameworkMethod.invokeExplosively(FrameworkMethod.java:47)
	at org.junit.internal.runners.statements.RunAfters.evaluate(RunAfters.java:33)
	at org.junit.runners.ParentRunner.runLeaf(ParentRunner.java:325)
	at org.junit.runners.BlockJUnit4ClassRunner.runChild(BlockJUnit4ClassRunner.java:78)
	at org.junit.runners.BlockJUnit4ClassRunner.runChild(BlockJUnit4ClassRunner.java:57)
	at org.junit.runners.ParentRunner$3.run(ParentRunner.java:290)
	at org.junit.runners.ParentRunner$1.schedule(ParentRunner.java:71)
	at org.junit.runners.ParentRunner.runChildren(ParentRunner.java:288)
	at org.junit.runners.ParentRunner.access$000(ParentRunner.java:58)
	at org.junit.runners.ParentRunner$2.evaluate(ParentRunner.java:268)
	at org.junit.runners.ParentRunner.run(ParentRunner.java:363)
	at org.apache.maven.surefire.junit4.JUnit4Provider.execute(JUnit4Provider.java:252)
	at org.apache.maven.surefire.junit4.JUnit4Provider.executeTestSet(JUnit4Provider.java:141)
	at org.apache.maven.surefire.junit4.JUnit4Provider.invoke(JUnit4Provider.java:112)
	at java.base/jdk.internal.reflect.NativeMethodAccessorImpl.invoke0(Native Method)
	at java.base/jdk.internal.reflect.NativeMethodAccessorImpl.invoke(NativeMethodAccessorImpl.java:62)
	at java.base/jdk.internal.reflect.DelegatingMethodAccessorImpl.invoke(DelegatingMethodAccessorImpl.java:43)
	at java.base/java.lang.reflect.Method.invoke(Method.java:566)
	at org.apache.maven.surefire.util.ReflectionUtils.invokeMethodWithArray(ReflectionUtils.java:189)
	at org.apache.maven.surefire.booter.ProviderFactory$ProviderProxy.invoke(ProviderFactory.java:165)
	at org.apache.maven.surefire.booter.ProviderFactory.invokeProvider(ProviderFactory.java:85)
	at org.apache.maven.surefire.booter.ForkedBooter.runSuitesInProcess(ForkedBooter.java:115)
	at org.apache.maven.surefire.booter.ForkedBooter.main(ForkedBooter.java:75)
Caused by: MultiException[java.lang.AbstractMethodError: Receiver class org.eclipse.jetty.server.AllowedResourceAliasChecker$AllowedResourceAliasCheckListener does not define or inherit an implementation of the resolved method 'abstract void lifeCycleFailure(org.eclipse.jetty.util.component.LifeCycle, java.lang.Throwable)' of interface org.eclipse.jetty.util.component.LifeCycle$Listener., java.lang.AbstractMethodError: Receiver class org.eclipse.jetty.server.AllowedResourceAliasChecker$AllowedResourceAliasCheckListener does not define or inherit an implementation of the resolved method 'abstract void lifeCycleFailure(org.eclipse.jetty.util.component.LifeCycle, java.lang.Throwable)' of interface org.eclipse.jetty.util.component.LifeCycle$Listener.]
	at org.eclipse.jetty.util.MultiException.ifExceptionThrow(MultiException.java:122)
	at org.eclipse.jetty.server.Server.doStop(Server.java:484)
	at org.eclipse.jetty.util.component.AbstractLifeCycle.stop(AbstractLifeCycle.java:94)
	at io.dropwizard.testing.DropwizardTestSupport.stopIfRequired(DropwizardTestSupport.java:252)
	... 31 more
	Suppressed: java.lang.AbstractMethodError: Receiver class org.eclipse.jetty.server.AllowedResourceAliasChecker$AllowedResourceAliasCheckListener does not define or inherit an implementation of the resolved method 'abstract void lifeCycleFailure(org.eclipse.jetty.util.component.LifeCycle, java.lang.Throwable)' of interface org.eclipse.jetty.util.component.LifeCycle$Listener.
		at org.eclipse.jetty.util.component.AbstractLifeCycle.setFailed(AbstractLifeCycle.java:238)
		at org.eclipse.jetty.util.component.AbstractLifeCycle.stop(AbstractLifeCycle.java:99)
		at org.eclipse.jetty.util.component.ContainerLifeCycle.stop(ContainerLifeCycle.java:180)
		at org.eclipse.jetty.util.component.ContainerLifeCycle.doStop(ContainerLifeCycle.java:201)
		at org.eclipse.jetty.server.handler.AbstractHandler.doStop(AbstractHandler.java:108)
		at org.eclipse.jetty.util.component.AbstractLifeCycle.stop(AbstractLifeCycle.java:94)
		at org.eclipse.jetty.util.component.ContainerLifeCycle.stop(ContainerLifeCycle.java:180)
		at org.eclipse.jetty.util.component.ContainerLifeCycle.doStop(ContainerLifeCycle.java:201)
		at org.eclipse.jetty.server.handler.AbstractHandler.doStop(AbstractHandler.java:108)
		at org.eclipse.jetty.util.component.AbstractLifeCycle.stop(AbstractLifeCycle.java:94)
		at org.eclipse.jetty.util.component.ContainerLifeCycle.stop(ContainerLifeCycle.java:180)
		at org.eclipse.jetty.util.component.ContainerLifeCycle.doStop(ContainerLifeCycle.java:201)
		at org.eclipse.jetty.server.handler.AbstractHandler.doStop(AbstractHandler.java:108)
		at org.eclipse.jetty.util.component.AbstractLifeCycle.stop(AbstractLifeCycle.java:94)
		at org.eclipse.jetty.util.component.ContainerLifeCycle.stop(ContainerLifeCycle.java:180)
		at org.eclipse.jetty.util.component.ContainerLifeCycle.doStop(ContainerLifeCycle.java:201)
		at org.eclipse.jetty.server.handler.AbstractHandler.doStop(AbstractHandler.java:108)
		at org.eclipse.jetty.server.handler.StatisticsHandler.doStop(StatisticsHandler.java:272)
		at org.eclipse.jetty.util.component.AbstractLifeCycle.stop(AbstractLifeCycle.java:94)
		at org.eclipse.jetty.util.component.ContainerLifeCycle.stop(ContainerLifeCycle.java:180)
		at org.eclipse.jetty.util.component.ContainerLifeCycle.doStop(ContainerLifeCycle.java:201)
		at org.eclipse.jetty.server.handler.AbstractHandler.doStop(AbstractHandler.java:108)
		at org.eclipse.jetty.server.Server.doStop(Server.java:470)
		... 33 more
	Suppressed: java.lang.AbstractMethodError: Receiver class org.eclipse.jetty.server.AllowedResourceAliasChecker$AllowedResourceAliasCheckListener does not define or inherit an implementation of the resolved method 'abstract void lifeCycleFailure(org.eclipse.jetty.util.component.LifeCycle, java.lang.Throwable)' of interface org.eclipse.jetty.util.component.LifeCycle$Listener.
		at org.eclipse.jetty.util.component.AbstractLifeCycle.setFailed(AbstractLifeCycle.java:238)
		at org.eclipse.jetty.util.component.AbstractLifeCycle.stop(AbstractLifeCycle.java:99)
		at org.eclipse.jetty.util.component.ContainerLifeCycle.stop(ContainerLifeCycle.java:180)
		at org.eclipse.jetty.util.component.ContainerLifeCycle.doStop(ContainerLifeCycle.java:201)
		at org.eclipse.jetty.server.handler.AbstractHandler.doStop(AbstractHandler.java:108)
		at com.codahale.metrics.jetty9.InstrumentedHandler.doStop(InstrumentedHandler.java:285)
		at org.eclipse.jetty.util.component.AbstractLifeCycle.stop(AbstractLifeCycle.java:94)
		at org.eclipse.jetty.util.component.ContainerLifeCycle.stop(ContainerLifeCycle.java:180)
		at org.eclipse.jetty.util.component.ContainerLifeCycle.doStop(ContainerLifeCycle.java:201)
		at org.eclipse.jetty.server.handler.AbstractHandler.doStop(AbstractHandler.java:108)
		at org.eclipse.jetty.util.component.AbstractLifeCycle.stop(AbstractLifeCycle.java:94)
		at org.eclipse.jetty.util.component.ContainerLifeCycle.stop(ContainerLifeCycle.java:180)
		at org.eclipse.jetty.util.component.ContainerLifeCycle.doStop(ContainerLifeCycle.java:201)
		at org.eclipse.jetty.server.handler.AbstractHandler.doStop(AbstractHandler.java:108)
		at org.eclipse.jetty.util.component.AbstractLifeCycle.stop(AbstractLifeCycle.java:94)
		at org.eclipse.jetty.util.component.ContainerLifeCycle.stop(ContainerLifeCycle.java:180)
		at org.eclipse.jetty.util.component.ContainerLifeCycle.doStop(ContainerLifeCycle.java:201)
		at org.eclipse.jetty.server.handler.AbstractHandler.doStop(AbstractHandler.java:108)
		at org.eclipse.jetty.util.component.AbstractLifeCycle.stop(AbstractLifeCycle.java:94)
		at org.eclipse.jetty.util.component.ContainerLifeCycle.stop(ContainerLifeCycle.java:180)
		at org.eclipse.jetty.util.component.ContainerLifeCycle.doStop(ContainerLifeCycle.java:201)
		at org.eclipse.jetty.server.handler.AbstractHandler.doStop(AbstractHandler.java:108)
		at org.eclipse.jetty.server.handler.StatisticsHandler.doStop(StatisticsHandler.java:272)
		at org.eclipse.jetty.util.component.AbstractLifeCycle.stop(AbstractLifeCycle.java:94)
		at org.eclipse.jetty.util.component.ContainerLifeCycle.stop(ContainerLifeCycle.java:180)
		at org.eclipse.jetty.util.component.ContainerLifeCycle.doStop(ContainerLifeCycle.java:201)
		at org.eclipse.jetty.server.handler.AbstractHandler.doStop(AbstractHandler.java:108)
		at org.eclipse.jetty.server.Server.doStop(Server.java:470)
		... 33 more
Caused by: [CIRCULAR REFERENCE: java.lang.AbstractMethodError: Receiver class org.eclipse.jetty.server.AllowedResourceAliasChecker$AllowedResourceAliasCheckListener does not define or inherit an implementation of the resolved method 'abstract void lifeCycleFailure(org.eclipse.jetty.util.component.LifeCycle, java.lang.Throwable)' of interface org.eclipse.jetty.util.component.LifeCycle$Listener.]

restrictsAccessToResources(org.pac4j.dropwizard.e2e.EndToEndTest)  Time elapsed: 0.136 sec  <<< ERROR!
javax.ws.rs.ProcessingException: java.net.SocketException: Unexpected end of file from server
	at org.glassfish.jersey.client.internal.HttpUrlConnector.apply(HttpUrlConnector.java:261)
	at org.glassfish.jersey.client.ClientRuntime.invoke(ClientRuntime.java:297)
	at org.glassfish.jersey.client.JerseyInvocation.lambda$invoke$0(JerseyInvocation.java:619)
	at org.glassfish.jersey.client.JerseyInvocation.call(JerseyInvocation.java:654)
	at org.glassfish.jersey.client.JerseyInvocation.lambda$runInScope$3(JerseyInvocation.java:648)
	at org.glassfish.jersey.internal.Errors.process(Errors.java:292)
	at org.glassfish.jersey.internal.Errors.process(Errors.java:274)
	at org.glassfish.jersey.internal.Errors.process(Errors.java:205)
	at org.glassfish.jersey.process.internal.RequestScope.runInScope(RequestScope.java:390)
	at org.glassfish.jersey.client.JerseyInvocation.runInScope(JerseyInvocation.java:648)
	at org.glassfish.jersey.client.JerseyInvocation.invoke(JerseyInvocation.java:618)
	at org.glassfish.jersey.client.JerseyInvocation$Builder.method(JerseyInvocation.java:397)
	at org.glassfish.jersey.client.JerseyInvocation$Builder.get(JerseyInvocation.java:297)
	at org.pac4j.dropwizard.e2e.EndToEndTest.restrictsAccessToResources(EndToEndTest.java:76)
	at java.base/jdk.internal.reflect.NativeMethodAccessorImpl.invoke0(Native Method)
	at java.base/jdk.internal.reflect.NativeMethodAccessorImpl.invoke(NativeMethodAccessorImpl.java:62)
	at java.base/jdk.internal.reflect.DelegatingMethodAccessorImpl.invoke(DelegatingMethodAccessorImpl.java:43)
	at java.base/java.lang.reflect.Method.invoke(Method.java:566)
	at org.junit.runners.model.FrameworkMethod$1.runReflectiveCall(FrameworkMethod.java:50)
	at org.junit.internal.runners.model.ReflectiveCallable.run(ReflectiveCallable.java:12)
	at org.junit.runners.model.FrameworkMethod.invokeExplosively(FrameworkMethod.java:47)
	at org.junit.internal.runners.statements.InvokeMethod.evaluate(InvokeMethod.java:17)
	at org.junit.internal.runners.statements.RunAfters.evaluate(RunAfters.java:27)
	at org.junit.runners.ParentRunner.runLeaf(ParentRunner.java:325)
	at org.junit.runners.BlockJUnit4ClassRunner.runChild(BlockJUnit4ClassRunner.java:78)
	at org.junit.runners.BlockJUnit4ClassRunner.runChild(BlockJUnit4ClassRunner.java:57)
	at org.junit.runners.ParentRunner$3.run(ParentRunner.java:290)
	at org.junit.runners.ParentRunner$1.schedule(ParentRunner.java:71)
	at org.junit.runners.ParentRunner.runChildren(ParentRunner.java:288)
	at org.junit.runners.ParentRunner.access$000(ParentRunner.java:58)
	at org.junit.runners.ParentRunner$2.evaluate(ParentRunner.java:268)
	at org.junit.runners.ParentRunner.run(ParentRunner.java:363)
	at org.apache.maven.surefire.junit4.JUnit4Provider.execute(JUnit4Provider.java:252)
	at org.apache.maven.surefire.junit4.JUnit4Provider.executeTestSet(JUnit4Provider.java:141)
	at org.apache.maven.surefire.junit4.JUnit4Provider.invoke(JUnit4Provider.java:112)
	at java.base/jdk.internal.reflect.NativeMethodAccessorImpl.invoke0(Native Method)
	at java.base/jdk.internal.reflect.NativeMethodAccessorImpl.invoke(NativeMethodAccessorImpl.java:62)
	at java.base/jdk.internal.reflect.DelegatingMethodAccessorImpl.invoke(DelegatingMethodAccessorImpl.java:43)
	at java.base/java.lang.reflect.Method.invoke(Method.java:566)
	at org.apache.maven.surefire.util.ReflectionUtils.invokeMethodWithArray(ReflectionUtils.java:189)
	at org.apache.maven.surefire.booter.ProviderFactory$ProviderProxy.invoke(ProviderFactory.java:165)
	at org.apache.maven.surefire.booter.ProviderFactory.invokeProvider(ProviderFactory.java:85)
	at org.apache.maven.surefire.booter.ForkedBooter.runSuitesInProcess(ForkedBooter.java:115)
	at org.apache.maven.surefire.booter.ForkedBooter.main(ForkedBooter.java:75)
Caused by: java.net.SocketException: Unexpected end of file from server
	at java.base/sun.net.www.http.HttpClient.parseHTTPHeader(HttpClient.java:899)
	at java.base/sun.net.www.http.HttpClient.parseHTTP(HttpClient.java:722)
	at java.base/sun.net.www.http.HttpClient.parseHTTPHeader(HttpClient.java:896)
	at java.base/sun.net.www.http.HttpClient.parseHTTP(HttpClient.java:722)
	at java.base/sun.net.www.protocol.http.HttpURLConnection.getInputStream0(HttpURLConnection.java:1615)
	at java.base/sun.net.www.protocol.http.HttpURLConnection.getInputStream(HttpURLConnection.java:1520)
	at java.base/java.net.HttpURLConnection.getResponseCode(HttpURLConnection.java:527)
	at org.glassfish.jersey.client.internal.HttpUrlConnector._apply(HttpUrlConnector.java:374)
	at org.glassfish.jersey.client.internal.HttpUrlConnector.apply(HttpUrlConnector.java:259)
	... 43 more

restrictsAccessToResources(org.pac4j.dropwizard.e2e.EndToEndTest)  Time elapsed: 0.137 sec  <<< ERROR!
java.lang.RuntimeException: MultiException[java.lang.AbstractMethodError: Receiver class org.eclipse.jetty.server.AllowedResourceAliasChecker$AllowedResourceAliasCheckListener does not define or inherit an implementation of the resolved method 'abstract void lifeCycleFailure(org.eclipse.jetty.util.component.LifeCycle, java.lang.Throwable)' of interface org.eclipse.jetty.util.component.LifeCycle$Listener., java.lang.AbstractMethodError: Receiver class org.eclipse.jetty.server.AllowedResourceAliasChecker$AllowedResourceAliasCheckListener does not define or inherit an implementation of the resolved method 'abstract void lifeCycleFailure(org.eclipse.jetty.util.component.LifeCycle, java.lang.Throwable)' of interface org.eclipse.jetty.util.component.LifeCycle$Listener.]
	at io.dropwizard.testing.DropwizardTestSupport.stopIfRequired(DropwizardTestSupport.java:257)
	at io.dropwizard.testing.DropwizardTestSupport.after(DropwizardTestSupport.java:237)
	at org.pac4j.dropwizard.AbstractApplicationTest.tearDown(AbstractApplicationTest.java:36)
	at java.base/jdk.internal.reflect.NativeMethodAccessorImpl.invoke0(Native Method)
	at java.base/jdk.internal.reflect.NativeMethodAccessorImpl.invoke(NativeMethodAccessorImpl.java:62)
	at java.base/jdk.internal.reflect.DelegatingMethodAccessorImpl.invoke(DelegatingMethodAccessorImpl.java:43)
	at java.base/java.lang.reflect.Method.invoke(Method.java:566)
	at org.junit.runners.model.FrameworkMethod$1.runReflectiveCall(FrameworkMethod.java:50)
	at org.junit.internal.runners.model.ReflectiveCallable.run(ReflectiveCallable.java:12)
	at org.junit.runners.model.FrameworkMethod.invokeExplosively(FrameworkMethod.java:47)
	at org.junit.internal.runners.statements.RunAfters.evaluate(RunAfters.java:33)
	at org.junit.runners.ParentRunner.runLeaf(ParentRunner.java:325)
	at org.junit.runners.BlockJUnit4ClassRunner.runChild(BlockJUnit4ClassRunner.java:78)
	at org.junit.runners.BlockJUnit4ClassRunner.runChild(BlockJUnit4ClassRunner.java:57)
	at org.junit.runners.ParentRunner$3.run(ParentRunner.java:290)
	at org.junit.runners.ParentRunner$1.schedule(ParentRunner.java:71)
	at org.junit.runners.ParentRunner.runChildren(ParentRunner.java:288)
	at org.junit.runners.ParentRunner.access$000(ParentRunner.java:58)
	at org.junit.runners.ParentRunner$2.evaluate(ParentRunner.java:268)
	at org.junit.runners.ParentRunner.run(ParentRunner.java:363)
	at org.apache.maven.surefire.junit4.JUnit4Provider.execute(JUnit4Provider.java:252)
	at org.apache.maven.surefire.junit4.JUnit4Provider.executeTestSet(JUnit4Provider.java:141)
	at org.apache.maven.surefire.junit4.JUnit4Provider.invoke(JUnit4Provider.java:112)
	at java.base/jdk.internal.reflect.NativeMethodAccessorImpl.invoke0(Native Method)
	at java.base/jdk.internal.reflect.NativeMethodAccessorImpl.invoke(NativeMethodAccessorImpl.java:62)
	at java.base/jdk.internal.reflect.DelegatingMethodAccessorImpl.invoke(DelegatingMethodAccessorImpl.java:43)
	at java.base/java.lang.reflect.Method.invoke(Method.java:566)
	at org.apache.maven.surefire.util.ReflectionUtils.invokeMethodWithArray(ReflectionUtils.java:189)
	at org.apache.maven.surefire.booter.ProviderFactory$ProviderProxy.invoke(ProviderFactory.java:165)
	at org.apache.maven.surefire.booter.ProviderFactory.invokeProvider(ProviderFactory.java:85)
	at org.apache.maven.surefire.booter.ForkedBooter.runSuitesInProcess(ForkedBooter.java:115)
	at org.apache.maven.surefire.booter.ForkedBooter.main(ForkedBooter.java:75)
Caused by: MultiException[java.lang.AbstractMethodError: Receiver class org.eclipse.jetty.server.AllowedResourceAliasChecker$AllowedResourceAliasCheckListener does not define or inherit an implementation of the resolved method 'abstract void lifeCycleFailure(org.eclipse.jetty.util.component.LifeCycle, java.lang.Throwable)' of interface org.eclipse.jetty.util.component.LifeCycle$Listener., java.lang.AbstractMethodError: Receiver class org.eclipse.jetty.server.AllowedResourceAliasChecker$AllowedResourceAliasCheckListener does not define or inherit an implementation of the resolved method 'abstract void lifeCycleFailure(org.eclipse.jetty.util.component.LifeCycle, java.lang.Throwable)' of interface org.eclipse.jetty.util.component.LifeCycle$Listener.]
	at org.eclipse.jetty.util.MultiException.ifExceptionThrow(MultiException.java:122)
	at org.eclipse.jetty.server.Server.doStop(Server.java:484)
	at org.eclipse.jetty.util.component.AbstractLifeCycle.stop(AbstractLifeCycle.java:94)
	at io.dropwizard.testing.DropwizardTestSupport.stopIfRequired(DropwizardTestSupport.java:252)
	... 31 more
	Suppressed: java.lang.AbstractMethodError: Receiver class org.eclipse.jetty.server.AllowedResourceAliasChecker$AllowedResourceAliasCheckListener does not define or inherit an implementation of the resolved method 'abstract void lifeCycleFailure(org.eclipse.jetty.util.component.LifeCycle, java.lang.Throwable)' of interface org.eclipse.jetty.util.component.LifeCycle$Listener.
		at org.eclipse.jetty.util.component.AbstractLifeCycle.setFailed(AbstractLifeCycle.java:238)
		at org.eclipse.jetty.util.component.AbstractLifeCycle.stop(AbstractLifeCycle.java:99)
		at org.eclipse.jetty.util.component.ContainerLifeCycle.stop(ContainerLifeCycle.java:180)
		at org.eclipse.jetty.util.component.ContainerLifeCycle.doStop(ContainerLifeCycle.java:201)
		at org.eclipse.jetty.server.handler.AbstractHandler.doStop(AbstractHandler.java:108)
		at org.eclipse.jetty.util.component.AbstractLifeCycle.stop(AbstractLifeCycle.java:94)
		at org.eclipse.jetty.util.component.ContainerLifeCycle.stop(ContainerLifeCycle.java:180)
		at org.eclipse.jetty.util.component.ContainerLifeCycle.doStop(ContainerLifeCycle.java:201)
		at org.eclipse.jetty.server.handler.AbstractHandler.doStop(AbstractHandler.java:108)
		at org.eclipse.jetty.util.component.AbstractLifeCycle.stop(AbstractLifeCycle.java:94)
		at org.eclipse.jetty.util.component.ContainerLifeCycle.stop(ContainerLifeCycle.java:180)
		at org.eclipse.jetty.util.component.ContainerLifeCycle.doStop(ContainerLifeCycle.java:201)
		at org.eclipse.jetty.server.handler.AbstractHandler.doStop(AbstractHandler.java:108)
		at org.eclipse.jetty.util.component.AbstractLifeCycle.stop(AbstractLifeCycle.java:94)
		at org.eclipse.jetty.util.component.ContainerLifeCycle.stop(ContainerLifeCycle.java:180)
		at org.eclipse.jetty.util.component.ContainerLifeCycle.doStop(ContainerLifeCycle.java:201)
		at org.eclipse.jetty.server.handler.AbstractHandler.doStop(AbstractHandler.java:108)
		at org.eclipse.jetty.server.handler.StatisticsHandler.doStop(StatisticsHandler.java:272)
		at org.eclipse.jetty.util.component.AbstractLifeCycle.stop(AbstractLifeCycle.java:94)
		at org.eclipse.jetty.util.component.ContainerLifeCycle.stop(ContainerLifeCycle.java:180)
		at org.eclipse.jetty.util.component.ContainerLifeCycle.doStop(ContainerLifeCycle.java:201)
		at org.eclipse.jetty.server.handler.AbstractHandler.doStop(AbstractHandler.java:108)
		at org.eclipse.jetty.server.Server.doStop(Server.java:470)
		... 33 more
	Suppressed: java.lang.AbstractMethodError: Receiver class org.eclipse.jetty.server.AllowedResourceAliasChecker$AllowedResourceAliasCheckListener does not define or inherit an implementation of the resolved method 'abstract void lifeCycleFailure(org.eclipse.jetty.util.component.LifeCycle, java.lang.Throwable)' of interface org.eclipse.jetty.util.component.LifeCycle$Listener.
		at org.eclipse.jetty.util.component.AbstractLifeCycle.setFailed(AbstractLifeCycle.java:238)
		at org.eclipse.jetty.util.component.AbstractLifeCycle.stop(AbstractLifeCycle.java:99)
		at org.eclipse.jetty.util.component.ContainerLifeCycle.stop(ContainerLifeCycle.java:180)
		at org.eclipse.jetty.util.component.ContainerLifeCycle.doStop(ContainerLifeCycle.java:201)
		at org.eclipse.jetty.server.handler.AbstractHandler.doStop(AbstractHandler.java:108)
		at com.codahale.metrics.jetty9.InstrumentedHandler.doStop(InstrumentedHandler.java:285)
		at org.eclipse.jetty.util.component.AbstractLifeCycle.stop(AbstractLifeCycle.java:94)
		at org.eclipse.jetty.util.component.ContainerLifeCycle.stop(ContainerLifeCycle.java:180)
		at org.eclipse.jetty.util.component.ContainerLifeCycle.doStop(ContainerLifeCycle.java:201)
		at org.eclipse.jetty.server.handler.AbstractHandler.doStop(AbstractHandler.java:108)
		at org.eclipse.jetty.util.component.AbstractLifeCycle.stop(AbstractLifeCycle.java:94)
		at org.eclipse.jetty.util.component.ContainerLifeCycle.stop(ContainerLifeCycle.java:180)
		at org.eclipse.jetty.util.component.ContainerLifeCycle.doStop(ContainerLifeCycle.java:201)
		at org.eclipse.jetty.server.handler.AbstractHandler.doStop(AbstractHandler.java:108)
		at org.eclipse.jetty.util.component.AbstractLifeCycle.stop(AbstractLifeCycle.java:94)
		at org.eclipse.jetty.util.component.ContainerLifeCycle.stop(ContainerLifeCycle.java:180)
		at org.eclipse.jetty.util.component.ContainerLifeCycle.doStop(ContainerLifeCycle.java:201)
		at org.eclipse.jetty.server.handler.AbstractHandler.doStop(AbstractHandler.java:108)
		at org.eclipse.jetty.util.component.AbstractLifeCycle.stop(AbstractLifeCycle.java:94)
		at org.eclipse.jetty.util.component.ContainerLifeCycle.stop(ContainerLifeCycle.java:180)
		at org.eclipse.jetty.util.component.ContainerLifeCycle.doStop(ContainerLifeCycle.java:201)
		at org.eclipse.jetty.server.handler.AbstractHandler.doStop(AbstractHandler.java:108)
		at org.eclipse.jetty.server.handler.StatisticsHandler.doStop(StatisticsHandler.java:272)
		at org.eclipse.jetty.util.component.AbstractLifeCycle.stop(AbstractLifeCycle.java:94)
		at org.eclipse.jetty.util.component.ContainerLifeCycle.stop(ContainerLifeCycle.java:180)
		at org.eclipse.jetty.util.component.ContainerLifeCycle.doStop(ContainerLifeCycle.java:201)
		at org.eclipse.jetty.server.handler.AbstractHandler.doStop(AbstractHandler.java:108)
		at org.eclipse.jetty.server.Server.doStop(Server.java:470)
		... 33 more
Caused by: [CIRCULAR REFERENCE: java.lang.AbstractMethodError: Receiver class org.eclipse.jetty.server.AllowedResourceAliasChecker$AllowedResourceAliasCheckListener does not define or inherit an implementation of the resolved method 'abstract void lifeCycleFailure(org.eclipse.jetty.util.component.LifeCycle, java.lang.Throwable)' of interface org.eclipse.jetty.util.component.LifeCycle$Listener.]

Running org.pac4j.dropwizard.e2e.EndToEndServletTest
INFO  [2023-02-11 23:23:13,194] io.dropwizard.server.DefaultServerFactory: Registering jersey handler with root path prefix: /
INFO  [2023-02-11 23:23:13,194] io.dropwizard.server.DefaultServerFactory: Registering admin handler with root path prefix: /
INFO  [2023-02-11 23:23:13,197] io.dropwizard.server.ServerFactory: Starting App
INFO  [2023-02-11 23:23:13,200] org.eclipse.jetty.setuid.SetUIDListener: Opened application@995ad50{HTTP/1.1, (http/1.1)}{0.0.0.0:40301}
INFO  [2023-02-11 23:23:13,200] org.eclipse.jetty.setuid.SetUIDListener: Opened admin@6249a08d{HTTP/1.1, (http/1.1)}{0.0.0.0:39955}
INFO  [2023-02-11 23:23:13,200] org.eclipse.jetty.server.Server: jetty-9.4.35.v20201120; built: 2020-11-20T21:17:03.964Z; git: bdc54f03a5e0a7e280fab27f55c3c75ee8da89fb; jvm 11.0.17+8-post-Ubuntu-1ubuntu218.04
INFO  [2023-02-11 23:23:13,200] org.eclipse.jetty.server.session: DefaultSessionIdManager workerName=node0
INFO  [2023-02-11 23:23:13,200] org.eclipse.jetty.server.session: No SessionScavenger set, using defaults
INFO  [2023-02-11 23:23:13,200] org.eclipse.jetty.server.session: node0 Scavenging every 660000ms
INFO  [2023-02-11 23:23:13,240] io.dropwizard.jersey.DropwizardResourceConfig: The following paths were found for the configured resources:

    GET     /dogs/{name} (org.pac4j.dropwizard.e2e.DogsResource)
    POST    /dogs/{name} (org.pac4j.dropwizard.e2e.DogsResource)

INFO  [2023-02-11 23:23:13,241] org.eclipse.jetty.server.handler.ContextHandler: Started i.d.j.MutableServletContextHandler@20be890d{/,null,AVAILABLE}
INFO  [2023-02-11 23:23:13,241] io.dropwizard.setup.AdminEnvironment: tasks = 

    POST    /tasks/log-level (io.dropwizard.servlets.tasks.LogConfigurationTask)
    POST    /tasks/gc (io.dropwizard.servlets.tasks.GarbageCollectionTask)

WARN  [2023-02-11 23:23:13,241] io.dropwizard.setup.AdminEnvironment: 
!!!!!!!!!!!!!!!!!!!!!!!!!!!!!!!!!!!!!!!!!!!!!!!!!!!!!!!!!!!!!!!!!!!!!!!!!!!!!!!!
!!!!!!!!!!!!!!!!!!!!!!!!!!!!!!!!!!!!!!!!!!!!!!!!!!!!!!!!!!!!!!!!!!!!!!!!!!!!!!!!
!    THIS APPLICATION HAS NO HEALTHCHECKS. THIS MEANS YOU WILL NEVER KNOW      !
!     IF IT DIES IN PRODUCTION, WHICH MEANS YOU WILL NEVER KNOW IF YOU'RE      !
!    LETTING YOUR USERS DOWN. YOU SHOULD ADD A HEALTHCHECK FOR EACH OF YOUR    !
!         APPLICATION'S DEPENDENCIES WHICH FULLY (BUT LIGHTLY) TESTS IT.       !
!!!!!!!!!!!!!!!!!!!!!!!!!!!!!!!!!!!!!!!!!!!!!!!!!!!!!!!!!!!!!!!!!!!!!!!!!!!!!!!!
!!!!!!!!!!!!!!!!!!!!!!!!!!!!!!!!!!!!!!!!!!!!!!!!!!!!!!!!!!!!!!!!!!!!!!!!!!!!!!!!
INFO  [2023-02-11 23:23:13,241] org.eclipse.jetty.server.handler.ContextHandler: Started i.d.j.MutableServletContextHandler@38e00b47{/,null,AVAILABLE}
INFO  [2023-02-11 23:23:13,245] org.eclipse.jetty.server.AbstractConnector: Started application@995ad50{HTTP/1.1, (http/1.1)}{0.0.0.0:40301}
INFO  [2023-02-11 23:23:13,248] org.eclipse.jetty.server.AbstractConnector: Started admin@6249a08d{HTTP/1.1, (http/1.1)}{0.0.0.0:39955}
INFO  [2023-02-11 23:23:13,248] org.eclipse.jetty.server.Server: Started @3287ms
INFO  [2023-02-11 23:23:13,265] org.eclipse.jetty.server.AbstractConnector: Stopped application@995ad50{HTTP/1.1, (http/1.1)}{0.0.0.0:0}
INFO  [2023-02-11 23:23:13,265] org.eclipse.jetty.server.AbstractConnector: Stopped admin@6249a08d{HTTP/1.1, (http/1.1)}{0.0.0.0:0}
INFO  [2023-02-11 23:23:13,266] org.eclipse.jetty.server.session: node0 Stopped scavenging
INFO  [2023-02-11 23:23:13,317] io.dropwizard.server.DefaultServerFactory: Registering jersey handler with root path prefix: /
INFO  [2023-02-11 23:23:13,317] io.dropwizard.server.DefaultServerFactory: Registering admin handler with root path prefix: /
INFO  [2023-02-11 23:23:13,318] io.dropwizard.server.ServerFactory: Starting App
INFO  [2023-02-11 23:23:13,319] org.eclipse.jetty.setuid.SetUIDListener: Opened application@63814bbe{HTTP/1.1, (http/1.1)}{0.0.0.0:35879}
INFO  [2023-02-11 23:23:13,319] org.eclipse.jetty.setuid.SetUIDListener: Opened admin@3cb195dd{HTTP/1.1, (http/1.1)}{0.0.0.0:37363}
INFO  [2023-02-11 23:23:13,319] org.eclipse.jetty.server.Server: jetty-9.4.35.v20201120; built: 2020-11-20T21:17:03.964Z; git: bdc54f03a5e0a7e280fab27f55c3c75ee8da89fb; jvm 11.0.17+8-post-Ubuntu-1ubuntu218.04
INFO  [2023-02-11 23:23:13,320] org.eclipse.jetty.server.session: DefaultSessionIdManager workerName=node0
INFO  [2023-02-11 23:23:13,320] org.eclipse.jetty.server.session: No SessionScavenger set, using defaults
INFO  [2023-02-11 23:23:13,320] org.eclipse.jetty.server.session: node0 Scavenging every 660000ms
INFO  [2023-02-11 23:23:13,361] io.dropwizard.jersey.DropwizardResourceConfig: The following paths were found for the configured resources:

    GET     /dogs/{name} (org.pac4j.dropwizard.e2e.DogsResource)
    POST    /dogs/{name} (org.pac4j.dropwizard.e2e.DogsResource)

INFO  [2023-02-11 23:23:13,361] org.eclipse.jetty.server.handler.ContextHandler: Started i.d.j.MutableServletContextHandler@24fef542{/,null,AVAILABLE}
INFO  [2023-02-11 23:23:13,361] io.dropwizard.setup.AdminEnvironment: tasks = 

    POST    /tasks/log-level (io.dropwizard.servlets.tasks.LogConfigurationTask)
    POST    /tasks/gc (io.dropwizard.servlets.tasks.GarbageCollectionTask)

WARN  [2023-02-11 23:23:13,361] io.dropwizard.setup.AdminEnvironment: 
!!!!!!!!!!!!!!!!!!!!!!!!!!!!!!!!!!!!!!!!!!!!!!!!!!!!!!!!!!!!!!!!!!!!!!!!!!!!!!!!
!!!!!!!!!!!!!!!!!!!!!!!!!!!!!!!!!!!!!!!!!!!!!!!!!!!!!!!!!!!!!!!!!!!!!!!!!!!!!!!!
!    THIS APPLICATION HAS NO HEALTHCHECKS. THIS MEANS YOU WILL NEVER KNOW      !
!     IF IT DIES IN PRODUCTION, WHICH MEANS YOU WILL NEVER KNOW IF YOU'RE      !
!    LETTING YOUR USERS DOWN. YOU SHOULD ADD A HEALTHCHECK FOR EACH OF YOUR    !
!         APPLICATION'S DEPENDENCIES WHICH FULLY (BUT LIGHTLY) TESTS IT.       !
!!!!!!!!!!!!!!!!!!!!!!!!!!!!!!!!!!!!!!!!!!!!!!!!!!!!!!!!!!!!!!!!!!!!!!!!!!!!!!!!
!!!!!!!!!!!!!!!!!!!!!!!!!!!!!!!!!!!!!!!!!!!!!!!!!!!!!!!!!!!!!!!!!!!!!!!!!!!!!!!!
INFO  [2023-02-11 23:23:13,362] org.eclipse.jetty.server.handler.ContextHandler: Started i.d.j.MutableServletContextHandler@e36bc01{/,null,AVAILABLE}
INFO  [2023-02-11 23:23:13,369] org.eclipse.jetty.server.AbstractConnector: Started application@63814bbe{HTTP/1.1, (http/1.1)}{0.0.0.0:35879}
INFO  [2023-02-11 23:23:13,370] org.eclipse.jetty.server.AbstractConnector: Started admin@3cb195dd{HTTP/1.1, (http/1.1)}{0.0.0.0:37363}
INFO  [2023-02-11 23:23:13,371] org.eclipse.jetty.server.Server: Started @3410ms
INFO  [2023-02-11 23:23:13,419] org.eclipse.jetty.server.AbstractConnector: Stopped application@63814bbe{HTTP/1.1, (http/1.1)}{0.0.0.0:0}
INFO  [2023-02-11 23:23:13,420] org.eclipse.jetty.server.AbstractConnector: Stopped admin@3cb195dd{HTTP/1.1, (http/1.1)}{0.0.0.0:0}
INFO  [2023-02-11 23:23:13,420] org.eclipse.jetty.server.session: node0 Stopped scavenging
INFO  [2023-02-11 23:23:13,470] io.dropwizard.server.DefaultServerFactory: Registering jersey handler with root path prefix: /
INFO  [2023-02-11 23:23:13,470] io.dropwizard.server.DefaultServerFactory: Registering admin handler with root path prefix: /
INFO  [2023-02-11 23:23:13,471] io.dropwizard.server.ServerFactory: Starting App
INFO  [2023-02-11 23:23:13,473] org.eclipse.jetty.setuid.SetUIDListener: Opened application@7884f722{HTTP/1.1, (http/1.1)}{0.0.0.0:43243}
INFO  [2023-02-11 23:23:13,473] org.eclipse.jetty.setuid.SetUIDListener: Opened admin@16029e2f{HTTP/1.1, (http/1.1)}{0.0.0.0:34379}
INFO  [2023-02-11 23:23:13,473] org.eclipse.jetty.server.Server: jetty-9.4.35.v20201120; built: 2020-11-20T21:17:03.964Z; git: bdc54f03a5e0a7e280fab27f55c3c75ee8da89fb; jvm 11.0.17+8-post-Ubuntu-1ubuntu218.04
INFO  [2023-02-11 23:23:13,473] org.eclipse.jetty.server.session: DefaultSessionIdManager workerName=node0
INFO  [2023-02-11 23:23:13,473] org.eclipse.jetty.server.session: No SessionScavenger set, using defaults
INFO  [2023-02-11 23:23:13,473] org.eclipse.jetty.server.session: node0 Scavenging every 600000ms
INFO  [2023-02-11 23:23:13,519] io.dropwizard.jersey.DropwizardResourceConfig: The following paths were found for the configured resources:

    GET     /dogs/{name} (org.pac4j.dropwizard.e2e.DogsResource)
    POST    /dogs/{name} (org.pac4j.dropwizard.e2e.DogsResource)

INFO  [2023-02-11 23:23:13,519] org.eclipse.jetty.server.handler.ContextHandler: Started i.d.j.MutableServletContextHandler@26d8908e{/,null,AVAILABLE}
INFO  [2023-02-11 23:23:13,519] io.dropwizard.setup.AdminEnvironment: tasks = 

    POST    /tasks/log-level (io.dropwizard.servlets.tasks.LogConfigurationTask)
    POST    /tasks/gc (io.dropwizard.servlets.tasks.GarbageCollectionTask)

WARN  [2023-02-11 23:23:13,519] io.dropwizard.setup.AdminEnvironment: 
!!!!!!!!!!!!!!!!!!!!!!!!!!!!!!!!!!!!!!!!!!!!!!!!!!!!!!!!!!!!!!!!!!!!!!!!!!!!!!!!
!!!!!!!!!!!!!!!!!!!!!!!!!!!!!!!!!!!!!!!!!!!!!!!!!!!!!!!!!!!!!!!!!!!!!!!!!!!!!!!!
!    THIS APPLICATION HAS NO HEALTHCHECKS. THIS MEANS YOU WILL NEVER KNOW      !
!     IF IT DIES IN PRODUCTION, WHICH MEANS YOU WILL NEVER KNOW IF YOU'RE      !
!    LETTING YOUR USERS DOWN. YOU SHOULD ADD A HEALTHCHECK FOR EACH OF YOUR    !
!         APPLICATION'S DEPENDENCIES WHICH FULLY (BUT LIGHTLY) TESTS IT.       !
!!!!!!!!!!!!!!!!!!!!!!!!!!!!!!!!!!!!!!!!!!!!!!!!!!!!!!!!!!!!!!!!!!!!!!!!!!!!!!!!
!!!!!!!!!!!!!!!!!!!!!!!!!!!!!!!!!!!!!!!!!!!!!!!!!!!!!!!!!!!!!!!!!!!!!!!!!!!!!!!!
INFO  [2023-02-11 23:23:13,520] org.eclipse.jetty.server.handler.ContextHandler: Started i.d.j.MutableServletContextHandler@75f32817{/,null,AVAILABLE}
INFO  [2023-02-11 23:23:13,524] org.eclipse.jetty.server.AbstractConnector: Started application@7884f722{HTTP/1.1, (http/1.1)}{0.0.0.0:43243}
INFO  [2023-02-11 23:23:13,526] org.eclipse.jetty.server.AbstractConnector: Started admin@16029e2f{HTTP/1.1, (http/1.1)}{0.0.0.0:34379}
INFO  [2023-02-11 23:23:13,526] org.eclipse.jetty.server.Server: Started @3565ms
INFO  [2023-02-11 23:23:13,549] org.eclipse.jetty.server.AbstractConnector: Stopped application@7884f722{HTTP/1.1, (http/1.1)}{0.0.0.0:0}
INFO  [2023-02-11 23:23:13,549] org.eclipse.jetty.server.AbstractConnector: Stopped admin@16029e2f{HTTP/1.1, (http/1.1)}{0.0.0.0:0}
INFO  [2023-02-11 23:23:13,549] org.eclipse.jetty.server.session: node0 Stopped scavenging
Tests run: 6, Failures: 0, Errors: 6, Skipped: 0, Time elapsed: 0.408 sec <<< FAILURE!
grantsAccessToResources(org.pac4j.dropwizard.e2e.EndToEndServletTest)  Time elapsed: 0.125 sec  <<< ERROR!
javax.ws.rs.ProcessingException: java.net.SocketException: Unexpected end of file from server
	at org.glassfish.jersey.client.internal.HttpUrlConnector.apply(HttpUrlConnector.java:261)
	at org.glassfish.jersey.client.ClientRuntime.invoke(ClientRuntime.java:297)
	at org.glassfish.jersey.client.JerseyInvocation.lambda$invoke$1(JerseyInvocation.java:632)
	at org.glassfish.jersey.client.JerseyInvocation.call(JerseyInvocation.java:654)
	at org.glassfish.jersey.client.JerseyInvocation.lambda$runInScope$3(JerseyInvocation.java:648)
	at org.glassfish.jersey.internal.Errors.process(Errors.java:292)
	at org.glassfish.jersey.internal.Errors.process(Errors.java:274)
	at org.glassfish.jersey.internal.Errors.process(Errors.java:205)
	at org.glassfish.jersey.process.internal.RequestScope.runInScope(RequestScope.java:390)
	at org.glassfish.jersey.client.JerseyInvocation.runInScope(JerseyInvocation.java:648)
	at org.glassfish.jersey.client.JerseyInvocation.invoke(JerseyInvocation.java:631)
	at org.glassfish.jersey.client.JerseyInvocation$Builder.method(JerseyInvocation.java:406)
	at org.glassfish.jersey.client.JerseyInvocation$Builder.get(JerseyInvocation.java:302)
	at org.pac4j.dropwizard.e2e.EndToEndServletTest.grantsAccessToResources(EndToEndServletTest.java:62)
	at java.base/jdk.internal.reflect.NativeMethodAccessorImpl.invoke0(Native Method)
	at java.base/jdk.internal.reflect.NativeMethodAccessorImpl.invoke(NativeMethodAccessorImpl.java:62)
	at java.base/jdk.internal.reflect.DelegatingMethodAccessorImpl.invoke(DelegatingMethodAccessorImpl.java:43)
	at java.base/java.lang.reflect.Method.invoke(Method.java:566)
	at org.junit.runners.model.FrameworkMethod$1.runReflectiveCall(FrameworkMethod.java:50)
	at org.junit.internal.runners.model.ReflectiveCallable.run(ReflectiveCallable.java:12)
	at org.junit.runners.model.FrameworkMethod.invokeExplosively(FrameworkMethod.java:47)
	at org.junit.internal.runners.statements.InvokeMethod.evaluate(InvokeMethod.java:17)
	at org.junit.internal.runners.statements.RunAfters.evaluate(RunAfters.java:27)
	at org.junit.runners.ParentRunner.runLeaf(ParentRunner.java:325)
	at org.junit.runners.BlockJUnit4ClassRunner.runChild(BlockJUnit4ClassRunner.java:78)
	at org.junit.runners.BlockJUnit4ClassRunner.runChild(BlockJUnit4ClassRunner.java:57)
	at org.junit.runners.ParentRunner$3.run(ParentRunner.java:290)
	at org.junit.runners.ParentRunner$1.schedule(ParentRunner.java:71)
	at org.junit.runners.ParentRunner.runChildren(ParentRunner.java:288)
	at org.junit.runners.ParentRunner.access$000(ParentRunner.java:58)
	at org.junit.runners.ParentRunner$2.evaluate(ParentRunner.java:268)
	at org.junit.runners.ParentRunner.run(ParentRunner.java:363)
	at org.apache.maven.surefire.junit4.JUnit4Provider.execute(JUnit4Provider.java:252)
	at org.apache.maven.surefire.junit4.JUnit4Provider.executeTestSet(JUnit4Provider.java:141)
	at org.apache.maven.surefire.junit4.JUnit4Provider.invoke(JUnit4Provider.java:112)
	at java.base/jdk.internal.reflect.NativeMethodAccessorImpl.invoke0(Native Method)
	at java.base/jdk.internal.reflect.NativeMethodAccessorImpl.invoke(NativeMethodAccessorImpl.java:62)
	at java.base/jdk.internal.reflect.DelegatingMethodAccessorImpl.invoke(DelegatingMethodAccessorImpl.java:43)
	at java.base/java.lang.reflect.Method.invoke(Method.java:566)
	at org.apache.maven.surefire.util.ReflectionUtils.invokeMethodWithArray(ReflectionUtils.java:189)
	at org.apache.maven.surefire.booter.ProviderFactory$ProviderProxy.invoke(ProviderFactory.java:165)
	at org.apache.maven.surefire.booter.ProviderFactory.invokeProvider(ProviderFactory.java:85)
	at org.apache.maven.surefire.booter.ForkedBooter.runSuitesInProcess(ForkedBooter.java:115)
	at org.apache.maven.surefire.booter.ForkedBooter.main(ForkedBooter.java:75)
Caused by: java.net.SocketException: Unexpected end of file from server
	at java.base/sun.net.www.http.HttpClient.parseHTTPHeader(HttpClient.java:899)
	at java.base/sun.net.www.http.HttpClient.parseHTTP(HttpClient.java:722)
	at java.base/sun.net.www.http.HttpClient.parseHTTPHeader(HttpClient.java:896)
	at java.base/sun.net.www.http.HttpClient.parseHTTP(HttpClient.java:722)
	at java.base/sun.net.www.protocol.http.HttpURLConnection.getInputStream0(HttpURLConnection.java:1615)
	at java.base/sun.net.www.protocol.http.HttpURLConnection.getInputStream(HttpURLConnection.java:1520)
	at java.base/java.net.HttpURLConnection.getResponseCode(HttpURLConnection.java:527)
	at org.glassfish.jersey.client.internal.HttpUrlConnector._apply(HttpUrlConnector.java:374)
	at org.glassfish.jersey.client.internal.HttpUrlConnector.apply(HttpUrlConnector.java:259)
	... 43 more

grantsAccessToResources(org.pac4j.dropwizard.e2e.EndToEndServletTest)  Time elapsed: 0.126 sec  <<< ERROR!
java.lang.RuntimeException: MultiException[java.lang.AbstractMethodError: Receiver class org.eclipse.jetty.server.AllowedResourceAliasChecker$AllowedResourceAliasCheckListener does not define or inherit an implementation of the resolved method 'abstract void lifeCycleFailure(org.eclipse.jetty.util.component.LifeCycle, java.lang.Throwable)' of interface org.eclipse.jetty.util.component.LifeCycle$Listener., java.lang.AbstractMethodError: Receiver class org.eclipse.jetty.server.AllowedResourceAliasChecker$AllowedResourceAliasCheckListener does not define or inherit an implementation of the resolved method 'abstract void lifeCycleFailure(org.eclipse.jetty.util.component.LifeCycle, java.lang.Throwable)' of interface org.eclipse.jetty.util.component.LifeCycle$Listener.]
	at io.dropwizard.testing.DropwizardTestSupport.stopIfRequired(DropwizardTestSupport.java:257)
	at io.dropwizard.testing.DropwizardTestSupport.after(DropwizardTestSupport.java:237)
	at org.pac4j.dropwizard.AbstractApplicationTest.tearDown(AbstractApplicationTest.java:36)
	at java.base/jdk.internal.reflect.NativeMethodAccessorImpl.invoke0(Native Method)
	at java.base/jdk.internal.reflect.NativeMethodAccessorImpl.invoke(NativeMethodAccessorImpl.java:62)
	at java.base/jdk.internal.reflect.DelegatingMethodAccessorImpl.invoke(DelegatingMethodAccessorImpl.java:43)
	at java.base/java.lang.reflect.Method.invoke(Method.java:566)
	at org.junit.runners.model.FrameworkMethod$1.runReflectiveCall(FrameworkMethod.java:50)
	at org.junit.internal.runners.model.ReflectiveCallable.run(ReflectiveCallable.java:12)
	at org.junit.runners.model.FrameworkMethod.invokeExplosively(FrameworkMethod.java:47)
	at org.junit.internal.runners.statements.RunAfters.evaluate(RunAfters.java:33)
	at org.junit.runners.ParentRunner.runLeaf(ParentRunner.java:325)
	at org.junit.runners.BlockJUnit4ClassRunner.runChild(BlockJUnit4ClassRunner.java:78)
	at org.junit.runners.BlockJUnit4ClassRunner.runChild(BlockJUnit4ClassRunner.java:57)
	at org.junit.runners.ParentRunner$3.run(ParentRunner.java:290)
	at org.junit.runners.ParentRunner$1.schedule(ParentRunner.java:71)
	at org.junit.runners.ParentRunner.runChildren(ParentRunner.java:288)
	at org.junit.runners.ParentRunner.access$000(ParentRunner.java:58)
	at org.junit.runners.ParentRunner$2.evaluate(ParentRunner.java:268)
	at org.junit.runners.ParentRunner.run(ParentRunner.java:363)
	at org.apache.maven.surefire.junit4.JUnit4Provider.execute(JUnit4Provider.java:252)
	at org.apache.maven.surefire.junit4.JUnit4Provider.executeTestSet(JUnit4Provider.java:141)
	at org.apache.maven.surefire.junit4.JUnit4Provider.invoke(JUnit4Provider.java:112)
	at java.base/jdk.internal.reflect.NativeMethodAccessorImpl.invoke0(Native Method)
	at java.base/jdk.internal.reflect.NativeMethodAccessorImpl.invoke(NativeMethodAccessorImpl.java:62)
	at java.base/jdk.internal.reflect.DelegatingMethodAccessorImpl.invoke(DelegatingMethodAccessorImpl.java:43)
	at java.base/java.lang.reflect.Method.invoke(Method.java:566)
	at org.apache.maven.surefire.util.ReflectionUtils.invokeMethodWithArray(ReflectionUtils.java:189)
	at org.apache.maven.surefire.booter.ProviderFactory$ProviderProxy.invoke(ProviderFactory.java:165)
	at org.apache.maven.surefire.booter.ProviderFactory.invokeProvider(ProviderFactory.java:85)
	at org.apache.maven.surefire.booter.ForkedBooter.runSuitesInProcess(ForkedBooter.java:115)
	at org.apache.maven.surefire.booter.ForkedBooter.main(ForkedBooter.java:75)
Caused by: MultiException[java.lang.AbstractMethodError: Receiver class org.eclipse.jetty.server.AllowedResourceAliasChecker$AllowedResourceAliasCheckListener does not define or inherit an implementation of the resolved method 'abstract void lifeCycleFailure(org.eclipse.jetty.util.component.LifeCycle, java.lang.Throwable)' of interface org.eclipse.jetty.util.component.LifeCycle$Listener., java.lang.AbstractMethodError: Receiver class org.eclipse.jetty.server.AllowedResourceAliasChecker$AllowedResourceAliasCheckListener does not define or inherit an implementation of the resolved method 'abstract void lifeCycleFailure(org.eclipse.jetty.util.component.LifeCycle, java.lang.Throwable)' of interface org.eclipse.jetty.util.component.LifeCycle$Listener.]
	at org.eclipse.jetty.util.MultiException.ifExceptionThrow(MultiException.java:122)
	at org.eclipse.jetty.server.Server.doStop(Server.java:484)
	at org.eclipse.jetty.util.component.AbstractLifeCycle.stop(AbstractLifeCycle.java:94)
	at io.dropwizard.testing.DropwizardTestSupport.stopIfRequired(DropwizardTestSupport.java:252)
	... 31 more
	Suppressed: java.lang.AbstractMethodError: Receiver class org.eclipse.jetty.server.AllowedResourceAliasChecker$AllowedResourceAliasCheckListener does not define or inherit an implementation of the resolved method 'abstract void lifeCycleFailure(org.eclipse.jetty.util.component.LifeCycle, java.lang.Throwable)' of interface org.eclipse.jetty.util.component.LifeCycle$Listener.
		at org.eclipse.jetty.util.component.AbstractLifeCycle.setFailed(AbstractLifeCycle.java:238)
		at org.eclipse.jetty.util.component.AbstractLifeCycle.stop(AbstractLifeCycle.java:99)
		at org.eclipse.jetty.util.component.ContainerLifeCycle.stop(ContainerLifeCycle.java:180)
		at org.eclipse.jetty.util.component.ContainerLifeCycle.doStop(ContainerLifeCycle.java:201)
		at org.eclipse.jetty.server.handler.AbstractHandler.doStop(AbstractHandler.java:108)
		at org.eclipse.jetty.util.component.AbstractLifeCycle.stop(AbstractLifeCycle.java:94)
		at org.eclipse.jetty.util.component.ContainerLifeCycle.stop(ContainerLifeCycle.java:180)
		at org.eclipse.jetty.util.component.ContainerLifeCycle.doStop(ContainerLifeCycle.java:201)
		at org.eclipse.jetty.server.handler.AbstractHandler.doStop(AbstractHandler.java:108)
		at org.eclipse.jetty.util.component.AbstractLifeCycle.stop(AbstractLifeCycle.java:94)
		at org.eclipse.jetty.util.component.ContainerLifeCycle.stop(ContainerLifeCycle.java:180)
		at org.eclipse.jetty.util.component.ContainerLifeCycle.doStop(ContainerLifeCycle.java:201)
		at org.eclipse.jetty.server.handler.AbstractHandler.doStop(AbstractHandler.java:108)
		at org.eclipse.jetty.util.component.AbstractLifeCycle.stop(AbstractLifeCycle.java:94)
		at org.eclipse.jetty.util.component.ContainerLifeCycle.stop(ContainerLifeCycle.java:180)
		at org.eclipse.jetty.util.component.ContainerLifeCycle.doStop(ContainerLifeCycle.java:201)
		at org.eclipse.jetty.server.handler.AbstractHandler.doStop(AbstractHandler.java:108)
		at org.eclipse.jetty.server.handler.StatisticsHandler.doStop(StatisticsHandler.java:272)
		at org.eclipse.jetty.util.component.AbstractLifeCycle.stop(AbstractLifeCycle.java:94)
		at org.eclipse.jetty.util.component.ContainerLifeCycle.stop(ContainerLifeCycle.java:180)
		at org.eclipse.jetty.util.component.ContainerLifeCycle.doStop(ContainerLifeCycle.java:201)
		at org.eclipse.jetty.server.handler.AbstractHandler.doStop(AbstractHandler.java:108)
		at org.eclipse.jetty.server.Server.doStop(Server.java:470)
		... 33 more
	Suppressed: java.lang.AbstractMethodError: Receiver class org.eclipse.jetty.server.AllowedResourceAliasChecker$AllowedResourceAliasCheckListener does not define or inherit an implementation of the resolved method 'abstract void lifeCycleFailure(org.eclipse.jetty.util.component.LifeCycle, java.lang.Throwable)' of interface org.eclipse.jetty.util.component.LifeCycle$Listener.
		at org.eclipse.jetty.util.component.AbstractLifeCycle.setFailed(AbstractLifeCycle.java:238)
		at org.eclipse.jetty.util.component.AbstractLifeCycle.stop(AbstractLifeCycle.java:99)
		at org.eclipse.jetty.util.component.ContainerLifeCycle.stop(ContainerLifeCycle.java:180)
		at org.eclipse.jetty.util.component.ContainerLifeCycle.doStop(ContainerLifeCycle.java:201)
		at org.eclipse.jetty.server.handler.AbstractHandler.doStop(AbstractHandler.java:108)
		at com.codahale.metrics.jetty9.InstrumentedHandler.doStop(InstrumentedHandler.java:285)
		at org.eclipse.jetty.util.component.AbstractLifeCycle.stop(AbstractLifeCycle.java:94)
		at org.eclipse.jetty.util.component.ContainerLifeCycle.stop(ContainerLifeCycle.java:180)
		at org.eclipse.jetty.util.component.ContainerLifeCycle.doStop(ContainerLifeCycle.java:201)
		at org.eclipse.jetty.server.handler.AbstractHandler.doStop(AbstractHandler.java:108)
		at org.eclipse.jetty.util.component.AbstractLifeCycle.stop(AbstractLifeCycle.java:94)
		at org.eclipse.jetty.util.component.ContainerLifeCycle.stop(ContainerLifeCycle.java:180)
		at org.eclipse.jetty.util.component.ContainerLifeCycle.doStop(ContainerLifeCycle.java:201)
		at org.eclipse.jetty.server.handler.AbstractHandler.doStop(AbstractHandler.java:108)
		at org.eclipse.jetty.util.component.AbstractLifeCycle.stop(AbstractLifeCycle.java:94)
		at org.eclipse.jetty.util.component.ContainerLifeCycle.stop(ContainerLifeCycle.java:180)
		at org.eclipse.jetty.util.component.ContainerLifeCycle.doStop(ContainerLifeCycle.java:201)
		at org.eclipse.jetty.server.handler.AbstractHandler.doStop(AbstractHandler.java:108)
		at org.eclipse.jetty.util.component.AbstractLifeCycle.stop(AbstractLifeCycle.java:94)
		at org.eclipse.jetty.util.component.ContainerLifeCycle.stop(ContainerLifeCycle.java:180)
		at org.eclipse.jetty.util.component.ContainerLifeCycle.doStop(ContainerLifeCycle.java:201)
		at org.eclipse.jetty.server.handler.AbstractHandler.doStop(AbstractHandler.java:108)
		at org.eclipse.jetty.server.handler.StatisticsHandler.doStop(StatisticsHandler.java:272)
		at org.eclipse.jetty.util.component.AbstractLifeCycle.stop(AbstractLifeCycle.java:94)
		at org.eclipse.jetty.util.component.ContainerLifeCycle.stop(ContainerLifeCycle.java:180)
		at org.eclipse.jetty.util.component.ContainerLifeCycle.doStop(ContainerLifeCycle.java:201)
		at org.eclipse.jetty.server.handler.AbstractHandler.doStop(AbstractHandler.java:108)
		at org.eclipse.jetty.server.Server.doStop(Server.java:470)
		... 33 more
Caused by: [CIRCULAR REFERENCE: java.lang.AbstractMethodError: Receiver class org.eclipse.jetty.server.AllowedResourceAliasChecker$AllowedResourceAliasCheckListener does not define or inherit an implementation of the resolved method 'abstract void lifeCycleFailure(org.eclipse.jetty.util.component.LifeCycle, java.lang.Throwable)' of interface org.eclipse.jetty.util.component.LifeCycle$Listener.]

grantsAccessToResourcesForm(org.pac4j.dropwizard.e2e.EndToEndServletTest)  Time elapsed: 0.151 sec  <<< ERROR!
javax.ws.rs.ProcessingException: java.net.SocketException: Unexpected end of file from server
	at org.glassfish.jersey.client.internal.HttpUrlConnector.apply(HttpUrlConnector.java:261)
	at org.glassfish.jersey.client.ClientRuntime.invoke(ClientRuntime.java:297)
	at org.glassfish.jersey.client.JerseyInvocation.lambda$invoke$1(JerseyInvocation.java:632)
	at org.glassfish.jersey.client.JerseyInvocation.call(JerseyInvocation.java:654)
	at org.glassfish.jersey.client.JerseyInvocation.lambda$runInScope$3(JerseyInvocation.java:648)
	at org.glassfish.jersey.internal.Errors.process(Errors.java:292)
	at org.glassfish.jersey.internal.Errors.process(Errors.java:274)
	at org.glassfish.jersey.internal.Errors.process(Errors.java:205)
	at org.glassfish.jersey.process.internal.RequestScope.runInScope(RequestScope.java:390)
	at org.glassfish.jersey.client.JerseyInvocation.runInScope(JerseyInvocation.java:648)
	at org.glassfish.jersey.client.JerseyInvocation.invoke(JerseyInvocation.java:631)
	at org.glassfish.jersey.client.JerseyInvocation$Builder.method(JerseyInvocation.java:434)
	at org.glassfish.jersey.client.JerseyInvocation$Builder.post(JerseyInvocation.java:335)
	at org.pac4j.dropwizard.e2e.EndToEndServletTest.grantsAccessToResourcesForm(EndToEndServletTest.java:45)
	at java.base/jdk.internal.reflect.NativeMethodAccessorImpl.invoke0(Native Method)
	at java.base/jdk.internal.reflect.NativeMethodAccessorImpl.invoke(NativeMethodAccessorImpl.java:62)
	at java.base/jdk.internal.reflect.DelegatingMethodAccessorImpl.invoke(DelegatingMethodAccessorImpl.java:43)
	at java.base/java.lang.reflect.Method.invoke(Method.java:566)
	at org.junit.runners.model.FrameworkMethod$1.runReflectiveCall(FrameworkMethod.java:50)
	at org.junit.internal.runners.model.ReflectiveCallable.run(ReflectiveCallable.java:12)
	at org.junit.runners.model.FrameworkMethod.invokeExplosively(FrameworkMethod.java:47)
	at org.junit.internal.runners.statements.InvokeMethod.evaluate(InvokeMethod.java:17)
	at org.junit.internal.runners.statements.RunAfters.evaluate(RunAfters.java:27)
	at org.junit.runners.ParentRunner.runLeaf(ParentRunner.java:325)
	at org.junit.runners.BlockJUnit4ClassRunner.runChild(BlockJUnit4ClassRunner.java:78)
	at org.junit.runners.BlockJUnit4ClassRunner.runChild(BlockJUnit4ClassRunner.java:57)
	at org.junit.runners.ParentRunner$3.run(ParentRunner.java:290)
	at org.junit.runners.ParentRunner$1.schedule(ParentRunner.java:71)
	at org.junit.runners.ParentRunner.runChildren(ParentRunner.java:288)
	at org.junit.runners.ParentRunner.access$000(ParentRunner.java:58)
	at org.junit.runners.ParentRunner$2.evaluate(ParentRunner.java:268)
	at org.junit.runners.ParentRunner.run(ParentRunner.java:363)
	at org.apache.maven.surefire.junit4.JUnit4Provider.execute(JUnit4Provider.java:252)
	at org.apache.maven.surefire.junit4.JUnit4Provider.executeTestSet(JUnit4Provider.java:141)
	at org.apache.maven.surefire.junit4.JUnit4Provider.invoke(JUnit4Provider.java:112)
	at java.base/jdk.internal.reflect.NativeMethodAccessorImpl.invoke0(Native Method)
	at java.base/jdk.internal.reflect.NativeMethodAccessorImpl.invoke(NativeMethodAccessorImpl.java:62)
	at java.base/jdk.internal.reflect.DelegatingMethodAccessorImpl.invoke(DelegatingMethodAccessorImpl.java:43)
	at java.base/java.lang.reflect.Method.invoke(Method.java:566)
	at org.apache.maven.surefire.util.ReflectionUtils.invokeMethodWithArray(ReflectionUtils.java:189)
	at org.apache.maven.surefire.booter.ProviderFactory$ProviderProxy.invoke(ProviderFactory.java:165)
	at org.apache.maven.surefire.booter.ProviderFactory.invokeProvider(ProviderFactory.java:85)
	at org.apache.maven.surefire.booter.ForkedBooter.runSuitesInProcess(ForkedBooter.java:115)
	at org.apache.maven.surefire.booter.ForkedBooter.main(ForkedBooter.java:75)
Caused by: java.net.SocketException: Unexpected end of file from server
	at java.base/sun.net.www.http.HttpClient.parseHTTPHeader(HttpClient.java:899)
	at java.base/sun.net.www.http.HttpClient.parseHTTP(HttpClient.java:722)
	at java.base/sun.net.www.http.HttpClient.parseHTTPHeader(HttpClient.java:896)
	at java.base/sun.net.www.http.HttpClient.parseHTTP(HttpClient.java:722)
	at java.base/sun.net.www.protocol.http.HttpURLConnection.getInputStream0(HttpURLConnection.java:1615)
	at java.base/sun.net.www.protocol.http.HttpURLConnection.getInputStream(HttpURLConnection.java:1520)
	at java.base/java.net.HttpURLConnection.getResponseCode(HttpURLConnection.java:527)
	at org.glassfish.jersey.client.internal.HttpUrlConnector._apply(HttpUrlConnector.java:374)
	at org.glassfish.jersey.client.internal.HttpUrlConnector.apply(HttpUrlConnector.java:259)
	... 43 more

grantsAccessToResourcesForm(org.pac4j.dropwizard.e2e.EndToEndServletTest)  Time elapsed: 0.153 sec  <<< ERROR!
java.lang.RuntimeException: MultiException[java.lang.AbstractMethodError: Receiver class org.eclipse.jetty.server.AllowedResourceAliasChecker$AllowedResourceAliasCheckListener does not define or inherit an implementation of the resolved method 'abstract void lifeCycleFailure(org.eclipse.jetty.util.component.LifeCycle, java.lang.Throwable)' of interface org.eclipse.jetty.util.component.LifeCycle$Listener., java.lang.AbstractMethodError: Receiver class org.eclipse.jetty.server.AllowedResourceAliasChecker$AllowedResourceAliasCheckListener does not define or inherit an implementation of the resolved method 'abstract void lifeCycleFailure(org.eclipse.jetty.util.component.LifeCycle, java.lang.Throwable)' of interface org.eclipse.jetty.util.component.LifeCycle$Listener.]
	at io.dropwizard.testing.DropwizardTestSupport.stopIfRequired(DropwizardTestSupport.java:257)
	at io.dropwizard.testing.DropwizardTestSupport.after(DropwizardTestSupport.java:237)
	at org.pac4j.dropwizard.AbstractApplicationTest.tearDown(AbstractApplicationTest.java:36)
	at java.base/jdk.internal.reflect.NativeMethodAccessorImpl.invoke0(Native Method)
	at java.base/jdk.internal.reflect.NativeMethodAccessorImpl.invoke(NativeMethodAccessorImpl.java:62)
	at java.base/jdk.internal.reflect.DelegatingMethodAccessorImpl.invoke(DelegatingMethodAccessorImpl.java:43)
	at java.base/java.lang.reflect.Method.invoke(Method.java:566)
	at org.junit.runners.model.FrameworkMethod$1.runReflectiveCall(FrameworkMethod.java:50)
	at org.junit.internal.runners.model.ReflectiveCallable.run(ReflectiveCallable.java:12)
	at org.junit.runners.model.FrameworkMethod.invokeExplosively(FrameworkMethod.java:47)
	at org.junit.internal.runners.statements.RunAfters.evaluate(RunAfters.java:33)
	at org.junit.runners.ParentRunner.runLeaf(ParentRunner.java:325)
	at org.junit.runners.BlockJUnit4ClassRunner.runChild(BlockJUnit4ClassRunner.java:78)
	at org.junit.runners.BlockJUnit4ClassRunner.runChild(BlockJUnit4ClassRunner.java:57)
	at org.junit.runners.ParentRunner$3.run(ParentRunner.java:290)
	at org.junit.runners.ParentRunner$1.schedule(ParentRunner.java:71)
	at org.junit.runners.ParentRunner.runChildren(ParentRunner.java:288)
	at org.junit.runners.ParentRunner.access$000(ParentRunner.java:58)
	at org.junit.runners.ParentRunner$2.evaluate(ParentRunner.java:268)
	at org.junit.runners.ParentRunner.run(ParentRunner.java:363)
	at org.apache.maven.surefire.junit4.JUnit4Provider.execute(JUnit4Provider.java:252)
	at org.apache.maven.surefire.junit4.JUnit4Provider.executeTestSet(JUnit4Provider.java:141)
	at org.apache.maven.surefire.junit4.JUnit4Provider.invoke(JUnit4Provider.java:112)
	at java.base/jdk.internal.reflect.NativeMethodAccessorImpl.invoke0(Native Method)
	at java.base/jdk.internal.reflect.NativeMethodAccessorImpl.invoke(NativeMethodAccessorImpl.java:62)
	at java.base/jdk.internal.reflect.DelegatingMethodAccessorImpl.invoke(DelegatingMethodAccessorImpl.java:43)
	at java.base/java.lang.reflect.Method.invoke(Method.java:566)
	at org.apache.maven.surefire.util.ReflectionUtils.invokeMethodWithArray(ReflectionUtils.java:189)
	at org.apache.maven.surefire.booter.ProviderFactory$ProviderProxy.invoke(ProviderFactory.java:165)
	at org.apache.maven.surefire.booter.ProviderFactory.invokeProvider(ProviderFactory.java:85)
	at org.apache.maven.surefire.booter.ForkedBooter.runSuitesInProcess(ForkedBooter.java:115)
	at org.apache.maven.surefire.booter.ForkedBooter.main(ForkedBooter.java:75)
Caused by: MultiException[java.lang.AbstractMethodError: Receiver class org.eclipse.jetty.server.AllowedResourceAliasChecker$AllowedResourceAliasCheckListener does not define or inherit an implementation of the resolved method 'abstract void lifeCycleFailure(org.eclipse.jetty.util.component.LifeCycle, java.lang.Throwable)' of interface org.eclipse.jetty.util.component.LifeCycle$Listener., java.lang.AbstractMethodError: Receiver class org.eclipse.jetty.server.AllowedResourceAliasChecker$AllowedResourceAliasCheckListener does not define or inherit an implementation of the resolved method 'abstract void lifeCycleFailure(org.eclipse.jetty.util.component.LifeCycle, java.lang.Throwable)' of interface org.eclipse.jetty.util.component.LifeCycle$Listener.]
	at org.eclipse.jetty.util.MultiException.ifExceptionThrow(MultiException.java:122)
	at org.eclipse.jetty.server.Server.doStop(Server.java:484)
	at org.eclipse.jetty.util.component.AbstractLifeCycle.stop(AbstractLifeCycle.java:94)
	at io.dropwizard.testing.DropwizardTestSupport.stopIfRequired(DropwizardTestSupport.java:252)
	... 31 more
	Suppressed: java.lang.AbstractMethodError: Receiver class org.eclipse.jetty.server.AllowedResourceAliasChecker$AllowedResourceAliasCheckListener does not define or inherit an implementation of the resolved method 'abstract void lifeCycleFailure(org.eclipse.jetty.util.component.LifeCycle, java.lang.Throwable)' of interface org.eclipse.jetty.util.component.LifeCycle$Listener.
		at org.eclipse.jetty.util.component.AbstractLifeCycle.setFailed(AbstractLifeCycle.java:238)
		at org.eclipse.jetty.util.component.AbstractLifeCycle.stop(AbstractLifeCycle.java:99)
		at org.eclipse.jetty.util.component.ContainerLifeCycle.stop(ContainerLifeCycle.java:180)
		at org.eclipse.jetty.util.component.ContainerLifeCycle.doStop(ContainerLifeCycle.java:201)
		at org.eclipse.jetty.server.handler.AbstractHandler.doStop(AbstractHandler.java:108)
		at org.eclipse.jetty.util.component.AbstractLifeCycle.stop(AbstractLifeCycle.java:94)
		at org.eclipse.jetty.util.component.ContainerLifeCycle.stop(ContainerLifeCycle.java:180)
		at org.eclipse.jetty.util.component.ContainerLifeCycle.doStop(ContainerLifeCycle.java:201)
		at org.eclipse.jetty.server.handler.AbstractHandler.doStop(AbstractHandler.java:108)
		at org.eclipse.jetty.util.component.AbstractLifeCycle.stop(AbstractLifeCycle.java:94)
		at org.eclipse.jetty.util.component.ContainerLifeCycle.stop(ContainerLifeCycle.java:180)
		at org.eclipse.jetty.util.component.ContainerLifeCycle.doStop(ContainerLifeCycle.java:201)
		at org.eclipse.jetty.server.handler.AbstractHandler.doStop(AbstractHandler.java:108)
		at org.eclipse.jetty.util.component.AbstractLifeCycle.stop(AbstractLifeCycle.java:94)
		at org.eclipse.jetty.util.component.ContainerLifeCycle.stop(ContainerLifeCycle.java:180)
		at org.eclipse.jetty.util.component.ContainerLifeCycle.doStop(ContainerLifeCycle.java:201)
		at org.eclipse.jetty.server.handler.AbstractHandler.doStop(AbstractHandler.java:108)
		at org.eclipse.jetty.server.handler.StatisticsHandler.doStop(StatisticsHandler.java:272)
		at org.eclipse.jetty.util.component.AbstractLifeCycle.stop(AbstractLifeCycle.java:94)
		at org.eclipse.jetty.util.component.ContainerLifeCycle.stop(ContainerLifeCycle.java:180)
		at org.eclipse.jetty.util.component.ContainerLifeCycle.doStop(ContainerLifeCycle.java:201)
		at org.eclipse.jetty.server.handler.AbstractHandler.doStop(AbstractHandler.java:108)
		at org.eclipse.jetty.server.Server.doStop(Server.java:470)
		... 33 more
	Suppressed: java.lang.AbstractMethodError: Receiver class org.eclipse.jetty.server.AllowedResourceAliasChecker$AllowedResourceAliasCheckListener does not define or inherit an implementation of the resolved method 'abstract void lifeCycleFailure(org.eclipse.jetty.util.component.LifeCycle, java.lang.Throwable)' of interface org.eclipse.jetty.util.component.LifeCycle$Listener.
		at org.eclipse.jetty.util.component.AbstractLifeCycle.setFailed(AbstractLifeCycle.java:238)
		at org.eclipse.jetty.util.component.AbstractLifeCycle.stop(AbstractLifeCycle.java:99)
		at org.eclipse.jetty.util.component.ContainerLifeCycle.stop(ContainerLifeCycle.java:180)
		at org.eclipse.jetty.util.component.ContainerLifeCycle.doStop(ContainerLifeCycle.java:201)
		at org.eclipse.jetty.server.handler.AbstractHandler.doStop(AbstractHandler.java:108)
		at com.codahale.metrics.jetty9.InstrumentedHandler.doStop(InstrumentedHandler.java:285)
		at org.eclipse.jetty.util.component.AbstractLifeCycle.stop(AbstractLifeCycle.java:94)
		at org.eclipse.jetty.util.component.ContainerLifeCycle.stop(ContainerLifeCycle.java:180)
		at org.eclipse.jetty.util.component.ContainerLifeCycle.doStop(ContainerLifeCycle.java:201)
		at org.eclipse.jetty.server.handler.AbstractHandler.doStop(AbstractHandler.java:108)
		at org.eclipse.jetty.util.component.AbstractLifeCycle.stop(AbstractLifeCycle.java:94)
		at org.eclipse.jetty.util.component.ContainerLifeCycle.stop(ContainerLifeCycle.java:180)
		at org.eclipse.jetty.util.component.ContainerLifeCycle.doStop(ContainerLifeCycle.java:201)
		at org.eclipse.jetty.server.handler.AbstractHandler.doStop(AbstractHandler.java:108)
		at org.eclipse.jetty.util.component.AbstractLifeCycle.stop(AbstractLifeCycle.java:94)
		at org.eclipse.jetty.util.component.ContainerLifeCycle.stop(ContainerLifeCycle.java:180)
		at org.eclipse.jetty.util.component.ContainerLifeCycle.doStop(ContainerLifeCycle.java:201)
		at org.eclipse.jetty.server.handler.AbstractHandler.doStop(AbstractHandler.java:108)
		at org.eclipse.jetty.util.component.AbstractLifeCycle.stop(AbstractLifeCycle.java:94)
		at org.eclipse.jetty.util.component.ContainerLifeCycle.stop(ContainerLifeCycle.java:180)
		at org.eclipse.jetty.util.component.ContainerLifeCycle.doStop(ContainerLifeCycle.java:201)
		at org.eclipse.jetty.server.handler.AbstractHandler.doStop(AbstractHandler.java:108)
		at org.eclipse.jetty.server.handler.StatisticsHandler.doStop(StatisticsHandler.java:272)
		at org.eclipse.jetty.util.component.AbstractLifeCycle.stop(AbstractLifeCycle.java:94)
		at org.eclipse.jetty.util.component.ContainerLifeCycle.stop(ContainerLifeCycle.java:180)
		at org.eclipse.jetty.util.component.ContainerLifeCycle.doStop(ContainerLifeCycle.java:201)
		at org.eclipse.jetty.server.handler.AbstractHandler.doStop(AbstractHandler.java:108)
		at org.eclipse.jetty.server.Server.doStop(Server.java:470)
		... 33 more
Caused by: [CIRCULAR REFERENCE: java.lang.AbstractMethodError: Receiver class org.eclipse.jetty.server.AllowedResourceAliasChecker$AllowedResourceAliasCheckListener does not define or inherit an implementation of the resolved method 'abstract void lifeCycleFailure(org.eclipse.jetty.util.component.LifeCycle, java.lang.Throwable)' of interface org.eclipse.jetty.util.component.LifeCycle$Listener.]

restrictsAccessToResources(org.pac4j.dropwizard.e2e.EndToEndServletTest)  Time elapsed: 0.127 sec  <<< ERROR!
javax.ws.rs.ProcessingException: java.net.SocketException: Unexpected end of file from server
	at org.glassfish.jersey.client.internal.HttpUrlConnector.apply(HttpUrlConnector.java:261)
	at org.glassfish.jersey.client.ClientRuntime.invoke(ClientRuntime.java:297)
	at org.glassfish.jersey.client.JerseyInvocation.lambda$invoke$0(JerseyInvocation.java:619)
	at org.glassfish.jersey.client.JerseyInvocation.call(JerseyInvocation.java:654)
	at org.glassfish.jersey.client.JerseyInvocation.lambda$runInScope$3(JerseyInvocation.java:648)
	at org.glassfish.jersey.internal.Errors.process(Errors.java:292)
	at org.glassfish.jersey.internal.Errors.process(Errors.java:274)
	at org.glassfish.jersey.internal.Errors.process(Errors.java:205)
	at org.glassfish.jersey.process.internal.RequestScope.runInScope(RequestScope.java:390)
	at org.glassfish.jersey.client.JerseyInvocation.runInScope(JerseyInvocation.java:648)
	at org.glassfish.jersey.client.JerseyInvocation.invoke(JerseyInvocation.java:618)
	at org.glassfish.jersey.client.JerseyInvocation$Builder.method(JerseyInvocation.java:397)
	at org.glassfish.jersey.client.JerseyInvocation$Builder.get(JerseyInvocation.java:297)
	at org.pac4j.dropwizard.e2e.EndToEndServletTest.restrictsAccessToResources(EndToEndServletTest.java:76)
	at java.base/jdk.internal.reflect.NativeMethodAccessorImpl.invoke0(Native Method)
	at java.base/jdk.internal.reflect.NativeMethodAccessorImpl.invoke(NativeMethodAccessorImpl.java:62)
	at java.base/jdk.internal.reflect.DelegatingMethodAccessorImpl.invoke(DelegatingMethodAccessorImpl.java:43)
	at java.base/java.lang.reflect.Method.invoke(Method.java:566)
	at org.junit.runners.model.FrameworkMethod$1.runReflectiveCall(FrameworkMethod.java:50)
	at org.junit.internal.runners.model.ReflectiveCallable.run(ReflectiveCallable.java:12)
	at org.junit.runners.model.FrameworkMethod.invokeExplosively(FrameworkMethod.java:47)
	at org.junit.internal.runners.statements.InvokeMethod.evaluate(InvokeMethod.java:17)
	at org.junit.internal.runners.statements.RunAfters.evaluate(RunAfters.java:27)
	at org.junit.runners.ParentRunner.runLeaf(ParentRunner.java:325)
	at org.junit.runners.BlockJUnit4ClassRunner.runChild(BlockJUnit4ClassRunner.java:78)
	at org.junit.runners.BlockJUnit4ClassRunner.runChild(BlockJUnit4ClassRunner.java:57)
	at org.junit.runners.ParentRunner$3.run(ParentRunner.java:290)
	at org.junit.runners.ParentRunner$1.schedule(ParentRunner.java:71)
	at org.junit.runners.ParentRunner.runChildren(ParentRunner.java:288)
	at org.junit.runners.ParentRunner.access$000(ParentRunner.java:58)
	at org.junit.runners.ParentRunner$2.evaluate(ParentRunner.java:268)
	at org.junit.runners.ParentRunner.run(ParentRunner.java:363)
	at org.apache.maven.surefire.junit4.JUnit4Provider.execute(JUnit4Provider.java:252)
	at org.apache.maven.surefire.junit4.JUnit4Provider.executeTestSet(JUnit4Provider.java:141)
	at org.apache.maven.surefire.junit4.JUnit4Provider.invoke(JUnit4Provider.java:112)
	at java.base/jdk.internal.reflect.NativeMethodAccessorImpl.invoke0(Native Method)
	at java.base/jdk.internal.reflect.NativeMethodAccessorImpl.invoke(NativeMethodAccessorImpl.java:62)
	at java.base/jdk.internal.reflect.DelegatingMethodAccessorImpl.invoke(DelegatingMethodAccessorImpl.java:43)
	at java.base/java.lang.reflect.Method.invoke(Method.java:566)
	at org.apache.maven.surefire.util.ReflectionUtils.invokeMethodWithArray(ReflectionUtils.java:189)
	at org.apache.maven.surefire.booter.ProviderFactory$ProviderProxy.invoke(ProviderFactory.java:165)
	at org.apache.maven.surefire.booter.ProviderFactory.invokeProvider(ProviderFactory.java:85)
	at org.apache.maven.surefire.booter.ForkedBooter.runSuitesInProcess(ForkedBooter.java:115)
	at org.apache.maven.surefire.booter.ForkedBooter.main(ForkedBooter.java:75)
Caused by: java.net.SocketException: Unexpected end of file from server
	at java.base/sun.net.www.http.HttpClient.parseHTTPHeader(HttpClient.java:899)
	at java.base/sun.net.www.http.HttpClient.parseHTTP(HttpClient.java:722)
	at java.base/sun.net.www.http.HttpClient.parseHTTPHeader(HttpClient.java:896)
	at java.base/sun.net.www.http.HttpClient.parseHTTP(HttpClient.java:722)
	at java.base/sun.net.www.protocol.http.HttpURLConnection.getInputStream0(HttpURLConnection.java:1615)
	at java.base/sun.net.www.protocol.http.HttpURLConnection.getInputStream(HttpURLConnection.java:1520)
	at java.base/java.net.HttpURLConnection.getResponseCode(HttpURLConnection.java:527)
	at org.glassfish.jersey.client.internal.HttpUrlConnector._apply(HttpUrlConnector.java:374)
	at org.glassfish.jersey.client.internal.HttpUrlConnector.apply(HttpUrlConnector.java:259)
	... 43 more

restrictsAccessToResources(org.pac4j.dropwizard.e2e.EndToEndServletTest)  Time elapsed: 0.128 sec  <<< ERROR!
java.lang.RuntimeException: MultiException[java.lang.AbstractMethodError: Receiver class org.eclipse.jetty.server.AllowedResourceAliasChecker$AllowedResourceAliasCheckListener does not define or inherit an implementation of the resolved method 'abstract void lifeCycleFailure(org.eclipse.jetty.util.component.LifeCycle, java.lang.Throwable)' of interface org.eclipse.jetty.util.component.LifeCycle$Listener., java.lang.AbstractMethodError: Receiver class org.eclipse.jetty.server.AllowedResourceAliasChecker$AllowedResourceAliasCheckListener does not define or inherit an implementation of the resolved method 'abstract void lifeCycleFailure(org.eclipse.jetty.util.component.LifeCycle, java.lang.Throwable)' of interface org.eclipse.jetty.util.component.LifeCycle$Listener.]
	at io.dropwizard.testing.DropwizardTestSupport.stopIfRequired(DropwizardTestSupport.java:257)
	at io.dropwizard.testing.DropwizardTestSupport.after(DropwizardTestSupport.java:237)
	at org.pac4j.dropwizard.AbstractApplicationTest.tearDown(AbstractApplicationTest.java:36)
	at java.base/jdk.internal.reflect.NativeMethodAccessorImpl.invoke0(Native Method)
	at java.base/jdk.internal.reflect.NativeMethodAccessorImpl.invoke(NativeMethodAccessorImpl.java:62)
	at java.base/jdk.internal.reflect.DelegatingMethodAccessorImpl.invoke(DelegatingMethodAccessorImpl.java:43)
	at java.base/java.lang.reflect.Method.invoke(Method.java:566)
	at org.junit.runners.model.FrameworkMethod$1.runReflectiveCall(FrameworkMethod.java:50)
	at org.junit.internal.runners.model.ReflectiveCallable.run(ReflectiveCallable.java:12)
	at org.junit.runners.model.FrameworkMethod.invokeExplosively(FrameworkMethod.java:47)
	at org.junit.internal.runners.statements.RunAfters.evaluate(RunAfters.java:33)
	at org.junit.runners.ParentRunner.runLeaf(ParentRunner.java:325)
	at org.junit.runners.BlockJUnit4ClassRunner.runChild(BlockJUnit4ClassRunner.java:78)
	at org.junit.runners.BlockJUnit4ClassRunner.runChild(BlockJUnit4ClassRunner.java:57)
	at org.junit.runners.ParentRunner$3.run(ParentRunner.java:290)
	at org.junit.runners.ParentRunner$1.schedule(ParentRunner.java:71)
	at org.junit.runners.ParentRunner.runChildren(ParentRunner.java:288)
	at org.junit.runners.ParentRunner.access$000(ParentRunner.java:58)
	at org.junit.runners.ParentRunner$2.evaluate(ParentRunner.java:268)
	at org.junit.runners.ParentRunner.run(ParentRunner.java:363)
	at org.apache.maven.surefire.junit4.JUnit4Provider.execute(JUnit4Provider.java:252)
	at org.apache.maven.surefire.junit4.JUnit4Provider.executeTestSet(JUnit4Provider.java:141)
	at org.apache.maven.surefire.junit4.JUnit4Provider.invoke(JUnit4Provider.java:112)
	at java.base/jdk.internal.reflect.NativeMethodAccessorImpl.invoke0(Native Method)
	at java.base/jdk.internal.reflect.NativeMethodAccessorImpl.invoke(NativeMethodAccessorImpl.java:62)
	at java.base/jdk.internal.reflect.DelegatingMethodAccessorImpl.invoke(DelegatingMethodAccessorImpl.java:43)
	at java.base/java.lang.reflect.Method.invoke(Method.java:566)
	at org.apache.maven.surefire.util.ReflectionUtils.invokeMethodWithArray(ReflectionUtils.java:189)
	at org.apache.maven.surefire.booter.ProviderFactory$ProviderProxy.invoke(ProviderFactory.java:165)
	at org.apache.maven.surefire.booter.ProviderFactory.invokeProvider(ProviderFactory.java:85)
	at org.apache.maven.surefire.booter.ForkedBooter.runSuitesInProcess(ForkedBooter.java:115)
	at org.apache.maven.surefire.booter.ForkedBooter.main(ForkedBooter.java:75)
Caused by: MultiException[java.lang.AbstractMethodError: Receiver class org.eclipse.jetty.server.AllowedResourceAliasChecker$AllowedResourceAliasCheckListener does not define or inherit an implementation of the resolved method 'abstract void lifeCycleFailure(org.eclipse.jetty.util.component.LifeCycle, java.lang.Throwable)' of interface org.eclipse.jetty.util.component.LifeCycle$Listener., java.lang.AbstractMethodError: Receiver class org.eclipse.jetty.server.AllowedResourceAliasChecker$AllowedResourceAliasCheckListener does not define or inherit an implementation of the resolved method 'abstract void lifeCycleFailure(org.eclipse.jetty.util.component.LifeCycle, java.lang.Throwable)' of interface org.eclipse.jetty.util.component.LifeCycle$Listener.]
	at org.eclipse.jetty.util.MultiException.ifExceptionThrow(MultiException.java:122)
	at org.eclipse.jetty.server.Server.doStop(Server.java:484)
	at org.eclipse.jetty.util.component.AbstractLifeCycle.stop(AbstractLifeCycle.java:94)
	at io.dropwizard.testing.DropwizardTestSupport.stopIfRequired(DropwizardTestSupport.java:252)
	... 31 more
	Suppressed: java.lang.AbstractMethodError: Receiver class org.eclipse.jetty.server.AllowedResourceAliasChecker$AllowedResourceAliasCheckListener does not define or inherit an implementation of the resolved method 'abstract void lifeCycleFailure(org.eclipse.jetty.util.component.LifeCycle, java.lang.Throwable)' of interface org.eclipse.jetty.util.component.LifeCycle$Listener.
		at org.eclipse.jetty.util.component.AbstractLifeCycle.setFailed(AbstractLifeCycle.java:238)
		at org.eclipse.jetty.util.component.AbstractLifeCycle.stop(AbstractLifeCycle.java:99)
		at org.eclipse.jetty.util.component.ContainerLifeCycle.stop(ContainerLifeCycle.java:180)
		at org.eclipse.jetty.util.component.ContainerLifeCycle.doStop(ContainerLifeCycle.java:201)
		at org.eclipse.jetty.server.handler.AbstractHandler.doStop(AbstractHandler.java:108)
		at org.eclipse.jetty.util.component.AbstractLifeCycle.stop(AbstractLifeCycle.java:94)
		at org.eclipse.jetty.util.component.ContainerLifeCycle.stop(ContainerLifeCycle.java:180)
		at org.eclipse.jetty.util.component.ContainerLifeCycle.doStop(ContainerLifeCycle.java:201)
		at org.eclipse.jetty.server.handler.AbstractHandler.doStop(AbstractHandler.java:108)
		at org.eclipse.jetty.util.component.AbstractLifeCycle.stop(AbstractLifeCycle.java:94)
		at org.eclipse.jetty.util.component.ContainerLifeCycle.stop(ContainerLifeCycle.java:180)
		at org.eclipse.jetty.util.component.ContainerLifeCycle.doStop(ContainerLifeCycle.java:201)
		at org.eclipse.jetty.server.handler.AbstractHandler.doStop(AbstractHandler.java:108)
		at org.eclipse.jetty.util.component.AbstractLifeCycle.stop(AbstractLifeCycle.java:94)
		at org.eclipse.jetty.util.component.ContainerLifeCycle.stop(ContainerLifeCycle.java:180)
		at org.eclipse.jetty.util.component.ContainerLifeCycle.doStop(ContainerLifeCycle.java:201)
		at org.eclipse.jetty.server.handler.AbstractHandler.doStop(AbstractHandler.java:108)
		at org.eclipse.jetty.server.handler.StatisticsHandler.doStop(StatisticsHandler.java:272)
		at org.eclipse.jetty.util.component.AbstractLifeCycle.stop(AbstractLifeCycle.java:94)
		at org.eclipse.jetty.util.component.ContainerLifeCycle.stop(ContainerLifeCycle.java:180)
		at org.eclipse.jetty.util.component.ContainerLifeCycle.doStop(ContainerLifeCycle.java:201)
		at org.eclipse.jetty.server.handler.AbstractHandler.doStop(AbstractHandler.java:108)
		at org.eclipse.jetty.server.Server.doStop(Server.java:470)
		... 33 more
	Suppressed: java.lang.AbstractMethodError: Receiver class org.eclipse.jetty.server.AllowedResourceAliasChecker$AllowedResourceAliasCheckListener does not define or inherit an implementation of the resolved method 'abstract void lifeCycleFailure(org.eclipse.jetty.util.component.LifeCycle, java.lang.Throwable)' of interface org.eclipse.jetty.util.component.LifeCycle$Listener.
		at org.eclipse.jetty.util.component.AbstractLifeCycle.setFailed(AbstractLifeCycle.java:238)
		at org.eclipse.jetty.util.component.AbstractLifeCycle.stop(AbstractLifeCycle.java:99)
		at org.eclipse.jetty.util.component.ContainerLifeCycle.stop(ContainerLifeCycle.java:180)
		at org.eclipse.jetty.util.component.ContainerLifeCycle.doStop(ContainerLifeCycle.java:201)
		at org.eclipse.jetty.server.handler.AbstractHandler.doStop(AbstractHandler.java:108)
		at com.codahale.metrics.jetty9.InstrumentedHandler.doStop(InstrumentedHandler.java:285)
		at org.eclipse.jetty.util.component.AbstractLifeCycle.stop(AbstractLifeCycle.java:94)
		at org.eclipse.jetty.util.component.ContainerLifeCycle.stop(ContainerLifeCycle.java:180)
		at org.eclipse.jetty.util.component.ContainerLifeCycle.doStop(ContainerLifeCycle.java:201)
		at org.eclipse.jetty.server.handler.AbstractHandler.doStop(AbstractHandler.java:108)
		at org.eclipse.jetty.util.component.AbstractLifeCycle.stop(AbstractLifeCycle.java:94)
		at org.eclipse.jetty.util.component.ContainerLifeCycle.stop(ContainerLifeCycle.java:180)
		at org.eclipse.jetty.util.component.ContainerLifeCycle.doStop(ContainerLifeCycle.java:201)
		at org.eclipse.jetty.server.handler.AbstractHandler.doStop(AbstractHandler.java:108)
		at org.eclipse.jetty.util.component.AbstractLifeCycle.stop(AbstractLifeCycle.java:94)
		at org.eclipse.jetty.util.component.ContainerLifeCycle.stop(ContainerLifeCycle.java:180)
		at org.eclipse.jetty.util.component.ContainerLifeCycle.doStop(ContainerLifeCycle.java:201)
		at org.eclipse.jetty.server.handler.AbstractHandler.doStop(AbstractHandler.java:108)
		at org.eclipse.jetty.util.component.AbstractLifeCycle.stop(AbstractLifeCycle.java:94)
		at org.eclipse.jetty.util.component.ContainerLifeCycle.stop(ContainerLifeCycle.java:180)
		at org.eclipse.jetty.util.component.ContainerLifeCycle.doStop(ContainerLifeCycle.java:201)
		at org.eclipse.jetty.server.handler.AbstractHandler.doStop(AbstractHandler.java:108)
		at org.eclipse.jetty.server.handler.StatisticsHandler.doStop(StatisticsHandler.java:272)
		at org.eclipse.jetty.util.component.AbstractLifeCycle.stop(AbstractLifeCycle.java:94)
		at org.eclipse.jetty.util.component.ContainerLifeCycle.stop(ContainerLifeCycle.java:180)
		at org.eclipse.jetty.util.component.ContainerLifeCycle.doStop(ContainerLifeCycle.java:201)
		at org.eclipse.jetty.server.handler.AbstractHandler.doStop(AbstractHandler.java:108)
		at org.eclipse.jetty.server.Server.doStop(Server.java:470)
		... 33 more
Caused by: [CIRCULAR REFERENCE: java.lang.AbstractMethodError: Receiver class org.eclipse.jetty.server.AllowedResourceAliasChecker$AllowedResourceAliasCheckListener does not define or inherit an implementation of the resolved method 'abstract void lifeCycleFailure(org.eclipse.jetty.util.component.LifeCycle, java.lang.Throwable)' of interface org.eclipse.jetty.util.component.LifeCycle$Listener.]

Running org.pac4j.dropwizard.factory.DefaultConfigurationTest
WARN  [2023-02-11 23:23:13,919] org.pac4j.core.matching.matcher.PathMatcher: Be careful when using the 'excludeBranch' or 'excludeRegex' methods. They use regular expressions and their definitions may be error prone. You could exclude more URLs than expected.
INFO  [2023-02-11 23:23:13,938] org.pac4j.core.config.ConfigBuilder: Build the configuration from factory: org.pac4j.dropwizard.factory.FakeConfigFactory
Tests run: 6, Failures: 0, Errors: 0, Skipped: 0, Time elapsed: 0.432 sec

Results :

Tests in error: 
  emptyPac4jInConfig(org.pac4j.dropwizard.bundle.BundleFactoryTest): MultiException[java.lang.AbstractMethodError: Receiver class org.eclipse.jetty.server.AllowedResourceAliasChecker$AllowedResourceAliasCheckListener does not define or inherit an implementation of the resolved method 'abstract void lifeCycleFailure(org.eclipse.jetty.util.component.LifeCycle, java.lang.Throwable)' of interface org.eclipse.jetty.util.component.LifeCycle$Listener., java.lang.AbstractMethodError: Receiver class org.eclipse.jetty.server.AllowedResourceAliasChecker$AllowedResourceAliasCheckListener does not define or inherit an implementation of the resolved method 'abstract void lifeCycleFailure(org.eclipse.jetty.util.component.LifeCycle, java.lang.Throwable)' of interface org.eclipse.jetty.util.component.LifeCycle$Listener.]
  sessiondisabledForced(org.pac4j.dropwizard.bundle.BundleFactoryTest): MultiException[java.lang.AbstractMethodError: Receiver class org.eclipse.jetty.server.AllowedResourceAliasChecker$AllowedResourceAliasCheckListener does not define or inherit an implementation of the resolved method 'abstract void lifeCycleFailure(org.eclipse.jetty.util.component.LifeCycle, java.lang.Throwable)' of interface org.eclipse.jetty.util.component.LifeCycle$Listener., java.lang.AbstractMethodError: Receiver class org.eclipse.jetty.server.AllowedResourceAliasChecker$AllowedResourceAliasCheckListener does not define or inherit an implementation of the resolved method 'abstract void lifeCycleFailure(org.eclipse.jetty.util.component.LifeCycle, java.lang.Throwable)' of interface org.eclipse.jetty.util.component.LifeCycle$Listener.]
  noPac4jInConfig(org.pac4j.dropwizard.bundle.BundleFactoryTest): MultiException[java.lang.AbstractMethodError: Receiver class org.eclipse.jetty.server.AllowedResourceAliasChecker$AllowedResourceAliasCheckListener does not define or inherit an implementation of the resolved method 'abstract void lifeCycleFailure(org.eclipse.jetty.util.component.LifeCycle, java.lang.Throwable)' of interface org.eclipse.jetty.util.component.LifeCycle$Listener., java.lang.AbstractMethodError: Receiver class org.eclipse.jetty.server.AllowedResourceAliasChecker$AllowedResourceAliasCheckListener does not define or inherit an implementation of the resolved method 'abstract void lifeCycleFailure(org.eclipse.jetty.util.component.LifeCycle, java.lang.Throwable)' of interface org.eclipse.jetty.util.component.LifeCycle$Listener.]
  sessionEnabledForced(org.pac4j.dropwizard.bundle.BundleFactoryTest): MultiException[java.lang.AbstractMethodError: Receiver class org.eclipse.jetty.server.AllowedResourceAliasChecker$AllowedResourceAliasCheckListener does not define or inherit an implementation of the resolved method 'abstract void lifeCycleFailure(org.eclipse.jetty.util.component.LifeCycle, java.lang.Throwable)' of interface org.eclipse.jetty.util.component.LifeCycle$Listener., java.lang.AbstractMethodError: Receiver class org.eclipse.jetty.server.AllowedResourceAliasChecker$AllowedResourceAliasCheckListener does not define or inherit an implementation of the resolved method 'abstract void lifeCycleFailure(org.eclipse.jetty.util.component.LifeCycle, java.lang.Throwable)' of interface org.eclipse.jetty.util.component.LifeCycle$Listener.]
  grantsAccessToResources(org.pac4j.dropwizard.e2e.EndToEndTest): java.net.SocketException: Unexpected end of file from server
  grantsAccessToResources(org.pac4j.dropwizard.e2e.EndToEndTest): MultiException[java.lang.AbstractMethodError: Receiver class org.eclipse.jetty.server.AllowedResourceAliasChecker$AllowedResourceAliasCheckListener does not define or inherit an implementation of the resolved method 'abstract void lifeCycleFailure(org.eclipse.jetty.util.component.LifeCycle, java.lang.Throwable)' of interface org.eclipse.jetty.util.component.LifeCycle$Listener., java.lang.AbstractMethodError: Receiver class org.eclipse.jetty.server.AllowedResourceAliasChecker$AllowedResourceAliasCheckListener does not define or inherit an implementation of the resolved method 'abstract void lifeCycleFailure(org.eclipse.jetty.util.component.LifeCycle, java.lang.Throwable)' of interface org.eclipse.jetty.util.component.LifeCycle$Listener.]
  grantsAccessToResourcesForm(org.pac4j.dropwizard.e2e.EndToEndTest): java.net.SocketException: Unexpected end of file from server
  grantsAccessToResourcesForm(org.pac4j.dropwizard.e2e.EndToEndTest): MultiException[java.lang.AbstractMethodError: Receiver class org.eclipse.jetty.server.AllowedResourceAliasChecker$AllowedResourceAliasCheckListener does not define or inherit an implementation of the resolved method 'abstract void lifeCycleFailure(org.eclipse.jetty.util.component.LifeCycle, java.lang.Throwable)' of interface org.eclipse.jetty.util.component.LifeCycle$Listener., java.lang.AbstractMethodError: Receiver class org.eclipse.jetty.server.AllowedResourceAliasChecker$AllowedResourceAliasCheckListener does not define or inherit an implementation of the resolved method 'abstract void lifeCycleFailure(org.eclipse.jetty.util.component.LifeCycle, java.lang.Throwable)' of interface org.eclipse.jetty.util.component.LifeCycle$Listener.]
  restrictsAccessToResources(org.pac4j.dropwizard.e2e.EndToEndTest): java.net.SocketException: Unexpected end of file from server
  restrictsAccessToResources(org.pac4j.dropwizard.e2e.EndToEndTest): MultiException[java.lang.AbstractMethodError: Receiver class org.eclipse.jetty.server.AllowedResourceAliasChecker$AllowedResourceAliasCheckListener does not define or inherit an implementation of the resolved method 'abstract void lifeCycleFailure(org.eclipse.jetty.util.component.LifeCycle, java.lang.Throwable)' of interface org.eclipse.jetty.util.component.LifeCycle$Listener., java.lang.AbstractMethodError: Receiver class org.eclipse.jetty.server.AllowedResourceAliasChecker$AllowedResourceAliasCheckListener does not define or inherit an implementation of the resolved method 'abstract void lifeCycleFailure(org.eclipse.jetty.util.component.LifeCycle, java.lang.Throwable)' of interface org.eclipse.jetty.util.component.LifeCycle$Listener.]
  grantsAccessToResources(org.pac4j.dropwizard.e2e.EndToEndServletTest): java.net.SocketException: Unexpected end of file from server
  grantsAccessToResources(org.pac4j.dropwizard.e2e.EndToEndServletTest): MultiException[java.lang.AbstractMethodError: Receiver class org.eclipse.jetty.server.AllowedResourceAliasChecker$AllowedResourceAliasCheckListener does not define or inherit an implementation of the resolved method 'abstract void lifeCycleFailure(org.eclipse.jetty.util.component.LifeCycle, java.lang.Throwable)' of interface org.eclipse.jetty.util.component.LifeCycle$Listener., java.lang.AbstractMethodError: Receiver class org.eclipse.jetty.server.AllowedResourceAliasChecker$AllowedResourceAliasCheckListener does not define or inherit an implementation of the resolved method 'abstract void lifeCycleFailure(org.eclipse.jetty.util.component.LifeCycle, java.lang.Throwable)' of interface org.eclipse.jetty.util.component.LifeCycle$Listener.]
  grantsAccessToResourcesForm(org.pac4j.dropwizard.e2e.EndToEndServletTest): java.net.SocketException: Unexpected end of file from server
  grantsAccessToResourcesForm(org.pac4j.dropwizard.e2e.EndToEndServletTest): MultiException[java.lang.AbstractMethodError: Receiver class org.eclipse.jetty.server.AllowedResourceAliasChecker$AllowedResourceAliasCheckListener does not define or inherit an implementation of the resolved method 'abstract void lifeCycleFailure(org.eclipse.jetty.util.component.LifeCycle, java.lang.Throwable)' of interface org.eclipse.jetty.util.component.LifeCycle$Listener., java.lang.AbstractMethodError: Receiver class org.eclipse.jetty.server.AllowedResourceAliasChecker$AllowedResourceAliasCheckListener does not define or inherit an implementation of the resolved method 'abstract void lifeCycleFailure(org.eclipse.jetty.util.component.LifeCycle, java.lang.Throwable)' of interface org.eclipse.jetty.util.component.LifeCycle$Listener.]
  restrictsAccessToResources(org.pac4j.dropwizard.e2e.EndToEndServletTest): java.net.SocketException: Unexpected end of file from server
  restrictsAccessToResources(org.pac4j.dropwizard.e2e.EndToEndServletTest): MultiException[java.lang.AbstractMethodError: Receiver class org.eclipse.jetty.server.AllowedResourceAliasChecker$AllowedResourceAliasCheckListener does not define or inherit an implementation of the resolved method 'abstract void lifeCycleFailure(org.eclipse.jetty.util.component.LifeCycle, java.lang.Throwable)' of interface org.eclipse.jetty.util.component.LifeCycle$Listener., java.lang.AbstractMethodError: Receiver class org.eclipse.jetty.server.AllowedResourceAliasChecker$AllowedResourceAliasCheckListener does not define or inherit an implementation of the resolved method 'abstract void lifeCycleFailure(org.eclipse.jetty.util.component.LifeCycle, java.lang.Throwable)' of interface org.eclipse.jetty.util.component.LifeCycle$Listener.]

Tests run: 22, Failures: 0, Errors: 16, Skipped: 0

[INFO] ------------------------------------------------------------------------
[INFO] BUILD FAILURE
[INFO] ------------------------------------------------------------------------
[INFO] Total time:  7.860 s
[INFO] Finished at: 2023-02-11T23:23:14Z
[INFO] ------------------------------------------------------------------------
[ERROR] Failed to execute goal org.apache.maven.plugins:maven-surefire-plugin:2.12.4:test (default-test) on project dropwizard-pac4j: There are test failures.
[ERROR] 
[ERROR] Please refer to /home/gabsko/breaking-updates/target/surefire-reports for the individual test results.
[ERROR] -> [Help 1]
[ERROR] 
[ERROR] To see the full stack trace of the errors, re-run Maven with the -e switch.
[ERROR] Re-run Maven using the -X switch to enable full debug logging.
[ERROR] 
[ERROR] For more information about the errors and possible solutions, please read the following articles:
[ERROR] [Help 1] http://cwiki.apache.org/confluence/display/MAVEN/MojoFailureException
